c RoundingSat 2
c branch 
c commit 
c #variables 2250 #constraints 5121
c bounds - >= -3000 @ 0.020272
c bounds 0 >= -3000 @ 0.021216
c bounds 0 >= -2988 @ 0.02139
c bounds 0 >= -2976 @ 0.02139
c bounds 0 >= -2964 @ 0.02139
c bounds 0 >= -2952 @ 0.02139
c bounds 0 >= -2940 @ 0.02139
c bounds 0 >= -2928 @ 0.02139
c bounds 0 >= -2916 @ 0.02139
c bounds 0 >= -2904 @ 0.021426
c bounds 0 >= -2892 @ 0.021524
c bounds 0 >= -2880 @ 0.021634
c bounds 0 >= -2868 @ 0.021746
c bounds 0 >= -2856 @ 0.021859
c bounds 0 >= -2844 @ 0.021969
c bounds 0 >= -2832 @ 0.02208
c bounds 0 >= -2820 @ 0.022191
c bounds 0 >= -2808 @ 0.022301
c bounds 0 >= -2796 @ 0.022416
c bounds 0 >= -2784 @ 0.022528
c bounds 0 >= -2772 @ 0.022639
c bounds 0 >= -2760 @ 0.02275
c bounds 0 >= -2748 @ 0.022862
c bounds 0 >= -2736 @ 0.022971
c bounds 0 >= -2724 @ 0.023081
c bounds 0 >= -2712 @ 0.023191
c bounds 0 >= -2700 @ 0.023301
c bounds 0 >= -2688 @ 0.023412
c bounds 0 >= -2676 @ 0.023523
c bounds 0 >= -2664 @ 0.023632
c bounds 0 >= -2652 @ 0.023743
c bounds 0 >= -2640 @ 0.023853
c bounds 0 >= -2628 @ 0.02397
c bounds 0 >= -2616 @ 0.024078
c bounds 0 >= -2604 @ 0.024185
c bounds 0 >= -2592 @ 0.024291
c bounds 0 >= -2580 @ 0.0244
c bounds 0 >= -2568 @ 0.024507
c bounds 0 >= -2556 @ 0.024614
c bounds 0 >= -2544 @ 0.024721
c bounds 0 >= -2532 @ 0.024827
c bounds 0 >= -2520 @ 0.024935
c bounds 0 >= -2508 @ 0.025039
c bounds 0 >= -2496 @ 0.025147
c bounds 0 >= -2484 @ 0.025256
c bounds 0 >= -2472 @ 0.025361
c bounds 0 >= -2460 @ 0.025469
c bounds 0 >= -2448 @ 0.025572
c bounds 0 >= -2436 @ 0.025677
c bounds 0 >= -2424 @ 0.025782
c bounds 0 >= -2412 @ 0.025889
c bounds 0 >= -2400 @ 0.025993
c bounds 0 >= -2388 @ 0.026097
c bounds 0 >= -2376 @ 0.0262
c bounds 0 >= -2364 @ 0.026304
c bounds 0 >= -2352 @ 0.026413
c bounds 0 >= -2340 @ 0.026519
c bounds 0 >= -2328 @ 0.026623
c bounds 0 >= -2316 @ 0.026727
c bounds 0 >= -2304 @ 0.02683
c bounds 0 >= -2292 @ 0.026935
c bounds 0 >= -2280 @ 0.027038
c bounds 0 >= -2268 @ 0.027141
c bounds 0 >= -2256 @ 0.027251
c bounds 0 >= -2244 @ 0.027361
c bounds 0 >= -2232 @ 0.027468
c bounds 0 >= -2220 @ 0.027572
c bounds 0 >= -2208 @ 0.027675
c bounds 0 >= -2196 @ 0.027778
c bounds 0 >= -2184 @ 0.027884
c bounds 0 >= -2172 @ 0.027985
c bounds 0 >= -2160 @ 0.028089
c bounds 0 >= -2148 @ 0.028192
c bounds 0 >= -2136 @ 0.028296
c bounds 0 >= -2124 @ 0.028401
c bounds 0 >= -2112 @ 0.02851
c bounds 0 >= -2100 @ 0.028614
c bounds 0 >= -2088 @ 0.028715
c bounds 0 >= -2076 @ 0.028862
c bounds 0 >= -2064 @ 0.028964
c bounds 0 >= -2052 @ 0.029068
c bounds 0 >= -2040 @ 0.029169
c bounds 0 >= -2028 @ 0.029272
c bounds 0 >= -2016 @ 0.029374
c bounds 0 >= -2004 @ 0.029477
c bounds 0 >= -1992 @ 0.029577
c bounds 0 >= -1980 @ 0.02968
c bounds 0 >= -1968 @ 0.029781
c bounds 0 >= -1956 @ 0.029884
c bounds 0 >= -1944 @ 0.029983
c bounds 0 >= -1932 @ 0.030085
c bounds 0 >= -1920 @ 0.030204
c bounds 0 >= -1908 @ 0.03034
c bounds 0 >= -1896 @ 0.030466
c bounds 0 >= -1884 @ 0.030576
c bounds 0 >= -1872 @ 0.030679
c bounds 0 >= -1860 @ 0.030815
c bounds 0 >= -1848 @ 0.030933
c bounds 0 >= -1836 @ 0.031045
c bounds 0 >= -1824 @ 0.031149
c bounds 0 >= -1812 @ 0.031252
c bounds 0 >= -1800 @ 0.031357
c bounds 0 >= -1788 @ 0.031464
c bounds 0 >= -1776 @ 0.031567
c bounds 0 >= -1764 @ 0.031731
c bounds 0 >= -1752 @ 0.031859
c bounds 0 >= -1740 @ 0.031971
c bounds 0 >= -1728 @ 0.032077
c bounds 0 >= -1716 @ 0.032179
c bounds 0 >= -1704 @ 0.032284
c bounds 0 >= -1692 @ 0.032386
c bounds 0 >= -1680 @ 0.032492
c bounds 0 >= -1668 @ 0.032597
c bounds 0 >= -1656 @ 0.032702
c bounds 0 >= -1644 @ 0.032811
c bounds 0 >= -1632 @ 0.032915
c bounds 0 >= -1620 @ 0.033018
c bounds 0 >= -1608 @ 0.033119
c bounds 0 >= -1596 @ 0.033223
c bounds 0 >= -1584 @ 0.033328
c bounds 0 >= -1572 @ 0.033361
c bounds 0 >= -1560 @ 0.033361
c bounds 0 >= -1548 @ 0.033361
c bounds 0 >= -1536 @ 0.033361
c bounds 0 >= -1524 @ 0.033361
c bounds 0 >= -1512 @ 0.033361
c bounds 0 >= -1500 @ 0.033361
c bounds 0 >= -1488 @ 0.033361
c bounds 0 >= -1476 @ 0.033438
c bounds 0 >= -1464 @ 0.033541
c bounds 0 >= -1452 @ 0.033644
c bounds 0 >= -1440 @ 0.033742
c bounds 0 >= -1428 @ 0.033845
c bounds 0 >= -1416 @ 0.033954
c bounds 0 >= -1404 @ 0.034057
c bounds 0 >= -1392 @ 0.034155
c bounds 0 >= -1380 @ 0.034254
c bounds 0 >= -1368 @ 0.034354
c bounds 0 >= -1356 @ 0.034452
c bounds 0 >= -1344 @ 0.034555
c bounds 0 >= -1332 @ 0.034656
c bounds 0 >= -1320 @ 0.034754
c bounds 0 >= -1308 @ 0.034849
c bounds 0 >= -1296 @ 0.03495
c bounds 0 >= -1284 @ 0.035046
c bounds 0 >= -1272 @ 0.035143
c bounds 0 >= -1260 @ 0.035241
c bounds 0 >= -1248 @ 0.035341
c bounds 0 >= -1236 @ 0.035437
c bounds 0 >= -1224 @ 0.035537
c bounds 0 >= -1212 @ 0.035637
c bounds 0 >= -1200 @ 0.035734
c bounds -780 >= -1200 @ 0.041208
c #Conflicts:       1000 | #Constraints:       6572
c bounds -782 >= -1200 @ 0.70656
c bounds -782 >= -1198 @ 0.707151
c bounds -782 >= -1196 @ 0.707563
c bounds -782 >= -1194 @ 0.70798
c bounds -782 >= -1192 @ 0.708388
c bounds -782 >= -1190 @ 0.708799
c bounds -782 >= -1188 @ 0.709237
c bounds -782 >= -1186 @ 0.709661
c bounds -782 >= -1184 @ 0.710105
c bounds -782 >= -1182 @ 0.710547
c bounds -782 >= -1180 @ 0.710955
c bounds -782 >= -1178 @ 0.7114
c bounds -782 >= -1176 @ 0.711811
c bounds -782 >= -1174 @ 0.712037
c bounds -782 >= -1172 @ 0.712037
c bounds -782 >= -1170 @ 0.712115
c bounds -782 >= -1168 @ 0.712522
c bounds -782 >= -1166 @ 0.71291
c bounds -782 >= -1164 @ 0.713033
c bounds -782 >= -1162 @ 0.713033
c bounds -782 >= -1160 @ 0.713033
c bounds -782 >= -1158 @ 0.713033
c bounds -782 >= -1156 @ 0.71313
c bounds -782 >= -1154 @ 0.713581
c bounds -782 >= -1152 @ 0.71401
c bounds -782 >= -1150 @ 0.714429
c bounds -782 >= -1148 @ 0.714835
c bounds -782 >= -1146 @ 0.715282
c bounds -782 >= -1144 @ 0.715727
c bounds -782 >= -1142 @ 0.716021
c bounds -782 >= -1140 @ 0.716021
c bounds -782 >= -1138 @ 0.716021
c bounds -782 >= -1136 @ 0.716021
c bounds -782 >= -1134 @ 0.716021
c bounds -782 >= -1132 @ 0.716288
c bounds -782 >= -1130 @ 0.716699
c bounds -782 >= -1128 @ 0.717124
c bounds -782 >= -1126 @ 0.717572
c bounds -782 >= -1124 @ 0.717981
c bounds -782 >= -1122 @ 0.718391
c bounds -782 >= -1120 @ 0.718837
c bounds -782 >= -1118 @ 0.719283
c bounds -782 >= -1116 @ 0.719699
c bounds -782 >= -1114 @ 0.72014
c bounds -782 >= -1112 @ 0.720581
c bounds -782 >= -1110 @ 0.721042
c bounds -782 >= -1108 @ 0.721484
c bounds -782 >= -1106 @ 0.721911
c bounds -782 >= -1104 @ 0.722328
c bounds -782 >= -1102 @ 0.722758
c bounds -782 >= -1100 @ 0.723188
c bounds -782 >= -1098 @ 0.723632
c bounds -782 >= -1096 @ 0.724045
c bounds -782 >= -1094 @ 0.724454
c bounds -782 >= -1092 @ 0.724895
c bounds -782 >= -1090 @ 0.724986
c bounds -782 >= -1088 @ 0.724986
c bounds -782 >= -1086 @ 0.725196
c bounds -782 >= -1084 @ 0.725611
c bounds -782 >= -1082 @ 0.726062
c bounds -782 >= -1080 @ 0.726502
c bounds -782 >= -1078 @ 0.726934
c bounds -782 >= -1076 @ 0.72738
c bounds -782 >= -1074 @ 0.7278
c bounds -782 >= -1072 @ 0.728258
c bounds -782 >= -1070 @ 0.728672
c bounds -782 >= -1068 @ 0.728971
c bounds -782 >= -1066 @ 0.728971
c bounds -782 >= -1064 @ 0.728971
c bounds -782 >= -1062 @ 0.729335
c bounds -782 >= -1060 @ 0.729747
c bounds -782 >= -1058 @ 0.729965
c bounds -782 >= -1056 @ 0.729965
c bounds -782 >= -1054 @ 0.730042
c bounds -782 >= -1052 @ 0.730463
c bounds -782 >= -1050 @ 0.73084
c bounds -782 >= -1048 @ 0.731298
c bounds -782 >= -1046 @ 0.731711
c bounds -782 >= -1044 @ 0.73212
c bounds -782 >= -1042 @ 0.732574
c bounds -782 >= -1040 @ 0.733013
c bounds -782 >= -1038 @ 0.73347
c bounds -782 >= -1036 @ 0.733879
c bounds -782 >= -1034 @ 0.734311
c bounds -782 >= -1032 @ 0.734716
c bounds -782 >= -1030 @ 0.734946
c bounds -782 >= -1028 @ 0.734946
c bounds -782 >= -1026 @ 0.735028
c bounds -782 >= -1024 @ 0.735459
c bounds -782 >= -1022 @ 0.735884
c bounds -782 >= -1020 @ 0.735941
c bounds -782 >= -1018 @ 0.735941
c bounds -782 >= -1016 @ 0.735941
c bounds -782 >= -1014 @ 0.735941
c bounds -782 >= -1012 @ 0.736037
c bounds -782 >= -1010 @ 0.736439
c bounds -782 >= -1008 @ 0.736876
c bounds -782 >= -1006 @ 0.736937
c bounds -782 >= -1004 @ 0.736937
c bounds -782 >= -1002 @ 0.736937
c bounds -782 >= -1000 @ 0.736937
c bounds -782 >= -998 @ 0.736937
c bounds -782 >= -996 @ 0.736937
c bounds -782 >= -994 @ 0.736937
c bounds -782 >= -992 @ 0.736937
c bounds -782 >= -990 @ 0.736937
c bounds -782 >= -988 @ 0.737076
c bounds -782 >= -986 @ 0.737508
c bounds -782 >= -984 @ 0.737865
c bounds -782 >= -982 @ 0.737865
c bounds -782 >= -980 @ 0.737865
c bounds -782 >= -978 @ 0.737929
c bounds -782 >= -976 @ 0.737929
c bounds -782 >= -974 @ 0.738136
c bounds -782 >= -972 @ 0.738573
c bounds -782 >= -970 @ 0.738981
c bounds -782 >= -968 @ 0.739407
c bounds -782 >= -966 @ 0.739822
c bounds -782 >= -964 @ 0.740253
c bounds -782 >= -962 @ 0.740704
c bounds -782 >= -960 @ 0.740915
c bounds -782 >= -958 @ 0.740915
c bounds -782 >= -956 @ 0.74111
c bounds -782 >= -954 @ 0.741552
c bounds -782 >= -952 @ 0.741906
c bounds -782 >= -950 @ 0.741906
c bounds -782 >= -948 @ 0.741984
c bounds -782 >= -946 @ 0.742398
c bounds -782 >= -944 @ 0.742769
c bounds -782 >= -942 @ 0.743179
c bounds -782 >= -940 @ 0.74359
c bounds -782 >= -938 @ 0.744017
c bounds -782 >= -936 @ 0.744426
c bounds -782 >= -934 @ 0.744857
c bounds -782 >= -932 @ 0.744898
c bounds -782 >= -930 @ 0.744898
c bounds -782 >= -928 @ 0.745085
c bounds -782 >= -926 @ 0.745514
c bounds -782 >= -924 @ 0.745927
c bounds -782 >= -922 @ 0.746327
c bounds -782 >= -920 @ 0.746754
c bounds -782 >= -918 @ 0.746891
c bounds -782 >= -916 @ 0.746891
c bounds -782 >= -914 @ 0.746891
c bounds -782 >= -912 @ 0.746891
c bounds -782 >= -910 @ 0.746891
c bounds -782 >= -908 @ 0.747322
c bounds -782 >= -906 @ 0.747743
c bounds -782 >= -904 @ 0.748135
c bounds -782 >= -902 @ 0.748578
c bounds -782 >= -900 @ 0.748979
c bounds -782 >= -898 @ 0.756011
c bounds -782 >= -896 @ 0.760766
c bounds -782 >= -894 @ 0.766577
c bounds -782 >= -892 @ 0.783894
c bounds -782 >= -890 @ 0.791686
c #Conflicts:       2000 | #Constraints:       8059
c INPROCESSING
c GARBAGE COLLECT
c bounds -782 >= -888 @ 0.805355
c bounds -782 >= -886 @ 0.811581
c bounds -782 >= -884 @ 0.828757
c bounds -782 >= -882 @ 0.863864
c bounds -782 >= -880 @ 0.881984
c bounds -782 >= -878 @ 0.915619
c #Conflicts:       3000 | #Constraints:       7872
c bounds -782 >= -876 @ 0.976248
c bounds -782 >= -874 @ 1.10259
c #Conflicts:       4000 | #Constraints:       8917
c bounds -782 >= -872 @ 1.16412
c INPROCESSING
c GARBAGE COLLECT
c bounds -782 >= -870 @ 1.27342
c #Conflicts:       5000 | #Constraints:       8358
c bounds -782 >= -868 @ 1.47713
c bounds -782 >= -866 @ 1.48659
c bounds -782 >= -864 @ 1.48912
c bounds -782 >= -862 @ 1.4919
c bounds -782 >= -860 @ 1.4949
c #Conflicts:       6000 | #Constraints:       9400
c bounds -782 >= -858 @ 1.7676
c INPROCESSING
c GARBAGE COLLECT
c bounds -782 >= -856 @ 1.86769
c bounds -782 >= -854 @ 1.8706
c bounds -782 >= -852 @ 1.87193
c bounds -782 >= -850 @ 1.87466
c #Conflicts:       7000 | #Constraints:       8432
c bounds -782 >= -848 @ 1.87766
c bounds -782 >= -846 @ 1.88133
c bounds -782 >= -844 @ 1.88494
c bounds -782 >= -842 @ 1.88891
c bounds -782 >= -840 @ 1.89902
c bounds -782 >= -838 @ 1.90288
c bounds -782 >= -836 @ 1.90674
c bounds -782 >= -834 @ 1.90999
c bounds -782 >= -832 @ 1.9129
c bounds -782 >= -830 @ 1.91675
c bounds -782 >= -828 @ 1.9195
c bounds -782 >= -826 @ 1.92196
c bounds -782 >= -824 @ 1.93345
c #Conflicts:       8000 | #Constraints:       9471
c bounds -782 >= -822 @ 2.13662
c #Conflicts:       9000 | #Constraints:      10507
c #Conflicts:      10000 | #Constraints:      11507
c #Conflicts:      11000 | #Constraints:      12507
c #Conflicts:      12000 | #Constraints:      13507
c INPROCESSING
c GARBAGE COLLECT
c #Conflicts:      13000 | #Constraints:      10478
c #Conflicts:      14000 | #Constraints:      11478
c bounds -782 >= -820 @ 9.2708
c #Conflicts:      15000 | #Constraints:      12517
c #Conflicts:      16000 | #Constraints:      13517
c INPROCESSING
c GARBAGE COLLECT
c #Conflicts:      17000 | #Constraints:      10565
c #Conflicts:      18000 | #Constraints:      11565
c bounds -782 >= -818 @ 11.1674
c #Conflicts:      19000 | #Constraints:      12616
c #Conflicts:      20000 | #Constraints:      13616
c bounds -782 >= -816 @ 12.6556
c INPROCESSING
c GARBAGE COLLECT
c #Conflicts:      21000 | #Constraints:      10733
c #Conflicts:      22000 | #Constraints:      11733
c #Conflicts:      23000 | #Constraints:      12733
c #Conflicts:      24000 | #Constraints:      13733
c bounds -782 >= -814 @ 16.1885
c INPROCESSING
c GARBAGE COLLECT
c #Conflicts:      25000 | #Constraints:      10756
c #Conflicts:      26000 | #Constraints:      11756
c #Conflicts:      27000 | #Constraints:      12756
c #Conflicts:      28000 | #Constraints:      13756
c #Conflicts:      29000 | #Constraints:      14756
c #Conflicts:      30000 | #Constraints:      15756
c bounds -782 >= -812 @ 23.8952
c bounds -800 >= -812 @ 23.9189
c #Conflicts:      31000 | #Constraints:      16814
c #Conflicts:      32000 | #Constraints:      17814
c #Conflicts:      33000 | #Constraints:      18814
c #Conflicts:      34000 | #Constraints:      19814
c #Conflicts:      35000 | #Constraints:      20814
c #Conflicts:      36000 | #Constraints:      21814
c INPROCESSING
c GARBAGE COLLECT
c bounds -800 >= -810 @ 30.8807
c #Conflicts:      37000 | #Constraints:      15056
c #Conflicts:      38000 | #Constraints:      16056
c #Conflicts:      39000 | #Constraints:      17056
c #Conflicts:      40000 | #Constraints:      18056
c #Conflicts:      41000 | #Constraints:      19056
c INPROCESSING
c GARBAGE COLLECT
c #Conflicts:      42000 | #Constraints:      13475
c #Conflicts:      43000 | #Constraints:      14475
c #Conflicts:      44000 | #Constraints:      15475
c #Conflicts:      45000 | #Constraints:      16475
c #Conflicts:      46000 | #Constraints:      17475
c #Conflicts:      47000 | #Constraints:      18475
c INPROCESSING
c GARBAGE COLLECT
c #Conflicts:      48000 | #Constraints:      13396
c #Conflicts:      49000 | #Constraints:      14396
c #Conflicts:      50000 | #Constraints:      15396
c #Conflicts:      51000 | #Constraints:      16396
c #Conflicts:      52000 | #Constraints:      17396
c INPROCESSING
c GARBAGE COLLECT
c #Conflicts:      53000 | #Constraints:      12459
c #Conflicts:      54000 | #Constraints:      13459
c #Conflicts:      55000 | #Constraints:      14459
c #Conflicts:      56000 | #Constraints:      15459
c #Conflicts:      57000 | #Constraints:      16459
c #Conflicts:      58000 | #Constraints:      17459
c INPROCESSING
c GARBAGE COLLECT
c #Conflicts:      59000 | #Constraints:      12506
c #Conflicts:      60000 | #Constraints:      13506
c #Conflicts:      61000 | #Constraints:      14506
c #Conflicts:      62000 | #Constraints:      15506
c #Conflicts:      63000 | #Constraints:      16506
c #Conflicts:      64000 | #Constraints:      17506
c bounds -800 >= -808 @ 86.2136
c #Conflicts:      65000 | #Constraints:      18563
c INPROCESSING
c GARBAGE COLLECT
c #Conflicts:      66000 | #Constraints:      13462
c #Conflicts:      67000 | #Constraints:      14462
c #Conflicts:      68000 | #Constraints:      15462
c #Conflicts:      69000 | #Constraints:      16462
c #Conflicts:      70000 | #Constraints:      17462
c #Conflicts:      71000 | #Constraints:      18462
c #Conflicts:      72000 | #Constraints:      19462
c #Conflicts:      73000 | #Constraints:      20462
c #Conflicts:      74000 | #Constraints:      21462
c bounds -800 >= -806 @ 107.823
c #Conflicts:      75000 | #Constraints:      22525
c #Conflicts:      76000 | #Constraints:      23525
c #Conflicts:      77000 | #Constraints:      24525
c #Conflicts:      78000 | #Constraints:      25525
c #Conflicts:      79000 | #Constraints:      26525
c #Conflicts:      80000 | #Constraints:      27525
c #Conflicts:      81000 | #Constraints:      28525
c #Conflicts:      82000 | #Constraints:      29525
c #Conflicts:      83000 | #Constraints:      30525
c #Conflicts:      84000 | #Constraints:      31525
c INPROCESSING
c GARBAGE COLLECT
c #Conflicts:      85000 | #Constraints:      20036
c #Conflicts:      86000 | #Constraints:      21036
c #Conflicts:      87000 | #Constraints:      22036
c #Conflicts:      88000 | #Constraints:      23036
c #Conflicts:      89000 | #Constraints:      24036
c #Conflicts:      90000 | #Constraints:      25036
c #Conflicts:      91000 | #Constraints:      26036
c INPROCESSING
c GARBAGE COLLECT
c #Conflicts:      92000 | #Constraints:      16965
c #Conflicts:      93000 | #Constraints:      17965
c #Conflicts:      94000 | #Constraints:      18965
c #Conflicts:      95000 | #Constraints:      19965
c #Conflicts:      96000 | #Constraints:      20965
c #Conflicts:      97000 | #Constraints:      21965
c #Conflicts:      98000 | #Constraints:      22965
c #Conflicts:      99000 | #Constraints:      23965
c INPROCESSING
c GARBAGE COLLECT
c #Conflicts:     100000 | #Constraints:      16122
c #Conflicts:     101000 | #Constraints:      17122
c #Conflicts:     102000 | #Constraints:      18122
c #Conflicts:     103000 | #Constraints:      19122
c #Conflicts:     104000 | #Constraints:      20122
c #Conflicts:     105000 | #Constraints:      21122
c #Conflicts:     106000 | #Constraints:      22122
c #Conflicts:     107000 | #Constraints:      23122
c INPROCESSING
c GARBAGE COLLECT
c #Conflicts:     108000 | #Constraints:      15823
c #Conflicts:     109000 | #Constraints:      16823
c #Conflicts:     110000 | #Constraints:      17823
c #Conflicts:     111000 | #Constraints:      18823
c #Conflicts:     112000 | #Constraints:      19823
c #Conflicts:     113000 | #Constraints:      20823
c #Conflicts:     114000 | #Constraints:      21823
c #Conflicts:     115000 | #Constraints:      22823
c bounds -800 >= -804 @ 250.273
c bounds -800 >= -802 @ 250.406
c bounds -800 >= -800 @ 250.526
c cpu time 250.526 s
c deterministic time 26599027299 2.66e+10
c optimization time 0.037155 s
c total solve time 250.469 s
c core-guided solve time 154.124 s
c propagation time 202.294 s
c conflict analysis time 44.3362 s
c propagations 32446171
c resolve steps 3703598
c decisions 785291
c conflicts 115137
c restarts 310
c inprocessing phases 17
c input clauses 5267
c input cardinalities 729
c input general constraints 886
c input average constraint length 35.24
c input average constraint degree 41.30
c learned clauses 46033
c learned cardinalities 1968
c learned general constraints 67136
c learned average constraint length 356.02
c learned average constraint degree 31250724.91
c watched constraints 60170
c counting constraints 7852
c gcd simplifications 4231
c detected cardinalities 206
c weakened non-implied lits 4472220
c weakened non-implying lits 35579
c original variables 2250
c clausal propagations 13475102
c cardinality propagations 4736834
c watched propagations 4767370
c counting propagations 9319936
c watch lookups 2600045951
c watch backjump lookups 2096325747
c watch checks 19431120539
c propagation checks 2258628901
c constraint additions 146328203
c trail pops 33346495
c formula constraints 5121
c learned constraints 115137
c bound constraints 443
c core-guided constraints 1318
c encountered formula constraints 1721413
c encountered learned constraints 1611791
c encountered bound constraints 1102
c encountered core-guided constraints 484429
c LP total time 0 s
c LP solve time 0 s
c LP constraints added 0
c LP constraints removed 0
c LP pivots internal 0
c LP pivots root 0
c LP calls 0
c LP optimalities 0
c LP no pivot count 0
c LP infeasibilities 0
c LP valid Farkas constraints 0
c LP learned Farkas constraints 0
c LP basis resets 0
c LP cycling count 0
c LP singular count 0
c LP no primal count 0
c LP no farkas count 0
c LP other issue count 0
c LP Gomory cuts 0
c LP learned cuts 0
c LP deleted cuts 0
c LP encountered Gomory constraints 0
c LP encountered Farkas constraints 0
c LP encountered learned Farkas constraints 0
c CG auxiliary variables introduced 556
c CG solutions found 4
c CG cores constructed 350
c CG core cardinality constraints returned 150
c CG unit cores 0
c CG single cores 350
c CG blocks removed during cardinality reduction 0
c CG first core best 0
c CG decision core best 0
c CG core reduction tie 0
c CG core degree average 1.86
c CG core slack average 2.39
o -800
s OPTIMUM FOUND
