c RoundingSat 2
c branch 
c commit 
c #variables 4500 #constraints 10381
c bounds - >= -6000 @ 0.039063
c bounds 0 >= -6000 @ 0.041842
c bounds 0 >= -5988 @ 0.042417
c bounds 0 >= -5976 @ 0.042707
c bounds 0 >= -5964 @ 0.042925
c bounds 0 >= -5952 @ 0.043141
c bounds 0 >= -5940 @ 0.043354
c bounds 0 >= -5928 @ 0.043568
c bounds 0 >= -5916 @ 0.043782
c bounds 0 >= -5904 @ 0.043994
c bounds 0 >= -5892 @ 0.044211
c bounds 0 >= -5880 @ 0.044426
c bounds 0 >= -5868 @ 0.044637
c bounds 0 >= -5856 @ 0.044712
c bounds 0 >= -5844 @ 0.044712
c bounds 0 >= -5832 @ 0.044712
c bounds 0 >= -5820 @ 0.044712
c bounds 0 >= -5808 @ 0.044751
c bounds 0 >= -5796 @ 0.044965
c bounds 0 >= -5784 @ 0.045175
c bounds 0 >= -5772 @ 0.045383
c bounds 0 >= -5760 @ 0.045596
c bounds 0 >= -5748 @ 0.045807
c bounds 0 >= -5736 @ 0.046017
c bounds 0 >= -5724 @ 0.046229
c bounds 0 >= -5712 @ 0.046437
c bounds 0 >= -5700 @ 0.046649
c bounds 0 >= -5688 @ 0.046859
c bounds 0 >= -5676 @ 0.047071
c bounds 0 >= -5664 @ 0.047281
c bounds 0 >= -5652 @ 0.047492
c bounds 0 >= -5640 @ 0.047703
c bounds 0 >= -5628 @ 0.047914
c bounds 0 >= -5616 @ 0.048122
c bounds 0 >= -5604 @ 0.048332
c bounds 0 >= -5592 @ 0.048539
c bounds 0 >= -5580 @ 0.048746
c bounds 0 >= -5568 @ 0.048961
c bounds 0 >= -5556 @ 0.049168
c bounds 0 >= -5544 @ 0.049376
c bounds 0 >= -5532 @ 0.049582
c bounds 0 >= -5520 @ 0.049789
c bounds 0 >= -5508 @ 0.049997
c bounds 0 >= -5496 @ 0.0502
c bounds 0 >= -5484 @ 0.050409
c bounds 0 >= -5472 @ 0.05062
c bounds 0 >= -5460 @ 0.05083
c bounds 0 >= -5448 @ 0.051042
c bounds 0 >= -5436 @ 0.051249
c bounds 0 >= -5424 @ 0.051457
c bounds 0 >= -5412 @ 0.051662
c bounds 0 >= -5400 @ 0.051867
c bounds 0 >= -5388 @ 0.052078
c bounds 0 >= -5376 @ 0.052285
c bounds 0 >= -5364 @ 0.052489
c bounds 0 >= -5352 @ 0.052697
c bounds 0 >= -5340 @ 0.052902
c bounds 0 >= -5328 @ 0.053107
c bounds 0 >= -5316 @ 0.053313
c bounds 0 >= -5304 @ 0.053517
c bounds 0 >= -5292 @ 0.053722
c bounds 0 >= -5280 @ 0.053925
c bounds 0 >= -5268 @ 0.05413
c bounds 0 >= -5256 @ 0.054332
c bounds 0 >= -5244 @ 0.05454
c bounds 0 >= -5232 @ 0.054751
c bounds 0 >= -5220 @ 0.054956
c bounds 0 >= -5208 @ 0.055159
c bounds 0 >= -5196 @ 0.055365
c bounds 0 >= -5184 @ 0.055568
c bounds 0 >= -5172 @ 0.055778
c bounds 0 >= -5160 @ 0.055981
c bounds 0 >= -5148 @ 0.056188
c bounds 0 >= -5136 @ 0.056395
c bounds 0 >= -5124 @ 0.056599
c bounds 0 >= -5112 @ 0.056805
c bounds 0 >= -5100 @ 0.057011
c bounds 0 >= -5088 @ 0.057212
c bounds 0 >= -5076 @ 0.057416
c bounds 0 >= -5064 @ 0.057618
c bounds 0 >= -5052 @ 0.057821
c bounds 0 >= -5040 @ 0.058023
c bounds 0 >= -5028 @ 0.058234
c bounds 0 >= -5016 @ 0.05844
c bounds 0 >= -5004 @ 0.058641
c bounds 0 >= -4992 @ 0.058845
c bounds 0 >= -4980 @ 0.059048
c bounds 0 >= -4968 @ 0.059251
c bounds 0 >= -4956 @ 0.059469
c bounds 0 >= -4944 @ 0.059669
c bounds 0 >= -4932 @ 0.059869
c bounds 0 >= -4920 @ 0.06007
c bounds 0 >= -4908 @ 0.060268
c bounds 0 >= -4896 @ 0.060469
c bounds 0 >= -4884 @ 0.060668
c bounds 0 >= -4872 @ 0.060868
c bounds 0 >= -4860 @ 0.061069
c bounds 0 >= -4848 @ 0.061273
c bounds 0 >= -4836 @ 0.06147
c bounds 0 >= -4824 @ 0.06167
c bounds 0 >= -4812 @ 0.061872
c bounds 0 >= -4800 @ 0.062074
c bounds 0 >= -4788 @ 0.062273
c bounds 0 >= -4776 @ 0.062469
c bounds 0 >= -4764 @ 0.06267
c bounds 0 >= -4752 @ 0.062873
c bounds 0 >= -4740 @ 0.063075
c bounds 0 >= -4728 @ 0.063271
c bounds 0 >= -4716 @ 0.063472
c bounds 0 >= -4704 @ 0.063672
c bounds 0 >= -4692 @ 0.06387
c bounds 0 >= -4680 @ 0.064068
c bounds 0 >= -4668 @ 0.064265
c bounds 0 >= -4656 @ 0.064461
c bounds 0 >= -4644 @ 0.064657
c bounds 0 >= -4632 @ 0.064856
c bounds 0 >= -4620 @ 0.065055
c bounds 0 >= -4608 @ 0.065254
c bounds 0 >= -4596 @ 0.06545
c bounds 0 >= -4584 @ 0.065645
c bounds 0 >= -4572 @ 0.06584
c bounds 0 >= -4560 @ 0.066045
c bounds 0 >= -4548 @ 0.066241
c bounds 0 >= -4536 @ 0.066438
c bounds 0 >= -4524 @ 0.066635
c bounds 0 >= -4512 @ 0.066832
c bounds 0 >= -4500 @ 0.067031
c bounds 0 >= -4488 @ 0.067228
c bounds 0 >= -4476 @ 0.067425
c bounds 0 >= -4464 @ 0.067635
c bounds 0 >= -4452 @ 0.067841
c bounds 0 >= -4440 @ 0.068035
c bounds 0 >= -4428 @ 0.068244
c bounds 0 >= -4416 @ 0.068444
c bounds 0 >= -4404 @ 0.068637
c bounds 0 >= -4392 @ 0.06884
c bounds 0 >= -4380 @ 0.069038
c bounds 0 >= -4368 @ 0.069232
c bounds 0 >= -4356 @ 0.069427
c bounds 0 >= -4344 @ 0.06962
c bounds 0 >= -4332 @ 0.069821
c bounds 0 >= -4320 @ 0.070015
c bounds 0 >= -4308 @ 0.070206
c bounds 0 >= -4296 @ 0.070402
c bounds 0 >= -4284 @ 0.070601
c bounds 0 >= -4272 @ 0.070667
c bounds 0 >= -4260 @ 0.070667
c bounds 0 >= -4248 @ 0.070667
c bounds 0 >= -4236 @ 0.070812
c bounds 0 >= -4224 @ 0.070961
c bounds 0 >= -4212 @ 0.071142
c bounds 0 >= -4200 @ 0.071335
c bounds 0 >= -4188 @ 0.071528
c bounds 0 >= -4176 @ 0.071724
c bounds 0 >= -4164 @ 0.071918
c bounds 0 >= -4152 @ 0.072561
c bounds 0 >= -4140 @ 0.072751
c bounds 0 >= -4128 @ 0.072939
c bounds 0 >= -4116 @ 0.073126
c bounds 0 >= -4104 @ 0.073312
c bounds 0 >= -4092 @ 0.073503
c bounds 0 >= -4080 @ 0.073689
c bounds 0 >= -4068 @ 0.073876
c bounds 0 >= -4056 @ 0.074067
c bounds 0 >= -4044 @ 0.074253
c bounds 0 >= -4032 @ 0.074439
c bounds 0 >= -4020 @ 0.074626
c bounds 0 >= -4008 @ 0.074812
c bounds 0 >= -3996 @ 0.074999
c bounds 0 >= -3984 @ 0.075185
c bounds 0 >= -3972 @ 0.075368
c bounds 0 >= -3960 @ 0.075551
c bounds 0 >= -3948 @ 0.075737
c bounds 0 >= -3936 @ 0.075925
c bounds 0 >= -3924 @ 0.076111
c bounds 0 >= -3912 @ 0.076296
c bounds 0 >= -3900 @ 0.076479
c bounds 0 >= -3888 @ 0.076662
c bounds 0 >= -3876 @ 0.076843
c bounds 0 >= -3864 @ 0.077026
c bounds 0 >= -3852 @ 0.077208
c bounds 0 >= -3840 @ 0.077442
c bounds 0 >= -3828 @ 0.07769
c bounds 0 >= -3816 @ 0.077931
c bounds 0 >= -3804 @ 0.078138
c bounds 0 >= -3792 @ 0.078334
c bounds 0 >= -3780 @ 0.078582
c bounds 0 >= -3768 @ 0.078806
c bounds 0 >= -3756 @ 0.079022
c bounds 0 >= -3744 @ 0.079218
c bounds 0 >= -3732 @ 0.079416
c bounds 0 >= -3720 @ 0.079612
c bounds 0 >= -3708 @ 0.079809
c bounds 0 >= -3696 @ 0.080003
c bounds 0 >= -3684 @ 0.080278
c bounds 0 >= -3672 @ 0.080521
c bounds 0 >= -3660 @ 0.080727
c bounds 0 >= -3648 @ 0.080928
c bounds 0 >= -3636 @ 0.081125
c bounds 0 >= -3624 @ 0.081324
c bounds 0 >= -3612 @ 0.081525
c bounds 0 >= -3600 @ 0.081724
c bounds 0 >= -3588 @ 0.08192
c bounds 0 >= -3576 @ 0.082121
c bounds 0 >= -3564 @ 0.082319
c bounds 0 >= -3552 @ 0.082518
c bounds 0 >= -3540 @ 0.082714
c bounds 0 >= -3528 @ 0.082906
c bounds 0 >= -3516 @ 0.083106
c bounds 0 >= -3504 @ 0.083303
c bounds 0 >= -3492 @ 0.083629
c bounds 0 >= -3480 @ 0.083892
c bounds 0 >= -3468 @ 0.084098
c bounds 0 >= -3456 @ 0.084296
c bounds 0 >= -3444 @ 0.084493
c bounds 0 >= -3432 @ 0.084692
c bounds 0 >= -3420 @ 0.084888
c bounds 0 >= -3408 @ 0.085081
c bounds 0 >= -3396 @ 0.085277
c bounds 0 >= -3384 @ 0.085469
c bounds 0 >= -3372 @ 0.085665
c bounds 0 >= -3360 @ 0.085855
c bounds 0 >= -3348 @ 0.086044
c bounds 0 >= -3336 @ 0.086238
c bounds 0 >= -3324 @ 0.086427
c bounds 0 >= -3312 @ 0.086618
c bounds 0 >= -3300 @ 0.086812
c bounds 0 >= -3288 @ 0.087005
c bounds 0 >= -3276 @ 0.087199
c bounds 0 >= -3264 @ 0.087395
c bounds 0 >= -3252 @ 0.087587
c bounds 0 >= -3240 @ 0.087778
c bounds 0 >= -3228 @ 0.087971
c bounds 0 >= -3216 @ 0.088169
c bounds 0 >= -3204 @ 0.088359
c bounds 0 >= -3192 @ 0.088551
c bounds 0 >= -3180 @ 0.08875
c bounds 0 >= -3168 @ 0.088942
c bounds 0 >= -3156 @ 0.088982
c bounds 0 >= -3144 @ 0.088982
c bounds 0 >= -3132 @ 0.088982
c bounds 0 >= -3120 @ 0.088982
c bounds 0 >= -3108 @ 0.088982
c bounds 0 >= -3096 @ 0.088982
c bounds 0 >= -3084 @ 0.088982
c bounds 0 >= -3072 @ 0.088997
c bounds 0 >= -3060 @ 0.089179
c bounds 0 >= -3048 @ 0.08937
c bounds 0 >= -3036 @ 0.089559
c bounds 0 >= -3024 @ 0.089748
c bounds 0 >= -3012 @ 0.089937
c bounds 0 >= -3000 @ 0.090127
c bounds 0 >= -2988 @ 0.090316
c bounds 0 >= -2976 @ 0.090504
c bounds 0 >= -2964 @ 0.090691
c bounds 0 >= -2952 @ 0.090878
c bounds 0 >= -2940 @ 0.091068
c bounds 0 >= -2928 @ 0.091257
c bounds 0 >= -2916 @ 0.091445
c bounds 0 >= -2904 @ 0.091632
c bounds 0 >= -2892 @ 0.091819
c bounds 0 >= -2880 @ 0.092002
c bounds 0 >= -2868 @ 0.092192
c bounds 0 >= -2856 @ 0.092378
c bounds 0 >= -2844 @ 0.092562
c bounds 0 >= -2832 @ 0.092758
c bounds 0 >= -2820 @ 0.092948
c bounds 0 >= -2808 @ 0.093133
c bounds 0 >= -2796 @ 0.09332
c bounds 0 >= -2784 @ 0.093507
c bounds 0 >= -2772 @ 0.093695
c bounds 0 >= -2760 @ 0.093905
c bounds 0 >= -2748 @ 0.094097
c bounds 0 >= -2736 @ 0.094282
c bounds 0 >= -2724 @ 0.094472
c bounds 0 >= -2712 @ 0.094655
c bounds 0 >= -2700 @ 0.094842
c bounds 0 >= -2688 @ 0.095027
c bounds 0 >= -2676 @ 0.095224
c bounds 0 >= -2664 @ 0.095402
c bounds 0 >= -2652 @ 0.095594
c bounds 0 >= -2640 @ 0.095779
c bounds 0 >= -2628 @ 0.095976
c bounds 0 >= -2616 @ 0.096155
c bounds 0 >= -2604 @ 0.096347
c bounds 0 >= -2592 @ 0.096528
c bounds 0 >= -2580 @ 0.09672
c bounds 0 >= -2568 @ 0.096899
c bounds 0 >= -2556 @ 0.097094
c bounds 0 >= -2544 @ 0.097277
c bounds 0 >= -2532 @ 0.097474
c bounds 0 >= -2520 @ 0.097654
c bounds 0 >= -2508 @ 0.097843
c bounds 0 >= -2496 @ 0.098025
c bounds 0 >= -2484 @ 0.098226
c bounds 0 >= -2472 @ 0.098407
c bounds 0 >= -2460 @ 0.0986
c bounds 0 >= -2448 @ 0.098779
c bounds 0 >= -2436 @ 0.098981
c bounds 0 >= -2424 @ 0.099161
c bounds 0 >= -2412 @ 0.099355
c bounds 0 >= -2400 @ 0.099535
c bounds -1586 >= -2400 @ 0.12117
c bounds -1588 >= -2400 @ 0.125458
c bounds -1590 >= -2400 @ 0.185837
c bounds -1590 >= -2398 @ 0.18655
c bounds -1590 >= -2396 @ 0.187413
c bounds -1590 >= -2394 @ 0.187847
c bounds -1590 >= -2392 @ 0.188179
c bounds -1590 >= -2390 @ 0.189338
c bounds -1590 >= -2388 @ 0.190145
c bounds -1590 >= -2386 @ 0.190957
c bounds -1590 >= -2384 @ 0.191763
c bounds -1590 >= -2382 @ 0.19183
c bounds -1590 >= -2380 @ 0.19183
c bounds -1590 >= -2378 @ 0.192198
c bounds -1590 >= -2376 @ 0.192986
c bounds -1590 >= -2374 @ 0.193814
c bounds -1590 >= -2372 @ 0.194609
c bounds -1590 >= -2370 @ 0.194799
c bounds -1590 >= -2368 @ 0.194799
c bounds -1590 >= -2366 @ 0.195057
c bounds -1590 >= -2364 @ 0.195861
c bounds -1590 >= -2362 @ 0.196682
c bounds -1590 >= -2360 @ 0.196777
c bounds -1590 >= -2358 @ 0.197301
c bounds -1590 >= -2356 @ 0.197762
c bounds -1590 >= -2354 @ 0.197933
c bounds -1590 >= -2352 @ 0.198722
c bounds -1590 >= -2350 @ 0.199548
c bounds -1590 >= -2348 @ 0.20035
c bounds -1590 >= -2346 @ 0.201169
c bounds -1590 >= -2344 @ 0.201972
c bounds -1590 >= -2342 @ 0.202791
c bounds -1590 >= -2340 @ 0.203589
c bounds -1590 >= -2338 @ 0.203735
c bounds -1590 >= -2336 @ 0.203735
c bounds -1590 >= -2334 @ 0.203735
c bounds -1590 >= -2332 @ 0.203889
c bounds -1590 >= -2330 @ 0.204651
c bounds -1590 >= -2328 @ 0.205436
c bounds -1590 >= -2326 @ 0.205704
c bounds -1590 >= -2324 @ 0.20607
c bounds -1590 >= -2322 @ 0.206883
c bounds -1590 >= -2320 @ 0.207692
c bounds -1590 >= -2318 @ 0.207692
c bounds -1590 >= -2316 @ 0.207692
c bounds -1590 >= -2314 @ 0.207692
c bounds -1590 >= -2312 @ 0.207692
c bounds -1590 >= -2310 @ 0.207866
c bounds -1590 >= -2308 @ 0.208565
c bounds -1590 >= -2306 @ 0.209362
c bounds -1590 >= -2304 @ 0.209636
c bounds -1590 >= -2302 @ 0.209636
c bounds -1590 >= -2300 @ 0.209818
c bounds -1590 >= -2298 @ 0.210622
c bounds -1590 >= -2296 @ 0.21143
c bounds -1590 >= -2294 @ 0.211613
c bounds -1590 >= -2292 @ 0.211613
c bounds -1590 >= -2290 @ 0.211613
c bounds -1590 >= -2288 @ 0.211766
c bounds -1590 >= -2286 @ 0.212491
c bounds -1590 >= -2284 @ 0.213276
c bounds -1590 >= -2282 @ 0.214088
c bounds -1590 >= -2280 @ 0.214886
c bounds -1590 >= -2278 @ 0.215714
c bounds -1590 >= -2276 @ 0.216512
c bounds -1590 >= -2274 @ 0.217328
c bounds -1590 >= -2272 @ 0.217559
c bounds -1590 >= -2270 @ 0.217958
c bounds -1590 >= -2268 @ 0.218764
c bounds -1590 >= -2266 @ 0.219581
c bounds -1590 >= -2264 @ 0.220378
c bounds -1590 >= -2262 @ 0.220555
c bounds -1590 >= -2260 @ 0.221
c bounds -1590 >= -2258 @ 0.221821
c bounds -1590 >= -2256 @ 0.222641
c bounds -1590 >= -2254 @ 0.223467
c bounds -1590 >= -2252 @ 0.223544
c bounds -1590 >= -2250 @ 0.223544
c bounds -1590 >= -2248 @ 0.223898
c bounds -1590 >= -2246 @ 0.224692
c bounds -1590 >= -2244 @ 0.225488
c bounds -1590 >= -2242 @ 0.226313
c bounds -1590 >= -2240 @ 0.22652
c bounds -1590 >= -2238 @ 0.22652
c bounds -1590 >= -2236 @ 0.226767
c bounds -1590 >= -2234 @ 0.227578
c bounds -1590 >= -2232 @ 0.228379
c bounds -1590 >= -2230 @ 0.228505
c bounds -1590 >= -2228 @ 0.228505
c bounds -1590 >= -2226 @ 0.228505
c bounds -1590 >= -2224 @ 0.22866
c bounds -1590 >= -2222 @ 0.229417
c bounds -1590 >= -2220 @ 0.22947
c bounds -1590 >= -2218 @ 0.22947
c bounds -1590 >= -2216 @ 0.229855
c bounds -1590 >= -2214 @ 0.230651
c bounds -1590 >= -2212 @ 0.231453
c bounds -1590 >= -2210 @ 0.232268
c bounds -1590 >= -2208 @ 0.232437
c bounds -1590 >= -2206 @ 0.232891
c bounds -1590 >= -2204 @ 0.233435
c bounds -1590 >= -2202 @ 0.233607
c bounds -1590 >= -2200 @ 0.23435
c bounds -1590 >= -2198 @ 0.234428
c bounds -1590 >= -2196 @ 0.234428
c bounds -1590 >= -2194 @ 0.234428
c bounds -1590 >= -2192 @ 0.234581
c bounds -1590 >= -2190 @ 0.235341
c bounds -1590 >= -2188 @ 0.235395
c bounds -1590 >= -2186 @ 0.235395
c bounds -1590 >= -2184 @ 0.235734
c bounds -1590 >= -2182 @ 0.236527
c bounds -1590 >= -2180 @ 0.237327
c bounds -1590 >= -2178 @ 0.237376
c bounds -1590 >= -2176 @ 0.237945
c bounds -1590 >= -2174 @ 0.238751
c bounds -1590 >= -2172 @ 0.239546
c bounds -1590 >= -2170 @ 0.240361
c bounds -1590 >= -2168 @ 0.241167
c bounds -1590 >= -2166 @ 0.241354
c bounds -1590 >= -2164 @ 0.241777
c bounds -1590 >= -2162 @ 0.24235
c bounds -1590 >= -2160 @ 0.242512
c bounds -1590 >= -2158 @ 0.243248
c bounds -1590 >= -2156 @ 0.244034
c bounds -1590 >= -2154 @ 0.244863
c bounds -1590 >= -2152 @ 0.245338
c bounds -1590 >= -2150 @ 0.245786
c bounds -1590 >= -2148 @ 0.246589
c bounds -1590 >= -2146 @ 0.247393
c bounds -1590 >= -2144 @ 0.248207
c bounds -1590 >= -2142 @ 0.249037
c bounds -1590 >= -2140 @ 0.249877
c bounds -1590 >= -2138 @ 0.250751
c bounds -1590 >= -2136 @ 0.251321
c bounds -1590 >= -2134 @ 0.252013
c bounds -1590 >= -2132 @ 0.252825
c bounds -1590 >= -2130 @ 0.253618
c bounds -1590 >= -2128 @ 0.254406
c bounds -1590 >= -2126 @ 0.255208
c bounds -1590 >= -2124 @ 0.255998
c bounds -1590 >= -2122 @ 0.256307
c bounds -1590 >= -2120 @ 0.256603
c bounds -1590 >= -2118 @ 0.257408
c bounds -1590 >= -2116 @ 0.258205
c bounds -1590 >= -2114 @ 0.258305
c bounds -1590 >= -2112 @ 0.258305
c bounds -1590 >= -2110 @ 0.258305
c bounds -1590 >= -2108 @ 0.258459
c bounds -1590 >= -2106 @ 0.25923
c bounds -1590 >= -2104 @ 0.260006
c bounds -1590 >= -2102 @ 0.260281
c bounds -1590 >= -2100 @ 0.260281
c bounds -1590 >= -2098 @ 0.260444
c bounds -1590 >= -2096 @ 0.261209
c bounds -1590 >= -2094 @ 0.261265
c bounds -1590 >= -2092 @ 0.261265
c bounds -1590 >= -2090 @ 0.261265
c bounds -1590 >= -2088 @ 0.261421
c bounds -1590 >= -2086 @ 0.262175
c bounds -1590 >= -2084 @ 0.262942
c bounds -1590 >= -2082 @ 0.263233
c bounds -1590 >= -2080 @ 0.263533
c bounds -1590 >= -2078 @ 0.264336
c bounds -1590 >= -2076 @ 0.265126
c bounds -1590 >= -2074 @ 0.265936
c bounds -1590 >= -2072 @ 0.266722
c bounds -1590 >= -2070 @ 0.26722
c bounds -1590 >= -2068 @ 0.267376
c bounds -1590 >= -2066 @ 0.268153
c bounds -1590 >= -2064 @ 0.268923
c bounds -1590 >= -2062 @ 0.269724
c bounds -1590 >= -2060 @ 0.270515
c bounds -1590 >= -2058 @ 0.271315
c bounds -1590 >= -2056 @ 0.272096
c bounds -1590 >= -2054 @ 0.272904
c bounds -1590 >= -2052 @ 0.273692
c bounds -1590 >= -2050 @ 0.274196
c bounds -1590 >= -2048 @ 0.274355
c bounds -1590 >= -2046 @ 0.275126
c bounds -1590 >= -2044 @ 0.275206
c bounds -1590 >= -2042 @ 0.275688
c bounds -1590 >= -2040 @ 0.276466
c bounds -1590 >= -2038 @ 0.27727
c bounds -1590 >= -2036 @ 0.278059
c bounds -1590 >= -2034 @ 0.278187
c bounds -1590 >= -2032 @ 0.27866
c bounds -1590 >= -2030 @ 0.279183
c bounds -1590 >= -2028 @ 0.279343
c bounds -1590 >= -2026 @ 0.280084
c bounds -1590 >= -2024 @ 0.280845
c bounds -1590 >= -2022 @ 0.281642
c bounds -1590 >= -2020 @ 0.282427
c bounds -1590 >= -2018 @ 0.283237
c bounds -1590 >= -2016 @ 0.28402
c bounds -1590 >= -2014 @ 0.284162
c bounds -1590 >= -2012 @ 0.284623
c bounds -1590 >= -2010 @ 0.285415
c bounds -1590 >= -2008 @ 0.286201
c bounds -1590 >= -2006 @ 0.287002
c bounds -1590 >= -2004 @ 0.287786
c bounds -1590 >= -2002 @ 0.288152
c bounds -1590 >= -2000 @ 0.288155
c bounds -1590 >= -1998 @ 0.288324
c bounds -1590 >= -1996 @ 0.289007
c bounds -1590 >= -1994 @ 0.289147
c bounds -1590 >= -1992 @ 0.289147
c bounds -1590 >= -1990 @ 0.289147
c bounds -1590 >= -1988 @ 0.289147
c bounds -1590 >= -1986 @ 0.289147
c bounds -1590 >= -1984 @ 0.289147
c bounds -1590 >= -1982 @ 0.289494
c bounds -1590 >= -1980 @ 0.29025
c bounds -1590 >= -1978 @ 0.291052
c bounds -1590 >= -1976 @ 0.291105
c bounds -1590 >= -1974 @ 0.291671
c bounds -1590 >= -1972 @ 0.292096
c bounds -1590 >= -1970 @ 0.292096
c bounds -1590 >= -1968 @ 0.292096
c bounds -1590 >= -1966 @ 0.292903
c bounds -1590 >= -1964 @ 0.293665
c bounds -1590 >= -1962 @ 0.294077
c bounds -1590 >= -1960 @ 0.294255
c bounds -1590 >= -1958 @ 0.295049
c bounds -1590 >= -1956 @ 0.295854
c bounds -1590 >= -1954 @ 0.296644
c bounds -1590 >= -1952 @ 0.297065
c bounds -1590 >= -1950 @ 0.297234
c bounds -1590 >= -1948 @ 0.298027
c bounds -1590 >= -1946 @ 0.298825
c bounds -1590 >= -1944 @ 0.299058
c bounds -1590 >= -1942 @ 0.299058
c bounds -1590 >= -1940 @ 0.299219
c bounds -1590 >= -1938 @ 0.300003
c bounds -1590 >= -1936 @ 0.300046
c bounds -1590 >= -1934 @ 0.300046
c bounds -1590 >= -1932 @ 0.300046
c bounds -1590 >= -1930 @ 0.30021
c bounds -1590 >= -1928 @ 0.30096
c bounds -1590 >= -1926 @ 0.301735
c bounds -1590 >= -1924 @ 0.302017
c bounds -1590 >= -1922 @ 0.302317
c bounds -1590 >= -1920 @ 0.303104
c bounds -1590 >= -1918 @ 0.303901
c bounds -1590 >= -1916 @ 0.304008
c bounds -1590 >= -1914 @ 0.304008
c bounds -1590 >= -1912 @ 0.304283
c bounds -1590 >= -1910 @ 0.304908
c bounds -1590 >= -1908 @ 0.304908
c bounds -1590 >= -1906 @ 0.305671
c bounds -1590 >= -1904 @ 0.305985
c bounds -1590 >= -1902 @ 0.306308
c bounds -1590 >= -1900 @ 0.307124
c bounds -1590 >= -1898 @ 0.307978
c bounds -1590 >= -1896 @ 0.307978
c bounds -1590 >= -1894 @ 0.307978
c bounds -1590 >= -1892 @ 0.308263
c bounds -1590 >= -1890 @ 0.308855
c bounds -1590 >= -1888 @ 0.308956
c bounds -1590 >= -1886 @ 0.309392
c bounds -1590 >= -1884 @ 0.309948
c bounds -1590 >= -1882 @ 0.310106
c bounds -1590 >= -1880 @ 0.31081
c bounds -1590 >= -1878 @ 0.311546
c bounds -1590 >= -1876 @ 0.311936
c bounds -1590 >= -1874 @ 0.312132
c bounds -1590 >= -1872 @ 0.31292
c bounds -1590 >= -1870 @ 0.313715
c bounds -1590 >= -1868 @ 0.313929
c bounds -1590 >= -1866 @ 0.314297
c bounds -1590 >= -1864 @ 0.314923
c bounds -1590 >= -1862 @ 0.314923
c bounds -1590 >= -1860 @ 0.315661
c bounds -1590 >= -1858 @ 0.316447
c bounds -1590 >= -1856 @ 0.317231
c bounds -1590 >= -1854 @ 0.318028
c bounds -1590 >= -1852 @ 0.318812
c bounds -1590 >= -1850 @ 0.318904
c bounds -1590 >= -1848 @ 0.319383
c bounds -1590 >= -1846 @ 0.319902
c bounds -1590 >= -1844 @ 0.32006
c bounds -1590 >= -1842 @ 0.320798
c bounds -1590 >= -1840 @ 0.320895
c bounds -1590 >= -1838 @ 0.321343
c bounds -1590 >= -1836 @ 0.321888
c bounds -1590 >= -1834 @ 0.322046
c bounds -1590 >= -1832 @ 0.322742
c bounds -1590 >= -1830 @ 0.322881
c bounds -1590 >= -1828 @ 0.322881
c bounds -1590 >= -1826 @ 0.323068
c bounds -1590 >= -1824 @ 0.323855
c bounds -1590 >= -1822 @ 0.324655
c bounds -1590 >= -1820 @ 0.324866
c bounds -1590 >= -1818 @ 0.325229
c bounds -1590 >= -1816 @ 0.326016
c bounds -1590 >= -1814 @ 0.326824
c bounds -1590 >= -1812 @ 0.327627
c bounds -1590 >= -1810 @ 0.328418
c bounds -1590 >= -1808 @ 0.328848
c bounds -1590 >= -1806 @ 0.329014
c bounds -1590 >= -1804 @ 0.329793
c bounds -1590 >= -1802 @ 0.330576
c bounds -1590 >= -1800 @ 0.330843
c bounds -1590 >= -1798 @ 0.333997
c bounds -1590 >= -1796 @ 0.340096
c bounds -1590 >= -1794 @ 0.346715
c bounds -1590 >= -1792 @ 0.35203
c bounds -1590 >= -1790 @ 0.356776
c bounds -1590 >= -1788 @ 0.361444
c bounds -1590 >= -1786 @ 0.363551
c #Conflicts:       1000 | #Constraints:      13205
c bounds -1590 >= -1784 @ 0.369929
c bounds -1590 >= -1782 @ 0.373738
c bounds -1590 >= -1780 @ 0.378019
c bounds -1590 >= -1778 @ 0.380703
c bounds -1590 >= -1776 @ 0.384679
c bounds -1590 >= -1774 @ 0.388654
c #Conflicts:       2000 | #Constraints:      14223
c INPROCESSING
c GARBAGE COLLECT
c bounds -1590 >= -1772 @ 0.556479
c bounds -1590 >= -1770 @ 0.560236
c bounds -1590 >= -1768 @ 0.564072
c bounds -1590 >= -1766 @ 0.567168
c bounds -1590 >= -1764 @ 0.572812
c bounds -1590 >= -1762 @ 0.57829
c bounds -1590 >= -1760 @ 0.584726
c bounds -1590 >= -1758 @ 0.589149
c bounds -1590 >= -1756 @ 0.596068
c bounds -1590 >= -1754 @ 0.603219
c bounds -1590 >= -1752 @ 0.607084
c bounds -1590 >= -1750 @ 0.608049
c bounds -1590 >= -1748 @ 0.612002
c bounds -1590 >= -1746 @ 0.615046
c bounds -1590 >= -1744 @ 0.616387
c #Conflicts:       3000 | #Constraints:      13702
c bounds -1590 >= -1742 @ 0.622
c bounds -1590 >= -1740 @ 0.625987
c bounds -1590 >= -1738 @ 0.63153
c bounds -1590 >= -1736 @ 0.637121
c bounds -1590 >= -1734 @ 0.640847
c bounds -1590 >= -1732 @ 0.644922
c bounds -1590 >= -1730 @ 0.646708
c bounds -1590 >= -1728 @ 0.64918
c bounds -1590 >= -1726 @ 0.657216
c bounds -1590 >= -1724 @ 0.664067
c bounds -1590 >= -1722 @ 0.668005
c bounds -1590 >= -1720 @ 0.6738
c #Conflicts:       4000 | #Constraints:      14738
c bounds -1590 >= -1718 @ 0.676789
c bounds -1590 >= -1716 @ 0.67971
c bounds -1590 >= -1714 @ 0.683582
c INPROCESSING
c GARBAGE COLLECT
c bounds -1590 >= -1712 @ 0.694486
c bounds -1590 >= -1710 @ 0.696044
c bounds -1590 >= -1708 @ 0.699549
c bounds -1590 >= -1706 @ 0.703154
c bounds -1590 >= -1704 @ 0.707656
c bounds -1590 >= -1702 @ 0.710334
c bounds -1590 >= -1700 @ 0.715117
c bounds -1590 >= -1698 @ 0.719741
c bounds -1590 >= -1696 @ 0.724801
c bounds -1590 >= -1694 @ 0.730337
c #Conflicts:       5000 | #Constraints:      14162
c bounds -1590 >= -1692 @ 0.735791
c bounds -1590 >= -1690 @ 0.740336
c bounds -1590 >= -1688 @ 0.745505
c bounds -1590 >= -1686 @ 0.749174
c bounds -1590 >= -1684 @ 0.753475
c bounds -1590 >= -1682 @ 0.755972
c bounds -1590 >= -1680 @ 0.757067
c bounds -1590 >= -1678 @ 0.76231
c bounds -1590 >= -1676 @ 0.767989
c bounds -1590 >= -1674 @ 0.769203
c bounds -1590 >= -1672 @ 0.772105
c bounds -1590 >= -1670 @ 0.777277
c bounds -1590 >= -1668 @ 0.780072
c #Conflicts:       6000 | #Constraints:      15201
c bounds -1590 >= -1666 @ 0.782334
c bounds -1590 >= -1664 @ 0.784556
c bounds -1590 >= -1662 @ 0.788867
c bounds -1590 >= -1660 @ 0.793274
c bounds -1590 >= -1658 @ 0.794263
c bounds -1590 >= -1656 @ 0.799671
c bounds -1590 >= -1654 @ 0.804753
c bounds -1590 >= -1652 @ 0.807431
c bounds -1590 >= -1650 @ 0.810061
c bounds -1590 >= -1648 @ 0.816341
c bounds -1590 >= -1646 @ 0.82116
c bounds -1590 >= -1644 @ 0.823522
c #Conflicts:       7000 | #Constraints:      16237
c bounds -1590 >= -1642 @ 0.840377
c bounds -1590 >= -1640 @ 0.848078
c bounds -1590 >= -1638 @ 0.851276
c bounds -1590 >= -1636 @ 0.856612
c bounds -1590 >= -1634 @ 0.862044
c bounds -1590 >= -1632 @ 0.866015
c bounds -1590 >= -1630 @ 0.87901
c bounds -1590 >= -1628 @ 0.889621
c bounds -1590 >= -1626 @ 0.899192
c #Conflicts:       8000 | #Constraints:      17270
c bounds -1590 >= -1624 @ 0.904151
c bounds -1590 >= -1622 @ 0.92143
c bounds -1590 >= -1620 @ 0.928794
c bounds -1590 >= -1618 @ 0.931464
c bounds -1590 >= -1616 @ 0.934837
c bounds -1590 >= -1614 @ 0.952713
c bounds -1590 >= -1612 @ 0.960721
c bounds -1590 >= -1610 @ 0.965789
c bounds -1590 >= -1608 @ 0.982977
c #Conflicts:       9000 | #Constraints:      18297
c bounds -1590 >= -1606 @ 0.988564
c bounds -1590 >= -1604 @ 0.996675
c INPROCESSING
c GARBAGE COLLECT
c bounds -1590 >= -1602 @ 1.08551
c bounds -1590 >= -1600 @ 1.09712
c bounds -1600 >= -1600 @ 1.10268
c cpu time 1.10268 s
c deterministic time 30635293 3.06e+07
c optimization time 0.119218 s
c total solve time 0.944499 s
c core-guided solve time 0.629797 s
c propagation time 0.517851 s
c conflict analysis time 0.188185 s
c propagations 945121
c resolve steps 81284
c decisions 408515
c conflicts 9478
c restarts 40
c inprocessing phases 3
c input clauses 10487
c input cardinalities 1010
c input general constraints 1412
c input average constraint length 68.69
c input average constraint degree 84.79
c learned clauses 1656
c learned cardinalities 232
c learned general constraints 7590
c learned average constraint length 58.68
c learned average constraint degree 292.07
c watched constraints 955
c counting constraints 8047
c gcd simplifications 1065
c detected cardinalities 142
c weakened non-implied lits 77715
c weakened non-implying lits 197
c original variables 4500
c clausal propagations 455714
c cardinality propagations 153483
c watched propagations 37300
c counting propagations 273391
c watch lookups 4430846
c watch backjump lookups 3498818
c watch checks 11699585
c propagation checks 7030894
c constraint additions 1258812
c trail pops 1362701
c formula constraints 10381
c learned constraints 9478
c bound constraints 1101
c core-guided constraints 1427
c encountered formula constraints 68374
c encountered learned constraints 14411
c encountered bound constraints 36
c encountered core-guided constraints 7941
c LP total time 0 s
c LP solve time 0 s
c LP constraints added 0
c LP constraints removed 0
c LP pivots internal 0
c LP pivots root 0
c LP calls 0
c LP optimalities 0
c LP no pivot count 0
c LP infeasibilities 0
c LP valid Farkas constraints 0
c LP learned Farkas constraints 0
c LP basis resets 0
c LP cycling count 0
c LP singular count 0
c LP no primal count 0
c LP no farkas count 0
c LP other issue count 0
c LP Gomory cuts 0
c LP learned cuts 0
c LP deleted cuts 0
c LP encountered Gomory constraints 0
c LP encountered Farkas constraints 0
c LP encountered learned Farkas constraints 0
c CG auxiliary variables introduced 709
c CG solutions found 5
c CG cores constructed 700
c CG core cardinality constraints returned 300
c CG unit cores 0
c CG single cores 700
c CG blocks removed during cardinality reduction 0
c CG first core best 0
c CG decision core best 0
c CG core reduction tie 0
c CG core degree average 1.86
c CG core slack average 1.23
o -1600
s OPTIMUM FOUND
