c RoundingSat 2
c branch 
c commit 
c #variables 6750 #constraints 15596
c bounds - >= -9000 @ 0.056491
c #Conflicts:       1000 | #Constraints:      16595
c #Conflicts:       2000 | #Constraints:      17595
c INPROCESSING
c bounds - >= -8988 @ 0.184603
c bounds - >= -8976 @ 0.184603
c bounds - >= -8964 @ 0.184694
c bounds - >= -8952 @ 0.184982
c bounds - >= -8940 @ 0.185294
c bounds - >= -8928 @ 0.185606
c bounds - >= -8916 @ 0.185918
c bounds - >= -8904 @ 0.186228
c bounds - >= -8892 @ 0.18654
c bounds - >= -8880 @ 0.186852
c bounds - >= -8868 @ 0.187159
c bounds - >= -8856 @ 0.187467
c bounds - >= -8844 @ 0.187774
c bounds - >= -8832 @ 0.188087
c bounds - >= -8820 @ 0.188397
c bounds - >= -8808 @ 0.188707
c bounds - >= -8796 @ 0.189011
c bounds - >= -8784 @ 0.18932
c bounds - >= -8772 @ 0.18963
c bounds - >= -8760 @ 0.189948
c bounds - >= -8748 @ 0.19026
c bounds - >= -8736 @ 0.190571
c bounds - >= -8724 @ 0.190888
c bounds - >= -8712 @ 0.191198
c bounds - >= -8700 @ 0.191505
c bounds - >= -8688 @ 0.191813
c bounds - >= -8676 @ 0.192126
c bounds - >= -8664 @ 0.192435
c bounds - >= -8652 @ 0.192737
c bounds - >= -8640 @ 0.193047
c bounds - >= -8628 @ 0.193355
c bounds - >= -8616 @ 0.193663
c bounds - >= -8604 @ 0.193981
c bounds - >= -8592 @ 0.194292
c bounds - >= -8580 @ 0.194598
c bounds - >= -8568 @ 0.194907
c bounds - >= -8556 @ 0.195213
c bounds - >= -8544 @ 0.195519
c bounds - >= -8532 @ 0.195825
c bounds - >= -8520 @ 0.196139
c bounds - >= -8508 @ 0.196452
c bounds - >= -8496 @ 0.196766
c bounds - >= -8484 @ 0.197081
c bounds - >= -8472 @ 0.197396
c bounds - >= -8460 @ 0.197711
c bounds - >= -8448 @ 0.19803
c bounds - >= -8436 @ 0.198339
c bounds - >= -8424 @ 0.198645
c bounds - >= -8412 @ 0.198946
c bounds - >= -8400 @ 0.199246
c bounds - >= -8388 @ 0.199549
c bounds - >= -8376 @ 0.199854
c bounds - >= -8364 @ 0.200157
c bounds - >= -8352 @ 0.200459
c bounds - >= -8340 @ 0.20076
c bounds - >= -8328 @ 0.20076
c bounds - >= -8316 @ 0.20076
c bounds - >= -8304 @ 0.20076
c bounds - >= -8292 @ 0.201061
c bounds - >= -8280 @ 0.201349
c bounds - >= -8268 @ 0.201607
c bounds - >= -8256 @ 0.201887
c bounds - >= -8244 @ 0.202188
c bounds - >= -8232 @ 0.202494
c bounds - >= -8220 @ 0.202798
c bounds - >= -8208 @ 0.203098
c bounds - >= -8196 @ 0.203396
c bounds - >= -8184 @ 0.203694
c bounds - >= -8172 @ 0.203995
c bounds - >= -8160 @ 0.204296
c bounds - >= -8148 @ 0.204594
c bounds - >= -8136 @ 0.204894
c bounds - >= -8124 @ 0.205193
c bounds - >= -8112 @ 0.205495
c bounds - >= -8100 @ 0.205798
c bounds - >= -8088 @ 0.206097
c bounds - >= -8076 @ 0.206392
c bounds - >= -8064 @ 0.206692
c bounds - >= -8052 @ 0.206993
c bounds - >= -8040 @ 0.207295
c bounds - >= -8028 @ 0.207593
c bounds - >= -8016 @ 0.207894
c bounds - >= -8004 @ 0.208193
c bounds - >= -7992 @ 0.20849
c bounds - >= -7980 @ 0.208793
c bounds - >= -7968 @ 0.209089
c bounds - >= -7956 @ 0.209386
c bounds - >= -7944 @ 0.209686
c bounds - >= -7932 @ 0.209988
c bounds - >= -7920 @ 0.210281
c bounds - >= -7908 @ 0.210582
c bounds - >= -7896 @ 0.210881
c bounds - >= -7884 @ 0.211626
c bounds - >= -7872 @ 0.211919
c bounds - >= -7860 @ 0.212217
c bounds - >= -7848 @ 0.212513
c bounds - >= -7836 @ 0.212806
c bounds - >= -7824 @ 0.213097
c bounds - >= -7812 @ 0.213392
c bounds - >= -7800 @ 0.213685
c bounds - >= -7788 @ 0.213978
c bounds - >= -7776 @ 0.214268
c bounds - >= -7764 @ 0.214561
c bounds - >= -7752 @ 0.214856
c bounds - >= -7740 @ 0.21515
c bounds - >= -7728 @ 0.21545
c bounds - >= -7716 @ 0.21576
c bounds - >= -7704 @ 0.216066
c bounds - >= -7692 @ 0.216372
c bounds - >= -7680 @ 0.216674
c bounds - >= -7668 @ 0.216983
c bounds - >= -7656 @ 0.217285
c bounds - >= -7644 @ 0.217593
c bounds - >= -7632 @ 0.217697
c bounds - >= -7620 @ 0.217697
c bounds - >= -7608 @ 0.217697
c bounds - >= -7596 @ 0.217877
c bounds - >= -7584 @ 0.21818
c bounds - >= -7572 @ 0.218455
c bounds - >= -7560 @ 0.218715
c bounds - >= -7548 @ 0.219015
c bounds - >= -7536 @ 0.219317
c bounds - >= -7524 @ 0.21962
c bounds - >= -7512 @ 0.219921
c bounds - >= -7500 @ 0.220217
c bounds - >= -7488 @ 0.220512
c bounds - >= -7476 @ 0.220814
c bounds - >= -7464 @ 0.221118
c bounds - >= -7452 @ 0.221448
c bounds - >= -7440 @ 0.221753
c bounds - >= -7428 @ 0.22208
c bounds - >= -7416 @ 0.222373
c bounds - >= -7404 @ 0.222665
c bounds - >= -7392 @ 0.222958
c bounds - >= -7380 @ 0.223246
c bounds - >= -7368 @ 0.223534
c bounds - >= -7356 @ 0.223827
c bounds - >= -7344 @ 0.224122
c bounds - >= -7332 @ 0.224413
c bounds - >= -7320 @ 0.224706
c bounds - >= -7308 @ 0.224998
c bounds - >= -7296 @ 0.225292
c bounds - >= -7284 @ 0.225582
c bounds - >= -7272 @ 0.225873
c bounds - >= -7260 @ 0.226168
c bounds - >= -7248 @ 0.226457
c bounds - >= -7236 @ 0.226748
c bounds - >= -7224 @ 0.227041
c bounds - >= -7212 @ 0.227335
c bounds - >= -7200 @ 0.227627
c bounds - >= -7188 @ 0.227921
c bounds - >= -7176 @ 0.228211
c bounds - >= -7164 @ 0.228505
c bounds - >= -7152 @ 0.228799
c bounds - >= -7140 @ 0.229083
c bounds - >= -7128 @ 0.22937
c bounds - >= -7116 @ 0.229662
c bounds - >= -7104 @ 0.229948
c bounds - >= -7092 @ 0.23024
c bounds - >= -7080 @ 0.230534
c bounds - >= -7068 @ 0.230833
c bounds - >= -7056 @ 0.231123
c bounds - >= -7044 @ 0.231412
c bounds - >= -7032 @ 0.231701
c bounds - >= -7020 @ 0.231992
c bounds - >= -7008 @ 0.232281
c bounds - >= -6996 @ 0.232571
c bounds - >= -6984 @ 0.232858
c bounds - >= -6972 @ 0.233145
c bounds - >= -6960 @ 0.233438
c bounds - >= -6948 @ 0.233725
c bounds - >= -6936 @ 0.234015
c bounds - >= -6924 @ 0.2343
c bounds - >= -6912 @ 0.234585
c bounds - >= -6900 @ 0.234884
c bounds - >= -6888 @ 0.235171
c bounds - >= -6876 @ 0.23546
c bounds - >= -6864 @ 0.235751
c bounds - >= -6852 @ 0.236037
c bounds - >= -6840 @ 0.236327
c bounds - >= -6828 @ 0.236614
c bounds - >= -6816 @ 0.236904
c bounds - >= -6804 @ 0.237194
c bounds - >= -6792 @ 0.237483
c bounds - >= -6780 @ 0.237774
c bounds - >= -6768 @ 0.23807
c bounds - >= -6756 @ 0.23836
c bounds - >= -6744 @ 0.238648
c bounds - >= -6732 @ 0.238932
c bounds - >= -6720 @ 0.239217
c bounds - >= -6708 @ 0.239503
c bounds - >= -6696 @ 0.23979
c bounds - >= -6684 @ 0.240077
c bounds - >= -6672 @ 0.240358
c bounds - >= -6660 @ 0.240648
c bounds - >= -6648 @ 0.240933
c bounds - >= -6636 @ 0.241222
c bounds - >= -6624 @ 0.241506
c bounds - >= -6612 @ 0.241794
c bounds - >= -6600 @ 0.242081
c bounds - >= -6588 @ 0.242365
c bounds - >= -6576 @ 0.24265
c bounds - >= -6564 @ 0.242935
c bounds - >= -6552 @ 0.243225
c bounds - >= -6540 @ 0.243514
c bounds - >= -6528 @ 0.243598
c bounds - >= -6516 @ 0.243598
c bounds - >= -6504 @ 0.243598
c bounds - >= -6492 @ 0.243783
c bounds - >= -6480 @ 0.244033
c bounds - >= -6468 @ 0.244273
c bounds - >= -6456 @ 0.244518
c bounds - >= -6444 @ 0.244793
c bounds - >= -6432 @ 0.245074
c bounds - >= -6420 @ 0.245358
c bounds - >= -6408 @ 0.245641
c bounds - >= -6396 @ 0.245927
c bounds - >= -6384 @ 0.246211
c bounds - >= -6372 @ 0.246491
c bounds - >= -6360 @ 0.246587
c bounds - >= -6348 @ 0.246587
c bounds - >= -6336 @ 0.246587
c bounds - >= -6324 @ 0.246752
c bounds - >= -6312 @ 0.246995
c bounds - >= -6300 @ 0.247236
c bounds - >= -6288 @ 0.24748
c bounds - >= -6276 @ 0.247751
c bounds - >= -6264 @ 0.24803
c bounds - >= -6252 @ 0.248311
c bounds - >= -6240 @ 0.248591
c bounds - >= -6228 @ 0.248868
c bounds - >= -6216 @ 0.249147
c bounds - >= -6204 @ 0.24943
c bounds - >= -6192 @ 0.249707
c bounds - >= -6180 @ 0.249988
c bounds - >= -6168 @ 0.250269
c bounds - >= -6156 @ 0.250558
c bounds - >= -6144 @ 0.250857
c bounds - >= -6132 @ 0.251148
c bounds - >= -6120 @ 0.251429
c bounds - >= -6108 @ 0.251718
c bounds - >= -6096 @ 0.252002
c bounds - >= -6084 @ 0.252295
c bounds - >= -6072 @ 0.252576
c bounds - >= -6060 @ 0.25286
c bounds - >= -6048 @ 0.253143
c bounds - >= -6036 @ 0.253425
c bounds - >= -6024 @ 0.253708
c bounds - >= -6012 @ 0.253992
c bounds - >= -6000 @ 0.254276
c bounds - >= -5988 @ 0.254555
c bounds - >= -5976 @ 0.254847
c bounds - >= -5964 @ 0.255127
c bounds - >= -5952 @ 0.255409
c bounds - >= -5940 @ 0.255694
c bounds - >= -5928 @ 0.255982
c bounds - >= -5916 @ 0.256265
c bounds - >= -5904 @ 0.256552
c bounds - >= -5892 @ 0.256842
c bounds - >= -5880 @ 0.257134
c bounds - >= -5868 @ 0.257432
c bounds - >= -5856 @ 0.257721
c bounds - >= -5844 @ 0.25801
c bounds - >= -5832 @ 0.258303
c bounds - >= -5820 @ 0.258598
c bounds - >= -5808 @ 0.258883
c bounds - >= -5796 @ 0.259168
c bounds - >= -5784 @ 0.259454
c bounds - >= -5772 @ 0.259735
c bounds - >= -5760 @ 0.260172
c bounds - >= -5748 @ 0.260307
c bounds - >= -5736 @ 0.260307
c bounds - >= -5724 @ 0.260341
c bounds - >= -5712 @ 0.260637
c bounds - >= -5700 @ 0.26102
c bounds - >= -5688 @ 0.261365
c bounds - >= -5676 @ 0.261679
c bounds - >= -5664 @ 0.261978
c bounds - >= -5652 @ 0.262281
c bounds - >= -5640 @ 0.262578
c bounds - >= -5628 @ 0.262882
c bounds - >= -5616 @ 0.263185
c bounds - >= -5604 @ 0.263595
c bounds - >= -5592 @ 0.263973
c bounds - >= -5580 @ 0.264288
c bounds - >= -5568 @ 0.264597
c bounds - >= -5556 @ 0.264902
c bounds - >= -5544 @ 0.26521
c bounds - >= -5532 @ 0.265507
c bounds - >= -5520 @ 0.265507
c bounds - >= -5508 @ 0.265507
c bounds - >= -5496 @ 0.265507
c bounds - >= -5484 @ 0.26574
c bounds - >= -5472 @ 0.266052
c bounds - >= -5460 @ 0.266362
c bounds - >= -5448 @ 0.26667
c bounds - >= -5436 @ 0.266977
c bounds - >= -5424 @ 0.26728
c bounds - >= -5412 @ 0.267364
c bounds - >= -5400 @ 0.267364
c bounds - >= -5388 @ 0.267508
c bounds - >= -5376 @ 0.267819
c bounds - >= -5364 @ 0.268131
c bounds - >= -5352 @ 0.268431
c bounds - >= -5340 @ 0.268731
c bounds - >= -5328 @ 0.269031
c bounds - >= -5316 @ 0.269334
c bounds - >= -5304 @ 0.269636
c bounds - >= -5292 @ 0.269938
c bounds - >= -5280 @ 0.270236
c bounds - >= -5268 @ 0.270537
c bounds - >= -5256 @ 0.270838
c bounds - >= -5244 @ 0.27114
c bounds - >= -5232 @ 0.27144
c bounds - >= -5220 @ 0.271498
c bounds - >= -5208 @ 0.271498
c bounds - >= -5196 @ 0.271498
c bounds - >= -5184 @ 0.271724
c bounds - >= -5172 @ 0.272024
c bounds - >= -5160 @ 0.272301
c bounds - >= -5148 @ 0.272597
c bounds - >= -5136 @ 0.272902
c bounds - >= -5124 @ 0.273202
c bounds - >= -5112 @ 0.273484
c bounds - >= -5100 @ 0.273484
c bounds - >= -5088 @ 0.273484
c bounds - >= -5076 @ 0.273484
c bounds - >= -5064 @ 0.273711
c bounds - >= -5052 @ 0.274024
c bounds - >= -5040 @ 0.274321
c bounds - >= -5028 @ 0.275037
c bounds - >= -5016 @ 0.275488
c bounds - >= -5004 @ 0.275488
c bounds - >= -4992 @ 0.275488
c bounds - >= -4980 @ 0.275488
c bounds - >= -4968 @ 0.275711
c bounds - >= -4956 @ 0.276009
c bounds - >= -4944 @ 0.276305
c bounds - >= -4932 @ 0.276599
c bounds - >= -4920 @ 0.276897
c bounds - >= -4908 @ 0.277198
c bounds - >= -4896 @ 0.27748
c bounds - >= -4884 @ 0.27748
c bounds - >= -4872 @ 0.27748
c bounds - >= -4860 @ 0.27748
c bounds - >= -4848 @ 0.277703
c bounds - >= -4836 @ 0.27801
c bounds - >= -4824 @ 0.278316
c bounds - >= -4812 @ 0.278626
c bounds - >= -4800 @ 0.278926
c bounds - >= -4788 @ 0.279233
c bounds - >= -4776 @ 0.279532
c bounds - >= -4764 @ 0.279839
c bounds - >= -4752 @ 0.280136
c bounds - >= -4740 @ 0.280432
c bounds - >= -4728 @ 0.280723
c bounds - >= -4716 @ 0.281039
c bounds - >= -4704 @ 0.281335
c bounds - >= -4692 @ 0.281647
c bounds - >= -4680 @ 0.281945
c bounds - >= -4668 @ 0.282266
c bounds - >= -4656 @ 0.282557
c bounds - >= -4644 @ 0.282866
c bounds - >= -4632 @ 0.283156
c bounds - >= -4620 @ 0.283463
c bounds - >= -4608 @ 0.283755
c bounds - >= -4596 @ 0.284056
c bounds - >= -4584 @ 0.284348
c bounds - >= -4572 @ 0.284657
c bounds - >= -4560 @ 0.284943
c bounds - >= -4548 @ 0.285244
c bounds - >= -4536 @ 0.285538
c bounds - >= -4524 @ 0.285845
c bounds - >= -4512 @ 0.286143
c bounds - >= -4500 @ 0.286444
c bounds - >= -4488 @ 0.286737
c bounds - >= -4476 @ 0.287042
c bounds - >= -4464 @ 0.287329
c bounds - >= -4452 @ 0.287635
c bounds - >= -4440 @ 0.287922
c bounds - >= -4428 @ 0.288232
c bounds - >= -4416 @ 0.288298
c bounds - >= -4404 @ 0.288298
c bounds - >= -4392 @ 0.288298
c bounds - >= -4380 @ 0.288429
c bounds - >= -4368 @ 0.288726
c bounds - >= -4356 @ 0.289026
c bounds - >= -4344 @ 0.28931
c bounds - >= -4332 @ 0.289614
c bounds - >= -4320 @ 0.289905
c bounds - >= -4308 @ 0.290205
c bounds - >= -4296 @ 0.290499
c bounds - >= -4284 @ 0.290807
c bounds - >= -4272 @ 0.291103
c bounds - >= -4260 @ 0.292357
c bounds - >= -4248 @ 0.292814
c bounds - >= -4236 @ 0.293102
c bounds - >= -4224 @ 0.29339
c bounds - >= -4212 @ 0.29367
c bounds - >= -4200 @ 0.293944
c bounds - >= -4188 @ 0.294228
c bounds - >= -4176 @ 0.294287
c bounds - >= -4164 @ 0.294287
c bounds - >= -4152 @ 0.294287
c bounds - >= -4140 @ 0.294359
c bounds - >= -4128 @ 0.294632
c bounds - >= -4116 @ 0.294914
c bounds - >= -4104 @ 0.295191
c bounds - >= -4092 @ 0.295482
c bounds - >= -4080 @ 0.295767
c bounds - >= -4068 @ 0.296054
c bounds - >= -4056 @ 0.296328
c bounds - >= -4044 @ 0.296633
c bounds - >= -4032 @ 0.29691
c bounds - >= -4020 @ 0.2972
c bounds - >= -4008 @ 0.297476
c bounds - >= -3996 @ 0.297788
c bounds - >= -3984 @ 0.298062
c bounds - >= -3972 @ 0.298356
c bounds - >= -3960 @ 0.298405
c bounds - >= -3948 @ 0.298405
c bounds - >= -3936 @ 0.298405
c bounds - >= -3924 @ 0.298643
c bounds - >= -3912 @ 0.29889
c bounds - >= -3900 @ 0.299153
c bounds - >= -3888 @ 0.299386
c bounds - >= -3876 @ 0.299676
c bounds - >= -3864 @ 0.299947
c bounds - >= -3852 @ 0.300246
c bounds - >= -3840 @ 0.300525
c bounds - >= -3828 @ 0.300815
c bounds - >= -3816 @ 0.301081
c bounds - >= -3804 @ 0.301384
c bounds - >= -3792 @ 0.301658
c bounds - >= -3780 @ 0.301943
c bounds - >= -3768 @ 0.30221
c bounds - >= -3756 @ 0.30251
c bounds - >= -3744 @ 0.302781
c bounds - >= -3732 @ 0.30306
c bounds - >= -3720 @ 0.303329
c bounds - >= -3708 @ 0.303625
c bounds - >= -3696 @ 0.303889
c bounds - >= -3684 @ 0.304176
c bounds - >= -3672 @ 0.304441
c bounds - >= -3660 @ 0.304734
c bounds - >= -3648 @ 0.305008
c bounds - >= -3636 @ 0.305293
c bounds - >= -3624 @ 0.305559
c bounds - >= -3612 @ 0.305852
c bounds - >= -3600 @ 0.306115
c #Conflicts:       3000 | #Constraints:      18961
c #Conflicts:       4000 | #Constraints:      19961
c INPROCESSING
c GARBAGE COLLECT
c #Conflicts:       5000 | #Constraints:      18945
c #Conflicts:       6000 | #Constraints:      19945
c INPROCESSING
c GARBAGE COLLECT
c #Conflicts:       7000 | #Constraints:      18967
c #Conflicts:       8000 | #Constraints:      19967
c #Conflicts:       9000 | #Constraints:      20967
c INPROCESSING
c GARBAGE COLLECT
c #Conflicts:      10000 | #Constraints:      19689
c #Conflicts:      11000 | #Constraints:      20689
c #Conflicts:      12000 | #Constraints:      21689
c INPROCESSING
c GARBAGE COLLECT
c #Conflicts:      13000 | #Constraints:      20158
c bounds -2378 >= -3600 @ 1.4266
c bounds -2380 >= -3600 @ 1.43998
c #Conflicts:      14000 | #Constraints:      21160
c #Conflicts:      15000 | #Constraints:      22160
c #Conflicts:      16000 | #Constraints:      23160
c #Conflicts:      17000 | #Constraints:      24160
c bounds -2382 >= -3600 @ 4.8088
c bounds -2382 >= -3598 @ 4.80887
c bounds -2382 >= -3596 @ 4.8097
c bounds -2382 >= -3594 @ 4.80999
c bounds -2382 >= -3592 @ 4.81086
c bounds -2382 >= -3590 @ 4.81138
c bounds -2382 >= -3588 @ 4.81186
c bounds -2382 >= -3586 @ 4.81284
c bounds -2382 >= -3584 @ 4.8141
c bounds -2382 >= -3582 @ 4.81485
c bounds -2382 >= -3580 @ 4.81485
c bounds -2382 >= -3578 @ 4.81485
c bounds -2382 >= -3576 @ 4.81601
c bounds -2382 >= -3574 @ 4.81723
c bounds -2382 >= -3572 @ 4.81844
c bounds -2382 >= -3570 @ 4.81971
c bounds -2382 >= -3568 @ 4.81995
c bounds -2382 >= -3566 @ 4.82083
c bounds -2382 >= -3564 @ 4.82137
c bounds -2382 >= -3562 @ 4.82182
c bounds -2382 >= -3560 @ 4.82183
c bounds -2382 >= -3558 @ 4.82311
c bounds -2382 >= -3556 @ 4.82434
c bounds -2382 >= -3554 @ 4.82482
c bounds -2382 >= -3552 @ 4.82577
c bounds -2382 >= -3550 @ 4.82698
c bounds -2382 >= -3548 @ 4.82822
c bounds -2382 >= -3546 @ 4.82944
c bounds -2382 >= -3544 @ 4.8298
c bounds -2382 >= -3542 @ 4.83095
c bounds -2382 >= -3540 @ 4.83179
c bounds -2382 >= -3538 @ 4.83179
c bounds -2382 >= -3536 @ 4.83287
c bounds -2382 >= -3534 @ 4.83413
c bounds -2382 >= -3532 @ 4.83478
c bounds -2382 >= -3530 @ 4.83478
c bounds -2382 >= -3528 @ 4.8358
c bounds -2382 >= -3526 @ 4.83703
c bounds -2382 >= -3524 @ 4.83776
c bounds -2382 >= -3522 @ 4.8385
c bounds -2382 >= -3520 @ 4.83971
c bounds -2382 >= -3518 @ 4.84092
c bounds -2382 >= -3516 @ 4.84175
c bounds -2382 >= -3514 @ 4.84239
c bounds -2382 >= -3512 @ 4.84275
c bounds -2382 >= -3510 @ 4.84384
c bounds -2382 >= -3508 @ 4.84474
c bounds -2382 >= -3506 @ 4.84474
c bounds -2382 >= -3504 @ 4.84474
c bounds -2382 >= -3502 @ 4.84579
c bounds -2382 >= -3500 @ 4.84746
c bounds -2382 >= -3498 @ 4.84773
c bounds -2382 >= -3496 @ 4.84889
c bounds -2382 >= -3494 @ 4.85016
c bounds -2382 >= -3492 @ 4.85072
c bounds -2382 >= -3490 @ 4.85163
c bounds -2382 >= -3488 @ 4.85284
c bounds -2382 >= -3486 @ 4.85405
c bounds -2382 >= -3484 @ 4.85524
c bounds -2382 >= -3482 @ 4.85651
c bounds -2382 >= -3480 @ 4.85672
c bounds -2382 >= -3478 @ 4.85792
c bounds -2382 >= -3476 @ 4.85912
c bounds -2382 >= -3474 @ 4.8604
c bounds -2382 >= -3472 @ 4.8616
c bounds -2382 >= -3470 @ 4.86286
c bounds -2382 >= -3468 @ 4.86406
c bounds -2382 >= -3466 @ 4.86528
c bounds -2382 >= -3464 @ 4.86657
c bounds -2382 >= -3462 @ 4.86684
c bounds -2382 >= -3460 @ 4.86806
c bounds -2382 >= -3458 @ 4.86866
c bounds -2382 >= -3456 @ 4.86947
c bounds -2382 >= -3454 @ 4.86977
c bounds -2382 >= -3452 @ 4.87066
c bounds -2382 >= -3450 @ 4.87066
c bounds -2382 >= -3448 @ 4.87066
c bounds -2382 >= -3446 @ 4.87159
c bounds -2382 >= -3444 @ 4.87279
c bounds -2382 >= -3442 @ 4.874
c bounds -2382 >= -3440 @ 4.87464
c bounds -2382 >= -3438 @ 4.87465
c bounds -2382 >= -3436 @ 4.87473
c bounds -2382 >= -3434 @ 4.87595
c bounds -2382 >= -3432 @ 4.87664
c bounds -2382 >= -3430 @ 4.87664
c bounds -2382 >= -3428 @ 4.87664
c bounds -2382 >= -3426 @ 4.87784
c bounds -2382 >= -3424 @ 4.87863
c bounds -2382 >= -3422 @ 4.8793
c bounds -2382 >= -3420 @ 4.87961
c bounds -2382 >= -3418 @ 4.87974
c bounds -2382 >= -3416 @ 4.8806
c bounds -2382 >= -3414 @ 4.8806
c bounds -2382 >= -3412 @ 4.8806
c bounds -2382 >= -3410 @ 4.88069
c bounds -2382 >= -3408 @ 4.8816
c bounds -2382 >= -3406 @ 4.8816
c bounds -2382 >= -3404 @ 4.8816
c bounds -2382 >= -3402 @ 4.88255
c bounds -2382 >= -3400 @ 4.88378
c bounds -2382 >= -3398 @ 4.88499
c bounds -2382 >= -3396 @ 4.88559
c bounds -2382 >= -3394 @ 4.88559
c bounds -2382 >= -3392 @ 4.88578
c bounds -2382 >= -3390 @ 4.88658
c bounds -2382 >= -3388 @ 4.88718
c bounds -2382 >= -3386 @ 4.88843
c bounds -2382 >= -3384 @ 4.88867
c bounds -2382 >= -3382 @ 4.88983
c bounds -2382 >= -3380 @ 4.89108
c bounds -2382 >= -3378 @ 4.89157
c bounds -2382 >= -3376 @ 4.89157
c bounds -2382 >= -3374 @ 4.89275
c bounds -2382 >= -3372 @ 4.89394
c bounds -2382 >= -3370 @ 4.89525
c bounds -2382 >= -3368 @ 4.89645
c bounds -2382 >= -3366 @ 4.89672
c bounds -2382 >= -3364 @ 4.89755
c bounds -2382 >= -3362 @ 4.89755
c bounds -2382 >= -3360 @ 4.8987
c bounds -2382 >= -3358 @ 4.89954
c bounds -2382 >= -3356 @ 4.90014
c bounds -2382 >= -3354 @ 4.90053
c bounds -2382 >= -3352 @ 4.90064
c bounds -2382 >= -3350 @ 4.9018
c bounds -2382 >= -3348 @ 4.90253
c bounds -2382 >= -3346 @ 4.90253
c bounds -2382 >= -3344 @ 4.90351
c bounds -2382 >= -3342 @ 4.90473
c bounds -2382 >= -3340 @ 4.90552
c bounds -2382 >= -3338 @ 4.9062
c bounds -2382 >= -3336 @ 4.90739
c bounds -2382 >= -3334 @ 4.90861
c bounds -2382 >= -3332 @ 4.90945
c bounds -2382 >= -3330 @ 4.91008
c bounds -2382 >= -3328 @ 4.91129
c bounds -2382 >= -3326 @ 4.91157
c bounds -2382 >= -3324 @ 4.91244
c bounds -2382 >= -3322 @ 4.91297
c bounds -2382 >= -3320 @ 4.91344
c bounds -2382 >= -3318 @ 4.91344
c bounds -2382 >= -3316 @ 4.91458
c bounds -2382 >= -3314 @ 4.91578
c bounds -2382 >= -3312 @ 4.91643
c bounds -2382 >= -3310 @ 4.91643
c bounds -2382 >= -3308 @ 4.91643
c bounds -2382 >= -3306 @ 4.9177
c bounds -2382 >= -3304 @ 4.91843
c bounds -2382 >= -3302 @ 4.91843
c bounds -2382 >= -3300 @ 4.91938
c bounds -2382 >= -3298 @ 4.92059
c bounds -2382 >= -3296 @ 4.92142
c bounds -2382 >= -3294 @ 4.92142
c bounds -2382 >= -3292 @ 4.92224
c bounds -2382 >= -3290 @ 4.92349
c bounds -2382 >= -3288 @ 4.92467
c bounds -2382 >= -3286 @ 4.92587
c bounds -2382 >= -3284 @ 4.92712
c bounds -2382 >= -3282 @ 4.92831
c bounds -2382 >= -3280 @ 4.9295
c bounds -2382 >= -3278 @ 4.93039
c bounds -2382 >= -3276 @ 4.93097
c bounds -2382 >= -3274 @ 4.93218
c bounds -2382 >= -3272 @ 4.93238
c bounds -2382 >= -3270 @ 4.93363
c bounds -2382 >= -3268 @ 4.93438
c bounds -2382 >= -3266 @ 4.93438
c bounds -2382 >= -3264 @ 4.93438
c bounds -2382 >= -3262 @ 4.93558
c bounds -2382 >= -3260 @ 4.93637
c bounds -2382 >= -3258 @ 4.93697
c bounds -2382 >= -3256 @ 4.93816
c bounds -2382 >= -3254 @ 4.93838
c bounds -2382 >= -3252 @ 4.93961
c bounds -2382 >= -3250 @ 4.94035
c bounds -2382 >= -3248 @ 4.94036
c bounds -2382 >= -3246 @ 4.94125
c bounds -2382 >= -3244 @ 4.94248
c bounds -2382 >= -3242 @ 4.94335
c bounds -2382 >= -3240 @ 4.94335
c bounds -2382 >= -3238 @ 4.94335
c bounds -2382 >= -3236 @ 4.94437
c bounds -2382 >= -3234 @ 4.94558
c bounds -2382 >= -3232 @ 4.94677
c bounds -2382 >= -3230 @ 4.94733
c bounds -2382 >= -3228 @ 4.94824
c bounds -2382 >= -3226 @ 4.94855
c bounds -2382 >= -3224 @ 4.94933
c bounds -2382 >= -3222 @ 4.94993
c bounds -2382 >= -3220 @ 4.95033
c bounds -2382 >= -3218 @ 4.95033
c bounds -2382 >= -3216 @ 4.95155
c bounds -2382 >= -3214 @ 4.95275
c bounds -2382 >= -3212 @ 4.95332
c bounds -2382 >= -3210 @ 4.95332
c bounds -2382 >= -3208 @ 4.95385
c bounds -2382 >= -3206 @ 4.95432
c bounds -2382 >= -3204 @ 4.95531
c bounds -2382 >= -3202 @ 4.95651
c bounds -2382 >= -3200 @ 4.9577
c bounds -2382 >= -3198 @ 4.95896
c bounds -2382 >= -3196 @ 4.9593
c bounds -2382 >= -3194 @ 4.9604
c bounds -2382 >= -3192 @ 4.96129
c bounds -2382 >= -3190 @ 4.96129
c bounds -2382 >= -3188 @ 4.96197
c bounds -2382 >= -3186 @ 4.96322
c bounds -2382 >= -3184 @ 4.96441
c bounds -2382 >= -3182 @ 4.96565
c bounds -2382 >= -3180 @ 4.96683
c bounds -2382 >= -3178 @ 4.96727
c bounds -2382 >= -3176 @ 4.96825
c bounds -2382 >= -3174 @ 4.96952
c bounds -2382 >= -3172 @ 4.97026
c bounds -2382 >= -3170 @ 4.97098
c bounds -2382 >= -3168 @ 4.97219
c bounds -2382 >= -3166 @ 4.97339
c bounds -2382 >= -3164 @ 4.97425
c bounds -2382 >= -3162 @ 4.97425
c bounds -2382 >= -3160 @ 4.97425
c bounds -2382 >= -3158 @ 4.97463
c bounds -2382 >= -3156 @ 4.97525
c bounds -2382 >= -3154 @ 4.97604
c bounds -2382 >= -3152 @ 4.97625
c bounds -2382 >= -3150 @ 4.97652
c bounds -2382 >= -3148 @ 4.97779
c bounds -2382 >= -3146 @ 4.97905
c bounds -2382 >= -3144 @ 4.97932
c bounds -2382 >= -3142 @ 4.98023
c bounds -2382 >= -3140 @ 4.98078
c bounds -2382 >= -3138 @ 4.98199
c bounds -2382 >= -3136 @ 4.98222
c bounds -2382 >= -3134 @ 4.98246
c bounds -2382 >= -3132 @ 4.98322
c bounds -2382 >= -3130 @ 4.98322
c bounds -2382 >= -3128 @ 4.98411
c bounds -2382 >= -3126 @ 4.98539
c bounds -2382 >= -3124 @ 4.98663
c bounds -2382 >= -3122 @ 4.98783
c bounds -2382 >= -3120 @ 4.98904
c bounds -2382 >= -3118 @ 4.99032
c bounds -2382 >= -3116 @ 4.99119
c bounds -2382 >= -3114 @ 4.99175
c bounds -2382 >= -3112 @ 4.99303
c bounds -2382 >= -3110 @ 4.99429
c bounds -2382 >= -3108 @ 4.99557
c bounds -2382 >= -3106 @ 4.99686
c bounds -2382 >= -3104 @ 4.99823
c bounds -2382 >= -3102 @ 4.99953
c bounds -2382 >= -3100 @ 5.0009
c bounds -2382 >= -3098 @ 5.00141
c bounds -2382 >= -3096 @ 5.00305
c bounds -2382 >= -3094 @ 5.00324
c bounds -2382 >= -3092 @ 5.00415
c bounds -2382 >= -3090 @ 5.00464
c bounds -2382 >= -3088 @ 5.00515
c bounds -2382 >= -3086 @ 5.00515
c bounds -2382 >= -3084 @ 5.00631
c bounds -2382 >= -3082 @ 5.00714
c bounds -2382 >= -3080 @ 5.00776
c bounds -2382 >= -3078 @ 5.00896
c bounds -2382 >= -3076 @ 5.00922
c bounds -2382 >= -3074 @ 5.01036
c bounds -2382 >= -3072 @ 5.01161
c bounds -2382 >= -3070 @ 5.01212
c bounds -2382 >= -3068 @ 5.01212
c bounds -2382 >= -3066 @ 5.01236
c bounds -2382 >= -3064 @ 5.01312
c bounds -2382 >= -3062 @ 5.01374
c bounds -2382 >= -3060 @ 5.01493
c bounds -2382 >= -3058 @ 5.01524
c bounds -2382 >= -3056 @ 5.01636
c bounds -2382 >= -3054 @ 5.01755
c bounds -2382 >= -3052 @ 5.0181
c bounds -2382 >= -3050 @ 5.01893
c bounds -2382 >= -3048 @ 5.01926
c bounds -2382 >= -3046 @ 5.02047
c bounds -2382 >= -3044 @ 5.02165
c bounds -2382 >= -3042 @ 5.02284
c bounds -2382 >= -3040 @ 5.02404
c bounds -2382 >= -3038 @ 5.02531
c bounds -2382 >= -3036 @ 5.02607
c bounds -2382 >= -3034 @ 5.02671
c bounds -2382 >= -3032 @ 5.02791
c bounds -2382 >= -3030 @ 5.0292
c bounds -2382 >= -3028 @ 5.03005
c bounds -2382 >= -3026 @ 5.03058
c bounds -2382 >= -3024 @ 5.03105
c bounds -2382 >= -3022 @ 5.03201
c bounds -2382 >= -3020 @ 5.03325
c bounds -2382 >= -3018 @ 5.03444
c bounds -2382 >= -3016 @ 5.03594
c bounds -2382 >= -3014 @ 5.03719
c bounds -2382 >= -3012 @ 5.03803
c bounds -2382 >= -3010 @ 5.03862
c bounds -2382 >= -3008 @ 5.03902
c bounds -2382 >= -3006 @ 5.04007
c bounds -2382 >= -3004 @ 5.04126
c bounds -2382 >= -3002 @ 5.04244
c bounds -2382 >= -3000 @ 5.04369
c bounds -2382 >= -2998 @ 5.04495
c bounds -2382 >= -2996 @ 5.04614
c bounds -2382 >= -2994 @ 5.04733
c bounds -2382 >= -2992 @ 5.04794
c bounds -2382 >= -2990 @ 5.04794
c bounds -2382 >= -2988 @ 5.04895
c bounds -2382 >= -2986 @ 5.05015
c bounds -2382 >= -2984 @ 5.05135
c bounds -2382 >= -2982 @ 5.05193
c bounds -2382 >= -2980 @ 5.05193
c bounds -2382 >= -2978 @ 5.0531
c bounds -2382 >= -2976 @ 5.05428
c bounds -2382 >= -2974 @ 5.05492
c bounds -2382 >= -2972 @ 5.05575
c bounds -2382 >= -2970 @ 5.05694
c bounds -2382 >= -2968 @ 5.05791
c bounds -2382 >= -2966 @ 5.05791
c bounds -2382 >= -2964 @ 5.0589
c bounds -2382 >= -2962 @ 5.06014
c bounds -2382 >= -2960 @ 5.0609
c bounds -2382 >= -2958 @ 5.06149
c bounds -2382 >= -2956 @ 5.0619
c bounds -2382 >= -2954 @ 5.06292
c bounds -2382 >= -2952 @ 5.0641
c bounds -2382 >= -2950 @ 5.06489
c bounds -2382 >= -2948 @ 5.06556
c bounds -2382 >= -2946 @ 5.06588
c bounds -2382 >= -2944 @ 5.06695
c bounds -2382 >= -2942 @ 5.06813
c bounds -2382 >= -2940 @ 5.06939
c bounds -2382 >= -2938 @ 5.06987
c bounds -2382 >= -2936 @ 5.07077
c bounds -2382 >= -2934 @ 5.07203
c bounds -2382 >= -2932 @ 5.07327
c bounds -2382 >= -2930 @ 5.07445
c bounds -2382 >= -2928 @ 5.07485
c bounds -2382 >= -2926 @ 5.07485
c bounds -2382 >= -2924 @ 5.07585
c bounds -2382 >= -2922 @ 5.07585
c bounds -2382 >= -2920 @ 5.07585
c bounds -2382 >= -2918 @ 5.07585
c bounds -2382 >= -2916 @ 5.07603
c bounds -2382 >= -2914 @ 5.07685
c bounds -2382 >= -2912 @ 5.07685
c bounds -2382 >= -2910 @ 5.07685
c bounds -2382 >= -2908 @ 5.07694
c bounds -2382 >= -2906 @ 5.07809
c bounds -2382 >= -2904 @ 5.07934
c bounds -2382 >= -2902 @ 5.07984
c bounds -2382 >= -2900 @ 5.08087
c bounds -2382 >= -2898 @ 5.08236
c bounds -2382 >= -2896 @ 5.08355
c bounds -2382 >= -2894 @ 5.08479
c bounds -2382 >= -2892 @ 5.08598
c bounds -2382 >= -2890 @ 5.08681
c bounds -2382 >= -2888 @ 5.08738
c bounds -2382 >= -2886 @ 5.08864
c bounds -2382 >= -2884 @ 5.08902
c bounds -2382 >= -2882 @ 5.0898
c bounds -2382 >= -2880 @ 5.0898
c bounds -2382 >= -2878 @ 5.0898
c bounds -2382 >= -2876 @ 5.09102
c bounds -2382 >= -2874 @ 5.09258
c bounds -2382 >= -2872 @ 5.09288
c bounds -2382 >= -2870 @ 5.09423
c bounds -2382 >= -2868 @ 5.09548
c bounds -2382 >= -2866 @ 5.09578
c bounds -2382 >= -2864 @ 5.09592
c bounds -2382 >= -2862 @ 5.09711
c bounds -2382 >= -2860 @ 5.09777
c bounds -2382 >= -2858 @ 5.09777
c bounds -2382 >= -2856 @ 5.09876
c bounds -2382 >= -2854 @ 5.09995
c bounds -2382 >= -2852 @ 5.10122
c bounds -2382 >= -2850 @ 5.10241
c bounds -2382 >= -2848 @ 5.1036
c bounds -2382 >= -2846 @ 5.10387
c bounds -2382 >= -2844 @ 5.10513
c bounds -2382 >= -2842 @ 5.10574
c bounds -2382 >= -2840 @ 5.1066
c bounds -2382 >= -2838 @ 5.10686
c bounds -2382 >= -2836 @ 5.10802
c bounds -2382 >= -2834 @ 5.1092
c bounds -2382 >= -2832 @ 5.10973
c bounds -2382 >= -2830 @ 5.10973
c bounds -2382 >= -2828 @ 5.1109
c bounds -2382 >= -2826 @ 5.11208
c bounds -2382 >= -2824 @ 5.11325
c bounds -2382 >= -2822 @ 5.11445
c bounds -2382 >= -2820 @ 5.1157
c bounds -2382 >= -2818 @ 5.1169
c bounds -2382 >= -2816 @ 5.11815
c bounds -2382 >= -2814 @ 5.11871
c bounds -2382 >= -2812 @ 5.11961
c bounds -2382 >= -2810 @ 5.11988
c bounds -2382 >= -2808 @ 5.121
c bounds -2382 >= -2806 @ 5.12227
c bounds -2382 >= -2804 @ 5.12346
c bounds -2382 >= -2802 @ 5.12368
c bounds -2382 >= -2800 @ 5.12486
c bounds -2382 >= -2798 @ 5.12568
c bounds -2382 >= -2796 @ 5.12568
c bounds -2382 >= -2794 @ 5.12651
c bounds -2382 >= -2792 @ 5.12746
c bounds -2382 >= -2790 @ 5.12797
c bounds -2382 >= -2788 @ 5.12867
c bounds -2382 >= -2786 @ 5.12867
c bounds -2382 >= -2784 @ 5.12867
c bounds -2382 >= -2782 @ 5.12979
c bounds -2382 >= -2780 @ 5.13066
c bounds -2382 >= -2778 @ 5.13066
c bounds -2382 >= -2776 @ 5.13066
c bounds -2382 >= -2774 @ 5.13151
c bounds -2382 >= -2772 @ 5.13195
c bounds -2382 >= -2770 @ 5.13266
c bounds -2382 >= -2768 @ 5.13266
c bounds -2382 >= -2766 @ 5.13359
c bounds -2382 >= -2764 @ 5.13383
c bounds -2382 >= -2762 @ 5.13465
c bounds -2382 >= -2760 @ 5.13465
c bounds -2382 >= -2758 @ 5.13465
c bounds -2382 >= -2756 @ 5.13565
c bounds -2382 >= -2754 @ 5.13684
c bounds -2382 >= -2752 @ 5.13764
c bounds -2382 >= -2750 @ 5.13831
c bounds -2382 >= -2748 @ 5.13949
c bounds -2382 >= -2746 @ 5.13983
c bounds -2382 >= -2744 @ 5.14096
c bounds -2382 >= -2742 @ 5.14216
c bounds -2382 >= -2740 @ 5.14335
c bounds -2382 >= -2738 @ 5.14362
c bounds -2382 >= -2736 @ 5.14487
c bounds -2382 >= -2734 @ 5.14612
c bounds -2382 >= -2732 @ 5.14731
c bounds -2382 >= -2730 @ 5.1485
c bounds -2382 >= -2728 @ 5.14876
c bounds -2382 >= -2726 @ 5.1499
c bounds -2382 >= -2724 @ 5.1506
c bounds -2382 >= -2722 @ 5.15141
c bounds -2382 >= -2720 @ 5.15169
c bounds -2382 >= -2718 @ 5.15259
c bounds -2382 >= -2716 @ 5.15305
c bounds -2382 >= -2714 @ 5.15359
c bounds -2382 >= -2712 @ 5.15359
c bounds -2382 >= -2710 @ 5.15474
c bounds -2382 >= -2708 @ 5.15594
c bounds -2382 >= -2706 @ 5.15745
c bounds -2382 >= -2704 @ 5.15865
c bounds -2382 >= -2702 @ 5.15993
c bounds -2382 >= -2700 @ 5.16111
c bounds -2382 >= -2698 @ 5.16721
c bounds -2382 >= -2696 @ 5.2362
c bounds -2382 >= -2694 @ 5.25218
c bounds -2382 >= -2692 @ 5.25903
c bounds -2382 >= -2690 @ 5.26446
c bounds -2382 >= -2688 @ 5.26829
c bounds -2382 >= -2686 @ 5.27785
c bounds -2382 >= -2684 @ 5.28374
c bounds -2382 >= -2682 @ 5.2871
c bounds -2382 >= -2680 @ 5.29451
c bounds -2382 >= -2678 @ 5.29998
c bounds -2382 >= -2676 @ 5.30873
c bounds -2382 >= -2674 @ 5.31397
c bounds -2382 >= -2672 @ 5.31658
c #Conflicts:      18000 | #Constraints:      26556
c bounds -2382 >= -2670 @ 5.32299
c bounds -2382 >= -2668 @ 5.33002
c bounds -2382 >= -2666 @ 5.33724
c bounds -2382 >= -2664 @ 5.34187
c bounds -2382 >= -2662 @ 5.35318
c bounds -2382 >= -2660 @ 5.35905
c bounds -2382 >= -2658 @ 5.36998
c bounds -2382 >= -2656 @ 5.3739
c bounds -2382 >= -2654 @ 5.37869
c bounds -2382 >= -2652 @ 5.3893
c bounds -2382 >= -2650 @ 5.39666
c bounds -2382 >= -2648 @ 5.40863
c bounds -2382 >= -2646 @ 5.41953
c #Conflicts:      19000 | #Constraints:      27604
c bounds -2382 >= -2644 @ 5.42669
c bounds -2382 >= -2642 @ 5.43206
c bounds -2382 >= -2640 @ 5.43959
c bounds -2382 >= -2638 @ 5.44958
c bounds -2382 >= -2636 @ 5.46013
c bounds -2382 >= -2634 @ 5.46537
c bounds -2382 >= -2632 @ 5.474
c bounds -2382 >= -2630 @ 5.48065
c bounds -2382 >= -2628 @ 5.48274
c bounds -2382 >= -2626 @ 5.4873
c bounds -2382 >= -2624 @ 5.49092
c bounds -2382 >= -2622 @ 5.49648
c bounds -2382 >= -2620 @ 5.50157
c bounds -2382 >= -2618 @ 5.50992
c #Conflicts:      20000 | #Constraints:      28649
c bounds -2382 >= -2616 @ 5.5194
c bounds -2382 >= -2614 @ 5.52612
c bounds -2382 >= -2612 @ 5.53156
c bounds -2382 >= -2610 @ 5.5441
c INPROCESSING
c GARBAGE COLLECT
c bounds -2382 >= -2608 @ 5.58813
c bounds -2382 >= -2606 @ 5.59724
c bounds -2382 >= -2604 @ 5.60681
c bounds -2382 >= -2602 @ 5.6112
c bounds -2382 >= -2600 @ 5.61454
c bounds -2382 >= -2598 @ 5.61678
c bounds -2382 >= -2596 @ 5.62176
c #Conflicts:      21000 | #Constraints:      23744
c bounds -2382 >= -2594 @ 5.63005
c bounds -2382 >= -2592 @ 5.63571
c bounds -2382 >= -2590 @ 5.64095
c bounds -2382 >= -2588 @ 5.64494
c bounds -2382 >= -2586 @ 5.64946
c bounds -2382 >= -2584 @ 5.65343
c bounds -2382 >= -2582 @ 5.65673
c bounds -2382 >= -2580 @ 5.66058
c bounds -2382 >= -2578 @ 5.66756
c bounds -2382 >= -2576 @ 5.67111
c bounds -2382 >= -2574 @ 5.67813
c bounds -2382 >= -2572 @ 5.68204
c bounds -2382 >= -2570 @ 5.68948
c bounds -2382 >= -2568 @ 5.69418
c #Conflicts:      22000 | #Constraints:      24786
c bounds -2382 >= -2566 @ 5.70219
c bounds -2382 >= -2564 @ 5.70642
c bounds -2382 >= -2562 @ 5.7134
c bounds -2382 >= -2560 @ 5.73106
c bounds -2382 >= -2558 @ 5.75452
c bounds -2382 >= -2556 @ 5.76024
c bounds -2382 >= -2554 @ 5.7714
c #Conflicts:      23000 | #Constraints:      25807
c bounds -2382 >= -2552 @ 5.77718
c bounds -2382 >= -2550 @ 5.78017
c bounds -2382 >= -2548 @ 5.78455
c bounds -2382 >= -2546 @ 5.78829
c bounds -2382 >= -2544 @ 5.79408
c bounds -2382 >= -2542 @ 5.7984
c bounds -2382 >= -2540 @ 5.80517
c bounds -2382 >= -2538 @ 5.81226
c bounds -2382 >= -2536 @ 5.817
c bounds -2382 >= -2534 @ 5.82239
c bounds -2382 >= -2532 @ 5.82623
c bounds -2382 >= -2530 @ 5.83196
c bounds -2382 >= -2528 @ 5.83832
c #Conflicts:      24000 | #Constraints:      26846
c bounds -2382 >= -2526 @ 5.84292
c bounds -2382 >= -2524 @ 5.87579
c INPROCESSING
c GARBAGE COLLECT
c bounds -2382 >= -2522 @ 5.89908
c bounds -2382 >= -2520 @ 5.9042
c bounds -2382 >= -2518 @ 5.91558
c bounds -2382 >= -2516 @ 5.91993
c bounds -2382 >= -2514 @ 5.92462
c #Conflicts:      25000 | #Constraints:      23059
c bounds -2382 >= -2512 @ 5.93052
c bounds -2382 >= -2510 @ 5.93379
c bounds -2382 >= -2508 @ 5.93882
c bounds -2382 >= -2506 @ 5.94349
c bounds -2382 >= -2504 @ 5.9485
c bounds -2382 >= -2502 @ 5.95579
c bounds -2382 >= -2500 @ 5.96193
c bounds -2382 >= -2498 @ 5.9714
c bounds -2382 >= -2496 @ 5.97783
c bounds -2382 >= -2494 @ 5.9848
c bounds -2382 >= -2492 @ 5.98991
c bounds -2382 >= -2490 @ 5.99695
c #Conflicts:      26000 | #Constraints:      24098
c bounds -2382 >= -2488 @ 6.00244
c bounds -2382 >= -2486 @ 6.01655
c bounds -2382 >= -2484 @ 6.02224
c bounds -2382 >= -2482 @ 6.0272
c bounds -2382 >= -2480 @ 6.03019
c bounds -2382 >= -2478 @ 6.03817
c bounds -2382 >= -2476 @ 6.04257
c bounds -2382 >= -2474 @ 6.04514
c #Conflicts:      27000 | #Constraints:      25122
c bounds -2382 >= -2472 @ 6.08501
c bounds -2382 >= -2470 @ 6.12019
c bounds -2382 >= -2468 @ 6.12797
c bounds -2382 >= -2466 @ 6.13218
c bounds -2382 >= -2464 @ 6.13947
c bounds -2382 >= -2462 @ 6.14574
c bounds -2382 >= -2460 @ 6.15765
c #Conflicts:      28000 | #Constraints:      26143
c bounds -2382 >= -2458 @ 6.16609
c bounds -2382 >= -2456 @ 6.17061
c bounds -2382 >= -2454 @ 6.17556
c bounds -2382 >= -2452 @ 6.18968
c bounds -2382 >= -2450 @ 6.20491
c bounds -2382 >= -2448 @ 6.21364
c bounds -2382 >= -2446 @ 6.22166
c bounds -2382 >= -2444 @ 6.22894
c bounds -2382 >= -2442 @ 6.23443
c #Conflicts:      29000 | #Constraints:      27170
c bounds -2382 >= -2440 @ 6.24389
c bounds -2382 >= -2438 @ 6.25779
c bounds -2382 >= -2436 @ 6.26162
c bounds -2382 >= -2434 @ 6.29469
c bounds -2382 >= -2432 @ 6.30014
c bounds -2382 >= -2430 @ 6.30526
c #Conflicts:      30000 | #Constraints:      28188
c bounds -2382 >= -2428 @ 6.31804
c bounds -2382 >= -2426 @ 6.3222
c bounds -2382 >= -2424 @ 6.32643
c bounds -2382 >= -2422 @ 6.37009
c bounds -2382 >= -2420 @ 6.39261
c #Conflicts:      31000 | #Constraints:      29203
c bounds -2382 >= -2418 @ 6.47941
c bounds -2382 >= -2416 @ 6.4967
c #Conflicts:      32000 | #Constraints:      30209
c bounds -2382 >= -2414 @ 6.55911
c bounds -2382 >= -2412 @ 6.56605
c bounds -2382 >= -2410 @ 6.60893
c bounds -2382 >= -2408 @ 6.61784
c bounds -2382 >= -2406 @ 6.62985
c bounds -2382 >= -2404 @ 6.64088
c #Conflicts:      33000 | #Constraints:      31227
c bounds -2382 >= -2402 @ 6.67563
c bounds -2382 >= -2400 @ 6.68981
c bounds -2400 >= -2400 @ 6.69602
c cpu time 6.69603 s
c deterministic time 566154831 5.66e+08
c optimization time 0.252688 s
c total solve time 6.38686 s
c core-guided solve time 2.46867 s
c propagation time 3.91941 s
c conflict analysis time 1.69504 s
c propagations 6209768
c resolve steps 765375
c decisions 977622
c conflicts 33327
c restarts 123
c inprocessing phases 7
c input clauses 15752
c input cardinalities 1510
c input general constraints 2114
c input average constraint length 101.07
c input average constraint degree 126.16
c learned clauses 19543
c learned cardinalities 863
c learned general constraints 12921
c learned average constraint length 125.17
c learned average constraint degree 710674.92
c watched constraints 2899
c counting constraints 12136
c gcd simplifications 1594
c detected cardinalities 225
c weakened non-implied lits 266389
c weakened non-implying lits 392
c original variables 6750
c clausal propagations 3479737
c cardinality propagations 462155
c watched propagations 228348
c counting propagations 1957595
c watch lookups 22298424
c watch backjump lookups 10479612
c watch checks 443245958
c propagation checks 66526473
c constraint additions 9196926
c trail pops 7220047
c formula constraints 15596
c learned constraints 33327
c bound constraints 1650
c core-guided constraints 2130
c encountered formula constraints 672430
c encountered learned constraints 111887
c encountered bound constraints 73
c encountered core-guided constraints 14312
c LP total time 0 s
c LP solve time 0 s
c LP constraints added 0
c LP constraints removed 0
c LP pivots internal 0
c LP pivots root 0
c LP calls 0
c LP optimalities 0
c LP no pivot count 0
c LP infeasibilities 0
c LP valid Farkas constraints 0
c LP learned Farkas constraints 0
c LP basis resets 0
c LP cycling count 0
c LP singular count 0
c LP no primal count 0
c LP no farkas count 0
c LP other issue count 0
c LP Gomory cuts 0
c LP learned cuts 0
c LP deleted cuts 0
c LP encountered Gomory constraints 0
c LP encountered Farkas constraints 0
c LP encountered learned Farkas constraints 0
c CG auxiliary variables introduced 1060
c CG solutions found 4
c CG cores constructed 1050
c CG core cardinality constraints returned 450
c CG unit cores 0
c CG single cores 1050
c CG blocks removed during cardinality reduction 0
c CG first core best 0
c CG decision core best 0
c CG core reduction tie 0
c CG core degree average 1.86
c CG core slack average 1.21
o -2400
s OPTIMUM FOUND
