c RoundingSat 2
c branch 
c commit 
c #variables 1350 #constraints 2936
c bounds - >= -1800 @ 0.008766
c bounds 0 >= -1800 @ 0.009788
c bounds 0 >= -1788 @ 0.010016
c bounds 0 >= -1776 @ 0.010074
c bounds 0 >= -1764 @ 0.010074
c bounds 0 >= -1752 @ 0.010074
c bounds 0 >= -1740 @ 0.010074
c bounds 0 >= -1728 @ 0.010074
c bounds 0 >= -1716 @ 0.010074
c bounds 0 >= -1704 @ 0.010074
c bounds 0 >= -1692 @ 0.010074
c bounds 0 >= -1680 @ 0.010074
c bounds 0 >= -1668 @ 0.010093
c bounds 0 >= -1656 @ 0.010127
c bounds 0 >= -1644 @ 0.010156
c bounds 0 >= -1632 @ 0.010187
c bounds 0 >= -1620 @ 0.010218
c bounds 0 >= -1608 @ 0.010279
c bounds 0 >= -1596 @ 0.010348
c bounds 0 >= -1584 @ 0.010418
c bounds 0 >= -1572 @ 0.01049
c bounds 0 >= -1560 @ 0.010561
c bounds 0 >= -1548 @ 0.01063
c bounds 0 >= -1536 @ 0.0107
c bounds 0 >= -1524 @ 0.010771
c bounds 0 >= -1512 @ 0.010842
c bounds 0 >= -1500 @ 0.010908
c bounds 0 >= -1488 @ 0.010977
c bounds 0 >= -1476 @ 0.011048
c bounds 0 >= -1464 @ 0.011117
c bounds 0 >= -1452 @ 0.011169
c bounds 0 >= -1440 @ 0.01122
c bounds 0 >= -1428 @ 0.01129
c bounds 0 >= -1416 @ 0.011358
c bounds 0 >= -1404 @ 0.011423
c bounds 0 >= -1392 @ 0.011495
c bounds 0 >= -1380 @ 0.011563
c bounds 0 >= -1368 @ 0.011632
c bounds 0 >= -1356 @ 0.011698
c bounds 0 >= -1344 @ 0.011766
c bounds 0 >= -1332 @ 0.011835
c bounds 0 >= -1320 @ 0.011902
c bounds 0 >= -1308 @ 0.011967
c bounds 0 >= -1296 @ 0.012033
c bounds 0 >= -1284 @ 0.012101
c bounds 0 >= -1272 @ 0.01214
c bounds 0 >= -1260 @ 0.012198
c bounds 0 >= -1248 @ 0.012265
c bounds 0 >= -1236 @ 0.012337
c bounds 0 >= -1224 @ 0.012401
c bounds 0 >= -1212 @ 0.012467
c bounds 0 >= -1200 @ 0.012536
c bounds 0 >= -1188 @ 0.012603
c bounds 0 >= -1176 @ 0.012667
c bounds 0 >= -1164 @ 0.012735
c bounds 0 >= -1152 @ 0.012812
c bounds 0 >= -1140 @ 0.012897
c bounds 0 >= -1128 @ 0.012977
c bounds 0 >= -1116 @ 0.01305
c bounds 0 >= -1104 @ 0.0131
c bounds 0 >= -1092 @ 0.013181
c bounds 0 >= -1080 @ 0.013253
c bounds 0 >= -1068 @ 0.013362
c bounds 0 >= -1056 @ 0.013431
c bounds 0 >= -1044 @ 0.013503
c bounds 0 >= -1032 @ 0.013572
c bounds 0 >= -1020 @ 0.013643
c bounds 0 >= -1008 @ 0.01371
c bounds 0 >= -996 @ 0.013812
c bounds 0 >= -984 @ 0.013891
c bounds 0 >= -972 @ 0.013962
c bounds 0 >= -960 @ 0.014029
c bounds 0 >= -948 @ 0.014074
c bounds 0 >= -936 @ 0.014133
c bounds 0 >= -924 @ 0.0142
c bounds 0 >= -912 @ 0.014268
c bounds 0 >= -900 @ 0.014334
c bounds 0 >= -888 @ 0.014397
c bounds 0 >= -876 @ 0.014465
c bounds 0 >= -864 @ 0.01453
c bounds 0 >= -852 @ 0.0146
c bounds 0 >= -840 @ 0.014662
c bounds 0 >= -828 @ 0.014725
c bounds 0 >= -816 @ 0.014753
c bounds 0 >= -804 @ 0.014753
c bounds 0 >= -792 @ 0.01476
c bounds 0 >= -780 @ 0.014792
c bounds 0 >= -768 @ 0.014825
c bounds 0 >= -756 @ 0.014854
c bounds 0 >= -744 @ 0.014884
c bounds 0 >= -732 @ 0.014916
c bounds 0 >= -720 @ 0.014946
c bounds -468 >= -720 @ 0.017115
c bounds -470 >= -720 @ 0.018477
c bounds -472 >= -720 @ 0.023597
c bounds -472 >= -718 @ 0.02387
c bounds -472 >= -716 @ 0.024119
c bounds -472 >= -714 @ 0.024373
c bounds -472 >= -712 @ 0.024618
c bounds -472 >= -710 @ 0.024849
c bounds -472 >= -708 @ 0.025096
c bounds -472 >= -706 @ 0.025341
c bounds -472 >= -704 @ 0.025583
c bounds -472 >= -702 @ 0.025818
c bounds -472 >= -700 @ 0.026055
c bounds -472 >= -698 @ 0.0263
c bounds -472 >= -696 @ 0.026543
c bounds -472 >= -694 @ 0.026786
c bounds -472 >= -692 @ 0.027019
c bounds -472 >= -690 @ 0.027269
c bounds -472 >= -688 @ 0.02751
c bounds -472 >= -686 @ 0.027754
c bounds -472 >= -684 @ 0.027984
c bounds -472 >= -682 @ 0.028228
c bounds -472 >= -680 @ 0.028475
c bounds -472 >= -678 @ 0.028724
c bounds -472 >= -676 @ 0.028972
c bounds -472 >= -674 @ 0.02922
c bounds -472 >= -672 @ 0.029486
c bounds -472 >= -670 @ 0.029808
c bounds -472 >= -668 @ 0.030056
c bounds -472 >= -666 @ 0.030299
c bounds -472 >= -664 @ 0.030539
c bounds -472 >= -662 @ 0.030769
c bounds -472 >= -660 @ 0.031017
c bounds -472 >= -658 @ 0.031258
c bounds -472 >= -656 @ 0.031496
c bounds -472 >= -654 @ 0.031719
c bounds -472 >= -652 @ 0.03173
c bounds -472 >= -650 @ 0.03173
c bounds -472 >= -648 @ 0.03173
c bounds -472 >= -646 @ 0.03173
c bounds -472 >= -644 @ 0.031973
c bounds -472 >= -642 @ 0.032217
c bounds -472 >= -640 @ 0.032456
c bounds -472 >= -638 @ 0.032698
c bounds -472 >= -636 @ 0.032738
c bounds -472 >= -634 @ 0.032738
c bounds -472 >= -632 @ 0.032738
c bounds -472 >= -630 @ 0.032738
c bounds -472 >= -628 @ 0.032921
c bounds -472 >= -626 @ 0.033163
c bounds -472 >= -624 @ 0.0334
c bounds -472 >= -622 @ 0.03364
c bounds -472 >= -620 @ 0.033743
c bounds -472 >= -618 @ 0.033743
c bounds -472 >= -616 @ 0.033743
c bounds -472 >= -614 @ 0.033743
c bounds -472 >= -612 @ 0.033859
c bounds -472 >= -610 @ 0.034104
c bounds -472 >= -608 @ 0.034341
c bounds -472 >= -606 @ 0.034585
c bounds -472 >= -604 @ 0.034816
c bounds -472 >= -602 @ 0.035057
c bounds -472 >= -600 @ 0.035301
c bounds -472 >= -598 @ 0.035587
c bounds -472 >= -596 @ 0.035822
c bounds -472 >= -594 @ 0.036063
c bounds -472 >= -592 @ 0.0363
c bounds -472 >= -590 @ 0.036541
c bounds -472 >= -588 @ 0.036717
c bounds -472 >= -586 @ 0.036717
c bounds -472 >= -584 @ 0.036717
c bounds -472 >= -582 @ 0.036717
c bounds -472 >= -580 @ 0.036764
c bounds -472 >= -578 @ 0.037007
c bounds -472 >= -576 @ 0.037251
c bounds -472 >= -574 @ 0.037495
c bounds -472 >= -572 @ 0.037718
c bounds -472 >= -570 @ 0.037727
c bounds -472 >= -568 @ 0.037727
c bounds -472 >= -566 @ 0.037727
c bounds -472 >= -564 @ 0.037727
c bounds -472 >= -562 @ 0.037745
c bounds -472 >= -560 @ 0.037745
c bounds -472 >= -558 @ 0.037745
c bounds -472 >= -556 @ 0.037745
c bounds -472 >= -554 @ 0.037763
c bounds -472 >= -552 @ 0.037763
c bounds -472 >= -550 @ 0.037763
c bounds -472 >= -548 @ 0.037763
c bounds -472 >= -546 @ 0.037781
c bounds -472 >= -544 @ 0.037781
c bounds -472 >= -542 @ 0.037781
c bounds -472 >= -540 @ 0.037827
c bounds -472 >= -538 @ 0.040773
c bounds -474 >= -538 @ 0.075014
c bounds -474 >= -536 @ 0.077038
c bounds -474 >= -534 @ 0.077456
c bounds -474 >= -532 @ 0.078212
c bounds -474 >= -530 @ 0.081449
c bounds -474 >= -528 @ 0.085748
c bounds -474 >= -526 @ 0.089749
c bounds -474 >= -524 @ 0.094366
c bounds -474 >= -522 @ 0.100326
c bounds -474 >= -520 @ 0.103292
c #Conflicts:       1000 | #Constraints:       4513
c bounds -474 >= -518 @ 0.114403
c bounds -474 >= -516 @ 0.11725
c bounds -474 >= -514 @ 0.121937
c bounds -474 >= -512 @ 0.132041
c #Conflicts:       2000 | #Constraints:       5561
c INPROCESSING
c GARBAGE COLLECT
c bounds -474 >= -510 @ 0.368126
c bounds -474 >= -508 @ 0.374484
c bounds -474 >= -506 @ 0.386374
c bounds -474 >= -504 @ 0.404093
c bounds -474 >= -502 @ 0.410867
c bounds -474 >= -500 @ 0.413745
c bounds -474 >= -498 @ 0.416675
c bounds -474 >= -496 @ 0.437786
c bounds -474 >= -494 @ 0.457975
c #Conflicts:       3000 | #Constraints:       5463
agation checks 5651645
c constraint additions 683947
c trail pops 462159
c formula constraints 2936
c learned constraints 3614
c bound constraints 314
c core-guided constraints 504
c encountered formula constraints 26681
c encountered learned constraints 8309
c encountered bound constraints 78
c encountered core-guided constraints 4580
c LP total time 0 s
c LP solve time 0 s
c LP constraints added 0
c LP constraints removed 0
c LP pivots internal 0
c LP pivots root 0
c LP calls 0
c LP optimalities 0
c LP no pivot count 0
c LP infeasibilities 0
c LP valid Farkas constraints 0
c LP learned Farkas constraints 0
c LP basis resets 0
c LP cycling count 0
c LP singular count 0
c LP no primal count 0
c LP no farkas count 0
c LP other issue count 0
c LP Gomory cuts 0
c LP learned cuts 0
c LP deleted cuts 0
c LP encountered Gomory constraints 0
c LP encountered Farkas constraints 0
c LP encountered learned Farkas constraints 0
c CG auxiliary variables introduced 238
c CG solutions found 6
c CG cores constructed 210
c CG core cardinality constraints returned 90
c CG unit cores 0
c CG single cores 210
c CG blocks removed during cardinality reduction 0
c CG first core best 0
c CG decision core best 0
c CG core reduction tie 0
c CG core degree average 1.86
c CG core slack average 1.56
o -480
s OPTIMUM FOUND
