c RoundingSat 2
c branch 
c commit 
c #variables 1350 #constraints 2936
c bounds - >= -1800 @ 0.007621
c bounds 0 >= -1800 @ 0.008009
c bounds 0 >= -1788 @ 0.008232
c bounds 0 >= -1776 @ 0.008328
c bounds 0 >= -1764 @ 0.008406
c bounds 0 >= -1752 @ 0.008482
c bounds 0 >= -1740 @ 0.008554
c bounds 0 >= -1728 @ 0.008629
c bounds 0 >= -1716 @ 0.008705
c bounds 0 >= -1704 @ 0.008779
c bounds 0 >= -1692 @ 0.008848
c bounds 0 >= -1680 @ 0.008878
c bounds 0 >= -1668 @ 0.008889
c bounds 0 >= -1656 @ 0.008889
c bounds 0 >= -1644 @ 0.008889
c bounds 0 >= -1632 @ 0.008889
c bounds 0 >= -1620 @ 0.008889
c bounds 0 >= -1608 @ 0.008889
c bounds 0 >= -1596 @ 0.008889
c bounds 0 >= -1584 @ 0.008889
c bounds 0 >= -1572 @ 0.008889
c bounds 0 >= -1560 @ 0.008889
c bounds 0 >= -1548 @ 0.008889
c bounds 0 >= -1536 @ 0.008889
c bounds 0 >= -1524 @ 0.008889
c bounds 0 >= -1512 @ 0.008889
c bounds 0 >= -1500 @ 0.008935
c bounds 0 >= -1488 @ 0.009007
c bounds 0 >= -1476 @ 0.009077
c bounds 0 >= -1464 @ 0.009147
c bounds 0 >= -1452 @ 0.009215
c bounds 0 >= -1440 @ 0.009284
c bounds 0 >= -1428 @ 0.009353
c bounds 0 >= -1416 @ 0.009422
c bounds 0 >= -1404 @ 0.009487
c bounds 0 >= -1392 @ 0.009554
c bounds 0 >= -1380 @ 0.009623
c bounds 0 >= -1368 @ 0.009691
c bounds 0 >= -1356 @ 0.009756
c bounds 0 >= -1344 @ 0.009824
c bounds 0 >= -1332 @ 0.009889
c bounds 0 >= -1320 @ 0.009958
c bounds 0 >= -1308 @ 0.010026
c bounds 0 >= -1296 @ 0.010094
c bounds 0 >= -1284 @ 0.010161
c bounds 0 >= -1272 @ 0.010231
c bounds 0 >= -1260 @ 0.010298
c bounds 0 >= -1248 @ 0.010365
c bounds 0 >= -1236 @ 0.010435
c bounds 0 >= -1224 @ 0.010499
c bounds 0 >= -1212 @ 0.010565
c bounds 0 >= -1200 @ 0.010634
c bounds 0 >= -1188 @ 0.0107
c bounds 0 >= -1176 @ 0.010763
c bounds 0 >= -1164 @ 0.010831
c bounds 0 >= -1152 @ 0.010911
c bounds 0 >= -1140 @ 0.010999
c bounds 0 >= -1128 @ 0.011077
c bounds 0 >= -1116 @ 0.011149
c bounds 0 >= -1104 @ 0.011219
c bounds 0 >= -1092 @ 0.011314
c bounds 0 >= -1080 @ 0.011389
c bounds 0 >= -1068 @ 0.01149
c bounds 0 >= -1056 @ 0.011558
c bounds 0 >= -1044 @ 0.01163
c bounds 0 >= -1032 @ 0.011698
c bounds 0 >= -1020 @ 0.011768
c bounds 0 >= -1008 @ 0.011836
c bounds 0 >= -996 @ 0.011929
c bounds 0 >= -984 @ 0.012011
c bounds 0 >= -972 @ 0.01208
c bounds 0 >= -960 @ 0.012147
c bounds 0 >= -948 @ 0.012216
c bounds 0 >= -936 @ 0.012279
c bounds 0 >= -924 @ 0.01235
c bounds 0 >= -912 @ 0.012416
c bounds 0 >= -900 @ 0.012483
c bounds 0 >= -888 @ 0.012549
c bounds 0 >= -876 @ 0.012613
c bounds 0 >= -864 @ 0.012678
c bounds 0 >= -852 @ 0.012749
c bounds 0 >= -840 @ 0.012811
c bounds 0 >= -828 @ 0.012859
c bounds 0 >= -816 @ 0.012859
c bounds 0 >= -804 @ 0.012859
c bounds 0 >= -792 @ 0.012859
c bounds 0 >= -780 @ 0.012859
c bounds 0 >= -768 @ 0.012859
c bounds 0 >= -756 @ 0.012859
c bounds 0 >= -744 @ 0.012859
c bounds 0 >= -732 @ 0.012859
c bounds 0 >= -720 @ 0.012859
c bounds -436 >= -720 @ 0.017833
c bounds -438 >= -720 @ 0.01883
c bounds -440 >= -720 @ 0.077997
c bounds -440 >= -718 @ 0.078321
c bounds -440 >= -716 @ 0.078578
c bounds -440 >= -714 @ 0.078833
c bounds -440 >= -712 @ 0.079083
c bounds -440 >= -710 @ 0.07935
c bounds -440 >= -708 @ 0.079555
c bounds -440 >= -706 @ 0.079555
c bounds -440 >= -704 @ 0.079555
c bounds -440 >= -702 @ 0.079555
c bounds -440 >= -700 @ 0.079609
c bounds -440 >= -698 @ 0.079863
c bounds -440 >= -696 @ 0.080108
c bounds -440 >= -694 @ 0.080362
c bounds -440 >= -692 @ 0.080553
c bounds -440 >= -690 @ 0.080553
c bounds -440 >= -688 @ 0.080553
c bounds -440 >= -686 @ 0.080553
c bounds -440 >= -684 @ 0.080639
c bounds -440 >= -682 @ 0.080893
c bounds -440 >= -680 @ 0.081143
c bounds -440 >= -678 @ 0.081399
c bounds -440 >= -676 @ 0.081655
c bounds -440 >= -674 @ 0.081911
c bounds -440 >= -672 @ 0.082168
c bounds -440 >= -670 @ 0.082417
c bounds -440 >= -668 @ 0.082668
c bounds -440 >= -666 @ 0.082919
c bounds -440 >= -664 @ 0.083168
c bounds -440 >= -662 @ 0.08342
c bounds -440 >= -660 @ 0.083545
c bounds -440 >= -658 @ 0.083545
c bounds -440 >= -656 @ 0.083545
c bounds -440 >= -654 @ 0.083545
c bounds -440 >= -652 @ 0.083546
c bounds -440 >= -650 @ 0.083546
c bounds -440 >= -648 @ 0.083546
c bounds -440 >= -646 @ 0.083546
c bounds -440 >= -644 @ 0.083693
c bounds -440 >= -642 @ 0.083974
c bounds -440 >= -640 @ 0.084228
c bounds -440 >= -638 @ 0.084478
c bounds -440 >= -636 @ 0.084544
c bounds -440 >= -634 @ 0.084544
c bounds -440 >= -632 @ 0.084544
c bounds -440 >= -630 @ 0.084544
c bounds -440 >= -628 @ 0.084747
c bounds -440 >= -626 @ 0.084993
c bounds -440 >= -624 @ 0.08525
c bounds -440 >= -622 @ 0.085504
c bounds -440 >= -620 @ 0.085755
c bounds -440 >= -618 @ 0.086013
c bounds -440 >= -616 @ 0.08627
c bounds -440 >= -614 @ 0.08653
c bounds -440 >= -612 @ 0.086793
c bounds -440 >= -610 @ 0.087049
c bounds -440 >= -608 @ 0.087307
c bounds -440 >= -606 @ 0.087573
c bounds -440 >= -604 @ 0.087829
c bounds -440 >= -602 @ 0.088091
c bounds -440 >= -600 @ 0.088346
c bounds -440 >= -598 @ 0.0886
c bounds -440 >= -596 @ 0.088845
c bounds -440 >= -594 @ 0.089097
c bounds -440 >= -592 @ 0.089344
c bounds -440 >= -590 @ 0.089599
c bounds -440 >= -588 @ 0.089841
c bounds -440 >= -586 @ 0.090087
c bounds -440 >= -584 @ 0.090341
c bounds -440 >= -582 @ 0.090521
c bounds -440 >= -580 @ 0.090521
c bounds -440 >= -578 @ 0.090521
c bounds -440 >= -576 @ 0.090521
c bounds -440 >= -574 @ 0.090523
c bounds -440 >= -572 @ 0.090523
c bounds -440 >= -570 @ 0.090523
c bounds -440 >= -568 @ 0.090523
c bounds -440 >= -566 @ 0.090523
c bounds -440 >= -564 @ 0.090523
c bounds -440 >= -562 @ 0.090523
c bounds -440 >= -560 @ 0.090523
c bounds -440 >= -558 @ 0.090653
c bounds -440 >= -556 @ 0.090916
c bounds -440 >= -554 @ 0.091184
c bounds -440 >= -552 @ 0.09145
c bounds -440 >= -550 @ 0.091703
c bounds -440 >= -548 @ 0.091958
c bounds -440 >= -546 @ 0.092211
c bounds -440 >= -544 @ 0.092486
c bounds -440 >= -542 @ 0.092518
c bounds -440 >= -540 @ 0.092518
c bounds -440 >= -538 @ 0.095364
c bounds -440 >= -536 @ 0.097444
c bounds -440 >= -534 @ 0.100608
c bounds -440 >= -532 @ 0.10357
c bounds -440 >= -530 @ 0.106861
c bounds -440 >= -528 @ 0.10817
c bounds -440 >= -526 @ 0.109806
c bounds -440 >= -524 @ 0.11149
c #Conflicts:       1000 | #Constraints:       4503
c bounds -440 >= -522 @ 0.114157
c bounds -440 >= -520 @ 0.115433
c bounds -440 >= -518 @ 0.117677
c bounds -440 >= -516 @ 0.120409
c bounds -440 >= -514 @ 0.126788
c bounds -440 >= -512 @ 0.13036
c bounds -440 >= -510 @ 0.130859
c bounds -440 >= -508 @ 0.134629
c bounds -440 >= -506 @ 0.138858
c bounds -440 >= -504 @ 0.142945
c bounds -440 >= -502 @ 0.145809
c bounds -440 >= -500 @ 0.147315
c bounds -440 >= -498 @ 0.149702
c #Conflicts:       2000 | #Constraints:       5548
c INPROCESSING
c GARBAGE COLLECT
c bounds -440 >= -496 @ 0.154287
c bounds -440 >= -494 @ 0.156966
c bounds -440 >= -492 @ 0.159116
c bounds -440 >= -490 @ 0.160919
c bounds -440 >= -488 @ 0.161926
c bounds -440 >= -486 @ 0.165133
c bounds -440 >= -484 @ 0.168447
c bounds -440 >= -482 @ 0.174144
c bounds -440 >= -480 @ 0.175593
c bounds -480 >= -480 @ 0.181925
c cpu time 0.181932 s
c deterministic time 6931520 6.93e+06
c optimization time 0.010801 s
c total solve time 0.163515 s
c core-guided solve time 0.103055 s
c propagation time 0.091918 s
c conflict analysis time 0.035511 s
c propagations 176157
c resolve steps 16137
c decisions 46363
c conflicts 2647
c restarts 14
c inprocessing phases 1
c input clauses 2969
c input cardinalities 304
c input general constraints 426
c input average constraint length 24.12
c input average constraint degree 27.97
c learned clauses 261
c learned cardinalities 62
c learned general constraints 2324
c learned average constraint length 33.97
c learned average constraint degree 108.86
c watched constraints 364
c counting constraints 2386
c gcd simplifications 312
c detected cardinalities 55
c weakened non-implied lits 20517
c weakened non-implying lits 46
c original variables 1350
c clausal propagations 82651
c cardinality propagations 28592
c watched propagations 12508
c counting propagations 46977
c watch lookups 830855
c watch backjump lookups 623827
c watch checks 3130028
c propagation checks 1684563
a constraints 2936
c learned constraints 2647
c bound constraints 334
c core-guided constraints 429
c encountered formula constraints 12848
c encountered learned constraints 3785
c encountered bound constraints 7
c encountered core-guided constraints 2144
c LP total time 0 s
c LP solve time 0 s
c LP constraints added 0
c LP constraints removed 0
c LP pivots internal 0
c LP pivots root 0
c LP calls 0
c LP optimalities 0
c LP no pivot count 0
c LP infeasibilities 0
c LP valid Farkas constraints 0
c LP learned Farkas constraints 0
c LP basis resets 0
c LP cycling count 0
c LP singular count 0
c LP no primal count 0
c LP no farkas count 0
c LP other issue count 0
c LP Gomory cuts 0
c LP learned cuts 0
c LP deleted cuts 0
c LP encountered Gomory constraints 0
c LP encountered Farkas constraints 0
c LP encountered learned Farkas constraints 0
c CG auxiliary variables introduced 213
c CG solutions found 5
c CG cores constructed 210
c CG core cardinality constraints returned 90
c CG unit cores 0
c CG single cores 210
c CG blocks removed during cardinality reduction 0
c CG first core best 0
c CG decision core best 0
c CG core reduction tie 0
c CG core degree average 1.86
c CG core slack average 1.22
o -480
s OPTIMUM FOUND
