c RoundingSat 2
c branch 
c commit 
c #variables 3600 #constraints 7251
c bounds - >= -4800 @ 0.027272
c bounds -324 >= -4800 @ 0.03135
c bounds -324 >= -4788 @ 0.031794
c bounds -324 >= -4776 @ 0.031976
c bounds -324 >= -4764 @ 0.032155
c bounds -324 >= -4752 @ 0.032333
c bounds -324 >= -4740 @ 0.032509
c bounds -324 >= -4728 @ 0.032686
c bounds -324 >= -4716 @ 0.032841
c bounds -324 >= -4704 @ 0.033016
c bounds -324 >= -4692 @ 0.03319
c bounds -324 >= -4680 @ 0.033365
c bounds -324 >= -4668 @ 0.033541
c bounds -324 >= -4656 @ 0.033711
c bounds -324 >= -4644 @ 0.033888
c bounds -324 >= -4632 @ 0.034062
c bounds -324 >= -4620 @ 0.034236
c bounds -324 >= -4608 @ 0.034409
c bounds -324 >= -4596 @ 0.034584
c bounds -324 >= -4584 @ 0.034758
c bounds -324 >= -4572 @ 0.034931
c bounds -324 >= -4560 @ 0.035105
c bounds -324 >= -4548 @ 0.035275
c bounds -324 >= -4536 @ 0.035445
c bounds -324 >= -4524 @ 0.035615
c bounds -324 >= -4512 @ 0.035768
c bounds -324 >= -4500 @ 0.035938
c bounds -324 >= -4488 @ 0.036105
c bounds -324 >= -4476 @ 0.036276
c bounds -324 >= -4464 @ 0.036447
c bounds -324 >= -4452 @ 0.03662
c bounds -324 >= -4440 @ 0.036774
c bounds -324 >= -4428 @ 0.036951
c bounds -324 >= -4416 @ 0.03712
c bounds -324 >= -4404 @ 0.037288
c bounds -324 >= -4392 @ 0.037457
c bounds -324 >= -4380 @ 0.037627
c bounds -324 >= -4368 @ 0.037796
c bounds -324 >= -4356 @ 0.037964
c bounds -324 >= -4344 @ 0.03813
c bounds -324 >= -4332 @ 0.0383
c bounds -324 >= -4320 @ 0.038469
c bounds -324 >= -4308 @ 0.038627
c bounds -324 >= -4296 @ 0.038796
c bounds -324 >= -4284 @ 0.038965
c bounds -324 >= -4272 @ 0.039137
c bounds -324 >= -4260 @ 0.039305
c bounds -324 >= -4248 @ 0.039469
c bounds -324 >= -4236 @ 0.039623
c bounds -324 >= -4224 @ 0.039794
c bounds -324 >= -4212 @ 0.03996
c bounds -324 >= -4200 @ 0.040125
c bounds -324 >= -4188 @ 0.040292
c bounds -324 >= -4176 @ 0.040457
c bounds -324 >= -4164 @ 0.040614
c bounds -324 >= -4152 @ 0.040781
c bounds -324 >= -4140 @ 0.040945
c bounds -324 >= -4128 @ 0.041109
c bounds -324 >= -4116 @ 0.041274
c bounds -324 >= -4104 @ 0.041441
c bounds -324 >= -4092 @ 0.041597
c bounds -324 >= -4080 @ 0.041761
c bounds -324 >= -4068 @ 0.041926
c bounds -324 >= -4056 @ 0.042088
c bounds -324 >= -4044 @ 0.042264
c bounds -324 >= -4032 @ 0.042431
c bounds -324 >= -4020 @ 0.042587
c bounds -324 >= -4008 @ 0.042756
c bounds -324 >= -3996 @ 0.042919
c bounds -324 >= -3984 @ 0.043082
c bounds -324 >= -3972 @ 0.043243
c bounds -324 >= -3960 @ 0.043409
c bounds -324 >= -3948 @ 0.043567
c bounds -324 >= -3936 @ 0.04373
c bounds -324 >= -3924 @ 0.043892
c bounds -324 >= -3912 @ 0.044055
c bounds -324 >= -3900 @ 0.044216
c bounds -324 >= -3888 @ 0.04438
c bounds -324 >= -3876 @ 0.044551
c bounds -324 >= -3864 @ 0.044705
c bounds -324 >= -3852 @ 0.044869
c bounds -324 >= -3840 @ 0.045033
c bounds -324 >= -3828 @ 0.045193
c bounds -324 >= -3816 @ 0.045353
c bounds -324 >= -3804 @ 0.045515
c bounds -324 >= -3792 @ 0.045677
c bounds -324 >= -3780 @ 0.045838
c bounds -324 >= -3768 @ 0.046001
c bounds -324 >= -3756 @ 0.046157
c bounds -324 >= -3744 @ 0.046319
c bounds -324 >= -3732 @ 0.046479
c bounds -324 >= -3720 @ 0.04664
c bounds -324 >= -3708 @ 0.046808
c bounds -324 >= -3696 @ 0.046973
c bounds -324 >= -3684 @ 0.047135
c bounds -324 >= -3672 @ 0.047293
c bounds -324 >= -3660 @ 0.047452
c bounds -324 >= -3648 @ 0.047613
c bounds -324 >= -3636 @ 0.047775
c bounds -324 >= -3624 @ 0.047936
c bounds -324 >= -3612 @ 0.048091
c bounds -324 >= -3600 @ 0.048255
c bounds -324 >= -3588 @ 0.048413
c bounds -324 >= -3576 @ 0.048573
c bounds -324 >= -3564 @ 0.048733
c bounds -324 >= -3552 @ 0.048889
c bounds -324 >= -3540 @ 0.049048
c bounds -324 >= -3528 @ 0.049204
c bounds -324 >= -3516 @ 0.049362
c bounds -324 >= -3504 @ 0.049501
c bounds -324 >= -3492 @ 0.049659
c bounds -324 >= -3480 @ 0.049816
c bounds -324 >= -3468 @ 0.049977
c bounds -324 >= -3456 @ 0.050136
c bounds -324 >= -3444 @ 0.050292
c bounds -324 >= -3432 @ 0.050446
c bounds -324 >= -3420 @ 0.050596
c bounds -324 >= -3408 @ 0.05075
c bounds -324 >= -3396 @ 0.050915
c bounds -324 >= -3384 @ 0.051068
c bounds -324 >= -3372 @ 0.051223
c bounds -324 >= -3360 @ 0.051391
c bounds -324 >= -3348 @ 0.051449
c bounds -324 >= -3336 @ 0.051449
c bounds -324 >= -3324 @ 0.051449
c bounds -324 >= -3312 @ 0.051449
c bounds -324 >= -3300 @ 0.051449
c bounds -324 >= -3288 @ 0.051449
c bounds -324 >= -3276 @ 0.051491
c bounds -324 >= -3264 @ 0.051525
c bounds -324 >= -3252 @ 0.051525
c bounds -324 >= -3240 @ 0.051525
c bounds -324 >= -3228 @ 0.051525
c bounds -324 >= -3216 @ 0.051525
c bounds -324 >= -3204 @ 0.051525
c bounds -324 >= -3192 @ 0.051525
c bounds -324 >= -3180 @ 0.051525
c bounds -324 >= -3168 @ 0.051525
c bounds -324 >= -3156 @ 0.051547
c bounds -324 >= -3144 @ 0.0517
c bounds -324 >= -3132 @ 0.051846
c bounds -324 >= -3120 @ 0.051995
c bounds -324 >= -3108 @ 0.05215
c bounds -324 >= -3096 @ 0.052302
c bounds -324 >= -3084 @ 0.052452
c bounds -324 >= -3072 @ 0.052648
c bounds -324 >= -3060 @ 0.052856
c bounds -324 >= -3048 @ 0.053051
c bounds -324 >= -3036 @ 0.053216
c bounds -324 >= -3024 @ 0.053372
c bounds -324 >= -3012 @ 0.053551
c bounds -324 >= -3000 @ 0.053761
c bounds -324 >= -2988 @ 0.053931
c bounds -324 >= -2976 @ 0.054089
c bounds -324 >= -2964 @ 0.054242
c bounds -324 >= -2952 @ 0.054402
c bounds -324 >= -2940 @ 0.054557
c bounds -324 >= -2928 @ 0.054717
c bounds -324 >= -2916 @ 0.054932
c bounds -324 >= -2904 @ 0.055129
c bounds -324 >= -2892 @ 0.055294
c bounds -324 >= -2880 @ 0.055456
c bounds -324 >= -2868 @ 0.055607
c bounds -324 >= -2856 @ 0.055762
c bounds -324 >= -2844 @ 0.05592
c bounds -324 >= -2832 @ 0.056078
c bounds -324 >= -2820 @ 0.056233
c bounds -324 >= -2808 @ 0.05639
c bounds -324 >= -2796 @ 0.05655
c bounds -324 >= -2784 @ 0.056706
c bounds -324 >= -2772 @ 0.056863
c bounds -324 >= -2760 @ 0.057022
c bounds -324 >= -2748 @ 0.057179
c bounds -324 >= -2736 @ 0.057334
c bounds -324 >= -2724 @ 0.057614
c bounds -324 >= -2712 @ 0.057815
c bounds -324 >= -2700 @ 0.057976
c bounds -324 >= -2688 @ 0.058133
c bounds -324 >= -2676 @ 0.058288
c bounds -324 >= -2664 @ 0.058435
c bounds -324 >= -2652 @ 0.058579
c bounds -324 >= -2640 @ 0.058729
c bounds -324 >= -2628 @ 0.058884
c bounds -324 >= -2616 @ 0.059039
c bounds -324 >= -2604 @ 0.059189
c bounds -324 >= -2592 @ 0.059345
c bounds -324 >= -2580 @ 0.059521
c bounds -324 >= -2568 @ 0.059674
c bounds -324 >= -2556 @ 0.05983
c bounds -324 >= -2544 @ 0.059981
c bounds -324 >= -2532 @ 0.060133
c bounds -324 >= -2520 @ 0.060287
c bounds -324 >= -2508 @ 0.060436
c bounds -324 >= -2496 @ 0.06058
c bounds -324 >= -2484 @ 0.060734
c bounds -324 >= -2472 @ 0.060884
c bounds -324 >= -2460 @ 0.061037
c bounds -324 >= -2448 @ 0.06119
c bounds -324 >= -2436 @ 0.061338
c bounds -324 >= -2424 @ 0.061492
c bounds -324 >= -2412 @ 0.061644
c bounds -324 >= -2400 @ 0.061797
c bounds -324 >= -2388 @ 0.061949
c bounds -324 >= -2376 @ 0.0621
c bounds -324 >= -2364 @ 0.062253
c bounds -324 >= -2352 @ 0.062402
c bounds -324 >= -2340 @ 0.062804
c bounds -324 >= -2328 @ 0.063016
c bounds -324 >= -2316 @ 0.063171
c bounds -324 >= -2304 @ 0.063322
c bounds -324 >= -2292 @ 0.063461
c bounds -324 >= -2280 @ 0.063609
c bounds -324 >= -2268 @ 0.063758
c bounds -324 >= -2256 @ 0.063906
c bounds -324 >= -2244 @ 0.064054
c bounds -324 >= -2232 @ 0.064199
c bounds -324 >= -2220 @ 0.064348
c bounds -324 >= -2208 @ 0.064494
c bounds -324 >= -2196 @ 0.064642
c bounds -324 >= -2184 @ 0.064789
c bounds -324 >= -2172 @ 0.064936
c bounds -324 >= -2160 @ 0.065081
c bounds -324 >= -2148 @ 0.065223
c bounds -324 >= -2136 @ 0.065367
c bounds -324 >= -2124 @ 0.065514
c bounds -324 >= -2112 @ 0.06566
c bounds -324 >= -2100 @ 0.065805
c bounds -324 >= -2088 @ 0.065944
c bounds -324 >= -2076 @ 0.066089
c bounds -324 >= -2064 @ 0.066232
c bounds -324 >= -2052 @ 0.066372
c bounds -324 >= -2040 @ 0.06651
c bounds -324 >= -2028 @ 0.066657
c bounds -324 >= -2016 @ 0.066797
c bounds -324 >= -2004 @ 0.066941
c bounds -324 >= -1992 @ 0.067083
c bounds -324 >= -1980 @ 0.067227
c bounds -324 >= -1968 @ 0.067389
c bounds -324 >= -1956 @ 0.067531
c bounds -324 >= -1944 @ 0.067672
c bounds -324 >= -1932 @ 0.067821
c bounds -324 >= -1920 @ 0.067964
c bounds -324 >= -1912 @ 0.072297
c bounds -336 >= -1912 @ 0.080399
c bounds -336 >= -1904 @ 0.083348
c bounds -336 >= -1896 @ 0.088361
c bounds -336 >= -1888 @ 0.092358
c bounds -340 >= -1888 @ 0.096592
c bounds -340 >= -1884 @ 0.129262
c bounds -344 >= -1884 @ 0.13161
c bounds -348 >= -1884 @ 0.134219
c bounds -350 >= -1884 @ 0.136249
c bounds -352 >= -1884 @ 0.149503
c bounds -354 >= -1884 @ 0.163442
c bounds -354 >= -1872 @ 0.166787
c bounds -354 >= -1868 @ 0.188024
c bounds -356 >= -1868 @ 0.191213
c bounds -358 >= -1868 @ 0.19791
c bounds -358 >= -1856 @ 0.200194
c bounds -358 >= -1848 @ 0.201007
c #Conflicts:       1000 | #Constraints:       8990
c bounds -1142 >= -1848 @ 0.26268
c bounds -1144 >= -1848 @ 0.267787
c bounds -1146 >= -1848 @ 0.273761
c bounds -1148 >= -1848 @ 0.285194
c bounds -1150 >= -1848 @ 0.339612
c bounds -1150 >= -1846 @ 0.340409
c bounds -1150 >= -1844 @ 0.341059
c bounds -1150 >= -1842 @ 0.341455
c bounds -1150 >= -1840 @ 0.341455
c bounds -1150 >= -1838 @ 0.341457
c bounds -1150 >= -1836 @ 0.341657
c bounds -1150 >= -1834 @ 0.342314
c bounds -1150 >= -1832 @ 0.342972
c bounds -1150 >= -1830 @ 0.343655
c bounds -1150 >= -1828 @ 0.344311
c bounds -1150 >= -1826 @ 0.344444
c bounds -1150 >= -1824 @ 0.344446
c bounds -1150 >= -1822 @ 0.344446
c bounds -1150 >= -1820 @ 0.344921
c bounds -1150 >= -1818 @ 0.345443
c bounds -1150 >= -1816 @ 0.345443
c bounds -1150 >= -1814 @ 0.345902
c bounds -1150 >= -1812 @ 0.346581
c bounds -1150 >= -1810 @ 0.347284
c bounds -1150 >= -1808 @ 0.347439
c bounds -1150 >= -1806 @ 0.347701
c bounds -1150 >= -1804 @ 0.348343
c bounds -1150 >= -1802 @ 0.348436
c bounds -1150 >= -1800 @ 0.348627
c bounds -1150 >= -1798 @ 0.349257
c bounds -1150 >= -1796 @ 0.349436
c bounds -1150 >= -1794 @ 0.349593
c bounds -1150 >= -1792 @ 0.350245
c bounds -1150 >= -1790 @ 0.350876
c bounds -1150 >= -1788 @ 0.351516
c bounds -1150 >= -1786 @ 0.352167
c bounds -1150 >= -1784 @ 0.352423
c bounds -1150 >= -1782 @ 0.352542
c bounds -1150 >= -1780 @ 0.353188
c bounds -1150 >= -1778 @ 0.353424
c bounds -1150 >= -1776 @ 0.353424
c bounds -1150 >= -1774 @ 0.354082
c bounds -1150 >= -1772 @ 0.354697
c bounds -1150 >= -1770 @ 0.355351
c bounds -1150 >= -1768 @ 0.355986
c bounds -1150 >= -1766 @ 0.356415
c bounds -1150 >= -1764 @ 0.356415
c bounds -1150 >= -1762 @ 0.356938
c bounds -1150 >= -1760 @ 0.357576
c bounds -1150 >= -1758 @ 0.358223
c bounds -1150 >= -1756 @ 0.358408
c bounds -1150 >= -1754 @ 0.358531
c bounds -1150 >= -1752 @ 0.359162
c bounds -1150 >= -1750 @ 0.359795
c bounds -1150 >= -1748 @ 0.360436
c bounds -1150 >= -1746 @ 0.361085
c bounds -1150 >= -1744 @ 0.361733
c bounds -1150 >= -1742 @ 0.362382
c bounds -1150 >= -1740 @ 0.363028
c bounds -1150 >= -1738 @ 0.36368
c bounds -1150 >= -1736 @ 0.364322
c bounds -1150 >= -1734 @ 0.364388
c bounds -1150 >= -1732 @ 0.36439
c bounds -1150 >= -1730 @ 0.36439
c bounds -1150 >= -1728 @ 0.364392
c bounds -1150 >= -1726 @ 0.364544
c bounds -1150 >= -1724 @ 0.365186
c bounds -1150 >= -1722 @ 0.365841
c bounds -1150 >= -1720 @ 0.366478
c bounds -1150 >= -1718 @ 0.367121
c bounds -1150 >= -1716 @ 0.36738
c bounds -1150 >= -1714 @ 0.367395
c bounds -1150 >= -1712 @ 0.368049
c bounds -1150 >= -1710 @ 0.368692
c bounds -1150 >= -1708 @ 0.369326
c bounds -1150 >= -1706 @ 0.369375
c bounds -1150 >= -1704 @ 0.369377
c bounds -1150 >= -1702 @ 0.369377
c bounds -1150 >= -1700 @ 0.36938
c bounds -1150 >= -1698 @ 0.369605
c bounds -1150 >= -1696 @ 0.370239
c bounds -1150 >= -1694 @ 0.370898
c bounds -1150 >= -1692 @ 0.371536
c bounds -1150 >= -1690 @ 0.372187
c bounds -1150 >= -1688 @ 0.372824
c bounds -1150 >= -1686 @ 0.373475
c bounds -1150 >= -1684 @ 0.374117
c bounds -1150 >= -1682 @ 0.374361
c bounds -1150 >= -1680 @ 0.374361
c bounds -1150 >= -1678 @ 0.374361
c bounds -1150 >= -1676 @ 0.374692
c bounds -1150 >= -1674 @ 0.375332
c bounds -1150 >= -1672 @ 0.375963
c bounds -1150 >= -1670 @ 0.376358
c bounds -1150 >= -1668 @ 0.376358
c bounds -1150 >= -1666 @ 0.376884
c bounds -1150 >= -1664 @ 0.377524
c bounds -1150 >= -1662 @ 0.378156
c bounds -1150 >= -1660 @ 0.378817
c bounds -1150 >= -1658 @ 0.379455
c bounds -1150 >= -1656 @ 0.380097
c bounds -1150 >= -1654 @ 0.380748
c bounds -1150 >= -1652 @ 0.38139
c bounds -1150 >= -1650 @ 0.382038
c bounds -1150 >= -1648 @ 0.382334
c bounds -1150 >= -1646 @ 0.382334
c bounds -1150 >= -1644 @ 0.382978
c bounds -1150 >= -1642 @ 0.383332
c bounds -1150 >= -1640 @ 0.383332
c bounds -1150 >= -1638 @ 0.383335
c bounds -1150 >= -1636 @ 0.383542
c bounds -1150 >= -1634 @ 0.384184
c bounds -1150 >= -1632 @ 0.384835
c bounds -1150 >= -1630 @ 0.385508
c bounds -1150 >= -1628 @ 0.386152
c bounds -1150 >= -1626 @ 0.386791
c bounds -1150 >= -1624 @ 0.387434
c bounds -1150 >= -1622 @ 0.388077
c bounds -1150 >= -1620 @ 0.388319
c bounds -1150 >= -1618 @ 0.388319
c bounds -1150 >= -1616 @ 0.388319
c bounds -1150 >= -1614 @ 0.388323
c bounds -1150 >= -1612 @ 0.388335
c bounds -1150 >= -1610 @ 0.38902
c bounds -1150 >= -1608 @ 0.38974
c bounds -1150 >= -1606 @ 0.390408
c bounds -1150 >= -1604 @ 0.39111
c bounds -1150 >= -1602 @ 0.391819
c bounds -1150 >= -1600 @ 0.392534
c bounds -1150 >= -1598 @ 0.393361
c bounds -1150 >= -1596 @ 0.393995
c bounds -1150 >= -1594 @ 0.394638
c bounds -1150 >= -1592 @ 0.395289
c bounds -1150 >= -1590 @ 0.395289
c bounds -1150 >= -1588 @ 0.395587
c bounds -1150 >= -1586 @ 0.396221
c bounds -1150 >= -1584 @ 0.39686
c bounds -1150 >= -1582 @ 0.397289
c bounds -1150 >= -1580 @ 0.397289
c bounds -1150 >= -1578 @ 0.397797
c bounds -1150 >= -1576 @ 0.398444
c bounds -1150 >= -1574 @ 0.399091
c bounds -1150 >= -1572 @ 0.399722
c bounds -1150 >= -1570 @ 0.400349
c bounds -1150 >= -1568 @ 0.400994
c bounds -1150 >= -1566 @ 0.401272
c bounds -1150 >= -1564 @ 0.401285
c bounds -1150 >= -1562 @ 0.401931
c bounds -1150 >= -1560 @ 0.402589
c bounds -1150 >= -1558 @ 0.403284
c bounds -1150 >= -1556 @ 0.40394
c bounds -1150 >= -1554 @ 0.40426
c bounds -1150 >= -1552 @ 0.404496
c bounds -1150 >= -1550 @ 0.405106
c bounds -1150 >= -1548 @ 0.405259
c bounds -1150 >= -1546 @ 0.40538
c bounds -1150 >= -1544 @ 0.406008
c bounds -1150 >= -1542 @ 0.406615
c bounds -1150 >= -1540 @ 0.40725
c bounds -1150 >= -1538 @ 0.407882
c bounds -1150 >= -1536 @ 0.408524
c bounds -1150 >= -1534 @ 0.409166
c bounds -1150 >= -1532 @ 0.409818
c bounds -1150 >= -1530 @ 0.410457
c bounds -1150 >= -1528 @ 0.411086
c bounds -1150 >= -1526 @ 0.41174
c bounds -1150 >= -1524 @ 0.412378
c bounds -1150 >= -1522 @ 0.413019
c bounds -1150 >= -1520 @ 0.413228
c bounds -1150 >= -1518 @ 0.413351
c bounds -1150 >= -1516 @ 0.413981
c bounds -1150 >= -1514 @ 0.414225
c bounds -1150 >= -1512 @ 0.414226
c bounds -1150 >= -1510 @ 0.414872
c bounds -1150 >= -1508 @ 0.415221
c bounds -1150 >= -1506 @ 0.415221
c bounds -1150 >= -1504 @ 0.41576
c bounds -1150 >= -1502 @ 0.416222
c bounds -1150 >= -1500 @ 0.416222
c bounds -1150 >= -1498 @ 0.416685
c bounds -1150 >= -1496 @ 0.417307
c bounds -1150 >= -1494 @ 0.417952
c bounds -1150 >= -1492 @ 0.418586
c bounds -1150 >= -1490 @ 0.419215
c bounds -1150 >= -1488 @ 0.419833
c bounds -1150 >= -1486 @ 0.420207
c bounds -1150 >= -1484 @ 0.420207
c bounds -1150 >= -1482 @ 0.420726
c bounds -1150 >= -1480 @ 0.421376
c bounds -1150 >= -1478 @ 0.422013
c bounds -1150 >= -1476 @ 0.422654
c bounds -1150 >= -1474 @ 0.423298
c bounds -1150 >= -1472 @ 0.423937
c bounds -1150 >= -1470 @ 0.424582
c bounds -1150 >= -1468 @ 0.425227
c bounds -1150 >= -1466 @ 0.42587
c bounds -1150 >= -1464 @ 0.426185
c bounds -1150 >= -1462 @ 0.426185
c bounds -1150 >= -1460 @ 0.426796
c bounds -1150 >= -1458 @ 0.427182
c bounds -1150 >= -1456 @ 0.427182
c bounds -1150 >= -1454 @ 0.427183
c bounds -1150 >= -1452 @ 0.427188
c bounds -1150 >= -1450 @ 0.427188
c bounds -1150 >= -1448 @ 0.42719
c bounds -1150 >= -1446 @ 0.427306
c bounds -1150 >= -1444 @ 0.427928
c bounds -1150 >= -1442 @ 0.428525
c bounds -1150 >= -1440 @ 0.42916
c bounds -1150 >= -1438 @ 0.42918
c bounds -1150 >= -1436 @ 0.429186
c bounds -1150 >= -1434 @ 0.429186
c bounds -1150 >= -1432 @ 0.429703
c bounds -1150 >= -1430 @ 0.430336
c bounds -1150 >= -1428 @ 0.430968
c bounds -1150 >= -1426 @ 0.431599
c bounds -1150 >= -1424 @ 0.432217
c bounds -1150 >= -1422 @ 0.432849
c bounds -1150 >= -1420 @ 0.433483
c bounds -1150 >= -1418 @ 0.434121
c bounds -1150 >= -1416 @ 0.434167
c bounds -1150 >= -1414 @ 0.434169
c bounds -1150 >= -1412 @ 0.434169
c bounds -1150 >= -1410 @ 0.434171
c bounds -1150 >= -1408 @ 0.434315
c bounds -1150 >= -1406 @ 0.434951
c bounds -1150 >= -1404 @ 0.43517
c bounds -1150 >= -1402 @ 0.43517
c bounds -1150 >= -1400 @ 0.43517
c bounds -1150 >= -1398 @ 0.435479
c bounds -1150 >= -1396 @ 0.436108
c bounds -1150 >= -1394 @ 0.436739
c bounds -1150 >= -1392 @ 0.437356
c bounds -1150 >= -1390 @ 0.438
c bounds -1150 >= -1388 @ 0.438163
c bounds -1150 >= -1386 @ 0.438286
c bounds -1150 >= -1384 @ 0.448131
c bounds -1150 >= -1382 @ 0.451548
c bounds -1150 >= -1380 @ 0.461331
c bounds -1150 >= -1378 @ 0.473014
c bounds -1150 >= -1376 @ 0.478868
c #Conflicts:       2000 | #Constraints:      10706
c INPROCESSING
c GARBAGE COLLECT
c bounds -1150 >= -1374 @ 0.487984
c bounds -1150 >= -1372 @ 0.502135
c bounds -1150 >= -1370 @ 0.512823
c bounds -1150 >= -1368 @ 0.520197
c bounds -1150 >= -1366 @ 0.531953
c bounds -1150 >= -1364 @ 0.555892
c bounds -1150 >= -1362 @ 0.561841
c bounds -1156 >= -1362 @ 0.568052
c bounds -1158 >= -1362 @ 0.577876
c #Conflicts:       3000 | #Constraints:       9894
c bounds -1158 >= -1360 @ 0.633314
c bounds -1160 >= -1360 @ 0.654076
c bounds -1162 >= -1360 @ 0.708567
c bounds -1162 >= -1358 @ 0.723159
c bounds -1162 >= -1356 @ 0.733086
c #Conflicts:       4000 | #Constraints:      10908
c INPROCESSING
c GARBAGE COLLECT
c bounds -1164 >= -1356 @ 0.780751
c bounds -1166 >= -1356 @ 0.807845
c bounds -1168 >= -1356 @ 0.830655
c bounds -1168 >= -1354 @ 0.86551
c bounds -1170 >= -1354 @ 0.87808
c bounds -1172 >= -1354 @ 0.891744
c #Conflicts:       5000 | #Constraints:      10483
c bounds -1172 >= -1352 @ 0.971759
c bounds -1174 >= -1352 @ 0.980477
c bounds -1176 >= -1352 @ 0.990598
c bounds -1178 >= -1352 @ 0.999043
c bounds -1180 >= -1352 @ 1.05706
c #Conflicts:       6000 | #Constraints:      11496
c bounds -1182 >= -1352 @ 1.08701
c INPROCESSING
c GARBAGE COLLECT
c bounds -1184 >= -1352 @ 1.16556
c #Conflicts:       7000 | #Constraints:      10554
c bounds -1186 >= -1352 @ 1.87977
c #Conflicts:       8000 | #Constraints:      11555
c bounds -1186 >= -1350 @ 2.02017
c #Conflicts:       9000 | #Constraints:      12570
c INPROCESSING
c GARBAGE COLLECT
c bounds -1350 >= -1350 @ 2.09975
c cpu time 2.09976 s
c deterministic time 122100940 1.22e+08
c optimization time 0.071891 s
c total solve time 2.00069 s
c core-guided solve time 0.853766 s
c propagation time 1.27466 s
c conflict analysis time 0.382036 s
c propagations 1076659
c resolve steps 61117
c decisions 340781
c conflicts 9491
c restarts 40
c inprocessing phases 4
c input clauses 7426
c input cardinalities 742
c input general constraints 1039
c input average constraint length 57.77
c input average constraint degree 64.32
c learned clauses 2594
c learned cardinalities 787
c learned general constraints 6104
c learned average constraint length 216.03
c learned average constraint degree 1740.21
c watched constraints 4055
c counting constraints 3088
c gcd simplifications 633
c detected cardinalities 45
c weakened non-implied lits 127537
c weakened non-implying lits 111
c original variables 3600
c clausal propagations 338485
c cardinality propagations 414890
c watched propagations 113765
c counting propagations 156516
c watch lookups 8352645
c watch backjump lookups 6174033
c watch checks 77141772
c propagation checks 24105184
c constraint additions 3483777
c trail pops 1426088
c formula constraints 7251
c learned constraints 9485
c bound constraints 935
c core-guided constraints 1021
c encountered formula constraints 29801
c encountered learned constraints 35183
c encountered bound constraints 159
c encountered core-guided constraints 5465
c LP total time 0 s
c LP solve time 0 s
c LP constraints added 0
c LP constraints removed 0
c LP pivots internal 0
c LP pivots root 0
c LP calls 0
c LP optimalities 0
c LP no pivot count 0
c LP infeasibilities 0
c LP valid Farkas constraints 0
c LP learned Farkas constraints 0
c LP basis resets 0
c LP cycling count 0
c LP singular count 0
c LP no primal count 0
c LP no farkas count 0
c LP other issue count 0
c LP Gomory cuts 0
c LP learned cuts 0
c LP deleted cuts 0
c LP encountered Gomory constraints 0
c LP encountered Farkas constraints 0
c LP encountered learned Farkas constraints 0
c CG auxiliary variables introduced 501
c CG solutions found 32
c CG cores constructed 498
c CG core cardinality constraints returned 240
c CG unit cores 2
c CG single cores 496
c CG blocks removed during cardinality reduction 0
c CG first core best 0
c CG decision core best 0
c CG core reduction tie 0
c CG core degree average 1.97
c CG core slack average 1.15
o -1350
s OPTIMUM FOUND
