c RoundingSat 2
c branch 
c commit 
c #variables 1305 #constraints 1838
c bounds - >= -1740 @ 0.008102
c bounds 0 >= -1740 @ 0.009261
c bounds 0 >= -1728 @ 0.009482
c bounds 0 >= -1716 @ 0.009579
c bounds 0 >= -1704 @ 0.009655
c bounds 0 >= -1692 @ 0.009728
c bounds 0 >= -1680 @ 0.0098
c bounds 0 >= -1668 @ 0.00987
c bounds 0 >= -1656 @ 0.009944
c bounds 0 >= -1644 @ 0.010016
c bounds 0 >= -1632 @ 0.010087
c bounds 0 >= -1620 @ 0.010154
c bounds 0 >= -1608 @ 0.010224
c bounds 0 >= -1596 @ 0.010295
c bounds 0 >= -1584 @ 0.010361
c bounds 0 >= -1572 @ 0.01043
c bounds 0 >= -1560 @ 0.010501
c bounds 0 >= -1548 @ 0.010572
c bounds 0 >= -1536 @ 0.010638
c bounds 0 >= -1524 @ 0.010707
c bounds 0 >= -1512 @ 0.010775
c bounds 0 >= -1500 @ 0.010844
c bounds 0 >= -1488 @ 0.010912
c bounds 0 >= -1476 @ 0.01098
c bounds 0 >= -1464 @ 0.011047
c bounds 0 >= -1452 @ 0.011111
c bounds 0 >= -1440 @ 0.011179
c bounds 0 >= -1428 @ 0.011246
c bounds 0 >= -1416 @ 0.011313
c bounds 0 >= -1404 @ 0.011377
c bounds 0 >= -1392 @ 0.011445
c bounds 0 >= -1380 @ 0.011511
c bounds 0 >= -1368 @ 0.011576
c bounds 0 >= -1356 @ 0.011643
c bounds 0 >= -1344 @ 0.01171
c bounds 0 >= -1332 @ 0.011776
c bounds 0 >= -1320 @ 0.011839
c bounds 0 >= -1308 @ 0.011904
c bounds 0 >= -1296 @ 0.01197
c bounds 0 >= -1284 @ 0.012036
c bounds 0 >= -1272 @ 0.012103
c bounds 0 >= -1260 @ 0.012168
c bounds 0 >= -1248 @ 0.012236
c bounds 0 >= -1236 @ 0.012298
c bounds 0 >= -1224 @ 0.012368
c bounds 0 >= -1212 @ 0.012433
c bounds 0 >= -1200 @ 0.012498
c bounds 0 >= -1188 @ 0.012564
c bounds 0 >= -1176 @ 0.012629
c bounds 0 >= -1164 @ 0.012694
c bounds 0 >= -1152 @ 0.012757
c bounds 0 >= -1140 @ 0.012821
c bounds 0 >= -1128 @ 0.012887
c bounds 0 >= -1116 @ 0.012958
c bounds 0 >= -1104 @ 0.013038
c bounds 0 >= -1092 @ 0.013121
c bounds 0 >= -1080 @ 0.01319
c bounds 0 >= -1068 @ 0.013253
c bounds 0 >= -1056 @ 0.013339
c bounds 0 >= -1044 @ 0.013412
c bounds 0 >= -1032 @ 0.013486
c bounds 0 >= -1020 @ 0.01355
c bounds 0 >= -1008 @ 0.013621
c bounds 0 >= -996 @ 0.013687
c bounds 0 >= -984 @ 0.013758
c bounds 0 >= -972 @ 0.013823
c bounds 0 >= -960 @ 0.013915
c bounds 0 >= -948 @ 0.013994
c bounds 0 >= -936 @ 0.014061
c bounds 0 >= -924 @ 0.014125
c bounds 0 >= -912 @ 0.014193
c bounds 0 >= -900 @ 0.014276
c bounds 0 >= -888 @ 0.014341
c bounds 0 >= -876 @ 0.014406
c bounds 0 >= -864 @ 0.014472
c bounds 0 >= -852 @ 0.014541
c bounds 0 >= -840 @ 0.014609
c bounds 0 >= -828 @ 0.014673
c bounds 0 >= -816 @ 0.014739
c bounds 0 >= -804 @ 0.014798
c bounds 0 >= -792 @ 0.014862
c bounds 0 >= -780 @ 0.014928
c bounds 0 >= -768 @ 0.01505
c bounds 0 >= -756 @ 0.015116
c bounds 0 >= -744 @ 0.015183
c bounds 0 >= -732 @ 0.015245
c bounds 0 >= -720 @ 0.015304
c bounds 0 >= -708 @ 0.015369
c bounds 0 >= -696 @ 0.015432
c bounds -394 >= -696 @ 0.01824
c bounds -396 >= -696 @ 0.019994
c bounds -398 >= -696 @ 0.023423
c bounds -400 >= -696 @ 0.02409
c bounds -400 >= -694 @ 0.024387
c bounds -400 >= -692 @ 0.02463
c bounds -402 >= -692 @ 0.027146
c bounds -402 >= -690 @ 0.027407
c bounds -402 >= -688 @ 0.02765
c bounds -402 >= -686 @ 0.027903
c bounds -402 >= -684 @ 0.028145
c bounds -402 >= -682 @ 0.028386
c bounds -402 >= -680 @ 0.028625
c bounds -402 >= -678 @ 0.028757
c bounds -402 >= -676 @ 0.028757
c bounds -402 >= -674 @ 0.028757
c bounds -402 >= -672 @ 0.028757
c bounds -402 >= -670 @ 0.028803
c bounds -402 >= -668 @ 0.028803
c bounds -402 >= -666 @ 0.028803
c bounds -402 >= -664 @ 0.028803
c bounds -402 >= -662 @ 0.028849
c bounds -402 >= -660 @ 0.029088
c bounds -402 >= -658 @ 0.029327
c bounds -402 >= -656 @ 0.02957
c bounds -402 >= -654 @ 0.029797
c bounds -402 >= -652 @ 0.030033
c bounds -402 >= -650 @ 0.030275
c bounds -402 >= -648 @ 0.030517
c bounds -402 >= -646 @ 0.030774
c bounds -402 >= -644 @ 0.031092
c bounds -402 >= -642 @ 0.031334
c bounds -402 >= -640 @ 0.031569
c bounds -402 >= -638 @ 0.031805
c bounds -402 >= -636 @ 0.03204
c bounds -402 >= -634 @ 0.032275
c bounds -402 >= -632 @ 0.032507
c bounds -402 >= -630 @ 0.032745
c bounds -402 >= -628 @ 0.032781
c bounds -402 >= -626 @ 0.032781
c bounds -402 >= -624 @ 0.032781
c bounds -402 >= -622 @ 0.032781
c bounds -402 >= -620 @ 0.032968
c bounds -402 >= -618 @ 0.033207
c bounds -402 >= -616 @ 0.033443
c bounds -402 >= -614 @ 0.033699
c bounds -402 >= -612 @ 0.033791
c bounds -402 >= -610 @ 0.033791
c bounds -402 >= -608 @ 0.033791
c bounds -402 >= -606 @ 0.033791
c bounds -402 >= -604 @ 0.033898
c bounds -402 >= -602 @ 0.03413
c bounds -402 >= -600 @ 0.034365
c bounds -402 >= -598 @ 0.034601
c bounds -402 >= -596 @ 0.034834
c bounds -402 >= -594 @ 0.035071
c bounds -402 >= -592 @ 0.03531
c bounds -402 >= -590 @ 0.035546
c bounds -402 >= -588 @ 0.03578
c bounds -402 >= -586 @ 0.03578
c bounds -402 >= -584 @ 0.03578
c bounds -402 >= -582 @ 0.03578
c bounds -402 >= -580 @ 0.03578
c bounds -402 >= -578 @ 0.035976
c bounds -402 >= -576 @ 0.036212
c bounds -402 >= -574 @ 0.036456
c bounds -402 >= -572 @ 0.036695
c bounds -402 >= -570 @ 0.036775
c bounds -402 >= -568 @ 0.036775
c bounds -402 >= -566 @ 0.036775
c bounds -402 >= -564 @ 0.036775
c bounds -402 >= -562 @ 0.036775
c bounds -402 >= -560 @ 0.036775
c bounds -402 >= -558 @ 0.036775
c bounds -402 >= -556 @ 0.036775
c bounds -402 >= -554 @ 0.036775
c bounds -402 >= -552 @ 0.036775
c bounds -402 >= -550 @ 0.036775
c bounds -402 >= -548 @ 0.036775
c bounds -402 >= -546 @ 0.036815
c bounds -402 >= -544 @ 0.037055
c bounds -404 >= -544 @ 0.038747
c bounds -404 >= -542 @ 0.038747
c bounds -404 >= -540 @ 0.038986
c bounds -404 >= -538 @ 0.039222
c bounds -404 >= -536 @ 0.039451
c bounds -404 >= -534 @ 0.039684
c bounds -404 >= -532 @ 0.039739
c bounds -404 >= -530 @ 0.039739
c bounds -404 >= -528 @ 0.039739
