c RoundingSat 2
c branch 
c commit 
c #variables 1426436 #constraints 2303418
c bounds - >= -2936745 @ 8.81737
c #Conflicts:       1000 | #Constraints:    2304417
c #Conflicts:       2000 | #Constraints:    2305417
c INPROCESSING
c bounds - >= -2936025 @ 11.0847
c bounds - >= -2936009 @ 11.2652
c bounds - >= -2935993 @ 11.4319
c bounds - >= -2935977 @ 11.5992
c bounds - >= -2935961 @ 11.7667
c bounds - >= -2935945 @ 11.9328
c bounds - >= -2935929 @ 12.099
c bounds - >= -2935913 @ 12.2681
c bounds - >= -2935897 @ 12.434
c bounds - >= -2935881 @ 12.6012
c bounds - >= -2935865 @ 12.7661
c bounds - >= -2935849 @ 12.9334
c bounds - >= -2935833 @ 13.1009
c bounds - >= -2935817 @ 13.2668
c bounds - >= -2935801 @ 13.433
c bounds - >= -2935785 @ 13.5983
c bounds - >= -2935769 @ 13.7656
c bounds - >= -2935753 @ 13.9317
c bounds - >= -2935737 @ 14.0991
c bounds - >= -2935721 @ 14.2655
c bounds - >= -2935705 @ 14.4321
c bounds - >= -2935689 @ 14.5986
c bounds - >= -2935673 @ 14.7678
c bounds - >= -2935657 @ 14.935
c bounds - >= -2935641 @ 15.1049
c bounds - >= -2935625 @ 15.2714
c bounds - >= -2935609 @ 15.4406
c bounds - >= -2935593 @ 15.6071
c bounds - >= -2935577 @ 15.7752
c bounds - >= -2935561 @ 15.9411
c bounds - >= -2935545 @ 16.1104
c bounds - >= -2935529 @ 16.2749
c bounds - >= -2935513 @ 16.4438
c bounds - >= -2935497 @ 16.6107
c bounds - >= -2935481 @ 16.78
c bounds - >= -2935465 @ 16.9484
c bounds - >= -2935449 @ 17.1155
c bounds - >= -2935433 @ 17.2811
c bounds - >= -2935417 @ 17.4494
c bounds - >= -2935401 @ 17.6164
c bounds - >= -2935385 @ 17.7811
c bounds - >= -2935369 @ 17.9472
c bounds - >= -2935353 @ 18.1142
c bounds - >= -2935337 @ 18.28
c bounds - >= -2935321 @ 18.4458
c bounds - >= -2935305 @ 18.612
c bounds - >= -2935289 @ 18.778
c bounds - >= -2935273 @ 18.9456
c bounds - >= -2935257 @ 19.1114
c bounds - >= -2935241 @ 19.2781
c bounds - >= -2935225 @ 19.4448
c bounds - >= -2935209 @ 19.6151
c bounds - >= -2935193 @ 19.7814
c bounds - >= -2935177 @ 19.9497
c bounds - >= -2935161 @ 20.1161
c bounds - >= -2935145 @ 20.2816
c bounds - >= -2935129 @ 20.4495
c bounds - >= -2935113 @ 20.6183
c bounds - >= -2935097 @ 20.784
c bounds - >= -2935081 @ 20.9524
c bounds - >= -2935065 @ 21.119
c bounds - >= -2935049 @ 21.2854
c bounds - >= -2935033 @ 21.4521
c bounds - >= -2935017 @ 21.6209
c bounds - >= -2935001 @ 21.789
c bounds - >= -2934985 @ 21.957
c bounds - >= -2934969 @ 22.1234
c bounds - >= -2934953 @ 22.2913
c bounds - >= -2934937 @ 22.4574
c bounds - >= -2934921 @ 22.6268
c bounds - >= -2934905 @ 22.7921
c bounds - >= -2934889 @ 22.9586
c bounds - >= -2934873 @ 23.1259
c bounds - >= -2934857 @ 23.2935
c bounds - >= -2934841 @ 23.4614
c bounds - >= -2934825 @ 23.6307
c bounds - >= -2934809 @ 23.7965
c bounds - >= -2934793 @ 23.9654
c bounds - >= -2934777 @ 24.1324
c bounds - >= -2934761 @ 24.2987
c bounds - >= -2934745 @ 24.4658
c bounds - >= -2934729 @ 24.6335
c bounds - >= -2934713 @ 24.7993
c bounds - >= -2934697 @ 24.9683
c bounds - >= -2934681 @ 25.1343
c bounds - >= -2934665 @ 25.301
c bounds - >= -2934649 @ 25.4701
c bounds - >= -2934633 @ 25.6372
c bounds - >= -2934617 @ 25.8042
c bounds - >= -2934601 @ 25.9709
c bounds - >= -2934585 @ 26.1394
c bounds - >= -2934569 @ 26.3059
c bounds - >= -2934553 @ 26.4744
c bounds - >= -2934537 @ 26.6436
c bounds - >= -2934521 @ 26.8114
c bounds - >= -2934505 @ 26.9756
c bounds - >= -2934489 @ 27.1425
c bounds - >= -2934473 @ 27.3105
c bounds - >= -2934457 @ 27.4772
c bounds - >= -2934441 @ 27.6443
c bounds - >= -2934425 @ 27.812
c bounds - >= -2934409 @ 27.9791
c bounds - >= -2934393 @ 28.1464
c bounds - >= -2934377 @ 28.3141
c bounds - >= -2934361 @ 28.4824
c bounds - >= -2934345 @ 28.6478
c bounds - >= -2934329 @ 28.8169
c bounds - >= -2934313 @ 28.9825
c bounds - >= -2934297 @ 29.1517
c bounds - >= -2934281 @ 29.3179
c bounds - >= -2934265 @ 29.4856
c bounds - >= -2934249 @ 29.6505
c bounds - >= -2934233 @ 29.8178
c bounds - >= -2934217 @ 29.9838
c bounds - >= -2934201 @ 30.1479
c bounds - >= -2934185 @ 30.315
c bounds - >= -2934169 @ 30.4805
c bounds - >= -2934153 @ 30.6445
c bounds - >= -2934137 @ 30.8104
c bounds - >= -2934121 @ 30.977
c bounds - >= -2934105 @ 31.1429
c bounds - >= -2934089 @ 31.3106
c bounds - >= -2934073 @ 31.4768
c bounds - >= -2934057 @ 31.6433
c bounds - >= -2934041 @ 31.809
c bounds - >= -2934025 @ 31.977
c bounds - >= -2934009 @ 32.1419
c bounds - >= -2933993 @ 32.3086
c bounds - >= -2933977 @ 32.4765
c bounds - >= -2933961 @ 32.6443
c bounds - >= -2933945 @ 32.8089
c bounds - >= -2933929 @ 32.9752
c bounds - >= -2933913 @ 33.1425
c bounds - >= -2933897 @ 33.3094
c bounds - >= -2933881 @ 33.4741
c bounds - >= -2933865 @ 33.6424
c bounds - >= -2933849 @ 33.8069
c bounds - >= -2933833 @ 33.9737
c bounds - >= -2933817 @ 34.14
c bounds - >= -2933801 @ 34.3062
c bounds - >= -2933785 @ 34.4736
c bounds - >= -2933769 @ 34.64
c bounds - >= -2933753 @ 34.8049
c bounds - >= -2933737 @ 34.974
c bounds - >= -2933721 @ 35.1417
c bounds - >= -2933705 @ 35.3098
c bounds - >= -2933689 @ 35.4775
c bounds - >= -2933673 @ 35.6459
c bounds - >= -2933657 @ 35.8108
c bounds - >= -2933641 @ 35.9795
c bounds - >= -2933625 @ 36.1455
c bounds - >= -2933609 @ 36.313
c bounds - >= -2933593 @ 36.482
c bounds - >= -2933577 @ 36.6512
c bounds - >= -2933561 @ 36.8196
c bounds - >= -2933545 @ 36.9873
c bounds - >= -2933529 @ 37.1538
c bounds - >= -2933513 @ 37.32
c bounds - >= -2933497 @ 37.4871
c bounds - >= -2933481 @ 37.6532
c bounds - >= -2933465 @ 37.8175
c bounds - >= -2933449 @ 37.9845
c bounds - >= -2933433 @ 38.1505
c bounds - >= -2933417 @ 38.3173
c bounds - >= -2933401 @ 38.4853
c bounds - >= -2933385 @ 38.6528
c bounds - >= -2933369 @ 38.8227
c bounds - >= -2933353 @ 38.9909
c bounds - >= -2933337 @ 39.1627
c bounds - >= -2933321 @ 39.3297
c bounds - >= -2933305 @ 39.4966
c bounds - >= -2933289 @ 39.6646
c bounds - >= -2933273 @ 39.835
c bounds - >= -2933257 @ 40.0008
c bounds - >= -2933241 @ 40.1711
c bounds - >= -2933225 @ 40.3402
c bounds - >= -2933209 @ 40.5086
c bounds - >= -2933193 @ 40.6785
c bounds - >= -2933177 @ 40.8473
c bounds - >= -2933161 @ 41.0162
c bounds - >= -2933145 @ 41.1869
c bounds - >= -2933129 @ 41.3524
c bounds - >= -2933113 @ 41.5216
c bounds - >= -2933097 @ 41.6908
c bounds - >= -2933081 @ 41.8589
c bounds - >= -2933065 @ 42.0271
c bounds - >= -2933049 @ 42.1987
c bounds - >= -2933033 @ 42.3661
c bounds - >= -2933017 @ 42.5361
c bounds - >= -2933001 @ 42.7029
c bounds - >= -2932985 @ 42.8728
c bounds - >= -2932969 @ 43.043
c bounds - >= -2932953 @ 43.2131
c bounds - >= -2932937 @ 43.383
c bounds - >= -2932921 @ 43.5531
c bounds - >= -2932905 @ 43.7217
c bounds - >= -2932889 @ 43.8907
c bounds - >= -2932873 @ 44.0583
c bounds - >= -2932857 @ 44.2291
c bounds - >= -2932841 @ 44.4006
c bounds - >= -2932825 @ 44.5701
c bounds - >= -2932809 @ 44.7393
c bounds - >= -2932793 @ 44.908
c bounds - >= -2932777 @ 45.0742
c bounds - >= -2932761 @ 45.242
c bounds - >= -2932745 @ 45.411
c bounds - >= -2932729 @ 45.5803
c bounds - >= -2932713 @ 45.7481
c bounds - >= -2932697 @ 45.9165
c bounds - >= -2932681 @ 46.0853
c bounds - >= -2932665 @ 46.2531
c bounds - >= -2932649 @ 46.4166
c bounds - >= -2932633 @ 46.5817
c bounds - >= -2932617 @ 46.7428
c bounds - >= -2932601 @ 46.9089
c bounds - >= -2932585 @ 47.0748
c bounds - >= -2932569 @ 47.2419
c bounds - >= -2932553 @ 47.4098
c bounds - >= -2932537 @ 47.5802
c bounds - >= -2932521 @ 47.7469
c bounds - >= -2932505 @ 47.9159
c bounds - >= -2932489 @ 48.0834
c bounds - >= -2932473 @ 48.2513
c bounds - >= -2932457 @ 48.4182
c bounds - >= -2932441 @ 48.5849
c bounds - >= -2932425 @ 48.7512
c bounds - >= -2932409 @ 48.9173
c bounds - >= -2932393 @ 49.0861
c bounds - >= -2932377 @ 49.2521
c bounds - >= -2932361 @ 49.4202
c bounds - >= -2932345 @ 49.5882
c bounds - >= -2932329 @ 49.7551
c bounds - >= -2932313 @ 49.9207
c bounds - >= -2932297 @ 50.0901
c bounds - >= -2932281 @ 50.2573
c bounds - >= -2932265 @ 50.4266
c bounds - >= -2932249 @ 50.5943
c bounds - >= -2932233 @ 50.7642
c bounds - >= -2932217 @ 50.9302
c bounds - >= -2932201 @ 51.1005
c bounds - >= -2932185 @ 51.2684
c bounds - >= -2932169 @ 51.4363
c bounds - >= -2932153 @ 51.6027
c bounds - >= -2932137 @ 51.7726
c bounds - >= -2932121 @ 51.9403
c bounds - >= -2932105 @ 52.1096
c bounds - >= -2932089 @ 52.2781
c bounds - >= -2932073 @ 52.445
c bounds - >= -2932057 @ 52.6124
c bounds - >= -2932041 @ 52.7815
c bounds - >= -2932025 @ 52.9505
c bounds - >= -2932009 @ 53.1196
c bounds - >= -2931993 @ 53.2866
c bounds - >= -2931977 @ 53.4572
c bounds - >= -2931961 @ 53.6232
c bounds - >= -2931945 @ 53.7906
c bounds - >= -2931929 @ 53.9581
c bounds - >= -2931913 @ 54.1279
c bounds - >= -2931897 @ 54.2941
c bounds - >= -2931881 @ 54.4623
c bounds - >= -2931865 @ 54.6314
c bounds - >= -2931849 @ 54.7989
c bounds - >= -2931833 @ 54.9663
c bounds - >= -2931817 @ 55.1344
c bounds - >= -2931801 @ 55.3022
c bounds - >= -2931785 @ 55.4725
c bounds - >= -2931769 @ 55.6405
c bounds - >= -2931753 @ 55.8072
c bounds - >= -2931737 @ 55.9748
c bounds - >= -2931721 @ 56.1417
c bounds - >= -2931705 @ 56.308
c bounds - >= -2931689 @ 56.4773
c bounds - >= -2931673 @ 56.6438
c bounds - >= -2931657 @ 56.8112
c bounds - >= -2931641 @ 56.9792
c bounds - >= -2931625 @ 57.1468
c bounds - >= -2931609 @ 57.314
c bounds - >= -2931593 @ 57.4828
c bounds - >= -2931577 @ 57.6519
c bounds - >= -2931561 @ 57.8189
c bounds - >= -2931545 @ 57.9884
c bounds - >= -2931529 @ 58.1566
c bounds - >= -2931513 @ 58.3222
c bounds - >= -2931497 @ 58.4885
c bounds - >= -2931481 @ 58.659
c bounds - >= -2931465 @ 58.8274
c bounds - >= -2931449 @ 58.9948
c bounds - >= -2931433 @ 59.1646
c bounds - >= -2931417 @ 59.3312
c bounds - >= -2931401 @ 59.4978
c bounds - >= -2931385 @ 59.6633
c bounds - >= -2931369 @ 59.8302
c bounds - >= -2931353 @ 59.9993
c bounds - >= -2931337 @ 60.1657
c bounds - >= -2931321 @ 60.3333
c bounds - >= -2931305 @ 60.5009
c bounds - >= -2931289 @ 60.6689
c bounds - >= -2931273 @ 60.8386
c bounds - >= -2931257 @ 61.0054
c bounds - >= -2931241 @ 61.172
c bounds - >= -2931225 @ 61.3394
c bounds - >= -2931209 @ 61.5084
c bounds - >= -2931193 @ 61.6747
c bounds - >= -2931177 @ 61.8421
c bounds - >= -2931161 @ 62.0092
c bounds - >= -2931145 @ 62.1761
c bounds - >= -2931129 @ 62.3425
c bounds - >= -2931113 @ 62.5103
c bounds - >= -2931097 @ 62.6766
c bounds - >= -2931081 @ 62.8454
c bounds - >= -2931065 @ 63.0135
c bounds - >= -2931049 @ 63.1797
c bounds - >= -2931033 @ 63.3479
c bounds - >= -2931017 @ 63.5132
c bounds - >= -2931001 @ 63.6809
c bounds - >= -2930985 @ 63.8486
c bounds - >= -2930969 @ 64.015
c bounds - >= -2930953 @ 64.1828
c bounds - >= -2930937 @ 64.3519
c bounds - >= -2930921 @ 64.518
c bounds - >= -2930905 @ 64.6854
c bounds - >= -2930889 @ 64.8537
c bounds - >= -2930873 @ 65.0191
c bounds - >= -2930857 @ 65.1864
c bounds - >= -2930841 @ 65.3543
c bounds - >= -2930825 @ 65.5206
c bounds - >= -2930809 @ 65.6852
c bounds - >= -2930793 @ 65.8495
c bounds - >= -2930777 @ 66.0151
c bounds - >= -2930761 @ 66.1805
c bounds - >= -2930745 @ 66.348
c bounds - >= -2930729 @ 66.515
c bounds - >= -2930713 @ 66.6815
c bounds - >= -2930697 @ 66.8468
c bounds - >= -2930681 @ 67.0154
c bounds - >= -2930665 @ 67.1817
c bounds - >= -2930649 @ 67.3472
c bounds - >= -2930633 @ 67.5163
c bounds - >= -2930617 @ 67.6848
c bounds - >= -2930601 @ 67.8534
c bounds - >= -2930585 @ 68.0194
c bounds - >= -2930569 @ 68.1886
c bounds - >= -2930553 @ 68.3565
c bounds - >= -2930537 @ 68.5246
c bounds - >= -2930521 @ 68.6919
c bounds - >= -2930505 @ 68.8601
c bounds - >= -2930489 @ 69.0281
c bounds - >= -2930473 @ 69.1957
c bounds - >= -2930457 @ 69.3628
c bounds - >= -2930441 @ 69.5297
c bounds - >= -2930425 @ 69.6971
c bounds - >= -2930409 @ 69.8648
c bounds - >= -2930393 @ 70.0325
c bounds - >= -2930377 @ 70.2009
c bounds - >= -2930361 @ 70.3661
c bounds - >= -2930345 @ 70.5332
c bounds - >= -2930329 @ 70.7007
c bounds - >= -2930313 @ 70.8703
c bounds - >= -2930297 @ 71.037
c bounds - >= -2930281 @ 71.2044
c bounds - >= -2930265 @ 71.3728
c bounds - >= -2930249 @ 71.54
c bounds - >= -2930233 @ 71.7086
c bounds - >= -2930217 @ 71.8762
c bounds - >= -2930201 @ 72.0427
c bounds - >= -2930185 @ 72.2103
c bounds - >= -2930169 @ 72.3783
c bounds - >= -2930153 @ 72.5477
c bounds - >= -2930137 @ 72.7177
c bounds - >= -2930121 @ 72.8896
c bounds - >= -2930105 @ 73.0565
c bounds - >= -2930089 @ 73.2254
c bounds - >= -2930073 @ 73.3926
c bounds - >= -2930057 @ 73.5607
c bounds - >= -2930041 @ 73.728
c bounds - >= -2930025 @ 73.8963
c bounds - >= -2930009 @ 74.0615
c bounds - >= -2929993 @ 74.2296
c bounds - >= -2929977 @ 74.3985
c bounds - >= -2929961 @ 74.5691
c bounds - >= -2929945 @ 74.7386
c bounds - >= -2929929 @ 74.9067
c bounds - >= -2929913 @ 75.074
c bounds - >= -2929897 @ 75.2407
c bounds - >= -2929881 @ 75.41
c bounds - >= -2929865 @ 75.5779
c bounds - >= -2929849 @ 75.7453
c bounds - >= -2929833 @ 75.9135
c bounds - >= -2929817 @ 76.0791
c bounds - >= -2929801 @ 76.2445
c bounds - >= -2929785 @ 76.4113
c bounds - >= -2929769 @ 76.5795
c bounds - >= -2929753 @ 76.7454
c bounds - >= -2929737 @ 76.9133
c bounds - >= -2929721 @ 77.0821
c bounds - >= -2929705 @ 77.2495
c bounds - >= -2929689 @ 77.4159
c bounds - >= -2929673 @ 77.5837
c bounds - >= -2929657 @ 77.7519
c bounds - >= -2929641 @ 77.9185
c bounds - >= -2929625 @ 78.0862
c bounds - >= -2929609 @ 78.2525
c bounds - >= -2929593 @ 78.42
c bounds - >= -2929577 @ 78.5874
c bounds - >= -2929561 @ 78.7578
c bounds - >= -2929545 @ 78.9242
c bounds - >= -2929529 @ 79.0934
c bounds - >= -2929513 @ 79.2621
c bounds - >= -2929497 @ 79.4286
c bounds - >= -2929481 @ 79.5959
c bounds - >= -2929465 @ 79.7632
c bounds - >= -2929449 @ 79.9318
c bounds - >= -2929433 @ 80.0998
c bounds - >= -2929417 @ 80.2671
c bounds - >= -2929401 @ 80.435
c bounds - >= -2929385 @ 80.602
c bounds - >= -2929369 @ 80.7725
c bounds - >= -2929353 @ 80.9397
c bounds - >= -2929337 @ 81.1055
c bounds - >= -2929321 @ 81.2728
c bounds - >= -2929305 @ 81.4397
c bounds - >= -2929289 @ 81.6067
c bounds - >= -2929273 @ 81.7745
c bounds - >= -2929257 @ 81.9402
c bounds - >= -2929241 @ 82.1056
c bounds - >= -2929225 @ 82.2726
c bounds - >= -2929209 @ 82.4392
c bounds - >= -2929193 @ 82.606
c bounds - >= -2929177 @ 82.7737
c bounds - >= -2929161 @ 82.9421
c bounds - >= -2929145 @ 83.1084
c bounds - >= -2929129 @ 83.2776
c bounds - >= -2929113 @ 83.4436
c bounds - >= -2929097 @ 83.612
c bounds - >= -2929081 @ 83.7808
c bounds - >= -2929065 @ 83.9493
c bounds - >= -2929049 @ 84.1149
c bounds - >= -2929033 @ 84.2826
c bounds - >= -2929017 @ 84.4483
c bounds - >= -2929001 @ 84.6173
c bounds - >= -2928985 @ 84.7863
c bounds - >= -2928969 @ 84.9547
c bounds - >= -2928953 @ 85.1238
c bounds - >= -2928937 @ 85.2934
c bounds - >= -2928921 @ 85.4614
c bounds - >= -2928905 @ 85.6285
c bounds - >= -2928889 @ 85.794
c bounds - >= -2928873 @ 85.9609
c bounds - >= -2928857 @ 86.1309
c bounds - >= -2928841 @ 86.2982
c bounds - >= -2928825 @ 86.4651
c bounds - >= -2928809 @ 86.634
c bounds - >= -2928793 @ 86.8024
c bounds - >= -2928777 @ 86.9694
c bounds - >= -2928761 @ 87.1384
c bounds - >= -2928745 @ 87.3064
c bounds - >= -2928729 @ 87.4744
c bounds - >= -2928713 @ 87.643
c bounds - >= -2928697 @ 87.8112
c bounds - >= -2928681 @ 87.9777
c bounds - >= -2928665 @ 88.1459
c bounds - >= -2928649 @ 88.3121
c bounds - >= -2928633 @ 88.4823
c bounds - >= -2928617 @ 88.6492
c bounds - >= -2928601 @ 88.8181
c bounds - >= -2928585 @ 88.9854
c bounds - >= -2928569 @ 89.1534
c bounds - >= -2928553 @ 89.3194
c bounds - >= -2928537 @ 89.4845
c bounds - >= -2928521 @ 89.6509
c bounds - >= -2928505 @ 89.8188
c bounds - >= -2928489 @ 89.9855
c bounds - >= -2928473 @ 90.1551
c bounds - >= -2928457 @ 90.3222
c bounds - >= -2928441 @ 90.4891
c bounds - >= -2928425 @ 90.6564
c bounds - >= -2928409 @ 90.8249
c bounds - >= -2928393 @ 90.9944
c bounds - >= -2928377 @ 91.1624
c bounds - >= -2928361 @ 91.3298
c bounds - >= -2928345 @ 91.4957
c bounds - >= -2928329 @ 91.6649
c bounds - >= -2928313 @ 91.8339
c bounds - >= -2928297 @ 92.0007
c bounds - >= -2928281 @ 92.1654
c bounds - >= -2928265 @ 92.3299
c bounds - >= -2928249 @ 92.4945
c bounds - >= -2928233 @ 92.6611
c bounds - >= -2928217 @ 92.8257
c bounds - >= -2928201 @ 92.9908
c bounds - >= -2928185 @ 93.1537
c bounds - >= -2928169 @ 93.3184
c bounds - >= -2928153 @ 93.4839
c bounds - >= -2928137 @ 93.652
c bounds - >= -2928121 @ 93.8179
c bounds - >= -2928105 @ 93.9874
c bounds - >= -2928089 @ 94.1531
c bounds - >= -2928073 @ 94.3232
c bounds - >= -2928057 @ 94.4913
c bounds - >= -2928041 @ 94.6593
c bounds - >= -2928025 @ 94.8253
c bounds - >= -2928009 @ 94.9954
c bounds - >= -2927993 @ 95.1633
c bounds - >= -2927977 @ 95.3318
c bounds - >= -2927961 @ 95.5011
c bounds - >= -2927945 @ 95.6693
c bounds - >= -2927929 @ 95.8367
c bounds - >= -2927913 @ 96.0026
c bounds - >= -2927897 @ 96.1716
c bounds - >= -2927881 @ 96.3385
c bounds - >= -2927865 @ 96.5064
c bounds - >= -2927849 @ 96.673
c bounds - >= -2927833 @ 96.8421
c bounds - >= -2927817 @ 97.0092
c bounds - >= -2927801 @ 97.1759
c bounds - >= -2927785 @ 97.3443
c bounds - >= -2927769 @ 97.513
c bounds - >= -2927753 @ 97.6784
c bounds - >= -2927737 @ 97.847
c bounds - >= -2927721 @ 98.0159
c bounds - >= -2927705 @ 98.1835
c bounds - >= -2927689 @ 98.3528
c bounds - >= -2927673 @ 98.5191
c bounds - >= -2927657 @ 98.6836
c bounds - >= -2927641 @ 98.8496
c bounds - >= -2927625 @ 99.0186
c bounds - >= -2927609 @ 99.1867
c bounds - >= -2927593 @ 99.3547
c bounds - >= -2927577 @ 99.5223
c bounds - >= -2927561 @ 99.6933
c bounds - >= -2927545 @ 99.8613
c bounds - >= -2927529 @ 100.031
c bounds - >= -2927513 @ 100.201
c bounds - >= -2927497 @ 100.372
c bounds - >= -2927481 @ 100.54
c bounds - >= -2927465 @ 100.71
c bounds - >= -2927449 @ 100.876
c bounds - >= -2927433 @ 101.045
c bounds - >= -2927417 @ 101.212
c bounds - >= -2927401 @ 101.382
c bounds - >= -2927385 @ 101.55
c bounds - >= -2927369 @ 101.715
c bounds - >= -2927353 @ 101.88
c bounds - >= -2927337 @ 102.044
c bounds - >= -2927321 @ 102.21
c bounds - >= -2927305 @ 102.375
c bounds - >= -2927289 @ 102.539
c bounds - >= -2927273 @ 102.703
c bounds - >= -2927257 @ 102.869
c bounds - >= -2927241 @ 103.033
c bounds - >= -2927225 @ 103.199
c bounds - >= -2927209 @ 103.363
c bounds - >= -2927193 @ 103.529
c bounds - >= -2927177 @ 103.694
c bounds - >= -2927161 @ 103.862
c bounds - >= -2927145 @ 104.028
c bounds - >= -2927129 @ 104.194
c bounds - >= -2927113 @ 104.359
c bounds - >= -2927097 @ 104.525
c bounds - >= -2927081 @ 104.69
c bounds - >= -2927065 @ 104.857
c bounds - >= -2927049 @ 105.021
c bounds - >= -2927033 @ 105.185
c bounds - >= -2927017 @ 105.352
c bounds - >= -2927001 @ 105.52
c bounds - >= -2926985 @ 105.685
c bounds - >= -2926969 @ 105.85
c bounds - >= -2926953 @ 106.016
c bounds - >= -2926937 @ 106.183
c bounds - >= -2926921 @ 106.349
c bounds - >= -2926905 @ 106.516
c bounds - >= -2926889 @ 106.682
c bounds - >= -2926873 @ 106.849
c bounds - >= -2926857 @ 107.015
c bounds - >= -2926841 @ 107.181
c bounds - >= -2926825 @ 107.346
c bounds - >= -2926809 @ 107.512
c bounds - >= -2926793 @ 107.68
c bounds - >= -2926777 @ 107.848
c bounds - >= -2926761 @ 108.013
c bounds - >= -2926745 @ 108.181
c bounds - >= -2926729 @ 108.345
c bounds - >= -2926713 @ 108.509
c bounds - >= -2926697 @ 108.673
c bounds - >= -2926681 @ 108.836
c bounds - >= -2926665 @ 109.001
c bounds - >= -2926649 @ 109.166
c bounds - >= -2926633 @ 109.331
c bounds - >= -2926617 @ 109.495
c bounds - >= -2926601 @ 109.663
c bounds - >= -2926585 @ 109.828
c bounds - >= -2926569 @ 109.993
c bounds - >= -2926553 @ 110.155
c bounds - >= -2926537 @ 110.319
c bounds - >= -2926521 @ 110.483
c bounds - >= -2926505 @ 110.648
c bounds - >= -2926489 @ 110.813
c bounds - >= -2926473 @ 110.977
c bounds - >= -2926457 @ 111.139
c bounds - >= -2926441 @ 111.301
c bounds - >= -2926425 @ 111.463
c bounds - >= -2926409 @ 111.626
c bounds - >= -2926393 @ 111.79
c bounds - >= -2926377 @ 111.952
c bounds - >= -2926361 @ 112.114
c bounds - >= -2926345 @ 112.277
c bounds - >= -2926329 @ 112.441
c bounds - >= -2926313 @ 112.606
c bounds - >= -2926297 @ 112.771
c bounds - >= -2926281 @ 112.935
c bounds - >= -2926265 @ 113.097
c bounds - >= -2926249 @ 113.262
c bounds - >= -2926233 @ 113.427
c bounds - >= -2926217 @ 113.593
c bounds - >= -2926201 @ 113.756
c bounds - >= -2926185 @ 113.919
c bounds - >= -2926169 @ 114.082
c bounds - >= -2926153 @ 114.247
c bounds - >= -2926137 @ 114.412
c bounds - >= -2926121 @ 114.575
c bounds - >= -2926105 @ 114.74
c bounds - >= -2926089 @ 114.906
c bounds - >= -2926073 @ 115.069
c bounds - >= -2926057 @ 115.237
c bounds - >= -2926041 @ 115.402
c bounds - >= -2926025 @ 115.569
c bounds - >= -2926009 @ 115.735
c bounds - >= -2925993 @ 115.902
c bounds - >= -2925977 @ 116.067
c bounds - >= -2925961 @ 116.233
c bounds - >= -2925945 @ 116.398
c bounds - >= -2925929 @ 116.565
c bounds - >= -2925913 @ 116.731
c bounds - >= -2925897 @ 116.899
c bounds - >= -2925881 @ 117.065
c bounds - >= -2925865 @ 117.229
c bounds - >= -2925849 @ 117.397
c bounds - >= -2925833 @ 117.564
c bounds - >= -2925817 @ 117.731
c bounds - >= -2925801 @ 117.899
c bounds - >= -2925785 @ 118.068
c bounds - >= -2925769 @ 118.234
c bounds - >= -2925753 @ 118.401
c bounds - >= -2925737 @ 118.57
c bounds - >= -2925721 @ 118.738
c bounds - >= -2925705 @ 118.906
c bounds - >= -2925689 @ 119.075
c bounds - >= -2925673 @ 119.242
c bounds - >= -2925657 @ 119.41
c bounds - >= -2925641 @ 119.578
c bounds - >= -2925625 @ 119.747
c bounds - >= -2925609 @ 119.914
c bounds - >= -2925593 @ 120.082
c bounds - >= -2925577 @ 120.249
c bounds - >= -2925561 @ 120.414
c bounds - >= -2925545 @ 120.585
c bounds - >= -2925529 @ 120.753
c bounds - >= -2925513 @ 120.922
c bounds - >= -2925497 @ 121.093
c bounds - >= -2925481 @ 121.262
c bounds - >= -2925465 @ 121.429
c bounds - >= -2925449 @ 121.598
c bounds - >= -2925433 @ 121.767
c bounds - >= -2925417 @ 121.93
c bounds - >= -2925401 @ 122.094
c bounds - >= -2925385 @ 122.259
c bounds - >= -2925369 @ 122.423
c bounds - >= -2925353 @ 122.588
c bounds - >= -2925337 @ 122.752
c bounds - >= -2925321 @ 122.918
c bounds - >= -2925305 @ 123.084
c bounds - >= -2925289 @ 123.25
c bounds - >= -2925273 @ 123.417
c bounds - >= -2925257 @ 123.581
c bounds - >= -2925241 @ 123.747
c bounds - >= -2925225 @ 123.911
c bounds - >= -2925209 @ 124.078
c bounds - >= -2925193 @ 124.245
c bounds - >= -2925177 @ 124.414
c bounds - >= -2925161 @ 124.578
c bounds - >= -2925145 @ 124.744
c bounds - >= -2925129 @ 124.909
c bounds - >= -2925113 @ 125.074
c bounds - >= -2925097 @ 125.237
c bounds - >= -2925081 @ 125.403
c bounds - >= -2925065 @ 125.569
c bounds - >= -2925049 @ 125.736
c bounds - >= -2925033 @ 125.902
c bounds - >= -2925017 @ 126.066
c bounds - >= -2925001 @ 126.231
c bounds - >= -2924985 @ 126.396
c bounds - >= -2924969 @ 126.564
c bounds - >= -2924953 @ 126.728
c bounds - >= -2924937 @ 126.894
c bounds - >= -2924921 @ 127.059
c bounds - >= -2924905 @ 127.226
c bounds - >= -2924889 @ 127.393
c bounds - >= -2924873 @ 127.561
c bounds - >= -2924857 @ 127.726
c bounds - >= -2924841 @ 127.893
c bounds - >= -2924825 @ 128.061
c bounds - >= -2924809 @ 128.229
c bounds - >= -2924793 @ 128.394
c bounds - >= -2924777 @ 128.562
c bounds - >= -2924761 @ 128.729
c bounds - >= -2924745 @ 128.896
c bounds - >= -2924729 @ 129.061
c bounds - >= -2924713 @ 129.228
c bounds - >= -2924697 @ 129.395
c bounds - >= -2924681 @ 129.561
c bounds - >= -2924665 @ 129.729
c bounds - >= -2924649 @ 129.896
c bounds - >= -2924633 @ 130.065
c bounds - >= -2924617 @ 130.229
c bounds - >= -2924601 @ 130.396
c bounds - >= -2924585 @ 130.561
c bounds - >= -2924569 @ 130.727
c bounds - >= -2924553 @ 130.893
c bounds - >= -2924537 @ 131.062
c bounds - >= -2924521 @ 131.228
c bounds - >= -2924505 @ 131.393
c bounds - >= -2924489 @ 131.56
c bounds - >= -2924473 @ 131.725
c bounds - >= -2924457 @ 131.891
c bounds - >= -2924441 @ 132.056
c bounds - >= -2924425 @ 132.222
c bounds - >= -2924409 @ 132.388
c bounds - >= -2924393 @ 132.556
c bounds - >= -2924377 @ 132.722
c bounds - >= -2924361 @ 132.887
c bounds - >= -2924345 @ 133.05
c bounds - >= -2924329 @ 133.216
c bounds - >= -2924313 @ 133.38
c bounds - >= -2924297 @ 133.545
c bounds - >= -2924281 @ 133.71
c bounds - >= -2924265 @ 133.875
c bounds - >= -2924249 @ 134.04
c bounds - >= -2924233 @ 134.207
c bounds - >= -2924217 @ 134.372
c bounds - >= -2924201 @ 134.539
c bounds - >= -2924185 @ 134.707
c bounds - >= -2924169 @ 134.873
c bounds - >= -2924153 @ 135.039
c bounds - >= -2924137 @ 135.206
c bounds - >= -2924121 @ 135.375
c bounds - >= -2924105 @ 135.545
c bounds - >= -2924089 @ 135.714
c bounds - >= -2924073 @ 135.88
c bounds - >= -2924057 @ 136.048
c bounds - >= -2924041 @ 136.214
c bounds - >= -2924025 @ 136.379
c bounds - >= -2924009 @ 136.544
c bounds - >= -2923993 @ 136.714
c bounds - >= -2923977 @ 136.879
c bounds - >= -2923961 @ 137.043
c bounds - >= -2923945 @ 137.207
c bounds - >= -2923929 @ 137.374
c bounds - >= -2923913 @ 137.54
c bounds - >= -2923897 @ 137.705
c bounds - >= -2923881 @ 137.871
c bounds - >= -2923865 @ 138.036
c bounds - >= -2923849 @ 138.203
c bounds - >= -2923833 @ 138.369
c bounds - >= -2923817 @ 138.537
c bounds - >= -2923801 @ 138.703
c bounds - >= -2923785 @ 138.872
c bounds - >= -2923769 @ 139.04
c bounds - >= -2923753 @ 139.207
c bounds - >= -2923737 @ 139.371
c bounds - >= -2923721 @ 139.534
c bounds - >= -2923705 @ 139.698
c bounds - >= -2923689 @ 139.866
c bounds - >= -2923673 @ 140.034
c bounds - >= -2923657 @ 140.2
c bounds - >= -2923641 @ 140.367
c bounds - >= -2923625 @ 140.534
c bounds - >= -2923609 @ 140.703
c bounds - >= -2923593 @ 140.868
c bounds - >= -2923577 @ 141.037
c bounds - >= -2923561 @ 141.205
c bounds - >= -2923545 @ 141.37
c bounds - >= -2923529 @ 141.534
c bounds - >= -2923513 @ 141.7
c bounds - >= -2923497 @ 141.866
c bounds - >= -2923481 @ 142.033
c bounds - >= -2923465 @ 142.199
c bounds - >= -2923449 @ 142.365
c bounds - >= -2923433 @ 142.53
c bounds - >= -2923417 @ 142.696
c bounds - >= -2923401 @ 142.862
c bounds - >= -2923385 @ 143.027
c bounds - >= -2923369 @ 143.195
c bounds - >= -2923353 @ 143.36
c bounds - >= -2923337 @ 143.526
c bounds - >= -2923321 @ 143.689
c bounds - >= -2923305 @ 143.855
c bounds - >= -2923289 @ 144.017
c bounds - >= -2923273 @ 144.181
c bounds - >= -2923257 @ 144.344
c bounds - >= -2923241 @ 144.513
c bounds - >= -2923225 @ 144.681
c bounds - >= -2923209 @ 144.847
c bounds - >= -2923193 @ 145.011
c bounds - >= -2923177 @ 145.176
c bounds - >= -2923161 @ 145.341
c bounds - >= -2923145 @ 145.507
c bounds - >= -2923129 @ 145.676
c bounds - >= -2923113 @ 145.843
c bounds - >= -2923097 @ 146.01
c bounds - >= -2923081 @ 146.176
c bounds - >= -2923065 @ 146.341
c bounds - >= -2923049 @ 146.508
c bounds - >= -2923033 @ 146.677
c bounds - >= -2923017 @ 146.841
c bounds - >= -2923001 @ 147.007
c bounds - >= -2922985 @ 147.17
c bounds - >= -2922969 @ 147.335
c bounds - >= -2922953 @ 147.501
c bounds - >= -2922937 @ 147.666
c bounds - >= -2922921 @ 147.834
c bounds - >= -2922905 @ 148.003
c bounds - >= -2922889 @ 148.174
c bounds - >= -2922873 @ 148.341
c bounds - >= -2922857 @ 148.508
c bounds - >= -2922841 @ 148.674
c bounds - >= -2922825 @ 148.841
c bounds - >= -2922809 @ 149.009
c bounds - >= -2922793 @ 149.174
c bounds - >= -2922777 @ 149.341
c bounds - >= -2922761 @ 149.506
c bounds - >= -2922745 @ 149.675
c bounds - >= -2922729 @ 149.839
c bounds - >= -2922713 @ 150.009
c bounds - >= -2922697 @ 150.175
c bounds - >= -2922681 @ 150.343
c bounds - >= -2922665 @ 150.512
c bounds - >= -2922649 @ 150.679
c bounds - >= -2922633 @ 150.845
c bounds - >= -2922617 @ 151.013
c bounds - >= -2922601 @ 151.182
c bounds - >= -2922585 @ 151.349
c bounds - >= -2922569 @ 151.516
c bounds - >= -2922553 @ 151.683
c bounds - >= -2922537 @ 151.852
c bounds - >= -2922521 @ 152.02
c bounds - >= -2922505 @ 152.187
c bounds - >= -2922489 @ 152.353
c bounds - >= -2922473 @ 152.519
c bounds - >= -2922457 @ 152.685
c bounds - >= -2922441 @ 152.853
c bounds - >= -2922425 @ 153.023
c bounds - >= -2922409 @ 153.191
c bounds - >= -2922393 @ 153.359
c bounds - >= -2922377 @ 153.525
c bounds - >= -2922361 @ 153.693
c bounds - >= -2922345 @ 153.86
c bounds - >= -2922329 @ 154.028
c bounds - >= -2922313 @ 154.197
c bounds - >= -2922297 @ 154.364
c bounds - >= -2922281 @ 154.533
c bounds - >= -2922265 @ 154.701
c bounds - >= -2922249 @ 154.869
c bounds - >= -2922233 @ 155.036
c bounds - >= -2922217 @ 155.202
c bounds - >= -2922201 @ 155.368
c bounds - >= -2922185 @ 155.534
c bounds - >= -2922169 @ 155.7
c bounds - >= -2922153 @ 155.869
c bounds - >= -2922137 @ 156.04
c bounds - >= -2922121 @ 156.206
c bounds - >= -2922105 @ 156.373
c bounds - >= -2922089 @ 156.54
c bounds - >= -2922073 @ 156.71
c bounds - >= -2922057 @ 156.879
c bounds - >= -2922041 @ 157.047
c bounds - >= -2922025 @ 157.213
c bounds - >= -2922009 @ 157.379
c bounds - >= -2921993 @ 157.547
c bounds - >= -2921977 @ 157.71
c bounds - >= -2921961 @ 157.875
c bounds - >= -2921945 @ 158.041
c bounds - >= -2921929 @ 158.206
c bounds - >= -2921913 @ 158.371
c bounds - >= -2921897 @ 158.54
c bounds - >= -2921881 @ 158.704
c bounds - >= -2921865 @ 158.869
c bounds - >= -2921849 @ 159.035
c bounds - >= -2921833 @ 159.201
c bounds - >= -2921817 @ 159.368
c bounds - >= -2921801 @ 159.534
c bounds - >= -2921785 @ 159.702
c bounds - >= -2921769 @ 159.868
c bounds - >= -2921753 @ 160.037
c bounds - >= -2921737 @ 160.205
c bounds - >= -2921721 @ 160.373
c bounds - >= -2921705 @ 160.54
c bounds - >= -2921689 @ 160.707
c bounds - >= -2921673 @ 160.874
c bounds - >= -2921657 @ 161.038
c bounds - >= -2921641 @ 161.207
c bounds - >= -2921625 @ 161.373
c bounds - >= -2921609 @ 161.537
c bounds - >= -2921593 @ 161.704
c bounds - >= -2921577 @ 161.873
c bounds - >= -2921561 @ 162.037
c bounds - >= -2921545 @ 162.204
c bounds - >= -2921529 @ 162.37
c bounds - >= -2921513 @ 162.533
c bounds - >= -2921497 @ 162.698
c bounds - >= -2921481 @ 162.862
c bounds - >= -2921465 @ 163.026
c bounds - >= -2921449 @ 163.193
c bounds - >= -2921433 @ 163.36
c bounds - >= -2921417 @ 163.523
c bounds - >= -2921401 @ 163.687
c bounds - >= -2921385 @ 163.852
c bounds - >= -2921369 @ 164.018
c bounds - >= -2921353 @ 164.183
c bounds - >= -2921337 @ 164.347
c bounds - >= -2921321 @ 164.512
c bounds - >= -2921305 @ 164.676
c bounds - >= -2921289 @ 164.842
c bounds - >= -2921273 @ 165.005
c bounds - >= -2921257 @ 165.172
c bounds - >= -2921241 @ 165.34
c bounds - >= -2921225 @ 165.508
c bounds - >= -2921209 @ 165.673
c bounds - >= -2921193 @ 165.84
c bounds - >= -2921177 @ 166.006
c bounds - >= -2921161 @ 166.174
c bounds - >= -2921145 @ 166.34
c bounds - >= -2921129 @ 166.505
c bounds - >= -2921113 @ 166.673
c bounds - >= -2921097 @ 166.84
c bounds - >= -2921081 @ 167.008
c bounds - >= -2921065 @ 167.175
c bounds - >= -2921049 @ 167.341
c bounds - >= -2921033 @ 167.506
c bounds - >= -2921017 @ 167.671
c bounds - >= -2921001 @ 167.838
c bounds - >= -2920985 @ 168.002
c bounds - >= -2920969 @ 168.168
c bounds - >= -2920953 @ 168.333
c bounds - >= -2920937 @ 168.497
c bounds - >= -2920921 @ 168.661
c bounds - >= -2920905 @ 168.827
c bounds - >= -2920889 @ 168.993
c bounds - >= -2920873 @ 169.16
c bounds - >= -2920857 @ 169.327
c bounds - >= -2920841 @ 169.494
c bounds - >= -2920825 @ 169.66
c bounds - >= -2920809 @ 169.826
c bounds - >= -2920793 @ 169.99
c bounds - >= -2920777 @ 170.154
c bounds - >= -2920761 @ 170.318
c bounds - >= -2920745 @ 170.484
c bounds - >= -2920729 @ 170.653
c bounds - >= -2920713 @ 170.819
c bounds - >= -2920697 @ 170.985
c bounds - >= -2920681 @ 171.153
c bounds - >= -2920665 @ 171.32
c bounds - >= -2920649 @ 171.487
c bounds - >= -2920633 @ 171.653
c bounds - >= -2920617 @ 171.818
c bounds - >= -2920601 @ 171.983
c bounds - >= -2920585 @ 172.151
c bounds - >= -2920569 @ 172.318
c bounds - >= -2920553 @ 172.485
c bounds - >= -2920537 @ 172.652
c bounds - >= -2920521 @ 172.821
c bounds - >= -2920505 @ 172.987
c bounds - >= -2920489 @ 173.153
c bounds - >= -2920473 @ 173.318
c bounds - >= -2920457 @ 173.484
c bounds - >= -2920441 @ 173.651
c bounds - >= -2920425 @ 173.818
c bounds - >= -2920409 @ 173.987
c bounds - >= -2920393 @ 174.154
c bounds - >= -2920377 @ 174.322
c bounds - >= -2920361 @ 174.489
c bounds - >= -2920345 @ 174.655
c bounds - >= -2920329 @ 174.821
c bounds - >= -2920313 @ 174.988
c bounds - >= -2920297 @ 175.155
c bounds - >= -2920281 @ 175.318
c bounds - >= -2920265 @ 175.483
c bounds - >= -2920249 @ 175.65
c bounds - >= -2920233 @ 175.819
c bounds - >= -2920217 @ 175.984
c bounds - >= -2920201 @ 176.15
c bounds - >= -2920185 @ 176.315
c bounds - >= -2920169 @ 176.482
c bounds - >= -2920153 @ 176.649
c bounds - >= -2920137 @ 176.815
c bounds - >= -2920121 @ 176.984
c bounds - >= -2920105 @ 177.15
c bounds - >= -2920089 @ 177.316
c bounds - >= -2920073 @ 177.483
c bounds - >= -2920057 @ 177.649
c bounds - >= -2920041 @ 177.816
c bounds - >= -2920025 @ 177.983
c bounds - >= -2920009 @ 178.151
c bounds - >= -2919993 @ 178.319
c bounds - >= -2919977 @ 178.486
c bounds - >= -2919961 @ 178.651
c bounds - >= -2919945 @ 178.819
c bounds - >= -2919929 @ 178.985
c bounds - >= -2919913 @ 179.151
c bounds - >= -2919897 @ 179.319
c bounds - >= -2919881 @ 179.485
c bounds - >= -2919865 @ 179.654
c bounds - >= -2919849 @ 179.821
c bounds - >= -2919833 @ 179.989
c bounds - >= -2919817 @ 180.157
c bounds - >= -2919801 @ 180.322
c bounds - >= -2919785 @ 180.489
c bounds - >= -2919769 @ 180.656
c bounds - >= -2919753 @ 180.823
c bounds - >= -2919737 @ 180.989
c bounds - >= -2919721 @ 181.156
c bounds - >= -2919705 @ 181.321
c bounds - >= -2919689 @ 181.488
c bounds - >= -2919673 @ 181.653
c bounds - >= -2919657 @ 181.819
c bounds - >= -2919641 @ 181.987
c bounds - >= -2919625 @ 182.154
c bounds - >= -2919609 @ 182.32
c bounds - >= -2919593 @ 182.486
c bounds - >= -2919577 @ 182.65
c bounds - >= -2919561 @ 182.812
c bounds - >= -2919545 @ 182.98
c bounds - >= -2919529 @ 183.145
c bounds - >= -2919513 @ 183.314
c bounds - >= -2919497 @ 183.482
c bounds - >= -2919481 @ 183.648
c bounds - >= -2919465 @ 183.815
c bounds - >= -2919449 @ 183.98
c bounds - >= -2919433 @ 184.151
c bounds - >= -2919417 @ 184.316
c bounds - >= -2919401 @ 184.485
c bounds - >= -2919385 @ 184.653
c bounds - >= -2919369 @ 184.818
c bounds - >= -2919353 @ 184.985
c bounds - >= -2919337 @ 185.152
c bounds - >= -2919321 @ 185.318
c bounds - >= -2919305 @ 185.483
c bounds - >= -2919289 @ 185.652
c bounds - >= -2919273 @ 185.819
c bounds - >= -2919257 @ 185.989
c bounds - >= -2919241 @ 186.156
c bounds - >= -2919225 @ 186.324
c bounds - >= -2919209 @ 186.49
c bounds - >= -2919193 @ 186.658
c bounds - >= -2919177 @ 186.825
c bounds - >= -2919161 @ 186.99
c bounds - >= -2919145 @ 187.159
c bounds - >= -2919129 @ 187.327
c bounds - >= -2919113 @ 187.496
c bounds - >= -2919097 @ 187.663
c bounds - >= -2919081 @ 187.827
c bounds - >= -2919065 @ 187.989
c bounds - >= -2919049 @ 188.152
c bounds - >= -2919033 @ 188.313
c bounds - >= -2919017 @ 188.476
c bounds - >= -2919001 @ 188.639
c bounds - >= -2918985 @ 188.8
c bounds - >= -2918969 @ 188.96
c bounds - >= -2918953 @ 189.123
c bounds - >= -2918937 @ 189.29
c bounds - >= -2918921 @ 189.454
c bounds - >= -2918905 @ 189.62
c bounds - >= -2918889 @ 189.786
c bounds - >= -2918873 @ 189.954
c bounds - >= -2918857 @ 190.12
c bounds - >= -2918841 @ 190.285
c bounds - >= -2918825 @ 190.449
c bounds - >= -2918809 @ 190.614
c bounds - >= -2918793 @ 190.778
c bounds - >= -2918777 @ 190.942
c bounds - >= -2918761 @ 191.109
c bounds - >= -2918745 @ 191.276
c bounds - >= -2918729 @ 191.441
c bounds - >= -2918713 @ 191.606
c bounds - >= -2918697 @ 191.774
c bounds - >= -2918681 @ 191.939
c bounds - >= -2918665 @ 192.108
c bounds - >= -2918649 @ 192.274
c bounds - >= -2918633 @ 192.439
c bounds - >= -2918617 @ 192.606
c bounds - >= -2918601 @ 192.771
c bounds - >= -2918585 @ 192.938
c bounds - >= -2918569 @ 193.104
c bounds - >= -2918553 @ 193.27
c bounds - >= -2918537 @ 193.436
c bounds - >= -2918521 @ 193.601
c bounds - >= -2918505 @ 193.767
c bounds - >= -2918489 @ 193.933
c bounds - >= -2918473 @ 194.097
c bounds - >= -2918457 @ 194.263
c bounds - >= -2918441 @ 194.428
c bounds - >= -2918425 @ 194.593
c bounds - >= -2918409 @ 194.759
c bounds - >= -2918393 @ 194.924
c bounds - >= -2918377 @ 195.093
c bounds - >= -2918361 @ 195.259
c bounds - >= -2918345 @ 195.425
c bounds - >= -2918329 @ 195.589
c bounds - >= -2918313 @ 195.754
c bounds - >= -2918297 @ 195.919
c bounds - >= -2918281 @ 196.083
c bounds - >= -2918265 @ 196.25
c bounds - >= -2918249 @ 196.416
c bounds - >= -2918233 @ 196.582
c bounds - >= -2918217 @ 196.749
c bounds - >= -2918201 @ 196.917
c bounds - >= -2918185 @ 197.081
c bounds - >= -2918169 @ 197.245
c bounds - >= -2918153 @ 197.408
c bounds - >= -2918137 @ 197.573
c bounds - >= -2918121 @ 197.737
c bounds - >= -2918105 @ 197.9
c bounds - >= -2918089 @ 198.068
c bounds - >= -2918073 @ 198.233
c bounds - >= -2918057 @ 198.4
c bounds - >= -2918041 @ 198.568
c bounds - >= -2918025 @ 198.735
c bounds - >= -2918009 @ 198.902
c bounds - >= -2917993 @ 199.067
c bounds - >= -2917977 @ 199.235
c bounds - >= -2917961 @ 199.399
c bounds - >= -2917945 @ 199.568
c bounds - >= -2917929 @ 199.733
c bounds - >= -2917913 @ 199.901
c bounds - >= -2917897 @ 200.067
c bounds - >= -2917881 @ 200.232
c bounds - >= -2917865 @ 200.399
c bounds - >= -2917849 @ 200.564
c bounds - >= -2917833 @ 200.732
c bounds - >= -2917817 @ 200.896
c bounds - >= -2917801 @ 201.063
c bounds - >= -2917785 @ 201.227
c bounds - >= -2917769 @ 201.393
c bounds - >= -2917753 @ 201.559
c bounds - >= -2917737 @ 201.726
c bounds - >= -2917721 @ 201.892
c bounds - >= -2917705 @ 202.056
c bounds - >= -2917689 @ 202.223
c bounds - >= -2917673 @ 202.388
c bounds - >= -2917657 @ 202.554
c bounds - >= -2917641 @ 202.719
c bounds - >= -2917625 @ 202.886
c bounds - >= -2917609 @ 203.051
c bounds - >= -2917593 @ 203.217
c bounds - >= -2917577 @ 203.382
c bounds - >= -2917561 @ 203.547
c bounds - >= -2917545 @ 203.714
c bounds - >= -2917529 @ 203.881
c bounds - >= -2917513 @ 204.047
c bounds - >= -2917497 @ 204.213
c bounds - >= -2917481 @ 204.377
c bounds - >= -2917465 @ 204.542
c bounds - >= -2917449 @ 204.708
c bounds - >= -2917433 @ 204.875
c bounds - >= -2917417 @ 205.041
c bounds - >= -2917401 @ 205.209
c bounds - >= -2917385 @ 205.376
c bounds - >= -2917369 @ 205.542
c bounds - >= -2917353 @ 205.707
c bounds - >= -2917337 @ 205.873
c bounds - >= -2917321 @ 206.039
c bounds - >= -2917305 @ 206.206
c bounds - >= -2917289 @ 206.373
c bounds - >= -2917273 @ 206.538
c bounds - >= -2917257 @ 206.703
c bounds - >= -2917241 @ 206.871
c bounds - >= -2917225 @ 207.038
c bounds - >= -2917209 @ 207.203
c bounds - >= -2917193 @ 207.367
c bounds - >= -2917177 @ 207.532
c bounds - >= -2917161 @ 207.697
c bounds - >= -2917145 @ 207.865
c bounds - >= -2917129 @ 208.031
c bounds - >= -2917113 @ 208.199
c bounds - >= -2917097 @ 208.365
c bounds - >= -2917081 @ 208.532
c bounds - >= -2917065 @ 208.7
c bounds - >= -2917049 @ 208.865
c bounds - >= -2917033 @ 209.033
c bounds - >= -2917017 @ 209.199
c bounds - >= -2917001 @ 209.367
c bounds - >= -2916985 @ 209.532
c bounds - >= -2916969 @ 209.698
c bounds - >= -2916953 @ 209.863
c bounds - >= -2916937 @ 210.029
c bounds - >= -2916921 @ 210.197
c bounds - >= -2916905 @ 210.363
c bounds - >= -2916889 @ 210.531
c bounds - >= -2916873 @ 210.695
c bounds - >= -2916857 @ 210.861
c bounds - >= -2916841 @ 211.025
c bounds - >= -2916825 @ 211.191
c bounds - >= -2916809 @ 211.357
c bounds - >= -2916793 @ 211.524
c bounds - >= -2916777 @ 211.691
c bounds - >= -2916761 @ 211.856
c bounds - >= -2916745 @ 212.023
c bounds - >= -2916729 @ 212.191
c bounds - >= -2916713 @ 212.354
c bounds - >= -2916697 @ 212.523
c bounds - >= -2916681 @ 212.688
c bounds - >= -2916665 @ 212.854
c bounds - >= -2916649 @ 213.02
c bounds - >= -2916633 @ 213.186
c bounds - >= -2916617 @ 213.351
c bounds - >= -2916601 @ 213.518
c bounds - >= -2916585 @ 213.685
c bounds - >= -2916569 @ 213.849
c bounds - >= -2916553 @ 214.016
c bounds - >= -2916537 @ 214.183
c bounds - >= -2916521 @ 214.351
c bounds - >= -2916505 @ 214.515
c bounds - >= -2916489 @ 214.68
c bounds - >= -2916473 @ 214.845
c bounds - >= -2916457 @ 215.011
c bounds - >= -2916441 @ 215.179
c bounds - >= -2916425 @ 215.345
c bounds - >= -2916409 @ 215.512
c bounds - >= -2916393 @ 215.678
c bounds - >= -2916377 @ 215.845
c bounds - >= -2916361 @ 216.011
c bounds - >= -2916345 @ 216.177
c bounds - >= -2916329 @ 216.343
c bounds - >= -2916313 @ 216.51
c bounds - >= -2916297 @ 216.678
c bounds - >= -2916281 @ 216.843
c bounds - >= -2916265 @ 217.009
c bounds - >= -2916249 @ 217.174
c bounds - >= -2916233 @ 217.342
c bounds - >= -2916217 @ 217.509
c bounds - >= -2916201 @ 217.674
c bounds - >= -2916185 @ 217.841
c bounds - >= -2916169 @ 218.006
c bounds - >= -2916153 @ 218.17
c bounds - >= -2916137 @ 218.335
c bounds - >= -2916121 @ 218.5
c bounds - >= -2916105 @ 218.665
c bounds - >= -2916089 @ 218.831
c bounds - >= -2916073 @ 218.998
c bounds - >= -2916057 @ 219.165
c bounds - >= -2916041 @ 219.33
c bounds - >= -2916025 @ 219.493
c bounds - >= -2916009 @ 219.659
c bounds - >= -2915993 @ 219.826
c bounds - >= -2915977 @ 219.993
c bounds - >= -2915961 @ 220.16
c bounds - >= -2915945 @ 220.324
c bounds - >= -2915929 @ 220.492
c bounds - >= -2915913 @ 220.658
c bounds - >= -2915897 @ 220.825
c bounds - >= -2915881 @ 220.991
c bounds - >= -2915865 @ 221.157
c bounds - >= -2915849 @ 221.324
c bounds - >= -2915833 @ 221.491
c bounds - >= -2915817 @ 221.657
c bounds - >= -2915801 @ 221.82
c bounds - >= -2915785 @ 221.985
c bounds - >= -2915769 @ 222.152
c bounds - >= -2915753 @ 222.318
c bounds - >= -2915737 @ 222.485
c bounds - >= -2915721 @ 222.651
c bounds - >= -2915705 @ 222.818
c bounds - >= -2915689 @ 222.985
c bounds - >= -2915673 @ 223.15
c bounds - >= -2915657 @ 223.317
c bounds - >= -2915641 @ 223.481
c bounds - >= -2915625 @ 223.648
c bounds - >= -2915609 @ 223.814
c bounds - >= -2915593 @ 223.977
c bounds - >= -2915577 @ 224.144
c bounds - >= -2915561 @ 224.31
c bounds - >= -2915545 @ 224.476
c bounds - >= -2915529 @ 224.644
c bounds - >= -2915513 @ 224.809
c bounds - >= -2915497 @ 224.976
c bounds - >= -2915481 @ 225.143
c bounds - >= -2915465 @ 225.31
c bounds - >= -2915449 @ 225.477
c bounds - >= -2915433 @ 225.644
c bounds - >= -2915417 @ 225.81
c bounds - >= -2915401 @ 225.976
c bounds - >= -2915385 @ 226.142
c bounds - >= -2915369 @ 226.311
c bounds - >= -2915353 @ 226.475
c bounds - >= -2915337 @ 226.642
c bounds - >= -2915321 @ 226.81
c bounds - >= -2915305 @ 226.977
c bounds - >= -2915289 @ 227.142
c bounds - >= -2915273 @ 227.309
c bounds - >= -2915257 @ 227.476
c bounds - >= -2915241 @ 227.641
c bounds - >= -2915225 @ 227.808
c bounds - >= -2915209 @ 227.974
c bounds - >= -2915193 @ 228.14
c bounds - >= -2915177 @ 228.308
c bounds - >= -2915161 @ 228.474
c bounds - >= -2915145 @ 228.642
c bounds - >= -2915129 @ 228.809
c bounds - >= -2915113 @ 228.974
c bounds - >= -2915097 @ 229.139
c bounds - >= -2915081 @ 229.307
c bounds - >= -2915065 @ 229.472
c bounds - >= -2915049 @ 229.639
c bounds - >= -2915033 @ 229.808
c bounds - >= -2915017 @ 229.973
c bounds - >= -2915001 @ 230.139
c bounds - >= -2914985 @ 230.305
c bounds - >= -2914969 @ 230.473
c bounds - >= -2914953 @ 230.638
c bounds - >= -2914937 @ 230.804
c bounds - >= -2914921 @ 230.971
c bounds - >= -2914905 @ 231.137
c bounds - >= -2914889 @ 231.304
c bounds - >= -2914873 @ 231.47
c bounds - >= -2914857 @ 231.636
c bounds - >= -2914841 @ 231.801
c bounds - >= -2914825 @ 231.966
c bounds - >= -2914809 @ 232.132
c bounds - >= -2914793 @ 232.298
c bounds - >= -2914777 @ 232.465
c bounds - >= -2914761 @ 232.631
c bounds - >= -2914745 @ 232.798
c bounds - >= -2914729 @ 232.965
c bounds - >= -2914713 @ 233.131
c bounds - >= -2914697 @ 233.298
c bounds - >= -2914681 @ 233.463
c bounds - >= -2914665 @ 233.629
c bounds - >= -2914649 @ 233.797
c bounds - >= -2914633 @ 233.964
c bounds - >= -2914617 @ 234.131
c bounds - >= -2914601 @ 234.298
c bounds - >= -2914585 @ 234.464
c bounds - >= -2914569 @ 234.632
c bounds - >= -2914553 @ 234.801
c bounds - >= -2914537 @ 234.966
c bounds - >= -2914521 @ 235.132
c bounds - >= -2914505 @ 235.299
c bounds - >= -2914489 @ 235.464
c bounds - >= -2914473 @ 235.629
c bounds - >= -2914457 @ 235.794
c bounds - >= -2914441 @ 235.959
c bounds - >= -2914425 @ 236.125
c bounds - >= -2914409 @ 236.29
c bounds - >= -2914393 @ 236.457
c bounds - >= -2914377 @ 236.622
c bounds - >= -2914361 @ 236.787
c bounds - >= -2914345 @ 236.953
c bounds - >= -2914329 @ 237.12
c bounds - >= -2914313 @ 237.287
c bounds - >= -2914297 @ 237.454
c bounds - >= -2914281 @ 237.62
c bounds - >= -2914265 @ 237.788
c bounds - >= -2914249 @ 237.953
c bounds - >= -2914233 @ 238.12
c bounds - >= -2914217 @ 238.285
c bounds - >= -2914201 @ 238.451
c bounds - >= -2914185 @ 238.616
c bounds - >= -2914169 @ 238.783
c bounds - >= -2914153 @ 238.949
c bounds - >= -2914137 @ 239.114
c bounds - >= -2914121 @ 239.283
c bounds - >= -2914105 @ 239.447
c bounds - >= -2914089 @ 239.612
c bounds - >= -2914073 @ 239.776
c bounds - >= -2914057 @ 239.94
c bounds - >= -2914041 @ 240.106
c bounds - >= -2914025 @ 240.272
c bounds - >= -2914009 @ 240.439
c bounds - >= -2913993 @ 240.604
c bounds - >= -2913977 @ 240.768
c bounds - >= -2913961 @ 240.934
c bounds - >= -2913945 @ 241.099
c bounds - >= -2913929 @ 241.267
c bounds - >= -2913913 @ 241.434
c bounds - >= -2913897 @ 241.601
c bounds - >= -2913881 @ 241.769
c bounds - >= -2913865 @ 241.935
c bounds - >= -2913849 @ 242.101
c bounds - >= -2913833 @ 242.268
c bounds - >= -2913817 @ 242.436
c bounds - >= -2913801 @ 242.603
c bounds - >= -2913785 @ 242.769
c bounds - >= -2913769 @ 242.936
c bounds - >= -2913753 @ 243.103
c bounds - >= -2913737 @ 243.269
c bounds - >= -2913721 @ 243.435
c bounds - >= -2913705 @ 243.604
c bounds - >= -2913689 @ 243.769
c bounds - >= -2913673 @ 243.936
c bounds - >= -2913657 @ 244.102
c bounds - >= -2913641 @ 244.269
c bounds - >= -2913625 @ 244.435
c bounds - >= -2913609 @ 244.601
c bounds - >= -2913593 @ 244.768
c bounds - >= -2913577 @ 244.935
c bounds - >= -2913561 @ 245.099
c bounds - >= -2913545 @ 245.262
c bounds - >= -2913529 @ 245.423
c bounds - >= -2913513 @ 245.587
c bounds - >= -2913497 @ 245.752
c bounds - >= -2913481 @ 245.919
c bounds - >= -2913465 @ 246.084
c bounds - >= -2913449 @ 246.249
c bounds - >= -2913433 @ 246.413
c bounds - >= -2913417 @ 246.576
c bounds - >= -2913401 @ 246.74
c bounds - >= -2913385 @ 246.907
c bounds - >= -2913369 @ 247.074
c bounds - >= -2913353 @ 247.238
c bounds - >= -2913337 @ 247.401
c bounds - >= -2913321 @ 247.566
c bounds - >= -2913305 @ 247.733
c bounds - >= -2913289 @ 247.899
c bounds - >= -2913273 @ 248.064
c bounds - >= -2913257 @ 248.23
c bounds - >= -2913241 @ 248.396
c bounds - >= -2913225 @ 248.561
c bounds - >= -2913209 @ 248.726
c bounds - >= -2913193 @ 248.892
c bounds - >= -2913177 @ 249.06
c bounds - >= -2913161 @ 249.224
c bounds - >= -2913145 @ 249.389
c bounds - >= -2913129 @ 249.555
c bounds - >= -2913113 @ 249.72
c bounds - >= -2913097 @ 249.886
c bounds - >= -2913081 @ 250.05
c bounds - >= -2913065 @ 250.216
c bounds - >= -2913049 @ 250.381
c bounds - >= -2913033 @ 250.545
c bounds - >= -2913017 @ 250.711
c bounds - >= -2913001 @ 250.876
c bounds - >= -2912985 @ 251.043
c bounds - >= -2912969 @ 251.211
c bounds - >= -2912953 @ 251.378
c bounds - >= -2912937 @ 251.541
c bounds - >= -2912921 @ 251.705
c bounds - >= -2912905 @ 251.874
c bounds - >= -2912889 @ 252.039
c bounds - >= -2912873 @ 252.206
c bounds - >= -2912857 @ 252.369
c bounds - >= -2912841 @ 252.536
c bounds - >= -2912825 @ 252.702
c bounds - >= -2912809 @ 252.865
c bounds - >= -2912793 @ 253.031
c bounds - >= -2912777 @ 253.196
c bounds - >= -2912761 @ 253.362
c bounds - >= -2912745 @ 253.528
c bounds - >= -2912729 @ 253.695
c bounds - >= -2912713 @ 253.863
c bounds - >= -2912697 @ 254.03
c bounds - >= -2912681 @ 254.198
c bounds - >= -2912665 @ 254.367
c bounds - >= -2912649 @ 254.533
c bounds - >= -2912633 @ 254.702
c bounds - >= -2912617 @ 254.868
c bounds - >= -2912601 @ 255.036
c bounds - >= -2912585 @ 255.202
c bounds - >= -2912569 @ 255.369
c bounds - >= -2912553 @ 255.536
c bounds - >= -2912537 @ 255.704
c bounds - >= -2912521 @ 255.872
c bounds - >= -2912505 @ 256.039
c bounds - >= -2912489 @ 256.207
c bounds - >= -2912473 @ 256.374
c bounds - >= -2912457 @ 256.542
c bounds - >= -2912441 @ 256.712
c bounds - >= -2912425 @ 256.88
c bounds - >= -2912409 @ 257.046
c bounds - >= -2912393 @ 257.216
c bounds - >= -2912377 @ 257.383
c bounds - >= -2912361 @ 257.552
c bounds - >= -2912345 @ 257.72
c bounds - >= -2912329 @ 257.887
c bounds - >= -2912313 @ 258.055
c bounds - >= -2912297 @ 258.223
c bounds - >= -2912281 @ 258.391
c bounds - >= -2912265 @ 258.56
c bounds - >= -2912249 @ 258.727
c bounds - >= -2912233 @ 258.896
c bounds - >= -2912217 @ 259.065
c bounds - >= -2912201 @ 259.232
c bounds - >= -2912185 @ 259.402
c bounds - >= -2912169 @ 259.568
c bounds - >= -2912153 @ 259.737
c bounds - >= -2912137 @ 259.905
c bounds - >= -2912121 @ 260.075
c bounds - >= -2912105 @ 260.243
c bounds - >= -2912089 @ 260.412
c bounds - >= -2912073 @ 260.582
c bounds - >= -2912057 @ 260.75
c bounds - >= -2912041 @ 260.919
c bounds - >= -2912025 @ 261.088
c bounds - >= -2912009 @ 261.257
c bounds - >= -2911993 @ 261.425
c bounds - >= -2911977 @ 261.594
c bounds - >= -2911961 @ 261.765
c bounds - >= -2911945 @ 261.931
c bounds - >= -2911929 @ 262.098
c bounds - >= -2911913 @ 262.268
c bounds - >= -2911897 @ 262.436
c bounds - >= -2911881 @ 262.606
c bounds - >= -2911865 @ 262.774
c bounds - >= -2911849 @ 262.942
c bounds - >= -2911833 @ 263.11
c bounds - >= -2911817 @ 263.276
c bounds - >= -2911801 @ 263.447
c bounds - >= -2911785 @ 263.615
c bounds - >= -2911769 @ 263.783
c bounds - >= -2911753 @ 263.95
c bounds - >= -2911737 @ 264.118
c bounds - >= -2911721 @ 264.286
c bounds - >= -2911705 @ 264.454
c bounds - >= -2911689 @ 264.621
c bounds - >= -2911673 @ 264.79
c bounds - >= -2911657 @ 264.956
c bounds - >= -2911641 @ 265.122
c bounds - >= -2911625 @ 265.289
c bounds - >= -2911609 @ 265.456
c bounds - >= -2911593 @ 265.624
c bounds - >= -2911577 @ 265.79
c bounds - >= -2911561 @ 265.956
c bounds - >= -2911545 @ 266.123
c bounds - >= -2911529 @ 266.289
c bounds - >= -2911513 @ 266.456
c bounds - >= -2911497 @ 266.623
c bounds - >= -2911481 @ 266.792
c bounds - >= -2911465 @ 266.958
c bounds - >= -2911449 @ 267.125
c bounds - >= -2911433 @ 267.292
c bounds - >= -2911417 @ 267.459
c bounds - >= -2911401 @ 267.628
c bounds - >= -2911385 @ 267.792
c bounds - >= -2911369 @ 267.959
c bounds - >= -2911353 @ 268.127
c bounds - >= -2911337 @ 268.296
c bounds - >= -2911321 @ 268.464
c bounds - >= -2911305 @ 268.63
c bounds - >= -2911289 @ 268.8
c bounds - >= -2911273 @ 268.97
c bounds - >= -2911257 @ 269.137
c bounds - >= -2911241 @ 269.308
c bounds - >= -2911225 @ 269.475
c bounds - >= -2911209 @ 269.645
c bounds - >= -2911193 @ 269.814
c bounds - >= -2911177 @ 269.982
c bounds - >= -2911161 @ 270.152
c bounds - >= -2911145 @ 270.321
c bounds - >= -2911129 @ 270.491
c bounds - >= -2911113 @ 270.663
c bounds - >= -2911097 @ 270.833
c bounds - >= -2911081 @ 271.001
c bounds - >= -2911065 @ 271.172
c bounds - >= -2911049 @ 271.339
c bounds - >= -2911033 @ 271.509
c bounds - >= -2911017 @ 271.679
c bounds - >= -2911001 @ 271.846
c bounds - >= -2910985 @ 272.015
c bounds - >= -2910969 @ 272.184
c bounds - >= -2910953 @ 272.352
c bounds - >= -2910937 @ 272.52
c bounds - >= -2910921 @ 272.689
c bounds - >= -2910905 @ 272.858
c bounds - >= -2910889 @ 273.026
c bounds - >= -2910873 @ 273.194
c bounds - >= -2910857 @ 273.364
c bounds - >= -2910841 @ 273.534
c bounds - >= -2910825 @ 273.704
c bounds - >= -2910809 @ 273.871
c bounds - >= -2910793 @ 274.04
c bounds - >= -2910777 @ 274.21
c bounds - >= -2910761 @ 274.378
c bounds - >= -2910745 @ 274.546
c bounds - >= -2910729 @ 274.717
c bounds - >= -2910713 @ 274.886
c bounds - >= -2910697 @ 275.055
c bounds - >= -2910681 @ 275.224
c bounds - >= -2910665 @ 275.395
c bounds - >= -2910649 @ 275.565
c bounds - >= -2910633 @ 275.735
c bounds - >= -2910617 @ 275.904
c bounds - >= -2910601 @ 276.075
c bounds - >= -2910585 @ 276.241
c bounds - >= -2910569 @ 276.41
c bounds - >= -2910553 @ 276.578
c bounds - >= -2910537 @ 276.746
c bounds - >= -2910521 @ 276.915
c bounds - >= -2910505 @ 277.084
c bounds - >= -2910489 @ 277.253
c bounds - >= -2910473 @ 277.422
c bounds - >= -2910457 @ 277.59
c bounds - >= -2910441 @ 277.76
c bounds - >= -2910425 @ 277.929
c bounds - >= -2910409 @ 278.098
c bounds - >= -2910393 @ 278.267
c bounds - >= -2910377 @ 278.436
c bounds - >= -2910361 @ 278.604
c bounds - >= -2910345 @ 278.771
c bounds - >= -2910329 @ 278.94
c bounds - >= -2910313 @ 279.111
c bounds - >= -2910297 @ 279.278
c bounds - >= -2910281 @ 279.449
c bounds - >= -2910265 @ 279.619
c bounds - >= -2910249 @ 279.788
c bounds - >= -2910233 @ 279.957
c bounds - >= -2910217 @ 280.127
c bounds - >= -2910201 @ 280.297
c bounds - >= -2910185 @ 280.467
c bounds - >= -2910169 @ 280.635
c bounds - >= -2910153 @ 280.805
c bounds - >= -2910137 @ 280.975
c bounds - >= -2910121 @ 281.144
c bounds - >= -2910105 @ 281.313
c bounds - >= -2910089 @ 281.482
c bounds - >= -2910073 @ 281.652
c bounds - >= -2910057 @ 281.822
c bounds - >= -2910041 @ 281.991
c bounds - >= -2910025 @ 282.159
c bounds - >= -2910009 @ 282.328
c bounds - >= -2909993 @ 282.497
c bounds - >= -2909977 @ 282.667
c bounds - >= -2909961 @ 282.84
c bounds - >= -2909945 @ 283.009
c bounds - >= -2909929 @ 283.18
c bounds - >= -2909913 @ 283.351
c bounds - >= -2909897 @ 283.521
c bounds - >= -2909881 @ 283.69
c bounds - >= -2909865 @ 283.862
c bounds - >= -2909849 @ 284.032
c bounds - >= -2909833 @ 284.202
c bounds - >= -2909817 @ 284.372
c bounds - >= -2909801 @ 284.541
c bounds - >= -2909785 @ 284.715
c bounds - >= -2909769 @ 284.885
c bounds - >= -2909753 @ 285.057
c bounds - >= -2909737 @ 285.226
c bounds - >= -2909721 @ 285.396
c bounds - >= -2909705 @ 285.564
c bounds - >= -2909689 @ 285.733
c bounds - >= -2909673 @ 285.902
c bounds - >= -2909657 @ 286.072
c bounds - >= -2909641 @ 286.245
c bounds - >= -2909625 @ 286.413
c bounds - >= -2909609 @ 286.583
c bounds - >= -2909593 @ 286.753
c bounds - >= -2909577 @ 286.922
c bounds - >= -2909561 @ 287.094
c bounds - >= -2909545 @ 287.264
c bounds - >= -2909529 @ 287.434
c bounds - >= -2909513 @ 287.605
c bounds - >= -2909497 @ 287.776
c bounds - >= -2909481 @ 287.946
c bounds - >= -2909465 @ 288.119
c bounds - >= -2909449 @ 288.291
c bounds - >= -2909433 @ 288.462
c bounds - >= -2909417 @ 288.634
c bounds - >= -2909401 @ 288.804
c bounds - >= -2909385 @ 288.973
c bounds - >= -2909369 @ 289.144
c bounds - >= -2909353 @ 289.313
c bounds - >= -2909337 @ 289.482
c bounds - >= -2909321 @ 289.654
c bounds - >= -2909305 @ 289.826
c bounds - >= -2909289 @ 289.998
c bounds - >= -2909273 @ 290.17
c bounds - >= -2909257 @ 290.34
c bounds - >= -2909241 @ 290.51
c bounds - >= -2909225 @ 290.679
c bounds - >= -2909209 @ 290.849
c bounds - >= -2909193 @ 291.022
c bounds - >= -2909177 @ 291.192
c bounds - >= -2909161 @ 291.363
c bounds - >= -2909145 @ 291.533
c bounds - >= -2909129 @ 291.705
c bounds - >= -2909113 @ 291.876
c bounds - >= -2909097 @ 292.048
c bounds - >= -2909081 @ 292.22
c bounds - >= -2909065 @ 292.392
c bounds - >= -2909049 @ 292.566
c bounds - >= -2909033 @ 292.738
c bounds - >= -2909017 @ 292.907
c bounds - >= -2909001 @ 293.081
c bounds - >= -2908985 @ 293.251
c bounds - >= -2908969 @ 293.423
c bounds - >= -2908953 @ 293.595
c bounds - >= -2908937 @ 293.765
c bounds - >= -2908921 @ 293.936
c bounds - >= -2908905 @ 294.109
c bounds - >= -2908889 @ 294.278
c bounds - >= -2908873 @ 294.449
c bounds - >= -2908857 @ 294.618
c bounds - >= -2908841 @ 294.788
c bounds - >= -2908825 @ 294.959
c bounds - >= -2908809 @ 295.134
c bounds - >= -2908793 @ 295.305
c bounds - >= -2908777 @ 295.477
c bounds - >= -2908761 @ 295.649
c bounds - >= -2908745 @ 295.82
c bounds - >= -2908729 @ 295.992
c bounds - >= -2908713 @ 296.166
c bounds - >= -2908697 @ 296.34
c bounds - >= -2908681 @ 296.513
c bounds - >= -2908665 @ 296.686
c bounds - >= -2908649 @ 296.857
c bounds - >= -2908633 @ 297.025
c bounds - >= -2908617 @ 297.194
c bounds - >= -2908601 @ 297.363
c bounds - >= -2908585 @ 297.531
c bounds - >= -2908569 @ 297.7
c bounds - >= -2908553 @ 297.87
c bounds - >= -2908537 @ 298.039
c bounds - >= -2908521 @ 298.21
c bounds - >= -2908505 @ 298.381
c bounds - >= -2908489 @ 298.551
c bounds - >= -2908473 @ 298.718
c bounds - >= -2908457 @ 298.89
c bounds - >= -2908441 @ 299.061
c bounds - >= -2908425 @ 299.232
c bounds - >= -2908409 @ 299.401
c bounds - >= -2908393 @ 299.57
c bounds - >= -2908377 @ 299.741
c bounds - >= -2908361 @ 299.91
c bounds - >= -2908345 @ 300.08
c bounds - >= -2908329 @ 300.252
c bounds - >= -2908313 @ 300.423
c bounds - >= -2908297 @ 300.594
c bounds - >= -2908281 @ 300.763
c bounds - >= -2908265 @ 300.933
c bounds - >= -2908249 @ 301.103
c bounds - >= -2908233 @ 301.274
c bounds - >= -2908217 @ 301.444
c bounds - >= -2908201 @ 301.616
c bounds - >= -2908185 @ 301.787
c bounds - >= -2908169 @ 301.958
c bounds - >= -2908153 @ 302.131
c bounds - >= -2908137 @ 302.305
c bounds - >= -2908121 @ 302.479
c bounds - >= -2908105 @ 302.654
c bounds - >= -2908089 @ 302.824
c bounds - >= -2908073 @ 302.998
c bounds - >= -2908057 @ 303.174
c bounds - >= -2908041 @ 303.347
c bounds - >= -2908025 @ 303.52
c bounds - >= -2908009 @ 303.692
c bounds - >= -2907993 @ 303.866
c bounds - >= -2907977 @ 304.04
c bounds - >= -2907961 @ 304.214
c bounds - >= -2907945 @ 304.386
c bounds - >= -2907929 @ 304.558
c bounds - >= -2907913 @ 304.733
c bounds - >= -2907897 @ 304.905
c bounds - >= -2907881 @ 305.075
c bounds - >= -2907865 @ 305.25
c bounds - >= -2907849 @ 305.424
c bounds - >= -2907833 @ 305.598
c bounds - >= -2907817 @ 305.772
c bounds - >= -2907801 @ 305.946
c bounds - >= -2907785 @ 306.119
c bounds - >= -2907769 @ 306.293
c bounds - >= -2907753 @ 306.469
c bounds - >= -2907737 @ 306.64
c bounds - >= -2907721 @ 306.811
c bounds - >= -2907705 @ 306.984
c bounds - >= -2907689 @ 307.156
c bounds - >= -2907673 @ 307.327
c bounds - >= -2907657 @ 307.498
c bounds - >= -2907641 @ 307.669
c bounds - >= -2907625 @ 307.839
c bounds - >= -2907609 @ 308.01
c bounds - >= -2907593 @ 308.181
c bounds - >= -2907577 @ 308.354
c bounds - >= -2907561 @ 308.526
c bounds - >= -2907545 @ 308.698
c bounds - >= -2907529 @ 308.869
c bounds - >= -2907513 @ 309.043
c bounds - >= -2907497 @ 309.217
c bounds - >= -2907481 @ 309.391
c bounds - >= -2907465 @ 309.563
c bounds - >= -2907449 @ 309.735
c bounds - >= -2907433 @ 309.908
c bounds - >= -2907417 @ 310.08
c bounds - >= -2907401 @ 310.253
c bounds - >= -2907385 @ 310.426
c bounds - >= -2907369 @ 310.597
c bounds - >= -2907353 @ 310.767
c bounds - >= -2907337 @ 310.936
c bounds - >= -2907321 @ 311.105
c bounds - >= -2907305 @ 311.278
c bounds - >= -2907289 @ 311.451
c bounds - >= -2907273 @ 311.623
c bounds - >= -2907257 @ 311.793
c bounds - >= -2907241 @ 311.965
c bounds - >= -2907225 @ 312.136
c bounds - >= -2907209 @ 312.306
c bounds - >= -2907193 @ 312.477
c bounds - >= -2907177 @ 312.646
c bounds - >= -2907161 @ 312.82
c bounds - >= -2907145 @ 312.99
c bounds - >= -2907129 @ 313.162
c bounds - >= -2907113 @ 313.333
c bounds - >= -2907097 @ 313.504
c bounds - >= -2907081 @ 313.676
c bounds - >= -2907065 @ 313.847
c bounds - >= -2907049 @ 314.019
c bounds - >= -2907033 @ 314.192
c bounds - >= -2907017 @ 314.363
c bounds - >= -2907001 @ 314.534
c bounds - >= -2906985 @ 314.707
c bounds - >= -2906969 @ 314.877
c bounds - >= -2906953 @ 315.049
c bounds - >= -2906937 @ 315.221
c bounds - >= -2906921 @ 315.393
c bounds - >= -2906905 @ 315.564
c bounds - >= -2906889 @ 315.734
c bounds - >= -2906873 @ 315.908
c bounds - >= -2906857 @ 316.079
c bounds - >= -2906841 @ 316.252
c bounds - >= -2906825 @ 316.426
c bounds - >= -2906809 @ 316.597
c bounds - >= -2906793 @ 316.769
c bounds - >= -2906777 @ 316.941
c bounds - >= -2906761 @ 317.113
c bounds - >= -2906745 @ 317.286
c bounds - >= -2906729 @ 317.461
c bounds - >= -2906713 @ 317.636
c bounds - >= -2906697 @ 317.807
c bounds - >= -2906681 @ 317.98
c bounds - >= -2906665 @ 318.151
c bounds - >= -2906649 @ 318.327
c bounds - >= -2906633 @ 318.501
c bounds - >= -2906617 @ 318.674
c bounds - >= -2906601 @ 318.846
c bounds - >= -2906585 @ 319.017
c bounds - >= -2906569 @ 319.192
c bounds - >= -2906553 @ 319.361
c bounds - >= -2906537 @ 319.535
c bounds - >= -2906521 @ 319.71
c bounds - >= -2906505 @ 319.883
c bounds - >= -2906489 @ 320.054
c bounds - >= -2906473 @ 320.226
c bounds - >= -2906457 @ 320.399
c bounds - >= -2906441 @ 320.572
c bounds - >= -2906425 @ 320.746
c bounds - >= -2906409 @ 320.92
c bounds - >= -2906393 @ 321.092
c bounds - >= -2906377 @ 321.264
c bounds - >= -2906361 @ 321.437
c bounds - >= -2906345 @ 321.612
c bounds - >= -2906329 @ 321.784
c bounds - >= -2906313 @ 321.957
c bounds - >= -2906297 @ 322.13
c bounds - >= -2906281 @ 322.303
c bounds - >= -2906265 @ 322.478
c bounds - >= -2906249 @ 322.65
c bounds - >= -2906233 @ 322.822
c bounds - >= -2906217 @ 322.997
c bounds - >= -2906201 @ 323.17
c bounds - >= -2906185 @ 323.342
c bounds - >= -2906169 @ 323.515
c bounds - >= -2906153 @ 323.685
c bounds - >= -2906137 @ 323.856
c bounds - >= -2906121 @ 324.029
c bounds - >= -2906105 @ 324.199
c bounds - >= -2906089 @ 324.372
c bounds - >= -2906073 @ 324.545
c bounds - >= -2906057 @ 324.717
c bounds - >= -2906041 @ 324.893
c bounds - >= -2906025 @ 325.064
c bounds - >= -2906009 @ 325.232
c bounds - >= -2905993 @ 325.401
c bounds - >= -2905977 @ 325.571
c bounds - >= -2905961 @ 325.741
c bounds - >= -2905945 @ 325.91
c bounds - >= -2905929 @ 326.082
c bounds - >= -2905913 @ 326.254
c bounds - >= -2905897 @ 326.425
c bounds - >= -2905881 @ 326.595
c bounds - >= -2905865 @ 326.762
c bounds - >= -2905849 @ 326.931
c bounds - >= -2905833 @ 327.1
c bounds - >= -2905817 @ 327.269
c bounds - >= -2905801 @ 327.438
c bounds - >= -2905785 @ 327.607
c bounds - >= -2905769 @ 327.778
c bounds - >= -2905753 @ 327.948
c bounds - >= -2905737 @ 328.119
c bounds - >= -2905721 @ 328.288
c bounds - >= -2905705 @ 328.455
c bounds - >= -2905689 @ 328.625
c bounds - >= -2905673 @ 328.794
c bounds - >= -2905657 @ 328.966
c bounds - >= -2905641 @ 329.136
c bounds - >= -2905625 @ 329.305
c bounds - >= -2905609 @ 329.474
c bounds - >= -2905593 @ 329.643
c bounds - >= -2905577 @ 329.81
c bounds - >= -2905561 @ 329.978
c bounds - >= -2905545 @ 330.149
c bounds - >= -2905529 @ 330.319
c bounds - >= -2905513 @ 330.489
c bounds - >= -2905497 @ 330.66
c bounds - >= -2905481 @ 330.83
c bounds - >= -2905465 @ 330.999
c bounds - >= -2905449 @ 331.171
c bounds - >= -2905433 @ 331.341
c bounds - >= -2905417 @ 331.512
c bounds - >= -2905401 @ 331.686
c bounds - >= -2905385 @ 331.856
c bounds - >= -2905369 @ 332.026
c bounds - >= -2905353 @ 332.199
c bounds - >= -2905337 @ 332.371
c bounds - >= -2905321 @ 332.541
c bounds - >= -2905305 @ 332.71
c bounds - >= -2905289 @ 332.879
c bounds - >= -2905273 @ 333.049
c bounds - >= -2905257 @ 333.221
c bounds - >= -2905241 @ 333.394
c bounds - >= -2905225 @ 333.564
c bounds - >= -2905209 @ 333.737
c bounds - >= -2905193 @ 333.907
c bounds - >= -2905177 @ 334.078
c bounds - >= -2905161 @ 334.247
c bounds - >= -2905145 @ 334.42
c bounds - >= -2905129 @ 334.59
c bounds - >= -2905113 @ 334.76
c bounds - >= -2905097 @ 334.933
c bounds - >= -2905081 @ 335.104
c bounds - >= -2905065 @ 335.274
c bounds - >= -2905049 @ 335.446
c bounds - >= -2905033 @ 335.613
c bounds - >= -2905017 @ 335.781
c bounds - >= -2905001 @ 335.95
c bounds - >= -2904985 @ 336.117
c bounds - >= -2904969 @ 336.286
c bounds - >= -2904953 @ 336.454
c bounds - >= -2904937 @ 336.622
c bounds - >= -2904921 @ 336.792
c bounds - >= -2904905 @ 336.961
c bounds - >= -2904889 @ 337.13
c bounds - >= -2904873 @ 337.298
c bounds - >= -2904857 @ 337.469
c bounds - >= -2904841 @ 337.64
c bounds - >= -2904825 @ 337.81
c bounds - >= -2904809 @ 337.978
c bounds - >= -2904793 @ 338.144
c bounds - >= -2904777 @ 338.312
c bounds - >= -2904761 @ 338.48
c bounds - >= -2904745 @ 338.649
c bounds - >= -2904729 @ 338.818
c bounds - >= -2904713 @ 338.988
c bounds - >= -2904697 @ 339.156
c bounds - >= -2904681 @ 339.325
c bounds - >= -2904665 @ 339.495
c bounds - >= -2904649 @ 339.663
c bounds - >= -2904633 @ 339.831
c bounds - >= -2904617 @ 340.003
c bounds - >= -2904601 @ 340.174
c bounds - >= -2904585 @ 340.346
c bounds - >= -2904569 @ 340.516
c bounds - >= -2904553 @ 340.686
c bounds - >= -2904537 @ 340.855
c bounds - >= -2904521 @ 341.025
c bounds - >= -2904505 @ 341.193
c bounds - >= -2904489 @ 341.362
c bounds - >= -2904473 @ 341.533
c bounds - >= -2904457 @ 341.704
c bounds - >= -2904441 @ 341.876
c bounds - >= -2904425 @ 342.047
c bounds - >= -2904409 @ 342.215
c bounds - >= -2904393 @ 342.382
c bounds - >= -2904377 @ 342.55
c bounds - >= -2904361 @ 342.717
c bounds - >= -2904345 @ 342.882
c bounds - >= -2904329 @ 343.049
c bounds - >= -2904313 @ 343.215
c bounds - >= -2904297 @ 343.382
c bounds - >= -2904281 @ 343.55
c bounds - >= -2904265 @ 343.721
c bounds - >= -2904249 @ 343.89
c bounds - >= -2904233 @ 344.058
c bounds - >= terminate called after throwing an instance of 'rs::OutOfMemoryException'
