c RoundingSat 2
c branch 
c commit 
c #variables 5100 #constraints 8885
c bounds - >= -10500 @ 0.033203
c bounds 0 >= -10500 @ 0.039129
c bounds 0 >= -10484 @ 0.040231
c bounds 0 >= -10468 @ 0.040656
c bounds 0 >= -10452 @ 0.04107
c bounds 0 >= -10436 @ 0.041485
c bounds 0 >= -10420 @ 0.041908
c bounds 0 >= -10404 @ 0.042321
c bounds 0 >= -10388 @ 0.042739
c bounds 0 >= -10372 @ 0.043156
c bounds 0 >= -10356 @ 0.043568
c bounds 0 >= -10340 @ 0.043983
c bounds 0 >= -10324 @ 0.044395
c bounds 0 >= -10308 @ 0.044817
c bounds 0 >= -10292 @ 0.045229
c bounds 0 >= -10276 @ 0.045644
c bounds 0 >= -10260 @ 0.046056
c bounds 0 >= -10244 @ 0.046468
c bounds 0 >= -10228 @ 0.04689
c bounds 0 >= -10212 @ 0.047303
c bounds 0 >= -10196 @ 0.047729
c bounds 0 >= -10180 @ 0.048145
c bounds 0 >= -10164 @ 0.048556
c bounds 0 >= -10148 @ 0.048971
c bounds 0 >= -10132 @ 0.049385
c bounds 0 >= -10116 @ 0.049806
c bounds 0 >= -10100 @ 0.050219
c bounds 0 >= -10084 @ 0.050637
c bounds 0 >= -10068 @ 0.051052
c bounds 0 >= -10052 @ 0.051465
c bounds -3 >= -10052 @ 0.05756
c bounds -3 >= -10036 @ 0.05756
c bounds -3 >= -10020 @ 0.05756
c bounds -3 >= -10004 @ 0.057904
c bounds -3 >= -9988 @ 0.058317
c bounds -3 >= -9972 @ 0.058735
c bounds -3 >= -9956 @ 0.059145
c bounds -3 >= -9940 @ 0.059518
c bounds -3 >= -9924 @ 0.059914
c bounds -3 >= -9908 @ 0.060325
c bounds -3 >= -9892 @ 0.060737
c bounds -3 >= -9876 @ 0.061142
c bounds -3 >= -9860 @ 0.061552
c bounds -3 >= -9844 @ 0.061963
c bounds -3 >= -9828 @ 0.062371
c bounds -3 >= -9812 @ 0.062787
c bounds -3 >= -9796 @ 0.063199
c bounds -3 >= -9780 @ 0.063613
c bounds -3 >= -9764 @ 0.064023
c bounds -3 >= -9748 @ 0.064429
c bounds -3 >= -9732 @ 0.064846
c bounds -3 >= -9716 @ 0.06526
c bounds -3 >= -9700 @ 0.065677
c bounds -3 >= -9684 @ 0.066089
c bounds -3 >= -9668 @ 0.066498
c bounds -3 >= -9652 @ 0.066543
c bounds -3 >= -9636 @ 0.066543
c bounds -3 >= -9620 @ 0.066885
c bounds -3 >= -9604 @ 0.067246
c bounds -3 >= -9588 @ 0.067572
c bounds -3 >= -9572 @ 0.06798
c bounds -3 >= -9556 @ 0.06839
c bounds -3 >= -9540 @ 0.069265
c bounds -3 >= -9524 @ 0.069677
c bounds -3 >= -9508 @ 0.070085
c bounds -3 >= -9492 @ 0.0705
c bounds -3 >= -9476 @ 0.070911
c bounds -3 >= -9460 @ 0.071318
c bounds -3 >= -9444 @ 0.071725
c bounds -3 >= -9428 @ 0.072132
c bounds -3 >= -9412 @ 0.07254
c bounds -3 >= -9396 @ 0.072947
c bounds -3 >= -9380 @ 0.073365
c bounds -3 >= -9364 @ 0.073788
c bounds -3 >= -9348 @ 0.074204
c bounds -3 >= -9332 @ 0.074625
c bounds -3 >= -9316 @ 0.075043
c bounds -3 >= -9300 @ 0.075459
c bounds -3 >= -9284 @ 0.075878
c bounds -3 >= -9268 @ 0.076299
c bounds -3 >= -9252 @ 0.076723
c bounds -3 >= -9236 @ 0.077144
c bounds -3 >= -9220 @ 0.077561
c bounds -3 >= -9204 @ 0.077974
c bounds -3 >= -9188 @ 0.078392
c bounds -3 >= -9172 @ 0.078816
c bounds -3 >= -9156 @ 0.079231
c bounds -3 >= -9140 @ 0.079651
c bounds -3 >= -9124 @ 0.080067
c bounds -3 >= -9108 @ 0.080482
c bounds -3 >= -9092 @ 0.0809
c bounds -3 >= -9076 @ 0.081318
c bounds -3 >= -9060 @ 0.081741
c bounds -3 >= -9044 @ 0.082156
c bounds -4 >= -9044 @ 0.085442
c bounds -4 >= -9028 @ 0.08589
c bounds -4 >= -9012 @ 0.086296
c bounds -4 >= -8996 @ 0.086713
c bounds -4 >= -8980 @ 0.087128
c bounds -4 >= -8964 @ 0.087546
c bounds -4 >= -8948 @ 0.08796
c bounds -4 >= -8932 @ 0.088376
c bounds -4 >= -8916 @ 0.088797
c bounds -4 >= -8900 @ 0.089216
c bounds -4 >= -8884 @ 0.08964
c bounds -4 >= -8868 @ 0.090052
c bounds -4 >= -8852 @ 0.090464
c bounds -4 >= -8836 @ 0.090877
c bounds -4 >= -8820 @ 0.091292
c bounds -4 >= -8804 @ 0.091715
c bounds -4 >= -8788 @ 0.092128
c bounds -4 >= -8772 @ 0.092546
c bounds -4 >= -8756 @ 0.092962
c bounds -4 >= -8740 @ 0.093373
c bounds -4 >= -8724 @ 0.093796
c bounds -4 >= -8708 @ 0.09421
c bounds -4 >= -8692 @ 0.09463
c bounds -4 >= -8676 @ 0.095045
c bounds -4 >= -8660 @ 0.095462
c bounds -4 >= -8644 @ 0.095875
c bounds -4 >= -8628 @ 0.096292
c bounds -4 >= -8612 @ 0.096705
c bounds -4 >= -8596 @ 0.097108
c bounds -4 >= -8580 @ 0.097514
c bounds -4 >= -8564 @ 0.097917
c bounds -4 >= -8548 @ 0.098322
c bounds -4 >= -8532 @ 0.098734
c bounds -4 >= -8516 @ 0.099138
c bounds -4 >= -8500 @ 0.099559
c bounds -4 >= -8484 @ 0.099962
c bounds -4 >= -8468 @ 0.100366
c bounds -4 >= -8452 @ 0.100794
c bounds -4 >= -8436 @ 0.1012
c bounds -4 >= -8420 @ 0.101611
c bounds -4 >= -8404 @ 0.102015
c bounds -4 >= -8388 @ 0.102451
c bounds -4 >= -8372 @ 0.102876
c bounds -4 >= -8356 @ 0.103298
c bounds -4 >= -8340 @ 0.103735
c bounds -4 >= -8324 @ 0.104157
c bounds -4 >= -8308 @ 0.104584
c bounds -4 >= -8292 @ 0.105003
c bounds -4 >= -8276 @ 0.105425
c bounds -4 >= -8260 @ 0.105843
c bounds -4 >= -8244 @ 0.10627
c bounds -4 >= -8228 @ 0.106695
c bounds -8 >= -8228 @ 0.111374
c bounds -8 >= -8212 @ 0.111828
c bounds -8 >= -8196 @ 0.112252
c bounds -8 >= -8180 @ 0.112681
c bounds -8 >= -8164 @ 0.113107
c bounds -8 >= -8148 @ 0.113534
c bounds -8 >= -8132 @ 0.113953
c bounds -8 >= -8116 @ 0.114371
c bounds -8 >= -8100 @ 0.114789
c bounds -8 >= -8084 @ 0.115209
c bounds -8 >= -8068 @ 0.115629
c bounds -8 >= -8052 @ 0.116047
c bounds -8 >= -8036 @ 0.116473
c bounds -8 >= -8020 @ 0.116894
c bounds -8 >= -8004 @ 0.117316
c bounds -8 >= -7988 @ 0.117734
c bounds -8 >= -7972 @ 0.118154
c bounds -8 >= -7956 @ 0.118573
c bounds -8 >= -7940 @ 0.118992
c bounds -8 >= -7924 @ 0.11941
c bounds -8 >= -7908 @ 0.119832
c bounds -8 >= -7892 @ 0.120264
c bounds -8 >= -7876 @ 0.120697
c bounds -8 >= -7860 @ 0.121119
c bounds -8 >= -7844 @ 0.121541
c bounds -8 >= -7828 @ 0.12196
c bounds -8 >= -7812 @ 0.122381
c bounds -8 >= -7796 @ 0.122416
c bounds -8 >= -7780 @ 0.122416
c bounds -8 >= -7764 @ 0.12277
c bounds -8 >= -7748 @ 0.123147
c bounds -8 >= -7732 @ 0.123561
c bounds -8 >= -7716 @ 0.123985
c bounds -8 >= -7700 @ 0.12437
c bounds -8 >= -7684 @ 0.124783
c bounds -8 >= -7668 @ 0.1252
c bounds -8 >= -7652 @ 0.125619
c bounds -8 >= -7636 @ 0.126036
c bounds -8 >= -7620 @ 0.126102
c bounds -8 >= -7604 @ 0.126102
c bounds -8 >= -7588 @ 0.126317
c bounds -8 >= -7572 @ 0.126723
c bounds -8 >= -7556 @ 0.127143
c bounds -8 >= -7540 @ 0.127564
c bounds -8 >= -7524 @ 0.127981
c bounds -8 >= -7508 @ 0.128395
c bounds -8 >= -7492 @ 0.128818
c bounds -8 >= -7476 @ 0.129238
c bounds -8 >= -7460 @ 0.129657
c bounds -8 >= -7444 @ 0.130074
c bounds -8 >= -7428 @ 0.130493
c bounds -8 >= -7412 @ 0.130909
c bounds -12 >= -7412 @ 0.135977
c bounds -12 >= -7396 @ 0.13608
c bounds -12 >= -7380 @ 0.13608
c bounds -12 >= -7364 @ 0.136317
c bounds -12 >= -7348 @ 0.136727
c bounds -12 >= -7332 @ 0.137146
c bounds -12 >= -7316 @ 0.137563
c bounds -12 >= -7300 @ 0.13798
c bounds -12 >= -7284 @ 0.138398
c bounds -12 >= -7268 @ 0.138818
c bounds -12 >= -7252 @ 0.139239
c bounds -12 >= -7236 @ 0.139662
c bounds -12 >= -7220 @ 0.140078
c bounds -12 >= -7204 @ 0.140494
c bounds -12 >= -7188 @ 0.140911
c bounds -12 >= -7172 @ 0.141326
c bounds -12 >= -7156 @ 0.141748
c bounds -12 >= -7140 @ 0.142164
c bounds -12 >= -7124 @ 0.142586
c bounds -12 >= -7108 @ 0.143008
c bounds -12 >= -7092 @ 0.14307
c bounds -12 >= -7076 @ 0.14307
c bounds -12 >= -7060 @ 0.143281
c bounds -12 >= -7044 @ 0.143691
c bounds -12 >= -7028 @ 0.144109
c bounds -12 >= -7012 @ 0.144526
c bounds -12 >= -6996 @ 0.144946
c bounds -12 >= -6980 @ 0.145364
c bounds -12 >= -6964 @ 0.145787
c bounds -12 >= -6948 @ 0.146207
c bounds -12 >= -6932 @ 0.146624
c bounds -12 >= -6916 @ 0.147039
c bounds -12 >= -6900 @ 0.147461
c bounds -12 >= -6884 @ 0.147876
c bounds -12 >= -6868 @ 0.148294
c bounds -12 >= -6852 @ 0.148715
c bounds -12 >= -6836 @ 0.149151
c bounds -12 >= -6820 @ 0.149572
c bounds -12 >= -6804 @ 0.149993
c bounds -12 >= -6788 @ 0.150054
c bounds -12 >= -6772 @ 0.150054
c bounds -12 >= -6756 @ 0.150258
c bounds -12 >= -6740 @ 0.150666
c bounds -12 >= -6724 @ 0.151085
c bounds -12 >= -6708 @ 0.151505
c bounds -12 >= -6692 @ 0.151927
c bounds -12 >= -6676 @ 0.152351
c bounds -12 >= -6660 @ 0.152766
c bounds -12 >= -6644 @ 0.153184
c bounds -12 >= -6628 @ 0.153601
c bounds -12 >= -6612 @ 0.154019
c bounds -12 >= -6596 @ 0.154438
c bounds -12 >= -6580 @ 0.154856
c bounds -12 >= -6564 @ 0.155272
c bounds -12 >= -6548 @ 0.155692
c bounds -12 >= -6532 @ 0.156107
c bounds -12 >= -6516 @ 0.156523
c bounds -12 >= -6500 @ 0.156955
c bounds -12 >= -6484 @ 0.157015
c bounds -12 >= -6468 @ 0.157015
c bounds -12 >= -6452 @ 0.157229
c bounds -12 >= -6436 @ 0.157646
c bounds -12 >= -6420 @ 0.158059
c bounds -12 >= -6404 @ 0.158476
c bounds -12 >= -6388 @ 0.158892
c bounds -12 >= -6372 @ 0.1593
c bounds -12 >= -6356 @ 0.159714
c bounds -12 >= -6340 @ 0.160125
c bounds -12 >= -6324 @ 0.16054
c bounds -12 >= -6308 @ 0.160952
c bounds -12 >= -6292 @ 0.161372
c bounds -12 >= -6276 @ 0.16179
c bounds -12 >= -6256 @ 0.16221
c bounds -12 >= -6240 @ 0.162647
c bounds -12 >= -6224 @ 0.163061
c bounds -12 >= -6208 @ 0.163481
c bounds -12 >= -6192 @ 0.1639
c bounds -12 >= -6176 @ 0.164364
c bounds -12 >= -6160 @ 0.164781
c bounds -12 >= -6144 @ 0.165196
c bounds -12 >= -6128 @ 0.165613
c bounds -12 >= -6112 @ 0.165674
c bounds -12 >= -6096 @ 0.165956
c bounds -12 >= -6080 @ 0.166292
c bounds -12 >= -6064 @ 0.166687
c bounds -12 >= -6048 @ 0.167086
c bounds -12 >= -6032 @ 0.167481
c bounds -12 >= -6016 @ 0.167874
c bounds -16 >= -6016 @ 0.173779
c bounds -16 >= -6000 @ 0.174223
c bounds -16 >= -5984 @ 0.174624
c bounds -16 >= -5968 @ 0.175023
c bounds -16 >= -5952 @ 0.175425
c bounds -16 >= -5936 @ 0.175818
c bounds -16 >= -5920 @ 0.176209
c bounds -16 >= -5904 @ 0.176602
c bounds -16 >= -5884 @ 0.176998
c bounds -16 >= -5868 @ 0.177419
c bounds -16 >= -5852 @ 0.177817
c bounds -16 >= -5836 @ 0.178213
c bounds -16 >= -5820 @ 0.178611
c bounds -16 >= -5804 @ 0.179002
c bounds -16 >= -5788 @ 0.179404
c bounds -16 >= -5772 @ 0.179797
c bounds -16 >= -5756 @ 0.180199
c bounds -16 >= -5740 @ 0.180593
c bounds -16 >= -5724 @ 0.180992
c bounds -16 >= -5708 @ 0.18142
c bounds -16 >= -5692 @ 0.181829
c bounds -20 >= -5692 @ 0.186984
c bounds -20 >= -5682 @ 0.190471
c bounds -24 >= -5682 @ 0.19619
c bounds -24 >= -5672 @ 0.198995
c bounds -24 >= -5662 @ 0.200671
c bounds -28 >= -5662 @ 0.214993
c bounds -28 >= -5652 @ 0.217133
c bounds -28 >= -5642 @ 0.21999
c bounds -28 >= -5632 @ 0.222995
c bounds -28 >= -5622 @ 0.224398
c bounds -28 >= -5612 @ 0.22708
c bounds -28 >= -5602 @ 0.229536
c bounds -31 >= -5602 @ 0.236816
c bounds -31 >= -5592 @ 0.239033
c bounds -31 >= -5582 @ 0.24202
c bounds -31 >= -5572 @ 0.243766
c bounds -35 >= -5572 @ 0.249785
c bounds -35 >= -5562 @ 0.254899
c bounds -39 >= -5562 @ 0.260876
c bounds -39 >= -5552 @ 0.263948
c bounds -39 >= -5542 @ 0.26815
c bounds -43 >= -5542 @ 0.2776
c bounds -43 >= -5532 @ 0.279892
c bounds -43 >= -5522 @ 0.281833
c bounds -43 >= -5512 @ 0.285574
c bounds -47 >= -5512 @ 0.289243
c bounds -47 >= -5502 @ 0.293413
c bounds -51 >= -5502 @ 0.29567
c bounds -51 >= -5492 @ 0.29849
c bounds -55 >= -5492 @ 0.303686
c bounds -55 >= -5482 @ 0.304739
c bounds -59 >= -5482 @ 0.312508
c bounds -59 >= -5472 @ 0.31818
c bounds -59 >= -5462 @ 0.320723
c bounds -63 >= -5462 @ 0.347407
c bounds -63 >= -5452 @ 0.35981
c #Conflicts:       1000 | #Constraints:      10879
c bounds -63 >= -5442 @ 0.36184
c bounds -63 >= -5432 @ 0.364883
c bounds -63 >= -5422 @ 0.368432
c bounds -67 >= -5422 @ 0.378325
c bounds -67 >= -5412 @ 0.382088
c bounds -67 >= -5402 @ 0.384514
c bounds -67 >= -5392 @ 0.387136
c bounds -67 >= -5382 @ 0.389867
c bounds -83 >= -5382 @ 0.397251
c bounds -83 >= -5372 @ 0.401949
c bounds -83 >= -5362 @ 0.406198
c bounds -85 >= -5362 @ 0.413966
c bounds -85 >= -5352 @ 0.417914
c bounds -85 >= -5342 @ 0.420784
c bounds -85 >= -5332 @ 0.423845
c bounds -89 >= -5332 @ 0.430317
c bounds -89 >= -5322 @ 0.433865
c bounds -89 >= -5312 @ 0.436653
c bounds -93 >= -5312 @ 0.441866
c bounds -93 >= -5302 @ 0.445865
c bounds -97 >= -5302 @ 0.463458
c bounds -97 >= -5292 @ 0.468727
c bounds -97 >= -5282 @ 0.471031
c bounds -97 >= -5272 @ 0.473311
c bounds -97 >= -5262 @ 0.47682
c bounds -97 >= -5252 @ 0.478482
c bounds -97 >= -5242 @ 0.4807
c bounds -97 >= -5232 @ 0.48873
c bounds -97 >= -5222 @ 0.490142
c bounds -98 >= -5222 @ 0.497005
c bounds -98 >= -5212 @ 0.501365
c #Conflicts:       2000 | #Constraints:      11962
c INPROCESSING
c GARBAGE COLLECT
c bounds -98 >= -5202 @ 0.51088
c bounds -102 >= -5202 @ 0.65327
c bounds -102 >= -5192 @ 0.671826
c bounds -102 >= -5182 @ 0.675624
c bounds -102 >= -5172 @ 0.67789
c bounds -102 >= -5162 @ 0.680929
c bounds -102 >= -5152 @ 0.683927
c bounds -102 >= -5142 @ 0.685782
c bounds -102 >= -5132 @ 0.689312
c bounds -102 >= -5122 @ 0.692754
c bounds -102 >= -5112 @ 0.695403
c bounds -102 >= -5102 @ 0.698588
c bounds -102 >= -5092 @ 0.701667
c bounds -102 >= -5082 @ 0.704426
c bounds -102 >= -5072 @ 0.706419
c bounds -102 >= -5062 @ 0.708209
c bounds -102 >= -5052 @ 0.711749
c bounds -102 >= -5042 @ 0.713396
c bounds -102 >= -5032 @ 0.717208
c bounds -102 >= -5022 @ 0.718379
c bounds -102 >= -5012 @ 0.720735
c bounds -102 >= -5002 @ 0.724039
c bounds -102 >= -4992 @ 0.726441
c #Conflicts:       3000 | #Constraints:      11662
c bounds -102 >= -4982 @ 0.727585
c bounds -102 >= -4972 @ 0.730445
c bounds -102 >= -4962 @ 0.733315
c bounds -102 >= -4952 @ 0.734686
c bounds -102 >= -4942 @ 0.738814
c bounds -102 >= -4932 @ 0.746201
c bounds -102 >= -4922 @ 0.756721
c bounds -102 >= -4912 @ 0.760021
c bounds -102 >= -4902 @ 0.761404
c bounds -102 >= -4892 @ 0.763215
c bounds -102 >= -4882 @ 0.765496
c bounds -102 >= -4872 @ 0.768727
c bounds -102 >= -4862 @ 0.77059
c bounds -102 >= -4852 @ 0.773971
c bounds -102 >= -4842 @ 0.775605
c bounds -102 >= -4832 @ 0.777491
c bounds -102 >= -4822 @ 0.782835
c bounds -102 >= -4812 @ 0.78737
c bounds -102 >= -4802 @ 0.789125
c bounds -102 >= -4792 @ 0.791118
c #Conflicts:       4000 | #Constraints:      12722
c bounds -102 >= -4782 @ 0.805548
c INPROCESSING
c GARBAGE COLLECT
c bounds -102 >= -4772 @ 0.820608
c bounds -102 >= -4762 @ 0.83389
c bounds -102 >= -4752 @ 0.846107
c bounds -102 >= -4742 @ 0.862656
c bounds -102 >= -4732 @ 0.864179
c bounds -102 >= -4722 @ 0.867049
c #Conflicts:       5000 | #Constraints:      12119
c bounds -102 >= -4712 @ 0.898816
c bounds -102 >= -4702 @ 0.921973
c bounds -106 >= -4702 @ 0.928429
c bounds -107 >= -4702 @ 0.933793
c bounds -111 >= -4702 @ 0.947636
c #Conflicts:       6000 | #Constraints:      13128
c INPROCESSING
c GARBAGE COLLECT
c bounds -112 >= -4702 @ 1.07107
c bounds -116 >= -4702 @ 1.07466
c bounds -120 >= -4702 @ 1.07712
c bounds -124 >= -4702 @ 1.0793
c bounds -128 >= -4702 @ 1.08251
c bounds -132 >= -4702 @ 1.08653
c bounds -136 >= -4702 @ 1.08967
c bounds -140 >= -4702 @ 1.09372
c bounds -143 >= -4702 @ 1.11739
c bounds -146 >= -4702 @ 1.31054
c #Conflicts:       7000 | #Constraints:      12150
c #Conflicts:       8000 | #Constraints:      13150
c bounds -146 >= -4692 @ 1.51807
c bounds -147 >= -4692 @ 1.53928
c bounds -147 >= -4687 @ 1.54653
c bounds -147 >= -4682 @ 1.55067
c bounds -147 >= -4677 @ 1.55711
c bounds -147 >= -4672 @ 1.56414
c #Conflicts:       9000 | #Constraints:      14172
c bounds -147 >= -4667 @ 1.56791
c bounds -149 >= -4667 @ 1.57225
c bounds -149 >= -4662 @ 1.57475
c bounds -149 >= -4657 @ 1.57875
c bounds -149 >= -4652 @ 1.58414
c bounds -151 >= -4652 @ 1.58856
c bounds -151 >= -4647 @ 1.59298
c bounds -153 >= -4647 @ 1.59708
c bounds -153 >= -4642 @ 1.60881
c bounds -155 >= -4642 @ 1.61402
c bounds -155 >= -4637 @ 1.61752
c bounds -155 >= -4632 @ 1.62162
c bounds -157 >= -4632 @ 1.62799
c bounds -157 >= -4627 @ 1.6345
c bounds -159 >= -4627 @ 1.6388
c bounds -159 >= -4622 @ 1.64623
c bounds -161 >= -4622 @ 1.65159
c bounds -163 >= -4622 @ 1.65703
c bounds -163 >= -4617 @ 1.66508
c bounds -165 >= -4617 @ 1.66991
c bounds -165 >= -4612 @ 1.67358
c bounds -167 >= -4612 @ 1.67969
c bounds -167 >= -4607 @ 1.68429
c bounds -169 >= -4607 @ 1.68863
c bounds -169 >= -4602 @ 1.69218
c bounds -169 >= -4597 @ 1.69976
c bounds -171 >= -4597 @ 1.70417
c bounds -171 >= -4592 @ 1.70893
c bounds -173 >= -4592 @ 1.71605
c bounds -173 >= -4587 @ 1.71929
c bounds -173 >= -4582 @ 1.72283
c bounds -175 >= -4582 @ 1.72915
c bounds -175 >= -4577 @ 1.73484
c bounds -175 >= -4572 @ 1.73583
c bounds -177 >= -4572 @ 1.74182
c #Conflicts:      10000 | #Constraints:      15325
c bounds -177 >= -4567 @ 1.7438
c bounds -177 >= -4562 @ 1.74743
c bounds -179 >= -4562 @ 1.75273
c bounds -179 >= -4557 @ 1.75691
c bounds -179 >= -4552 @ 1.76047
c bounds -179 >= -4547 @ 1.76372
c bounds -180 >= -4547 @ 1.7679
c bounds -180 >= -4542 @ 1.77209
c bounds -180 >= -4537 @ 1.77668
c bounds -184 >= -4537 @ 1.78276
c bounds -184 >= -4532 @ 1.78687
c bounds -184 >= -4527 @ 1.79163
c bounds -188 >= -4527 @ 1.79681
c bounds -188 >= -4522 @ 1.80263
c bounds -188 >= -4517 @ 1.80607
c bounds -192 >= -4517 @ 1.80929
c bounds -192 >= -4512 @ 1.81151
c bounds -192 >= -4507 @ 1.81695
c bounds -196 >= -4507 @ 1.82232
c bounds -196 >= -4502 @ 1.82497
c bounds -196 >= -4497 @ 1.8289
c bounds -196 >= -4492 @ 1.83293
c bounds -200 >= -4492 @ 1.83622
c bounds -200 >= -4487 @ 1.84353
c bounds -200 >= -4482 @ 1.84745
c bounds -204 >= -4482 @ 1.85088
c bounds -204 >= -4477 @ 1.8544
c bounds -204 >= -4472 @ 1.85815
c bounds -208 >= -4472 @ 1.86366
c bounds -208 >= -4467 @ 1.86836
c bounds -208 >= -4462 @ 1.87426
c bounds -212 >= -4462 @ 1.87966
c bounds -212 >= -4457 @ 1.8876
c #Conflicts:      11000 | #Constraints:      16470
c bounds -212 >= -4452 @ 1.89247
c bounds -216 >= -4452 @ 1.89878
c bounds -216 >= -4447 @ 1.90124
c bounds -216 >= -4442 @ 1.90426
c bounds -220 >= -4442 @ 1.91264
c bounds -220 >= -4437 @ 1.91549
c bounds -220 >= -4432 @ 1.91759
c bounds -224 >= -4432 @ 1.92582
c bounds -224 >= -4427 @ 1.93085
c bounds -224 >= -4422 @ 1.93376
c bounds -228 >= -4422 @ 1.94001
c bounds -228 >= -4417 @ 1.94483
c bounds -228 >= -4412 @ 1.94712
c bounds -228 >= -4407 @ 1.95152
c bounds -232 >= -4407 @ 1.95782
c bounds -232 >= -4402 @ 1.9615
c bounds -232 >= -4397 @ 1.96723
c bounds -236 >= -4397 @ 1.97118
c bounds -236 >= -4392 @ 1.97673
c bounds -236 >= -4387 @ 1.9815
c bounds -240 >= -4387 @ 1.98889
c bounds -240 >= -4382 @ 1.99594
c bounds -240 >= -4377 @ 2.00007
c bounds -244 >= -4377 @ 2.00453
c bounds -244 >= -4372 @ 2.01262
c bounds -248 >= -4372 @ 2.01899
c bounds -248 >= -4367 @ 2.02414
c bounds -248 >= -4362 @ 2.03096
c bounds -252 >= -4362 @ 2.03642
c bounds -252 >= -4357 @ 2.04279
c bounds -252 >= -4352 @ 2.04436
c bounds -256 >= -4352 @ 2.05167
c #Conflicts:      12000 | #Constraints:      17604
c bounds -256 >= -4347 @ 2.05584
c bounds -256 >= -4342 @ 2.05955
c bounds -260 >= -4342 @ 2.06794
c bounds -260 >= -4337 @ 2.07094
c bounds -260 >= -4332 @ 2.07767
c bounds -264 >= -4332 @ 2.0839
c bounds -264 >= -4327 @ 2.08697
c bounds -264 >= -4322 @ 2.09481
c bounds -268 >= -4322 @ 2.10048
c bounds -268 >= -4317 @ 2.10719
c bounds -272 >= -4317 @ 2.11182
c bounds -272 >= -4312 @ 2.11612
c bounds -272 >= -4307 @ 2.12261
c bounds -276 >= -4307 @ 2.12894
c bounds -276 >= -4302 @ 2.13508
c bounds -280 >= -4302 @ 2.14146
c bounds -280 >= -4297 @ 2.14681
c bounds -280 >= -4292 @ 2.15846
c bounds -284 >= -4292 @ 2.16484
c bounds -288 >= -4292 @ 2.17134
c INPROCESSING
c GARBAGE COLLECT
c bounds -288 >= -4287 @ 2.1925
c bounds -292 >= -4287 @ 2.19895
c bounds -292 >= -4282 @ 2.20455
c bounds -296 >= -4282 @ 2.20707
c bounds -300 >= -4282 @ 2.21317
c bounds -300 >= -4277 @ 2.21845
c bounds -304 >= -4277 @ 2.22396
c #Conflicts:      13000 | #Constraints:      14460
c bounds -304 >= -4272 @ 2.23353
c bounds -308 >= -4272 @ 2.24007
c bounds -308 >= -4267 @ 2.24261
c bounds -312 >= -4267 @ 2.24902
c bounds -312 >= -4262 @ 2.25538
c bounds -316 >= -4262 @ 2.26192
c bounds -316 >= -4257 @ 2.26554
c bounds -320 >= -4257 @ 2.27019
c bounds -320 >= -4252 @ 2.27842
c bounds -324 >= -4252 @ 2.28398
c bounds -324 >= -4247 @ 2.28593
c bounds -328 >= -4247 @ 2.29057
c bounds -328 >= -4242 @ 2.29744
c bounds -332 >= -4242 @ 2.30399
c bounds -332 >= -4237 @ 2.30836
c bounds -336 >= -4237 @ 2.31307
c bounds -336 >= -4232 @ 2.31679
c bounds -340 >= -4232 @ 2.32334
c bounds -340 >= -4227 @ 2.32708
c bounds -344 >= -4227 @ 2.33365
c bounds -344 >= -4222 @ 2.33837
c bounds -344 >= -4217 @ 2.34201
c bounds -348 >= -4217 @ 2.3457
c bounds -348 >= -4212 @ 2.34879
c bounds -352 >= -4212 @ 2.35094
c bounds -352 >= -4207 @ 2.35336
c bounds -352 >= -4202 @ 2.36061
c bounds -356 >= -4202 @ 2.36714
c bounds -360 >= -4202 @ 2.37338
c bounds -364 >= -4202 @ 2.37985
c bounds -364 >= -4197 @ 2.38409
c bounds -364 >= -4192 @ 2.38805
c bounds -368 >= -4192 @ 2.39365
c bounds -368 >= -4187 @ 2.40111
c bounds -372 >= -4187 @ 2.40785
c bounds -372 >= -4182 @ 2.40999
c bounds -376 >= -4182 @ 2.4164
c bounds -376 >= -4177 @ 2.42453
c bounds -380 >= -4177 @ 2.43104
c #Conflicts:      14000 | #Constraints:      15599
c bounds -380 >= -4172 @ 2.43451
c bounds -380 >= -4167 @ 2.44148
c bounds -384 >= -4167 @ 2.44689
c bounds -384 >= -4162 @ 2.4505
c bounds -388 >= -4162 @ 2.45516
c bounds -388 >= -4157 @ 2.46169
c bounds -392 >= -4157 @ 2.46603
c bounds -392 >= -4152 @ 2.46947
c bounds -392 >= -4147 @ 2.47714
c bounds -396 >= -4147 @ 2.48271
c bounds -396 >= -4142 @ 2.4877
c bounds -400 >= -4142 @ 2.49217
c bounds -400 >= -4137 @ 2.49667
c bounds -400 >= -4132 @ 2.50374
c bounds -404 >= -4132 @ 2.50927
c bounds -404 >= -4127 @ 2.51361
c bounds -408 >= -4127 @ 2.52012
c bounds -408 >= -4122 @ 2.52221
c bounds -408 >= -4117 @ 2.52574
c bounds -412 >= -4117 @ 2.53138
c bounds -412 >= -4112 @ 2.53396
c bounds -416 >= -4112 @ 2.54058
c bounds -416 >= -4107 @ 2.54658
c bounds -416 >= -4102 @ 2.54959
c bounds -420 >= -4102 @ 2.55526
c bounds -420 >= -4097 @ 2.5605
c bounds -424 >= -4097 @ 2.56689
c bounds -424 >= -4092 @ 2.56952
c bounds -428 >= -4092 @ 2.5751
c bounds -428 >= -4087 @ 2.57744
c bounds -428 >= -4082 @ 2.58239
c bounds -432 >= -4082 @ 2.58793
c bounds -432 >= -4077 @ 2.59272
c bounds -436 >= -4077 @ 2.59726
c bounds -436 >= -4072 @ 2.60142
c bounds -436 >= -4067 @ 2.60634
c bounds -440 >= -4067 @ 2.61189
c #Conflicts:      15000 | #Constraints:      16746
c bounds -440 >= -4062 @ 2.61532
c bounds -444 >= -4062 @ 2.62166
c bounds -444 >= -4057 @ 2.62746
c bounds -444 >= -4052 @ 2.63026
c bounds -448 >= -4052 @ 2.63684
c bounds -448 >= -4047 @ 2.65381
c bounds -452 >= -4047 @ 2.65859
c bounds -456 >= -4047 @ 2.66286
c bounds -460 >= -4047 @ 2.67013
c bounds -460 >= -4042 @ 2.67506
c bounds -464 >= -4042 @ 2.68157
c bounds -464 >= -4037 @ 2.68567
c bounds -468 >= -4037 @ 2.69188
c bounds -468 >= -4032 @ 2.69659
c bounds -472 >= -4032 @ 2.70425
c bounds -472 >= -4027 @ 2.70996
c bounds -472 >= -4022 @ 2.7115
c bounds -476 >= -4022 @ 2.7179
c bounds -476 >= -4017 @ 2.7223
c bounds -476 >= -4012 @ 2.72372
c bounds -480 >= -4012 @ 2.7303
c bounds -480 >= -4007 @ 2.73671
c bounds -480 >= -4002 @ 2.74072
c bounds -484 >= -4002 @ 2.74731
c bounds -484 >= -3997 @ 2.75172
c bounds -488 >= -3997 @ 2.75722
c bounds -488 >= -3992 @ 2.75938
c bounds -488 >= -3987 @ 2.76506
c bounds -492 >= -3987 @ 2.77043
c bounds -492 >= -3982 @ 2.77613
c bounds -496 >= -3982 @ 2.78279
c bounds -496 >= -3977 @ 2.78933
c #Conflicts:      16000 | #Constraints:      17874
c bounds -496 >= -3972 @ 2.79342
c bounds -500 >= -3972 @ 2.80005
c bounds -500 >= -3967 @ 2.80156
c bounds -500 >= -3962 @ 2.80441
c bounds -500 >= -3957 @ 2.81358
c bounds -504 >= -3957 @ 2.81825
c bounds -508 >= -3957 @ 2.82456
c bounds -508 >= -3952 @ 2.82953
c bounds -512 >= -3952 @ 2.83613
c bounds -512 >= -3947 @ 2.84155
c bounds -516 >= -3947 @ 2.84713
c bounds -516 >= -3942 @ 2.85143
c bounds -516 >= -3937 @ 2.8542
c bounds -520 >= -3937 @ 2.8608
c bounds -520 >= -3932 @ 2.86476
c bounds -520 >= -3927 @ 2.86754
c bounds -524 >= -3927 @ 2.87315
c bounds -524 >= -3922 @ 2.87767
c bounds -524 >= -3917 @ 2.88031
c bounds -528 >= -3917 @ 2.88394
c bounds -528 >= -3912 @ 2.88831
c bounds -528 >= -3907 @ 2.89149
c bounds -532 >= -3907 @ 2.89778
c bounds -532 >= -3902 @ 2.90096
c bounds -532 >= -3897 @ 2.90332
c bounds -536 >= -3897 @ 2.90969
c bounds -536 >= -3892 @ 2.91145
c bounds -536 >= -3887 @ 2.91557
c bounds -536 >= -3882 @ 2.91923
c bounds -540 >= -3882 @ 2.92351
c bounds -540 >= -3877 @ 2.92719
c bounds -540 >= -3872 @ 2.93224
c bounds -544 >= -3872 @ 2.93667
c #Conflicts:      17000 | #Constraints:      19018
c bounds -544 >= -3867 @ 2.94521
c bounds -546 >= -3867 @ 2.95026
c bounds -548 >= -3867 @ 2.95492
c bounds -548 >= -3862 @ 2.96151
c bounds -552 >= -3862 @ 2.9657
c bounds -556 >= -3862 @ 2.96941
c bounds -556 >= -3857 @ 2.9886
c bounds -557 >= -3857 @ 2.99354
c bounds -558 >= -3857 @ 2.99774
c bounds -562 >= -3857 @ 3.00304
c bounds -566 >= -3857 @ 3.00759
c bounds -570 >= -3857 @ 3.01134
c bounds -574 >= -3857 @ 3.01693
c bounds -575 >= -3857 @ 3.02148
c bounds -579 >= -3857 @ 3.02732
c #Conflicts:      18000 | #Constraints:      20060
c bounds -579 >= -3852 @ 3.06695
c bounds -583 >= -3852 @ 3.07126
c bounds -587 >= -3852 @ 3.07582
c bounds -591 >= -3852 @ 3.07966
c bounds -595 >= -3852 @ 3.08558
c bounds -596 >= -3852 @ 3.09034
c bounds -597 >= -3852 @ 3.0941
c bounds -601 >= -3852 @ 3.09888
c bounds -605 >= -3852 @ 3.10455
c bounds -609 >= -3852 @ 3.11027
c bounds -610 >= -3852 @ 3.11492
c bounds -614 >= -3852 @ 3.11976
c bounds -618 >= -3852 @ 3.12536
c bounds -622 >= -3852 @ 3.1309
c bounds -626 >= -3852 @ 3.13553
c bounds -630 >= -3852 @ 3.14123
c bounds -634 >= -3852 @ 3.14404
c bounds -635 >= -3852 @ 3.14678
c bounds -636 >= -3852 @ 3.15052
c bounds -636 >= -3847 @ 3.15911
c bounds -640 >= -3847 @ 3.16437
c bounds -644 >= -3847 @ 3.17001
c bounds -648 >= -3847 @ 3.17464
c bounds -648 >= -3842 @ 3.17942
c bounds -649 >= -3842 @ 3.18335
c bounds -649 >= -3837 @ 3.18632
c bounds -649 >= -3832 @ 3.23156
c bounds -650 >= -3832 @ 3.23713
c bounds -654 >= -3832 @ 3.24238
c bounds -658 >= -3832 @ 3.24652
c bounds -662 >= -3832 @ 3.25146
c bounds -666 >= -3832 @ 3.25555
c bounds -670 >= -3832 @ 3.26054
c bounds -674 >= -3832 @ 3.2664
c bounds -678 >= -3832 @ 3.27153
c bounds -679 >= -3832 @ 3.2753
c bounds -683 >= -3832 @ 3.27998
c bounds -687 >= -3832 @ 3.28343
c bounds -688 >= -3832 @ 3.28765
c bounds -692 >= -3832 @ 3.29205
c bounds -693 >= -3832 @ 3.29651
c bounds -697 >= -3832 @ 3.30216
c bounds -701 >= -3832 @ 3.30796
c bounds -705 >= -3832 @ 3.31297
c bounds -709 >= -3832 @ 3.31713
c bounds -710 >= -3832 @ 3.32148
c bounds -714 >= -3832 @ 3.32629
c bounds -714 >= -3827 @ 3.32849
c bounds -718 >= -3827 @ 3.33347
c bounds -718 >= -3822 @ 3.33551
c #Conflicts:      19000 | #Constraints:      21157
c bounds -718 >= -3817 @ 3.34023
c bounds -719 >= -3817 @ 3.34526
c bounds -719 >= -3812 @ 3.35798
c bounds -723 >= -3812 @ 3.36324
c bounds -727 >= -3812 @ 3.36867
c bounds -728 >= -3812 @ 3.37299
c bounds -728 >= -3807 @ 3.37582
c bounds -732 >= -3807 @ 3.3811
c bounds -732 >= -3802 @ 3.3833
c bounds -736 >= -3802 @ 3.38863
c bounds -736 >= -3797 @ 3.39385
c bounds -737 >= -3797 @ 3.399
c bounds -737 >= -3792 @ 3.4093
c bounds -741 >= -3792 @ 3.41478
c bounds -745 >= -3792 @ 3.42113
c bounds -745 >= -3787 @ 3.42615
c bounds -749 >= -3787 @ 3.43164
c bounds -749 >= -3782 @ 3.44105
c bounds -750 >= -3782 @ 3.44534
c #Conflicts:      20000 | #Constraints:      22234
c bounds -750 >= -3777 @ 3.4643
c bounds -751 >= -3777 @ 3.46957
c bounds -755 >= -3777 @ 3.47435
c bounds -759 >= -3777 @ 3.4793
c bounds -763 >= -3777 @ 3.48514
c bounds -764 >= -3777 @ 3.48956
c bounds -764 >= -3772 @ 3.51147
c bounds -768 >= -3772 @ 3.51727
c bounds -772 >= -3772 @ 3.52247
c bounds -773 >= -3772 @ 3.52721
c bounds -773 >= -3767 @ 3.53588
c bounds -777 >= -3767 @ 3.5405
c bounds -781 >= -3767 @ 3.54625
c bounds -781 >= -3762 @ 3.55221
c bounds -782 >= -3762 @ 3.55663
c bounds -786 >= -3762 @ 3.55925
c bounds -786 >= -3757 @ 3.58959
c bounds -787 >= -3757 @ 3.59415
c bounds -791 >= -3757 @ 3.59951
c bounds -795 >= -3757 @ 3.60487
c bounds -799 >= -3757 @ 3.60896
c bounds -803 >= -3757 @ 3.61504
c bounds -807 >= -3757 @ 3.62024
c bounds -808 >= -3757 @ 3.62477
c #Conflicts:      21000 | #Constraints:      23316
c INPROCESSING
c GARBAGE COLLECT
c bounds -812 >= -3757 @ 3.65184
c bounds -816 >= -3757 @ 3.65628
c bounds -817 >= -3757 @ 3.66032
c bounds -821 >= -3757 @ 3.66472
c bounds -821 >= -3749 @ 3.66754
c bounds -821 >= -3741 @ 3.66934
c bounds -821 >= -3737 @ 3.67075
c bounds -821 >= -3733 @ 3.67165
c bounds -821 >= -3729 @ 3.67229
c bounds -821 >= -3725 @ 3.6749
c bounds -825 >= -3725 @ 3.67955
c bounds -825 >= -3717 @ 3.68142
c bounds -825 >= -3709 @ 3.68325
c bounds -825 >= -3701 @ 3.68425
c bounds -825 >= -3693 @ 3.68665
c bounds -825 >= -3689 @ 3.68856
c bounds -825 >= -3685 @ 3.69106
c bounds -825 >= -3681 @ 3.69323
c bounds -825 >= -3677 @ 3.6936
c bounds -825 >= -3673 @ 3.69451
c bounds -825 >= -3665 @ 3.69603
c bounds -825 >= -3657 @ 3.69821
c bounds -825 >= -3649 @ 3.69945
c bounds -825 >= -3641 @ 3.70214
c bounds -825 >= -3633 @ 3.70319
c bounds -825 >= -3629 @ 3.70456
c bounds -825 >= -3625 @ 3.70546
c bounds -826 >= -3625 @ 3.70987
c bounds -826 >= -3621 @ 3.71073
c bounds -826 >= -3617 @ 3.71254
c bounds -826 >= -3613 @ 3.71316
c bounds -826 >= -3609 @ 3.71489
c bounds -826 >= -3605 @ 3.71663
c bounds -826 >= -3601 @ 3.71935
c bounds -826 >= -3597 @ 3.72205
c bounds -826 >= -3593 @ 3.72412
c bounds -826 >= -3585 @ 3.72553
c bounds -826 >= -3577 @ 3.72827
c bounds -826 >= -3573 @ 3.73096
c bounds -826 >= -3569 @ 3.73265
c bounds -826 >= -3561 @ 3.73447
c bounds -826 >= -3557 @ 3.73509
c bounds -826 >= -3553 @ 3.7368
c bounds -830 >= -3553 @ 3.74274
c bounds -830 >= -3545 @ 3.74559
c bounds -830 >= -3537 @ 3.74644
c bounds -830 >= -3533 @ 3.74709
c bounds -830 >= -3529 @ 3.74879
c bounds -830 >= -3521 @ 3.75052
c bounds -830 >= -3513 @ 3.75239
c bounds -830 >= -3509 @ 3.75386
c bounds -830 >= -3505 @ 3.75453
c bounds -830 >= -3501 @ 3.75538
c bounds -830 >= -3497 @ 3.75702
c bounds -830 >= -3489 @ 3.75802
c bounds -830 >= -3485 @ 3.7594
c bounds -830 >= -3477 @ 3.76034
c bounds -830 >= -3469 @ 3.76185
c bounds -830 >= -3461 @ 3.76357
c bounds -834 >= -3461 @ 3.76854
c bounds -834 >= -3457 @ 3.76939
c bounds -834 >= -3453 @ 3.77029
c bounds -834 >= -3449 @ 3.77185
c bounds -834 >= -3441 @ 3.77358
c bounds -834 >= -3437 @ 3.77529
c bounds -834 >= -3433 @ 3.77622
c bounds -834 >= -3425 @ 3.77875
c bounds -834 >= -3421 @ 3.77895
c bounds -834 >= -3417 @ 3.78034
c bounds -834 >= -3413 @ 3.78095
c bounds -834 >= -3409 @ 3.78294
c bounds -834 >= -3405 @ 3.78431
c bounds -834 >= -3401 @ 3.78597
c bounds -834 >= -3397 @ 3.78693
c bounds -834 >= -3393 @ 3.78829
c bounds -835 >= -3393 @ 3.79193
c bounds -835 >= -3389 @ 3.79473
c bounds -835 >= -3385 @ 3.79647
c bounds -835 >= -3381 @ 3.79918
c bounds -835 >= -3377 @ 3.80088
c bounds -835 >= -3373 @ 3.80259
c bounds -835 >= -3369 @ 3.80429
c bounds -835 >= -3365 @ 3.80597
c bounds -835 >= -3361 @ 3.80786
c bounds -835 >= -3353 @ 3.80836
c bounds -835 >= -3345 @ 3.81024
c bounds -835 >= -3341 @ 3.81184
c bounds -835 >= -3333 @ 3.81348
c bounds -835 >= -3329 @ 3.81422
c bounds -835 >= -3325 @ 3.81586
c bounds -835 >= -3321 @ 3.81683
c bounds -835 >= -3317 @ 3.81733
c bounds -839 >= -3317 @ 3.82235
c bounds -839 >= -3313 @ 3.82321
c bounds -839 >= -3309 @ 3.82481
c bounds -839 >= -3301 @ 3.82653
c bounds -839 >= -3297 @ 3.82827
c bounds -839 >= -3293 @ 3.82916
c bounds -839 >= -3285 @ 3.83169
c bounds -839 >= -3277 @ 3.83278
c bounds -839 >= -3269 @ 3.83315
c bounds -839 >= -3265 @ 3.83483
c bounds -839 >= -3261 @ 3.83577
c bounds -839 >= -3257 @ 3.83727
c bounds -839 >= -3253 @ 3.83815
c bounds -839 >= -3249 @ 3.84075
c bounds -839 >= -3245 @ 3.84395
c bounds -840 >= -3245 @ 3.84868
c bounds -840 >= -3241 @ 3.84956
c bounds -840 >= -3229 @ 3.8513
c bounds -840 >= -3225 @ 3.85303
c bounds -840 >= -3221 @ 3.855
c bounds -840 >= -3217 @ 3.85668
c bounds -840 >= -3209 @ 3.85767
c bounds -840 >= -3205 @ 3.86016
c bounds -840 >= -3201 @ 3.86105
c bounds -840 >= -3193 @ 3.86269
c bounds -840 >= -3189 @ 3.86365
c bounds -840 >= -3181 @ 3.86516
c bounds -840 >= -3177 @ 3.86786
c bounds -840 >= -3173 @ 3.86864
c bounds -844 >= -3173 @ 3.87253
c bounds -844 >= -3169 @ 3.87362
c bounds -844 >= -3161 @ 3.87512
c bounds -844 >= -3153 @ 3.87599
c bounds -844 >= -3145 @ 3.87761
c bounds -844 >= -3141 @ 3.8786
c bounds -844 >= -3137 @ 3.87995
c bounds -844 >= -3133 @ 3.88092
c bounds -844 >= -3129 @ 3.88259
c bounds -844 >= -3125 @ 3.88515
c bounds -844 >= -3121 @ 3.88788
c bounds -844 >= -3117 @ 3.8906
c bounds -844 >= -3109 @ 3.89335
c bounds -844 >= -3101 @ 3.8951
c bounds -845 >= -3101 @ 3.89981
c bounds -845 >= -3097 @ 3.90168
c bounds -845 >= -3093 @ 3.90252
c bounds -845 >= -3085 @ 3.90409
c bounds -845 >= -3077 @ 3.9049
c bounds -845 >= -3073 @ 3.90656
c bounds -845 >= -3069 @ 3.90824
c bounds -845 >= -3065 @ 3.909
c bounds -845 >= -3061 @ 3.9116
c bounds -845 >= -3057 @ 3.9133
c bounds -845 >= -3053 @ 3.91601
c bounds -845 >= -3049 @ 3.91872
c bounds -845 >= -3045 @ 3.91951
c bounds -846 >= -3045 @ 3.92402
c bounds -846 >= -3041 @ 3.92596
c bounds -846 >= -3037 @ 3.92683
c bounds -846 >= -3033 @ 3.92956
c bounds -846 >= -3029 @ 3.93143
c bounds -846 >= -3025 @ 3.93411
c bounds -846 >= -3021 @ 3.93592
c bounds -846 >= -3017 @ 3.93769
c bounds -846 >= -3013 @ 3.94049
c bounds -846 >= -3009 @ 3.94331
c bounds -846 >= -3005 @ 3.94438
c bounds -846 >= -3001 @ 3.94438
c bounds -846 >= -2997 @ 3.94596
c bounds -850 >= -2997 @ 3.95094
c bounds -850 >= -2993 @ 3.95303
c bounds -850 >= -2989 @ 3.95336
c bounds -850 >= -2985 @ 3.95435
c bounds -850 >= -2981 @ 3.95493
c bounds -850 >= -2977 @ 3.95734
c bounds -850 >= -2973 @ 3.95997
c bounds -850 >= -2969 @ 3.96198
c bounds -850 >= -2965 @ 3.96501
c bounds -850 >= -2961 @ 3.96603
c bounds -850 >= -2957 @ 3.96805
c bounds -854 >= -2957 @ 3.97302
c bounds -854 >= -2953 @ 3.97429
c bounds -854 >= -2949 @ 3.97629
c bounds -854 >= -2945 @ 3.97759
c bounds -854 >= -2941 @ 3.97963
c bounds -854 >= -2937 @ 3.98066
c bounds -854 >= -2933 @ 3.98264
c bounds -854 >= -2929 @ 3.98477
c bounds -854 >= -2925 @ 3.98587
c bounds -854 >= -2921 @ 3.98899
c bounds -854 >= -2917 @ 3.99112
c bounds -858 >= -2917 @ 3.99611
c bounds -858 >= -2913 @ 3.99841
c bounds -858 >= -2909 @ 4.00156
c bounds -858 >= -2905 @ 4.00373
c bounds -858 >= -2901 @ 4.00596
c bounds -858 >= -2897 @ 4.00719
c bounds -858 >= -2893 @ 4.00941
c bounds -858 >= -2889 @ 4.01268
c bounds -858 >= -2885 @ 4.01394
c bounds -858 >= -2881 @ 4.0162
c bounds -858 >= -2877 @ 4.01942
c bounds -862 >= -2877 @ 4.02531
c bounds -862 >= -2873 @ 4.02872
c bounds -862 >= -2869 @ 4.03104
c bounds -862 >= -2865 @ 4.03339
c bounds -862 >= -2861 @ 4.03575
c bounds -862 >= -2857 @ 4.03807
c bounds -862 >= -2853 @ 4.04139
c bounds -862 >= -2849 @ 4.04407
c bounds -862 >= -2845 @ 4.04706
c bounds -862 >= -2841 @ 4.04948
c bounds -866 >= -2841 @ 4.05455
c bounds -866 >= -2837 @ 4.05508
c bounds -866 >= -2833 @ 4.05755
c bounds -866 >= -2829 @ 4.05902
c bounds -866 >= -2825 @ 4.06041
c bounds -866 >= -2821 @ 4.06102
c bounds -866 >= -2817 @ 4.06429
c bounds -866 >= -2813 @ 4.0678
c bounds -866 >= -2809 @ 4.06939
c bounds -866 >= -2805 @ 4.07189
c bounds -867 >= -2805 @ 4.07662
c bounds -867 >= -2801 @ 4.07937
c bounds -867 >= -2797 @ 4.08199
c bounds -867 >= -2793 @ 4.08395
c bounds -867 >= -2789 @ 4.08605
c bounds -867 >= -2785 @ 4.0876
c bounds -867 >= -2781 @ 4.09021
c bounds -867 >= -2777 @ 4.09192
c bounds -867 >= -2773 @ 4.09547
c bounds -867 >= -2769 @ 4.09813
c bounds -871 >= -2769 @ 4.10288
c bounds -871 >= -2765 @ 4.10488
c bounds -871 >= -2761 @ 4.10687
c bounds -871 >= -2757 @ 4.10722
c bounds -871 >= -2753 @ 4.10787
c bounds -871 >= -2749 @ 4.10987
c bounds -871 >= -2745 @ 4.11117
c bounds -871 >= -2741 @ 4.11392
c bounds -871 >= -2737 @ 4.11684
c bounds -871 >= -2733 @ 4.12048
c bounds -872 >= -2733 @ 4.1232
c bounds -872 >= -2729 @ 4.12596
c bounds -872 >= -2725 @ 4.12971
c bounds -872 >= -2721 @ 4.1308
c bounds -872 >= -2717 @ 4.13429
c bounds -872 >= -2713 @ 4.13714
c bounds -872 >= -2709 @ 4.14103
c bounds -872 >= -2705 @ 4.14485
c bounds -872 >= -2701 @ 4.14575
c bounds -873 >= -2701 @ 4.15028
c bounds -873 >= -2697 @ 4.15226
c bounds -873 >= -2693 @ 4.15311
c bounds -873 >= -2689 @ 4.15592
c bounds -873 >= -2685 @ 4.15702
c bounds -873 >= -2681 @ 4.15959
c bounds -873 >= -2677 @ 4.16171
c bounds -873 >= -2673 @ 4.1637
c bounds -873 >= -2669 @ 4.16523
c bounds -873 >= -2665 @ 4.16813
c bounds -873 >= -2661 @ 4.17004
c bounds -877 >= -2661 @ 4.17518
c bounds -877 >= -2657 @ 4.17724
c bounds -877 >= -2653 @ 4.18026
c bounds -877 >= -2649 @ 4.18306
c bounds -877 >= -2645 @ 4.18462
c bounds -877 >= -2641 @ 4.18597
c bounds -877 >= -2637 @ 4.18946
c bounds -878 >= -2637 @ 4.19461
c bounds -878 >= -2633 @ 4.19859
c bounds -878 >= -2629 @ 4.20542
c bounds -880 >= -2629 @ 4.2106
c bounds -880 >= -2625 @ 4.21884
c bounds -884 >= -2625 @ 4.22492
c bounds -886 >= -2625 @ 4.22871
c bounds -886 >= -2621 @ 4.24555
c bounds -890 >= -2621 @ 4.25002
c bounds -894 >= -2621 @ 4.25398
c bounds -898 >= -2621 @ 4.25981
c bounds -902 >= -2621 @ 4.26451
c bounds -906 >= -2621 @ 4.26914
c bounds -910 >= -2621 @ 4.27493
c bounds -910 >= -2617 @ 4.31032
c bounds -914 >= -2617 @ 4.31588
c bounds -918 >= -2617 @ 4.32083
c bounds -919 >= -2617 @ 4.32437
c bounds -923 >= -2617 @ 4.32996
c bounds -927 >= -2617 @ 4.33373
c bounds -928 >= -2617 @ 4.33735
c bounds -932 >= -2617 @ 4.34276
c bounds -936 >= -2617 @ 4.34755
c bounds -937 >= -2617 @ 4.352
c bounds -941 >= -2617 @ 4.35554
c bounds -945 >= -2617 @ 4.35804
c bounds -949 >= -2617 @ 4.36384
c bounds -953 >= -2617 @ 4.36869
c bounds -954 >= -2617 @ 4.37318
c #Conflicts:      22000 | #Constraints:      18802
c bounds -954 >= -2613 @ 4.42258
c bounds -958 >= -2613 @ 4.42717
c bounds -962 >= -2613 @ 4.43286
c bounds -966 >= -2613 @ 4.43844
c bounds -967 >= -2613 @ 4.44196
c bounds -971 >= -2613 @ 4.44568
c bounds -975 >= -2613 @ 4.4506
c bounds -979 >= -2613 @ 4.45449
c bounds -983 >= -2613 @ 4.45826
c bounds -987 >= -2613 @ 4.46403
c bounds -991 >= -2613 @ 4.46989
c bounds -995 >= -2613 @ 4.47464
c bounds -999 >= -2613 @ 4.47842
c bounds -1001 >= -2613 @ 4.48213
c bounds -1003 >= -2613 @ 4.48682
c bounds -1004 >= -2613 @ 4.49116
c bounds -1008 >= -2613 @ 4.49598
c bounds -1012 >= -2613 @ 4.50063
c bounds -1013 >= -2613 @ 4.5052
c bounds -1017 >= -2613 @ 4.50909
c bounds -1021 >= -2613 @ 4.51471
c bounds -1022 >= -2613 @ 4.519
c bounds -1023 >= -2613 @ 4.52316
c bounds -1027 >= -2613 @ 4.52738
c bounds -1028 >= -2613 @ 4.5304
c bounds -1032 >= -2613 @ 4.53491
c bounds -1032 >= -2609 @ 4.60912
c bounds -1036 >= -2609 @ 4.61383
c bounds -1040 >= -2609 @ 4.61991
c bounds -1041 >= -2609 @ 4.62451
c bounds -1042 >= -2609 @ 4.62901
c bounds -1046 >= -2609 @ 4.6349
c bounds -1047 >= -2609 @ 4.63857
c bounds -1051 >= -2609 @ 4.6435
c bounds -1055 >= -2609 @ 4.64945
c bounds -1059 >= -2609 @ 4.65465
c bounds -1060 >= -2609 @ 4.65946
c bounds -1064 >= -2609 @ 4.66556
c bounds -1068 >= -2609 @ 4.67054
c bounds -1072 >= -2609 @ 4.67552
c bounds -1076 >= -2609 @ 4.6805
c bounds -1080 >= -2609 @ 4.68553
c bounds -1081 >= -2609 @ 4.69011
c bounds -1085 >= -2609 @ 4.69414
c bounds -1089 >= -2609 @ 4.69886
c bounds -1090 >= -2609 @ 4.70345
c bounds -1094 >= -2609 @ 4.70836
c bounds -1095 >= -2609 @ 4.71297
c bounds -1096 >= -2609 @ 4.71755
c bounds -1100 >= -2609 @ 4.72238
c bounds -1104 >= -2609 @ 4.7274
c bounds -1108 >= -2609 @ 4.73236
c bounds -1112 >= -2609 @ 4.73743
c bounds -1113 >= -2609 @ 4.73977
c bounds -1117 >= -2609 @ 4.74536
c bounds -1121 >= -2609 @ 4.75089
c bounds -1122 >= -2609 @ 4.75498
c bounds -1126 >= -2609 @ 4.75852
c bounds -1130 >= -2609 @ 4.76394
c bounds -1131 >= -2609 @ 4.76797
c bounds -1131 >= -2605 @ 4.77594
c bounds -1135 >= -2605 @ 4.78248
c bounds -1139 >= -2605 @ 4.78641
c bounds -1140 >= -2605 @ 4.7894
c bounds -1140 >= -2601 @ 4.79524
c bounds -1144 >= -2601 @ 4.79991
c bounds -1148 >= -2601 @ 4.80561
c #Conflicts:      23000 | #Constraints:      19914
c bounds -1148 >= -2597 @ 4.85933
c bounds -1149 >= -2597 @ 4.86413
c bounds -1153 >= -2597 @ 4.86883
c bounds -1157 >= -2597 @ 4.87447
c bounds -1158 >= -2597 @ 4.87876
c bounds -1162 >= -2597 @ 4.88258
c bounds -1166 >= -2597 @ 4.88833
c bounds -1167 >= -2597 @ 4.89289
c bounds -1171 >= -2597 @ 4.8977
c bounds -1175 >= -2597 @ 4.90255
c bounds -1179 >= -2597 @ 4.90859
c bounds -1183 >= -2597 @ 4.91456
c bounds -1184 >= -2597 @ 4.91807
c bounds -1185 >= -2597 @ 4.92162
c bounds -1189 >= -2597 @ 4.92649
c bounds -1193 >= -2597 @ 4.93108
c bounds -1197 >= -2597 @ 4.93464
c bounds -1201 >= -2597 @ 4.9391
c bounds -1205 >= -2597 @ 4.94327
c bounds -1206 >= -2597 @ 4.94772
c bounds -1210 >= -2597 @ 4.9525
c bounds -1214 >= -2597 @ 4.95636
c bounds -1218 >= -2597 @ 4.96205
c bounds -1222 >= -2597 @ 4.96774
c bounds -1226 >= -2597 @ 4.97248
c bounds -1227 >= -2597 @ 4.97661
c bounds -1228 >= -2597 @ 4.9808
c bounds -1228 >= -2593 @ 5.01194
c bounds -1229 >= -2593 @ 5.01722
c bounds -1233 >= -2593 @ 5.02223
c bounds -1235 >= -2593 @ 5.02706
c bounds -1239 >= -2593 @ 5.03278
c bounds -1241 >= -2593 @ 5.03739
c bounds -1242 >= -2593 @ 5.04148
c bounds -1246 >= -2593 @ 5.04719
c bounds -1250 >= -2593 @ 5.05228
c bounds -1254 >= -2593 @ 5.05823
c bounds -1255 >= -2593 @ 5.06268
c bounds -1259 >= -2593 @ 5.06748
c bounds -1263 >= -2593 @ 5.07212
c bounds -1267 >= -2593 @ 5.07723
c bounds -1268 >= -2593 @ 5.08111
c bounds -1268 >= -2589 @ 5.1186
c bounds -1272 >= -2589 @ 5.1243
c bounds -1273 >= -2589 @ 5.12735
c bounds -1277 >= -2589 @ 5.13163
c bounds -1281 >= -2589 @ 5.13515
c bounds -1285 >= -2589 @ 5.14062
c bounds -1286 >= -2589 @ 5.14466
c bounds -1290 >= -2589 @ 5.14916
c bounds -1294 >= -2589 @ 5.15452
c bounds -1295 >= -2589 @ 5.1578
c bounds -1299 >= -2589 @ 5.16242
c bounds -1300 >= -2589 @ 5.16682
c bounds -1304 >= -2589 @ 5.17134
c #Conflicts:      24000 | #Constraints:      21002
c bounds -1308 >= -2589 @ 9.15817
c bounds -1308 >= -2585 @ 9.16219
c bounds -1308 >= -2581 @ 9.16867
c bounds -1308 >= -2577 @ 9.17265
c bounds -1308 >= -2573 @ 9.17719
c bounds -1308 >= -2569 @ 9.18527
c #Conflicts:      25000 | #Constraints:      22057
c bounds -1308 >= -2565 @ 9.19724
c bounds -1308 >= -2561 @ 9.20933
c bounds -1308 >= -2557 @ 9.2173
c bounds -1308 >= -2553 @ 9.22047
c bounds -1308 >= -2549 @ 9.23241
c bounds -1308 >= -2545 @ 9.23541
c bounds -1308 >= -2541 @ 9.24349
c bounds -1308 >= -2537 @ 9.24768
c bounds -1308 >= -2533 @ 9.25368
c bounds -1308 >= -2529 @ 9.26342
c bounds -1308 >= -2525 @ 9.2658
c bounds -1308 >= -2521 @ 9.26913
c bounds -1308 >= -2517 @ 9.27601
c bounds -1308 >= -2513 @ 9.28105
c bounds -1308 >= -2509 @ 9.28602
c bounds -1308 >= -2505 @ 9.29303
c bounds -1308 >= -2501 @ 9.29986
c bounds -1308 >= -2497 @ 9.30621
c bounds -1308 >= -2493 @ 9.31407
c bounds -1308 >= -2489 @ 9.32012
c bounds -1308 >= -2485 @ 9.32602
c bounds -1308 >= -2481 @ 9.3319
c bounds -1308 >= -2477 @ 9.33804
c bounds -1308 >= -2473 @ 9.34082
c bounds -1308 >= -2469 @ 9.34756
c bounds -1308 >= -2465 @ 9.35372
c bounds -1308 >= -2461 @ 9.36369
c bounds -1308 >= -2457 @ 9.3794
c bounds -1308 >= -2453 @ 9.38228
c bounds -1308 >= -2449 @ 9.38672
c bounds -1308 >= -2445 @ 9.39135
c bounds -1308 >= -2441 @ 9.39814
c bounds -1308 >= -2437 @ 9.40405
c bounds -1308 >= -2433 @ 9.41025
c bounds -1308 >= -2429 @ 9.41695
c bounds -1308 >= -2425 @ 9.42686
c bounds -1308 >= -2421 @ 9.43285
c bounds -1308 >= -2417 @ 9.44079
c bounds -1308 >= -2413 @ 9.44945
c bounds -1308 >= -2409 @ 9.45686
c bounds -1308 >= -2405 @ 9.46286
c bounds -1308 >= -2401 @ 9.48046
c #Conflicts:      26000 | #Constraints:      23379
c bounds -1308 >= -2397 @ 9.52466
c bounds -1308 >= -2393 @ 9.60154
c bounds -1308 >= -2389 @ 9.62927
c bounds -1308 >= -2385 @ 9.65815
c bounds -1308 >= -2381 @ 9.66478
c bounds -1308 >= -2377 @ 9.66973
c bounds -1308 >= -2373 @ 9.68609
c bounds -1308 >= -2369 @ 9.69581
c bounds -1308 >= -2365 @ 9.7046
c bounds -1308 >= -2361 @ 9.70833
c bounds -1308 >= -2357 @ 9.71746
c bounds -1308 >= -2353 @ 9.72044
c bounds -1308 >= -2349 @ 9.72453
c bounds -1308 >= -2345 @ 9.73484
c bounds -1308 >= -2341 @ 9.7464
c bounds -1308 >= -2337 @ 9.75032
c bounds -1308 >= -2333 @ 9.75858
c #Conflicts:      27000 | #Constraints:      24523
c bounds -1308 >= -2329 @ 9.76319
c bounds -1308 >= -2325 @ 9.77842
c bounds -1308 >= -2321 @ 9.79035
c bounds -1308 >= -2317 @ 9.79522
c bounds -1308 >= -2313 @ 9.80288
c bounds -1308 >= -2309 @ 9.8352
c bounds -1308 >= -2305 @ 9.84103
c bounds -1308 >= -2301 @ 9.84676
c bounds -1308 >= -2297 @ 9.86411
c bounds -1308 >= -2293 @ 9.86997
c bounds -1308 >= -2289 @ 9.8734
c bounds -1308 >= -2285 @ 9.88161
c bounds -1308 >= -2281 @ 9.89302
c bounds -1308 >= -2277 @ 9.90198
c bounds -1308 >= -2273 @ 9.90726
c bounds -1308 >= -2269 @ 9.92049
c bounds -1308 >= -2265 @ 9.92686
c bounds -1308 >= -2261 @ 9.93087
c bounds -1308 >= -2257 @ 9.94342
c bounds -1308 >= -2253 @ 9.95154
c bounds -1308 >= -2249 @ 9.96093
c bounds -1308 >= -2245 @ 9.96981
c bounds -1308 >= -2241 @ 9.9789
c bounds -1308 >= -2237 @ 9.98982
c bounds -1308 >= -2233 @ 10.0099
c bounds -1308 >= -2229 @ 10.044
c bounds -1308 >= -2225 @ 10.0598
c bounds -1308 >= -2221 @ 10.0754
c bounds -1308 >= -2217 @ 10.0889
c bounds -1308 >= -2213 @ 10.0977
c bounds -1308 >= -2209 @ 10.1446
c bounds -1308 >= -2205 @ 10.2453
c bounds -1308 >= -2201 @ 10.266
c #Conflicts:      28000 | #Constraints:      25753
c bounds -1308 >= -2197 @ 10.2839
c bounds -1308 >= -2193 @ 10.337
c bounds -1308 >= -2189 @ 10.4982
c bounds -1308 >= -2185 @ 10.5656
c #Conflicts:      29000 | #Constraints:      26807
c bounds -1308 >= -2181 @ 10.7985
c #Conflicts:      30000 | #Constraints:      27816
c bounds -1308 >= -2177 @ 11.4388
c #Conflicts:      31000 | #Constraints:      28822
c INPROCESSING
c GARBAGE COLLECT
c #Conflicts:      32000 | #Constraints:      20895
c #Conflicts:      33000 | #Constraints:      21895
c #Conflicts:      34000 | #Constraints:      22895
c #Conflicts:      35000 | #Constraints:      23895
c bounds -1308 >= -2173 @ 13.1346
c #Conflicts:      36000 | #Constraints:      25036
c #Conflicts:      37000 | #Constraints:      26036
c #Conflicts:      38000 | #Constraints:      27036
c #Conflicts:      39000 | #Constraints:      28036
c #Conflicts:      40000 | #Constraints:      29036
c #Conflicts:      41000 | #Constraints:      30036
c #Conflicts:      42000 | #Constraints:      31036
c #Conflicts:      43000 | #Constraints:      32036
c bounds -1308 >= -2169 @ 20.6777
c INPROCESSING
c GARBAGE COLLECT
c #Conflicts:      44000 | #Constraints:      22770
c bounds -1309 >= -2169 @ 23.3901
c bounds -1309 >= -2165 @ 23.3959
c bounds -1309 >= -2161 @ 23.3996
c bounds -1309 >= -2157 @ 23.4034
c bounds -1309 >= -2153 @ 23.4053
c #Conflicts:      45000 | #Constraints:      23798
c #Conflicts:      46000 | #Constraints:      24798
c #Conflicts:      47000 | #Constraints:      25798
c #Conflicts:      48000 | #Constraints:      26798
c #Conflicts:      49000 | #Constraints:      27798
c #Conflicts:      50000 | #Constraints:      28798
c #Conflicts:      51000 | #Constraints:      29798
c #Conflicts:      52000 | #Constraints:      30798
c #Conflicts:      53000 | #Constraints:      31798
c #Conflicts:      54000 | #Constraints:      32798
c #Conflicts:      55000 | #Constraints:      33798
c bounds -1309 >= -2149 @ 37.8665
c bounds -1310 >= -2149 @ 37.9108
c bounds -1314 >= -2149 @ 37.9362
c bounds -1318 >= -2149 @ 37.955
c bounds -1322 >= -2149 @ 37.972
c bounds -1326 >= -2149 @ 37.9919
c bounds -1330 >= -2149 @ 38.0113
c bounds -1331 >= -2149 @ 38.1789
c #Conflicts:      56000 | #Constraints:      34895
c #Conflicts:      57000 | #Constraints:      35895
c INPROCESSING
c GARBAGE COLLECT
c #Conflicts:      58000 | #Constraints:      24565
c #Conflicts:      59000 | #Constraints:      25565
c #Conflicts:      60000 | #Constraints:      26565
c #Conflicts:      61000 | #Constraints:      27565
c #Conflicts:      62000 | #Constraints:      28565
c #Conflicts:      63000 | #Constraints:      29565
c #Conflicts:      64000 | #Constraints:      30565
c bounds -1331 >= -2145 @ 50.163
c #Conflicts:      65000 | #Constraints:      31607
c #Conflicts:      66000 | #Constraints:      32607
c #Conflicts:      67000 | #Constraints:      33607
c #Conflicts:      68000 | #Constraints:      34607
c #Conflicts:      69000 | #Constraints:      35607
c #Conflicts:      70000 | #Constraints:      36607
c #Conflicts:      71000 | #Constraints:      37607
c bounds -1331 >= -2141 @ 59.5835
c bounds -1333 >= -2141 @ 60.0314
c #Conflicts:      72000 | #Constraints:      38770
c #Conflicts:      73000 | #Constraints:      39770
c INPROCESSING
c GARBAGE COLLECT
c #Conflicts:      74000 | #Constraints:      26954
c #Conflicts:      75000 | #Constraints:      27954
c #Conflicts:      76000 | #Constraints:      28954
c #Conflicts:      77000 | #Constraints:      29954
c #Conflicts:      78000 | #Constraints:      30954
c #Conflicts:      79000 | #Constraints:      31954
c #Conflicts:      80000 | #Constraints:      32954
c #Conflicts:      81000 | #Constraints:      33954
c #Conflicts:      82000 | #Constraints:      34954
c bounds -1333 >= -2137 @ 77.1933
c #Conflicts:      83000 | #Constraints:      36023
c #Conflicts:      84000 | #Constraints:      37023
c #Conflicts:      85000 | #Constraints:      38023
c #Conflicts:      86000 | #Constraints:      39023
c #Conflicts:      87000 | #Constraints:      40023
c #Conflicts:      88000 | #Constraints:      41023
c #Conflicts:      89000 | #Constraints:      42023
c bounds -1333 >= -2133 @ 89.4809
c bounds -1334 >= -2133 @ 89.5843
c #Conflicts:      90000 | #Constraints:      43051
c #Conflicts:      91000 | #Constraints:      44051
c #Conflicts:      92000 | #Constraints:      45051
c INPROCESSING
c GARBAGE COLLECT
c #Conflicts:      93000 | #Constraints:      31253
c #Conflicts:      94000 | #Constraints:      32253
c #Conflicts:      95000 | #Constraints:      33253
c #Conflicts:      96000 | #Constraints:      34253
c bounds -1334 >= -2129 @ 105.248
c #Conflicts:      97000 | #Constraints:      35292
c bounds -1334 >= -2125 @ 106.936
c #Conflicts:      98000 | #Constraints:      36301
c #Conflicts:      99000 | #Constraints:      37301
c bounds -1335 >= -2125 @ 109.062
c bounds -1336 >= -2125 @ 109.08
c bounds -1336 >= -2123 @ 109.157
c bounds -1336 >= -2121 @ 109.262
c bounds -1336 >= -2119 @ 109.696
c #Conflicts:     100000 | #Constraints:      38360
c bounds -1336 >= -2117 @ 110.641
c #Conflicts:     101000 | #Constraints:      39384
c #Conflicts:     102000 | #Constraints:      40384
c bounds -1336 >= -2115 @ 112.192
c #Conflicts:     103000 | #Constraints:      41405
c bounds -1336 >= -2113 @ 114.284
c #Conflicts:     104000 | #Constraints:      42426
c bounds -1336 >= -2111 @ 114.702
c bounds -1336 >= -2109 @ 114.885
c bounds -1336 >= -2107 @ 115.258
c #Conflicts:     105000 | #Constraints:      43471
c #Conflicts:     106000 | #Constraints:      44471
c bounds -1336 >= -2105 @ 116.469
c #Conflicts:     107000 | #Constraints:      45489
c #Conflicts:     108000 | #Constraints:      46489
c #Conflicts:     109000 | #Constraints:      47489
c #Conflicts:     110000 | #Constraints:      48489
c #Conflicts:     111000 | #Constraints:      49489
c #Conflicts:     112000 | #Constraints:      50489
c INPROCESSING
c GARBAGE COLLECT
c bounds -1338 >= -2105 @ 131.233
c #Conflicts:     113000 | #Constraints:      34208
c bounds -1340 >= -2105 @ 134.167
c bounds -1342 >= -2105 @ 134.267
c bounds -1344 >= -2105 @ 134.487
c #Conflicts:     114000 | #Constraints:      35211
c bounds -1346 >= -2105 @ 134.778
c bounds -1348 >= -2105 @ 134.825
c bounds -1350 >= -2105 @ 135.288
c bounds -1352 >= -2105 @ 135.386
c bounds -1354 >= -2105 @ 135.432
c bounds -1356 >= -2105 @ 135.479
c bounds -1358 >= -2105 @ 136.664
c bounds -1360 >= -2105 @ 136.764
c bounds -1362 >= -2105 @ 136.875
c bounds -1364 >= -2105 @ 136.93
c bounds -1366 >= -2105 @ 136.993
c #Conflicts:     115000 | #Constraints:      36222
c #Conflicts:     116000 | #Constraints:      37222
c bounds -1367 >= -2105 @ 142.51
c bounds -1367 >= -2104 @ 142.514
c bounds -1367 >= -2103 @ 142.516
c bounds -1367 >= -2102 @ 142.518
c bounds -1367 >= -2101 @ 142.521
c bounds -1367 >= -2100 @ 142.524
c bounds -1367 >= -2099 @ 142.528
c bounds -1367 >= -2098 @ 142.53
c bounds -1367 >= -2097 @ 142.533
c bounds -1367 >= -2096 @ 142.537
c bounds -1367 >= -2095 @ 142.54
c bounds -1367 >= -2094 @ 142.543
c bounds -1367 >= -2093 @ 142.545
c bounds -1367 >= -2092 @ 142.549
c bounds -1367 >= -2091 @ 142.552
c bounds -1367 >= -2090 @ 142.556
c bounds -1367 >= -2089 @ 142.561
c bounds -1367 >= -2088 @ 142.565
c bounds -1367 >= -2087 @ 142.568
c bounds -1367 >= -2086 @ 142.571
c bounds -1367 >= -2085 @ 142.575
c bounds -1367 >= -2084 @ 142.579
c bounds -1367 >= -2083 @ 142.583
c bounds -1367 >= -2082 @ 142.588
c bounds -1367 >= -2081 @ 142.593
c bounds -1367 >= -2080 @ 142.596
c bounds -1367 >= -2079 @ 142.599
c bounds -1367 >= -2078 @ 142.602
c bounds -1367 >= -2077 @ 142.605
c bounds -1367 >= -2076 @ 142.609
c bounds -1367 >= -2075 @ 142.614
c bounds -1367 >= -2074 @ 142.618
c bounds -1367 >= -2073 @ 142.622
c bounds -1367 >= -2072 @ 142.625
c bounds -1367 >= -2071 @ 142.629
c bounds -1367 >= -2070 @ 142.633
c bounds -1367 >= -2069 @ 142.638
c bounds -1367 >= -2068 @ 142.642
c bounds -1367 >= -2067 @ 142.646
c bounds -1367 >= -2066 @ 142.648
c bounds -1367 >= -2065 @ 142.652
c bounds -1367 >= -2064 @ 142.655
c bounds -1367 >= -2063 @ 142.659
c bounds -1367 >= -2062 @ 142.665
c bounds -1367 >= -2061 @ 142.67
c bounds -1367 >= -2060 @ 142.674
c bounds -1367 >= -2059 @ 142.676
c bounds -1367 >= -2058 @ 142.679
c bounds -1367 >= -2057 @ 142.683
c bounds -1367 >= -2056 @ 142.687
c bounds -1367 >= -2055 @ 142.689
c bounds -1367 >= -2054 @ 142.693
c bounds -1367 >= -2053 @ 142.696
c bounds -1367 >= -2052 @ 142.698
c bounds -1367 >= -2051 @ 142.702
c bounds -1367 >= -2050 @ 142.707
c bounds -1367 >= -2049 @ 142.711
c bounds -1367 >= -2048 @ 142.717
c bounds -1367 >= -2047 @ 142.721
c bounds -1367 >= -2046 @ 142.723
c bounds -1367 >= -2045 @ 142.727
c bounds -1367 >= -2044 @ 142.731
c bounds -1367 >= -2043 @ 142.735
c bounds -1367 >= -2042 @ 142.741
c bounds -1367 >= -2041 @ 142.744
c bounds -1367 >= -2040 @ 142.748
c bounds -1367 >= -2039 @ 142.75
c bounds -1367 >= -2038 @ 142.755
c bounds -1367 >= -2037 @ 142.756
c bounds -1367 >= -2036 @ 142.76
c bounds -1367 >= -2035 @ 142.763
c bounds -1367 >= -2034 @ 142.768
c bounds -1367 >= -2033 @ 142.774
c bounds -1367 >= -2032 @ 142.776
c bounds -1367 >= -2031 @ 142.78
c bounds -1367 >= -2030 @ 142.783
c bounds -1367 >= -2029 @ 142.787
c bounds -1367 >= -2028 @ 142.791
c bounds -1367 >= -2027 @ 142.797
c bounds -1367 >= -2026 @ 142.801
c bounds -1367 >= -2025 @ 142.804
c bounds -1367 >= -2024 @ 142.808
c bounds -1367 >= -2023 @ 142.812
c bounds -1367 >= -2022 @ 142.815
c bounds -1367 >= -2021 @ 142.819
c bounds -1367 >= -2020 @ 142.82
c bounds -1367 >= -2019 @ 142.825
c bounds -1367 >= -2018 @ 142.828
c bounds -1367 >= -2017 @ 142.832
c bounds -1367 >= -2016 @ 142.837
c bounds -1367 >= -2015 @ 142.842
c bounds -1367 >= -2014 @ 142.844
c bounds -1367 >= -2013 @ 142.85
c bounds -1367 >= -2012 @ 142.856
c bounds -1367 >= -2011 @ 142.859
c bounds -1367 >= -2010 @ 142.864
c bounds -1367 >= -2009 @ 142.867
c bounds -1367 >= -2008 @ 142.871
c bounds -1367 >= -2007 @ 142.877
c bounds -1367 >= -2006 @ 142.883
c bounds -1367 >= -2005 @ 142.889
c bounds -1367 >= -2004 @ 142.897
c bounds -1367 >= -2003 @ 142.903
c bounds -1367 >= -2002 @ 142.91
c bounds -1367 >= -2001 @ 142.922
c bounds -1367 >= -2000 @ 142.931
c bounds -1367 >= -1999 @ 142.941
c bounds -1367 >= -1998 @ 142.992
c bounds -1367 >= -1997 @ 143.026
c bounds -1367 >= -1996 @ 143.082
c bounds -1367 >= -1995 @ 143.202
c bounds -1367 >= -1994 @ 143.361
c #Conflicts:     117000 | #Constraints:      38985
c bounds -1367 >= -1993 @ 143.589
c #Conflicts:     118000 | #Constraints:      40012
c bounds -1367 >= -1992 @ 144.008
c bounds -1367 >= -1991 @ 144.47
c #Conflicts:     119000 | #Constraints:      41069
c #Conflicts:     120000 | #Constraints:      42069
c bounds -1367 >= -1990 @ 145.344
c #Conflicts:     121000 | #Constraints:      43093
c bounds -1367 >= -1989 @ 146.283
c bounds -1367 >= -1988 @ 146.544
c #Conflicts:     122000 | #Constraints:      44141
c bounds -1367 >= -1987 @ 147.207
c #Conflicts:     123000 | #Constraints:      45171
c #Conflicts:     124000 | #Constraints:      46171
c bounds -1367 >= -1986 @ 148.618
c bounds -1368 >= -1986 @ 151.274
c bounds -1368 >= -1985 @ 151.281
c bounds -1368 >= -1984 @ 151.284
c bounds -1368 >= -1983 @ 151.287
c bounds -1368 >= -1982 @ 151.292
c bounds -1368 >= -1981 @ 151.298
c bounds -1368 >= -1980 @ 151.305
c bounds -1368 >= -1979 @ 151.31
c bounds -1368 >= -1978 @ 151.317
c bounds -1368 >= -1977 @ 151.323
c bounds -1368 >= -1976 @ 151.336
c bounds -1368 >= -1975 @ 151.342
c bounds -1368 >= -1974 @ 151.35
c bounds -1368 >= -1973 @ 151.362
c #Conflicts:     125000 | #Constraints:      47313
c bounds -1368 >= -1972 @ 151.372
c bounds -1368 >= -1971 @ 151.387
c bounds -1368 >= -1970 @ 151.404
c bounds -1368 >= -1969 @ 151.429
c bounds -1368 >= -1968 @ 151.463
c bounds -1368 >= -1967 @ 151.473
c bounds -1368 >= -1966 @ 151.481
c bounds -1368 >= -1965 @ 151.486
c bounds -1368 >= -1964 @ 151.494
c bounds -1368 >= -1963 @ 151.499
c bounds -1368 >= -1962 @ 151.505
c bounds -1368 >= -1961 @ 151.511
c bounds -1368 >= -1960 @ 151.523
c bounds -1368 >= -1959 @ 151.533
c bounds -1368 >= -1958 @ 151.539
c bounds -1368 >= -1957 @ 151.546
c bounds -1368 >= -1956 @ 151.551
c bounds -1368 >= -1955 @ 151.572
c bounds -1368 >= -1954 @ 151.583
c bounds -1368 >= -1953 @ 151.601
c #Conflicts:     126000 | #Constraints:      48565
c bounds -1368 >= -1952 @ 151.634
c bounds -1368 >= -1951 @ 151.693
c bounds -1368 >= -1950 @ 151.701
c bounds -1368 >= -1949 @ 151.715
c bounds -1368 >= -1948 @ 151.733
c bounds -1368 >= -1947 @ 151.747
c bounds -1368 >= -1946 @ 151.789
c bounds -1368 >= -1945 @ 151.82
c bounds -1368 >= -1944 @ 151.856
c bounds -1368 >= -1943 @ 151.916
c #Conflicts:     127000 | #Constraints:      49733
c bounds -1368 >= -1942 @ 151.953
c bounds -1368 >= -1941 @ 151.982
c bounds -1368 >= -1940 @ 152.06
c bounds -1368 >= -1939 @ 152.114
c bounds -1368 >= -1938 @ 152.165
c bounds -1368 >= -1937 @ 152.313
c #Conflicts:     128000 | #Constraints:      50871
c bounds -1368 >= -1936 @ 152.673
c #Conflicts:     129000 | #Constraints:      51904
c bounds -1368 >= -1935 @ 153.612
c bounds -1368 >= -1934 @ 153.648
c #Conflicts:     130000 | #Constraints:      52953
c #Conflicts:     131000 | #Constraints:      53953
c bounds -1368 >= -1933 @ 155.014
c #Conflicts:     132000 | #Constraints:      55010
c #Conflicts:     133000 | #Constraints:      56010
c bounds -1368 >= -1932 @ 157.312
c bounds -1370 >= -1932 @ 157.602
c bounds -1371 >= -1932 @ 157.656
c bounds -1372 >= -1932 @ 158.258
c #Conflicts:     134000 | #Constraints:      57046
c INPROCESSING
c GARBAGE COLLECT
c bounds -1372 >= -1931 @ 163.475
c bounds -1372 >= -1930 @ 163.479
c bounds -1372 >= -1929 @ 163.48
c bounds -1372 >= -1928 @ 163.484
c bounds -1372 >= -1927 @ 163.488
c bounds -1372 >= -1926 @ 163.488
c bounds -1372 >= -1925 @ 163.492
c bounds -1372 >= -1924 @ 163.496
c bounds -1372 >= -1923 @ 163.498
c bounds -1372 >= -1922 @ 163.502
c bounds -1372 >= -1921 @ 163.513
c bounds -1372 >= -1920 @ 163.518
c bounds -1372 >= -1919 @ 163.519
c bounds -1372 >= -1918 @ 163.523
c bounds -1372 >= -1917 @ 163.531
c bounds -1372 >= -1916 @ 163.541
c bounds -1372 >= -1915 @ 163.547
c bounds -1372 >= -1914 @ 163.551
c bounds -1372 >= -1913 @ 163.562
c bounds -1372 >= -1912 @ 163.565
c bounds -1372 >= -1911 @ 163.569
c bounds -1372 >= -1910 @ 163.575
c #Conflicts:     135000 | #Constraints:      38061
c #Conflicts:     136000 | #Constraints:      39061
c #Conflicts:     137000 | #Constraints:      40061
c bounds -1372 >= -1909 @ 164.848
c #Conflicts:     138000 | #Constraints:      41109
c bounds -1372 >= -1908 @ 166.339
c #Conflicts:     139000 | #Constraints:      42148
c #Conflicts:     140000 | #Constraints:      43148
c bounds -1372 >= -1907 @ 168.495
c bounds -1372 >= -1906 @ 168.502
c bounds -1372 >= -1905 @ 168.641
c #Conflicts:     141000 | #Constraints:      44205
c bounds -1372 >= -1904 @ 168.857
c #Conflicts:     142000 | #Constraints:      45226
c bounds -1372 >= -1903 @ 170.506
c bounds -1372 >= -1902 @ 170.953
c #Conflicts:     143000 | #Constraints:      46301
c bounds -1372 >= -1901 @ 172.073
c #Conflicts:     144000 | #Constraints:      47328
c #Conflicts:     145000 | #Constraints:      48328
c #Conflicts:     146000 | #Constraints:      49328
c bounds -1372 >= -1900 @ 175.613
c bounds -1374 >= -1900 @ 175.935
c #Conflicts:     147000 | #Constraints:      50365
c #Conflicts:     148000 | #Constraints:      51365
c #Conflicts:     149000 | #Constraints:      52365
c #Conflicts:     150000 | #Constraints:      53365
c #Conflicts:     151000 | #Constraints:      54365
c #Conflicts:     152000 | #Constraints:      55365
c bounds -1375 >= -1900 @ 221.714
c bounds -1375 >= -1899 @ 221.72
c #Conflicts:     153000 | #Constraints:      56372
c #Conflicts:     154000 | #Constraints:      57372
c #Conflicts:     155000 | #Constraints:      58372
c #Conflicts:     156000 | #Constraints:      59372
c bounds -1375 >= -1898 @ 237.88
c #Conflicts:     157000 | #Constraints:      60417
c #Conflicts:     158000 | #Constraints:      61417
c INPROCESSING
c GARBAGE COLLECT
c #Conflicts:     159000 | #Constraints:      40578
c #Conflicts:     160000 | #Constraints:      41578
c #Conflicts:     161000 | #Constraints:      42578
c #Conflicts:     162000 | #Constraints:      43578
c #Conflicts:     163000 | #Constraints:      44578
c #Conflicts:     164000 | #Constraints:      45578
c #Conflicts:     165000 | #Constraints:      46578
c #Conflicts:     166000 | #Constraints:      47578
c #Conflicts:     167000 | #Constraints:      48578
c #Conflicts:     168000 | #Constraints:      49578
c #Conflicts:     169000 | #Constraints:      50578
c #Conflicts:     170000 | #Constraints:      51578
c bounds -1375 >= -1897 @ 285.748
c #Conflicts:     171000 | #Constraints:      52629
c #Conflicts:     172000 | #Constraints:      53629
c #Conflicts:     173000 | #Constraints:      54629
c #Conflicts:     174000 | #Constraints:      55629
c #Conflicts:     175000 | #Constraints:      56629
c #Conflicts:     176000 | #Constraints:      57629
c #Conflicts:     177000 | #Constraints:      58629
c #Conflicts:     178000 | #Constraints:      59629
c #Conflicts:     179000 | #Constraints:      60629
c #Conflicts:     180000 | #Constraints:      61629
c #Conflicts:     181000 | #Constraints:      62629
c #Conflicts:     182000 | #Constraints:      63629
c #Conflicts:     183000 | #Constraints:      64629
c #Conflicts:     184000 | #Constraints:      65629
c INPROCESSING
c GARBAGE COLLECT
c bounds -1376 >= -1897 @ 412.402
c #Conflicts:     185000 | #Constraints:      43214
c bounds -1377 >= -1897 @ 413.149
c bounds -1378 >= -1897 @ 413.21
c bounds -1394 >= -1897 @ 414.362
c bounds -1396 >= -1897 @ 414.518
c #Conflicts:     186000 | #Constraints:      44218
c bounds -1398 >= -1897 @ 416.01
c #Conflicts:     187000 | #Constraints:      45219
c #Conflicts:     188000 | #Constraints:      46219
c bounds -1400 >= -1897 @ 430.68
c bounds -1400 >= -1896 @ 430.688
c bounds -1400 >= -1895 @ 430.696
c bounds -1400 >= -1894 @ 430.702
c bounds -1400 >= -1893 @ 430.708
c #Conflicts:     189000 | #Constraints:      47248
c #Conflicts:     190000 | #Constraints:      48248
c #Conflicts:     191000 | #Constraints:      49248
c #Conflicts:     192000 | #Constraints:      50248
c #Conflicts:     193000 | #Constraints:      51248
c #Conflicts:     194000 | #Constraints:      52248
c #Conflicts:     195000 | #Constraints:      53248
c #Conflicts:     196000 | #Constraints:      54248
c #Conflicts:     197000 | #Constraints:      55248
c #Conflicts:     198000 | #Constraints:      56248
c #Conflicts:     199000 | #Constraints:      57248
c #Conflicts:     200000 | #Constraints:      58248
c #Conflicts:     201000 | #Constraints:      59248
c #Conflicts:     202000 | #Constraints:      60248
c #Conflicts:     203000 | #Constraints:      61248
c #Conflicts:     204000 | #Constraints:      62248
c bounds -1400 >= -1892 @ 512.703
c #Conflicts:     205000 | #Constraints:      63314
c #Conflicts:     206000 | #Constraints:      64314
c #Conflicts:     207000 | #Constraints:      65314
c #Conflicts:     208000 | #Constraints:      66314
c bounds -1402 >= -1892 @ 544.967
c #Conflicts:     209000 | #Constraints:      67315
c #Conflicts:     210000 | #Constraints:      68315
c #Conflicts:     211000 | #Constraints:      69315
c #Conflicts:     212000 | #Constraints:      70315
c #Conflicts:     213000 | #Constraints:      71315
c INPROCESSING
c GARBAGE COLLECT
c #Conflicts:     214000 | #Constraints:      45605
c #Conflicts:     215000 | #Constraints:      46605
c #Conflicts:     216000 | #Constraints:      47605
c #Conflicts:     217000 | #Constraints:      48605
c #Conflicts:     218000 | #Constraints:      49605
c #Conflicts:     219000 | #Constraints:      50605
c #Conflicts:     220000 | #Constraints:      51605
c #Conflicts:     221000 | #Constraints:      52605
c #Conflicts:     222000 | #Constraints:      53605
c #Conflicts:     223000 | #Constraints:      54605
c #Conflicts:     224000 | #Constraints:      55605
c #Conflicts:     225000 | #Constraints:      56605
c #Conflicts:     226000 | #Constraints:      57605
c #Conflicts:     227000 | #Constraints:      58605
c #Conflicts:     228000 | #Constraints:      59605
c #Conflicts:     229000 | #Constraints:      60605
c #Conflicts:     230000 | #Constraints:      61605
c #Conflicts:     231000 | #Constraints:      62605
c #Conflicts:     232000 | #Constraints:      63605
c #Conflicts:     233000 | #Constraints:      64605
c #Conflicts:     234000 | #Constraints:      65605
c #Conflicts:     235000 | #Constraints:      66605
c #Conflicts:     236000 | #Constraints:      67605
c #Conflicts:     237000 | #Constraints:      68605
c #Conflicts:     238000 | #Constraints:      69605
c #Conflicts:     239000 | #Constraints:      70605
c #Conflicts:     240000 | #Constraints:      71605
c #Conflicts:     241000 | #Constraints:      72605
c #Conflicts:     242000 | #Constraints:      73605
c #Conflicts:     243000 | #Constraints:      74605
c INPROCESSING
c GARBAGE COLLECT
c bounds -1403 >= -1892 @ 944.515
c bounds -1404 >= -1892 @ 944.568
c #Conflicts:     244000 | #Constraints:      47499
c #Conflicts:     245000 | #Constraints:      48499
c #Conflicts:     246000 | #Constraints:      49499
c #Conflicts:     247000 | #Constraints:      50499
c #Conflicts:     248000 | #Constraints:      51499
c #Conflicts:     249000 | #Constraints:      52499
c #Conflicts:     250000 | #Constraints:      53499
c #Conflicts:     251000 | #Constraints:      54499
c #Conflicts:     252000 | #Constraints:      55499
c #Conflicts:     253000 | #Constraints:      56499
c #Conflicts:     254000 | #Constraints:      57499
c #Conflicts:     255000 | #Constraints:      58499
c #Conflicts:     256000 | #Constraints:      59499
c #Conflicts:     257000 | #Constraints:      60499
c #Conflicts:     258000 | #Constraints:      61499
c #Conflicts:     259000 | #Constraints:      62499
c #Conflicts:     260000 | #Constraints:      63499
c #Conflicts:     261000 | #Constraints:      64499
c #Conflicts:     262000 | #Constraints:      65499
c #Conflicts:     263000 | #Constraints:      66499
c #Conflicts:     264000 | #Constraints:      67499
c #Conflicts:     265000 | #Constraints:      68499
c #Conflicts:     266000 | #Constraints:      69499
c #Conflicts:     267000 | #Constraints:      70499
c #Conflicts:     268000 | #Constraints:      71499
c #Conflicts:     269000 | #Constraints:      72499
c #Conflicts:     270000 | #Constraints:      73499
c #Conflicts:     271000 | #Constraints:      74499
c #Conflicts:     272000 | #Constraints:      75499
c #Conflicts:     273000 | #Constraints:      76499
c #Conflicts:     274000 | #Constraints:      77499
c #Conflicts:     275000 | #Constraints:      78499
c INPROCESSING
c GARBAGE COLLECT
c bounds -1404 >= -1891 @ 1610.79
c bounds -1404 >= -1890 @ 1610.8
c bounds -1404 >= -1889 @ 1610.8
c bounds -1404 >= -1888 @ 1610.81
c bounds -1404 >= -1887 @ 1610.82
c bounds -1404 >= -1886 @ 1610.83
c bounds -1404 >= -1885 @ 1610.84
c bounds -1404 >= -1884 @ 1610.85
c bounds -1404 >= -1883 @ 1610.86
c bounds -1404 >= -1882 @ 1610.86
c bounds -1404 >= -1881 @ 1610.87
c bounds -1404 >= -1880 @ 1610.89
c bounds -1404 >= -1879 @ 1610.9
c #Conflicts:     276000 | #Constraints:      47480
c bounds -1404 >= -1878 @ 1610.92
c bounds -1404 >= -1877 @ 1610.96
c bounds -1404 >= -1876 @ 1610.99
c bounds -1404 >= -1875 @ 1611.06
c #Conflicts:     277000 | #Constraints:      48576
c #Conflicts:     278000 | #Constraints:      49576
c #Conflicts:     279000 | #Constraints:      50576
c #Conflicts:     280000 | #Constraints:      51576
c #Conflicts:     281000 | #Constraints:      52576
c #Conflicts:     282000 | #Constraints:      53576
c #Conflicts:     283000 | #Constraints:      54576
c #Conflicts:     284000 | #Constraints:      55576
c #Conflicts:     285000 | #Constraints:      56576
c #Conflicts:     286000 | #Constraints:      57576
c #Conflicts:     287000 | #Constraints:      58576
c #Conflicts:     288000 | #Constraints:      59576
c #Conflicts:     289000 | #Constraints:      60576
c #Conflicts:     290000 | #Constraints:      61576
c #Conflicts:     291000 | #Constraints:      62576
c #Conflicts:     292000 | #Constraints:      63576
c #Conflicts:     293000 | #Constraints:      64576
c #Conflicts:     294000 | #Constraints:      65576
c #Conflicts:     295000 | #Constraints:      66576
c #Conflicts:     296000 | #Constraints:      67576
c #Conflicts:     297000 | #Constraints:      68576
c #Conflicts:     298000 | #Constraints:      69576
c #Conflicts:     299000 | #Constraints:      70576
c #Conflicts:     300000 | #Constraints:      71576
c #Conflicts:     301000 | #Constraints:      72576
c #Conflicts:     302000 | #Constraints:      73576
c #Conflicts:     303000 | #Constraints:      74576
c #Conflicts:     304000 | #Constraints:      75576
c #Conflicts:     305000 | #Constraints:      76576
c #Conflicts:     306000 | #Constraints:      77576
c #Conflicts:     307000 | #Constraints:      78576
c #Conflicts:     308000 | #Constraints:      79576
c #Conflicts:     309000 | #Constraints:      80576
c INPROCESSING
c GARBAGE COLLECT
c #Conflicts:     310000 | #Constraints:      49376
c #Conflicts:     311000 | #Constraints:      50376
c #Conflicts:     312000 | #Constraints:      51376
c #Conflicts:     313000 | #Constraints:      52376
c #Conflicts:     314000 | #Constraints:      53376
c #Conflicts:     315000 | #Constraints:      54376
c #Conflicts:     316000 | #Constraints:      55376
c #Conflicts:     317000 | #Constraints:      56376
c #Conflicts:     318000 | #Constraints:      57376
c #Conflicts:     319000 | #Constraints:      58376
c #Conflicts:     320000 | #Constraints:      59376
c #Conflicts:     321000 | #Constraints:      60376
c #Conflicts:     322000 | #Constraints:      61376
c #Conflicts:     323000 | #Constraints:      62376
c #Conflicts:     324000 | #Constraints:      63376
c #Conflicts:     325000 | #Constraints:      64376
c #Conflicts:     326000 | #Constraints:      65376
c #Conflicts:     327000 | #Constraints:      66376
c #Conflicts:     328000 | #Constraints:      67376
c #Conflicts:     329000 | #Constraints:      68376
c #Conflicts:     330000 | #Constraints:      69376
c #Conflicts:     331000 | #Constraints:      70376
c #Conflicts:     332000 | #Constraints:      71376
c #Conflicts:     333000 | #Constraints:      72376
c #Conflicts:     334000 | #Constraints:      73376
c #Conflicts:     335000 | #Constraints:      74376
c #Conflicts:     336000 | #Constraints:      75376
c #Conflicts:     337000 | #Constraints:      76376
c #Conflicts:     338000 | #Constraints:      77376
c #Conflicts:     339000 | #Constraints:      78376
c #Conflicts:     340000 | #Constraints:      79376
c #Conflicts:     341000 | #Constraints:      80376
c #Conflicts:     342000 | #Constraints:      81376
c bounds -1404 >= -1874 @ 2493.47
c #Conflicts:     343000 | #Constraints:      82421
c #Conflicts:     344000 | #Constraints:      83421
c #Conflicts:     345000 | #Constraints:      84421
c INPROCESSING
c GARBAGE COLLECT
c #Conflicts:     346000 | #Constraints:      51396
c #Conflicts:     347000 | #Constraints:      52396
c #Conflicts:     348000 | #Constraints:      53396
c #Conflicts:     349000 | #Constraints:      54396
c #Conflicts:     350000 | #Constraints:      55396
c #Conflicts:     351000 | #Constraints:      56396
c #Conflicts:     352000 | #Constraints:      57396
c #Conflicts:     353000 | #Constraints:      58396
c #Conflicts:     354000 | #Constraints:      59396
c #Conflicts:     355000 | #Constraints:      60396
c #Conflicts:     356000 | #Constraints:      61396
c #Conflicts:     357000 | #Constraints:      62396
c #Conflicts:     358000 | #Constraints:      63396
c #Conflicts:     359000 | #Constraints:      64396
c #Conflicts:     360000 | #Constraints:      65396
c #Conflicts:     361000 | #Constraints:      66396
c #Conflicts:     362000 | #Constraints:      67396
c #Conflicts:     363000 | #Constraints:      68396
c #Conflicts:     364000 | #Constraints:      69396
c #Conflicts:     365000 | #Constraints:      70396
c #Conflicts:     366000 | #Constraints:      71396
c #Conflicts:     367000 | #Constraints:      72396
c #Conflicts:     368000 | #Constraints:      73396
c #Conflicts:     369000 | #Constraints:      74396
c #Conflicts:     370000 | #Constraints:      75396
c #Conflicts:     371000 | #Constraints:      76396
c #Conflicts:     372000 | #Constraints:      77396
c #Conflicts:     373000 | #Constraints:      78396
c #Conflicts:     374000 | #Constraints:      79396
c #Conflicts:     375000 | #Constraints:      80396
c #Conflicts:     376000 | #Constraints:      81396
c #Conflicts:     377000 | #Constraints:      82396
c #Conflicts:     378000 | #Constraints:      83396
c #Conflicts:     379000 | #Constraints:      84396
c #Conflicts:     380000 | #Constraints:      85396
c #Conflicts:     381000 | #Constraints:      86396
c #Conflicts:     382000 | #Constraints:      87396
c #Conflicts:     383000 | #Constraints:      88396
c #Conflicts:     384000 | #Constraints:      89396
c INPROCESSING
c GARBAGE COLLECT
c #Conflicts:     385000 | #Constraints:      55797
c #Conflicts:     386000 | #Constraints:      56797
c #Conflicts:     387000 | #Constraints:      57797
c #Conflicts:     388000 | #Constraints:      58797
c #Conflicts:     389000 | #Constraints:      59797
c #Conflicts:     390000 | #Constraints:      60797
c #Conflicts:     391000 | #Constraints:      61797
c #Conflicts:     392000 | #Constraints:      62797
c #Conflicts:     393000 | #Constraints:      63797
c #Conflicts:     394000 | #Constraints:      64797
c #Conflicts:     395000 | #Constraints:      65797
c #Conflicts:     396000 | #Constraints:      66797
c #Conflicts:     397000 | #Constraints:      67797
c #Conflicts:     398000 | #Constraints:      68797
c #Conflicts:     399000 | #Constraints:      69797
c #Conflicts:     400000 | #Constraints:      70797
c #Conflicts:     401000 | #Constraints:      71797
c #Conflicts:     402000 | #Constraints:      72797
c #Conflicts:     403000 | #Constraints:      73797
c #Conflicts:     404000 | #Constraints:      74797
c #Conflicts:     405000 | #Constraints:      75797
c #Conflicts:     406000 | #Constraints:      76797
c #Conflicts:     407000 | #Constraints:      77797
c #Conflicts:     408000 | #Constraints:      78797
c #Conflicts:     409000 | #Constraints:      79797
c #Conflicts:     410000 | #Constraints:      80797
c #Conflicts:     411000 | #Constraints:      81797
c #Conflicts:     412000 | #Constraints:      82797
c #Conflicts:     413000 | #Constraints:      83797
c #Conflicts:     414000 | #Constraints:      84797
c #Conflicts:     415000 | #Constraints:      85797
c #Conflicts:     416000 | #Constraints:      86797
c #Conflicts:     417000 | #Constraints:      87797
c #Conflicts:     418000 | #Constraints:      88797
c #Conflicts:     419000 | #Constraints:      89797
c #Conflicts:     420000 | #Constraints:      90797
c #Conflicts:     421000 | #Constraints:      91797
c #Conflicts:     422000 | #Constraints:      92797
c #Conflicts:     423000 | #Constraints:      93797
c #Conflicts:     424000 | #Constraints:      94797
c INPROCESSING
c GARBAGE COLLECT
c #Conflicts:     425000 | #Constraints:      57592
c #Conflicts:     426000 | #Constraints:      58592
c #Conflicts:     427000 | #Constraints:      59592
c #Conflicts:     428000 | #Constraints:      60592
c #Conflicts:     429000 | #Constraints:      61592
c #Conflicts:     430000 | #Constraints:      62592
c #Conflicts:     431000 | #Constraints:      63592
c #Conflicts:     432000 | #Constraints:      64592
c #Conflicts:     433000 | #Constraints:      65592
c #Conflicts:     434000 | #Constraints:      66592
c #Conflicts:     435000 | #Constraints:      67592
c #Conflicts:     436000 | #Constraints:      68592
c #Conflicts:     437000 | #Constraints:      69592
c #Conflicts:     438000 | #Constraints:      70592
c #Conflicts:     439000 | #Constraints:      71592
c #Conflicts:     440000 | #Constraints:      72592
c #Conflicts:     441000 | #Constraints:      73592
c #Conflicts:     442000 | #Constraints:      74592
c #Conflicts:     443000 | #Constraints:      75592
c #Conflicts:     444000 | #Constraints:      76592
c #Conflicts:     445000 | #Constraints:      77592
c #Conflicts:     446000 | #Constraints:      78592
c #Conflicts:     447000 | #Constraints:      79592
c #Conflicts:     448000 | #Constraints:      80592
c #Conflicts:     449000 | #Constraints:      81592
c #Conflicts:     450000 | #Constraints:      82592
c #Conflicts:     451000 | #Constraints:      83592
c #Conflicts:     452000 | #Constraints:      84592
c #Conflicts:     453000 | #Constraints:      85592
c #Conflicts:     454000 | #Constraints:      86592
c #Conflicts:     455000 | #Constraints:      87592
c #Conflicts:     456000 | #Constraints:      88592
c #Conflicts:     457000 | #Constraints:      89592
c #Conflicts:     458000 | #Constraints:      90592
c #Conflicts:     459000 | #Constraints:      91592
c #Conflicts:     460000 | #Constraints:      92592
c #Conflicts:     461000 | #Constraints:      93592
c #Conflicts:     462000 | #Constraints:      94592
c #Conflicts:     463000 | #Constraints:      95592
c #Conflicts:     464000 | #Constraints:      96592
c #Conflicts:     465000 | #Constraints:      97592
c #Conflicts:     466000 | #Constraints:      98592
c bounds -1404 >= -1873 @ 4525.46
c INPROCESSING
c GARBAGE COLLECT
c #Conflicts:     467000 | #Constraints:      58916
c #Conflicts:     468000 | #Constraints:      59916
c #Conflicts:     469000 | #Constraints:      60916
c #Conflicts:     470000 | #Constraints:      61916
c #Conflicts:     471000 | #Constraints:      62916
c #Conflicts:     472000 | #Constraints:      63916
c #Conflicts:     473000 | #Constraints:      64916
c #Conflicts:     474000 | #Constraints:      65916
c #Conflicts:     475000 | #Constraints:      66916
c #Conflicts:     476000 | #Constraints:      67916
c #Conflicts:     477000 | #Constraints:      68916
c #Conflicts:     478000 | #Constraints:      69916
c #Conflicts:     479000 | #Constraints:      70916
c #Conflicts:     480000 | #Constraints:      71916
c #Conflicts:     481000 | #Constraints:      72916
c #Conflicts:     482000 | #Constraints:      73916
c #Conflicts:     483000 | #Constraints:      74916
c #Conflicts:     484000 | #Constraints:      75916
c #Conflicts:     485000 | #Constraints:      76916
c #Conflicts:     486000 | #Constraints:      77916
c #Conflicts:     487000 | #Constraints:      78916
c #Conflicts:     488000 | #Constraints:      79916
c #Conflicts:     489000 | #Constraints:      80916
c #Conflicts:     490000 | #Constraints:      81916
c #Conflicts:     491000 | #Constraints:      82916
c #Conflicts:     492000 | #Constraints:      83916
c #Conflicts:     493000 | #Constraints:      84916
c #Conflicts:     494000 | #Constraints:      85916
c #Conflicts:     495000 | #Constraints:      86916
c #Conflicts:     496000 | #Constraints:      87916
c #Conflicts:     497000 | #Constraints:      88916
c #Conflicts:     498000 | #Constraints:      89916
c #Conflicts:     499000 | #Constraints:      90916
c #Conflicts:     500000 | #Constraints:      91916
c #Conflicts:     501000 | #Constraints:      92916
c #Conflicts:     502000 | #Constraints:      93916
c #Conflicts:     503000 | #Constraints:      94916
c #Conflicts:     504000 | #Constraints:      95916
c #Conflicts:     505000 | #Constraints:      96916
c #Conflicts:     506000 | #Constraints:      97916
c #Conflicts:     507000 | #Constraints:      98916
c #Conflicts:     508000 | #Constraints:      99916
c #Conflicts:     509000 | #Constraints:     100916
c #Conflicts:     510000 | #Constraints:     101916
c INPROCESSING
c GARBAGE COLLECT
c #Conflicts:     511000 | #Constraints:      60788
c #Conflicts:     512000 | #Constraints:      61788
c #Conflicts:     513000 | #Constraints:      62788
c #Conflicts:     514000 | #Constraints:      63788
c bounds -1405 >= -1873 @ 5359.38
c bounds -1406 >= -1873 @ 5359.68
c #Conflicts:     515000 | #Constraints:      64790
c #Conflicts:     516000 | #Constraints:      65790
c #Conflicts:     517000 | #Constraints:      66790
c #Conflicts:     518000 | #Constraints:      67790
c #Conflicts:     519000 | #Constraints:      68790
c #Conflicts:     520000 | #Constraints:      69790
c bounds -1407 >= -1873 @ 5427.01
c #Conflicts:     521000 | #Constraints:      70791
c bounds -1408 >= -1873 @ 5438.33
c bounds -1409 >= -1873 @ 5438.64
c #Conflicts:     522000 | #Constraints:      71793
c bounds -1410 >= -1873 @ 5445.4
c bounds -1411 >= -1873 @ 5450.81
c bounds -1412 >= -1873 @ 5450.95
c bounds -1413 >= -1873 @ 5451.56
c #Conflicts:     523000 | #Constraints:      72797
c #Conflicts:     524000 | #Constraints:      73797
c #Conflicts:     525000 | #Constraints:      74797
c #Conflicts:     526000 | #Constraints:      75797
c #Conflicts:     527000 | #Constraints:      76797
c bounds -1414 >= -1873 @ 5500
c bounds -1414 >= -1872 @ 5500.04
c bounds -1414 >= -1871 @ 5500.05
c bounds -1414 >= -1870 @ 5500.06
c #Conflicts:     528000 | #Constraints:      77822
c #Conflicts:     529000 | #Constraints:      78822
c #Conflicts:     530000 | #Constraints:      79822
c #Conflicts:     531000 | #Constraints:      80822
c #Conflicts:     532000 | #Constraints:      81822
c #Conflicts:     533000 | #Constraints:      82822
c #Conflicts:     534000 | #Constraints:      83822
c #Conflicts:     535000 | #Constraints:      84822
c #Conflicts:     536000 | #Constraints:      85822
c #Conflicts:     537000 | #Constraints:      86822
c #Conflicts:     538000 | #Constraints:      87822
c bounds -1414 >= -1869 @ 5586.12
c #Conflicts:     539000 | #Constraints:      88885
c #Conflicts:     540000 | #Constraints:      89885
c #Conflicts:     541000 | #Constraints:      90885
c #Conflicts:     542000 | #Constraints:      91885
c #Conflicts:     543000 | #Constraints:      92885
c #Conflicts:     544000 | #Constraints:      93885
c #Conflicts:     545000 | #Constraints:      94885
c #Conflicts:     546000 | #Constraints:      95885
c #Conflicts:     547000 | #Constraints:      96885
c #Conflicts:     548000 | #Constraints:      97885
c #Conflicts:     549000 | #Constraints:      98885
c #Conflicts:     550000 | #Constraints:      99885
c #Conflicts:     551000 | #Constraints:     100885
c #Conflicts:     552000 | #Constraints:     101885
c #Conflicts:     553000 | #Constraints:     102885
c #Conflicts:     554000 | #Constraints:     103885
c #Conflicts:     555000 | #Constraints:     104885
c #Conflicts:     556000 | #Constraints:     105885
c INPROCESSING
c GARBAGE COLLECT
c #Conflicts:     557000 | #Constraints:      62532
c #Conflicts:     558000 | #Constraints:      63532
c #Conflicts:     559000 | #Constraints:      64532
c bounds -1415 >= -1869 @ 5830.5
c bounds -1416 >= -1869 @ 5831.45
c #Conflicts:     560000 | #Constraints:      65534
c #Conflicts:     561000 | #Constraints:      66534
c bounds -1417 >= -1869 @ 5842.43
c bounds -1418 >= -1869 @ 5842.55
c #Conflicts:     562000 | #Constraints:      67536
c #Conflicts:     563000 | #Constraints:      68536
c bounds -1419 >= -1869 @ 5869.35
c bounds -1420 >= -1869 @ 5869.5
c bounds -1421 >= -1869 @ 5871.16
c bounds -1422 >= -1869 @ 5871.36
c #Conflicts:     564000 | #Constraints:      69540
c #Conflicts:     565000 | #Constraints:      70540
c #Conflicts:     566000 | #Constraints:      71540
c #Conflicts:     567000 | #Constraints:      72540
c bounds -1423 >= -1869 @ 5926.97
c bounds -1423 >= -1868 @ 5927.07
c bounds -1423 >= -1867 @ 5927.1
c bounds -1423 >= -1866 @ 5927.12
c bounds -1423 >= -1865 @ 5927.21
c #Conflicts:     568000 | #Constraints:      73601
c #Conflicts:     569000 | #Constraints:      74601
c #Conflicts:     570000 | #Constraints:      75601
c #Conflicts:     571000 | #Constraints:      76601
c #Conflicts:     572000 | #Constraints:      77601
c #Conflicts:     573000 | #Constraints:      78601
c #Conflicts:     574000 | #Constraints:      79601
c #Conflicts:     575000 | #Constraints:      80601
c #Conflicts:     576000 | #Constraints:      81601
c #Conflicts:     577000 | #Constraints:      82601
c #Conflicts:     578000 | #Constraints:      83601
c #Conflicts:     579000 | #Constraints:      84601
c #Conflicts:     580000 | #Constraints:      85601
c #Conflicts:     581000 | #Constraints:      86601
c #Conflicts:     582000 | #Constraints:      87601
c #Conflicts:     583000 | #Constraints:      88601
c #Conflicts:     584000 | #Constraints:      89601
c #Conflicts:     585000 | #Constraints:      90601
c #Conflicts:     586000 | #Constraints:      91601
c bounds -1423 >= -1864 @ 6120.98
c #Conflicts:     587000 | #Constraints:      92661
c #Conflicts:     588000 | #Constraints:      93661
c #Conflicts:     589000 | #Constraints:      94661
c #Conflicts:     590000 | #Constraints:      95661
c #Conflicts:     591000 | #Constraints:      96661
c bounds -1424 >= -1864 @ 6190.09
c #Conflicts:     592000 | #Constraints:      97662
c #Conflicts:     593000 | #Constraints:      98662
c #Conflicts:     594000 | #Constraints:      99662
c #Conflicts:     595000 | #Constraints:     100662
c #Conflicts:     596000 | #Constraints:     101662
c #Conflicts:     597000 | #Constraints:     102662
c #Conflicts:     598000 | #Constraints:     103662
c #Conflicts:     599000 | #Constraints:     104662
c #Conflicts:     600000 | #Constraints:     105662
c #Conflicts:     601000 | #Constraints:     106662
c #Conflicts:     602000 | #Constraints:     107662
c #Conflicts:     603000 | #Constraints:     108662
c #Conflicts:     604000 | #Constraints:     109662
c #Conflicts:     605000 | #Constraints:     110662
c INPROCESSING
c GARBAGE COLLECT
c #Conflicts:     606000 | #Constraints:      65599
c #Conflicts:     607000 | #Constraints:      66599
c #Conflicts:     608000 | #Constraints:      67599
c #Conflicts:     609000 | #Constraints:      68599
c #Conflicts:     610000 | #Constraints:      69599
c #Conflicts:     611000 | #Constraints:      70599
c #Conflicts:     612000 | #Constraints:      71599
c #Conflicts:     613000 | #Constraints:      72599
c #Conflicts:     614000 | #Constraints:      73599
c #Conflicts:     615000 | #Constraints:      74599
c #Conflicts:     616000 | #Constraints:      75599
c #Conflicts:     617000 | #Constraints:      76599
c #Conflicts:     618000 | #Constraints:      77599
c #Conflicts:     619000 | #Constraints:      78599
c #Conflicts:     620000 | #Constraints:      79599
c #Conflicts:     621000 | #Constraints:      80599
c #Conflicts:     622000 | #Constraints:      81599
c #Conflicts:     623000 | #Constraints:      82599
c #Conflicts:     624000 | #Constraints:      83599
c #Conflicts:     625000 | #Constraints:      84599
c #Conflicts:     626000 | #Constraints:      85599
c #Conflicts:     627000 | #Constraints:      86599
c #Conflicts:     628000 | #Constraints:      87599
c #Conflicts:     629000 | #Constraints:      88599
c #Conflicts:     630000 | #Constraints:      89599
c #Conflicts:     631000 | #Constraints:      90599
c #Conflicts:     632000 | #Constraints:      91599
c #Conflicts:     633000 | #Constraints:      92599
c #Conflicts:     634000 | #Constraints:      93599
c #Conflicts:     635000 | #Constraints:      94599
c #Conflicts:     636000 | #Constraints:      95599
c #Conflicts:     637000 | #Constraints:      96599
c #Conflicts:     638000 | #Constraints:      97599
c #Conflicts:     639000 | #Constraints:      98599
c #Conflicts:     640000 | #Constraints:      99599
c #Conflicts:     641000 | #Constraints:     100599
c #Conflicts:     642000 | #Constraints:     101599
c #Conflicts:     643000 | #Constraints:     102599
c #Conflicts:     644000 | #Constraints:     103599
c #Conflicts:     645000 | #Constraints:     104599
c #Conflicts:     646000 | #Constraints:     105599
c #Conflicts:     647000 | #Constraints:     106599
c #Conflicts:     648000 | #Constraints:     107599
c #Conflicts:     649000 | #Constraints:     108599
c #Conflicts:     650000 | #Constraints:     109599
c #Conflicts:     651000 | #Constraints:     110599
c #Conflicts:     652000 | #Constraints:     111599
c #Conflicts:     653000 | #Constraints:     112599
c #Conflicts:     654000 | #Constraints:     113599
c #Conflicts:     655000 | #Constraints:     114599
c INPROCESSING
c GARBAGE COLLECT
c bounds -1425 >= -1864 @ 7151.86
c bounds -1426 >= -1864 @ 7153.3
c #Conflicts:     656000 | #Constraints:      67486
c #Conflicts:     657000 | #Constraints:      68486
c #Conflicts:     658000 | #Constraints:      69486
c #Conflicts:     659000 | #Constraints:      70486
c #Conflicts:     660000 | #Constraints:      71486
c #Conflicts:     661000 | #Constraints:      72486
c bounds -1427 >= -1864 @ 7189.82
c #Conflicts:     662000 | #Constraints:      73487
c #Conflicts:     663000 | #Constraints:      74487
c #Conflicts:     664000 | #Constraints:      75487
c bounds -1428 >= -1864 @ 7208.22
c #Conflicts:     665000 | #Constraints:      76488
c #Conflicts:     666000 | #Constraints:      77488
c #Conflicts:     667000 | #Constraints:      78488
c #Conflicts:     668000 | #Constraints:      79488
c #Conflicts:     669000 | #Constraints:      80488
c bounds -1429 >= -1864 @ 7265.09
c bounds -1430 >= -1864 @ 7266.16
c bounds -1431 >= -1864 @ 7267.28
c #Conflicts:     670000 | #Constraints:      81491
c bounds -1432 >= -1864 @ 7285.41
c #Conflicts:     671000 | #Constraints:      82492
c #Conflicts:     672000 | #Constraints:      83492
c #Conflicts:     673000 | #Constraints:      84492
c #Conflicts:     674000 | #Constraints:      85492
c #Conflicts:     675000 | #Constraints:      86492
c #Conflicts:     676000 | #Constraints:      87492
c #Conflicts:     677000 | #Constraints:      88492
c #Conflicts:     678000 | #Constraints:      89492
c #Conflicts:     679000 | #Constraints:      90492
c #Conflicts:     680000 | #Constraints:      91492
c #Conflicts:     681000 | #Constraints:      92492
c #Conflicts:     682000 | #Constraints:      93492
c #Conflicts:     683000 | #Constraints:      94492
c #Conflicts:     684000 | #Constraints:      95492
c #Conflicts:     685000 | #Constraints:      96492
c #Conflicts:     686000 | #Constraints:      97492
c #Conflicts:     687000 | #Constraints:      98492
c #Conflicts:     688000 | #Constraints:      99492
c bounds -1433 >= -1864 @ 7766.67
c bounds -1433 >= -1863 @ 7766.69
c #Conflicts:     689000 | #Constraints:     100496
c bounds -1433 >= -1862 @ 7766.71
c bounds -1433 >= -1861 @ 7766.72
c bounds -1433 >= -1860 @ 7766.73
c #Conflicts:     690000 | #Constraints:     101517
c #Conflicts:     691000 | #Constraints:     102517
c #Conflicts:     692000 | #Constraints:     103517
c #Conflicts:     693000 | #Constraints:     104517
c #Conflicts:     694000 | #Constraints:     105517
c #Conflicts:     695000 | #Constraints:     106517
c #Conflicts:     696000 | #Constraints:     107517
c #Conflicts:     697000 | #Constraints:     108517
c #Conflicts:     698000 | #Constraints:     109517
c #Conflicts:     699000 | #Constraints:     110517
c #Conflicts:     700000 | #Constraints:     111517
c #Conflicts:     701000 | #Constraints:     112517
c #Conflicts:     702000 | #Constraints:     113517
c #Conflicts:     703000 | #Constraints:     114517
c #Conflicts:     704000 | #Constraints:     115517
c #Conflicts:     705000 | #Constraints:     116517
c #Conflicts:     706000 | #Constraints:     117517
c #Conflicts:     707000 | #Constraints:     118517
c INPROCESSING
c GARBAGE COLLECT
c #Conflicts:     708000 | #Constraints:      68569
c #Conflicts:     709000 | #Constraints:      69569
c #Conflicts:     710000 | #Constraints:      70569
c #Conflicts:     711000 | #Constraints:      71569
c #Conflicts:     712000 | #Constraints:      72569
c #Conflicts:     713000 | #Constraints:      73569
c #Conflicts:     714000 | #Constraints:      74569
c #Conflicts:     715000 | #Constraints:      75569
c #Conflicts:     716000 | #Constraints:      76569
c #Conflicts:     717000 | #Constraints:      77569
c #Conflicts:     718000 | #Constraints:      78569
c #Conflicts:     719000 | #Constraints:      79569
c #Conflicts:     720000 | #Constraints:      80569
c #Conflicts:     721000 | #Constraints:      81569
c #Conflicts:     722000 | #Constraints:      82569
c #Conflicts:     723000 | #Constraints:      83569
c #Conflicts:     724000 | #Constraints:      84569
c #Conflicts:     725000 | #Constraints:      85569
c #Conflicts:     7