c RoundingSat 2
c branch 
c commit 
c #variables 1886541 #constraints 3418708
c bounds - >= -3765615 @ 13.1217
c #Conflicts:       1000 | #Constraints:    3419707
c #Conflicts:       2000 | #Constraints:    3420707
c INPROCESSING
c bounds - >= -3765599 @ 14.899
c bounds - >= -3765583 @ 15.1279
c bounds - >= -3765567 @ 15.3547
c bounds - >= -3765551 @ 15.5799
c bounds - >= -3765535 @ 15.8046
c bounds - >= -3765519 @ 16.0298
c bounds - >= -3765503 @ 16.2527
c bounds - >= -3765487 @ 16.4791
c bounds - >= -3765471 @ 16.7069
c bounds - >= -3765455 @ 16.9356
c bounds - >= -3765439 @ 17.1624
c bounds - >= -3765423 @ 17.3902
c bounds - >= -3765407 @ 17.6194
c bounds - >= -3765391 @ 17.8471
c bounds - >= -3765375 @ 18.0738
c bounds - >= -3765359 @ 18.2985
c bounds - >= -3765343 @ 18.5258
c bounds - >= -3765327 @ 18.7507
c bounds - >= -3765311 @ 18.9795
c bounds - >= -3765295 @ 19.2077
c bounds - >= -3765279 @ 19.4354
c bounds - >= -3765263 @ 19.6609
c bounds - >= -3765247 @ 19.8871
c bounds - >= -3765231 @ 20.1113
c bounds - >= -3765215 @ 20.3413
c bounds - >= -3765199 @ 20.5677
c bounds - >= -3765183 @ 20.7951
c bounds - >= -3765167 @ 21.0222
c bounds - >= -3765151 @ 21.2481
c bounds - >= -3765135 @ 21.4766
c bounds - >= -3765119 @ 21.7037
c bounds - >= -3765103 @ 21.9309
c bounds - >= -3765087 @ 22.1589
c bounds - >= -3765071 @ 22.3861
c bounds - >= -3765055 @ 22.6125
c bounds - >= -3765039 @ 22.8379
c bounds - >= -3765023 @ 23.0674
c bounds - >= -3765007 @ 23.2918
c bounds - >= -3764991 @ 23.5142
c bounds - >= -3764975 @ 23.7364
c bounds - >= -3764959 @ 23.9564
c bounds - >= -3764943 @ 24.1812
c bounds - >= -3764927 @ 24.4071
c bounds - >= -3764911 @ 24.6338
c bounds - >= -3764895 @ 24.8594
c bounds - >= -3764879 @ 25.0856
c bounds - >= -3764863 @ 25.3063
c bounds - >= -3764847 @ 25.5316
c bounds - >= -3764831 @ 25.7552
c bounds - >= -3764815 @ 25.982
c bounds - >= -3764799 @ 26.2105
c bounds - >= -3764783 @ 26.437
c bounds - >= -3764767 @ 26.6641
c bounds - >= -3764751 @ 26.8907
c bounds - >= -3764735 @ 27.1181
c bounds - >= -3764719 @ 27.3433
c bounds - >= -3764703 @ 27.5693
c bounds - >= -3764687 @ 27.7955
c bounds - >= -3764671 @ 28.0241
c bounds - >= -3764655 @ 28.2497
c bounds - >= -3764639 @ 28.4772
c bounds - >= -3764623 @ 28.6998
c bounds - >= -3764607 @ 28.9221
c bounds - >= -3764591 @ 29.149
c bounds - >= -3764575 @ 29.3771
c bounds - >= -3764559 @ 29.601
c bounds - >= -3764543 @ 29.8262
c bounds - >= -3764527 @ 30.052
c bounds - >= -3764511 @ 30.2785
c bounds - >= -3764495 @ 30.5054
c bounds - >= -3764479 @ 30.7291
c bounds - >= -3764463 @ 30.9523
c bounds - >= -3764447 @ 31.179
c bounds - >= -3764431 @ 31.4098
c bounds - >= -3764415 @ 31.6372
c bounds - >= -3764399 @ 31.8666
c bounds - >= -3764383 @ 32.0964
c bounds - >= -3764367 @ 32.3218
c bounds - >= -3764351 @ 32.5445
c bounds - >= -3764335 @ 32.7698
c bounds - >= -3764319 @ 33.0052
c bounds - >= -3764303 @ 33.236
c bounds - >= -3764287 @ 33.4637
c bounds - >= -3764271 @ 33.6923
c bounds - >= -3764255 @ 33.9194
c bounds - >= -3764239 @ 34.1535
c bounds - >= -3764223 @ 34.3811
c bounds - >= -3764207 @ 34.6108
c bounds - >= -3764191 @ 34.8408
c bounds - >= -3764175 @ 35.0688
c bounds - >= -3764159 @ 35.2974
c bounds - >= -3764143 @ 35.5233
c bounds - >= -3764127 @ 35.7511
c bounds - >= -3764111 @ 35.9781
c bounds - >= -3764095 @ 36.2048
c bounds - >= -3764079 @ 36.4309
c bounds - >= -3764063 @ 36.6568
c bounds - >= -3764047 @ 36.8799
c bounds - >= -3764031 @ 37.1052
c bounds - >= -3764015 @ 37.329
c bounds - >= -3763999 @ 37.5565
c bounds - >= -3763983 @ 37.7864
c bounds - >= -3763967 @ 38.0134
c bounds - >= -3763951 @ 38.236
c bounds - >= -3763935 @ 38.4646
c bounds - >= -3763919 @ 38.6898
c bounds - >= -3763903 @ 38.9126
c bounds - >= -3763887 @ 39.1363
c bounds - >= -3763871 @ 39.3634
c bounds - >= -3763855 @ 39.5874
c bounds - >= -3763839 @ 39.8125
c bounds - >= -3763823 @ 40.0354
c bounds - >= -3763807 @ 40.2613
c bounds - >= -3763791 @ 40.4872
c bounds - >= -3763775 @ 40.7083
c bounds - >= -3763759 @ 40.9345
c bounds - >= -3763743 @ 41.1619
c bounds - >= -3763727 @ 41.3902
c bounds - >= -3763711 @ 41.6123
c bounds - >= -3763695 @ 41.8376
c bounds - >= -3763679 @ 42.0627
c bounds - >= -3763663 @ 42.2872
c bounds - >= -3763647 @ 42.5128
c bounds - >= -3763631 @ 42.7378
c bounds - >= -3763615 @ 42.9612
c bounds - >= -3763599 @ 43.1868
c bounds - >= -3763583 @ 43.4157
c bounds - >= -3763567 @ 43.6406
c bounds - >= -3763551 @ 43.8668
c bounds - >= -3763535 @ 44.0918
c bounds - >= -3763519 @ 44.3163
c bounds - >= -3763503 @ 44.5412
c bounds - >= -3763487 @ 44.7668
c bounds - >= -3763471 @ 44.9947
c bounds - >= -3763455 @ 45.2191
c bounds - >= -3763439 @ 45.4431
c bounds - >= -3763423 @ 45.6697
c bounds - >= -3763407 @ 45.8909
c bounds - >= -3763391 @ 46.1147
c bounds - >= -3763375 @ 46.343
c bounds - >= -3763359 @ 46.5693
c bounds - >= -3763343 @ 46.7974
c bounds - >= -3763327 @ 47.0228
c bounds - >= -3763311 @ 47.2413
c bounds - >= -3763295 @ 47.4605
c bounds - >= -3763279 @ 47.6839
c bounds - >= -3763263 @ 47.9134
c bounds - >= -3763247 @ 48.1448
c bounds - >= -3763231 @ 48.3717
c bounds - >= -3763215 @ 48.5991
c bounds - >= -3763199 @ 48.8271
c bounds - >= -3763183 @ 49.0546
c bounds - >= -3763167 @ 49.2787
c bounds - >= -3763151 @ 49.5053
c bounds - >= -3763135 @ 49.726
c bounds - >= -3763119 @ 49.9499
c bounds - >= -3763103 @ 50.1716
c bounds - >= -3763087 @ 50.3966
c bounds - >= -3763071 @ 50.6238
c bounds - >= -3763055 @ 50.8494
c bounds - >= -3763039 @ 51.0759
c bounds - >= -3763023 @ 51.2978
c bounds - >= -3763007 @ 51.521
c bounds - >= -3762991 @ 51.7416
c bounds - >= -3762975 @ 51.9649
c bounds - >= -3762959 @ 52.1884
c bounds - >= -3762943 @ 52.4133
c bounds - >= -3762927 @ 52.6414
c bounds - >= -3762911 @ 52.8713
c bounds - >= -3762895 @ 53.097
c bounds - >= -3762879 @ 53.3228
c bounds - >= -3762863 @ 53.5431
c bounds - >= -3762847 @ 53.7633
c bounds - >= -3762831 @ 53.9827
c bounds - >= -3762815 @ 54.2059
c bounds - >= -3762799 @ 54.4296
c bounds - >= -3762783 @ 54.66
c bounds - >= -3762767 @ 54.8866
c bounds - >= -3762751 @ 55.1163
c bounds - >= -3762735 @ 55.342
c bounds - >= -3762719 @ 55.5664
c bounds - >= -3762703 @ 55.7875
c bounds - >= -3762687 @ 56.009
c bounds - >= -3762671 @ 56.2325
c bounds - >= -3762655 @ 56.4583
c bounds - >= -3762639 @ 56.6857
c bounds - >= -3762623 @ 56.9137
c bounds - >= -3762607 @ 57.1412
c bounds - >= -3762591 @ 57.3681
c bounds - >= -3762575 @ 57.5941
c bounds - >= -3762559 @ 57.8187
c bounds - >= -3762543 @ 58.0404
c bounds - >= -3762527 @ 58.2671
c bounds - >= -3762511 @ 58.4932
c bounds - >= -3762495 @ 58.7188
c bounds - >= -3762479 @ 58.9463
c bounds - >= -3762463 @ 59.1729
c bounds - >= -3762447 @ 59.3977
c bounds - >= -3762431 @ 59.6268
c bounds - >= -3762415 @ 59.8586
c bounds - >= -3762399 @ 60.087
c bounds - >= -3762383 @ 60.3124
c bounds - >= -3762367 @ 60.537
c bounds - >= -3762351 @ 60.764
c bounds - >= -3762335 @ 60.991
c bounds - >= -3762319 @ 61.2208
c bounds - >= -3762303 @ 61.4457
c bounds - >= -3762287 @ 61.6673
c bounds - >= -3762271 @ 61.8903
c bounds - >= -3762255 @ 62.1158
c bounds - >= -3762239 @ 62.3407
c bounds - >= -3762223 @ 62.5673
c bounds - >= -3762207 @ 62.7914
c bounds - >= -3762191 @ 63.0175
c bounds - >= -3762175 @ 63.2473
c bounds - >= -3762159 @ 63.4741
c bounds - >= -3762143 @ 63.7017
c bounds - >= -3762127 @ 63.9287
c bounds - >= -3762111 @ 64.1543
c bounds - >= -3762095 @ 64.38
c bounds - >= -3762079 @ 64.6043
c bounds - >= -3762063 @ 64.832
c bounds - >= -3762047 @ 65.0588
c bounds - >= -3762031 @ 65.2863
c bounds - >= -3762015 @ 65.5144
c bounds - >= -3761999 @ 65.7384
c bounds - >= -3761983 @ 65.9636
c bounds - >= -3761967 @ 66.1897
c bounds - >= -3761951 @ 66.4162
c bounds - >= -3761935 @ 66.6396
c bounds - >= -3761919 @ 66.8633
c bounds - >= -3761903 @ 67.0881
c bounds - >= -3761887 @ 67.312
c bounds - >= -3761871 @ 67.5388
c bounds - >= -3761855 @ 67.7658
c bounds - >= -3761839 @ 67.9918
c bounds - >= -3761823 @ 68.2174
c bounds - >= -3761807 @ 68.443
c bounds - >= -3761791 @ 68.6682
c bounds - >= -3761775 @ 68.8943
c bounds - >= -3761759 @ 69.1199
c bounds - >= -3761743 @ 69.3443
c bounds - >= -3761727 @ 69.5678
c bounds - >= -3761711 @ 69.7897
c bounds - >= -3761695 @ 70.0162
c bounds - >= -3761679 @ 70.2417
c bounds - >= -3761663 @ 70.4655
c bounds - >= -3761647 @ 70.6905
c bounds - >= -3761631 @ 70.9145
c bounds - >= -3761615 @ 71.1416
c bounds - >= -3761599 @ 71.3644
c bounds - >= -3761583 @ 71.5911
c bounds - >= -3761567 @ 71.8147
c bounds - >= -3761551 @ 72.0408
c bounds - >= -3761535 @ 72.2665
c bounds - >= -3761519 @ 72.4922
c bounds - >= -3761503 @ 72.7182
c bounds - >= -3761487 @ 72.9446
c bounds - >= -3761471 @ 73.1693
c bounds - >= -3761455 @ 73.3957
c bounds - >= -3761439 @ 73.6194
c bounds - >= -3761423 @ 73.8411
c bounds - >= -3761407 @ 74.0632
c bounds - >= -3761391 @ 74.2867
c bounds - >= -3761375 @ 74.5123
c bounds - >= -3761359 @ 74.7405
c bounds - >= -3761343 @ 74.9707
c bounds - >= -3761327 @ 75.1971
c bounds - >= -3761311 @ 75.4215
c bounds - >= -3761295 @ 75.6462
c bounds - >= -3761279 @ 75.8705
c bounds - >= -3761263 @ 76.097
c bounds - >= -3761247 @ 76.3233
c bounds - >= -3761231 @ 76.5534
c bounds - >= -3761215 @ 76.7809
c bounds - >= -3761199 @ 77.0072
c bounds - >= -3761183 @ 77.2301
c bounds - >= -3761167 @ 77.4574
c bounds - >= -3761151 @ 77.6803
c bounds - >= -3761135 @ 77.9039
c bounds - >= -3761119 @ 78.13
c bounds - >= -3761103 @ 78.3547
c bounds - >= -3761087 @ 78.5795
c bounds - >= -3761071 @ 78.808
c bounds - >= -3761055 @ 79.0343
c bounds - >= -3761039 @ 79.2592
c bounds - >= -3761023 @ 79.4876
c bounds - >= -3761007 @ 79.7136
c bounds - >= -3760991 @ 79.9412
c bounds - >= -3760975 @ 80.172
c bounds - >= -3760959 @ 80.4065
c bounds - >= -3760943 @ 80.6374
c bounds - >= -3760927 @ 80.868
c bounds - >= -3760911 @ 81.0984
c bounds - >= -3760895 @ 81.3272
c bounds - >= -3760879 @ 81.5544
c bounds - >= -3760863 @ 81.7818
c bounds - >= -3760847 @ 82.0116
c bounds - >= -3760831 @ 82.2382
c bounds - >= -3760815 @ 82.4693
c bounds - >= -3760799 @ 82.6992
c bounds - >= -3760783 @ 82.9274
c bounds - >= -3760767 @ 83.156
c bounds - >= -3760751 @ 83.3839
c bounds - >= -3760735 @ 83.6123
c bounds - >= -3760719 @ 83.8384
c bounds - >= -3760703 @ 84.0681
c bounds - >= -3760687 @ 84.2953
c bounds - >= -3760671 @ 84.52
c bounds - >= -3760655 @ 84.7461
c bounds - >= -3760639 @ 84.9724
c bounds - >= -3760623 @ 85.2014
c bounds - >= -3760607 @ 85.4271
c bounds - >= -3760591 @ 85.6544
c bounds - >= -3760575 @ 85.8814
c bounds - >= -3760559 @ 86.1077
c bounds - >= -3760543 @ 86.3314
c bounds - >= -3760527 @ 86.5542
c bounds - >= -3760511 @ 86.7794
c bounds - >= -3760495 @ 87.0033
c bounds - >= -3760479 @ 87.2301
c bounds - >= -3760463 @ 87.4621
c bounds - >= -3760447 @ 87.6895
c bounds - >= -3760431 @ 87.9162
c bounds - >= -3760415 @ 88.144
c bounds - >= -3760399 @ 88.3694
c bounds - >= -3760383 @ 88.5971
c bounds - >= -3760367 @ 88.825
c bounds - >= -3760351 @ 89.0533
c bounds - >= -3760335 @ 89.281
c bounds - >= -3760319 @ 89.5068
c bounds - >= -3760303 @ 89.7326
c bounds - >= -3760287 @ 89.9596
c bounds - >= -3760271 @ 90.1864
c bounds - >= -3760255 @ 90.4138
c bounds - >= -3760239 @ 90.6371
c bounds - >= -3760223 @ 90.8626
c bounds - >= -3760207 @ 91.0885
c bounds - >= -3760191 @ 91.3141
c bounds - >= -3760175 @ 91.5413
c bounds - >= -3760159 @ 91.7678
c bounds - >= -3760143 @ 91.9931
c bounds - >= -3760127 @ 92.22
c bounds - >= -3760111 @ 92.4448
c bounds - >= -3760095 @ 92.6687
c bounds - >= -3760079 @ 92.8916
c bounds - >= -3760063 @ 93.1163
c bounds - >= -3760047 @ 93.3421
c bounds - >= -3760031 @ 93.5663
c bounds - >= -3760015 @ 93.7928
c bounds - >= -3759999 @ 94.0199
c bounds - >= -3759983 @ 94.2451
c bounds - >= -3759967 @ 94.4686
c bounds - >= -3759951 @ 94.6926
c bounds - >= -3759935 @ 94.918
c bounds - >= -3759919 @ 95.1456
c bounds - >= -3759903 @ 95.3711
c bounds - >= -3759887 @ 95.5979
c bounds - >= -3759871 @ 95.8229
c bounds - >= -3759855 @ 96.0475
c bounds - >= -3759839 @ 96.2688
c bounds - >= -3759823 @ 96.4921
c bounds - >= -3759807 @ 96.7203
c bounds - >= -3759791 @ 96.9501
c bounds - >= -3759775 @ 97.1781
c bounds - >= -3759759 @ 97.4046
c bounds - >= -3759743 @ 97.6347
c bounds - >= -3759727 @ 97.864
c bounds - >= -3759711 @ 98.0926
c bounds - >= -3759695 @ 98.3199
c bounds - >= -3759679 @ 98.5462
c bounds - >= -3759663 @ 98.7721
c bounds - >= -3759647 @ 98.9959
c bounds - >= -3759631 @ 99.2185
c bounds - >= -3759615 @ 99.4412
c bounds - >= -3759599 @ 99.6664
c bounds - >= -3759583 @ 99.8913
c bounds - >= -3759567 @ 100.119
c bounds - >= -3759551 @ 100.349
c bounds - >= -3759535 @ 100.578
c bounds - >= -3759519 @ 100.807
c bounds - >= -3759503 @ 101.036
c bounds - >= -3759487 @ 101.262
c bounds - >= -3759471 @ 101.484
c bounds - >= -3759455 @ 101.712
c bounds - >= -3759439 @ 101.943
c bounds - >= -3759423 @ 102.171
c bounds - >= -3759407 @ 102.399
c bounds - >= -3759391 @ 102.627
c bounds - >= -3759375 @ 102.856
c bounds - >= -3759359 @ 103.083
c bounds - >= -3759343 @ 103.309
c bounds - >= -3759327 @ 103.535
c bounds - >= -3759311 @ 103.759
c bounds - >= -3759295 @ 103.987
c bounds - >= -3759279 @ 104.215
c bounds - >= -3759263 @ 104.444
c bounds - >= -3759247 @ 104.673
c bounds - >= -3759231 @ 104.897
c bounds - >= -3759215 @ 105.125
c bounds - >= -3759199 @ 105.351
c bounds - >= -3759183 @ 105.578
c bounds - >= -3759167 @ 105.806
c bounds - >= -3759151 @ 106.032
c bounds - >= -3759135 @ 106.257
c bounds - >= -3759119 @ 106.485
c bounds - >= -3759103 @ 106.712
c bounds - >= -3759087 @ 106.937
c bounds - >= -3759071 @ 107.16
c bounds - >= -3759055 @ 107.385
c bounds - >= -3759039 @ 107.612
c bounds - >= -3759023 @ 107.842
c bounds - >= -3759007 @ 108.068
c bounds - >= -3758991 @ 108.296
c bounds - >= -3758975 @ 108.522
c bounds - >= -3758959 @ 108.747
c bounds - >= -3758943 @ 108.975
c bounds - >= -3758927 @ 109.197
c bounds - >= -3758911 @ 109.419
c bounds - >= -3758895 @ 109.642
c bounds - >= -3758879 @ 109.867
c bounds - >= -3758863 @ 110.092
c bounds - >= -3758847 @ 110.316
c bounds - >= -3758831 @ 110.537
c bounds - >= -3758815 @ 110.758
c bounds - >= -3758799 @ 110.979
c bounds - >= -3758783 @ 111.202
c bounds - >= -3758767 @ 111.425
c bounds - >= -3758751 @ 111.648
c bounds - >= -3758735 @ 111.869
c bounds - >= -3758719 @ 112.09
c bounds - >= -3758703 @ 112.312
c bounds - >= -3758687 @ 112.546
c bounds - >= -3758671 @ 112.774
c bounds - >= -3758655 @ 113.002
c bounds - >= -3758639 @ 113.229
c bounds - >= -3758623 @ 113.454
c bounds - >= -3758607 @ 113.681
c bounds - >= -3758591 @ 113.907
c bounds - >= -3758575 @ 114.128
c bounds - >= -3758559 @ 114.353
c bounds - >= -3758543 @ 114.575
c bounds - >= -3758527 @ 114.801
c bounds - >= -3758511 @ 115.026
c bounds - >= -3758495 @ 115.248
c bounds - >= -3758479 @ 115.474
c bounds - >= -3758463 @ 115.697
c bounds - >= -3758447 @ 115.921
c bounds - >= -3758431 @ 116.144
c bounds - >= -3758415 @ 116.367
c bounds - >= -3758399 @ 116.591
c bounds - >= -3758383 @ 116.818
c bounds - >= -3758367 @ 117.043
c bounds - >= -3758351 @ 117.265
c bounds - >= -3758335 @ 117.489
c bounds - >= -3758319 @ 117.712
c bounds - >= -3758303 @ 117.934
c bounds - >= -3758287 @ 118.158
c bounds - >= -3758271 @ 118.385
c bounds - >= -3758255 @ 118.61
c bounds - >= -3758239 @ 118.835
c bounds - >= -3758223 @ 119.063
c bounds - >= -3758207 @ 119.291
c bounds - >= -3758191 @ 119.521
c bounds - >= -3758175 @ 119.747
c bounds - >= -3758159 @ 119.974
c bounds - >= -3758143 @ 120.202
c bounds - >= -3758127 @ 120.429
c bounds - >= -3758111 @ 120.656
c bounds - >= -3758095 @ 120.881
c bounds - >= -3758079 @ 121.104
c bounds - >= -3758063 @ 121.331
c bounds - >= -3758047 @ 121.562
c bounds - >= -3758031 @ 121.792
c bounds - >= -3758015 @ 122.017
c bounds - >= -3757999 @ 122.245
c bounds - >= -3757983 @ 122.47
c bounds - >= -3757967 @ 122.698
c bounds - >= -3757951 @ 122.924
c bounds - >= -3757935 @ 123.151
c bounds - >= -3757919 @ 123.378
c bounds - >= -3757903 @ 123.603
c bounds - >= -3757887 @ 123.828
c bounds - >= -3757871 @ 124.051
c bounds - >= -3757855 @ 124.276
c bounds - >= -3757839 @ 124.5
c bounds - >= -3757823 @ 124.725
c bounds - >= -3757807 @ 124.949
c bounds - >= -3757791 @ 125.176
c bounds - >= -3757775 @ 125.399
c bounds - >= -3757759 @ 125.622
c bounds - >= -3757743 @ 125.845
c bounds - >= -3757727 @ 126.065
c bounds - >= -3757711 @ 126.286
c bounds - >= -3757695 @ 126.511
c bounds - >= -3757679 @ 126.738
c bounds - >= -3757663 @ 126.96
c bounds - >= -3757647 @ 127.184
c bounds - >= -3757631 @ 127.409
c bounds - >= -3757615 @ 127.639
c bounds - >= -3757599 @ 127.866
c bounds - >= -3757583 @ 128.092
c bounds - >= -3757567 @ 128.318
c bounds - >= -3757551 @ 128.541
c bounds - >= -3757535 @ 128.761
c bounds - >= -3757519 @ 128.983
c bounds - >= -3757503 @ 129.204
c bounds - >= -3757487 @ 129.428
c bounds - >= -3757471 @ 129.651
c bounds - >= -3757455 @ 129.875
c bounds - >= -3757439 @ 130.1
c bounds - >= -3757423 @ 130.324
c bounds - >= -3757407 @ 130.549
c bounds - >= -3757391 @ 130.772
c bounds - >= -3757375 @ 130.998
c bounds - >= -3757359 @ 131.222
c bounds - >= -3757343 @ 131.447
c bounds - >= -3757327 @ 131.672
c bounds - >= -3757311 @ 131.901
c bounds - >= -3757295 @ 132.126
c bounds - >= -3757279 @ 132.353
c bounds - >= -3757263 @ 132.577
c bounds - >= -3757247 @ 132.804
c bounds - >= -3757231 @ 133.032
c bounds - >= -3757215 @ 133.261
c bounds - >= -3757199 @ 133.49
c bounds - >= -3757183 @ 133.714
c bounds - >= -3757167 @ 133.942
c bounds - >= -3757151 @ 134.17
c bounds - >= -3757135 @ 134.402
c bounds - >= -3757119 @ 134.628
c bounds - >= -3757103 @ 134.854
c bounds - >= -3757087 @ 135.08
c bounds - >= -3757071 @ 135.308
c bounds - >= -3757055 @ 135.535
c bounds - >= -3757039 @ 135.76
c bounds - >= -3757023 @ 135.987
c bounds - >= -3757007 @ 136.213
c bounds - >= -3756991 @ 136.439
c bounds - >= -3756975 @ 136.665
c bounds - >= -3756959 @ 136.892
c bounds - >= -3756943 @ 137.118
c bounds - >= -3756927 @ 137.341
c bounds - >= -3756911 @ 137.565
c bounds - >= -3756895 @ 137.791
c bounds - >= -3756879 @ 138.019
c bounds - >= -3756863 @ 138.243
c bounds - >= -3756847 @ 138.468
c bounds - >= -3756831 @ 138.693
c bounds - >= -3756815 @ 138.92
c bounds - >= -3756799 @ 139.145
c bounds - >= -3756783 @ 139.37
c bounds - >= -3756767 @ 139.593
c bounds - >= -3756751 @ 139.821
c bounds - >= -3756735 @ 140.046
c bounds - >= -3756719 @ 140.272
c bounds - >= -3756703 @ 140.5
c bounds - >= -3756687 @ 140.729
c bounds - >= -3756671 @ 140.954
c bounds - >= -3756655 @ 141.181
c bounds - >= -3756639 @ 141.41
c bounds - >= -3756623 @ 141.637
c bounds - >= -3756607 @ 141.863
c bounds - >= -3756591 @ 142.089
c bounds - >= -3756575 @ 142.318
c bounds - >= -3756559 @ 142.545
c bounds - >= -3756543 @ 142.78
c bounds - >= -3756527 @ 143.008
c bounds - >= -3756511 @ 143.235
c bounds - >= -3756495 @ 143.463
c bounds - >= -3756479 @ 143.69
c bounds - >= -3756463 @ 143.917
c bounds - >= -3756447 @ 144.142
c bounds - >= -3756431 @ 144.368
c bounds - >= -3756415 @ 144.592
c bounds - >= -3756399 @ 144.814
c bounds - >= -3756383 @ 145.043
c bounds - >= -3756367 @ 145.273
c bounds - >= -3756351 @ 145.503
c bounds - >= -3756335 @ 145.729
c bounds - >= -3756319 @ 145.957
c bounds - >= -3756303 @ 146.188
c bounds - >= -3756287 @ 146.414
c bounds - >= -3756271 @ 146.64
c bounds - >= -3756255 @ 146.863
c bounds - >= -3756239 @ 147.087
c bounds - >= -3756223 @ 147.316
c bounds - >= -3756207 @ 147.542
c bounds - >= -3756191 @ 147.763
c bounds - >= -3756175 @ 147.988
c bounds - >= -3756159 @ 148.212
c bounds - >= -3756143 @ 148.434
c bounds - >= -3756127 @ 148.656
c bounds - >= -3756111 @ 148.885
c bounds - >= -3756095 @ 149.116
c bounds - >= -3756079 @ 149.346
c bounds - >= -3756063 @ 149.575
c bounds - >= -3756047 @ 149.802
c bounds - >= -3756031 @ 150.036
c bounds - >= -3756015 @ 150.264
c bounds - >= -3755999 @ 150.49
c bounds - >= -3755983 @ 150.714
c bounds - >= -3755967 @ 150.939
c bounds - >= -3755951 @ 151.166
c bounds - >= -3755935 @ 151.398
c bounds - >= -3755919 @ 151.626
c bounds - >= -3755903 @ 151.856
c bounds - >= -3755887 @ 152.085
c bounds - >= -3755871 @ 152.315
c bounds - >= -3755855 @ 152.543
c bounds - >= -3755839 @ 152.768
c bounds - >= -3755823 @ 153.001
c bounds - >= -3755807 @ 153.229
c bounds - >= -3755791 @ 153.458
c bounds - >= -3755775 @ 153.687
c bounds - >= -3755759 @ 153.916
c bounds - >= -3755743 @ 154.147
c bounds - >= -3755727 @ 154.379
c bounds - >= -3755711 @ 154.607
c bounds - >= -3755695 @ 154.836
c bounds - >= -3755679 @ 155.067
c bounds - >= -3755663 @ 155.292
c bounds - >= -3755647 @ 155.515
c bounds - >= -3755631 @ 155.744
c bounds - >= -3755615 @ 155.969
c bounds - >= -3755599 @ 156.195
c bounds - >= -3755583 @ 156.423
c bounds - >= -3755567 @ 156.651
c bounds - >= -3755551 @ 156.878
c bounds - >= -3755535 @ 157.109
c bounds - >= -3755519 @ 157.341
c bounds - >= -3755503 @ 157.572
c bounds - >= -3755487 @ 157.803
c bounds - >= -3755471 @ 158.031
c bounds - >= -3755455 @ 158.262
c bounds - >= -3755439 @ 158.489
c bounds - >= -3755423 @ 158.714
c bounds - >= -3755407 @ 158.935
c bounds - >= -3755391 @ 159.161
c bounds - >= -3755375 @ 159.387
c bounds - >= -3755359 @ 159.615
c bounds - >= -3755343 @ 159.839
c bounds - >= -3755327 @ 160.061
c bounds - >= -3755311 @ 160.284
c bounds - >= -3755295 @ 160.508
c bounds - >= -3755279 @ 160.733
c bounds - >= -3755263 @ 160.962
c bounds - >= -3755247 @ 161.189
c bounds - >= -3755231 @ 161.414
c bounds - >= -3755215 @ 161.639
c bounds - >= -3755199 @ 161.862
c bounds - >= -3755183 @ 162.087
c bounds - >= -3755167 @ 162.313
c bounds - >= -3755151 @ 162.54
c bounds - >= -3755135 @ 162.769
c bounds - >= -3755119 @ 162.995
c bounds - >= -3755103 @ 163.222
c bounds - >= -3755087 @ 163.449
c bounds - >= -3755071 @ 163.678
c bounds - >= -3755055 @ 163.906
c bounds - >= -3755039 @ 164.133
c bounds - >= -3755023 @ 164.36
c bounds - >= -3755007 @ 164.587
c bounds - >= -3754991 @ 164.811
c bounds - >= -3754975 @ 165.04
c bounds - >= -3754959 @ 165.269
c bounds - >= -3754943 @ 165.496
c bounds - >= -3754927 @ 165.72
c bounds - >= -3754911 @ 165.946
c bounds - >= -3754895 @ 166.174
c bounds - >= -3754879 @ 166.402
c bounds - >= -3754863 @ 166.633
c bounds - >= -3754847 @ 166.859
c bounds - >= -3754831 @ 167.087
c bounds - >= -3754815 @ 167.315
c bounds - >= -3754799 @ 167.544
c bounds - >= -3754783 @ 167.771
c bounds - >= -3754767 @ 167.995
c bounds - >= -3754751 @ 168.222
c bounds - >= -3754735 @ 168.448
c bounds - >= -3754719 @ 168.675
c bounds - >= -3754703 @ 168.9
c bounds - >= -3754687 @ 169.125
c bounds - >= -3754671 @ 169.354
c bounds - >= -3754655 @ 169.582
c bounds - >= -3754639 @ 169.813
c bounds - >= -3754623 @ 170.041
c bounds - >= -3754607 @ 170.271
c bounds - >= -3754591 @ 170.502
c bounds - >= -3754575 @ 170.727
c bounds - >= -3754559 @ 170.953
c bounds - >= -3754543 @ 171.178
c bounds - >= -3754527 @ 171.401
c bounds - >= -3754511 @ 171.624
c bounds - >= -3754495 @ 171.848
c bounds - >= -3754479 @ 172.074
c bounds - >= -3754463 @ 172.298
c bounds - >= -3754447 @ 172.523
c bounds - >= -3754431 @ 172.748
c bounds - >= -3754415 @ 172.973
c bounds - >= -3754399 @ 173.198
c bounds - >= -3754383 @ 173.423
c bounds - >= -3754367 @ 173.658
c bounds - >= -3754351 @ 173.888
c bounds - >= -3754335 @ 174.118
c bounds - >= -3754319 @ 174.345
c bounds - >= -3754303 @ 174.573
c bounds - >= -3754287 @ 174.802
c bounds - >= -3754271 @ 175.026
c bounds - >= -3754255 @ 175.25
c bounds - >= -3754239 @ 175.474
c bounds - >= -3754223 @ 175.699
c bounds - >= -3754207 @ 175.925
c bounds - >= -3754191 @ 176.15
c bounds - >= -3754175 @ 176.377
c bounds - >= -3754159 @ 176.605
c bounds - >= -3754143 @ 176.835
c bounds - >= -3754127 @ 177.064
c bounds - >= -3754111 @ 177.289
c bounds - >= -3754095 @ 177.515
c bounds - >= -3754079 @ 177.74
c bounds - >= -3754063 @ 177.966
c bounds - >= -3754047 @ 178.191
c bounds - >= -3754031 @ 178.416
c bounds - >= -3754015 @ 178.642
c bounds - >= -3753999 @ 178.872
c bounds - >= -3753983 @ 179.102
c bounds - >= -3753967 @ 179.33
c bounds - >= -3753951 @ 179.56
c bounds - >= -3753935 @ 179.788
c bounds - >= -3753919 @ 180.016
c bounds - >= -3753903 @ 180.244
c bounds - >= -3753887 @ 180.471
c bounds - >= -3753871 @ 180.698
c bounds - >= -3753855 @ 180.922
c bounds - >= -3753839 @ 181.146
c bounds - >= -3753823 @ 181.37
c bounds - >= -3753807 @ 181.594
c bounds - >= -3753791 @ 181.821
c bounds - >= -3753775 @ 182.047
c bounds - >= -3753759 @ 182.273
c bounds - >= -3753743 @ 182.498
c bounds - >= -3753727 @ 182.723
c bounds - >= -3753711 @ 182.951
c bounds - >= -3753695 @ 183.179
c bounds - >= -3753679 @ 183.409
c bounds - >= -3753663 @ 183.632
c bounds - >= -3753647 @ 183.86
c bounds - >= -3753631 @ 184.086
c bounds - >= -3753615 @ 184.311
c bounds - >= -3753599 @ 184.537
c bounds - >= -3753583 @ 184.765
c bounds - >= -3753567 @ 184.994
c bounds - >= -3753551 @ 185.219
c bounds - >= -3753535 @ 185.448
c bounds - >= -3753519 @ 185.677
c bounds - >= -3753503 @ 185.903
c bounds - >= -3753487 @ 186.131
c bounds - >= -3753471 @ 186.359
c bounds - >= -3753455 @ 186.584
c bounds - >= -3753439 @ 186.81
c bounds - >= -3753423 @ 187.033
c bounds - >= -3753407 @ 187.257
c bounds - >= -3753391 @ 187.484
c bounds - >= -3753375 @ 187.713
c bounds - >= -3753359 @ 187.941
c bounds - >= -3753343 @ 188.168
c bounds - >= -3753327 @ 188.396
c bounds - >= -3753311 @ 188.626
c bounds - >= -3753295 @ 188.856
c bounds - >= -3753279 @ 189.081
c bounds - >= -3753263 @ 189.307
c bounds - >= -3753247 @ 189.533
c bounds - >= -3753231 @ 189.76
c bounds - >= -3753215 @ 189.989
c bounds - >= -3753199 @ 190.217
c bounds - >= -3753183 @ 190.444
c bounds - >= -3753167 @ 190.672
c bounds - >= -3753151 @ 190.899
c bounds - >= -3753135 @ 191.125
c bounds - >= -3753119 @ 191.354
c bounds - >= -3753103 @ 191.579
c bounds - >= -3753087 @ 191.805
c bounds - >= -3753071 @ 192.03
c bounds - >= -3753055 @ 192.256
c bounds - >= -3753039 @ 192.482
c bounds - >= -3753023 @ 192.711
c bounds - >= -3753007 @ 192.938
c bounds - >= -3752991 @ 193.167
c bounds - >= -3752975 @ 193.392
c bounds - >= -3752959 @ 193.616
c bounds - >= -3752943 @ 193.843
c bounds - >= -3752927 @ 194.069
c bounds - >= -3752911 @ 194.296
c bounds - >= -3752895 @ 194.522
c bounds - >= -3752879 @ 194.748
c bounds - >= -3752863 @ 194.973
c bounds - >= -3752847 @ 195.201
c bounds - >= -3752831 @ 195.425
c bounds - >= -3752815 @ 195.644
c bounds - >= -3752799 @ 195.868
c bounds - >= -3752783 @ 196.095
c bounds - >= -3752767 @ 196.323
c bounds - >= -3752751 @ 196.549
c bounds - >= -3752735 @ 196.775
c bounds - >= -3752719 @ 197.004
c bounds - >= -3752703 @ 197.232
c bounds - >= -3752687 @ 197.459
c bounds - >= -3752671 @ 197.685
c bounds - >= -3752655 @ 197.91
c bounds - >= -3752639 @ 198.134
c bounds - >= -3752623 @ 198.362
c bounds - >= -3752607 @ 198.586
c bounds - >= -3752591 @ 198.809
c bounds - >= -3752575 @ 199.038
c bounds - >= -3752559 @ 199.266
c bounds - >= -3752543 @ 199.495
c bounds - >= -3752527 @ 199.72
c bounds - >= -3752511 @ 199.947
c bounds - >= -3752495 @ 200.173
c bounds - >= -3752479 @ 200.4
c bounds - >= -3752463 @ 200.623
c bounds - >= -3752447 @ 200.847
c bounds - >= -3752431 @ 201.073
c bounds - >= -3752415 @ 201.296
c bounds - >= -3752399 @ 201.519
c bounds - >= -3752383 @ 201.749
c bounds - >= -3752367 @ 201.977
c bounds - >= -3752351 @ 202.208
c bounds - >= -3752335 @ 202.437
c bounds - >= -3752319 @ 202.665
c bounds - >= -3752303 @ 202.89
c bounds - >= -3752287 @ 203.118
c bounds - >= -3752271 @ 203.342
c bounds - >= -3752255 @ 203.57
c bounds - >= -3752239 @ 203.793
c bounds - >= -3752223 @ 204.019
c bounds - >= -3752207 @ 204.243
c bounds - >= -3752191 @ 204.466
c bounds - >= -3752175 @ 204.686
c bounds - >= -3752159 @ 204.909
c bounds - >= -3752143 @ 205.13
c bounds - >= -3752127 @ 205.349
c bounds - >= -3752111 @ 205.574
c bounds - >= -3752095 @ 205.796
c bounds - >= -3752079 @ 206.021
c bounds - >= -3752063 @ 206.244
c bounds - >= -3752047 @ 206.471
c bounds - >= -3752031 @ 206.697
c bounds - >= -3752015 @ 206.924
c bounds - >= -3751999 @ 207.154
c bounds - >= -3751983 @ 207.385
c bounds - >= -3751967 @ 207.61
c bounds - >= -3751951 @ 207.835
c bounds - >= -3751935 @ 208.061
c bounds - >= -3751919 @ 208.284
c bounds - >= -3751903 @ 208.508
c bounds - >= -3751887 @ 208.737
c bounds - >= -3751871 @ 208.968
c bounds - >= -3751855 @ 209.195
c bounds - >= -3751839 @ 209.426
c bounds - >= -3751823 @ 209.651
c bounds - >= -3751807 @ 209.878
c bounds - >= -3751791 @ 210.103
c bounds - >= -3751775 @ 210.326
c bounds - >= -3751759 @ 210.55
c bounds - >= -3751743 @ 210.776
c bounds - >= -3751727 @ 211.003
c bounds - >= -3751711 @ 211.231
c bounds - >= -3751695 @ 211.461
c bounds - >= -3751679 @ 211.689
c bounds - >= -3751663 @ 211.918
c bounds - >= -3751647 @ 212.139
c bounds - >= -3751631 @ 212.36
c bounds - >= -3751615 @ 212.579
c bounds - >= -3751599 @ 212.798
c bounds - >= -3751583 @ 213.016
c bounds - >= -3751567 @ 213.236
c bounds - >= -3751551 @ 213.46
c bounds - >= -3751535 @ 213.683
c bounds - >= -3751519 @ 213.905
c bounds - >= -3751503 @ 214.125
c bounds - >= -3751487 @ 214.346
c bounds - >= -3751471 @ 214.566
c bounds - >= -3751455 @ 214.784
c bounds - >= -3751439 @ 215.006
c bounds - >= -3751423 @ 215.227
c bounds - >= -3751407 @ 215.455
c bounds - >= -3751391 @ 215.681
c bounds - >= -3751375 @ 215.91
c bounds - >= -3751359 @ 216.137
c bounds - >= -3751343 @ 216.367
c bounds - >= -3751327 @ 216.593
c bounds - >= -3751311 @ 216.816
c bounds - >= -3751295 @ 217.038
c bounds - >= -3751279 @ 217.26
c bounds - >= -3751263 @ 217.481
c bounds - >= -3751247 @ 217.7
c bounds - >= -3751231 @ 217.925
c bounds - >= -3751215 @ 218.154
c bounds - >= -3751199 @ 218.379
c bounds - >= -3751183 @ 218.606
c bounds - >= -3751167 @ 218.828
c bounds - >= -3751151 @ 219.053
c bounds - >= -3751135 @ 219.281
c bounds - >= -3751119 @ 219.51
c bounds - >= -3751103 @ 219.738
c bounds - >= -3751087 @ 219.967
c bounds - >= -3751071 @ 220.197
c bounds - >= -3751055 @ 220.425
c bounds - >= -3751039 @ 220.654
c bounds - >= -3751023 @ 220.882
c bounds - >= -3751007 @ 221.103
c bounds - >= -3750991 @ 221.331
c bounds - >= -3750975 @ 221.56
c bounds - >= -3750959 @ 221.79
c bounds - >= -3750943 @ 222.014
c bounds - >= -3750927 @ 222.245
c bounds - >= -3750911 @ 222.473
c bounds - >= -3750895 @ 222.693
c bounds - >= -3750879 @ 222.919
c bounds - >= -3750863 @ 223.147
c bounds - >= -3750847 @ 223.377
c bounds - >= -3750831 @ 223.602
c bounds - >= -3750815 @ 223.83
c bounds - >= -3750799 @ 224.061
c bounds - >= -3750783 @ 224.288
c bounds - >= -3750767 @ 224.516
c bounds - >= -3750751 @ 224.742
c bounds - >= -3750735 @ 224.973
c bounds - >= -3750719 @ 225.202
c bounds - >= -3750703 @ 225.433
c bounds - >= -3750687 @ 225.664
c bounds - >= -3750671 @ 225.894
c bounds - >= -3750655 @ 226.122
c bounds - >= -3750639 @ 226.353
c bounds - >= -3750623 @ 226.584
c bounds - >= -3750607 @ 226.813
c bounds - >= -3750591 @ 227.04
c bounds - >= -3750575 @ 227.266
c bounds - >= -3750559 @ 227.49
c bounds - >= -3750543 @ 227.717
c bounds - >= -3750527 @ 227.942
c bounds - >= -3750511 @ 228.171
c bounds - >= -3750495 @ 228.4
c bounds - >= -3750479 @ 228.628
c bounds - >= -3750463 @ 228.857
c bounds - >= -3750447 @ 229.088
c bounds - >= -3750431 @ 229.316
c bounds - >= -3750415 @ 229.549
c bounds - >= -3750399 @ 229.772
c bounds - >= -3750383 @ 230.001
c bounds - >= -3750367 @ 230.233
c bounds - >= -3750351 @ 230.458
c bounds - >= -3750335 @ 230.681
c bounds - >= -3750319 @ 230.906
c bounds - >= -3750303 @ 231.129
c bounds - >= -3750287 @ 231.356
c bounds - >= -3750271 @ 231.583
c bounds - >= -3750255 @ 231.806
c bounds - >= -3750239 @ 232.034
c bounds - >= -3750223 @ 232.261
c bounds - >= -3750207 @ 232.486
c bounds - >= -3750191 @ 232.714
c bounds - >= -3750175 @ 232.942
c bounds - >= -3750159 @ 233.173
c bounds - >= -3750143 @ 233.405
c bounds - >= -3750127 @ 233.634
c bounds - >= -3750111 @ 233.86
c bounds - >= -3750095 @ 234.088
c bounds - >= -3750079 @ 234.315
c bounds - >= -3750063 @ 234.542
c bounds - >= -3750047 @ 234.771
c bounds - >= -3750031 @ 235.001
c bounds - >= -3750015 @ 235.236
c bounds - >= -3749999 @ 235.47
c bounds - >= -3749983 @ 235.702
c bounds - >= -3749967 @ 235.931
c bounds - >= -3749951 @ 236.167
c bounds - >= -3749935 @ 236.401
c bounds - >= -3749919 @ 236.632
c bounds - >= -3749903 @ 236.86
c bounds - >= -3749887 @ 237.085
c bounds - >= -3749871 @ 237.313
c bounds - >= -3749855 @ 237.542
c bounds - >= -3749839 @ 237.774
c bounds - >= -3749823 @ 238
c bounds - >= -3749807 @ 238.229
c bounds - >= -3749791 @ 238.461
c bounds - >= -3749775 @ 238.697
c bounds - >= -3749759 @ 238.931
c bounds - >= -3749743 @ 239.163
c bounds - >= -3749727 @ 239.393
c bounds - >= -3749711 @ 239.618
c bounds - >= -3749695 @ 239.844
c bounds - >= -3749679 @ 240.073
c bounds - >= -3749663 @ 240.297
c bounds - >= -3749647 @ 240.519
c bounds - >= -3749631 @ 240.744
c bounds - >= -3749615 @ 240.969
c bounds - >= -3749599 @ 241.194
c bounds - >= -3749583 @ 241.422
c bounds - >= -3749567 @ 241.652
c bounds - >= -3749551 @ 241.881
c bounds - >= -3749535 @ 242.108
c bounds - >= -3749519 @ 242.337
c bounds - >= -3749503 @ 242.561
c bounds - >= -3749487 @ 242.794
c bounds - >= -3749471 @ 243.022
c bounds - >= -3749455 @ 243.243
c bounds - >= -3749439 @ 243.469
c bounds - >= -3749423 @ 243.692
c bounds - >= -3749407 @ 243.916
c bounds - >= -3749391 @ 244.139
c bounds - >= -3749375 @ 244.368
c bounds - >= -3749359 @ 244.594
c bounds - >= -3749343 @ 244.819
c bounds - >= -3749327 @ 245.041
c bounds - >= -3749311 @ 245.265
c bounds - >= -3749295 @ 245.487
c bounds - >= -3749279 @ 245.71
c bounds - >= -3749263 @ 245.928
c bounds - >= -3749247 @ 246.146
c bounds - >= -3749231 @ 246.364
c bounds - >= -3749215 @ 246.583
c bounds - >= -3749199 @ 246.806
c bounds - >= -3749183 @ 247.026
c bounds - >= -3749167 @ 247.251
c bounds - >= -3749151 @ 247.475
c bounds - >= -3749135 @ 247.706
c bounds - >= -3749119 @ 247.93
c bounds - >= -3749103 @ 248.159
c bounds - >= -3749087 @ 248.383
c bounds - >= -3749071 @ 248.612
c bounds - >= -3749055 @ 248.834
c bounds - >= -3749039 @ 249.056
c bounds - >= -3749023 @ 249.275
c bounds - >= -3749007 @ 249.496
c bounds - >= -3748991 @ 249.715
c bounds - >= -3748975 @ 249.937
c bounds - >= -3748959 @ 250.16
c bounds - >= -3748943 @ 250.383
c bounds - >= -3748927 @ 250.602
c bounds - >= -3748911 @ 250.826
c bounds - >= -3748895 @ 251.047
c bounds - >= -3748879 @ 251.27
c bounds - >= -3748863 @ 251.497
c bounds - >= -3748847 @ 251.717
c bounds - >= -3748831 @ 251.94
c bounds - >= -3748815 @ 252.169
c bounds - >= -3748799 @ 252.398
c bounds - >= -3748783 @ 252.625
c bounds - >= -3748767 @ 252.852
c bounds - >= -3748751 @ 253.079
c bounds - >= -3748735 @ 253.303
c bounds - >= -3748719 @ 253.532
c bounds - >= -3748703 @ 253.76
c bounds - >= -3748687 @ 253.987
c bounds - >= -3748671 @ 254.212
c bounds - >= -3748655 @ 254.439
c bounds - >= -3748639 @ 254.667
c bounds - >= -3748623 @ 254.891
c bounds - >= -3748607 @ 255.115
c bounds - >= -3748591 @ 255.341
c bounds - >= -3748575 @ 255.569
c bounds - >= -3748559 @ 255.798
c bounds - >= -3748543 @ 256.029
c bounds - >= -3748527 @ 256.257
c bounds - >= -3748511 @ 256.483
c bounds - >= -3748495 @ 256.713
c bounds - >= -3748479 @ 256.941
c bounds - >= -3748463 @ 257.167
c bounds - >= -3748447 @ 257.395
c bounds - >= -3748431 @ 257.623
c bounds - >= -3748415 @ 257.853
c bounds - >= -3748399 @ 258.082
c bounds - >= -3748383 @ 258.308
c bounds - >= -3748367 @ 258.53
c bounds - >= -3748351 @ 258.755
c bounds - >= -3748335 @ 258.975
c bounds - >= -3748319 @ 259.199
c bounds - >= -3748303 @ 259.424
c bounds - >= -3748287 @ 259.65
c bounds - >= -3748271 @ 259.872
c bounds - >= -3748255 @ 260.09
c bounds - >= -3748239 @ 260.31
c bounds - >= -3748223 @ 260.531
c bounds - >= -3748207 @ 260.753
c bounds - >= -3748191 @ 260.978
c bounds - >= -3748175 @ 261.205
c bounds - >= -3748159 @ 261.431
c bounds - >= -3748143 @ 261.658
c bounds - >= -3748127 @ 261.887
c bounds - >= -3748111 @ 262.119
c bounds - >= -3748095 @ 262.347
c bounds - >= -3748079 @ 262.576
c bounds - >= -3748063 @ 262.805
c bounds - >= -3748047 @ 263.034
c bounds - >= -3748031 @ 263.261
c bounds - >= -3748015 @ 263.49
c bounds - >= -3747999 @ 263.717
c bounds - >= -3747983 @ 263.944
c bounds - >= -3747967 @ 264.174
c bounds - >= -3747951 @ 264.399
c bounds - >= -3747935 @ 264.632
c bounds - >= -3747919 @ 264.859
c bounds - >= -3747903 @ 265.088
c bounds - >= -3747887 @ 265.316
c bounds - >= -3747871 @ 265.544
c bounds - >= -3747855 @ 265.773
c bounds - >= -3747839 @ 266.005
c bounds - >= -3747823 @ 266.235
c bounds - >= -3747807 @ 266.466
c bounds - >= -3747791 @ 266.696
c bounds - >= -3747775 @ 266.924
c bounds - >= -3747759 @ 267.151
c bounds - >= -3747743 @ 267.383
c bounds - >= -3747727 @ 267.615
c bounds - >= -3747711 @ 267.844
c bounds - >= -3747695 @ 268.07
c bounds - >= -3747679 @ 268.289
c bounds - >= -3747663 @ 268.509
c bounds - >= -3747647 @ 268.736
c bounds - >= -3747631 @ 268.959
c bounds - >= -3747615 @ 269.185
c bounds - >= -3747599 @ 269.408
c bounds - >= -3747583 @ 269.627
c bounds - >= -3747567 @ 269.848
c bounds - >= -3747551 @ 270.07
c bounds - >= -3747535 @ 270.294
c bounds - >= -3747519 @ 270.521
c bounds - >= -3747503 @ 270.751
c bounds - >= -3747487 @ 270.978
c bounds - >= -3747471 @ 271.207
c bounds - >= -3747455 @ 271.437
c bounds - >= -3747439 @ 271.664
c bounds - >= -3747423 @ 271.891
c bounds - >= -3747407 @ 272.119
c bounds - >= -3747391 @ 272.349
c bounds - >= -3747375 @ 272.582
c bounds - >= -3747359 @ 272.813
c bounds - >= -3747343 @ 273.046
c bounds - >= -3747327 @ 273.276
c bounds - >= -3747311 @ 273.506
c bounds - >= -3747295 @ 273.733
c bounds - >= -3747279 @ 273.954
c bounds - >= -3747263 @ 274.174
c bounds - >= -3747247 @ 274.391
c bounds - >= -3747231 @ 274.611
c bounds - >= -3747215 @ 274.827
c bounds - >= -3747199 @ 275.047
c bounds - >= -3747183 @ 275.273
c bounds - >= -3747167 @ 275.494
c bounds - >= -3747151 @ 275.722
c bounds - >= -3747135 @ 275.949
c bounds - >= -3747119 @ 276.175
c bounds - >= -3747103 @ 276.407
c bounds - >= -3747087 @ 276.63
c bounds - >= -3747071 @ 276.851
c bounds - >= -3747055 @ 277.077
c bounds - >= -3747039 @ 277.301
c bounds - >= -3747023 @ 277.528
c bounds - >= -3747007 @ 277.758
c bounds - >= -3746991 @ 277.985
c bounds - >= -3746975 @ 278.213
c bounds - >= -3746959 @ 278.442
c bounds - >= -3746943 @ 278.669
c bounds - >= -3746927 @ 278.898
c bounds - >= -3746911 @ 279.127
c bounds - >= -3746895 @ 279.358
c bounds - >= -3746879 @ 279.592
c bounds - >= -3746863 @ 279.816
c bounds - >= -3746847 @ 280.035
c bounds - >= -3746831 @ 280.262
c bounds - >= -3746815 @ 280.49
c bounds - >= -3746799 @ 280.715
c bounds - >= -3746783 @ 280.942
c bounds - >= -3746767 @ 281.17
c bounds - >= -3746751 @ 281.403
c bounds - >= -3746735 @ 281.634
c bounds - >= -3746719 @ 281.861
c bounds - >= -3746703 @ 282.086
c bounds - >= -3746687 @ 282.312
c bounds - >= -3746671 @ 282.539
c bounds - >= -3746655 @ 282.766
c bounds - >= -3746639 @ 282.999
c bounds - >= -3746623 @ 283.234
c bounds - >= -3746607 @ 283.464
c bounds - >= -3746591 @ 283.693
c bounds - >= -3746575 @ 283.919
c bounds - >= -3746559 @ 284.149
c bounds - >= -3746543 @ 284.375
c bounds - >= -3746527 @ 284.601
c bounds - >= -3746511 @ 284.829
c bounds - >= -3746495 @ 285.057
c bounds - >= -3746479 @ 285.285
c bounds - >= -3746463 @ 285.515
c bounds - >= -3746447 @ 285.742
c bounds - >= -3746431 @ 285.972
c bounds - >= -3746415 @ 286.201
c bounds - >= -3746399 @ 286.432
c bounds - >= -3746383 @ 286.66
c bounds - >= -3746367 @ 286.886
c bounds - >= -3746351 @ 287.111
c bounds - >= -3746335 @ 287.342
c bounds - >= -3746319 @ 287.568
c bounds - >= -3746303 @ 287.793
c bounds - >= -3746287 @ 288.021
c bounds - >= -3746271 @ 288.25
c bounds - >= -3746255 @ 288.475
c bounds - >= -3746239 @ 288.701
c bounds - >= -3746223 @ 288.928
c bounds - >= -3746207 @ 289.153
c bounds - >= -3746191 @ 289.383
c bounds - >= -3746175 @ 289.61
c bounds - >= -3746159 @ 289.837
c bounds - >= -3746143 @ 290.065
c bounds - >= -3746127 @ 290.295
c bounds - >= -3746111 @ 290.521
c bounds - >= -3746095 @ 290.747
c bounds - >= -3746079 @ 290.967
c bounds - >= -3746063 @ 291.184
c bounds - >= -3746047 @ 291.407
c bounds - >= -3746031 @ 291.632
c bounds - >= -3746015 @ 291.855
c bounds - >= -3745999 @ 292.083
c bounds - >= -3745983 @ 292.312
c bounds - >= -3745967 @ 292.54
c bounds - >= -3745951 @ 292.769
c bounds - >= -3745935 @ 292.999
c bounds - >= -3745919 @ 293.228
c bounds - >= -3745903 @ 293.451
c bounds - >= -3745887 @ 293.678
c bounds - >= -3745871 @ 293.906
c bounds - >= -3745855 @ 294.131
c bounds - >= -3745839 @ 294.365
c bounds - >= -3745823 @ 294.595
c bounds - >= -3745807 @ 294.827
c bounds - >= -3745791 @ 295.059
c bounds - >= -3745775 @ 295.289
c bounds - >= -3745759 @ 295.517
c bounds - >= -3745743 @ 295.743
c bounds - >= -3745727 @ 295.97
c bounds - >= -3745711 @ 296.196
c bounds - >= -3745695 @ 296.425
c bounds - >= -3745679 @ 296.652
c bounds - >= -3745663 @ 296.879
c bounds - >= -3745647 @ 297.107
c bounds - >= -3745631 @ 297.339
c bounds - >= -3745615 @ 297.568
c bounds - >= -3745599 @ 297.796
c bounds - >= -3745583 @ 298.027
c bounds - >= -3745567 @ 298.253
c bounds - >= -3745551 @ 298.482
c bounds - >= -3745535 @ 298.712
c bounds - >= -3745519 @ 298.94
c bounds - >= -3745503 @ 299.167
c bounds - >= -3745487 @ 299.397
c bounds - >= -3745471 @ 299.619
c bounds - >= -3745455 @ 299.838
c bounds - >= -3745439 @ 300.058
c bounds - >= -3745423 @ 300.273
c bounds - >= -3745407 @ 300.493
c bounds - >= -3745391 @ 300.713
c bounds - >= -3745375 @ 300.938
c bounds - >= -3745359 @ 301.167
c bounds - >= -3745343 @ 301.399
c bounds - >= -3745327 @ 301.629
c bounds - >= -3745311 @ 301.859
c bounds - >= -3745295 @ 302.087
c bounds - >= -3745279 @ 302.312
c bounds - >= -3745263 @ 302.54
c bounds - >= -3745247 @ 302.766
c bounds - >= -3745231 @ 302.996
c bounds - >= -3745215 @ 303.224
c bounds - >= -3745199 @ 303.453
c bounds - >= -3745183 @ 303.683
c bounds - >= -3745167 @ 303.914
c bounds - >= -3745151 @ 304.141
c bounds - >= -3745135 @ 304.371
c bounds - >= -3745119 @ 304.602
c bounds - >= -3745103 @ 304.833
c bounds - >= -3745087 @ 305.062
c bounds - >= -3745071 @ 305.292
c bounds - >= -3745055 @ 305.521
c bounds - >= -3745039 @ 305.746
c bounds - >= -3745023 @ 305.974
c bounds - >= -3745007 @ 306.204
c bounds - >= -3744991 @ 306.435
c bounds - >= -3744975 @ 306.667
c bounds - >= -3744959 @ 306.896
c bounds - >= -3744943 @ 307.123
c bounds - >= -3744927 @ 307.352
c bounds - >= -3744911 @ 307.582
c bounds - >= -3744895 @ 307.81
c bounds - >= -3744879 @ 308.038
c bounds - >= -3744863 @ 308.269
c bounds - >= -3744847 @ 308.501
c bounds - >= -3744831 @ 308.726
c bounds - >= -3744815 @ 308.953
c bounds - >= -3744799 @ 309.179
c bounds - >= -3744783 @ 309.409
c bounds - >= -3744767 @ 309.64
c bounds - >= -3744751 @ 309.867
c bounds - >= -3744735 @ 310.093
c bounds - >= -3744719 @ 310.319
c bounds - >= -3744703 @ 310.548
c bounds - >= -3744687 @ 310.775
c bounds - >= -3744671 @ 311.006
c bounds - >= -3744655 @ 311.237
c bounds - >= -3744639 @ 311.468
c bounds - >= -3744623 @ 311.696
c bounds - >= -3744607 @ 311.925
c bounds - >= -3744591 @ 312.149
c bounds - >= -3744575 @ 312.376
c bounds - >= -3744559 @ 312.601
c bounds - >= -3744543 @ 312.829
c bounds - >= -3744527 @ 313.054
c bounds - >= -3744511 @ 313.28
c bounds - >= -3744495 @ 313.507
c bounds - >= -3744479 @ 313.733
c bounds - >= -3744463 @ 313.963
c bounds - >= -3744447 @ 314.187
c bounds - >= -3744431 @ 314.411
c bounds - >= -3744415 @ 314.646
c bounds - >= -3744399 @ 314.871
c bounds - >= -3744383 @ 315.096
c bounds - >= -3744367 @ 315.326
c bounds - >= -3744351 @ 315.555
c bounds - >= -3744335 @ 315.784
c bounds - >= -3744319 @ 316.019
c bounds - >= -3744303 @ 316.248
c bounds - >= -3744287 @ 316.476
c bounds - >= -3744271 @ 316.703
c bounds - >= -3744255 @ 316.932
c bounds - >= -3744239 @ 317.164
c bounds - >= -3744223 @ 317.394
c bounds - >= -3744207 @ 317.625
c bounds - >= -3744191 @ 317.857
c bounds - >= -3744175 @ 318.089
c bounds - >= -3744159 @ 318.316
c bounds - >= -3744143 @ 318.548
c bounds - >= -3744127 @ 318.78
c bounds - >= -3744111 @ 319.013
c bounds - >= -3744095 @ 319.242
c bounds - >= -3744079 @ 319.471
c bounds - >= -3744063 @ 319.706
c bounds - >= -3744047 @ 319.935
c bounds - >= -3744031 @ 320.17
c bounds - >= -3744015 @ 320.4
c bounds - >= -3743999 @ 320.632
c bounds - >= -3743983 @ 320.857
c bounds - >= -3743967 @ 321.081
c bounds - >= -3743951 @ 321.309
c bounds - >= -3743935 @ 321.537
c bounds - >= -3743919 @ 321.767
c bounds - >= -3743903 @ 321.998
c bounds - >= -3743887 @ 322.229
c bounds - >= -3743871 @ 322.461
c bounds - >= -3743855 @ 322.694
c bounds - >= -3743839 @ 322.922
c bounds - >= -3743823 @ 323.151
c bounds - >= -3743807 @ 323.38
c bounds - >= -3743791 @ 323.606
c bounds - >= -3743775 @ 323.836
c bounds - >= -3743759 @ 324.064
c bounds - >= -3743743 @ 324.291
c bounds - >= -3743727 @ 324.523
c bounds - >= -3743711 @ 324.753
c bounds - >= -3743695 @ 324.98
c bounds - >= -3743679 @ 325.212
c bounds - >= -3743663 @ 325.443
c bounds - >= -3743647 @ 325.673
c bounds - >= -3743631 @ 325.907
c bounds - >= -3743615 @ 326.135
c bounds - >= -3743599 @ 326.363
c bounds - >= -3743583 @ 326.591
c bounds - >= -3743567 @ 326.815
c bounds - >= -3743551 @ 327.042
c bounds - >= -3743535 @ 327.267
c bounds - >= -3743519 @ 327.491
c bounds - >= -3743503 @ 327.714
c bounds - >= -3743487 @ 327.939
c bounds - >= -3743471 @ 328.165
c bounds - >= -3743455 @ 328.395
c bounds - >= -3743439 @ 328.625
c bounds - >= -3743423 @ 328.857
c bounds - >= -3743407 @ 329.093
c bounds - >= -3743391 @ 329.326
c bounds - >= -3743375 @ 329.556
c bounds - >= -3743359 @ 329.787
c bounds - >= -3743343 @ 330.014
c bounds - >= -3743327 @ 330.244
c bounds - >= -3743311 @ 330.477
c bounds - >= -3743295 @ 330.704
c bounds - >= -3743279 @ 330.933
c bounds - >= -3743263 @ 331.16
c bounds - >= -3743247 @ 331.392
c bounds - >= -3743231 @ 331.621
c bounds - >= -3743215 @ 331.852
c bounds - >= -3743199 @ 332.08
c bounds - >= -3743183 @ 332.313
c bounds - >= -3743167 @ 332.542
c bounds - >= -3743151 @ 332.77
c bounds - >= -3743135 @ 332.997
c bounds - >= -3743119 @ 333.229
c bounds - >= -3743103 @ 333.457
c bounds - >= -3743087 @ 333.684
c bounds - >= -3743071 @ 333.91
c bounds - >= -3743055 @ 334.142
c bounds - >= -3743039 @ 334.375
c bounds - >= -3743023 @ 334.603
c bounds - >= -3743007 @ 334.829
c bounds - >= -3742991 @ 335.053
c bounds - >= -3742975 @ 335.282
c bounds - >= -3742959 @ 335.509
c bounds - >= -3742943 @ 335.734
c bounds - >= -3742927 @ 335.963
c bounds - >= -3742911 @ 336.193
c bounds - >= -3742895 @ 336.424
c bounds - >= -3742879 @ 336.652
c bounds - >= -3742863 @ 336.883
c bounds - >= -3742847 @ 337.116
c bounds - >= -3742831 @ 337.345
c bounds - >= -3742815 @ 337.574
c bounds - >= -3742799 @ 337.801
c bounds - >= -3742783 @ 338.028
c bounds - >= -3742767 @ 338.256
c bounds - >= -3742751 @ 338.484
c bounds - >= -3742735 @ 338.71
c bounds - >= -3742719 @ 338.941
c bounds - >= -3742703 @ 339.169
c bounds - >= -3742687 @ 339.397
c bounds - >= -3742671 @ 339.624
c bounds - >= -3742655 @ 339.851
c bounds - >= -3742639 @ 340.076
c bounds - >= -3742623 @ 340.301
c bounds - >= -3742607 @ 340.529
c bounds - >= -3742591 @ 340.76
c bounds - >= -3742575 @ 340.993
c bounds - >= -3742559 @ 341.222
c bounds - >= -3742543 @ 341.447
c bounds - >= -3742527 @ 341.677
c bounds - >= -3742511 @ 341.906
c bounds - >= -3742495 @ 342.135
c bounds - >= -3742479 @ 342.364
c bounds - >= -3742463 @ 342.594
c bounds - >= -3742447 @ 342.821
c bounds - >= -3742431 @ 343.048
c bounds - >= -3742415 @ 343.276
c bounds - >= -3742399 @ 343.506
c bounds - >= -3742383 @ 343.741
c bounds - >= -3742367 @ 343.969
c bounds - >= -3742351 @ 344.202
c bounds - >= -3742335 @ 344.431
c bounds - >= -3742319 @ 344.662
c bounds - >= -3742303 @ 344.889
c bounds - >= -3742287 @ 345.114
c bounds - >= -3742271 @ 345.344
c bounds - >= -3742255 @ 345.572
c bounds - >= -3742239 @ 345.799
c bounds - >= -3742223 @ 346.028
c bounds - >= -3742207 @ 346.258
c bounds - >= -3742191 @ 346.487
c bounds - >= -3742175 @ 346.716
c bounds - >= -3742159 @ 346.947
c bounds - >= -3742143 @ 347.179
c bounds - >= -3742127 @ 347.404
c bounds - >= -3742111 @ 347.631
c bounds - >= -3742095 @ 347.858
c bounds - >= -3742079 @ 348.089
c bounds - >= -3742063 @ 348.322
c bounds - >= -3742047 @ 348.553
c bounds - >= -3742031 @ 348.783
c bounds - >= -3742015 @ 349.014
c bounds - >= -3741999 @ 349.243
c bounds - >= -3741983 @ 349.471
c bounds - >= -3741967 @ 349.701
c bounds - >= -3741951 @ 349.927
c bounds - >= -3741935 @ 350.156
c bounds - >= -3741919 @ 350.386
c bounds - >= -3741903 @ 350.611
c bounds - >= -3741887 @ 350.831
c bounds - >= -3741871 @ 351.052
c bounds - >= -3741855 @ 351.274
c bounds - >= -3741839 @ 351.501
c bounds - >= -3741823 @ 351.732
c bounds - >= -3741807 @ 351.961
c bounds - >= -3741791 @ 352.19
c bounds - >=terminate called after throwing an instance of 'rs::OutOfMemoryException'
