c RoundingSat 2
c branch 
c commit 
c #variables 1700 #constraints 2500
c bounds - >= -3500 @ 0.009265
c bounds 0 >= -3500 @ 0.010905
c bounds 0 >= -3484 @ 0.01131
c bounds 0 >= -3468 @ 0.011456
c bounds 0 >= -3452 @ 0.011595
c bounds 0 >= -3436 @ 0.011736
c bounds 0 >= -3420 @ 0.011874
c bounds 0 >= -3404 @ 0.012008
c bounds 0 >= -3388 @ 0.012155
c bounds 0 >= -3372 @ 0.012289
c bounds 0 >= -3356 @ 0.012427
c bounds 0 >= -3340 @ 0.012561
c bounds 0 >= -3324 @ 0.012693
c bounds 0 >= -3308 @ 0.012827
c bounds 0 >= -3292 @ 0.012962
c bounds 0 >= -3276 @ 0.013095
c bounds 0 >= -3260 @ 0.013229
c bounds 0 >= -3244 @ 0.013358
c bounds 0 >= -3228 @ 0.013494
c bounds 0 >= -3212 @ 0.013625
c bounds 0 >= -3196 @ 0.013756
c bounds 0 >= -3180 @ 0.013887
c bounds 0 >= -3164 @ 0.014006
c bounds 0 >= -3148 @ 0.01414
c bounds 0 >= -3132 @ 0.014269
c bounds 0 >= -3116 @ 0.014397
c bounds 0 >= -3100 @ 0.01453
c bounds 0 >= -3084 @ 0.01466
c bounds 0 >= -3068 @ 0.014791
c bounds 0 >= -3052 @ 0.014925
c bounds 0 >= -3036 @ 0.015056
c bounds -4 >= -3036 @ 0.016897
c bounds -4 >= -3020 @ 0.016897
c bounds -4 >= -3004 @ 0.016897
c bounds -4 >= -2988 @ 0.016897
c bounds -4 >= -2972 @ 0.016897
c bounds -4 >= -2956 @ 0.017003
c bounds -4 >= -2940 @ 0.017137
c bounds -4 >= -2924 @ 0.01727
c bounds -4 >= -2908 @ 0.017404
c bounds -4 >= -2892 @ 0.017535
c bounds -4 >= -2876 @ 0.017667
c bounds -4 >= -2860 @ 0.017798
c bounds -4 >= -2844 @ 0.017831
c bounds -4 >= -2828 @ 0.017831
c bounds -4 >= -2812 @ 0.017831
c bounds -4 >= -2796 @ 0.017831
c bounds -4 >= -2780 @ 0.017831
c bounds -4 >= -2764 @ 0.017831
c bounds -4 >= -2748 @ 0.017831
c bounds -4 >= -2732 @ 0.01786
c bounds -4 >= -2716 @ 0.017976
c bounds -4 >= -2700 @ 0.018106
c bounds -4 >= -2684 @ 0.018234
c bounds -4 >= -2668 @ 0.018362
c bounds -4 >= -2652 @ 0.018491
c bounds -4 >= -2636 @ 0.018619
c bounds -4 >= -2620 @ 0.018748
c bounds -4 >= -2604 @ 0.01888
c bounds -4 >= -2588 @ 0.019
c bounds -4 >= -2572 @ 0.01913
c bounds -4 >= -2556 @ 0.019256
c bounds -4 >= -2540 @ 0.019384
c bounds -4 >= -2524 @ 0.019511
c bounds -4 >= -2508 @ 0.019636
c bounds -4 >= -2492 @ 0.019766
c bounds -4 >= -2476 @ 0.019893
c bounds -4 >= -2460 @ 0.020018
c bounds -4 >= -2444 @ 0.020148
c bounds -4 >= -2428 @ 0.020278
c bounds -8 >= -2428 @ 0.021837
c bounds -8 >= -2412 @ 0.021988
c bounds -8 >= -2396 @ 0.022126
c bounds -8 >= -2380 @ 0.022263
c bounds -8 >= -2364 @ 0.022394
c bounds -8 >= -2348 @ 0.022524
c bounds -8 >= -2332 @ 0.022671
c bounds -8 >= -2316 @ 0.022807
c bounds -8 >= -2300 @ 0.022946
c bounds -8 >= -2284 @ 0.023078
c bounds -8 >= -2268 @ 0.023221
c bounds -8 >= -2252 @ 0.023359
c bounds -8 >= -2236 @ 0.0235
c bounds -8 >= -2220 @ 0.023633
c bounds -8 >= -2204 @ 0.023767
c bounds -8 >= -2188 @ 0.023898
c bounds -8 >= -2172 @ 0.024028
c bounds -8 >= -2156 @ 0.024154
c bounds -8 >= -2140 @ 0.02428
c bounds -8 >= -2124 @ 0.024411
c bounds -8 >= -2108 @ 0.024538
c bounds -8 >= -2092 @ 0.024665
c bounds -8 >= -2076 @ 0.024792
c bounds -8 >= -2060 @ 0.024919
c bounds -8 >= -2044 @ 0.025045
c bounds -8 >= -2028 @ 0.025172
c bounds -8 >= -2012 @ 0.025297
c bounds -8 >= -1996 @ 0.025421
c bounds -8 >= -1980 @ 0.025545
c bounds -8 >= -1964 @ 0.025673
c bounds -8 >= -1948 @ 0.025795
c bounds -8 >= -1932 @ 0.025923
c bounds -8 >= -1916 @ 0.026048
c bounds -8 >= -1900 @ 0.026174
c bounds -187 >= -1900 @ 0.029837
c bounds -191 >= -1900 @ 0.031912
c bounds -195 >= -1900 @ 0.033211
c bounds -199 >= -1900 @ 0.034456
c bounds -203 >= -1900 @ 0.036633
c bounds -207 >= -1900 @ 0.038704
c bounds -310 >= -1900 @ 0.046184
c bounds -312 >= -1900 @ 0.047773
c bounds -313 >= -1900 @ 0.049467
c bounds -315 >= -1900 @ 0.050762
c bounds -316 >= -1900 @ 0.051759
c bounds -320 >= -1900 @ 0.052919
c bounds -322 >= -1900 @ 0.054908
c bounds -323 >= -1900 @ 0.056132
c bounds -325 >= -1900 @ 0.058201
c bounds -326 >= -1900 @ 0.060287
c bounds -327 >= -1900 @ 0.061725
c bounds -329 >= -1900 @ 0.063517
c bounds -331 >= -1900 @ 0.064714
c bounds -333 >= -1900 @ 0.065877
c bounds -335 >= -1900 @ 0.066971
c bounds -339 >= -1900 @ 0.069051
c #Conflicts:       1000 | #Constraints:       3824
c #Conflicts:       2000 | #Constraints:       4824
c INPROCESSING
c GARBAGE COLLECT
c bounds -343 >= -1900 @ 0.323758
c bounds -347 >= -1900 @ 0.32481
c bounds -351 >= -1900 @ 0.326084
c bounds -355 >= -1900 @ 0.328422
c bounds -359 >= -1900 @ 0.329691
c bounds -363 >= -1900 @ 0.331016
c bounds -367 >= -1900 @ 0.332718
c bounds -369 >= -1900 @ 0.332719
c bounds -373 >= -1900 @ 0.332868
c bounds -375 >= -1900 @ 0.334712
c bounds -377 >= -1900 @ 0.33629
c bounds -378 >= -1900 @ 0.338523
c bounds -380 >= -1900 @ 0.339845
c bounds -381 >= -1900 @ 0.341964
c bounds -382 >= -1900 @ 0.342691
c bounds -386 >= -1900 @ 0.343687
c bounds -390 >= -1900 @ 0.345669
c bounds -394 >= -1900 @ 0.345991
c bounds -398 >= -1900 @ 0.348185
c bounds -402 >= -1900 @ 0.349433
c bounds -406 >= -1900 @ 0.351631
c bounds -410 >= -1900 @ 0.353825
c bounds -411 >= -1900 @ 0.355984
c bounds -413 >= -1900 @ 0.358134
c bounds -415 >= -1900 @ 0.359637
c bounds -417 >= -1900 @ 0.360633
c bounds -419 >= -1900 @ 0.360651
c bounds -420 >= -1900 @ 0.362786
c bounds -421 >= -1900 @ 0.364935
c bounds -423 >= -1900 @ 0.367091
c bounds -425 >= -1900 @ 0.368607
c bounds -427 >= -1900 @ 0.370566
c bounds -429 >= -1900 @ 0.371737
c bounds -430 >= -1900 @ 0.373833
c bounds -434 >= -1900 @ 0.37601
c bounds -436 >= -1900 @ 0.377571
c bounds -437 >= -1900 @ 0.377572
c bounds -439 >= -1900 @ 0.378567
c bounds -443 >= -1900 @ 0.379627
c bounds -444 >= -1900 @ 0.38174
c bounds -448 >= -1900 @ 0.383549
c bounds -452 >= -1900 @ 0.385108
c bounds -456 >= -1900 @ 0.38654
c bounds -460 >= -1900 @ 0.387427
c bounds -461 >= -1900 @ 0.388532
c bounds -465 >= -1900 @ 0.390671
c bounds -467 >= -1900 @ 0.391835
c bounds -471 >= -1900 @ 0.393901
c bounds -473 >= -1900 @ 0.394515
c bounds -475 >= -1900 @ 0.394515
c bounds -479 >= -1900 @ 0.395511
c bounds -481 >= -1900 @ 0.397248
c bounds -485 >= -1900 @ 0.398501
c bounds -489 >= -1900 @ 0.39947
c bounds -490 >= -1900 @ 0.401486
c bounds -491 >= -1900 @ 0.403249
c bounds -493 >= -1900 @ 0.40502
c bounds -497 >= -1900 @ 0.40548
c bounds -499 >= -1900 @ 0.406144
c bounds -503 >= -1900 @ 0.407636
c bounds -504 >= -1900 @ 0.409214
c bounds -508 >= -1900 @ 0.410146
c bounds -512 >= -1900 @ 0.412333
c bounds -516 >= -1900 @ 0.413696
c bounds -520 >= -1900 @ 0.414452
c bounds -522 >= -1900 @ 0.415834
c bounds -524 >= -1900 @ 0.417998
c bounds -526 >= -1900 @ 0.418757
c bounds -528 >= -1900 @ 0.419809
c bounds -532 >= -1900 @ 0.420744
c bounds -533 >= -1900 @ 0.421577
c bounds -534 >= -1900 @ 0.422427
c bounds -536 >= -1900 @ 0.423553
c bounds -538 >= -1900 @ 0.424421
c bounds -542 >= -1900 @ 0.425708
c bounds -546 >= -1900 @ 0.427345
c bounds -550 >= -1900 @ 0.427413
c bounds -554 >= -1900 @ 0.427723
c bounds -555 >= -1900 @ 0.428406
c bounds -557 >= -1900 @ 0.429429
c bounds -559 >= -1900 @ 0.4304
c bounds -561 >= -1900 @ 0.431287
c bounds -563 >= -1900 @ 0.431699
c bounds -564 >= -1900 @ 0.432987
c bounds -565 >= -1900 @ 0.43339
c bounds -567 >= -1900 @ 0.434677
c bounds -569 >= -1900 @ 0.435381
c bounds -571 >= -1900 @ 0.435531
c bounds -573 >= -1900 @ 0.436759
c bounds -574 >= -1900 @ 0.437376
c bounds -575 >= -1900 @ 0.438307
c bounds -577 >= -1900 @ 0.439654
c bounds -579 >= -1900 @ 0.440988
c bounds -581 >= -1900 @ 0.442313
c bounds -583 >= -1900 @ 0.442655
c bounds -584 >= -1900 @ 0.443356
c bounds -588 >= -1900 @ 0.444334
c bounds -592 >= -1900 @ 0.445794
c bounds -596 >= -1900 @ 0.447244
c bounds -600 >= -1900 @ 0.447344
c #Conflicts:       3000 | #Constraints:       4823
c #Conflicts:       4000 | #Constraints:       5823
c INPROCESSING
c GARBAGE COLLECT
c bounds -600 >= -1896 @ 1.87365
c bounds -600 >= -1892 @ 1.87406
c bounds -600 >= -1888 @ 1.87445
c bounds -600 >= -1884 @ 1.87482
c bounds -600 >= -1880 @ 1.87521
c bounds -600 >= -1876 @ 1.87559
c bounds -600 >= -1872 @ 1.87598
c bounds -600 >= -1868 @ 1.87637
c bounds -600 >= -1864 @ 1.87656
c bounds -600 >= -1860 @ 1.87656
c bounds -600 >= -1856 @ 1.87656
c bounds -600 >= -1852 @ 1.87694
c bounds -600 >= -1848 @ 1.87731
c bounds -600 >= -1844 @ 1.87768
c bounds -600 >= -1840 @ 1.87806
c bounds -600 >= -1836 @ 1.87846
c bounds -600 >= -1832 @ 1.87885
c bounds -600 >= -1828 @ 1.87923
c bounds -600 >= -1824 @ 1.87962
c bounds -600 >= -1820 @ 1.88
c bounds -600 >= -1816 @ 1.88039
c bounds -600 >= -1812 @ 1.88055
c bounds -600 >= -1808 @ 1.88055
c bounds -600 >= -1804 @ 1.88056
c bounds -600 >= -1800 @ 1.88095
c bounds -600 >= -1796 @ 1.88133
c bounds -600 >= -1792 @ 1.88154
c bounds -600 >= -1788 @ 1.88154
c bounds -600 >= -1784 @ 1.88154
c bounds -600 >= -1780 @ 1.88193
c bounds -600 >= -1776 @ 1.8823
c bounds -600 >= -1772 @ 1.88266
c bounds -600 >= -1768 @ 1.88305
c bounds -600 >= -1764 @ 1.88345
c bounds -600 >= -1760 @ 1.88384
c bounds -600 >= -1756 @ 1.88422
c bounds -600 >= -1752 @ 1.88461
c bounds -600 >= -1748 @ 1.88499
c bounds -600 >= -1744 @ 1.88538
c bounds -600 >= -1740 @ 1.88553
c bounds -600 >= -1736 @ 1.88553
c bounds -600 >= -1732 @ 1.88554
c bounds -600 >= -1728 @ 1.88593
c bounds -600 >= -1724 @ 1.88632
c bounds -600 >= -1720 @ 1.8867
c bounds -600 >= -1716 @ 1.88709
c bounds -600 >= -1712 @ 1.88747
c bounds -600 >= -1708 @ 1.88787
c bounds -600 >= -1704 @ 1.88825
c bounds -600 >= -1700 @ 1.88864
c bounds -600 >= -1696 @ 1.88902
c bounds -600 >= -1692 @ 1.88941
c bounds -600 >= -1688 @ 1.88951
c bounds -600 >= -1684 @ 1.88951
c bounds -600 >= -1680 @ 1.88963
c bounds -600 >= -1676 @ 1.89002
c bounds -600 >= -1672 @ 1.89038
c bounds -600 >= -1668 @ 1.89075
c bounds -600 >= -1664 @ 1.89113
c bounds -600 >= -1660 @ 1.89153
c bounds -600 >= -1656 @ 1.89191
c bounds -600 >= -1652 @ 1.8923
c bounds -600 >= -1648 @ 1.89251
c bounds -600 >= -1644 @ 1.89251
c bounds -600 >= -1640 @ 1.89251
c bounds -600 >= -1636 @ 1.89289
c bounds -600 >= -1632 @ 1.89325
c bounds -600 >= -1628 @ 1.89361
c bounds -600 >= -1624 @ 1.894
c bounds -600 >= -1620 @ 1.89438
c bounds -600 >= -1616 @ 1.89477
c bounds -600 >= -1612 @ 1.89515
c bounds -600 >= -1608 @ 1.89554
c bounds -600 >= -1604 @ 1.89594
c bounds -600 >= -1600 @ 1.89635
c bounds -600 >= -1596 @ 1.89677
c bounds -600 >= -1592 @ 1.89716
c bounds -600 >= -1588 @ 1.89755
c bounds -600 >= -1584 @ 1.89793
c bounds -600 >= -1580 @ 1.89833
c bounds -600 >= -1576 @ 1.89871
c bounds -600 >= -1572 @ 1.8991
c bounds -600 >= -1568 @ 1.89949
c bounds -600 >= -1564 @ 1.89988
c bounds -600 >= -1560 @ 1.90026
c bounds -600 >= -1556 @ 1.90065
c bounds -600 >= -1552 @ 1.90103
c bounds -600 >= -1548 @ 1.90141
c bounds -600 >= -1544 @ 1.9018
c bounds -600 >= -1540 @ 1.90218
c bounds -600 >= -1536 @ 1.90257
c bounds -600 >= -1532 @ 1.90296
c bounds -600 >= -1528 @ 1.90335
c bounds -600 >= -1524 @ 1.90347
c bounds -600 >= -1520 @ 1.90347
c bounds -600 >= -1516 @ 1.90358
c bounds -600 >= -1512 @ 1.90393
c bounds -600 >= -1508 @ 1.90428
c bounds -600 >= -1504 @ 1.90465
c bounds -600 >= -1500 @ 1.90504
c bounds -600 >= -1496 @ 1.9058
c bounds -600 >= -1492 @ 1.90655
c bounds -600 >= -1488 @ 1.9073
c bounds -600 >= -1484 @ 1.90805
c bounds -600 >= -1480 @ 1.90845
c bounds -600 >= -1476 @ 1.90845
c bounds -600 >= -1472 @ 1.90845
c bounds -600 >= -1468 @ 1.90909
c bounds -600 >= -1464 @ 1.90985
c bounds -600 >= -1460 @ 1.9106
c bounds -600 >= -1456 @ 1.91135
c bounds -600 >= -1452 @ 1.9121
c bounds -600 >= -1448 @ 1.91286
c bounds -600 >= -1444 @ 1.91344
c bounds -600 >= -1440 @ 1.91344
c bounds -600 >= -1436 @ 1.91344
c bounds -600 >= -1432 @ 1.91344
c bounds -600 >= -1428 @ 1.91344
c bounds -600 >= -1424 @ 1.91344
c bounds -600 >= -1420 @ 1.91419
c bounds -600 >= -1416 @ 1.91443
c bounds -600 >= -1412 @ 1.91469
c bounds -600 >= -1408 @ 1.91545
c bounds -600 >= -1404 @ 1.9162
c bounds -600 >= -1400 @ 1.91643
c bounds -600 >= -1396 @ 1.91673
c bounds -600 >= -1392 @ 1.91748
c bounds -600 >= -1388 @ 1.91823
c bounds -600 >= -1384 @ 1.91842
c bounds -600 >= -1380 @ 1.91873
c bounds -600 >= -1376 @ 1.91948
c bounds -600 >= -1372 @ 1.92022
c bounds -600 >= -1368 @ 1.92098
c bounds -600 >= -1364 @ 1.92172
c bounds -600 >= -1360 @ 1.92247
c bounds -600 >= -1356 @ 1.92321
c bounds -600 >= -1352 @ 1.92395
c bounds -600 >= -1348 @ 1.9244
c bounds -600 >= -1344 @ 1.92451
c bounds -600 >= -1340 @ 1.92523
c bounds -600 >= -1336 @ 1.92596
c bounds -600 >= -1332 @ 1.92639
c bounds -600 >= -1328 @ 1.92651
c bounds -600 >= -1324 @ 1.92721
c bounds -600 >= -1320 @ 1.92739
c bounds -600 >= -1316 @ 1.92769
c bounds -600 >= -1312 @ 1.92844
c bounds -600 >= -1308 @ 1.92919
c bounds -600 >= -1304 @ 1.92938
c bounds -600 >= -1300 @ 1.92969
c bounds -600 >= -1296 @ 1.93044
c bounds -600 >= -1292 @ 1.93118
c bounds -600 >= -1288 @ 1.93194
c bounds -600 >= -1284 @ 1.93268
c bounds -600 >= -1280 @ 1.93343
c bounds -600 >= -1276 @ 1.93417
c bounds -600 >= -1272 @ 1.93436
c bounds -600 >= -1268 @ 1.93436
c bounds -600 >= -1264 @ 1.93447
c bounds -600 >= -1260 @ 1.93517
c bounds -600 >= -1256 @ 1.93536
c bounds -600 >= -1252 @ 1.93536
c bounds -600 >= -1248 @ 1.93547
c bounds -600 >= -1244 @ 1.93614
c bounds -600 >= -1240 @ 1.93636
c bounds -600 >= -1236 @ 1.93636
c bounds -600 >= -1232 @ 1.93637
c bounds -600 >= -1228 @ 1.93711
c bounds -600 >= -1224 @ 1.93735
c bounds -600 >= -1220 @ 1.93735
c bounds -600 >= -1216 @ 1.93746
c bounds -600 >= -1212 @ 1.93815
c bounds -600 >= -1208 @ 1.93889
c bounds -600 >= -1204 @ 1.93934
c bounds -600 >= -1200 @ 1.93946
c bounds -600 >= -1196 @ 1.94014
c bounds -600 >= -1192 @ 1.94034
c bounds -600 >= -1188 @ 1.94061
c bounds -600 >= -1184 @ 1.94135
c bounds -600 >= -1180 @ 1.94209
c bounds -600 >= -1176 @ 1.94233
c bounds -600 >= -1172 @ 1.94233
c bounds -600 >= -1168 @ 1.94233
c bounds -600 >= -1164 @ 1.94307
c bounds -600 >= -1160 @ 1.94379
c bounds -600 >= -1156 @ 1.94433
c bounds -600 >= -1152 @ 1.94433
c bounds -600 >= -1148 @ 1.94502
c bounds -600 >= -1144 @ 1.94575
c bounds -600 >= -1140 @ 1.94649
c bounds -600 >= -1136 @ 1.94722
c bounds -600 >= -1132 @ 1.94797
c bounds -600 >= -1128 @ 1.94831
c bounds -600 >= -1124 @ 1.94845
c bounds -600 >= -1120 @ 1.94919
c bounds -600 >= -1116 @ 1.94992
c bounds -600 >= -1112 @ 1.9503
c bounds -600 >= -1108 @ 1.95042
c bounds -600 >= -1104 @ 1.95115
c bounds -600 >= -1100 @ 1.95189
c bounds -600 >= -1096 @ 1.95749
c #Conflicts:       5000 | #Constraints:       5735
c #Conflicts:       6000 | #Constraints:       6735
c bounds -600 >= -1092 @ 17.4103
c INPROCESSING
c GARBAGE COLLECT
c #Conflicts:       7000 | #Constraints:       5536
c #Conflicts:       8000 | #Constraints:       6536
c #Conflicts:       9000 | #Constraints:       7536
c INPROCESSING
c GARBAGE COLLECT
c #Conflicts:      10000 | #Constraints:       6248
c #Conflicts:      11000 | #Constraints:       7248
c #Conflicts:      12000 | #Constraints:       8248
c INPROCESSING
c GARBAGE COLLECT
c #Conflicts:      13000 | #Constraints:       6703
c #Conflicts:      14000 | #Constraints:       7703
c #Conflicts:      15000 | #Constraints:       8703
c INPROCESSING
c GARBAGE COLLECT
c #Conflicts:      16000 | #Constraints:       6911
c #Conflicts:      17000 | #Constraints:       7911
c #Conflicts:      18000 | #Constraints:       8911
c INPROCESSING
c GARBAGE COLLECT
c #Conflicts:      19000 | #Constraints:       6957
c #Conflicts:      20000 | #Constraints:       7957
c #Conflicts:      21000 | #Constraints:       8957
c INPROCESSING
c GARBAGE COLLECT
c #Conflicts:      22000 | #Constraints:       6772
c #Conflicts:      23000 | #Constraints:       7772
c #Conflicts:      24000 | #Constraints:       8772
c #Conflicts:      25000 | #Constraints:       9772
c INPROCESSING
c GARBAGE COLLECT
c #Conflicts:      26000 | #Constraints:       7390
c #Conflicts:      27000 | #Constraints:       8390
c #Conflicts:      28000 | #Constraints:       9390
c #Conflicts:      29000 | #Constraints:      10390
c INPROCESSING
c GARBAGE COLLECT
c #Conflicts:      30000 | #Constraints:       7792
c #Conflicts:      31000 | #Constraints:       8792
c #Conflicts:      32000 | #Constraints:       9792
c #Conflicts:      33000 | #Constraints:      10792
c INPROCESSING
c GARBAGE COLLECT
c #Conflicts:      34000 | #Constraints:       7981
c #Conflicts:      35000 | #Constraints:       8981
c #Conflicts:      36000 | #Constraints:       9981
c #Conflicts:      37000 | #Constraints:      10981
c INPROCESSING
c GARBAGE COLLECT
c #Conflicts:      38000 | #Constraints:       7980
c #Conflicts:      39000 | #Constraints:       8980
c #Conflicts:      40000 | #Constraints:       9980
c #Conflicts:      41000 | #Constraints:      10980
c INPROCESSING
c GARBAGE COLLECT
c #Conflicts:      42000 | #Constraints:       7794
c #Conflicts:      43000 | #Constraints:       8794
c #Conflicts:      44000 | #Constraints:       9794
c #Conflicts:      45000 | #Constraints:      10794
c #Conflicts:      46000 | #Constraints:      11794
c INPROCESSING
c GARBAGE COLLECT
c #Conflicts:      47000 | #Constraints:       8382
c #Conflicts:      48000 | #Constraints:       9382
c #Conflicts:      49000 | #Constraints:      10382
c #Conflicts:      50000 | #Constraints:      11382
c #Conflicts:      51000 | #Constraints:      12382
c INPROCESSING
c GARBAGE COLLECT
c #Conflicts:      52000 | #Constraints:       8795
c #Conflicts:      53000 | #Constraints:       9795
c #Conflicts:      54000 | #Constraints:      10795
c #Conflicts:      55000 | #Constraints:      11795
c #Conflicts:      56000 | #Constraints:      12795
c INPROCESSING
c GARBAGE COLLECT
c #Conflicts:      57000 | #Constraints:       9000
c #Conflicts:      58000 | #Constraints:      10000
c #Conflicts:      59000 | #Constraints:      11000
c #Conflicts:      60000 | #Constraints:      12000
c #Conflicts:      61000 | #Constraints:      13000
c INPROCESSING
c GARBAGE COLLECT
c #Conflicts:      62000 | #Constraints:       8994
c #Conflicts:      63000 | #Constraints:       9994
c #Conflicts:      64000 | #Constraints:      10994
c #Conflicts:      65000 | #Constraints:      11994
c #Conflicts:      66000 | #Constraints:      12994
c INPROCESSING
c GARBAGE COLLECT
c #Conflicts:      67000 | #Constraints:       8795
c #Conflicts:      68000 | #Constraints:       9795
c #Conflicts:      69000 | #Constraints:      10795
c #Conflicts:      70000 | #Constraints:      11795
c #Conflicts:      71000 | #Constraints:      12795
c #Conflicts:      72000 | #Constraints:      13795
c INPROCESSING
c GARBAGE COLLECT
c #Conflicts:      73000 | #Constraints:       9372
c #Conflicts:      74000 | #Constraints:      10372
c #Conflicts:      75000 | #Constraints:      11372
c #Conflicts:      76000 | #Constraints:      12372
c #Conflicts:      77000 | #Constraints:      13372
c #Conflicts:      78000 | #Constraints:      14372
c INPROCESSING
c GARBAGE COLLECT
c #Conflicts:      79000 | #Constraints:       9786
c #Conflicts:      80000 | #Constraints:      10786
c #Conflicts:      81000 | #Constraints:      11786
c #Conflicts:      82000 | #Constraints:      12786
c #Conflicts:      83000 | #Constraints:      13786
c #Conflicts:      84000 | #Constraints:      14786
c INPROCESSING
c GARBAGE COLLECT
c #Conflicts:      85000 | #Constraints:       9991
c #Conflicts:      86000 | #Constraints:      10991
c #Conflicts:      87000 | #Constraints:      11991
c #Conflicts:      88000 | #Constraints:      12991
c #Conflicts:      89000 | #Constraints:      13991
c #Conflicts:      90000 | #Constraints:      14991
c INPROCESSING
c GARBAGE COLLECT
c #Conflicts:      91000 | #Constraints:      10026
c #Conflicts:      92000 | #Constraints:      11026
c #Conflicts:      93000 | #Constraints:      12026
c #Conflicts:      94000 | #Constraints:      13026
c #Conflicts:      95000 | #Constraints:      14026
c #Conflicts:      96000 | #Constraints:      15026
c INPROCESSING
c GARBAGE COLLECT
c #Conflicts:      97000 | #Constraints:       9820
c #Conflicts:      98000 | #Constraints:      10820
c #Conflicts:      99000 | #Constraints:      11820
c #Conflicts:     100000 | #Constraints:      12820
c #Conflicts:     101000 | #Constraints:      13820
c #Conflicts:     102000 | #Constraints:      14820
c #Conflicts:     103000 | #Constraints:      15820
c INPROCESSING
c GARBAGE COLLECT
c #Conflicts:     104000 | #Constraints:      10400
c #Conflicts:     105000 | #Constraints:      11400
c #Conflicts:     106000 | #Constraints:      12400
c #Conflicts:     107000 | #Constraints:      13400
c #Conflicts:     108000 | #Constraints:      14400
c #Conflicts:     109000 | #Constraints:      15400
c #Conflicts:     110000 | #Constraints:      16400
c INPROCESSING
c GARBAGE COLLECT
c #Conflicts:     111000 | #Constraints:      10812
c #Conflicts:     112000 | #Constraints:      11812
c #Conflicts:     113000 | #Constraints:      12812
c #Conflicts:     114000 | #Constraints:      13812
c #Conflicts:     115000 | #Constraints:      14812
c #Conflicts:     116000 | #Constraints:      15812
c #Conflicts:     117000 | #Constraints:      16812
c INPROCESSING
c GARBAGE COLLECT
c #Conflicts:     118000 | #Constraints:      10997
c #Conflicts:     119000 | #Constraints:      11997
c #Conflicts:     120000 | #Constraints:      12997
c #Conflicts:     121000 | #Constraints:      13997
c #Conflicts:     122000 | #Constraints:      14997
c #Conflicts:     123000 | #Constraints:      15997
c #Conflicts:     124000 | #Constraints:      16997
c INPROCESSING
c GARBAGE COLLECT
c #Conflicts:     125000 | #Constraints:      11007
c #Conflicts:     126000 | #Constraints:      12007
c #Conflicts:     127000 | #Constraints:      13007
c #Conflicts:     128000 | #Constraints:      14007
c #Conflicts:     129000 | #Constraints:      15007
c #Conflicts:     130000 | #Constraints:      16007
c #Conflicts:     131000 | #Constraints:      17007
c INPROCESSING
c GARBAGE COLLECT
c #Conflicts:     132000 | #Constraints:      10794
c #Conflicts:     133000 | #Constraints:      11794
c #Conflicts:     134000 | #Constraints:      12794
c #Conflicts:     135000 | #Constraints:      13794
c #Conflicts:     136000 | #Constraints:      14794
c #Conflicts:     137000 | #Constraints:      15794
c #Conflicts:     138000 | #Constraints:      16794
c #Conflicts:     139000 | #Constraints:      17794
c INPROCESSING
c GARBAGE COLLECT
c #Conflicts:     140000 | #Constraints:      11405
c #Conflicts:     141000 | #Constraints:      12405
c #Conflicts:     142000 | #Constraints:      13405
c #Conflicts:     143000 | #Constraints:      14405
c #Conflicts:     144000 | #Constraints:      15405
c #Conflicts:     145000 | #Constraints:      16405
c #Conflicts:     146000 | #Constraints:      17405
c #Conflicts:     147000 | #Constraints:      18405
c INPROCESSING
c GARBAGE COLLECT
c #Conflicts:     148000 | #Constraints:      11783
c #Conflicts:     149000 | #Constraints:      12783
c #Conflicts:     150000 | #Constraints:      13783
c #Conflicts:     151000 | #Constraints:      14783
c #Conflicts:     152000 | #Constraints:      15783
c #Conflicts:     153000 | #Constraints:      16783
c #Conflicts:     154000 | #Constraints:      17783
c #Conflicts:     155000 | #Constraints:      18783
c INPROCESSING
c GARBAGE COLLECT
c #Conflicts:     156000 | #Constraints:      12001
c #Conflicts:     157000 | #Constraints:      13001
c #Conflicts:     158000 | #Constraints:      14001
c #Conflicts:     159000 | #Constraints:      15001
c #Conflicts:     160000 | #Constraints:      16001
c #Conflicts:     161000 | #Constraints:      17001
c #Conflicts:     162000 | #Constraints:      18001
c #Conflicts:     163000 | #Constraints:      19001
c INPROCESSING
c GARBAGE COLLECT
c #Conflicts:     164000 | #Constraints:      11994
c #Conflicts:     165000 | #Constraints:      12994
c #Conflicts:     166000 | #Constraints:      13994
c #Conflicts:     167000 | #Constraints:      14994
c #Conflicts:     168000 | #Constraints:      15994
c #Conflicts:     169000 | #Constraints:      16994
c #Conflicts:     170000 | #Constraints:      17994
c #Conflicts:     171000 | #Constraints:      18994
c INPROCESSING
c GARBAGE COLLECT
c #Conflicts:     172000 | #Constraints:      11799
c #Conflicts:     173000 | #Constraints:      12799
c #Conflicts:     174000 | #Constraints:      13799
c #Conflicts:     175000 | #Constraints:      14799
c #Conflicts:     176000 | #Constraints:      15799
c #Conflicts:     177000 | #Constraints:      16799
c #Conflicts:     178000 | #Constraints:      17799
c #Conflicts:     179000 | #Constraints:      18799
c #Conflicts:     180000 | #Constraints:      19799
c INPROCESSING
c GARBAGE COLLECT
c #Conflicts:     181000 | #Constraints:      12421
c #Conflicts:     182000 | #Constraints:      13421
c #Conflicts:     183000 | #Constraints:      14421
c #Conflicts:     184000 | #Constraints:      15421
c #Conflicts:     185000 | #Constraints:      16421
c #Conflicts:     186000 | #Constraints:      17421
c #Conflicts:     187000 | #Constraints:      18421
c #Conflicts:     188000 | #Constraints:      19421
c #Conflicts:     189000 | #Constraints:      20421
c INPROCESSING
c GARBAGE COLLECT
c #Conflicts:     190000 | #Constraints:      12816
c #Conflicts:     191000 | #Constraints:      13816
c #Conflicts:     192000 | #Constraints:      14816
c #Conflicts:     193000 | #Constraints:      15816
c #Conflicts:     194000 | #Constraints:      16816
c #Conflicts:     195000 | #Constraints:      17816
c #Conflicts:     196000 | #Constraints:      18816
c #Conflicts:     197000 | #Constraints:      19816
c #Conflicts:     198000 | #Constraints:      20816
c INPROCESSING
c GARBAGE COLLECT
c #Conflicts:     199000 | #Constraints:      13024
c #Conflicts:     200000 | #Constraints:      14024
c #Conflicts:     201000 | #Constraints:      15024
c #Conflicts:     202000 | #Constraints:      16024
c #Conflicts:     203000 | #Constraints:      17024
c #Conflicts:     204000 | #Constraints:      18024
c #Conflicts:     205000 | #Constraints:      19024
c #Conflicts:     206000 | #Constraints:      20024
c #Conflicts:     207000 | #Constraints:      21024
c INPROCESSING
c GARBAGE COLLECT
c #Conflicts:     208000 | #Constraints:      13013
c #Conflicts:     209000 | #Constraints:      14013
c #Conflicts:     210000 | #Constraints:      15013
c #Conflicts:     211000 | #Constraints:      16013
c #Conflicts:     212000 | #Constraints:      17013
c #Conflicts:     213000 | #Constraints:      18013
c #Conflicts:     214000 | #Constraints:      19013
c #Conflicts:     215000 | #Constraints:      20013
c #Conflicts:     216000 | #Constraints:      21013
c INPROCESSING
c GARBAGE COLLECT
c #Conflicts:     217000 | #Constraints:      12817
c #Conflicts:     218000 | #Constraints:      13817
c #Conflicts:     219000 | #Constraints:      14817
c #Conflicts:     220000 | #Constraints:      15817
c #Conflicts:     221000 | #Constraints:      16817
c #Conflicts:     222000 | #Constraints:      17817
c #Conflicts:     223000 | #Constraints:      18817
c #Conflicts:     224000 | #Constraints:      19817
c #Conflicts:     225000 | #Constraints:      20817
c #Conflicts:     226000 | #Constraints:      21817
c INPROCESSING
c GARBAGE COLLECT
c #Conflicts:     227000 | #Constraints:      13421
c #Conflicts:     228000 | #Constraints:      14421
c #Conflicts:     229000 | #Constraints:      15421
c #Conflicts:     230000 | #Constraints:      16421
c #Conflicts:     231000 | #Constraints:      17421
c #Conflicts:     232000 | #Constraints:      18421
c #Conflicts:     233000 | #Constraints:      19421
c #Conflicts:     234000 | #Constraints:      20421
c #Conflicts:     235000 | #Constraints:      21421
c #Conflicts:     236000 | #Constraints:      22421
c INPROCESSING
c GARBAGE COLLECT
c #Conflicts:     237000 | #Constraints:      13797
c #Conflicts:     238000 | #Constraints:      14797
c #Conflicts:     239000 | #Constraints:      15797
c #Conflicts:     240000 | #Constraints:      16797
c #Conflicts:     241000 | #Constraints:      17797
c #Conflicts:     242000 | #Constraints:      18797
c #Conflicts:     243000 | #Constraints:      19797
c #Conflicts:     244000 | #Constraints:      20797
c #Conflicts:     245000 | #Constraints:      21797
c #Conflicts:     246000 | #Constraints:      22797
c INPROCESSING
c GARBAGE COLLECT
c #Conflicts:     247000 | #Constraints:      13970
c #Conflicts:     248000 | #Constraints:      14970
c #Conflicts:     249000 | #Constraints:      15970
c #Conflicts:     250000 | #Constraints:      16970
c #Conflicts:     251000 | #Constraints:      17970
c #Conflicts:     252000 | #Constraints:      18970
c #Conflicts:     253000 | #Constraints:      19970
c #Conflicts:     254000 | #Constraints:      20970
c #Conflicts:     255000 | #Constraints:      21970
c #Conflicts:     256000 | #Constraints:      22970
c INPROCESSING
c GARBAGE COLLECT
c #Conflicts:     257000 | #Constraints:      13986
c #Conflicts:     258000 | #Constraints:      14986
c #Conflicts:     259000 | #Constraints:      15986
c #Conflicts:     260000 | #Constraints:      16986
c #Conflicts:     261000 | #Constraints:      17986
c #Conflicts:     262000 | #Constraints:      18986
c #Conflicts:     263000 | #Constraints:      19986
c #Conflicts:     264000 | #Constraints:      20986
c #Conflicts:     265000 | #Constraints:      21986
c #Conflicts:     266000 | #Constraints:      22986
c INPROCESSING
c GARBAGE COLLECT
c #Conflicts:     267000 | #Constraints:      13788
c #Conflicts:     268000 | #Constraints:      14788
c #Conflicts:     269000 | #Constraints:      15788
c #Conflicts:     270000 | #Constraints:      16788
c #Conflicts:     271000 | #Constraints:      17788
c #Conflicts:     272000 | #Constraints:      18788
c #Conflicts:     273000 | #Constraints:      19788
c #Conflicts:     274000 | #Constraints:      20788
c #Conflicts:     275000 | #Constraints:      21788
c #Conflicts:     276000 | #Constraints:      22788
c #Conflicts:     277000 | #Constraints:      23788
c INPROCESSING
c GARBAGE COLLECT
c #Conflicts:     278000 | #Constraints:      14394
c #Conflicts:     279000 | #Constraints:      15394
c #Conflicts:     280000 | #Constraints:      16394
c #Conflicts:     281000 | #Constraints:      17394
c #Conflicts:     282000 | #Constraints:      18394
c #Conflicts:     283000 | #Constraints:      19394
c #Conflicts:     284000 | #Constraints:      20394
c #Conflicts:     285000 | #Constraints:      21394
c #Conflicts:     286000 | #Constraints:      22394
c #Conflicts:     287000 | #Constraints:      23394
c #Conflicts:     288000 | #Constraints:      24394
c INPROCESSING
c GARBAGE COLLECT
c #Conflicts:     289000 | #Constraints:      14780
c #Conflicts:     290000 | #Constraints:      15780
c #Conflicts:     291000 | #Constraints:      16780
c #Conflicts:     292000 | #Constraints:      17780
c #Conflicts:     293000 | #Constraints:      18780
c #Conflicts:     294000 | #Constraints:      19780
c #Conflicts:     295000 | #Constraints:      20780
c #Conflicts:     296000 | #Constraints:      21780
c #Conflicts:     297000 | #Constraints:      22780
c #Conflicts:     298000 | #Constraints:      23780
c #Conflicts:     299000 | #Constraints:      24780
c INPROCESSING
c GARBAGE COLLECT
c #Conflicts:     300000 | #Constraints:      14980
c #Conflicts:     301000 | #Constraints:      15980
c #Conflicts:     302000 | #Constraints:      16980
c #Conflicts:     303000 | #Constraints:      17980
c #Conflicts:     304000 | #Constraints:      18980
c #Conflicts:     305000 | #Constraints:      19980
c #Conflicts:     306000 | #Constraints:      20980
c #Conflicts:     307000 | #Constraints:      21980
c #Conflicts:     308000 | #Constraints:      22980
c #Conflicts:     309000 | #Constraints:      23980
c #Conflicts:     310000 | #Constraints:      24980
c INPROCESSING
c GARBAGE COLLECT
c #Conflicts:     311000 | #Constraints:      15000
c #Conflicts:     312000 | #Constraints:      16000
c #Conflicts:     313000 | #Constraints:      17000
c #Conflicts:     314000 | #Constraints:      18000
c #Conflicts:     315000 | #Constraints:      19000
c #Conflicts:     316000 | #Constraints:      20000
c #Conflicts:     317000 | #Constraints:      21000
c #Conflicts:     318000 | #Constraints:      22000
c #Conflicts:     319000 | #Constraints:      23000
c #Conflicts:     320000 | #Constraints:      24000
c #Conflicts:     321000 | #Constraints:      25000
c INPROCESSING
c GARBAGE COLLECT
c #Conflicts:     322000 | #Constraints:      14830
c #Conflicts:     323000 | #Constraints:      15830
c #Conflicts:     324000 | #Constraints:      16830
c #Conflicts:     325000 | #Constraints:      17830
c #Conflicts:     326000 | #Constraints:      18830
c #Conflicts:     327000 | #Constraints:      19830
c #Conflicts:     328000 | #Constraints:      20830
c #Conflicts:     329000 | #Constraints:      21830
c #Conflicts:     330000 | #Constraints:      22830
c #Conflicts:     331000 | #Constraints:      23830
c #Conflicts:     332000 | #Constraints:      24830
c #Conflicts:     333000 | #Constraints:      25830
c INPROCESSING
c GARBAGE COLLECT
c #Conflicts:     334000 | #Constraints:      15404
c #Conflicts:     335000 | #Constraints:      16404
c #Conflicts:     336000 | #Constraints:      17404
c #Conflicts:     337000 | #Constraints:      18404
c #Conflicts:     338000 | #Constraints:      19404
c #Conflicts:     339000 | #Constraints:      20404
c #Conflicts:     340000 | #Constraints:      21404
c #Conflicts:     341000 | #Constraints:      22404
c #Conflicts:     342000 | #Constraints:      23404
c #Conflicts:     343000 | #Constraints:      24404
c #Conflicts:     344000 | #Constraints:      25404
c #Conflicts:     345000 | #Constraints:      26404
c INPROCESSING
c GARBAGE COLLECT
c #Conflicts:     346000 | #Constraints:      15790
c #Conflicts:     347000 | #Constraints:      16790
c #Conflicts:     348000 | #Constraints:      17790
c #Conflicts:     349000 | #Constraints:      18790
c #Conflicts:     350000 | #Constraints:      19790
c #Conflicts:     351000 | #Constraints:      20790
c #Conflicts:     352000 | #Constraints:      21790
c #Conflicts:     353000 | #Constraints:      22790
c #Conflicts:     354000 | #Constraints:      23790
c #Conflicts:     355000 | #Constraints:      24790
c #Conflicts:     356000 | #Constraints:      25790
c #Conflicts:     357000 | #Constraints:      26790
c INPROCESSING
c GARBAGE COLLECT
c #Conflicts:     358000 | #Constraints:      15994
c #Conflicts:     359000 | #Constraints:      16994
c #Conflicts:     360000 | #Constraints:      17994
c #Conflicts:     361000 | #Constraints:      18994
c #Conflicts:     362000 | #Constraints:      19994
c #Conflicts:     363000 | #Constraints:      20994
c #Conflicts:     364000 | #Constraints:      21994
c #Conflicts:     365000 | #Constraints:      22994
c #Conflicts:     366000 | #Constraints:      23994
c #Conflicts:     367000 | #Constraints:      24994
c #Conflicts:     368000 | #Constraints:      25994
c #Conflicts:     369000 | #Constraints:      26994
c INPROCESSING
c GARBAGE COLLECT
c #Conflicts:     370000 | #Constraints:      15995
c #Conflicts:     371000 | #Constraints:      16995
c #Conflicts:     372000 | #Constraints:      17995
c #Conflicts:     373000 | #Constraints:      18995
c #Conflicts:     374000 | #Constraints:      19995
c #Conflicts:     375000 | #Constraints:      20995
c #Conflicts:     376000 | #Constraints:      21995
c #Conflicts:     377000 | #Constraints:      22995
c #Conflicts:     378000 | #Constraints:      23995
c #Conflicts:     379000 | #Constraints:      24995
c #Conflicts:     380000 | #Constraints:      25995
c #Conflicts:     381000 | #Constraints:      26995
c INPROCESSING
c GARBAGE COLLECT
c #Conflicts:     382000 | #Constraints:      15785
c #Conflicts:     383000 | #Constraints:      16785
c #Conflicts:     384000 | #Constraints:      17785
c #Conflicts:     385000 | #Constraints:      18785
c #Conflicts:     386000 | #Constraints:      19785
c #Conflicts:     387000 | #Constraints:      20785
c #Conflicts:     388000 | #Constraints:      21785
c #Conflicts:     389000 | #Constraints:      22785
c #Conflicts:     390000 | #Constraints:      23785
c #Conflicts:     391000 | #Constraints:      24785
c #Conflicts:     392000 | #Constraints:      25785
c #Conflicts:     393000 | #Constraints:      26785
c #Conflicts:     394000 | #Constraints:      27785
c INPROCESSING
c GARBAGE COLLECT
c #Conflicts:     395000 | #Constraints:      16405
c #Conflicts:     396000 | #Constraints:      17405
c #Conflicts:     397000 | #Constraints:      18405
c #Conflicts:     398000 | #Constraints:      19405
c #Conflicts:     399000 | #Constraints:      20405
c #Conflicts:     400000 | #Constraints:      21405
c #Conflicts:     401000 | #Constraints:      22405
c #Conflicts:     402000 | #Constraints:      23405
c #Conflicts:     403000 | #Constraints:      24405
c #Conflicts:     404000 | #Constraints:      25405
c #Conflicts:     405000 | #Constraints:      26405
c #Conflicts:     406000 | #Constraints:      27405
c #Conflicts:     407000 | #Constraints:      28405
c INPROCESSING
c GARBAGE COLLECT
c #Conflicts:     408000 | #Constraints:      16795
c #Conflicts:     409000 | #Constraints:      17795
c #Conflicts:     410000 | #Constraints:      18795
c #Conflicts:     411000 | #Constraints:      19795
c #Conflicts:     412000 | #Constraints:      20795
c #Conflicts:     413000 | #Constraints:      21795
c #Conflicts:     414000 | #Constraints:      22795
c #Conflicts:     415000 | #Constraints:      23795
c #Conflicts:     416000 | #Constraints:      24795
c #Conflicts:     417000 | #Constraints:      25795
c #Conflicts:     418000 | #Constraints:      26795
c #Conflicts:     419000 | #Constraints:      27795
c #Conflicts:     420000 | #Constraints:      28795
c INPROCESSING
c GARBAGE COLLECT
c #Conflicts:     421000 | #Constraints:      17014
c #Conflicts:     422000 | #Constraints:      18014
c #Conflicts:     423000 | #Constraints:      19014
c #Conflicts:     424000 | #Constraints:      20014
c #Conflicts:     425000 | #Constraints:      21014
c #Conflicts:     426000 | #Constraints:      22014
c #Conflicts:     427000 | #Constraints:      23014
c #Conflicts:     428000 | #Constraints:      24014
c #Conflicts:     429000 | #Constraints:      25014
c #Conflicts:     430000 | #Constraints:      26014
c #Conflicts:     431000 | #Constraints:      27014
c #Conflicts:     432000 | #Constraints:      28014
c #Conflicts:     433000 | #Constraints:      29014
c INPROCESSING
c GARBAGE COLLECT
c #Conflicts:     434000 | #Constraints:      17016
c #Conflicts:     435000 | #Constraints:      18016
c #Conflicts:     436000 | #Constraints:      19016
c #Conflicts:     437000 | #Constraints:      20016
c #Conflicts:     438000 | #Constraints:      21016
c #Conflicts:     439000 | #Constraints:      22016
c #Conflicts:     440000 | #Constraints:      23016
c #Conflicts:     441000 | #Constraints:      24016
c #Conflicts:     442000 | #Constraints:      25016
c #Conflicts:     443000 | #Constraints:      26016
c #Conflicts:     444000 | #Constraints:      27016
c #Conflicts:     445000 | #Constraints:      28016
c #Conflicts:     446000 | #Constraints:      29016
c INPROCESSING
c GARBAGE COLLECT
c #Conflicts:     447000 | #Constraints:      16815
c #Conflicts:     448000 | #Constraints:      17815
c #Conflicts:     449000 | #Constraints:      18815
c #Conflicts:     450000 | #Constraints:      19815
c #Conflicts:     451000 | #Constraints:      20815
c #Conflicts:     452000 | #Constraints:      21815
c #Conflicts:     453000 | #Constraints:      22815
c #Conflicts:     454000 | #Constraints:      23815
c #Conflicts:     455000 | #Constraints:      24815
c #Conflicts:     456000 | #Constraints:      25815
c #Conflicts:     457000 | #Constraints:      26815
c #Conflicts:     458000 | #Constraints:      27815
c #Conflicts:     459000 | #Constraints:      28815
c #Conflicts:     460000 | #Constraints:      29815
c INPROCESSING
c GARBAGE COLLECT
c #Conflicts:     461000 | #Constraints:      17417
c #Conflicts:     462000 | #Constraints:      18417
c #Conflicts:     463000 | #Constraints:      19417
c #Conflicts:     464000 | #Constraints:      20417
c #Conflicts:     465000 | #Constraints:      21417
c #Conflicts:     466000 | #Constraints:      22417
c #Conflicts:     467000 | #Constraints:      23417
c #Conflicts:     468000 | #Constraints:      24417
c #Conflicts:     469000 | #Constraints:      25417
c #Conflicts:     470000 | #Constraints:      26417
c #Conflicts:     471000 | #Constraints:      27417
c #Conflicts:     472000 | #Constraints:      28417
c #Conflicts:     473000 | #Constraints:      29417
c #Conflicts:     474000 | #Constraints:      30417
c INPROCESSING
c GARBAGE COLLECT
c #Conflicts:     475000 | #Constraints:      17809
c #Conflicts:     476000 | #Constraints:      18809
c #Conflicts:     477000 | #Constraints:      19809
c #Conflicts:     478000 | #Constraints:      20809
c #Conflicts:     479000 | #Constraints:      21809
c #Conflicts:     480000 | #Constraints:      22809
c #Conflicts:     481000 | #Constraints:      23809
c #Conflicts:     482000 | #Constraints:      24809
c #Conflicts:     483000 | #Constraints:      25809
c #Conflicts:     484000 | #Constraints:      26809
c #Conflicts:     485000 | #Constraints:      27809
c #Conflicts:     486000 | #Constraints:      28809
c #Conflicts:     487000 | #Constraints:      29809
c #Conflicts:     488000 | #Constraints:      30809
c INPROCESSING
c GARBAGE COLLECT
c #Conflicts:     489000 | #Constraints:      18011
c #Conflicts:     490000 | #Constraints:      19011
c #Conflicts:     491000 | #Constraints:      20011
c #Conflicts:     492000 | #Constraints:      21011
c #Conflicts:     493000 | #Constraints:      22011
c #Conflicts:     494000 | #Constraints:      23011
c #Conflicts:     495000 | #Constraints:      24011
c #Conflicts:     496000 | #Constraints:      25011
c #Conflicts:     497000 | #Constraints:      26011
c #Conflicts:     498000 | #Constraints:      27011
c #Conflicts:     499000 | #Constraints:      28011
c #Conflicts:     500000 | #Constraints:      29011
c #Conflicts:     501000 | #Constraints:      30011
c #Conflicts:     502000 | #Constraints:      31011
c INPROCESSING
c GARBAGE COLLECT
c #Conflicts:     503000 | #Constraints:      18037
c #Conflicts:     504000 | #Constraints:      19037
c #Conflicts:     505000 | #Constraints:      20037
c #Conflicts:     506000 | #Constraints:      21037
c #Conflicts:     507000 | #Constraints:      22037
c #Conflicts:     508000 | #Constraints:      23037
c #Conflicts:     509000 | #Constraints:      24037
c #Conflicts:     510000 | #Constraints:      25037
c #Conflicts:     511000 | #Constraints:      26037
c #Conflicts:     512000 | #Constraints:      27037
c #Conflicts:     513000 | #Constraints:      28037
c #Conflicts:     514000 | #Constraints:      29037
c #Conflicts:     515000 | #Constraints:      30037
c #Conflicts:     516000 | #Constraints:      31037
c INPROCESSING
c GARBAGE COLLECT
c #Conflicts:     517000 | #Constraints:      17802
c #Conflicts:     518000 | #Constraints:      18802
c #Conflicts:     519000 | #Constraints:      19802
c #Conflicts:     520000 | #Constraints:      20802
c #Conflicts:     521000 | #Constraints:      21802
c #Conflicts:     522000 | #Constraints:      22802
c #Conflicts:     523000 | #Constraints:      23802
c #Conflicts:     524000 | #Constraints:      24802
c #Conflicts:     525000 | #Constraints:      25802
c #Conflicts:     526000 | #Constraints:      26802
c #Conflicts:     527000 | #Constraints:      27802
c #Conflicts:     528000 | #Constraints:      28802
c #Conflicts:     529000 | #Constraints:      29802
c #Conflicts:     530000 | #Constraints:      30802
c #Conflicts:     531000 | #Constraints:      31802
c INPROCESSING
c GARBAGE COLLECT
c #Conflicts:     532000 | #Constraints:      18400
c #Conflicts:     533000 | #Constraints:      19400
c #Conflicts:     534000 | #Constraints:      20400
c #Conflicts:     535000 | #Constraints:      21400
c #Conflicts:     536000 | #Constraints:      22400
c #Conflicts:     537000 | #Constraints:      23400
c #Conflicts:     538000 | #Constraints:      24400
c #Conflicts:     539000 | #Constraints:      25400
c #Conflicts:     540000 | #Constraints:      26400
c #Conflicts:     541000 | #Constraints:      27400
c #Conflicts:     542000 | #Constraints:      28400
c #Conflicts:     543000 | #Constraints:      29400
c #Conflicts:     544000 | #Constraints:      30400
c #Conflicts:     545000 | #Constraints:      31400
c #Conflicts:     546000 | #Constraints:      32400
c INPROCESSING
c GARBAGE COLLECT
c #Conflicts:     547000 | #Constraints:      18798
c #Conflicts:     548000 | #Constraints:      19798
c #Conflicts:     549000 | #Constraints:      20798
c #Conflicts:     550000 | #Constraints:      21798
c #Conflicts:     551000 | #Constraints:      22798
c #Conflicts:     552000 | #Constraints:      23798
c #Conflicts:     553000 | #Constraints:      24798
c #Conflicts:     554000 | #Constraints:      25798
c #Conflicts:     555000 | #Constraints:      26798
c #Conflicts:     556000 | #Constraints:      27798
c #Conflicts:     557000 | #Constraints:      28798
c #Conflicts:     558000 | #Constraints:      29798
c #Conflicts:     559000 | #Constraints:      30798
c #Conflicts:     560000 | #Constraints:      31798
c #Conflicts:     561000 | #Constraints:      32798
c INPROCESSING
c GARBAGE COLLECT
c #Conflicts:     562000 | #Constraints:      19038
c #Conflicts:     563000 | #Constraints:      20038
c #Conflicts:     564000 | #Constraints:      21038
c #Conflicts:     565000 | #Constraints:      22038
c #Conflicts:     566000 | #Constraints:      23038
c #Conflicts:     567000 | #Constraints:      24038
c #Conflicts:     568000 | #Constraints:      25038
c #Conflicts:     569000 | #Constraints:      26038
c #Conflicts:     570000 | #Constraints:      27038
c #Conflicts:     571000 | #Constraints:      28038
c #Conflicts:     572000 | #Constraints:      29038
c #Conflicts:     573000 | #Constraints:      30038
c #Conflicts:     574000 | #Constraints:      31038
c #Conflicts:     575000 | #Constraints:      32038
c #Conflicts:     576000 | #Constraints:      33038
c INPROCESSING
c GARBAGE COLLECT
c #Conflicts:     577000 | #Constraints:      19010
c #Conflicts:     578000 | #Constraints:      20010
c #Conflicts:     579000 | #Constraints:      21010
c #Conflicts:     580000 | #Constraints:      22010
c #Conflicts:     581000 | #Constraints:      23010
c #Conflicts:     582000 | #Constraints:      24010
c #Conflicts:     583000 | #Constraints:      25010
c #Conflicts:     584000 | #Constraints:      26010
c #Conflicts:     585000 | #Constraints:      27010
c #Conflicts:     586000 | #Constraints:      28010
c #Conflicts:     587000 | #Constraints:      29010
c #Conflicts:     588000 | #Constraints:      30010
c #Conflicts:     589000 | #Constraints:      31010
c #Conflicts:     590000 | #Constraints:      32010
c #Conflicts:     591000 | #Constraints:      33010
c INPROCESSING
c GARBAGE COLLECT
c #Conflicts:     592000 | #Constraints:      18804
c #Conflicts:     593000 | #Constraints:      19804
c #Conflicts:     594000 | #Constraints:      20804
c #Conflicts:     595000 | #Constraints:      21804
c #Conflicts:     596000 | #Constraints:      22804
c #Conflicts:     597000 | #Constraints:      23804
c #Conflicts:     598000 | #Constraints:      24804
c #Conflicts:     599000 | #Constraints:      25804
c #Conflicts:     600000 | #Constraints:      26804
c #Conflicts:     601000 | #Constraints:      27804
c #Conflicts:     602000 | #Constraints:      28804
c #Conflicts:     603000 | #Constraints:      29804
c #Conflicts:     604000 | #Constraints:      30804
c #Conflicts:     605000 | #Constraints:      31804
c #Conflicts:     606000 | #Constraints:      32804
c #Conflicts:     607000 | #Constraints:      33804
c INPROCESSING
c GARBAGE COLLECT
c #Conflicts:     608000 | #Constraints:      19404
c #Conflicts:     609000 | #Constraints:      20404
c #Conflicts:     610000 | #Constraints:      21404
c #Conflicts:     611000 | #Constraints:      22404
c #Conflicts:     612000 | #Constraints:      23404
c #Conflicts:     613000 | #Constraints:      24404
c #Conflicts:     614000 | #Constraints:      25404
c #Conflicts:     615000 | #Constraints:      26404
c #Conflicts:     616000 | #Constraints:      27404
c #Conflicts:     617000 | #Constraints:      28404
c #Conflicts:     618000 | #Constraints:      29404
c #Conflicts:     619000 | #Constraints:      30404
c #Conflicts:     620000 | #Constraints:      31404
c #Conflicts:     621000 | #Constraints:      32404
c #Conflicts:     622000 | #Constraints:      33404
c #Conflicts:     623000 | #Constraints:      34404
c INPROCESSING
c GARBAGE COLLECT
c #Conflicts:     624000 | #Constraints:      19797
c #Conflicts:     625000 | #Constraints:      20797
c #Conflicts:     626000 | #Constraints:      21797
c #Conflicts:     627000 | #Constraints:      22797
c #Conflicts:     628000 | #Constraints:      23797
c #Conflicts:     629000 | #Constraints:      24797
c #Conflicts:     630000 | #Constraints:      25797
c #Conflicts:     631000 | #Constraints:      26797
c #Conflicts:     632000 | #Constraints:      27797
c #Conflicts:     633000 | #Constraints:      28797
c #Conflicts:     634000 | #Constraints:      29797
c #Conflicts:     635000 | #Constraints:      30797
c #Conflicts:     636000 | #Constraints:      31797
c #Conflicts:     637000 | #Constraints:      32797
c #Conflicts:     638000 | #Constraints:      33797
c #Conflicts:     639000 | #Constraints:      34797
c INPROCESSING
c GARBAGE COLLECT
c #Conflicts:     640000 | #Constraints:      20000
c #Conflicts:     641000 | #Constraints:      21000
c #Conflicts:     642000 | #Constraints:      22000
c #Conflicts:     643000 | #Constraints:      23000
c #Conflicts:     644000 | #Constraints:      24000
c #Conflicts:     645000 | #Constraints:      25000
c #Conflicts:     646000 | #Constraints:      26000
c #Conflicts:     647000 | #Constraints:      27000
c #Conflicts:     648000 | #Constraints:      28000
c #Conflicts:     649000 | #Constraints:      29000
c #Conflicts:     650000 | #Constraints:      30000
c #Conflicts:     651000 | #Constraints:      31000
c #Conflicts:     652000 | #Constraints:      32000
c #Conflicts:     653000 | #Constraints:      33000
c #Conflicts:     654000 | #Constraints:      34000
c #Conflicts:     655000 | #Constraints:      35000
c INPROCESSING
c GARBAGE COLLECT
c #Conflicts:     656000 | #Constraints:      20004
c #Conflicts:     657000 | #Constraints:      21004
c #Conflicts:     658000 | #Constraints:      22004
c #Conflicts:     659000 | #Constraints:      23004
c #Conflicts:     660000 | #Constraints:      24004
c #Conflicts:     661000 | #Constraints:      25004
c #Conflicts:     662000 | #Constraints:      26004
c #Conflicts:     663000 | #Constraints:      27004
c #Conflicts:     664000 | #Constraints:      28004
c #Conflicts:     665000 | #Constraints:      29004
c #Conflicts:     666000 | #Constraints:      30004
c #Conflicts:     667000 | #Constraints:      31004
c #Conflicts:     668000 | #Constraints:      32004
c #Conflicts:     669000 | #Constraints:      33004
c #Conflicts:     670000 | #Constraints:      34004
c #Conflicts:     671000 | #Constraints:      35004
c INPROCESSING
c GARBAGE COLLECT
c #Conflicts:     672000 | #Constraints:      19799
c #Conflicts:     673000 | #Constraints:      20799
c #Conflicts:     674000 | #Constraints:      21799
c #Conflicts:     675000 | #Constraints:      22799
c #Conflicts:     676000 | #Constraints:      23799
c #Conflicts:     677000 | #Constraints:      24799
c #Conflicts:     678000 | #Constraints:      25799
c #Conflicts:     679000 | #Constraints:      26799
c #Conflicts:     680000 | #Constraints:      27799
c #Conflicts:     681000 | #Constraints:      28799
c #Conflicts:     682000 | #Constraints:      29799
c #Conflicts:     683000 | #Constraints:      30799
c #Conflicts:     684000 | #Constraints:      31799
c #Conflicts:     685000 | #Constraints:      32799
c #Conflicts:     686000 | #Constraints:      33799
c #Conflicts:     687000 | #Constraints:      34799
c #Conflicts:     688000 | #Constraints:      35799
c INPROCESSING
c GARBAGE COLLECT
c #Conflicts:     689000 | #Constraints:      20399
c #Conflicts:     690000 | #Constraints:      21399
c #Conflicts:     691000 | #Constraints:      22399
c #Conflicts:     692000 | #Constraints:      23399
c #Conflicts:     693000 | #Constraints:      24399
c #Conflicts:     694000 | #Constraints:      25399
c #Conflicts:     695000 | #Constraints:      26399
c #Conflicts:     696000 | #Constraints:      27399
c #Conflicts:     697000 | #Constraints:      28399
c #Conflicts:     698000 | #Constraints:      29399
c #Conflicts:     699000 | #Constraints:      30399
c #Conflicts:     700000 | #Constraints:      31399
c #Conflicts:     701000 | #Constraints:      32399
c #Conflicts:     702000 | #Constraints:      33399
c #Conflicts:     703000 | #Constraints:      34399
c #Conflicts:     704000 | #Constraints:      35399
c #Conflicts:     705000 | #Constraints:      36399
c INPROCESSING
c GARBAGE COLLECT
c #Conflicts:     706000 | #Constraints:      20806
c #Conflicts:     707000 | #Constraints:      21806
c #Conflicts:     708000 | #Constraints:      22806
c #Conflicts:     709000 | #Constraints:      23806
c #Conflicts:     710000 | #Constraints:      24806
c #Conflicts:     711000 | #Constraints:      25806
c #Conflicts:     712000 | #Constraints:      26806
c #Conflicts:     713000 | #Constraints:      27806
c #Conflicts:     714000 | #Constraints:      28806
c #Conflicts:     715000 | #Constraints:      29806
c #Conflicts:     716000 | #Constraints:      30806
c #Conflicts:     717000 | #Constraints:      31806
c #Conflicts:     718000 | #Constraints:      32806
c #Conflicts:     719000 | #Constraints:      33806
c #Conflicts:     720000 | #Constraints:      34806
c #Conflicts:     721000 | #Constraints:      35806
c #Conflicts:     722000 | #Constraints:      36806
c INPROCESSING
c GARBAGE COLLECT
c #Conflicts:     723000 | #Constraints:      21006
c #Conflicts:     724000 | #Constraints:      22006
c #Conflicts:     725000 | #Constraints:      23006
c #Conflicts:     726000 | #Constraints:      24006
c #Conflicts:     727000 | #Constraints:      25006
c #Conflicts:     728000 | #Constraints:      26006
c #Conflicts:     729000 | #Constraints:      27006
c #Conflicts:     730000 | #Constraints:      28006
c #Conflicts:     731000 | #Constraints:      29006
c #Conflicts:     732000 | #Constraints:      30006
c #Conflicts:     733000 | #Constraints:      31006
c #Conflicts:     734000 | #Constraints:      32006
c #Conflicts:     735000 | #Constraints:      33006
c #Conflicts:     736000 | #Constraints:      34006
c #Conflicts:     737000 | #Constraints:      35006
c #Conflicts:     738000 | #Constraints:      36006
c #Conflicts:     739000 | #Constraints:      37006
c INPROCESSING
c GARBAGE COLLECT
c #Conflicts:     740000 | #Constraints:      21003
c #Conflicts:     741000 | #Constraints:      22003
c #Conflicts:     742000 | #Constraints:      23003
c #Conflicts:     743000 | #Constraints:      24003
c #Conflicts:     744000 | #Constraints:      25003
c #Conflicts:     745000 | #Constraints:      26003
c #Conflicts:     746000 | #Constraints:      27003
c #Conflicts:     747000 | #Constraints:      28003
c #Conflicts:     748000 | #Constraints:      29003
c #Conflicts:     749000 | #Constraints:      30003
c #Conflicts:     750000 | #Constraints:      31003
c #Conflicts:     751000 | #Constraints:      32003
c #Conflicts:     752000 | #Constraints:      33003
c #Conflicts:     753000 | #Constraints:      34003
c #Conflicts:     754000 | #Constraints:      35003
c #Conflicts:     755000 | #Constraints:      36003
c #Conflicts:     756000 | #Constraints:      37003
c INPROCESSING
c GARBAGE COLLECT
c #Conflicts:     757000 | #Constraints:      20802
c #Conflicts:     758000 | #Constraints:      21802
c #Conflicts:     759000 | #Constraints:      22802
c #Conflicts:     760000 | #Constraints:      23802
c #Conflicts:     761000 | #Constraints:      24802
c #Conflicts:     762000 | #Constraints:      25802
c #Conflicts:     763000 | #Constraints:      26802
c #Conflicts:     764000 | #Constraints:      27802
c #Conflicts:     765000 | #Constraints:      28802
c #Conflicts:     766000 | #Constraints:      29802
c #Conflicts:     767000 | #Constraints:      30802
c #Conflicts:     768000 | #Constraints:      31802
c #Conflicts:     769000 | #Constraints:      32802
c #Conflicts:     770000 | #Constraints:      33802
c #Conflicts:     771000 | #Constraints:      34802
c #Conflicts:     772000 | #Constraints:      35802
c #Conflicts:     773000 | #Constraints:      36802
c #Conflicts:     774000 | #Constraints:      37802
c INPROCESSING
c GARBAGE COLLECT
c #Conflicts:     775000 | #Constraints:      21383
c #Conflicts:     776000 | #Constraints:      22383
c #Conflicts:     777000 | #Constraints:      23383
c #Conflicts:     778000 | #Constraints:      24383
c #Conflicts:     779000 | #Constraints:      25383
c #Conflicts:     780000 | #Constraints:      26383
c #Conflicts:     781000 | #Constraints:      27383
c #Conflicts:     782000 | #Constraints:      28383
c #Conflicts:     783000 | #Constraints:      29383
c bounds -600 >= -1088 @ 6886.74
c #Conflicts:     784000 | #Constraints:      30392
c #Conflicts:     785000 | #Constraints:      31392
c #Conflicts:     786000 | #Constraints:      32392
c #Conflicts:     787000 | #Constraints:      33392
c #Conflicts:     788000 | #Constraints:      34392
c #Conflicts:     789000 | #Constraints:      35392
c #Conflicts:     790000 | #Constraints:      36392
c #Conflicts:     791000 | #Constraints:      37392
c #Conflicts:     792000 | #Constraints:      38392
c INPROCESSING
c GARBAGE COLLECT
c #Conflicts:     793000 | #Constraints:      21789
c #Conflicts:     794000 | #Constraints:      22789
c #Conflicts:     795000 | #Constraints:      23789
c #Conflicts:     796000 | #Constraints:      24789
c #Conflicts:     797000 | #Constraints:      25789
c #Conflicts:     798000 | #Constraints:      26789
c #Conflicts:     799000 | #Constraints:      27789
c #Conflicts:     800000 | #Constraints:      28789
c #Conflicts:     801000 | #Constraints:      29789
c #Conflicts:     802000 | #Constraints:      30789
c #Conflicts:     803000 | #Constraints:      31789
c #Conflicts:     804000 | #Constraints:      32789
c #Conflicts:     805000 | #Constraints:      33789
c #Conflicts:     806000 | #Constraints:      34789
c #Conflicts:     807000 | #Constraints:      35789
c #Conflicts:     808000 | #Constraints:      36789
c #Conflicts:     809000 | #Constraints:      37789
c #Conflicts:     810000 | #Constraints:      38789
c INPROCESSING
c GARBAGE COLLECT
c #Conflicts:     811000 | #Constraints:      22000
c #Conflicts:     812000 | #Constraints:      23000
c #Conflicts:     813000 | #Constraints:      24000
c #Conflicts:     814000 | #Constraints:      25000
c #Conflicts:     815000 | #Constraints:      26000
c #Conflicts:     816000 | #Constraints:      27000
c #Conflicts:     817000 | #Constraints:      28000
c #Conflicts:     818000 | #Constraints:      29000
c #Conflicts:     819000 | #Constraints:      30000
c #Conflicts:     820000 | #Constraints:      31000
c #Conflicts:     821000 | #Constraints:      32000
c #Conflicts:     822000 | #Constraints:      33000
c #Conflicts:     823000 | #Constraints:      34000
c #Conflicts:     824000 | #Constraints:      35000
c #Conflicts:     825000 | #Constraints:      36000
c #Conflicts:     826000 | #Constraints:      37000
c #Conflicts:     827000 | #Constraints:      38000
c #Conflicts:     828000 | #Constraints:      39000
c INPROCESSING
c GARBAGE COLLECT
c #Conflicts:     829000 | #Constraints:      22041
c #Conflicts:     830000 | #Constraints:      23041
c #Conflicts:     831000 | #Constraints:      24041
c #Conflicts:     832000 | #Constraints:      25041
c #Conflicts:     833000 | #Constraints:      26041
c #Conflicts:     834000 | #Constraints:      27041
c #Conflicts:     835000 | #Constraints:      28041
c #Conflicts:     836000 | #Constraints:      29041
c #Conflicts:     837000 | #Constraints:      30041
c #Conflicts:     838000 | #Constraints:      31041
c #Conflicts:     839000 | #Constraints:      32041
c #Conflicts:     840000 | #Constraints:      33041
c #Conflicts:     841000 | #Constraints:      34041
c #Conflicts:     842000 | #Constraints:      35041
c #Conflicts:     843000 | #Constraints:      36041
c #Conflicts:     844000 | #Constraints:      37041
c #Conflicts:     845000 | #Constraints:      38041
c #Conflicts:     846000 | #Constraints:      39041
c INPROCESSING
c GARBAGE COLLECT
c #Conflicts:     847000 | #Constraints:      21824
c #Conflicts:     848000 | #Constraints:      22824
c #Conflicts:     849000 | #Constraints:      23824
c #Conflicts:     850000 | #Constraints:      24824
c #Conflicts:     851000 | #Constraints:      25824
c #Conflicts:     852000 | #Constraints:      26824
c #Conflicts:     853000 | #Constraints:      27824
c #Conflicts:     854000 | #Constraints:      28824
c #Conflicts:     855000 | #Constraints:      29824
c #Conflicts:     856000 | #Constraints:      30824
c #Conflicts:     857000 | #Constraints:      31824
c #Conflicts:     858000 | #Constraints:      32824
c #Conflicts:     859000 | #Constraints:      33824
c #Conflicts:     860000 | #Constraints:      34824
c #Conflicts:     861000 | #Constraints:      35824
c #Conflicts:     862000 | #Constraints:      36824
c #Conflicts:     863000 | #Constraints:      37824
c #Conflicts:     864000 | #Constraints:      38824
c #Conflicts:     865000 | #Constraints:      39824
c INPROCESSING
c GARBAGE COLLECT
c #Conflicts:     866000 | #Constraints:      22397
c #Conflicts:     867000 | #Constraints:      23397
c #Conflicts:     868000 | #Constraints:      24397
c #Conflicts:     869000 | #Constraints:      25397
c #Conflicts:     870000 | #Constraints:      26397
c #Conflicts:     871000 | #Constraints:      27397
c #Conflicts:     872000 | #Constraints:      28397
c #Conflicts:     873000 | #Constraints:      29397
c #Conflicts:     874000 | #Constraints:      30397
c #Conflicts:     875000 | #Constraints:      31397
c #Conflicts:     876000 | #Constraints:      32397
c #Conflicts:     877000 | #Constraints:      33397
c #Conflicts:     878000 | #Constraints:      34397
c #Conflicts:     879000 | #Constraints:      35397
c #Conflicts:     880000 | #Constraints:      36397
c #Conflicts:     881000 | #Constraints:      37397
c #Conflicts:     882000 | #Constraints:      38397
c #Conflicts:     883000 | #Constraints:      39397
c #Conflicts:     884000 | #Constraints:      40397
c INPROCESSING
c GARBAGE COLLECT
c #Conflicts:     885000 | #Constraints:      22804
c #Conflicts:     886000 | #Constraints:      23804
c #Conflicts:     887000 | #Constraints:      24804
c #Conflicts:     888000 | #Constraints:      25804
c #Conflicts:     889000 | #Constraints:      26804
c #Conflicts:     890000 | #Constraints:      27804
c #Conflicts:     891000 | #Constraints:      28804
c #Conflicts:     892000 | #Constraints:      29804
c #Conflicts:     893000 | #Constraints:      30804
c #Conflicts:     894000 | #Constraints:      31804
c #Conflicts:     895000 | #Constraints:      32804
c #Conflicts:     896000 | #Constraints:      33804
c #Conflicts:     897000 | #Constraints:      34804
c #Conflicts:     898000 | #Constraints:      35804
c #Conflicts:     899000 | #Constraints:      36804
c #Conflicts:     900000 | #Constraints:      37804
c #Conflicts:     901000 | #Constraints:      38804
c #Conflicts:     902000 | #Constraints:      39804
c #Conflicts:     903000 | #Constraints:      40804
c INPROCESSING
c GARBAGE COLLECT
c #Conflicts:     904000 | #Constraints:      22984
c #Conflicts:     905000 | #Constraints:      23984
c #Conflicts:     906000 | #Constraints:      24984
c #Conflicts:     907000 | #Constraints:      25984
c #Conflicts:     908000 | #Constraints:      26984
c #Conflicts:     909000 | #Constraints:      27984
c #Conflicts:     910000 | #Constraints:      28984
c #Conflicts:     911000 | #Constraints:      29984
c #Conflicts:     912000 | #Constraints:      30984
c #Conflicts:     913000 | #Constraints:      31984
c #Conflicts:     914000 | #Constraints:      32984
c #Conflicts:     915000 | #Constraints:      33984
c #Conflicts:     916000 | #Constraints:      34984
c #Conflicts:     917000 | #Constraints:      35984
c #Conflicts:     918000 | #Constraints:      36984
c #Conflicts:     919000 | #Constraints:      37984
c #Conflicts:     920000 | #Constraints:      38984
c #Conflicts:     921000 | #Constraints:      39984
c #Conflicts:     922000 | #Constraints:      40984
c INPROCESSING
c GARBAGE COLLECT
c #Conflicts:     923000 | #Constraints:      22999
c #Conflicts:     924000 | #Constraints:      23999
c #Conflicts:     925000 | #Constraints:      24999
c #Conflicts:     926000 | #Constraints:      25999
c #Conflicts:     927000 | #Constraints:      26999
c #Conflicts:     928000 | #Constraints:      27999
c #Conflicts:     929000 | #Constraints:      28999
c #Conflicts:     930000 | #Constraints:      29999
c #Conflicts:     931000 | #Constraints:      30999
c #Conflicts:     932000 | #Constraints:      31999
c #Conflicts:     933000 | #Constraints:      32999
c #Conflicts:     934000 | #Constraints:      33999
c #Conflicts:     935000 | #Constraints:      34999
c #Conflicts:     936000 | #Constraints:      35999
c #Conflicts:     937000 | #Constraints:      36999
c #Conflicts:     938000 | #Constraints:      37999
c #Conflicts:     939000 | #Constraints:      38999
c #Conflicts:     940000 | #Constraints:      39999
c #Conflicts:     941000 | #Constraints:      40999
c INPROCESSING
c GARBAGE COLLECT
c #Conflicts:     942000 | #Constraints:      22820
c #Conflicts:     943000 | #Constraints:      23820
c #Conflicts:     944000 | #Constraints:      24820
c #Conflicts:     945000 | #Constraints:      25820
c #Conflicts:     946000 | #Constraints:      26820
c #Conflicts:     947000 | #Constraints:      27820
c #Conflicts:     948000 | #Constraints:      28820
c #Conflicts:     949000 | #Constraints:      29820
c #Conflicts:     950000 | #Constraints:      30820
c #Conflicts:     951000 | #Constraints:      31820
c #Conflicts:     952000 | #Constraints:      32820
c #Conflicts:     953000 | #Constraints:      33820
c #Conflicts:     954000 | #Constraints:      34820
c #Conflicts:     955000 | #Constraints:      35820
c #Conflicts:     956000 | #Constraints:      36820
c #Conflicts:     957000 | #Constraints:      37820
c #Conflicts:     958000 | #Constraints:      38820
c #Conflicts:     959000 | #Constraints:      39820
c #Conflicts:     960000 | #Constraints:      40820
c #Conflicts:     961000 | #Constraints:      41820
c INPROCESSING
c GARBAGE COLLECT
c #Conflicts:     962000 | #Constraints:      23416
c #Conflicts:     963000 | #Constraints:      24416
c #Conflicts:     964000 | #Constraints:      25416
c #Conflicts:     965000 | #Constraints:      26416
c #Conflicts:     966000 | #Constraints:      27416
c #Conflicts:     967000 | #Constraints:      28416
c #Conflicts:     968000 | #Constraints:      29416
c #Conflicts:     969000 | #Constraints:      30416
c #Conflicts:     970000 | #Constraints:      31416
c #Conflicts:     971000 | #Constraints:      32416
c #Conflicts:     972000 | #Constraints:      33416
c #Conflicts:     973000 | #Constraints:      34416
c #Conflicts:     974000 | #Constraints:      35416
c #Conflicts:     975000 | #Constraints:      36416
c #Conflicts:     976000 | #Constraints:      37416
c #Conflicts:     977000 | #Constraints:      38416
c #Conflicts:     978000 | #Constraints:      39416
c #Conflicts:     979000 | #Constraints:      40416
c #Conflicts:     980000 | #Constraints:      41416
c #Conflicts:     981000 | #Constraints:      42416
c INPROCESSING
c GARBAGE COLLECT
c #Conflicts:     982000 | #Constraints:      23828
c #Conflicts:     983000 | #Constraints:      24828
c #Conflicts:     984000 | #Constraints:      25828
c #Conflicts:     985000 | #Constraints:      26828
c #Conflicts:     986000 | #Constraints:      27828
c #Conflicts:     987000 | #Constraints:      28828
c #Conflicts:     988000 | #Constraints:      29828
c #Conflicts:     989000 | #Constraints:      30828
c #Conflicts:     990000 | #Constraints:      31828
c #Conflicts:     991000 | #Constraints:      32828
c #Conflicts:     992000 | #Constraints:      33828
c #Conflicts:     993000 | #Constraints:      34828
c #Conflicts:     994000 | #Constraints:      35828
c #Conflicts:     995000 | #Constraints:      36828
c #Conflicts:     996000 | #Constraints:      37828
c #Conflicts:     997000 | #Constraints:      38828
c #Conflicts:     998000 | #Constraints:      39828
c #Conflicts:     999000 | #Constraints:      40828
c #Conflicts:    1000000 | #Constraints:      41828
c #Conflicts:    1001000 | #Constraints:      42828
c INPROCESSING
c GARBAGE COLLECT
c #Conflicts:    1002000 | #Constraints:      24017
c #Conflicts:    1003000 | #Constraints:      25017
c #Conflicts:    1004000 | #Constraints:      26017
c #Conflicts:    1005000 | #Constraints:      27017
c #Conflicts:    1006000 | #Constraints:      28017
c #Conflicts:    1007000 | #Constraints:      29017
c #Conflicts:    1008000 | #Constraints:      30017
c #Conflicts:    1009000 | #Constraints:      31017
c #Conflicts:    1010000 | #Constraints:      32017
c #Conf