c RoundingSat 2
c branch 
c commit 
c #variables 2700 #constraints 5781
c bounds - >= -14850 @ 0.022666
c bounds 0 >= -14850 @ 0.023482
c bounds 0 >= -14802 @ 0.023846
c bounds 0 >= -14754 @ 0.023994
c bounds 0 >= -14706 @ 0.024066
c bounds 0 >= -14658 @ 0.024131
c bounds 0 >= -14610 @ 0.02424
c bounds 0 >= -14562 @ 0.024345
c bounds 0 >= -14514 @ 0.024446
c bounds 0 >= -14466 @ 0.024544
c bounds 0 >= -14418 @ 0.024644
c bounds 0 >= -14370 @ 0.024742
c bounds 0 >= -14322 @ 0.024839
c bounds 0 >= -14274 @ 0.024939
c bounds 0 >= -14226 @ 0.025037
c bounds 0 >= -14178 @ 0.025136
c bounds 0 >= -14130 @ 0.025236
c bounds 0 >= -14082 @ 0.025332
c bounds 0 >= -14034 @ 0.02543
c bounds 0 >= -13986 @ 0.025527
c bounds 0 >= -13938 @ 0.025625
c bounds 0 >= -13890 @ 0.025722
c bounds 0 >= -13842 @ 0.02582
c bounds 0 >= -13794 @ 0.025916
c bounds 0 >= -13746 @ 0.026013
c bounds 0 >= -13698 @ 0.026109
c bounds 0 >= -13650 @ 0.026207
c bounds 0 >= -13602 @ 0.026302
c bounds 0 >= -13554 @ 0.026397
c bounds 0 >= -13506 @ 0.026492
c bounds 0 >= -13458 @ 0.026589
c bounds 0 >= -13410 @ 0.026684
c bounds 0 >= -13362 @ 0.02678
c bounds 0 >= -13314 @ 0.026875
c bounds 0 >= -13266 @ 0.02697
c bounds 0 >= -13218 @ 0.027063
c bounds 0 >= -13170 @ 0.02716
c bounds 0 >= -13122 @ 0.027255
c bounds 0 >= -13074 @ 0.02735
c bounds 0 >= -13026 @ 0.027442
c bounds 0 >= -12978 @ 0.027537
c bounds 0 >= -12930 @ 0.027634
c bounds 0 >= -12882 @ 0.027728
c bounds 0 >= -12834 @ 0.027823
c bounds 0 >= -12786 @ 0.027914
c bounds 0 >= -12738 @ 0.028007
c bounds 0 >= -12690 @ 0.028113
c bounds 0 >= -12642 @ 0.028223
c bounds 0 >= -12594 @ 0.028331
c bounds 0 >= -12546 @ 0.028437
c bounds 0 >= -12498 @ 0.028544
c bounds 0 >= -12450 @ 0.028651
c bounds 0 >= -12402 @ 0.028755
c bounds 0 >= -12354 @ 0.028861
c bounds 0 >= -12306 @ 0.028966
c bounds 0 >= -12258 @ 0.029072
c bounds 0 >= -12210 @ 0.029181
c bounds 0 >= -12162 @ 0.029287
c bounds 0 >= -12114 @ 0.029391
c bounds 0 >= -12066 @ 0.029498
c bounds 0 >= -12018 @ 0.029606
c bounds 0 >= -11970 @ 0.029711
c bounds 0 >= -11922 @ 0.029817
c bounds 0 >= -11874 @ 0.029921
c bounds 0 >= -11826 @ 0.030028
c bounds 0 >= -11778 @ 0.030133
c bounds 0 >= -11730 @ 0.030239
c bounds 0 >= -11682 @ 0.030343
c bounds 0 >= -11634 @ 0.030458
c bounds 0 >= -11586 @ 0.030556
c bounds 0 >= -11538 @ 0.03065
c bounds 0 >= -11490 @ 0.030744
c bounds 0 >= -11442 @ 0.03084
c bounds 0 >= -11394 @ 0.030931
c bounds 0 >= -11346 @ 0.03102
c bounds 0 >= -11298 @ 0.031115
c bounds 0 >= -11250 @ 0.031211
c bounds 0 >= -11202 @ 0.031305
c bounds 0 >= -11154 @ 0.031394
c bounds 0 >= -11106 @ 0.031487
c bounds 0 >= -11058 @ 0.031576
c bounds 0 >= -11010 @ 0.031664
c bounds 0 >= -10962 @ 0.031755
c bounds 0 >= -10914 @ 0.031844
c bounds 0 >= -10866 @ 0.031935
c bounds 0 >= -10818 @ 0.032027
c bounds 0 >= -10770 @ 0.032116
c bounds 0 >= -10722 @ 0.032116
c bounds 0 >= -10674 @ 0.032116
c bounds 0 >= -10626 @ 0.032116
c bounds 0 >= -10578 @ 0.032116
c bounds 0 >= -10530 @ 0.032116
c bounds 0 >= -10506 @ 0.0352
c bounds -50 >= -10506 @ 0.08733
c bounds -50 >= -10482 @ 0.110095
c #Conflicts:       1000 | #Constraints:       7058
c bounds -50 >= -10458 @ 0.130815
c bounds -68 >= -10458 @ 0.148019
c bounds -68 >= -10434 @ 0.174246
c bounds -86 >= -10434 @ 0.180179
c bounds -104 >= -10434 @ 0.204079
c #Conflicts:       2000 | #Constraints:       8067
c INPROCESSING
c GARBAGE COLLECT
c bounds -104 >= -10410 @ 0.292915
c bounds -140 >= -10410 @ 0.303904
c bounds -154 >= -10410 @ 0.364266
c #Conflicts:       3000 | #Constraints:       7989
c bounds -154 >= -10386 @ 0.382054
c bounds -154 >= -10362 @ 0.431587
c bounds -178 >= -10362 @ 0.459924
c #Conflicts:       4000 | #Constraints:       8999
c bounds -188 >= -10362 @ 0.502751
c INPROCESSING
c GARBAGE COLLECT
c bounds -188 >= -10338 @ 0.534907
c #Conflicts:       5000 | #Constraints:       8443
c bounds -188 >= -10314 @ 0.56001
c bounds -272 >= -10314 @ 0.65649
c #Conflicts:       6000 | #Constraints:       9447
c bounds -272 >= -10290 @ 0.704103
c bounds -278 >= -10290 @ 0.795597
c INPROCESSING
c GARBAGE COLLECT
c #Conflicts:       7000 | #Constraints:       8461
c bounds -278 >= -10266 @ 0.838588
c bounds -278 >= -10242 @ 0.862514
c #Conflicts:       8000 | #Constraints:       9467
c bounds -278 >= -10218 @ 0.900895
c bounds -278 >= -10194 @ 0.937472
c bounds -310 >= -10194 @ 0.945341
c bounds -312 >= -10194 @ 0.9588
c #Conflicts:       9000 | #Constraints:      10475
c bounds -318 >= -10194 @ 1.11343
c INPROCESSING
c GARBAGE COLLECT
c bounds -318 >= -10170 @ 1.16996
c #Conflicts:      10000 | #Constraints:       9204
c bounds -318 >= -10146 @ 1.25045
c bounds -944 >= -10146 @ 1.27732
c #Conflicts:      11000 | #Constraints:      10211
c bounds -944 >= -10122 @ 1.30646
c bounds -1082 >= -10122 @ 1.35794
c #Conflicts:      12000 | #Constraints:      11215
c INPROCESSING
c GARBAGE COLLECT
c bounds -1118 >= -10122 @ 1.40187
c bounds -1136 >= -10122 @ 1.42238
c bounds -1136 >= -10080 @ 1.42256
c bounds -1136 >= -10059 @ 1.4227
c bounds -1136 >= -10038 @ 1.42285
c bounds -1136 >= -10017 @ 1.42299
c bounds -1136 >= -9975 @ 1.42314
c bounds -1136 >= -9954 @ 1.42331
c bounds -1136 >= -9933 @ 1.42352
c bounds -1136 >= -9912 @ 1.42373
c bounds -1136 >= -9891 @ 1.42394
c bounds -1136 >= -9870 @ 1.42415
c bounds -1136 >= -9849 @ 1.42436
c bounds -1136 >= -9828 @ 1.42457
c bounds -1136 >= -9807 @ 1.4247
c bounds -1136 >= -9786 @ 1.4247
c bounds -1136 >= -9765 @ 1.4247
c bounds -1136 >= -9723 @ 1.4247
c bounds -1136 >= -9681 @ 1.4247
c bounds -1136 >= -9639 @ 1.4247
c bounds -1136 >= -9597 @ 1.4247
c bounds -1136 >= -9576 @ 1.4247
c bounds -1136 >= -9555 @ 1.4247
c bounds -1136 >= -9534 @ 1.4247
c bounds -1136 >= -9513 @ 1.42484
c bounds -1136 >= -9492 @ 1.42504
c bounds -1136 >= -9471 @ 1.42525
c bounds -1136 >= -9450 @ 1.42545
c bounds -1136 >= -9408 @ 1.42565
c bounds -1136 >= -9366 @ 1.4257
c bounds -1136 >= -9324 @ 1.4257
c bounds -1136 >= -9282 @ 1.4257
c bounds -1136 >= -9240 @ 1.4257
c bounds -1136 >= -9198 @ 1.4257
c bounds -1136 >= -9177 @ 1.4258
c bounds -1136 >= -9156 @ 1.42599
c bounds -1136 >= -9135 @ 1.42618
c bounds -1136 >= -9114 @ 1.42637
c bounds -1136 >= -9093 @ 1.42656
c bounds -1136 >= -9072 @ 1.42674
c bounds -1136 >= -9030 @ 1.42692
c bounds -1136 >= -9009 @ 1.4271
c bounds -1136 >= -8967 @ 1.42728
c bounds -1136 >= -8946 @ 1.42753
c bounds -1136 >= -8925 @ 1.42773
c bounds -1136 >= -8904 @ 1.42793
c bounds -1136 >= -8883 @ 1.42814
c bounds -1136 >= -8862 @ 1.42834
c bounds -1136 >= -8841 @ 1.42855
c bounds -1136 >= -8820 @ 1.42876
c bounds -1136 >= -8799 @ 1.42896
c bounds -1136 >= -8778 @ 1.42916
c bounds -1136 >= -8736 @ 1.42936
c bounds -1136 >= -8694 @ 1.42956
c bounds -1136 >= -8652 @ 1.42976
c bounds -1136 >= -8631 @ 1.42998
c bounds -1136 >= -8610 @ 1.4302
c bounds -1136 >= -8589 @ 1.4304
c bounds -1136 >= -8568 @ 1.43059
c bounds -1136 >= -8547 @ 1.43078
c bounds -1136 >= -8526 @ 1.43098
c bounds -1136 >= -8484 @ 1.43117
c bounds -1136 >= -8442 @ 1.43136
c bounds -1136 >= -8400 @ 1.43154
c bounds -1136 >= -8358 @ 1.43172
c bounds -1136 >= -8316 @ 1.4319
c bounds -1136 >= -8274 @ 1.43207
c bounds -1136 >= -8232 @ 1.43224
c bounds -1136 >= -8190 @ 1.43241
c bounds -1136 >= -8148 @ 1.43259
c bounds -1136 >= -8127 @ 1.43278
c bounds -1136 >= -8106 @ 1.43297
c bounds -1136 >= -8085 @ 1.43315
c bounds -1136 >= -8043 @ 1.43332
c bounds -1136 >= -8001 @ 1.43349
c bounds -1136 >= -7959 @ 1.43365
c bounds -1136 >= -7917 @ 1.43367
c bounds -1136 >= -7875 @ 1.43367
c bounds -1136 >= -7854 @ 1.43367
c bounds -1136 >= -7833 @ 1.43367
c bounds -1136 >= -7812 @ 1.43367
c bounds -1136 >= -7770 @ 1.43367
c bounds -1136 >= -7749 @ 1.4338
c bounds -1136 >= -7707 @ 1.43396
c bounds -1136 >= -7686 @ 1.43412
c bounds -1136 >= -7665 @ 1.43427
c bounds -1136 >= -7644 @ 1.43443
c bounds -1136 >= -7623 @ 1.4346
c bounds -1136 >= -7602 @ 1.43477
c bounds -1136 >= -7581 @ 1.43493
c bounds -1136 >= -7560 @ 1.43511
c bounds -1136 >= -7539 @ 1.43528
c bounds -1136 >= -7518 @ 1.43545
c bounds -1136 >= -7476 @ 1.43561
c bounds -1136 >= -7434 @ 1.43566
c bounds -1136 >= -7413 @ 1.43566
c bounds -1136 >= -7392 @ 1.43566
c bounds -1136 >= -7371 @ 1.43582
c bounds -1136 >= -7350 @ 1.43644
c bounds -1136 >= -7329 @ 1.4369
c bounds -1136 >= -7308 @ 1.43741
c bounds -1136 >= -7287 @ 1.43793
c bounds -1136 >= -7266 @ 1.43882
c bounds -1136 >= -7245 @ 1.43965
c bounds -1136 >= -7224 @ 1.43998
c bounds -1136 >= -7203 @ 1.44068
c bounds -1136 >= -7182 @ 1.44147
c bounds -1136 >= -7161 @ 1.44164
c bounds -1136 >= -7140 @ 1.44266
c bounds -1136 >= -7119 @ 1.44363
c bounds -1136 >= -7098 @ 1.44414
c bounds -1136 >= -7077 @ 1.44527
c bounds -1136 >= -7056 @ 1.44715
c bounds -1136 >= -7035 @ 1.45032
c bounds -1138 >= -7035 @ 1.54116
c bounds -1138 >= -7014 @ 1.54722
c bounds -1138 >= -6993 @ 1.5726
c #Conflicts:      13000 | #Constraints:      10061
c bounds -1138 >= -6972 @ 1.62614
c bounds -1138 >= -6951 @ 1.68036
c bounds -1142 >= -6951 @ 1.69811
c bounds -1190 >= -6951 @ 1.83111
c #Conflicts:      14000 | #Constraints:      11076
c bounds -1190 >= -6930 @ 2.0239
c bounds -1202 >= -6930 @ 2.05768
c bounds -1210 >= -6930 @ 2.19497
c #Conflicts:      15000 | #Constraints:      12084
c INPROCESSING
c GARBAGE COLLECT
c bounds -1210 >= -6909 @ 2.28803
c #Conflicts:      16000 | #Constraints:      10238
c bounds -1210 >= -6888 @ 2.36336
c bounds -1210 >= -6867 @ 2.36951
c bounds -1210 >= -6846 @ 2.3865
c bounds -1224 >= -6846 @ 2.39336
c bounds -1236 >= -6846 @ 2.51055
c bounds -1236 >= -6825 @ 2.54244
c bounds -1236 >= -6804 @ 2.56472
c #Conflicts:      17000 | #Constraints:      11270
c bounds -1236 >= -6783 @ 2.60221
c bounds -1238 >= -6783 @ 2.60809
c bounds -1240 >= -6783 @ 2.65471
c bounds -1240 >= -6762 @ 2.68966
c bounds -1240 >= -6741 @ 2.72577
c bounds -1244 >= -6741 @ 2.74079
c #Conflicts:      18000 | #Constraints:      12297
c bounds -1278 >= -6741 @ 3.22203
c bounds -1932 >= -6741 @ 3.27865
c bounds -1932 >= -6725 @ 3.27874
c bounds -1932 >= -6709 @ 3.27874
c bounds -1932 >= -6693 @ 3.27874
c bounds -1932 >= -6677 @ 3.27875
c bounds -1932 >= -6661 @ 3.27903
c bounds -1932 >= -6645 @ 3.27929
c bounds -1932 >= -6629 @ 3.27954
c bounds -1932 >= -6613 @ 3.27983
c bounds -1932 >= -6597 @ 3.28008
c bounds -1932 >= -6581 @ 3.28033
c bounds -1932 >= -6549 @ 3.28058
c bounds -1932 >= -6517 @ 3.28082
c bounds -1932 >= -6485 @ 3.28106
c bounds -1932 >= -6469 @ 3.28132
c bounds -1932 >= -6453 @ 3.28157
c bounds -1932 >= -6437 @ 3.28183
c bounds -1932 >= -6421 @ 3.28211
c bounds -1932 >= -6405 @ 3.28235
c bounds -1932 >= -6389 @ 3.28259
c bounds -1932 >= -6373 @ 3.28286
c bounds -1932 >= -6357 @ 3.28314
c bounds -1932 >= -6341 @ 3.28342
c bounds -1932 >= -6325 @ 3.28368
c bounds -1932 >= -6293 @ 3.28372
c bounds -1932 >= -6261 @ 3.28372
c bounds -1932 >= -6245 @ 3.28372
c bounds -1932 >= -6229 @ 3.28372
c bounds -1932 >= -6213 @ 3.2841
c bounds -1932 >= -6197 @ 3.28438
c bounds -1932 >= -6181 @ 3.28465
c bounds -1932 >= -6165 @ 3.28472
c bounds -1932 >= -6149 @ 3.28472
c bounds -1932 >= -6133 @ 3.28472
c bounds -1932 >= -6117 @ 3.28472
c bounds -1932 >= -6101 @ 3.28495
c bounds -1932 >= -6069 @ 3.2852
c bounds -1932 >= -6037 @ 3.28546
c bounds -1932 >= -6021 @ 3.28571
c bounds -1932 >= -6005 @ 3.28571
c bounds -1932 >= -5989 @ 3.28571
c bounds -1932 >= -5973 @ 3.28571
c bounds -1932 >= -5957 @ 3.2858
c bounds -1932 >= -5941 @ 3.28609
c bounds -1932 >= -5925 @ 3.28636
c bounds -1932 >= -5909 @ 3.2866
c bounds -1932 >= -5893 @ 3.28683
c bounds -1932 >= -5861 @ 3.28708
c bounds -1932 >= -5829 @ 3.28731
c bounds -1932 >= -5797 @ 3.28753
c bounds -1932 >= -5781 @ 3.28771
c bounds -1932 >= -5765 @ 3.28771
c bounds -1932 >= -5749 @ 3.28771
c bounds -1932 >= -5733 @ 3.28771
c bounds -1932 >= -5717 @ 3.28783
c bounds -1932 >= -5701 @ 3.28809
c bounds -1932 >= -5685 @ 3.28832
c bounds -1932 >= -5653 @ 3.28854
c bounds -1932 >= -5621 @ 3.28876
c bounds -1932 >= -5605 @ 3.28918
c bounds -1932 >= -5589 @ 3.28941
c bounds -1932 >= -5573 @ 3.28964
c bounds -1932 >= -5541 @ 3.2897
c bounds -1932 >= -5509 @ 3.2897
c bounds -1932 >= -5477 @ 3.2897
c bounds -1932 >= -5461 @ 3.2897
c bounds -1932 >= -5445 @ 3.2898
c bounds -1932 >= -5429 @ 3.29002
c bounds -1932 >= -5397 @ 3.29023
c bounds -1932 >= -5365 @ 3.29043
c bounds -1932 >= -5333 @ 3.29063
c bounds -1932 >= -5301 @ 3.29086
c bounds -1932 >= -5269 @ 3.29107
c bounds -1932 >= -5237 @ 3.29128
c bounds -1932 >= -5221 @ 3.29156
c bounds -1932 >= -5205 @ 3.29183
c bounds -1932 >= -5189 @ 3.29206
c bounds -1932 >= -5157 @ 3.29225
c bounds -1932 >= -5125 @ 3.29247
c bounds -1932 >= -5093 @ 3.29267
c bounds -1932 >= -5077 @ 3.29269
c bounds -1932 >= -5061 @ 3.29269
c bounds -1932 >= -5045 @ 3.29269
c bounds -1932 >= -5029 @ 3.29279
c bounds -1932 >= -5013 @ 3.29299
c bounds -1932 >= -4997 @ 3.29318
c bounds -1932 >= -4981 @ 3.29343
c bounds -1932 >= -4965 @ 3.29372
c bounds -1932 >= -4949 @ 3.29394
c bounds -1932 >= -4933 @ 3.29414
c bounds -1932 >= -4917 @ 3.29436
c bounds -1932 >= -4901 @ 3.29458
c bounds -1932 >= -4885 @ 3.29503
c bounds -1932 >= -4869 @ 3.29558
c bounds -1932 >= -4853 @ 3.29605
c bounds -1932 >= -4837 @ 3.2966
c bounds -1932 >= -4821 @ 3.29714
c #Conflicts:      19000 | #Constraints:      13594
c bounds -1932 >= -4805 @ 3.35116
c bounds -1932 >= -4789 @ 3.35306
c bounds -1932 >= -4773 @ 3.35404
c bounds -1932 >= -4757 @ 3.35474
c bounds -1932 >= -4741 @ 3.35589
c bounds -1932 >= -4725 @ 3.35719
c bounds -1932 >= -4709 @ 3.35744
c bounds -1932 >= -4693 @ 3.35866
c bounds -1932 >= -4677 @ 3.35943
c bounds -1932 >= -4661 @ 3.36341
c bounds -1932 >= -4645 @ 3.36615
c bounds -1932 >= -4629 @ 3.37553
c bounds -1932 >= -4613 @ 3.40139
c bounds -1932 >= -4597 @ 3.45031
c bounds -1932 >= -4581 @ 3.46059
c bounds -1932 >= -4565 @ 3.54446
c bounds -1932 >= -4549 @ 3.617
c bounds -1932 >= -4533 @ 3.61838
c #Conflicts:      20000 | #Constraints:      14732
c bounds -1932 >= -4517 @ 3.62749
c bounds -1932 >= -4501 @ 3.67497
c bounds -1932 >= -4485 @ 3.89636
c #Conflicts:      21000 | #Constraints:      15778
c bounds -1972 >= -4485 @ 4.55789
c bounds -1972 >= -4469 @ 4.55865
c bounds -1972 >= -4453 @ 4.5593
c bounds -1972 >= -4437 @ 4.56016
c bounds -1972 >= -4421 @ 4.56063
c bounds -1972 >= -4405 @ 4.56256
c #Conflicts:      22000 | #Constraints:      16804
c bounds -1972 >= -4389 @ 4.63861
c #Conflicts:      23000 | #Constraints:      17810
c bounds -1972 >= -4373 @ 5.06118
c #Conflicts:      24000 | #Constraints:      18831
c bounds -1972 >= -4357 @ 5.67642
c INPROCESSING
c GARBAGE COLLECT
c #Conflicts:      25000 | #Constraints:      13554
c #Conflicts:      26000 | #Constraints:      14554
c #Conflicts:      27000 | #Constraints:      15554
c #Conflicts:      28000 | #Constraints:      16554
c bounds -1974 >= -4357 @ 11.5489
c bounds -1974 >= -4341 @ 11.553
c bounds -1974 >= -4325 @ 11.5546
c INPROCESSING
c GARBAGE COLLECT
c #Conflicts:      29000 | #Constraints:      12384
c bounds -1974 >= -4309 @ 11.6546
c #Conflicts:      30000 | #Constraints:      13390
c bounds -1974 >= -4293 @ 11.7326
c #Conflicts:      31000 | #Constraints:      14396
c #Conflicts:      32000 | #Constraints:      15396
c bounds -1974 >= -4277 @ 12.6365
c #Conflicts:      33000 | #Constraints:      16420
c #Conflicts:      34000 | #Constraints:      17420
c bounds -1974 >= -4261 @ 13.8288
c #Conflicts:      35000 | #Constraints:      18441
c #Conflicts:      36000 | #Constraints:      19441
c #Conflicts:      37000 | #Constraints:      20441
c #Conflicts:      38000 | #Constraints:      21441
c bounds -1974 >= -4245 @ 16.6863
c #Conflicts:      39000 | #Constraints:      22465
c #Conflicts:      40000 | #Constraints:      23465
c #Conflicts:      41000 | #Constraints:      24465
c INPROCESSING
c GARBAGE COLLECT
c #Conflicts:      42000 | #Constraints:      16527
c #Conflicts:      43000 | #Constraints:      17527
c #Conflicts:      44000 | #Constraints:      18527
c bounds -1974 >= -4229 @ 21.9927
c #Conflicts:      45000 | #Constraints:      19551
c #Conflicts:      46000 | #Constraints:      20551
c #Conflicts:      47000 | #Constraints:      21551
c INPROCESSING
c GARBAGE COLLECT
c #Conflicts:      48000 | #Constraints:      15344
c bounds -1978 >= -4229 @ 24.7711
c bounds -1978 >= -4220 @ 24.7719
c bounds -1978 >= -4211 @ 24.7722
c bounds -1978 >= -4202 @ 24.7725
c bounds -1978 >= -4193 @ 24.7728
c bounds -1978 >= -4184 @ 24.773
c bounds -1978 >= -4175 @ 24.7733
c bounds -1978 >= -4166 @ 24.7735
c bounds -1978 >= -4157 @ 24.7737
c bounds -1978 >= -4148 @ 24.774
c bounds -1978 >= -4139 @ 24.7744
c bounds -1978 >= -4130 @ 24.7746
c bounds -1978 >= -4112 @ 24.7749
c bounds -1978 >= -4103 @ 24.7751
c bounds -1978 >= -4094 @ 24.7754
c bounds -1978 >= -4085 @ 24.7757
c bounds -1978 >= -4076 @ 24.7759
c bounds -1978 >= -4067 @ 24.7761
c bounds -1978 >= -4058 @ 24.7764
c bounds -1978 >= -4049 @ 24.7766
c bounds -1978 >= -4040 @ 24.7769
c bounds -1978 >= -4031 @ 24.7772
c bounds -1978 >= -4022 @ 24.7774
c bounds -1978 >= -4013 @ 24.7774
c bounds -1978 >= -4004 @ 24.7774
c bounds -1978 >= -3995 @ 24.7774
c bounds -1978 >= -3986 @ 24.7774
c bounds -1978 >= -3977 @ 24.7774
c bounds -1978 >= -3950 @ 24.7774
c bounds -1978 >= -3941 @ 24.7774
c bounds -1978 >= -3932 @ 24.7774
c bounds -1978 >= -3923 @ 24.7776
c bounds -1978 >= -3914 @ 24.7779
c bounds -1978 >= -3905 @ 24.7782
c bounds -1978 >= -3896 @ 24.7784
c bounds -1978 >= -3887 @ 24.7787
c bounds -1978 >= -3878 @ 24.7789
c bounds -1978 >= -3869 @ 24.7792
c bounds -1978 >= -3860 @ 24.7794
c bounds -1978 >= -3851 @ 24.7797
c bounds -1978 >= -3842 @ 24.78
c bounds -1978 >= -3833 @ 24.7803
c bounds -1978 >= -3824 @ 24.7805
c bounds -1978 >= -3815 @ 24.7808
c bounds -1978 >= -3806 @ 24.781
c bounds -1978 >= -3797 @ 24.7812
c bounds -1978 >= -3788 @ 24.7815
c bounds -1978 >= -3779 @ 24.7818
c bounds -1978 >= -3770 @ 24.7821
c bounds -1978 >= -3761 @ 24.7823
c bounds -1978 >= -3752 @ 24.7824
c bounds -1978 >= -3743 @ 24.7824
c bounds -1978 >= -3734 @ 24.7824
c bounds -1978 >= -3725 @ 24.7824
c bounds -1978 >= -3716 @ 24.7824
c bounds -1978 >= -3707 @ 24.7824
c bounds -1978 >= -3698 @ 24.7824
c bounds -1978 >= -3689 @ 24.7824
c bounds -1978 >= -3680 @ 24.7826
c bounds -1978 >= -3671 @ 24.7829
c bounds -1978 >= -3662 @ 24.7832
c bounds -1978 >= -3653 @ 24.7835
c bounds -1978 >= -3644 @ 24.7837
c bounds -1978 >= -3635 @ 24.784
c bounds -1978 >= -3626 @ 24.7843
c bounds -1978 >= -3617 @ 24.7844
c bounds -1978 >= -3608 @ 24.7844
c bounds -1978 >= -3599 @ 24.7844
c bounds -1978 >= -3590 @ 24.7844
c bounds -1978 >= -3572 @ 24.7845
c bounds -1978 >= -3554 @ 24.7848
c bounds -1978 >= -3536 @ 24.785
c bounds -1978 >= -3527 @ 24.7853
c bounds -1978 >= -3518 @ 24.7856
c bounds -1978 >= -3509 @ 24.7859
c bounds -1978 >= -3500 @ 24.7861
c bounds -1978 >= -3491 @ 24.7864
c bounds -1978 >= -3482 @ 24.7866
c bounds -1978 >= -3473 @ 24.7869
c bounds -1978 >= -3464 @ 24.7871
c bounds -1978 >= -3455 @ 24.7873
c bounds -1978 >= -3446 @ 24.7874
c bounds -1978 >= -3437 @ 24.7874
c bounds -1978 >= -3428 @ 24.7874
c bounds -1978 >= -3419 @ 24.7875
c bounds -1978 >= -3410 @ 24.7878
c bounds -1978 >= -3401 @ 24.788
c bounds -1978 >= -3392 @ 24.7883
c bounds -1978 >= -3383 @ 24.7885
c bounds -1978 >= -3374 @ 24.7888
c bounds -1978 >= -3365 @ 24.7894
c bounds -1978 >= -3356 @ 24.7904
c bounds -1978 >= -3347 @ 24.7913
c bounds -1978 >= -3338 @ 24.792
c bounds -1978 >= -3329 @ 24.798
c bounds -1978 >= -3320 @ 24.8124
c bounds -1978 >= -3311 @ 24.8215
c bounds -1978 >= -3302 @ 24.8378
c bounds -1978 >= -3293 @ 24.8686
c #Conflicts:      49000 | #Constraints:      16675
c bounds -1978 >= -3284 @ 24.9195
c bounds -1978 >= -3275 @ 24.9815
c bounds -1978 >= -3266 @ 25.0775
c bounds -1978 >= -3257 @ 25.1954
c bounds -1978 >= -3248 @ 25.202
c bounds -1978 >= -3239 @ 25.2039
c bounds -1978 >= -3230 @ 25.2735
c bounds -1978 >= -3221 @ 25.4934
c #Conflicts:      50000 | #Constraints:      17786
c bounds -1980 >= -3221 @ 25.8403
c bounds -1980 >= -3212 @ 25.8409
c bounds -1980 >= -3203 @ 25.8421
c bounds -1980 >= -3194 @ 25.8431
c bounds -1980 >= -3185 @ 25.8442
c bounds -1980 >= -3176 @ 25.8448
c bounds -1980 >= -3167 @ 25.8457
c bounds -1980 >= -3158 @ 26.0134
c bounds -1980 >= -3149 @ 26.1958
c #Conflicts:      51000 | #Constraints:      18839
c bounds -1980 >= -3140 @ 27.0184
c #Conflicts:      52000 | #Constraints:      19863
c #Conflicts:      53000 | #Constraints:      20863
c #Conflicts:      54000 | #Constraints:      21863
c #Conflicts:      55000 | #Constraints:      22863
c #Conflicts:      56000 | #Constraints:      23863
c #Conflicts:      57000 | #Constraints:      24863
c #Conflicts:      58000 | #Constraints:      25863
c #Conflicts:      59000 | #Constraints:      26863
c #Conflicts:      60000 | #Constraints:      27863
c #Conflicts:      61000 | #Constraints:      28863
c #Conflicts:      62000 | #Constraints:      29863
c INPROCESSING
c GARBAGE COLLECT
c bounds -1980 >= -3131 @ 65.9445
c bounds -1980 >= -3122 @ 65.9501
c bounds -1980 >= -3113 @ 65.9517
c #Conflicts:      63000 | #Constraints:      19274
c bounds -1980 >= -3104 @ 66.7509
c #Conflicts:      64000 | #Constraints:      20292
c #Conflicts:      65000 | #Constraints:      21292
c bounds -1980 >= -3095 @ 67.6842
c #Conflicts:      66000 | #Constraints:      22325
c bounds -1980 >= -3086 @ 68.9417
c #Conflicts:      67000 | #Constraints:      23346
c #Conflicts:      68000 | #Constraints:      24346
c bounds -1980 >= -3077 @ 71.0121
c #Conflicts:      69000 | #Constraints:      25373
c INPROCESSING
c GARBAGE COLLECT
c #Conflicts:      70000 | #Constraints:      17123
c #Conflicts:      71000 | #Constraints:      18123
c #Conflicts:      72000 | #Constraints:      19123
c #Conflicts:      73000 | #Constraints:      20123
c bounds -1980 >= -3068 @ 76.0068
c #Conflicts:      74000 | #Constraints:      21147
c #Conflicts:      75000 | #Constraints:      22147
c #Conflicts:      76000 | #Constraints:      23147
c #Conflicts:      77000 | #Constraints:      24147
c bounds -1980 >= -3059 @ 81.1716
c #Conflicts:      78000 | #Constraints:      25171
c #Conflicts:      79000 | #Constraints:      26171
c #Conflicts:      80000 | #Constraints:      27171
c #Conflicts:      81000 | #Constraints:      28171
c #Conflicts:      82000 | #Constraints:      29171
c bounds -1980 >= -3050 @ 88.7603
c #Conflicts:      83000 | #Constraints:      30192
c #Conflicts:      84000 | #Constraints:      31192
c #Conflicts:      85000 | #Constraints:      32192
c #Conflicts:      86000 | #Constraints:      33192
c #Conflicts:      87000 | #Constraints:      34192
c #Conflicts:      88000 | #Constraints:      35192
c INPROCESSING
c GARBAGE COLLECT
c #Conflicts:      89000 | #Constraints:      22117
c bounds -1980 >= -3041 @ 103.632
c #Conflicts:      90000 | #Constraints:      23141
c #Conflicts:      91000 | #Constraints:      24141
c #Conflicts:      92000 | #Constraints:      25141
c #Conflicts:      93000 | #Constraints:      26141
c #Conflicts:      94000 | #Constraints:      27141
c #Conflicts:      95000 | #Constraints:      28141
c #Conflicts:      96000 | #Constraints:      29141
c INPROCESSING
c GARBAGE COLLECT
c #Conflicts:      97000 | #Constraints:      19058
c #Conflicts:      98000 | #Constraints:      20058
c #Conflicts:      99000 | #Constraints:      21058
c #Conflicts:     100000 | #Constraints:      22058
c #Conflicts:     101000 | #Constraints:      23058
c #Conflicts:     102000 | #Constraints:      24058
c #Conflicts:     103000 | #Constraints:      25058
c bounds -1980 >= -3032 @ 125.739
c #Conflicts:     104000 | #Constraints:      26088
c #Conflicts:     105000 | #Constraints:      27088
c #Conflicts:     106000 | #Constraints:      28088
c #Conflicts:     107000 | #Constraints:      29088
c #Conflicts:     108000 | #Constraints:      30088
c #Conflicts:     109000 | #Constraints:      31088
c #Conflicts:     110000 | #Constraints:      32088
c #Conflicts:     111000 | #Constraints:      33088
c #Conflicts:     112000 | #Constraints:      34088
c #Conflicts:     113000 | #Constraints:      35088
c bounds -1980 >= -3023 @ 147.229
c #Conflicts:     114000 | #Constraints:      36118
c #Conflicts:     115000 | #Constraints:      37118
c #Conflicts:     116000 | #Constraints:      38118
c #Conflicts:     117000 | #Constraints:      39118
c #Conflicts:     118000 | #Constraints:      40118
c INPROCESSING
c GARBAGE COLLECT
c #Conflicts:     119000 | #Constraints:      24629
c #Conflicts:     120000 | #Constraints:      25629
c #Conflicts:     121000 | #Constraints:      26629
c #Conflicts:     122000 | #Constraints:      27629
c #Conflicts:     123000 | #Constraints:      28629
c #Conflicts:     124000 | #Constraints:      29629
c #Conflicts:     125000 | #Constraints:      30629
c #Conflicts:     126000 | #Constraints:      31629
c #Conflicts:     127000 | #Constraints:      32629
c #Conflicts:     128000 | #Constraints:      33629
c INPROCESSING
c GARBAGE COLLECT
c #Conflicts:     129000 | #Constraints:      21675
c #Conflicts:     130000 | #Constraints:      22675
c #Conflicts:     131000 | #Constraints:      23675
c #Conflicts:     132000 | #Constraints:      24675
c #Conflicts:     133000 | #Constraints:      25675
c #Conflicts:     134000 | #Constraints:      26675
c #Conflicts:     135000 | #Constraints:      27675
c #Conflicts:     136000 | #Constraints:      28675
c #Conflicts:     137000 | #Constraints:      29675
c INPROCESSING
c GARBAGE COLLECT
c #Conflicts:     138000 | #Constraints:      19350
c #Conflicts:     139000 | #Constraints:      20350
c #Conflicts:     140000 | #Constraints:      21350
c #Conflicts:     141000 | #Constraints:      22350
c #Conflicts:     142000 | #Constraints:      23350
c #Conflicts:     143000 | #Constraints:      24350
c #Conflicts:     144000 | #Constraints:      25350
c #Conflicts:     145000 | #Constraints:      26350
c #Conflicts:     146000 | #Constraints:      27350
c #Conflicts:     147000 | #Constraints:      28350
c #Conflicts:     148000 | #Constraints:      29350
c #Conflicts:     149000 | #Constraints:      30350
c #Conflicts:     150000 | #Constraints:      31350
c #Conflicts:     151000 | #Constraints:      32350
c bounds -1980 >= -3014 @ 224.62
c #Conflicts:     152000 | #Constraints:      33392
c #Conflicts:     153000 | #Constraints:      34392
c #Conflicts:     154000 | #Constraints:      35392
c #Conflicts:     155000 | #Constraints:      36392
c #Conflicts:     156000 | #Constraints:      37392
c #Conflicts:     157000 | #Constraints:      38392
c #Conflicts:     158000 | #Constraints:      39392
c #Conflicts:     159000 | #Constraints:      40392
c #Conflicts:     160000 | #Constraints:      41392
c #Conflicts:     161000 | #Constraints:      42392
c #Conflicts:     162000 | #Constraints:      43392
c #Conflicts:     163000 | #Constraints:      44392
c INPROCESSING
c GARBAGE COLLECT
c #Conflicts:     164000 | #Constraints:      26671
c #Conflicts:     165000 | #Constraints:      27671
c #Conflicts:     166000 | #Constraints:      28671
c #Conflicts:     167000 | #Constraints:      29671
c #Conflicts:     168000 | #Constraints:      30671
c #Conflicts:     169000 | #Constraints:      31671
c #Conflicts:     170000 | #Constraints:      32671
c #Conflicts:     171000 | #Constraints:      33671
c #Conflicts:     172000 | #Constraints:      34671
c #Conflicts:     173000 | #Constraints:      35671
c #Conflicts:     174000 | #Constraints:      36671
c INPROCESSING
c GARBAGE COLLECT
c #Conflicts:     175000 | #Constraints:      22792
c #Conflicts:     176000 | #Constraints:      23792
c #Conflicts:     177000 | #Constraints:      24792
c #Conflicts:     178000 | #Constraints:      25792
c #Conflicts:     179000 | #Constraints:      26792
c #Conflicts:     180000 | #Constraints:      27792
c #Conflicts:     181000 | #Constraints:      28792
c #Conflicts:     182000 | #Constraints:      29792
c #Conflicts:     183000 | #Constraints:      30792
c #Conflicts:     184000 | #Constraints:      31792
c #Conflicts:     185000 | #Constraints:      32792
c #Conflicts:     186000 | #Constraints:      33792
c INPROCESSING
c GARBAGE COLLECT
c #Conflicts:     187000 | #Constraints:      21756
c #Conflicts:     188000 | #Constraints:      22756
c bounds -1980 >= -3005 @ 316.821
c #Conflicts:     189000 | #Constraints:      23780
c #Conflicts:     190000 | #Constraints:      24780
c #Conflicts:     191000 | #Constraints:      25780
c #Conflicts:     192000 | #Constraints:      26780
c #Conflicts:     193000 | #Constraints:      27780
c #Conflicts:     194000 | #Constraints:      28780
c #Conflicts:     195000 | #Constraints:      29780
c #Conflicts:     196000 | #Constraints:      30780
c #Conflicts:     197000 | #Constraints:      31780
c #Conflicts:     198000 | #Constraints:      32780
c #Conflicts:     199000 | #Constraints:      33780
c #Conflicts:     200000 | #Constraints:      34780
c #Conflicts:     201000 | #Constraints:      35780
c #Conflicts:     202000 | #Constraints:      36780
c #Conflicts:     203000 | #Constraints:      37780
c #Conflicts:     204000 | #Constraints:      38780
c #Conflicts:     205000 | #Constraints:      39780
c bounds -1980 >= -2996 @ 359.734
c #Conflicts:     206000 | #Constraints:      40807
c #Conflicts:     207000 | #Constraints:      41807
c #Conflicts:     208000 | #Constraints:      42807
c #Conflicts:     209000 | #Constraints:      43807
c #Conflicts:     210000 | #Constraints:      44807
c #Conflicts:     211000 | #Constraints:      45807
c #Conflicts:     212000 | #Constraints:      46807
c #Conflicts:     213000 | #Constraints:      47807
c #Conflicts:     214000 | #Constraints:      48807
c #Conflicts:     215000 | #Constraints:      49807
c #Conflicts:     216000 | #Constraints:      50807
c INPROCESSING
c GARBAGE COLLECT
c #Conflicts:     217000 | #Constraints:      30219
c #Conflicts:     218000 | #Constraints:      31219
c #Conflicts:     219000 | #Constraints:      32219
c #Conflicts:     220000 | #Constraints:      33219
c #Conflicts:     221000 | #Constraints:      34219
c #Conflicts:     222000 | #Constraints:      35219
c #Conflicts:     223000 | #Constraints:      36219
c #Conflicts:     224000 | #Constraints:      37219
c #Conflicts:     225000 | #Constraints:      38219
c #Conflicts:     226000 | #Constraints:      39219
c #Conflicts:     227000 | #Constraints:      40219
c #Conflicts:     228000 | #Constraints:      41219
c INPROCESSING
c GARBAGE COLLECT
c #Conflicts:     229000 | #Constraints:      25094
c #Conflicts:     230000 | #Constraints:      26094
c #Conflicts:     231000 | #Constraints:      27094
c #Conflicts:     232000 | #Constraints:      28094
c #Conflicts:     233000 | #Constraints:      29094
c #Conflicts:     234000 | #Constraints:      30094
c #Conflicts:     235000 | #Constraints:      31094
c #Conflicts:     236000 | #Constraints:      32094
c #Conflicts:     237000 | #Constraints:      33094
c #Conflicts:     238000 | #Constraints:      34094
c #Conflicts:     239000 | #Constraints:      35094
c #Conflicts:     240000 | #Constraints:      36094
c #Conflicts:     241000 | #Constraints:      37094
c INPROCESSING
c GARBAGE COLLECT
c #Conflicts:     242000 | #Constraints:      23211
c #Conflicts:     243000 | #Constraints:      24211
c #Conflicts:     244000 | #Constraints:      25211
c #Conflicts:     245000 | #Constraints:      26211
c #Conflicts:     246000 | #Constraints:      27211
c #Conflicts:     247000 | #Constraints:      28211
c #Conflicts:     248000 | #Constraints:      29211
c #Conflicts:     249000 | #Constraints:      30211
c #Conflicts:     250000 | #Constraints:      31211
c #Conflicts:     251000 | #Constraints:      32211
c #Conflicts:     252000 | #Constraints:      33211
c #Conflicts:     253000 | #Constraints:      34211
c #Conflicts:     254000 | #Constraints:      35211
c #Conflicts:     255000 | #Constraints:      36211
c #Conflicts:     256000 | #Constraints:      37211
c #Conflicts:     257000 | #Constraints:      38211
c #Conflicts:     258000 | #Constraints:      39211
c #Conflicts:     259000 | #Constraints:      40211
c #Conflicts:     260000 | #Constraints:      41211
c #Conflicts:     261000 | #Constraints:      42211
c #Conflicts:     262000 | #Constraints:      43211
c #Conflicts:     263000 | #Constraints:      44211
c #Conflicts:     264000 | #Constraints:      45211
c #Conflicts:     265000 | #Constraints:      46211
c #Conflicts:     266000 | #Constraints:      47211
c #Conflicts:     267000 | #Constraints:      48211
c #Conflicts:     268000 | #Constraints:      49211
c #Conflicts:     269000 | #Constraints:      50211
c #Conflicts:     270000 | #Constraints:      51211
c #Conflicts:     271000 | #Constraints:      52211
c #Conflicts:     272000 | #Constraints:      53211
c #Conflicts:     273000 | #Constraints:      54211
c #Conflicts:     274000 | #Constraints:      55211
c #Conflicts:     275000 | #Constraints:      56211
c #Conflicts:     276000 | #Constraints:      57211
c INPROCESSING
c GARBAGE COLLECT
c #Conflicts:     277000 | #Constraints:      33590
c #Conflicts:     278000 | #Constraints:      34590
c #Conflicts:     279000 | #Constraints:      35590
c #Conflicts:     280000 | #Constraints:      36590
c #Conflicts:     281000 | #Constraints:      37590
c #Conflicts:     282000 | #Constraints:      38590
c #Conflicts:     283000 | #Constraints:      39590
c #Conflicts:     284000 | #Constraints:      40590
c #Conflicts:     285000 | #Constraints:      41590
c #Conflicts:     286000 | #Constraints:      42590
c #Conflicts:     287000 | #Constraints:      43590
c #Conflicts:     288000 | #Constraints:      44590
c #Conflicts:     289000 | #Constraints:      45590
c #Conflicts:     290000 | #Constraints:      46590
c INPROCESSING
c GARBAGE COLLECT
c #Conflicts:     291000 | #Constraints:      28209
c #Conflicts:     292000 | #Constraints:      29209
c #Conflicts:     293000 | #Constraints:      30209
c #Conflicts:     294000 | #Constraints:      31209
c #Conflicts:     295000 | #Constraints:      32209
c #Conflicts:     296000 | #Constraints:      33209
c #Conflicts:     297000 | #Constraints:      34209
c #Conflicts:     298000 | #Constraints:      35209
c #Conflicts:     299000 | #Constraints:      36209
c #Conflicts:     300000 | #Constraints:      37209
c #Conflicts:     301000 | #Constraints:      38209
c #Conflicts:     302000 | #Constraints:      39209
c #Conflicts:     303000 | #Constraints:      40209
c #Conflicts:     304000 | #Constraints:      41209
c INPROCESSING
c GARBAGE COLLECT
c #Conflicts:     305000 | #Constraints:      25382
c #Conflicts:     306000 | #Constraints:      26382
c #Conflicts:     307000 | #Constraints:      27382
c #Conflicts:     308000 | #Constraints:      28382
c #Conflicts:     309000 | #Constraints:      29382
c #Conflicts:     310000 | #Constraints:      30382
c #Conflicts:     311000 | #Constraints:      31382
c #Conflicts:     312000 | #Constraints:      32382
c #Conflicts:     313000 | #Constraints:      33382
c #Conflicts:     314000 | #Constraints:      34382
c #Conflicts:     315000 | #Constraints:      35382
c #Conflicts:     316000 | #Constraints:      36382
c #Conflicts:     317000 | #Constraints:      37382
c #Conflicts:     318000 | #Constraints:      38382
c bounds -1980 >= -2987 @ 858.877
c #Conflicts:     319000 | #Constraints:      39415
c #Conflicts:     320000 | #Constraints:      40415
c #Conflicts:     321000 | #Constraints:      41415
c #Conflicts:     322000 | #Constraints:      42415
c #Conflicts:     323000 | #Constraints:      43415
c #Conflicts:     324000 | #Constraints:      44415
c #Conflicts:     325000 | #Constraints:      45415
c #Conflicts:     326000 | #Constraints:      46415
c #Conflicts:     327000 | #Constraints:      47415
c #Conflicts:     328000 | #Constraints:      48415
c #Conflicts:     329000 | #Constraints:      49415
c #Conflicts:     330000 | #Constraints:      50415
c #Conflicts:     331000 | #Constraints:      51415
c #Conflicts:     332000 | #Constraints:      52415
c #Conflicts:     333000 | #Constraints:      53415
c #Conflicts:     334000 | #Constraints:      54415
c #Conflicts:     335000 | #Constraints:      55415
c #Conflicts:     336000 | #Constraints:      56415
c #Conflicts:     337000 | #Constraints:      57415
c #Conflicts:     338000 | #Constraints:      58415
c #Conflicts:     339000 | #Constraints:      59415
c #Conflicts:     340000 | #Constraints:      60415
c #Conflicts:     341000 | #Constraints:      61415
c #Conflicts:     342000 | #Constraints:      62415
c INPROCESSING
c GARBAGE COLLECT
c #Conflicts:     343000 | #Constraints:      35700
c #Conflicts:     344000 | #Constraints:      36700
c #Conflicts:     345000 | #Constraints:      37700
c #Conflicts:     346000 | #Constraints:      38700
c #Conflicts:     347000 | #Constraints:      39700
c #Conflicts:     348000 | #Constraints:      40700
c #Conflicts:     349000 | #Constraints:      41700
c bounds -1980 >= -2978 @ 1040.73
c #Conflicts:     350000 | #Constraints:      42727
c #Conflicts:     351000 | #Constraints:      43727
c #Conflicts:     352000 | #Constraints:      44727
c #Conflicts:     353000 | #Constraints:      45727
c #Conflicts:     354000 | #Constraints:      46727
c #Conflicts:     355000 | #Constraints:      47727
c #Conflicts:     356000 | #Constraints:      48727
c #Conflicts:     357000 | #Constraints:      49727
c #Conflicts:     358000 | #Constraints:      50727
c INPROCESSING
c GARBAGE COLLECT
c #Conflicts:     359000 | #Constraints:      30134
c #Conflicts:     360000 | #Constraints:      31134
c #Conflicts:     361000 | #Constraints:      32134
c #Conflicts:     362000 | #Constraints:      33134
c #Conflicts:     363000 | #Constraints:      34134
c #Conflicts:     364000 | #Constraints:      35134
c #Conflicts:     365000 | #Constraints:      36134
c #Conflicts:     366000 | #Constraints:      37134
c #Conflicts:     367000 | #Constraints:      38134
c #Conflicts:     368000 | #Constraints:      39134
c #Conflicts:     369000 | #Constraints:      40134
c #Conflicts:     370000 | #Constraints:      41134
c #Conflicts:     371000 | #Constraints:      42134
c #Conflicts:     372000 | #Constraints:      43134
c #Conflicts:     373000 | #Constraints:      44134
c #Conflicts:     374000 | #Constraints:      45134
c INPROCESSING
c GARBAGE COLLECT
c #Conflicts:     375000 | #Constraints:      27519
c #Conflicts:     376000 | #Constraints:      28519
c #Conflicts:     377000 | #Constraints:      29519
c #Conflicts:     378000 | #Constraints:      30519
c #Conflicts:     379000 | #Constraints:      31519
c #Conflicts:     380000 | #Constraints:      32519
c #Conflicts:     381000 | #Constraints:      33519
c #Conflicts:     382000 | #Constraints:      34519
c #Conflicts:     383000 | #Constraints:      35519
c #Conflicts:     384000 | #Constraints:      36519
c #Conflicts:     385000 | #Constraints:      37519
c #Conflicts:     386000 | #Constraints:      38519
c #Conflicts:     387000 | #Constraints:      39519
c #Conflicts:     388000 | #Constraints:      40519
c #Conflicts:     389000 | #Constraints:      41519
c #Conflicts:     390000 | #Constraints:      42519
c #Conflicts:     391000 | #Constraints:      43519
c #Conflicts:     392000 | #Constraints:      44519
c #Conflicts:     393000 | #Constraints:      45519
c #Conflicts:     394000 | #Constraints:      46519
c #Conflicts:     395000 | #Constraints:      47519
c #Conflicts:     396000 | #Constraints:      48519
c #Conflicts:     397000 | #Constraints:      49519
c #Conflicts:     398000 | #Constraints:      50519
c #Conflicts:     399000 | #Constraints:      51519
c #Conflicts:     400000 | #Constraints:      52519
c #Conflicts:     401000 | #Constraints:      53519
c #Conflicts:     402000 | #Constraints:      54519
c #Conflicts:     403000 | #Constraints:      55519
c #Conflicts:     404000 | #Constraints:      56519
c #Conflicts:     405000 | #Constraints:      57519
c #Conflicts:     406000 | #Constraints:      58519
c #Conflicts:     407000 | #Constraints:      59519
c #Conflicts:     408000 | #Constraints:      60519
c #Conflicts:     409000 | #Constraints:      61519
c #Conflicts:     410000 | #Constraints:      62519
c #Conflicts:     411000 | #Constraints:      63519
c #Conflicts:     412000 | #Constraints:      64519
c #Conflicts:     413000 | #Constraints:      65519
c #Conflicts:     414000 | #Constraints:      66519
c #Conflicts:     415000 | #Constraints:      67519
c #Conflicts:     416000 | #Constraints:      68519
c #Conflicts:     417000 | #Constraints:      69519
c INPROCESSING
c GARBAGE COLLECT
c #Conflicts:     418000 | #Constraints:      39741
c #Conflicts:     419000 | #Constraints:      40741
c #Conflicts:     420000 | #Constraints:      41741
c #Conflicts:     421000 | #Constraints:      42741
c #Conflicts:     422000 | #Constraints:      43741
c #Conflicts:     423000 | #Constraints:      44741
c #Conflicts:     424000 | #Constraints:      45741
c #Conflicts:     425000 | #Constraints:      46741
c #Conflicts:     426000 | #Constraints:      47741
c #Conflicts:     427000 | #Constraints:      48741
c #Conflicts:     428000 | #Constraints:      49741
c #Conflicts:     429000 | #Constraints:      50741
c #Conflicts:     430000 | #Constraints:      51741
c #Conflicts:     431000 | #Constraints:      52741
c #Conflicts:     432000 | #Constraints:      53741
c #Conflicts:     433000 | #Constraints:      54741
c #Conflicts:     434000 | #Constraints:      55741
c INPROCESSING
c GARBAGE COLLECT
c #Conflicts:     435000 | #Constraints:      32906
c #Conflicts:     436000 | #Constraints:      33906
c #Conflicts:     437000 | #Constraints:      34906
c #Conflicts:     438000 | #Constraints:      35906
c #Conflicts:     439000 | #Constraints:      36906
c #Conflicts:     440000 | #Constraints:      37906
c #Conflicts:     441000 | #Constraints:      38906
c #Conflicts:     442000 | #Constraints:      39906
c #Conflicts:     443000 | #Constraints:      40906
c #Conflicts:     444000 | #Constraints:      41906
c #Conflicts:     445000 | #Constraints:      42906
c #Conflicts:     446000 | #Constraints:      43906
c #Conflicts:     447000 | #Constraints:      44906
c #Conflicts:     448000 | #Constraints:      45906
c #Conflicts:     449000 | #Constraints:      46906
c #Conflicts:     450000 | #Constraints:      47906
c #Conflicts:     451000 | #Constraints:      48906
c INPROCESSING
c GARBAGE COLLECT
c #Conflicts:     452000 | #Constraints:      29377
c #Conflicts:     453000 | #Constraints:      30377
c #Conflicts:     454000 | #Constraints:      31377
c #Conflicts:     455000 | #Constraints:      32377
c #Conflicts:     456000 | #Constraints:      33377
c #Conflicts:     457000 | #Constraints:      34377
c #Conflicts:     458000 | #Constraints:      35377
c #Conflicts:     459000 | #Constraints:      36377
c #Conflicts:     460000 | #Constraints:      37377
c #Conflicts:     461000 | #Constraints:      38377
c #Conflicts:     462000 | #Constraints:      39377
c #Conflicts:     463000 | #Constraints:      40377
c #Conflicts:     464000 | #Constraints:      41377
c #Conflicts:     465000 | #Constraints:      42377
c #Conflicts:     466000 | #Constraints:      43377
c #Conflicts:     467000 | #Constraints:      44377
c #Conflicts:     468000 | #Constraints:      45377
c #Conflicts:     469000 | #Constraints:      46377
c #Conflicts:     470000 | #Constraints:      47377
c #Conflicts:     471000 | #Constraints:      48377
c #Conflicts:     472000 | #Constraints:      49377
c #Conflicts:     473000 | #Constraints:      50377
c #Conflicts:     474000 | #Constraints:      51377
c #Conflicts:     475000 | #Constraints:      52377
c #Conflicts:     476000 | #Constraints:      53377
c #Conflicts:     477000 | #Constraints:      54377
c #Conflicts:     478000 | #Constraints:      55377
c #Conflicts:     479000 | #Constraints:      56377
c #Conflicts:     480000 | #Constraints:      57377
c #Conflicts:     481000 | #Constraints:      58377
c #Conflicts:     482000 | #Constraints:      59377
c #Conflicts:     483000 | #Constraints:      60377
c #Conflicts:     484000 | #Constraints:      61377
c #Conflicts:     485000 | #Constraints:      62377
c #Conflicts:     486000 | #Constraints:      63377
c #Conflicts:     487000 | #Constraints:      64377
c #Conflicts:     488000 | #Constraints:      65377
c #Conflicts:     489000 | #Constraints:      66377
c #Conflicts:     490000 | #Constraints:      67377
c #Conflicts:     491000 | #Constraints:      68377
c #Conflicts:     492000 | #Constraints:      69377
c #Conflicts:     493000 | #Constraints:      70377
c #Conflicts:     494000 | #Constraints:      71377
c #Conflicts:     495000 | #Constraints:      72377
c #Conflicts:     496000 | #Constraints:      73377
c #Conflicts:     497000 | #Constraints:      74377
c #Conflicts:     498000 | #Constraints:      75377
c INPROCESSING
c GARBAGE COLLECT
c #Conflicts:     499000 | #Constraints:      42583
c #Conflicts:     500000 | #Constraints:      43583
c #Conflicts:     501000 | #Constraints:      44583
c #Conflicts:     502000 | #Constraints:      45583
c #Conflicts:     503000 | #Constraints:      46583
c #Conflicts:     504000 | #Constraints:      47583
c #Conflicts:     505000 | #Constraints:      48583
c #Conflicts:     506000 | #Constraints:      49583
c #Conflicts:     507000 | #Constraints:      50583
c #Conflicts:     508000 | #Constraints:      51583
c #Conflicts:     509000 | #Constraints:      52583
c #Conflicts:     510000 | #Constraints:      53583
c #Conflicts:     511000 | #Constraints:      54583
c #Conflicts:     512000 | #Constraints:      55583
c #Conflicts:     513000 | #Constraints:      56583
c #Conflicts:     514000 | #Constraints:      57583
c #Conflicts:     515000 | #Constraints:      58583
c #Conflicts:     516000 | #Constraints:      59583
c INPROCESSING
c GARBAGE COLLECT
c #Conflicts:     517000 | #Constraints:      34392
c #Conflicts:     518000 | #Constraints:      35392
c #Conflicts:     519000 | #Constraints:      36392
c #Conflicts:     520000 | #Constraints:      37392
c #Conflicts:     521000 | #Constraints:      38392
c #Conflicts:     522000 | #Constraints:      39392
c #Conflicts:     523000 | #Constraints:      40392
c #Conflicts:     524000 | #Constraints:      41392
c #Conflicts:     525000 | #Constraints:      42392
c #Conflicts:     526000 | #Constraints:      43392
c #Conflicts:     527000 | #Constraints:      44392
c #Conflicts:     528000 | #Constraints:      45392
c #Conflicts:     529000 | #Constraints:      46392
c #Conflicts:     530000 | #Constraints:      47392
c #Conflicts:     531000 | #Constraints:      48392
c #Conflicts:     532000 | #Constraints:      49392
c #Conflicts:     533000 | #Constraints:      50392
c #Conflicts:     534000 | #Constraints:      51392
c #Conflicts:     535000 | #Constraints:      52392
c INPROCESSING
c GARBAGE COLLECT
c #Conflicts:     536000 | #Constraints:      31005
c #Conflicts:     537000 | #Constraints:      32005
c #Conflicts:     538000 | #Constraints:      33005
c #Conflicts:     539000 | #Constraints:      34005
c #Conflicts:     540000 | #Constraints:      35005
c #Conflicts:     541000 | #Constraints:      36005
c #Conflicts:     542000 | #Constraints:      37005
c #Conflicts:     543000 | #Constraints:      38005
c #Conflicts:     544000 | #Constraints:      39005
c #Conflicts:     545000 | #Constraints:      40005
c #Conflicts:     546000 | #Constraints:      41005
c #Conflicts:     547000 | #Constraints:      42005
c #Conflicts:     548000 | #Constraints:      43005
c #Conflicts:     549000 | #Constraints:      44005
c #Conflicts:     550000 | #Constraints:      45005
c #Conflicts:     551000 | #Constraints:      46005
c #Conflicts:     552000 | #Constraints:      47005
c #Conflicts:     553000 | #Constraints:      48005
c #Conflicts:     554000 | #Constraints:      49005
c #Conflicts:     555000 | #Constraints:      50005
c #Conflicts:     556000 | #Constraints:      51005
c #Conflicts:     557000 | #Constraints:      52005
c #Conflicts:     558000 | #Constraints:      53005
c #Conflicts:     559000 | #Constraints:      54005
c #Conflicts:     560000 | #Constraints:      55005
c #Conflicts:     561000 | #Constraints:      56005
c #Conflicts:     562000 | #Constraints:      57005
c #Conflicts:     563000 | #Constraints:      58005
c #Conflicts:     564000 | #Constraints:      59005
c #Conflicts:     565000 | #Constraints:      60005
c #Conflicts:     566000 | #Constraints:      61005
c #Conflicts:     567000 | #Constraints:      62005
c #Conflicts:     568000 | #Constraints:      63005
c #Conflicts:     569000 | #Constraints:      64005
c #Conflicts:     570000 | #Constraints:      65005
c #Conflicts:     571000 | #Constraints:      66005
c #Conflicts:     572000 | #Constraints:      67005
c bounds -1980 >= -2969 @ 2401.08
c #Conflicts:     573000 | #Constraints:      68032
c #Conflicts:     574000 | #Constraints:      69032
c #Conflicts:     575000 | #Constraints:      70032
c #Conflicts:     576000 | #Constraints:      71032
c #Conflicts:     577000 | #Constraints:      72032
c #Conflicts:     578000 | #Constraints:      73032
c #Conflicts:     579000 | #Constraints:      74032
c #Conflicts:     580000 | #Constraints:      75032
c #Conflicts:     581000 | #Constraints:      76032
c #Conflicts:     582000 | #Constraints:      77032
c #Conflicts:     583000 | #Constraints:      78032
c #Conflicts:     584000 | #Constraints:      79032
c #Conflicts:     585000 | #Constraints:      80032
c #Conflicts:     586000 | #Constraints:      81032
c INPROCESSING
c GARBAGE COLLECT
c #Conflicts:     587000 | #Constraints:      45139
c #Conflicts:     588000 | #Constraints:      46139
c #Conflicts:     589000 | #Constraints:      47139
c #Conflicts:     590000 | #Constraints:      48139
c #Conflicts:     591000 | #Constraints:      49139
c #Conflicts:     592000 | #Constraints:      50139
c #Conflicts:     593000 | #Constraints:      51139
c #Conflicts:     594000 | #Constraints:      52139
c #Conflicts:     595000 | #Constraints:      53139
c #Conflicts:     596000 | #Constraints:      54139
c #Conflicts:     597000 | #Constraints:      55139
c #Conflicts:     598000 | #Constraints:      56139
c #Conflicts:     599000 | #Constraints:      57139
c #Conflicts:     600000 | #Constraints:      58139
c #Conflicts:     601000 | #Constraints:      59139
c #Conflicts:     602000 | #Constraints:      60139
c #Conflicts:     603000 | #Constraints:      61139
c #Conflicts:     604000 | #Constraints:      62139
c #Conflicts:     605000 | #Constraints:      63139
c #Conflicts:     606000 | #Constraints:      64139
c INPROCESSING
c GARBAGE COLLECT
c #Conflicts:     607000 | #Constraints:      36707
c #Conflicts:     608000 | #Constraints:      37707
c #Conflicts:     609000 | #Constraints:      38707
c #Conflicts:     610000 | #Constraints:      39707
c #Conflicts:     611000 | #Constraints:      40707
c #Conflicts:     612000 | #Constraints:      41707
c #Conflicts:     613000 | #Constraints:      42707
c #Conflicts:     614000 | #Constraints:      43707
c #Conflicts:     615000 | #Constraints:      44707
c #Conflicts:     616000 | #Constraints:      45707
c #Conflicts:     617000 | #Constraints:      46707
c #Conflicts:     618000 | #Constraints:      47707
c #Conflicts:     619000 | #Constraints:      48707
c #Conflicts:     620000 | #Constraints:      49707
c #Conflicts:     621000 | #Constraints:      50707
c #Conflicts:     622000 | #Constraints:      51707
c #Conflicts:     623000 | #Constraints:      52707
c #Conflicts:     624000 | #Constraints:      53707
c #Conflicts:     625000 | #Constraints:      54707
c #Conflicts:     626000 | #Constraints:      55707
c #Conflicts:     627000 | #Constraints:      56707
c INPROCESSING
c GARBAGE COLLECT
c #Conflicts:     628000 | #Constraints:      33403
c #Conflicts:     629000 | #Constraints:      34403
c #Conflicts:     630000 | #Constraints:      35403
c #Conflicts:     631000 | #Constraints:      36403
c #Conflicts:     632000 | #Constraints:      37403
c #Conflicts:     633000 | #Constraints:      38403
c #Conflicts:     634000 | #Constraints:      39403
c #Conflicts:     635000 | #Constraints:      40403
c #Conflicts:     636000 | #Constraints:      41403
c #Conflicts:     637000 | #Constraints:      42403
c #Conflicts:     638000 | #Constraints:      43403
c #Conflicts:     639000 | #Constraints:      44403
c #Conflicts:     640000 | #Constraints:      45403
c #Conflicts:     641000 | #Constraints:      46403
c #Conflicts:     642000 | #Constraints:      47403
c #Conflicts:     643000 | #Constraints:      48403
c #Conflicts:     644000 | #Constraints:      49403
c #Conflicts:     645000 | #Constraints:      50403
c #Conflicts:     646000 | #Constraints:      51403
c #Conflicts:     647000 | #Constraints:      52403
c #Conflicts:     648000 | #Constraints:      53403
c #Conflicts:     649000 | #Constraints:      54403
c #Conflicts:     650000 | #Constraints:      55403
c #Conflicts:     651000 | #Constraints:      56403
c #Conflicts:     652000 | #Constraints:      57403
c #Conflicts:     653000 | #Constraints:      58403
c #Conflicts:     654000 | #Constraints:      59403
c #Conflicts:     655000 | #Constraints:      60403
c #Conflicts:     656000 | #Constraints:      61403
c #Conflicts:     657000 | #Constraints:      62403
c #Conflicts:     658000 | #Constraints:      63403
c #Conflicts:     659000 | #Constraints:      64403
c #Conflicts:     660000 | #Constraints:      65403
c #Conflicts:     661000 | #Constraints:      66403
c #Conflicts:     662000 | #Constraints:      67403
c #Conflicts:     663000 | #Constraints:      68403
c #Conflicts:     664000 | #Constraints:      69403
c #Conflicts:     665000 | #Constraints:      70403
c #Conflicts:     666000 | #Constraints:      71403
c #Conflicts:     667000 | #Constraints:      72403
c #Conflicts:     668000 | #Constraints:      73403
c #Conflicts:     669000 | #Constraints:      74403
c #Conflicts:     670000 | #Constraints:      75403
c #Conflicts:     671000 | #Constraints:      76403
c #Conflicts:     672000 | #Constraints:      77403
c #Conflicts:     673000 | #Constraints:      78403
c #Conflicts:     674000 | #Constraints:      79403
c #Conflicts:     675000 | #Constraints:      80403
c #Conflicts:     676000 | #Constraints:      81403
c #Conflicts:     677000 | #Constraints:      82403
c #Conflicts:     678000 | #Constraints:      83403
c #Conflicts:     679000 | #Constraints:      84403
c #Conflicts:     680000 | #Constraints:      85403
c #Conflicts:     681000 | #Constraints:      86403
c #Conflicts:     682000 | #Constraints:      87403
c INPROCESSING
c GARBAGE COLLECT
c #Conflicts:     683000 | #Constraints:      48498
c #Conflicts:     684000 | #Constraints:      49498
c #Conflicts:     685000 | #Constraints:      50498
c #Conflicts:     686000 | #Constraints:      51498
c #Conflicts:     687000 | #Constraints:      52498
c #Conflicts:     688000 | #Constraints:      53498
c #Conflicts:     689000 | #Constraints:      54498
c #Conflicts:     690000 | #Constraints:      55498
c #Conflicts:     691000 | #Constraints:      56498
c #Conflicts:     692000 | #Constraints:      57498
c #Conflicts:     693000 | #Constraints:      58498
c #Conflicts:     694000 | #Constraints:      59498
c #Conflicts:     695000 | #Constraints:      60498
c #Conflicts:     696000 | #Constraints:      61498
c #Conflicts:     697000 | #Constraints:      62498
c #Conflicts:     698000 | #Constraints:      63498
c #Conflicts:     699000 | #Constraints:      64498
c #Conflicts:     700000 | #Constraints:      65498
c #Conflicts:     701000 | #Constraints:      66498
c #Conflicts:     702000 | #Constraints:      67498
c #Conflicts:     703000 | #Constraints:      68498
c #Conflicts:     704000 | #Constraints:      69498
c INPROCESSING
c GARBAGE COLLECT
c #Conflicts:     705000 | #Constraints:      39813
c #Conflicts:     706000 | #Constraints:      40813
c #Conflicts:     707000 | #Constraints:      41813
c #Conflicts:     708000 | #Constraints:      42813
c #Conflicts:     709000 | #Constraints:      43813
c #Conflicts:     710000 | #Constraints:      44813
c #Conflicts:     711000 | #Constraints:      45813
c #Conflicts:     712000 | #Constraints:      46813
c #Conflicts:     713000 | #Constraints:      47813
c #Conflicts:     714000 | #Constraints:      48813
c #Conflicts:     715000 | #Constraints:      49813
c #Conflicts:     716000 | #Constraints:      50813
c #Conflicts:     717000 | #Constraints:      51813
c #Conflicts:     718000 | #Constraints:      52813
c #Conflicts:     719000 | #Constraints:      53813
c #Conflicts:     720000 | #Constraints:      54813
c #Conflicts:     721000 | #Constraints:      55813
c #Conflicts:     722000 | #Constraints:      56813
c #Conflicts:     723000 | #Constraints:      57813
c #Conflicts:     724000 | #Constraints:      58813
c #Conflicts:     725000 | #Constraints:      59813
c INPROCESSING
c GARBAGE COLLECT
c #Conflicts:     726000 | #Constraints:      34645
c #Conflicts:     727000 | #Constraints:      35645
c #Conflicts:     728000 | #Constraints:      36645
c #Conflicts:     729000 | #Constraints:      37645
c #Conflicts:     730000 | #Constraints:      38645
c #Conflicts:     731000 | #Constraints:      39645
c #Conflicts:     732000 | #Constraints:      40645
c #Conflicts:     733000 | #Constraints:      41645
c #Conflicts:     734000 | #Constraints:      42645
c #Conflicts:     735000 | #Constraints:      43645
c #Conflicts:     736000 | #Constraints:      44645
c #Conflicts:     737000 | #Constraints:      45645
c #Conflicts:     738000 | #Constraints:      46645
c #Conflicts:     739000 | #Constraints:      47645
c #Conflicts:     740000 | #Constraints:      48645
c #Conflicts:     741000 | #Constraints:      49645
c #Conflicts:     742000 | #Constraints:      50645
c #Conflicts:     743000 | #Constraints:      51645
c #Conflicts:     744000 | #Constraints:      52645
c #Conflicts:     745000 | #Constraints:      53645
c #Conflicts:     746000 | #Constraints:      54645
c #Conflicts:     747000 | #Constraints:      55645
c #Conflicts:     748000 | #Constraints:      56645
c #Conflicts:     749000 | #Constraints:      57645
c #Conflicts:     750000 | #Constraints:      58645
c #Conflicts:     751000 | #Constraints:      59645
c #Conflicts:     752000 | #Constraints:      60645
c #Conflicts:     753000 | #Constraints:      61645
c #Conflicts:     754000 | #Constraints:      62645
c #Conflicts:     755000 | #Constraints:      63645
c #Conflicts:     756000 | #Constraints:      64645
c #Conflicts:     757000 | #Constraints:      65645
c #Conflicts:     758000 | #Constraints:      66645
c #Conflicts:     759000 | #Constraints:      67645
c #Conflicts:     760000 | #Constraints:      68645
c #Conflicts:     761000 | #Constraints:      69645
c #Conflicts:     762000 | #Constraints:      70645
c #Conflicts:     763000 | #Constraints:      71645
c #Conflicts:     764000 | #Constraints:      72645
c #Conflicts:     765000 | #Constraints:      73645
c #Conflicts:     766000 | #Constraints:      74645
c #Conflicts:     767000 | #Constraints:      75645
c #Conflicts:     768000 | #Constraints:      76645
c #Conflicts:     769000 | #Constraints:      77645
c #Conflicts:     770000 | #Constraints:      78645
c #Conflicts:     771000 | #Constraints:      79645
c #Conflicts:     772000 | #Constraints:      80645
c #Conflicts:     773000 | #Constraints:      81645
c #Conflicts:     774000 | #Constraints:      82645
c #Conflicts:     775000 | #Constraints:      83645
c #Conflicts:     776000 | #Constraints:      84645
c #Conflicts:     777000 | #Constraints:      85645
c #Conflicts:     778000 | #Constraints:      86645
c #Conflicts:     779000 | #Constraints:      87645
c #Conflicts:     780000 | #Constraints:      88645
c #Conflicts:     781000 | #Constraints:      89645
c #Conflicts:     782000 | #Constraints:      90645
c #Conflicts:     783000 | #Constraints:      91645
c #Conflicts:     784000 | #Constraints:      92645
c #Conflicts:     785000 | #Constraints:      93645
c INPROCESSING
c GARBAGE COLLECT
c #Conflicts:     786000 | #Constraints:      51704
c #Conflicts:     787000 | #Constraints:      52704
c #Conflicts:     788000 | #Constraints:      53704
c #Conflicts:     789000 | #Constraints:      54704
c #Conflicts:     790000 | #Constraints:      55704
c #Conflicts:     791000 | #Constraints:      56704
c #Conflicts:     792000 | #Constraints:      57704
c #Conflicts:     793000 | #Constraints:      58704
c #Conflicts:     794000 | #Constraints:      59704
c #Conflicts:     795000 | #Constraints:      60704
c #Conflicts:     796000 | #Constraints:      61704
c #Conflicts:     797000 | #Constraints:      62704
c #Conflicts:     798000 | #Constraints:      63704
c #Conflicts:     799000 | #Constraints:      64704
c #Conflicts:     800000 | #Constraints:      65704
c #Conflicts:     801000 | #Constraints:      66704
c #Conflicts:     802000 | #Constraints:      67704
c #Conflicts:     803000 | #Constraints:      68704
c #Conflicts:     804000 | #Constraints:      69704
c #Conflicts:     805000 | #Constraints:      70704
c #Conflicts:     806000 | #Constraints:      71704
c #Conflicts:     807000 | #Constraints:      72704
c #Conflicts:     808000 | #Constraints:      73704
c INPROCESSING
c GARBAGE COLLECT
c #Conflicts:     809000 | #Constraints:      41739
c #Conflicts:     810000 | #Constraints:      42739
c #Conflicts:     811000 | #Constraints:      43739
c #Conflicts:     812000 | #Constraints:      44739
c #Conflicts:     813000 | #Constraints:      45739
c #Conflicts:     814000 | #Constraints:      46739
c #Conflicts:     815000 | #Constraints:      47739
c #Conflicts:     816000 | #Constraints:      48739
c #Conflicts:     817000 | #Constraints:      49739
c #Conflicts:     818000 | #Constraints:      50739
c #Conflicts:     819000 | #Constraints:      51739
c #Conflicts:     820000 | #Constraints:      52739
c #Conflicts:     821000 | #Constraints:      53739
c #Conflicts:     822000 | #Constraints:      54739
c #Conflicts:     823000 | #Constraints:      55739
c #Conflicts:     824000 | #Constraints:      56739
c #Conflicts:     825000 | #Constraints:      57739
c #Conflicts:     826000 | #Constraints:      58739
c #Conflicts:     827000 | #Constraints:      59739
c #Conflicts:     828000 | #Constraints:      60739
c #Conflicts:     829000 | #Constraints:      61739
c #Conflicts:     830000 | #Constraints:      62739
c #Conflicts:     831000 | #Constraints:      63739
c INPROCESSING
c GARBAGE COLLECT
c #Conflicts:     832000 | #Constraints:      36708
c #Conflicts:     833000 | #Constraints:      37708
c #Conflicts:     834000 | #Constraints:      38708
c #Conflicts:     835000 | #Constraints:      39708
c #Conflicts:     836000 | #Constraints:      40708
c #Conflicts:     837000 | #Constraints:      41708
c #Conflicts:     838000 | #Constraints:      42708
c #Conflicts:     839000 | #Constraints:      43708
c #Conflicts:     840000 | #Constraints:      44708
c #Conflicts:     841000 | #Constraints:      45708
c #Conflicts:     842000 | #Constraints:      46708
c #Conflicts:     843000 | #Constraints:      47708
c #Conflicts:     844000 | #Constraints:      48708
c #Conflicts:     845000 | #Constraints:      49708
c #Conflicts:     846000 | #Constraints:      50708
c #Conflicts:     847000 | #Constraints:      51708
c #Conflicts:     848000 | #Constraints:      52708
c #Conflicts:     849000 | #Constraints:      53708
c #Conflicts:     850000 | #Constraints:      54708
c #Conflicts:     851000 | #Constraints:      55708
c #Conflicts:     852000 | #Constraints:      56708
c #Conflicts:     853000 | #Constraints:      57708
c #Conflicts:     854000 | #Constraints:      58708
c #Conflicts:     855000 | #Constraints:      59708
c #Conflicts:     856000 | #Constraints:      60708
c #Conflicts:     857000 | #Constraints:      61708
c #Conflicts:     858000 | #Constraints:      62708
c #Conflicts:     859000 | #Constraints:      63708
c #Conflicts:     860000 | #Constraints:      64708
c #Conflicts:     861000 | #Constraints:      65708
c #Conflicts:     862000 | #Constraints:      66708
c #Conflicts:     863000 | #Constraints:      67708
c #Conflicts:     864000 | #Constraints:      68708
c #Conflicts:     865000 | #Constraints:      69708
c #Conflicts:     866000 | #Constraints:      70708
c #Conflicts:     867000 | #Constraints:      71708
c #Conflicts:     868000 | #Constraints:      72708
c #Conflicts:     869000 | #Constraints:      73708
c #Conflicts:     870000 | #Constraints:      74708
c #Conflicts:     871000 | #Constraints:      75708
c #Conflicts:     872000 | #Constraints:      76708
c #Conflicts:     873000 | #Constraints:      77708
c #Conflicts:     874000 | #Constraints:      78708
c #Conflicts:     875000 | #Constraints:      79708
c #Conflicts:     876000 | #Constraints:      80708
c #Conflicts:     877000 | #Constraints:      81708
c #Conflicts:     878000 | #Constraints:      82708
c #Conflicts:     879000 | #Constraints:      83708
c #Conflicts:     880000 | #Constraints:      84708
c #Conflicts:     881000 | #Constraints:      85708
c #Conflicts:     882000 | #Constraints:      86708
c #Conflicts:     883000 | #Constraints:      87708
c #Conflicts:     884000 | #Constraints:      88708
c #Conflicts:     885000 | #Constraints:      89708
c #Conflicts:     886000 | #Constraints:      90708
c #Conflicts:     887000 | #Constraints:      91708
c #Conflicts:     888000 | #Constraints:      92708
c #Conflicts:     889000 | #Constraints:      93708
c #Conflicts:     890000 | #Constraints:      94708
c #Conflicts:     891000 | #Constraints:      95708
c #Conflicts:     892000 | #Constraints:      96708
c #Conflicts:     893000 | #Constraints:      97708
c #Conflicts:     894000 | #Constraints:      98708
c #Conflicts:     895000 | #Constraints:      99708
c INPROCESSING
c GARBAGE COLLECT
c #Conflicts:     896000 | #Constraints:      54698
c #Conflicts:     897000 | #Constraints:      55698
c #Conflicts:     898000 | #Constraints:      56698
c #Conflicts:     899000 | #Constraints:      57698
c #Conflicts:     900000 | #Constraints:      58698
c #Conflicts:     901000 | #Constraints:      59698
c #Conflicts:     902000 | #Constraints:      60698
c #Conflicts:     903000 | #Constraints:      61698
c #Conflicts:     904000 | #Constraints:      62698
c #Conflicts:     905000 | #Constraints:      63698
c #Conflicts:     906000 | #Constraints:      64698
c #Conflicts:     907000 | #Constraints:      65698
c #Conflicts:     908000 | #Constraints:      66698
c #Conflicts:     909000 | #Constraints:      67698
c #Conflicts:     910000 | #Constraints:      68698
c #Conflicts:     911000 | #Constraints:      69698
c #Conflicts:     912000 | #Constraints:      70698
c #Conflicts:     913000 | #Constraints:      71698
c #Conflicts:     914000 | #Constraints:      72698
c #Conflicts:     915000 | #Constraints:      73698
c #Conflicts:     916000 | #Constraints:      74698
c #Conflicts:     917000 | #Constraints:      75698
c #Conflicts:     918000 | #Constraints:      76698
c #Conflicts:     919000 | #Constraints:      77698
c #Conflicts:     920000 | #Constraints:      78698
c INPROCESSING
c GARBAGE COLLECT
c #Conflicts:     921000 | #Constraints:      44452
c #Conflicts:     922000 | #Constraints:      45452
c #Conflicts:     923000 | #Constraints:      46452
c #Conflicts:     924000 | #Constraints:      47452
c #Conflicts:     925000 | #Constraints:      48452
c #Conflicts:     926000 | #Constraints:      49452
c #Conflicts:     927000 | #Constraints:      50452
c #Conflicts:     928000 | #Constraints:      51452
c #Conflicts:     929000 | #Constraints:      52452
c #Conflicts:     930000 | #Constraints:      53452
c #Conflicts:     931000 | #Constraints:      54452
c #Conflicts:     932000 | #Constraints:      55452
c #Conflicts:     933000 | #Constraints:      56452
c #Conflicts:     934000 | #Constraints:      57452
c #Conflicts:     935000 | #Constraints:      58452
c #Conflicts:     936000 | #Constraints:      59452
c #Conflicts:     937000 | #Constraints:      60452
c #Conflicts:     938000 | #Constraints:      61452
c #Conflicts:     939000 | #Constraints:      62452
c #Conflicts:     940000 | #Constraints:      63452
c #Conflicts:     941000 | #Constraints:      64452
c #Conflicts:     942000 | #Constraints:      65452
c #Conflicts:     943000 | #Constraints:      66452
c #Conflicts:     944000 | #Constraints:      67452
c INPROCESSING
c GARBAGE COLLECT
c #Conflicts:     945000 | #Constraints:      38454
c #Conflicts:     946000 | #Constraints:      39454
c #Conflicts:     947000 | #Constraints:      40454
c #Conflicts:     948000 | #Constraints:      41454
c #Conflicts:     949000 | #Constraints:      42454
c #Conflicts:     950000 | #Constraints:      43454
c #Conflicts:     951000 | #Constraints:      44454
c #Conflicts:     952000 | #Constraints:      45454
c #Conflicts:     953000 | #Constraints:      46454
c #Conflicts:     954000 | #Constraints:      47454
c #Conflicts:     955000 | #Constraints:      48454
c #Conflicts:     956000 | #Constraints:      49454
c #Conflicts:     957000 | #Constraints:      50454
c #Conflicts:     958000 | #Constraints:      51454
c #Conflicts:     959000 | #Constraints:      52454
c #Conflicts:     960000 | #Constraints:      53454
c #Conflicts:     961000 | #Constraints:      54454
c #Conflicts:     962000 | #Constraints:      55454
c #Conflicts:     963000 | #Constraints:      56454
c #Conflicts:     964000 | #Constraints:      57454
c #Conflicts:     965000 | #Constraints:      58454
c #Conflicts:     966000 | #Constraints:      59454
c #Conflicts:     967000 | #Constraints:      60454
c #Conflicts:     968000 | #Constraints:      61454
c #Conflicts:     969000 | #Constraints:      62454
c #Conflicts:     970000 | #Constraints:      63454
c #Conflicts:     971000 | #Constraints:      64454
c #Conflicts:     972000 | #Constraints:      65454
c #Conflicts:     973000 | #Constraints:      66454
c #Conflicts:     974000 | #Constraints:      67454
c #Conflicts:     975000 | #Constraints:      68454
c #Conflicts:     976000 | #Constraints:      69454
c #Conflicts:     977000 | #Constraints:      70454
c #Conflicts:     978000 | #Constraints:      71454
c #Conflicts:     979000 | #Constraints:      72454
c #Conflicts:     980000 | #Constraints:      73454
c #Conflicts:     981000 | #Constraints:      74454
c #Conflicts:     982000 | #Constraints:      75454
c #Conflicts:     983000 | #Constraints:      76454
c #Conflicts:     984000 | #Constraints:      77454
c #Conflicts:     985000 | #Constraints:      78454
c #Conflicts:     986000 | #Constraints:      79454
c #Conflicts:     987000 | #Constraints:      80454
c #Conflicts:     988000 | #Constraints:      81454
c #Conflicts:     989000 | #Constraints:      82454
c #Conflicts:     990000 | #Constraints:      83454
c #Conflicts:     991000 | #Constraints:      84454
c #Conflicts:     992000 | #Constraints:      85454
c #Conflicts:     993000 | #Constraints:      86454
c #Conflicts:     994000 | #Constraints:      87454
c #Conflicts:     995000 | #Constraints:      88454
c #Conflicts:     996000 | #Constraints:      89454
c #Conflicts:     997000 | #Constraints:      90454
c #Conflicts:     998000 | #Constraints:      91454
c #Conflicts:     999000 | #Constraints:      92454
c #Conflicts:    1000000 | #Constraints:      93454
c #Conflicts:    1001000 | #Constraints:      94454
c #Conflicts:    1002000 | #Constraints:      95454
c #Conflicts:    1003000 | #Constraints:      96454
c #Conflicts:    1004000 | #Constraints:      97454
c #Conflicts:    1005000 | #Constraints:      98454
c #Conflicts:    1006000 | #Constraints:      99454
c #Conflicts:    1007000 | #Constraints:     100454
c bounds -1980 >= -2960 @ 6431.75
c #Conflicts:    1008000 | #Constraints:     101481
c #Conflicts:    1009000 | #Constraints:     102481
c #Conflicts:    1010000 | #Constraints:     103481
c #Conflicts:    1011000 | #Constraints:     104481
c #Conflicts:    1012000 | #Constraints:     105481
c INPROCESSING
c GARBAGE COLLECT
c #Conflicts:    1013000 | #Constraints:      57412
c #Conflicts:    1014000 | #Constraints:      58412
c #Conflicts:    1015000 | #Constraints:      59412
c #Conflicts:    1016000 | #Constraints:      60412
c #Conflicts:    1017000 | #Constraints:      61412
c #Conflicts:    1018000 | #Constraints:      62412
c #Conflicts:    1019000 | #Constraints:      63412
c #Conflicts:    1020000 | #Constraints:      64412
c #Conflicts:    1021000 | #Constraints:      65412
c #Conflicts:    1022000 | #Constraints:      66412
c #Conflicts:    1023000 | #Constraints:      67412
c #Conflicts:    1024000 | #Constraints:      68412
c #Conflicts:    1025000 | #Constraints:      69412
c #Conflicts:    1026000 | #Constraints:      70412
c #Conflicts:    1027000 | #Constraints:      71412
c #Conflicts:    1028000 | #Constraints:      72412
c #Conflicts:    1029000 | #Constraints:      73412
c #Conflicts:    1030000 | #Constraints:      74412
c #Conflicts:    1031000 | #Constraints:      75412
c #Conflicts:    1032000 | #Constraints:      76412
c #Conflicts:    1033000 | #Constraints:      77412
c #Conflicts:    1034000 | #Constraints:      78412
c #Conflicts:    1035000 | #Constraints:      79412
c #Conflicts:    1036000 | #Constraints:      80412
c #Conflicts:    1037000 | #Constraints:      81412
c #Conflicts:    1038000 | #Constraints:      82412
c INPROCESSING
c GARBAGE COLLECT
c #Conflicts:    1039000 | #Constraints:      45912
c #Conflicts:    1040000 | #Constraints:      46912
c #Conflicts:    1041000 | #Constraints:      47912
c #Conflicts:    1042000 | #Constraints:      48912
c #Conflicts:    1043000 | #Constraints:      49912
c #Conflicts:    1044000 | #Constraints:      50912
c #Conflicts:    1045000 | #Constraints:      51912
c #Conflicts:    1046000 | #Constraints:      52912
c #Conflicts:    1047000 | #Constraints:      53912
c #Conflicts:    1048000 | #Constraints:      54912
c #Conflicts:    1049000 | #Constraints:      55912
c #Conflicts:    1050000 | #Constraints:      56912
c #Conflicts:    1051000 | #Constraints:      57912
c #Conflicts:    1052000 | #Constraints:      58912
c #Conflicts:    1053000 | #Constraints:      59912
c #Conflicts:    1054000 | #Constraints:      60912
c #Conflicts:    1055000 | #Constraints:      61912
c #Conflicts:    1056000 | #Constraints:      62912
c #Conflicts:    1057000 | #Constraints:      63912
c #Conflicts:    1058000 | #Constraints:      64912
c #Conflicts:    1059000 | #Constraints:      65912
c #Conflicts:    1060000 | #Constraints:      66912
c #Conflicts:    1061000 | #Constraints:      67912
c #Conflicts:    1062000 | #Constraints:      68912
c #Conflicts:    1063000 | #Constraints:      69912
c #Conflicts:    1064000 | #Constraints:      70912
c #Conflicts:    1065000 | #Constraints:      71912
c INPROCESSING
c GARBAGE COLLECT
c #Conflicts:    1066000 | #Constraints:      41044
c #Conflicts:    1067000 | #Constraints:      42044
c #Conflicts:    1068000 | #Constraints:      43044
c #Conflicts:    1069000 | #Constraints:      44044
c #Conflicts:    1070000 | #Constraints:      45044
c #Conflicts:    1071000 | #Constraints:      46044
c #Conflicts:    1072000 | #Constraints:      47044
c #Conflicts:    1073000 | #Constraints:      48044
c #Conflicts:    1074000 | #Constraints:      49044
c #Conflicts:    1075000 | #Constraints:      50044
c #Conflicts:    1076000 | #Constraints:      51044
c #Conflicts:    1077000 | #Constraints:      52044
c #Conflicts:    1078000 | #Constraints:      53044
c #Conflicts:    1079000 | #Constraints:      54044
c #Conflicts:    1080000 | #Constraints:      55044
c #Conflicts:    1081000 | #Constraints:      56044
c #Conflicts:    1082000 | #Constraints:      57044
c #Conflicts:    1083000 | #Constraints:      58044
c #Conflicts:    1084000 | #Constraints:      59044
c #Conflicts:    1085000 | #Constraints:      60044
c #Conflicts:    1086000 | #Constraints:      61044
c #Conflicts:    1087000 | #Constraints:      62044
c #Conflicts:    1088000 | #Constraints:      63044
c #Conflicts:    1089000 | #Constraints:      64044
c #Conflicts:    1090000 | #Constraints:      65044
c #Conflicts:    1091000 | #Constraints:      66044
c #Conflicts:    1092000 | #Constraints:      67044
c #Conflicts:    1093000 | #Constraints:      68044
c #Conflicts:    1094000 | #Constraints:      69044
c #Conflicts:    1095000 | #Constraints:      70044
c #Conflicts:    1096000 | #Constraints:      71044
c #Conflicts:    1097000 | #Constraints:      72044
c #Conflicts:    1098000 | #Constraints:      73044
c #Conflicts:    1099000 | #Constraints:      74044
c #Conflicts:    1100000 | #Constraints:      75044
c #Conflicts:    1101000 | #Constraints:      76044
c #Conflicts:    1102000 | #Constraints:      77044
c #Conflicts:    1103000 | #Constraints:      78044
c #Conflicts:    1104000 | #Constraints:      79044
c #Conflicts:    1105000 | #Constraints:      80044
c #Conflicts:    1106000 | #Constraints:      81044
c #Conflicts:    1107000 | #Constraints:      82044
c #Conflicts:    1108000 | #Constraints:      83044
c #Conflicts:    1109000 | #Constraints:      84044
c #Conflicts:    1110000 | #Constraints:      85044
c #Conflicts:    1111000 | #Constraints:      86044
c #Conflicts:    1112000 | #Constraints:      87044
c #Conflicts:    1113000 | #Constraints:      88044
c #Conflicts:    1114000 | #Constraints:      89044
c #Conflicts:    1115000 | #Constraints:      90044
c #Conflicts:    1116000 | #Constraints:      91044
c #Conflicts:    1117000 | #Constraints:      92044
c #Conflicts:    1118000 | #Constraints:      93044
c #Conflicts:    1119000 | #Constraints:      94044
c #Conflicts:    1120000 | #Constraints:      95044
c #Conflicts:    1121000 | #Constraints:      96044
c #Conflicts:    1122000 | #Constraints:      97044
c #Conflicts:    1123000 | #Constraints:      98044
c #Conflicts:    1124000 | #Constraints:      99044
c #Conflicts:    1125000 | #Constraints:     100044
c #Conflicts:    1126000 | #Constraints:     101044
c #Conflicts:    1127000 | #Constraints:     102044
c #Conflicts:    1128000 | #Constraints:     103044
c #Conflicts:    1129000 | #Constraints:     104044
c #Conflicts:    1130000 | #Constraints:     105044
c #Conflicts:    1131000 | #Constraints:     106044
c #Conflicts:    1132000 | #Constraints:     107044
c #Conflicts:    1133000 | #Constraints:     108044
c #Conflicts:    1134000 | #Constraints:     109044
c #Conflicts:    1135000 | #Constraints:     110044
c #Conflicts:    1136000 | #Constraints:     111044
c #Conflicts:    1137000 | #Constraints:     112044
c INPROCESSING
c GARBAGE COLLECT
c #Conflicts:    1138000 | #Constraints:      60963
c #Conflicts:    1139000 | #Constraints:      61963
c #Conflicts:    1140000 | #Constraints:      62963
c #Conflicts:    1141000 | #Constraints:      63963
c #Conflicts:    1142000 | #Constraints:      64963
c #Conflicts:    1143000 | #Constraints:      65963
c #Conflicts:    1144000 | #Constraints:      66963
c #Conflicts:    1145000 | #Constraints:      67963
c #Conflicts:    1146000 | #Constraints:      68963
c #Conflicts:    1147000 | #Constraints:      69963
c #Conflicts:    1148000 | #Constraints:      70963
c #Conflicts:    1149000 | #Constraints:      71963
c #Conflicts:    1150000 | #Constraints:      72963
c #Conflicts:    1151000 | #Constraints:      73963
c #Conflicts:    1152000 | #Constraints:      74963
c #Conflicts:    1153000 | #Constraints:      75963
c #Conflicts:    1154000 | #Constraints:      76963
c #Conflicts:    1155000 | #Constraints:      77963
c #Conflicts:    1156000 | #Constraints:      78963
c #Conflicts:    1157000 | #Constraints:      79963
c #Conflicts:    1158000 | #Constraints:      80963
c #Conflicts:    1159000 | #Constraints:      81963
c #Conflicts:    1160000 | #Constraints:      82963
c #Conflicts:    1161000 | #Constraints:      83963
c #Conflicts:    1162000 | #Constraints:      84963
c #Conflicts:    1163000 | #Constraints:      85963
c #Conflicts:    1164000 | #Constraints:      86963
c INPROCESSING
c GARBAGE COLLECT
c #Conflicts:    1165000 | #Constraints:      48181
c #Conflicts:    1166000 | #Constraints:      49181
c #Conflicts:    1167000 | #Constraints:      50181
c #Conflicts:    1168000 | #Constraints:      51181
c #Conflicts:    1169000 | #Constraints:      52181
c #Conflicts:    1170000 | #Constraints:      53181
c #Conflicts:    1171000 | #Constraints:      54181
c #Conflicts:    1172000 | #Constraints:      55181
c #Conflicts:    1173000 | #Constraints:      56181
c #Conflicts:    1174000 | #Constraints:      57181
c #Conflicts:    1175000 | #Constraints:      58181
c #Conflicts:    1176000 | #Constraints:      59181
c #Conflicts:    1177000 | #Constraints:      60181
c #Conflicts:    1178000 | #Constraints:      61181
c #Conflicts:    1179000 | #Constraints:      62181
c #Conflicts:    1180000 | #Constraints:      63181
c #Conflicts:    1181000 | #Constraints:      64181
c #Conflicts:    1182000 | #Constraints:      65181
c #Conflicts:    1183000 | #Constraints:      66181
c #Conflicts:    1184000 | #Constraints:      67181
c #Conflicts:    1185000 | #Constraints:      68181
c #Conflicts:    1186000 | #Constraints:      69181
c #Conflicts:    1187000 | #Constraints:      70181
c #Conflicts:    1188000 | #Constraints:      71181
c #Conflicts:    1189000 | #Constraints:      72181
c #Conflicts:    1190000 | #Constraints:      73181
c #Conflicts:    1191000 | #Constraints:      74181
c #Conflicts:    1192000 | #Constraints:      75181
c INPROCESSING
c GARBAGE COLLECT
c #Conflicts:    1193000 | #Constraints:      42465
c #Conflicts:    1194000 | #Constraints:      43465
c #Conflicts:    1195000 | #Constraints:      44465
c #Conflicts:    1196000 | #Constraints:      45465
c #Conflicts:    1197000 | #Constraints:      46465
c #Conflicts:    1198000 | #Constraints:      47465
c #Conflicts:    1199000 | #Constraints:      48465
c #Conflicts:    1200000 | #Constraints:      49465
c #Conflicts:    1201000 | #Constraints:      50465
c #Conflicts:    1202000 | #Constraints:      51465
c #Conflicts:    1203000 | #Constraints:      52465
c #Conflicts:    1204000 | #Constraints:      53465
c #Conflicts:    1205000 | #Constraints:      54465
c #Conflicts:    1206000 | #Constraints:      55465
c #Conflicts:    1207000 | #Constraints:      56465
c #Conflicts:    1208000 | #Constraints:      57465
c #Conflicts:    1209000 | #Constraints:      58465
c #Conflicts:    1210000 | #Constraints:      59465
c #Conflicts:    1211000 | #Constraints:      60465
c #Conflicts:    1212000 | #Constraints:      61465
c #Conflicts:    1213000 | #Constraints:      62465
c #Conflicts:    1214000 | #Constraints:      63465
c #Conflicts:    1215000 | #Constraints:      64465
c #Conflicts:    1216000 | #Constraints:      65465
c #Conflicts:    1217000 | #Constraints:      66465
c #Conflicts:    1218000 | #Constraints:      67465
c #Conflicts:    1219000 | #Constraints:      68465
c #Conflicts:    1220000 | #Constraints:      69465
c #Conflicts:    1221000 | #Constraints:      70465
c #Conflicts:    1222000 | #Constraints:      71465
c #Conflicts:    1223000 | #Constraints:      72465
c #Conflicts:    1224000 | #Constraints:      73465
c #Conflicts:    1225000 | #Constraints:      74465
c #Conflicts:    1226000 | #Constraints:      75465
c #Conflicts:    1227000 | #Constraints:      76465
c #Conflicts:    1228000 | #Constraints:      77465
c #Conflicts:    1229000 | #Constraints:      78465
c #Conflicts:    1230000 | #Constraints:      79465
c #Conflicts:    1231000 | #Constraints:      80465
c #Conflicts:    1232000 | #Constraints:      81465
c #Conflicts:    1233000 | #Constraints:      82465
c #Conflicts:    1234000 | #Constraints:      83465
c #Conflicts:    1235000 | #Constraints:      84465
c #Conflicts:    1236000 | #Constraints:      85465
c #Conflicts:    1237000 | #Constraints:      86465
c #Conflicts:    1238000 | #Constraints:      87465
c #Conflicts:    1239000 | #Constraints:      88465
c #Conflicts:    1240000 | #Constraints:      89465
c #Conflicts:    1241000 | #Constraints:      90465
c #Conflicts:    1242000 | #Constraints:      91465
c #Conflicts:    1243000 | #Constraints:      92465
c #Conflicts:    1244000 | #Constraints:      93465
c #Conflicts:    1245000 | #Constraints:      94465
c #Conflicts:    1246000 | #Constraints:      95465
c #Conflicts:    1247000 | #Constraints:      96465
c #Conflicts:    1248000 | #Constraints:      97465
c #Conflicts:    1249000 | #Constraints:      98465
c #Conflicts:    1250000 | #Constraints:      99465
c #Conflicts:    1251000 | #Constraints:     100465
c #Conflicts:    1252000 | #Constraints:     101465
c #Conflicts:    1253000 | #Constraints:     102465
c #Conflicts:    1254000 | #Constraints:     103465
c #Conflicts:    1255000 | #Constraints:     104465
c bounds -1980 >= -2951 @ 9368
c #Conflicts:    1256000 | #Constraints:     105498
c #Conflicts:    1257000 | #Constraints:     106498
c #Conflicts:    1258000 | #Constraints:     107498
c #Conflicts:    1259000 | #Constraints:     108498
c #Conflicts:    1260000 | #Constraints:     109498
c #Conflicts:    1261000 | #Constraints:     110498
c #Conflicts:    1262000 | #Constraints:     111498
c #Conflicts:    1263000 | #Constraints:     112498
c #Conflicts:    1264000 | #Constraints:     113498
c #Conflicts:    1265000 | #Constraints:     114498
c #Conflicts:    1266000 | #Constraints:     115498
c #Conflicts:    1267000 | #Constraints:     116498
c #Conflicts:    1268000 | #Constraints:     117498
c #Conflicts:    1269000 | #Constraints:     118498
c INPROCESSING
c GARBAGE COLLECT
c #Conflicts:    1270000 | #Constraints:      64393
c #Conflicts:    1271000 | #Constraints:      65393
c #Conflicts:    1272000 | #Constraints:      66393
c #Conflicts:    1273000 | #Constraints:      67393
c #Conflicts: