c RoundingSat 2
c branch 
c commit 
c #variables 1890 #constraints 2604
c bounds - >= -10395 @ 0.009918
c bounds 0 >= -10395 @ 0.010327
c bounds 0 >= -10347 @ 0.010327
c bounds 0 >= -10299 @ 0.010327
c bounds 0 >= -10251 @ 0.010327
c bounds 0 >= -10203 @ 0.010408
c bounds 0 >= -10155 @ 0.010485
c bounds 0 >= -10107 @ 0.010562
c bounds 0 >= -10059 @ 0.01064
c bounds 0 >= -10011 @ 0.010717
c bounds 0 >= -9963 @ 0.010791
c bounds 0 >= -9915 @ 0.010865
c bounds 0 >= -9867 @ 0.01094
c bounds 0 >= -9819 @ 0.011014
c bounds 0 >= -9771 @ 0.01109
c bounds 0 >= -9723 @ 0.011165
c bounds 0 >= -9675 @ 0.011239
c bounds 0 >= -9627 @ 0.01131
c bounds 0 >= -9579 @ 0.011375
c bounds 0 >= -9531 @ 0.011449
c bounds 0 >= -9483 @ 0.011522
c bounds 0 >= -9435 @ 0.011596
c bounds 0 >= -9387 @ 0.011671
c bounds 0 >= -9339 @ 0.011743
c bounds 0 >= -9291 @ 0.011815
c bounds 0 >= -9243 @ 0.011888
c bounds 0 >= -9195 @ 0.011959
c bounds 0 >= -9147 @ 0.012031
c bounds 0 >= -9099 @ 0.012104
c bounds 0 >= -9051 @ 0.012176
c bounds 0 >= -9003 @ 0.012251
c bounds 0 >= -8955 @ 0.012324
c bounds 0 >= -8907 @ 0.012397
c bounds 0 >= -8859 @ 0.012468
c bounds 0 >= -8811 @ 0.012542
c bounds 0 >= -8763 @ 0.01306
c bounds 0 >= -8715 @ 0.013134
c bounds 0 >= -8667 @ 0.013202
c bounds 0 >= -8619 @ 0.013269
c bounds 0 >= -8571 @ 0.013337
c bounds 0 >= -8523 @ 0.013404
c bounds 0 >= -8475 @ 0.013471
c bounds 0 >= -8427 @ 0.013537
c bounds 0 >= -8379 @ 0.013603
c bounds 0 >= -8331 @ 0.013671
c bounds 0 >= -8283 @ 0.013737
c bounds 0 >= -8235 @ 0.013804
c bounds 0 >= -8187 @ 0.013869
c bounds 0 >= -8139 @ 0.013934
c bounds 0 >= -8091 @ 0.014
c bounds 0 >= -8043 @ 0.014065
c bounds 0 >= -7995 @ 0.014129
c bounds 0 >= -7947 @ 0.014194
c bounds 0 >= -7899 @ 0.014259
c bounds 0 >= -7851 @ 0.014326
c bounds 0 >= -7803 @ 0.014392
c bounds 0 >= -7755 @ 0.014456
c bounds 0 >= -7707 @ 0.01452
c bounds 0 >= -7659 @ 0.014585
c bounds 0 >= -7611 @ 0.01465
c bounds 0 >= -7563 @ 0.014719
c bounds 0 >= -7515 @ 0.014784
c bounds 0 >= -7467 @ 0.014848
c bounds 0 >= -7419 @ 0.014912
c bounds 0 >= -7371 @ 0.014979
c bounds -1518 >= -7371 @ 0.04791
c bounds -1519 >= -7371 @ 0.049763
c bounds -1520 >= -7371 @ 0.050637
c bounds -1521 >= -7371 @ 0.051143
c bounds -1522 >= -7371 @ 0.052392
c bounds -1523 >= -7371 @ 0.054912
c bounds -1524 >= -7371 @ 0.057352
c bounds -1525 >= -7371 @ 0.059116
c bounds -1526 >= -7371 @ 0.061573
c bounds -1527 >= -7371 @ 0.061859
c bounds -1528 >= -7371 @ 0.06447
c bounds -1528 >= -7350 @ 0.064618
c bounds -1528 >= -7329 @ 0.064726
c bounds -1528 >= -7308 @ 0.064866
c bounds -1528 >= -7266 @ 0.065072
c bounds -1528 >= -7224 @ 0.065268
c bounds -1528 >= -7182 @ 0.065458
c bounds -1528 >= -7140 @ 0.065648
c bounds -1528 >= -7098 @ 0.06584
c bounds -1528 >= -7056 @ 0.066032
c bounds -1528 >= -7014 @ 0.066219
c bounds -1528 >= -6993 @ 0.066405
c bounds -1528 >= -6951 @ 0.066591
c bounds -1528 >= -6909 @ 0.066769
c bounds -1528 >= -6888 @ 0.066952
c bounds -1528 >= -6846 @ 0.067131
c bounds -1528 >= -6804 @ 0.067307
c bounds -1528 >= -6762 @ 0.067481
c bounds -1528 >= -6720 @ 0.067656
c bounds -1528 >= -6678 @ 0.067822
c bounds -1528 >= -6636 @ 0.067989
c bounds -1528 >= -6594 @ 0.068154
c bounds -1528 >= -6552 @ 0.068317
c bounds -1528 >= -6510 @ 0.068472
c bounds -1528 >= -6468 @ 0.06863
c bounds -1528 >= -6426 @ 0.068826
c bounds -1528 >= -6384 @ 0.068982
c bounds -1528 >= -6342 @ 0.069141
c bounds -1528 >= -6300 @ 0.069294
c bounds -1528 >= -6258 @ 0.069479
c bounds -1529 >= -6258 @ 0.072329
c bounds -1529 >= -6216 @ 0.072519
c bounds -1529 >= -6174 @ 0.072693
c bounds -1529 >= -6132 @ 0.072861
c bounds -1529 >= -6090 @ 0.073024
c bounds -1529 >= -6069 @ 0.073197
c bounds -1529 >= -6027 @ 0.073361
c bounds -1529 >= -5985 @ 0.073514
c bounds -1529 >= -5943 @ 0.073655
c bounds -1529 >= -5901 @ 0.07379
c bounds -1529 >= -5859 @ 0.07393
c bounds -1529 >= -5817 @ 0.074069
c bounds -1529 >= -5775 @ 0.074217
c bounds -1529 >= -5733 @ 0.074384
c bounds -1529 >= -5691 @ 0.074531
c bounds -1529 >= -5649 @ 0.074665
c bounds -1529 >= -5607 @ 0.074789
c bounds -1529 >= -5565 @ 0.074917
c bounds -1529 >= -5523 @ 0.075033
c bounds -1529 >= -5481 @ 0.075167
c bounds -1529 >= -5439 @ 0.075286
c bounds -1529 >= -5397 @ 0.075402
c bounds -1529 >= -5355 @ 0.075514
c bounds -1529 >= -5313 @ 0.075623
c bounds -1529 >= -5271 @ 0.075732
c bounds -1529 >= -5229 @ 0.075841
c bounds -1529 >= -5187 @ 0.075951
c bounds -1529 >= -5145 @ 0.076063
c bounds -1529 >= -5103 @ 0.076212
c bounds -1529 >= -5061 @ 0.076375
c bounds -1529 >= -5019 @ 0.076488
c bounds -1529 >= -4977 @ 0.076593
c bounds -1529 >= -4935 @ 0.076695
c bounds -1529 >= -4893 @ 0.076788
c bounds -1529 >= -4851 @ 0.076803
c bounds -1529 >= -4809 @ 0.076803
c bounds -1529 >= -4767 @ 0.076803
c bounds -1529 >= -4725 @ 0.076803
c #Conflicts:       1000 | #Constraints:       4006
c bounds -1530 >= -4725 @ 0.348012
c bounds -1531 >= -4725 @ 0.352042
c bounds -1534 >= -4725 @ 0.354781
c bounds -1535 >= -4725 @ 0.357526
c bounds -1538 >= -4725 @ 0.360602
c bounds -1539 >= -4725 @ 0.362846
c bounds -1540 >= -4725 @ 0.366496
c bounds -1541 >= -4725 @ 0.369486
c bounds -1542 >= -4725 @ 0.370482
c bounds -1543 >= -4725 @ 0.374669
c bounds -1544 >= -4725 @ 0.37822
c bounds -1548 >= -4725 @ 0.382683
c bounds -1551 >= -4725 @ 0.387524
c bounds -1554 >= -4725 @ 0.397684
c bounds -1555 >= -4725 @ 0.401367
c bounds -1556 >= -4725 @ 0.404473
c bounds -1557 >= -4725 @ 0.409118
c bounds -1558 >= -4725 @ 0.413321
c bounds -1559 >= -4725 @ 0.418196
c bounds -1560 >= -4725 @ 0.420779
c bounds -1563 >= -4725 @ 0.424825
c bounds -1564 >= -4725 @ 0.427815
c bounds -1565 >= -4725 @ 0.4316
c bounds -1566 >= -4725 @ 0.434732
c bounds -1567 >= -4725 @ 0.436726
c bounds -1568 >= -4725 @ 0.43872
c bounds -1569 >= -4725 @ 0.442348
c bounds -1570 >= -4725 @ 0.446694
c bounds -1571 >= -4725 @ 0.450683
c bounds -1572 >= -4725 @ 0.45544
c bounds -1573 >= -4725 @ 0.460733
c bounds -1574 >= -4725 @ 0.464643
c bounds -1575 >= -4725 @ 0.470086
c bounds -1575 >= -4725 @ 0.472398
c cpu time 0.472401 s
c deterministic time 24227544 2.42e+07
c optimization time 0.011057 s
c total solve time 0.45148 s
c core-guided solve time 0.309271 s
c propagation time 0.273562 s
c conflict analysis time 0.092605 s
c propagations 137033
c resolve steps 4456
c decisions 81979
c conflicts 1582
c restarts 10
c inprocessing phases 0
c input clauses 2545
c input cardinalities 192
c input general constraints 300
c input average constraint length 36.97
c input average constraint degree 151.28
c learned clauses 254
c learned cardinalities 101
c learned general constraints 1228
c learned average constraint length 408.23
c learned average constraint degree 5305.90
c watched constraints 1377
c counting constraints 151
c gcd simplifications 6
c detected cardinalities 6
c weakened non-implied lits 35040
c weakened non-implying lits 72
c original variables 1890
c clausal propagations 43259
c cardinality propagations 45639
c watched propagations 26842
c counting propagations 13647
c watch lookups 413681
c watch backjump lookups 143059
c watch checks 15189889
c propagation checks 6967368
c constraint additions 1073950
c trail pops 220584
c formula constraints 2604
c learned constraints 1583
c bound constraints 175
c core-guided constraints 258
c encountered formula constraints 3807
c encountered learned constraints 2022
c encountered bound constraints 67
c encountered core-guided constraints 141
c LP total time 0 s
c LP solve time 0 s
c LP constraints added 0
c LP constraints removed 0
c LP pivots internal 0
c LP pivots root 0
c LP calls 0
c LP optimalities 0
c LP no pivot count 0
c LP infeasibilities 0
c LP valid Farkas constraints 0
c LP learned Farkas constraints 0
c LP basis resets 0
c LP cycling count 0
c LP singular count 0
c LP no primal count 0
c LP no farkas count 0
c LP other issue count 0
c LP Gomory cuts 0
c LP learned cuts 0
c LP deleted cuts 0
c LP encountered Gomory constraints 0
c LP encountered Farkas constraints 0
c LP encountered learned Farkas constraints 0
c CG auxiliary variables introduced 129
c CG solutions found 46
c CG cores constructed 129
c CG core cardinality constraints returned 123
c CG unit cores 0
c CG single cores 129
c CG blocks removed during cardinality reduction 0
c CG first core best 0
c CG decision core best 0
c CG core reduction tie 0
c CG core degree average 1.95
c CG core slack average 1.00
o -1575
s OPTIMUM FOUND
