c RoundingSat 2
c branch 
c commit 
c #variables 1260 #constraints 649553
c bounds - >= -6930 @ 2.9267
c bounds 0 >= -6930 @ 2.94312
c bounds 0 >= -6882 @ 2.94328
c bounds 0 >= -6834 @ 2.94336
c bounds 0 >= -6786 @ 2.94342
c bounds 0 >= -6738 @ 2.94348
c bounds 0 >= -6690 @ 2.94353
c bounds 0 >= -6642 @ 2.94359
c bounds 0 >= -6594 @ 2.94365
c bounds 0 >= -6546 @ 2.9437
c bounds 0 >= -6498 @ 2.94375
c bounds 0 >= -6450 @ 2.94381
c bounds 0 >= -6402 @ 2.94386
c bounds 0 >= -6354 @ 2.94391
c bounds 0 >= -6306 @ 2.94397
c bounds 0 >= -6258 @ 2.94402
c bounds 0 >= -6210 @ 2.94407
c bounds 0 >= -6162 @ 2.94413
c bounds 0 >= -6114 @ 2.94418
c bounds 0 >= -6066 @ 2.94423
c bounds 0 >= -6018 @ 2.94428
c bounds 0 >= -5970 @ 2.94434
c bounds 0 >= -5922 @ 2.94439
c bounds 0 >= -5874 @ 2.94444
c bounds 0 >= -5826 @ 2.9445
c bounds 0 >= -5778 @ 2.94455
c bounds 0 >= -5730 @ 2.9446
c bounds 0 >= -5682 @ 2.94465
c bounds 0 >= -5634 @ 2.94471
c bounds 0 >= -5586 @ 2.94476
c bounds 0 >= -5538 @ 2.94482
c bounds 0 >= -5490 @ 2.94487
c bounds 0 >= -5442 @ 2.94492
c bounds 0 >= -5394 @ 2.94497
c bounds 0 >= -5346 @ 2.94502
c bounds 0 >= -5298 @ 2.94508
c bounds 0 >= -5250 @ 2.94513
c bounds 0 >= -5202 @ 2.94518
c bounds 0 >= -5154 @ 2.94523
c bounds 0 >= -5106 @ 2.94528
c bounds 0 >= -5058 @ 2.94533
c bounds 0 >= -5010 @ 2.94538
c bounds 0 >= -4962 @ 2.94543
c bounds 0 >= -4914 @ 2.94548
c #Conflicts:       1000 | #Constraints:     650679
c #Conflicts:       2000 | #Constraints:     651679
c INPROCESSING
c bounds -170 >= -4914 @ 3.7586
c bounds -179 >= -4914 @ 3.7638
c bounds -183 >= -4914 @ 3.78669
c bounds -208 >= -4914 @ 3.79976
c bounds -233 >= -4914 @ 3.80496
c bounds -242 >= -4914 @ 3.80617
c bounds -251 >= -4914 @ 3.81442
c bounds -267 >= -4914 @ 3.8182
c bounds -283 >= -4914 @ 3.82021
c bounds -286 >= -4914 @ 3.82362
c bounds -293 >= -4914 @ 3.83553
c bounds -302 >= -4914 @ 3.83731
c bounds -311 >= -4914 @ 3.84111
c bounds -320 >= -4914 @ 3.8523
c bounds -327 >= -4914 @ 3.85624
c bounds -336 >= -4914 @ 3.86423
c bounds -345 >= -4914 @ 3.86662
c bounds -370 >= -4914 @ 3.8797
c bounds -385 >= -4914 @ 3.88671
c bounds -394 >= -4914 @ 3.8897
c bounds -401 >= -4914 @ 3.89654
c bounds -410 >= -4914 @ 3.89867
c bounds -419 >= -4914 @ 3.8995
c bounds -428 >= -4914 @ 3.90543
c bounds -437 >= -4914 @ 3.91701
c bounds -444 >= -4914 @ 4.03661
c bounds -453 >= -4914 @ 4.07362
c bounds -462 >= -4914 @ 4.09681
c bounds -471 >= -4914 @ 4.14592
c bounds -480 >= -4914 @ 4.15956
c bounds -484 >= -4914 @ 4.24475
c #Conflicts:       3000 | #Constraints:     651706
c bounds -500 >= -4914 @ 4.32575
c bounds -500 >= -4872 @ 4.32653
c bounds -500 >= -4851 @ 4.32661
c bounds -500 >= -4809 @ 4.3267
c bounds -500 >= -4767 @ 4.32677
c bounds -500 >= -4725 @ 4.32685
c bounds -500 >= -4704 @ 4.32693
c bounds -500 >= -4662 @ 4.32701
c bounds -500 >= -4620 @ 4.32708
c bounds -500 >= -4578 @ 4.32717
c bounds -500 >= -4536 @ 4.3273
c bounds -500 >= -4494 @ 4.32742
c bounds -500 >= -4452 @ 4.32755
c bounds -500 >= -4410 @ 4.32767
c bounds -500 >= -4368 @ 4.32777
c bounds -500 >= -4326 @ 4.32788
c bounds -500 >= -4284 @ 4.32798
c bounds -500 >= -4242 @ 4.3281
c bounds -500 >= -4200 @ 4.32823
c bounds -500 >= -4158 @ 4.32834
c bounds -500 >= -4116 @ 4.32847
c bounds -500 >= -4095 @ 4.3286
c bounds -500 >= -4053 @ 4.32872
c bounds -500 >= -4011 @ 4.32882
c bounds -500 >= -3969 @ 4.32893
c bounds -500 >= -3927 @ 4.32903
c bounds -500 >= -3906 @ 4.32916
c bounds -500 >= -3864 @ 4.32926
c bounds -500 >= -3822 @ 4.32936
c bounds -500 >= -3780 @ 4.32946
c bounds -500 >= -3738 @ 4.32956
c bounds -500 >= -3696 @ 4.32965
c bounds -500 >= -3654 @ 4.32974
c bounds -500 >= -3612 @ 4.32982
c bounds -500 >= -3570 @ 4.32991
c bounds -500 >= -3528 @ 4.32999
c bounds -500 >= -3486 @ 4.33008
c bounds -500 >= -3444 @ 4.33015
c bounds -500 >= -3402 @ 4.33023
c bounds -500 >= -3360 @ 4.33032
c bounds -500 >= -3318 @ 4.3304
c bounds -500 >= -3276 @ 4.33048
c bounds -500 >= -3234 @ 4.33056
c bounds -500 >= -3192 @ 4.33064
c bounds -500 >= -3150 @ 4.33071
c #Conflicts:       4000 | #Constraints:     652841
c INPROCESSING
c bounds -509 >= -3150 @ 5.08529
c bounds -521 >= -3150 @ 5.19347
c bounds -521 >= -3118 @ 5.19372
c bounds -521 >= -3086 @ 5.19382
c bounds -521 >= -3054 @ 5.1939
c bounds -521 >= -3022 @ 5.19398
c bounds -521 >= -2990 @ 5.19407
c bounds -521 >= -2958 @ 5.19416
c bounds -521 >= -2926 @ 5.19424
c bounds -521 >= -2894 @ 5.19434
c bounds -521 >= -2862 @ 5.19442
c bounds -521 >= -2830 @ 5.1945
c bounds -521 >= -2798 @ 5.19457
c bounds -521 >= -2766 @ 5.19464
c bounds -521 >= -2734 @ 5.19473
c bounds -521 >= -2702 @ 5.1948
c bounds -521 >= -2670 @ 5.19487
c bounds -521 >= -2638 @ 5.19494
c bounds -521 >= -2606 @ 5.19501
c bounds -521 >= -2574 @ 5.19509
c bounds -521 >= -2542 @ 5.19517
c bounds -521 >= -2510 @ 5.19525
c bounds -521 >= -2478 @ 5.19534
c bounds -521 >= -2446 @ 5.19541
c bounds -521 >= -2414 @ 5.19549
c bounds -521 >= -2382 @ 5.19559
c bounds -521 >= -2350 @ 5.1957
c bounds -521 >= -2318 @ 5.19572
c bounds -521 >= -2286 @ 5.19572
c bounds -521 >= -2254 @ 5.19572
c bounds -521 >= -2222 @ 5.19572
c bounds -521 >= -2190 @ 5.19572
c bounds -521 >= -2158 @ 5.19572
c bounds -521 >= -2126 @ 5.19572
c bounds -521 >= -2094 @ 5.19572
c bounds -521 >= -2062 @ 5.19572
c bounds -521 >= -2030 @ 5.19572
c bounds -521 >= -1998 @ 5.19573
c bounds -521 >= -1966 @ 5.1958
c bounds -521 >= -1934 @ 5.19587
c bounds -521 >= -1902 @ 5.19594
c bounds -521 >= -1870 @ 5.19604
c bounds -521 >= -1838 @ 5.1961
c bounds -521 >= -1806 @ 5.19618
c #Conflicts:       5000 | #Constraints:     652362
c #Conflicts:       6000 | #Constraints:     653362
c INPROCESSING
c bounds -524 >= -1806 @ 6.37691
c #Conflicts:       7000 | #Constraints:     652370
c bounds -533 >= -1806 @ 7.10805
c bounds -533 >= -1788 @ 7.10819
c bounds -533 >= -1770 @ 7.10827
c bounds -533 >= -1752 @ 7.10833
c bounds -533 >= -1734 @ 7.1084
c bounds -533 >= -1716 @ 7.10847
c bounds -533 >= -1698 @ 7.10854
c bounds -533 >= -1680 @ 7.10862
c bounds -533 >= -1662 @ 7.10868
c bounds -533 >= -1644 @ 7.10876
c bounds -533 >= -1626 @ 7.10883
c bounds -533 >= -1608 @ 7.10889
c bounds -533 >= -1590 @ 7.10895
c bounds -533 >= -1572 @ 7.10902
c bounds -533 >= -1554 @ 7.10908
c bounds -533 >= -1536 @ 7.10914
c bounds -533 >= -1518 @ 7.10921
c bounds -533 >= -1500 @ 7.10927
c bounds -533 >= -1482 @ 7.10934
c bounds -533 >= -1464 @ 7.1094
c bounds -533 >= -1446 @ 7.10947
c bounds -533 >= -1428 @ 7.10948
c bounds -533 >= -1410 @ 7.10948
c bounds -533 >= -1392 @ 7.10948
c bounds -533 >= -1383 @ 7.10948
c bounds -533 >= -1365 @ 7.10948
c bounds -533 >= -1347 @ 7.10948
c bounds -533 >= -1329 @ 7.10948
c bounds -533 >= -1311 @ 7.10948
c bounds -533 >= -1293 @ 7.10948
c bounds -533 >= -1275 @ 7.10948
c bounds -533 >= -1257 @ 7.10948
c bounds -533 >= -1239 @ 7.10948
c bounds -533 >= -1221 @ 7.10948
c bounds -533 >= -1203 @ 7.10948
c bounds -533 >= -1185 @ 7.10948
c bounds -533 >= -1167 @ 7.10948
c bounds -533 >= -1149 @ 7.10948
c bounds -533 >= -1140 @ 7.10948
c bounds -533 >= -1122 @ 7.10948
c bounds -533 >= -1104 @ 7.10948
c bounds -533 >= -1086 @ 7.10948
c bounds -533 >= -1068 @ 7.10948
c bounds -533 >= -1050 @ 7.10948
c #Conflicts:       8000 | #Constraints:     653501
c bounds -613 >= -1050 @ 7.19948
c bounds -682 >= -1050 @ 7.40239
c bounds -687 >= -1050 @ 7.40851
c bounds -692 >= -1050 @ 7.41337
c bounds -697 >= -1050 @ 7.47015
c #Conflicts:       9000 | #Constraints:     654506
c INPROCESSING
c GARBAGE COLLECT
c #Conflicts:      10000 | #Constraints:     653207
c bounds -702 >= -1050 @ 8.73944
c #Conflicts:      11000 | #Constraints:     654208
c #Conflicts:      12000 | #Constraints:     655208
c INPROCESSING
c bounds -707 >= -1050 @ 10.2389
c #Conflicts:      13000 | #Constraints:     653695
c #Conflicts:      14000 | #Constraints:     654695
c #Conflicts:      15000 | #Constraints:     655695
c INPROCESSING
c GARBAGE COLLECT
c #Conflicts:      16000 | #Constraints:     653915
c #Conflicts:      17000 | #Constraints:     654915
c #Conflicts:      18000 | #Constraints:     655915
c INPROCESSING
c #Conflicts:      19000 | #Constraints:     653938
c #Conflicts:      20000 | #Constraints:     654938
c #Conflicts:      21000 | #Constraints:     655938
c INPROCESSING
c #Conflicts:      22000 | #Constraints:     653760
c bounds -712 >= -1050 @ 21.7079
c #Conflicts:      23000 | #Constraints:     654761
c #Conflicts:      24000 | #Constraints:     655761
c #Conflicts:      25000 | #Constraints:     656761
c INPROCESSING
c GARBAGE COLLECT
c #Conflicts:      26000 | #Constraints:     654333
c #Conflicts:      27000 | #Constraints:     655333
c #Conflicts:      28000 | #Constraints:     656333
c #Conflicts:      29000 | #Constraints:     657333
c INPROCESSING
c #Conflicts:      30000 | #Constraints:     654765
c #Conflicts:      31000 | #Constraints:     655765
c #Conflicts:      32000 | #Constraints:     656765
c #Conflicts:      33000 | #Constraints:     657765
c INPROCESSING
c GARBAGE COLLECT
c #Conflicts:      34000 | #Constraints:     654908
c #Conflicts:      35000 | #Constraints:     655908
c #Conflicts:      36000 | #Constraints:     656908
c #Conflicts:      37000 | #Constraints:     657908
c INPROCESSING
c #Conflicts:      38000 | #Constraints:     654939
c #Conflicts:      39000 | #Constraints:     655939
c #Conflicts:      40000 | #Constraints:     656939
c #Conflicts:      41000 | #Constraints:     657939
c INPROCESSING
c GARBAGE COLLECT
c #Conflicts:      42000 | #Constraints:     654770
c #Conflicts:      43000 | #Constraints:     655770
c #Conflicts:      44000 | #Constraints:     656770
c #Conflicts:      45000 | #Constraints:     657770
c #Conflicts:      46000 | #Constraints:     658770
c INPROCESSING
c GARBAGE COLLECT
c #Conflicts:      47000 | #Constraints:     655315
c #Conflicts:      48000 | #Constraints:     656315
c #Conflicts:      49000 | #Constraints:     657315
c #Conflicts:      50000 | #Constraints:     658315
c #Conflicts:      51000 | #Constraints:     659315
c INPROCESSING
c #Conflicts:      52000 | #Constraints:     655750
c #Conflicts:      53000 | #Constraints:     656750
c #Conflicts:      54000 | #Constraints:     657750
c #Conflicts:      55000 | #Constraints:     658750
c #Conflicts:      56000 | #Constraints:     659750
c INPROCESSING
c GARBAGE COLLECT
c #Conflicts:      57000 | #Constraints:     655981
c #Conflicts:      58000 | #Constraints:     656981
c #Conflicts:      59000 | #Constraints:     657981
c bounds -717 >= -1050 @ 81.3612
c #Conflicts:      60000 | #Constraints:     658982
c #Conflicts:      61000 | #Constraints:     659982
c INPROCESSING
c GARBAGE COLLECT
c #Conflicts:      62000 | #Constraints:     655934
c #Conflicts:      63000 | #Constraints:     656934
c #Conflicts:      64000 | #Constraints:     657934
c #Conflicts:      65000 | #Constraints:     658934
c #Conflicts:      66000 | #Constraints:     659934
c INPROCESSING
c #Conflicts:      67000 | #Constraints:     655768
c #Conflicts:      68000 | #Constraints:     656768
c #Conflicts:      69000 | #Constraints:     657768
c #Conflicts:      70000 | #Constraints:     658768
c #Conflicts:      71000 | #Constraints:     659768
c #Conflicts:      72000 | #Constraints:     660768
c INPROCESSING
c GARBAGE COLLECT
c #Conflicts:      73000 | #Constraints:     656301
c #Conflicts:      74000 | #Constraints:     657301
c #Conflicts:      75000 | #Constraints:     658301
c #Conflicts:      76000 | #Constraints:     659301
c #Conflicts:      77000 | #Constraints:     660301
c #Conflicts:      78000 | #Constraints:     661301
c INPROCESSING
c #Conflicts:      79000 | #Constraints:     656757
c #Conflicts:      80000 | #Constraints:     657757
c #Conflicts:      81000 | #Constraints:     658757
c #Conflicts:      82000 | #Constraints:     659757
c #Conflicts:      83000 | #Constraints:     660757
c #Conflicts:      84000 | #Constraints:     661757
c INPROCESSING
c GARBAGE COLLECT
c #Conflicts:      85000 | #Constraints:     656970
c #Conflicts:      86000 | #Constraints:     657970
c #Conflicts:      87000 | #Constraints:     658970
c #Conflicts:      88000 | #Constraints:     659970
c #Conflicts:      89000 | #Constraints:     660970
c #Conflicts:      90000 | #Constraints:     661970
c INPROCESSING
c #Conflicts:      91000 | #Constraints:     656993
c #Conflicts:      92000 | #Constraints:     657993
c #Conflicts:      93000 | #Constraints:     658993
c #Conflicts:      94000 | #Constraints:     659993
c #Conflicts:      95000 | #Constraints:     660993
c #Conflicts:      96000 | #Constraints:     661993
c INPROCESSING
c GARBAGE COLLECT
c #Conflicts:      97000 | #Constraints:     656741
c #Conflicts:      98000 | #Constraints:     657741
c #Conflicts:      99000 | #Constraints:     658741
c #Conflicts:     100000 | #Constraints:     659741
c #Conflicts:     101000 | #Constraints:     660741
c #Conflicts:     102000 | #Constraints:     661741
c #Conflicts:     103000 | #Constraints:     662741
c INPROCESSING
c #Conflicts:     104000 | #Constraints:     657364
c #Conflicts:     105000 | #Constraints:     658364
c #Conflicts:     106000 | #Constraints:     659364
c #Conflicts:     107000 | #Constraints:     660364
c #Conflicts:     108000 | #Constraints:     661364
c #Conflicts:     109000 | #Constraints:     662364
c #Conflicts:     110000 | #Constraints:     663364
c INPROCESSING
c GARBAGE COLLECT
c #Conflicts:     111000 | #Constraints:     657725
c #Conflicts:     112000 | #Constraints:     658725
c #Conflicts:     113000 | #Constraints:     659725
c #Conflicts:     114000 | #Constraints:     660725
c #Conflicts:     115000 | #Constraints:     661725
c #Conflicts:     116000 | #Constraints:     662725
c #Conflicts:     117000 | #Constraints:     663725
c INPROCESSING
c #Conflicts:     118000 | #Constraints:     657965
c #Conflicts:     119000 | #Constraints:     658965
c #Conflicts:     120000 | #Constraints:     659965
c #Conflicts:     121000 | #Constraints:     660965
c #Conflicts:     122000 | #Constraints:     661965
c #Conflicts:     123000 | #Constraints:     662965
c #Conflicts:     124000 | #Constraints:     663965
c INPROCESSING
c GARBAGE COLLECT
c #Conflicts:     125000 | #Constraints:     657980
c bounds -720 >= -1050 @ 230.412
c #Conflicts:     126000 | #Constraints:     658981
c bounds -725 >= -1050 @ 231.521
c #Conflicts:     127000 | #Constraints:     659982
c #Conflicts:     128000 | #Constraints:     660982
c #Conflicts:     129000 | #Constraints:     661982
c #Conflicts:     130000 | #Constraints:     662982
c #Conflicts:     131000 | #Constraints:     663982
c INPROCESSING
c GARBAGE COLLECT
c #Conflicts:     132000 | #Constraints:     657760
c #Conflicts:     133000 | #Constraints:     658760
c #Conflicts:     134000 | #Constraints:     659760
c #Conflicts:     135000 | #Constraints:     660760
c #Conflicts:     136000 | #Constraints:     661760
c #Conflicts:     137000 | #Constraints:     662760
c #Conflicts:     138000 | #Constraints:     663760
c #Conflicts:     139000 | #Constraints:     664760
c INPROCESSING
c bounds -727 >= -1050 @ 266.886
c #Conflicts:     140000 | #Constraints:     658394
c #Conflicts:     141000 | #Constraints:     659394
c #Conflicts:     142000 | #Constraints:     660394
c #Conflicts:     143000 | #Constraints:     661394
c #Conflicts:     144000 | #Constraints:     662394
c #Conflicts:     145000 | #Constraints:     663394
c #Conflicts:     146000 | #Constraints:     664394
c #Conflicts:     147000 | #Constraints:     665394
c INPROCESSING
c GARBAGE COLLECT
c #Conflicts:     148000 | #Constraints:     658732
c #Conflicts:     149000 | #Constraints:     659732
c #Conflicts:     150000 | #Constraints:     660732
c #Conflicts:     151000 | #Constraints:     661732
c #Conflicts:     152000 | #Constraints:     662732
c #Conflicts:     153000 | #Constraints:     663732
c #Conflicts:     154000 | #Constraints:     664732
c #Conflicts:     155000 | #Constraints:     665732
c INPROCESSING
c #Conflicts:     156000 | #Constraints:     658958
c #Conflicts:     157000 | #Constraints:     659958
c #Conflicts:     158000 | #Constraints:     660958
c #Conflicts:     159000 | #Constraints:     661958
c #Conflicts:     160000 | #Constraints:     662958
c #Conflicts:     161000 | #Constraints:     663958
c #Conflicts:     162000 | #Constraints:     664958
c #Conflicts:     163000 | #Constraints:     665958
c INPROCESSING
c GARBAGE COLLECT
c #Conflicts:     164000 | #Constraints:     658980
c #Conflicts:     165000 | #Constraints:     659980
c #Conflicts:     166000 | #Constraints:     660980
c #Conflicts:     167000 | #Constraints:     661980
c #Conflicts:     168000 | #Constraints:     662980
c #Conflicts:     169000 | #Constraints:     663980
c #Conflicts:     170000 | #Constraints:     664980
c #Conflicts:     171000 | #Constraints:     665980
c INPROCESSING
c GARBAGE COLLECT
c #Conflicts:     172000 | #Constraints:     658708
c #Conflicts:     173000 | #Constraints:     659708
c #Conflicts:     174000 | #Constraints:     660708
c #Conflicts:     175000 | #Constraints:     661708
c #Conflicts:     176000 | #Constraints:     662708
c #Conflicts:     177000 | #Constraints:     663708
c #Conflicts:     178000 | #Constraints:     664708
c #Conflicts:     179000 | #Constraints:     665708
c #Conflicts:     180000 | #Constraints:     666708
c INPROCESSING
c GARBAGE COLLECT
c #Conflicts:     181000 | #Constraints:     659362
c #Conflicts:     182000 | #Constraints:     660362
c #Conflicts:     183000 | #Constraints:     661362
c #Conflicts:     184000 | #Constraints:     662362
c #Conflicts:     185000 | #Constraints:     663362
c #Conflicts:     186000 | #Constraints:     664362
c #Conflicts:     187000 | #Constraints:     665362
c #Conflicts:     188000 | #Constraints:     666362
c #Conflicts:     189000 | #Constraints:     667362
c INPROCESSING
c GARBAGE COLLECT
c #Conflicts:     190000 | #Constraints:     659712
c #Conflicts:     191000 | #Constraints:     660712
c #Conflicts:     192000 | #Constraints:     661712
c #Conflicts:     193000 | #Constraints:     662712
c #Conflicts:     194000 | #Constraints:     663712
c #Conflicts:     195000 | #Constraints:     664712
c #Conflicts:     196000 | #Constraints:     665712
c #Conflicts:     197000 | #Constraints:     666712
c #Conflicts:     198000 | #Constraints:     667712
c INPROCESSING
c GARBAGE COLLECT
c #Conflicts:     199000 | #Constraints:     659957
c #Conflicts:     200000 | #Constraints:     660957
c #Conflicts:     201000 | #Constraints:     661957
c #Conflicts:     202000 | #Constraints:     662957
c #Conflicts:     203000 | #Constraints:     663957
c #Conflicts:     204000 | #Constraints:     664957
c #Conflicts:     205000 | #Constraints:     665957
c #Conflicts:     206000 | #Constraints:     666957
c #Conflicts:     207000 | #Constraints:     667957
c INPROCESSING
c GARBAGE COLLECT
c #Conflicts:     208000 | #Constraints:     659989
c #Conflicts:     209000 | #Constraints:     660989
c #Conflicts:     210000 | #Constraints:     661989
c #Conflicts:     211000 | #Constraints:     662989
c #Conflicts:     212000 | #Constraints:     663989
c #Conflicts:     213000 | #Constraints:     664989
c #Conflicts:     214000 | #Constraints:     665989
c #Conflicts:     215000 | #Constraints:     666989
c #Conflicts:     216000 | #Constraints:     667989
c INPROCESSING
c GARBAGE COLLECT
c #Conflicts:     217000 | #Constraints:     659745
c #Conflicts:     218000 | #Constraints:     660745
c #Conflicts:     219000 | #Constraints:     661745
c #Conflicts:     220000 | #Constraints:     662745
c #Conflicts:     221000 | #Constraints:     663745
c #Conflicts:     222000 | #Constraints:     664745
c #Conflicts:     223000 | #Constraints:     665745
c #Conflicts:     224000 | #Constraints:     666745
c #Conflicts:     225000 | #Constraints:     667745
c #Conflicts:     226000 | #Constraints:     668745
c INPROCESSING
c GARBAGE COLLECT
c #Conflicts:     227000 | #Constraints:     660363
c #Conflicts:     228000 | #Constraints:     661363
c #Conflicts:     229000 | #Constraints:     662363
c #Conflicts:     230000 | #Constraints:     663363
c #Conflicts:     231000 | #Constraints:     664363
c #Conflicts:     232000 | #Constraints:     665363
c #Conflicts:     233000 | #Constraints:     666363
c #Conflicts:     234000 | #Constraints:     667363
c #Conflicts:     235000 | #Constraints:     668363
c #Conflicts:     236000 | #Constraints:     669363
c INPROCESSING
c GARBAGE COLLECT
c #Conflicts:     237000 | #Constraints:     660785
c #Conflicts:     238000 | #Constraints:     661785
c #Conflicts:     239000 | #Constraints:     662785
c #Conflicts:     240000 | #Constraints:     663785
c #Conflicts:     241000 | #Constraints:     664785
c #Conflicts:     242000 | #Constraints:     665785
c #Conflicts:     243000 | #Constraints:     666785
c #Conflicts:     244000 | #Constraints:     667785
c #Conflicts:     245000 | #Constraints:     668785
c #Conflicts:     246000 | #Constraints:     669785
c INPROCESSING
c GARBAGE COLLECT
c #Conflicts:     247000 | #Constraints:     660947
c #Conflicts:     248000 | #Constraints:     661947
c #Conflicts:     249000 | #Constraints:     662947
c #Conflicts:     250000 | #Constraints:     663947
c #Conflicts:     251000 | #Constraints:     664947
c #Conflicts:     252000 | #Constraints:     665947
c #Conflicts:     253000 | #Constraints:     666947
c #Conflicts:     254000 | #Constraints:     667947
c #Conflicts:     255000 | #Constraints:     668947
c #Conflicts:     256000 | #Constraints:     669947
c INPROCESSING
c GARBAGE COLLECT
c #Conflicts:     257000 | #Constraints:     660987
c #Conflicts:     258000 | #Constraints:     661987
c #Conflicts:     259000 | #Constraints:     662987
c #Conflicts:     260000 | #Constraints:     663987
c #Conflicts:     261000 | #Constraints:     664987
c #Conflicts:     262000 | #Constraints:     665987
c #Conflicts:     263000 | #Constraints:     666987
c #Conflicts:     264000 | #Constraints:     667987
c #Conflicts:     265000 | #Constraints:     668987
c #Conflicts:     266000 | #Constraints:     669987
c INPROCESSING
c GARBAGE COLLECT
c #Conflicts:     267000 | #Constraints:     660719
c #Conflicts:     268000 | #Constraints:     661719
c #Conflicts:     269000 | #Constraints:     662719
c #Conflicts:     270000 | #Constraints:     663719
c #Conflicts:     271000 | #Constraints:     664719
c #Conflicts:     272000 | #Constraints:     665719
c #Conflicts:     273000 | #Constraints:     666719
c #Conflicts:     274000 | #Constraints:     667719
c #Conflicts:     275000 | #Constraints:     668719
c #Conflicts:     276000 | #Constraints:     669719
c #Conflicts:     277000 | #Constraints:     670719
c INPROCESSING
c GARBAGE COLLECT
c #Conflicts:     278000 | #Constraints:     661368
c #Conflicts:     279000 | #Constraints:     662368
c #Conflicts:     280000 | #Constraints:     663368
c #Conflicts:     281000 | #Constraints:     664368
c #Conflicts:     282000 | #Constraints:     665368
c #Conflicts:     283000 | #Constraints:     666368
c #Conflicts:     284000 | #Constraints:     667368
c #Conflicts:     285000 | #Constraints:     668368
c #Conflicts:     286000 | #Constraints:     669368
c #Conflicts:     287000 | #Constraints:     670368
c #Conflicts:     288000 | #Constraints:     671368
c INPROCESSING
c GARBAGE COLLECT
c #Conflicts:     289000 | #Constraints:     661800
c #Conflicts:     290000 | #Constraints:     662800
c #Conflicts:     291000 | #Constraints:     663800
c #Conflicts:     292000 | #Constraints:     664800
c #Conflicts:     293000 | #Constraints:     665800
c #Conflicts:     294000 | #Constraints:     666800
c #Conflicts:     295000 | #Constraints:     667800
c #Conflicts:     296000 | #Constraints:     668800
c #Conflicts:     297000 | #Constraints:     669800
c #Conflicts:     298000 | #Constraints:     670800
c #Conflicts:     299000 | #Constraints:     671800
c INPROCESSING
c GARBAGE COLLECT
c #Conflicts:     300000 | #Constraints:     661912
c #Conflicts:     301000 | #Constraints:     662912
c #Conflicts:     302000 | #Constraints:     663912
c #Conflicts:     303000 | #Constraints:     664912
c #Conflicts:     304000 | #Constraints:     665912
c #Conflicts:     305000 | #Constraints:     666912
c #Conflicts:     306000 | #Constraints:     667912
c #Conflicts:     307000 | #Constraints:     668912
c #Conflicts:     308000 | #Constraints:     669912
c #Conflicts:     309000 | #Constraints:     670912
c #Conflicts:     310000 | #Constraints:     671912
c INPROCESSING
c GARBAGE COLLECT
c #Conflicts:     311000 | #Constraints:     661966
c #Conflicts:     312000 | #Constraints:     662966
c #Conflicts:     313000 | #Constraints:     663966
c #Conflicts:     314000 | #Constraints:     664966
c #Conflicts:     315000 | #Constraints:     665966
c #Conflicts:     316000 | #Constraints:     666966
c #Conflicts:     317000 | #Constraints:     667966
c #Conflicts:     318000 | #Constraints:     668966
c #Conflicts:     319000 | #Constraints:     669966
c #Conflicts:     320000 | #Constraints:     670966
c #Conflicts:     321000 | #Constraints:     671966
c INPROCESSING
c GARBAGE COLLECT
c #Conflicts:     322000 | #Constraints:     661732
c #Conflicts:     323000 | #Constraints:     662732
c #Conflicts:     324000 | #Constraints:     663732
c #Conflicts:     325000 | #Constraints:     664732
c #Conflicts:     326000 | #Constraints:     665732
c #Conflicts:     327000 | #Constraints:     666732
c #Conflicts:     328000 | #Constraints:     667732
c #Conflicts:     329000 | #Constraints:     668732
c #Conflicts:     330000 | #Constraints:     669732
c #Conflicts:     331000 | #Constraints:     670732
c #Conflicts:     332000 | #Constraints:     671732
c #Conflicts:     333000 | #Constraints:     672732
c INPROCESSING
c GARBAGE COLLECT
c #Conflicts:     334000 | #Constraints:     662386
c #Conflicts:     335000 | #Constraints:     663386
c #Conflicts:     336000 | #Constraints:     664386
c #Conflicts:     337000 | #Constraints:     665386
c #Conflicts:     338000 | #Constraints:     666386
c #Conflicts:     339000 | #Constraints:     667386
c #Conflicts:     340000 | #Constraints:     668386
c #Conflicts:     341000 | #Constraints:     669386
c #Conflicts:     342000 | #Constraints:     670386
c #Conflicts:     343000 | #Constraints:     671386
c #Conflicts:     344000 | #Constraints:     672386
c #Conflicts:     345000 | #Constraints:     673386
c INPROCESSING
c GARBAGE COLLECT
c #Conflicts:     346000 | #Constraints:     662811
c #Conflicts:     347000 | #Constraints:     663811
c #Conflicts:     348000 | #Constraints:     664811
c #Conflicts:     349000 | #Constraints:     665811
c #Conflicts:     350000 | #Constraints:     666811
c #Conflicts:     351000 | #Constraints:     667811
c #Conflicts:     352000 | #Constraints:     668811
c #Conflicts:     353000 | #Constraints:     669811
c #Conflicts:     354000 | #Constraints:     670811
c #Conflicts:     355000 | #Constraints:     671811
c #Conflicts:     356000 | #Constraints:     672811
c #Conflicts:     357000 | #Constraints:     673811
c INPROCESSING
c GARBAGE COLLECT
c #Conflicts:     358000 | #Constraints:     662944
c #Conflicts:     359000 | #Constraints:     663944
c #Conflicts:     360000 | #Constraints:     664944
c #Conflicts:     361000 | #Constraints:     665944
c #Conflicts:     362000 | #Constraints:     666944
c #Conflicts:     363000 | #Constraints:     667944
c #Conflicts:     364000 | #Constraints:     668944
c #Conflicts:     365000 | #Constraints:     669944
c #Conflicts:     366000 | #Constraints:     670944
c #Conflicts:     367000 | #Constraints:     671944
c #Conflicts:     368000 | #Constraints:     672944
c #Conflicts:     369000 | #Constraints:     673944
c INPROCESSING
c GARBAGE COLLECT
c #Conflicts:     370000 | #Constraints:     662992
c #Conflicts:     371000 | #Constraints:     663992
c #Conflicts:     372000 | #Constraints:     664992
c #Conflicts:     373000 | #Constraints:     665992
c #Conflicts:     374000 | #Constraints:     666992
c #Conflicts:     375000 | #Constraints:     667992
c #Conflicts:     376000 | #Constraints:     668992
c #Conflicts:     377000 | #Constraints:     669992
c #Conflicts:     378000 | #Constraints:     670992
c #Conflicts:     379000 | #Constraints:     671992
c #Conflicts:     380000 | #Constraints:     672992
c #Conflicts:     381000 | #Constraints:     673992
c INPROCESSING
c GARBAGE COLLECT
c #Conflicts:     382000 | #Constraints:     662732
c #Conflicts:     383000 | #Constraints:     663732
c #Conflicts:     384000 | #Constraints:     664732
c #Conflicts:     385000 | #Constraints:     665732
c #Conflicts:     386000 | #Constraints:     666732
c #Conflicts:     387000 | #Constraints:     667732
c #Conflicts:     388000 | #Constraints:     668732
c #Conflicts:     389000 | #Constraints:     669732
c #Conflicts:     390000 | #Constraints:     670732
c #Conflicts:     391000 | #Constraints:     671732
c #Conflicts:     392000 | #Constraints:     672732
c #Conflicts:     393000 | #Constraints:     673732
c #Conflicts:     394000 | #Constraints:     674732
c INPROCESSING
c GARBAGE COLLECT
c #Conflicts:     395000 | #Constraints:     663377
c #Conflicts:     396000 | #Constraints:     664377
c #Conflicts:     397000 | #Constraints:     665377
c #Conflicts:     398000 | #Constraints:     666377
c #Conflicts:     399000 | #Constraints:     667377
c #Conflicts:     400000 | #Constraints:     668377
c #Conflicts:     401000 | #Constraints:     669377
c #Conflicts:     402000 | #Constraints:     670377
c #Conflicts:     403000 | #Constraints:     671377
c #Conflicts:     404000 | #Constraints:     672377
c #Conflicts:     405000 | #Constraints:     673377
c #Conflicts:     406000 | #Constraints:     674377
c #Conflicts:     407000 | #Constraints:     675377
c INPROCESSING
c GARBAGE COLLECT
c #Conflicts:     408000 | #Constraints:     663809
c #Conflicts:     409000 | #Constraints:     664809
c #Conflicts:     410000 | #Constraints:     665809
c #Conflicts:     411000 | #Constraints:     666809
c #Conflicts:     412000 | #Constraints:     667809
c #Conflicts:     413000 | #Constraints:     668809
c #Conflicts:     414000 | #Constraints:     669809
c #Conflicts:     415000 | #Constraints:     670809
c #Conflicts:     416000 | #Constraints:     671809
c #Conflicts:     417000 | #Constraints:     672809
c #Conflicts:     418000 | #Constraints:     673809
c #Conflicts:     419000 | #Constraints:     674809
c #Conflicts:     420000 | #Constraints:     675809
c INPROCESSING
c GARBAGE COLLECT
c #Conflicts:     421000 | #Constraints:     663968
c #Conflicts:     422000 | #Constraints:     664968
c #Conflicts:     423000 | #Constraints:     665968
c #Conflicts:     424000 | #Constraints:     666968
c #Conflicts:     425000 | #Constraints:     667968
c #Conflicts:     426000 | #Constraints:     668968
c #Conflicts:     427000 | #Constraints:     669968
c #Conflicts:     428000 | #Constraints:     670968
c #Conflicts:     429000 | #Constraints:     671968
c #Conflicts:     430000 | #Constraints:     672968
c #Conflicts:     431000 | #Constraints:     673968
c #Conflicts:     432000 | #Constraints:     674968
c #Conflicts:     433000 | #Constraints:     675968
c INPROCESSING
c GARBAGE COLLECT
c #Conflicts:     434000 | #Constraints:     663995
c #Conflicts:     435000 | #Constraints:     664995
c #Conflicts:     436000 | #Constraints:     665995
c #Conflicts:     437000 | #Constraints:     666995
c #Conflicts:     438000 | #Constraints:     667995
c #Conflicts:     439000 | #Constraints:     668995
c #Conflicts:     440000 | #Constraints:     669995
c #Conflicts:     441000 | #Constraints:     670995
c #Conflicts:     442000 | #Constraints:     671995
c #Conflicts:     443000 | #Constraints:     672995
c #Conflicts:     444000 | #Constraints:     673995
c #Conflicts:     445000 | #Constraints:     674995
c #Conflicts:     446000 | #Constraints:     675995
c INPROCESSING
c GARBAGE COLLECT
c #Conflicts:     447000 | #Constraints:     663814
c #Conflicts:     448000 | #Constraints:     664814
c #Conflicts:     449000 | #Constraints:     665814
c #Conflicts:     450000 | #Constraints:     666814
c #Conflicts:     451000 | #Constraints:     667814
c #Conflicts:     452000 | #Constraints:     668814
c #Conflicts:     453000 | #Constraints:     669814
c #Conflicts:     454000 | #Constraints:     670814
c #Conflicts:     455000 | #Constraints:     671814
c #Conflicts:     456000 | #Constraints:     672814
c #Conflicts:     457000 | #Constraints:     673814
c #Conflicts:     458000 | #Constraints:     674814
c #Conflicts:     459000 | #Constraints:     675814
c #Conflicts:     460000 | #Constraints:     676814
c INPROCESSING
c GARBAGE COLLECT
c #Conflicts:     461000 | #Constraints:     664353
c #Conflicts:     462000 | #Constraints:     665353
c #Conflicts:     463000 | #Constraints:     666353
c #Conflicts:     464000 | #Constraints:     667353
c #Conflicts:     465000 | #Constraints:     668353
c #Conflicts:     466000 | #Constraints:     669353
c #Conflicts:     467000 | #Constraints:     670353
c #Conflicts:     468000 | #Constraints:     671353
c #Conflicts:     469000 | #Constraints:     672353
c #Conflicts:     470000 | #Constraints:     673353
c #Conflicts:     471000 | #Constraints:     674353
c #Conflicts:     472000 | #Constraints:     675353
c #Conflicts:     473000 | #Constraints:     676353
c #Conflicts:     474000 | #Constraints:     677353
c INPROCESSING
c GARBAGE COLLECT
c #Conflicts:     475000 | #Constraints:     664787
c #Conflicts:     476000 | #Constraints:     665787
c #Conflicts:     477000 | #Constraints:     666787
c #Conflicts:     478000 | #Constraints:     667787
c #Conflicts:     479000 | #Constraints:     668787
c #Conflicts:     480000 | #Constraints:     669787
c #Conflicts:     481000 | #Constraints:     670787
c #Conflicts:     482000 | #Constraints:     671787
c #Conflicts:     483000 | #Constraints:     672787
c #Conflicts:     484000 | #Constraints:     673787
c #Conflicts:     485000 | #Constraints:     674787
c #Conflicts:     486000 | #Constraints:     675787
c #Conflicts:     487000 | #Constraints:     676787
c #Conflicts:     488000 | #Constraints:     677787
c INPROCESSING
c GARBAGE COLLECT
c #Conflicts:     489000 | #Constraints:     664936
c #Conflicts:     490000 | #Constraints:     665936
c #Conflicts:     491000 | #Constraints:     666936
c #Conflicts:     492000 | #Constraints:     667936
c #Conflicts:     493000 | #Constraints:     668936
c #Conflicts:     494000 | #Constraints:     669936
c #Conflicts:     495000 | #Constraints:     670936
c #Conflicts:     496000 | #Constraints:     671936
c #Conflicts:     497000 | #Constraints:     672936
c #Conflicts:     498000 | #Constraints:     673936
c #Conflicts:     499000 | #Constraints:     674936
c #Conflicts:     500000 | #Constraints:     675936
c #Conflicts:     501000 | #Constraints:     676936
c #Conflicts:     502000 | #Constraints:     677936
c INPROCESSING
c GARBAGE COLLECT
c #Conflicts:     503000 | #Constraints:     664983
c #Conflicts:     504000 | #Constraints:     665983
c #Conflicts:     505000 | #Constraints:     666983
c #Conflicts:     506000 | #Constraints:     667983
c #Conflicts:     507000 | #Constraints:     668983
c #Conflicts:     508000 | #Constraints:     669983
c #Conflicts:     509000 | #Constraints:     670983
c #Conflicts:     510000 | #Constraints:     671983
c #Conflicts:     511000 | #Constraints:     672983
c #Conflicts:     512000 | #Constraints:     673983
c #Conflicts:     513000 | #Constraints:     674983
c #Conflicts:     514000 | #Constraints:     675983
c #Conflicts:     515000 | #Constraints:     676983
c #Conflicts:     516000 | #Constraints:     677983
c INPROCESSING
c GARBAGE COLLECT
c #Conflicts:     517000 | #Constraints:     664802
c #Conflicts:     518000 | #Constraints:     665802
c #Conflicts:     519000 | #Constraints:     666802
c #Conflicts:     520000 | #Constraints:     667802
c #Conflicts:     521000 | #Constraints:     668802
c #Conflicts:     522000 | #Constraints:     669802
c #Conflicts:     523000 | #Constraints:     670802
c #Conflicts:     524000 | #Constraints:     671802
c #Conflicts:     525000 | #Constraints:     672802
c #Conflicts:     526000 | #Constraints:     673802
c #Conflicts:     527000 | #Constraints:     674802
c #Conflicts:     528000 | #Constraints:     675802
c #Conflicts:     529000 | #Constraints:     676802
c #Conflicts:     530000 | #Constraints:     677802
c #Conflicts:     531000 | #Constraints:     678802
c INPROCESSING
c GARBAGE COLLECT
c #Conflicts:     532000 | #Constraints:     665365
c #Conflicts:     533000 | #Constraints:     666365
c #Conflicts:     534000 | #Constraints:     667365
c #Conflicts:     535000 | #Constraints:     668365
c #Conflicts:     536000 | #Constraints:     669365
c #Conflicts:     537000 | #Constraints:     670365
c #Conflicts:     538000 | #Constraints:     671365
c #Conflicts:     539000 | #Constraints:     672365
c #Conflicts:     540000 | #Constraints:     673365
c #Conflicts:     541000 | #Constraints:     674365
c #Conflicts:     542000 | #Constraints:     675365
c #Conflicts:     543000 | #Constraints:     676365
c #Conflicts:     544000 | #Constraints:     677365
c #Conflicts:     545000 | #Constraints:     678365
c #Conflicts:     546000 | #Constraints:     679365
c INPROCESSING
c GARBAGE COLLECT
c #Conflicts:     547000 | #Constraints:     665789
c #Conflicts:     548000 | #Constraints:     666789
c #Conflicts:     549000 | #Constraints:     667789
c #Conflicts:     550000 | #Constraints:     668789
c #Conflicts:     551000 | #Constraints:     669789
c #Conflicts:     552000 | #Constraints:     670789
c #Conflicts:     553000 | #Constraints:     671789
c #Conflicts:     554000 | #Constraints:     672789
c #Conflicts:     555000 | #Constraints:     673789
c #Conflicts:     556000 | #Constraints:     674789
c #Conflicts:     557000 | #Constraints:     675789
c #Conflicts:     558000 | #Constraints:     676789
c #Conflicts:     559000 | #Constraints:     677789
c #Conflicts:     560000 | #Constraints:     678789
c #Conflicts:     561000 | #Constraints:     679789
c INPROCESSING
c GARBAGE COLLECT
c #Conflicts:     562000 | #Constraints:     666017
c #Conflicts:     563000 | #Constraints:     667017
c #Conflicts:     564000 | #Constraints:     668017
c #Conflicts:     565000 | #Constraints:     669017
c #Conflicts:     566000 | #Constraints:     670017
c #Conflicts:     567000 | #Constraints:     671017
c #Conflicts:     568000 | #Constraints:     672017
c #Conflicts:     569000 | #Constraints:     673017
c #Conflicts:     570000 | #Constraints:     674017
c #Conflicts:     571000 | #Constraints:     675017
c #Conflicts:     572000 | #Constraints:     676017
c #Conflicts:     573000 | #Constraints:     677017
c #Conflicts:     574000 | #Constraints:     678017
c #Conflicts:     575000 | #Constraints:     679017
c #Conflicts:     576000 | #Constraints:     680017
c INPROCESSING
c GARBAGE COLLECT
c #Conflicts:     577000 | #Constraints:     665941
c #Conflicts:     578000 | #Constraints:     666941
c #Conflicts:     579000 | #Constraints:     667941
c #Conflicts:     580000 | #Constraints:     668941
c #Conflicts:     581000 | #Constraints:     669941
c #Conflicts:     582000 | #Constraints:     670941
c #Conflicts:     583000 | #Constraints:     671941
c #Conflicts:     584000 | #Constraints:     672941
c #Conflicts:     585000 | #Constraints:     673941
c #Conflicts:     586000 | #Constraints:     674941
c #Conflicts:     587000 | #Constraints:     675941
c #Conflicts:     588000 | #Constraints:     676941
c #Conflicts:     589000 | #Constraints:     677941
c #Conflicts:     590000 | #Constraints:     678941
c #Conflicts:     591000 | #Constraints:     679941
c INPROCESSING
c GARBAGE COLLECT
c #Conflicts:     592000 | #Constraints:     665788
c #Conflicts:     593000 | #Constraints:     666788
c #Conflicts:     594000 | #Constraints:     667788
c #Conflicts:     595000 | #Constraints:     668788
c #Conflicts:     596000 | #Constraints:     669788
c #Conflicts:     597000 | #Constraints:     670788
c #Conflicts:     598000 | #Constraints:     671788
c #Conflicts:     599000 | #Constraints:     672788
c #Conflicts:     600000 | #Constraints:     673788
c #Conflicts:     601000 | #Constraints:     674788
c #Conflicts:     602000 | #Constraints:     675788
c #Conflicts:     603000 | #Constraints:     676788
c #Conflicts:     604000 | #Constraints:     677788
c #Conflicts:     605000 | #Constraints:     678788
c #Conflicts:     606000 | #Constraints:     679788
c #Conflicts:     607000 | #Constraints:     680788
c INPROCESSING
c GARBAGE COLLECT
c #Conflicts:     608000 | #Constraints:     666402
c #Conflicts:     609000 | #Constraints:     667402
c #Conflicts:     610000 | #Constraints:     668402
c #Conflicts:     611000 | #Constraints:     669402
c #Conflicts:     612000 | #Constraints:     670402
c #Conflicts:     613000 | #Constraints:     671402
c #Conflicts:     614000 | #Constraints:     672402
c #Conflicts:     615000 | #Constraints:     673402
c #Conflicts:     616000 | #Constraints:     674402
c #Conflicts:     617000 | #Constraints:     675402
c #Conflicts:     618000 | #Constraints:     676402
c #Conflicts:     619000 | #Constraints:     677402
c #Conflicts:     620000 | #Constraints:     678402
c #Conflicts:     621000 | #Constraints:     679402
c #Conflicts:     622000 | #Constraints:     680402
c #Conflicts:     623000 | #Constraints:     681402
c INPROCESSING
c GARBAGE COLLECT
c #Conflicts:     624000 | #Constraints:     666761
c #Conflicts:     625000 | #Constraints:     667761
c #Conflicts:     626000 | #Constraints:     668761
c #Conflicts:     627000 | #Constraints:     669761
c #Conflicts:     628000 | #Constraints:     670761
c #Conflicts:     629000 | #Constraints:     671761
c #Conflicts:     630000 | #Constraints:     672761
c #Conflicts:     631000 | #Constraints:     673761
c #Conflicts:     632000 | #Constraints:     674761
c #Conflicts:     633000 | #Constraints:     675761
c #Conflicts:     634000 | #Constraints:     676761
c #Conflicts:     635000 | #Constraints:     677761
c #Conflicts:     636000 | #Constraints:     678761
c #Conflicts:     637000 | #Constraints:     679761
c #Conflicts:     638000 | #Constraints:     680761
c #Conflicts:     639000 | #Constraints:     681761
c INPROCESSING
c GARBAGE COLLECT
c #Conflicts:     640000 | #Constraints:     666996
c #Conflicts:     641000 | #Constraints:     667996
c #Conflicts:     642000 | #Constraints:     668996
c #Conflicts:     643000 | #Constraints:     669996
c #Conflicts:     644000 | #Constraints:     670996
c #Conflicts:     645000 | #Constraints:     671996
c #Conflicts:     646000 | #Constraints:     672996
c #Conflicts:     647000 | #Constraints:     673996
c #Conflicts:     648000 | #Constraints:     674996
c #Conflicts:     649000 | #Constraints:     675996
c #Conflicts:     650000 | #Constraints:     676996
c #Conflicts:     651000 | #Constraints:     677996
c #Conflicts:     652000 | #Constraints:     678996
c #Conflicts:     653000 | #Constraints:     679996
c #Conflicts:     654000 | #Constraints:     680996
c #Conflicts:     655000 | #Constraints:     681996
c INPROCESSING
c GARBAGE COLLECT
c #Conflicts:     656000 | #Constraints:     667022
c #Conflicts:     657000 | #Constraints:     668022
c #Conflicts:     658000 | #Constraints:     669022
c #Conflicts:     659000 | #Constraints:     670022
c #Conflicts:     660000 | #Constraints:     671022
c #Conflicts:     661000 | #Constraints:     672022
c #Conflicts:     662000 | #Constraints:     673022
c #Conflicts:     663000 | #Constraints:     674022
c #Conflicts:     664000 | #Constraints:     675022
c #Conflicts:     665000 | #Constraints:     676022
c #Conflicts:     666000 | #Constraints:     677022
c #Conflicts:     667000 | #Constraints:     678022
c #Conflicts:     668000 | #Constraints:     679022
c #Conflicts:     669000 | #Constraints:     680022
c #Conflicts:     670000 | #Constraints:     681022
c #Conflicts:     671000 | #Constraints:     682022
c INPROCESSING
c GARBAGE COLLECT
c #Conflicts:     672000 | #Constraints:     666791
c #Conflicts:     673000 | #Constraints:     667791
c #Conflicts:     674000 | #Constraints:     668791
c #Conflicts:     675000 | #Constraints:     669791
c #Conflicts:     676000 | #Constraints:     670791
c #Conflicts:     677000 | #Constraints:     671791
c #Conflicts:     678000 | #Constraints:     672791
c #Conflicts:     679000 | #Constraints:     673791
c #Conflicts:     680000 | #Constraints:     674791
c #Conflicts:     681000 | #Constraints:     675791
c #Conflicts:     682000 | #Constraints:     676791
c #Conflicts:     683000 | #Constraints:     677791
c #Conflicts:     684000 | #Constraints:     678791
c #Conflicts:     685000 | #Constraints:     679791
c #Conflicts:     686000 | #Constraints:     680791
c #Conflicts:     687000 | #Constraints:     681791
c #Conflicts:     688000 | #Constraints:     682791
c INPROCESSING
c GARBAGE COLLECT
c #Conflicts:     689000 | #Constraints:     667415
c #Conflicts:     690000 | #Constraints:     668415
c #Conflicts:     691000 | #Constraints:     669415
c #Conflicts:     692000 | #Constraints:     670415
c #Conflicts:     693000 | #Constraints:     671415
c #Conflicts:     694000 | #Constraints:     672415
c #Conflicts:     695000 | #Constraints:     673415
c #Conflicts:     696000 | #Constraints:     674415
c #Conflicts:     697000 | #Constraints:     675415
c #Conflicts:     698000 | #Constraints:     676415
c #Conflicts:     699000 | #Constraints:     677415
c #Conflicts:     700000 | #Constraints:     678415
c #Conflicts:     701000 | #Constraints:     679415
c #Conflicts:     702000 | #Constraints:     680415
c #Conflicts:     703000 | #Constraints:     681415
c #Conflicts:     704000 | #Constraints:     682415
c #Conflicts:     705000 | #Constraints:     683415
c INPROCESSING
c GARBAGE COLLECT
c #Conflicts:     706000 | #Constraints:     667767
c #Conflicts:     707000 | #Constraints:     668767
c #Conflicts:     708000 | #Constraints:     669767
c #Conflicts:     709000 | #Constraints:     670767
c #Conflicts:     710000 | #Constraints:     671767
c #Conflicts:     711000 | #Constraints:     672767
c #Conflicts:     712000 | #Constraints:     673767
c #Conflicts:     713000 | #Constraints:     674767
c #Conflicts:     714000 | #Constraints:     675767
c #Conflicts:     715000 | #Constraints:     676767
c #Conflicts:     716000 | #Constraints:     677767
c #Conflicts:     717000 | #Constraints:     678767
c #Conflicts:     718000 | #Constraints:     679767
c #Conflicts:     719000 | #Constraints:     680767
c #Conflicts:     720000 | #Constraints:     681767
c #Conflicts:     721000 | #Constraints:     682767
c #Conflicts:     722000 | #Constraints:     683767
c INPROCESSING
c GARBAGE COLLECT
c #Conflicts:     723000 | #Constraints:     667994
c #Conflicts:     724000 | #Constraints:     668994
c #Conflicts:     725000 | #Constraints:     669994
c #Conflicts:     726000 | #Constraints:     670994
c #Conflicts:     727000 | #Constraints:     671994
c #Conflicts:     728000 | #Constraints:     672994
c #Conflicts:     729000 | #Constraints:     673994
c #Conflicts:     730000 | #Constraints:     674994
c #Conflicts:     731000 | #Constraints:     675994
c #Conflicts:     732000 | #Constraints:     676994
c #Conflicts:     733000 | #Constraints:     677994
c #Conflicts:     734000 | #Constraints:     678994
c #Conflicts:     735000 | #Constraints:     679994
c #Conflicts:     736000 | #Constraints:     680994
c #Conflicts:     737000 | #Constraints:     681994
c #Conflicts:     738000 | #Constraints:     682994
c #Conflicts:     739000 | #Constraints:     683994
c INPROCESSING
c GARBAGE COLLECT
c #Conflicts:     740000 | #Constraints:     667961
c #Conflicts:     741000 | #Constraints:     668961
c #Conflicts:     742000 | #Constraints:     669961
c #Conflicts:     743000 | #Constraints:     670961
c #Conflicts:     744000 | #Constraints:     671961
c #Conflicts:     745000 | #Constraints:     672961
c #Conflicts:     746000 | #Constraints:     673961
c #Conflicts:     747000 | #Constraints:     674961
c #Conflicts:     748000 | #Constraints:     675961
c #Conflicts:     749000 | #Constraints:     676961
c #Conflicts:     750000 | #Constraints:     677961
c #Conflicts:     751000 | #Constraints:     678961
c #Conflicts:     752000 | #Constraints:     679961
c #Conflicts:     753000 | #Constraints:     680961
c #Conflicts:     754000 | #Constraints:     681961
c #Conflicts:     755000 | #Constraints:     682961
c #Conflicts:     756000 | #Constraints:     683961
c INPROCESSING
c GARBAGE COLLECT
c #Conflicts:     757000 | #Constraints:     667812
c #Conflicts:     758000 | #Constraints:     668812
c #Conflicts:     759000 | #Constraints:     669812
c #Conflicts:     760000 | #Constraints:     670812
c #Conflicts:     761000 | #Constraints:     671812
c #Conflicts:     762000 | #Constraints:     672812
c #Conflicts:     763000 | #Constraints:     673812
c #Conflicts:     764000 | #Constraints:     674812
c #Conflicts:     765000 | #Constraints:     675812
c #Conflicts:     766000 | #Constraints:     676812
c #Conflicts:     767000 | #Constraints:     677812
c #Conflicts:     768000 | #Constraints:     678812
c #Conflicts:     769000 | #Constraints:     679812
c #Conflicts:     770000 | #Constraints:     680812
c #Conflicts:     771000 | #Constraints:     681812
c #Conflicts:     772000 | #Constraints:     682812
c #Conflicts:     773000 | #Constraints:     683812
c #Conflicts:     774000 | #Constraints:     684812
c INPROCESSING
c GARBAGE COLLECT
c #Conflicts:     775000 | #Constraints:     668426
c #Conflicts:     776000 | #Constraints:     669426
c #Conflicts:     777000 | #Constraints:     670426
c #Conflicts:     778000 | #Constraints:     671426
c #Conflicts:     779000 | #Constraints:     672426
c #Conflicts:     780000 | #Constraints:     673426
c #Conflicts:     781000 | #Constraints:     674426
c #Conflicts:     782000 | #Constraints:     675426
c #Conflicts:     783000 | #Constraints:     676426
c #Conflicts:     784000 | #Constraints:     677426
c #Conflicts:     785000 | #Constraints:     678426
c #Conflicts:     786000 | #Constraints:     679426
c #Conflicts:     787000 | #Constraints:     680426
c #Conflicts:     788000 | #Constraints:     681426
c #Conflicts:     789000 | #Constraints:     682426
c #Conflicts:     790000 | #Constraints:     683426
c #Conflicts:     791000 | #Constraints:     684426
c #Conflicts:     792000 | #Constraints:     685426
c INPROCESSING
c GARBAGE COLLECT
c #Conflicts:     793000 | #Constraints:     668802
c #Conflicts:     794000 | #Constraints:     669802
c #Conflicts:     795000 | #Constraints:     670802
c #Conflicts:     796000 | #Constraints:     671802
c #Conflicts:     797000 | #Constraints:     672802
c #Conflicts:     798000 | #Constraints:     673802
c #Conflicts:     799000 | #Constraints:     674802
c #Conflicts:     800000 | #Constraints:     675802
c #Conflicts:     801000 | #Constraints:     676802
c #Conflicts:     802000 | #Constraints:     677802
c #Conflicts:     803000 | #Constraints:     678802
c #Conflicts:     804000 | #Constraints:     679802
c #Conflicts:     805000 | #Constraints:     680802
c #Conflicts:     806000 | #Constraints:     681802
c #Conflicts:     807000 | #Constraints:     682802
c #Conflicts:     808000 | #Constraints:     683802
c #Conflicts:     809000 | #Constraints:     684802
c #Conflicts:     810000 | #Constraints:     685802
c INPROCESSING
c GARBAGE COLLECT
c #Conflicts:     811000 | #Constraints:     669016
c #Conflicts:     812000 | #Constraints:     670016
c #Conflicts:     813000 | #Constraints:     671016
c #Conflicts:     814000 | #Constraints:     672016
c #Conflicts:     815000 | #Constraints:     673016
c #Conflicts:     816000 | #Constraints:     674016
c #Conflicts:     817000 | #Constraints:     675016
c #Conflicts:     818000 | #Constraints:     676016
c #Conflicts:     819000 | #Constraints:     677016
c #Conflicts:     820000 | #Constraints:     678016
c #Conflicts:     821000 | #Constraints:     679016
c #Conflicts:     822000 | #Constraints:     680016
c #Conflicts:     823000 | #Constraints:     681016
c #Conflicts:     824000 | #Constraints:     682016
c #Conflicts:     825000 | #Constraints:     683016
c #Conflicts:     826000 | #Constraints:     684016
c #Conflicts:     827000 | #Constraints:     685016
c #Conflicts:     828000 | #Constraints:     686016
c INPROCESSING
c GARBAGE COLLECT
c #Conflicts:     829000 | #Constraints:     669021
c #Conflicts:     830000 | #Constraints:     670021
c #Conflicts:     831000 | #Constraints:     671021
c #Conflicts:     832000 | #Constraints:     672021
c #Conflicts:     833000 | #Constraints:     673021
c #Conflicts:     834000 | #Constraints:     674021
c #Conflicts:     835000 | #Constraints:     675021
c #Conflicts:     836000 | #Constraints:     676021
c #Conflicts:     837000 | #Constraints:     677021
c #Conflicts:     838000 | #Constraints:     678021
c #Conflicts:     839000 | #Constraints:     679021
c #Conflicts:     840000 | #Constraints:     680021
c #Conflicts:     841000 | #Constraints:     681021
c #Conflicts:     842000 | #Constraints:     682021
c #Conflicts:     843000 | #Constraints:     683021
c #Conflicts:     844000 | #Constraints:     684021
c #Conflicts:     845000 | #Constraints:     685021
c #Conflicts:     846000 | #Constraints:     686021
c INPROCESSING
c GARBAGE COLLECT
c #Conflicts:     847000 | #Constraints:     668748
c #Conflicts:     848000 | #Constraints:     669748
c #Conflicts:     849000 | #Constraints:     670748
c #Conflicts:     850000 | #Constraints:     671748
c #Conflicts:     851000 | #Constraints:     672748
c #Conflicts:     852000 | #Constraints:     673748
c #Conflicts:     853000 | #Constraints:     674748
c #Conflicts:     854000 | #Constraints:     675748
c #Conflicts:     855000 | #Constraints:     676748
c #Conflicts:     856000 | #Constraints:     677748
c #Conflicts:     857000 | #Constraints:     678748
c #Conflicts:     858000 | #Constraints:     679748
c #Conflicts:     859000 | #Constraints:     680748
c #Conflicts:     860000 | #Constraints:     681748
c #Conflicts:     861000 | #Constraints:     682748
c #Conflicts:     862000 | #Constraints:     683748
c #Conflicts:     863000 | #Constraints:     684748
c #Conflicts:     864000 | #Constraints:     685748
c #Conflicts:     865000 | #Constraints:     686748
c INPROCESSING
c GARBAGE COLLECT
c #Conflicts:     866000 | #Constraints:     669393
c #Conflicts:     867000 | #Constraints:     670393
c #Conflicts:     868000 | #Constraints:     671393
c #Conflicts:     869000 | #Constraints:     672393
c #Conflicts:     870000 | #Constraints:     673393
c #Conflicts:     871000 | #Constraints:     674393
c #Conflicts:     872000 | #Constraints:     675393
c #Conflicts:     873000 | #Constraints:     676393
c #Conflicts:     874000 | #Constraints:     677393
c #Conflicts:     875000 | #Constraints:     678393
c #Conflicts:     876000 | #Constraints:     679393
c #Conflicts:     877000 | #Constraints:     680393
c #Conflicts:     878000 | #Constraints:     681393
c #Conflicts:     879000 | #Constraints:     682393
c #Conflicts:     880000 | #Constraints:     683393
c #Conflicts:     881000 | #Constraints:     684393
c #Conflicts:     882000 | #Constraints:     685393
c #Conflicts:     883000 | #Constraints:     686393
c #Conflicts:     884000 | #Constraints:     687393
c INPROCESSING
c GARBAGE COLLECT
c #Conflicts:     885000 | #Constraints:     669749
c #Conflicts:     886000 | #Constraints:     670749
c #Conflicts:     887000 | #Constraints:     671749
c #Conflicts:     888000 | #Constraints:     672749
c #Conflicts:     889000 | #Constraints:     673749
c #Conflicts:     890000 | #Constraints:     674749
c #Conflicts:     891000 | #Constraints:     675749
c #Conflicts:     892000 | #Constraints:     676749
c #Conflicts:     893000 | #Constraints:     677749
c #Conflicts:     894000 | #Constraints:     678749
c #Conflicts:     895000 | #Constraints:     679749
c #Conflicts:     896000 | #Constraints:     680749
c #Conflicts:     897000 | #Constraints:     681749
c #Conflicts:     898000 | #Constraints:     682749
c #Conflicts:     899000 | #Constraints:     683749
c #Conflicts:     900000 | #Constraints:     684749
c #Conflicts:     901000 | #Constraints:     685749
c #Conflicts:     902000 | #Constraints:     686749
c #Conflicts:     903000 | #Constraints:     687749
c INPROCESSING
c GARBAGE COLLECT
c #Conflicts:     904000 | #Constraints:     669987
c #Conflicts:     905000 | #Constraints:     670987
c #Conflicts:     906000 | #Constraints:     671987
c #Conflicts:     907000 | #Constraints:     672987
c #Conflicts:     908000 | #Constraints:     673987
c #Conflicts:     909000 | #Constraints:     674987
c #Conflicts:     910000 | #Constraints:     675987
c #Conflicts:     911000 | #Constraints:     676987
c #Conflicts:     912000 | #Constraints:     677987
c #Conflicts:     913000 | #Constraints:     678987
c #Conflicts:     914000 | #Constraints:     679987
c #Conflicts:     915000 | #Constraints:     680987
c #Conflicts:     916000 | #Constraints:     681987
c #Conflicts:     917000 | #Constraints:     682987
c #Conflicts:     918000 | #Constraints:     683987
c #Conflicts:     919000 | #Constraints:     684987
c #Conflicts:     920000 | #Constraints:     685987
c #Conflicts:     921000 | #Constraints:     686987
c #Conflicts:     922000 | #Constraints:     687987
c INPROCESSING
c GARBAGE COLLECT
c #Conflicts:     923000 | #Constraints:     669986
c #Conflicts:     924000 | #Constraints:     670986
c #Conflicts:     925000 | #Constraints:     671986
c #Conflicts:     926000 | #Constraints:     672986
c #Conflicts:     927000 | #Constraints:     673986
c #Conflicts:     928000 | #Constraints:     674986
c #Conflicts:     929000 | #Constraints:     675986
c #Conflicts:     930000 | #Constraints:     676986
c #Conflicts:     931000 | #Constraints:     677986
c #Conflicts:     932000 | #Constraints:     678986
c #Conflicts:     933000 | #Constraints:     679986
c #Conflicts:     934000 | #Constraints:     680986
c #Conflicts:     935000 | #Constraints:     681986
c #Conflicts:     936000 | #Constraints:     682986
c #Conflicts:     937000 | #Constraints:     683986
c #Conflicts:     938000 | #Constraints:     684986
c #Conflicts:     939000 | #Constraints:     685986
c #Conflicts:     940000 | #Constraints:     686986
c #Conflicts:     941000 | #Constraints:     687986
c INPROCESSING
c GARBAGE COLLECT
c #Conflicts:     942000 | #Constraints:     669811
c #Conflicts:     943000 | #Constraints:     670811
c #Conflicts:     944000 | #Constraints:     671811
c #Conflicts:     945000 | #Constraints:     672811
c #Conflicts:     946000 | #Constraints:     673811
c #Conflicts:     947000 | #Constraints:     674811
c #Conflicts:     948000 | #Constraints:     675811
c #Conflicts:     949000 | #Constraints:     676811
c #Conflicts:     950000 | #Constraints:     677811
c #Conflicts:     951000 | #Constraints:     678811
c #Conflicts:     952000 | #Constraints:     679811
c #Conflicts:     953000 | #Constraints:     680811
c #Conflicts:     954000 | #Constraints:     681811
c #Conflicts:     955000 | #Constraints:     682811
c #Conflicts:     956000 | #Constraints:     683811
c #Conflicts:     957000 | #Constraints:     684811
c #Conflicts:     958000 | #Constraints:     685811
c #Conflicts:     959000 | #Constraints:     686811
c #Conflicts:     960000 | #Constraints:     687811
c #Conflicts:     961000 | #Constraints:     688811
c INPROCESSING
c GARBAGE COLLECT
c #Conflicts:     962000 | #Constraints:     670432
c #Conflicts:     963000 | #Constraints:     671432
c #Conflicts:     964000 | #Constraints:     672432
c #Conflicts:     965000 | #Constraints:     673432
c #Conflicts:     966000 | #Constraints:     674432
c #Conflicts:     967000 | #Constraints:     675432
c #Conflicts:     968000 | #Constraints:     676432
c #Conflicts:     969000 | #Constraints:     677432
c #Conflicts:     970000 | #Constraints:     678432
c #Conflicts:     971000 | #Constraints:     679432
c #Conflicts:     972000 | #Constraints:     680432
c #Conflicts:     973000 | #Constraints:     681432
c #Conflicts:     974000 | #Constraints:     682432
c #Conflicts:     975000 | #Constraints:     683432
c #Conflicts:     976000 | #Constraints:     684432
c #Conflicts:     977000 | #Constraints:     685432
c #Conflicts:     978000 | #Constraints:     686432
c #Conflicts:     979000 | #Constraints:     687432
c #Conflicts:     980000 | #Constraints:     688432
c #Conflicts:     981000 | #Constraints:     689432
c INPROCESSING
c GARBAGE COLLECT
c #Conflicts:     982000 | #Constraints:     670736
c #Conflicts:     983000 | #Constraints:     671736
c #Conflicts:     984000 | #Constraints:     672736
c #Conflicts:     985000 | #Constraints:     673736
c #Conflicts:     986000 | #Constraints:     674736
c #Conflicts:     987000 | #Constraints:     675736
c #Conflicts:     988000 | #Constraints:     676736
c #Conflicts:     989000 | #Constraints:     677736
c #Conflicts:     990000 | #Constraints:     678736
c #Conflicts:     991000 | #Constraints:     679736
c #Conflicts:     992000 | #Constraints:     680736
c #Conflicts:     993000 | #Constraints:     681736
c #Conflicts:     994000 | #Constraints:     682736
c #Conflicts:     995000 | #Constraints:     683736
c #Conflicts:     996000 | #Constraints:     684736
c #Conflicts:     997000 | #Constraints:     685736
c #Conflicts:     998000 | #Constraints:     686736
c #Conflicts:     999000 | #Constraints:     687736
c #Conflicts:    1000000 | #Constraints:     688736
c #Conflicts:    1001000 | #Constraints:     689736
c INPROCESSING
c GARBAGE COLLECT
c #Conflicts:    1002000 | #Constraints:     671000
c #Conflicts:    1003000 | #Constraints:     672000
c #Conflicts:    1004000 | #Constraints:     673000
c #Conflicts:    1005000 | #Constraints:     674000
c #Conflicts:    1006000 | #Constraints:     675000
c #Conflicts:    1007000 | #Constraints:     676000
c #Conflicts:    1008000 | #Constraints:     677000
c #Conflicts:    1009000 | #Constraints:     678000
c #Conflicts:    1010000 | #Constraints:     679000
c #Conflicts:    1011000 | #Constraints:     680000
c #Conflicts:    1012000 | #Constraints:     681000
c #Conflicts:    1013000 | #Constraints:     682000
c #Conflicts:    1014000 | #Constraints:     683000
c #Conflicts:    1015000 | #Constraints:     684000
c #Conflicts:    1016000 | #Constraints:     685000
c #Conflicts:    1017000 | #Constraints:     686000
c #Conflicts:    1018000 | #Constraints:     687000
c #Conflicts:    1019000 | #Constraints:     688000
c #Conflicts:    1020000 | #Constraints:     689000
c #Conflicts:    1021000 | #Constraints:     690000
c INPROCESSING
c GARBAGE COLLECT
c #Conflicts:    1022000 | #Constraints:     671017
c #Conflicts:    1023000 | #Constraints:     672017
c #Conflicts:    1024000 | #Constraints:     673017
c #Conflicts:    1025000 | #Constraints:     674017
c #Conflicts:    1026000 | #Constraints:     675017
c #Conflicts:    1027000 | #Constraints:     676017
c #Conflicts:    1028000 | #Constraints:     677017
c #Conflicts:    1029000 | #Constraints:     678017
c #Conflicts:    1030000 | #Constraints:     679017
c #Conflicts:    1031000 | #Constraints:     680017
c #Conflicts:    1032000 | #Constraints:     681017
c #Conflicts:    1033000 | #Constraints:     682017
c #Conflicts:    1034000 | #Constraints:     683017
c #Conflicts:    1035000 | #Constraints:     684017
c #Conflicts:    1036000 | #Constraints:     685017
c #Conflicts:    1037000 | #Constraints:     686017
c #Conflicts:    1038000 | #Constraints:     687017
c #Conflicts:    1039000 | #Constraints:     688017
c #Conflicts:    1040000 | #Constraints:     689017
c #Conflicts:    1041000 | #Constraints:     690017
c INPROCESSING
c GARBAGE COLLECT
c #Conflicts:    1042000 | #Constraints:     670729
c #Conflicts:    1043000 | #Constraints:     671729
c #Conflicts:    1044000 | #Constraints:     672729
c #Conflicts:    1045000 | #Constraints:     673729
c #Conflicts:    1046000 | #Constraints:     674729
c #Conflicts:    1047000 | #Constraints:     675729
c #Conflicts:    1048000 | #Constraints:     676729
c #Conflicts:    1049000 | #Constraints:     677729
c #Conflicts:    1050000 | #Constraints:     678729
c #Conflicts:    1051000 | #Constraints:     679729
c #Conflicts:    1052000 | #Constraints:     680729
c #Conflicts:    1053000 | #Constraints:     681729
c #Conflicts:    1054000 | #Constraints:     682729
c #Conflicts:    1055000 | #Constraints:     683729
c #Conflicts:    1056000 | #Constraints:     684729
c #Conflicts:    1057000 | #Constraints:     685729
c #Conflicts:    1058000 | #Constraints:     686729
c #Conflicts:    1059000 | #Constraints:     687729
c #Conflicts:    1060000 | #Constraints:     688729
c #Conflicts:    1061000 | #Constraints:     689729
c #Conflicts:    1062000 | #Constraints:     690729
c INPROCESSING
c GARBAGE COLLECT
c #Conflicts:    1063000 | #Constraints:     671395
c #Conflicts:    1064000 | #Constraints:     672395
c #Conflicts:    1065000 | #Constraints:     673395
c #Conflicts:    1066000 | #Constraints:     674395
c #Conflicts:    1067000 | #Constraints:     675395
c #Conflicts:    1068000 | #Constraints:     676395
c #Conflicts:    1069000 | #Constraints:     677395
c #Conflicts:    1070000 | #Constraints:     678395
c #Conflicts:    1071000 | #Constraints:     679395
c #Conflicts:    1072000 | #Constraints:     680395
c #Conflicts:    1073000 | #Constraints:     681395
c #Conflicts:    1074000 | #Constraints:     682395
c #Conflicts:    1075000 | #Constraints:     683395
c #Conflicts:    1076000 | #Constraints:     684395
c #Conflicts:    1077000 | #Constraints:     685395
c #Conflicts:    1078000 | #Constraints:     686395
c #Conflicts:    1079000 | #Constraints:     687395
c #Conflicts:    1080000 | #Constraints:     688395
c #Conflicts:    1081000 | #Constraints:     689395
c #Conflicts:    1082000 | #Constraints:     690395
c #Conflicts:    1083000 | #Constraints:     691395
c INPROCESSING
c GARBAGE COLLECT
c #Conflicts:    1084000 | #Constraints:     671825
c #Conflicts:    1085000 | #Constraints:     672825
c #Conflicts:    1086000 | #Constraints:     673825
c #Conflicts:    1087000 | #Constraints:     674825
c #Conflicts:    1088000 | #Constraints:     675825
c #Conflicts:    1089000 | #Constraints:     676825
c #Conflicts:    1090000 | #Constraints:     677825
c #Conflicts:    1091000 | #Constraints:     678825
c #Conflicts:    1092000 | #Constraints:     679825
c #Conflicts:    1093000 | #Constraints:     680825
c #Conflicts:    1094000 | #Constraints:     681825
c #Conflicts:    1095000 | #Constraints:     682825
c #Conflicts:    1096000 | #Constraints:     683825
c #Conflicts:    1097000 | #Constraints:     684825
c #Conflicts:    1098000 | #Constraints:     685825
c #Conflicts:    1099000 | #Constraints:     686825
c #Conflicts:    1100000 | #Constraints:     687825
c #Conflicts:    1101000 | #Constraints:     688825
c #Conflicts:    1102000 | #Constraints:     689825
c #Conflicts:    1103000 | #Constraints:     690825
c #Conflicts:    1104000 | #Constraints:     691825
c INPROCESSING
c GARBAGE COLLECT
c #Conflicts:    1105000 | #Constraints:     671997
c #Conflicts:    1106000 | #Constraints:     672997
c #Conflicts:    1107000 | #Constraints:     673997
c #Conflicts:    1108000 | #Constraints:     674997
c #Conflicts:    1109000 | #Constraints:     675997
c #Conflicts:    1110000 | #Constraints:     676997
c #Conflicts:    1111000 | #Constraints:     677997
c #Conflicts:    1112000 | #Constraints:     678997
c #Conflicts:    1113000 | #Constraints:     679997
c #Conflicts:    1114000 | #Constraints:     680997
c #Conflicts:    1115000 | #Constraints:     681997
c #Conflicts:    1116000 | #Constraints:     682997
c #Conflicts:    1117000 | #Constraints:     683997
c #Conflicts:    1118000 | #Constraints:     684997
c #Conflicts:    1119000 | #Constraints:     685997
c #Conflicts:    1120000 | #Constraints:     686997
c #Conflicts:    1121000 | #Constraints:     687997
c #Conflicts:    1122000 | #Constraints:     688997
c #Conflicts:    1123000 | #Constraints:     689997
c #Conflicts:    1124000 | #Constraints:     690997
c #Conflicts:    1125000 | #Constraints:     691997
c INPROCESSING
c GARBAGE COLLECT
c #Conflicts:    1126000 | #Constraints:     672008
c #Conflicts:    1127000 | #Constraints:     673008
c #Conflicts:    1128000 | #Constraints:     674008
c #Conflicts:    1129000 | #Constraints:     675008
c #Conflicts:    1130000 | #Constraints:     676008
c #Conflicts:    1131000 | #Constraints:     677008
c #Conflicts:    1132000 | #Constraints:     678008
c #Conflicts:    1133000 | #Constraints:     679008
c #Conflicts:    1134000 | #Constraints:     680008
c #Conflicts:    1135000 | #Constraints:     681008
c #Conflicts:    1136000 | #Constraints:     682008
c #Conflicts:    1137000 | #Constraints:     683008
c #Conflicts:    1138000 | #Constraints:     684008
c #Conflicts:    1139000 | #Constraints:     685008
c #Conflicts:    1140000 | #Constraints:     686008
c #Conflicts:    1141000 | #Constraints:     687008
c #Conflicts:    1142000 | #Constraints:     688008
c #Conflicts:    1143000 | #Constraints:     689008
c #Conflicts:    1144000 | #Constraints:     690008
c #Conflicts:    1145000 | #Constraints:     691008
c #Conflicts:    1146000 | #Constraints:     692008
c INPROCESSING
c GARBAGE COLLECT
c #Conflicts:    1147000 | #Constraints:     671831
c #Conflicts:    1148000 | #Constraints:     672831
c #Conflicts:    1149000 | #Constraints:     673831
c #Conflicts:    1150000 | #Constraints:     674831
c #Conflicts:    1151000 | #Constraints:     675831
c #Conflicts:    1152000 | #Constraints:     676831
c #Conflicts:    1153000 | #Constraints:     677831
c #Conflicts:    1154000 | #Constraints:     678831
c #Conflicts:    1155000 | #Constraints:     679831
c #Conflicts:    1156000 | #Constraints:     680831
c #Conflicts:    1157000 | #Constraints:     681831
c #Conflicts:    1158000 | #Constraints:     682831
c #Conflicts:    1159000 | #Constraints:     683831
c #Conflicts:    1160000 | #Constraints:     684831
c #Conflicts:    1161000 | #Constraints:     685831
c #Conflicts:    1162000 | #Constraints:     686831
c #Conflicts:    1163000 | #Constraints:     687831
c #Conflicts:    1164000 | #Constraints:     688831
c #Conflicts:    1165000 | #Constraints:     689831
c #Conflicts:    1166000 | #Constraints:     690831
c #Conflicts:    1167000 | #Constraints:     691831
c #Conflicts:    1168000 | #Constraints:     692831
c INPROCESSING
c GARBAGE COLLECT
c #Conflicts:    1169000 | #Constraints:     672447
c #Conflicts:    1170000 | #Constraints:     673447
c #Conflicts:    1171000 | #Constraints:     674447
c #Conflicts:    1172000 | #Constraints:     675447
c #Conflicts:    1173000 | #Constraints:     676447
c #Conflicts:    1174000 | #Constraints:     677447
c #Conflicts:    1175000 | #Constraints:     678447
c #Conflicts:    1176000 | #Constraints:     679447
c #Conflicts:    1177000 | #Constraints:     680447
c #Conflicts:    1178000 | #Constraints:     681447
c #Conflicts:    1179000 | #Constraints:     682447
c #Conflicts:    1180000 | #Constraints:     683447
c #Conflicts:    1181000 | #Constraints:     684447
c #Conflicts:    1182000 | #Constraints:     685447
c #Conflicts:    1183000 | #Constraints:     686447
c #Conflicts:    1184000 | #Constraints:     687447
c #Conflicts:    1185000 | #Constraints:     688447
c #Conflicts:    1186000 | #Constraints:     689447
c #Conflicts:    1187000 | #Constraints:     690447
c #Conflicts:    1188000 | #Constraints:     691447
c #Conflicts:    1189000 | #Constraints:     692447
c #Conflicts:    1190000 | #Constraints:     693447
c INPROCESSING
c GARBAGE COLLECT
c #Conflicts:    1191000 | #Constraints:     672771
c #Conflicts:    1192000 | #Constraints:     673771
c #Conflicts:    1193000 | #Constraints:     674771
c #Conflicts:    1194000 | #Constraints:     675771
c #Conflicts:    1195000 | #Constraints:     676771
c #Conflicts:    1196000 | #Constraints:     677771
c #Conflicts:    1197000 | #Constraints:     678771
c #Conflicts:    1198000 | #Constraints:     679771
c #Conflicts:    1199000 | #Constraints:     680771
c #Conflicts:    1200000 | #Constraints:     681771
c #Conflicts:    1201000 | #Constraints:     682771
c #Conflicts:    1202000 | #Constraints:     683771
c #Conflicts:    1203000 | #Constraints:     684771
c #Conflicts:    1204000 | #Constraints:     685771
c #Conflicts:    1205000 | #Constraints:     686771
c #Conflicts:    1206000 | #Constraints:     687771
c #Conflicts:    1207000 | #Constraints:     688771
c #Conflicts:    1208000 | #Constraints:     689771
c #Conflicts:    1209000 | #Constraints:     690771
c #Conflicts:    1210000 | #Constraints:     691771
c #Conflicts:    1211000 | #Constraints:     692771
c #Conflicts:    1212000 | #Constraints:     693771
c INPROCESSING
c GARBAGE COLLECT
c #Conflicts:    1213000 | #Constraints:     673021
c #Conflicts:    1214000 | #Constraints:     674021
c #Conflicts:    1215000 | #Constraints:     675021
c #Conflicts:    1216000 | #Constraints:     676021
c #Conflicts:    1217000 | #Constraints:     677021
c #Conflicts:    1218000 | #Constraints:     678021
c #Conflicts:    1219000 | #Constraints:     679021
c #Conflicts:    1220000 | #Constraints:     680021
c #Conflicts:    1221000 | #Constraints:     681021
c #Conflicts:    1222000 | #Constraints:     682021
c #Conflicts:    1223000 | #Constraints:     683021
c #Conflicts:    1224000 | #Constraints:     684021
c #Conflicts:    1225000 | #Constraints:     685021
c #Conflicts:    1226000 | #Constraints:     686021
c #Conflicts:    1227000 | #Constraints:     687021
c #Conflicts:    1228000 | #Constraints:     688021
c #Conflicts:    1229000 | #Constraints:     689021
c #Conflicts:    1230000 | #Constraints:     690021
c #Conflicts:    1231000 | #Constraints:     691021
c #Conflicts:    1232000 | #Constraints:     692021
c #Conflicts:    1233000 | #Constraints:     693021
c #Conflicts:    1234000 | #Constraints:     694021
c INPROCESSING
c GARBAGE COLLECT
c #Conflicts:    1235000 | #Constraints:     672971
c #Conflicts:    1236000 | #Constraints:     673971
c #Conflicts:    1237000 | #Constraints:     674971
c #Conflicts:    1238000 | #Constraints:     675971
c #Conflicts:    1239000 | #Constraints:     676971
c #Conflicts:    1240000 | #Constraints:     677971
c #Conflicts:    1241000 | #Constraints:     678971
c #Conflicts:    1242000 | #Constraints:     679971
c #Conflicts:    1243000 | #Constraints:     680971
c #Conflicts:    1244000 | #Constraints:     681971
c #Conflicts:    1245000 | #Constraints:     682971
c #Conflicts:    1246000 | #Constraints:     683971
c #Conflicts:    1247000 | #Constraints:     684971
c #Conflicts:    1248000 | #Constraints:     685971
c #Conflicts:    1249000 | #Constraints:     686971
c #Conflicts:    1250000 | #Constraints:     687971
c #Conflicts:    1251000 | #Constraints:     688971
c #Conflicts:    1252000 | #Constraints:     689971
c #Conflicts:    1253000 | #Constraints:     690971
c #Conflicts:    1254000 | #Constraints:     691971
c #Conflicts:    1255000 | #Constraints:     692971
c #Conflicts:    1256000 | #Constraints:     693971
c INPROCESSING
c GARBAGE COLLECT
c #Conflicts:    1257000 | #Constraints:     672818
c #Conflicts:    1258000 | #Constraints:     673818
c #Conflicts:    1259000 | #Constraints:     674818
c #Conflicts:    1260000 | #Constraints:     675818
c #Conflicts:    1261000 | #Constraints:     676818
c #Conflicts:    1262000 | #Constraints:     677818
c #Conflicts:    1263000 | #Constraints:     678818
c #Conflicts:    1264000 | #Constraints:     679818
c #Conflicts:    1265000 | #Constraints:     680818
c #Conflicts:    1266000 | #Constraints:     681818
c #Conflicts:    1267000 | #Constraints:     682818
c #Conflicts:    1268000 | #Constraints:     683818
c #Conflicts:    1269000 | #Constraints:     684818
c #Conflicts:    1270000 | #Constraints:     685818
c #Conflicts:    1271000 | #Constraints:     686818
c #Conflicts:    1272000 | #Constraints:     687818
c #Conflicts:    1273000 | #Constraints:     688818
c #Conflicts:    1274000 | #Constraints:     689818
c #Conflicts:    1275000 | #Constraints:     690818
c #Conflicts:    1276000 | #Constraints:     691818
c #Conflicts:    1277000 | #Constraints:     692818
c #Conflicts:    1278000 | #Constraints:     693818
c #Conflicts:    1279000 | #Constraints:     694818
c INPROCESSING
c GARBAGE COLLECT
c #Conflicts:    1280000 | #Constraints:     673429
c #Conflicts:    1281000 | #Constraints:     674429
c #Conflicts:    1282000 | #Constraints:     675429
c #Conflicts:    1283000 | #Constraints:     676429
c #Conflicts:    1284000 | #Constraints:     677429
c #Conflicts:    1285000 | #Constraints:     678429
c #Conflicts:    1286000 | #Constraints:     679429
c bounds -728 >= -1050 @ 6687.17
c #Conflicts:    1287000 | #Constraints:     680430
c #Conflicts:    1288000 | #Constraints:     681430
c bounds -730 >= -1050 @ 6694.89
c #Conflicts:    1289000 | #Constraints:     682431
c #Conflicts:    1290000 | #Constraints:     683431
c #Conflicts:    1291000 | #Constraints:     684431
c #Conflicts:    1292000 | #Constraints:     685431
c #Conflicts:    1293000 | #Constraints:     686431
c #Conflicts:    1294000 | #Constraints:     687431
c #Conflicts:    1295000 | #Constraints:     688431
c #Conflicts:    1296000 | #Constraints:     689431
c #Conflicts:    1297000 | #Constraints:     690431
c #Conflicts:    1298000 | #Constraints:     691431
c #Conflicts:    1299000 | #Constraints:     692431
c #Conflicts:    1300000 | #Constraints:     693431
c #Conflicts:    1301000 | #Constraints:     694431
c #Conflicts:    1302000 | #Constraints:     695431
c INPROCESSING
c GARBAGE COLLECT
c #Conflicts:    1303000 | #Constraints:     673807
c #Conflicts:    1304000 | #Constraints:     674807
c #Conflicts:    1305000 | #Constraints:     675807
c #Conflicts:    1306000 | #Constraints:     676807
c #Conflicts:    1307000 | #Constraints:     677807
c #Conflicts:    1308000 | #Constraints:     678807
c #Conflicts:    1309000 | #Constraints:     679807
c #Conflicts:    1310000 | #Constraints:     680807
c #Conflicts:    1311000 | #Constraints:     681807
c #Conflicts:    1312000 | #Constraints:     682807
c #Conflicts:    1313000 | #Constraints:     683807
c #Conflicts:    1314000 | #Constraints:     684807
c #Conflicts:    1315000 | #Constraints:     685807
c #Conflicts:    1316000 | #Constraints:     686807
c #Conflicts:    1317000 | #Constraints:     687807
c #Conflicts:    1318000 | #Constraints:     688807
c #Conflicts:    1319000 | #Constraints:     689807
c #Conflicts:    1320000 | #Constraints:     690807
c #Conflicts:    1321000 | #Constraints:     691807
c #Conflicts:    1322000 | #Constraints:     692807
c #Conflicts:    1323000 | #Constraints:     693807
c #Conflicts:    1324000 | #Constraints:     694807
c #Conflicts:    1325000 | #Constraints:     695807
c INPROCESSING
c GARBAGE COLLECT
c #Conflicts:    1326000 | #Constraints:     674034
c #Conflicts:    1327000 | #Constraints:     675034
c #Conflicts:    1328000 | #Constraints:     676034
c #Conflicts:    1329000 | #Constraints:     677034
c #Conflicts:    1330000 | #Constraints:     678034
c #Conflicts:    1331000 | #Constraints:     679034
c #Conflicts:    1332000 | #Constraints:     680034
c #Conflicts:    1333000 | #Constraints:     681034
c #Conflicts:    1334000 | #Constraints:     682034
c #Conflicts:    1335000 | #Constraints:     683034
c #Conflicts:    1336000 | #Constraints:     684034
c #Conflicts:    1337000 | #Constraints:     685034
c #Conflicts:    1338000 | #Constraints:     686034
c #Conflicts:    1339000 | #Constraints:     687034
c #Conflicts:    1340000 | #Constraints:     688034
c #Conflicts:    1341000 | #Constraints:     689034
c #Conflicts:    1342000 | #Constraints:     690034
c #Conflicts:    1343000 | #Constraints:     691034
c #Conflicts:    1344000 | #Constraints:     692034
c #Conflicts:    1345000 | #Constraints:     693034
c #Conflicts:    1346000 | #Constraints:     694034
c #Conflicts:    1347000 | #Constraints:     695034
c #Conflicts:    1348000 | #Constraints:     696034
c INPROCESSING
c GARBAGE COLLECT
c #Conflicts:    1349000 | #Constraints:     673990
c #Conflicts:    1350000 | #Constraints:     674990
c #Conflicts:    1351000 | #Constraints:     675990
c #Conflicts:    1352000 | #Constraints:     676990
c #Conflicts:    1353000 | #Constraints:     677990
c #Conflicts:    1354000 | #Constraints:     678990
c #Conflicts:    1355000 | #Constraints:     679990
c #Conflicts:    1356000 | #Constraints:     680990
c #Conflicts:    1357000 | #Constraints:     681990
c #Conflicts:    1358000 | #Constraints:     682990
c #Conflicts:    1359000 | #Constraints:     683990
c #Conflicts:    1360000 | #Constraints:     684990
c #Conflicts:    1361000 | #Constraints:     685990
c #Conflicts:    1362000 | #Constraints:     686990
c #Conflicts:    1363000 | #Constraints:     687990
c #Conflicts:    1364000 | #Constraints:     688990
c #Conflicts:    1365000 | #Constraints:     689990
c #Conflicts:    1366000 | #Constraints:     690990
c #Conflicts:    1367000 | #Constraints:     691990
c #Conflicts:    1368000 | #Constraints:     692990
c #Conflicts:    1369000 | #Constraints:     693990
c #Conflicts:    1370000 | #Constraints:     694990
c #Conflicts:    1371000 | #Constraints:     695990
c INPROCESSING
c GARBAGE COLLECT
c #Conflicts:    1372000 | #Constraints:     673829
c #Conflicts:    1373000 | #Constraints:     674829
c #Conflicts:    1374000 | #Constraints:     675829
c #Conflicts:    1375000 | #Constraints:     676829
c #Conflicts:    1376000 | #Constraints:     677829
c #Conflicts:    1377000 | #Constraints:     678829
c #Conflicts:    1378000 | #Constraints:     679829
c #Conflicts:    1379000 | #Constraints:     680829
c #Conflicts:    1380000 | #Constraints:     681829
c #Conflicts:    1381000 | #Constraints:     682829
c #Conflicts:    1382000 | #Constraints:     683829
c #Conflicts:    1383000 | #Constraints:     684829
c #Conflicts:    1384000 | #Constraints:     685829
c #Conflicts:    1385000 | #Constraints:     686829
c #Conflicts:    1386000 | #Constraints:     687829
c #Conflicts:    1387000 | #Constraints:     688829
c #Conflicts:    1388000 | #Constraints:     689829
c #Conflicts:    1389000 | #Constraints:     690829
c #Conflicts:    1390000 | #Constraints:     691829
c #Conflicts:    1391000 | #Constraints:     692829
c #Conflicts:    1392000 | #Constraints:     693829
c #Conflicts:    1393000 | #Constraints:     694829
c #Conflicts:    1394000 | #Constraints:     695829
c #Conflicts:    1395000 | #Constraints:     696829
c INPROCESSING
c GARBAGE COLLECT
c #Conflicts:    1396000 | #Constraints:     674445
c #Conflicts:    1397000 | #Constraints:     675445
c #Conflicts:    1398000 | #Constraints:     676445
c #Conflicts:    1399000 | #Constraints:     677445
c #Conflicts:    1400000 | #Constraints:     678445
c #Conflicts:    1401000 | #Constraints:     679445
c #Conflicts:    1402000 | #Constraints:     680445
c #Conflicts:    1403000 | #Constraints:     681445
c #Conflicts:    1404000 | #Constraints:     682445
c #Conflicts:    1405000 | #Constraints:     683445
c #Conflicts:    1406000 | #Constraints:     684445
c #Conflicts:    1407000 | #Constraints:     685445
c #Conflicts:    1408000 | #Constraints:     686445
c #Conflicts:    1409000 | #Constraints:     687445
c #Conflicts:    1410000 | #Constraints:     688445
c #Conflicts:    1411000 | #Constraints:     689445
c #Conflicts:    1412000 | #Constraints:     690445
c #Conflicts:    1413000 | #Constraints:     691445
c #Conflicts:    1414000 | #Constraints:     692445
c #Conflicts:    1415000 | #Constraints:     693445
c #Conflicts:    1416000 | #Constraints:     694445
c bounds -732 >= -1050 @ 7712.17
c #Conflicts:    1417000 | #Constraints:     695446
c #Conflicts:    1418000 | #Constraints:     696446
c #Conflicts:    1419000 | #Constraints:     697446
c INPROCESSING
c GARBAGE COLLECT
c #Conflicts:    1420000 | #Constraints:     674852
c #Conflicts:    1421000 | #Constraints:     675852
c #Conflicts:    1422000 | #Constraints:     676852
c #Conflicts:    1423000 | #Constraints:     677852
c #Conflicts:    1424000 | #Constraints:     678852
c #Conflicts:    1425000 | #Constraints:     679852
c #Conflicts:    1426000 | #Constraints:     680852
c #Conflicts:    1427000 | #Constraints:     681852
c #Conflicts:    1428000 | #Constraints:     682852
c #Conflicts:    1429000 | #Constraints:     683852
c #Conflicts:    1430000 | #Constraints:     684852
c #Conflicts:    1431000 | #Constraints:     685852
c #Conflicts:    1432000 | #Constraints:     686852
c #Conflicts:    1433000 | #Constraints:     687852
c #Conflicts:    1434000 | #Constraints:     688852
c #Conflicts:    1435000 | #Constraints:     689852
c #Conflicts:    1436000 | #Constraints:     690852
c #Conflicts:    1437000 | #Constraints:     691852
c #Conflicts:    1438000 | #Constraints:     692852
c #Conflicts:    1439000 | #Constraints:     693852
c #Conflicts:    1440000 | #Constraints:     694852
c #Conflicts:    1441000 | #Constraints:     695852
c #Conflicts:    1442000 | #Constraints:     696852
c #Conflicts:    1443000 | #Constraints:     697852
c INPROCESSING
c GARBAGE COLLECT
c #Conflicts:    1444000 | #Constraints:     675057
c #Conflicts:    1445000 | #Constraints:     676057
c #Conflicts:    1446000 | #Constraints:     677057
c #Conflicts:    1447000 | #Constraints:     678057
c #Conflicts:    1448000 | #Constraints:     679057
c #Conflicts:    1449000 | #Constraints:     680057
c #Conflicts:    1450000 | #Constraints:     681057
c #Conflicts:    1451000 | #Constraints:     682057
c #Conflicts:    1452000 | #Constraints:     683057
c #Conflicts:    1453000 | #Constraints:     684057
c #Conflicts:    1454000 | #Constraints:     685057
c #Conflicts:    1455000 | #Constraints:     686057
c #Conflicts:    1456000 | #Constraints:     687057
c #Conflicts:    1457000 | #Constraints:     688057
c #Conflicts:    1458000 | #Constraints:     689057
c #Conflicts:    1459000 | #Constraints:     690057
c #Conflicts:    1460000 | #Constraints:     691057
c #Conflicts:    1461000 | #Constraints:     692057
c #Conflicts:    1462000 | #Constraints:     693057
c #Conflicts:    1463000 | #Constraints:     694057
c #Conflicts:    1464000 | #Constraints:     695057
c #Conflicts:    1465000 | #Constraints:     696057
c #Conflicts:    1466000 | #Constraints:     697057
c #Conflicts:    1467000 | #Constraints:     698057
c INPROCESSING
c GARBAGE COLLECT
c #Conflicts:    1468000 | #Constraints:     674990
c #Conflicts:    1469000 | #Constraints:     675990
c #Conflicts:    1470000 | #Constraints:     676990
c #Conflicts:    1471000 | #Constraints:     677990
c #Conflicts:    1472000 | #Constraints:     678990
c #Conflicts:    1473000 | #Constraints:     679990
c #Conflicts:    1474000 | #Constraints:     680990
c #Conflicts:    1475000 | #Constraints:     681990
c #Conflicts:    1476000 | #Constraints:     682990
c #Conflicts:    1477000 | #Constraints:     683990
c #Conflicts:    1478000 | #Constraints:     684990
c #Conflicts:    1479000 | #Constraints:     685990
c #Conflicts:    1480000 | #Constraints:     686990
c #Conflicts:    1481000 | #Constraints:     687990
c #Conflicts:    1482000 | #Constraints:     688990
c #Conflicts:    1483000 | #Constraints:     689990
c #Conflicts:    1484000 | #Constraints:     690990
c #Conflicts:    1485000 | #Constraints:     691990
c #Conflicts:    1486000 | #Constraints:     692990
c #Conflicts:    1487000 | #Constraints:     693990
c #Conflicts:    1488000 | #Constraints:     694990
c #Conflicts:    1489000 | #Constraints:     695990
c #Conflicts:    1490000 | #Constraints:     696990
c #Conflicts:    1491000 | #Constraints:     697990
c INPROCESSING
c GARBAGE COLLECT
c #Conflicts:    1492000 | #Constraints:     674826
c #Conflicts:    1493000 | #Constraints:     675826
c #Conflicts:    1494000 | #Constraints:     676826
c #Conflicts:    1495000 | #Constraints:     677826
c #Conflicts:    1496000 | #Constraints:     678826
c #Conflicts:    1497000 | #Constraints:     679826
c #Conflicts:    1498000 | #Constraints:     680826
c #Conflicts:    1499000 | #Constraints:     681826
c #Conflicts:    1500000 | #Constraints:     682826
c #Conflicts:    1501000 | #Constraints:     683826
c #Conflicts:    1502000 | #Constraints:     684826
c #Conflicts:    1503000 | #Constraints:     685826
c #Conflicts:    1504000 | #Constraints:     686826
c #Conflicts:    1505000 | #Constraints:     687826
c #Conflicts:    1506000 | #Constraints:     688826
c #Conflicts:    1507000 | #Constraints:     689826
c #Conflicts:    1508000 | #Constraints:     690826
c #Conflicts:    1509000 | #Constraints:     691826
c #Conflicts:    1510000 | #Constraints:     692826
c #Conflicts:    1511000 | #Constraints:     693826
c #Conflicts:    1512000 | #Constraints:     694826
c #Conflicts:    1513000 | #Constraints:     695826
c #Conflicts:    1514000 | #Constraints:     696826
c #Conflicts:    1515000 | #Constraints:     697826
c #Conflicts:    1516000 | #Constraints:     698826
c INPROCESSING
c GARBAGE COLLECT
c #Conflicts:    1517000 | #Constraints:     675435
c #Conflicts:    1518000 | #Constraints:     676435
c #Conflicts:    1519000 | #Constraints:     677435
c #Conflicts:    1520000 | #Constraints:     678435
c #Conflicts:    1521000 | #Constraints:     679435
c #Conflicts:    1522000 | #Constraints:     680435
c #Conflicts:    1523000 | #Constraints:     681435
c #Conflicts:    1524000 | #Constraints:     682435
c #Conflicts:    1525000 | #Constraints:     683435
c #Conflicts:    1526000 | #Constraints:     684435
c #Conflicts:    1527000 | #Constraints:     685435
c #Conflicts:    1528000 | #Constraints:     686435
c #Conflicts:    1529000 | #Constraints:     687435
c #Conflicts:    1530000 | #Constraints:     688435
c #Conflicts:    1531000 | #Constraints:     689435
c #Conflicts:    1532000 | #Constraints:     690435
c #Conflicts:    1533000 | #Constraints:     691435
c #Conflicts:    1534000 | #Constraints:     692435
c #Conflicts:    1535000 | #Constraints:     693435
c #Conflicts:    1536000 | #Constraints:     694435
c #Conflicts:    1537000 | #Constraints:     695435
c #Conflicts:    1538000 | #Constraints:     696435
c #Conflicts:    1539000 | #Constraints:     697435
c #Conflicts:    1540000 | #Constraints:     698435
c #Conflicts:    1541000 | #Constraints:     699435
c INPROCESSING
c GARBAGE COLLECT
c #Conflicts:    1542000 | #Constraints:     675755
c #Conflicts:    1543000 | #Constraints:     676755
c #Conflicts:    1544000 | #Constraints:     677755
c #Conflicts:    1545000 | #Constraints:     678755
c #Conflicts:    1546000 | #Constraints:     679755
c #Conflicts:    1547000 | #Constraints:     680755
c #Conflicts:    1548000 | #Constraints:     681755
c #Conflicts:    1549000 | #Constraints:     682755
c #Conflicts:    1550000 | #Constraints:     683755
c #Conflicts:    1551000 | #Constraints:     684755
c #Conflicts:    1552000 | #Constraints:     685755
c #Conflicts:    1553000 | #Constraints:     686755
c #Conflicts:    1554000 | #Constraints:     687755
c #Conflicts:    1555000 | #Constraints:     688755
c #Conflicts:    1556000 | #Constraints:     689755
c #Conflicts:    1557000 | #Constraints:     690755
c #Conflicts:    1558000 | #Constraints:     691755
c #Conflicts:    1559000 | #Constraints:     692755
c #Conflicts:    1560000 | #Constraints:     693755
c #Conflicts:    1561000 | #Constraints:     694755
c #Conflicts:    1562000 | #Constraints:     695755
c #Conflicts:    1563000 | #Constraints:     696755
c #Conflicts:    1564000 | #Constraints:     697755
c #Conflicts:    1565000 | #Constraints:     698755
c #Conflicts:    1566000 | #Constraints:     699755
c INPROCESSING
c GARBAGE COLLECT
c #Conflicts:    1567000 | #Constraints:     676008
c #Conflicts:    1568000 | #Constraints:     677008
c #Conflicts:    1569000 | #Constraints:     678008
c #Conflicts:    1570000 | #Constraints:     679008
c #Conflicts:    1571000 | #Constraints:     680008
c #Conflicts:    1572000 | #Constraints:     681008
c #Conflicts:    1573000 | #Constraints:     682008
c #Conflicts:    1574000 | #Constraints:     683008
c #Conflicts:    1575000 | #Constraints:     684008
c #Conflicts:    1576000 | #Constraints:     685008
c #Conflicts:    1577000 | #Constraints:     686008
c #Conflicts:    1578000 | #Constraints:     687008
c #Conflicts:    1579000 | #Constraints:     688008
c #Conflicts:    1580000 | #Constraints:     689008
c #Conflicts:    1581000 | #Constraints:     690008
c #Conflicts:    1582000 | #Constraints:     691008
c #Conflicts:    1583000 | #Constraints:     692008
c #Conflicts:    1584000 | #Constraints:     693008
c #Conflicts:    1585000 | #Constraints:     694008
c #Conflicts:    1586000 | #Constraints:     695008
c #Conflicts:    1587000 | #Constraints:     696008
c #Conflicts:    1588000 | #Constraints:     697008
c #Conflicts:    1589000 | #Constraints:     698008
c #Conflicts:    1590000 | #Constraints:     699008
c #Conflicts:    1591000 | #Constraints:     700008
c INPROCESSING
c GARBAGE COLLECT
c #Conflicts:    1592000 | #Constraints:     675996
c #Conflicts:    1593000 | #Constraints:     676996
c #Conflicts:    1594000 | #Constraints:     677996
c #Conflicts:    1595000 | #Constraints:     678996
c #Conflicts:    1596000 | #Constraints:     679996
c #Conflicts:    1597000 | #Constraints:     680996
c #Conflicts:    1598000 | #Constraints:     681996
c #Conflicts:    1599000 | #Constraints:     682996
c #Conflicts:    1600000 | #Constraints:     683996
c #Conflicts:    1601000 | #Constraints:     684996
c #Conflicts:    1602000 | #Constraints:     685996
c #Conflicts:    1603000 | #Constraints:     686996
c #Conflicts:    1604000 | #Constraints:     687996
c #Conflicts:    1605000 | #Constraints:     688996
c #Conflicts:    1606000 | #Constraints:     689996
c #Conflicts:    1607000 | #Constraints:     690996
c #Conflicts:    1608000 | #Constraints:     691996
c #Conflicts:    1609000 | #Constraints:     692996
c #Conflicts:    1610000 | #Constraints:     693996
c #Conflicts:    1611000 | #Constraints:     694996
c #Conflicts:    1612000 | #Constraints:     695996
c #Conflicts:    1613000 | #Constraints:     696996
c #Conflicts:    1614000 | #Constraints:     697996
c #Conflicts:    1615000 | #Constraints:     698996
c #Conflicts:    1616000 | #Constraints:     699996
c INPROCESSING
c GARBAGE COLLECT
c #Conflicts:    1617000 | #Constraints:     675824
c #Conflicts:    1618000 | #Constraints:     676824
c #Conflicts:    1619000 | #Constraints:     677824
c #Conflicts:    1620000 | #Constraints:     678824
c #Conflicts:    1621000 | #Constraints:     679824
c #Conflicts:    1622000 | #Constraints:     680824
c #Conflicts:    1623000 | #Constraints:     681824
c #Conflicts:    1624000 | #Constraints:     682824
c #Conflicts:    1625000 | #Constraints:     683824
c #Conflicts:    1626000 | #Constraints:     684824
c #Conflicts:    1627000 | #Constraints:     685824
c #Conflicts:    1628000 | #Constraints:     686824
c #Conflicts:    1629000 | #Constraints:     687824
c #Conflicts:    1630000 | #Constraints:     688824
c #Conflicts:    1631000 | #Constraints:     689824
c #Conflicts:    1632000 | #Constraints:     690824
c #Conflicts:    1633000 | #Constraints:     691824
c #Conflicts:    1634000 | #Constraints:     692824
c #Conflicts:    1635000 | #Constraints:     693824
c #Conflicts:    1636000 | #Constraints:     694824
c #Conflicts:    1637000 | #Constraints:     695824
c #Conflicts:    1638000 | #Constraints:     696824
c #Conflicts:    1639000 | #Constraints:     697824
c #Conflicts:    1640000 | #Constraints:     698824
c #Conflicts:    1641000 | #Constraints:     699824
c #Conflicts:    1642000 | #Constraints:     700824
c INPROCESSING
c GARBAGE COLLECT
c #Conflicts:    1643000 | #Constraints:     676448
c #Conflicts:    1644000 | #Constraints:     677448
c #Conflicts:    1645000 | #Constraints:     678448
c #Conflicts:    1646000 | #Constraints:     679448
c #Conflicts:    1647000 | #Constraints:     680448
c #Conflicts:    1648000 | #Constraints:     681448
c #Conflicts:    1649000 | #Constraints:     682448
c #Conflicts:    1650000 | #Constraints:     683448
c #Conflicts:    1651000 | #Constraints:     684448
c #Conflicts:    1652000 | #Constraints:     685448
c #Conflicts:    1653000 | #Constraints:     686448
c #Conflicts:    1654000 | #Constraints:     687448
c #Conflicts:    1655000 | #Constraints:     688448
c #Conflicts:    1656000 | #Constraints:     689448
c #Conflicts:    1657000 | #Constraints:     690448
c #Conflicts:    1658000 | #Constraints:     691448
c #Conflicts:    1659000 | #Constraints:     692448
c #Conflicts:    1660000 | #Constraints:     693448
c #Conflicts:    1661000 | #Constraints:     694448
c #Conflicts:    1662000 | #Constraints:     695448
c #Conflicts:    1663000 | #Constraints:     696448
c #Conflicts:    1664000 | #Constraints:     697448
c #Conflicts:    1665000 | #Constraints:     698448
c #Conflicts:    1666000 | #Constraints:     699448
c #Conflicts:    1667000 | #Constraints:     700448
c #Conflicts:    1668000 | #Constraints:     701448
c INPROCESSING
c GARBAGE COLLECT
c #Conflicts:    1669000 | #Constraints:     676817
c #Conflicts:    1670000 | #Constraints:     677817
c #Conflicts:    1671000 | #Constraints:     678817
c #Conflicts:    1672000 | #Constraints:     679817
c #Conflicts:    1673000 | #Constraints:     680817
c #Conflicts:    1674000 | #Constraints:     681817
c #Conflicts:    1675000 | #Constraints:     682817
c #Conflicts:    1676000 | #Constraints:     683817
c #Conflicts:    1677000 | #Constraints:     684817
c #Conflicts:    1678000 | #Constraints:     685817
c #Conflicts:    1679000 | #Constraints:     686817
c #Conflicts:    1680000 | #Constraints:     687817
c #Conflicts:    1681000 | #Constrai