c RoundingSat 2
c branch 
c commit 
c #variables 3329190 #constraints 7826156
c bounds - >= -17997705 @ 32.1998
c #Conflicts:       1000 | #Constraints:    7827155
c #Conflicts:       2000 | #Constraints:    7828155
c INPROCESSING
c bounds - >= -17997657 @ 34.5814
c bounds - >= -17997609 @ 34.7574
c bounds - >= -17997561 @ 34.9359
c bounds - >= -17997513 @ 35.1115
c bounds - >= -17997465 @ 35.2858
c bounds - >= -17997417 @ 35.4608
c bounds - >= -17997369 @ 35.6382
c bounds - >= -17997321 @ 35.8134
c bounds - >= -17997273 @ 35.9881
c bounds - >= -17997225 @ 36.1607
c bounds - >= -17997177 @ 36.3333
c bounds - >= -17997129 @ 36.5064
c bounds - >= -17997081 @ 36.6823
c bounds - >= -17997033 @ 36.8546
c bounds - >= -17996985 @ 37.0271
c bounds - >= -17996937 @ 37.2002
c bounds - >= -17996889 @ 37.3771
c bounds - >= -17996841 @ 37.5516
c bounds - >= -17996793 @ 37.7305
c bounds - >= -17996745 @ 37.904
c bounds - >= -17996697 @ 38.0794
c bounds - >= -17996649 @ 38.2563
c bounds - >= -17996601 @ 38.4326
c bounds - >= -17996553 @ 38.6124
c bounds - >= -17996505 @ 38.7881
c bounds - >= -17996457 @ 38.966
c bounds - >= -17996409 @ 39.144
c bounds - >= -17996361 @ 39.3207
c bounds - >= -17996313 @ 39.5013
c bounds - >= -17996265 @ 39.6803
c bounds - >= -17996217 @ 39.8599
c bounds - >= -17996169 @ 40.0393
c bounds - >= -17996121 @ 40.2177
c bounds - >= -17996073 @ 40.3925
c bounds - >= -17996025 @ 40.5669
c bounds - >= -17995977 @ 40.7442
c bounds - >= -17995929 @ 40.9219
c bounds - >= -17995881 @ 41.0957
c bounds - >= -17995833 @ 41.2732
c bounds - >= -17995785 @ 41.4502
c bounds - >= -17995737 @ 41.6237
c bounds - >= -17995689 @ 41.8039
c bounds - >= -17995641 @ 41.9796
c bounds - >= -17995593 @ 42.1584
c bounds - >= -17995545 @ 42.3365
c bounds - >= -17995497 @ 42.5105
c bounds - >= -17995449 @ 42.6875
c bounds - >= -17995401 @ 42.865
c bounds - >= -17995353 @ 43.0402
c bounds - >= -17995305 @ 43.2161
c bounds - >= -17995257 @ 43.3926
c bounds - >= -17995209 @ 43.5689
c bounds - >= -17995161 @ 43.7464
c bounds - >= -17995113 @ 43.924
c bounds - >= -17995065 @ 44.0973
c bounds - >= -17995017 @ 44.2731
c bounds - >= -17994969 @ 44.4513
c bounds - >= -17994921 @ 44.6282
c bounds - >= -17994873 @ 44.8024
c bounds - >= -17994825 @ 44.979
c bounds - >= -17994777 @ 45.1559
c bounds - >= -17994729 @ 45.3327
c bounds - >= -17994681 @ 45.5102
c bounds - >= -17994633 @ 45.6891
c bounds - >= -17994585 @ 45.8682
c bounds - >= -17994537 @ 46.0454
c bounds - >= -17994489 @ 46.2212
c bounds - >= -17994441 @ 46.3961
c bounds - >= -17994393 @ 46.5742
c bounds - >= -17994345 @ 46.7534
c bounds - >= -17994297 @ 46.931
c bounds - >= -17994249 @ 47.1097
c bounds - >= -17994201 @ 47.2882
c bounds - >= -17994153 @ 47.4687
c bounds - >= -17994105 @ 47.643
c bounds - >= -17994057 @ 47.821
c bounds - >= -17994009 @ 47.9984
c bounds - >= -17993961 @ 48.1752
c bounds - >= -17993913 @ 48.3529
c bounds - >= -17993865 @ 48.5288
c bounds - >= -17993817 @ 48.7073
c bounds - >= -17993769 @ 48.8862
c bounds - >= -17993721 @ 49.0645
c bounds - >= -17993673 @ 49.2394
c bounds - >= -17993625 @ 49.4191
c bounds - >= -17993577 @ 49.5949
c bounds - >= -17993529 @ 49.7719
c bounds - >= -17993481 @ 49.9475
c bounds - >= -17993433 @ 50.123
c bounds - >= -17993385 @ 50.2967
c bounds - >= -17993337 @ 50.47
c bounds - >= -17993289 @ 50.6465
c bounds - >= -17993241 @ 50.8237
c bounds - >= -17993193 @ 50.9996
c bounds - >= -17993145 @ 51.1755
c bounds - >= -17993097 @ 51.3513
c bounds - >= -17993049 @ 51.5253
c bounds - >= -17993001 @ 51.6995
c bounds - >= -17992953 @ 51.8731
c bounds - >= -17992905 @ 52.048
c bounds - >= -17992857 @ 52.2206
c bounds - >= -17992809 @ 52.3937
c bounds - >= -17992761 @ 52.5669
c bounds - >= -17992713 @ 52.7396
c bounds - >= -17992665 @ 52.9149
c bounds - >= -17992617 @ 53.0871
c bounds - >= -17992569 @ 53.2611
c bounds - >= -17992521 @ 53.4336
c bounds - >= -17992473 @ 53.6079
c bounds - >= -17992425 @ 53.7815
c bounds - >= -17992377 @ 53.957
c bounds - >= -17992329 @ 54.1332
c bounds - >= -17992281 @ 54.3066
c bounds - >= -17992233 @ 54.4823
c bounds - >= -17992185 @ 54.656
c bounds - >= -17992137 @ 54.8297
c bounds - >= -17992089 @ 55.0038
c bounds - >= -17992041 @ 55.1803
c bounds - >= -17991993 @ 55.3559
c bounds - >= -17991945 @ 55.5309
c bounds - >= -17991897 @ 55.7073
c bounds - >= -17991849 @ 55.8829
c bounds - >= -17991801 @ 56.0604
c bounds - >= -17991753 @ 56.2398
c bounds - >= -17991705 @ 56.4183
c bounds - >= -17991657 @ 56.594
c bounds - >= -17991609 @ 56.7734
c bounds - >= -17991561 @ 56.948
c bounds - >= -17991513 @ 57.1224
c bounds - >= -17991465 @ 57.2985
c bounds - >= -17991417 @ 57.4736
c bounds - >= -17991369 @ 57.6503
c bounds - >= -17991321 @ 57.8266
c bounds - >= -17991273 @ 58.0025
c bounds - >= -17991225 @ 58.1778
c bounds - >= -17991177 @ 58.3555
c bounds - >= -17991129 @ 58.5304
c bounds - >= -17991081 @ 58.7061
c bounds - >= -17991033 @ 58.8833
c bounds - >= -17990985 @ 59.0606
c bounds - >= -17990937 @ 59.2365
c bounds - >= -17990889 @ 59.4134
c bounds - >= -17990841 @ 59.5905
c bounds - >= -17990793 @ 59.7677
c bounds - >= -17990745 @ 59.9454
c bounds - >= -17990697 @ 60.1227
c bounds - >= -17990649 @ 60.3002
c bounds - >= -17990601 @ 60.4786
c bounds - >= -17990553 @ 60.654
c bounds - >= -17990505 @ 60.8331
c bounds - >= -17990457 @ 61.0101
c bounds - >= -17990409 @ 61.1883
c bounds - >= -17990361 @ 61.3663
c bounds - >= -17990313 @ 61.5445
c bounds - >= -17990265 @ 61.7237
c bounds - >= -17990217 @ 61.9018
c bounds - >= -17990169 @ 62.0803
c bounds - >= -17990121 @ 62.2583
c bounds - >= -17990073 @ 62.438
c bounds - >= -17990025 @ 62.6156
c bounds - >= -17989977 @ 62.7954
c bounds - >= -17989929 @ 62.9726
c bounds - >= -17989881 @ 63.1512
c bounds - >= -17989833 @ 63.3282
c bounds - >= -17989785 @ 63.5063
c bounds - >= -17989737 @ 63.6837
c bounds - >= -17989689 @ 63.8586
c bounds - >= -17989641 @ 64.0375
c bounds - >= -17989593 @ 64.2137
c bounds - >= -17989545 @ 64.3895
c bounds - >= -17989497 @ 64.5671
c bounds - >= -17989449 @ 64.7421
c bounds - >= -17989401 @ 64.9202
c bounds - >= -17989353 @ 65.0973
c bounds - >= -17989305 @ 65.2732
c bounds - >= -17989257 @ 65.45
c bounds - >= -17989209 @ 65.6262
c bounds - >= -17989161 @ 65.8032
c bounds - >= -17989113 @ 65.9803
c bounds - >= -17989065 @ 66.1583
c bounds - >= -17989017 @ 66.338
c bounds - >= -17988969 @ 66.5137
c bounds - >= -17988921 @ 66.6903
c bounds - >= -17988873 @ 66.8658
c bounds - >= -17988825 @ 67.0414
c bounds - >= -17988777 @ 67.2172
c bounds - >= -17988729 @ 67.3956
c bounds - >= -17988681 @ 67.574
c bounds - >= -17988633 @ 67.7548
c bounds - >= -17988585 @ 67.9296
c bounds - >= -17988537 @ 68.113
c bounds - >= -17988489 @ 68.2917
c bounds - >= -17988441 @ 68.4736
c bounds - >= -17988393 @ 68.6514
c bounds - >= -17988345 @ 68.8308
c bounds - >= -17988297 @ 69.0102
c bounds - >= -17988249 @ 69.1865
c bounds - >= -17988201 @ 69.3611
c bounds - >= -17988153 @ 69.5354
c bounds - >= -17988105 @ 69.7121
c bounds - >= -17988057 @ 69.8884
c bounds - >= -17988009 @ 70.0627
c bounds - >= -17987961 @ 70.2372
c bounds - >= -17987913 @ 70.4124
c bounds - >= -17987865 @ 70.5875
c bounds - >= -17987817 @ 70.763
c bounds - >= -17987769 @ 70.9425
c bounds - >= -17987721 @ 71.1181
c bounds - >= -17987673 @ 71.2924
c bounds - >= -17987625 @ 71.471
c bounds - >= -17987577 @ 71.6447
c bounds - >= -17987529 @ 71.8207
c bounds - >= -17987481 @ 71.995
c bounds - >= -17987433 @ 72.1696
c bounds - >= -17987385 @ 72.3441
c bounds - >= -17987337 @ 72.5195
c bounds - >= -17987289 @ 72.6946
c bounds - >= -17987241 @ 72.8692
c bounds - >= -17987193 @ 73.0438
c bounds - >= -17987145 @ 73.218
c bounds - >= -17987097 @ 73.3902
c bounds - >= -17987049 @ 73.5665
c bounds - >= -17987001 @ 73.7412
c bounds - >= -17986953 @ 73.9162
c bounds - >= -17986905 @ 74.0907
c bounds - >= -17986857 @ 74.2676
c bounds - >= -17986809 @ 74.443
c bounds - >= -17986761 @ 74.6184
c bounds - >= -17986713 @ 74.7917
c bounds - >= -17986665 @ 74.9663
c bounds - >= -17986617 @ 75.1412
c bounds - >= -17986569 @ 75.316
c bounds - >= -17986521 @ 75.492
c bounds - >= -17986473 @ 75.6697
c bounds - >= -17986425 @ 75.8459
c bounds - >= -17986377 @ 76.0226
c bounds - >= -17986329 @ 76.1994
c bounds - >= -17986281 @ 76.3749
c bounds - >= -17986233 @ 76.5522
c bounds - >= -17986185 @ 76.73
c bounds - >= -17986137 @ 76.908
c bounds - >= -17986089 @ 77.0849
c bounds - >= -17986041 @ 77.2629
c bounds - >= -17985993 @ 77.4415
c bounds - >= -17985945 @ 77.6171
c bounds - >= -17985897 @ 77.7922
c bounds - >= -17985849 @ 77.9694
c bounds - >= -17985801 @ 78.1457
c bounds - >= -17985753 @ 78.3241
c bounds - >= -17985705 @ 78.5014
c bounds - >= -17985657 @ 78.679
c bounds - >= -17985609 @ 78.8566
c bounds - >= -17985561 @ 79.0323
c bounds - >= -17985513 @ 79.2102
c bounds - >= -17985465 @ 79.3899
c bounds - >= -17985417 @ 79.5644
c bounds - >= -17985369 @ 79.7417
c bounds - >= -17985321 @ 79.9191
c bounds - >= -17985273 @ 80.0948
c bounds - >= -17985225 @ 80.2713
c bounds - >= -17985177 @ 80.449
c bounds - >= -17985129 @ 80.625
c bounds - >= -17985081 @ 80.8015
c bounds - >= -17985033 @ 80.9807
c bounds - >= -17984985 @ 81.1582
c bounds - >= -17984937 @ 81.3348
c bounds - >= -17984889 @ 81.5111
c bounds - >= -17984841 @ 81.6875
c bounds - >= -17984793 @ 81.8624
c bounds - >= -17984745 @ 82.0377
c bounds - >= -17984697 @ 82.2128
c bounds - >= -17984649 @ 82.3895
c bounds - >= -17984601 @ 82.566
c bounds - >= -17984553 @ 82.7417
c bounds - >= -17984505 @ 82.9185
c bounds - >= -17984457 @ 83.0939
c bounds - >= -17984409 @ 83.2693
c bounds - >= -17984361 @ 83.4489
c bounds - >= -17984313 @ 83.6274
c bounds - >= -17984265 @ 83.8045
c bounds - >= -17984217 @ 83.981
c bounds - >= -17984169 @ 84.1573
c bounds - >= -17984121 @ 84.3347
c bounds - >= -17984073 @ 84.5123
c bounds - >= -17984025 @ 84.6895
c bounds - >= -17983977 @ 84.8652
c bounds - >= -17983929 @ 85.0438
c bounds - >= -17983881 @ 85.2207
c bounds - >= -17983833 @ 85.3968
c bounds - >= -17983785 @ 85.5745
c bounds - >= -17983737 @ 85.752
c bounds - >= -17983689 @ 85.9294
c bounds - >= -17983641 @ 86.1049
c bounds - >= -17983593 @ 86.2833
c bounds - >= -17983545 @ 86.4617
c bounds - >= -17983497 @ 86.6401
c bounds - >= -17983449 @ 86.8188
c bounds - >= -17983401 @ 86.9967
c bounds - >= -17983353 @ 87.1732
c bounds - >= -17983305 @ 87.3517
c bounds - >= -17983257 @ 87.5304
c bounds - >= -17983209 @ 87.7079
c bounds - >= -17983161 @ 87.8842
c bounds - >= -17983113 @ 88.0631
c bounds - >= -17983065 @ 88.2423
c bounds - >= -17983017 @ 88.4186
c bounds - >= -17982969 @ 88.5998
c bounds - >= -17982921 @ 88.7776
c bounds - >= -17982873 @ 88.9563
c bounds - >= -17982825 @ 89.1356
c bounds - >= -17982777 @ 89.314
c bounds - >= -17982729 @ 89.4955
c bounds - >= -17982681 @ 89.6755
c bounds - >= -17982633 @ 89.8545
c bounds - >= -17982585 @ 90.0336
c bounds - >= -17982537 @ 90.2128
c bounds - >= -17982489 @ 90.3917
c bounds - >= -17982441 @ 90.5704
c bounds - >= -17982393 @ 90.7485
c bounds - >= -17982345 @ 90.9284
c bounds - >= -17982297 @ 91.1061
c bounds - >= -17982249 @ 91.2862
c bounds - >= -17982201 @ 91.4658
c bounds - >= -17982153 @ 91.6462
c bounds - >= -17982105 @ 91.8276
c bounds - >= -17982057 @ 92.0085
c bounds - >= -17982009 @ 92.1902
c bounds - >= -17981961 @ 92.3683
c bounds - >= -17981913 @ 92.5482
c bounds - >= -17981865 @ 92.7271
c bounds - >= -17981817 @ 92.9087
c bounds - >= -17981769 @ 93.0899
c bounds - >= -17981721 @ 93.271
c bounds - >= -17981673 @ 93.4531
c bounds - >= -17981625 @ 93.6327
c bounds - >= -17981577 @ 93.8115
c bounds - >= -17981529 @ 93.9925
c bounds - >= -17981481 @ 94.1708
c bounds - >= -17981433 @ 94.3517
c bounds - >= -17981385 @ 94.5327
c bounds - >= -17981337 @ 94.7137
c bounds - >= -17981289 @ 94.8953
c bounds - >= -17981241 @ 95.0766
c bounds - >= -17981193 @ 95.2591
c bounds - >= -17981145 @ 95.4402
c bounds - >= -17981097 @ 95.6218
c bounds - >= -17981049 @ 95.8012
c bounds - >= -17981001 @ 95.9796
c bounds - >= -17980953 @ 96.1592
c bounds - >= -17980905 @ 96.3372
c bounds - >= -17980857 @ 96.5157
c bounds - >= -17980809 @ 96.6955
c bounds - >= -17980761 @ 96.8741
c bounds - >= -17980713 @ 97.0546
c bounds - >= -17980665 @ 97.2338
c bounds - >= -17980617 @ 97.411
c bounds - >= -17980569 @ 97.5902
c bounds - >= -17980521 @ 97.7725
c bounds - >= -17980473 @ 97.9522
c bounds - >= -17980425 @ 98.1325
c bounds - >= -17980377 @ 98.3114
c bounds - >= -17980329 @ 98.4906
c bounds - >= -17980281 @ 98.6714
c bounds - >= -17980233 @ 98.8544
c bounds - >= -17980185 @ 99.0338
c bounds - >= -17980137 @ 99.2146
c bounds - >= -17980089 @ 99.3963
c bounds - >= -17980041 @ 99.5772
c bounds - >= -17979993 @ 99.7584
c bounds - >= -17979945 @ 99.9404
c bounds - >= -17979897 @ 100.122
c bounds - >= -17979849 @ 100.303
c bounds - >= -17979801 @ 100.485
c bounds - >= -17979753 @ 100.664
c bounds - >= -17979705 @ 100.845
c bounds - >= -17979657 @ 101.024
c bounds - >= -17979609 @ 101.206
c bounds - >= -17979561 @ 101.387
c bounds - >= -17979513 @ 101.569
c bounds - >= -17979465 @ 101.753
c bounds - >= -17979417 @ 101.935
c bounds - >= -17979369 @ 102.117
c bounds - >= -17979321 @ 102.299
c bounds - >= -17979273 @ 102.479
c bounds - >= -17979225 @ 102.658
c bounds - >= -17979177 @ 102.835
c bounds - >= -17979129 @ 103.017
c bounds - >= -17979081 @ 103.199
c bounds - >= -17979033 @ 103.379
c bounds - >= -17978985 @ 103.559
c bounds - >= -17978937 @ 103.742
c bounds - >= -17978889 @ 103.92
c bounds - >= -17978841 @ 104.102
c bounds - >= -17978793 @ 104.283
c bounds - >= -17978745 @ 104.46
c bounds - >= -17978697 @ 104.639
c bounds - >= -17978649 @ 104.818
c bounds - >= -17978601 @ 104.995
c bounds - >= -17978553 @ 105.172
c bounds - >= -17978505 @ 105.351
c bounds - >= -17978457 @ 105.526
c bounds - >= -17978409 @ 105.703
c bounds - >= -17978361 @ 105.878
c bounds - >= -17978313 @ 106.054
c bounds - >= -17978265 @ 106.23
c bounds - >= -17978217 @ 106.406
c bounds - >= -17978169 @ 106.583
c bounds - >= -17978121 @ 106.761
c bounds - >= -17978073 @ 106.937
c bounds - >= -17978025 @ 107.114
c bounds - >= -17977977 @ 107.29
c bounds - >= -17977929 @ 107.465
c bounds - >= -17977881 @ 107.641
c bounds - >= -17977833 @ 107.819
c bounds - >= -17977785 @ 107.993
c bounds - >= -17977737 @ 108.167
c bounds - >= -17977689 @ 108.343
c bounds - >= -17977641 @ 108.518
c bounds - >= -17977593 @ 108.694
c bounds - >= -17977545 @ 108.87
c bounds - >= -17977497 @ 109.046
c bounds - >= -17977449 @ 109.222
c bounds - >= -17977401 @ 109.398
c bounds - >= -17977353 @ 109.574
c bounds - >= -17977305 @ 109.748
c bounds - >= -17977257 @ 109.921
c bounds - >= -17977209 @ 110.092
c bounds - >= -17977161 @ 110.264
c bounds - >= -17977113 @ 110.436
c bounds - >= -17977065 @ 110.608
c bounds - >= -17977017 @ 110.781
c bounds - >= -17976969 @ 110.956
c bounds - >= -17976921 @ 111.131
c bounds - >= -17976873 @ 111.304
c bounds - >= -17976825 @ 111.48
c bounds - >= -17976777 @ 111.657
c bounds - >= -17976729 @ 111.833
c bounds - >= -17976681 @ 112.01
c bounds - >= -17976609 @ 112.191
c bounds - >= -17976444 @ 112.366
c bounds - >= -17976279 @ 112.545
c bounds - >= -17976138 @ 112.724
c bounds - >= -17976090 @ 112.901
c bounds - >= -17976042 @ 113.082
c bounds - >= -17975994 @ 113.262
c bounds - >= -17975922 @ 113.433
c bounds - >= -17975781 @ 113.608
c bounds - >= -17975709 @ 113.794
c bounds - >= -17975544 @ 113.974
c bounds - >= -17975379 @ 114.157
c bounds - >= -17975238 @ 114.336
c bounds - >= -17975190 @ 114.518
c bounds - >= -17975142 @ 114.7
c bounds - >= -17975070 @ 114.875
c bounds - >= -17974929 @ 115.055
c bounds - >= -17974881 @ 115.229
c bounds - >= -17974809 @ 115.414
c bounds - >= -17974668 @ 115.601
c bounds - >= -17974620 @ 115.783
c bounds - >= -17974572 @ 115.968
c bounds - >= -17974524 @ 116.152
c bounds - >= -17974452 @ 116.336
c bounds - >= -17974287 @ 116.528
c bounds - >= -17974146 @ 116.71
c bounds - >= -17974098 @ 116.894
c bounds - >= -17974026 @ 117.078
c bounds - >= -17973861 @ 117.262
c bounds - >= -17973696 @ 117.438
c bounds - >= -17973555 @ 117.616
c bounds - >= -17973507 @ 117.794
c bounds - >= -17973435 @ 117.976
c bounds - >= -17973270 @ 118.149
c bounds - >= -17973105 @ 118.33
c bounds - >= -17972940 @ 118.506
c bounds - >= -17972775 @ 118.687
c bounds - >= -17972634 @ 118.865
c bounds - >= -17972586 @ 119.047
c bounds - >= -17972538 @ 119.229
c bounds - >= -17972466 @ 119.408
c bounds - >= -17972325 @ 119.586
c bounds - >= -17972277 @ 119.762
c bounds - >= -17972205 @ 119.94
c bounds - >= -17972064 @ 120.118
c bounds - >= -17972016 @ 120.301
c bounds - >= -17971968 @ 120.525
c bounds - >= -17971920 @ 120.769
c bounds - >= -17971872 @ 120.953
c bounds - >= -17971824 @ 121.132
c bounds - >= -17971752 @ 121.306
c bounds - >= -17971611 @ 121.481
c bounds - >= -17971563 @ 121.653
c bounds - >= -17971491 @ 121.833
c bounds - >= -17971350 @ 122.012
c bounds - >= -17971278 @ 122.189
c bounds - >= -17971113 @ 122.368
c bounds - >= -17970972 @ 122.546
c bounds - >= -17970900 @ 122.723
c bounds - >= -17970759 @ 122.895
c bounds - >= -17970711 @ 123.067
c bounds - >= -17970639 @ 123.247
c bounds - >= -17970474 @ 123.425
c bounds - >= -17970309 @ 123.606
c bounds - >= -17970144 @ 123.778
c bounds - >= -17969979 @ 123.964
c bounds - >= -17969814 @ 124.138
c bounds - >= -17969649 @ 124.319
c bounds - >= -17969484 @ 124.504
c bounds - >= -17969343 @ 124.686
c bounds - >= -17969295 @ 124.865
c bounds - >= -17969247 @ 125.045
c bounds - >= -17969199 @ 125.226
c bounds - >= -17969151 @ 125.41
c bounds - >= -17969079 @ 125.593
c bounds - >= -17968938 @ 125.777
c bounds - >= -17968866 @ 125.955
c bounds - >= -17968701 @ 126.137
c bounds - >= -17968536 @ 126.309
c bounds - >= -17968371 @ 126.491
c bounds - >= -17968206 @ 126.671
c bounds - >= -17968065 @ 126.849
c bounds - >= -17968017 @ 127.026
c bounds - >= -17967945 @ 127.21
c bounds - >= -17967804 @ 127.388
c bounds - >= -17967732 @ 127.572
c bounds - >= -17967567 @ 127.757
c bounds - >= -17967426 @ 127.941
c bounds - >= -17967378 @ 128.129
c bounds - >= -17967306 @ 128.306
c bounds - >= -17967165 @ 128.483
c bounds - >= -17967117 @ 128.662
c bounds - >= -17967069 @ 128.836
c bounds - >= -17966997 @ 129.022
c bounds - >= -17966856 @ 129.211
c bounds - >= -17966808 @ 129.396
c bounds - >= -17966760 @ 129.584
c bounds - >= -17966712 @ 129.772
c bounds - >= -17966640 @ 129.947
c bounds - >= -17966475 @ 130.128
c bounds - >= -17966310 @ 130.303
c bounds - >= -17966145 @ 130.484
c bounds - >= -17965980 @ 130.664
c bounds - >= -17965815 @ 130.847
c bounds - >= -17965650 @ 131.024
c bounds - >= -17965485 @ 131.204
c bounds - >= -17965320 @ 131.378
c bounds - >= -17965155 @ 131.563
c bounds - >= -17964990 @ 131.745
c bounds - >= -17964825 @ 131.931
c bounds - >= -17964660 @ 132.106
c bounds - >= -17964495 @ 132.284
c bounds - >= -17964330 @ 132.457
c bounds - >= -17964165 @ 132.638
c bounds - >= -17964000 @ 132.811
c bounds - >= -17963835 @ 132.988
c bounds - >= -17963670 @ 133.169
c bounds - >= -17963505 @ 133.35
c bounds - >= -17963340 @ 133.525
c bounds - >= -17963175 @ 133.709
c bounds - >= -17963010 @ 133.882
c bounds - >= -17962845 @ 134.061
c bounds - >= -17962680 @ 134.239
c bounds - >= -17962515 @ 134.429
c bounds - >= -17962350 @ 134.611
c bounds - >= -17962185 @ 134.796
c bounds - >= -17962020 @ 134.972
c bounds - >= -17961855 @ 135.155
c bounds - >= -17961690 @ 135.331
c bounds - >= -17961525 @ 135.51
c bounds - >= -17961360 @ 135.689
c bounds - >= -17961195 @ 135.875
c bounds - >= -17961030 @ 136.05
c bounds - >= -17960865 @ 136.232
c bounds - >= -17960700 @ 136.406
c bounds - >= -17960535 @ 136.589
c bounds - >= -17960370 @ 136.765
c bounds - >= -17960205 @ 136.946
c bounds - >= -17960040 @ 137.123
c bounds - >= -17959875 @ 137.306
c bounds - >= -17959710 @ 137.482
c bounds - >= -17959545 @ 137.668
c bounds - >= -17959380 @ 137.842
c bounds - >= -17959215 @ 138.02
c bounds - >= -17959050 @ 138.195
c bounds - >= -17958885 @ 138.377
c bounds - >= -17958720 @ 138.556
c bounds - >= -17958555 @ 138.736
c bounds - >= -17958390 @ 138.91
c bounds - >= -17958225 @ 139.09
c bounds - >= -17958060 @ 139.264
c bounds - >= -17957895 @ 139.445
c bounds - >= -17957730 @ 139.625
c bounds - >= -17957565 @ 139.805
c bounds - >= -17957400 @ 139.982
c bounds - >= -17957235 @ 140.163
c bounds - >= -17957070 @ 140.34
c bounds - >= -17956905 @ 140.523
c bounds - >= -17956740 @ 140.701
c bounds - >= -17956575 @ 140.881
c bounds - >= -17956410 @ 141.062
c bounds - >= -17956245 @ 141.24
c bounds - >= -17956080 @ 141.414
c bounds - >= -17955915 @ 141.595
c bounds - >= -17955750 @ 141.767
c bounds - >= -17955585 @ 141.943
c bounds - >= -17955420 @ 142.119
c bounds - >= -17955255 @ 142.295
c bounds - >= -17955090 @ 142.474
c bounds - >= -17954925 @ 142.657
c bounds - >= -17954760 @ 142.832
c bounds - >= -17954595 @ 143.014
c bounds - >= -17954430 @ 143.187
c bounds - >= -17954265 @ 143.366
c bounds - >= -17954100 @ 143.549
c bounds - >= -17953935 @ 143.733
c bounds - >= -17953770 @ 143.908
c bounds - >= -17953605 @ 144.086
c bounds - >= -17953440 @ 144.26
c bounds - >= -17953275 @ 144.439
c bounds - >= -17953110 @ 144.609
c bounds - >= -17952945 @ 144.789
c bounds - >= -17952780 @ 144.968
c bounds - >= -17952615 @ 145.152
c bounds - >= -17952450 @ 145.324
c bounds - >= -17952285 @ 145.507
c bounds - >= -17952120 @ 145.681
c bounds - >= -17951955 @ 145.862
c bounds - >= -17951790 @ 146.035
c bounds - >= -17951625 @ 146.219
c bounds - >= -17951460 @ 146.395
c bounds - >= -17951295 @ 146.576
c bounds - >= -17951130 @ 146.749
c bounds - >= -17950965 @ 146.929
c bounds - >= -17950800 @ 147.103
c bounds - >= -17950635 @ 147.285
c bounds - >= -17950470 @ 147.46
c bounds - >= -17950305 @ 147.643
c bounds - >= -17950140 @ 147.817
c bounds - >= -17949975 @ 147.996
c bounds - >= -17949810 @ 148.168
c bounds - >= -17949645 @ 148.348
c bounds - >= -17949480 @ 148.525
c bounds - >= -17949315 @ 148.705
c bounds - >= -17949150 @ 148.883
c bounds - >= -17948985 @ 149.065
c bounds - >= -17948820 @ 149.241
c bounds - >= -17948655 @ 149.424
c bounds - >= -17948490 @ 149.599
c bounds - >= -17948325 @ 149.778
c bounds - >= -17948160 @ 149.952
c bounds - >= -17947995 @ 150.134
c bounds - >= -17947830 @ 150.315
c bounds - >= -17947665 @ 150.496
c bounds - >= -17947500 @ 150.67
c bounds - >= -17947335 @ 150.853
c bounds - >= -17947170 @ 151.027
c bounds - >= -17947005 @ 151.212
c bounds - >= -17946840 @ 151.392
c bounds - >= -17946675 @ 151.572
c bounds - >= -17946510 @ 151.745
c bounds - >= -17946345 @ 151.923
c bounds - >= -17946180 @ 152.094
c bounds - >= -17946015 @ 152.274
c bounds - >= -17945850 @ 152.451
c bounds - >= -17945685 @ 152.629
c bounds - >= -17945520 @ 152.808
c bounds - >= -17945355 @ 152.991
c bounds - >= -17945190 @ 153.167
c bounds - >= -17945025 @ 153.352
c bounds - >= -17944860 @ 153.529
c bounds - >= -17944695 @ 153.71
c bounds - >= -17944530 @ 153.883
c bounds - >= -17944365 @ 154.063
c bounds - >= -17944200 @ 154.242
c bounds - >= -17944035 @ 154.426
c bounds - >= -17943870 @ 154.602
c bounds - >= -17943705 @ 154.778
c bounds - >= -17943564 @ 154.958
c bounds - >= -17943516 @ 155.135
c bounds - >= -17943468 @ 155.316
c bounds - >= -17943420 @ 155.494
c bounds - >= -17943372 @ 155.673
c bounds - >= -17943324 @ 155.851
c bounds - >= -17943276 @ 156.029
c bounds - >= -17943228 @ 156.206
c bounds - >= -17943180 @ 156.385
c bounds - >= -17943132 @ 156.563
c bounds - >= -17943084 @ 156.743
c bounds - >= -17943036 @ 156.922
c bounds - >= -17942988 @ 157.101
c bounds - >= -17942940 @ 157.28
c bounds - >= -17942892 @ 157.461
c bounds - >= -17942844 @ 157.643
c bounds - >= -17942796 @ 157.824
c bounds - >= -17942748 @ 158.004
c bounds - >= -17942700 @ 158.181
c bounds - >= -17942652 @ 158.357
c bounds - >= -17942604 @ 158.535
c bounds - >= -17942556 @ 158.713
c bounds - >= -17942508 @ 158.891
c bounds - >= -17942460 @ 159.068
c bounds - >= -17942412 @ 159.246
c bounds - >= -17942364 @ 159.425
c bounds - >= -17942316 @ 159.604
c bounds - >= -17942268 @ 159.783
c bounds - >= -17942220 @ 159.962
c bounds - >= -17942172 @ 160.139
c bounds - >= -17942124 @ 160.318
c bounds - >= -17942076 @ 160.499
c bounds - >= -17942028 @ 160.678
c bounds - >= -17941980 @ 160.856
c bounds - >= -17941932 @ 161.033
c bounds - >= -17941884 @ 161.212
c bounds - >= -17941836 @ 161.391
c bounds - >= -17941788 @ 161.571
c bounds - >= -17941740 @ 161.749
c bounds - >= -17941692 @ 161.927
c bounds - >= -17941644 @ 162.107
c bounds - >= -17941596 @ 162.285
c bounds - >= -17941548 @ 162.466
c bounds - >= -17941500 @ 162.645
c bounds - >= -17941452 @ 162.824
c bounds - >= -17941404 @ 163.006
c bounds - >= -17941356 @ 163.187
c bounds - >= -17941308 @ 163.366
c bounds - >= -17941260 @ 163.545
c bounds - >= -17941212 @ 163.723
c bounds - >= -17941164 @ 163.9
c bounds - >= -17941116 @ 164.077
c bounds - >= -17941068 @ 164.256
c bounds - >= -17941020 @ 164.436
c bounds - >= -17940972 @ 164.614
c bounds - >= -17940924 @ 164.793
c bounds - >= -17940876 @ 164.972
c bounds - >= -17940828 @ 165.149
c bounds - >= -17940780 @ 165.328
c bounds - >= -17940732 @ 165.509
c bounds - >= -17940684 @ 165.686
c bounds - >= -17940636 @ 165.864
c bounds - >= -17940588 @ 166.042
c bounds - >= -17940540 @ 166.22
c bounds - >= -17940492 @ 166.399
c bounds - >= -17940444 @ 166.576
c bounds - >= -17940396 @ 166.755
c bounds - >= -17940348 @ 166.933
c bounds - >= -17940300 @ 167.113
c bounds - >= -17940252 @ 167.292
c bounds - >= -17940204 @ 167.47
c bounds - >= -17940156 @ 167.648
c bounds - >= -17940108 @ 167.825
c bounds - >= -17940060 @ 168.002
c bounds - >= -17940012 @ 168.18
c bounds - >= -17939964 @ 168.358
c bounds - >= -17939916 @ 168.538
c bounds - >= -17939868 @ 168.715
c bounds - >= -17939820 @ 168.893
c bounds - >= -17939772 @ 169.075
c bounds - >= -17939724 @ 169.257
c bounds - >= -17939676 @ 169.436
c bounds - >= -17939628 @ 169.613
c bounds - >= -17939580 @ 169.792
c bounds - >= -17939532 @ 169.972
c bounds - >= -17939484 @ 170.151
c bounds - >= -17939436 @ 170.328
c bounds - >= -17939388 @ 170.505
c bounds - >= -17939340 @ 170.682
c bounds - >= -17939292 @ 170.86
c bounds - >= -17939244 @ 171.038
c bounds - >= -17939196 @ 171.216
c bounds - >= -17939148 @ 171.395
c bounds - >= -17939100 @ 171.573
c bounds - >= -17939052 @ 171.751
c bounds - >= -17939004 @ 171.928
c bounds - >= -17938956 @ 172.109
c bounds - >= -17938908 @ 172.289
c bounds - >= -17938860 @ 172.466
c bounds - >= -17938812 @ 172.645
c bounds - >= -17938764 @ 172.822
c bounds - >= -17938716 @ 173
c bounds - >= -17938668 @ 173.179
c bounds - >= -17938620 @ 173.356
c bounds - >= -17938572 @ 173.534
c bounds - >= -17938524 @ 173.715
c bounds - >= -17938476 @ 173.893
c bounds - >= -17938428 @ 174.071
c bounds - >= -17938380 @ 174.249
c bounds - >= -17938332 @ 174.426
c bounds - >= -17938260 @ 174.602
c bounds - >= -17938095 @ 174.786
c bounds - >= -17937930 @ 174.964
c bounds - >= -17937765 @ 175.145
c bounds - >= -17937600 @ 175.321
c bounds - >= -17937435 @ 175.501
c bounds - >= -17937270 @ 175.674
c bounds - >= -17937105 @ 175.857
c bounds - >= -17936940 @ 176.034
c bounds - >= -17936775 @ 176.219
c bounds - >= -17936610 @ 176.402
c bounds - >= -17936445 @ 176.584
c bounds - >= -17936280 @ 176.76
c bounds - >= -17936115 @ 176.942
c bounds - >= -17935950 @ 177.118
c bounds - >= -17935785 @ 177.295
c bounds - >= -17935620 @ 177.468
c bounds - >= -17935455 @ 177.647
c bounds - >= -17935290 @ 177.824
c bounds - >= -17935125 @ 178.002
c bounds - >= -17934960 @ 178.178
c bounds - >= -17934795 @ 178.36
c bounds - >= -17934630 @ 178.535
c bounds - >= -17934465 @ 178.715
c bounds - >= -17934300 @ 178.896
c bounds - >= -17934135 @ 179.081
c bounds - >= -17933970 @ 179.259
c bounds - >= -17933805 @ 179.439
c bounds - >= -17933640 @ 179.613
c bounds - >= -17933475 @ 179.8
c bounds - >= -17933310 @ 179.973
c bounds - >= -17933145 @ 180.153
c bounds - >= -17932980 @ 180.331
c bounds - >= -17932815 @ 180.517
c bounds - >= -17932650 @ 180.693
c bounds - >= -17932485 @ 180.876
c bounds - >= -17932320 @ 181.049
c bounds - >= -17932155 @ 181.227
c bounds - >= -17931990 @ 181.401
c bounds - >= -17931825 @ 181.584
c bounds - >= -17931660 @ 181.764
c bounds - >= -17931495 @ 181.948
c bounds - >= -17931330 @ 182.123
c bounds - >= -17931165 @ 182.307
c bounds - >= -17931000 @ 182.482
c bounds - >= -17930835 @ 182.668
c bounds - >= -17930670 @ 182.844
c bounds - >= -17930505 @ 183.027
c bounds - >= -17930340 @ 183.202
c bounds - >= -17930175 @ 183.382
c bounds - >= -17930010 @ 183.557
c bounds - >= -17929845 @ 183.744
c bounds - >= -17929680 @ 183.921
c bounds - >= -17929515 @ 184.103
c bounds - >= -17929350 @ 184.285
c bounds - >= -17929185 @ 184.469
c bounds - >= -17929020 @ 184.644
c bounds - >= -17928855 @ 184.83
c bounds - >= -17928690 @ 185.008
c bounds - >= -17928525 @ 185.189
c bounds - >= -17928360 @ 185.365
c bounds - >= -17928195 @ 185.55
c bounds - >= -17928030 @ 185.726
c bounds - >= -17927865 @ 185.91
c bounds - >= -17927700 @ 186.087
c bounds - >= -17927535 @ 186.275
c bounds - >= -17927370 @ 186.453
c bounds - >= -17927205 @ 186.64
c bounds - >= -17927040 @ 186.821
c bounds - >= -17926875 @ 187.005
c bounds - >= -17926710 @ 187.183
c bounds - >= -17926545 @ 187.363
c bounds - >= -17926380 @ 187.537
c bounds - >= -17926215 @ 187.722
c bounds - >= -17926050 @ 187.895
c bounds - >= -17925885 @ 188.075
c bounds - >= -17925720 @ 188.253
c bounds - >= -17925555 @ 188.438
c bounds - >= -17925390 @ 188.614
c bounds - >= -17925225 @ 188.804
c bounds - >= -17925060 @ 188.988
c bounds - >= -17924895 @ 189.17
c bounds - >= -17924730 @ 189.344
c bounds - >= -17924565 @ 189.527
c bounds - >= -17924400 @ 189.707
c bounds - >= -17924235 @ 189.891
c bounds - >= -17924070 @ 190.072
c bounds - >= -17923905 @ 190.252
c bounds - >= -17923740 @ 190.429
c bounds - >= -17923575 @ 190.612
c bounds - >= -17923410 @ 190.789
c bounds - >= -17923245 @ 190.974
c bounds - >= -17923080 @ 191.149
c bounds - >= -17922915 @ 191.33
c bounds - >= -17922750 @ 191.506
c bounds - >= -17922585 @ 191.69
c bounds - >= -17922420 @ 191.866
c bounds - >= -17922255 @ 192.044
c bounds - >= -17922090 @ 192.222
c bounds - >= -17921925 @ 192.407
c bounds - >= -17921760 @ 192.584
c bounds - >= -17921595 @ 192.775
c bounds - >= -17921430 @ 192.951
c bounds - >= -17921265 @ 193.13
c bounds - >= -17921100 @ 193.306
c bounds - >= -17920935 @ 193.491
c bounds - >= -17920770 @ 193.671
c bounds - >= -17920605 @ 193.857
c bounds - >= -17920440 @ 194.034
c bounds - >= -17920275 @ 194.218
c bounds - >= -17920110 @ 194.393
c bounds - >= -17919945 @ 194.577
c bounds - >= -17919780 @ 194.76
c bounds - >= -17919615 @ 194.949
c bounds - >= -17919450 @ 195.125
c bounds - >= -17919285 @ 195.309
c bounds - >= -17919120 @ 195.49
c bounds - >= -17918955 @ 195.676
c bounds - >= -17918790 @ 195.853
c bounds - >= -17918625 @ 196.037
c bounds - >= -17918460 @ 196.217
c bounds - >= -17918295 @ 196.403
c bounds - >= -17918130 @ 196.583
c bounds - >= -17917965 @ 196.768
c bounds - >= -17917800 @ 196.945
c bounds - >= -17917635 @ 197.127
c bounds - >= -17917470 @ 197.304
c bounds - >= -17917305 @ 197.491
c bounds - >= -17917140 @ 197.674
c bounds - >= -17916975 @ 197.859
c bounds - >= -17916810 @ 198.037
c bounds - >= -17916645 @ 198.215
c bounds - >= -17916480 @ 198.388
c bounds - >= -17916315 @ 198.566
c bounds - >= -17916150 @ 198.743
c bounds - >= -17915985 @ 198.925
c bounds - >= -17915820 @ 199.098
c bounds - >= -17915655 @ 199.275
c bounds - >= -17915490 @ 199.447
c bounds - >= -17915325 @ 199.629
c bounds - >= -17915160 @ 199.803
c bounds - >= -17914995 @ 199.977
c bounds - >= -17914830 @ 200.157
c bounds - >= -17914665 @ 200.338
c bounds - >= -17914500 @ 200.51
c bounds - >= -17914335 @ 200.688
c bounds - >= -17914170 @ 200.861
c bounds - >= -17914005 @ 201.037
c bounds - >= -17913840 @ 201.21
c bounds - >= -17913675 @ 201.391
c bounds - >= -17913510 @ 201.566
c bounds - >= -17913345 @ 201.745
c bounds - >= -17913180 @ 201.918
c bounds - >= -17913015 @ 202.095
c bounds - >= -17912850 @ 202.267
c bounds - >= -17912685 @ 202.446
c bounds - >= -17912520 @ 202.62
c bounds - >= -17912355 @ 202.798
c bounds - >= -17912190 @ 202.97
c bounds - >= -17912025 @ 203.147
c bounds - >= -17911860 @ 203.32
c bounds - >= -17911695 @ 203.502
c bounds - >= -17911530 @ 203.676
c bounds - >= -17911365 @ 203.855
c bounds - >= -17911200 @ 204.031
c bounds - >= -17911035 @ 204.212
c bounds - >= -17910870 @ 204.386
c bounds - >= -17910705 @ 204.566
c bounds - >= -17910540 @ 204.741
c bounds - >= -17910375 @ 204.919
c bounds - >= -17910210 @ 205.089
c bounds - >= -17910045 @ 205.267
c bounds - >= -17909880 @ 205.445
c bounds - >= -17909715 @ 205.624
c bounds - >= -17909550 @ 205.798
c bounds - >= -17909385 @ 205.981
c bounds - >= -17909220 @ 206.16
c bounds - >= -17909055 @ 206.347
c bounds - >= -17908890 @ 206.531
c bounds - >= -17908725 @ 206.721
c bounds - >= -17908560 @ 206.902
c bounds - >= -17908395 @ 207.084
c bounds - >= -17908230 @ 207.261
c bounds - >= -17908065 @ 207.445
c bounds - >= -17907900 @ 207.62
c bounds - >= -17907735 @ 207.804
c bounds - >= -17907570 @ 207.979
c bounds - >= -17907405 @ 208.165
c bounds - >= -17907240 @ 208.342
c bounds - >= -17907075 @ 208.523
c bounds - >= -17906910 @ 208.698
c bounds - >= -17906745 @ 208.88
c bounds - >= -17906580 @ 209.054
c bounds - >= -17906415 @ 209.234
c bounds - >= -17906250 @ 209.411
c bounds - >= -17906085 @ 209.593
c bounds - >= -17905920 @ 209.771
c bounds - >= -17905755 @ 209.952
c bounds - >= -17905590 @ 210.126
c bounds - >= -17905425 @ 210.309
c bounds - >= -17905260 @ 210.481
c bounds - >= -17905095 @ 210.661
c bounds - >= -17904930 @ 210.835
c bounds - >= -17904765 @ 211.017
c bounds - >= -17904600 @ 211.19
c bounds - >= -17904435 @ 211.372
c bounds - >= -17904270 @ 211.548
c bounds - >= -17904105 @ 211.731
c bounds - >= -17903940 @ 211.908
c bounds - >= -17903775 @ 212.087
c bounds - >= -17903610 @ 212.26
c bounds - >= -17903445 @ 212.439
c bounds - >= -17903280 @ 212.61
c bounds - >= -17903115 @ 212.786
c bounds - >= -17902950 @ 212.959
c bounds - >= -17902785 @ 213.142
c bounds - >= -17902620 @ 213.32
c bounds - >= -17902455 @ 213.502
c bounds - >= -17902290 @ 213.679
c bounds - >= -17902149 @ 213.854
c bounds - >= -17902101 @ 214.03
c bounds - >= -17902053 @ 214.203
c bounds - >= -17902005 @ 214.377
c bounds - >= -17901957 @ 214.551
c bounds - >= -17901909 @ 214.727
c bounds - >= -17901861 @ 214.903
c bounds - >= -17901813 @ 215.08
c bounds - >= -17901765 @ 215.255
c bounds - >= -17901717 @ 215.43
c bounds - >= -17901669 @ 215.605
c bounds - >= -17901621 @ 215.782
c bounds - >= -17901573 @ 215.959
c bounds - >= -17901525 @ 216.136
c bounds - >= -17901477 @ 216.311
c bounds - >= -17901429 @ 216.487
c bounds - >= -17901381 @ 216.661
c bounds - >= -17901333 @ 216.836
c bounds - >= -17901285 @ 217.012
c bounds - >= -17901237 @ 217.188
c bounds - >= -17901189 @ 217.364
c bounds - >= -17901141 @ 217.54
c bounds - >= -17901093 @ 217.714
c bounds - >= -17901045 @ 217.887
c bounds - >= -17900997 @ 218.061
c bounds - >= -17900949 @ 218.236
c bounds - >= -17900901 @ 218.411
c bounds - >= -17900853 @ 218.583
c bounds - >= -17900805 @ 218.758
c bounds - >= -17900757 @ 218.933
c bounds - >= -17900709 @ 219.106
c bounds - >= -17900661 @ 219.282
c bounds - >= -17900613 @ 219.457
c bounds - >= -17900565 @ 219.632
c bounds - >= -17900517 @ 219.812
c bounds - >= -17900469 @ 219.987
c bounds - >= -17900421 @ 220.162
c bounds - >= -17900373 @ 220.336
c bounds - >= -17900325 @ 220.51
c bounds - >= -17900277 @ 220.685
c bounds - >= -17900229 @ 220.858
c bounds - >= -17900181 @ 221.033
c bounds - >= -17900133 @ 221.207
c bounds - >= -17900085 @ 221.382
c bounds - >= -17900037 @ 221.558
c bounds - >= -17899989 @ 221.732
c bounds - >= -17899941 @ 221.907
c bounds - >= -17899893 @ 222.083
c bounds - >= -17899845 @ 222.259
c bounds - >= -17899797 @ 222.434
c bounds - >= -17899749 @ 222.608
c bounds - >= -17899701 @ 222.781
c bounds - >= -17899653 @ 222.957
c bounds - >= -17899605 @ 223.13
c bounds - >= -17899557 @ 223.305
c bounds - >= -17899509 @ 223.48
c bounds - >= -17899461 @ 223.655
c bounds - >= -17899413 @ 223.83
c bounds - >= -17899365 @ 224.003
c bounds - >= -17899317 @ 224.177
c bounds - >= -17899269 @ 224.352
c bounds - >= -17899221 @ 224.527
c bounds - >= -17899173 @ 224.703
c bounds - >= -17899125 @ 224.878
c bounds - >= -17899077 @ 225.055
c bounds - >= -17899029 @ 225.23
c bounds - >= -17898981 @ 225.406
c bounds - >= -17898933 @ 225.582
c bounds - >= -17898885 @ 225.758
c bounds - >= -17898837 @ 225.934
c bounds - >= -17898789 @ 226.109
c bounds - >= -17898741 @ 226.284
c bounds - >= -17898693 @ 226.459
c bounds - >= -17898645 @ 226.636
c bounds - >= -17898597 @ 226.812
c bounds - >= -17898549 @ 226.99
c bounds - >= -17898501 @ 227.165
c bounds - >= -17898453 @ 227.34
c bounds - >= -17898405 @ 227.515
c bounds - >= -17898357 @ 227.69
c bounds - >= -17898309 @ 227.866
c bounds - >= -17898261 @ 228.042
c bounds - >= -17898213 @ 228.219
c bounds - >= -17898165 @ 228.393
c bounds - >= -17898117 @ 228.568
c bounds - >= -17898069 @ 228.744
c bounds - >= -17898021 @ 228.922
c bounds - >= -17897973 @ 229.097
c bounds - >= -17897925 @ 229.271
c bounds - >= -17897877 @ 229.447
c bounds - >= -17897829 @ 229.621
c bounds - >= -17897781 @ 229.798
c bounds - >= -17897733 @ 229.974
c bounds - >= -17897685 @ 230.149
c bounds - >= -17897637 @ 230.324
c bounds - >= -17897589 @ 230.502
c bounds - >= -17897541 @ 230.678
c bounds - >= -17897493 @ 230.854
c bounds - >= -17897445 @ 231.031
c bounds - >= -17897397 @ 231.21
c bounds - >= -17897349 @ 231.387
c bounds - >= -17897301 @ 231.563
c bounds - >= -17897253 @ 231.739
c bounds - >= -17897205 @ 231.915
c bounds - >= -17897157 @ 232.093
c bounds - >= -17897109 @ 232.268
c bounds - >= -17897061 @ 232.445
c bounds - >= -17897013 @ 232.621
c bounds - >= -17896965 @ 232.797
c bounds - >= -17896917 @ 232.974
c bounds - >= -17896869 @ 233.15
c bounds - >= -17896821 @ 233.328
c bounds - >= -17896773 @ 233.503
c bounds - >= -17896725 @ 233.679
c bounds - >= -17896677 @ 233.857
c bounds - >= -17896629 @ 234.035
c bounds - >= -17896581 @ 234.212
c bounds - >= -17896533 @ 234.388
c bounds - >= -17896485 @ 234.566
c bounds - >= -17896437 @ 234.744
c bounds - >= -17896389 @ 234.919
c bounds - >= -17896341 @ 235.097
c bounds - >= -17896293 @ 235.275
c bounds - >= -17896245 @ 235.453
c bounds - >= -17896197 @ 235.631
c bounds - >= -17896149 @ 235.809
c bounds - >= -17896101 @ 235.987
c bounds - >= -17896053 @ 236.165
c bounds - >= -17896005 @ 236.344
c bounds - >= -17895957 @ 236.519
c bounds - >= -17895909 @ 236.695
c bounds - >= -17895861 @ 236.875
c bounds - >= -17895813 @ 237.052
c bounds - >= -17895765 @ 237.231
c bounds - >= -17895717 @ 237.408
c bounds - >= -17895669 @ 237.585
c bounds - >= -17895621 @ 237.763
c bounds - >= -17895573 @ 237.942
c bounds - >= -17895525 @ 238.118
c bounds - >= -17895477 @ 238.295
c bounds - >= -17895429 @ 238.473
c bounds - >= -17895381 @ 238.65
c bounds - >= -17895333 @ 238.824
c bounds - >= -17895285 @ 239.001
c bounds - >= -17895237 @ 239.18
c bounds - >= -17895189 @ 239.357
c bounds - >= -17895141 @ 239.532
c bounds - >= -17895093 @ 239.711
c bounds - >= -17895045 @ 239.89
c bounds - >= -17894997 @ 240.069
c bounds - >= -17894949 @ 240.249
c bounds - >= -17894901 @ 240.425
c bounds - >= -17894853 @ 240.604
c bounds - >= -17894805 @ 240.778
c bounds - >= -17894757 @ 240.957
c bounds - >= -17894709 @ 241.133
c bounds - >= -17894661 @ 241.311
c bounds - >= -17894613 @ 241.488
c bounds - >= -17894565 @ 241.667
c bounds - >= -17894517 @ 241.846
c bounds - >= -17894469 @ 242.024
c bounds - >= -17894421 @ 242.199
c bounds - >= -17894373 @ 242.379
c bounds - >= -17894325 @ 242.556
c bounds - >= -17894277 @ 242.733
c bounds - >= -17894229 @ 242.907
c bounds - >= -17894181 @ 243.087
c bounds - >= -17894133 @ 243.264
c bounds - >= -17894085 @ 243.446
c bounds - >= -17894037 @ 243.626
c bounds - >= -17893989 @ 243.806
c bounds - >= -17893941 @ 243.986
c bounds - >= -17893893 @ 244.164
c bounds - >= -17893845 @ 244.341
c bounds - >= -17893797 @ 244.519
c bounds - >= -17893749 @ 244.699
c bounds - >= -17893701 @ 244.874
c bounds - >= -17893653 @ 245.051
c bounds - >= -17893605 @ 245.228
c bounds - >= -17893557 @ 245.407
c bounds - >= -17893509 @ 245.584
c bounds - >= -17893461 @ 245.762
c bounds - >= -17893413 @ 245.94
c bounds - >= -17893365 @ 246.12
c bounds - >= -17893317 @ 246.3
c bounds - >= -17893269 @ 246.477
c bounds - >= -17893221 @ 246.655
c bounds - >= -17893173 @ 246.832
c bounds - >= -17893125 @ 247.007
c bounds - >= -17893077 @ 247.182
c bounds - >= -17893029 @ 247.357
c bounds - >= -17892981 @ 247.531
c bounds - >= -17892933 @ 247.705
c bounds - >= -17892885 @ 247.88
c bounds - >= -17892837 @ 248.054
c bounds - >= -17892789 @ 248.228
c bounds - >= -17892741 @ 248.403
c bounds - >= -17892693 @ 248.578
c bounds - >= -17892645 @ 248.752
c bounds - >= -17892597 @ 248.929
c bounds - >= -17892549 @ 249.104
c bounds - >= -17892501 @ 249.28
c bounds - >= -17892453 @ 249.456
c bounds - >= -17892405 @ 249.63
c bounds - >= -17892357 @ 249.806
c bounds - >= -17892309 @ 249.982
c bounds - >= -17892261 @ 250.155
c bounds - >= -17892213 @ 250.33
c bounds - >= -17892165 @ 250.506
c bounds - >= -17892117 @ 250.678
c bounds - >= -17892069 @ 250.852
c bounds - >= -17892021 @ 251.027
c bounds - >= -17891973 @ 251.2
c bounds - >= -17891925 @ 251.377
c bounds - >= -17891877 @ 251.551
c bounds - >= -17891829 @ 251.725
c bounds - >= -17891781 @ 251.9
c bounds - >= -17891733 @ 252.074
c bounds - >= -17891685 @ 252.25
c bounds - >= -17891637 @ 252.427
c bounds - >= -17891589 @ 252.603
c bounds - >= -17891541 @ 252.778
c bounds - >= -17891493 @ 252.953
c bounds - >= -17891445 @ 253.128
c bounds - >= -17891397 @ 253.304
c bounds - >= -17891349 @ 253.479
c bounds - >= -17891301 @ 253.655
c bounds - >= -17891253 @ 253.83
c bounds - >= -17891205 @ 254.006
c bounds - >= -17891157 @ 254.183
c bounds - >= -17891109 @ 254.359
c bounds - >= -17891061 @ 254.535
c bounds - >= -17891013 @ 254.712
c bounds - >= -17890965 @ 254.887
c bounds - >= -17890917 @ 255.063
c bounds - >= -17890869 @ 255.24
c bounds - >= -17890821 @ 255.416
c bounds - >= -17890773 @ 255.593
c bounds - >= -17890725 @ 255.77
c bounds - >= -17890677 @ 255.947
c bounds - >= -17890629 @ 256.122
c bounds - >= -17890581 @ 256.298
c bounds - >= -17890533 @ 256.472
c bounds - >= -17890485 @ 256.648
c bounds - >= -17890437 @ 256.823
c bounds - >= -17890389 @ 256.997
c bounds - >= -17890341 @ 257.171
c bounds - >= -17890293 @ 257.348
c bounds - >= -17890245 @ 257.522
c bounds - >= -17890197 @ 257.696
c bounds - >= -17890149 @ 257.871
c bounds - >= -17890101 @ 258.044
c bounds - >= -17890053 @ 258.219
c bounds - >= -17890005 @ 258.394
c bounds - >= -17889957 @ 258.569
c bounds - >= -17889909 @ 258.741
c bounds - >= -17889861 @ 258.916
c bounds - >= -17889813 @ 259.089
c bounds - >= -17889765 @ 259.264
c bounds - >= -17889717 @ 259.438
c bounds - >= -17889669 @ 259.612
c bounds - >= -17889621 @ 259.786
c bounds - >= -17889573 @ 259.961
c bounds - >= -17889525 @ 260.136
c bounds - >= -17889477 @ 260.31
c bounds - >= -17889429 @ 260.485
c bounds - >= -17889381 @ 260.659
c bounds - >= -17889333 @ 260.832
c bounds - >= -17889285 @ 261.007
c bounds - >= -17889237 @ 261.181
c bounds - >= -17889189 @ 261.356
c bounds - >= -17889141 @ 261.532
c bounds - >= -17889093 @ 261.705
c bounds - >= -17889045 @ 261.88
c bounds - >= -17888997 @ 262.057
c bounds - >= -17888949 @ 262.233
c bounds - >= -17888901 @ 262.407
c bounds - >= -17888853 @ 262.583
c bounds - >= -17888805 @ 262.76
c bounds - >= -17888757 @ 262.935
c bounds - >= -17888709 @ 263.109
c bounds - >= -17888661 @ 263.284
c bounds - >= -17888613 @ 263.461
c bounds - >= -17888565 @ 263.634
c bounds - >= -17888517 @ 263.811
c bounds - >= -17888469 @ 263.987
c bounds - >= -17888421 @ 264.163
c bounds - >= -17888373 @ 264.34
c bounds - >= -17888325 @ 264.515
c bounds - >= -17888277 @ 264.691
c bounds - >= -17888229 @ 264.866
c bounds - >= -17888181 @ 265.042
c bounds - >= -17888133 @ 265.218
c bounds - >= -17888085 @ 265.394
c bounds - >= -17888037 @ 265.571
c bounds - >= -17887989 @ 265.746
c bounds - >= -17887941 @ 265.922
c bounds - >= -17887893 @ 266.099
c bounds - >= -17887845 @ 266.273
c bounds - >= -17887797 @ 266.448
c bounds - >= -17887749 @ 266.626
c bounds - >= -17887701 @ 266.802
c bounds - >= -17887653 @ 266.978
c bounds - >= -17887605 @ 267.155
c bounds - >= -17887557 @ 267.332
c bounds - >= -17887509 @ 267.507
c bounds - >= -17887461 @ 267.686
c bounds - >= -17887413 @ 267.864
c bounds - >= -17887365 @ 268.04
c bounds - >= -17887317 @ 268.216
c bounds - >= -17887269 @ 268.393
c bounds - >= -17887221 @ 268.568
c bounds - >= -17887173 @ 268.744
c bounds - >= -17887125 @ 268.92
c bounds - >= -17887077 @ 269.098
c bounds - >= -17887029 @ 269.276
c bounds - >= -17886981 @ 269.452
c bounds - >= -17886933 @ 269.628
c bounds - >= -17886885 @ 269.804
c bounds - >= -17886837 @ 269.983
c bounds - >= -17886789 @ 270.161
c bounds - >= -17886741 @ 270.338
c bounds - >= -17886693 @ 270.512
c bounds - >= -17886645 @ 270.687
c bounds - >= -17886597 @ 270.86
c bounds - >= -17886549 @ 271.034
c bounds - >= -17886501 @ 271.21
c bounds - >= -17886453 @ 271.386
c bounds - >= -17886405 @ 271.562
c bounds - >= -17886357 @ 271.737
c bounds - >= -17886309 @ 271.913
c bounds - >= -17886261 @ 272.09
c bounds - >= -17886213 @ 272.266
c bounds - >= -17886165 @ 272.441
c bounds - >= -17886117 @ 272.617
c bounds - >= -17886069 @ 272.796
c bounds - >= -17886021 @ 272.971
c bounds - >= -17885973 @ 273.146
c bounds - >= -17885925 @ 273.322
c bounds - >= -17885877 @ 273.498
c bounds - >= -17885829 @ 273.673
c bounds - >= -17885781 @ 273.848
c bounds - >= -17885733 @ 274.023
c bounds - >= -17885685 @ 274.201
c bounds - >= -17885637 @ 274.376
c bounds - >= -17885589 @ 274.551
c bounds - >= -17885541 @ 274.727
c bounds - >= -17885493 @ 274.9
c bounds - >= -17885445 @ 275.073
c bounds - >= -17885397 @ 275.247
c bounds - >= -17885349 @ 275.421
c bounds - >= -17885301 @ 275.596
c bounds - >= -17885253 @ 275.771
c bounds - >= -17885205 @ 275.946
c bounds - >= -17885157 @ 276.123
c bounds - >= -17885109 @ 276.301
c bounds - >= -17885061 @ 276.475
c bounds - >= -17885013 @ 276.649
c bounds - >= -17884965 @ 276.825
c bounds - >= -17884917 @ 276.998
c bounds - >= -17884869 @ 277.172
c bounds - >= -17884821 @ 277.346
c bounds - >= -17884773 @ 277.52
c bounds - >= -17884725 @ 277.694
c bounds - >= -17884677 @ 277.868
c bounds - >= -17884629 @ 278.042
c bounds - >= -17884581 @ 278.216
c bounds - >= -17884533 @ 278.391
c bounds - >= -17884485 @ 278.562
c bounds - >= -17884437 @ 278.735
c bounds - >= -17884389 @ 278.91
c bounds - >= -17884341 @ 279.086
c bounds - >= -17884293 @ 279.258
c bounds - >= -17884245 @ 279.431
c bounds - >= -17884197 @ 279.605
c bounds - >= -17884149 @ 279.782
c bounds - >= -17884101 @ 279.957
c bounds - >= -17884053 @ 280.132
c bounds - >= -17884005 @ 280.307
c bounds - >= -17883957 @ 280.484
c bounds - >= -17883909 @ 280.662
c bounds - >= -17883861 @ 280.839
c bounds - >= -17883813 @ 281.018
c bounds - >= -17883765 @ 281.193
c bounds - >= -17883717 @ 281.369
c bounds - >= -17883669 @ 281.546
c bounds - >= -17883621 @ 281.72
c bounds - >= -17883573 @ 281.895
c bounds - >= -17883525 @ 282.069
c bounds - >= -17883477 @ 282.244
c bounds - >= -17883429 @ 282.42
c bounds - >= -17883381 @ 282.597
c bounds - >= -17883333 @ 282.774
c bounds - >= -17883285 @ 282.952
c bounds - >= -17883237 @ 283.129
c bounds - >= -17883189 @ 283.303
c bounds - >= -17883141 @ 283.478
c bounds - >= -17883093 @ 283.655
c bounds - >= -17883045 @ 283.832
c bounds - >= -17882997 @ 284.008
c bounds - >= -17882949 @ 284.183
c bounds - >= -17882901 @ 284.358
c bounds - >= -17882853 @ 284.533
c bounds - >= -17882805 @ 284.708
c bounds - >= -17882757 @ 284.885
c bounds - >= -17882709 @ 285.06
c bounds - >= -17882661 @ 285.237
c bounds - >= -17882613 @ 285.411
c bounds - >= -17882565 @ 285.586
c bounds - >= -17882517 @ 285.762
c bounds - >= -17882469 @ 285.937
c bounds - >= -17882421 @ 286.11
c bounds - >= -17882373 @ 286.283
c bounds - >= -17882325 @ 286.456
c bounds - >= -17882277 @ 286.629
c bounds - >= -17882229 @ 286.803
c bounds - >= -17882181 @ 286.978
c bounds - >= -17882133 @ 287.151
c bounds - >= -17882085 @ 287.325
c bounds - >= -17882037 @ 287.499
c bounds - >= -17881989 @ 287.674
c bounds - >= -17881941 @ 287.848
c bounds - >= -17881893 @ 288.021
c bounds - >= -17881845 @ 288.196
c bounds - >= -17881797 @ 288.369
c bounds - >= -17881749 @ 288.542
c bounds - >= -17881701 @ 288.716
c bounds - >= -17881653 @ 288.888
c bounds - >= -17881605 @ 289.06
c bounds - >= -17881557 @ 289.234
c bounds - >= -17881509 @ 289.407
c bounds - >= -17881461 @ 289.58
c bounds - >= -17881413 @ 289.753
c bounds - >= -17881365 @ 289.928
c bounds - >= -17881317 @ 290.1
c bounds - >= -17881269 @ 290.273
c bounds - >= -17881221 @ 290.447
c bounds - >= -17881173 @ 290.622
c bounds - >= -17881125 @ 290.795
c bounds - >= -17881077 @ 290.969
c bounds - >= -17881029 @ 291.142
c bounds - >= -17880981 @ 291.315
c bounds - >= -17880933 @ 291.491
c bounds - >= -17880885 @ 291.666
c bounds - >= -17880837 @ 291.84
c bounds - >= -17880789 @ 292.014
c bounds - >= -17880741 @ 292.189
c bounds - >= -17880693 @ 292.362
c bounds - >= -17880645 @ 292.538
c bounds - >= -17880597 @ 292.715
c bounds - >= -17880549 @ 292.889
c bounds - >= -17880501 @ 293.064
c bounds - >= -17880453 @ 293.239
c bounds - >= -17880405 @ 293.417
c bounds - >= -17880357 @ 293.593
c bounds - >= -17880309 @ 293.768
c bounds - >= -17880261 @ 293.943
c bounds - >= -17880213 @ 294.118
c bounds - >= -17880165 @ 294.293
c bounds - >= -17880117 @ 294.467
c bounds - >= -17880069 @ 294.64
c bounds - >= -17880021 @ 294.817
c bounds - >= -17879973 @ 294.992
c bounds - >= -17879925 @ 295.17
c bounds - >= -17879877 @ 295.347
c bounds - >= -17879829 @ 295.522
c bounds - >= -17879781 @ 295.697
c bounds - >= -17879733 @ 295.874
c bounds - >= -17879685 @ 296.053
c bounds - >= -17879637 @ 296.229
c bounds - >= -17879589 @ 296.408
c bounds - >= -17879541 @ 296.582
c bounds - >= -17879493 @ 296.757
c bounds - >= -17879445 @ 296.933
c bounds - >= -17879397 @ 297.107
c bounds - >= -17879349 @ 297.281
c bounds - >= -17879301 @ 297.457
c bounds - >= -17879253 @ 297.63
c bounds - >= -17879205 @ 297.804
c bounds - >= -17879157 @ 297.977
c bounds - >= -17879109 @ 298.15
c bounds - >= -17879061 @ 298.323
c bounds - >= -17879013 @ 298.496
c bounds - >= -17878965 @ 298.669
c bounds - >= -17878917 @ 298.843
c bounds - >= -17878869 @ 299.018
c bounds - >= -17878821 @ 299.191
c bounds - >= -17878773 @ 299.366
c bounds - >= -17878725 @ 299.54
c bounds - >= -17878677 @ 299.713
c bounds - >= -17878629 @ 299.887
c bounds - >= -17878581 @ 300.063
c bounds - >= -17878533 @ 300.236
c bounds - >= -17878485 @ 300.408
c bounds - >= -17878437 @ 300.582
c bounds - >= -17878389 @ 300.753
c bounds - >= -17878341 @ 300.927
c bounds - >= -17878293 @ 301.101
c bounds - >= -17878245 @ 301.277
c bounds - >= -17878197 @ 301.452
c bounds - >= -17878149 @ 301.63
c bounds - >= -17878101 @ 301.806
c bounds - >= -17878053 @ 301.982
c bounds - >= -17878005 @ 302.155
c bounds - >= -17877957 @ 302.328
c bounds - >= -17877909 @ 302.502
c bounds - >= -17877861 @ 302.678
c bounds - >= -17877813 @ 302.852
c bounds - >= -17877765 @ 303.025
c bounds - >= -17877717 @ 303.199
c bounds - >= -17877669 @ 303.373
c bounds - >= -17877621 @ 303.547
c bounds - >= -17877573 @ 303.721
c bounds - >= -17877525 @ 303.896
c bounds - >= -17877477 @ 304.072
c bounds - >= -17877429 @ 304.248
c bounds - >= -17877381 @ 304.425
c bounds - >= -17877333 @ 304.599
c bounds - >= -17877285 @ 304.774
c bounds - >= -17877237 @ 304.948
c bounds - >= -17877189 @ 305.124
c bounds - >= -17877141 @ 305.298
c bounds - >= -17877093 @ 305.473
c bounds - >= -17877045 @ 305.648
c bounds - >= -17876997 @ 305.824
c bounds - >= -17876949 @ 306.001
c bounds - >= -17876901 @ 306.175
c bounds - >= -17876853 @ 306.349
c bounds - >= -17876805 @ 306.523
c bounds - >= -17876757 @ 306.698
c bounds - >= -17876709 @ 306.873
c bounds - >= -17876661 @ 307.048
c bounds - >= -17876613 @ 307.224
c bounds - >= -17876565 @ 307.401
c bounds - >= -17876517 @ 307.58
c bounds - >= -17876469 @ 307.756
c bounds - >= -17876421 @ 307.931
c bounds - >= -17876373 @ 308.106
c bounds - >= -17876325 @ 308.283
c bounds - >= -17876277 @ 308.459
c bounds - >= -17876229 @ 308.634
c bounds - >= -17876181 @ 308.81
c bounds - >= -17876133 @ 308.986
c bounds - >= -17876085 @ 309.162
c bounds - >= -17876037 @ 309.339
c bounds - >= -17875989 @ 309.514
c bounds - >= -17875941 @ 309.689
c bounds - >= -17875893 @ 309.864
c bounds - >= -17875845 @ 310.042
c bounds - >= -17875797 @ 310.217
c bounds - >= -17875749 @ 310.392
c bounds - >= -17875701 @ 310.569
c bounds - >= -17875653 @ 310.745
c bounds - >= -17875605 @ 310.92
c bounds - >= -17875557 @ 311.094
c bounds - >= -17875509 @ 311.271
c bounds - >= -17875461 @ 311.446
c bounds - >= -17875413 @ 311.622
c bounds - >= -17875365 @ 311.796
c bounds - >= -17875317 @ 311.974
c bounds - >= -17875269 @ 312.149
c bounds - >= -17875221 @ 312.323
c bounds - >= -17875173 @ 312.498
c bounds - >= -17875125 @ 312.674
c bounds - >= -17875077 @ 312.849
c bounds - >= -17875029 @ 313.026
c bounds - >= -17874981 @ 313.202
c bounds - >= -17874933 @ 313.378
c bounds - >= -17874885 @ 313.553
c bounds - >= -17874837 @ 313.727
c bounds - >= -17874789 @ 313.9
c bounds - >= -17874741 @ 314.074
c bounds - >= -17874693 @ 314.248
c bounds - >= -17874645 @ 314.421
c bounds - >= -17874597 @ 314.594
c bounds - >= -17874549 @ 314.768
c bounds - >= -17874501 @ 314.945
c bounds - >= -17874453 @ 315.119
c bounds - >= -17874405 @ 315.292
c bounds - >= -17874357 @ 315.467
c bounds - >= -17874309 @ 315.643
c bounds - >= -17874261 @ 315.817
c bounds - >= -17874213 @ 315.992
c bounds - >= -17874165 @ 316.166
c bounds - >= -17874117 @ 316.341
c bounds - >= -17874069 @ 316.516
c bounds - >= -17874021 @ 316.692
c bounds - >= -17873973 @ 316.868
c bounds - >= -17873925 @ 317.045
c bounds - >= -17873877 @ 317.22
c bounds - >= -17873829 @ 317.396
c bounds - >= -17873781 @ 317.571
c bounds - >= -17873733 @ 317.744
c bounds - >= -17873685 @ 317.918
c bounds - >= -17873637 @ 318.092
c bounds - >= -17873589 @ 318.267
c bounds - >= -17873541 @ 318.441
c bounds - >= -17873493 @ 318.615
c bounds - >= -17873445 @ 318.791
c bounds - >= -17873397 @ 318.965
c bounds - >= -17873349 @ 319.138
c bounds - >= -17873301 @ 319.312
c bounds - >= -17873253 @ 319.485
c bounds - >= -17873205 @ 319.663
c bounds - >= -17873157 @ 319.837
c bounds - >= -17873109 @ 320.013
c bounds - >= -17873061 @ 320.188
c bounds - >= -17873013 @ 320.363
c bounds - >= -17872965 @ 320.537
c bounds - >= -17872917 @ 320.711
c bounds - >= -17872869 @ 320.884
c bounds - >= -17872821 @ 321.058
c bounds - >= -17872773 @ 321.232
c bounds - >= -17872725 @ 321.405
c bounds - >= -17872677 @ 321.579
c bounds - >= -17872629 @ 321.754
c bounds - >= -17872581 @ 321.928
c bounds - >= -17872533 @ 322.102
c bounds - >= -17872485 @ 322.278
c bounds - >= -17872437 @ 322.452
c bounds - >= -17872389 @ 322.626
c bounds - >= -17872341 @ 322.803
c bounds - >= -17872293 @ 322.978
c bounds - >= -17872245 @ 323.153
c bounds - >= -17872197 @ 323.328
c bounds - >= -17872149 @ 323.505
c bounds - >= -17872101 @ 323.68
c bounds - >= -17872053 @ 323.857
c bounds - >= -17872005 @ 324.034
c bounds - >= -17871957 @ 324.211
c bounds - >= -17871909 @ 324.388
c bounds - >= -17871861 @ 324.564
c bounds - >= -17871813 @ 324.741
c bounds - >= -17871765 @ 324.919
c bounds - >= -17871717 @ 325.095
c bounds - >= -17871669 @ 325.271
c bounds - >= -17871621 @ 325.447
c bounds - >= -17871573 @ 325.621
c bounds - >= -17871525 @ 325.801
c bounds - >= -17871477 @ 325.978
c bounds - >= -17871429 @ 326.155
c bounds - >= -17871381 @ 326.331
c bounds - >= -17871333 @ 326.508
c bounds - >= -17871285 @ 326.685
c bounds - >= -17871237 @ 326.86
c bounds - >= -17871189 @ 327.037
c bounds - >= -17871141 @ 327.213
c bounds - >= -17871093 @ 327.39
c bounds - >= -17871045 @ 327.565
c bounds - >= -17870997 @ 327.742
c bounds - >= -17870949 @ 327.919
c bounds - >= -17870901 @ 328.094
c bounds - >= -17870853 @ 328.27
c bounds - >= -17870805 @ 328.447
c bounds - >= -17870757 @ 328.622
c bounds - >= -17870709 @ 328.798
c bounds - >= -17870661 @ 328.974
c bounds - >= -17870613 @ 329.151
c bounds - >= -17870565 @ 329.328
c bounds - >= -17870517 @ 329.508
c bounds - >= -17870469 @ 329.683
c bounds - >= -17870421 @ 329.861
c bounds - >= -17870373 @ 330.038
c bounds - >= -17870325 @ 330.214
c bounds - >= -17870277 @ 330.39
c bounds - >= -17870229 @ 330.565
c bounds - >= -17870181 @ 330.739
c bounds - >= -17870133 @ 330.914
c bounds - >= -17870085 @ 331.088
c bounds - >= -17870037 @ 331.262
c bounds - >= -17869989 @ 331.438
c bounds - >= -17869941 @ 331.614
c bounds - >= -17869893 @ 331.789
c bounds - >= -17869845 @ 331.965
c bounds - >= -17869797 @ 332.14
c bounds - >= -17869749 @ 332.316
c bounds - >= -17869701 @ 332.489
c bounds - >= -17869653 @ 332.665
c bounds - >= -17869605 @ 332.843
c bounds - >= -17869557 @ 333.02
c bounds - >= -17869509 @ 333.196
c bounds - >= -17869461 @ 333.372
c bounds - >= -17869413 @ 333.548
c bounds - >= -17869365 @ 333.725
c bounds - >= -17869317 @ 333.9
c bounds - >= -17869269 @ 334.073
c bounds - >= -17869221 @ 334.248
c bounds - >= -17869173 @ 334.424
c bounds - >= -17869125 @ 334.6
c bounds - >= -17869077 @ 334.774
c bounds - >= -17869029 @ 334.95
c bounds - >= -17868981 @ 335.125
c bounds - >= -17868933 @ 335.301
c bounds - >= -17868885 @ 335.475
c bounds - >= -17868837 @ 335.65
c bounds - >= -17868789 @ 335.822
c bounds - >= -17868741 @ 335.995
c bounds - >= -17868693 @ 336.173
c bounds - >= -17868645 @ 336.347
c bounds - >= -17868597 @ 336.524
c bounds - >= -17868549 @ 336.699
c bounds - >= -17868501 @ 336.874
c bounds - >= -17868453 @ 337.051
c bounds - >= -17868405 @ 337.225
c bounds - >= -17868357 @ 337.402
c bounds - >= -17868309 @ 337.58
c bounds - >= -17868261 @ 337.758
c bounds - >= -17868213 @ 337.934
c bounds - >= -17868165 @ 338.11
c bounds - >= -17868117 @ 338.285
c bounds - >= -17868069 @ 338.461
c bounds - >= -17868021 @ 338.639
c bounds - >= -17867973 @ 338.814
c bounds - >= -17867925 @ 338.991
c bounds - >= -17867877 @ 339.167
c bounds - >= -17867829 @ 339.344
c bounds - >= -17867781 @ 339.521
c bounds - >= -17867733 @ 339.695
c bounds - >= -17867685 @ 339.871
c bounds - >= -17867637 @ 340.047
c bounds - >= -17867589 @ 340.223
c bounds - >= -17867541 @ 340.397
c bounds - >= -17867493 @ 340.573
c bounds - >= -17867445 @ 340.751
c bounds - >= -17867397 @ 340.928
c bounds - >= -17867349 @ 341.106
c bounds - >= -17867301 @ 341.281
c bounds - >= -17867253 @ 341.458
c bounds - >= -17867205 @ 341.634
c bounds - >= -17867157 @ 341.81
c bounds - >= -17867109 @ 341.987
c bounds - >= -17867061 @ 342.163
c bounds - >= -17867013 @ 342.338
c bounds - >= -17866965 @ 342.513
c bounds - >= -17866917 @ 342.69
c bounds - >= -17866869 @ 342.866
c bounds - >= -17866821 @ 343.043
c bounds - >= -17866773 @ 343.219
c bounds - >= -17866725 @ 343.394
c bounds - >= -17866677 @ 343.572
c bounds - >= -17866629 @ 343.747
c bounds - >= -17866581 @ 343.926
c bounds - >= -17866533 @ 344.105
c bounds - >= -17866485 @ 344.284
c bounds - >= -17866437 @ 344.46
c bounds - >= -17866389 @ 344.636
c bounds - >= -17866341 @ 344.815
c bounds - >= -17866293 @ 344.992
c bounds - >= -17866245 @ 345.171
c bounds - >= -17866197 @ 345.348
c bounds - >= -17866149 @ 345.525
c bounds - >= -17866101 @ 345.7
c bounds - >= -17866053 @ 345.879
c bounds - >= -17866005 @ 346.057
c bounds - >= -17865957 @ 346.234
c bounds - >= -17865909 @ 346.412
c bounds - >= -17865861 @ 346.587
c bounds - >= -17865813 @ 346.764
c bounds - >= -17865765 @ 346.942
c bounds - >= -17865717 @ 347.119
c bounds - >= -17865669 @ 347.296
c bounds - >= -17865621 @ 347.472
c bounds - >= -17865573 @ 347.648
c bounds - >= -17865525 @ 347.826
c bounds - >= -17865477 @ 348.003
c bounds - >= -17865429 @ 348.179
c bounds - >= -17865381 @ 348.355
c bounds - >= -17865333 @ 348.53
c bounds - >= -17865285 @ 348.706
c bounds - >= -17865237 @ 348.884
c bounds - >= -17865189 @ 349.06
c bounds - >= -17865141 @ 349.236
c bounds - >= -17865093 @ 349.413
c bounds - >= -17865045 @ 349.589
c bounds - >= -17864997 @ 349.768
c bounds - >= -17864949 @ 349.945
c bounds - >= -17864901 @ 350.122
c bounds - >= -17864853 @ 350.298
c bounds - >= -17864805 @ 350.477
c bounds - >= -17864757 @ 350.652
c bounds - >= -17864709 @ 350.828
c bounds - >= -17864661 @ 351.006
c bounds - >= -17864613 @ 351.18
c bounds - >= -17864565 @ 351.356
c bounds - >= -17864517 @ 351.535
c bounds - >= -17864469 @ 351.712
c bounds - >= -17864421 @ 351.892
c bounds - >= -17864373 @ 352.07
c bounds - >= -17864325 @ 352.247
c bounds - >= -17864277 @ 352.426
c bounds - >= -17864229 @ 352.606
c bounds - >= -17864181 @ 352.782
c bounds - >= -17864133 @ 352.959
c bounds - >= -17864085 @ 353.135
c bounds - >= -17864037 @ 353.314
c bounds - >= -17863989 @ 353.49
c bounds - >= -17863941 @ 353.665
c bounds - >= -17863893 @ 353.844
c bounds - >= -17863845 @ 354.021
c bounds - >= -17863797 @ 354.2
c bounds - >= -17863749 @ 354.379
c bounds - >= -17863701 @ 354.555
c bounds - >= -17863653 @ 354.73
c bounds - >= -17863605 @ 354.908
c bounds - >= -17863557 @ 355.087
c bounds - >= -17863509 @ 355.269
c bounds - >= -17863461 @ 355.446
c bounds - >= -17863413 @ 355.624
c bounds - >= -17863365 @ 355.802
c bounds - >= -17863317 @ 355.979
c bounds - >= -17863269 @ 356.153
c bounds - >= -17863221 @ 356.331
c bounds - >= -17863173 @ 356.508
c bounds - >= -17863125 @ 356.685
c bounds - >= -17863077 @ 356.861
c bounds - >= -17863029 @ 357.036
c bounds - >= -17862981 @ 357.215
c bounds - >= -17862933 @ 357.39
c bounds - >= -17862885 @ 357.567
c bounds - >= -17862837 @ 357.746
c bounds - >= -17862789 @ 357.922
c bounds - >= -17862741 @ 358.099
c bounds - >= -17862693 @ 358.274
c bounds - >= -17862645 @ 358.451
c bounds - >= -17862597 @ 358.631
c bounds - >= -17862549 @ 358.807
c bounds - >= -17862501 @ 358.985
c bounds - >= -17862453 @ 359.162
c bounds - >= -17862405 @ 359.343
c bounds - >= -17862357 @ 359.52
c bounds - >= -17862309 @ 359.697
c bounds - >= -17862261 @ 359.874
c bounds - >= -17862213 @ 360.052
c bounds - >= -17862165 @ 360.229
c bounds - >= -17862117 @ 360.405
c bounds - >= -17862069 @ 360.585
c bounds - >= -17862021 @ 360.763
c bounds - >= -17861973 @ 360.941
c bounds - >= -17861925 @ 361.118
c bounds - >= -17861877 @ 361.298
c bounds - >= -17861829 @ 361.475
c bounds - >= -17861781 @ 361.653
c bounds - >= -17861733 @ 361.83
c bounds - >= -17861685 @ 362.005
c bounds - >= -17861637 @ 362.185
c bounds - >= -17861589 @ 362.362
c bounds - >= -17861541 @ 362.54
c bounds - >= -17861493 @ 362.719
c bounds - >= -17861445 @ 362.895
c bounds - >= -17861397 @ 363.074
c bounds - >= -17861349 @ 363.252
c bounds - >= -17861301 @ 363.429
c bounds - >= -17861253 @ 363.607
c bounds - >= -17861205 @ 363.785
c bounds - >= -17861157 @ 363.964
c bounds - >= -17861109 @ 364.142
c bounds - >= -17861061 @ 364.318
c bounds - >= -17861013 @ 364.493
c bounds - >= -17860965 @ 364.67
c bounds - >= -17860917 @ 364.848
c bounds - >= -17860869 @ 365.024
c bounds - >= -17860821 @ 365.201
c bounds - >= -17860773 @ 365.383
c bounds - >= -17860725 @ 365.562
c bounds - >= -17860677 @ 365.742
c bounds - >= -17860629 @ 365.92
c bounds - >= -17860581 @ 366.097
c bounds - >= -17860533 @ 366.273
c bounds - >= -17860485 @ 366.451
c bounds - >= -17860437 @ 366.629
c bounds - >= -17860389 @ 366.806
c bounds - >= -17860341 @ 366.985
c bounds - >= -17860293 @ 367.161
c bounds - >= -17860245 @ 367.343
c bounds - >= -17860197 @ 367.523
c bounds - >= -17860149 @ 367.7
c bounds - >= -17860101 @ 367.878
c bounds - >= -17860053 @ 368.058
c bounds - >= -17860005 @ 368.233
c bounds - >= -17859957 @ 368.411
c bounds - >= -17859909 @ 368.587
c bounds - >= -17859861 @ 368.766
c bounds - >= -17859813 @ 368.943
c bounds - >= -17859765 @ 369.122
c bounds - >= -17859717 @ 369.3
c bounds - >= -17859669 @ 369.479
c bounds - >= -17859621 @ 369.659
c bounds - >= -17859573 @ 369.837
c bounds - >= -17859525 @ 370.014
c bounds - >= -17859477 @ 370.192
c bounds - >= -17859429 @ 370.371
c bounds - >= -17859381 @ 370.55
c bounds - >= -17859333 @ 370.729
c bounds - >= -17859285 @ 370.91
c bounds - >= -17859237 @ 371.089
c bounds - >= -17859189 @ 371.267
c bounds - >= -17859141 @ 371.443
c bounds - >= -17859093 @ 371.622
c bounds - >= -17859045 @ 371.802
c bounds - >= -17858997 @ 371.982
c bounds - >= -17858949 @ 372.159
c bounds - >= -17858901 @ 372.338
c bounds - >= -17858853 @ 372.515
c bounds - >= -17858805 @ 372.695
c bounds - >= -17858757 @ 372.873
c bounds - >= -17858709 @ 373.051
c bounds - >= -17858661 @ 373.229
c bounds - >= -17858613 @ 373.408
c bounds - >= -17858565 @ 373.588
c bounds - >= -17858517 @ 373.766
c bounds - >= -17858469 @ 373.945
c bounds - >= -17858421 @ 374.124
c bounds - >= -17858373 @ 374.302
c bounds - >= -17858325 @ 374.481
c bounds - >= -17858277 @ 374.663
c bounds - >= -17858229 @ 374.843
c bounds - >= -17858181 @ 375.022
c bounds - >= -17858133 @ 375.201
c bounds - >= -17858085 @ 375.383
c bounds - >= -17858037 @ 375.566
c bounds - >= -17857989 @ 375.749
c bounds - >= -17857941 @ 375.93
c bounds - >= -17857893 @ 376.11
c bounds - >= -17857845 @ 376.29
c bounds - >= -17857797 @ 376.469
c bounds - >= -17857749 @ 376.646
c bounds - >= -17857701 @ 376.819
c bounds - >= -17857653 @ 376.996
c bounds - >= -17857605 @ 377.178
c bounds - >= -17857557 @ 377.355
c bounds - >= -17857509 @ 377.538
c bounds - >= -17857461 @ 377.72
c bounds - >= -17857413 @ 377.897
c bounds - >= -17857365 @ 378.073
c bounds - >= -17857317 @ 378.253
c bounds - >= -17857269 @ 378.433
c bounds - >= -17857221 @ 378.612
c bounds - >= -17857173 @ 378.792
c bounds - >= -17857125 @ 378.972
c bounds - >= -17857077 @ 379.145
c bounds - >= -17857029 @ 379.322
c bounds - >= -17856981 @ 379.499
c bounds - >= -17856933 @ 379.674
c bounds - >= -17856885 @ 379.852
c bounds - >= -17856837 @ 380.029
c bounds - >= -17856789 @ 380.209
c bounds - >= -17856741 @ 380.383
c bounds - >= -17856693 @ 380.563
c bounds - >= -17856645 @ 380.739
c bounds - >= -17856597 @ 380.914
c bounds - >= -17856549 @ 381.087
c bounds - >= -17856501 @ 381.261
c bounds - >= -17856453 @ 381.439
c bounds - >= -17856405 @ 381.614
c bounds - >= -17856357 @ 381.792
c bounds - >= -17856309 @ 381.972
c bounds - >= -17856261 @ 382.149
c bounds - >= -17856213 @ 382.324
c bounds - >= -17856165 @ 382.499
c bounds - >= -17856117 @ 382.676
c bounds - >= -17856069 @ 382.852
c bounds - >= -17856021 @ 383.026
c bounds - >= -17855973 @ 383.201
c bounds - >= -17855925 @ 383.382
c bounds - >= -17855877 @ 383.558
c bounds - >= -17855829 @ 383.733
c bounds - >= -17855781 @ 383.911
c bounds - >= -17855733 @ 384.085
c bounds - >= -17855685 @ 384.26
c bounds - >= -17855637 @ 384.437
c bounds - >= -17855589 @ 384.617
c bounds - >= -17855541 @ 384.797
c bounds - >= -17855493 @ 384.976
c bounds - >= -17855445 @ 385.154
c bounds - >= -17855397 @ 385.33
c bounds - >= -17855349 @ 385.506
c bounds - >= -17855301 @ 385.684
c bounds - >= -17855253 @ 385.862
c bounds - >= -17855205 @ 386.042
c bounds - >= -17855157 @ 386.22
c bounds - >= -17855109 @ 386.397
c bounds - >= -17855061 @ 386.573
c bounds - >= -17855013 @ 386.749
c bounds - >= -17854965 @ 386.923
c bounds - >= -17854917 @ 387.1
c bounds - >= -17854869 @ 387.276
c bounds - >= -17854821 @ 387.453
c bounds - >= -17854773 @ 387.629
c bounds - >= -17854725 @ 387.804
c bounds - >= -17854677 @ 387.981
c bounds - >= -17854629 @ 388.157
c bounds - >= -17854581 @ 388.336
c bounds - >= -17854533 @ 388.512
c bounds - >= -17854485 @ 388.691
c bounds - >= -17854437 @ 388.869
c bounds - >= -17854389 @ 389.05
c bounds - >= -17854341 @ 389.228
c bounds - >= -17854293 @ 389.409
c bounds - >= -17854245 @ 389.583
c bounds - >= -17854197 @ 389.76
c bounds - >= -17854149 @ 389.939
c bounds - >= -17854101 @ 390.116
c bounds - >= -17854053 @ 390.291
c bounds - >= -17854005 @ 390.467
c bounds - >= -17853957 @ 390.642
c bounds - >= -17853909 @ 390.818
c bounds - >= -17853861 @ 390.995
c bounds - >= -17853813 @ 391.17
c bounds - >= -17853765 @ 391.351
c bounds - >= -17853717 @ 391.525
c bounds - >= -17853669 @ 391.704
c bounds - >= -17853621 @ 391.882
c bounds - >= -17853573 @ 392.061
c bounds - >= -17853525 @ 392.238
c bounds - >= -17853477 @ 392.416
c bounds - >= -17853429 @ 392.596
c bounds - >= -17853381 @ 392.776
c bounds - >= -17853333 @ 392.955
c bounds - >= -17853285 @ 393.134
c bounds - >= -17853237 @ 393.313
c bounds - >= -17853189 @ 393.49
c bounds - >= -17853141 @ 393.67
c bounds - >= -17853093 @ 393.846
c bounds - >= -17853045 @ 394.026
c bounds - >= -17852997 @ 394.206
c bounds - >= -17852949 @ 394.384
c bounds - >= -17852901 @ 394.559
c bounds - >= -17852853 @ 394.734
c bounds - >= -17852805 @ 394.91
c bounds - >= -17852757 @ 395.083
c bounds - >= -17852709 @ 395.26
c bounds - >= -17852661 @ 395.435
c bounds - >= -17852613 @ 395.612
c bounds - >= -17852565 @ 395.791
c bounds - >= -17852517 @ 395.968
c bounds - >= -17852469 @ 396.143
c bounds - >= -17852421 @ 396.318
c bounds - >= -17852373 @ 396.497
c bounds - >= -17852325 @ 396.675
c bounds - >= -17852277 @ 396.855
c bounds - >= -17852229 @ 397.033
c bounds - >= -17852181 @ 397.211
c bounds - >= -17852133 @ 397.39
c bounds - >= -17852085 @ 397.572
c bounds - >= -17852037 @ 397.753
c bounds terminate called after throwing an instance of 'rs::OutOfMemoryException'
