c RoundingSat 2
c branch 
c commit 
c #variables 17580 #constraints 26612
c bounds - >= -85470 @ 0.120578
c bounds 0 >= -85470 @ 0.132775
c bounds 0 >= -85398 @ 0.133385
c bounds 0 >= -85257 @ 0.133441
c bounds 0 >= -85209 @ 0.134305
c bounds 0 >= -85161 @ 0.134876
c bounds 0 >= -85113 @ 0.135458
c bounds 0 >= -85065 @ 0.136038
c bounds 0 >= -85017 @ 0.136623
c bounds 0 >= -84969 @ 0.137201
c bounds 0 >= -84921 @ 0.137788
c bounds 0 >= -84873 @ 0.138364
c bounds 0 >= -84825 @ 0.138944
c bounds 0 >= -84777 @ 0.139525
c bounds 0 >= -84729 @ 0.140103
c bounds 0 >= -84681 @ 0.14069
c bounds 0 >= -84633 @ 0.141267
c bounds 0 >= -84585 @ 0.141839
c bounds 0 >= -84537 @ 0.142415
c bounds 0 >= -84489 @ 0.142992
c bounds 0 >= -84441 @ 0.143577
c bounds 0 >= -84393 @ 0.144154
c bounds 0 >= -84345 @ 0.144748
c bounds 0 >= -84297 @ 0.145325
c bounds 0 >= -84249 @ 0.145903
c bounds 0 >= -84201 @ 0.146484
c bounds 0 >= -84153 @ 0.14706
c bounds 0 >= -84105 @ 0.147644
c bounds 0 >= -84057 @ 0.148221
c bounds 0 >= -84009 @ 0.148795
c bounds 0 >= -83961 @ 0.149369
c bounds 0 >= -83913 @ 0.149949
c bounds 0 >= -83865 @ 0.15053
c bounds 0 >= -83817 @ 0.151105
c bounds 0 >= -83769 @ 0.151688
c bounds 0 >= -83721 @ 0.152263
c bounds 0 >= -83673 @ 0.152825
c bounds 0 >= -83625 @ 0.153399
c bounds 0 >= -83577 @ 0.153972
c bounds 0 >= -83529 @ 0.154558
c bounds 0 >= -83481 @ 0.155134
c bounds 0 >= -83433 @ 0.155717
c bounds 0 >= -83385 @ 0.15629
c bounds 0 >= -83337 @ 0.156864
c bounds 0 >= -83289 @ 0.157447
c bounds 0 >= -83241 @ 0.15802
c bounds 0 >= -83193 @ 0.158617
c bounds 0 >= -83145 @ 0.159206
c bounds 0 >= -83097 @ 0.159789
c bounds 0 >= -83049 @ 0.160384
c bounds 0 >= -83001 @ 0.160972
c bounds 0 >= -82953 @ 0.161569
c bounds 0 >= -82905 @ 0.16216
c bounds 0 >= -82857 @ 0.162746
c bounds 0 >= -82809 @ 0.163335
c bounds 0 >= -82761 @ 0.163923
c bounds 0 >= -82713 @ 0.164524
c bounds 0 >= -82665 @ 0.16511
c bounds 0 >= -82617 @ 0.16571
c bounds 0 >= -82569 @ 0.166321
c bounds 0 >= -82521 @ 0.166928
c bounds 0 >= -82473 @ 0.167521
c bounds 0 >= -82425 @ 0.168115
c bounds 0 >= -82377 @ 0.16871
c bounds 0 >= -82329 @ 0.169307
c bounds 0 >= -82281 @ 0.169914
c bounds 0 >= -82233 @ 0.170513
c bounds 0 >= -82185 @ 0.171117
c bounds 0 >= -82137 @ 0.171707
c bounds 0 >= -82089 @ 0.172302
c bounds 0 >= -82041 @ 0.172905
c bounds 0 >= -81993 @ 0.173501
c bounds 0 >= -81945 @ 0.174095
c bounds 0 >= -81897 @ 0.174689
c bounds 0 >= -81849 @ 0.175293
c bounds 0 >= -81801 @ 0.175891
c bounds 0 >= -81753 @ 0.176489
c bounds 0 >= -81705 @ 0.177081
c bounds 0 >= -81657 @ 0.177674
c bounds 0 >= -81609 @ 0.178272
c bounds 0 >= -81561 @ 0.178874
c bounds 0 >= -81513 @ 0.179466
c bounds 0 >= -81465 @ 0.180056
c bounds 0 >= -81417 @ 0.180649
c bounds 0 >= -81369 @ 0.181254
c bounds 0 >= -81321 @ 0.181854
c bounds 0 >= -81273 @ 0.182453
c bounds 0 >= -81225 @ 0.183057
c bounds 0 >= -81177 @ 0.183647
c bounds 0 >= -81129 @ 0.184241
c bounds 0 >= -81081 @ 0.184833
c bounds 0 >= -81033 @ 0.185428
c bounds 0 >= -80985 @ 0.186022
c bounds 0 >= -80937 @ 0.186616
c bounds 0 >= -80889 @ 0.18722
c bounds 0 >= -80841 @ 0.187813
c bounds 0 >= -80793 @ 0.188408
c bounds 0 >= -80745 @ 0.189
c bounds 0 >= -80697 @ 0.189592
c bounds 0 >= -80649 @ 0.190176
c bounds 0 >= -80601 @ 0.190768
c bounds 0 >= -80553 @ 0.191373
c bounds 0 >= -80505 @ 0.191966
c bounds 0 >= -80457 @ 0.192557
c bounds 0 >= -80409 @ 0.193147
c bounds 0 >= -80361 @ 0.193739
c bounds 0 >= -80313 @ 0.194332
c bounds 0 >= -80265 @ 0.194928
c bounds 0 >= -80217 @ 0.19553
c bounds 0 >= -80169 @ 0.196123
c bounds 0 >= -80121 @ 0.196717
c bounds 0 >= -80073 @ 0.19731
c bounds 0 >= -80025 @ 0.197904
c bounds 0 >= -79977 @ 0.198495
c bounds 0 >= -79929 @ 0.199088
c bounds 0 >= -79881 @ 0.199692
c bounds 0 >= -79833 @ 0.200283
c bounds 0 >= -79785 @ 0.200878
c bounds 0 >= -79737 @ 0.201471
c bounds 0 >= -79689 @ 0.202062
c bounds 0 >= -79641 @ 0.202657
c bounds 0 >= -79593 @ 0.20325
c bounds 0 >= -79545 @ 0.203849
c bounds 0 >= -79497 @ 0.204441
c bounds 0 >= -79449 @ 0.205032
c bounds 0 >= -79401 @ 0.205626
c bounds 0 >= -79353 @ 0.205779
c bounds 0 >= -79305 @ 0.205853
c bounds 0 >= -79257 @ 0.206426
c bounds 0 >= -79209 @ 0.207017
c bounds 0 >= -79161 @ 0.207612
c bounds 0 >= -79113 @ 0.207764
c bounds 0 >= -79065 @ 0.207855
c bounds 0 >= -79017 @ 0.208419
c bounds 0 >= -78969 @ 0.209
c bounds 0 >= -78921 @ 0.20958
c bounds 0 >= -78873 @ 0.210169
c bounds 0 >= -78825 @ 0.210757
c bounds 0 >= -78777 @ 0.211346
c bounds 0 >= -78729 @ 0.211935
c bounds 0 >= -78681 @ 0.212525
c bounds 0 >= -78633 @ 0.213111
c bounds 0 >= -78585 @ 0.21371
c bounds 0 >= -78537 @ 0.2143
c bounds 0 >= -78489 @ 0.214889
c bounds 0 >= -78441 @ 0.215483
c bounds 0 >= -78393 @ 0.216065
c bounds 0 >= -78345 @ 0.216671
c bounds 0 >= -78297 @ 0.217268
c bounds 0 >= -78249 @ 0.217867
c bounds 0 >= -78201 @ 0.218461
c bounds 0 >= -78153 @ 0.219049
c bounds 0 >= -78105 @ 0.219639
c bounds 0 >= -78057 @ 0.220229
c bounds 0 >= -78009 @ 0.22082
c bounds 0 >= -77961 @ 0.221412
c bounds 0 >= -77913 @ 0.222014
c bounds 0 >= -77865 @ 0.2226
c bounds 0 >= -77817 @ 0.22319
c bounds 0 >= -77769 @ 0.223785
c bounds 0 >= -77721 @ 0.224376
c bounds 0 >= -77673 @ 0.224966
c bounds 0 >= -77625 @ 0.225566
c bounds 0 >= -77577 @ 0.226169
c bounds 0 >= -77529 @ 0.226757
c bounds 0 >= -77481 @ 0.227345
c bounds 0 >= -77433 @ 0.227934
c bounds 0 >= -77385 @ 0.228509
c bounds 0 >= -77337 @ 0.228655
c bounds 0 >= -77289 @ 0.228743
c bounds 0 >= -77241 @ 0.229319
c bounds 0 >= -77193 @ 0.229465
c bounds 0 >= -77145 @ 0.229909
c bounds 0 >= -77097 @ 0.230455
c bounds 0 >= -77049 @ 0.231019
c bounds 0 >= -77001 @ 0.231583
c bounds 0 >= -76953 @ 0.232148
c bounds 0 >= -76905 @ 0.232714
c bounds 0 >= -76857 @ 0.233288
c bounds 0 >= -76809 @ 0.233849
c bounds 0 >= -76761 @ 0.23441
c bounds 0 >= -76713 @ 0.23497
c bounds 0 >= -76665 @ 0.235537
c bounds 0 >= -76617 @ 0.236107
c bounds 0 >= -76569 @ 0.23667
c bounds 0 >= -76521 @ 0.237245
c bounds 0 >= -76473 @ 0.237808
c bounds 0 >= -76425 @ 0.238383
c bounds 0 >= -76377 @ 0.238943
c bounds 0 >= -76305 @ 0.239519
c bounds 0 >= -76164 @ 0.240096
c bounds 0 >= -76116 @ 0.240665
c bounds 0 >= -76068 @ 0.241257
c bounds 0 >= -76020 @ 0.241818
c bounds 0 >= -75972 @ 0.242382
c bounds 0 >= -75924 @ 0.242951
c bounds 0 >= -75876 @ 0.243512
c bounds 0 >= -75828 @ 0.24408
c bounds 0 >= -75780 @ 0.244638
c bounds 0 >= -75732 @ 0.245208
c bounds 0 >= -75684 @ 0.245766
c bounds 0 >= -75636 @ 0.246337
c bounds 0 >= -75588 @ 0.246901
c bounds 0 >= -75540 @ 0.247474
c bounds 0 >= -75492 @ 0.248042
c bounds 0 >= -75444 @ 0.2486
c bounds 0 >= -75396 @ 0.249168
c bounds 0 >= -75348 @ 0.249728
c bounds 0 >= -75300 @ 0.250299
c bounds 0 >= -75252 @ 0.250867
c bounds 0 >= -75204 @ 0.251433
c bounds 0 >= -75156 @ 0.251995
c bounds 0 >= -75108 @ 0.25256
c bounds 0 >= -75060 @ 0.25314
c bounds 0 >= -75012 @ 0.253714
c bounds 0 >= -74964 @ 0.254291
c bounds 0 >= -74916 @ 0.254853
c bounds 0 >= -74868 @ 0.255419
c bounds 0 >= -74820 @ 0.255994
c bounds 0 >= -74772 @ 0.256566
c bounds 0 >= -74724 @ 0.257148
c bounds 0 >= -74676 @ 0.257715
c bounds 0 >= -74628 @ 0.258292
c bounds 0 >= -74580 @ 0.258852
c bounds 0 >= -74532 @ 0.259409
c bounds 0 >= -74484 @ 0.259985
c bounds 0 >= -74436 @ 0.260552
c bounds 0 >= -74388 @ 0.261131
c bounds 0 >= -74316 @ 0.261738
c bounds 0 >= -74151 @ 0.26234
c bounds 0 >= -73986 @ 0.262927
c bounds 0 >= -73821 @ 0.263513
c bounds 0 >= -73656 @ 0.264091
c bounds 0 >= -73491 @ 0.264684
c bounds 0 >= -73326 @ 0.265262
c bounds 0 >= -73161 @ 0.265867
c bounds 0 >= -72996 @ 0.266445
c bounds 0 >= -72831 @ 0.267029
c bounds 0 >= -72666 @ 0.267606
c bounds 0 >= -72501 @ 0.268192
c bounds 0 >= -72336 @ 0.268763
c bounds 0 >= -72171 @ 0.269345
c bounds 0 >= -72006 @ 0.269473
c bounds 0 >= -71841 @ 0.269532
c bounds 0 >= -71676 @ 0.270084
c bounds 0 >= -71511 @ 0.270657
c bounds 0 >= -71346 @ 0.271209
c bounds 0 >= -71181 @ 0.271784
c bounds 0 >= -71016 @ 0.272353
c bounds 0 >= -70851 @ 0.272926
c bounds 0 >= -70686 @ 0.273491
c bounds 0 >= -70521 @ 0.274059
c bounds 0 >= -70356 @ 0.274615
c bounds 0 >= -70191 @ 0.275186
c bounds 0 >= -70026 @ 0.275759
c bounds 0 >= -69861 @ 0.276336
c bounds 0 >= -69696 @ 0.276476
c bounds 0 >= -69531 @ 0.276525
c bounds 0 >= -69366 @ 0.277067
c bounds 0 >= -69225 @ 0.277634
c bounds 0 >= -69177 @ 0.278179
c bounds 0 >= -69129 @ 0.27873
c bounds 0 >= -69081 @ 0.279279
c bounds 0 >= -69033 @ 0.27984
c bounds 0 >= -68985 @ 0.280396
c bounds 0 >= -68937 @ 0.280945
c bounds 0 >= -68889 @ 0.281503
c bounds 0 >= -68841 @ 0.28207
c bounds 0 >= -68793 @ 0.282618
c bounds 0 >= -68745 @ 0.283174
c bounds 0 >= -68697 @ 0.283725
c bounds 0 >= -68649 @ 0.284276
c bounds 0 >= -68601 @ 0.284833
c bounds 0 >= -68553 @ 0.285394
c bounds 0 >= -68505 @ 0.285944
c bounds 0 >= -68457 @ 0.286501
c bounds 0 >= -68409 @ 0.287056
c bounds 0 >= -68361 @ 0.287605
c bounds 0 >= -68313 @ 0.288158
c bounds 0 >= -68265 @ 0.288726
c bounds 0 >= -68217 @ 0.289295
c bounds 0 >= -68169 @ 0.289854
c bounds 0 >= -68121 @ 0.290415
c bounds 0 >= -68073 @ 0.290966
c bounds 0 >= -68025 @ 0.291522
c bounds 0 >= -67977 @ 0.292072
c bounds 0 >= -67929 @ 0.292204
c bounds 0 >= -67881 @ 0.292623
c bounds 0 >= -67833 @ 0.293181
c bounds 0 >= -67785 @ 0.293707
c bounds 0 >= -67737 @ 0.294234
c bounds 0 >= -67689 @ 0.294766
c bounds 0 >= -67641 @ 0.295297
c bounds 0 >= -67593 @ 0.29583
c bounds 0 >= -67545 @ 0.296355
c bounds 0 >= -67497 @ 0.296889
c bounds 0 >= -67449 @ 0.297416
c bounds 0 >= -67401 @ 0.297949
c bounds 0 >= -67353 @ 0.298474
c bounds 0 >= -67305 @ 0.299006
c bounds 0 >= -67257 @ 0.299537
c bounds 0 >= -67209 @ 0.300071
c bounds 0 >= -67161 @ 0.300603
c bounds 0 >= -67113 @ 0.301134
c bounds 0 >= -67065 @ 0.301662
c bounds 0 >= -67017 @ 0.302186
c bounds 0 >= -66969 @ 0.302712
c bounds 0 >= -66921 @ 0.303245
c bounds 0 >= -66873 @ 0.303774
c bounds 0 >= -66825 @ 0.304304
c bounds 0 >= -66777 @ 0.304858
c bounds 0 >= -66729 @ 0.305397
c bounds 0 >= -66681 @ 0.305947
c bounds 0 >= -66633 @ 0.306474
c bounds 0 >= -66585 @ 0.307014
c bounds 0 >= -66537 @ 0.307539
c bounds 0 >= -66489 @ 0.308067
c bounds 0 >= -66441 @ 0.308603
c bounds 0 >= -66393 @ 0.308668
c bounds 0 >= -66345 @ 0.308669
c bounds 0 >= -66297 @ 0.309206
c bounds 0 >= -66249 @ 0.309746
c bounds 0 >= -66201 @ 0.310281
c bounds 0 >= -66153 @ 0.310827
c bounds 0 >= -66105 @ 0.311366
c bounds 0 >= -66057 @ 0.311908
c bounds 0 >= -66009 @ 0.312449
c bounds 0 >= -65961 @ 0.312982
c bounds 0 >= -65913 @ 0.313508
c bounds 0 >= -65865 @ 0.314044
c bounds 0 >= -65817 @ 0.314574
c bounds 0 >= -65769 @ 0.3151
c bounds 0 >= -65721 @ 0.315627
c bounds 0 >= -65673 @ 0.316157
c bounds 0 >= -65625 @ 0.316273
c bounds 0 >= -65577 @ 0.31628
c bounds 0 >= -65529 @ 0.316799
c bounds 0 >= -65481 @ 0.31733
c bounds 0 >= -65433 @ 0.317856
c bounds 0 >= -65385 @ 0.318377
c bounds 0 >= -65337 @ 0.318906
c bounds 0 >= -65289 @ 0.319437
c bounds 0 >= -65241 @ 0.319963
c bounds 0 >= -65193 @ 0.320498
c bounds 0 >= -65145 @ 0.32102
c bounds 0 >= -65097 @ 0.321542
c bounds 0 >= -65049 @ 0.322515
c bounds 0 >= -65001 @ 0.323046
c bounds 0 >= -64953 @ 0.323572
c bounds 0 >= -64905 @ 0.3241
c bounds 0 >= -64857 @ 0.324622
c bounds 0 >= -64809 @ 0.325146
c bounds 0 >= -64761 @ 0.325672
c bounds 0 >= -64713 @ 0.326191
c bounds 0 >= -64665 @ 0.326718
c bounds 0 >= -64617 @ 0.327233
c bounds 0 >= -64569 @ 0.327759
c bounds 0 >= -64521 @ 0.328279
c bounds 0 >= -64473 @ 0.328809
c bounds 0 >= -64425 @ 0.329333
c bounds 0 >= -64377 @ 0.329859
c bounds 0 >= -64329 @ 0.330381
c bounds 0 >= -64281 @ 0.330914
c bounds 0 >= -64233 @ 0.331447
c bounds 0 >= -64185 @ 0.331974
c bounds 0 >= -64137 @ 0.332503
c bounds 0 >= -64089 @ 0.333024
c bounds 0 >= -64041 @ 0.333544
c bounds 0 >= -63993 @ 0.334062
c bounds 0 >= -63945 @ 0.334583
c bounds 0 >= -63897 @ 0.3351
c bounds 0 >= -63849 @ 0.335623
c bounds 0 >= -63801 @ 0.336148
c bounds 0 >= -63753 @ 0.336682
c bounds 0 >= -63705 @ 0.337201
c bounds 0 >= -63657 @ 0.337734
c bounds 0 >= -63609 @ 0.33825
c bounds 0 >= -63561 @ 0.338785
c #Conflicts:       1000 | #Constraints:      28706
c bounds -9 >= -63561 @ 0.75535
c bounds -9 >= -63513 @ 0.755978
c bounds -9 >= -63465 @ 0.756498
c bounds -9 >= -63417 @ 0.757027
c bounds -9 >= -63369 @ 0.757566
c bounds -9 >= -63321 @ 0.758084
c bounds -9 >= -63273 @ 0.75861
c bounds -9 >= -63225 @ 0.75913
c bounds -9 >= -63177 @ 0.759648
c bounds -9 >= -63129 @ 0.760174
c bounds -9 >= -63081 @ 0.760689
c bounds -9 >= -63033 @ 0.761212
c bounds -9 >= -62985 @ 0.761727
c bounds -9 >= -62937 @ 0.76225
c bounds -9 >= -62889 @ 0.762774
c bounds -9 >= -62841 @ 0.763308
c bounds -9 >= -62793 @ 0.763836
c bounds -9 >= -62745 @ 0.764367
c bounds -9 >= -62697 @ 0.764884
c bounds -9 >= -62649 @ 0.765422
c bounds -9 >= -62601 @ 0.765939
c bounds -9 >= -62553 @ 0.766457
c bounds -9 >= -62505 @ 0.766978
c bounds -9 >= -62457 @ 0.767037
c bounds -9 >= -62409 @ 0.767084
c bounds -9 >= -62361 @ 0.767618
c bounds -9 >= -62313 @ 0.767718
c bounds -9 >= -62265 @ 0.76774
c bounds -9 >= -62217 @ 0.768271
c bounds -9 >= -62169 @ 0.76881
c bounds -9 >= -62121 @ 0.769338
c bounds -9 >= -62073 @ 0.769876
c bounds -9 >= -62025 @ 0.770405
c bounds -9 >= -61977 @ 0.770943
c bounds -9 >= -61929 @ 0.771475
c bounds -9 >= -61881 @ 0.772011
c bounds -9 >= -61833 @ 0.772011
c bounds -9 >= -61785 @ 0.772247
c bounds -9 >= -61737 @ 0.772696
c bounds -9 >= -61689 @ 0.77322
c bounds -9 >= -61641 @ 0.773775
c bounds -9 >= -61593 @ 0.774299
c bounds -9 >= -61545 @ 0.774839
c bounds -9 >= -61497 @ 0.775365
c bounds -9 >= -61425 @ 0.775927
c bounds -9 >= -61260 @ 0.776476
c bounds -9 >= -61095 @ 0.777044
c bounds -9 >= -60930 @ 0.777601
c bounds -9 >= -60765 @ 0.778168
c bounds -9 >= -60600 @ 0.778711
c bounds -9 >= -60435 @ 0.779279
c bounds -9 >= -60270 @ 0.779826
c bounds -9 >= -60105 @ 0.780385
c bounds -9 >= -59940 @ 0.780931
c bounds -9 >= -59775 @ 0.780931
c bounds -9 >= -59610 @ 0.781023
c bounds -9 >= -59445 @ 0.781569
c bounds -9 >= -59280 @ 0.782095
c bounds -9 >= -59115 @ 0.782629
c bounds -9 >= -58950 @ 0.783164
c bounds -9 >= -58785 @ 0.783688
c bounds -9 >= -58620 @ 0.784213
c bounds -9 >= -58455 @ 0.784751
c bounds -9 >= -58290 @ 0.785271
c bounds -9 >= -58125 @ 0.785796
c bounds -9 >= -57960 @ 0.786322
c bounds -9 >= -57795 @ 0.786862
c bounds -9 >= -57630 @ 0.787381
c bounds -9 >= -57465 @ 0.787922
c bounds -9 >= -57300 @ 0.788446
c bounds -9 >= -57135 @ 0.788981
c bounds -9 >= -56970 @ 0.789503
c bounds -9 >= -56805 @ 0.790038
c bounds -9 >= -56640 @ 0.79056
c bounds -9 >= -56475 @ 0.791097
c bounds -9 >= -56334 @ 0.791625
c bounds -9 >= -56286 @ 0.792144
c bounds -9 >= -56238 @ 0.792667
c bounds -9 >= -56190 @ 0.793212
c bounds -9 >= -56142 @ 0.793728
c bounds -9 >= -56094 @ 0.794255
c bounds -9 >= -56046 @ 0.794774
c bounds -9 >= -55998 @ 0.795293
c bounds -9 >= -55950 @ 0.795807
c bounds -9 >= -55902 @ 0.796782
c bounds -9 >= -55854 @ 0.797289
c bounds -9 >= -55806 @ 0.79778
c bounds -9 >= -55758 @ 0.798277
c bounds -9 >= -55710 @ 0.798775
c bounds -9 >= -55662 @ 0.799272
c bounds -9 >= -55614 @ 0.799772
c bounds -9 >= -55566 @ 0.800278
c bounds -9 >= -55518 @ 0.800782
c bounds -9 >= -55470 @ 0.801287
c bounds -9 >= -55422 @ 0.801782
c bounds -9 >= -55374 @ 0.80228
c bounds -9 >= -55326 @ 0.802773
c bounds -9 >= -55278 @ 0.803275
c bounds -9 >= -55230 @ 0.803766
c bounds -9 >= -55182 @ 0.804267
c bounds -9 >= -55134 @ 0.80476
c bounds -9 >= -55086 @ 0.805268
c bounds -9 >= -55038 @ 0.80576
c bounds -9 >= -54990 @ 0.806258
c bounds -9 >= -54942 @ 0.806747
c bounds -9 >= -54894 @ 0.807245
c bounds -9 >= -54846 @ 0.80775
c bounds -9 >= -54798 @ 0.808243
c bounds -9 >= -54750 @ 0.808734
c bounds -9 >= -54702 @ 0.809229
c bounds -9 >= -54654 @ 0.809717
c bounds -9 >= -54606 @ 0.810211
c bounds -9 >= -54558 @ 0.810697
c bounds -9 >= -54510 @ 0.811211
c bounds -9 >= -54462 @ 0.811704
c bounds -9 >= -54414 @ 0.812205
c bounds -9 >= -54366 @ 0.812689
c bounds -9 >= -54318 @ 0.813182
c bounds -9 >= -54270 @ 0.813677
c bounds -9 >= -54222 @ 0.814168
c bounds -9 >= -54174 @ 0.814658
c bounds -9 >= -54126 @ 0.815161
c bounds -9 >= -54078 @ 0.815662
c bounds -9 >= -54030 @ 0.816177
c bounds -9 >= -53982 @ 0.816677
c bounds -9 >= -53934 @ 0.817187
c bounds -9 >= -53886 @ 0.817682
c bounds -9 >= -53838 @ 0.818186
c bounds -9 >= -53790 @ 0.818678
c bounds -9 >= -53742 @ 0.819182
c bounds -9 >= -53694 @ 0.819686
c bounds -9 >= -53646 @ 0.820185
c bounds -9 >= -53598 @ 0.820679
c bounds -9 >= -53550 @ 0.821183
c bounds -9 >= -53502 @ 0.821674
c bounds -9 >= -53454 @ 0.822171
c bounds -9 >= -53406 @ 0.822669
c bounds -9 >= -53358 @ 0.823165
c bounds -9 >= -53310 @ 0.823654
c bounds -9 >= -53262 @ 0.824151
c bounds -9 >= -53214 @ 0.824639
c bounds -9 >= -53166 @ 0.825135
c bounds -9 >= -53118 @ 0.825626
c bounds -9 >= -53094 @ 0.867595
c bounds -9 >= -53061 @ 0.873917
c bounds -9 >= -53021 @ 0.877153
c #Conflicts:       2000 | #Constraints:      30111
c INPROCESSING
c GARBAGE COLLECT
c bounds -9 >= -52997 @ 0.919906
c bounds -9 >= -52973 @ 1.00258
c #Conflicts:       3000 | #Constraints:      26974
c bounds -9 >= -52949 @ 1.06126
c bounds -10828 >= -52949 @ 1.35531
c bounds -10829 >= -52949 @ 1.47266
c bounds -10829 >= -52907 @ 1.47342
c bounds -10829 >= -52886 @ 1.47398
c bounds -10829 >= -52865 @ 1.47467
c bounds -10829 >= -52844 @ 1.47534
c bounds -10829 >= -52823 @ 1.476
c bounds -10829 >= -52802 @ 1.47668
c bounds -10829 >= -52781 @ 1.47738
c bounds -10829 >= -52760 @ 1.47805
c bounds -10829 >= -52739 @ 1.47872
c bounds -10829 >= -52718 @ 1.47943
c bounds -10829 >= -52697 @ 1.48018
c bounds -10829 >= -52676 @ 1.48092
c bounds -10829 >= -52655 @ 1.48168
c bounds -10829 >= -52634 @ 1.48259
c bounds -10829 >= -52613 @ 1.48362
c bounds -10829 >= -52592 @ 1.48464
c bounds -10829 >= -52571 @ 1.48565
c bounds -10829 >= -52550 @ 1.48667
c bounds -10829 >= -52529 @ 1.48768
c bounds -10829 >= -52508 @ 1.4887
c bounds -10829 >= -52487 @ 1.48973
c bounds -10829 >= -52466 @ 1.49031
c bounds -10829 >= -52445 @ 1.49031
c bounds -10829 >= -52424 @ 1.49139
c bounds -10829 >= -52403 @ 1.49279
c bounds -10829 >= -52382 @ 1.4933
c bounds -10829 >= -52340 @ 1.49457
c bounds -10829 >= -52319 @ 1.49529
c bounds -10829 >= -52277 @ 1.49529
c bounds -10829 >= -52235 @ 1.49667
c bounds -10829 >= -52193 @ 1.49729
c bounds -10829 >= -52151 @ 1.49837
c bounds -10829 >= -52109 @ 1.49971
c bounds -10829 >= -52067 @ 1.50027
c bounds -10829 >= -52025 @ 1.50055
c bounds -10829 >= -51983 @ 1.50175
c bounds -10829 >= -51941 @ 1.50309
c bounds -10829 >= -51899 @ 1.50358
c bounds -10829 >= -51857 @ 1.50476
c bounds -10829 >= -51815 @ 1.50526
c bounds -10829 >= -51773 @ 1.50558
c bounds -10829 >= -51731 @ 1.50626
c bounds -10829 >= -51689 @ 1.50626
c bounds -10829 >= -51647 @ 1.50742
c bounds -10829 >= -51605 @ 1.50874
c bounds -10829 >= -51563 @ 1.51006
c bounds -10829 >= -51521 @ 1.51138
c bounds -10829 >= -51479 @ 1.51269
c bounds -10829 >= -51437 @ 1.514
c bounds -10829 >= -51395 @ 1.51532
c bounds -10829 >= -51353 @ 1.51662
c bounds -10829 >= -51311 @ 1.51722
c bounds -10829 >= -51269 @ 1.51824
c bounds -10829 >= -51227 @ 1.51955
c bounds -10829 >= -51185 @ 1.52084
c bounds -10829 >= -51143 @ 1.52213
c bounds -10829 >= -51122 @ 1.52343
c bounds -10829 >= -51080 @ 1.52419
c bounds -10829 >= -51038 @ 1.52419
c bounds -10829 >= -50996 @ 1.52534
c bounds -10829 >= -50954 @ 1.52664
c bounds -10829 >= -50912 @ 1.52718
c bounds -10829 >= -50870 @ 1.52834
c bounds -10829 >= -50828 @ 1.52963
c bounds -10829 >= -50786 @ 1.53017
c bounds -10829 >= -50744 @ 1.53022
c bounds -10829 >= -50702 @ 1.5315
c bounds -10829 >= -50660 @ 1.53216
c bounds -10829 >= -50618 @ 1.53306
c bounds -10829 >= -50576 @ 1.53435
c bounds -10829 >= -50534 @ 1.53561
c bounds -10829 >= -50492 @ 1.53615
c bounds -10829 >= -50450 @ 1.53615
c bounds -10829 >= -50408 @ 1.53742
c bounds -10829 >= -50366 @ 1.53866
c bounds -10829 >= -50324 @ 1.53914
c bounds -10829 >= -50282 @ 1.53919
c bounds -10829 >= -50240 @ 1.54046
c bounds -10829 >= -50198 @ 1.54114
c bounds -10829 >= -50156 @ 1.54114
c bounds -10829 >= -50114 @ 1.54137
c bounds -10829 >= -50072 @ 1.54249
c bounds -10829 >= -50030 @ 1.54313
c bounds -10829 >= -49988 @ 1.54399
c bounds -10829 >= -49946 @ 1.54439
c bounds -10829 >= -49904 @ 1.54549
c bounds -10829 >= -49862 @ 1.5467
c bounds -10829 >= -49820 @ 1.54712
c bounds -10829 >= -49799 @ 1.54734
c bounds -10829 >= -49778 @ 1.54845
c bounds -10829 >= -49757 @ 1.54966
c bounds -10829 >= -49715 @ 1.55011
c bounds -10829 >= -49694 @ 1.5511
c bounds -10829 >= -49673 @ 1.55153
c bounds -10829 >= -49631 @ 1.5521
c bounds -10829 >= -49610 @ 1.5521
c bounds -10829 >= -49589 @ 1.55215
c bounds -10829 >= -49547 @ 1.55339
c bounds -10829 >= -49526 @ 1.55461
c bounds -10829 >= -49484 @ 1.55509
c bounds -10829 >= -49442 @ 1.55607
c bounds -10829 >= -49400 @ 1.5573
c bounds -10829 >= -49358 @ 1.55851
c bounds -10829 >= -49316 @ 1.55908
c bounds -10829 >= -49274 @ 1.55994
c bounds -10829 >= -49232 @ 1.56032
c bounds -10829 >= -49190 @ 1.56139
c bounds -10829 >= -49148 @ 1.56207
c bounds -10829 >= -49106 @ 1.56207
c bounds -10829 >= -49064 @ 1.56207
c bounds -10829 >= -49022 @ 1.56327
c bounds -10829 >= -48980 @ 1.56445
c bounds -10829 >= -48959 @ 1.56564
c bounds -10829 >= -48917 @ 1.56685
c bounds -10829 >= -48875 @ 1.56804
c bounds -10829 >= -48833 @ 1.56925
c bounds -10829 >= -48791 @ 1.57044
c bounds -10829 >= -48749 @ 1.57164
c bounds -10829 >= -48707 @ 1.57282
c bounds -10829 >= -48665 @ 1.57401
c bounds -10829 >= -48623 @ 1.57521
c bounds -10829 >= -48581 @ 1.57651
c bounds -10829 >= -48539 @ 1.577
c bounds -10829 >= -48497 @ 1.577
c bounds -10829 >= -48455 @ 1.57819
c bounds -10829 >= -48413 @ 1.57948
c bounds -10829 >= -48371 @ 1.58065
c bounds -10829 >= -48329 @ 1.58183
c bounds -10829 >= -48287 @ 1.58299
c bounds -10829 >= -48245 @ 1.58418
c bounds -10829 >= -48203 @ 1.58536
c bounds -10829 >= -48161 @ 1.58597
c bounds -10829 >= -48119 @ 1.5867
c bounds -10829 >= -48077 @ 1.58697
c bounds -10829 >= -48035 @ 1.58721
c bounds -10829 >= -47993 @ 1.58824
c bounds -10829 >= -47972 @ 1.58937
c bounds -10829 >= -47951 @ 1.59054
c bounds -10829 >= -47909 @ 1.59095
c bounds -10829 >= -47867 @ 1.59095
c bounds -10829 >= -47825 @ 1.59199
c bounds -10829 >= -47783 @ 1.59314
c bounds -10829 >= -47762 @ 1.59431
c bounds -10829 >= -47720 @ 1.59493
c bounds -10829 >= -47678 @ 1.5956
c bounds -10829 >= -47636 @ 1.59593
c bounds -10829 >= -47594 @ 1.59688
c bounds -10829 >= -47552 @ 1.59803
c bounds -10829 >= -47510 @ 1.59918
c bounds -10829 >= -47468 @ 1.60033
c bounds -10829 >= -47426 @ 1.60147
c bounds -10829 >= -47384 @ 1.60191
c bounds -10829 >= -47342 @ 1.60191
c bounds -10829 >= -47300 @ 1.60288
c bounds -10829 >= -47258 @ 1.604
c bounds -10829 >= -47216 @ 1.60514
c bounds -10829 >= -47174 @ 1.60626
c bounds -10829 >= -47132 @ 1.60738
c bounds -10829 >= -47090 @ 1.60789
c bounds -10829 >= -47048 @ 1.6086
c bounds -10829 >= -47006 @ 1.60889
c bounds -10829 >= -46964 @ 1.60889
c bounds -10829 >= -46922 @ 1.61
c bounds -10829 >= -46880 @ 1.61111
c bounds -10829 >= -46838 @ 1.61221
c bounds -10829 >= -46796 @ 1.61331
c bounds -10829 >= -46754 @ 1.61387
c bounds -10829 >= -46712 @ 1.61387
c bounds -10829 >= -46670 @ 1.61387
c bounds -10829 >= -46628 @ 1.61477
c bounds -10829 >= -46586 @ 1.61587
c bounds -10829 >= -46544 @ 1.61698
c bounds -10829 >= -46502 @ 1.61808
c bounds -10829 >= -46460 @ 1.61918
c bounds -10829 >= -46418 @ 1.62026
c bounds -10829 >= -46376 @ 1.62136
c bounds -10829 >= -46334 @ 1.62184
c bounds -10829 >= -46292 @ 1.62252
c bounds -10829 >= -46250 @ 1.62359
c bounds -10829 >= -46208 @ 1.62467
c bounds -10829 >= -46166 @ 1.62574
c bounds -10829 >= -46124 @ 1.62582
c bounds -10829 >= -46082 @ 1.62689
c bounds -10829 >= -46040 @ 1.62797
c bounds -10829 >= -45998 @ 1.62905
c bounds -10829 >= -45956 @ 1.63013
c bounds -10829 >= -45914 @ 1.6312
c bounds -10829 >= -45872 @ 1.63226
c bounds -10829 >= -45830 @ 1.63332
c bounds -10829 >= -45788 @ 1.63438
c bounds -10829 >= -45746 @ 1.63479
c bounds -10829 >= -45704 @ 1.63548
c bounds -10829 >= -45662 @ 1.63579
c bounds -10829 >= -45620 @ 1.63658
c bounds -10829 >= -45578 @ 1.63678
c bounds -10829 >= -45536 @ 1.63793
c bounds -10829 >= -45494 @ 1.63897
c bounds -10829 >= -45452 @ 1.64002
c bounds -10829 >= -45410 @ 1.64106
c bounds -10829 >= -45368 @ 1.64212
c bounds -10829 >= -45326 @ 1.64315
c bounds -10829 >= -45284 @ 1.64419
c bounds -10829 >= -45242 @ 1.64522
c bounds -10829 >= -45200 @ 1.64625
c bounds -10829 >= -45158 @ 1.64727
c bounds -10829 >= -45116 @ 1.64831
c bounds -10829 >= -45095 @ 1.64934
c bounds -10829 >= -45053 @ 1.64978
c bounds -10829 >= -45032 @ 1.65102
c bounds -10829 >= -44990 @ 1.65226
c bounds -10829 >= -44948 @ 1.65339
c bounds -10829 >= -44906 @ 1.65453
c bounds -10829 >= -44864 @ 1.6557
c bounds -10829 >= -44822 @ 1.65696
c bounds -10829 >= -44780 @ 1.65806
c bounds -10829 >= -44738 @ 1.65916
c bounds -10829 >= -44696 @ 1.66024
c bounds -10829 >= -44654 @ 1.66135
c bounds -10829 >= -44612 @ 1.66247
c bounds -10829 >= -44570 @ 1.66363
c bounds -10829 >= -44528 @ 1.66482
c bounds -10829 >= -44486 @ 1.66608
c bounds -10829 >= -44444 @ 1.66716
c bounds -10829 >= -44402 @ 1.66766
c bounds -10829 >= -44360 @ 1.66831
c bounds -10829 >= -44318 @ 1.66866
c bounds -10829 >= -44276 @ 1.66866
c bounds -10829 >= -44234 @ 1.66955
c bounds -10829 >= -44192 @ 1.66966
c bounds -10829 >= -44150 @ 1.67065
c bounds -10829 >= -44108 @ 1.67094
c bounds -10829 >= -44066 @ 1.67194
c bounds -10829 >= -44024 @ 1.673
c bounds -10829 >= -43982 @ 1.6741
c bounds -10829 >= -43940 @ 1.6752
c bounds -10829 >= -43898 @ 1.67564
c bounds -10829 >= -43856 @ 1.67668
c bounds -10829 >= -43814 @ 1.67722
c bounds -10829 >= -43772 @ 1.67807
c bounds -10829 >= -43730 @ 1.67912
c bounds -10829 >= -43688 @ 1.68015
c bounds -10829 >= -43646 @ 1.68122
c bounds -10829 >= -43604 @ 1.68161
c bounds -10829 >= -43562 @ 1.68162
c bounds -10829 >= -43520 @ 1.6824
c bounds -10829 >= -43478 @ 1.68261
c bounds -10829 >= -43436 @ 1.68261
c bounds -10829 >= -43394 @ 1.68261
c bounds -10829 >= -43373 @ 1.68379
c bounds -10829 >= -43331 @ 1.68529
c bounds -10829 >= -43289 @ 1.68634
c bounds -10829 >= -43247 @ 1.68741
c bounds -10829 >= -43205 @ 1.68759
c bounds -10829 >= -43163 @ 1.68898
c bounds -10829 >= -43121 @ 1.69002
c bounds -10829 >= -43079 @ 1.69105
c bounds -10829 >= -43037 @ 1.69207
c bounds -10829 >= -42995 @ 1.69311
c bounds -10829 >= -42953 @ 1.69413
c bounds -10829 >= -42911 @ 1.69515
c bounds -10829 >= -42869 @ 1.69616
c bounds -10829 >= -42827 @ 1.69721
c bounds -10829 >= -42785 @ 1.69755
c bounds -10829 >= -42743 @ 1.69755
c bounds -10829 >= -42701 @ 1.69831
c bounds -10829 >= -42659 @ 1.69936
c bounds -10829 >= -42617 @ 1.69955
c bounds -10829 >= -42575 @ 1.70078
c bounds -10829 >= -42533 @ 1.70214
c bounds -10829 >= -42491 @ 1.70349
c bounds -10829 >= -42449 @ 1.70449
c bounds -10829 >= -42407 @ 1.70549
c bounds -10829 >= -42365 @ 1.70647
c bounds -10829 >= -42323 @ 1.70747
c bounds -10829 >= -42281 @ 1.70845
c bounds -10829 >= -42239 @ 1.70847
c bounds -10829 >= -42197 @ 1.70945
c bounds -10829 >= -42155 @ 1.71044
c bounds -10829 >= -42113 @ 1.71143
c bounds -10829 >= -42071 @ 1.71243
c bounds -10829 >= -42050 @ 1.71343
c bounds -10829 >= -42029 @ 1.71441
c bounds -10829 >= -41987 @ 1.71449
c bounds -10829 >= -41966 @ 1.71449
c bounds -10829 >= -41945 @ 1.71449
c bounds -10829 >= -41924 @ 1.71534
c bounds -10829 >= -41903 @ 1.71632
c bounds -10829 >= -41882 @ 1.71648
c bounds -10829 >= -41861 @ 1.71648
c bounds -10829 >= -41819 @ 1.71648
c bounds -10829 >= -41777 @ 1.7172
c bounds -10829 >= -41735 @ 1.71748
c bounds -10829 >= -41693 @ 1.71817
c bounds -10829 >= -41651 @ 1.71848
c bounds -10829 >= -41609 @ 1.71848
c bounds -10829 >= -41567 @ 1.71848
c bounds -10829 >= -41525 @ 1.71848
c bounds -10829 >= -41483 @ 1.71848
c bounds -10829 >= -41441 @ 1.71907
c bounds -10829 >= -41399 @ 1.72004
c bounds -10829 >= -41357 @ 1.72098
c bounds -10829 >= -41315 @ 1.72196
c bounds -10829 >= -41273 @ 1.72291
c bounds -10829 >= -41231 @ 1.72386
c bounds -10829 >= -41210 @ 1.72481
c bounds -10829 >= -41168 @ 1.72578
c bounds -10829 >= -41126 @ 1.72672
c bounds -10829 >= -41084 @ 1.72768
c bounds -10829 >= -41042 @ 1.72861
c bounds -10829 >= -41000 @ 1.72954
c bounds -10829 >= -40958 @ 1.73046
c bounds -10829 >= -40916 @ 1.7314
c bounds -10829 >= -40874 @ 1.73233
c bounds -10829 >= -40832 @ 1.73242
c #Conflicts:       4000 | #Constraints:      28943
c bounds -10829 >= -40790 @ 1.73242
c bounds -10829 >= -40748 @ 1.73316
c bounds -10829 >= -40706 @ 1.73342
c bounds -10829 >= -40664 @ 1.73342
c bounds -10829 >= -40622 @ 1.73399
c bounds -10829 >= -40580 @ 1.73493
c bounds -10829 >= -40538 @ 1.73586
c bounds -10829 >= -40496 @ 1.73682
c bounds -10829 >= -40454 @ 1.73774
c bounds -10829 >= -40412 @ 1.73867
c bounds -10829 >= -40370 @ 1.73957
c bounds -10829 >= -40328 @ 1.74052
c bounds -10829 >= -40286 @ 1.74147
c bounds -10829 >= -40244 @ 1.74246
c bounds -10829 >= -40202 @ 1.74341
c bounds -10829 >= -40160 @ 1.74378
c bounds -10829 >= -40118 @ 1.74465
c bounds -10829 >= -40076 @ 1.7461
c bounds -10829 >= -40034 @ 1.74775
c bounds -10829 >= -39992 @ 1.74925
c bounds -10829 >= -39950 @ 1.75014
c bounds -10829 >= -39908 @ 1.75103
c bounds -10829 >= -39866 @ 1.7519
c bounds -10829 >= -39824 @ 1.75278
c bounds -10829 >= -39782 @ 1.75366
c bounds -10829 >= -39740 @ 1.75455
c bounds -10829 >= -39698 @ 1.75542
c bounds -10829 >= -39656 @ 1.7563
c bounds -10829 >= -39614 @ 1.75716
c bounds -10829 >= -39572 @ 1.75802
c bounds -10829 >= -39530 @ 1.75832
c bounds -10829 >= -39488 @ 1.75885
c bounds -10829 >= -39446 @ 1.75964
c bounds -10829 >= -39404 @ 1.7605
c bounds -10829 >= -39362 @ 1.7613
c bounds -10829 >= -39320 @ 1.76214
c bounds -10829 >= -39278 @ 1.76298
c bounds -10829 >= -39236 @ 1.76384
c bounds -10829 >= -39194 @ 1.76467
c bounds -10829 >= -39152 @ 1.76552
c bounds -10829 >= -39110 @ 1.76635
c bounds -10829 >= -39068 @ 1.76722
c bounds -10829 >= -39026 @ 1.76804
c bounds -10829 >= -38984 @ 1.76888
c bounds -10829 >= -38942 @ 1.76971
c bounds -10829 >= -38900 @ 1.77057
c bounds -10829 >= -38858 @ 1.77139
c bounds -10829 >= -38816 @ 1.77222
c bounds -10829 >= -38774 @ 1.77305
c bounds -10829 >= -38732 @ 1.77326
c bounds -10829 >= -38690 @ 1.7738
c bounds -10829 >= -38648 @ 1.77461
c bounds -10829 >= -38606 @ 1.77541
c bounds -10829 >= -38564 @ 1.7762
c bounds -10829 >= -38522 @ 1.77699
c bounds -10829 >= -38480 @ 1.77779
c bounds -10829 >= -38438 @ 1.7786
c bounds -10829 >= -38396 @ 1.77941
c bounds -10829 >= -38354 @ 1.7802
c bounds -10829 >= -38312 @ 1.781
c bounds -10829 >= -38270 @ 1.78179
c bounds -10829 >= -38228 @ 1.78258
c bounds -10829 >= -38186 @ 1.78336
c bounds -10829 >= -38144 @ 1.78415
c bounds -10829 >= -38102 @ 1.78492
c bounds -10829 >= -38060 @ 1.78573
c bounds -10829 >= -38018 @ 1.78653
c bounds -10829 >= -37976 @ 1.78731
c bounds -10829 >= -37934 @ 1.7881
c bounds -10829 >= -37892 @ 1.78888
c bounds -10829 >= -37850 @ 1.78966
c bounds -10829 >= -37808 @ 1.79045
c bounds -10829 >= -37787 @ 1.79124
c bounds -10829 >= -37745 @ 1.79202
c bounds -10829 >= -37703 @ 1.79219
c bounds -10829 >= -37661 @ 1.79269
c bounds -10829 >= -37619 @ 1.79342
c bounds -10829 >= -37577 @ 1.79413
c bounds -10829 >= -37535 @ 1.79488
c bounds -10829 >= -37493 @ 1.79565
c bounds -10829 >= -37451 @ 1.79641
c bounds -10829 >= -37409 @ 1.79716
c bounds -10829 >= -37367 @ 1.7979
c bounds -10829 >= -37325 @ 1.79865
c bounds -10829 >= -37283 @ 1.7994
c bounds -10829 >= -37262 @ 1.80015
c bounds -10829 >= -37220 @ 1.8009
c bounds -10829 >= -37199 @ 1.80165
c bounds -10829 >= -37178 @ 1.80239
c bounds -10829 >= -37136 @ 1.80314
c bounds -10829 >= -37094 @ 1.80387
c bounds -10829 >= -37052 @ 1.80461
c bounds -10829 >= -37010 @ 1.80536
c bounds -10829 >= -36968 @ 1.8061
c bounds -10829 >= -36926 @ 1.80682
c bounds -10829 >= -36884 @ 1.80756
c bounds -10829 >= -36842 @ 1.80829
c bounds -10829 >= -36800 @ 1.80901
c bounds -10829 >= -36758 @ 1.80974
c bounds -10829 >= -36716 @ 1.81048
c bounds -10829 >= -36674 @ 1.81137
c bounds -10829 >= -36632 @ 1.81237
c bounds -10829 >= -36590 @ 1.81309
c bounds -10829 >= -36548 @ 1.81309
c bounds -10829 >= -36506 @ 1.81363
c bounds -10829 >= -36464 @ 1.81434
c bounds -10829 >= -36422 @ 1.815
c bounds -10829 >= -36380 @ 1.81569
c bounds -10829 >= -36338 @ 1.8164
c bounds -10829 >= -36296 @ 1.81711
c bounds -10829 >= -36254 @ 1.8178
c bounds -10829 >= -36212 @ 1.8187
c bounds -10829 >= -36170 @ 1.81941
c bounds -10829 >= -36128 @ 1.82011
c bounds -10829 >= -36086 @ 1.82081
c bounds -10829 >= -36044 @ 1.8215
c bounds -10829 >= -36002 @ 1.82218
c bounds -10829 >= -35960 @ 1.82286
c bounds -10829 >= -35918 @ 1.82356
c bounds -10829 >= -35876 @ 1.82423
c bounds -10829 >= -35834 @ 1.82491
c bounds -10829 >= -35792 @ 1.82505
c bounds -10829 >= -35750 @ 1.82543
c bounds -10829 >= -35708 @ 1.82598
c bounds -10829 >= -35666 @ 1.82605
c bounds -10829 >= -35624 @ 1.82647
c bounds -10829 >= -35582 @ 1.82702
c bounds -10829 >= -35540 @ 1.8277
c bounds -10829 >= -35519 @ 1.82845
c bounds -10829 >= -35498 @ 1.82915
c bounds -10829 >= -35477 @ 1.8299
c bounds -10829 >= -35435 @ 1.83059
c bounds -10829 >= -35393 @ 1.8313
c bounds -10829 >= -35351 @ 1.83201
c bounds -10829 >= -35309 @ 1.83272
c bounds -10829 >= -35267 @ 1.83345
c bounds -10829 >= -35225 @ 1.83414
c bounds -10829 >= -35183 @ 1.83486
c bounds -10829 >= -35141 @ 1.83558
c bounds -10829 >= -35099 @ 1.83632
c bounds -10829 >= -35057 @ 1.83712
c bounds -10829 >= -35015 @ 1.83793
c bounds -10829 >= -34973 @ 1.838
c bounds -10829 >= -34931 @ 1.83872
c bounds -10829 >= -34889 @ 1.8398
c bounds -10829 >= -34847 @ 1.84179
c bounds -10829 >= -34805 @ 1.84352
c bounds -10829 >= -34763 @ 1.8443
c bounds -10829 >= -34721 @ 1.8449
c bounds -10829 >= -34679 @ 1.84555
c bounds -10829 >= -34637 @ 1.8462
c bounds -10829 >= -34595 @ 1.84686
c bounds -10829 >= -34553 @ 1.84751
c bounds -10829 >= -34511 @ 1.84817
c bounds -10829 >= -34469 @ 1.84881
c bounds -10829 >= -34427 @ 1.84947
c bounds -10829 >= -34385 @ 1.85012
c bounds -10829 >= -34343 @ 1.85075
c bounds -10829 >= -34301 @ 1.85139
c bounds -10829 >= -34259 @ 1.85204
c bounds -10829 >= -34217 @ 1.85269
c bounds -10829 >= -34196 @ 1.85781
c bounds -10829 >= -34175 @ 1.86501
c bounds -10829 >= -34154 @ 1.86913
c bounds -10829 >= -34133 @ 1.8716
c INPROCESSING
c GARBAGE COLLECT
c #Conflicts:       5000 | #Constraints:      28534
c #Conflicts:       6000 | #Constraints:      29534
c INPROCESSING
c GARBAGE COLLECT
c bounds -10830 >= -34133 @ 6.70554
c bounds -10831 >= -34133 @ 6.73193
c #Conflicts:       7000 | #Constraints:      28527
c #Conflicts:       8000 | #Constraints:      29527
c bounds -10832 >= -34133 @ 7.23415
c bounds -10833 >= -34133 @ 7.32809
c bounds -10834 >= -34133 @ 7.37129
c bounds -10835 >= -34133 @ 7.53048
c bounds -10836 >= -34133 @ 7.63497
c bounds -10837 >= -34133 @ 7.75614
c bounds -10838 >= -34133 @ 7.86463
c bounds -10839 >= -34133 @ 7.96222
c #Conflicts:       9000 | #Constraints:      30535
c bounds -10841 >= -34133 @ 8.48355
c bounds -10842 >= -34133 @ 8.69609
c INPROCESSING
c GARBAGE COLLECT
c #Conflicts:      10000 | #Constraints:      29213
c #Conflicts:      11000 | #Constraints:      30213
c bounds -10843 >= -34133 @ 9.86729
c bounds -10844 >= -34133 @ 10.719
c bounds -10845 >= -34133 @ 10.9167
c bounds -10846 >= -34133 @ 11.1403
c #Conflicts:      12000 | #Constraints:      31217
c INPROCESSING
c GARBAGE COLLECT
c bounds -10847 >= -34133 @ 11.4601
c bounds -10848 >= -34133 @ 11.5881
c #Conflicts:      13000 | #Constraints:      29684
c bounds -10849 >= -34133 @ 11.7671
c bounds -10850 >= -34133 @ 11.8857
c bounds -10851 >= -34133 @ 12.0059
c bounds -10852 >= -34133 @ 12.3115
c #Conflicts:      14000 | #Constraints:      30688
c #Conflicts:      15000 | #Constraints:      31688
c INPROCESSING
c GARBAGE COLLECT
c bounds -10852 >= -34101 @ 12.7517
c bounds -10852 >= -34069 @ 12.7524
c bounds -10852 >= -34037 @ 12.7531
c bounds -10852 >= -34005 @ 12.7538
c bounds -10852 >= -33973 @ 12.7545
c bounds -10852 >= -33941 @ 12.7552
c bounds -10852 >= -33909 @ 12.7559
c bounds -10852 >= -33877 @ 12.7566
c bounds -10852 >= -33845 @ 12.7573
c bounds -10852 >= -33813 @ 12.7581
c bounds -10852 >= -33781 @ 12.7588
c bounds -10852 >= -33749 @ 12.7595
c bounds -10852 >= -33717 @ 12.7603
c bounds -10852 >= -33685 @ 12.7611
c bounds -10852 >= -33653 @ 12.7619
c bounds -10852 >= -33621 @ 12.7627
c bounds -10852 >= -33589 @ 12.7636
c bounds -10852 >= -33557 @ 12.7644
c bounds -10852 >= -33525 @ 12.7652
c bounds -10852 >= -33493 @ 12.766
c bounds -10852 >= -33461 @ 12.7669
c bounds -10852 >= -33429 @ 12.7677
c bounds -10852 >= -33397 @ 12.7685
c bounds -10852 >= -33365 @ 12.7693
c bounds -10852 >= -33333 @ 12.7693
c bounds -10852 >= -33301 @ 12.7701
c bounds -10852 >= -33269 @ 12.7711
c bounds -10852 >= -33237 @ 12.7714
c bounds -10852 >= -33205 @ 12.7714
c bounds -10852 >= -33173 @ 12.7714
c bounds -10852 >= -33141 @ 12.7726
c bounds -10852 >= -33109 @ 12.7738
c bounds -10852 >= -33077 @ 12.7743
c bounds -10852 >= -33045 @ 12.7746
c bounds -10852 >= -33013 @ 12.7759
c bounds -10852 >= -32981 @ 12.7764
c bounds -10852 >= -32965 @ 12.7778
c bounds -10852 >= -32933 @ 12.7794
c bounds -10852 >= -32901 @ 12.7808
c bounds -10852 >= -32869 @ 12.7823
c bounds -10852 >= -32837 @ 12.7837
c bounds -10852 >= -32805 @ 12.7843
c bounds -10852 >= -32773 @ 12.7847
c bounds -10852 >= -32741 @ 12.786
c bounds -10852 >= -32709 @ 12.7865
c bounds -10852 >= -32677 @ 12.7873
c bounds -10852 >= -32645 @ 12.7873
c bounds -10852 >= -32613 @ 12.7888
c bounds -10852 >= -32581 @ 12.7893
c bounds -10852 >= -32549 @ 12.7906
c bounds -10852 >= -32517 @ 12.7913
c bounds -10852 >= -32485 @ 12.7915
c bounds -10852 >= -32453 @ 12.7923
c bounds -10852 >= -32421 @ 12.7933
c bounds -10852 >= -32389 @ 12.7947
c bounds -10852 >= -32357 @ 12.7953
c bounds -10852 >= -32325 @ 12.7956
c bounds -10852 >= -32293 @ 12.7963
c bounds -10852 >= -32261 @ 12.7973
c bounds -10852 >= -32229 @ 12.7987
c bounds -10852 >= -32197 @ 12.8001
c bounds -10852 >= -32165 @ 12.8015
c bounds -10852 >= -32133 @ 12.8029
c bounds -10852 >= -32101 @ 12.8034
c bounds -10852 >= -32069 @ 12.8047
c bounds -10852 >= -32037 @ 12.8052
c bounds -10852 >= -32005 @ 12.8065
c bounds -10852 >= -31973 @ 12.8079
c bounds -10852 >= -31941 @ 12.8087
c bounds -10852 >= -31909 @ 12.8097
c bounds -10852 >= -31877 @ 12.811
c bounds -10852 >= -31845 @ 12.8115
c bounds -10852 >= -31813 @ 12.8128
c bounds -10852 >= -31781 @ 12.8141
c bounds -10852 >= -31749 @ 12.8155
c bounds -10852 >= -31717 @ 12.8162
c bounds -10852 >= -31685 @ 12.8162
c bounds -10852 >= -31653 @ 12.8176
c bounds -10852 >= -31621 @ 12.8182
c bounds -10852 >= -31589 @ 12.8184
c bounds -10852 >= -31557 @ 12.8197
c bounds -10852 >= -31525 @ 12.8202
c bounds -10852 >= -31493 @ 12.8214
c bounds -10852 >= -31461 @ 12.8222
c bounds -10852 >= -31429 @ 12.8222
c bounds -10852 >= -31397 @ 12.8225
c bounds -10852 >= -31365 @ 12.8238
c bounds -10852 >= -31333 @ 12.8251
c bounds -10852 >= -31301 @ 12.8264
c bounds -10852 >= -31269 @ 12.8272
c bounds -10852 >= -31237 @ 12.8281
c bounds -10852 >= -31205 @ 12.8294
c bounds -10852 >= -31173 @ 12.8301
c bounds -10852 >= -31141 @ 12.8311
c bounds -10852 >= -31109 @ 12.8324
c bounds -10852 >= -31077 @ 12.8331
c bounds -10852 >= -31045 @ 12.8331
c bounds -10852 >= -31013 @ 12.8344
c bounds -10852 >= -30981 @ 12.8357
c bounds -10852 >= -30949 @ 12.837
c bounds -10852 >= -30917 @ 12.8383
c bounds -10852 >= -30885 @ 12.8396
c bounds -10852 >= -30853 @ 12.8401
c bounds -10852 >= -30821 @ 12.8412
c bounds -10852 >= -30789 @ 12.8426
c bounds -10852 >= -30757 @ 12.8439
c bounds -10852 >= -30725 @ 12.8452
c bounds -10852 >= -30693 @ 12.8464
c bounds -10852 >= -30661 @ 12.8471
c bounds -10852 >= -30629 @ 12.848
c bounds -10852 >= -30597 @ 12.8494
c bounds -10852 >= -30565 @ 12.8506
c bounds -10852 >= -30533 @ 12.8519
c bounds -10852 >= -30501 @ 12.8532
c bounds -10852 >= -30469 @ 12.8545
c bounds -10852 >= -30437 @ 12.8551
c bounds -10852 >= -30405 @ 12.8561
c bounds -10852 >= -30373 @ 12.8573
c bounds -10852 >= -30341 @ 12.858
c bounds -10852 >= -30309 @ 12.8589
c bounds -10852 >= -30277 @ 12.8592
c bounds -10852 >= -30245 @ 12.8604
c bounds -10852 >= -30213 @ 12.8617
c bounds -10852 >= -30181 @ 12.8629
c bounds -10852 >= -30149 @ 12.8642
c bounds -10852 >= -30117 @ 12.8655
c bounds -10852 >= -30085 @ 12.866
c bounds -10852 >= -30053 @ 12.866
c bounds -10852 >= -30021 @ 12.8673
c bounds -10852 >= -29989 @ 12.8685
c bounds -10852 >= -29957 @ 12.8698
c bounds -10852 >= -29925 @ 12.87
c bounds -10852 >= -29893 @ 12.8713
c bounds -10852 >= -29861 @ 12.8725
c bounds -10852 >= -29829 @ 12.8737
c bounds -10852 >= -29797 @ 12.875
c bounds -10852 >= -29765 @ 12.8762
c bounds -10852 >= -29733 @ 12.8775
c bounds -10852 >= -29701 @ 12.878
c bounds -10852 >= -29669 @ 12.878
c bounds -10852 >= -29637 @ 12.8792
c bounds -10852 >= -29605 @ 12.8804
c bounds -10852 >= -29573 @ 12.881
c bounds -10852 >= -29541 @ 12.8819
c bounds -10852 >= -29509 @ 12.8831
c bounds -10852 >= -29477 @ 12.8843
c bounds -10852 >= -29445 @ 12.8849
c bounds -10852 >= -29413 @ 12.8858
c bounds -10852 >= -29381 @ 12.8861
c bounds -10852 >= -29349 @ 12.8872
c bounds -10852 >= -29317 @ 12.8884
c bounds -10852 >= -29285 @ 12.8889
c bounds -10852 >= -29253 @ 12.8898
c bounds -10852 >= -29221 @ 12.891
c bounds -10852 >= -29189 @ 12.8922
c bounds -10852 >= -29157 @ 12.8934
c bounds -10852 >= -29125 @ 12.8946
c bounds -10852 >= -29093 @ 12.8949
c bounds -10852 >= -29061 @ 12.8951
c bounds -10852 >= -29029 @ 12.8962
c bounds -10852 >= -28997 @ 12.8974
c bounds -10852 >= -28965 @ 12.8986
c bounds -10852 >= -28933 @ 12.8989
c bounds -10852 >= -28901 @ 12.9001
c bounds -10852 >= -28869 @ 12.9013
c bounds -10852 >= -28837 @ 12.9024
c bounds -10852 >= -28805 @ 12.9029
c bounds -10852 >= -28773 @ 12.9038
c bounds -10852 >= -28741 @ 12.905
c bounds -10852 >= -28709 @ 12.9061
c bounds -10852 >= -28677 @ 12.9073
c bounds -10852 >= -28645 @ 12.9085
c bounds -10852 >= -28613 @ 12.9096
c bounds -10852 >= -28581 @ 12.9108
c bounds -10852 >= -28549 @ 12.912
c bounds -10852 >= -28517 @ 12.9131
c bounds -10852 >= -28485 @ 12.9143
c bounds -10852 >= -28453 @ 12.9148
c bounds -10852 >= -28421 @ 12.9148
c bounds -10852 >= -28389 @ 12.9148
c bounds -10852 >= -28357 @ 12.9151
c bounds -10852 >= -28325 @ 12.9162
c bounds -10852 >= -28293 @ 12.9173
c bounds -10852 >= -28261 @ 12.9178
c bounds -10852 >= -28229 @ 12.9186
c bounds -10852 >= -28197 @ 12.9197
c bounds -10852 >= -28165 @ 12.9209
c bounds -10852 >= -28133 @ 12.922
c bounds -10852 >= -28101 @ 12.9232
c bounds -10852 >= -28069 @ 12.9243
c bounds -10852 >= -28037 @ 12.9254
c bounds -10852 >= -28005 @ 12.9266
c bounds -10852 >= -27973 @ 12.9268
c bounds -10852 >= -27941 @ 12.9278
c bounds -10852 >= -27909 @ 12.929
c bounds -10852 >= -27877 @ 12.9301
c bounds -10852 >= -27845 @ 12.9312
c bounds -10852 >= -27813 @ 12.9324
c bounds -10852 >= -27781 @ 12.9328
c bounds -10852 >= -27749 @ 12.9328
c bounds -10852 >= -27717 @ 12.9337
c bounds -10852 >= -27685 @ 12.9348
c bounds -10852 >= -27653 @ 12.9359
c bounds -10852 >= -27621 @ 12.937
c bounds -10852 >= -27589 @ 12.9381
c bounds -10852 >= -27557 @ 12.9392
c bounds -10852 >= -27525 @ 12.9403
c bounds -10852 >= -27493 @ 12.9407
c bounds -10852 >= -27461 @ 12.9407
c bounds -10852 >= -27429 @ 12.9418
c bounds -10852 >= -27397 @ 12.9429
c bounds -10852 >= -27365 @ 12.944
c bounds -10852 >= -27333 @ 12.9451
c bounds -10852 >= -27301 @ 12.9462
c bounds -10852 >= -27269 @ 12.9473
c bounds -10852 >= -27237 @ 12.9477
c bounds -10852 >= -27205 @ 12.9477
c bounds -10852 >= -27173 @ 12.9485
c bounds -10852 >= -27141 @ 12.9496
c bounds -10852 >= -27109 @ 12.9497
c bounds -10852 >= -27077 @ 12.9497
c bounds -10852 >= -27045 @ 12.9508
c bounds -10852 >= -27013 @ 12.9518
c bounds -10852 >= -26981 @ 12.9529
c bounds -10852 >= -26949 @ 12.954
c bounds -10852 >= -26917 @ 12.955
c bounds -10852 >= -26885 @ 12.9561
c bounds -10852 >= -26853 @ 12.9571
c bounds -10852 >= -26821 @ 12.9582
c bounds -10852 >= -26789 @ 12.9592
c bounds -10852 >= -26757 @ 12.9603
c bounds -10852 >= -26741 @ 12.9607
c bounds -10852 >= -26709 @ 12.9607
c bounds -10852 >= -26677 @ 12.9607
c bounds -10852 >= -26645 @ 12.9615
c bounds -10852 >= -26613 @ 12.9617
c bounds -10852 >= -26581 @ 12.9617
c bounds -10852 >= -26549 @ 12.9627
c bounds -10852 >= -26517 @ 12.9637
c bounds -10852 >= -26485 @ 12.9647
c bounds -10852 >= -26453 @ 12.9658
c bounds -10852 >= -26421 @ 12.9668
c bounds -10852 >= -26389 @ 12.9678
c bounds -10852 >= -26357 @ 12.9688
c bounds -10852 >= -26325 @ 12.9699
c bounds -10852 >= -26293 @ 12.9709
c bounds -10852 >= -26261 @ 12.9719
c bounds -10852 >= -26229 @ 12.973
c bounds -10852 >= -26197 @ 12.974
c bounds -10852 >= -26165 @ 12.975
c bounds -10852 >= -26133 @ 12.9761
c bounds -10852 >= -26101 @ 12.9771
c bounds -10852 >= -26069 @ 12.9783
c bounds -10852 >= -26037 @ 12.9786
c bounds -10852 >= -26005 @ 12.9794
c bounds -10852 >= -25973 @ 12.9796
c bounds -10852 >= -25941 @ 12.9796
c bounds -10852 >= -25909 @ 12.9796
c bounds -10852 >= -25877 @ 12.9804
c bounds -10852 >= -25845 @ 12.9806
c bounds -10852 >= -25813 @ 12.9806
c bounds -10852 >= -25781 @ 12.9814
c bounds -10852 >= -25749 @ 12.9823
c bounds -10852 >= -25733 @ 12.9833
c bounds -10852 >= -25701 @ 12.9836
c bounds -10852 >= -25669 @ 12.9843
c bounds -10852 >= -25637 @ 12.9853
c bounds -10852 >= -25605 @ 12.9863
c bounds -10852 >= -25573 @ 12.9872
c bounds -10852 >= -25541 @ 12.9876
c bounds -10852 >= -25509 @ 12.9876
c bounds -10852 >= -25477 @ 12.9882
c bounds -10852 >= -25445 @ 12.9892
c bounds -10852 >= -25413 @ 12.9901
c bounds -10852 >= -25381 @ 12.9911
c bounds -10852 >= -25349 @ 12.9921
c bounds -10852 >= -25317 @ 12.993
c bounds -10852 >= -25285 @ 12.994
c bounds -10852 >= -25253 @ 12.9949
c bounds -10852 >= -25221 @ 12.9959
c bounds -10852 >= -25189 @ 12.9968
c bounds -10852 >= -25157 @ 12.9978
c bounds -10852 >= -25125 @ 12.9987
c bounds -10852 >= -25093 @ 12.9997
c bounds -10852 >= -25061 @ 13.0006
c bounds -10852 >= -25029 @ 13.0015
c bounds -10852 >= -24997 @ 13.0025
c bounds -10852 >= -24965 @ 13.0034
c bounds -10852 >= -24933 @ 13.0035
c bounds -10852 >= -24901 @ 13.0035
c bounds -10852 >= -24869 @ 13.0043
c bounds -10852 >= -24837 @ 13.0045
c bounds -10852 >= -24805 @ 13.0045
c bounds -10852 >= -24773 @ 13.0051
c bounds -10852 >= -24741 @ 13.006
c bounds -10852 >= -24709 @ 13.0069
c bounds -10852 >= -24677 @ 13.0079
c bounds -10852 >= -24645 @ 13.0088
c bounds -10852 >= -24613 @ 13.0097
c bounds -10852 >= -24581 @ 13.0106
c bounds -10852 >= -24549 @ 13.0115
c bounds -10852 >= -24517 @ 13.0124
c bounds -10852 >= -24485 @ 13.0133
c bounds -10852 >= -24453 @ 13.0135
c bounds -10852 >= -24421 @ 13.0141
c bounds -10852 >= -24389 @ 13.015
c bounds -10852 >= -24357 @ 13.0159
c bounds -10852 >= -24325 @ 13.0168
c bounds -10852 >= -24293 @ 13.0177
c bounds -10852 >= -24261 @ 13.0186
c bounds -10852 >= -24229 @ 13.0195
c bounds -10852 >= -24197 @ 13.0204
c bounds -10852 >= -24165 @ 13.0204
c bounds -10852 >= -24133 @ 13.0212
c bounds -10852 >= -24101 @ 13.0214
c bounds -10852 >= -24069 @ 13.022
c bounds -10852 >= -24037 @ 13.0229
c bounds -10852 >= -24005 @ 13.0237
c bounds -10852 >= -23973 @ 13.0246
c bounds -10852 >= -23941 @ 13.0254
c bounds -10852 >= -23909 @ 13.0254
c bounds -10852 >= -23877 @ 13.0254
c bounds -10852 >= -23845 @ 13.0254
c bounds -10852 >= -23813 @ 13.0259
c bounds -10852 >= -23781 @ 13.0268
c bounds -10852 >= -23749 @ 13.0277
c bounds -10852 >= -23717 @ 13.0285
c bounds -10852 >= -23685 @ 13.0294
c bounds -10852 >= -23653 @ 13.0302
c bounds -10852 >= -23621 @ 13.0311
c bounds -10852 >= -23589 @ 13.0319
c bounds -10852 >= -23557 @ 13.0328
c bounds -10852 >= -23525 @ 13.0336
c bounds -10852 >= -23493 @ 13.0344
c bounds -10852 >= -23461 @ 13.0353
c bounds -10852 >= -23429 @ 13.0354
c bounds -10852 >= -23397 @ 13.036
c bounds -10852 >= -23365 @ 13.0368
c bounds -10852 >= -23333 @ 13.0377
c bounds -10852 >= -23301 @ 13.0385
c bounds -10852 >= -23269 @ 13.0394
c bounds -10852 >= -23237 @ 13.0402
c bounds -10852 >= -23205 @ 13.0404
c bounds -10852 >= -23173 @ 13.0409
c bounds -10852 >= -23141 @ 13.0418
c bounds -10852 >= -23109 @ 13.0426
c bounds -10852 >= -23077 @ 13.0434
c bounds -10852 >= -23045 @ 13.0442
c bounds -10852 >= -23013 @ 13.0443
c bounds -10852 >= -22981 @ 13.0449
c bounds -10852 >= -22949 @ 13.0457
c bounds -10852 >= -22917 @ 13.0465
c bounds -10852 >= -22885 @ 13.0473
c bounds -10852 >= -22853 @ 13.0473
c bounds -10852 >= -22821 @ 13.0479
c bounds -10852 >= -22789 @ 13.0487
c bounds -10852 >= -22757 @ 13.0495
c bounds -10852 >= -22725 @ 13.0502
c bounds -10852 >= -22693 @ 13.051
c bounds -10852 >= -22661 @ 13.0518
c bounds -10852 >= -22629 @ 13.0526
c bounds -10852 >= -22597 @ 13.0534
c bounds -10852 >= -22565 @ 13.0542
c bounds -10852 >= -22533 @ 13.0543
c bounds -10852 >= -22501 @ 13.0548
c bounds -10852 >= -22469 @ 13.0556
c bounds -10852 >= -22437 @ 13.0563
c bounds -10852 >= -22405 @ 13.0571
c bounds -10852 >= -22373 @ 13.0573
c bounds -10852 >= -22341 @ 13.0577
c bounds -10852 >= -22309 @ 13.0585
c bounds -10852 >= -22277 @ 13.0592
c bounds -10852 >= -22245 @ 13.06
c bounds -10852 >= -22213 @ 13.0608
c bounds -10852 >= -22181 @ 13.0616
c bounds -10852 >= -22149 @ 13.0623
c bounds -10852 >= -22117 @ 13.0631
c bounds -10852 >= -22085 @ 13.0638
c bounds -10852 >= -22053 @ 13.0646
c bounds -10852 >= -22021 @ 13.0653
c bounds -10852 >= -21989 @ 13.0661
c bounds -10852 >= -21957 @ 13.0663
c bounds -10852 >= -21925 @ 13.0666
c bounds -10852 >= -21893 @ 13.0674
c bounds -10852 >= -21861 @ 13.0681
c bounds -10852 >= -21829 @ 13.0689
c bounds -10852 >= -21797 @ 13.0696
c bounds -10852 >= -21765 @ 13.0704
c bounds -10852 >= -21733 @ 13.0711
c bounds -10852 >= -21701 @ 13.0718
c bounds -10852 >= -21669 @ 13.0726
c bounds -10852 >= -21637 @ 13.0733
c bounds -10852 >= -21621 @ 13.0741
c bounds -10852 >= -21605 @ 13.0742
c bounds -10852 >= -21573 @ 13.0747
c bounds -10852 >= -21541 @ 13.0755
c bounds -10852 >= -21509 @ 13.0762
c bounds -10852 >= -21477 @ 13.0769
c bounds -10852 >= -21445 @ 13.0777
c bounds -10852 >= -21413 @ 13.0784
c bounds -10852 >= -21381 @ 13.0792
c bounds -10852 >= -21349 @ 13.0799
c bounds -10852 >= -21317 @ 13.0806
c bounds -10852 >= -21301 @ 13.0814
c bounds -10852 >= -21269 @ 13.0822
c bounds -10852 >= -21237 @ 13.0829
c bounds -10852 >= -21205 @ 13.0837
c bounds -10852 >= -21173 @ 13.0844
c bounds -10852 >= -21141 @ 13.0852
c bounds -10852 >= -21109 @ 13.0859
c bounds -10852 >= -21077 @ 13.0866
c bounds -10852 >= -21045 @ 13.0874
c bounds -10852 >= -21013 @ 13.0881
c bounds -10852 >= -20981 @ 13.0888
c bounds -10852 >= -20949 @ 13.0896
c bounds -10852 >= -20917 @ 13.0903
c bounds -10852 >= -20885 @ 13.091
c bounds -10852 >= -20853 @ 13.0917
c bounds -10852 >= -20821 @ 13.0925
c bounds -10852 >= -20805 @ 13.0932
c bounds -10852 >= -20789 @ 13.094
c bounds -10852 >= -20773 @ 13.0947
c bounds -10852 >= -20741 @ 13.0954
c bounds -10852 >= -20709 @ 13.096
c bounds -10852 >= -20677 @ 13.0967
c bounds -10852 >= -20645 @ 13.0974
c bounds -10852 >= -20613 @ 13.0981
c bounds -10852 >= -20581 @ 13.0981
c bounds -10852 >= -20549 @ 13.0985
c bounds -10852 >= -20517 @ 13.0991
c bounds -10852 >= -20485 @ 13.0991
c bounds -10852 >= -20453 @ 13.0994
c bounds -10852 >= -20421 @ 13.1
c bounds -10852 >= -20389 @ 13.1007
c bounds -10852 >= -20357 @ 13.1014
c bounds -10852 >= -20325 @ 13.102
c bounds -10852 >= -20293 @ 13.1027
c bounds -10852 >= -20261 @ 13.1033
c bounds -10852 >= -20229 @ 13.1039
c bounds -10852 >= -20197 @ 13.1046
c bounds -10852 >= -20165 @ 13.1052
c bounds -10852 >= -20133 @ 13.1059
c bounds -10852 >= -20101 @ 13.1066
c bounds -10852 >= -20069 @ 13.1072
c bounds -10852 >= -20037 @ 13.1078
c bounds -10852 >= -20005 @ 13.1085
c bounds -10852 >= -19973 @ 13.1091
c bounds -10852 >= -19941 @ 13.1097
c bounds -10852 >= -19909 @ 13.1104
c bounds -10852 >= -19877 @ 13.111
c bounds -10852 >= -19845 @ 13.1111
c bounds -10852 >= -19813 @ 13.1113
c bounds -10852 >= -19797 @ 13.112
c bounds -10852 >= -19781 @ 13.1163
c bounds -10852 >= -19765 @ 13.1186
c bounds -10852 >= -19749 @ 13.1196
c bounds -10852 >= -19733 @ 13.1219
c bounds -10852 >= -19717 @ 13.1246
c bounds -10852 >= -19696 @ 13.1362
c bounds -10852 >= -19680 @ 13.1383
c bounds -10852 >= -19664 @ 13.1431
c bounds -10852 >= -19648 @ 13.1472
c bounds -10852 >= -19632 @ 13.149
c #Conflicts:      16000 | #Constraints:      31346
c #Conflicts:      17000 | #Constraints:      32346
c #Conflicts:      18000 | #Constraints:      33346
c INPROCESSING
c GARBAGE COLLECT
c bounds -10853 >= -19632 @ 19.0261
c bounds -10854 >= -19632 @ 19.5226
c #Conflicts:      19000 | #Constraints:      30971
c bounds -10855 >= -19632 @ 20.0043
c bounds -10856 >= -19632 @ 21.0278
c #Conflicts:      20000 | #Constraints:      31973
c bounds -10857 >= -19632 @ 21.2736
c #Conflicts:      21000 | #Constraints:      32974
c bounds -10858 >= -19632 @ 22.8422
c bounds -10859 >= -19632 @ 23.0359
c bounds -10860 >= -19632 @ 23.1894
c bounds -10861 >= -19632 @ 23.3137
c INPROCESSING
c GARBAGE COLLECT
c bounds -10862 >= -19632 @ 23.5263
c #Conflicts:      22000 | #Constraints:      30775
c bounds -10863 >= -19632 @ 25.0146
c #Conflicts:      23000 | #Constraints:      31776
c bounds -10864 >= -19632 @ 25.8391
c #Conflicts:      24000 | #Constraints:      32777
c #Conflicts:      25000 | #Constraints:      33777
c INPROCESSING
c GARBAGE COLLECT
c bounds -10864 >= -19614 @ 28.7382
c bounds -10864 >= -19596 @ 28.7389
c bounds -10864 >= -19587 @ 28.7396
c bounds -10864 >= -19569 @ 28.7403
c bounds -10864 >= -19551 @ 28.7411
c bounds -10864 >= -19533 @ 28.7418
c bounds -10864 >= -19515 @ 28.7425
c bounds -10864 >= -19497 @ 28.7432
c bounds -10864 >= -19479 @ 28.744
c bounds -10864 >= -19461 @ 28.7447
c bounds -10864 >= -19443 @ 28.7455
c bounds -10864 >= -19425 @ 28.7462
c bounds -10864 >= -19407 @ 28.747
c bounds -10864 >= -19389 @ 28.7477
c bounds -10864 >= -19371 @ 28.7485
c bounds -10864 >= -19353 @ 28.7494
c bounds -10864 >= -19335 @ 28.7503
c bounds -10864 >= -19317 @ 28.7512
c bounds -10864 >= -19299 @ 28.7521
c bounds -10864 >= -19281 @ 28.7533
c bounds -10864 >= -19263 @ 28.7538
c bounds -10864 >= -19245 @ 28.7548
c bounds -10864 >= -19227 @ 28.7561
c bounds -10864 >= -19209 @ 28.7574
c bounds -10864 >= -19191 @ 28.7587
c bounds -10864 >= -19173 @ 28.7599
c bounds -10864 >= -19155 @ 28.7613
c bounds -10864 >= -19137 @ 28.7617
c bounds -10864 >= -19119 @ 28.7619
c bounds -10864 >= -19101 @ 28.7632
c bounds -10864 >= -19083 @ 28.7637
c bounds -10864 >= -19065 @ 28.7649
c bounds -10864 >= -19047 @ 28.7662
c bounds -10864 >= -19029 @ 28.7676
c bounds -10864 >= -19011 @ 28.7689
c bounds -10864 >= -18993 @ 28.7703
c bounds -10864 >= -18975 @ 28.7707
c bounds -10864 >= -18957 @ 28.772
c bounds -10864 >= -18939 @ 28.7734
c bounds -10864 >= -18921 @ 28.7748
c bounds -10864 >= -18903 @ 28.7762
c bounds -10864 >= -18885 @ 28.7767
c bounds -10864 >= -18876 @ 28.7781
c bounds -10864 >= -18867 @ 28.7787
c bounds -10864 >= -18849 @ 28.7801
c bounds -10864 >= -18831 @ 28.7815
c bounds -10864 >= -18813 @ 28.783
c bounds -10864 >= -18795 @ 28.7837
c bounds -10864 >= -18777 @ 28.7849
c bounds -10864 >= -18759 @ 28.7857
c bounds -10864 >= -18741 @ 28.7868
c bounds -10864 >= -18723 @ 28.7876
c bounds -10864 >= -18705 @ 28.7886
c bounds -10864 >= -18687 @ 28.7901
c bounds -10864 >= -18669 @ 28.7915
c bounds -10864 >= -18651 @ 28.7929
c bounds -10864 >= -18633 @ 28.7936
c bounds -10864 >= -18615 @ 28.7938
c bounds -10864 >= -18597 @ 28.7952
c bounds -10864 >= -18579 @ 28.7956
c bounds -10864 >= -18561 @ 28.797
c bounds -10864 >= -18543 @ 28.7984
c bounds -10864 >= -18525 @ 28.7988
c bounds -10864 >= -18507 @ 28.8001
c bounds -10864 >= -18489 @ 28.8016
c bounds -10864 >= -18471 @ 28.803
c bounds -10864 >= -18453 @ 28.8044
c bounds -10864 >= -18435 @ 28.8058
c bounds -10864 >= -18417 @ 28.8072
c bounds -10864 >= -18399 @ 28.8085
c bounds -10864 >= -18390 @ 28.81
c bounds -10864 >= -18372 @ 28.8105
c bounds -10864 >= -18354 @ 28.8117
c bounds -10864 >= -18336 @ 28.8131
c bounds -10864 >= -18318 @ 28.8135
c bounds -10864 >= -18300 @ 28.8149
c bounds -10864 >= -18282 @ 28.8155
c bounds -10864 >= -18264 @ 28.8157
c bounds -10864 >= -18246 @ 28.817
c bounds -10864 >= -18228 @ 28.8184
c bounds -10864 >= -18210 @ 28.8188
c bounds -10864 >= -18192 @ 28.8201
c bounds -10864 >= -18174 @ 28.8206
c bounds -10864 >= -18156 @ 28.8219
c bounds -10864 >= -18138 @ 28.8225
c bounds -10864 >= -18120 @ 28.8236
c bounds -10864 >= -18102 @ 28.825
c bounds -10864 >= -18084 @ 28.8255
c bounds -10864 >= -18066 @ 28.8267
c bounds -10864 >= -18048 @ 28.828
c bounds -10864 >= -18030 @ 28.8285
c bounds -10864 >= -18012 @ 28.8287
c bounds -10864 >= -17994 @ 28.83
c bounds -10864 >= -17976 @ 28.8305
c bounds -10864 >= -17958 @ 28.8308
c bounds -10864 >= -17940 @ 28.8315
c bounds -10864 >= -17922 @ 28.8324
c bounds -10864 >= -17913 @ 28.8337
c bounds -10864 >= -17895 @ 28.8345
c bounds -10864 >= -17877 @ 28.8354
c bounds -10864 >= -17859 @ 28.8368
c bounds -10864 >= -17841 @ 28.8381
c bounds -10864 >= -17823 @ 28.8385
c bounds -10864 >= -17805 @ 28.8398
c bounds -10864 >= -17787 @ 28.8404
c bounds -10864 >= -17769 @ 28.8414
c bounds -10864 >= -17751 @ 28.8427
c bounds -10864 >= -17733 @ 28.844
c bounds -10864 >= -17715 @ 28.8454
c bounds -10864 >= -17697 @ 28.8467
c bounds -10864 >= -17679 @ 28.848
c bounds -10864 >= -17661 @ 28.8484
c bounds -10864 >= -17643 @ 28.8487
c bounds -10864 >= -17625 @ 28.85
c bounds -10864 >= -17607 @ 28.8504
c bounds -10864 >= -17589 @ 28.8516
c bounds -10864 >= -17571 @ 28.8529
c bounds -10864 >= -17553 @ 28.8534
c bounds -10864 >= -17535 @ 28.8535
c bounds -10864 >= -17517 @ 28.8548
c bounds -10864 >= -17499 @ 28.856
c bounds -10864 >= -17481 @ 28.8564
c bounds -10864 >= -17463 @ 28.8576
c bounds -10864 >= -17445 @ 28.8589
c bounds -10864 >= -17427 @ 28.8594
c bounds -10864 >= -17409 @ 28.8604
c bounds -10864 >= -17391 @ 28.8617
c bounds -10864 >= -17373 @ 28.8623
c bounds -10864 >= -17355 @ 28.8624
c bounds -10864 >= -17337 @ 28.8636
c bounds -10864 >= -17319 @ 28.8649
c bounds -10864 >= -17301 @ 28.8662
c bounds -10864 >= -17283 @ 28.8675
c bounds -10864 >= -17265 @ 28.8687
c bounds -10864 >= -17247 @ 28.8693
c bounds -10864 >= -17229 @ 28.8702
c bounds -10864 >= -17211 @ 28.8715
c bounds -10864 >= -17193 @ 28.8727
c bounds -10864 >= -17175 @ 28.874
c bounds -10864 >= -17157 @ 28.8743
c bounds -10864 >= -17139 @ 28.8755
c bounds -10864 >= -17121 @ 28.8768
c bounds -10864 >= -17103 @ 28.878
c bounds -10864 >= -17085 @ 28.8793
c bounds -10864 >= -17067 @ 28.8805
c bounds -10864 >= -17049 @ 28.8818
c bounds -10864 >= -17031 @ 28.8823
c bounds -10864 >= -17013 @ 28.8832
c bounds -10864 >= -16995 @ 28.8845
c bounds -10864 >= -16977 @ 28.8857
c bounds -10864 >= -16959 @ 28.8869
c bounds -10864 >= -16941 @ 28.8873
c bounds -10864 >= -16923 @ 28.8874
c bounds -10864 >= -16905 @ 28.8886
c bounds -10864 >= -16887 @ 28.8898
c bounds -10864 >= -16869 @ 28.891
c bounds -10864 >= -16851 @ 28.8912
c bounds -10864 >= -16833 @ 28.8925
c bounds -10864 >= -16815 @ 28.8937
c bounds -10864 >= -16797 @ 28.8948
c bounds -10864 >= -16779 @ 28.896
c bounds -10864 >= -16761 @ 28.8963
c bounds -10864 >= -16743 @ 28.8975
c bounds -10864 >= -16725 @ 28.8987
c bounds -10864 >= -16707 @ 28.8999
c bounds -10864 >= -16689 @ 28.9011
c bounds -10864 >= -16671 @ 28.9023
c bounds -10864 >= -16653 @ 28.9035
c bounds -10864 >= -16635 @ 28.9047
c bounds -10864 >= -16617 @ 28.9058
c bounds -10864 >= -16599 @ 28.907
c bounds -10864 >= -16581 @ 28.9072
c bounds -10864 >= -16563 @ 28.9084
c bounds -10864 >= -16545 @ 28.9096
c bounds -10864 >= -16527 @ 28.9107
c bounds -10864 >= -16509 @ 28.9119
c bounds -10864 >= -16491 @ 28.9122
c bounds -10864 >= -16473 @ 28.9132
c bounds -10864 >= -16455 @ 28.9144
c bounds -10864 >= -16437 @ 28.9156
c bounds -10864 >= -16419 @ 28.9161
c bounds -10864 >= -16401 @ 28.9161
c bounds -10864 >= -16383 @ 28.9171
c bounds -10864 >= -16365 @ 28.9182
c bounds -10864 >= -16347 @ 28.9194
c bounds -10864 >= -16329 @ 28.9206
c bounds -10864 >= -16311 @ 28.9217
c bounds -10864 >= -16293 @ 28.9221
c bounds -10864 >= -16275 @ 28.923
c bounds -10864 >= -16257 @ 28.9241
c bounds -10864 >= -16239 @ 28.9253
c bounds -10864 >= -16221 @ 28.9264
c bounds -10864 >= -16203 @ 28.9276
c bounds -10864 >= -16185 @ 28.9281
c bounds -10864 >= -16167 @ 28.9281
c bounds -10864 >= -16149 @ 28.9289
c bounds -10864 >= -16131 @ 28.9291
c bounds -10864 >= -16113 @ 28.9302
c bounds -10864 >= -16095 @ 28.9314
c bounds -10864 >= -16077 @ 28.9325
c bounds -10864 >= -16059 @ 28.9336
c bounds -10864 >= -16041 @ 28.9347
c bounds -10864 >= -16023 @ 28.9358
c bounds -10864 >= -16005 @ 28.9369
c bounds -10864 >= -15987 @ 28.9371
c bounds -10864 >= -15969 @ 28.9382
c bounds -10864 >= -15951 @ 28.9393
c bounds -10864 >= -15933 @ 28.9403
c bounds -10864 >= -15915 @ 28.9415
c bounds -10864 >= -15897 @ 28.9425
c bounds -10864 >= -15879 @ 28.9437
c bounds -10864 >= -15870 @ 28.9447
c bounds -10864 >= -15852 @ 28.9458
c bounds -10864 >= -15834 @ 28.9469
c bounds -10864 >= -15816 @ 28.9471
c bounds -10864 >= -15798 @ 28.9481
c bounds -10864 >= -15780 @ 28.9492
c bounds -10864 >= -15762 @ 28.9503
c bounds -10864 >= -15744 @ 28.9514
c bounds -10864 >= -15726 @ 28.9525
c bounds -10864 >= -15708 @ 28.953
c bounds -10864 >= -15690 @ 28.953
c bounds -10864 >= -15672 @ 28.953
c bounds -10864 >= -15654 @ 28.9538
c bounds -10864 >= -15636 @ 28.954
c bounds -10864 >= -15618 @ 28.9549
c bounds -10864 >= -15600 @ 28.956
c bounds -10864 >= -15582 @ 28.9571
c bounds -10864 >= -15564 @ 28.9581
c bounds -10864 >= -15546 @ 28.9592
c bounds -10864 >= -15528 @ 28.9603
c bounds -10864 >= -15510 @ 28.9613
c bounds -10864 >= -15492 @ 28.9624
c bounds -10864 >= -15474 @ 28.9634
c bounds -10864 >= -15456 @ 28.9645
c bounds -10864 >= -15438 @ 28.965
c bounds -10864 >= -15420 @ 28.965
c bounds -10864 >= -15402 @ 28.9656
c bounds -10864 >= -15384 @ 28.9667
c bounds -10864 >= -15366 @ 28.9677
c bounds -10864 >= -15348 @ 28.9679
c bounds -10864 >= -15330 @ 28.9688
c bounds -10864 >= -15312 @ 28.9689
c bounds -10864 >= -15294 @ 28.9689
c bounds -10864 >= -15276 @ 28.9689
c bounds -10864 >= -15258 @ 28.9699
c bounds -10864 >= -15240 @ 28.9709
c bounds -10864 >= -15222 @ 28.9719
c bounds -10864 >= -15204 @ 28.9729
c bounds -10864 >= -15186 @ 28.974
c bounds -10864 >= -15168 @ 28.975
c bounds -10864 >= -15159 @ 28.9761
c bounds -10864 >= -15141 @ 28.9771
c bounds -10864 >= -15123 @ 28.9781
c bounds -10864 >= -15105 @ 28.9791
c bounds -10864 >= -15087 @ 28.9802
c bounds -10864 >= -15069 @ 28.9812
c bounds -10864 >= -15051 @ 28.9822
c bounds -10864 >= -15033 @ 28.9833
c bounds -10864 >= -15015 @ 28.9843
c bounds -10864 >= -14997 @ 28.9853
c bounds -10864 >= -14979 @ 28.9863
c bounds -10864 >= -14961 @ 28.9873
c bounds -10864 >= -14943 @ 28.9883
c bounds -10864 >= -14925 @ 28.9893
c bounds -10864 >= -14907 @ 28.9903
c bounds -10864 >= -14889 @ 28.9913
c bounds -10864 >= -14871 @ 28.9923
c bounds -10864 >= -14853 @ 28.9933
c bounds -10864 >= -14835 @ 28.9943
c bounds -10864 >= -14817 @ 28.9953
c bounds -10864 >= -14799 @ 28.9963
c bounds -10864 >= -14781 @ 28.9973
c bounds -10864 >= -14763 @ 28.9982
c bounds -10864 >= -14745 @ 28.9992
c bounds -10864 >= -14727 @ 29.0002
c bounds -10864 >= -14709 @ 29.0012
c bounds -10864 >= -14691 @ 29.0022
c bounds -10864 >= -14673 @ 29.0032
c bounds -10864 >= -14655 @ 29.0042
c bounds -10864 >= -14637 @ 29.0051
c bounds -10864 >= -14619 @ 29.0061
c bounds -10864 >= -14601 @ 29.0071
c bounds -10864 >= -14592 @ 29.008
c bounds -10864 >= -14574 @ 29.009
c bounds -10864 >= -14556 @ 29.01
c bounds -10864 >= -14538 @ 29.0109
c bounds -10864 >= -14520 @ 29.0119
c bounds -10864 >= -14502 @ 29.0128
c bounds -10864 >= -14484 @ 29.0138
c bounds -10864 >= -14466 @ 29.0148
c bounds -10864 >= -14448 @ 29.0157
c bounds -10864 >= -14430 @ 29.0158
c bounds -10864 >= -14412 @ 29.0158
c bounds -10864 >= -14394 @ 29.0166
c bounds -10864 >= -14376 @ 29.0168
c bounds -10864 >= -14358 @ 29.0175
c bounds -10864 >= -14340 @ 29.0184
c bounds -10864 >= -14322 @ 29.0193
c bounds -10864 >= -14304 @ 29.0202
c bounds -10864 >= -14286 @ 29.0212
c bounds -10864 >= -14268 @ 29.0221
c bounds -10864 >= -14250 @ 29.023
c bounds -10864 >= -14232 @ 29.0239
c bounds -10864 >= -14214 @ 29.0248
c bounds -10864 >= -14196 @ 29.0257
c bounds -10864 >= -14178 @ 29.0266
c bounds -10864 >= -14160 @ 29.0275
c bounds -10864 >= -14142 @ 29.0277
c bounds -10864 >= -14124 @ 29.0277
c bounds -10864 >= -14106 @ 29.0283
c bounds -10864 >= -14088 @ 29.0291
c bounds -10864 >= -14070 @ 29.03
c bounds -10864 >= -14052 @ 29.0309
c bounds -10864 >= -14034 @ 29.0318
c bounds -10864 >= -14016 @ 29.0327
c bounds -10864 >= -13998 @ 29.0336
c bounds -10864 >= -13980 @ 29.0345
c bounds -10864 >= -13962 @ 29.0347
c bounds -10864 >= -13944 @ 29.0352
c bounds -10864 >= -13926 @ 29.0361
c bounds -10864 >= -13908 @ 29.037
c bounds -10864 >= -13890 @ 29.0379
c bounds -10864 >= -13872 @ 29.0388
c bounds -10864 >= -13854 @ 29.0396
c bounds -10864 >= -13836 @ 29.0405
c bounds -10864 >= -13818 @ 29.0407
c bounds -10864 >= -13800 @ 29.0412
c bounds -10864 >= -13782 @ 29.0421
c bounds -10864 >= -13764 @ 29.043
c bounds -10864 >= -13746 @ 29.0439
c bounds -10864 >= -13728 @ 29.0447
c bounds -10864 >= -13710 @ 29.0456
c bounds -10864 >= -13692 @ 29.0457
c bounds -10864 >= -13674 @ 29.0463
c bounds -10864 >= -13656 @ 29.0472
c bounds -10864 >= -13638 @ 29.048
c bounds -10864 >= -13620 @ 29.0489
c bounds -10864 >= -13602 @ 29.0498
c bounds -10864 >= -13584 @ 29.0506
c bounds -10864 >= -13566 @ 29.0506
c bounds -10864 >= -13548 @ 29.0506
c bounds -10864 >= -13530 @ 29.0512
c bounds -10864 >= -13512 @ 29.052
c bounds -10864 >= -13494 @ 29.0528
c bounds -10864 >= -13476 @ 29.0536
c bounds -10864 >= -13458 @ 29.0536
c bounds -10864 >= -13440 @ 29.0536
c bounds -10864 >= -13422 @ 29.0541
c bounds -10864 >= -13404 @ 29.0549
c bounds -10864 >= -13386 @ 29.0558
c bounds -10864 >= -13368 @ 29.0565
c bounds -10864 >= -13350 @ 29.0566
c bounds -10864 >= -13332 @ 29.0572
c bounds -10864 >= -13314 @ 29.058
c bounds -10864 >= -13296 @ 29.0588
c bounds -10864 >= -13278 @ 29.0596
c bounds -10864 >= -13260 @ 29.0604
c bounds -10864 >= -13242 @ 29.0612
c bounds -10864 >= -13224 @ 29.062
c bounds -10864 >= -13206 @ 29.0628
c bounds -10864 >= -13188 @ 29.0636
c bounds -10864 >= -13170 @ 29.0644
c bounds -10864 >= -13152 @ 29.0651
c bounds -10864 >= -13134 @ 29.066
c bounds -10864 >= -13116 @ 29.0667
c bounds -10864 >= -13098 @ 29.0675
c bounds -10864 >= -13080 @ 29.0683
c bounds -10864 >= -13062 @ 29.0691
c bounds -10864 >= -13044 @ 29.0699
c bounds -10864 >= -13026 @ 29.0707
c bounds -10864 >= -13008 @ 29.0714
c bounds -10864 >= -12990 @ 29.0716
c bounds -10864 >= -12972 @ 29.072
c bounds -10864 >= -12954 @ 29.0728
c bounds -10864 >= -12936 @ 29.0735
c bounds -10864 >= -12918 @ 29.0743
c bounds -10864 >= -12900 @ 29.0751
c bounds -10864 >= -12882 @ 29.0758
c bounds -10864 >= -12864 @ 29.0766
c bounds -10864 >= -12846 @ 29.0773
c bounds -10864 >= -12828 @ 29.0775
c bounds -10864 >= -12810 @ 29.0779
c bounds -10864 >= -12792 @ 29.0786
c bounds -10864 >= -12774 @ 29.0793
c bounds -10864 >= -12756 @ 29.0801
c bounds -10864 >= -12738 @ 29.0808
c bounds -10864 >= -12720 @ 29.0816
c bounds -10864 >= -12702 @ 29.0823
c bounds -10864 >= -12684 @ 29.083
c bounds -10864 >= -12666 @ 29.0838
c bounds -10864 >= -12648 @ 29.0845
c bounds -10864 >= -12630 @ 29.0852
c bounds -10864 >= -12612 @ 29.086
c bounds -10864 >= -12603 @ 29.0867
c bounds -10864 >= -12585 @ 29.0875
c bounds -10864 >= -12567 @ 29.0875
c bounds -10864 >= -12549 @ 29.0879
c bounds -10864 >= -12531 @ 29.0886
c bounds -10864 >= -12513 @ 29.0893
c bounds -10864 >= -12495 @ 29.0901
c bounds -10864 >= -12486 @ 29.0908
c bounds -10864 >= -12477 @ 29.0916
c bounds -10864 >= -12468 @ 29.0924
c bounds -10864 >= -12450 @ 29.0925
c bounds -10864 >= -12432 @ 29.093
c bounds -10864 >= -12414 @ 29.0937
c bounds -10864 >= -12396 @ 29.0944
c bounds -10864 >= -12378 @ 29.0945
c bounds -10864 >= -12360 @ 29.095
c bounds -10864 >= -12342 @ 29.0957
c bounds -10864 >= -12324 @ 29.0964
c bounds -10864 >= -12306 @ 29.0972
c bounds -10864 >= -12297 @ 29.098
c bounds -10864 >= -12279 @ 29.0987
c bounds -10864 >= -12261 @ 29.0995
c bounds -10864 >= -12243 @ 29.1002
c bounds -10864 >= -12225 @ 29.1009
c bounds -10864 >= -12207 @ 29.1016
c bounds -10864 >= -12189 @ 29.1023
c bounds -10864 >= -12171 @ 29.1024
c bounds -10864 >= -12153 @ 29.1028
c bounds -10864 >= -12135 @ 29.1035
c bounds -10864 >= -12117 @ 29.1042
c bounds -10864 >= -12099 @ 29.1049
c bounds -10864 >= -12081 @ 29.1056
c bounds -10864 >= -12072 @ 29.1063
c bounds -10864 >= -12063 @ 29.107
c bounds -10864 >= -12054 @ 29.1078
c bounds -10864 >= -12045 @ 29.1084
c bounds -10864 >= -12027 @ 29.1091
c bounds -10864 >= -12009 @ 29.1098
c bounds -10864 >= -11991 @ 29.1104
c bounds -10864 >= -11973 @ 29.1111
c bounds -10864 >= -11955 @ 29.1117
c bounds -10864 >= -11937 @ 29.1124
c bounds -10864 >= -11919 @ 29.113
c bounds -10864 >= -11901 @ 29.1137
c bounds -10864 >= -11883 @ 29.1143
c bounds -10864 >= -11865 @ 29.115
c bounds -10864 >= -11847 @ 29.1156
c bounds -10864 >= -11829 @ 29.1162
c bounds -10864 >= -11811 @ 29.1169
c bounds -10864 >= -11793 @ 29.1175
c bounds -10864 >= -11775 @ 29.1182
c bounds -10864 >= -11757 @ 29.1188
c bounds -10864 >= -11739 @ 29.1195
c bounds -10864 >= -11721 @ 29.1201
c bounds -10864 >= -11703 @ 29.1208
c bounds -10864 >= -11685 @ 29.1214
c bounds -10864 >= -11667 @ 29.1221
c bounds -10864 >= -11649 @ 29.1227
c bounds -10864 >= -11631 @ 29.1233
c bounds -10864 >= -11613 @ 29.124
c bounds -10864 >= -11595 @ 29.1246
c bounds -10864 >= -11586 @ 29.1254
c bounds -10864 >= -11577 @ 29.1285
c bounds -10864 >= -11568 @ 29.1308
c bounds -10864 >= -11559 @ 29.1323
c bounds -10864 >= -11550 @ 29.1346
c bounds -10864 >= -11541 @ 29.1388
c bounds -10864 >= -11532 @ 29.1417
c bounds -10864 >= -11523 @ 29.1449
c bounds -10864 >= -11514 @ 29.1469
c #Conflicts:      26000 | #Constraints:      32791
c #Conflicts:      27000 | #Constraints:      33791
c bounds -10864 >= -11505 @ 30.9603
c #Conflicts:      28000 | #Constraints:      34797
c #Conflicts:      29000 | #Constraints:      35797
c INPROCESSING
c GARBAGE COLLECT
c #Conflicts:      30000 | #Constraints:      32844
c bounds -10864 >= -11496 @ 36.4788
c bounds -10865 >= -11496 @ 36.6389
c bounds -10866 >= -11496 @ 36.7299
c #Conflicts:      31000 | #Constraints:      33852
c bounds -10867 >= -11496 @ 37.7216
c bounds -10873 >= -11496 @ 38.0704
c #Conflicts:      32000 | #Constraints:      34854
c bounds -10874 >= -11496 @ 38.2629
c bounds -10875 >= -11496 @ 38.4505
c bounds -10876 >= -11496 @ 38.8092
c bounds -10877 >= -11496 @ 38.9642
c #Conflicts:      33000 | #Constraints:      35858
c INPROCESSING
c GARBAGE COLLECT
c #Conflicts:      34000 | #Constraints:      33016
c #Conflicts:      35000 | #Constraints:      34016
c #Conflicts:      36000 | #Constraints:      35016
c #Conflicts:      37000 | #Constraints:      36016
c INPROCESSING
c GARBAGE COLLECT
c bounds -10878 >= -11496 @ 52.7475
c bounds -10879 >= -11496 @ 52.7767
c bounds -10880 >= -11496 @ 52.9077
c bounds -10881 >= -11496 @ 52.9446
c bounds -10882 >= -11496 @ 53.0307
c #Conflicts:      38000 | #Constraints:      33195
c bounds -10884 >= -11496 @ 53.3206
c bounds -10885 >= -11496 @ 53.3738
c bounds -10886 >= -11496 @ 53.4051
c bounds -10887 >= -11496 @ 53.4898
c bounds -10888 >= -11496 @ 53.6008
c bounds -10889 >= -11496 @ 54.5608
c #Conflicts:      39000 | #Constraints:      34201
c #Conflicts:      40000 | #Constraints:      35201
c #Conflicts:      41000 | #Constraints:      36201
c INPROCESSING
c GARBAGE COLLECT
c bounds -10905 >= -11496 @ 58.0223
c #Conflicts:      42000 | #Constraints:      32869
c bounds -10906 >= -11496 @ 58.174
c #Conflicts:      43000 | #Constraints:      33870
c #Conflicts:      44000 | #Constraints:      34870
c bounds -10907 >= -11496 @ 58.968
c #Conflicts:      45000 | #Constraints:      35871
c bounds -10908 >= -11496 @ 59.8733
c #Conflicts:      46000 | #Constraints:      36872
c INPROCESSING
c GARBAGE COLLECT
c bounds -10909 >= -11496 @ 60.6209
c bounds -10910 >= -11496 @ 60.7467
c bounds -10911 >= -11496 @ 60.9566
c bounds -10912 >= -11496 @ 61.109
c bounds -10913 >= -11496 @ 61.245
c bounds -10914 >= -11496 @ 61.362
c bounds -10915 >= -11496 @ 61.4725
c bounds -10916 >= -11496 @ 61.6213
c #Conflicts:      47000 | #Constraints:      33482
c #Conflicts:      48000 | #Constraints:      34482
c bounds -10917 >= -11496 @ 62.1601
c bounds -10918 >= -11496 @ 62.2893
c #Conflicts:      49000 | #Constraints:      35484
c bounds -10919 >= -11496 @ 63.0819
c #Conflicts:      50000 | #Constraints:      36485
c bounds -10921 >= -11496 @ 64.6566
c bounds -10922 >= -11496 @ 65.2207
c #Conflicts:      51000 | #Constraints:      37487
c INPROCESSING
c GARBAGE COLLECT
c #Conflicts:      52000 | #Constraints:      33838
c bounds -10923 >= -11496 @ 65.8643
c bounds -10924 >= -11496 @ 66.0608
c bounds -10925 >= -11496 @ 66.182
c #Conflicts:      53000 | #Constraints:      34841
c bounds -10926 >= -11496 @ 66.4373
c bounds -10927 >= -11496 @ 66.6114
c bounds -10928 >= -11496 @ 66.7529
c bounds -10929 >= -11496 @ 66.9158
c bounds -10930 >= -11496 @ 67.037
c bounds -10931 >= -11496 @ 67.1585
c bounds -10932 >= -11496 @ 67.2916
c bounds -10933 >= -11496 @ 67.8366
c bounds -10934 >= -11496 @ 67.9726
c #Conflicts:      54000 | #Constraints:      35850
c bounds -10935 >= -11496 @ 68.1343
c bounds -10936 >= -11496 @ 68.3046
c bounds -10937 >= -11496 @ 68.5165
c #Conflicts:      55000 | #Constraints:      36853
c #Conflicts:      56000 | #Constraints:      37853
c INPROCESSING
c GARBAGE COLLECT
c bounds -10938 >= -11496 @ 70.731
c #Conflicts:      57000 | #Constraints:      34083
c bounds -10939 >= -11496 @ 70.9963
c bounds -10940 >= -11496 @ 71.4021
c bounds -10941 >= -11496 @ 72.0204
c #Conflicts:      58000 | #Constraints:      35086
c bounds -10942 >= -11496 @ 72.325
c bounds -10943 >= -11496 @ 72.7665
c #Conflicts:      59000 | #Constraints:      36088
c #Conflicts:      60000 | #Constraints:      37088
c #Conflicts:      61000 | #Constraints:      38088
c INPROCESSING
c GARBAGE COLLECT
c bounds -10944 >= -11496 @ 74.4986
c #Conflicts:      62000 | #Constraints:      34085
c #Conflicts:      63000 | #Constraints:      35085
c #Conflicts:      64000 | #Constraints:      36085
c #Conflicts:      65000 | #Constraints:      37085
c bounds -10945 >= -11496 @ 79.2534
c bounds -10946 >= -11496 @ 79.5586
c #Conflicts:      66000 | #Constraints:      38087
c INPROCESSING
c GARBAGE COLLECT
c bounds -10947 >= -11496 @ 81.0683
c bounds -10948 >= -11496 @ 81.231
c bounds -10948 >= -11488 @ 81.2336
c bounds -10948 >= -11481 @ 81.2366
c bounds -10948 >= -11474 @ 81.2455
c #Conflicts:      67000 | #Constraints:      33946
c #Conflicts:      68000 | #Constraints:      34946
c #Conflicts:      69000 | #Constraints:      35946
c #Conflicts:      70000 | #Constraints:      36946
c #Conflicts:      71000 | #Constraints:      37946
c #Conflicts:      72000 | #Constraints:      38946
c INPROCESSING
c GARBAGE COLLECT
c bounds -10949 >= -11474 @ 93.6287
c #Conflicts:      73000 | #Constraints:      34727
c bounds -10951 >= -11474 @ 95.0511
c bounds -10952 >= -11474 @ 95.4263
c #Conflicts:      74000 | #Constraints:      35729
c #Conflicts:      75000 | #Constraints:      36729
c #Conflicts:      76000 | #Constraints:      37729
c #Conflicts:      77000 | #Constraints:      38729
c #Conflicts:      78000 | #Constraints:      39729
c INPROCESSING
c GARBAGE COLLECT
c bounds -10953 >= -11474 @ 104.062
c bounds -10954 >= -11474 @ 104.225
c #Conflicts:      79000 | #Constraints:      35074
c #Conflicts:      80000 | #Constraints:      36074
c #Conflicts:      81000 | #Constraints:      37074
c #Conflicts:      82000 | #Constraints:      38074
c #Conflicts:      83000 | #Constraints:      39074
c #Conflicts:      84000 | #Constraints:      40074
c INPROCESSING
c GARBAGE COLLECT
c bounds -10954 >= -11469 @ 115.335
c bounds -10954 >= -11464 @ 115.342
c bounds -10954 >= -11459 @ 115.347
c bounds -10954 >= -11454 @ 115.351
c bounds -10954 >= -11449 @ 115.359
c bounds -10954 >= -11444 @ 115.364
c bounds -10954 >= -11439 @ 115.378
c bounds -10954 >= -11434 @ 115.508
c bounds -10954 >= -11429 @ 115.516
c #Conflicts:      85000 | #Constraints:      35301
c #Conflicts:      86000 | #Constraints:      36301
c #Conflicts:      87000 | #Constraints:      37301
c #Conflicts:      88000 | #Constraints:      38301
c #Conflicts:      89000 | #Constraints:      39301
c #Conflicts:      90000 | #Constraints:      40301
c INPROCESSING
c GARBAGE COLLECT
c bounds -10955 >= -11429 @ 133.06
c #Conflicts:      91000 | #Constraints:      35456
c #Conflicts:      92000 | #Constraints:      36456
c #Conflicts:      93000 | #Constraints:      37456
c bounds -10956 >= -11429 @ 134.579
c #Conflicts:      94000 | #Constraints:      38457
c bounds -10957 >= -11429 @ 135.013
c #Conflicts:      95000 | #Constraints:      39458
c #Conflicts:      96000 | #Constraints:      40458
c INPROCESSING
c GARBAGE COLLECT
c bounds -10958 >= -11429 @ 136.152
c #Conflicts:      97000 | #Constraints:      35108
c #Conflicts:      98000 | #Constraints:      36108
c #Conflicts:      99000 | #Constraints:      37108
c #Conflicts:     100000 | #Constraints:      38108
c #Conflicts:     101000 | #Constraints:      39108
c #Conflicts:     102000 | #Constraints:      40108
c bounds -10970 >= -11429 @ 140.612
c #Conflicts:     103000 | #Constraints:      41109
c bounds -10971 >= -11429 @ 140.87
c INPROCESSING
c GARBAGE COLLECT
c bounds -10972 >= -11429 @ 141.038
c bounds -10973 >= -11429 @ 141.168
c bounds -10974 >= -11429 @ 141.337
c bounds -10975 >= -11429 @ 141.447
c #Conflicts:     104000 | #Constraints:      35675
c bounds -10976 >= -11429 @ 142.157
c #Conflicts:     105000 | #Constraints:      36676
c bounds -10977 >= -11429 @ 142.61
c bounds -10978 >= -11429 @ 143.48
c #Conflicts:     106000 | #Constraints:      37678
c #Conflicts:     107000 | #Constraints:      38678
c bounds -10979 >= -11429 @ 145.042
c #Conflicts:     108000 | #Constraints:      39679
c bounds -10980 >= -11429 @ 147.642
c #Conflicts:     109000 | #Constraints:      40680
c #Conflicts:     110000 | #Constraints:      41680
c INPROCESSING
c GARBAGE COLLECT
c #Conflicts:     111000 | #Constraints:      36101
c bounds -10981 >= -11429 @ 151.734
c #Conflicts:     112000 | #Constraints:      37102
c #Conflicts:     113000 | #Constraints:      38102
c bounds -10982 >= -11429 @ 154.203
c bounds -10983 >= -11429 @ 154.688
c #Conflicts:     114000 | #Constraints:      39104
c bounds -10984 >= -11429 @ 155.452
c #Conflicts:     115000 | #Constraints:      40105
c bounds -10986 >= -11429 @ 158.383
c #Conflicts:     116000 | #Constraints:      41106
c #Conflicts:     117000 | #Constraints:      42106
c INPROCESSING
c GARBAGE COLLECT
c #Conflicts:     118000 | #Constraints:      36345
c #Conflicts:     119000 | #Constraints:      37345
c #Conflicts:     120000 | #Constraints:      38345
c #Conflicts:     121000 | #Constraints:      39345
c #Conflicts:     122000 | #Constraints:      40345
c bounds -10987 >= -11429 @ 169.545
c bounds -10987 >= -11425 @ 169.553
c bounds -10987 >= -11421 @ 169.565
c bounds -10987 >= -11416 @ 169.59
c bounds -10987 >= -11412 @ 169.603
c bounds -10987 >= -11408 @ 169.698
c bounds -10987 >= -11403 @ 169.712
c bounds -10987 >= -11399 @ 169.726
c #Conflicts:     123000 | #Constraints:      41382
c bounds -10987 >= -11395 @ 169.876
c #Conflicts:     124000 | #Constraints:      42388
c INPROCESSING
c GARBAGE COLLECT
c #Conflicts:     125000 | #Constraints:      36450
c #Conflicts:     126000 | #Constraints:      37450
c #Conflicts:     127000 | #Constraints:      38450
c #Conflicts:     128000 | #Constraints:      39450
c #Conflicts:     129000 | #Constraints:      40450
c #Conflicts:     130000 | #Constraints:      41450
c #Conflicts:     131000 | #Constraints:      42450
c INPROCESSING
c GARBAGE COLLECT
c bounds -10988 >= -11395 @ 195.253
c #Conflicts:     132000 | #Constraints:      36290
c #Conflicts:     133000 | #Constraints:      37290
c bounds -10989 >= -11395 @ 197.709
c #Conflicts:     134000 | #Constraints:      38291
c bounds -10990 >= -11395 @ 199.262
c #Conflicts:     135000 | #Constraints:      39292
c #Conflicts:     136000 | #Constraints:      40292
c #Conflicts:     137000 | #Constraints:      41292
c #Conflicts:     138000 | #Constraints:      42292
c #Conflicts:     139000 | #Constraints:      43292
c INPROCESSING
c GARBAGE COLLECT
c #Conflicts:     140000 | #Constraints:      36824
c bounds -10991 >= -11395 @ 209.893
c #Conflicts:     141000 | #Constraints:      37825
c #Conflicts:     142000 | #Constraints:      38825
c #Conflicts:     143000 | #Constraints:      39825
c #Conflicts:     144000 | #Constraints:      40825
c #Conflicts:     145000 | #Constraints:      41825
c #Conflicts:     146000 | #Constraints:      42825
c bounds -10992 >= -11395 @ 213.827
c #Conflicts:     147000 | #Constraints:      43826
c INPROCESSING
c GARBAGE COLLECT
c bounds -10993 >= -11395 @ 215.219
c #Conflicts:     148000 | #Constraints:      37252
c bounds -10994 >= -11395 @ 215.777
c #Conflicts:     149000 | #Constraints:      38253
c #Conflicts:     150000 | #Constraints:      39253
c #Conflicts:     151000 | #Constraints:      40253
c #Conflicts:     152000 | #Constraints:      41253
c #Conflicts:     153000 | #Constraints:      42253
c #Conflicts:     154000 | #Constraints:      43253
c #Conflicts:     155000 | #Constraints:      44253
c INPROCESSING
c GARBAGE COLLECT
c bounds -10994 >= -11392 @ 226.452
c bounds -10994 >= -11389 @ 226.457
c bounds -10994 >= -11386 @ 226.463
c bounds -10994 >= -11383 @ 226.469
c bounds -10994 >= -11380 @ 226.477
c bounds -10994 >= -11377 @ 226.497
c bounds -10994 >= -11374 @ 226.507
c bounds -10994 >= -11371 @ 226.529
c #Conflicts:     156000 | #Constraints:      37506
c #Conflicts:     157000 | #Constraints:      38506
c #Conflicts:     158000 | #Constraints:      39506
c #Conflicts:     159000 | #Constraints:      40506
c #Conflicts:     160000 | #Constraints:      41506
c bounds -10996 >= -11371 @ 236.38
c bounds -10997 >= -11371 @ 236.698
c #Conflicts:     161000 | #Constraints:      42508
c #Conflicts:     162000 | #Constraints:      43508
c #Conflicts:     163000 | #Constraints:      44508
c INPROCESSING
c GARBAGE COLLECT
c bounds -10998 >= -11371 @ 238.146
c #Conflicts:     164000 | #Constraints:      37380
c #Conflicts:     165000 | #Constraints:      38380
c #Conflicts:     166000 | #Constraints:      39380
c bounds -10999 >= -11371 @ 240.307
c #Conflicts:     167000 | #Constraints:      40381
c bounds -11000 >= -11371 @ 243.174
c bounds -11001 >= -11371 @ 243.489
c bounds -11002 >= -11371 @ 243.864
c #Conflicts:     168000 | #Constraints:      41384
c bounds -11003 >= -11371 @ 244.069
c #Conflicts:     169000 | #Constraints:      42385
c bounds -11004 >= -11371 @ 250.78
c bounds -11004 >= -11369 @ 250.786
c bounds -11004 >= -11367 @ 250.791
c bounds -11004 >= -11365 @ 250.795
c bounds -11004 >= -11363 @ 250.804
c bounds -11004 >= -11361 @ 250.814
c bounds -11004 >= -11359 @ 250.819
c bounds -11004 >= -11357 @ 250.825
c bounds -11004 >= -11355 @ 250.832
c bounds -11004 >= -11353 @ 250.843
c bounds -11004 >= -11351 @ 250.85
c bounds -11004 >= -11349 @ 250.861
c bounds -11004 >= -11347 @ 250.873
c bounds -11004 >= -11345 @ 250.884
c #Conflicts:     170000 | #Constraints:      43533
c bounds -11004 >= -11343 @ 250.909
c bounds -11004 >= -11341 @ 250.923
c bounds -11004 >= -11339 @ 250.948
c bounds -11004 >= -11337 @ 250.966
c bounds -11004 >= -11335 @ 250.981
c bounds -11004 >= -11333 @ 250.99
c bounds -11004 >= -11331 @ 250.996
c bounds -11004 >= -11329 @ 251.109
c #Conflicts:     171000 | #Constraints:      44632
c INPROCESSING
c GARBAGE COLLECT
c #Conflicts:     172000 | #Constraints:      37478
c #Conflicts:     173000 | #Constraints:      38478
c #Conflicts:     174000 | #Constraints:      39478
c #Conflicts:     175000 | #Constraints:      40478
c #Conflicts:     176000 | #Constraints:      41478
c #Conflicts:     177000 | #Constraints:      42478
c #Conflicts:     178000 | #Constraints:      43478
c #Conflicts:     179000 | #Constraints:      44478
c #Conflicts:     180000 | #Constraints:      45478
c INPROCESSING
c GARBAGE COLLECT
c bounds -11005 >= -11329 @ 270.54
c bounds -11006 >= -11329 @ 270.606
c bounds -11007 >= -11329 @ 270.664
c bounds -11008 >= -11329 @ 270.814
c #Conflicts:     181000 | #Constraints:      38114
c #Conflicts:     182000 | #Constraints:      39114
c #Conflicts:     183000 | #Constraints:      40114
c #Conflicts:     184000 | #Constraints:      41114
c #Conflicts:     185000 | #Constraints:      42114
c bounds -11016 >= -11329 @ 273.751
c #Conflicts:     186000 | #Constraints:      43115
c #Conflicts:     187000 | #Constraints:      44115
c #Conflicts:     188000 | #Constraints:      45115
c #Conflicts:     189000 | #Constraints:      46115
c INPROCESSING
c GARBAGE COLLECT
c bounds -11020 >= -11329 @ 277.998
c #Conflicts:     190000 | #Constraints:      38466
c bounds -11021 >= -11329 @ 278.214
c #Conflicts:     191000 | #Constraints:      39467
c bounds -11022 >= -11329 @ 279.615
c #Conflicts:     192000 | #Constraints:      40468
c #Conflicts:     193000 | #Constraints:      41468
c #Conflicts:     194000 | #Constraints:      42468
c #Conflicts:     195000 | #Constraints:      43468
c #Conflicts:     196000 | #Constraints:      44468
c #Conflicts:     197000 | #Constraints:      45468
c #Conflicts:     198000 | #Constraints:      46468
c INPROCESSING
c GARBAGE COLLECT
c bounds -11022 >= -11328 @ 293.32
c bounds -11022 >= -11327 @ 293.323
c bounds -11022 >= -11326 @ 293.327
c bounds -11022 >= -11325 @ 293.332
c bounds -11022 >= -11324 @ 293.338
c bounds -11022 >= -11323 @ 293.343
c bounds -11022 >= -11322 @ 293.349
c bounds -11022 >= -11321 @ 293.352
c bounds -11022 >= -11320 @ 293.364
c bounds -11022 >= -11319 @ 293.452
c bounds -11022 >= -11318 @ 293.463
c bounds -11022 >= -11317 @ 293.47
c bounds -11022 >= -11316 @ 293.477
c bounds -11022 >= -11315 @ 293.491
c bounds -11022 >= -11314 @ 293.502
c bounds -11022 >= -11313 @ 293.511
c bounds -11022 >= -11312 @ 293.527
c bounds -11022 >= -11311 @ 293.54
c bounds -11022 >= -11310 @ 293.557
c bounds -11022 >= -11309 @ 293.566
c bounds -11022 >= -11308 @ 293.582
c bounds -11022 >= -11307 @ 293.601
c bounds -11022 >= -11306 @ 293.625
c bounds -11022 >= -11305 @ 293.666
c bounds -11022 >= -11304 @ 293.7
c bounds -11022 >= -11303 @ 293.747
c #Conflicts:     199000 | #Constraints:      39036
c bounds -11022 >= -11302 @ 293.783
c bounds -11022 >= -11301 @ 293.846
c bounds -11022 >= -11300 @ 293.917
c bounds -11022 >= -11299 @ 293.981
c bounds -11022 >= -11298 @ 294.052
c bounds -11022 >= -11297 @ 294.151
c #Conflicts:     200000 | #Constraints:      40273
c bounds -11022 >= -11296 @ 294.291
c bounds -11022 >= -11295 @ 294.437
c bounds -11022 >= -11294 @ 294.596
c #Conflicts:     201000 | #Constraints:      41372
c bounds -11022 >= -11293 @ 294.752
c bounds -11022 >= -11292 @ 294.928
c bounds -11022 >= -11291 @ 295.084
c bounds -11022 >= -11290 @ 295.279
c #Conflicts:     202000 | #Constraints:      42519
c bounds -11022 >= -11289 @ 295.557
c bounds -11022 >= -11288 @ 295.889
c bounds -11022 >= -11287 @ 296.108
c #Conflicts:     203000 | #Constraints:      43633
c bounds -11022 >= -11286 @ 296.385
c bounds -11022 >= -11285 @ 296.691
c #Conflicts:     204000 | #Constraints:      44723
c bounds -11022 >= -11284 @ 297.121
c bounds -11022 >= -11283 @ 297.604
c bounds -11022 >= -11282 @ 297.99
c #Conflicts:     205000 | #Constraints:      45855
c bounds -11022 >= -11281 @ 298.417
c bounds -11022 >= -11280 @ 298.869
c bounds -11022 >= -11279 @ 299.408
c #Conflicts:     206000 | #Constraints:      46999
c bounds -11022 >= -11278 @ 300.007
c bounds -11022 >= -11277 @ 300.782
c #Conflicts:     207000 | #Constraints:      48083
c INPROCESSING
c GARBAGE COLLECT
c bounds -11022 >= -11276 @ 301.592
c #Conflicts:     208000 | #Constraints:      39883
c bounds -11022 >= -11275 @ 302.124
c bounds -11022 >= -11274 @ 302.31
c bounds -11022 >= -11273 @ 302.318
c bounds -11022 >= -11272 @ 302.329
c bounds -11022 >= -11271 @ 302.346
c bounds -11022 >= -11270 @ 302.369
c #Conflicts:     209000 | #Constraints:      41003
c bounds -11022 >= -11269 @ 302.428
c #Conflicts:     210000 | #Constraints:      42009
c #Conflicts:     211000 | #Constraints:      43009
c bounds -11022 >= -11268 @ 302.99
c bounds -11022 >= -11267 @ 303.028
c #Conflicts:     212000 | #Constraints:      44036
c bounds -11022 >= -11266 @ 303.767
c #Conflicts:     213000 | #Constraints:      45045
c bounds -11022 >= -11265 @ 304.184
c bounds -11022 >= -11264 @ 304.285
c #Conflicts:     214000 | #Constraints:      46069
c #Conflicts:     215000 | #Constraints:      47069
c #Conflicts:     216000 | #Constraints:      48069
c bounds -11022 >= -11263 @ 305.194
c bounds -11022 >= -11262 @ 305.292
c #Conflicts:     217000 | #Constraints:      49090
c bounds -11022 >= -11261 @ 306.348
c bounds -11022 >= -11260 @ 306.379
c #Conflicts:     218000 | #Constraints:      50108
c bounds -11022 >= -11259 @ 306.463
c #Conflicts:     219000 | #Constraints:      51117
c bounds -11022 >= -11258 @ 307.173
c bounds -11022 >= -11257 @ 307.197
c #Conflicts:     220000 | #Constraints:      52138
c #Conflicts:     221000 | #Constraints:      53138
c bounds -11022 >= -11256 @ 307.999
c bounds -11256 >= -11256 @ 308.635
c cpu time 308.635 s
c deterministic time 39249801462 3.92e+10
c optimization time 1.16412 s
c total solve time 307.35 s
c core-guided solve time 132.221 s
c propagation time 231.217 s
c conflict analysis time 54.7672 s
c propagations 34895985
c resolve steps 1821323
c decisions 7323235
c conflicts 221475
c restarts 510
c inprocessing phases 37
c input clauses 29578
c input cardinalities 3413
c input general constraints 3930
c input average constraint length 252.96
c input average constraint degree 2175.08
c learned clauses 21024
c learned cardinalities 3727
c learned general constraints 196766
c learned average constraint length 1646.92
c learned average constraint degree 3839970.98
c watched constraints 147470
c counting constraints 53226
c gcd simplifications 3221
c detected cardinalities 562
c weakened non-implied lits 7599009
c weakened non-implying lits 14163
c original variables 17580
c clausal propagations 9439893
c cardinality propagations 12196167
c watched propagations 7706441
c counting propagations 4514786
c watch lookups 589339880
c watch backjump lookups 461436475
c watch checks 30140209456
c propagation checks 7445465869
c constraint additions 528699187
c trail pops 42431374
c formula constraints 26612
c learned constraints 221517
c bound constraints 4388
c core-guided constraints 5921
c encountered formula constraints 863299
c encountered learned constraints 733670
c encountered bound constraints 367
c encountered core-guided constraints 445462
c LP total time 0 s
c LP solve time 0 s
c LP constraints added 0
c LP constraints removed 0
c LP pivots internal 0
c LP pivots root 0
c LP calls 0
c LP optimalities 0
c LP no pivot count 0
c LP infeasibilities 0
c LP valid Farkas constraints 0
c LP learned Farkas constraints 0
c LP basis resets 0
c LP cycling count 0
c LP singular count 0
c LP no primal count 0
c LP no farkas count 0
c LP other issue count 0
c LP Gomory cuts 0
c LP learned cuts 0
c LP deleted cuts 0
c LP encountered Gomory constraints 0
c LP encountered Farkas constraints 0
c LP encountered learned Farkas constraints 0
c CG auxiliary variables introduced 2614
c CG solutions found 151
c CG cores constructed 2054
c CG core cardinality constraints returned 1816
c CG unit cores 0
c CG single cores 2046
c CG blocks removed during cardinality reduction 0
c CG first core best 0
c CG decision core best 5
c CG core reduction tie 3
c CG core degree average 1.92
c CG core slack average 1.45
o -11256
s OPTIMUM FOUND
