c RoundingSat 2
c branch 
c commit 
c #variables 4500 #constraints 8150
c bounds - >= -22500 @ 0.035193
c bounds 0 >= -22500 @ 0.04014
c bounds 0 >= -22436 @ 0.04014
c bounds 0 >= -22372 @ 0.04014
c bounds 0 >= -22308 @ 0.040409
c bounds 0 >= -22244 @ 0.040668
c bounds 0 >= -22180 @ 0.040921
c bounds 0 >= -22116 @ 0.041253
c bounds 0 >= -22052 @ 0.041594
c bounds 0 >= -21988 @ 0.04193
c bounds 0 >= -21924 @ 0.042272
c bounds 0 >= -21860 @ 0.042614
c bounds 0 >= -21796 @ 0.042951
c bounds 0 >= -21732 @ 0.043296
c bounds 0 >= -21668 @ 0.043633
c bounds 0 >= -21604 @ 0.043984
c bounds 0 >= -21540 @ 0.044337
c bounds 0 >= -21476 @ 0.044674
c bounds 0 >= -21412 @ 0.045012
c bounds 0 >= -21348 @ 0.045354
c bounds 0 >= -21284 @ 0.045692
c bounds 0 >= -21220 @ 0.046028
c bounds 0 >= -21156 @ 0.04637
c bounds 0 >= -21092 @ 0.046708
c bounds 0 >= -21028 @ 0.047046
c bounds 0 >= -20964 @ 0.047388
c bounds 0 >= -20900 @ 0.047724
c bounds 0 >= -20836 @ 0.04806
c bounds 0 >= -20772 @ 0.048395
c bounds 0 >= -20708 @ 0.048731
c bounds 0 >= -20644 @ 0.04907
c bounds 0 >= -20580 @ 0.049407
c bounds 0 >= -20516 @ 0.049742
c bounds 0 >= -20452 @ 0.050078
c bounds 0 >= -20388 @ 0.050414
c bounds 0 >= -20324 @ 0.050749
c bounds 0 >= -20260 @ 0.051085
c bounds 0 >= -20196 @ 0.051423
c bounds 0 >= -20132 @ 0.051758
c bounds 0 >= -20068 @ 0.052098
c bounds 0 >= -20004 @ 0.052433
c bounds 0 >= -19940 @ 0.052772
c bounds 0 >= -19876 @ 0.053109
c bounds 0 >= -19812 @ 0.053443
c bounds 0 >= -19748 @ 0.053778
c bounds 0 >= -19684 @ 0.054117
c bounds 0 >= -19620 @ 0.054451
c bounds 0 >= -19556 @ 0.05479
c bounds 0 >= -19492 @ 0.055128
c bounds 0 >= -19428 @ 0.055463
c bounds 0 >= -19364 @ 0.055795
c bounds 0 >= -19300 @ 0.056133
c bounds 0 >= -19236 @ 0.056476
c bounds 0 >= -19172 @ 0.05681
c bounds -2 >= -19172 @ 0.063988
c bounds -2 >= -19108 @ 0.064377
c bounds -2 >= -19044 @ 0.064718
c bounds -2 >= -18980 @ 0.065055
c bounds -2 >= -18916 @ 0.065077
c bounds -2 >= -18852 @ 0.065077
c bounds -2 >= -18788 @ 0.065077
c bounds -2 >= -18724 @ 0.06541
c bounds -2 >= -18660 @ 0.065744
c bounds -2 >= -18596 @ 0.066077
c bounds -2 >= -18532 @ 0.066413
c bounds -2 >= -18468 @ 0.066755
c bounds -2 >= -18404 @ 0.067091
c bounds -2 >= -18340 @ 0.067425
c bounds -2 >= -18276 @ 0.067757
c bounds -2 >= -18212 @ 0.068091
c bounds -2 >= -18148 @ 0.068424
c bounds -2 >= -18084 @ 0.068759
c bounds -2 >= -18020 @ 0.069091
c bounds -2 >= -17956 @ 0.069422
c bounds -2 >= -17892 @ 0.069756
c bounds -2 >= -17828 @ 0.070096
c bounds -2 >= -17764 @ 0.070429
c bounds -2 >= -17700 @ 0.070762
c bounds -2 >= -17636 @ 0.071095
c bounds -2 >= -17572 @ 0.071428
c bounds -2 >= -17508 @ 0.071762
c bounds -2 >= -17444 @ 0.072068
c bounds -2 >= -17380 @ 0.072068
c bounds -2 >= -17316 @ 0.072068
c bounds -2 >= -17252 @ 0.072342
c bounds -2 >= -17188 @ 0.072623
c bounds -2 >= -17124 @ 0.072907
c bounds -2 >= -17060 @ 0.073247
c bounds -2 >= -16996 @ 0.073596
c bounds -2 >= -16932 @ 0.073944
c bounds -2 >= -16868 @ 0.074282
c bounds -2 >= -16804 @ 0.07463
c bounds -2 >= -16740 @ 0.074977
c bounds -2 >= -16676 @ 0.075322
c bounds -2 >= -16612 @ 0.075669
c bounds -2 >= -16548 @ 0.076015
c bounds -2 >= -16484 @ 0.07636
c bounds -2 >= -16420 @ 0.076708
c bounds -2 >= -16356 @ 0.077062
c bounds -2 >= -16292 @ 0.077407
c bounds -2 >= -16228 @ 0.077751
c bounds -2 >= -16164 @ 0.078065
c bounds -2 >= -16100 @ 0.078065
c bounds -2 >= -16036 @ 0.078065
c bounds -2 >= -15972 @ 0.078312
c bounds -2 >= -15908 @ 0.078592
c bounds -2 >= -15844 @ 0.078874
c bounds -2 >= -15780 @ 0.079214
c bounds -2 >= -15716 @ 0.079559
c bounds -2 >= -15652 @ 0.079904
c bounds -2 >= -15588 @ 0.080246
c bounds -2 >= -15524 @ 0.080588
c bounds -2 >= -15460 @ 0.080933
c bounds -2 >= -15396 @ 0.081275
c bounds -2 >= -15332 @ 0.081628
c bounds -2 >= -15268 @ 0.081979
c bounds -2 >= -15204 @ 0.082321
c bounds -2 >= -15140 @ 0.082664
c bounds -2 >= -15076 @ 0.083006
c bounds -2 >= -15012 @ 0.083346
c bounds -2 >= -14948 @ 0.083688
c bounds -2 >= -14884 @ 0.084033
c bounds -2 >= -14820 @ 0.084033
c bounds -2 >= -14756 @ 0.084033
c bounds -2 >= -14692 @ 0.084069
c bounds -2 >= -14628 @ 0.084415
c bounds -2 >= -14564 @ 0.084771
c bounds -2 >= -14500 @ 0.085117
c bounds -2 >= -14436 @ 0.085463
c bounds -2 >= -14372 @ 0.085807
c bounds -2 >= -14308 @ 0.086174
c bounds -2 >= -14244 @ 0.086524
c bounds -2 >= -14180 @ 0.086866
c bounds -2 >= -14116 @ 0.087214
c bounds -2 >= -14052 @ 0.08756
c bounds -2 >= -13988 @ 0.087905
c bounds -2 >= -13924 @ 0.088248
c bounds -2 >= -13860 @ 0.088593
c bounds -2 >= -13796 @ 0.088938
c bounds -2 >= -13732 @ 0.089281
c bounds -2 >= -13668 @ 0.089626
c bounds -2 >= -13604 @ 0.089967
c bounds -2 >= -13540 @ 0.089999
c bounds -2 >= -13476 @ 0.089999
c bounds -2 >= -13412 @ 0.090014
c bounds -2 >= -13348 @ 0.090364
c bounds -2 >= -13284 @ 0.090709
c bounds -2 >= -13220 @ 0.091057
c bounds -2 >= -13156 @ 0.0914
c bounds -2 >= -13092 @ 0.091738
c bounds -2 >= -13028 @ 0.092085
c bounds -2 >= -12964 @ 0.092427
c bounds -2 >= -12900 @ 0.092774
c bounds -6 >= -12900 @ 0.09551
c bounds -22 >= -12900 @ 0.096983
c bounds -38 >= -12900 @ 0.097943
c bounds -54 >= -12900 @ 0.102516
c bounds -54 >= -12860 @ 0.120171
c bounds -70 >= -12860 @ 0.124207
c bounds -86 >= -12860 @ 0.124835
c bounds -102 >= -12860 @ 0.127627
c bounds -106 >= -12860 @ 0.129525
c bounds -122 >= -12860 @ 0.133977
c bounds -138 >= -12860 @ 0.136763
c bounds -154 >= -12860 @ 0.141089
c bounds -170 >= -12860 @ 0.143449
c bounds -186 >= -12860 @ 0.147243
c bounds -202 >= -12860 @ 0.151148
c bounds -218 >= -12860 @ 0.154207
c bounds -234 >= -12860 @ 0.158026
c bounds -238 >= -12860 @ 0.159939
c bounds -254 >= -12860 @ 0.164003
c bounds -270 >= -12860 @ 0.165649
c bounds -286 >= -12860 @ 0.169525
c bounds -302 >= -12860 @ 0.172388
c bounds -318 >= -12860 @ 0.175206
c bounds -334 >= -12860 @ 0.177951
c bounds -350 >= -12860 @ 0.181452
c bounds -366 >= -12860 @ 0.184274
c bounds -382 >= -12860 @ 0.186161
c bounds -386 >= -12860 @ 0.188863
c bounds -402 >= -12860 @ 0.193592
c bounds -402 >= -12820 @ 0.220728
c bounds -418 >= -12820 @ 0.224803
c bounds -434 >= -12820 @ 0.227851
c bounds -450 >= -12820 @ 0.231899
c bounds -466 >= -12820 @ 0.235755
c bounds -482 >= -12820 @ 0.24039
c bounds -498 >= -12820 @ 0.245169
c bounds -514 >= -12820 @ 0.247948
c bounds -530 >= -12820 @ 0.2489
c bounds -546 >= -12820 @ 0.252701
c bounds -562 >= -12820 @ 0.255334
c bounds -578 >= -12820 @ 0.259007
c bounds -594 >= -12820 @ 0.259895
c bounds -610 >= -12820 @ 0.26365
c bounds -626 >= -12820 @ 0.266398
c bounds -642 >= -12820 @ 0.268177
c bounds -658 >= -12820 @ 0.2721
c bounds -674 >= -12820 @ 0.275791
c bounds -690 >= -12820 @ 0.279566
c bounds -706 >= -12820 @ 0.28226
c bounds -722 >= -12820 @ 0.28608
c bounds -738 >= -12820 @ 0.288889
c bounds -754 >= -12820 @ 0.292581
c bounds -770 >= -12820 @ 0.296547
c bounds -786 >= -12820 @ 0.299173
c bounds -802 >= -12820 @ 0.301988
c bounds -818 >= -12820 @ 0.303838
c bounds -834 >= -12820 @ 0.307451
c bounds -850 >= -12820 @ 0.309488
c bounds -866 >= -12820 @ 0.314042
c bounds -882 >= -12820 @ 0.317948
c bounds -898 >= -12820 @ 0.321686
c bounds -914 >= -12820 @ 0.325501
c #Conflicts:       1000 | #Constraints:       9667
c bounds -914 >= -12780 @ 0.34418
c bounds -930 >= -12780 @ 0.348712
c bounds -946 >= -12780 @ 0.353792
c bounds -962 >= -12780 @ 0.358821
c bounds -978 >= -12780 @ 0.363661
c bounds -994 >= -12780 @ 0.367554
c bounds -1010 >= -12780 @ 0.37124
c bounds -1012 >= -12780 @ 0.374356
c bounds -1014 >= -12780 @ 0.385889
c bounds -1018 >= -12780 @ 0.800638
c bounds -1018 >= -12740 @ 0.821129
c #Conflicts:       2000 | #Constraints:      10682
c INPROCESSING
c GARBAGE COLLECT
c bounds -1018 >= -12700 @ 0.854548
c bounds -1018 >= -12660 @ 0.878927
c #Conflicts:       3000 | #Constraints:      10488
c bounds -1018 >= -12620 @ 0.908422
c bounds -1018 >= -12580 @ 0.927398
c bounds -1018 >= -12540 @ 0.942258
c #Conflicts:       4000 | #Constraints:      11497
c bounds -1018 >= -12500 @ 0.96983
c INPROCESSING
c GARBAGE COLLECT
c bounds -1018 >= -12460 @ 0.997929
c bounds -1018 >= -12420 @ 1.01637
c #Conflicts:       5000 | #Constraints:      10910
c bounds -1018 >= -12380 @ 1.04426
c bounds -1018 >= -12340 @ 1.08312
c #Conflicts:       6000 | #Constraints:      11916
c bounds -1018 >= -12300 @ 1.10986
c INPROCESSING
c GARBAGE COLLECT
c bounds -1018 >= -12260 @ 1.1529
c bounds -1018 >= -12220 @ 1.17012
c #Conflicts:       7000 | #Constraints:      10931
c bounds -1018 >= -12180 @ 1.19523
c bounds -1018 >= -12140 @ 1.22322
c #Conflicts:       8000 | #Constraints:      11937
c bounds -1018 >= -12100 @ 1.2428
c bounds -1018 >= -12060 @ 1.26755
c bounds -1018 >= -12020 @ 1.29077
c #Conflicts:       9000 | #Constraints:      12946
c INPROCESSING
c GARBAGE COLLECT
c bounds -1018 >= -11980 @ 1.34048
c bounds -1018 >= -11940 @ 1.36128
c #Conflicts:      10000 | #Constraints:      11661
c bounds -1018 >= -11900 @ 1.38369
c bounds -1018 >= -11860 @ 1.40241
c bounds -1018 >= -11820 @ 1.43068
c #Conflicts:      11000 | #Constraints:      12670
c bounds -1018 >= -11780 @ 1.46083
c bounds -1018 >= -11740 @ 1.48135
c bounds -1018 >= -11700 @ 1.50684
c #Conflicts:      12000 | #Constraints:      13679
c INPROCESSING
c GARBAGE COLLECT
c bounds -1018 >= -11660 @ 1.53489
c bounds -1018 >= -11620 @ 1.56157
c bounds -1018 >= -11580 @ 1.58404
c #Conflicts:      13000 | #Constraints:      12134
c bounds -1018 >= -11540 @ 1.60004
c bounds -1018 >= -11500 @ 1.61698
c bounds -1018 >= -11460 @ 1.63255
c #Conflicts:      14000 | #Constraints:      13143
c bounds -1018 >= -11420 @ 1.66211
c #Conflicts:      15000 | #Constraints:      14146
c INPROCESSING
c GARBAGE COLLECT
c bounds -1018 >= -11380 @ 1.73286
c bounds -1018 >= -11340 @ 1.77231
c #Conflicts:      16000 | #Constraints:      12374
c bounds -1018 >= -11300 @ 1.80133
c bounds -1018 >= -11260 @ 1.82186
c bounds -1018 >= -11220 @ 1.85032
c #Conflicts:      17000 | #Constraints:      13383
c bounds -1018 >= -11180 @ 1.8674
c bounds -1018 >= -11140 @ 1.89234
c #Conflicts:      18000 | #Constraints:      14389
c bounds -1018 >= -11100 @ 1.91419
c INPROCESSING
c GARBAGE COLLECT
c bounds -1018 >= -11060 @ 1.94692
c bounds -1018 >= -11020 @ 1.9665
c bounds -1019 >= -11020 @ 1.97042
c bounds -1020 >= -11020 @ 1.97218
c bounds -1036 >= -11020 @ 1.97884
c #Conflicts:      19000 | #Constraints:      12413
c bounds -1052 >= -11020 @ 2.44788
c bounds -1052 >= -10980 @ 2.48161
c bounds -1052 >= -10940 @ 2.50646
c #Conflicts:      20000 | #Constraints:      13420
c bounds -1052 >= -10900 @ 2.5385
c bounds -1053 >= -10900 @ 2.55529
c bounds -1054 >= -10900 @ 2.56301
c bounds -1054 >= -10880 @ 2.56501
c bounds -1054 >= -10860 @ 2.57714
c bounds -1054 >= -10840 @ 2.59146
c bounds -1054 >= -10820 @ 2.60085
c #Conflicts:      21000 | #Constraints:      14452
c bounds -1054 >= -10800 @ 2.61844
c bounds -1054 >= -10780 @ 2.62824
c bounds -1054 >= -10760 @ 2.63276
c bounds -1054 >= -10740 @ 2.64099
c bounds -1054 >= -10720 @ 2.6467
c bounds -1054 >= -10700 @ 2.66689
c INPROCESSING
c GARBAGE COLLECT
c bounds -1054 >= -10680 @ 2.69629
c bounds -1054 >= -10660 @ 2.7102
c #Conflicts:      22000 | #Constraints:      12320
c bounds -1054 >= -10640 @ 2.71696
c bounds -1054 >= -10620 @ 2.73922
c bounds -1054 >= -10600 @ 2.75039
c bounds -1054 >= -10580 @ 2.75507
c bounds -1054 >= -10560 @ 2.76207
c bounds -1054 >= -10540 @ 2.7656
c bounds -1054 >= -10520 @ 2.78672
c #Conflicts:      23000 | #Constraints:      13365
c bounds -1054 >= -10500 @ 2.79463
c bounds -1054 >= -10480 @ 2.81033
c bounds -1054 >= -10460 @ 2.81804
c bounds -1054 >= -10440 @ 2.83655
c bounds -1054 >= -10420 @ 2.85275
c bounds -1054 >= -10400 @ 2.8581
c #Conflicts:      24000 | #Constraints:      14413
c bounds -1054 >= -10380 @ 2.87371
c bounds -1054 >= -10360 @ 2.87789
c bounds -1054 >= -10340 @ 2.89473
c bounds -1054 >= -10320 @ 2.93317
c bounds -1054 >= -10300 @ 2.93794
c bounds -1054 >= -10280 @ 2.94412
c bounds -1054 >= -10260 @ 2.94532
c #Conflicts:      25000 | #Constraints:      15461
c bounds -1054 >= -10240 @ 2.96682
c INPROCESSING
c GARBAGE COLLECT
c bounds -1054 >= -10220 @ 2.98526
c bounds -1054 >= -10200 @ 2.99026
c bounds -1054 >= -10180 @ 3.00119
c bounds -1054 >= -10160 @ 3.0215
c #Conflicts:      26000 | #Constraints:      13106
c bounds -1054 >= -10140 @ 3.06009
c bounds -1054 >= -10120 @ 3.06504
c bounds -1054 >= -10100 @ 3.06738
c bounds -1054 >= -10080 @ 3.08085
c bounds -1054 >= -10060 @ 3.08778
c bounds -1054 >= -10040 @ 3.09112
c bounds -1054 >= -10020 @ 3.09438
c #Conflicts:      27000 | #Constraints:      14139
c bounds -1054 >= -10000 @ 3.11042
c bounds -1054 >= -9980 @ 3.11515
c bounds -1054 >= -9960 @ 3.12195
c bounds -1054 >= -9940 @ 3.15169
c #Conflicts:      28000 | #Constraints:      15163
c bounds -1054 >= -9920 @ 3.17543
c bounds -1054 >= -9900 @ 3.18107
c bounds -1054 >= -9880 @ 3.20072
c bounds -1054 >= -9860 @ 3.20545
c bounds -1054 >= -9840 @ 3.20665
c bounds -1054 >= -9820 @ 3.22524
c bounds -1054 >= -9800 @ 3.2281
c #Conflicts:      29000 | #Constraints:      16202
c bounds -1054 >= -9780 @ 3.24685
c bounds -1054 >= -9760 @ 3.25486
c bounds -1054 >= -9740 @ 3.26063
c bounds -1054 >= -9720 @ 3.27826
c bounds -1054 >= -9700 @ 3.29196
c #Conflicts:      30000 | #Constraints:      17235
c bounds -1054 >= -9680 @ 3.34328
c bounds -1054 >= -9660 @ 3.36143
c bounds -1054 >= -9640 @ 3.36907
c #Conflicts:      31000 | #Constraints:      18262
c bounds -1054 >= -9620 @ 3.3987
c bounds -1054 >= -9600 @ 3.40091
c bounds -1054 >= -9580 @ 3.41219
c bounds -1054 >= -9560 @ 3.41653
c bounds -1054 >= -9540 @ 3.44472
c bounds -1058 >= -9540 @ 3.45164
c bounds -1062 >= -9540 @ 3.45905
c bounds -1066 >= -9540 @ 3.46622
c #Conflicts:      32000 | #Constraints:      19298
c bounds -1066 >= -9520 @ 3.50752
c bounds -1070 >= -9520 @ 3.51399
c bounds -1074 >= -9520 @ 3.52103
c bounds -1078 >= -9520 @ 3.52637
c bounds -1082 >= -9520 @ 3.53274
c bounds -1086 >= -9520 @ 3.53926
c bounds -1090 >= -9520 @ 3.54601
c bounds -1094 >= -9520 @ 3.55264
c bounds -1098 >= -9520 @ 3.55725
c bounds -1102 >= -9520 @ 3.56287
c bounds -1106 >= -9520 @ 3.56935
c bounds -1106 >= -9500 @ 3.59822
c bounds -1110 >= -9500 @ 3.60391
c bounds -1114 >= -9500 @ 3.60959
c bounds -1118 >= -9500 @ 3.61624
c bounds -1122 >= -9500 @ 3.62195
c bounds -1126 >= -9500 @ 3.62762
c bounds -1130 >= -9500 @ 3.63207
c bounds -1134 >= -9500 @ 3.63938
c bounds -1134 >= -9480 @ 3.64373
c #Conflicts:      33000 | #Constraints:      20336
c bounds -1134 >= -9460 @ 3.66356
c bounds -1138 >= -9460 @ 3.67082
c bounds -1142 >= -9460 @ 3.67759
c bounds -1146 >= -9460 @ 3.68435
c bounds -1150 >= -9460 @ 3.69211
c bounds -1154 >= -9460 @ 3.69785
c bounds -1158 >= -9460 @ 3.7064
c bounds -1158 >= -9440 @ 3.72989
c bounds -1162 >= -9440 @ 3.73624
c bounds -1166 >= -9440 @ 3.74192
c bounds -1170 >= -9440 @ 3.74756
c bounds -1174 >= -9440 @ 3.75399
c bounds -1178 >= -9440 @ 3.76029
c bounds -1182 >= -9440 @ 3.76782
c bounds -1182 >= -9420 @ 3.79148
c bounds -1186 >= -9420 @ 3.79686
c bounds -1190 >= -9420 @ 3.80368
c bounds -1194 >= -9420 @ 3.81049
c bounds -1198 >= -9420 @ 3.81708
c bounds -1202 >= -9420 @ 3.82372
c bounds -1206 >= -9420 @ 3.83153
c #Conflicts:      34000 | #Constraints:      21381
c bounds -1206 >= -9400 @ 3.85629
c bounds -1210 >= -9400 @ 3.86451
c bounds -1214 >= -9400 @ 3.87142
c bounds -1218 >= -9400 @ 3.87725
c bounds -1222 >= -9400 @ 3.88489
c bounds -1226 >= -9400 @ 3.8906
c bounds -1230 >= -9400 @ 3.89841
c bounds -1234 >= -9400 @ 3.90608
c bounds -1234 >= -9380 @ 3.92555
c bounds -1238 >= -9380 @ 3.9354
c bounds -1242 >= -9380 @ 3.94358
c bounds -1246 >= -9380 @ 3.95078
c bounds -1250 >= -9380 @ 3.95983
c bounds -1250 >= -9360 @ 3.96535
c bounds -1254 >= -9360 @ 3.97505
c bounds -1254 >= -9340 @ 4.00129
c bounds -1258 >= -9340 @ 4.01016
c bounds -1262 >= -9340 @ 4.01763
c bounds -1266 >= -9340 @ 4.0281
c bounds -1270 >= -9340 @ 4.03745
c bounds -1274 >= -9340 @ 4.04454
c #Conflicts:      35000 | #Constraints:      22428
c bounds -1274 >= -9320 @ 4.06949
c bounds -1278 >= -9320 @ 4.07848
c bounds -1282 >= -9320 @ 4.08584
c bounds -1286 >= -9320 @ 4.09615
c bounds -1290 >= -9320 @ 4.10547
c bounds -1294 >= -9320 @ 4.11276
c bounds -1294 >= -9300 @ 4.18017
c bounds -1298 >= -9300 @ 4.18807
c bounds -1302 >= -9300 @ 4.19471
c bounds -1306 >= -9300 @ 4.20335
c bounds -1310 >= -9300 @ 4.21294
c bounds -1314 >= -9300 @ 4.22235
c bounds -1318 >= -9300 @ 4.23067
c bounds -1322 >= -9300 @ 4.23904
c bounds -1326 >= -9300 @ 4.24849
c bounds -1330 >= -9300 @ 4.25679
c bounds -1334 >= -9300 @ 4.26415
c bounds -1338 >= -9300 @ 4.27244
c bounds -1342 >= -9300 @ 4.27976
c bounds -1346 >= -9300 @ 4.28812
c bounds -1350 >= -9300 @ 4.29532
c bounds -1354 >= -9300 @ 4.30472
c bounds -1358 >= -9300 @ 4.314
c bounds -1362 >= -9300 @ 4.32326
c #Conflicts:      36000 | #Constraints:      23465
c bounds -1362 >= -9280 @ 4.36883
c bounds -1366 >= -9280 @ 4.3791
c bounds -1370 >= -9280 @ 4.38841
c bounds -1374 >= -9280 @ 4.39671
c bounds -1378 >= -9280 @ 4.40496
c bounds -1382 >= -9280 @ 4.41509
c bounds -1386 >= -9280 @ 4.42323
c bounds -1390 >= -9280 @ 4.43043
c bounds -1394 >= -9280 @ 4.43767
c bounds -1398 >= -9280 @ 4.44588
c bounds -1402 >= -9280 @ 4.45426
c bounds -1402 >= -9260 @ 4.49845
c bounds -1406 >= -9260 @ 4.50662
c bounds -1410 >= -9260 @ 4.51328
c bounds -1414 >= -9260 @ 4.52194
c bounds -1418 >= -9260 @ 4.53153
c bounds -1422 >= -9260 @ 4.54011
c bounds -1426 >= -9260 @ 4.54847
c bounds -1430 >= -9260 @ 4.55678
c bounds -1434 >= -9260 @ 4.56609
c bounds -1438 >= -9260 @ 4.57445
c bounds -1442 >= -9260 @ 4.58373
c bounds -1442 >= -9240 @ 4.61883
c bounds -1446 >= -9240 @ 4.6282
c bounds -1450 >= -9240 @ 4.63672
c bounds -1454 >= -9240 @ 4.64635
c bounds -1458 >= -9240 @ 4.6559
c bounds -1459 >= -9240 @ 4.66444
c bounds -1460 >= -9240 @ 4.67213
c bounds -1464 >= -9240 @ 4.68244
c bounds -1468 >= -9240 @ 4.69011
c #Conflicts:      37000 | #Constraints:      24535
c bounds -1468 >= -9220 @ 4.72053
c bounds -1476 >= -9220 @ 4.72757
c bounds -1484 >= -9220 @ 4.73689
c bounds -1492 >= -9220 @ 4.74733
c bounds -1500 >= -9220 @ 4.75566
c bounds -1508 >= -9220 @ 4.76292
c bounds -1516 >= -9220 @ 4.77113
c bounds -1516 >= -9200 @ 4.7876
c bounds -1524 >= -9200 @ 4.79751
c bounds -1532 >= -9200 @ 4.80665
c bounds -1540 >= -9200 @ 4.8148
c bounds -1540 >= -9180 @ 4.82633
c bounds -1548 >= -9180 @ 4.83609
c bounds -1556 >= -9180 @ 4.84524
c bounds -1556 >= -9160 @ 4.85197
c bounds -1564 >= -9160 @ 4.86089
c #Conflicts:      38000 | #Constraints:      25595
c INPROCESSING
c GARBAGE COLLECT
c bounds -1572 >= -9160 @ 4.89347
c bounds -1572 >= -9128 @ 4.89508
c bounds -1572 >= -9096 @ 4.89637
c bounds -1572 >= -9064 @ 4.89766
c bounds -1572 >= -9048 @ 4.89917
c bounds -1572 >= -9032 @ 4.89973
c bounds -1572 >= -9016 @ 4.90112
c bounds -1572 >= -9000 @ 4.90173
c bounds -1572 >= -8984 @ 4.90272
c bounds -1572 >= -8968 @ 4.90272
c bounds -1572 >= -8936 @ 4.90419
c bounds -1572 >= -8904 @ 4.90566
c bounds -1572 >= -8872 @ 4.90671
c bounds -1572 >= -8840 @ 4.90768
c bounds -1572 >= -8808 @ 4.90921
c bounds -1572 >= -8776 @ 4.91072
c bounds -1572 >= -8744 @ 4.91169
c bounds -1580 >= -8744 @ 4.91888
c bounds -1580 >= -8728 @ 4.91966
c bounds -1580 >= -8712 @ 4.91966
c bounds -1580 >= -8680 @ 4.91966
c bounds -1580 >= -8648 @ 4.92066
c bounds -1580 >= -8632 @ 4.92155
c bounds -1580 >= -8616 @ 4.92205
c bounds -1580 >= -8600 @ 4.92265
c bounds -1580 >= -8584 @ 4.92403
c bounds -1580 >= -8552 @ 4.92464
c bounds -1580 >= -8536 @ 4.92504
c bounds -1580 >= -8520 @ 4.92564
c bounds -1580 >= -8488 @ 4.92699
c bounds -1580 >= -8456 @ 4.92847
c bounds -1580 >= -8440 @ 4.92997
c bounds -1580 >= -8424 @ 4.93146
c bounds -1580 >= -8392 @ 4.93198
c bounds -1580 >= -8376 @ 4.93261
c bounds -1580 >= -8360 @ 4.93302
c bounds -1580 >= -8328 @ 4.93449
c bounds -1580 >= -8312 @ 4.93499
c bounds -1580 >= -8296 @ 4.9356
c bounds -1580 >= -8280 @ 4.93599
c bounds -1580 >= -8264 @ 4.93744
c bounds -1580 >= -8248 @ 4.93891
c bounds -1580 >= -8216 @ 4.9404
c bounds -1580 >= -8184 @ 4.9409
c bounds -1580 >= -8152 @ 4.94158
c bounds -1580 >= -8120 @ 4.94197
c bounds -1580 >= -8104 @ 4.94345
c bounds -1580 >= -8088 @ 4.94395
c bounds -1580 >= -8056 @ 4.94541
c bounds -1580 >= -8040 @ 4.94693
c bounds -1580 >= -8024 @ 4.94841
c bounds -1580 >= -8008 @ 4.94892
c bounds -1580 >= -7992 @ 4.94955
c bounds -1580 >= -7960 @ 4.95085
c bounds -1580 >= -7944 @ 4.95232
c bounds -1580 >= -7928 @ 4.95287
c bounds -1580 >= -7896 @ 4.95354
c bounds -1588 >= -7896 @ 4.9619
c bounds -1588 >= -7864 @ 4.96353
c bounds -1588 >= -7848 @ 4.9645
c bounds -1588 >= -7832 @ 4.96547
c bounds -1588 >= -7816 @ 4.96649
c bounds -1588 >= -7784 @ 4.96739
c bounds -1588 >= -7768 @ 4.96784
c bounds -1588 >= -7752 @ 4.96848
c bounds -1588 >= -7736 @ 4.96879
c bounds -1588 >= -7720 @ 4.96948
c bounds -1588 >= -7704 @ 4.97072
c bounds -1588 >= -7688 @ 4.97147
c bounds -1588 >= -7672 @ 4.9727
c bounds -1588 >= -7656 @ 4.97428
c bounds -1588 >= -7640 @ 4.97581
c bounds -1588 >= -7624 @ 4.97731
c bounds -1588 >= -7608 @ 4.97886
c bounds -1588 >= -7592 @ 4.98037
c bounds -1588 >= -7576 @ 4.98191
c bounds -1588 >= -7560 @ 4.98348
c bounds -1588 >= -7544 @ 4.98442
c bounds -1588 >= -7528 @ 4.98571
c bounds -1588 >= -7512 @ 4.98642
c bounds -1588 >= -7496 @ 4.98642
c bounds -1588 >= -7480 @ 4.98763
c bounds -1588 >= -7464 @ 4.98841
c bounds -1588 >= -7448 @ 4.989
c bounds -1588 >= -7432 @ 4.99073
c bounds -1588 >= -7416 @ 4.99246
c bounds -1588 >= -7400 @ 4.99338
c bounds -1588 >= -7384 @ 4.99438
c bounds -1588 >= -7368 @ 4.99573
c bounds -1588 >= -7352 @ 4.99664
c bounds -1596 >= -7352 @ 5.00523
c bounds -1596 >= -7336 @ 5.00619
c bounds -1596 >= -7320 @ 5.00798
c bounds -1596 >= -7304 @ 5.00887
c bounds -1596 >= -7288 @ 5.00974
c bounds -1596 >= -7272 @ 5.01156
c bounds -1596 >= -7256 @ 5.01347
c bounds -1596 >= -7240 @ 5.01454
c bounds -1596 >= -7224 @ 5.0153
c bounds -1596 >= -7208 @ 5.0163
c bounds -1596 >= -7192 @ 5.0173
c bounds -1596 >= -7176 @ 5.01903
c bounds -1596 >= -7160 @ 5.02029
c bounds -1596 >= -7144 @ 5.02198
c bounds -1596 >= -7128 @ 5.02228
c bounds -1596 >= -7112 @ 5.02383
c bounds -1596 >= -7096 @ 5.02478
c bounds -1596 >= -7080 @ 5.02527
c bounds -1596 >= -7064 @ 5.02583
c bounds -1596 >= -7048 @ 5.02695
c bounds -1596 >= -7032 @ 5.02727
c bounds -1596 >= -7016 @ 5.02801
c bounds -1596 >= -7000 @ 5.02944
c bounds -1596 >= -6984 @ 5.03217
c bounds -1600 >= -6984 @ 5.04409
c bounds -1600 >= -6968 @ 5.04683
c bounds -1600 >= -6952 @ 5.0472
c bounds -1600 >= -6936 @ 5.05005
c bounds -1600 >= -6920 @ 5.0533
c bounds -1600 >= -6904 @ 5.05891
c bounds -1616 >= -6904 @ 5.06801
c bounds -1616 >= -6888 @ 5.07472
c bounds -1620 >= -6888 @ 5.08187
c bounds -1620 >= -6872 @ 5.09892
c bounds -1628 >= -6872 @ 5.10497
c bounds -1636 >= -6872 @ 5.10925
c bounds -1644 >= -6872 @ 5.11548
c bounds -1652 >= -6872 @ 5.12259
c bounds -1652 >= -6856 @ 5.12549
c bounds -1660 >= -6856 @ 5.13436
c #Conflicts:      39000 | #Constraints:      18738
c bounds -1660 >= -6840 @ 5.1704
c bounds -1668 >= -6840 @ 5.17846
c bounds -1669 >= -6840 @ 5.18292
c bounds -1670 >= -6840 @ 5.18935
c bounds -1674 >= -6840 @ 5.19284
c bounds -1678 >= -6840 @ 5.19833
c bounds -1679 >= -6840 @ 5.20397
c bounds -1695 >= -6840 @ 5.21348
c bounds -1711 >= -6840 @ 5.22009
c bounds -1727 >= -6840 @ 5.22858
c bounds -1743 >= -6840 @ 5.23517
c bounds -1759 >= -6840 @ 5.24183
c bounds -1759 >= -6824 @ 5.25481
c bounds -1775 >= -6824 @ 5.26295
c bounds -1791 >= -6824 @ 5.27156
c bounds -1807 >= -6824 @ 5.28006
c bounds -1807 >= -6808 @ 5.28725
c bounds -1823 >= -6808 @ 5.29735
c bounds -1839 >= -6808 @ 5.30398
c bounds -1839 >= -6792 @ 5.31401
c bounds -1855 >= -6792 @ 5.32305
c bounds -1871 >= -6792 @ 5.32853
c bounds -1887 >= -6792 @ 5.33695
c bounds -1887 >= -6776 @ 5.41013
c bounds -1903 >= -6776 @ 5.42037
c bounds -1919 >= -6776 @ 5.42776
c bounds -1935 >= -6776 @ 5.43388
c bounds -1951 >= -6776 @ 5.44112
c bounds -1967 >= -6776 @ 5.44919
c bounds -1983 >= -6776 @ 5.45637
c bounds -1999 >= -6776 @ 5.46347
c bounds -2015 >= -6776 @ 5.47048
c bounds -2031 >= -6776 @ 5.47858
c bounds -2047 >= -6776 @ 5.48466
c bounds -2063 >= -6776 @ 5.4919
c bounds -2079 >= -6776 @ 5.49795
c bounds -2095 >= -6776 @ 5.50396
c bounds -2111 >= -6776 @ 5.51193
c bounds -2127 >= -6776 @ 5.52007
c bounds -2143 >= -6776 @ 5.52729
c bounds -2159 >= -6776 @ 5.53535
c bounds -2175 >= -6776 @ 5.54249
c bounds -2191 >= -6776 @ 5.54955
c bounds -2207 >= -6776 @ 5.55773
c bounds -2223 >= -6776 @ 5.56479
c bounds -2239 >= -6776 @ 5.57195
c bounds -2255 >= -6776 @ 5.57909
c #Conflicts:      40000 | #Constraints:      19843
c bounds -2255 >= -6760 @ 5.63216
c bounds -2271 >= -6760 @ 5.64499
c bounds -2287 >= -6760 @ 5.65075
c bounds -2303 >= -6760 @ 5.65504
c bounds -2319 >= -6760 @ 5.66025
c bounds -2335 >= -6760 @ 5.66834
c bounds -2351 >= -6760 @ 5.67536
c bounds -2367 >= -6760 @ 5.68097
c bounds -2368 >= -6760 @ 5.68562
c bounds -2384 >= -6760 @ 5.68892
c bounds -2388 >= -6760 @ 5.69349
c bounds -2404 >= -6760 @ 5.69889
c bounds -2420 >= -6760 @ 5.70326
c bounds -2436 >= -6760 @ 5.70877
c bounds -2440 >= -6760 @ 5.71326
c bounds -2444 >= -6760 @ 5.7186
c bounds -2448 >= -6760 @ 5.72297
c bounds -2452 >= -6760 @ 5.72828
c bounds -2456 >= -6760 @ 5.73357
c bounds -2456 >= -6744 @ 5.74395
c bounds -2460 >= -6744 @ 5.74909
c bounds -2464 >= -6744 @ 5.75341
c bounds -2480 >= -6744 @ 5.75966
c bounds -2480 >= -6728 @ 5.76541
c bounds -2496 >= -6728 @ 5.77239
c bounds -2500 >= -6728 @ 5.77774
c bounds -2500 >= -6712 @ 5.82715
c bounds -2504 >= -6712 @ 5.83246
c bounds -2508 >= -6712 @ 5.83683
c bounds -2512 >= -6712 @ 5.84094
c bounds -2528 >= -6712 @ 5.8481
c bounds -2544 >= -6712 @ 5.85339
c bounds -2548 >= -6712 @ 5.85862
c bounds -2564 >= -6712 @ 5.86377
c bounds -2580 >= -6712 @ 5.86903
c bounds -2596 >= -6712 @ 5.87429
c bounds -2600 >= -6712 @ 5.87859
c bounds -2616 >= -6712 @ 5.88383
c bounds -2632 >= -6712 @ 5.88913
c bounds -2636 >= -6712 @ 5.89447
c bounds -2644 >= -6712 @ 5.89965
c bounds -2648 >= -6712 @ 5.90499
c bounds -2664 >= -6712 @ 5.91128
c bounds -2680 >= -6712 @ 5.91566
c #Conflicts:      41000 | #Constraints:      20935
c bounds -2680 >= -6696 @ 5.97244
c bounds -2684 >= -6696 @ 5.97783
c bounds -2700 >= -6696 @ 5.98318
c bounds -2716 >= -6696 @ 5.98971
c bounds -2720 >= -6696 @ 5.99518
c bounds -2724 >= -6696 @ 6.0006
c bounds -2740 >= -6696 @ 6.00704
c bounds -2744 >= -6696 @ 6.01256
c bounds -2760 >= -6696 @ 6.01696
c bounds -2764 >= -6696 @ 6.02227
c bounds -2768 >= -6696 @ 6.02564
c bounds -2784 >= -6696 @ 6.03188
c bounds -2800 >= -6696 @ 6.0382
c bounds -2816 >= -6696 @ 6.04257
c bounds -2832 >= -6696 @ 6.0488
c bounds -2840 >= -6696 @ 6.05391
c bounds -2844 >= -6696 @ 6.05915
c bounds -2852 >= -6696 @ 6.06429
c bounds -2868 >= -6696 @ 6.06941
c bounds -2872 >= -6696 @ 6.0737
c bounds -2888 >= -6696 @ 6.07901
c bounds -2888 >= -6680 @ 6.27425
c bounds -2904 >= -6680 @ 6.28055
c bounds -2912 >= -6680 @ 6.28282
c bounds -2928 >= -6680 @ 6.28917
c bounds -2932 >= -6680 @ 6.29347
c bounds -2948 >= -6680 @ 6.29979
c bounds -2964 >= -6680 @ 6.30621
c bounds -2968 >= -6680 @ 6.30958
c bounds -2972 >= -6680 @ 6.31486
c bounds -2976 >= -6680 @ 6.32024
c bounds -2984 >= -6680 @ 6.32631
c bounds -2986 >= -6680 @ 6.33465
c #Conflicts:      42000 | #Constraints:      21990
c #Conflicts:      43000 | #Constraints:      22990
c bounds -2988 >= -6680 @ 6.48207
c bounds -3004 >= -6680 @ 6.48902
c bounds -3020 >= -6680 @ 6.49336
c bounds -3036 >= -6680 @ 6.67778
c bounds -3036 >= -6664 @ 6.67958
c bounds -3036 >= -6648 @ 6.68257
c bounds -3036 >= -6632 @ 6.68379
c bounds -3036 >= -6616 @ 6.68555
c bounds -3036 >= -6600 @ 6.68654
c bounds -3036 >= -6584 @ 6.68683
c bounds -3036 >= -6568 @ 6.68921
c bounds -3036 >= -6552 @ 6.69353
c bounds -3036 >= -6536 @ 6.69648
c bounds -3036 >= -6520 @ 6.69792
c bounds -3036 >= -6504 @ 6.70117
c bounds -3036 >= -6488 @ 6.70149
c bounds -3036 >= -6472 @ 6.7049
c bounds -3036 >= -6456 @ 6.70647
c bounds -3036 >= -6440 @ 6.70805
c bounds -3036 >= -6424 @ 6.71192
c bounds -3036 >= -6408 @ 6.71732
c bounds -3036 >= -6392 @ 6.72341
c bounds -3036 >= -6376 @ 6.72521
c bounds -3036 >= -6360 @ 6.7301
c bounds -3036 >= -6344 @ 6.73223
c bounds -3036 >= -6328 @ 6.73516
c bounds -3036 >= -6312 @ 6.73651
c bounds -3036 >= -6296 @ 6.73987
c bounds -3036 >= -6280 @ 6.74296
c bounds -3036 >= -6264 @ 6.74547
c bounds -3036 >= -6248 @ 6.74922
c bounds -3036 >= -6232 @ 6.75202
c bounds -3036 >= -6216 @ 6.75819
c bounds -3036 >= -6200 @ 6.76271
c bounds -3036 >= -6184 @ 6.76565
c bounds -3036 >= -6168 @ 6.76924
c bounds -3036 >= -6152 @ 6.76962
c bounds -3036 >= -6136 @ 6.77821
c bounds -3036 >= -6120 @ 6.78131
c bounds -3036 >= -6104 @ 6.78659
c bounds -3036 >= -6088 @ 6.79017
c bounds -3036 >= -6072 @ 6.79116
c bounds -3036 >= -6056 @ 6.79165
c bounds -3036 >= -6040 @ 6.79328
c #Conflicts:      44000 | #Constraints:      24274
c bounds -3036 >= -6024 @ 6.79771
c bounds -3036 >= -6008 @ 6.80501
c bounds -3036 >= -5992 @ 6.81659
c bounds -3036 >= -5976 @ 6.82405
c bounds -3036 >= -5960 @ 6.82437
c bounds -3036 >= -5944 @ 6.90785
c bounds -3036 >= -5928 @ 6.91636
c bounds -3036 >= -5912 @ 6.9547
c #Conflicts:      45000 | #Constraints:      25353
c bounds -3052 >= -5912 @ 6.98278
c #Conflicts:      46000 | #Constraints:      26354
c #Conflicts:      47000 | #Constraints:      27354
c #Conflicts:      48000 | #Constraints:      28354
c #Conflicts:      49000 | #Constraints:      29354
c bounds -3052 >= -5896 @ 9.3139
c bounds -3068 >= -5896 @ 9.42771
c bounds -3084 >= -5896 @ 9.46589
c #Conflicts:      50000 | #Constraints:      30389
c bounds -3100 >= -5896 @ 9.52354
c bounds -3116 >= -5896 @ 9.58348
c bounds -3132 >= -5896 @ 9.60026
c bounds -3148 >= -5896 @ 9.61531
c #Conflicts:      51000 | #Constraints:      31393
c #Conflicts:      52000 | #Constraints:      32393
c bounds -3149 >= -5896 @ 15.1972
c INPROCESSING
c GARBAGE COLLECT
c #Conflicts:      53000 | #Constraints:      21485
c #Conflicts:      54000 | #Constraints:      22485
c #Conflicts:      55000 | #Constraints:      23485
c #Conflicts:      56000 | #Constraints:      24485
c #Conflicts:      57000 | #Constraints:      25485
c #Conflicts:      58000 | #Constraints:      26485
c INPROCESSING
c GARBAGE COLLECT
c #Conflicts:      59000 | #Constraints:      18768
c bounds -3149 >= -5880 @ 18.5608
c #Conflicts:      60000 | #Constraints:      19807
c bounds -3149 >= -5864 @ 18.8905
c #Conflicts:      61000 | #Constraints:      20822
c #Conflicts:      62000 | #Constraints:      21822
c #Conflicts:      63000 | #Constraints:      22822
c #Conflicts:      64000 | #Constraints:      23822
c #Conflicts:      65000 | #Constraints:      24822
c bounds -3149 >= -5848 @ 20.346
c #Conflicts:      66000 | #Constraints:      25882
c #Conflicts:      67000 | #Constraints:      26882
c #Conflicts:      68000 | #Constraints:      27882
c #Conflicts:      69000 | #Constraints:      28882
c #Conflicts:      70000 | #Constraints:      29882
c #Conflicts:      71000 | #Constraints:      30882
c #Conflicts:      72000 | #Constraints:      31882
c bounds -3149 >= -5832 @ 22.9314
c #Conflicts:      73000 | #Constraints:      32924
c #Conflicts:      74000 | #Constraints:      33924
c #Conflicts:      75000 | #Constraints:      34924
c #Conflicts:      76000 | #Constraints:      35924
c INPROCESSING
c GARBAGE COLLECT
c #Conflicts:      77000 | #Constraints:      23678
c #Conflicts:      78000 | #Constraints:      24678
c #Conflicts:      79000 | #Constraints:      25678
c #Conflicts:      80000 | #Constraints:      26678
c #Conflicts:      81000 | #Constraints:      27678
c #Conflicts:      82000 | #Constraints:      28678
c #Conflicts:      83000 | #Constraints:      29678
c #Conflicts:      84000 | #Constraints:      30678
c #Conflicts:      85000 | #Constraints:      31678
c #Conflicts:      86000 | #Constraints:      32678
c #Conflicts:      87000 | #Constraints:      33678
c #Conflicts:      88000 | #Constraints:      34678
c #Conflicts:      89000 | #Constraints:      35678
c #Conflicts:      90000 | #Constraints:      36678
c #Conflicts:      91000 | #Constraints:      37678
c #Conflicts:      92000 | #Constraints:      38678
c #Conflicts:      93000 | #Constraints:      39678
c #Conflicts:      94000 | #Constraints:      40678
c #Conflicts:      95000 | #Constraints:      41678
c #Conflicts:      96000 | #Constraints:      42678
c INPROCESSING
c GARBAGE COLLECT
c #Conflicts:      97000 | #Constraints:      27197
c #Conflicts:      98000 | #Constraints:      28197
c #Conflicts:      99000 | #Constraints:      29197
c #Conflicts:     100000 | #Constraints:      30197
c #Conflicts:     101000 | #Constraints:      31197
c #Conflicts:     102000 | #Constraints:      32197
c bounds -3150 >= -5832 @ 211.293
c bounds -3152 >= -5832 @ 211.479
c bounds -3154 >= -5832 @ 211.636
c #Conflicts:     103000 | #Constraints:      33200
c bounds -3158 >= -5832 @ 213.001
c bounds -3162 >= -5832 @ 213.643
c bounds -3163 >= -5832 @ 213.661
c bounds -3164 >= -5832 @ 213.982
c bounds -3165 >= -5832 @ 214.181
c bounds -3166 >= -5832 @ 214.198
c bounds -3170 >= -5832 @ 214.216
c #Conflicts:     104000 | #Constraints:      34207
c bounds -3172 >= -5832 @ 215.44
c bounds -3174 >= -5832 @ 215.823
c bounds -3176 >= -5832 @ 216.156
c #Conflicts:     105000 | #Constraints:      35210
c INPROCESSING
c GARBAGE COLLECT
c #Conflicts:     106000 | #Constraints:      24361
c #Conflicts:     107000 | #Constraints:      25361
c bounds -3178 >= -5832 @ 222.796
c bounds -3180 >= -5832 @ 224.486
c #Conflicts:     108000 | #Constraints:      26363
c bounds -3182 >= -5832 @ 226.805
c #Conflicts:     109000 | #Constraints:      27364
c bounds -3183 >= -5832 @ 228.308
c bounds -3187 >= -5832 @ 228.324
c bounds -3189 >= -5832 @ 230.863
c bounds -3190 >= -5832 @ 232.614
c #Conflicts:     110000 | #Constraints:      28368
c #Conflicts:     111000 | #Constraints:      29368
c #Conflicts:     112000 | #Constraints:      30368
c #Conflicts:     113000 | #Constraints:      31368
c #Conflicts:     114000 | #Constraints:      32368
c #Conflicts:     115000 | #Constraints:      33368
c #Conflicts:     116000 | #Constraints:      34368
c bounds -3192 >= -5832 @ 252.817
c #Conflicts:     117000 | #Constraints:      35369
c #Conflicts:     118000 | #Constraints:      36369
c #Conflicts:     119000 | #Constraints:      37369
c bounds -3194 >= -5832 @ 268.997
c #Conflicts:     120000 | #Constraints:      38370
c #Conflicts:     121000 | #Constraints:      39370
c #Conflicts:     122000 | #Constraints:      40370
c #Conflicts:     123000 | #Constraints:      41370
c bounds -3196 >= -5832 @ 291.948
c bounds -3197 >= -5832 @ 292.007
c #Conflicts:     124000 | #Constraints:      42372
c bounds -3198 >= -5832 @ 298.788
c #Conflicts:     125000 | #Constraints:      43373
c #Conflicts:     126000 | #Constraints:      44373
c #Conflicts:     127000 | #Constraints:      45373
c #Conflicts:     128000 | #Constraints:      46373
c INPROCESSING
c GARBAGE COLLECT
c #Conflicts:     129000 | #Constraints:      29304
c #Conflicts:     130000 | #Constraints:      30304
c #Conflicts:     131000 | #Constraints:      31304
c #Conflicts:     132000 | #Constraints:      32304
c #Conflicts:     133000 | #Constraints:      33304
c #Conflicts:     134000 | #Constraints:      34304
c #Conflicts:     135000 | #Constraints:      35304
c #Conflicts:     136000 | #Constraints:      36304
c #Conflicts:     137000 | #Constraints:      37304
c INPROCESSING
c GARBAGE COLLECT
c bounds -3198 >= -5822 @ 389.8
c #Conflicts:     138000 | #Constraints:      24422
c #Conflicts:     139000 | #Constraints:      25422
c bounds -3198 >= -5812 @ 390.122
c bounds -3198 >= -5802 @ 390.131
c #Conflicts:     140000 | #Constraints:      26434
c #Conflicts:     141000 | #Constraints:      27434
c bounds -3198 >= -5792 @ 390.357
c bounds -3198 >= -5782 @ 390.365
c #Conflicts:     142000 | #Constraints:      28446
c #Conflicts:     143000 | #Constraints:      29446
c bounds -3198 >= -5772 @ 390.736
c #Conflicts:     144000 | #Constraints:      30455
c #Conflicts:     145000 | #Constraints:      31455
c bounds -3198 >= -5762 @ 391.172
c bounds -3198 >= -5752 @ 391.203
c #Conflicts:     146000 | #Constraints:      32464
c #Conflicts:     147000 | #Constraints:      33464
c #Conflicts:     148000 | #Constraints:      34464
c #Conflicts:     149000 | #Constraints:      35464
c bounds -3198 >= -5742 @ 392.034
c #Conflicts:     150000 | #Constraints:      36470
c #Conflicts:     151000 | #Constraints:      37470
c #Conflicts:     152000 | #Constraints:      38470
c bounds -3198 >= -5732 @ 393.152
c bounds -3198 >= -5722 @ 393.335
c #Conflicts:     153000 | #Constraints:      39485
c bounds -3198 >= -5712 @ 393.688
c #Conflicts:     154000 | #Constraints:      40494
c bounds -3198 >= -5702 @ 394.406
c #Conflicts:     155000 | #Constraints:      41506
c bounds -3198 >= -5692 @ 394.533
c #Conflicts:     156000 | #Constraints:      42509
c #Conflicts:     157000 | #Constraints:      43509
c bounds -3198 >= -5682 @ 394.903
c #Conflicts:     158000 | #Constraints:      44515
c #Conflicts:     159000 | #Constraints:      45515
c #Conflicts:     160000 | #Constraints:      46515
c bounds -3198 >= -5672 @ 396.755
c #Conflicts:     161000 | #Constraints:      47530
c #Conflicts:     162000 | #Constraints:      48530
c #Conflicts:     163000 | #Constraints:      49530
c INPROCESSING
c GARBAGE COLLECT
c #Conflicts:     164000 | #Constraints:      30547
c #Conflicts:     165000 | #Constraints:      31547
c #Conflicts:     166000 | #Constraints:      32547
c #Conflicts:     167000 | #Constraints:      33547
c #Conflicts:     168000 | #Constraints:      34547
c #Conflicts:     169000 | #Constraints:      35547
c #Conflicts:     170000 | #Constraints:      36547
c bounds -3198 >= -5662 @ 401.967
c #Conflicts:     171000 | #Constraints:      37562
c #Conflicts:     172000 | #Constraints:      38562
c bounds -3198 >= -5648 @ 403.953
c #Conflicts:     173000 | #Constraints:      39585
c bounds -3198 >= -5638 @ 404.274
c bounds -3198 >= -5628 @ 404.738
c #Conflicts:     174000 | #Constraints:      40630
c INPROCESSING
c GARBAGE COLLECT
c #Conflicts:     175000 | #Constraints:      26968
c #Conflicts:     176000 | #Constraints:      27968
c #Conflicts:     177000 | #Constraints:      28968
c bounds -3198 >= -5618 @ 407.886
c #Conflicts:     178000 | #Constraints:      29992
c #Conflicts:     179000 | #Constraints:      30992
c #Conflicts:     180000 | #Constraints:      31992
c bounds -3198 >= -5608 @ 409.889
c #Conflicts:     181000 | #Constraints:      33013
c #Conflicts:     182000 | #Constraints:      34013
c #Conflicts:     183000 | #Constraints:      35013
c #Conflicts:     184000 | #Constraints:      36013
c #Conflicts:     185000 | #Constraints:      37013
c bounds -3198 >= -5598 @ 414.516
c #Conflicts:     186000 | #Constraints:      38037
c #Conflicts:     187000 | #Constraints:      39037
c #Conflicts:     188000 | #Constraints:      40037
c bounds -3198 >= -5588 @ 418.987
c #Conflicts:     189000 | #Constraints:      41058
c #Conflicts:     190000 | #Constraints:      42058
c #Conflicts:     191000 | #Constraints:      43058
c #Conflicts:     192000 | #Constraints:      44058
c #Conflicts:     193000 | #Constraints:      45058
c #Conflicts:     194000 | #Constraints:      46058
c #Conflicts:     195000 | #Constraints:      47058
c bounds -3198 >= -5578 @ 427.591
c #Conflicts:     196000 | #Constraints:      48073
c #Conflicts:     197000 | #Constraints:      49073
c #Conflicts:     198000 | #Constraints:      50073
c #Conflicts:     199000 | #Constraints:      51073
c #Conflicts:     200000 | #Constraints:      52073
c bounds -3198 >= -5568 @ 435.272
c #Conflicts:     201000 | #Constraints:      53097
c #Conflicts:     202000 | #Constraints:      54097
c #Conflicts:     203000 | #Constraints:      55097
c #Conflicts:     204000 | #Constraints:      56097
c INPROCESSING
c GARBAGE COLLECT
c #Conflicts:     205000 | #Constraints:      34376
c bounds -3198 >= -5558 @ 443.841
c #Conflicts:     206000 | #Constraints:      35409
c #Conflicts:     207000 | #Constraints:      36409
c #Conflicts:     208000 | #Constraints:      37409
c #Conflicts:     209000 | #Constraints:      38409
c #Conflicts:     210000 | #Constraints:      39409
c #Conflicts:     211000 | #Constraints:      40409
c #Conflicts:     212000 | #Constraints:      41409
c #Conflicts:     213000 | #Constraints:      42409
c #Conflicts:     214000 | #Constraints:      43409
c bounds -3198 >= -5548 @ 453.292
c #Conflicts:     215000 | #Constraints:      44445
c #Conflicts:     216000 | #Constraints:      45445
c INPROCESSING
c GARBAGE COLLECT
c #Conflicts:     217000 | #Constraints:      29463
c #Conflicts:     218000 | #Constraints:      30463
c bounds -3198 >= -5538 @ 455.433
c bounds -3198 >= -5528 @ 455.447
c #Conflicts:     219000 | #Constraints:      31469
c #Conflicts:     220000 | #Constraints:      32469
c #Conflicts:     221000 | #Constraints:      33469
c bounds -3198 >= -5518 @ 455.964
c #Conflicts:     222000 | #Constraints:      34478
c #Conflicts:     223000 | #Constraints:      35478
c #Conflicts:     224000 | #Constraints:      36478
c bounds -3198 >= -5508 @ 457.174
c #Conflicts:     225000 | #Constraints:      37490
c #Conflicts:     226000 | #Constraints:      38490
c #Conflicts:     227000 | #Constraints:      39490
c #Conflicts:     228000 | #Constraints:      40490
c #Conflicts:     229000 | #Constraints:      41490
c bounds -3198 >= -5498 @ 459.135
c #Conflicts:     230000 | #Constraints:      42502
c #Conflicts:     231000 | #Constraints:      43502
c #Conflicts:     232000 | #Constraints:      44502
c #Conflicts:     233000 | #Constraints:      45502
c #Conflicts:     234000 | #Constraints:      46502
c #Conflicts:     235000 | #Constraints:      47502
c #Conflicts:     236000 | #Constraints:      48502
c #Conflicts:     237000 | #Constraints:      49502
c #Conflicts:     238000 | #Constraints:      50502
c #Conflicts:     239000 | #Constraints:      51502
c #Conflicts:     240000 | #Constraints:      52502
c #Conflicts:     241000 | #Constraints:      53502
c #Conflicts:     242000 | #Constraints:      54502
c #Conflicts:     243000 | #Constraints:      55502
c #Conflicts:     244000 | #Constraints:      56502
c bounds -3198 >= -5488 @ 473.791
c #Conflicts:     245000 | #Constraints:      57505
c #Conflicts:     246000 | #Constraints:      58505
c #Conflicts:     247000 | #Constraints:      59505
c bounds -3198 >= -5478 @ 474.438
c #Conflicts:     248000 | #Constraints:      60508
c INPROCESSING
c GARBAGE COLLECT
c #Conflicts:     249000 | #Constraints:      36160
c bounds -3198 >= -5468 @ 474.924
c #Conflicts:     250000 | #Constraints:      37163
c #Conflicts:     251000 | #Constraints:      38163
c #Conflicts:     252000 | #Constraints:      39163
c #Conflicts:     253000 | #Constraints:      40163
c bounds -3198 >= -5458 @ 475.642
c bounds -3198 >= -5448 @ 475.654
c #Conflicts:     254000 | #Constraints:      41172
c #Conflicts:     255000 | #Constraints:      42172
c #Conflicts:     256000 | #Constraints:      43172
c bounds -3198 >= -5438 @ 476.286
c #Conflicts:     257000 | #Constraints:      44181
c #Conflicts:     258000 | #Constraints:      45181
c #Conflicts:     259000 | #Constraints:      46181
c #Conflicts:     260000 | #Constraints:      47181
c #Conflicts:     261000 | #Constraints:      48181
c bounds -3198 >= -5428 @ 477.99
c #Conflicts:     262000 | #Constraints:      49190
c INPROCESSING
c GARBAGE COLLECT
c #Conflicts:     263000 | #Constraints:      31323
c #Conflicts:     264000 | #Constraints:      32323
c #Conflicts:     265000 | #Constraints:      33323
c #Conflicts:     266000 | #Constraints:      34323
c #Conflicts:     267000 | #Constraints:      35323
c #Conflicts:     268000 | #Constraints:      36323
c #Conflicts:     269000 | #Constraints:      37323
c #Conflicts:     270000 | #Constraints:      38323
c #Conflicts:     271000 | #Constraints:      39323
c #Conflicts:     272000 | #Constraints:      40323
c #Conflicts:     273000 | #Constraints:      41323
c #Conflicts:     274000 | #Constraints:      42323
c #Conflicts:     275000 | #Constraints:      43323
c #Conflicts:     276000 | #Constraints:      44323
c #Conflicts:     277000 | #Constraints:      45323
c bounds -3198 >= -5418 @ 483.611
c #Conflicts:     278000 | #Constraints:      46332
c #Conflicts:     279000 | #Constraints:      47332
c #Conflicts:     280000 | #Constraints:      48332
c #Conflicts:     281000 | #Constraints:      49332
c bounds -3198 >= -5408 @ 485.852
c #Conflicts:     282000 | #Constraints:      50341
c #Conflicts:     283000 | #Constraints:      51341
c #Conflicts:     284000 | #Constraints:      52341
c #Conflicts:     285000 | #Constraints:      53341
c #Conflicts:     286000 | #Constraints:      54341
c #Conflicts:     287000 | #Constraints:      55341
c #Conflicts:     288000 | #Constraints:      56341
c bounds -3198 >= -5398 @ 489.391
c #Conflicts:     289000 | #Constraints:      57353
c #Conflicts:     290000 | #Constraints:      58353
c #Conflicts:     291000 | #Constraints:      59353
c #Conflicts:     292000 | #Constraints:      60353
c #Conflicts:     293000 | #Constraints:      61353
c bounds -3198 >= -5388 @ 493.13
c #Conflicts:     294000 | #Constraints:      62395
c #Conflicts:     295000 | #Constraints:      63395
c #Conflicts:     296000 | #Constraints:      64395
c #Conflicts:     297000 | #Constraints:      65395
c INPROCESSING
c GARBAGE COLLECT
c #Conflicts:     298000 | #Constraints:      38697
c #Conflicts:     299000 | #Constraints:      39697
c bounds -3198 >= -5378 @ 500.539
c #Conflicts:     300000 | #Constraints:      40739
c #Conflicts:     301000 | #Constraints:      41739
c #Conflicts:     302000 | #Constraints:      42739
c bounds -3198 >= -5368 @ 503.113
c #Conflicts:     303000 | #Constraints:      43766
c #Conflicts:     304000 | #Constraints:      44766
c #Conflicts:     305000 | #Constraints:      45766
c bounds -3198 >= -5358 @ 506.645
c #Conflicts:     306000 | #Constraints:      46799
c #Conflicts:     307000 | #Constraints:      47799
c #Conflicts:     308000 | #Constraints:      48799
c #Conflicts:     309000 | #Constraints:      49799
c bounds -3198 >= -5348 @ 513.92
c #Conflicts:     310000 | #Constraints:      50826
c #Conflicts:     311000 | #Constraints:      51826
c #Conflicts:     312000 | #Constraints:      52826
c INPROCESSING
c GARBAGE COLLECT
c #Conflicts:     313000 | #Constraints:      33255
c #Conflicts:     314000 | #Constraints:      34255
c #Conflicts:     315000 | #Constraints:      35255
c #Conflicts:     316000 | #Constraints:      36255
c #Conflicts:     317000 | #Constraints:      37255
c #Conflicts:     318000 | #Constraints:      38255
c #Conflicts:     319000 | #Constraints:      39255
c bounds -3198 >= -5338 @ 525.385
c #Conflicts:     320000 | #Constraints:      40297
c #Conflicts:     321000 | #Constraints:      41297
c #Conflicts:     322000 | #Constraints:      42297
c #Conflicts:     323000 | #Constraints:      43297
c #Conflicts:     324000 | #Constraints:      44297
c #Conflicts:     325000 | #Constraints:      45297
c #Conflicts:     326000 | #Constraints:      46297
c bounds -3198 >= -5328 @ 534.499
c #Conflicts:     327000 | #Constraints:      47327
c #Conflicts:     328000 | #Constraints:      48327
c #Conflicts:     329000 | #Constraints:      49327
c #Conflicts:     330000 | #Constraints:      50327
c #Conflicts:     331000 | #Constraints:      51327
c #Conflicts:     332000 | #Constraints:      52327
c #Conflicts:     333000 | #Constraints:      53327
c #Conflicts:     334000 | #Constraints:      54327
c bounds -3198 >= -5318 @ 552.623
c #Conflicts:     335000 | #Constraints:      55357
c #Conflicts:     336000 | #Constraints:      56357
c #Conflicts:     337000 | #Constraints:      57357
c #Conflicts:     338000 | #Constraints:      58357
c #Conflicts:     339000 | #Constraints:      59357
c #Conflicts:     340000 | #Constraints:      60357
c #Conflicts:     341000 | #Constraints:      61357
c bounds -3200 >= -5318 @ 588.632
c #Conflicts:     342000 | #Constraints:      62358
c #Conflicts:     343000 | #Constraints:      63358
c #Conflicts:     344000 | #Constraints:      64358
c #Conflicts:     345000 | #Constraints:      65358
c #Conflicts:     346000 | #Constraints:      66358
c #Conflicts:     347000 | #Constraints:      67358
c #Conflicts:     348000 | #Constraints:      68358
c #Conflicts:     349000 | #Constraints:      69358
c #Conflicts:     350000 | #Constraints:      70358
c #Conflicts:     351000 | #Constraints:      71358
c INPROCESSING
c GARBAGE COLLECT
c bounds -3200 >= -5308 @ 607.331
c #Conflicts:     352000 | #Constraints:      42110
c #Conflicts:     353000 | #Constraints:      43110
c bounds -3200 >= -5298 @ 607.766
c #Conflicts:     354000 | #Constraints:      44116
c #Conflicts:     355000 | #Constraints:      45116
c #Conflicts:     356000 | #Constraints:      46116
c #Conflicts:     357000 | #Constraints:      47116
c #Conflicts:     358000 | #Constraints:      48116
c #Conflicts:     359000 | #Constraints:      49116
c #Conflicts:     360000 | #Constraints:      50116
c #Conflicts:     361000 | #Constraints:      51116
c #Conflicts:     362000 | #Constraints:      52116
c #Conflicts:     363000 | #Constraints:      53116
c #Conflicts:     364000 | #Constraints:      54116
c #Conflicts:     365000 | #Constraints:      55116
c #Conflicts:     366000 | #Constraints:      56116
c #Conflicts:     367000 | #Constraints:      57116
c INPROCESSING
c GARBAGE COLLECT
c #Conflicts:     368000 | #Constraints:      35777
c #Conflicts:     369000 | #Constraints:      36777
c #Conflicts:     370000 | #Constraints:      37777
c #Conflicts:     371000 | #Constraints:      38777
c #Conflicts:     372000 | #Constraints:      39777
c #Conflicts:     373000 | #Constraints:      40777
c #Conflicts:     374000 | #Constraints:      41777
c #Conflicts:     375000 | #Constraints:      42777
c #Conflicts:     376000 | #Constraints:      43777
c #Conflicts:     377000 | #Constraints:      44777
c #Conflicts:     378000 | #Constraints:      45777
c #Conflicts:     379000 | #Constraints:      46777
c #Conflicts:     380000 | #Constraints:      47777
c #Conflicts:     381000 | #Constraints:      48777
c #Conflicts:     382000 | #Constraints:      49777
c #Conflicts:     383000 | #Constraints:      50777
c bounds -3200 >= -5288 @ 644.11
c #Conflicts:     384000 | #Constraints:      51819
c #Conflicts:     385000 | #Constraints:      52819
c #Conflicts:     386000 | #Constraints:      53819
c #Conflicts:     387000 | #Constraints:      54819
c #Conflicts:     388000 | #Constraints:      55819
c #Conflicts:     389000 | #Constraints:      56819
c #Conflicts:     390000 | #Constraints:      57819
c #Conflicts:     391000 | #Constraints:      58819
c #Conflicts:     392000 | #Constraints:      59819
c #Conflicts:     393000 | #Constraints:      60819
c #Conflicts:     394000 | #Constraints:      61819
c #Conflicts:     395000 | #Constraints:      62819
c #Conflicts:     396000 | #Constraints:      63819
c #Conflicts:     397000 | #Constraints:      64819
c #Conflicts:     398000 | #Constraints:      65819
c bounds -3200 >= -5278 @ 668.923
c #Conflicts:     399000 | #Constraints:      66876
c #Conflicts:     400000 | #Constraints:      67876
c #Conflicts:     401000 | #Constraints:      68876
c #Conflicts:     402000 | #Constraints:      69876
c #Conflicts:     403000 | #Constraints:      70876
c #Conflicts:     404000 | #Constraints:      71876
c #Conflicts:     405000 | #Constraints:      72876
c #Conflicts:     406000 | #Constraints:      73876
c bounds -3200 >= -5268 @ 690.14
c bounds -3201 >= -5268 @ 690.316
c bounds -3205 >= -5268 @ 690.383
c bounds -3206 >= -5268 @ 690.479
c #Conflicts:     407000 | #Constraints:      74909
c #Conflicts:     408000 | #Constraints:      75909
c INPROCESSING
c GARBAGE COLLECT
c #Conflicts:     409000 | #Constraints:      44056
c #Conflicts:     410000 | #Constraints:      45056
c #Conflicts:     411000 | #Constraints:      46056
c #Conflicts:     412000 | #Constraints:      47056
c #Conflicts:     413000 | #Constraints:      48056
c #Conflicts:     414000 | #Constraints:      49056
c #Conflicts:     415000 | #Constraints:      50056
c #Conflicts:     416000 | #Constraints:      51056
c #Conflicts:     417000 | #Constraints:      52056
c #Conflicts:     418000 | #Constraints:      53056
c #Conflicts:     419000 | #Constraints:      54056
c bounds -3206 >= -5258 @ 718.695
c #Conflicts:     420000 | #Constraints:      55077
c #Conflicts:     421000 | #Constraints:      56077
c #Conflicts:     422000 | #Constraints:      57077
c #Conflicts:     423000 | #Constraints:      58077
c #Conflicts:     424000 | #Constraints:      59077
c #Conflicts:     425000 | #Constraints:      60077
c #Conflicts:     426000 | #Constraints:      61077
c INPROCESSING
c GARBAGE COLLECT
c #Conflicts:     427000 | #Constraints:      37817
c #Conflicts:     428000 | #Constraints:      38817
c #Conflicts:     429000 | #Constraints:      39817
c #Conflicts:     430000 | #Constraints:      40817
c #Conflicts:     431000 | #Constraints:      41817
c #Conflicts:     432000 | #Constraints:      42817
c #Conflicts:     433000 | #Constraints:      43817
c #Conflicts:     434000 | #Constraints:      44817
c #Conflicts:     435000 | #Constraints:      45817
c #Conflicts:     436000 | #Constraints:      46817
c #Conflicts:     437000 | #Constraints:      47817
c #Conflicts:     438000 | #Constraints:      48817
c #Conflicts:     439000 | #Constraints:      49817
c #Conflicts:     440000 | #Constraints:      50817
c #Conflicts:     441000 | #Constraints:      51817
c #Conflicts:     442000 | #Constraints:      52817
c #Conflicts:     443000 | #Constraints:      53817
c #Conflicts:     444000 | #Constraints:      54817
c #Conflicts:     445000 | #Constraints:      55817
c bounds -3206 >= -5248 @ 775.326
c #Conflicts:     446000 | #Constraints:      56856
c #Conflicts:     447000 | #Constraints:      57856
c #Conflicts:     448000 | #Constraints:      58856
c #Conflicts:     449000 | #Constraints:      59856
c #Conflicts:     450000 | #Constraints:      60856
c #Conflicts:     451000 | #Constraints:      61856
c bounds -3206 >= -5238 @ 789.502
c #Conflicts:     452000 | #Constraints:      62886
c #Conflicts:     453000 | #Constraints:      63886
c #Conflicts:     454000 | #Constraints:      64886
c #Conflicts:     455000 | #Constraints:      65886
c #Conflicts:     456000 | #Constraints:      66886
c #Conflicts:     457000 | #Constraints:      67886
c #Conflicts:     458000 | #Constraints:      68886
c #Conflicts:     459000 | #Constraints:      69886
c #Conflicts:     460000 | #Constraints:      70886
c #Conflicts:     461000 | #Constraints:      71886
c #Conflicts:     462000 | #Constraints:      72886
c bounds -3206 >= -5228 @ 808.962
c #Conflicts:     463000 | #Constraints:      73922
c #Conflicts:     464000 | #Constraints:      74922
c #Conflicts:     465000 | #Constraints:      75922
c #Conflicts:     466000 | #Constraints:      76922
c #Conflicts:     467000 | #Constraints:      77922
c #Conflicts:     468000 | #Constraints:      78922
c #Conflicts:     469000 | #Constraints:      79922
c #Conflicts:     470000 | #Constraints:      80922
c #Conflicts:     471000 | #Constraints:      81922
c INPROCESSING
c GARBAGE COLLECT
c #Conflicts:     472000 | #Constraints:      47478
c #Conflicts:     473000 | #Constraints:      48478
c #Conflicts:     474000 | #Constraints:      49478
c #Conflicts:     475000 | #Constraints:      50478
c #Conflicts:     476000 | #Constraints:      51478
c bounds -3206 >= -5218 @ 837.714
c #Conflicts:     477000 | #Constraints:      52517
c bounds -3207 >= -5218 @ 838.331
c bounds -3208 >= -5218 @ 838.358
c bounds -3210 >= -5218 @ 838.382
c bounds -3212 >= -5218 @ 838.411
c #Conflicts:     478000 | #Constraints:      53521
c #Conflicts:     479000 | #Constraints:      54521
c #Conflicts:     480000 | #Constraints:      55521
c bounds -3215 >= -5218 @ 840.362
c bounds -3216 >= -5218 @ 840.396
c #Conflicts:     481000 | #Constraints:      56523
c #Conflicts:     482000 | #Constraints:      57523
c #Conflicts:     483000 | #Constraints:      58523
c #Conflicts:     484000 | #Constraints:      59523
c #Conflicts:     485000 | #Constraints:      60523
c #Conflicts:     486000 | #Constraints:      61523
c #Conflicts:     487000 | #Constraints:      62523
c #Conflicts:     488000 | #Constraints:      63523
c #Conflicts:     489000 | #Constraints:      64523
c INPROCESSING
c GARBAGE COLLECT
c #Conflicts:     490000 | #Constraints:      39532
c #Conflicts:     491000 | #Constraints:      40532
c #Conflicts:     492000 | #Constraints:      41532
c #Conflicts:     493000 | #Constraints:      42532
c #Conflicts:     494000 | #Constraints:      43532
c #Conflicts:     495000 | #Constraints:      44532
c #Conflicts:     496000 | #Constraints:      45532
c #Conflicts:     497000 | #Constraints:      46532
c #Conflicts:     498000 | #Constraints:      47532
c #Conflicts:     499000 | #Constraints:      48532
c #Conflicts:     500000 | #Constraints:      49532
c #Conflicts:     501000 | #Constraints:      50532
c #Conflicts:     502000 | #Constraints:      51532
c #Conflicts:     503000 | #Constraints:      52532
c bounds -3216 >= -5208 @ 876.056
c #Conflicts:     504000 | #Constraints:      53568
c #Conflicts:     505000 | #Constraints:      54568
c #Conflicts:     506000 | #Constraints:      55568
c bounds -3220 >= -5208 @ 882.637
c #Conflicts:     507000 | #Constraints:      56569
c #Conflicts:     508000 | #Constraints:      57569
c #Conflicts:     509000 | #Constraints:      58569
c #Conflicts:     510000 | #Constraints:      59569
c #Conflicts:     511000 | #Constraints:      60569
c #Conflicts:     512000 | #Constraints:      61569
c #Conflicts:     513000 | #Constraints:      62569
c #Conflicts:     514000 | #Constraints:      63569
c bounds -3220 >= -5198 @ 885.114
c #Conflicts:     515000 | #Constraints:      64590
c #Conflicts:     516000 | #Constraints:      65590
c #Conflicts:     517000 | #Constraints:      66590
c #Conflicts:     518000 | #Constraints:      67590
c #Conflicts:     519000 | #Constraints:      68590
c #Conflicts:     520000 | #Constraints:      69590
c #Conflicts:     521000 | #Constraints:      70590
c #Conflicts:     522000 | #Constraints:      71590
c #Conflicts:     523000 | #Constraints:      72590
c #Conflicts:     524000 | #Constraints:      73590
c #Conflicts:     525000 | #Constraints:      74590
c bounds -3220 >= -5188 @ 927.261
c bounds -3224 >= -5188 @ 927.778
c #Conflicts:     526000 | #Constraints:      75624
c #Conflicts:     527000 | #Constraints:      76624
c #Conflicts:     528000 | #Constraints:      77624
c #Conflicts:     529000 | #Constraints:      78624
c #Conflicts:     530000 | #Constraints:      79624
c #Conflicts:     531000 | #Constraints:      80624
c #Conflicts:     532000 | #Constraints:      81624
c #Conflicts:     533000 | #Constraints:      82624
c #Conflicts:     534000 | #Constraints:      83624
c #Conflicts:     535000 | #Constraints:      84624
c #Conflicts:     536000 | #Constraints:      85624
c #Conflicts:     537000 | #Constraints:      86624
c INPROCESSING
c GARBAGE COLLECT
c #Conflicts:     538000 | #Constraints:      49409
c #Conflicts:     539000 | #Constraints:      50409
c #Conflicts:     540000 | #Constraints:      51409
c #Conflicts:     541000 | #Constraints:      52409
c #Conflicts:     542000 | #Constraints:      53409
c #Conflicts:     543000 | #Constraints:      54409
c #Conflicts:     544000 | #Constraints:      55409
c #Conflicts:     545000 | #Constraints:      56409
c #Conflicts:     546000 | #Constraints:      57409
c #Conflicts:     547000 | #Constraints:      58409
c #Conflicts:     548000 | #Constraints:      59409
c #Conflicts:     549000 | #Constraints:      60409
c #Conflicts:     550000 | #Constraints:      61409
c #Conflicts:     551000 | #Constraints:      62409
c bounds -3224 >= -5178 @ 1011.18
c #Conflicts:     552000 | #Constraints:      63445
c #Conflicts:     553000 | #Constraints:      64445
c #Conflicts:     554000 | #Constraints:      65445
c #Conflicts:     555000 | #Constraints:      66445
c #Conflicts:     556000 | #Constraints:      67445
c #Conflicts:     557000 | #Constraints:      68445
c INPROCESSING
c GARBAGE COLLECT
c #Conflicts:     558000 | #Constraints:      40281
c #Conflicts:     559000 | #Constraints:      41281
c #Conflicts:     560000 | #Constraints:      42281
c #Conflicts:     561000 | #Constraints:      43281
c #Conflicts:     562000 | #Constraints:      44281
c #Conflicts:     563000 | #Constraints:      45281
c #Conflicts:     564000 | #Constraints:      46281
c #Conflicts:     565000 | #Constraints:      47281
c #Conflicts:     566000 | #Constraints:      48281
c #Conflicts:     567000 | #Constraints:      49281
c #Conflicts:     568000 | #Constraints:      50281
c #Conflicts:     569000 | #Constraints:      51281
c #Conflicts:     570000 | #Constraints:      52281
c #Conflicts:     571000 | #Constraints:      53281
c #Conflicts:     572000 | #Constraints:      54281
c #Conflicts:     573000 | #Constraints:      55281
c #Conflicts:     574000 | #Constraints:      56281
c #Conflicts:     575000 | #Constraints:      57281
c #Conflicts:     576000 | #Constraints:      58281
c #Conflicts:     577000 | #Constraints:      59281
c #Conflicts:     578000 | #Constraints:      60281
c #Conflicts:     579000 | #Constraints:      61281
c #Conflicts:     580000 | #Constraints:      62281
c #Conflicts:     581000 | #Constraints:      63281
c #Conflicts:     582000 | #Constraints:      64281
c #Conflicts:     583000 | #Constraints:      65281
c #Conflicts:     584000 | #Constraints:      66281
c bounds -3224 >= -5168 @ 1089.76
c #Conflicts:     585000 | #Constraints:      67344
c #Conflicts:     586000 | #Constraints:      68344
c #Conflicts:     587000 | #Constraints:      69344
c #Conflicts:     588000 | #Constraints:      70344
c #Conflicts:     589000 | #Constraints:      71344
c #Conflicts:     590000 | #Constraints:      72344
c #Conflicts:     591000 | #Constraints:      73344
c #Conflicts:     592000 | #Constraints:      74344
c #Conflicts:     593000 | #Constraints:      75344
c #Conflicts:     594000 | #Constraints:      76344
c #Conflicts:     595000 | #Constraints:      77344
c #Conflicts:     596000 | #Constraints:      78344
c #Conflicts:     597000 | #Constraints:      79344
c #Conflicts:     598000 | #Constraints:      80344
c #Conflicts:     599000 | #Constraints:      81344
c #Conflicts:     600000 | #Constraints:      82344
c #Conflicts:     601000 | #Constraints:      83344
c #Conflicts:     602000 | #Constraints:      84344
c #Conflicts:     603000 | #Constraints:      85344
c #Conflicts:     604000 | #Constraints:      86344
c #Conflicts:     605000 | #Constraints:      87344
c bounds -3224 >= -5158 @ 1172.31
c #Conflicts:     606000 | #Constraints:      88395
c #Conflicts:     607000 | #Constraints:      89395
c #Conflicts:     608000 | #Constraints:      90395
c INPROCESSING
c GARBAGE COLLECT
c #Conflicts:     609000 | #Constraints:      51447
c #Conflicts:     610000 | #Constraints:      52447
c #Conflicts:     611000 | #Constraints:      53447
c #Conflicts:     612000 | #Constraints:      54447
c #Conflicts:     613000 | #Constraints:      55447
c #Conflicts:     614000 | #Constraints:      56447
c #Conflicts:     615000 | #Constraints:      57447
c #Conflicts:     616000 | #Constraints:      58447
c #Conflicts:     617000 | #Constraints:      59447
c #Conflicts:     618000 | #Constraints:      60447
c bounds -3228 >= -5158 @ 1198.77
c bounds -3232 >= -5158 @ 1198.86
c #Conflicts:     619000 | #Constraints:      61449
c #Conflicts:     620000 | #Constraints:      62449
c #Conflicts:     621000 | #Constraints:      63449
c #Conflicts:     622000 | #Constraints:      64449
c #Conflicts:     623000 | #Constraints:      65449
c #Conflicts:     624000 | #Constraints:      66449
c #Conflicts:     625000 | #Constraints:      67449
c #Conflicts:     626000 | #Constraints:      68449
c #Conflicts:     627000 | #Constraints:      69449
c bounds -3233 >= -5158 @ 1243.3
c #Conflicts:     628000 | #Constraints:      70450
c #Conflicts:     629000 | #Constraints:      71450
c #Conflicts:     630000 | #Constraints:      72450
c INPROCESSING
c GARBAGE COLLECT
c #Conflicts:     631000 | #Constraints:      42820
c #Conflicts:     632000 | #Constraints:      43820
c #Conflicts:     633000 | #Constraints:      44820
c #Conflicts:     634000 | #Constraints:      45820
c #Conflicts:     635000 | #Constraints:      46820
c #Conflicts:     636000 | #Constraints:      47820
c #Conflicts:     637000 | #Constraints:      48820
c #Conflicts:     638000 | #Constraints:      49820
c #Conflicts:     639000 | #Constraints:      50820
c #Conflicts:     640000 | #Constraints:      51820
c #Conflicts:     641000 | #Constraints:      52820
c #Conflicts:     642000 | #Constraints:      53820
c #Conflicts:     643000 | #Constraints:      54820
c #Conflicts:     644000 | #Constraints:      55820
c #Conflicts:     645000 | #Constraints:      56820
c #Conflicts:     646000 | #Constraints:      57820
c #Conflicts:     647000 | #Constraints:      58820
c #Conflicts:     648000 | #Constraints:      59820
c #Conflicts:     649000 | #Constraints:      60820
c #Conflicts:     650000 | #Constraints:      61820
c #Conflicts:     651000 | #Constraints:      62820
c #Conflicts:     652000 | #Constraints:      63820
c #Conflicts:     653000 | #Constraints:      64820
c #Conflicts:     654000 | #Constraints:      65820
c #Conflicts:     655000 | #Constraints:      66820
c #Conflicts:     656000 | #Constraints:      67820
c #Conflicts:     657000 | #Constraints:      68820
c #Conflicts:     658000 | #Constraints:      69820
c #Conflicts:     659000 | #Constraints:      70820
c #Conflicts:     660000 | #Constraints:      71820
c #Conflicts:     661000 | #Constraints:      72820
c #Conflicts:     662000 | #Constraints:      73820
c #Conflicts:     663000 | #Constraints:      74820
c #Conflicts:     664000 | #Constraints:      75820
c #Conflicts:     665000 | #Constraints:      76820
c #Conflicts:     666000 | #Constraints:      77820
c #Conflicts:     667000 | #Constraints:      78820
c #Conflicts:     668000 | #Constraints:      79820
c #Conflicts:     669000 | #Constraints:      80820
c #Conflicts:     670000 | #Constraints:      81820
c #Conflicts:     671000 | #Constraints:      82820
c #Conflicts:     672000 | #Constraints:      83820
c #Conflicts:     673000 | #Constraints:      84820
c #Conflicts:     674000 | #Constraints:      85820
c #Conflicts:     675000 | #Constraints:      86820
c #Conflicts:     676000 | #Constraints:      87820
c #Conflicts:     677000 | #Constraints:      88820
c #Conflicts:     678000 | #Constraints:      89820
c #Conflicts:     679000 | #Constraints:      90820
c #Conflicts:     680000 | #Constraints:      91820
c #Conflicts:     681000 | #Constraints:      92820
c #Conflicts:     682000 | #Constraints:      93820
c #Conflicts:     683000 | #Constraints:      94820
c #Conflicts:     684000 | #Constraints:      95820
c INPROCESSING
c GARBAGE COLLECT
c bounds -3235 >= -5158 @ 1377.37
c bounds -3236 >= -5158 @ 1377.4
c #Conflicts:     685000 | #Constraints:      54563
c #Conflicts:     686000 | #Constraints:      55563
c bounds -3238 >= -5158 @ 1384.37
c #Conflicts:     687000 | #Constraints:      56564
c #Conflicts:     688000 | #Constraints:      57564
c #Conflicts:     689000 | #Constraints:      58564
c #Conflicts:     690000 | #Constraints:      59564
c #Conflicts:     691000 | #Constraints:      60564
c #Conflicts:     692000 | #Constraints:      61564
c bounds -3238 >= -5150 @ 1402.04
c bounds -3239 >= -5150 @ 1402.12
c bounds -3240 >= -5150 @ 1402.16
c #Conflicts:     693000 | #Constraints:      62569
c #Conflicts:     694000 | #Constraints:      63569
c #Conflicts:     695000 | #Constraints:      64569
c #Conflicts:     696000 | #Constraints:      65569
c #Conflicts:     697000 | #Constraints:      66569
c #Conflicts:     698000 | #Constraints:      67569
c #Conflicts:     699000 | #Constraints:      68569
c #Conflicts:     700000 | #Constraints:      69569
c #Conflicts:     701000 | #Constraints:      70569
c #Conflicts:     702000 | #Constraints:      71569
c #Conflicts:     703000 | #Constraints:      72569
c #Conflicts:     704000 | #Constraints:      73569
c #Conflicts:     705000 | #Constraints:      74569
c #Conflicts:     706000 | #Constraints:      75569
c INPROCESSING
c GARBAGE COLLECT
c #Conflicts:     707000 | #Constraints:      44017
c #Conflicts:     708000 | #Constraints:      45017
c #Conflicts:     709000 | #Constraints:      46017
c #Conflicts:     710000 | #Constraints:      47017
c #Conflicts:     711000 | #Constraints:      48017
c #Conflicts:     712000 | #Constraints:      49017
c #Conflicts:     713000 | #Constraints:      50017
c #Conflicts:     714000 | #Constraints:      51017
c #Conflicts:     715000 | #Constraints:      52017
c #Conflicts:     716000 | #Constraints:      53017
c #Conflicts:     717000 | #Constraints:      54017
c #Conflicts:     718000 | #Constraints:      55017
c #Conflicts:     719000 | #Constraints:      56017
c #Conflicts:     720000 | #Constraints:      57017
c #Conflicts:     721000 | #Constraints:      58017
c #Conflicts:     722000 | #Constraints:      59017
c #Conflicts:     723000 | #Constraints:      60017
c #Conflicts:     724000 | #Constraints:      61017
c #Conflicts:     725000 | #Constraints:      62017
c #Conflicts:     726000 | #Constraints:      63017
c #Conflicts:     727000 | #Constraints:      64017
c bounds -3240 >= -5142 @ 1577.05
c #Conflicts:     728000 | #Constraints:      65023
c #Conflicts:     729000 | #Constraints:      66023
c #Conflicts:     730000 | #Constraints:      67023
c #Conflicts:     731000 | #Constraints:      68023
c #Conflicts:     732000 | #Constraints:      69023
c #Conflicts:     733000 | #Constraints:      70023
c #Conflicts:     734000 | #Constraints:      71023
c #Conflicts:     735000 | #Constraints:      72023
c bounds -3240 >= -5134 @ 1585.66
c #Conflicts:     736000 | #Constraints:      73026
c #Conflicts:     737000 | #Constraints:      74026
c #Conflicts:     738000 | #Constraints:      75026
c #Conflicts:     739000 | #Constraints:      76026
c #Conflicts:     740000 | #Constraints:      77026
c #Conflicts:     741000 | #Constraints:      78026
c #Conflicts:     742000 | #Constraints:      79026
c #Conflicts:     743000 | #Constraints:      80026
c #Conflicts:     744000 | #Constraints:      81026
c #Conflicts:     745000 | #Constraints:      82026
c #Conflicts:     746000 | #Constraints:      83026
c #Conflicts:     747000 | #Constraints:      84026
c #Conflicts:     748000 | #Constraints:      85026
c #Conflicts:     749000 | #Constraints:      86026
c #Conflicts:     750000 | #Constraints:      87026
c #Conflicts:     751000 | #Constraints:      88026
c #Conflicts:     752000 | #Constraints:      89026
c #Conflicts:     753000 | #Constraints:      90026
c #Conflicts:     754000 | #Constraints:      91026
c #Conflicts:     755000 | #Constraints:      92026
c #Conflicts:     756000 | #Constraints:      93026
c #Conflicts:     757000 | #Constraints:      94026
c #Conflicts:     758000 | #Constraints:      95026
c #Conflicts:     759000 | #Constraints:      96026
c #Conflicts:     760000 | #Constraints:      97026
c #Conflicts:     761000 | #Constraints:      98026
c #Conflicts:     762000 | #Constraints:      99026
c #Conflicts:     763000 | #Constraints:     100026
c INPROCESSING
c GARBAGE COLLECT
c #Conflicts:     764000 | #Constraints:      56273
c #Conflicts:     765000 | #Constraints:      57273
c #Conflicts:     766000 | #Constraints:      58273
c #Conflicts:     767000 | #Constraints:      59273
c #Conflicts:     768000 | #Constraints:      60273
c #Conflicts:     769000 | #Constraints:      61273
c #Conflicts:     770000 | #Constraints:      62273
c #Conflicts:     771000 | #Constraints:      63273
c #Conflicts:     772000 | #Constraints:      64273
c #Conflicts:     773000 | #Constraints:      65273
c #Conflicts:     774000 | #Constraints:      66273
c #Conflicts:     775000 | #Constraints:      67273
c #Conflicts:     776000 | #Constraints:      68273
c #Conflicts:     777000 | #Constraints:      69273
c #Conflicts:     778000 | #Constraints:      70273
c #Conflicts:     779000 | #Constraints:      71273
c #Conflicts:     780000 | #Constraints:      72273
c #Conflicts:     781000 | #Constraints:      73273
c #Conflicts:     782000 | #Constraints:      74273
c #Conflicts:     783000 | #Constraints:      75273
c #Conflicts:     784000 | #Constraints:      76273
c #Conflicts:     785000 | #Constraints:      77273
c #Conflicts:     786000 | #Constraints:      78273
c #Conflicts:     787000 | #Constraints:      79273
c INPROCESSING
c GARBAGE COLLECT
c #Conflicts:     788000 | #Constraints:      46861
c #Conflicts:     789000 | #Constraints:      47861
c #Conflicts:     790000 | #Constraints:      48861
c #Conflicts:     791000 | #Constraints:      49861
c #Conflicts:     792000 | #Constraints:      50861
c #Conflicts:     793000 | #Constraints:      51861
c #Conflicts:     794000 | #Constraints:      52861
c #Conflicts:     795000 | #Constraints:      53861
c #Conflicts:     796000 | #Constraints:      54861
c #Conflicts:     797000 | #Constraints:      55861
c #Conflicts:     798000 | #Constraints:      56861
c #Conflicts:     799000 | #Constraints:      57861
c #Conflicts:     800000 | #Constraints:      58861
c #Conflicts:     801000 | #Constraints:      59861
c #Conflicts:     802000 | #Constraints:      60861
c #Conflicts:     803000 | #Constraints:      61861
c #Conflicts:     804000 | #Constraints:      62861
c #Conflicts:     805000 | #Constraints:      63861
c #Conflicts:     806000 | #Constraints:      64861
c #Conflicts:     807000 | #Constraints:      65861
c #Conflicts:     808000 | #Constraints:      66861
c #Conflicts:     809000 | #Constraints:      67861
c #Conflicts:     810000 | #Constraints:      68861
c #Conflicts:     811000 | #Constraints:      69861
c #Conflicts:     812000 | #Constraints:      70861
c #Conflicts:     813000 | #Constraints:      71861
c bounds -3240 >= -5126 @ 1945.27
c #Conflicts:     814000 | #Constraints:      72873
c #Conflicts:     815000 | #Constraints:      73873
c #Conflicts:     816000 | #Constraints:      74873
c #Conflicts:     817000 | #Constraints:      75873
c #Conflicts:     818000 | #Constraints:      76873
c #Conflicts:     819000 | #Constraints:      77873
c #Conflicts:     820000 | #Constraints:      78873
c #Conflicts:     821000 | #Constraints:      79873
c #Conflicts:     822000 | #Constraints:      80873
c #Conflicts:     823000 | #Constraints:      81873
c #Conflicts:     824000 | #Constraints:      82873
c #Conflicts:     825000 | #Constraints:      83873
c #Conflicts:     826000 | #Constraints:      84873
c #Conflicts:     827000 | #Constraints:      85873
c #Conflicts:     828000 | #Constraints:      86873
c #Conflicts:     829000 | #Constraints:      87873
c #Conflicts:     830000 | #Constraints:      88873
c #Conflicts:     831000 | #Constraints:      89873
c #Conflicts:     832000 | #Constraints:      90873
c #Conflicts:     833000 | #Constraints:      91873
c #Conflicts:     834000 | #Constraints:      92873
c #Conflicts:     835000 | #Constraints:      93873
c #Conflicts:     836000 | #Constraints:      94873
c #Conflicts:     837000 | #Constraints:      95873
c #Conflicts:     838000 | #Constraints:      96873
c #Conflicts:     839000 | #Constraints:      97873
c #Conflicts:     840000 | #Constraints:      98873
c #Conflicts:     841000 | #Constraints:      99873
c #Conflicts:     842000 | #Constraints:     100873
c #Conflicts:     843000 | #Constraints:     101873
c #Conflicts:     844000 | #Constraints:     102873
c #Conflicts:     845000 | #Constraints:     103873
c #Conflicts:     846000 | #Constraints:     104873
c #Conflicts:     847000 | #Constraints:     105873
c #Conflicts:     848000 | #Constraints:     106873
c INPROCESSING
c GARBAGE COLLECT
c #Conflicts:     849000 | #Constraints:      60164
c #Conflicts:     850000 | #Constraints:      61164
c #Conflicts:     851000 | #Constraints:      62164
c #Conflicts:     852000 | #Constraints:      63164
c #Conflicts:     853000 | #Constraints:      64164
c #Conflicts:     854000 | #Constraints:      65164
c #Conflicts:     855000 | #Constraints:      66164
c #Conflicts:     856000 | #Constraints:      67164
c #Conflicts:     857000 | #Constraints:      68164
c #Conflicts:     858000 | #Constraints:      69164
c #Conflicts:     859000 | #Constraints:      70164
c #Conflicts:     860000 | #Constraints:      71164
c #Conflicts:     861000 | #Constraints:      72164
c #Conflicts:     862000 | #Constraints:      73164
c #Conflicts:     863000 | #Constraints:      74164
c #Conflicts:     864000 | #Constraints:      75164
c #Conflicts:     865000 | #Constraints:      76164
c #Conflicts:     866000 | #Constraints:      77164
c #Conflicts:     867000 | #Constraints:      78164
c #Conflicts:     868000 | #Constraints:      79164
c #Conflicts:     869000 | #Constraints:      80164
c #Conflicts:     870000 | #Constraints:      81164
c #Conflicts:     871000 | #Constraints:      82164
c #Conflicts:     872000 | #Constraints:      83164
c #Conflicts:     873000 | #Constraints:      84164
c INPROCESSING
c GARBAGE COLLECT
c #Conflicts:     874000 | #Constraints:      49673
c #Conflicts:     875000 | #Constraints:      50673
c #Conflicts:     876000 | #Constraints:      51673
c #Conflicts:     877000 | #Constraints:      52673
c #Conflicts:     878000 | #Constraints:      53673
c #Conflicts:     879000 | #Constraints:      54673
c #Conflicts:     880000 | #Constraints:      55673
c #Conflicts:     881000 | #Constraints:      56673
c #Conflicts:     882000 | #Constraints:      57673
c #Conflicts:     883000 | #Constraints:      58673
c #Conflicts:     884000 | #Constraints:      59673
c #Conflicts:     885000 | #Constraints:      60673
c #Conflicts:     886000 | #Constraints:      61673
c #Conflicts:     887000 | #Constraints:      62673
c #Conflicts:     888000 | #Constraints:      63673
c #Conflicts:     889000 | #Constraints:      64673
c #Conflicts:     890000 | #Constraints:      65673
c #Conflicts:     891000 | #Constraints:      66673
c #Conflicts:     892000 | #Constraints:      67673
c #Conflicts:     893000 | #Constraints:      68673
c #Conflicts:     894000 | #Constraints:      69673
c #Conflicts:     895000 | #Constraints:      70673
c #Conflicts:     896000 | #Constraints:      71673
c #Conflicts:     897000 | #Constraints:      72673
c #Conflicts:     898000 | #Constraints:      73673
c #Conflicts:     899000 | #Constraints:      74673
c #Conflicts:     900000 | #Constraints:      75673
c #Conflicts:     901000 | #Constraints:      76673
c #Conflicts:     902000 | #Constraints:      77673
c #Conflicts:     903000 | #Constraints:      78673
c #Conflicts:     904000 | #Constraints:      79673
c #Conflicts:     905000 | #Constraints:      80673
c #Conflicts:     906000 | #Constraints:      81673
c #Conflicts:     907000 | #Constraints:      82673
c #Conflicts:     908000 | #Constraints:      83673
c #Conflicts:     909000 | #Constraints:      84673
c #Conflicts:     910000 | #Constraints:      85673
c #Conflicts:     911000 | #Constraints:      86673
c #Conflicts:     912000 | #Constraints:      87673
c #Conflicts:     913000 | #Constraints:      88673
c #Conflicts:     914000 | #Constraints:      89673
c #Conflicts:     915000 | #Constraints:      90673
c #Conflicts:     916000 | #Constraints:      91673
c #Conflicts:     917000 | #Constraints:      92673
c #Conflicts:     918000 | #Constraints:      93673
c #Conflicts:     919000 | #Constraints:      94673
c #Conflicts:     920000 | #Constraints:      95673
c #Conflicts:     921000 | #Constraints:      96673
c #Conflicts:     922000 | #Constraints:      97673
c #Conflicts:     923000 | #Constraints:      98673
c #Conflicts:     924000 | #Constraints:      99673
c #Conflicts:     925000 | #Constraints:     100673
c #Conflicts:     926000 | #Constraints:     101673
c #Conflicts:     927000 | #Constraints:     102673
c #Conflicts:     928000 | #Constraints:     103673
c #Conflicts:     929000 | #Constraints:     104673
c #Conflicts:     930000 | #Constraints:     105673
c #Conflicts:     931000 | #Constraints:     106673
c #Conflicts:     932000 | #Constraints:     107673
c #Conflicts:     933000 | #Constraints:     108673
c #Conflicts:     934000 | #Constraints:     109673
c #Conflicts:     935000 | #Constraints:     110673
c #Conflicts:     936000 | #Constraints:     111673
c INPROCESSING
c GARBAGE COLLECT
c #Conflicts:     937000 | #Constraints:      62261
c #Conflicts:     938000 | #Constraints:      63261
c #Conflicts:     939000 | #Constraints:      64261
c #Conflicts:     940000 | #Constraints:      65261
c #Conflicts:     941000 | #Constraints:      66261
c #Conflicts:     942000 | #Constraints:      67261
c #Conflicts:     943000 | #Constraints:      68261
c #Conflicts:     944000 | #Constraints:      69261
c #Conflicts:     945000 | #Constraints:      70261
c #Conflicts:     946000 | #Constraints:      71261
c #Conflicts:     947000 | #Constraints:      72261
c #Conflicts:     948000 | #Constraints:      73261
c #Conflicts:     949000 | #Constraints:      74261
c #Conflicts:     950000 | #Constraints:      75261
c #Conflicts:     951000 | #Constraints:      76261
c #Conflicts:     952000 | #Constraints:      77261
c #Conflicts:     953000 | #Constraints:      78261
c #Conflicts:     954000 | #Constraints:      79261
c #Conflicts:     955000 | #Constraints:      80261
c #Conflicts:     956000 | #Constraints:      81261
c #Conflicts:     957000 | #Constraints:      82261
c #Conflicts:     958000 | #Constraints:      83261
c #Conflicts:     959000 | #Constraints:      84261
c #Conflicts:     960000 | #Constraints:      85261
c #Conflicts:     961000 | #Constraints:      86261
c #Conflicts:     962000 | #Constraints:      87261
c #Conflicts:     963000 | #Constraints:      88261
c INPROCESSING
c GARBAGE COLLECT
c #Conflicts:     964000 | #Constraints:      52481
c #Conflicts:     965000 | #Constraints:      53481
c #Conflicts:     966000 | #Constraints:      54481
c #Conflicts:     967000 | #Constraints:      55481
c #Conflicts:     968000 | #Constraints:      56481
c #Conflicts:     969000 | #Constraints:      57481
c #Conflicts:     970000 | #Constraints:      58481
c #Conflicts:     971000 | #Constraints:      59481
c #Conflicts:     972000 | #Constraints:      60481
c #Conflicts:     973000 | #Constraints:      61481
c #Conflicts:     974000 | #Constraints:      62481
c #Conflicts:     975000 | #Constraints:      63481
c #Conflicts:     976000 | #Constraints:      64481
c #Conflicts:     977000 | #Constraints:      65481
c #Conflicts:     978000 | #Constraints:      66481
c #Conflicts:     979000 | #Constraints:      67481
c #Conflicts:     980000 | #Constraints:      68481
c #Conflicts:     981000 | #Constraints:      69481
c #Conflicts:     982000 | #Constraints:      70481
c #Conflicts:     983000 | #Constraints:      71481
c #Conflicts:     984000 | #Constraints:      72481
c #Conflicts:     985000 | #Constraints:      73481
c #Conflicts:     986000 | #Constraints:      74481
c #Conflicts:     987000 | #Constraints:      75481
c #Conflicts:     988000 | #Constraints:      76481
c #Conflicts:     989000 | #Constraints:      77481
c #Conflicts:     990000 | #Constraints:      78481
c #Conflicts:     991000 | #Constraints:      79481
c #Conflicts:     992000 | #Constraints:      80481
c #Conflicts:     993000 | #Constraints:      81481
c #Conflicts:     994000 | #Constraints:      82481
c #Conflicts:     995000 | #Constraints:      83481
c #Conflicts:     996000 | #Constraints:      84481
c #Conflicts:     997000 | #Constraints:      85481
c #Conflicts:     998000 | #Constraints:      86481
c #Conflicts:     999000 | #Constraints:      87481
c #Conflicts:    1000000 | #Constraints:      88481
c #Conflicts:    1001000 | #Constraints:      89481
c #Conflicts:    1002000 | #Constraints:      90481
c #Conflicts:    1003000 | #Constraints:      91481
c #Conflicts:    1004000 | #Constraints:      92481
c #Conflicts:    1005000 | #Constraints:      93481
c #Conflicts:    1006000 | #Constraints:      94481
c #Conflicts:    1007000 | #Constraints:      95481
c #Conflicts:    1008000 | #Constraints:      96481
c #Conflicts:    1009000 | #Constraints:      97481
c #Conflicts:    1010000 | #Constraints:      98481
c #Conflicts:    1011000 | #Constraints:      99481
c #Conflicts:    1012000 | #Constraints:     100481
c #Conflicts:    1013000 | #Constraints:     101481
c #Conflicts:    1014000 | #Constraints:     102481
c #Conflicts:    1015000 | #Constraints:     103481
c #Conflicts:    1016000 | #Constraints:     104481
c #Conflicts:    1017000 | #Constraints:     105481
c #Conflicts:    1018000 | #Constraints:     106481
c #Conflicts:    1019000 | #Constraints:     107481
c #Conflicts:    1020000 | #Constraints:     108481
c #Conflicts:    1021000 | #Constraints:     109481
c #Conflicts:    1022000 | #Constraints:     110481
c #Conflicts:    1023000 | #Constraints:     111481
c #Conflicts:    1024000 | #Constraints:     112481
c #Conflicts:    1025000 | #Constraints:     113481
c #Conflicts:    1026000 | #Constraints:     114481
c #Conflicts:    1027000 | #Constraints:     115481
c #Conflicts:    1028000 | #Constraints:     116481
c bounds -3240 >= -5118 @ 6794.28
c #Conflicts:    1029000 | #Constraints:     117493
c INPROCESSING
c GARBAGE COLLECT
c #Conflicts:    1030000 | #Constraints:      65142
c #Conflicts:    1031000 | #Constraints:      66142
c #Conflicts:    1032000 | #Constraints:      67142
c #Conflicts:    1033000 | #Constraints:      68142
c #Conflicts:    1034000 | #Constraints:      69142
c #Conflicts:    1035000 | #Constraints:      70142
c #Conflicts:    1036000 | #Constraints:      71142
c #Conflicts:    1037000 | #Constraints:      72142
c #Conflicts:    1038000 | #Constraints:      73142
c #Conflicts:    1039000 | #Constraints:      74142
c #Conflicts:    1040000 | #Constraints:      75142
c #Conflicts:    1041000 | #Constraints:      76142
c #Conflicts:    1042000 | #Constraints:      77142
c #Conflicts:    1043000 | #Constraints:      78142
c #Conflicts:    1044000 | #Constraints:      79142
c #Conflicts:    1045000 | #Constraints:      80142
c #Conflicts:    1046000 | #Constraints:      81142
c #Conflicts:    1047000 | #Constraints:      82142
c #Conflicts:    1048000 | #Constraints:      83142
c #Conflicts:    1049000 | #Constraints:      84142
c #Conflicts:    1050000 | #Constraints:      85142
c #Conflicts:    1051000 | #Constraints:      86142
c #Conflicts:    1052000 | #Constraints:      87142
c #Conflicts:    1053000 | #Constraints:      88142
c #Conflicts:    1054000 | #Constraints:      89142
c #Conflicts:    1055000 | #Constraints:      90142
c #Conflicts:    1056000 | #Constraints:      91142
c #Conflicts:    1057000 | #Constraints:      92142
c INPROCESSING
c GARBAGE COLLECT
c #Conflicts:    1058000 | #Constraints:      54433
c #Conflicts:    1059000 | #Constraints:      55433
c #Conflicts:    1060000 | #Constraints:      56433
c #Conflicts:    1061000 | #Constraints:      57433
c #Conflicts:    1062000 | #Constraints:      58433
c #Conflicts:    1063000 | #Constraints:      59433
c #Conflicts:    1064000 | #Constraints:      60433
c #Conflicts:    1065000 | #Constraints:      61433
c #Conflicts:    1066000 | #Constraints:      62433
c #Conflicts:    1067000 | #Constraints:      63433
c #Conflicts:    1068000 | #Constraints:      64433
c #Conflicts:    1069000 | #Constraints:      65433
c #Conflicts:    1070000 | #Constraints:      66433
c #Conflicts:    1071000 | #Constraints:      67433
c #Conflicts:    1072000 | #Constraints:      68433
c #Conflicts:    1073000 | #Constraints:      69433
c #Conflicts:    1074000 | #Constraints:      70433
c #Conflicts:    1075000 | #Constraints:      71433
c #Conflicts:    1076000 | #Constraints:      72433
c #Conflicts:    1077000 | #Constraints:      73433
c #Conflicts:    1078000 | #Constraints:      74433
c #Conflicts:    1079000 | #Constraints:      75433
c #Conflicts:    1080000 | #Constraints:      76433
c #Conflicts:    1081000 | #Constraints:      77433
c #Conflicts:    1082000 | #Constraints:      78433
c #Conflicts:    1083000 | #Constraints:      79433
c #Conflicts:    1084000 | #Constraints:      80433
c #Conflicts:    1085000 | #Constraints:      81433
c #Conflicts:    1086000 | #Constraints:      82433
c #Conflicts:    1087000 | #Constraints:      83433
c #Conflicts:    1088000 | #Constraints:      84433
c #Conflicts:    1089000 | #Constraints:      85433
c #Conflicts:    1090000 | #Constraints:      86433
c #Conflicts:    1091000 | #Constraints:      87433
c #Conflicts:    1092000 | #Constraints:      88433
c #Conflicts:    1093000 | #Constraints:      89433
c #Conflicts:    1094000 | #Constraints:      90433
c #Conflicts:    1095000 | #Constraints:      91433
c #Conflicts:    1096000 | #Constraints:      92433
c #Conflicts:    1097000 | #Constraints:      93433
c #Conflicts:    1098000 | #Constraints:      94433
c #Conflicts:    1099000 | #Constraints:      95433
c #Conflicts:    1100000 | #Constraints:      96433
c #Conflicts:    1101000 | #Constraints:      97433
c #Conflicts:    1102000 | #Constraints:      98433
c #Conflicts:    1103000 | #Constraints:      99433
c #Conflicts:    1104000 | #Constraints:     100433
c #Conflicts:    1105000 | #Constraints:     101433
c #Conflicts:    1106000 | #Constraints:     102433
c #Conflicts:    11070