c RoundingSat 2
c branch 
c commit 
c #variables 3000 #constraints 4600
c bounds - >= -15000 @ 0.017598
c bounds 0 >= -15000 @ 0.019967
c bounds 0 >= -14936 @ 0.019967
c bounds 0 >= -14872 @ 0.019967
c bounds 0 >= -14808 @ 0.019967
c bounds 0 >= -14744 @ 0.019967
c bounds 0 >= -14680 @ 0.019967
c bounds 0 >= -14616 @ 0.019967
c bounds 0 >= -14552 @ 0.019967
c bounds 0 >= -14488 @ 0.019967
c bounds 0 >= -14424 @ 0.020173
c bounds 0 >= -14360 @ 0.02041
c bounds 0 >= -14296 @ 0.020641
c bounds 0 >= -14232 @ 0.020792
c bounds 0 >= -14168 @ 0.021002
c bounds 0 >= -14104 @ 0.021236
c bounds 0 >= -14040 @ 0.021465
c bounds 0 >= -13976 @ 0.021699
c bounds 0 >= -13912 @ 0.021934
c bounds 0 >= -13848 @ 0.022164
c bounds 0 >= -13784 @ 0.022394
c bounds 0 >= -13720 @ 0.022625
c bounds 0 >= -13656 @ 0.022855
c bounds 0 >= -13592 @ 0.023086
c bounds 0 >= -13528 @ 0.023319
c bounds 0 >= -13464 @ 0.023551
c bounds 0 >= -13400 @ 0.023786
c bounds 0 >= -13336 @ 0.024017
c bounds 0 >= -13272 @ 0.024251
c bounds 0 >= -13208 @ 0.02448
c bounds 0 >= -13144 @ 0.024711
c bounds 0 >= -13080 @ 0.024942
c bounds 0 >= -13016 @ 0.025175
c bounds 0 >= -12952 @ 0.025403
c bounds 0 >= -12888 @ 0.025633
c bounds 0 >= -12824 @ 0.025864
c bounds 0 >= -12760 @ 0.026098
c bounds 0 >= -12696 @ 0.026328
c bounds 0 >= -12632 @ 0.026555
c bounds 0 >= -12568 @ 0.026784
c bounds 0 >= -12504 @ 0.027016
c bounds 0 >= -12440 @ 0.027249
c bounds 0 >= -12376 @ 0.027484
c bounds 0 >= -12312 @ 0.027714
c bounds 0 >= -12248 @ 0.027946
c bounds 0 >= -12184 @ 0.028176
c bounds 0 >= -12120 @ 0.028855
c bounds 0 >= -12056 @ 0.029077
c bounds 0 >= -11992 @ 0.029301
c bounds 0 >= -11928 @ 0.029521
c bounds 0 >= -11864 @ 0.029739
c bounds 0 >= -11800 @ 0.029958
c bounds 0 >= -11736 @ 0.030177
c bounds 0 >= -11672 @ 0.030395
c bounds 0 >= -11608 @ 0.030612
c bounds 0 >= -11544 @ 0.030828
c bounds 0 >= -11480 @ 0.031045
c bounds -9 >= -11480 @ 0.034379
c bounds -9 >= -11416 @ 0.034617
c bounds -9 >= -11352 @ 0.034841
c bounds -9 >= -11288 @ 0.035065
c bounds -9 >= -11224 @ 0.035285
c bounds -9 >= -11160 @ 0.035506
c bounds -9 >= -11096 @ 0.035723
c bounds -9 >= -11032 @ 0.035942
c bounds -9 >= -10968 @ 0.036165
c bounds -9 >= -10904 @ 0.036387
c bounds -9 >= -10840 @ 0.036605
c bounds -9 >= -10776 @ 0.036824
c bounds -9 >= -10712 @ 0.037041
c bounds -9 >= -10648 @ 0.037262
c bounds -9 >= -10584 @ 0.03748
c bounds -9 >= -10520 @ 0.037707
c bounds -9 >= -10456 @ 0.037934
c bounds -9 >= -10392 @ 0.038163
c bounds -9 >= -10328 @ 0.038393
c bounds -9 >= -10264 @ 0.038622
c bounds -9 >= -10200 @ 0.038852
c bounds -9 >= -10136 @ 0.039079
c bounds -9 >= -10072 @ 0.039302
c bounds -9 >= -10008 @ 0.039564
c bounds -9 >= -9944 @ 0.039784
c bounds -9 >= -9880 @ 0.040007
c bounds -9 >= -9816 @ 0.040224
c bounds -9 >= -9752 @ 0.040445
c bounds -9 >= -9688 @ 0.040668
c bounds -9 >= -9624 @ 0.040886
c bounds -9 >= -9560 @ 0.041105
c bounds -9 >= -9496 @ 0.041141
c bounds -9 >= -9432 @ 0.041141
c bounds -9 >= -9368 @ 0.041141
c bounds -9 >= -9304 @ 0.041226
c bounds -9 >= -9240 @ 0.041433
c bounds -9 >= -9176 @ 0.041655
c bounds -9 >= -9112 @ 0.041877
c bounds -9 >= -9048 @ 0.042093
c bounds -9 >= -8984 @ 0.042308
c bounds -9 >= -8920 @ 0.042515
c bounds -9 >= -8856 @ 0.042731
c bounds -9 >= -8792 @ 0.042951
c bounds -9 >= -8728 @ 0.043171
c bounds -9 >= -8664 @ 0.043388
c bounds -9 >= -8600 @ 0.043606
c bounds -18 >= -8600 @ 0.046555
c bounds -30 >= -8600 @ 0.049958
c bounds -1504 >= -8600 @ 0.067149
c bounds -1520 >= -8600 @ 0.068434
c bounds -1536 >= -8600 @ 0.070393
c bounds -1552 >= -8600 @ 0.072571
c bounds -1568 >= -8600 @ 0.075473
c bounds -1584 >= -8600 @ 0.077583
c bounds -1600 >= -8600 @ 0.081572
c bounds -1616 >= -8600 @ 0.08363
c bounds -1632 >= -8600 @ 0.086623
c bounds -1640 >= -8600 @ 0.089637
c bounds -1656 >= -8600 @ 0.092693
c bounds -1660 >= -8600 @ 0.095705
c bounds -1676 >= -8600 @ 0.099262
c bounds -1684 >= -8600 @ 0.101268
c bounds -1692 >= -8600 @ 0.103036
c #Conflicts:       1000 | #Constraints:       5918
c #Conflicts:       2000 | #Constraints:       6918
c INPROCESSING
c GARBAGE COLLECT
c bounds -1708 >= -8600 @ 0.436658
c bounds -1712 >= -8600 @ 0.437644
c bounds -1728 >= -8600 @ 0.441943
c bounds -1736 >= -8600 @ 0.444198
c bounds -1752 >= -8600 @ 0.445586
c bounds -1768 >= -8600 @ 0.446788
c bounds -1784 >= -8600 @ 0.451061
c bounds -1800 >= -8600 @ 0.451544
c bounds -1816 >= -8600 @ 0.452742
c bounds -1820 >= -8600 @ 0.456733
c bounds -1836 >= -8600 @ 0.461
c bounds -1844 >= -8600 @ 0.462479
c bounds -1860 >= -8600 @ 0.46447
c bounds -1868 >= -8600 @ 0.46567
c bounds -1884 >= -8600 @ 0.469731
c bounds -1892 >= -8600 @ 0.473897
c bounds -1908 >= -8600 @ 0.478084
c bounds -1912 >= -8600 @ 0.479148
c bounds -1928 >= -8600 @ 0.482334
c bounds -1936 >= -8600 @ 0.484597
c bounds -1952 >= -8600 @ 0.487644
c bounds -1968 >= -8600 @ 0.489839
c bounds -1984 >= -8600 @ 0.492996
c bounds -2000 >= -8600 @ 0.495187
c bounds -2016 >= -8600 @ 0.49853
c bounds -2032 >= -8600 @ 0.500675
c bounds -2048 >= -8600 @ 0.504681
c bounds -2064 >= -8600 @ 0.508806
c bounds -2080 >= -8600 @ 0.510274
c bounds -2096 >= -8600 @ 0.51297
c bounds -2112 >= -8600 @ 0.514247
c bounds -2128 >= -8600 @ 0.517837
c bounds -2144 >= -8600 @ 0.521215
c bounds -2148 >= -8600 @ 0.52321
c bounds -2164 >= -8600 @ 0.524201
c bounds -2172 >= -8600 @ 0.526402
c bounds -2188 >= -8600 @ 0.529089
c bounds -2196 >= -8600 @ 0.530647
c bounds -2212 >= -8600 @ 0.532242
c bounds -2228 >= -8600 @ 0.534137
c bounds -2244 >= -8600 @ 0.537124
c bounds -2260 >= -8600 @ 0.5383
c bounds -2276 >= -8600 @ 0.541876
c bounds -2277 >= -8600 @ 0.544797
c bounds -2285 >= -8600 @ 0.546736
c bounds -2293 >= -8600 @ 0.551041
c bounds -2295 >= -8600 @ 0.569035
c bounds -2296 >= -8600 @ 0.574177
c bounds -2298 >= -8600 @ 0.59834
c bounds -2299 >= -8600 @ 0.601495
c bounds -2315 >= -8600 @ 0.611566
c bounds -2331 >= -8600 @ 0.615105
c bounds -2335 >= -8600 @ 0.618292
c bounds -2351 >= -8600 @ 0.621881
c bounds -2367 >= -8600 @ 0.626675
c bounds -2368 >= -8600 @ 0.627858
c bounds -2369 >= -8600 @ 0.659971
c bounds -2370 >= -8600 @ 0.689524
c #Conflicts:       3000 | #Constraints:       6901
c bounds -2372 >= -8600 @ 2.41305
c bounds -2372 >= -8584 @ 2.41329
c bounds -2372 >= -8568 @ 2.41329
c bounds -2372 >= -8552 @ 2.41329
c bounds -2372 >= -8536 @ 2.41329
c bounds -2372 >= -8520 @ 2.41356
c bounds -2372 >= -8504 @ 2.41403
c bounds -2372 >= -8488 @ 2.41449
c bounds -2372 >= -8472 @ 2.41495
c bounds -2372 >= -8456 @ 2.41541
c bounds -2372 >= -8440 @ 2.41588
c bounds -2372 >= -8424 @ 2.41635
c bounds -2372 >= -8408 @ 2.41681
c bounds -2372 >= -8392 @ 2.41728
c bounds -2372 >= -8376 @ 2.41774
c bounds -2372 >= -8360 @ 2.4182
c bounds -2372 >= -8344 @ 2.41826
c bounds -2372 >= -8328 @ 2.41826
c bounds -2372 >= -8312 @ 2.41861
c bounds -2372 >= -8296 @ 2.41907
c bounds -2372 >= -8280 @ 2.41954
c bounds -2372 >= -8264 @ 2.42
c bounds -2372 >= -8248 @ 2.42047
c bounds -2372 >= -8232 @ 2.42093
c bounds -2372 >= -8216 @ 2.42141
c bounds -2372 >= -8200 @ 2.42187
c bounds -2372 >= -8184 @ 2.42234
c bounds -2372 >= -8168 @ 2.4228
c bounds -2372 >= -8152 @ 2.42328
c bounds -2372 >= -8136 @ 2.42374
c bounds -2372 >= -8120 @ 2.42421
c bounds -2372 >= -8104 @ 2.42468
c bounds -2372 >= -8088 @ 2.42514
c bounds -2372 >= -8072 @ 2.42523
c bounds -2372 >= -8056 @ 2.42523
c bounds -2372 >= -8040 @ 2.42555
c bounds -2372 >= -8024 @ 2.42601
c bounds -2372 >= -8008 @ 2.42623
c bounds -2372 >= -7992 @ 2.42623
c bounds -2372 >= -7976 @ 2.42642
c bounds -2372 >= -7960 @ 2.42689
c bounds -2372 >= -7944 @ 2.42735
c bounds -2372 >= -7928 @ 2.42781
c bounds -2372 >= -7912 @ 2.42828
c bounds -2372 >= -7896 @ 2.42875
c bounds -2372 >= -7880 @ 2.4292
c bounds -2372 >= -7864 @ 2.42967
c bounds -2372 >= -7848 @ 2.43013
c bounds -2372 >= -7832 @ 2.43021
c bounds -2372 >= -7816 @ 2.43021
c bounds -2372 >= -7800 @ 2.43053
c bounds -2372 >= -7784 @ 2.431
c bounds -2372 >= -7768 @ 2.43147
c bounds -2372 >= -7752 @ 2.43194
c bounds -2372 >= -7736 @ 2.43242
c bounds -2372 >= -7720 @ 2.43289
c bounds -2372 >= -7704 @ 2.43336
c bounds -2372 >= -7688 @ 2.43383
c bounds -2372 >= -7672 @ 2.43429
c bounds -2372 >= -7656 @ 2.43476
c bounds -2372 >= -7640 @ 2.43523
c bounds -2372 >= -7624 @ 2.4357
c bounds -2372 >= -7608 @ 2.43617
c bounds -2372 >= -7592 @ 2.43664
c bounds -2372 >= -7576 @ 2.4371
c bounds -2372 >= -7560 @ 2.43718
c bounds -2372 >= -7544 @ 2.43718
c bounds -2372 >= -7528 @ 2.43752
c bounds -2372 >= -7512 @ 2.43798
c bounds -2372 >= -7496 @ 2.43846
c bounds -2372 >= -7480 @ 2.43893
c bounds -2372 >= -7464 @ 2.43917
c bounds -2372 >= -7448 @ 2.43917
c bounds -2372 >= -7432 @ 2.43937
c bounds -2372 >= -7416 @ 2.43983
c bounds -2372 >= -7400 @ 2.44031
c bounds -2372 >= -7384 @ 2.44077
c bounds -2372 >= -7368 @ 2.44124
c bounds -2372 >= -7352 @ 2.4417
c bounds -2372 >= -7336 @ 2.44217
c bounds -2372 >= -7320 @ 2.44264
c bounds -2372 >= -7304 @ 2.4431
c bounds -2372 >= -7288 @ 2.44356
c bounds -2372 >= -7272 @ 2.44403
c bounds -2372 >= -7256 @ 2.4445
c bounds -2372 >= -7240 @ 2.44496
c bounds -2372 >= -7224 @ 2.44514
c bounds -2372 >= -7208 @ 2.44514
c bounds -2372 >= -7192 @ 2.44536
c bounds -2372 >= -7176 @ 2.44583
c bounds -2372 >= -7160 @ 2.44631
c bounds -2372 >= -7144 @ 2.44678
c bounds -2372 >= -7128 @ 2.44725
c bounds -2372 >= -7112 @ 2.44772
c bounds -2372 >= -7096 @ 2.4482
c bounds -2372 >= -7080 @ 2.44867
c bounds -2372 >= -7064 @ 2.44914
c bounds -2372 >= -7048 @ 2.44961
c bounds -2372 >= -7032 @ 2.45008
c bounds -2372 >= -7016 @ 2.45055
c bounds -2372 >= -7000 @ 2.45102
c bounds -2372 >= -6984 @ 2.45188
c bounds -2372 >= -6968 @ 2.45211
c bounds -2372 >= -6952 @ 2.45256
c bounds -2372 >= -6936 @ 2.45338
c bounds -2372 >= -6920 @ 2.45422
c bounds -2372 >= -6904 @ 2.45505
c bounds -2372 >= -6888 @ 2.45588
c bounds -2372 >= -6872 @ 2.45671
c bounds -2372 >= -6856 @ 2.45708
c bounds -2372 >= -6840 @ 2.45708
c bounds -2372 >= -6824 @ 2.45728
c bounds -2372 >= -6808 @ 2.45804
c bounds -2372 >= -6792 @ 2.45887
c bounds -2372 >= -6776 @ 2.45907
c bounds -2372 >= -6760 @ 2.45953
c bounds -2372 >= -6744 @ 2.46037
c bounds -2372 >= -6728 @ 2.46121
c bounds -2372 >= -6712 @ 2.46204
c bounds -2372 >= -6696 @ 2.46288
c bounds -2372 >= -6680 @ 2.46305
c bounds -2372 >= -6664 @ 2.46305
c bounds -2372 >= -6648 @ 2.46337
c bounds -2372 >= -6632 @ 2.4642
c bounds -2372 >= -6616 @ 2.46483
c bounds -2372 >= -6600 @ 2.4653
c bounds -2372 >= -6584 @ 2.46612
c bounds -2372 >= -6568 @ 2.46694
c bounds -2372 >= -6552 @ 2.46777
c bounds -2372 >= -6536 @ 2.4686
c bounds -2372 >= -6520 @ 2.46943
c bounds -2372 >= -6504 @ 2.47025
c bounds -2372 >= -6488 @ 2.47107
c bounds -2372 >= -6472 @ 2.4719
c bounds -2372 >= -6456 @ 2.47201
c bounds -2372 >= -6440 @ 2.47201
c bounds -2372 >= -6424 @ 2.47237
c bounds -2372 >= -6408 @ 2.47318
c bounds -2372 >= -6392 @ 2.474
c bounds -2372 >= -6376 @ 2.47482
c bounds -2372 >= -6360 @ 2.47564
c bounds -2372 >= -6344 @ 2.47599
c bounds -2372 >= -6328 @ 2.47599
c bounds -2372 >= -6312 @ 2.47618
c bounds -2372 >= -6296 @ 2.47693
c bounds -2372 >= -6280 @ 2.47776
c bounds -2372 >= -6264 @ 2.47858
c bounds -2372 >= -6248 @ 2.47897
c bounds -2372 >= -6232 @ 2.47897
c bounds -2372 >= -6216 @ 2.47912
c bounds -2372 >= -6200 @ 2.47987
c bounds -2372 >= -6184 @ 2.47997
c bounds -2372 >= -6168 @ 2.47997
c bounds -2372 >= -6152 @ 2.48035
c bounds -2372 >= -6136 @ 2.48116
c bounds -2372 >= -6120 @ 2.48199
c bounds -2372 >= -6104 @ 2.4828
c bounds -2372 >= -6088 @ 2.48295
c bounds -2372 >= -6072 @ 2.48295
c bounds -2372 >= -6056 @ 2.48295
c bounds -2372 >= -6040 @ 2.48314
c bounds -2372 >= -6024 @ 2.4839
c bounds -2372 >= -6008 @ 2.48471
c bounds -2372 >= -5992 @ 2.48494
c bounds -2372 >= -5976 @ 2.48535
c bounds -2372 >= -5960 @ 2.48617
c bounds -2372 >= -5944 @ 2.48698
c bounds -2372 >= -5928 @ 2.4878
c bounds -2372 >= -5912 @ 2.48862
c bounds -2372 >= -5896 @ 2.48892
c bounds -2372 >= -5880 @ 2.4893
c bounds -2372 >= -5864 @ 2.48992
c bounds -2372 >= -5848 @ 2.49003
c bounds -2372 >= -5832 @ 2.49078
c bounds -2372 >= -5816 @ 2.49159
c bounds -2372 >= -5800 @ 2.49191
c bounds -2372 >= -5784 @ 2.49191
c bounds -2372 >= -5768 @ 2.4921
c bounds -2372 >= -5752 @ 2.49288
c bounds -2372 >= -5736 @ 2.49369
c bounds -2372 >= -5720 @ 2.4939
c bounds -2372 >= -5704 @ 2.4939
c bounds -2372 >= -5688 @ 2.49416
c bounds -2372 >= -5672 @ 2.49498
c bounds -2372 >= -5656 @ 2.49579
c bounds -2372 >= -5640 @ 2.4966
c bounds -2372 >= -5624 @ 2.49742
c bounds -2372 >= -5608 @ 2.49788
c bounds -2372 >= -5592 @ 2.49807
c bounds -2372 >= -5576 @ 2.49886
c bounds -2372 >= -5560 @ 2.49968
c bounds -2372 >= -5544 @ 2.5005
c bounds -2372 >= -5528 @ 2.50132
c bounds -2372 >= -5512 @ 2.50186
c bounds -2372 >= -5496 @ 2.50204
c bounds -2372 >= -5480 @ 2.50279
c bounds -2372 >= -5464 @ 2.5036
c bounds -2372 >= -5448 @ 2.50385
c bounds -2372 >= -5432 @ 2.50385
c bounds -2372 >= -5416 @ 2.50407
c bounds -2372 >= -5400 @ 2.50489
c #Conflicts:       4000 | #Constraints:       8502
c INPROCESSING
c GARBAGE COLLECT
c #Conflicts:       5000 | #Constraints:       7664
c #Conflicts:       6000 | #Constraints:       8664
c INPROCESSING
c GARBAGE COLLECT
c #Conflicts:       7000 | #Constraints:       7689
c #Conflicts:       8000 | #Constraints:       8689
c #Conflicts:       9000 | #Constraints:       9689
c INPROCESSING
c GARBAGE COLLECT
c #Conflicts:      10000 | #Constraints:       8408
c #Conflicts:      11000 | #Constraints:       9408
c #Conflicts:      12000 | #Constraints:      10408
c INPROCESSING
c GARBAGE COLLECT
c #Conflicts:      13000 | #Constraints:       8864
c #Conflicts:      14000 | #Constraints:       9864
c #Conflicts:      15000 | #Constraints:      10864
c INPROCESSING
c GARBAGE COLLECT
c bounds -2374 >= -5400 @ 7.37922
c bounds -2375 >= -5400 @ 7.38068
c bounds -2377 >= -5400 @ 7.38276
c bounds -2379 >= -5400 @ 7.39122
c bounds -2381 >= -5400 @ 7.39341
c bounds -2382 >= -5400 @ 7.39591
c bounds -2383 >= -5400 @ 7.41712
c bounds -2385 >= -5400 @ 7.4282
c bounds -2386 >= -5400 @ 7.43707
c bounds -2387 >= -5400 @ 7.48318
c bounds -2388 >= -5400 @ 7.48859
c bounds -2389 >= -5400 @ 7.50099
c bounds -2390 >= -5400 @ 7.56508
c bounds -2391 >= -5400 @ 7.61098
c bounds -2392 >= -5400 @ 7.65032
c bounds -2392 >= -5390 @ 7.65312
c bounds -2392 >= -5380 @ 7.66818
c bounds -2392 >= -5370 @ 7.67343
c bounds -2392 >= -5360 @ 7.68317
c bounds -2392 >= -5350 @ 7.71356
c bounds -2392 >= -5340 @ 8.20821
c bounds -2394 >= -5340 @ 8.21938
c bounds -2396 >= -5340 @ 8.22529
c bounds -2398 >= -5340 @ 8.23104
c bounds -2399 >= -5340 @ 8.26263
c bounds -2401 >= -5340 @ 8.44308
c #Conflicts:      16000 | #Constraints:       9181
c bounds -2401 >= -5330 @ 9.88065
c bounds -2403 >= -5330 @ 9.89565
c bounds -2404 >= -5330 @ 9.90092
c bounds -2405 >= -5330 @ 9.91389
c bounds -2406 >= -5330 @ 9.92565
c bounds -2407 >= -5330 @ 9.99061
c bounds -2408 >= -5330 @ 10.0012
c bounds -2409 >= -5330 @ 10.0197
c bounds -2411 >= -5330 @ 10.1406
c bounds -2412 >= -5330 @ 10.163
c bounds -2413 >= -5330 @ 10.1736
c bounds -2414 >= -5330 @ 10.1865
c bounds -2415 >= -5330 @ 10.1987
c bounds -2416 >= -5330 @ 10.229
c bounds -2417 >= -5330 @ 10.2389
c bounds -2418 >= -5330 @ 10.2541
c bounds -2419 >= -5330 @ 10.468
c #Conflicts:      17000 | #Constraints:      10215
c #Conflicts:      18000 | #Constraints:      11215
c INPROCESSING
c GARBAGE COLLECT
c #Conflicts:      19000 | #Constraints:       9142
c #Conflicts:      20000 | #Constraints:      10142
c #Conflicts:      21000 | #Constraints:      11142
c INPROCESSING
c GARBAGE COLLECT
c #Conflicts:      22000 | #Constraints:       8912
c #Conflicts:      23000 | #Constraints:       9912
c #Conflicts:      24000 | #Constraints:      10912
c #Conflicts:      25000 | #Constraints:      11912
c INPROCESSING
c GARBAGE COLLECT
c bounds -2420 >= -5330 @ 42.4441
c bounds -2421 >= -5330 @ 42.4937
c #Conflicts:      26000 | #Constraints:       9514
c #Conflicts:      27000 | #Constraints:      10514
c bounds -2422 >= -5330 @ 44.4393
c bounds -2423 >= -5330 @ 44.8114
c bounds -2425 >= -5330 @ 44.8943
c bounds -2426 >= -5330 @ 45.0636
c bounds -2427 >= -5330 @ 45.2143
c bounds -2428 >= -5330 @ 45.5202
c #Conflicts:      28000 | #Constraints:      11520
c bounds -2429 >= -5330 @ 46.9774
c #Conflicts:      29000 | #Constraints:      12521
c INPROCESSING
c GARBAGE COLLECT
c bounds -2431 >= -5330 @ 47.8905
c bounds -2432 >= -5330 @ 47.9739
c bounds -2433 >= -5330 @ 48.1578
c #Conflicts:      30000 | #Constraints:       9922
c #Conflicts:      31000 | #Constraints:      10922
c #Conflicts:      32000 | #Constraints:      11922
c #Conflicts:      33000 | #Constraints:      12922
c INPROCESSING
c GARBAGE COLLECT
c bounds -2433 >= -5322 @ 65.5761
c bounds -2433 >= -5314 @ 65.5785
c bounds -2433 >= -5306 @ 65.5799
c bounds -2433 >= -5298 @ 65.5814
c #Conflicts:      34000 | #Constraints:      10141
c #Conflicts:      35000 | #Constraints:      11141
c #Conflicts:      36000 | #Constraints:      12141
c #Conflicts:      37000 | #Constraints:      13141
c INPROCESSING
c GARBAGE COLLECT
c #Conflicts:      38000 | #Constraints:      10150
c #Conflicts:      39000 | #Constraints:      11150
c #Conflicts:      40000 | #Constraints:      12150
c #Conflicts:      41000 | #Constraints:      13150
c INPROCESSING
c GARBAGE COLLECT
c #Conflicts:      42000 | #Constraints:       9975
c #Conflicts:      43000 | #Constraints:      10975
c #Conflicts:      44000 | #Constraints:      11975
c #Conflicts:      45000 | #Constraints:      12975
c #Conflicts:      46000 | #Constraints:      13975
c INPROCESSING
c GARBAGE COLLECT
c #Conflicts:      47000 | #Constraints:      10578
c #Conflicts:      48000 | #Constraints:      11578
c #Conflicts:      49000 | #Constraints:      12578
c #Conflicts:      50000 | #Constraints:      13578
c #Conflicts:      51000 | #Constraints:      14578
c INPROCESSING
c GARBAGE COLLECT
c #Conflicts:      52000 | #Constraints:      10981
c #Conflicts:      53000 | #Constraints:      11981
c #Conflicts:      54000 | #Constraints:      12981
c #Conflicts:      55000 | #Constraints:      13981
c #Conflicts:      56000 | #Constraints:      14981
c INPROCESSING
c GARBAGE COLLECT
c #Conflicts:      57000 | #Constraints:      11179
c #Conflicts:      58000 | #Constraints:      12179
c #Conflicts:      59000 | #Constraints:      13179
c #Conflicts:      60000 | #Constraints:      14179
c #Conflicts:      61000 | #Constraints:      15179
c INPROCESSING
c GARBAGE COLLECT
c #Conflicts:      62000 | #Constraints:      11193
c #Conflicts:      63000 | #Constraints:      12193
c #Conflicts:      64000 | #Constraints:      13193
c #Conflicts:      65000 | #Constraints:      14193
c #Conflicts:      66000 | #Constraints:      15193
c INPROCESSING
c GARBAGE COLLECT
c #Conflicts:      67000 | #Constraints:      11010
c #Conflicts:      68000 | #Constraints:      12010
c #Conflicts:      69000 | #Constraints:      13010
c #Conflicts:      70000 | #Constraints:      14010
c #Conflicts:      71000 | #Constraints:      15010
c #Conflicts:      72000 | #Constraints:      16010
c INPROCESSING
c GARBAGE COLLECT
c #Conflicts:      73000 | #Constraints:      11606
c #Conflicts:      74000 | #Constraints:      12606
c #Conflicts:      75000 | #Constraints:      13606
c #Conflicts:      76000 | #Constraints:      14606
c #Conflicts:      77000 | #Constraints:      15606
c #Conflicts:      78000 | #Constraints:      16606
c INPROCESSING
c GARBAGE COLLECT
c #Conflicts:      79000 | #Constraints:      12016
c #Conflicts:      80000 | #Constraints:      13016
c #Conflicts:      81000 | #Constraints:      14016
c #Conflicts:      82000 | #Constraints:      15016
c #Conflicts:      83000 | #Constraints:      16016
c #Conflicts:      84000 | #Constraints:      17016
c INPROCESSING
c GARBAGE COLLECT
c #Conflicts:      85000 | #Constraints:      12239
c #Conflicts:      86000 | #Constraints:      13239
c #Conflicts:      87000 | #Constraints:      14239
c #Conflicts:      88000 | #Constraints:      15239
c #Conflicts:      89000 | #Constraints:      16239
c #Conflicts:      90000 | #Constraints:      17239
c INPROCESSING
c GARBAGE COLLECT
c #Conflicts:      91000 | #Constraints:      12246
c #Conflicts:      92000 | #Constraints:      13246
c #Conflicts:      93000 | #Constraints:      14246
c #Conflicts:      94000 | #Constraints:      15246
c #Conflicts:      95000 | #Constraints:      16246
c #Conflicts:      96000 | #Constraints:      17246
c INPROCESSING
c GARBAGE COLLECT
c #Conflicts:      97000 | #Constraints:      12033
c #Conflicts:      98000 | #Constraints:      13033
c #Conflicts:      99000 | #Constraints:      14033
c #Conflicts:     100000 | #Constraints:      15033
c #Conflicts:     101000 | #Constraints:      16033
c #Conflicts:     102000 | #Constraints:      17033
c #Conflicts:     103000 | #Constraints:      18033
c INPROCESSING
c GARBAGE COLLECT
c #Conflicts:     104000 | #Constraints:      12630
c #Conflicts:     105000 | #Constraints:      13630
c #Conflicts:     106000 | #Constraints:      14630
c #Conflicts:     107000 | #Constraints:      15630
c #Conflicts:     108000 | #Constraints:      16630
c #Conflicts:     109000 | #Constraints:      17630
c #Conflicts:     110000 | #Constraints:      18630
c INPROCESSING
c GARBAGE COLLECT
c #Conflicts:     111000 | #Constraints:      13021
c #Conflicts:     112000 | #Constraints:      14021
c #Conflicts:     113000 | #Constraints:      15021
c #Conflicts:     114000 | #Constraints:      16021
c #Conflicts:     115000 | #Constraints:      17021
c #Conflicts:     116000 | #Constraints:      18021
c #Conflicts:     117000 | #Constraints:      19021
c INPROCESSING
c GARBAGE COLLECT
c bounds -2435 >= -5298 @ 128.607
c bounds -2436 >= -5298 @ 128.626
c #Conflicts:     118000 | #Constraints:      13228
c bounds -2437 >= -5298 @ 130.685
c bounds -2438 >= -5298 @ 131.178
c #Conflicts:     119000 | #Constraints:      14230
c #Conflicts:     120000 | #Constraints:      15230
c #Conflicts:     121000 | #Constraints:      16230
c #Conflicts:     122000 | #Constraints:      17230
c #Conflicts:     123000 | #Constraints:      18230
c #Conflicts:     124000 | #Constraints:      19230
c INPROCESSING
c GARBAGE COLLECT
c bounds -2439 >= -5298 @ 136.8
c #Conflicts:     125000 | #Constraints:      13235
c #Conflicts:     126000 | #Constraints:      14235
c #Conflicts:     127000 | #Constraints:      15235
c #Conflicts:     128000 | #Constraints:      16235
c #Conflicts:     129000 | #Constraints:      17235
c #Conflicts:     130000 | #Constraints:      18235
c bounds -2440 >= -5298 @ 145.753
c bounds -2440 >= -5294 @ 145.784
c bounds -2440 >= -5290 @ 145.791
c bounds -2440 >= -5286 @ 145.799
c bounds -2440 >= -5282 @ 145.831
c bounds -2440 >= -5278 @ 145.886
c bounds -2440 >= -5274 @ 146.129
c #Conflicts:     131000 | #Constraints:      19285
c bounds -2440 >= -5270 @ 147.406
c INPROCESSING
c GARBAGE COLLECT
c #Conflicts:     132000 | #Constraints:      13051
c #Conflicts:     133000 | #Constraints:      14051
c #Conflicts:     134000 | #Constraints:      15051
c bounds -2440 >= -5266 @ 166.25
c bounds -2441 >= -5266 @ 166.638
c bounds -2443 >= -5266 @ 166.656
c bounds -2444 >= -5266 @ 166.676
c bounds -2445 >= -5266 @ 167.122
c bounds -2446 >= -5266 @ 167.418
c bounds -2447 >= -5266 @ 167.67
c bounds -2448 >= -5266 @ 167.796
c bounds -2449 >= -5266 @ 167.828
c #Conflicts:     135000 | #Constraints:      16089
c #Conflicts:     136000 | #Constraints:      17089
c #Conflicts:     137000 | #Constraints:      18089
c #Conflicts:     138000 | #Constraints:      19089
c bounds -2450 >= -5266 @ 176.084
c #Conflicts:     139000 | #Constraints:      20090
c INPROCESSING
c GARBAGE COLLECT
c #Conflicts:     140000 | #Constraints:      13672
c #Conflicts:     141000 | #Constraints:      14672
c #Conflicts:     142000 | #Constraints:      15672
c #Conflicts:     143000 | #Constraints:      16672
c #Conflicts:     144000 | #Constraints:      17672
c #Conflicts:     145000 | #Constraints:      18672
c #Conflicts:     146000 | #Constraints:      19672
c #Conflicts:     147000 | #Constraints:      20672
c #Conflicts:     148000 | #Constraints:      21672
c #Conflicts:     149000 | #Constraints:      22672
c #Conflicts:     150000 | #Constraints:      23672
c #Conflicts:     151000 | #Constraints:      24672
c #Conflicts:     152000 | #Constraints:      25672
c #Conflicts:     153000 | #Constraints:      26672
c #Conflicts:     154000 | #Constraints:      27672
c #Conflicts:     155000 | #Constraints:      28672
c #Conflicts:     156000 | #Constraints:      29672
c #Conflicts:     157000 | #Constraints:      30672
c #Conflicts:     158000 | #Constraints:      31672
c #Conflicts:     159000 | #Constraints:      32672
c #Conflicts:     160000 | #Constraints:      33672
c #Conflicts:     161000 | #Constraints:      34672
c #Conflicts:     162000 | #Constraints:      35672
c bounds -2450 >= -5262 @ 673.537
c bounds -2451 >= -5262 @ 673.849
c bounds -2452 >= -5262 @ 673.973
c #Conflicts:     163000 | #Constraints:      36704
c bounds -2453 >= -5262 @ 676.529
c #Conflicts:     164000 | #Constraints:      37705
c bounds -2454 >= -5262 @ 677.055
c bounds -2455 >= -5262 @ 679.99
c #Conflicts:     165000 | #Constraints:      38707
c #Conflicts:     166000 | #Constraints:      39707
c #Conflicts:     167000 | #Constraints:      40707
c #Conflicts:     168000 | #Constraints:      41707
c #Conflicts:     169000 | #Constraints:      42707
c #Conflicts:     170000 | #Constraints:      43707
c bounds -2456 >= -5262 @ 724.006
c bounds -2457 >= -5262 @ 728.149
c #Conflicts:     171000 | #Constraints:      44709
c #Conflicts:     172000 | #Constraints:      45709
c #Conflicts:     173000 | #Constraints:      46709
c #Conflicts:     174000 | #Constraints:      47709
c INPROCESSING
c GARBAGE COLLECT
c #Conflicts:     175000 | #Constraints:      27613
c #Conflicts:     176000 | #Constraints:      28613
c bounds -2458 >= -5262 @ 774.49
c #Conflicts:     177000 | #Constraints:      29614
c bounds -2459 >= -5262 @ 784.133
c #Conflicts:     178000 | #Constraints:      30615
c bounds -2460 >= -5262 @ 796.243
c #Conflicts:     179000 | #Constraints:      31616
c #Conflicts:     180000 | #Constraints:      32616
c #Conflicts:     181000 | #Constraints:      33616
c #Conflicts:     182000 | #Constraints:      34616
c bounds -2461 >= -5262 @ 836.296
c INPROCESSING
c GARBAGE COLLECT
c #Conflicts:     183000 | #Constraints:      20610
c #Conflicts:     184000 | #Constraints:      21610
c #Conflicts:     185000 | #Constraints:      22610
c #Conflicts:     186000 | #Constraints:      23610
c #Conflicts:     187000 | #Constraints:      24610
c #Conflicts:     188000 | #Constraints:      25610
c #Conflicts:     189000 | #Constraints:      26610
c #Conflicts:     190000 | #Constraints:      27610
c #Conflicts:     191000 | #Constraints:      28610
c #Conflicts:     192000 | #Constraints:      29610
c INPROCESSING
c GARBAGE COLLECT
c #Conflicts:     193000 | #Constraints:      18544
c #Conflicts:     194000 | #Constraints:      19544
c #Conflicts:     195000 | #Constraints:      20544
c #Conflicts:     196000 | #Constraints:      21544
c #Conflicts:     197000 | #Constraints:      22544
c #Conflicts:     198000 | #Constraints:      23544
c #Conflicts:     199000 | #Constraints:      24544
c #Conflicts:     200000 | #Constraints:      25544
c #Conflicts:     201000 | #Constraints:      26544
c INPROCESSING
c GARBAGE COLLECT
c #Conflicts:     202000 | #Constraints:      16856
c #Conflicts:     203000 | #Constraints:      17856
c #Conflicts:     204000 | #Constraints:      18856
c #Conflicts:     205000 | #Constraints:      19856
c #Conflicts:     206000 | #Constraints:      20856
c #Conflicts:     207000 | #Constraints:      21856
c #Conflicts:     208000 | #Constraints:      22856
c #Conflicts:     209000 | #Constraints:      23856
c #Conflicts:     210000 | #Constraints:      24856
c INPROCESSING
c GARBAGE COLLECT
c #Conflicts:     211000 | #Constraints:      15744
c #Conflicts:     212000 | #Constraints:      16744
c #Conflicts:     213000 | #Constraints:      17744
c #Conflicts:     214000 | #Constraints:      18744
c #Conflicts:     215000 | #Constraints:      19744
c bounds -2462 >= -5262 @ 1374.92
c #Conflicts:     216000 | #Constraints:      20745
c #Conflicts:     217000 | #Constraints:      21745
c #Conflicts:     218000 | #Constraints:      22745
c #Conflicts:     219000 | #Constraints:      23745
c #Conflicts:     220000 | #Constraints:      24745
c bounds -2463 >= -5262 @ 1401.85
c bounds -2463 >= -5260 @ 1401.86
c bounds -2463 >= -5258 @ 1401.86
c bounds -2463 >= -5256 @ 1401.87
c bounds -2463 >= -5254 @ 1401.92
c bounds -2463 >= -5252 @ 1401.96
c INPROCESSING
c GARBAGE COLLECT
c bounds -2463 >= -5250 @ 1402.23
c bounds -2463 >= -5248 @ 1402.26
c bounds -2463 >= -5246 @ 1402.28
c bounds -2463 >= -5244 @ 1402.29
c bounds -2463 >= -5242 @ 1402.31
c bounds -2463 >= -5240 @ 1402.32
c bounds -2463 >= -5238 @ 1402.33
c bounds -2463 >= -5236 @ 1402.33
c bounds -2463 >= -5234 @ 1402.35
c bounds -2463 >= -5232 @ 1402.37
c bounds -2463 >= -5230 @ 1402.39
c bounds -2463 >= -5228 @ 1402.41
c bounds -2463 >= -5226 @ 1402.43
c bounds -2463 >= -5224 @ 1402.44
c bounds -2463 >= -5222 @ 1402.45
c bounds -2463 >= -5220 @ 1402.45
c bounds -2463 >= -5218 @ 1402.45
c bounds -2463 >= -5216 @ 1402.46
c bounds -2463 >= -5214 @ 1402.47
c bounds -2463 >= -5212 @ 1402.48
c bounds -2463 >= -5210 @ 1402.5
c bounds -2463 >= -5208 @ 1402.51
c bounds -2463 >= -5206 @ 1402.52
c bounds -2463 >= -5204 @ 1402.55
c #Conflicts:     221000 | #Constraints:      16243
c bounds -2463 >= -5202 @ 1402.6
c bounds -2463 >= -5200 @ 1402.65
c bounds -2463 >= -5198 @ 1402.73
c bounds -2463 >= -5194 @ 1402.78
c bounds -2463 >= -5192 @ 1402.79
c bounds -2463 >= -5190 @ 1402.79
c bounds -2463 >= -5188 @ 1402.8
c bounds -2463 >= -5186 @ 1402.82
c bounds -2463 >= -5184 @ 1402.85
c bounds -2463 >= -5182 @ 1402.86
c bounds -2463 >= -5180 @ 1402.88
c bounds -2463 >= -5178 @ 1402.89
c bounds -2463 >= -5176 @ 1402.93
c bounds -2463 >= -5174 @ 1402.95
c bounds -2463 >= -5172 @ 1402.99
c bounds -2463 >= -5170 @ 1403.04
c bounds -2463 >= -5168 @ 1403.08
c bounds -2463 >= -5166 @ 1403.12
c bounds -2463 >= -5164 @ 1403.17
c bounds -2463 >= -5162 @ 1403.25
c bounds -2463 >= -5160 @ 1403.33
c #Conflicts:     222000 | #Constraints:      17720
c bounds -2463 >= -5158 @ 1403.46
c bounds -2463 >= -5156 @ 1403.61
c bounds -2463 >= -5154 @ 1403.89
c bounds -2463 >= -5152 @ 1404.13
c #Conflicts:     223000 | #Constraints:      18852
c bounds -2463 >= -5150 @ 1404.47
c bounds -2463 >= -5148 @ 1404.95
c #Conflicts:     224000 | #Constraints:      19951
c bounds -2463 >= -5146 @ 1405.34
c bounds -2463 >= -5144 @ 1405.75
c bounds -2463 >= -5142 @ 1405.99
c #Conflicts:     225000 | #Constraints:      21056
c bounds -2463 >= -5140 @ 1406.36
c bounds -2463 >= -5138 @ 1406.84
c bounds -2463 >= -5136 @ 1407.32
c #Conflicts:     226000 | #Constraints:      22158
c bounds -2463 >= -5134 @ 1407.91
c #Conflicts:     227000 | #Constraints:      23206
c bounds -2463 >= -5132 @ 1408.69
c bounds -2463 >= -5130 @ 1409.36
c #Conflicts:     228000 | #Constraints:      24302
c bounds -2463 >= -5128 @ 1410.24
c bounds -2463 >= -5126 @ 1411.01
c #Conflicts:     229000 | #Constraints:      25377
c bounds -2463 >= -5124 @ 1411.96
c #Conflicts:     230000 | #Constraints:      26407
c bounds -2463 >= -5122 @ 1412.89
c #Conflicts:     231000 | #Constraints:      27449
c bounds -2463 >= -5120 @ 1413.91
c bounds -2463 >= -5118 @ 1415.09
c #Conflicts:     232000 | #Constraints:      28530
c #Conflicts:     233000 | #Constraints:      29530
c bounds -2463 >= -5116 @ 1416.86
c bounds -2463 >= -5114 @ 1418.29
c bounds -2463 >= -5112 @ 1418.4
c bounds -2463 >= -5110 @ 1418.4
c bounds -2463 >= -5108 @ 1418.42
c bounds -2463 >= -5106 @ 1418.42
c #Conflicts:     234000 | #Constraints:      30635
c bounds -2463 >= -5104 @ 1418.58
c bounds -2463 >= -5102 @ 1418.76
c bounds -2463 >= -5100 @ 1418.85
c bounds -2463 >= -5098 @ 1418.98
c bounds -2463 >= -5096 @ 1419.05
c bounds -2463 >= -5094 @ 1419.15
c bounds -2463 >= -5092 @ 1419.34
c bounds -2463 >= -5090 @ 1419.5
c bounds -2463 >= -5088 @ 1419.68
c bounds -2463 >= -5086 @ 1419.9
c bounds -2463 >= -5084 @ 1420.12
c #Conflicts:     235000 | #Constraints:      31905
c bounds -2463 >= -5082 @ 1420.36
c bounds -2463 >= -5080 @ 1420.7
c bounds -2463 >= -5078 @ 1420.82
c bounds -2463 >= -5076 @ 1421.15
c bounds -2463 >= -5074 @ 1421.53
c #Conflicts:     236000 | #Constraints:      33052
c bounds -2463 >= -5072 @ 1422.07
c bounds -2463 >= -5070 @ 1422.69
c #Conflicts:     237000 | #Constraints:      34145
c bounds -2463 >= -5068 @ 1423.94
c bounds -2463 >= -5066 @ 1424.71
c bounds -2463 >= -5064 @ 1425.62
c #Conflicts:     238000 | #Constraints:      35292
c bounds -2463 >= -5062 @ 1426.63
c #Conflicts:     239000 | #Constraints:      36331
c bounds -2463 >= -5060 @ 1428.37
c #Conflicts:     240000 | #Constraints:      37382
c bounds -2463 >= -5058 @ 1430.17
c bounds -2463 >= -5056 @ 1431.05
c #Conflicts:     241000 | #Constraints:      38451
c bounds -2463 >= -5054 @ 1432.58
c bounds -2463 >= -5052 @ 1433.91
c bounds -2463 >= -5050 @ 1433.92
c bounds -2463 >= -5048 @ 1433.98
c bounds -2463 >= -5046 @ 1434.26
c #Conflicts:     242000 | #Constraints:      39559
c bounds -2463 >= -5044 @ 1434.41
c bounds -2463 >= -5042 @ 1434.67
c bounds -2463 >= -5040 @ 1434.89
c bounds -2464 >= -5040 @ 1436.38
c bounds -2464 >= -5038 @ 1436.42
c bounds -2464 >= -5034 @ 1436.46
c bounds -2464 >= -5032 @ 1436.53
c bounds -2464 >= -5030 @ 1436.54
c #Conflicts:     243000 | #Constraints:      40686
c bounds -2464 >= -5028 @ 1436.58
c bounds -2464 >= -5026 @ 1436.81
c bounds -2464 >= -5024 @ 1437.15
c bounds -2464 >= -5022 @ 1437.3
c bounds -2464 >= -5020 @ 1437.37
c bounds -2464 >= -5018 @ 1437.4
c bounds -2464 >= -5016 @ 1437.49
c bounds -2464 >= -5014 @ 1437.81
c bounds -2464 >= -5012 @ 1438.02
c bounds -2464 >= -5010 @ 1438.28
c bounds -2464 >= -5008 @ 1438.36
c bounds -2464 >= -5006 @ 1438.64
c #Conflicts:     244000 | #Constraints:      42013
c bounds -2465 >= -5006 @ 1439.69
c bounds -2465 >= -5002 @ 1439.75
c bounds -2465 >= -5000 @ 1439.98
c bounds -2465 >= -4998 @ 1440.06
c bounds -2465 >= -4996 @ 1440.26
c bounds -2465 >= -4994 @ 1440.45
c bounds -2465 >= -4992 @ 1440.71
c #Conflicts:     245000 | #Constraints:      43146
c #Conflicts:     246000 | #Constraints:      44146
c #Conflicts:     247000 | #Constraints:      45146
c #Conflicts:     248000 | #Constraints:      46146
c #Conflicts:     249000 | #Constraints:      47146
c #Conflicts:     250000 | #Constraints:      48146
c #Conflicts:     251000 | #Constraints:      49146
c #Conflicts:     252000 | #Constraints:      50146
c #Conflicts:     253000 | #Constraints:      51146
c #Conflicts:     254000 | #Constraints:      52146
c #Conflicts:     255000 | #Constraints:      53146
c #Conflicts:     256000 | #Constraints:      54146
c #Conflicts:     257000 | #Constraints:      55146
c #Conflicts:     258000 | #Constraints:      56146
c #Conflicts:     259000 | #Constraints:      57146
c #Conflicts:     260000 | #Constraints:      58146
c #Conflicts:     261000 | #Constraints:      59146
c #Conflicts:     262000 | #Constraints:      60146
c INPROCESSING
c GARBAGE COLLECT
c bounds -2465 >= -4990 @ 1608.11
c bounds -2465 >= -4988 @ 1608.46
c #Conflicts:     263000 | #Constraints:      34456
c bounds -2465 >= -4986 @ 1609.02
c bounds -2465 >= -4984 @ 1609.02
c bounds -2465 >= -4982 @ 1609.03
c bounds -2465 >= -4980 @ 1609.2
c bounds -2465 >= -4978 @ 1609.51
c bounds -2465 >= -4976 @ 1610.01
c bounds -2465 >= -4974 @ 1610.65
c #Conflicts:     264000 | #Constraints:      35627
c bounds -2465 >= -4972 @ 1611.27
c bounds -2465 >= -4970 @ 1612.47
c bounds -2465 >= -4968 @ 1613.32
c #Conflicts:     265000 | #Constraints:      36753
c bounds -2465 >= -4966 @ 1614.62
c bounds -2465 >= -4964 @ 1615.65
c #Conflicts:     266000 | #Constraints:      37822
c bounds -2465 >= -4962 @ 1617.48
c #Conflicts:     267000 | #Constraints:      38900
c bounds -2465 >= -4960 @ 1619.25
c bounds -2465 >= -4958 @ 1620.35
c bounds -2465 >= -4956 @ 1621.21
c #Conflicts:     268000 | #Constraints:      40041
c bounds -2465 >= -4954 @ 1622.36
c bounds -2465 >= -4952 @ 1623.88
c #Conflicts:     269000 | #Constraints:      41137
c bounds -2465 >= -4950 @ 1626.77
c #Conflicts:     270000 | #Constraints:      42188
c bounds -2465 >= -4948 @ 1628.72
c #Conflicts:     271000 | #Constraints:      43236
c bounds -2465 >= -4946 @ 1630.86
c bounds -2465 >= -4944 @ 1632.35
c #Conflicts:     272000 | #Constraints:      44329
c bounds -2465 >= -4942 @ 1634.32
c bounds -2465 >= -4940 @ 1636.28
c #Conflicts:     273000 | #Constraints:      45419
c bounds -2465 >= -4938 @ 1637.99
c INPROCESSING
c GARBAGE COLLECT
c #Conflicts:     274000 | #Constraints:      27188
c bounds -2465 >= -4936 @ 1641.27
c #Conflicts:     275000 | #Constraints:      28263
c bounds -2465 >= -4934 @ 1644.45
c #Conflicts:     276000 | #Constraints:      29338
c bounds -2465 >= -4932 @ 1647.13
c #Conflicts:     277000 | #Constraints:      30422
c bounds -2465 >= -4930 @ 1650.54
c #Conflicts:     278000 | #Constraints:      31530
c #Conflicts:     279000 | #Constraints:      32530
c bounds -2465 >= -4928 @ 1654.43
c #Conflicts:     280000 | #Constraints:      33602
c bounds -2465 >= -4926 @ 1659.91
c #Conflicts:     281000 | #Constraints:      34656
c #Conflicts:     282000 | #Constraints:      35656
c bounds -2465 >= -4924 @ 1664.58
c #Conflicts:     283000 | #Constraints:      36728
c bounds -2465 >= -4922 @ 1669.38
c #Conflicts:     284000 | #Constraints:      37782
c bounds -2465 >= -4920 @ 1673.71
c #Conflicts:     285000 | #Constraints:      38845
c INPROCESSING
c GARBAGE COLLECT
c #Conflicts:     286000 | #Constraints:      24507
c bounds -2465 >= -4918 @ 1679.5
c #Conflicts:     287000 | #Constraints:      25609
c bounds -2465 >= -4916 @ 1683.1
c #Conflicts:     288000 | #Constraints:      26702
c #Conflicts:     289000 | #Constraints:      27702
c bounds -2465 >= -4914 @ 1688.95
c #Conflicts:     290000 | #Constraints:      28798
c #Conflicts:     291000 | #Constraints:      29798
c bounds -2465 >= -4912 @ 1692.97
c #Conflicts:     292000 | #Constraints:      30867
c bounds -2465 >= -4910 @ 1699.25
c #Conflicts:     293000 | #Constraints:      31942
c #Conflicts:     294000 | #Constraints:      32942
c bounds -2465 >= -4908 @ 1707.71
c #Conflicts:     295000 | #Constraints:      34017
c #Conflicts:     296000 | #Constraints:      35017
c #Conflicts:     297000 | #Constraints:      36017
c bounds -2465 >= -4906 @ 1720.68
c #Conflicts:     298000 | #Constraints:      37110
c #Conflicts:     299000 | #Constraints:      38110
c #Conflicts:     300000 | #Constraints:      39110
c bounds -2465 >= -4904 @ 1731.94
c #Conflicts:     301000 | #Constraints:      40173
c #Conflicts:     302000 | #Constraints:      41173
c #Conflicts:     303000 | #Constraints:      42173
c bounds -2465 >= -4902 @ 1746.48
c #Conflicts:     304000 | #Constraints:      43242
c #Conflicts:     305000 | #Constraints:      44242
c #Conflicts:     306000 | #Constraints:      45242
c bounds -2465 >= -4900 @ 1760.49
c #Conflicts:     307000 | #Constraints:      46296
c #Conflicts:     308000 | #Constraints:      47296
c bounds -2465 >= -4898 @ 1770.1
c #Conflicts:     309000 | #Constraints:      48326
c #Conflicts:     310000 | #Constraints:      49326
c bounds -2465 >= -4896 @ 1783.78
c #Conflicts:     311000 | #Constraints:      50383
c bounds -2465 >= -4894 @ 1791.04
c #Conflicts:     312000 | #Constraints:      51437
c bounds -2465 >= -4892 @ 1795.95
c #Conflicts:     313000 | #Constraints:      52473
c #Conflicts:     314000 | #Constraints:      53473
c bounds -2465 >= -4890 @ 1804.91
c #Conflicts:     315000 | #Constraints:      54512
c bounds -2465 >= -4888 @ 1815.76
c #Conflicts:     316000 | #Constraints:      55554
c bounds -2465 >= -4886 @ 1822.85
c #Conflicts:     317000 | #Constraints:      56602
c #Conflicts:     318000 | #Constraints:      57602
c bounds -2465 >= -4884 @ 1831.38
c #Conflicts:     319000 | #Constraints:      58653
c bounds -2465 >= -4882 @ 1839.14
c #Conflicts:     320000 | #Constraints:      59692
c #Conflicts:     321000 | #Constraints:      60692
c bounds -2465 >= -4880 @ 1853.56
c #Conflicts:     322000 | #Constraints:      61743
c #Conflicts:     323000 | #Constraints:      62743
c bounds -2465 >= -4878 @ 1866.33
c #Conflicts:     324000 | #Constraints:      63779
c #Conflicts:     325000 | #Constraints:      64779
c bounds -2465 >= -4876 @ 1880.93
c #Conflicts:     326000 | #Constraints:      65839
c #Conflicts:     327000 | #Constraints:      66839
c bounds -2465 >= -4874 @ 1895.33
c #Conflicts:     328000 | #Constraints:      67899
c #Conflicts:     329000 | #Constraints:      68899
c #Conflicts:     330000 | #Constraints:      69899
c bounds -2465 >= -4872 @ 1917.54
c #Conflicts:     331000 | #Constraints:      70950
c INPROCESSING
c GARBAGE COLLECT
c #Conflicts:     332000 | #Constraints:      40659
c #Conflicts:     333000 | #Constraints:      41659
c bounds -2465 >= -4870 @ 1937.74
c #Conflicts:     334000 | #Constraints:      42737
c #Conflicts:     335000 | #Constraints:      43737
c #Conflicts:     336000 | #Constraints:      44737
c bounds -2465 >= -4868 @ 1952.72
c #Conflicts:     337000 | #Constraints:      45797
c #Conflicts:     338000 | #Constraints:      46797
c bounds -2465 >= -4866 @ 1972.42
c #Conflicts:     339000 | #Constraints:      47887
c #Conflicts:     340000 | #Constraints:      48887
c #Conflicts:     341000 | #Constraints:      49887
c #Conflicts:     342000 | #Constraints:      50887
c bounds -2465 >= -4864 @ 1993.12
c #Conflicts:     343000 | #Constraints:      51941
c #Conflicts:     344000 | #Constraints:      52941
c INPROCESSING
c GARBAGE COLLECT
c #Conflicts:     345000 | #Constraints:      32011
c #Conflicts:     346000 | #Constraints:      33011
c #Conflicts:     347000 | #Constraints:      34011
c #Conflicts:     348000 | #Constraints:      35011
c bounds -2465 >= -4862 @ 2034.85
c #Conflicts:     349000 | #Constraints:      36128
c #Conflicts:     350000 | #Constraints:      37128
c #Conflicts:     351000 | #Constraints:      38128
c #Conflicts:     352000 | #Constraints:      39128
c #Conflicts:     353000 | #Constraints:      40128
c #Conflicts:     354000 | #Constraints:      41128
c bounds -2465 >= -4860 @ 2069.2
c #Conflicts:     355000 | #Constraints:      42230
c #Conflicts:     356000 | #Constraints:      43230
c INPROCESSING
c GARBAGE COLLECT
c #Conflicts:     357000 | #Constraints:      26838
c #Conflicts:     358000 | #Constraints:      27838
c #Conflicts:     359000 | #Constraints:      28838
c #Conflicts:     360000 | #Constraints:      29838
c #Conflicts:     361000 | #Constraints:      30838
c bounds -2465 >= -4858 @ 2110.73
c bounds -2466 >= -4858 @ 2112.21
c #Conflicts:     362000 | #Constraints:      31947
c #Conflicts:     363000 | #Constraints:      32947
c #Conflicts:     364000 | #Constraints:      33947
c #Conflicts:     365000 | #Constraints:      34947
c #Conflicts:     366000 | #Constraints:      35947
c #Conflicts:     367000 | #Constraints:      36947
c #Conflicts:     368000 | #Constraints:      37947
c #Conflicts:     369000 | #Constraints:      38947
c bounds -2467 >= -4858 @ 2178.66
c #Conflicts:     370000 | #Constraints:      39948
c bounds -2467 >= -4856 @ 2183.22
c bounds -2467 >= -4854 @ 2184.43
c bounds -2467 >= -4852 @ 2186.28
c bounds -2467 >= -4850 @ 2188.04
c bounds -2467 >= -4848 @ 2190.82
c #Conflicts:     371000 | #Constraints:      41104
c bounds -2467 >= -4846 @ 2194.13
c bounds -2467 >= -4844 @ 2199.71
c #Conflicts:     372000 | #Constraints:      42182
c bounds -2467 >= -4842 @ 2204.29
c bounds -2467 >= -4840 @ 2207.45
c #Conflicts:     373000 | #Constraints:      43275
c bounds -2467 >= -4838 @ 2211.65
c bounds -2467 >= -4836 @ 2214.12
c bounds -2467 >= -4834 @ 2217.05
c #Conflicts:     374000 | #Constraints:      44398
c bounds -2467 >= -4832 @ 2218.87
c bounds -2467 >= -4830 @ 2221.18
c bounds -2467 >= -4828 @ 2224.33
c #Conflicts:     375000 | #Constraints:      45503
c bounds -2467 >= -4826 @ 2229.28
c bounds -2467 >= -4824 @ 2235.31
c bounds -2467 >= -4822 @ 2237.14
c #Conflicts:     376000 | #Constraints:      46596
c bounds -2467 >= -4820 @ 2240.1
c bounds -2467 >= -4818 @ 2241.92
c bounds -2467 >= -4816 @ 2245.84
c #Conflicts:     377000 | #Constraints:      47707
c bounds -2467 >= -4814 @ 2248.87
c bounds -2467 >= -4812 @ 2252.29
c bounds -2467 >= -4810 @ 2256.03
c #Conflicts:     378000 | #Constraints:      48830
c bounds -2467 >= -4808 @ 2258.6
c bounds -2467 >= -4806 @ 2264.4
c #Conflicts:     379000 | #Constraints:      49911
c bounds -2467 >= -4804 @ 2270.35
c bounds -2467 >= -4802 @ 2275.6
c #Conflicts:     380000 | #Constraints:      50995
c bounds -2467 >= -4800 @ 2283.58
c #Conflicts:     381000 | #Constraints:      52055
c bounds -2467 >= -4798 @ 2288.81
c #Conflicts:     382000 | #Constraints:      53115
c bounds -2467 >= -4796 @ 2297.01
c #Conflicts:     383000 | #Constraints:      54166
c bounds -2467 >= -4794 @ 2306.69
c #Conflicts:     384000 | #Constraints:      55229
c bounds -2467 >= -4792 @ 2316.17
c #Conflicts:     385000 | #Constraints:      56274
c bounds -2467 >= -4790 @ 2325.18
c #Conflicts:     386000 | #Constraints:      57325
c bounds -2467 >= -4788 @ 2336.64
c #Conflicts:     387000 | #Constraints:      58376
c bounds -2467 >= -4786 @ 2345.73
c #Conflicts:     388000 | #Constraints:      59415
c bounds -2467 >= -4784 @ 2356.72
c #Conflicts:     389000 | #Constraints:      60478
c bounds -2467 >= -4782 @ 2367.14
c #Conflicts:     390000 | #Constraints:      61532
c bounds -2467 >= -4780 @ 2377.4
c #Conflicts:     391000 | #Constraints:      62586
c bounds -2467 >= -4778 @ 2386.26
c #Conflicts:     392000 | #Constraints:      63646
c bounds -2467 >= -4776 @ 2397.91
c #Conflicts:     393000 | #Constraints:      64700
c #Conflicts:     394000 | #Constraints:      65700
c bounds -2467 >= -4774 @ 2412.5
c #Conflicts:     395000 | #Constraints:      66751
c #Conflicts:     396000 | #Constraints:      67751
c #Conflicts:     397000 | #Constraints:      68751
c #Conflicts:     398000 | #Constraints:      69751
c bounds -2468 >= -4774 @ 2443.61
c #Conflicts:     399000 | #Constraints:      70752
c bounds -2468 >= -4772 @ 2458.94
c #Conflicts:     400000 | #Constraints:      71794
c bounds -2468 >= -4770 @ 2475.34
c #Conflicts:     401000 | #Constraints:      72863
c #Conflicts:     402000 | #Constraints:      73863
c bounds -2468 >= -4768 @ 2490.98
c #Conflicts:     403000 | #Constraints:      74917
c bounds -2468 >= -4766 @ 2504.53
c #Conflicts:     404000 | #Constraints:      75977
c #Conflicts:     405000 | #Constraints:      76977
c bounds -2468 >= -4764 @ 2529.46
c #Conflicts:     406000 | #Constraints:      78064
c #Conflicts:     407000 | #Constraints:      79064
c INPROCESSING
c GARBAGE COLLECT
c #Conflicts:     408000 | #Constraints:      45794
c #Conflicts:     409000 | #Constraints:      46794
c bounds -2468 >= -4762 @ 2568.15
c #Conflicts:     410000 | #Constraints:      47854
c #Conflicts:     411000 | #Constraints:      48854
c bounds -2468 >= -4760 @ 2589.88
c #Conflicts:     412000 | #Constraints:      49917
c #Conflicts:     413000 | #Constraints:      50917
c bounds -2468 >= -4758 @ 2612.54
c #Conflicts:     414000 | #Constraints:      51986
c #Conflicts:     415000 | #Constraints:      52986
c bounds -2468 >= -4756 @ 2631.79
c #Conflicts:     416000 | #Constraints:      54043
c bounds -2469 >= -4756 @ 2633.05
c #Conflicts:     417000 | #Constraints:      55044
c bounds -2470 >= -4756 @ 2636.31
c #Conflicts:     418000 | #Constraints:      56045
c #Conflicts:     419000 | #Constraints:      57045
c #Conflicts:     420000 | #Constraints:      58045
c #Conflicts:     421000 | #Constraints:      59045
c INPROCESSING
c GARBAGE COLLECT
c #Conflicts:     422000 | #Constraints:      35883
c #Conflicts:     423000 | #Constraints:      36883
c bounds -2470 >= -4754 @ 2691.65
c #Conflicts:     424000 | #Constraints:      37937
c #Conflicts:     425000 | #Constraints:      38937
c bounds -2470 >= -4752 @ 2710.89
c #Conflicts:     426000 | #Constraints:      40015
c #Conflicts:     427000 | #Constraints:      41015
c bounds -2470 >= -4750 @ 2727.53
c #Conflicts:     428000 | #Constraints:      42075
c #Conflicts:     429000 | #Constraints:      43075
c bounds -2470 >= -4748 @ 2750.93
c #Conflicts:     430000 | #Constraints:      44162
c #Conflicts:     431000 | #Constraints:      45162
c bounds -2470 >= -4746 @ 2773.66
c #Conflicts:     432000 | #Constraints:      46228
c #Conflicts:     433000 | #Constraints:      47228
c #Conflicts:     434000 | #Constraints:      48228
c bounds -2470 >= -4744 @ 2804.27
c #Conflicts:     435000 | #Constraints:      49276
c INPROCESSING
c GARBAGE COLLECT
c #Conflicts:     436000 | #Constraints:      31135
c #Conflicts:     437000 | #Constraints:      32135
c #Conflicts:     438000 | #Constraints:      33135
c #Conflicts:     439000 | #Constraints:      34135
c #Conflicts:     440000 | #Constraints:      35135
c #Conflicts:     441000 | #Constraints:      36135
c #Conflicts:     442000 | #Constraints:      37135
c #Conflicts:     443000 | #Constraints:      38135
c #Conflicts:     444000 | #Constraints:      39135
c #Conflicts:     445000 | #Constraints:      40135
c #Conflicts:     446000 | #Constraints:      41135
c #Conflicts:     447000 | #Constraints:      42135
c #Conflicts:     448000 | #Constraints:      43135
c #Conflicts:     449000 | #Constraints:      44135
c #Conflicts:     450000 | #Constraints:      45135
c #Conflicts:     451000 | #Constraints:      46135
c #Conflicts:     452000 | #Constraints:      47135
c #Conflicts:     453000 | #Constraints:      48135
c #Conflicts:     454000 | #Constraints:      49135
c #Conflicts:     455000 | #Constraints:      50135
c #Conflicts:     456000 | #Constraints:      51135
c #Conflicts:     457000 | #Constraints:      52135
c #Conflicts:     458000 | #Constraints:      53135
c #Conflicts:     459000 | #Constraints:      54135
c #Conflicts:     460000 | #Constraints:      55135
c #Conflicts:     461000 | #Constraints:      56135
c #Conflicts:     462000 | #Constraints:      57135
c #Conflicts:     463000 | #Constraints:      58135
c #Conflicts:     464000 | #Constraints:      59135
c #Conflicts:     465000 | #Constraints:      60135
c #Conflicts:     466000 | #Constraints:      61135
c #Conflicts:     467000 | #Constraints:      62135
c #Conflicts:     468000 | #Constraints:      63135
c #Conflicts:     469000 | #Constraints:      64135
c #Conflicts:     470000 | #Constraints:      65135
c #Conflicts:     471000 | #Constraints:      66135
c #Conflicts:     472000 | #Constraints:      67135
c #Conflicts:     473000 | #Constraints:      68135
c #Conflicts:     474000 | #Constraints:      69135
c #Conflicts:     475000 | #Constraints:      70135
c #Conflicts:     476000 | #Constraints:      71135
c #Conflicts:     477000 | #Constraints:      72135
c #Conflicts:     478000 | #Constraints:      73135
c #Conflicts:     479000 | #Constraints:      74135
c #Conflicts:     480000 | #Constraints:      75135
c bounds -2471 >= -4744 @ 3348.03
c bounds -2471 >= -4743 @ 3348.26
c bounds -2471 >= -4742 @ 3348.42
c bounds -2471 >= -4741 @ 3348.43
c bounds -2471 >= -4740 @ 3348.44
c bounds -2471 >= -4739 @ 3348.45
c bounds -2471 >= -4738 @ 3348.46
c bounds -2471 >= -4737 @ 3348.48
c bounds -2471 >= -4736 @ 3348.48
c bounds -2471 >= -4735 @ 3348.53
c bounds -2471 >= -4734 @ 3348.55
c bounds -2471 >= -4733 @ 3348.57
c bounds -2471 >= -4732 @ 3348.6
c bounds -2471 >= -4731 @ 3348.67
c bounds -2471 >= -4730 @ 3348.77
c #Conflicts:     481000 | #Constraints:      76305
c bounds -2471 >= -4729 @ 3350.29
c #Conflicts:     482000 | #Constraints:      77317
c #Conflicts:     483000 | #Constraints:      78317
c bounds -2471 >= -4728 @ 3370.62
c #Conflicts:     484000 | #Constraints:      79344
c #Conflicts:     485000 | #Constraints:      80344
c bounds -2471 >= -4727 @ 3388.76
c #Conflicts:     486000 | #Constraints:      81419
c #Conflicts:     487000 | #Constraints:      82419
c #Conflicts:     488000 | #Constraints:      83419
c bounds -2471 >= -4726 @ 3409.44
c #Conflicts:     489000 | #Constraints:      84455
c #Conflicts:     490000 | #Constraints:      85455
c INPROCESSING
c GARBAGE COLLECT
c #Conflicts:     491000 | #Constraints:      48914
c bounds -2471 >= -4725 @ 3432.45
c #Conflicts:     492000 | #Constraints:      49980
c bounds -2471 >= -4724 @ 3443.87
c #Conflicts:     493000 | #Constraints:      51040
c #Conflicts:     494000 | #Constraints:      52040
c bounds -2471 >= -4723 @ 3462.3
c #Conflicts:     495000 | #Constraints:      53091
c #Conflicts:     496000 | #Constraints:      54091
c #Conflicts:     497000 | #Constraints:      55091
c bounds -2471 >= -4722 @ 3487.28
c #Conflicts:     498000 | #Constraints:      56148
c #Conflicts:     499000 | #Constraints:      57148
c #Conflicts:     500000 | #Constraints:      58148
c bounds -2471 >= -4721 @ 3517.58
c #Conflicts:     501000 | #Constraints:      59199
c #Conflicts:     502000 | #Constraints:      60199
c bounds -2471 >= -4720 @ 3543.69
c #Conflicts:     503000 | #Constraints:      61259
c bounds -2471 >= -4719 @ 3551.76
c #Conflicts:     504000 | #Constraints:      62307
c #Conflicts:     505000 | #Constraints:      63307
c bounds -2471 >= -4718 @ 3567.31
c #Conflicts:     506000 | #Constraints:      64364
c INPROCESSING
c GARBAGE COLLECT
c #Conflicts:     507000 | #Constraints:      38813
c #Conflicts:     508000 | #Constraints:      39813
c bounds -2471 >= -4717 @ 3599.62
c #Conflicts:     509000 | #Constraints:      40903
c #Conflicts:     510000 | #Constraints:      41903
c #Conflicts:     511000 | #Constraints:      42903
c #Conflicts:     512000 | #Constraints:      43903
c #Conflicts:     513000 | #Constraints:      44903
c bounds -2471 >= -4716 @ 3646.47
c #Conflicts:     514000 | #Constraints:      45993
c bounds -2471 >= -4715 @ 3664.85
c #Conflicts:     515000 | #Constraints:      47071
c #Conflicts:     516000 | #Constraints:      48071
c #Conflicts:     517000 | #Constraints:      49071
c #Conflicts:     518000 | #Constraints:      50071
c bounds -2471 >= -4714 @ 3696.58
c #Conflicts:     519000 | #Constraints:      51122
c #Conflicts:     520000 | #Constraints:      52122
c #Conflicts:     521000 | #Constraints:      53122
c bounds -2471 >= -4713 @ 3729.03
c INPROCESSING
c GARBAGE COLLECT
c #Conflicts:     522000 | #Constraints:      33566
c #Conflicts:     523000 | #Constraints:      34566
c #Conflicts:     524000 | #Constraints:      35566
c #Conflicts:     525000 | #Constraints:      36566
c bounds -2471 >= -4712 @ 3765.73
c #Conflicts:     526000 | #Constraints:      37668
c #Conflicts:     527000 | #Constraints:      38668
c #Conflicts:     528000 | #Constraints:      39668
c bounds -2471 >= -4711 @ 3789.7
c #Conflicts:     529000 | #Constraints:      40731
c #Conflicts:     530000 | #Constraints:      41731
c #Conflicts:     531000 | #Constraints:      42731
c bounds -2471 >= -4710 @ 3817.09
c #Conflicts:     532000 | #Constraints:      43809
c #Conflicts:     533000 | #Constraints:      44809
c #Conflicts:     534000 | #Constraints:      45809
c #Conflicts:     535000 | #Constraints:      46809
c bounds -2471 >= -4709 @ 3859.71
c #Conflicts:     536000 | #Constraints:      47872
c #Conflicts:     537000 | #Constraints:      48872
c bounds -2471 >= -4708 @ 3883.84
c #Conflicts:     538000 | #Constraints:      49953
c #Conflicts:     539000 | #Constraints:      50953
c #Conflicts:     540000 | #Constraints:      51953
c #Conflicts:     541000 | #Constraints:      52953
c bounds -2471 >= -4707 @ 3920.77
c #Conflicts:     542000 | #Constraints:      54037
c #Conflicts:     543000 | #Constraints:      55037
c #Conflicts:     544000 | #Constraints:      56037
c #Conflicts:     545000 | #Constraints:      57037
c #Conflicts:     546000 | #Constraints:      58037
c bounds -2471 >= -4706 @ 3974.54
c #Conflicts:     547000 | #Constraints:      59124
c #Conflicts:     548000 | #Constraints:      60124
c bounds -2471 >= -4705 @ 3994.23
c #Conflicts:     549000 | #Constraints:      61199
c #Conflicts:     550000 | #Constraints:      62199
c #Conflicts:     551000 | #Constraints:      63199
c #Conflicts:     552000 | #Constraints:      64199
c #Conflicts:     553000 | #Constraints:      65199
c #Conflicts:     554000 | #Constraints:      66199
c bounds -2471 >= -4704 @ 4056.32
c #Conflicts:     555000 | #Constraints:      67259
c #Conflicts:     556000 | #Constraints:      68259
c #Conflicts:     557000 | #Constraints:      69259
c bounds -2471 >= -4703 @ 4091.5
c #Conflicts:     558000 | #Constraints:      70340
c #Conflicts:     559000 | #Constraints:      71340
c #Conflicts:     560000 | #Constraints:      72340
c #Conflicts:     561000 | #Constraints:      73340
c bounds -2471 >= -4702 @ 4129.87
c #Conflicts:     562000 | #Constraints:      74403
c #Conflicts:     563000 | #Constraints:      75403
c #Conflicts:     564000 | #Constraints:      76403
c #Conflicts:     565000 | #Constraints:      77403
c bounds -2471 >= -4701 @ 4183.23
c #Conflicts:     566000 | #Constraints:      78481
c #Conflicts:     567000 | #Constraints:      79481
c #Conflicts:     568000 | #Constraints:      80481
c #Conflicts:     569000 | #Constraints:      81481
c #Conflicts:     570000 | #Constraints:      82481
c #Conflicts:     571000 | #Constraints:      83481
c bounds -2471 >= -4700 @ 4258.51
c #Conflicts:     572000 | #Constraints:      84556
c #Conflicts:     573000 | #Constraints:      85556
c #Conflicts:     574000 | #Constraints:      86556
c #Conflicts:     575000 | #Constraints:      87556
c #Conflicts:     576000 | #Constraints:      88556
c #Conflicts:     577000 | #Constraints:      89556
c bounds -2471 >= -4699 @ 4330.94
c #Conflicts:     578000 | #Constraints:      90631
c #Conflicts:     579000 | #Constraints:      91631
c #Conflicts:     580000 | #Constraints:      92631
c INPROCESSING
c GARBAGE COLLECT
c #Conflicts:     581000 | #Constraints:      52832
c #Conflicts:     582000 | #Constraints:      53832
c #Conflicts:     583000 | #Constraints:      54832
c #Conflicts:     584000 | #Constraints:      55832
c #Conflicts:     585000 | #Constraints:      56832
c bounds -2471 >= -4698 @ 4422.11
c #Conflicts:     586000 | #Constraints:      57895
c #Conflicts:     587000 | #Constraints:      58895
c #Conflicts:     588000 | #Constraints:      59895
c #Conflicts:     589000 | #Constraints:      60895
c bounds -2471 >= -4697 @ 4476.5
c #Conflicts:     590000 | #Constraints:      61949
c #Conflicts:     591000 | #Constraints:      62949
c #Conflicts:     592000 | #Constraints:      63949
c bounds -2471 >= -4696 @ 4523.67
c #Conflicts:     593000 | #Constraints:      65036
c #Conflicts:     594000 | #Constraints:      66036
c #Conflicts:     595000 | #Constraints:      67036
c #Conflicts:     596000 | #Constraints:      68036
c #Conflicts:     597000 | #Constraints:      69036
c INPROCESSING
c GARBAGE COLLECT
c #Conflicts:     598000 | #Constraints:      41234
c #Conflicts:     599000 | #Constraints:      42234
c bounds -2471 >= -4695 @ 4607.11
c #Conflicts:     600000 | #Constraints:      43303
c #Conflicts:     601000 | #Constraints:      44303
c #Conflicts:     602000 | #Constraints:      45303
c #Conflicts:     603000 | #Constraints:      46303
c bounds -2471 >= -4694 @ 4651.87
c #Conflicts:     604000 | #Constraints:      47369
c #Conflicts:     605000 | #Constraints:      48369
c #Conflicts:     606000 | #Constraints:      49369
c #Conflicts:     607000 | #Constraints:      50369
c #Conflicts:     608000 | #Constraints:      51369
c #Conflicts:     609000 | #Constraints:      52369
c #Conflicts:     610000 | #Constraints:      53369
c bounds -2471 >= -4693 @ 4731.28
c #Conflicts:     611000 | #Constraints:      54435
c #Conflicts:     612000 | #Constraints:      55435
c #Conflicts:     613000 | #Constraints:      56435
c #Conflicts:     614000 | #Constraints:      57435
c #Conflicts:     615000 | #Constraints:      58435
c INPROCESSING
c GARBAGE COLLECT
c #Conflicts:     616000 | #Constraints:      38042
c #Conflicts:     617000 | #Constraints:      39042
c #Conflicts:     618000 | #Constraints:      40042
c #Conflicts:     619000 | #Constraints:      41042
c #Conflicts:     620000 | #Constraints:      42042
c #Conflicts:     621000 | #Constraints:      43042
c #Conflicts:     622000 | #Constraints:      44042
c #Conflicts:     623000 | #Constraints:      45042
c bounds -2471 >= -4692 @ 4865.27
c #Conflicts:     624000 | #Constraints:      46132
c #Conflicts:     625000 | #Constraints:      47132
c #Conflicts:     626000 | #Constraints:      48132
c #Conflicts:     627000 | #Constraints:      49132
c #Conflicts:     628000 | #Constraints:      50132
c #Conflicts:     629000 | #Constraints:      51132
c bounds -2471 >= -4691 @ 4930.65
c #Conflicts:     630000 | #Constraints:      52249
c #Conflicts:     631000 | #Constraints:      53249
c #Conflicts:     632000 | #Constraints:      54249
c #Conflicts:     633000 | #Constraints:      55249
c #Conflicts:     634000 | #Constraints:      56249
c #Conflicts:     635000 | #Constraints:      57249
c bounds -2472 >= -4691 @ 4952.62
c #Conflicts:     636000 | #Constraints:      58250
c #Conflicts:     637000 | #Constraints:      59250
c #Conflicts:     638000 | #Constraints:      60250
c #Conflicts:     639000 | #Constraints:      61250
c bounds -2472 >= -4690 @ 5003.77
c #Conflicts:     640000 | #Constraints:      62331
c #Conflicts:     641000 | #Constraints:      63331
c bounds -2473 >= -4690 @ 5010.79
c #Conflicts:     642000 | #Constraints:      64332
c bounds -2474 >= -4690 @ 5018.69
c #Conflicts:     643000 | #Constraints:      65333
c #Conflicts:     644000 | #Constraints:      66333
c #Conflicts:     645000 | #Constraints:      67333
c #Conflicts:     646000 | #Constraints:      68333
c #Conflicts:     647000 | #Constraints:      69333
c #Conflicts:     648000 | #Constraints:      70333
c bounds -2474 >= -4689 @ 5100.28
c #Conflicts:     649000 | #Constraints:      71393
c #Conflicts:     650000 | #Constraints:      72393
c #Conflicts:     651000 | #Constraints:      73393
c #Conflicts:     652000 | #Constraints:      74393
c #Conflicts:     653000 | #Constraints:      75393
c #Conflicts:     654000 | #Constraints:      76393
c #Conflicts:     655000 | #Constraints:      77393
c #Conflicts:     656000 | #Constraints:      78393
c bounds -2475 >= -4689 @ 5147.14
c #Conflicts:     657000 | #Constraints:      79394
c #Conflicts:     658000 | #Constraints:      80394
c #Conflicts:     659000 | #Constraints:      81394
c #Conflicts:     660000 | #Constraints:      82394
c #Conflicts:     661000 | #Constraints:      83394
c bounds -2475 >= -4688 @ 5212.81
c #Conflicts:     662000 | #Constraints:      84463
c #Conflicts:     663000 | #Constraints:      85463
c #Conflicts:     664000 | #Constraints:      86463
c #Conflicts:     665000 | #Constraints:      87463
c #Conflicts:     666000 | #Constraints:      88463
c #Conflicts:     667000 | #Constraints:      89463
c bounds -2475 >= -4687 @ 5295.96
c #Conflicts:     668000 | #Constraints:      90538
c #Conflicts:     669000 | #Constraints:      91538
c #Conflicts:     670000 | #Constraints:      92538
c #Conflicts:     671000 | #Constraints:      93538
c #Conflicts:     672000 | #Constraints:      94538
c #Conflicts:     673000 | #Constraints:      95538
c #Conflicts:     674000 | #Constraints:      96538
c bounds -2476 >= -4687 @ 5427.14
c #Conflicts:     675000 | #Constraints:      97539
c #Conflicts:     676000 | #Constraints:      98539
c #Conflicts:     677000 | #Constraints:      99539
c bounds -2476 >= -4686 @ 5464.64
c #Conflicts:     678000 | #Constraints:     100614
c INPROCESSING
c GARBAGE COLLECT
c #Conflicts:     679000 | #Constraints:      57362
c #Conflicts:     680000 | #Constraints:      58362
c #Conflicts:     681000 | #Constraints:      59362
c bounds -2476 >= -4685 @ 5520
c #Conflicts:     682000 | #Constraints:      60416
c #Conflicts:     683000 | #Constraints:      61416
c #Conflicts:     684000 | #Constraints:      62416
c #Conflicts:     685000 | #Constraints:      63416
c #Conflicts:     686000 | #Constraints:      64416
c #Conflicts:     687000 | #Constraints:      65416
c bounds -2476 >= -4684 @ 5609.24
c #Conflicts:     688000 | #Constraints:      66485
c #Conflicts:     689000 | #Constraints:      67485
c #Conflicts:     690000 | #Constraints:      68485
c #Conflicts:     691000 | #Constraints:      69485
c bounds -2476 >= -4683 @ 5650.85
c #Conflicts:     692000 | #Constraints:      70560
c #Conflicts:     693000 | #Constraints:      71560
c #Conflicts:     694000 | #Constraints:      72560
c #Conflicts:     695000 | #Constraints:      73560
c #Conflicts:     696000 | #Constraints:      74560
c INPROCESSING
c GARBAGE COLLECT
c #Conflicts:     697000 | #Constraints:      44066
c #Conflicts:     698000 | #Constraints:      45066
c #Conflicts:     699000 | #Constraints:      46066
c #Conflicts:     700000 | #Constraints:      47066
c #Conflicts:     701000 | #Constraints:      48066
c #Conflicts:     702000 | #Constraints:      49066
c #Conflicts:     703000 | #Constraints:      50066
c #Conflicts:     704000 | #Constraints:      51066
c #Conflicts:     705000 | #Constraints:      52066
c #Conflicts:     706000 | #Constraints:      53066
c #Conflicts:     707000 | #Constraints:      54066
c #Conflicts:     708000 | #Constraints:      55066
c #Conflicts:     709000 | #Constraints:      56066
c #Conflicts:     710000 | #Constraints:      57066
c #Conflicts:     711000 | #Constraints:      58066
c #Conflicts:     712000 | #Constraints:      59066
c bounds -2476 >= -4682 @ 5941.51
c #Conflicts:     713000 | #Constraints:      60159
c #Conflicts:     714000 | #Constraints:      61159
c #Conflicts:     715000 | #Constraints:      62159
c INPROCESSING
c GARBAGE COLLECT
c #Conflicts:     716000 | #Constraints:      40603
c #Conflicts:     717000 | #Constraints:      41603
c #Conflicts:     718000 | #Constraints:      42603
c #Conflicts:     719000 | #Constraints:      43603
c #Conflicts:     720000 | #Constraints:      44603
c #Conflicts:     721000 | #Constraints:      45603
c #Conflicts:     722000 | #Constraints:      46603
c #Conflicts:     723000 | #Constraints:      47603
c #Conflicts:     724000 | #Constraints:      48603
c #Conflicts:     725000 | #Constraints:      49603
c #Conflicts:     726000 | #Constraints:      50603
c #Conflicts:     727000 | #Constraints:      51603
c #Conflicts:     728000 | #Constraints:      52603
c #Conflicts:     729000 | #Constraints:      53603
c #Conflicts:     730000 | #Constraints:      54603
c #Conflicts:     731000 | #Constraints:      55603
c #Conflicts:     732000 | #Constraints:      56603
c #Conflicts:     733000 | #Constraints:      57603
c #Conflicts:     734000 | #Constraints:      58603
c #Conflicts:     735000 | #Constraints:      59603
c #Conflicts:     736000 | #Constraints:      60603
c #Conflicts:     737000 | #Constraints:      61603
c #Conflicts:     738000 | #Constraints:      62603
c #Conflicts:     739000 | #Constraints:      63603
c #Conflicts:     740000 | #Constraints:      64603
c #Conflicts:     741000 | #Constraints:      65603
c #Conflicts:     742000 | #Constraints:      66603
c bounds -2477 >= -4682 @ 6218.15
c #Conflicts:     743000 | #Constraints:      67604
c #Conflicts:     744000 | #Constraints:      68604
c #Conflicts:     745000 | #Constraints:      69604
c #Conflicts:     746000 | #Constraints:      70604
c #Conflicts:     747000 | #Constraints:      71604
c #Conflicts:     748000 | #Constraints:      72604
c #Conflicts:     749000 | #Constraints:      73604
c #Conflicts:     750000 | #Constraints:      74604
c #Conflicts:     751000 | #Constraints:      75604
c bounds -2477 >= -4681 @ 6338.54
c #Conflicts:     752000 | #Constraints:      76688
c #Conflicts:     753000 | #Constraints:      77688
c #Conflicts:     754000 | #Constraints:      78688
c #Conflicts:     755000 | #Constraints:      79688
c #Conflicts:     756000 | #Constraints:      80688
c #Conflicts:     757000 | #Constraints:      81688
c #Conflicts:     758000 | #Constraints:      82688
c bounds -2477 >= -4680 @ 6444.32
c #Conflicts:     759000 | #Constraints:      83757
c #Conflicts:     760000 | #Constraints:      84757
c #Conflicts:     761000 | #Constraints:      85757
c #Conflicts:     762000 | #Constraints:      86757
c #Conflicts:     763000 | #Constraints:      87757
c #Conflicts:     764000 | #Constraints:      88757
c #Conflicts:     765000 | #Constraints:      89757
c #Conflicts:     766000 | #Constraints:      90757
c #Conflicts:     767000 | #Constraints:      91757
c #Conflicts:     768000 | #Constraints:      92757
c bounds -2477 >= -4679 @ 6569.26
c #Conflicts:     769000 | #Constraints:      93844
c #Conflicts:     770000 | #Constraints:      94844
c #Conflicts:     771000 | #Constraints:      95844
c #Conflicts:     772000 | #Constraints:      96844
c #Conflicts:     773000 | #Constraints:      97844
c #Conflicts:     774000 | #Constraints:      98844
c #Conflicts:     775000 | #Constraints:      99844
c bounds -2477 >= -4678 @ 6672.14
c #Conflicts:     776000 | #Constraints:     100919
c #Conflicts:     777000 | #Constraints:     101919
c #Conflicts:     778000 | #Constraints:     102919
c #Conflicts:     779000 | #Constraints:     103919
c #Conflicts:     780000 | #Constraints:     104919
c #Conflicts:     781000 | #Constraints:     105919
c bounds -2477 >= -4677 @ 6775.4
c #Conflicts:     782000 | #Constraints:     107015
c #Conflicts:     783000 | #Constraints:     108015
c INPROCESSING
c GARBAGE COLLECT
c #Conflicts:     784000 | #Constraints:      61464
c #Conflicts:     785000 | #Constraints:      62464
c #Conflicts:     786000 | #Constraints:      63464
c #Conflicts:     787000 | #Constraints:      64464
c #Conflicts:     788000 | #Constraints:      65464
c bounds -2477 >= -4676 @ 6866.51
c #Conflicts:     789000 | #Constraints:      66536
c #Conflicts:     790000 | #Constraints:      67536
c #Conflicts:     791000 | #Constraints:      68536
c #Conflicts:     792000 | #Constraints:      69536
c #Conflicts:     793000 | #Constraints:      70536
c bounds -2477 >= -4675 @ 6935.48
c #Conflicts:     794000 | #Constraints:      71608
c #Conflicts:     795000 | #Constraints:      72608
c #Conflicts:     796000 | #Constraints:      73608
c bounds -2477 >= -4674 @ 6992.9
c #Conflicts:     797000 | #Constraints:      74680
c #Conflicts:     798000 | #Constraints:      75680
c #Conflicts:     799000 | #Constraints:      76680
c #Conflicts:     800000 | #Constraints:      77680
c #Conflicts:     801000 | #Constraints:      78680
c #Conflicts:     802000 | #Constraints:      79680
c #Conflicts:     803000 | #Constraints:      80680
c INPROCESSING
c GARBAGE COLLECT
c #Conflicts:     804000 | #Constraints:      47729
c #Conflicts:     805000 | #Constraints:      48729
c #Conflicts:     806000 | #Constraints:      49729
c bounds -2477 >= -4673 @ 7137.96
c #Conflicts:     807000 | #Constraints:      50822
c #Conflicts:     808000 | #Constraints:      51822
c #Conflicts:     809000 | #Constraints:      52822
c #Conflicts:     810000 | #Constraints:      53822
c #Conflicts:     811000 | #Constraints:      54822
c #Conflicts:     812000 | #Constraints:      55822
c #Conflicts:     813000 | #Constraints:      56822
c #Conflicts:     814000 | #Constraints:      57822
c bounds -2477 >= -4672 @ 7246.2
c #Conflicts:     815000 | #Constraints:      58912
c #Conflicts:     816000 | #Constraints:      59912
c #Conflicts:     817000 | #Constraints:      60912
c #Conflicts:     818000 | #Constraints:      61912
c #Conflicts:     819000 | #Constraints:      62912
c #Conflicts:     820000 | #Constraints:      63912
c #Conflicts:     821000 | #Constraints:      64912
c #Conflicts:     822000 | #Constraints:      65912
c #Conflicts:     823000 | #Constraints:      66912
c INPROCESSING
c GARBAGE COLLECT
c #Conflicts:     824000 | #Constraints:      43114
c #Conflicts:     825000 | #Constraints:      44114
c #Conflicts:     826000 | #Constraints:      45114
c #Conflicts:     827000 | #Constraints:      46114
c #Conflicts:     828000 | #Constraints:      47114
c #Conflicts:     829000 | #Constraints:      48114
c #Conflicts:     830000 | #Constraints:      49114
c #Conflicts:     831000 | #Constraints:      50114
c #Conflicts:     832000 | #Constraints:      51114
c #Conflicts:     833000 | #Constraints:      52114
c #Conflicts:     834000 | #Constraints:      53114
c #Conflicts:     835000 | #Constraints:      54114
c #Conflicts:     836000 | #Constraints:      55114
c bounds -2477 >= -4671 @ 7469.11
c #Conflicts:     837000 | #Constraints:      56210
c #Conflicts:     838000 | #Constraints:      57210
c #Conflicts:     839000 | #Constraints:      58210
c #Conflicts:     840000 | #Constraints:      59210
c #Conflicts:     841000 | #Constraints:      60210
c #Conflicts:     842000 | #Constraints:      61210
c bounds -2478 >= -4671 @ 7513.69
c #Conflicts:     843000 | #Constraints:      62211
c #Conflicts:     844000 | #Constraints:      63211
c #Conflicts:     845000 | #Constraints:      64211
c #Conflicts:     846000 | #Constraints:      65211
c #Conflicts:     847000 | #Constraints:      66211
c #Conflicts:     848000 | #Constraints:      67211
c #Conflicts:     849000 | #Constraints:      68211
c #Conflicts:     850000 | #Constraints:      69211
c #Conflicts:     851000 | #Constraints:      70211
c bounds -2478 >= -4670 @ 7640.04
c #Conflicts:     852000 | #Constraints:      71304
c #Conflicts:     853000 | #Constraints:      72304
c #Conflicts:     854000 | #Constraints:      73304
c #Conflicts:     855000 | #Constraints:      74304
c #Conflicts:     856000 | #Constraints:      75304
c #Conflicts:     857000 | #Constraints:      76304
c #Conflicts:     858000 | #Constraints:      77304
c #Conflicts:     859000 | #Constraints:      78304
c #Conflicts:     860000 | #Constraints:      79304
c #Conflicts:     861000 | #Constraints:      80304
c bounds -2478 >= -4669 @ 7808.82
c #Conflicts:     862000 | #Constraints:      81379
c bounds -2479 >= -4669 @ 7814.15
c #Conflicts:     863000 | #Constraints:      82380
c #Conflicts:     864000 | #Constraints:      83380
c #Conflicts:     865000 | #Constraints:      84380
c bounds -2480 >= -4669 @ 7823.66
c #Conflicts:     866000 | #Constraints:      85381
c #Conflicts:     867000 | #Constraints:      86381
c #Conflicts:     868000 | #Constraints:      87381
c #Conflicts:     869000 | #Constraints:      88381
c #Conflicts:     870000 | #Constraints:      89381
c #Conflicts:     871000 | #Constraints:      90381
c #Conflicts:     872000 | #Constraints:      91381
c #Conflicts:     873000 | #Constraints:      92381
c #Conflicts:     874000 | #Constraints:      93381
c #Conflicts:     875000 | #Constraints:      94381
c #Conflicts:     876000 | #Constraints:      95381
c bounds -2481 >= -4669 @ 7959.11
c #Conflicts:     877000 | #Constraints:      96382
c #Conflicts:     878000 | #Constraints:      97382
c #Conflicts:     879000 | #Constraints:      98382
c #Conflicts:     880000 | #Constraints:      99382
c #Conflicts:     881000 | #Constraints:     100382
c #Conflicts:     882000 | #Constraints:     101382
c #Conflicts:     883000 | #Constraints:     102382
c #Conflicts:     884000 | #Constraints:     103382
c #Conflicts:     885000 | #Constraints:     104382
c bounds -2481 >= -4668 @ 8092.66
c #Conflicts:     886000 | #Constraints:     105454
c #Conflicts:     887000 | #Constraints:     106454
c #Conflicts:     888000 | #Constraints:     107454
c #Conflicts:     889000 | #Constraints:     108454
c #Conflicts:     890000 | #Constraints:     109454
c #Conflicts:     891000 | #Constraints:     110454
c #Conflicts:     892000 | #Constraints:     111454
c bounds -2481 >= -4667 @ 8214.18
c #Conflicts:     893000 | #Constraints:     112517
c #Conflicts:     894000 | #Constraints:     113517
c INPROCESSING
c GARBAGE COLLECT
c #Conflicts:     895000 | #Constraints:      63902
c #Conflicts:     896000 | #Constraints:      64902
c #Conflicts:     897000 | #Constraints:      65902
c bounds -2481 >= -4666 @ 8300.75
c #Conflicts:     898000 | #Constraints:      66950
c #Conflicts:     899000 | #Constraints:      67950
c #Conflicts:     900000 | #Constraints:      68950
c #Conflicts:     901000 | #Constraints:      69950
c #Conflicts:     902000 | #Constraints:      70950
c #Conflicts:     903000 | #Constraints:      71950
c bounds -2481 >= -4665 @ 8391.59
c #Conflicts:     904000 | #Constraints:      72989
c #Conflicts:     905000 | #Constraints:      73989
c #Conflicts:     906000 | #Constraints:      74989
c bounds -2482 >= -4665 @ 8407.79
c #Conflicts:     907000 | #Constraints:      75990
c #Conflicts:     908000 | #Constraints:      76990
c #Conflicts:     909000 | #Constraints:      77990
c #Conflicts:     910000 | #Constraints:      78990
c #Conflicts:     911000 | #Constraints:      79990
c #Conflicts:     912000 | #Constraints:      80990
c #Conflicts:     913000 | #Constraints:      81990
c #Conflicts:     914000 | #Constraints:      82990
c #Conflicts:     915000 | #Constraints:      83990
c #Conflicts:     916000 | #Constraints:      84990
c INPROCESSING
c GARBAGE COLLECT
c #Conflicts:     917000 | #Constraints:      50178
c #Conflicts:     918000 | #Constraints:      51178
c #Conflicts:     919000 | #Constraints:      52178
c #Conflicts:     920000 | #Constraints:      53178
c #Conflicts:     921000 | #Constraints:      54178
c #Conflicts:     922000 | #Constraints:      55178
c #Conflicts:     923000 | #Constraints:      56178
c bounds -2482 >= -4664 @ 8627.87
c #Conflicts:     924000 | #Constraints:      57250
c #Conflicts:     925000 | #Constraints:      58250
c #Conflicts:     926000 | #Constraints:      59250
c bounds -2482 >= -4663 @ 8664.43
c #Conflicts:     927000 | #Constraints:      60307
c #Conflicts:     928000 | #Constraints:      61307
c #Conflicts:     929000 | #Constraints:      62307
c #Conflicts:     930000 | #Constraints:      63307
c #Conflicts:     931000 | #Constraints:      64307
c #Conflicts:     932000 | #Constraints:      65307
c #Conflicts:     933000 | #Constraints:      66307
c #Conflicts:     934000 | #Constraints:      67307
c #Conflicts:     935000 | #Constraints:      68307
c #Conflicts:     936000 | #Constraints:      69307
c bounds -2482 >= -4662 @ 8804.78
c #Conflicts:     937000 | #Constraints:      70385
c #Conflicts:     938000 | #Constraints:      71385
c INPROCESSING
c GARBAGE COLLECT
c #Conflicts:     939000 | #Constraints:      46216
c #Conflicts:     940000 | #Constraints:      47216
c #Conflicts:     941000 | #Constraints:      48216
c #Conflicts:     942000 | #Constraints:      49216
c #Conflicts:     943000 | #Constraints:      50216
c #Conflicts:     944000 | #Constraints:      51216
c #Conflicts:     945000 | #Constraints:      52216
c #Conflicts:     946000 | #Constraints:      53216
c #Conflicts:     947000 | #Constraints:      54216
c #Conflicts:     948000 | #Constraints:      55216
c #Conflicts:     949000 | #Constraints:      56216
c #Conflicts:     950000 | #Constraints:      57216
c #Conflicts:     951000 | #Constraints:      58216
c #Conflicts:     952000 | #Constraints:      59216
c #Conflicts:     953000 | #Constraints:      60216
c bounds -2482 >= -4661 @ 9035.73
c bounds -2483 >= -4661 @ 9040.15
c #Conflicts:     954000 | #Constraints:      61331
c #Conflicts:     955000 | #Constraints:      62331
c #Conflicts:     956000 | #Constraints:      63331
c #Conflicts:     957000 | #Constraints:      64331
c #Conflicts:     958000 | #Constraints:      65331
c #Conflicts:     959000 | #Constraints:      66331
c #Conflicts:     960000 | #Constraints:      67331
c #Conflicts:     961000 | #Constraints:      68331
c #Conflicts:     962000 | #Constraints:      69331
c #Conflicts:     963000 | #Constraints:      70331
c #Conflicts:     964000 | #Constraints:      71331
c #Conflicts:     965000 | #Constraints:      72331
c #Conflicts:     966000 | #Constraints:      73331
c #Conflicts:     967000 | #Constraints:      74331
c #Conflicts:     968000 | #Constraints:      75331
c #Conflicts:     969000 | #Constraints:      76331
c #Conflicts:     970000 | #Constraints:      77331
c #Conflicts:     971000 | #Constraints:      78331
c #Conflicts:     972000 | #Constraints:      79331
c #Conflicts:     973000 | #Constraints:      80331
c #Conflicts:     974000 | #Constraints:      81331
c #Conflicts:     975000 | #Constraints:      82331
c #Conflicts:     976000 | #Constraints:      83331
c #Conflicts:     977000 | #Constraints:      84331
c #Conflicts:     978000 | #Constraints:      85331
c #Conflicts:     979000 | #Constraints:      86331
c #Conflicts:     980000 | #Constraints:      87331
c #Conflicts:     981000 | #Constraints:      88331
c #Conflicts:     982000 | #Constraints:      89331
c #Conflicts:     983000 | #Constraints:      90331
c #Conflicts:     984000 | #Constraints:      91331
c #Conflicts:     985000 | #Constraints:      92331
c #Conflicts:     986000 | #Constraints:      93331
c #Conflicts:     987000 | #Constraints:      94331
c #Conflicts:     988000 | #Constraints:      95331
c #Conflicts:     989000 | #Constraints:      96331
c #Conflicts:     990000 | #Constraints:      97331
c #Conflicts:     991000 | #Constraints:      98331
c #Conflicts:     992000 | #Constraints:      99331
c #Conflicts:     993000 | #Constraints:     100331
c #Conflicts:     994000 | #Constraints:     101331
c #Conflicts:     995000 | #Constraints:     102331
c #Conflicts:     996000 | #Constraints:     103331
c #Conflicts:     99700