c RoundingSat 2
c branch 
c commit 
c #variables 5400 #constraints 20237
c bounds - >= -25650 @ 0.103369
c #Conflicts:       1000 | #Constraints:      21236
c #Conflicts:       2000 | #Constraints:      22236
c INPROCESSING
c bounds - >= -25586 @ 0.139938
c bounds - >= -25522 @ 0.140356
c bounds - >= -25458 @ 0.140714
c bounds - >= -25394 @ 0.141108
c bounds - >= -25330 @ 0.141512
c bounds - >= -25266 @ 0.141924
c bounds - >= -25202 @ 0.142332
c bounds - >= -25138 @ 0.142731
c bounds - >= -25074 @ 0.143136
c bounds - >= -25010 @ 0.14354
c bounds - >= -24946 @ 0.143951
c bounds - >= -24882 @ 0.144354
c bounds - >= -24818 @ 0.144756
c bounds - >= -24754 @ 0.145159
c bounds - >= -24690 @ 0.145563
c bounds - >= -24626 @ 0.145974
c bounds - >= -24562 @ 0.146379
c bounds - >= -24498 @ 0.146782
c bounds - >= -24434 @ 0.147187
c bounds - >= -24370 @ 0.147589
c bounds - >= -24306 @ 0.147998
c bounds - >= -24242 @ 0.148401
c bounds - >= -24178 @ 0.14881
c bounds - >= -24114 @ 0.149214
c bounds - >= -24050 @ 0.149617
c bounds - >= -23986 @ 0.150027
c bounds - >= -23922 @ 0.15043
c bounds - >= -23858 @ 0.150841
c bounds - >= -23794 @ 0.151244
c bounds - >= -23730 @ 0.151648
c bounds - >= -23666 @ 0.152046
c bounds - >= -23602 @ 0.152459
c bounds - >= -23538 @ 0.15287
c bounds - >= -23474 @ 0.153271
c bounds - >= -23410 @ 0.15367
c bounds - >= -23346 @ 0.154069
c bounds - >= -23282 @ 0.15447
c bounds - >= -23218 @ 0.154887
c bounds - >= -23154 @ 0.155292
c bounds - >= -23090 @ 0.155698
c bounds - >= -23026 @ 0.1561
c bounds - >= -22962 @ 0.156499
c bounds - >= -22898 @ 0.156907
c bounds - >= -22834 @ 0.157309
c bounds - >= -22770 @ 0.157706
c bounds - >= -22706 @ 0.158107
c bounds - >= -22642 @ 0.158508
c bounds - >= -22578 @ 0.158921
c bounds - >= -22514 @ 0.159319
c bounds - >= -22450 @ 0.159727
c bounds - >= -22386 @ 0.160127
c bounds - >= -22322 @ 0.160527
c bounds - >= -22258 @ 0.160934
c bounds - >= -22194 @ 0.161334
c bounds - >= -22130 @ 0.161742
c bounds - >= -22066 @ 0.162143
c bounds - >= -22002 @ 0.162543
c bounds - >= -21938 @ 0.162952
c bounds - >= -21874 @ 0.163353
c bounds - >= -21810 @ 0.163762
c bounds - >= -21746 @ 0.164164
c bounds - >= -21682 @ 0.164568
c bounds - >= -21618 @ 0.16497
c bounds - >= -21554 @ 0.16538
c bounds - >= -21490 @ 0.16579
c bounds - >= -21426 @ 0.16619
c bounds - >= -21362 @ 0.166589
c bounds - >= -21298 @ 0.166988
c bounds - >= -21234 @ 0.167388
c bounds - >= -21170 @ 0.167796
c bounds - >= -21106 @ 0.168228
c bounds - >= -21042 @ 0.168645
c bounds - >= -20978 @ 0.169065
c bounds - >= -20914 @ 0.169479
c bounds - >= -20850 @ 0.169897
c bounds - >= -20786 @ 0.170314
c bounds - >= -20722 @ 0.170734
c bounds - >= -20658 @ 0.171157
c bounds - >= -20594 @ 0.171575
c bounds - >= -20530 @ 0.171988
c bounds - >= -20466 @ 0.172403
c bounds - >= -20402 @ 0.17282
c bounds - >= -20338 @ 0.173242
c bounds - >= -20274 @ 0.173302
c bounds - >= -20210 @ 0.173302
c bounds - >= -20146 @ 0.173524
c bounds - >= -20082 @ 0.173932
c bounds - >= -20018 @ 0.174349
c bounds - >= -19954 @ 0.174767
c bounds - >= -19890 @ 0.175186
c bounds - >= -19826 @ 0.17559
c bounds - >= -19762 @ 0.17601
c bounds - >= -19698 @ 0.176425
c bounds - >= -19634 @ 0.176842
c bounds - >= -19570 @ 0.17726
c bounds - >= -19506 @ 0.177679
c bounds - >= -19442 @ 0.178094
c bounds - >= -19378 @ 0.178508
c bounds - >= -19314 @ 0.178926
c bounds - >= -19250 @ 0.179341
c bounds - >= -19186 @ 0.179758
c bounds - >= -19122 @ 0.180172
c bounds - >= -19058 @ 0.180593
c bounds - >= -18994 @ 0.181009
c bounds - >= -18930 @ 0.18143
c bounds - >= -18866 @ 0.181847
c bounds - >= -18802 @ 0.182266
c bounds - >= -18738 @ 0.18268
c bounds - >= -18674 @ 0.183095
c bounds - >= -18610 @ 0.183509
c bounds - >= -18546 @ 0.183917
c bounds - >= -18482 @ 0.184333
c bounds - >= -18418 @ 0.18476
c bounds - >= -18354 @ 0.185181
c bounds - >= -18290 @ 0.185596
c bounds - >= -18226 @ 0.186013
c bounds - >= -18162 @ 0.186426
c bounds - >= -18098 @ 0.186845
c bounds - >= -18034 @ 0.187261
c bounds - >= -17970 @ 0.187678
c bounds - >= -17906 @ 0.188094
c bounds - >= -17842 @ 0.188511
c bounds - >= -17778 @ 0.188925
c bounds - >= -17714 @ 0.18934
c bounds - >= -17650 @ 0.189764
c bounds - >= -17586 @ 0.190176
c bounds - >= -17522 @ 0.19059
c bounds - >= -17458 @ 0.191003
c bounds - >= -17394 @ 0.191438
c bounds - >= -17330 @ 0.191854
c bounds - >= -17266 @ 0.192267
c bounds - >= -17202 @ 0.192681
c bounds - >= -17138 @ 0.193094
c bounds - >= -17074 @ 0.193504
c bounds - >= -17010 @ 0.19392
c bounds - >= -16946 @ 0.194332
c bounds - >= -16882 @ 0.194746
c bounds - >= -16818 @ 0.195163
c bounds - >= -16754 @ 0.195217
c bounds - >= -16690 @ 0.195217
c bounds - >= -16626 @ 0.195432
c bounds - >= -16562 @ 0.195837
c bounds - >= -16498 @ 0.196249
c bounds - >= -16434 @ 0.196668
c bounds - >= -16370 @ 0.197082
c bounds - >= -16306 @ 0.197488
c bounds - >= -16242 @ 0.197488
c bounds - >= -16178 @ 0.197488
c bounds - >= -16114 @ 0.197848
c bounds - >= -16050 @ 0.198214
c bounds - >= -15986 @ 0.198257
c bounds - >= -15922 @ 0.198257
c bounds - >= -15858 @ 0.198409
c bounds - >= -15794 @ 0.198809
c bounds - >= -15730 @ 0.199218
c bounds - >= -15666 @ 0.199629
c bounds - >= -15602 @ 0.200041
c bounds - >= -15538 @ 0.200447
c bounds - >= -15474 @ 0.200849
c bounds - >= -15410 @ 0.201262
c bounds - >= -15346 @ 0.201676
c bounds - >= -15282 @ 0.202087
c bounds - >= -15218 @ 0.202498
c bounds - >= -15154 @ 0.202908
c bounds - >= -15090 @ 0.20332
c bounds - >= -15026 @ 0.20373
c bounds - >= -14962 @ 0.204149
c bounds - >= -14898 @ 0.204562
c bounds - >= -14834 @ 0.204973
c bounds - >= -14770 @ 0.205382
c bounds - >= -14706 @ 0.205794
c #Conflicts:       3000 | #Constraints:      22613
c #Conflicts:       4000 | #Constraints:      23613
c INPROCESSING
c GARBAGE COLLECT
c #Conflicts:       5000 | #Constraints:      22899
c #Conflicts:       6000 | #Constraints:      23899
c INPROCESSING
c #Conflicts:       7000 | #Constraints:      22959
c #Conflicts:       8000 | #Constraints:      23959
c #Conflicts:       9000 | #Constraints:      24959
c #Conflicts:      10000 | #Constraints:      25959
c #Conflicts:      11000 | #Constraints:      26959
c #Conflicts:      12000 | #Constraints:      27959
c INPROCESSING
c GARBAGE COLLECT
c #Conflicts:      13000 | #Constraints:      24967
c #Conflicts:      14000 | #Constraints:      25967
c #Conflicts:      15000 | #Constraints:      26967
c #Conflicts:      16000 | #Constraints:      27967
c INPROCESSING
c #Conflicts:      17000 | #Constraints:      25182
c #Conflicts:      18000 | #Constraints:      26182
c bounds -1851 >= -14706 @ 0.585504
c #Conflicts:      19000 | #Constraints:      27183
c #Conflicts:      20000 | #Constraints:      28183
c #Conflicts:      21000 | #Constraints:      29183
c #Conflicts:      22000 | #Constraints:      30183
c #Conflicts:      23000 | #Constraints:      31183
c #Conflicts:      24000 | #Constraints:      32183
c #Conflicts:      25000 | #Constraints:      33183
c INPROCESSING
c GARBAGE COLLECT
c bounds -1859 >= -14706 @ 0.78797
c bounds -1860 >= -14706 @ 0.789958
c bounds -1876 >= -14706 @ 0.796184
c bounds -1878 >= -14706 @ 0.800244
c bounds -1879 >= -14706 @ 0.806429
c bounds -1881 >= -14706 @ 0.813747
c bounds -1883 >= -14706 @ 0.817633
c bounds -1884 >= -14706 @ 0.823646
c bounds -1886 >= -14706 @ 0.828863
c bounds -1890 >= -14706 @ 0.834952
c bounds -1891 >= -14706 @ 0.840942
c bounds -1893 >= -14706 @ 0.845784
c bounds -1897 >= -14706 @ 0.852862
c bounds -1899 >= -14706 @ 0.858965
c bounds -1903 >= -14706 @ 0.863018
c bounds -1904 >= -14706 @ 0.869994
c bounds -1905 >= -14706 @ 0.874559
c bounds -1909 >= -14706 @ 0.880313
c bounds -1911 >= -14706 @ 0.886544
c bounds -1915 >= -14706 @ 0.891208
c bounds -1917 >= -14706 @ 0.896518
c bounds -1918 >= -14706 @ 0.898517
c bounds -1922 >= -14706 @ 0.903262
c bounds -1923 >= -14706 @ 0.909141
c bounds -1924 >= -14706 @ 0.914115
c bounds -1928 >= -14706 @ 0.919007
c bounds -1930 >= -14706 @ 0.923957
c bounds -1932 >= -14706 @ 0.928764
c bounds -1934 >= -14706 @ 0.9339
c bounds -1936 >= -14706 @ 0.938712
c bounds -1952 >= -14706 @ 0.94492
c bounds -1953 >= -14706 @ 0.950791
c bounds -1969 >= -14706 @ 0.953481
c bounds -1985 >= -14706 @ 0.960583
c bounds -2001 >= -14706 @ 0.966604
c bounds -2002 >= -14706 @ 0.969428
c bounds -2003 >= -14706 @ 0.975135
c bounds -2004 >= -14706 @ 0.980848
c bounds -2020 >= -14706 @ 0.986854
c bounds -2022 >= -14706 @ 0.990599
c bounds -2023 >= -14706 @ 0.996317
c bounds -2025 >= -14706 @ 1.00299
c bounds -2029 >= -14706 @ 1.00587
c bounds -2030 >= -14706 @ 1.00937
c bounds -2034 >= -14706 @ 1.01683
c bounds -2050 >= -14706 @ 1.02325
c bounds -2051 >= -14706 @ 1.02865
c bounds -2052 >= -14706 @ 1.03456
c bounds -2054 >= -14706 @ 1.04073
c bounds -2058 >= -14706 @ 1.04592
c bounds -2062 >= -14706 @ 1.05032
c bounds -2066 >= -14706 @ 1.05512
c bounds -2068 >= -14706 @ 1.05937
c bounds -2070 >= -14706 @ 1.06135
c bounds -2074 >= -14706 @ 1.06393
c bounds -2076 >= -14706 @ 1.06816
c bounds -2084 >= -14706 @ 1.07589
c bounds -2085 >= -14706 @ 1.0801
c bounds -2089 >= -14706 @ 1.08563
c bounds -2105 >= -14706 @ 1.09095
c bounds -2113 >= -14706 @ 1.09552
c bounds -2114 >= -14706 @ 1.10155
c bounds -2130 >= -14706 @ 1.10662
c bounds -2132 >= -14706 @ 1.11389
c bounds -2196 >= -14706 @ 1.12103
c bounds -2198 >= -14706 @ 1.12809
c bounds -2214 >= -14706 @ 1.13188
c bounds -2215 >= -14706 @ 1.13591
c bounds -2216 >= -14706 @ 1.14012
c bounds -2220 >= -14706 @ 1.14551
c bounds -2221 >= -14706 @ 1.14978
c bounds -2223 >= -14706 @ 1.15507
c #Conflicts:      26000 | #Constraints:      27781
c #Conflicts:      27000 | #Constraints:      28781
c #Conflicts:      28000 | #Constraints:      29781
c #Conflicts:      29000 | #Constraints:      30781
c bounds -2223 >= -14666 @ 1.29856
c bounds -2225 >= -14666 @ 1.30569
c bounds -2227 >= -14666 @ 1.31229
c bounds -2229 >= -14666 @ 1.3155
c bounds -2230 >= -14666 @ 1.31994
c bounds -2234 >= -14666 @ 1.32257
c bounds -2238 >= -14666 @ 1.32557
c bounds -2246 >= -14666 @ 1.32919
c bounds -2250 >= -14666 @ 1.33431
c bounds -2258 >= -14666 @ 1.33887
c bounds -2259 >= -14666 @ 1.34266
c bounds -2263 >= -14666 @ 1.34706
c bounds -2279 >= -14666 @ 1.35232
c bounds -2280 >= -14666 @ 1.35728
c bounds -2284 >= -14666 @ 1.36285
c bounds -2300 >= -14666 @ 1.37002
c bounds -2302 >= -14666 @ 1.37529
c bounds -2306 >= -14666 @ 1.3798
c bounds -2308 >= -14666 @ 1.38323
c bounds -2324 >= -14666 @ 1.38698
c bounds -2325 >= -14666 @ 1.39218
c bounds -2329 >= -14666 @ 1.3982
c bounds -2333 >= -14666 @ 1.40294
c bounds -2334 >= -14666 @ 1.40761
c bounds -2335 >= -14666 @ 1.4139
c bounds -2337 >= -14666 @ 1.41952
c bounds -2341 >= -14666 @ 1.42524
c bounds -2343 >= -14666 @ 1.431
c bounds -2344 >= -14666 @ 1.4357
c bounds -2345 >= -14666 @ 1.44135
c bounds -2361 >= -14666 @ 1.446
c bounds -2363 >= -14666 @ 1.4507
c bounds -2364 >= -14666 @ 1.45518
c bounds -2366 >= -14666 @ 1.45955
c bounds -2370 >= -14666 @ 1.4639
c bounds -2374 >= -14666 @ 1.4672
c bounds -2382 >= -14666 @ 1.47201
c bounds -2398 >= -14666 @ 1.47731
c bounds -2402 >= -14666 @ 1.48173
c bounds -2403 >= -14666 @ 1.484
c bounds -2407 >= -14666 @ 1.48721
c bounds -2411 >= -14666 @ 1.49241
c bounds -2415 >= -14666 @ 1.49677
c bounds -2419 >= -14666 @ 1.49917
c bounds -2420 >= -14666 @ 1.50327
c bounds -2421 >= -14666 @ 1.50735
c bounds -2437 >= -14666 @ 1.51277
c bounds -2439 >= -14666 @ 1.51683
c bounds -2443 >= -14666 @ 1.52118
c bounds -2447 >= -14666 @ 1.52765
c bounds -2451 >= -14666 @ 1.532
c bounds -2453 >= -14666 @ 1.53513
c bounds -2454 >= -14666 @ 1.53818
c bounds -2458 >= -14666 @ 1.54147
c bounds -2474 >= -14666 @ 1.54476
c bounds -2475 >= -14666 @ 1.54798
c bounds -2483 >= -14666 @ 1.55254
c bounds -2485 >= -14666 @ 1.55695
c bounds -2489 >= -14666 @ 1.56143
c bounds -2491 >= -14666 @ 1.56541
c bounds -2499 >= -14666 @ 1.57107
c bounds -2503 >= -14666 @ 1.57535
c bounds -2507 >= -14666 @ 1.57763
c bounds -2508 >= -14666 @ 1.58071
c bounds -2510 >= -14666 @ 1.58563
c bounds -2514 >= -14666 @ 1.58871
c bounds -2518 >= -14666 @ 1.59285
c bounds -2522 >= -14666 @ 1.59529
c bounds -2524 >= -14666 @ 1.60028
c bounds -2525 >= -14666 @ 1.60409
c bounds -2526 >= -14666 @ 1.6072
c bounds -2530 >= -14666 @ 1.61111
c bounds -2534 >= -14666 @ 1.61447
c bounds -2538 >= -14666 @ 1.61884
c bounds -2540 >= -14666 @ 1.62312
c bounds -2544 >= -14666 @ 1.6264
c bounds -2546 >= -14666 @ 1.63132
c bounds -2554 >= -14666 @ 1.63518
c bounds -2555 >= -14666 @ 1.64003
c bounds -2563 >= -14666 @ 1.64468
c bounds -2567 >= -14666 @ 1.64911
c bounds -2583 >= -14666 @ 1.65344
c bounds -2599 >= -14666 @ 1.65608
c bounds -2600 >= -14666 @ 1.66135
c bounds -2604 >= -14666 @ 1.66412
c bounds -2608 >= -14666 @ 1.66837
c bounds -2610 >= -14666 @ 1.6715
c bounds -2614 >= -14666 @ 1.67456
c bounds -2616 >= -14666 @ 1.67859
c bounds -2620 >= -14666 @ 1.68307
c bounds -2621 >= -14666 @ 1.68806
c bounds -2629 >= -14666 @ 1.69247
c bounds -2633 >= -14666 @ 1.69681
c #Conflicts:      30000 | #Constraints:      31876
c #Conflicts:      31000 | #Constraints:      32876
c #Conflicts:      32000 | #Constraints:      33876
c #Conflicts:      33000 | #Constraints:      34876
c #Conflicts:      34000 | #Constraints:      35876
c bounds -2633 >= -14626 @ 2.2324
c bounds -2641 >= -14626 @ 2.24004
c bounds -2645 >= -14626 @ 2.24601
c bounds -2646 >= -14626 @ 2.25147
c bounds -2647 >= -14626 @ 2.25514
c bounds -2649 >= -14626 @ 2.25875
c bounds -2653 >= -14626 @ 2.26255
c bounds -2655 >= -14626 @ 2.2684
c bounds -2657 >= -14626 @ 2.27203
c bounds -2661 >= -14626 @ 2.27699
c bounds -2663 >= -14626 @ 2.28344
c bounds -2671 >= -14626 @ 2.29056
c bounds -2672 >= -14626 @ 2.29615
c bounds -2680 >= -14626 @ 2.29947
c bounds -2682 >= -14626 @ 2.30489
c bounds -2683 >= -14626 @ 2.3112
c bounds -2685 >= -14626 @ 2.31594
c bounds -2689 >= -14626 @ 2.3215
c bounds -2690 >= -14626 @ 2.32605
c bounds -2694 >= -14626 @ 2.33082
c bounds -2702 >= -14626 @ 2.33585
c bounds -2703 >= -14626 @ 2.3402
c bounds -2711 >= -14626 @ 2.34637
c bounds -2715 >= -14626 @ 2.35109
c bounds -2719 >= -14626 @ 2.35593
c bounds -2723 >= -14626 @ 2.35878
c bounds -2727 >= -14626 @ 2.3647
c bounds -2728 >= -14626 @ 2.36908
c bounds -2730 >= -14626 @ 2.37384
c bounds -2734 >= -14626 @ 2.37668
c bounds -2736 >= -14626 @ 2.38213
c bounds -2740 >= -14626 @ 2.38785
c bounds -2741 >= -14626 @ 2.39329
c bounds -2742 >= -14626 @ 2.39571
c bounds -2746 >= -14626 @ 2.40235
c bounds -2747 >= -14626 @ 2.40673
c bounds -2751 >= -14626 @ 2.4124
c bounds -2755 >= -14626 @ 2.41812
c bounds -2756 >= -14626 @ 2.42261
c bounds -2760 >= -14626 @ 2.42825
c bounds -2764 >= -14626 @ 2.43205
c bounds -2765 >= -14626 @ 2.43726
c bounds -2767 >= -14626 @ 2.44178
c bounds -2771 >= -14626 @ 2.4454
c bounds -2773 >= -14626 @ 2.45084
c bounds -2777 >= -14626 @ 2.45551
c bounds -2778 >= -14626 @ 2.46001
c bounds -2779 >= -14626 @ 2.46322
c bounds -2795 >= -14626 @ 2.46918
c bounds -2799 >= -14626 @ 2.47397
c bounds -2803 >= -14626 @ 2.47961
c bounds -2807 >= -14626 @ 2.48341
c bounds -2811 >= -14626 @ 2.48715
c bounds -2812 >= -14626 @ 2.49106
c bounds -2813 >= -14626 @ 2.49644
c bounds -2815 >= -14626 @ 2.49977
c bounds -2823 >= -14626 @ 2.5031
c bounds -2827 >= -14626 @ 2.50757
c bounds -2835 >= -14626 @ 2.51362
c bounds -2837 >= -14626 @ 2.51783
c bounds -2841 >= -14626 @ 2.52251
c bounds -2845 >= -14626 @ 2.52705
c bounds -2861 >= -14626 @ 2.53293
c bounds -2877 >= -14626 @ 2.53888
c bounds -2881 >= -14626 @ 2.54469
c bounds -2882 >= -14626 @ 2.55064
c bounds -2886 >= -14626 @ 2.55631
c bounds -2888 >= -14626 @ 2.55952
c bounds -2889 >= -14626 @ 2.56553
c bounds -2893 >= -14626 @ 2.57013
c bounds -2897 >= -14626 @ 2.57473
c bounds -2899 >= -14626 @ 2.57981
c bounds -2903 >= -14626 @ 2.584
c bounds -2907 >= -14626 @ 2.58827
c bounds -2908 >= -14626 @ 2.59131
c bounds -2916 >= -14626 @ 2.59623
c bounds -2932 >= -14626 @ 2.60083
c bounds -2936 >= -14626 @ 2.60599
c bounds -2944 >= -14626 @ 2.61146
c bounds -2945 >= -14626 @ 2.61579
c bounds -2949 >= -14626 @ 2.61955
c bounds -2951 >= -14626 @ 2.62395
c bounds -2952 >= -14626 @ 2.6283
c bounds -2956 >= -14626 @ 2.63411
c bounds -2960 >= -14626 @ 2.63797
c bounds -2962 >= -14626 @ 2.64392
c bounds -2966 >= -14626 @ 2.64898
c bounds -2970 >= -14626 @ 2.65296
c bounds -2971 >= -14626 @ 2.65803
c bounds -2987 >= -14626 @ 2.66345
c bounds -2995 >= -14626 @ 2.66894
c bounds -2996 >= -14626 @ 2.67447
c bounds -3004 >= -14626 @ 2.68008
c bounds -3006 >= -14626 @ 2.6839
c bounds -3010 >= -14626 @ 2.68777
c bounds -3012 >= -14626 @ 2.6912
c bounds -3020 >= -14626 @ 2.69581
c bounds -3024 >= -14626 @ 2.70047
c bounds -3032 >= -14626 @ 2.70599
c bounds -3036 >= -14626 @ 2.70977
c bounds -3040 >= -14626 @ 2.71151
c bounds -3041 >= -14626 @ 2.71568
c bounds -3045 >= -14626 @ 2.71841
c bounds -3049 >= -14626 @ 2.72275
c bounds -3051 >= -14626 @ 2.72708
c bounds -3055 >= -14626 @ 2.73269
c bounds -3057 >= -14626 @ 2.73588
c bounds -3058 >= -14626 @ 2.73982
c bounds -3059 >= -14626 @ 2.74404
c bounds -3060 >= -14626 @ 2.74802
c bounds -3068 >= -14626 @ 2.75153
c bounds -3070 >= -14626 @ 2.75589
c bounds -3078 >= -14626 @ 2.76009
c bounds -3082 >= -14626 @ 2.76504
c bounds -3086 >= -14626 @ 2.77014
c bounds -3088 >= -14626 @ 2.77441
c bounds -3096 >= -14626 @ 2.779
c bounds -3100 >= -14626 @ 2.78297
c bounds -3108 >= -14626 @ 2.78612
c bounds -3116 >= -14626 @ 2.79062
c bounds -3120 >= -14626 @ 2.79636
c bounds -3124 >= -14626 @ 2.8021
c bounds -3128 >= -14626 @ 2.80478
c bounds -3136 >= -14626 @ 2.80949
c bounds -3138 >= -14626 @ 2.81398
c bounds -3154 >= -14626 @ 2.82054
c bounds -3156 >= -14626 @ 2.82486
c bounds -3157 >= -14626 @ 2.8289
c bounds -3158 >= -14626 @ 2.8319
c bounds -3174 >= -14626 @ 2.83758
c bounds -3182 >= -14626 @ 2.84091
c bounds -3183 >= -14626 @ 2.84608
c bounds -3191 >= -14626 @ 2.85231
c bounds -3193 >= -14626 @ 2.85745
c bounds -3197 >= -14626 @ 2.86206
c bounds -3199 >= -14626 @ 2.86676
c bounds -3201 >= -14626 @ 2.8699
c bounds -3202 >= -14626 @ 2.8736
c bounds -3204 >= -14626 @ 2.87768
c bounds -3208 >= -14626 @ 2.88293
c bounds -3209 >= -14626 @ 2.88779
c bounds -3213 >= -14626 @ 2.89092
c bounds -3217 >= -14626 @ 2.89458
c bounds -3218 >= -14626 @ 2.89816
c bounds -3222 >= -14626 @ 2.9012
c bounds -3226 >= -14626 @ 2.90618
c #Conflicts:      35000 | #Constraints:      37027
c #Conflicts:      36000 | #Constraints:      38027
c bounds -3227 >= -14626 @ 4.8724
c #Conflicts:      37000 | #Constraints:      39028
c INPROCESSING
c GARBAGE COLLECT
c #Conflicts:      38000 | #Constraints:      30899
c bounds -3227 >= -14586 @ 5.24447
c #Conflicts:      39000 | #Constraints:      31905
c #Conflicts:      40000 | #Constraints:      32905
c #Conflicts:      41000 | #Constraints:      33905
c #Conflicts:      42000 | #Constraints:      34905
c #Conflicts:      43000 | #Constraints:      35905
c INPROCESSING
c GARBAGE COLLECT
c #Conflicts:      44000 | #Constraints:      29497
c #Conflicts:      45000 | #Constraints:      30497
c bounds -3227 >= -14546 @ 6.53913
c #Conflicts:      46000 | #Constraints:      31503
c #Conflicts:      47000 | #Constraints:      32503
c #Conflicts:      48000 | #Constraints:      33503
c #Conflicts:      49000 | #Constraints:      34503
c #Conflicts:      50000 | #Constraints:      35503
c bounds -3227 >= -14506 @ 7.75805
c #Conflicts:      51000 | #Constraints:      36506
c #Conflicts:      52000 | #Constraints:      37506
c #Conflicts:      53000 | #Constraints:      38506
c #Conflicts:      54000 | #Constraints:      39506
c #Conflicts:      55000 | #Constraints:      40506
c #Conflicts:      56000 | #Constraints:      41506
c #Conflicts:      57000 | #Constraints:      42506
c INPROCESSING
c GARBAGE COLLECT
c #Conflicts:      58000 | #Constraints:      32646
c #Conflicts:      59000 | #Constraints:      33646
c bounds -3228 >= -14506 @ 14.3045
c bounds -3228 >= -14486 @ 14.319
c bounds -3228 >= -14466 @ 14.321
c bounds -3228 >= -14446 @ 14.3332
c bounds -3228 >= -14426 @ 14.3377
c bounds -3228 >= -14406 @ 14.3411
c #Conflicts:      60000 | #Constraints:      34665
c bounds -3228 >= -14386 @ 14.3547
c bounds -3228 >= -14366 @ 14.3684
c bounds -3228 >= -14346 @ 14.3764
c bounds -3228 >= -14326 @ 14.4162
c bounds -3228 >= -14306 @ 14.425
c bounds -3228 >= -14286 @ 14.4595
c bounds -3228 >= -14266 @ 14.5355
c #Conflicts:      61000 | #Constraints:      35737
c bounds -3228 >= -14246 @ 14.6547
c bounds -3228 >= -14226 @ 14.7524
c #Conflicts:      62000 | #Constraints:      36758
c bounds -3228 >= -14206 @ 14.8275
c bounds -3228 >= -14186 @ 15.12
c #Conflicts:      63000 | #Constraints:      37776
c #Conflicts:      64000 | #Constraints:      38776
c bounds -3228 >= -14166 @ 15.9026
c bounds -3228 >= -14146 @ 16.148
c #Conflicts:      65000 | #Constraints:      39797
c INPROCESSING
c GARBAGE COLLECT
c #Conflicts:      66000 | #Constraints:      31619
c bounds -3228 >= -14126 @ 16.7236
c #Conflicts:      67000 | #Constraints:      32643
c bounds -3228 >= -14106 @ 16.8444
c bounds -3228 >= -14086 @ 16.8666
c bounds -3228 >= -14066 @ 16.9945
c bounds -3228 >= -14046 @ 17.0045
c bounds -3228 >= -14026 @ 17.0101
c #Conflicts:      68000 | #Constraints:      33670
c #Conflicts:      69000 | #Constraints:      34670
c #Conflicts:      70000 | #Constraints:      35670
c bounds -3228 >= -14006 @ 17.9199
c bounds -3228 >= -13986 @ 17.994
c bounds -3228 >= -13966 @ 18.0052
c bounds -3228 >= -13946 @ 18.0119
c bounds -3228 >= -13926 @ 18.02
c #Conflicts:      71000 | #Constraints:      36724
c bounds -3228 >= -13906 @ 18.062
c #Conflicts:      72000 | #Constraints:      37733
c #Conflicts:      73000 | #Constraints:      38733
c bounds -3228 >= -13886 @ 18.579
c #Conflicts:      74000 | #Constraints:      39736
c #Conflicts:      75000 | #Constraints:      40736
c #Conflicts:      76000 | #Constraints:      41736
c bounds -3228 >= -13866 @ 20.277
c #Conflicts:      77000 | #Constraints:      42739
c #Conflicts:      78000 | #Constraints:      43739
c bounds -3233 >= -13866 @ 26.4218
c bounds -3233 >= -13846 @ 26.4389
c bounds -3233 >= -13826 @ 26.4421
c #Conflicts:      79000 | #Constraints:      44746
c bounds -3233 >= -13806 @ 26.7043
c #Conflicts:      80000 | #Constraints:      45749
c #Conflicts:      81000 | #Constraints:      46749
c #Conflicts:      82000 | #Constraints:      47749
c INPROCESSING
c GARBAGE COLLECT
c #Conflicts:      83000 | #Constraints:      35397
c #Conflicts:      84000 | #Constraints:      36397
c bounds -3233 >= -13786 @ 30.3193
c #Conflicts:      85000 | #Constraints:      37421
c bounds -3233 >= -13766 @ 30.5745
c #Conflicts:      86000 | #Constraints:      38424
c #Conflicts:      87000 | #Constraints:      39424
c #Conflicts:      88000 | #Constraints:      40424
c #Conflicts:      89000 | #Constraints:      41424
c bounds -3233 >= -13746 @ 33.8631
c #Conflicts:      90000 | #Constraints:      42451
c #Conflicts:      91000 | #Constraints:      43451
c INPROCESSING
c GARBAGE COLLECT
c #Conflicts:      92000 | #Constraints:      33445
c #Conflicts:      93000 | #Constraints:      34445
c #Conflicts:      94000 | #Constraints:      35445
c #Conflicts:      95000 | #Constraints:      36445
c #Conflicts:      96000 | #Constraints:      37445
c #Conflicts:      97000 | #Constraints:      38445
c #Conflicts:      98000 | #Constraints:      39445
c #Conflicts:      99000 | #Constraints:      40445
c #Conflicts:     100000 | #Constraints:      41445
c bounds -3233 >= -13726 @ 43.9038
c #Conflicts:     101000 | #Constraints:      42475
c #Conflicts:     102000 | #Constraints:      43475
c #Conflicts:     103000 | #Constraints:      44475
c #Conflicts:     104000 | #Constraints:      45475
c #Conflicts:     105000 | #Constraints:      46475
c #Conflicts:     106000 | #Constraints:      47475
c #Conflicts:     107000 | #Constraints:      48475
c bounds -3234 >= -13726 @ 67.9289
c bounds -3234 >= -13706 @ 67.9519
c bounds -3234 >= -13686 @ 67.9621
c bounds -3234 >= -13666 @ 67.9725
c bounds -3234 >= -13646 @ 67.9784
c bounds -3234 >= -13626 @ 67.9824
c bounds -3234 >= -13606 @ 67.986
c bounds -3234 >= -13586 @ 67.9899
c #Conflicts:     108000 | #Constraints:      49497
c bounds -3234 >= -13566 @ 68.0257
c bounds -3234 >= -13546 @ 68.0406
c #Conflicts:     109000 | #Constraints:      50512
c #Conflicts:     110000 | #Constraints:      51512
c #Conflicts:     111000 | #Constraints:      52512
c INPROCESSING
c GARBAGE COLLECT
c #Conflicts:     112000 | #Constraints:      37695
c #Conflicts:     113000 | #Constraints:      38695
c #Conflicts:     114000 | #Constraints:      39695
c #Conflicts:     115000 | #Constraints:      40695
c bounds -3234 >= -13526 @ 70.4204
c #Conflicts:     116000 | #Constraints:      41707
c bounds -3234 >= -13506 @ 70.9712
c #Conflicts:     117000 | #Constraints:      42710
c #Conflicts:     118000 | #Constraints:      43710
c #Conflicts:     119000 | #Constraints:      44710
c #Conflicts:     120000 | #Constraints:      45710
c #Conflicts:     121000 | #Constraints:      46710
c INPROCESSING
c GARBAGE COLLECT
c #Conflicts:     122000 | #Constraints:      34820
c #Conflicts:     123000 | #Constraints:      35820
c #Conflicts:     124000 | #Constraints:      36820
c #Conflicts:     125000 | #Constraints:      37820
c bounds -3234 >= -13486 @ 75.639
c #Conflicts:     126000 | #Constraints:      38835
c #Conflicts:     127000 | #Constraints:      39835
c #Conflicts:     128000 | #Constraints:      40835
c #Conflicts:     129000 | #Constraints:      41835
c #Conflicts:     130000 | #Constraints:      42835
c #Conflicts:     131000 | #Constraints:      43835
c #Conflicts:     132000 | #Constraints:      44835
c #Conflicts:     133000 | #Constraints:      45835
c #Conflicts:     134000 | #Constraints:      46835
c #Conflicts:     135000 | #Constraints:      47835
c #Conflicts:     136000 | #Constraints:      48835
c #Conflicts:     137000 | #Constraints:      49835
c #Conflicts:     138000 | #Constraints:      50835
c #Conflicts:     139000 | #Constraints:      51835
c #Conflicts:     140000 | #Constraints:      52835
c bounds -3234 >= -13466 @ 94.485
c #Conflicts:     141000 | #Constraints:      53850
c #Conflicts:     142000 | #Constraints:      54850
c #Conflicts:     143000 | #Constraints:      55850
c #Conflicts:     144000 | #Constraints:      56850
c #Conflicts:     145000 | #Constraints:      57850
c INPROCESSING
c GARBAGE COLLECT
c #Conflicts:     146000 | #Constraints:      40556
c #Conflicts:     147000 | #Constraints:      41556
c #Conflicts:     148000 | #Constraints:      42556
c #Conflicts:     149000 | #Constraints:      43556
c bounds -3234 >= -13446 @ 103.905
c #Conflicts:     150000 | #Constraints:      44577
c #Conflicts:     151000 | #Constraints:      45577
c #Conflicts:     152000 | #Constraints:      46577
c #Conflicts:     153000 | #Constraints:      47577
c #Conflicts:     154000 | #Constraints:      48577
c #Conflicts:     155000 | #Constraints:      49577
c #Conflicts:     156000 | #Constraints:      50577
c INPROCESSING
c GARBAGE COLLECT
c #Conflicts:     157000 | #Constraints:      36770
c #Conflicts:     158000 | #Constraints:      37770
c #Conflicts:     159000 | #Constraints:      38770
c #Conflicts:     160000 | #Constraints:      39770
c #Conflicts:     161000 | #Constraints:      40770
c #Conflicts:     162000 | #Constraints:      41770
c #Conflicts:     163000 | #Constraints:      42770
c #Conflicts:     164000 | #Constraints:      43770
c #Conflicts:     165000 | #Constraints:      44770
c #Conflicts:     166000 | #Constraints:      45770
c #Conflicts:     167000 | #Constraints:      46770
c #Conflicts:     168000 | #Constraints:      47770
c #Conflicts:     169000 | #Constraints:      48770
c #Conflicts:     170000 | #Constraints:      49770
c #Conflicts:     171000 | #Constraints:      50770
c #Conflicts:     172000 | #Constraints:      51770
c #Conflicts:     173000 | #Constraints:      52770
c #Conflicts:     174000 | #Constraints:      53770
c #Conflicts:     175000 | #Constraints:      54770
c #Conflicts:     176000 | #Constraints:      55770
c #Conflicts:     177000 | #Constraints:      56770
c #Conflicts:     178000 | #Constraints:      57770
c #Conflicts:     179000 | #Constraints:      58770
c #Conflicts:     180000 | #Constraints:      59770
c #Conflicts:     181000 | #Constraints:      60770
c #Conflicts:     182000 | #Constraints:      61770
c #Conflicts:     183000 | #Constraints:      62770
c INPROCESSING
c GARBAGE COLLECT
c bounds -3235 >= -13446 @ 174.108
c bounds -3239 >= -13446 @ 174.138
c #Conflicts:     184000 | #Constraints:      42979
c bounds -3248 >= -13446 @ 175.853
c #Conflicts:     185000 | #Constraints:      43980
c #Conflicts:     186000 | #Constraints:      44980
c #Conflicts:     187000 | #Constraints:      45980
c #Conflicts:     188000 | #Constraints:      46980
c #Conflicts:     189000 | #Constraints:      47980
c #Conflicts:     190000 | #Constraints:      48980
c #Conflicts:     191000 | #Constraints:      49980
c #Conflicts:     192000 | #Constraints:      50980
c #Conflicts:     193000 | #Constraints:      51980
c #Conflicts:     194000 | #Constraints:      52980
c #Conflicts:     195000 | #Constraints:      53980
c #Conflicts:     196000 | #Constraints:      54980
c INPROCESSING
c GARBAGE COLLECT
c bounds -3248 >= -13430 @ 330.401
c bounds -3248 >= -13414 @ 330.402
c bounds -3248 >= -13398 @ 330.403
c bounds -3248 >= -13382 @ 330.403
c bounds -3248 >= -13366 @ 330.404
c bounds -3248 >= -13350 @ 330.405
c bounds -3248 >= -13334 @ 330.405
c bounds -3248 >= -13318 @ 330.406
c bounds -3248 >= -13302 @ 330.406
c bounds -3248 >= -13286 @ 330.406
c bounds -3248 >= -13270 @ 330.407
c bounds -3248 >= -13254 @ 330.408
c bounds -3248 >= -13238 @ 330.408
c bounds -3248 >= -13222 @ 330.409
c bounds -3248 >= -13206 @ 330.41
c bounds -3248 >= -13190 @ 330.41
c bounds -3248 >= -13174 @ 330.411
c bounds -3248 >= -13158 @ 330.412
c bounds -3248 >= -13142 @ 330.412
c bounds -3248 >= -13126 @ 330.413
c bounds -3248 >= -13110 @ 330.414
c bounds -3248 >= -13094 @ 330.414
c bounds -3248 >= -13078 @ 330.414
c bounds -3248 >= -13062 @ 330.415
c bounds -3248 >= -13046 @ 330.416
c bounds -3248 >= -13030 @ 330.416
c bounds -3248 >= -13014 @ 330.417
c bounds -3248 >= -12998 @ 330.418
c bounds -3248 >= -12982 @ 330.419
c bounds -3248 >= -12966 @ 330.42
c bounds -3248 >= -12950 @ 330.421
c bounds -3248 >= -12934 @ 330.421
c bounds -3248 >= -12918 @ 330.422
c bounds -3248 >= -12902 @ 330.422
c bounds -3248 >= -12886 @ 330.422
c bounds -3248 >= -12870 @ 330.423
c bounds -3248 >= -12854 @ 330.424
c bounds -3248 >= -12838 @ 330.424
c bounds -3248 >= -12822 @ 330.424
c bounds -3248 >= -12806 @ 330.424
c bounds -3248 >= -12790 @ 330.425
c bounds -3248 >= -12774 @ 330.426
c bounds -3248 >= -12758 @ 330.427
c bounds -3248 >= -12742 @ 330.427
c bounds -3248 >= -12726 @ 330.428
c bounds -3248 >= -12710 @ 330.429
c bounds -3248 >= -12694 @ 330.43
c bounds -3248 >= -12678 @ 330.431
c bounds -3248 >= -12662 @ 330.433
c bounds -3248 >= -12646 @ 330.434
c bounds -3248 >= -12630 @ 330.436
c bounds -3248 >= -12614 @ 330.437
c bounds -3248 >= -12598 @ 330.438
c bounds -3248 >= -12582 @ 330.438
c bounds -3248 >= -12566 @ 330.44
c bounds -3248 >= -12550 @ 330.44
c bounds -3248 >= -12534 @ 330.442
c bounds -3248 >= -12518 @ 330.442
c bounds -3248 >= -12502 @ 330.444
c bounds -3248 >= -12486 @ 330.445
c bounds -3248 >= -12470 @ 330.446
c bounds -3248 >= -12454 @ 330.447
c bounds -3248 >= -12438 @ 330.449
c bounds -3248 >= -12422 @ 330.449
c bounds -3248 >= -12406 @ 330.451
c bounds -3248 >= -12390 @ 330.451
c bounds -3248 >= -12374 @ 330.452
c bounds -3248 >= -12358 @ 330.452
c bounds -3248 >= -12342 @ 330.453
c bounds -3248 >= -12326 @ 330.453
c bounds -3248 >= -12310 @ 330.454
c bounds -3248 >= -12294 @ 330.455
c bounds -3248 >= -12278 @ 330.457
c bounds -3248 >= -12262 @ 330.458
c bounds -3248 >= -12246 @ 330.46
c bounds -3248 >= -12230 @ 330.46
c bounds -3248 >= -12214 @ 330.462
c bounds -3248 >= -12198 @ 330.463
c bounds -3248 >= -12182 @ 330.464
c bounds -3248 >= -12166 @ 330.465
c bounds -3248 >= -12150 @ 330.467
c bounds -3248 >= -12134 @ 330.468
c bounds -3248 >= -12118 @ 330.47
c bounds -3248 >= -12102 @ 330.471
c bounds -3248 >= -12086 @ 330.472
c bounds -3248 >= -12070 @ 330.473
c bounds -3248 >= -12054 @ 330.474
c bounds -3248 >= -12038 @ 330.474
c bounds -3248 >= -12022 @ 330.476
c bounds -3248 >= -12006 @ 330.477
c bounds -3248 >= -11990 @ 330.478
c bounds -3248 >= -11974 @ 330.478
c bounds -3248 >= -11958 @ 330.48
c bounds -3248 >= -11942 @ 330.482
c bounds -3248 >= -11926 @ 330.483
c bounds -3248 >= -11910 @ 330.484
c bounds -3248 >= -11894 @ 330.484
c bounds -3248 >= -11878 @ 330.485
c bounds -3248 >= -11862 @ 330.486
c bounds -3248 >= -11846 @ 330.488
c bounds -3248 >= -11830 @ 330.489
c bounds -3248 >= -11814 @ 330.49
c bounds -3248 >= -11798 @ 330.49
c bounds -3248 >= -11782 @ 330.492
c bounds -3248 >= -11766 @ 330.493
c bounds -3248 >= -11750 @ 330.494
c bounds -3248 >= -11734 @ 330.496
c bounds -3248 >= -11718 @ 330.496
c bounds -3248 >= -11702 @ 330.496
c bounds -3248 >= -11686 @ 330.497
c bounds -3248 >= -11670 @ 330.498
c bounds -3248 >= -11654 @ 330.499
c bounds -3248 >= -11638 @ 330.501
c bounds -3248 >= -11622 @ 330.502
c bounds -3248 >= -11606 @ 330.502
c bounds -3248 >= -11590 @ 330.502
c bounds -3248 >= -11574 @ 330.503
c bounds -3248 >= -11558 @ 330.504
c bounds -3248 >= -11542 @ 330.505
c bounds -3248 >= -11526 @ 330.506
c bounds -3248 >= -11510 @ 330.507
c bounds -3248 >= -11494 @ 330.507
c bounds -3248 >= -11478 @ 330.509
c bounds -3248 >= -11462 @ 330.509
c bounds -3248 >= -11446 @ 330.51
c bounds -3248 >= -11430 @ 330.51
c bounds -3248 >= -11414 @ 330.51
c bounds -3248 >= -11398 @ 330.511
c bounds -3248 >= -11382 @ 330.512
c bounds -3248 >= -11366 @ 330.514
c bounds -3248 >= -11350 @ 330.516
c bounds -3248 >= -11334 @ 330.517
c bounds -3248 >= -11318 @ 330.519
c bounds -3248 >= -11302 @ 330.52
c bounds -3248 >= -11286 @ 330.522
c bounds -3248 >= -11270 @ 330.525
c bounds -3248 >= -11254 @ 330.527
c bounds -3248 >= -11238 @ 330.529
c bounds -3248 >= -11222 @ 330.529
c bounds -3248 >= -11206 @ 330.531
c bounds -3248 >= -11190 @ 330.532
c bounds -3248 >= -11174 @ 330.534
c bounds -3248 >= -11158 @ 330.535
c bounds -3248 >= -11142 @ 330.537
c bounds -3248 >= -11126 @ 330.537
c bounds -3248 >= -11094 @ 330.539
c bounds -3248 >= -11078 @ 330.54
c bounds -3248 >= -11062 @ 330.541
c bounds -3248 >= -11046 @ 330.542
c bounds -3248 >= -11030 @ 330.543
c bounds -3248 >= -10998 @ 330.545
c bounds -3248 >= -10982 @ 330.546
c bounds -3248 >= -10966 @ 330.547
c bounds -3248 >= -10950 @ 330.548
c bounds -3248 >= -10934 @ 330.55
c bounds -3248 >= -10918 @ 330.551
c bounds -3248 >= -10902 @ 330.554
c bounds -3248 >= -10886 @ 330.556
c bounds -3248 >= -10870 @ 330.558
c bounds -3248 >= -10854 @ 330.56
c bounds -3248 >= -10838 @ 330.562
c bounds -3248 >= -10822 @ 330.563
c bounds -3248 >= -10806 @ 330.564
c bounds -3248 >= -10774 @ 330.565
c bounds -3248 >= -10758 @ 330.566
c bounds -3248 >= -10742 @ 330.567
c bounds -3248 >= -10726 @ 330.569
c bounds -3248 >= -10710 @ 330.57
c bounds -3248 >= -10694 @ 330.571
c bounds -3248 >= -10678 @ 330.573
c bounds -3248 >= -10662 @ 330.574
c bounds -3248 >= -10646 @ 330.575
c bounds -3248 >= -10630 @ 330.576
c bounds -3248 >= -10614 @ 330.577
c bounds -3248 >= -10598 @ 330.578
c bounds -3248 >= -10582 @ 330.579
c bounds -3248 >= -10566 @ 330.58
c bounds -3248 >= -10550 @ 330.581
c bounds -3248 >= -10534 @ 330.583
c bounds -3248 >= -10518 @ 330.584
c bounds -3248 >= -10502 @ 330.586
c bounds -3248 >= -10486 @ 330.588
c bounds -3248 >= -10470 @ 330.589
c bounds -3248 >= -10454 @ 330.589
c bounds -3248 >= -10438 @ 330.59
c bounds -3248 >= -10422 @ 330.592
c bounds -3248 >= -10406 @ 330.592
c bounds -3248 >= -10390 @ 330.593
c bounds -3248 >= -10374 @ 330.595
c bounds -3248 >= -10358 @ 330.595
c bounds -3248 >= -10342 @ 330.598
c bounds -3248 >= -10326 @ 330.599
c bounds -3248 >= -10310 @ 330.601
c bounds -3248 >= -10294 @ 330.603
c bounds -3248 >= -10278 @ 330.605
c bounds -3248 >= -10262 @ 330.607
c bounds -3248 >= -10246 @ 330.611
c bounds -3248 >= -10230 @ 330.614
c bounds -3248 >= -10214 @ 330.616
c bounds -3248 >= -10198 @ 330.619
c bounds -3248 >= -10182 @ 330.622
c bounds -3248 >= -10166 @ 330.624
c bounds -3248 >= -10150 @ 330.626
c bounds -3248 >= -10134 @ 330.629
c bounds -3248 >= -10118 @ 330.633
c bounds -3248 >= -10102 @ 330.637
c bounds -3248 >= -10086 @ 330.639
c bounds -3248 >= -10070 @ 330.642
c bounds -3248 >= -10054 @ 330.648
c bounds -3248 >= -10038 @ 330.654
c bounds -3248 >= -10022 @ 330.659
c bounds -3248 >= -10006 @ 330.676
c bounds -3248 >= -9990 @ 330.739
c bounds -3248 >= -9974 @ 330.769
c bounds -3248 >= -9958 @ 330.778
c bounds -3248 >= -9942 @ 330.786
c bounds -3248 >= -9926 @ 330.802
c bounds -3248 >= -9910 @ 330.809
c bounds -3248 >= -9894 @ 330.817
c bounds -3248 >= -9878 @ 330.826
c bounds -3248 >= -9862 @ 330.834
c #Conflicts:     197000 | #Constraints:      39971
c #Conflicts:     198000 | #Constraints:      40971
c #Conflicts:     199000 | #Constraints:      41971
c #Conflicts:     200000 | #Constraints:      42971
c #Conflicts:     201000 | #Constraints:      43971
c bounds -3248 >= -9846 @ 348.498
c #Conflicts:     202000 | #Constraints:      44998
c #Conflicts:     203000 | #Constraints:      45998
c #Conflicts:     204000 | #Constraints:      46998
c #Conflicts:     205000 | #Constraints:      47998
c #Conflicts:     206000 | #Constraints:      48998
c #Conflicts:     207000 | #Constraints:      49998
c bounds -3248 >= -9830 @ 404.149
c #Conflicts:     208000 | #Constraints:      51019
c #Conflicts:     209000 | #Constraints:      52019
c #Conflicts:     210000 | #Constraints:      53019
c #Conflicts:     211000 | #Constraints:      54019
c #Conflicts:     212000 | #Constraints:      55019
c #Conflicts:     213000 | #Constraints:      56019
c #Conflicts:     214000 | #Constraints:      57019
c #Conflicts:     215000 | #Constraints:      58019
c #Conflicts:     216000 | #Constraints:      59019
c #Conflicts:     217000 | #Constraints:      60019
c #Conflicts:     218000 | #Constraints:      61019
c #Conflicts:     219000 | #Constraints:      62019
c #Conflicts:     220000 | #Constraints:      63019
c #Conflicts:     221000 | #Constraints:      64019
c #Conflicts:     222000 | #Constraints:      65019
c #Conflicts:     223000 | #Constraints:      66019
c #Conflicts:     224000 | #Constraints:      67019
c #Conflicts:     225000 | #Constraints:      68019
c #Conflicts:     226000 | #Constraints:      69019
c INPROCESSING
c GARBAGE COLLECT
c bounds -3257 >= -9830 @ 858.736
c #Conflicts:     227000 | #Constraints:      46321
c #Conflicts:     228000 | #Constraints:      47321
c bounds -3258 >= -9830 @ 860.782
c bounds -3259 >= -9830 @ 861.72
c #Conflicts:     229000 | #Constraints:      48323
c #Conflicts:     230000 | #Constraints:      49323
c bounds -3261 >= -9830 @ 869.879
c #Conflicts:     231000 | #Constraints:      50324
c #Conflicts:     232000 | #Constraints:      51324
c bounds -3266 >= -9830 @ 878.016
c #Conflicts:     233000 | #Constraints:      52325
c #Conflicts:     234000 | #Constraints:      53325
c #Conflicts:     235000 | #Constraints:      54325
c #Conflicts:     236000 | #Constraints:      55325
c bounds -3267 >= -9830 @ 901.676
c bounds -3273 >= -9830 @ 902.14
c bounds -3274 >= -9830 @ 904.742
c bounds -3275 >= -9830 @ 905.368
c bounds -3276 >= -9830 @ 905.502
c bounds -3277 >= -9830 @ 909.324
c #Conflicts:     237000 | #Constraints:      56331
c bounds -3279 >= -9830 @ 925.355
c bounds -3280 >= -9830 @ 926.066
c bounds -3282 >= -9830 @ 926.197
c #Conflicts:     238000 | #Constraints:      57334
c bounds -3283 >= -9830 @ 930.563
c bounds -3285 >= -9830 @ 931.25
c bounds -3286 >= -9830 @ 948.386
c #Conflicts:     239000 | #Constraints:      58337
c bounds -3287 >= -9830 @ 950.613
c bounds -3288 >= -9830 @ 968.64
c #Conflicts:     240000 | #Constraints:      59339
c INPROCESSING
c GARBAGE COLLECT
c bounds -3290 >= -9830 @ 969.976
c #Conflicts:     241000 | #Constraints:      41823
c #Conflicts:     242000 | #Constraints:      42823
c bounds -3291 >= -9830 @ 985.758
c bounds -3293 >= -9830 @ 987.883
c #Conflicts:     243000 | #Constraints:      43825
c #Conflicts:     244000 | #Constraints:      44825
c #Conflicts:     245000 | #Constraints:      45825
c bounds -3294 >= -9830 @ 1023.8
c #Conflicts:     246000 | #Constraints:      46826
c #Conflicts:     247000 | #Constraints:      47826
c #Conflicts:     248000 | #Constraints:      48826
c #Conflicts:     249000 | #Constraints:      49826
c #Conflicts:     250000 | #Constraints:      50826
c #Conflicts:     251000 | #Constraints:      51826
c #Conflicts:     252000 | #Constraints:      52826
c bounds -3300 >= -9830 @ 1197.82
c #Conflicts:     253000 | #Constraints:      53827
c #Conflicts:     254000 | #Constraints:      54827
c INPROCESSING
c GARBAGE COLLECT
c #Conflicts:     255000 | #Constraints:      39599
c #Conflicts:     256000 | #Constraints:      40599
c bounds -3302 >= -9830 @ 1249.67
c bounds -3303 >= -9830 @ 1249.75
c #Conflicts:     257000 | #Constraints:      41601
c bounds -3304 >= -9830 @ 1259.57
c #Conflicts:     258000 | #Constraints:      42602
c #Conflicts:     259000 | #Constraints:      43602
c #Conflicts:     260000 | #Constraints:      44602
c #Conflicts:     261000 | #Constraints:      45602
c bounds -3305 >= -9830 @ 1324.89
c bounds -3314 >= -9830 @ 1333.53
c #Conflicts:     262000 | #Constraints:      46604
c #Conflicts:     263000 | #Constraints:      47604
c bounds -3316 >= -9830 @ 1362.24
c bounds -3320 >= -9830 @ 1362.56
c #Conflicts:     264000 | #Constraints:      48606
c #Conflicts:     265000 | #Constraints:      49606
c #Conflicts:     266000 | #Constraints:      50606
c #Conflicts:     267000 | #Constraints:      51606
c #Conflicts:     268000 | #Constraints:      52606
c #Conflicts:     269000 | #Constraints:      53606
c #Conflicts:     270000 | #Constraints:      54606
c #Conflicts:     271000 | #Constraints:      55606
c #Conflicts:     272000 | #Constraints:      56606
c #Conflicts:     273000 | #Constraints:      57606
c #Conflicts:     274000 | #Constraints:      58606
c #Conflicts:     275000 | #Constraints:      59606
c #Conflicts:     276000 | #Constraints:      60606
c #Conflicts:     277000 | #Constraints:      61606
c #Conflicts:     278000 | #Constraints:      62606
c #Conflicts:     279000 | #Constraints:      63606
c #Conflicts:     280000 | #Constraints:      64606
c #Conflicts:     281000 | #Constraints:      65606
c bounds -3321 >= -9830 @ 2196.78
c bounds -3321 >= -9814 @ 2196.82
c bounds -3321 >= -9804 @ 2197.18
c bounds -3321 >= -9794 @ 2197.77
c bounds -3321 >= -9784 @ 2198.8
c #Conflicts:     282000 | #Constraints:      66632
c bounds -3321 >= -9774 @ 2200.05
c #Conflicts:     283000 | #Constraints:      67647
c bounds -3321 >= -9764 @ 2201.49
c bounds -3321 >= -9754 @ 2201.52
c bounds -3321 >= -9744 @ 2201.53
c bounds -3321 >= -9734 @ 2202.07
c bounds -3321 >= -9724 @ 2202.63
c bounds -3321 >= -9714 @ 2202.94
c #Conflicts:     284000 | #Constraints:      68680
c bounds -3321 >= -9704 @ 2203.31
c bounds -3321 >= -9694 @ 2203.42
c bounds -3321 >= -9684 @ 2203.55
c bounds -3321 >= -9674 @ 2203.6
c #Conflicts:     285000 | #Constraints:      69707
c bounds -3321 >= -9664 @ 2204.71
c #Conflicts:     286000 | #Constraints:      70722
c bounds -3321 >= -9654 @ 2205.77
c #Conflicts:     287000 | #Constraints:      71737
c #Conflicts:     288000 | #Constraints:      72737
c INPROCESSING
c GARBAGE COLLECT
c #Conflicts:     289000 | #Constraints:      48507
c #Conflicts:     290000 | #Constraints:      49507
c #Conflicts:     291000 | #Constraints:      50507
c #Conflicts:     292000 | #Constraints:      51507
c #Conflicts:     293000 | #Constraints:      52507
c bounds -3321 >= -9644 @ 2213.97
c #Conflicts:     294000 | #Constraints:      53528
c bounds -3321 >= -9634 @ 2215.29
c bounds -3321 >= -9624 @ 2215.29
c #Conflicts:     295000 | #Constraints:      54534
c bounds -3321 >= -9614 @ 2215.32
c #Conflicts:     296000 | #Constraints:      55543
c #Conflicts:     297000 | #Constraints:      56543
c bounds -3321 >= -9604 @ 2217.19
c #Conflicts:     298000 | #Constraints:      57552
c #Conflicts:     299000 | #Constraints:      58552
c #Conflicts:     300000 | #Constraints:      59552
c bounds -3321 >= -9594 @ 2219.42
c #Conflicts:     301000 | #Constraints:      60564
c #Conflicts:     302000 | #Constraints:      61564
c #Conflicts:     303000 | #Constraints:      62564
c INPROCESSING
c GARBAGE COLLECT
c #Conflicts:     304000 | #Constraints:      43306
c #Conflicts:     305000 | #Constraints:      44306
c #Conflicts:     306000 | #Constraints:      45306
c #Conflicts:     307000 | #Constraints:      46306
c #Conflicts:     308000 | #Constraints:      47306
c #Conflicts:     309000 | #Constraints:      48306
c #Conflicts:     310000 | #Constraints:      49306
c #Conflicts:     311000 | #Constraints:      50306
c #Conflicts:     312000 | #Constraints:      51306
c #Conflicts:     313000 | #Constraints:      52306
c #Conflicts:     314000 | #Constraints:      53306
c #Conflicts:     315000 | #Constraints:      54306
c #Conflicts:     316000 | #Constraints:      55306
c #Conflicts:     317000 | #Constraints:      56306
c #Conflicts:     318000 | #Constraints:      57306
c #Conflicts:     319000 | #Constraints:      58306
c #Conflicts:     320000 | #Constraints:      59306
c #Conflicts:     321000 | #Constraints:      60306
c #Conflicts:     322000 | #Constraints:      61306
c #Conflicts:     323000 | #Constraints:      62306
c #Conflicts:     324000 | #Constraints:      63306
c bounds -3321 >= -9584 @ 2248.18
c #Conflicts:     325000 | #Constraints:      64342
c #Conflicts:     326000 | #Constraints:      65342
c #Conflicts:     327000 | #Constraints:      66342
c #Conflicts:     328000 | #Constraints:      67342
c #Conflicts:     329000 | #Constraints:      68342
c #Conflicts:     330000 | #Constraints:      69342
c #Conflicts:     331000 | #Constraints:      70342
c #Conflicts:     332000 | #Constraints:      71342
c #Conflicts:     333000 | #Constraints:      72342
c #Conflicts:     334000 | #Constraints:      73342
c #Conflicts:     335000 | #Constraints:      74342
c #Conflicts:     336000 | #Constraints:      75342
c #Conflicts:     337000 | #Constraints:      76342
c #Conflicts:     338000 | #Constraints:      77342
c #Conflicts:     339000 | #Constraints:      78342
c #Conflicts:     340000 | #Constraints:      79342
c INPROCESSING
c GARBAGE COLLECT
c #Conflicts:     341000 | #Constraints:      51641
c #Conflicts:     342000 | #Constraints:      52641
c #Conflicts:     343000 | #Constraints:      53641
c #Conflicts:     344000 | #Constraints:      54641
c #Conflicts:     345000 | #Constraints:      55641
c #Conflicts:     346000 | #Constraints:      56641
c #Conflicts:     347000 | #Constraints:      57641
c #Conflicts:     348000 | #Constraints:      58641
c #Conflicts:     349000 | #Constraints:      59641
c #Conflicts:     350000 | #Constraints:      60641
c #Conflicts:     351000 | #Constraints:      61641
c #Conflicts:     352000 | #Constraints:      62641
c #Conflicts:     353000 | #Constraints:      63641
c #Conflicts:     354000 | #Constraints:      64641
c #Conflicts:     355000 | #Constraints:      65641
c #Conflicts:     356000 | #Constraints:      66641
c #Conflicts:     357000 | #Constraints:      67641
c INPROCESSING
c GARBAGE COLLECT
c #Conflicts:     358000 | #Constraints:      47095
c #Conflicts:     359000 | #Constraints:      48095
c #Conflicts:     360000 | #Constraints:      49095
c #Conflicts:     361000 | #Constraints:      50095
c #Conflicts:     362000 | #Constraints:      51095
c #Conflicts:     363000 | #Constraints:      52095
c #Conflicts:     364000 | #Constraints:      53095
c #Conflicts:     365000 | #Constraints:      54095
c #Conflicts:     366000 | #Constraints:      55095
c #Conflicts:     367000 | #Constraints:      56095
c #Conflicts:     368000 | #Constraints:      57095
c #Conflicts:     369000 | #Constraints:      58095
c #Conflicts:     370000 | #Constraints:      59095
c #Conflicts:     371000 | #Constraints:      60095
c #Conflicts:     372000 | #Constraints:      61095
c #Conflicts:     373000 | #Constraints:      62095
c #Conflicts:     374000 | #Constraints:      63095
c #Conflicts:     375000 | #Constraints:      64095
c #Conflicts:     376000 | #Constraints:      65095
c #Conflicts:     377000 | #Constraints:      66095
c #Conflicts:     378000 | #Constraints:      67095
c #Conflicts:     379000 | #Constraints:      68095
c #Conflicts:     380000 | #Constraints:      69095
c #Conflicts:     381000 | #Constraints:      70095
c #Conflicts:     382000 | #Constraints:      71095
c #Conflicts:     383000 | #Constraints:      72095
c #Conflicts:     384000 | #Constraints:      73095
c #Conflicts:     385000 | #Constraints:      74095
c #Conflicts:     386000 | #Constraints:      75095
c #Conflicts:     387000 | #Constraints:      76095
c #Conflicts:     388000 | #Constraints:      77095
c #Conflicts:     389000 | #Constraints:      78095
c #Conflicts:     390000 | #Constraints:      79095
c bounds -3321 >= -9574 @ 2457.85
c #Conflicts:     391000 | #Constraints:      80134
c #Conflicts:     392000 | #Constraints:      81134
c #Conflicts:     393000 | #Constraints:      82134
c #Conflicts:     394000 | #Constraints:      83134
c #Conflicts:     395000 | #Constraints:      84134
c #Conflicts:     396000 | #Constraints:      85134
c #Conflicts:     397000 | #Constraints:      86134
c INPROCESSING
c GARBAGE COLLECT
c #Conflicts:     398000 | #Constraints:      55031
c #Conflicts:     399000 | #Constraints:      56031
c #Conflicts:     400000 | #Constraints:      57031
c #Conflicts:     401000 | #Constraints:      58031
c #Conflicts:     402000 | #Constraints:      59031
c #Conflicts:     403000 | #Constraints:      60031
c #Conflicts:     404000 | #Constraints:      61031
c #Conflicts:     405000 | #Constraints:      62031
c #Conflicts:     406000 | #Constraints:      63031
c #Conflicts:     407000 | #Constraints:      64031
c #Conflicts:     408000 | #Constraints:      65031
c #Conflicts:     409000 | #Constraints:      66031
c #Conflicts:     410000 | #Constraints:      67031
c #Conflicts:     411000 | #Constraints:      68031
c #Conflicts:     412000 | #Constraints:      69031
c #Conflicts:     413000 | #Constraints:      70031
c #Conflicts:     414000 | #Constraints:      71031
c #Conflicts:     415000 | #Constraints:      72031
c INPROCESSING
c GARBAGE COLLECT
c #Conflicts:     416000 | #Constraints:      51687
c #Conflicts:     417000 | #Constraints:      52687
c #Conflicts:     418000 | #Constraints:      53687
c #Conflicts:     419000 | #Constraints:      54687
c #Conflicts:     420000 | #Constraints:      55687
c #Conflicts:     421000 | #Constraints:      56687
c #Conflicts:     422000 | #Constraints:      57687
c #Conflicts:     423000 | #Constraints:      58687
c #Conflicts:     424000 | #Constraints:      59687
c #Conflicts:     425000 | #Constraints:      60687
c #Conflicts:     426000 | #Constraints:      61687
c #Conflicts:     427000 | #Constraints:      62687
c #Conflicts:     428000 | #Constraints:      63687
c #Conflicts:     429000 | #Constraints:      64687
c #Conflicts:     430000 | #Constraints:      65687
c #Conflicts:     431000 | #Constraints:      66687
c #Conflicts:     432000 | #Constraints:      67687
c #Conflicts:     433000 | #Constraints:      68687
c #Conflicts:     434000 | #Constraints:      69687
c #Conflicts:     435000 | #Constraints:      70687
c #Conflicts:     436000 | #Constraints:      71687
c #Conflicts:     437000 | #Constraints:      72687
c #Conflicts:     438000 | #Constraints:      73687
c #Conflicts:     439000 | #Constraints:      74687
c #Conflicts:     440000 | #Constraints:      75687
c #Conflicts:     441000 | #Constraints:      76687
c #Conflicts:     442000 | #Constraints:      77687
c #Conflicts:     443000 | #Constraints:      78687
c #Conflicts:     444000 | #Constraints:      79687
c #Conflicts:     445000 | #Constraints:      80687
c #Conflicts:     446000 | #Constraints:      81687
c #Conflicts:     447000 | #Constraints:      82687
c bounds -3321 >= -9564 @ 2617.12
c #Conflicts:     448000 | #Constraints:      83723
c #Conflicts:     449000 | #Constraints:      84723
c #Conflicts:     450000 | #Constraints:      85723
c #Conflicts:     451000 | #Constraints:      86723
c #Conflicts:     452000 | #Constraints:      87723
c #Conflicts:     453000 | #Constraints:      88723
c #Conflicts:     454000 | #Constraints:      89723
c #Conflicts:     455000 | #Constraints:      90723
c #Conflicts:     456000 | #Constraints:      91723
c #Conflicts:     457000 | #Constraints:      92723
c #Conflicts:     458000 | #Constraints:      93723
c #Conflicts:     459000 | #Constraints:      94723
c INPROCESSING
c GARBAGE COLLECT
c #Conflicts:     460000 | #Constraints:      59632
c #Conflicts:     461000 | #Constraints:      60632
c #Conflicts:     462000 | #Constraints:      61632
c #Conflicts:     463000 | #Constraints:      62632
c #Conflicts:     464000 | #Constraints:      63632
c #Conflicts:     465000 | #Constraints:      64632
c #Conflicts:     466000 | #Constraints:      65632
c #Conflicts:     467000 | #Constraints:      66632
c #Conflicts:     468000 | #Constraints:      67632
c #Conflicts:     469000 | #Constraints:      68632
c #Conflicts:     470000 | #Constraints:      69632
c #Conflicts:     471000 | #Constraints:      70632
c #Conflicts:     472000 | #Constraints:      71632
c #Conflicts:     473000 | #Constraints:      72632
c #Conflicts:     474000 | #Constraints:      73632
c bounds -3321 >= -9554 @ 2698.5
c #Conflicts:     475000 | #Constraints:      74635
c #Conflicts:     476000 | #Constraints:      75635
c #Conflicts:     477000 | #Constraints:      76635
c #Conflicts:     478000 | #Constraints:      77635
c INPROCESSING
c GARBAGE COLLECT
c #Conflicts:     479000 | #Constraints:      56566
c #Conflicts:     480000 | #Constraints:      57566
c #Conflicts:     481000 | #Constraints:      58566
c #Conflicts:     482000 | #Constraints:      59566
c #Conflicts:     483000 | #Constraints:      60566
c #Conflicts:     484000 | #Constraints:      61566
c bounds -3321 >= -9544 @ 2706.51
c #Conflicts:     485000 | #Constraints:      62596
c #Conflicts:     486000 | #Constraints:      63596
c #Conflicts:     487000 | #Constraints:      64596
c #Conflicts:     488000 | #Constraints:      65596
c #Conflicts:     489000 | #Constraints:      66596
c #Conflicts:     490000 | #Constraints:      67596
c #Conflicts:     491000 | #Constraints:      68596
c #Conflicts:     492000 | #Constraints:      69596
c #Conflicts:     493000 | #Constraints:      70596
c #Conflicts:     494000 | #Constraints:      71596
c #Conflicts:     495000 | #Constraints:      72596
c #Conflicts:     496000 | #Constraints:      73596
c #Conflicts:     497000 | #Constraints:      74596
c #Conflicts:     498000 | #Constraints:      75596
c #Conflicts:     499000 | #Constraints:      76596
c #Conflicts:     500000 | #Constraints:      77596
c #Conflicts:     501000 | #Constraints:      78596
c #Conflicts:     502000 | #Constraints:      79596
c #Conflicts:     503000 | #Constraints:      80596
c #Conflicts:     504000 | #Constraints:      81596
c #Conflicts:     505000 | #Constraints:      82596
c #Conflicts:     506000 | #Constraints:      83596
c #Conflicts:     507000 | #Constraints:      84596
c #Conflicts:     508000 | #Constraints:      85596
c #Conflicts:     509000 | #Constraints:      86596
c #Conflicts:     510000 | #Constraints:      87596
c #Conflicts:     511000 | #Constraints:      88596
c #Conflicts:     512000 | #Constraints:      89596
c #Conflicts:     513000 | #Constraints:      90596
c #Conflicts:     514000 | #Constraints:      91596
c #Conflicts:     515000 | #Constraints:      92596
c #Conflicts:     516000 | #Constraints:      93596
c bounds -3321 >= -9534 @ 2796.25
c #Conflicts:     517000 | #Constraints:      94641
c #Conflicts:     518000 | #Constraints:      95641
c #Conflicts:     519000 | #Constraints:      96641
c bounds -3323 >= -9534 @ 2839.83
c bounds -3331 >= -9534 @ 2842.59
c #Conflicts:     520000 | #Constraints:      97643
c bounds -3332 >= -9534 @ 2848.33
c bounds -3333 >= -9534 @ 2849.33
c bounds -3337 >= -9534 @ 2849.87
c bounds -3338 >= -9534 @ 2850.47
c bounds -3339 >= -9534 @ 2856.51
c #Conflicts:     521000 | #Constraints:      98648
c #Conflicts:     522000 | #Constraints:      99648
c #Conflicts:     523000 | #Constraints:     100648
c #Conflicts:     524000 | #Constraints:     101648
c #Conflicts:     525000 | #Constraints:     102648
c INPROCESSING
c GARBAGE COLLECT
c #Conflicts:     526000 | #Constraints:      63656
c #Conflicts:     527000 | #Constraints:      64656
c #Conflicts:     528000 | #Constraints:      65656
c #Conflicts:     529000 | #Constraints:      66656
c #Conflicts:     530000 | #Constraints:      67656
c #Conflicts:     531000 | #Constraints:      68656
c #Conflicts:     532000 | #Constraints:      69656
c #Conflicts:     533000 | #Constraints:      70656
c #Conflicts:     534000 | #Constraints:      71656
c #Conflicts:     535000 | #Constraints:      72656
c #Conflicts:     536000 | #Constraints:      73656
c #Conflicts:     537000 | #Constraints:      74656
c #Conflicts:     538000 | #Constraints:      75656
c #Conflicts:     539000 | #Constraints:      76656
c #Conflicts:     540000 | #Constraints:      77656
c #Conflicts:     541000 | #Constraints:      78656
c #Conflicts:     542000 | #Constraints:      79656
c #Conflicts:     543000 | #Constraints:      80656
c #Conflicts:     544000 | #Constraints:      81656
c #Conflicts:     545000 | #Constraints:      82656
c INPROCESSING
c GARBAGE COLLECT
c #Conflicts:     546000 | #Constraints:      62534
c #Conflicts:     547000 | #Constraints:      63534
c #Conflicts:     548000 | #Constraints:      64534
c #Conflicts:     549000 | #Constraints:      65534
c #Conflicts:     550000 | #Constraints:      66534
c #Conflicts:     551000 | #Constraints:      67534
c #Conflicts:     552000 | #Constraints:      68534
c #Conflicts:     553000 | #Constraints:      69534
c #Conflicts:     554000 | #Constraints:      70534
c #Conflicts:     555000 | #Constraints:      71534
c #Conflicts:     556000 | #Constraints:      72534
c #Conflicts:     557000 | #Constraints:      73534
c #Conflicts:     558000 | #Constraints:      74534
c #Conflicts:     559000 | #Constraints:      75534
c bounds -3339 >= -9524 @ 3051.08
c #Conflicts:     560000 | #Constraints:      76582
c #Conflicts:     561000 | #Constraints:      77582
c #Conflicts:     562000 | #Constraints:      78582
c #Conflicts:     563000 | #Constraints:      79582
c bounds -3340 >= -9524 @ 3086.66
c #Conflicts:     564000 | #Constraints:      80583
c #Conflicts:     565000 | #Constraints:      81583
c #Conflicts:     566000 | #Constraints:      82583
c #Conflicts:     567000 | #Constraints:      83583
c #Conflicts:     568000 | #Constraints:      84583
c #Conflicts:     569000 | #Constraints:      85583
c #Conflicts:     570000 | #Constraints:      86583
c #Conflicts:     571000 | #Constraints:      87583
c #Conflicts:     572000 | #Constraints:      88583
c #Conflicts:     573000 | #Constraints:      89583
c #Conflicts:     574000 | #Constraints:      90583
c #Conflicts:     575000 | #Constraints:      91583
c #Conflicts:     576000 | #Constraints:      92583
c #Conflicts:     577000 | #Constraints:      93583
c #Conflicts:     578000 | #Constraints:      94583
c #Conflicts:     579000 | #Constraints:      95583
c #Conflicts:     580000 | #Constraints:      96583
c #Conflicts:     581000 | #Constraints:      97583
c #Conflicts:     582000 | #Constraints:      98583
c #Conflicts:     583000 | #Constraints:      99583
c #Conflicts:     584000 | #Constraints:     100583
c #Conflicts:     585000 | #Constraints:     101583
c #Conflicts:     586000 | #Constraints:     102583
c #Conflicts:     587000 | #Constraints:     103583
c #Conflicts:     588000 | #Constraints:     104583
c #Conflicts:     589000 | #Constraints:     105583
c #Conflicts:     590000 | #Constraints:     106583
c #Conflicts:     591000 | #Constraints:     107583
c #Conflicts:     592000 | #Constraints:     108583
c #Conflicts:     593000 | #Constraints:     109583
c #Conflicts:     594000 | #Constraints:     110583
c #Conflicts:     595000 | #Constraints:     111583
c INPROCESSING
c GARBAGE COLLECT
c bounds -3341 >= -9524 @ 3251.51
c bounds -3342 >= -9524 @ 3251.54
c bounds -3343 >= -9524 @ 3251.59
c bounds -3344 >= -9524 @ 3252.09
c bounds -3345 >= -9524 @ 3252.75
c bounds -3346 >= -9524 @ 3252.82
c #Conflicts:     596000 | #Constraints:      68196
c #Conflicts:     597000 | #Constraints:      69196
c #Conflicts:     598000 | #Constraints:      70196
c #Conflicts:     599000 | #Constraints:      71196
c #Conflicts:     600000 | #Constraints:      72196
c #Conflicts:     601000 | #Constraints:      73196
c bounds -3347 >= -9524 @ 3300.99
c #Conflicts:     602000 | #Constraints:      74197
c #Conflicts:     603000 | #Constraints:      75197
c bounds -3349 >= -9524 @ 3325.57
c bounds -3349 >= -9516 @ 3325.57
c bounds -3349 >= -9508 @ 3325.57
c bounds -3349 >= -9500 @ 3325.57
c bounds -3349 >= -9492 @ 3325.58
c bounds -3349 >= -9484 @ 3325.58
c bounds -3349 >= -9476 @ 3325.58
c bounds -3349 >= -9468 @ 3325.58
c bounds -3349 >= -9460 @ 3325.58
c bounds -3349 >= -9452 @ 3325.58
c bounds -3349 >= -9444 @ 3325.59
c bounds -3349 >= -9436 @ 3325.59
c bounds -3349 >= -9428 @ 3325.59
c bounds -3349 >= -9420 @ 3325.59
c bounds -3349 >= -9412 @ 3325.59
c bounds -3349 >= -9404 @ 3325.59
c bounds -3349 >= -9396 @ 3325.59
c bounds -3349 >= -9388 @ 3325.59
c bounds -3349 >= -9380 @ 3325.59
c bounds -3349 >= -9372 @ 3325.59
c bounds -3349 >= -9364 @ 3325.6
c bounds -3349 >= -9356 @ 3325.6
c bounds -3349 >= -9348 @ 3325.6
c bounds -3349 >= -9340 @ 3325.61
c bounds -3349 >= -9332 @ 3325.61
c bounds -3349 >= -9324 @ 3325.61
c bounds -3349 >= -9316 @ 3325.62
c bounds -3349 >= -9308 @ 3325.63
c bounds -3349 >= -9300 @ 3325.63
c bounds -3349 >= -9292 @ 3325.64
c bounds -3349 >= -9284 @ 3325.65
c bounds -3349 >= -9276 @ 3325.65
c bounds -3349 >= -9268 @ 3325.67
c bounds -3349 >= -9260 @ 3325.68
c bounds -3349 >= -9252 @ 3325.69
c bounds -3349 >= -9244 @ 3325.73
c bounds -3349 >= -9236 @ 3325.8
c bounds -3349 >= -9228 @ 3325.97
c #Conflicts:     604000 | #Constraints:      76373
c bounds -3349 >= -9220 @ 3326.33
c #Conflicts:     605000 | #Constraints:      77394
c bounds -3349 >= -9212 @ 3327.25
c #Conflicts:     606000 | #Constraints:      78418
c bounds -3349 >= -9204 @ 3330.27
c bounds -3349 >= -9196 @ 3330.29
c #Conflicts:     607000 | #Constraints:      79425
c #Conflicts:     608000 | #Constraints:      80425
c #Conflicts:     609000 | #Constraints:      81425
c #Conflicts:     610000 | #Constraints:      82425
c bounds -3349 >= -9188 @ 3333.68
c #Conflicts:     611000 | #Constraints:      83446
c #Conflicts:     612000 | #Constraints:      84446
c bounds -3349 >= -9180 @ 3336.94
c #Conflicts:     613000 | #Constraints:      85449
c #Conflicts:     614000 | #Constraints:      86449
c #Conflicts:     615000 | #Constraints:      87449
c #Conflicts:     616000 | #Constraints:      88449
c #Conflicts:     617000 | #Constraints:      89449
c bounds -3349 >= -9172 @ 3345.29
c #Conflicts:     618000 | #Constraints:      90452
c #Conflicts:     619000 | #Constraints:      91452
c bounds -3349 >= -9164 @ 3348.88
c #Conflicts:     620000 | #Constraints:      92455
c bounds -3349 >= -9156 @ 3352.44
c bounds -3349 >= -9148 @ 3352.45
c bounds -3349 >= -9140 @ 3354.12
c #Conflicts:     621000 | #Constraints:      93473
c #Conflicts:     622000 | #Constraints:      94473
c #Conflicts:     623000 | #Constraints:      95473
c #Conflicts:     624000 | #Constraints:      96473
c #Conflicts:     625000 | #Constraints:      97473
c #Conflicts:     626000 | #Constraints:      98473
c #Conflicts:     627000 | #Constraints:      99473
c #Conflicts:     628000 | #Constraints:     100473
c #Conflicts:     629000 | #Constraints:     101473
c #Conflicts:     630000 | #Constraints:     102473
c #Conflicts:     631000 | #Constraints:     103473
c #Conflicts:     632000 | #Constraints:     104473
c #Conflicts:     633000 | #Constraints:     105473
c #Conflicts:     634000 | #Constraints:     106473
c #Conflicts:     635000 | #Constraints:     107473
c #Conflicts:     636000 | #Constraints:     108473
c #Conflicts:     637000 | #Constraints:     109473
c #Conflicts:     638000 | #Constraints:     110473
c #Conflicts:     639000 | #Constraints:     111473
c #Conflicts:     640000 | #Constraints:     112473
c #Conflicts:     641000 | #Constraints:     113473
c #Conflicts:     642000 | #Constraints:     114473
c #Conflicts:     643000 | #Constraints:     115473
c #Conflicts:     644000 | #Constraints:     116473
c #Conflicts:     645000 | #Constraints:     117473
c #Conflicts:     646000 | #Constraints:     118473
c INPROCESSING
c GARBAGE COLLECT
c #Conflicts:     647000 | #Constraints:      71375
c #Conflicts:     648000 | #Constraints:      72375
c #Conflicts:     649000 | #Constraints:      73375
c bounds -3351 >= -9140 @ 3462.11
c bounds -3352 >= -9140 @ 3462.17
c bounds -3353 >= -9140 @ 3463.69
c bounds -3354 >= -9140 @ 3466.32
c #Conflicts:     650000 | #Constraints:      74379
c #Conflicts:     651000 | #Constraints:      75379
c #Conflicts:     652000 | #Constraints:      76379
c #Conflicts:     653000 | #Constraints:      77379
c #Conflicts:     654000 | #Constraints:      78379
c #Conflicts:     655000 | #Constraints:      79379
c #Conflicts:     656000 | #Constraints:      80379
c #Conflicts:     657000 | #Constraints:      81379
c #Conflicts:     658000 | #Constraints:      82379
c #Conflicts:     659000 | #Constraints:      83379
c #Conflicts:     660000 | #Constraints:      84379
c #Conflicts:     661000 | #Constraints:      85379
c #Conflicts:     662000 | #Constraints:      86379
c #Conflicts:     663000 | #Constraints:      87379
c #Conflicts:     664000 | #Constraints:      88379
c #Conflicts:     665000 | #Constraints:      89379
c #Conflicts:     666000 | #Constraints:      90379
c #Conflicts:     667000 | #Constraints:      91379
c #Conflicts:     668000 | #Constraints:      92379
c #Conflicts:     669000 | #Constraints:      93379
c #Conflicts:     670000 | #Constraints:      94379
c #Conflicts:     671000 | #Constraints:      95379
c #Conflicts:     672000 | #Constraints:      96379
c #Conflicts:     673000 | #Constraints:      97379
c #Conflicts:     674000 | #Constraints:      98379
c #Conflicts:     675000 | #Constraints:      99379
c #Conflicts:     676000 | #Constraints:     100379
c #Conflicts:     677000 | #Constraints:     101379
c #Conflicts:     678000 | #Constraints:     102379
c #Conflicts:     679000 | #Constraints:     103379
c #Conflicts:     680000 | #Constraints:     104379
c #Conflicts:     681000 | #Constraints:     105379
c #Conflicts:     682000 | #Constraints:     106379
c #Conflicts:     683000 | #Constraints:     107379
c #Conflicts:     684000 | #Constraints:     108379
c #Conflicts:     685000 | #Constraints:     109379
c #Conflicts:     686000 | #Constraints:     110379
c #Conflicts:     687000 | #Constraints:     111379
c #Conflicts:     688000 | #Constraints:     112379
c #Conflicts:     689000 | #Constraints:     113379
c #Conflicts:     690000 | #Constraints:     114379
c #Conflicts:     691000 | #Constraints:     115379
c #Conflicts:     692000 | #Constraints:     116379
c #Conflicts:     693000 | #Constraints:     117379
c #Conflicts:     694000 | #Constraints:     118379
c bounds -3359 >= -9140 @ 7714.77
c bounds -3359 >= -9134 @ 7714.9
c bounds -3359 >= -9128 @ 7714.98
c bounds -3359 >= -9120 @ 7715
c bounds -3359 >= -9112 @ 7715.03
c bounds -3359 >= -9104 @ 7715.06
c bounds -3359 >= -9098 @ 7715.15
c bounds -3359 >= -9092 @ 7715.38
c bounds -3359 >= -9086 @ 7715.94
c #Conflicts:     695000 | #Constraints:     119485
c bounds -3359 >= -9080 @ 7717.26
c #Conflicts:     696000 | #Constraints:     120515
c bounds -3359 >= -9074 @ 7719.56
c #Conflicts:     697000 | #Constraints:     121533
c #Conflicts:     698000 | #Constraints:     122533
c #Conflicts:     699000 | #Constraints:     123533
c bounds -3359 >= -9068 @ 7727.21
c #Conflicts:     700000 | #Constraints:     124560
c INPROCESSING
c GARBAGE COLLECT
c #Conflicts:     701000 | #Constraints:      74655
c #Conflicts:     702000 | #Constraints:      75655
c bounds -3359 >= -9062 @ 7737.4
c #Conflicts:     703000 | #Constraints:      76679
c #Conflicts:     704000 | #Constraints:      77679
c bounds -3359 >= -9056 @ 7745.13
c #Conflicts:     705000 | #Constraints:      78709
c #Conflicts:     706000 | #Constraints:      79709
c #Conflicts:     707000 | #Constraints:      80709
c #Conflicts:     708000 | #Constraints:      81709
c #Conflicts:     709000 | #Constraints:      82709
c bounds -3359 >= -9050 @ 7765.75
c #Conflicts:     710000 | #Constraints:      83736
c #Conflicts:     711000 | #Constraints:      84736
c #Conflicts:     712000 | #Constraints:      85736
c #Conflicts:     713000 | #Constraints:      86736
c #Conflicts:     714000 | #Constraints:      87736
c #Conflicts:     715000 | #Constraints:      88736
c #Conflicts:     716000 | #Constraints:      89736
c bounds -3359 >= -9044 @ 7806.56
c #Conflicts:     717000 | #Constraints:      90766
c #Conflicts:     718000 | #Constraints:      91766
c #Conflicts:     719000 | #Constraints:      92766
c #Conflicts:     720000 | #Constraints:      93766
c #Conflicts:     721000 | #Constraints:      94766
c #Conflicts:     722000 | #Constraints:      95766
c #Conflicts:     723000 | #Constraints:      96766
c #Conflicts:     724000 | #Constraints:      97766
c #Conflicts:     725000 | #Constraints:      98766
c #Conflicts:     726000 | #Constraints:      99766
c #Conflicts:     727000 | #Constraints:     100766
c bounds -3359 >= -9038 @ 7887
c #Conflicts:     728000 | #Constraints:     101790
c #Conflicts:     729000 | #Constraints:     102790
c #Conflicts:     730000 | #Constraints:     103790
c #Conflicts:     731000 | #Constraints:     104790
c #Conflicts:     732000 | #Constraints:     105790
c #Conflicts:     733000 | #Constraints:     106790
c #Conflicts:     734000 | #Constraints:     107790
c #Conflicts:     735000 | #Constraints:     108790
c #Conflicts:     736000 | #Constraints:     109790
c #Conflicts:     737000 | #Constraints:     110790
c #Conflicts:     738000 | #Constraints:     111790
c #Conflicts:     739000 | #Constraints:     112790
c #Conflicts:     740000 | #Constraints:     113790
c #Conflicts:     741000 | #Constraints:     114790
c #Conflicts:     742000 | #Constraints:     115790
c #Conflicts:     743000 | #Constraints:     116790
c #Conflicts:     744000 | #Constraints:     117790
c #Conflicts:     745000 | #Constraints:     118790
c #Conflicts:     746000 | #Constraints:     119790
c #Conflicts:     747000 | #Constraints:     120790
c #Conflicts:     748000 | #Constraints:     121790
c #Conflicts:     749000 | #Constraints:     122790
c bounds -3359 >= -9032 @ 8247.11
c #Conflicts:     750000 | #Constraints:     123814
c #Conflicts:     751000 | #Constraints:     124814
c #Conflicts:     752000 | #Constraints:     125814
c #Conflicts:     753000 | #Constraints:     126814
c #Conflicts:     754000 | #Constraints:     127814
c #Conflicts:     755000 | #Constraints:     128814
c #Conflicts:     756000 | #Constraints:     129814
c INPROCESSING
c GARBAGE COLLECT
c #Conflicts:     757000 | #Constraints:      78218
c #Conflicts:     758000 | #Constraints:      79218
c #Conflicts:     759000 | #Constraints:      80218
c #Conflicts:     760000 | #Constraints:      81218
c #Conflicts:     761000 | #Constraints:      82218
c #Conflicts:     762000 | #Constraints:      83218
c #Conflicts:     763000 | #Constraints:      84218
c #Conflicts:     764000 | #Constraints:      85218
c #Conflicts:     765000 | #Constraints:      86218
c #Conflicts:     766000 | #Constraints:      87218
c #Conflicts:     767000 | #Constraints:      88218
c #Conflicts:     768000 | #Constraints:      89218
c #Conflicts:     769000 | #Constraints:      90218
c #Conflicts:     770000 | #Constraints:      91218
c #Conflicts:     771000 | #Constraints:      92218
c #Conflicts:     772000 | #Constraints:      93218
c #Conflicts:     773000 | #Constraints:      94218
c #Conflicts:     774000 | #Constraints:      95218
c #Conflicts:     775000 | #Constraints:      96218
c #Conflicts:     776000 | #Constraints:      97218
c #Conflicts:     777000 | #Constraints:      98218
c #Conflicts:     778000 | #Constraints:      99218
c #Conflicts:     779000 | #Constraints:     100218
c #Conflicts:     780000 | #Constraints:     101218
c #Conflicts:     781000 | #Constraints:     102218
c #Conflicts:     782000 | #Constraints:     103218
c #Conflicts:     783000 | #Constraints:     104218
c #Conflicts:     784000 | #Constraints:     105218
c #Conflicts:     785000 | #Constraints:     106218
c #Conflicts:     786000 | #Constraints:     107218
c #Conflicts:     787000 | #Constraints:     108218
c #Conflicts:     788000 | #Constraints:     109218
c #Conflicts:     789000 | #Constraints:     110218
c #Conflicts:     790000 | #Constraints:     111218
c #Conflicts:     791000 | #Constraints:     112218
c #Conflicts:     792000 | #Constraints:     113218
c #Conflicts:     793000 | #Constraints:     114218
c bounds -3359 >= -902