c RoundingSat 2
c branch 
c commit 
c #variables 15360 #constraints 20790
c bounds - >= -39600 @ 0.105203
c bounds 0 >= -39600 @ 0.118127
c bounds 0 >= -39536 @ 0.119859
c bounds 0 >= -39472 @ 0.120878
c bounds 0 >= -39408 @ 0.121913
c bounds 0 >= -39344 @ 0.122942
c bounds 0 >= -39280 @ 0.123969
c bounds 0 >= -39216 @ 0.125369
c bounds 0 >= -39152 @ 0.126356
c bounds 0 >= -39088 @ 0.127356
c bounds 0 >= -39024 @ 0.128352
c bounds 0 >= -38960 @ 0.129348
c bounds 0 >= -38896 @ 0.130344
c bounds 0 >= -38832 @ 0.131341
c bounds 0 >= -38768 @ 0.132341
c bounds 0 >= -38704 @ 0.133343
c bounds 0 >= -38640 @ 0.134339
c bounds 0 >= -38576 @ 0.135335
c bounds 0 >= -38512 @ 0.136332
c bounds 0 >= -38448 @ 0.137325
c bounds 0 >= -38384 @ 0.138321
c bounds 0 >= -38320 @ 0.139316
c bounds 0 >= -38256 @ 0.14031
c bounds 0 >= -38192 @ 0.141318
c bounds 0 >= -38128 @ 0.142316
c bounds 0 >= -38064 @ 0.143314
c bounds 0 >= -38000 @ 0.144313
c bounds 0 >= -37936 @ 0.144395
c bounds 0 >= -37872 @ 0.145324
c bounds 0 >= -37808 @ 0.146321
c bounds 0 >= -37744 @ 0.147321
c bounds 0 >= -37680 @ 0.148318
c bounds 0 >= -37616 @ 0.149316
c bounds 0 >= -37552 @ 0.150311
c bounds 0 >= -37488 @ 0.151303
c bounds 0 >= -37424 @ 0.151385
c bounds 0 >= -37360 @ 0.152303
c bounds 0 >= -37296 @ 0.153323
c bounds 0 >= -37232 @ 0.154365
c bounds 0 >= -37168 @ 0.155398
c bounds 0 >= -37104 @ 0.156431
c bounds 0 >= -37040 @ 0.157476
c bounds 0 >= -36976 @ 0.158511
c bounds 0 >= -36912 @ 0.159545
c bounds 0 >= -36848 @ 0.16058
c bounds 0 >= -36784 @ 0.161622
c bounds 0 >= -36720 @ 0.162655
c bounds 0 >= -36656 @ 0.16369
c bounds 0 >= -36592 @ 0.164723
c bounds 0 >= -36528 @ 0.165767
c bounds 0 >= -36464 @ 0.166802
c bounds 0 >= -36400 @ 0.167847
c bounds 0 >= -36336 @ 0.168895
c bounds 0 >= -36272 @ 0.169937
c bounds 0 >= -36208 @ 0.170973
c bounds 0 >= -36144 @ 0.172008
c bounds 0 >= -36080 @ 0.173047
c bounds 0 >= -36016 @ 0.174083
c bounds 0 >= -35952 @ 0.175114
c bounds 0 >= -35888 @ 0.17615
c bounds 0 >= -35824 @ 0.177191
c bounds 0 >= -35760 @ 0.178226
c bounds 0 >= -35696 @ 0.17926
c bounds 0 >= -35632 @ 0.180296
c bounds 0 >= -35568 @ 0.181348
c bounds 0 >= -35504 @ 0.182391
c bounds 0 >= -35440 @ 0.182603
c bounds 0 >= -35376 @ 0.183622
c bounds 0 >= -35312 @ 0.18465
c bounds 0 >= -35248 @ 0.185678
c bounds 0 >= -35184 @ 0.186705
c bounds 0 >= -35120 @ 0.187738
c bounds 0 >= -35056 @ 0.188765
c bounds 0 >= -34992 @ 0.189798
c bounds 0 >= -34928 @ 0.190827
c bounds 0 >= -34864 @ 0.191861
c bounds 0 >= -34800 @ 0.192898
c bounds 0 >= -34736 @ 0.193924
c bounds 0 >= -34672 @ 0.194947
c bounds 0 >= -34608 @ 0.195979
c bounds 0 >= -34544 @ 0.19701
c bounds 0 >= -34480 @ 0.19804
c bounds 0 >= -34416 @ 0.199071
c bounds 0 >= -34352 @ 0.200103
c bounds 0 >= -34288 @ 0.201132
c bounds 0 >= -34224 @ 0.202163
c bounds 0 >= -34160 @ 0.203201
c bounds 0 >= -34096 @ 0.204236
c bounds 0 >= -34032 @ 0.205265
c bounds 0 >= -33968 @ 0.206301
c bounds 0 >= -33904 @ 0.206484
c bounds 0 >= -33840 @ 0.207498
c bounds 0 >= -33776 @ 0.208534
c bounds 0 >= -33712 @ 0.209562
c bounds 0 >= -33648 @ 0.210598
c bounds 0 >= -33584 @ 0.211623
c bounds 0 >= -33520 @ 0.212652
c bounds 0 >= -33456 @ 0.213683
c bounds 0 >= -33392 @ 0.215071
c bounds 0 >= -33328 @ 0.216043
c bounds 0 >= -33264 @ 0.217034
c bounds 0 >= -33200 @ 0.218026
c bounds 0 >= -33136 @ 0.219018
c bounds 0 >= -33072 @ 0.22001
c bounds 0 >= -33008 @ 0.221005
c bounds 0 >= -32944 @ 0.221996
c bounds 0 >= -32880 @ 0.222984
c bounds 0 >= -32816 @ 0.223973
c bounds 0 >= -32752 @ 0.22496
c bounds 0 >= -32688 @ 0.225949
c bounds 0 >= -32624 @ 0.226942
c bounds 0 >= -32560 @ 0.227931
c bounds 0 >= -32496 @ 0.228919
c bounds 0 >= -32432 @ 0.229911
c bounds 0 >= -32368 @ 0.230902
c bounds 0 >= -32304 @ 0.231891
c bounds 0 >= -32240 @ 0.23288
c bounds 0 >= -32176 @ 0.233867
c bounds 0 >= -32112 @ 0.234858
c bounds 0 >= -32048 @ 0.235848
c bounds 0 >= -31984 @ 0.236845
c bounds 0 >= -31920 @ 0.237834
c bounds 0 >= -31856 @ 0.23883
c bounds 0 >= -31792 @ 0.239822
c bounds 0 >= -31728 @ 0.240826
c bounds 0 >= -31664 @ 0.241818
c bounds 0 >= -31600 @ 0.242812
c bounds 0 >= -31536 @ 0.243807
c bounds 0 >= -31472 @ 0.244845
c bounds 0 >= -31408 @ 0.2459
c bounds 0 >= -31344 @ 0.24693
c bounds 0 >= -31280 @ 0.247966
c bounds 0 >= -31216 @ 0.248997
c bounds 0 >= -31152 @ 0.24907
c bounds 0 >= -31088 @ 0.250078
c bounds 0 >= -31024 @ 0.251115
c bounds 0 >= -30960 @ 0.25214
c bounds 0 >= -30896 @ 0.253166
c bounds 0 >= -30832 @ 0.253318
c bounds 0 >= -30768 @ 0.254336
c bounds 0 >= -30704 @ 0.255359
c bounds 0 >= -30640 @ 0.256382
c bounds 0 >= -30576 @ 0.25741
c bounds 0 >= -30512 @ 0.258432
c bounds 0 >= -30448 @ 0.259456
c bounds 0 >= -30384 @ 0.260481
c bounds 0 >= -30320 @ 0.261512
c bounds 0 >= -30256 @ 0.26253
c bounds 0 >= -30192 @ 0.263556
c bounds 0 >= -30128 @ 0.26458
c bounds 0 >= -30064 @ 0.26561
c bounds 0 >= -30000 @ 0.266633
c bounds 0 >= -29936 @ 0.267654
c bounds 0 >= -29872 @ 0.268685
c bounds 0 >= -29808 @ 0.269713
c bounds 0 >= -29744 @ 0.270735
c bounds 0 >= -29680 @ 0.271759
c bounds 0 >= -29616 @ 0.272793
c bounds 0 >= -29552 @ 0.273347
c bounds 0 >= -29488 @ 0.27432
c bounds 0 >= -29424 @ 0.27532
c bounds 0 >= -29360 @ 0.276316
c bounds 0 >= -29296 @ 0.277315
c bounds 0 >= -29232 @ 0.278313
c bounds 0 >= -29168 @ 0.279312
c bounds 0 >= -29104 @ 0.280314
c bounds 0 >= -29040 @ 0.281325
c bounds 0 >= -28976 @ 0.28233
c bounds 0 >= -28912 @ 0.283332
c bounds 0 >= -28848 @ 0.284335
c bounds 0 >= -28784 @ 0.285339
c bounds 0 >= -28720 @ 0.286342
c bounds 0 >= -28656 @ 0.287342
c bounds 0 >= -28592 @ 0.288339
c bounds 0 >= -28528 @ 0.289338
c bounds 0 >= -28464 @ 0.290337
c bounds 0 >= -28400 @ 0.291343
c bounds 0 >= -28336 @ 0.292347
c bounds 0 >= -28272 @ 0.293344
c bounds 0 >= -28208 @ 0.294346
c bounds 0 >= -28144 @ 0.295348
c bounds 0 >= -28080 @ 0.296342
c bounds 0 >= -28016 @ 0.297342
c bounds 0 >= -27952 @ 0.298343
c bounds 0 >= -27888 @ 0.299338
c bounds 0 >= -27824 @ 0.300342
c bounds 0 >= -27760 @ 0.30134
c bounds 0 >= -27696 @ 0.302342
c bounds 0 >= -27632 @ 0.303342
c bounds 0 >= -27568 @ 0.304755
c bounds 0 >= -27504 @ 0.305729
c bounds 0 >= -27440 @ 0.306711
c bounds 0 >= -27376 @ 0.307694
c bounds 0 >= -27312 @ 0.308681
c bounds 0 >= -27248 @ 0.30967
c bounds 0 >= -27184 @ 0.310651
c bounds 0 >= -27120 @ 0.311638
c bounds 0 >= -27056 @ 0.312625
c bounds 0 >= -26992 @ 0.313614
c bounds 0 >= -26928 @ 0.314596
c bounds 0 >= -26864 @ 0.315582
c bounds 0 >= -26800 @ 0.316568
c bounds 0 >= -26736 @ 0.317557
c bounds 0 >= -26672 @ 0.318549
c bounds 0 >= -26608 @ 0.319537
c bounds 0 >= -26544 @ 0.320519
c bounds 0 >= -26480 @ 0.32151
c bounds 0 >= -26416 @ 0.322496
c bounds 0 >= -26352 @ 0.323481
c bounds 0 >= -26288 @ 0.324468
c bounds 0 >= -26224 @ 0.32545
c bounds 0 >= -26160 @ 0.32643
c bounds 0 >= -26096 @ 0.327412
c bounds 0 >= -26032 @ 0.328401
c bounds 0 >= -25968 @ 0.329385
c bounds 0 >= -25904 @ 0.330371
c bounds 0 >= -25840 @ 0.331356
c bounds 0 >= -25776 @ 0.332337
c bounds 0 >= -25712 @ 0.33332
c bounds 0 >= -25648 @ 0.334751
c bounds 0 >= -25584 @ 0.335733
c bounds 0 >= -25520 @ 0.336714
c bounds 0 >= -25456 @ 0.337695
c bounds 0 >= -25392 @ 0.338676
c bounds 0 >= -25328 @ 0.339658
c bounds 0 >= -25264 @ 0.34064
c bounds 0 >= -25200 @ 0.341618
c bounds 0 >= -25136 @ 0.342597
c bounds 0 >= -25072 @ 0.343576
c bounds 0 >= -25008 @ 0.344554
c bounds 0 >= -24944 @ 0.345537
c bounds 0 >= -24880 @ 0.346524
c bounds 0 >= -24816 @ 0.347514
c bounds 0 >= -24752 @ 0.348503
c bounds 0 >= -24688 @ 0.349489
c bounds 0 >= -24624 @ 0.350476
c bounds 0 >= -24560 @ 0.351455
c bounds 0 >= -24496 @ 0.352441
c bounds 0 >= -24432 @ 0.353423
c bounds 0 >= -24368 @ 0.354411
c bounds 0 >= -24304 @ 0.355392
c bounds 0 >= -24240 @ 0.356373
c bounds 0 >= -24176 @ 0.357354
c bounds 0 >= -24112 @ 0.358336
c bounds 0 >= -24048 @ 0.359322
c bounds 0 >= -23984 @ 0.360305
c bounds 0 >= -23920 @ 0.361288
c bounds 0 >= -23856 @ 0.362293
c bounds 0 >= -23792 @ 0.36328
c bounds 0 >= -23728 @ 0.364277
c bounds 0 >= -23664 @ 0.365296
c bounds 0 >= -23600 @ 0.366316
c bounds 0 >= -23536 @ 0.367341
c bounds 0 >= -23472 @ 0.368362
c bounds 0 >= -23408 @ 0.369383
c bounds 0 >= -23344 @ 0.370402
c bounds 0 >= -23280 @ 0.371431
c bounds 0 >= -23216 @ 0.372459
c bounds 0 >= -23152 @ 0.373478
c bounds 0 >= -23088 @ 0.374506
c bounds 0 >= -23024 @ 0.375527
c bounds 0 >= -22960 @ 0.376547
c bounds 0 >= -22896 @ 0.377563
c bounds 0 >= -22832 @ 0.378582
c bounds 0 >= -22768 @ 0.37961
c bounds 0 >= -22704 @ 0.380624
c bounds -9 >= -22704 @ 0.39192
c bounds -18 >= -22704 @ 0.40262
c bounds -6336 >= -22704 @ 0.424878
c bounds -6337 >= -22704 @ 0.430048
c bounds -6338 >= -22704 @ 0.441979
c #Conflicts:       1000 | #Constraints:      22587
c #Conflicts:       2000 | #Constraints:      23587
c INPROCESSING
c GARBAGE COLLECT
c bounds -6339 >= -22704 @ 11.5343
c bounds -6340 >= -22704 @ 11.6379
c bounds -6341 >= -22704 @ 11.7219
c bounds -6342 >= -22704 @ 11.8545
c bounds -6343 >= -22704 @ 11.9443
c bounds -6344 >= -22704 @ 12.2511
c bounds -6345 >= -22704 @ 12.4751
c bounds -6346 >= -22704 @ 15.0151
c bounds -6347 >= -22704 @ 15.5544
c #Conflicts:       3000 | #Constraints:      15024
c #Conflicts:       4000 | #Constraints:      16024
c INPROCESSING
c GARBAGE COLLECT
c #Conflicts:       5000 | #Constraints:      15439
c #Conflicts:       6000 | #Constraints:      16439
c INPROCESSING
c GARBAGE COLLECT
c bounds -6348 >= -22704 @ 38.4675
c bounds -6349 >= -22704 @ 38.5717
c bounds -6350 >= -22704 @ 38.7327
c bounds -6351 >= -22704 @ 38.9715
c bounds -6352 >= -22704 @ 39.1071
c bounds -6353 >= -22704 @ 39.4947
c bounds -6354 >= -22704 @ 39.574
c bounds -6355 >= -22704 @ 39.6586
c bounds -6356 >= -22704 @ 39.7868
c bounds -6357 >= -22704 @ 39.876
c bounds -6358 >= -22704 @ 40.0114
c bounds -6359 >= -22704 @ 40.1238
c bounds -6360 >= -22704 @ 40.2987
c bounds -6361 >= -22704 @ 40.5929
c bounds -6362 >= -22704 @ 40.7533
c bounds -6363 >= -22704 @ 41.2541
c bounds -6364 >= -22704 @ 41.3393
c bounds -6365 >= -22704 @ 41.4566
c bounds -6366 >= -22704 @ 41.6515
c #Conflicts:       7000 | #Constraints:      15489
c bounds -6367 >= -22704 @ 46.3682
c bounds -6368 >= -22704 @ 47.4976
c #Conflicts:       8000 | #Constraints:      16491
c bounds -6369 >= -22704 @ 50.1085
c bounds -6370 >= -22704 @ 51.3657
c bounds -6370 >= -22688 @ 51.3683
c bounds -6370 >= -22672 @ 51.3704
c bounds -6370 >= -22656 @ 51.3715
c bounds -6370 >= -22640 @ 51.3726
c bounds -6370 >= -22624 @ 51.3746
c bounds -6370 >= -22608 @ 51.3768
c bounds -6370 >= -22592 @ 51.3788
c bounds -6370 >= -22576 @ 51.3809
c bounds -6370 >= -22560 @ 51.382
c bounds -6370 >= -22544 @ 51.384
c bounds -6370 >= -22528 @ 51.3861
c bounds -6370 >= -22512 @ 51.3881
c bounds -6370 >= -22496 @ 51.3902
c bounds -6370 >= -22480 @ 51.3923
c bounds -6370 >= -22464 @ 51.3934
c bounds -6370 >= -22448 @ 51.3944
c bounds -6370 >= -22432 @ 51.3955
c bounds -6370 >= -22416 @ 51.3976
c bounds -6370 >= -22400 @ 51.3996
c bounds -6370 >= -22384 @ 51.4017
c bounds -6370 >= -22368 @ 51.4028
c bounds -6370 >= -22352 @ 51.4049
c bounds -6370 >= -22336 @ 51.407
c bounds -6370 >= -22320 @ 51.409
c bounds -6370 >= -22304 @ 51.4111
c bounds -6370 >= -22288 @ 51.4131
c bounds -6370 >= -22272 @ 51.4142
c bounds -6370 >= -22256 @ 51.4163
c bounds -6370 >= -22240 @ 51.4174
c bounds -6370 >= -22224 @ 51.4194
c bounds -6370 >= -22208 @ 51.4215
c bounds -6370 >= -22192 @ 51.4226
c bounds -6370 >= -22176 @ 51.4236
c bounds -6370 >= -22160 @ 51.4257
c bounds -6370 >= -22144 @ 51.4268
c bounds -6370 >= -22128 @ 51.4288
c bounds -6370 >= -22112 @ 51.4309
c bounds -6370 >= -22096 @ 51.4329
c bounds -6370 >= -22080 @ 51.435
c bounds -6370 >= -22064 @ 51.437
c bounds -6370 >= -22048 @ 51.4391
c bounds -6370 >= -22032 @ 51.4412
c bounds -6370 >= -22016 @ 51.4423
c bounds -6370 >= -22000 @ 51.4433
c bounds -6370 >= -21984 @ 51.4454
c bounds -6370 >= -21968 @ 51.4465
c bounds -6370 >= -21952 @ 51.4485
c bounds -6370 >= -21936 @ 51.4496
c bounds -6370 >= -21920 @ 51.4507
c bounds -6370 >= -21904 @ 51.4528
c bounds -6370 >= -21888 @ 51.4548
c bounds -6370 >= -21872 @ 51.4569
c bounds -6370 >= -21856 @ 51.459
c bounds -6370 >= -21840 @ 51.4601
c bounds -6370 >= -21824 @ 51.4622
c bounds -6370 >= -21808 @ 51.4643
c bounds -6370 >= -21792 @ 51.4664
c bounds -6370 >= -21776 @ 51.4675
c bounds -6370 >= -21760 @ 51.4685
c bounds -6370 >= -21744 @ 51.4696
c bounds -6370 >= -21728 @ 51.4717
c bounds -6370 >= -21712 @ 51.4737
c bounds -6370 >= -21696 @ 51.4758
c bounds -6370 >= -21680 @ 51.4778
c bounds -6370 >= -21664 @ 51.4799
c bounds -6370 >= -21648 @ 51.482
c bounds -6370 >= -21632 @ 51.484
c bounds -6370 >= -21616 @ 51.4851
c bounds -6370 >= -21600 @ 51.4862
c bounds -6370 >= -21584 @ 51.4872
c bounds -6370 >= -21568 @ 51.4883
c bounds -6370 >= -21552 @ 51.4893
c bounds -6370 >= -21536 @ 51.4914
c bounds -6370 >= -21520 @ 51.4925
c bounds -6370 >= -21504 @ 51.4945
c bounds -6370 >= -21488 @ 51.4966
c bounds -6370 >= -21472 @ 51.4987
c bounds -6370 >= -21456 @ 51.5007
c bounds -6370 >= -21440 @ 51.5028
c bounds -6370 >= -21424 @ 51.5049
c bounds -6370 >= -21408 @ 51.506
c bounds -6370 >= -21392 @ 51.508
c bounds -6370 >= -21376 @ 51.5091
c bounds -6370 >= -21360 @ 51.5112
c bounds -6370 >= -21344 @ 51.5123
c bounds -6370 >= -21328 @ 51.5134
c bounds -6370 >= -21312 @ 51.5144
c bounds -6370 >= -21296 @ 51.5165
c bounds -6370 >= -21280 @ 51.5186
c bounds -6370 >= -21264 @ 51.5206
c bounds -6370 >= -21248 @ 51.5227
c bounds -6370 >= -21232 @ 51.5247
c bounds -6370 >= -21216 @ 51.5258
c bounds -6370 >= -21200 @ 51.5269
c bounds -6370 >= -21184 @ 51.5289
c bounds -6370 >= -21168 @ 51.53
c bounds -6370 >= -21152 @ 51.5321
c bounds -6370 >= -21136 @ 51.5331
c bounds -6370 >= -21120 @ 51.5342
c bounds -6370 >= -21104 @ 51.5363
c bounds -6370 >= -21088 @ 51.5383
c bounds -6370 >= -21072 @ 51.5404
c bounds -6370 >= -21056 @ 51.5424
c bounds -6370 >= -21040 @ 51.5436
c bounds -6370 >= -21024 @ 51.5456
c bounds -6370 >= -21008 @ 51.5476
c bounds -6370 >= -20992 @ 51.5487
c bounds -6370 >= -20976 @ 51.5509
c bounds -6370 >= -20960 @ 51.552
c bounds -6370 >= -20944 @ 51.554
c bounds -6370 >= -20928 @ 51.5561
c bounds -6370 >= -20912 @ 51.5582
c bounds -6370 >= -20896 @ 51.5602
c bounds -6370 >= -20880 @ 51.5623
c bounds -6370 >= -20864 @ 51.5644
c bounds -6370 >= -20848 @ 51.5664
c bounds -6370 >= -20832 @ 51.5685
c bounds -6370 >= -20816 @ 51.5706
c bounds -6370 >= -20800 @ 51.5727
c bounds -6370 >= -20784 @ 51.5748
c bounds -6370 >= -20768 @ 51.5769
c bounds -6370 >= -20752 @ 51.579
c bounds -6370 >= -20736 @ 51.5811
c bounds -6370 >= -20720 @ 51.5822
c bounds -6370 >= -20704 @ 51.5842
c bounds -6370 >= -20688 @ 51.5863
c bounds -6370 >= -20672 @ 51.5884
c bounds -6370 >= -20656 @ 51.5904
c bounds -6370 >= -20640 @ 51.5925
c bounds -6370 >= -20624 @ 51.5945
c bounds -6370 >= -20608 @ 51.5966
c bounds -6370 >= -20592 @ 51.5977
c bounds -6370 >= -20576 @ 51.5988
c bounds -6370 >= -20560 @ 51.6008
c bounds -6370 >= -20544 @ 51.6029
c bounds -6370 >= -20528 @ 51.604
c bounds -6370 >= -20512 @ 51.605
c bounds -6370 >= -20496 @ 51.6061
c bounds -6370 >= -20480 @ 51.6082
c bounds -6370 >= -20464 @ 51.6102
c bounds -6370 >= -20448 @ 51.6123
c bounds -6370 >= -20432 @ 51.6143
c bounds -6370 >= -20416 @ 51.6164
c bounds -6370 >= -20400 @ 51.6184
c bounds -6370 >= -20384 @ 51.6195
c bounds -6370 >= -20368 @ 51.6216
c bounds -6370 >= -20352 @ 51.6236
c bounds -6370 >= -20336 @ 51.6247
c bounds -6370 >= -20320 @ 51.6258
c bounds -6370 >= -20304 @ 51.6278
c bounds -6370 >= -20288 @ 51.6299
c bounds -6370 >= -20272 @ 51.632
c bounds -6370 >= -20256 @ 51.6341
c bounds -6370 >= -20240 @ 51.6361
c bounds -6370 >= -20224 @ 51.6382
c bounds -6370 >= -20208 @ 51.6393
c bounds -6370 >= -20192 @ 51.6414
c bounds -6370 >= -20176 @ 51.6434
c bounds -6370 >= -20160 @ 51.6455
c bounds -6370 >= -20144 @ 51.6466
c bounds -6370 >= -20128 @ 51.6477
c bounds -6370 >= -20112 @ 51.6497
c bounds -6370 >= -20096 @ 51.6508
c bounds -6370 >= -20080 @ 51.6519
c bounds -6370 >= -20064 @ 51.6539
c bounds -6370 >= -20048 @ 51.656
c bounds -6370 >= -20032 @ 51.658
c bounds -6370 >= -20016 @ 51.6601
c bounds -6370 >= -20000 @ 51.6621
c bounds -6370 >= -19984 @ 51.6643
c bounds -6370 >= -19968 @ 51.6654
c bounds -6370 >= -19952 @ 51.6664
c bounds -6370 >= -19936 @ 51.6675
c bounds -6370 >= -19920 @ 51.6695
c bounds -6370 >= -19904 @ 51.6706
c bounds -6370 >= -19888 @ 51.6717
c bounds -6370 >= -19872 @ 51.6727
c bounds -6370 >= -19856 @ 51.6748
c bounds -6370 >= -19840 @ 51.6758
c bounds -6370 >= -19824 @ 51.6779
c bounds -6370 >= -19808 @ 51.6799
c bounds -6370 >= -19792 @ 51.682
c bounds -6370 >= -19776 @ 51.6841
c bounds -6370 >= -19760 @ 51.6861
c bounds -6370 >= -19744 @ 51.6872
c bounds -6370 >= -19728 @ 51.6893
c bounds -6370 >= -19712 @ 51.6904
c bounds -6370 >= -19696 @ 51.6915
c bounds -6370 >= -19680 @ 51.6936
c bounds -6370 >= -19664 @ 51.6947
c bounds -6370 >= -19648 @ 51.6967
c bounds -6370 >= -19632 @ 51.6988
c bounds -6370 >= -19616 @ 51.7009
c bounds -6370 >= -19600 @ 51.7029
c bounds -6370 >= -19584 @ 51.705
c bounds -6370 >= -19568 @ 51.7071
c bounds -6370 >= -19552 @ 51.7082
c bounds -6370 >= -19536 @ 51.7102
c bounds -6370 >= -19520 @ 51.7123
c bounds -6370 >= -19504 @ 51.7134
c bounds -6370 >= -19488 @ 51.7144
c bounds -6370 >= -19472 @ 51.7165
c bounds -6370 >= -19456 @ 51.7186
c bounds -6370 >= -19440 @ 51.7196
c bounds -6370 >= -19424 @ 51.7207
c bounds -6370 >= -19408 @ 51.7228
c bounds -6370 >= -19392 @ 51.7248
c bounds -6370 >= -19376 @ 51.7269
c bounds -6370 >= -19360 @ 51.7289
c bounds -6370 >= -19344 @ 51.73
c bounds -6370 >= -19328 @ 51.7321
c bounds -6370 >= -19312 @ 51.7341
c bounds -6370 >= -19296 @ 51.7362
c bounds -6370 >= -19280 @ 51.7373
c bounds -6370 >= -19264 @ 51.7393
c bounds -6370 >= -19248 @ 51.7404
c bounds -6370 >= -19232 @ 51.7415
c bounds -6370 >= -19216 @ 51.7435
c bounds -6370 >= -19200 @ 51.7446
c bounds -6370 >= -19184 @ 51.7466
c bounds -6370 >= -19168 @ 51.7487
c bounds -6370 >= -19152 @ 51.7507
c bounds -6370 >= -19136 @ 51.7528
c bounds -6370 >= -19120 @ 51.7549
c bounds -6370 >= -19104 @ 51.756
c bounds -6370 >= -19088 @ 51.757
c bounds -6370 >= -19072 @ 51.7591
c bounds -6370 >= -19056 @ 51.7611
c bounds -6370 >= -19040 @ 51.7632
c bounds -6370 >= -19024 @ 51.7653
c bounds -6370 >= -19008 @ 51.7673
c bounds -6370 >= -18992 @ 51.7695
c bounds -6370 >= -18976 @ 51.7715
c bounds -6370 >= -18960 @ 51.7736
c bounds -6370 >= -18944 @ 51.7757
c bounds -6370 >= -18928 @ 51.7777
c bounds -6370 >= -18912 @ 51.7789
c bounds -6370 >= -18896 @ 51.7809
c bounds -6370 >= -18880 @ 51.782
c bounds -6370 >= -18864 @ 51.783
c bounds -6370 >= -18848 @ 51.7851
c bounds -6370 >= -18832 @ 51.7872
c bounds -6370 >= -18816 @ 51.7892
c bounds -6370 >= -18800 @ 51.7913
c bounds -6370 >= -18784 @ 51.7935
c bounds -6370 >= -18768 @ 51.7956
c bounds -6370 >= -18752 @ 51.7977
c bounds -6370 >= -18736 @ 51.7998
c bounds -6370 >= -18720 @ 51.8009
c bounds -6370 >= -18704 @ 51.8019
c bounds -6370 >= -18688 @ 51.804
c bounds -6370 >= -18672 @ 51.8051
c bounds -6370 >= -18656 @ 51.8062
c bounds -6370 >= -18640 @ 51.8072
c bounds -6370 >= -18624 @ 51.8093
c bounds -6370 >= -18608 @ 51.8114
c bounds -6370 >= -18592 @ 51.8134
c bounds -6370 >= -18576 @ 51.8155
c bounds -6370 >= -18560 @ 51.8175
c bounds -6370 >= -18544 @ 51.8196
c bounds -6370 >= -18528 @ 51.8207
c bounds -6370 >= -18512 @ 51.8218
c bounds -6370 >= -18496 @ 51.8229
c bounds -6370 >= -18480 @ 51.824
c bounds -6370 >= -18464 @ 51.828
c bounds -6370 >= -18448 @ 51.8301
c bounds -6370 >= -18432 @ 51.8331
c bounds -6370 >= -18416 @ 51.8352
c bounds -6370 >= -18400 @ 51.8392
c bounds -6370 >= -18384 @ 51.8413
c bounds -6370 >= -18368 @ 51.8453
c bounds -6370 >= -18352 @ 51.8484
c bounds -6370 >= -18336 @ 51.8514
c bounds -6370 >= -18320 @ 51.8555
c bounds -6370 >= -18304 @ 51.8586
c bounds -6370 >= -18288 @ 51.8606
c bounds -6370 >= -18272 @ 51.8636
c bounds -6370 >= -18256 @ 51.8667
c bounds -6370 >= -18240 @ 51.8707
c bounds -6370 >= -18224 @ 51.8728
c bounds -6370 >= -18208 @ 51.8758
c bounds -6370 >= -18192 @ 51.8798
c bounds -6370 >= -18176 @ 51.8829
c bounds -6370 >= -18160 @ 51.8859
c bounds -6370 >= -18144 @ 51.8879
c bounds -6370 >= -18128 @ 51.891
c bounds -6370 >= -18112 @ 51.893
c bounds -6370 >= -18096 @ 51.895
c bounds -6370 >= -18080 @ 51.898
c bounds -6370 >= -18064 @ 51.9022
c bounds -6370 >= -18048 @ 51.9052
c bounds -6370 >= -18032 @ 51.9083
c bounds -6370 >= -18016 @ 51.9103
c bounds -6370 >= -18000 @ 51.9134
c bounds -6370 >= -17984 @ 51.9165
c bounds -6370 >= -17968 @ 51.9205
c bounds -6370 >= -17952 @ 51.9235
c bounds -6370 >= -17936 @ 51.9256
c bounds -6370 >= -17920 @ 51.9266
c bounds -6370 >= -17904 @ 51.9286
c bounds -6370 >= -17888 @ 51.9306
c bounds -6370 >= -17872 @ 51.9336
c bounds -6370 >= -17856 @ 51.9367
c bounds -6370 >= -17840 @ 51.9387
c bounds -6370 >= -17824 @ 51.9407
c bounds -6370 >= -17808 @ 51.9428
c bounds -6370 >= -17792 @ 51.9448
c bounds -6370 >= -17776 @ 51.9488
c bounds -6370 >= -17760 @ 51.9519
c bounds -6370 >= -17744 @ 51.9559
c bounds -6370 >= -17728 @ 51.9579
c bounds -6370 >= -17712 @ 51.9619
c bounds -6370 >= -17696 @ 51.9639
c bounds -6370 >= -17680 @ 51.9669
c bounds -6370 >= -17664 @ 51.9699
c bounds -6370 >= -17648 @ 51.972
c bounds -6370 >= -17632 @ 51.976
c bounds -6370 >= -17616 @ 51.98
c bounds -6370 >= -17600 @ 51.9832
c bounds -6370 >= -17584 @ 51.9853
c bounds -6370 >= -17568 @ 51.9873
c bounds -6370 >= -17552 @ 51.9903
c bounds -6370 >= -17536 @ 51.9934
c bounds -6370 >= -17520 @ 51.9964
c bounds -6370 >= -17504 @ 51.9985
c bounds -6370 >= -17488 @ 52.0005
c bounds -6370 >= -17472 @ 52.0016
c bounds -6370 >= -17456 @ 52.0036
c bounds -6370 >= -17440 @ 52.0067
c bounds -6370 >= -17424 @ 52.0097
c bounds -6370 >= -17408 @ 52.0118
c bounds -6370 >= -17392 @ 52.0158
c bounds -6370 >= -17376 @ 52.0188
c bounds -6370 >= -17360 @ 52.0228
c bounds -6370 >= -17344 @ 52.0249
c bounds -6370 >= -17328 @ 52.0279
c bounds -6370 >= -17312 @ 52.031
c bounds -6370 >= -17296 @ 52.034
c bounds -6370 >= -17280 @ 52.035
c bounds -6370 >= -17264 @ 52.037
c bounds -6370 >= -17248 @ 52.0381
c bounds -6370 >= -17232 @ 52.0401
c bounds -6370 >= -17216 @ 52.0431
c bounds -6370 >= -17200 @ 52.0442
c bounds -6370 >= -17184 @ 52.0472
c bounds -6370 >= -17168 @ 52.0482
c bounds -6370 >= -17152 @ 52.0513
c bounds -6370 >= -17136 @ 52.0543
c bounds -6370 >= -17120 @ 52.0563
c bounds -6370 >= -17104 @ 52.0594
c bounds -6370 >= -17088 @ 52.0604
c bounds -6370 >= -17072 @ 52.0645
c bounds -6370 >= -17056 @ 52.0685
c bounds -6370 >= -17040 @ 52.0705
c bounds -6370 >= -17024 @ 52.0746
c bounds -6370 >= -17008 @ 52.0766
c bounds -6370 >= -16992 @ 52.0807
c bounds -6370 >= -16976 @ 52.0837
c bounds -6370 >= -16960 @ 52.0877
c bounds -6370 >= -16944 @ 52.0908
c bounds -6370 >= -16928 @ 52.0948
c bounds -6370 >= -16912 @ 52.0969
c bounds -6370 >= -16896 @ 52.0999
c bounds -6370 >= -16880 @ 52.1038
c bounds -6370 >= -16864 @ 52.1059
c bounds -6370 >= -16848 @ 52.1089
c bounds -6370 >= -16832 @ 52.111
c bounds -6370 >= -16816 @ 52.1139
c bounds -6370 >= -16800 @ 52.116
c bounds -6370 >= -16784 @ 52.118
c bounds -6370 >= -16768 @ 52.1201
c bounds -6370 >= -16752 @ 52.1212
c bounds -6370 >= -16736 @ 52.1232
c bounds -6370 >= -16720 @ 52.1262
c bounds -6370 >= -16704 @ 52.1293
c bounds -6370 >= -16688 @ 52.1324
c bounds -6370 >= -16672 @ 52.1344
c bounds -6370 >= -16656 @ 52.1375
c bounds -6370 >= -16640 @ 52.1405
c bounds -6370 >= -16624 @ 52.1426
c bounds -6370 >= -16608 @ 52.1446
c bounds -6370 >= -16592 @ 52.1467
c bounds -6370 >= -16576 @ 52.1487
c bounds -6370 >= -16560 @ 52.1507
c bounds -6370 >= -16544 @ 52.1527
c bounds -6370 >= -16528 @ 52.1569
c bounds -6370 >= -16512 @ 52.1589
c bounds -6370 >= -16496 @ 52.1609
c bounds -6370 >= -16480 @ 52.1639
c bounds -6370 >= -16464 @ 52.166
c bounds -6370 >= -16448 @ 52.1681
c bounds -6370 >= -16432 @ 52.1721
c bounds -6370 >= -16416 @ 52.1752
c bounds -6370 >= -16400 @ 52.1782
c bounds -6370 >= -16384 @ 52.1803
c bounds -6370 >= -16368 @ 52.1843
c bounds -6370 >= -16352 @ 52.1884
c bounds -6370 >= -16336 @ 52.1904
c bounds -6370 >= -16320 @ 52.1934
c bounds -6370 >= -16304 @ 52.1955
c bounds -6370 >= -16288 @ 52.1985
c bounds -6370 >= -16272 @ 52.2006
c bounds -6370 >= -16256 @ 52.2016
c bounds -6370 >= -16240 @ 52.2037
c bounds -6370 >= -16224 @ 52.2067
c bounds -6370 >= -16208 @ 52.2098
c bounds -6370 >= -16192 @ 52.2128
c bounds -6370 >= -16176 @ 52.2149
c bounds -6370 >= -16160 @ 52.2169
c bounds -6370 >= -16144 @ 52.221
c bounds -6370 >= -16128 @ 52.225
c bounds -6370 >= -16112 @ 52.2271
c bounds -6370 >= -16096 @ 52.2301
c bounds -6370 >= -16080 @ 52.2331
c bounds -6370 >= -16064 @ 52.2362
c bounds -6370 >= -16048 @ 52.2402
c bounds -6370 >= -16032 @ 52.2433
c bounds -6370 >= -16016 @ 52.2443
c bounds -6370 >= -16000 @ 52.2464
c bounds -6370 >= -15984 @ 52.2484
c bounds -6370 >= -15968 @ 52.2515
c bounds -6370 >= -15952 @ 52.2545
c bounds -6370 >= -15936 @ 52.2566
c bounds -6370 >= -15920 @ 52.2587
c bounds -6370 >= -15904 @ 52.2607
c bounds -6370 >= -15888 @ 52.2618
c bounds -6370 >= -15872 @ 52.2648
c bounds -6370 >= -15856 @ 52.2679
c bounds -6370 >= -15840 @ 52.2699
c bounds -6370 >= -15824 @ 52.2719
c bounds -6370 >= -15808 @ 52.275
c bounds -6370 >= -15792 @ 52.278
c bounds -6370 >= -15776 @ 52.2801
c bounds -6370 >= -15760 @ 52.2842
c bounds -6370 >= -15744 @ 52.2872
c bounds -6370 >= -15728 @ 52.2903
c bounds -6370 >= -15712 @ 52.2913
c bounds -6370 >= -15696 @ 52.2934
c bounds -6370 >= -15680 @ 52.2954
c bounds -6370 >= -15664 @ 52.2984
c bounds -6370 >= -15648 @ 52.3015
c bounds -6370 >= -15632 @ 52.3035
c bounds -6370 >= -15616 @ 52.3056
c bounds -6370 >= -15600 @ 52.3086
c bounds -6370 >= -15584 @ 52.3106
c bounds -6370 >= -15568 @ 52.3137
c bounds -6370 >= -15552 @ 52.3158
c bounds -6370 >= -15536 @ 52.3188
c bounds -6370 >= -15520 @ 52.3209
c bounds -6370 >= -15504 @ 52.324
c bounds -6370 >= -15488 @ 52.3271
c bounds -6370 >= -15472 @ 52.3292
c bounds -6370 >= -15456 @ 52.3323
c bounds -6370 >= -15440 @ 52.3353
c bounds -6370 >= -15424 @ 52.3364
c bounds -6370 >= -15408 @ 52.3384
c bounds -6370 >= -15392 @ 52.3395
c bounds -6370 >= -15376 @ 52.3415
c bounds -6370 >= -15360 @ 52.3436
c bounds -6370 >= -15344 @ 52.3466
c bounds -6370 >= -15328 @ 52.3496
c bounds -6370 >= -15312 @ 52.3527
c bounds -6370 >= -15296 @ 52.3547
c bounds -6370 >= -15280 @ 52.3588
c bounds -6370 >= -15264 @ 52.3618
c bounds -6370 >= -15248 @ 52.3658
c bounds -6370 >= -15232 @ 52.3689
c bounds -6370 >= -15216 @ 52.37
c bounds -6370 >= -15200 @ 52.374
c bounds -6370 >= -15184 @ 52.375
c bounds -6370 >= -15168 @ 52.3771
c bounds -6370 >= -15152 @ 52.3801
c bounds -6370 >= -15136 @ 52.3821
c bounds -6370 >= -15120 @ 52.3831
c bounds -6370 >= -15104 @ 52.3861
c bounds -6370 >= -15088 @ 52.3902
c bounds -6370 >= -15072 @ 52.3922
c bounds -6370 >= -15056 @ 52.3963
c bounds -6370 >= -15040 @ 52.3993
c bounds -6370 >= -15024 @ 52.4033
c bounds -6370 >= -15008 @ 52.4053
c bounds -6370 >= -14992 @ 52.4094
c bounds -6370 >= -14976 @ 52.4114
c bounds -6370 >= -14960 @ 52.4154
c bounds -6370 >= -14944 @ 52.4184
c bounds -6370 >= -14928 @ 52.4225
c bounds -6370 >= -14912 @ 52.4245
c bounds -6370 >= -14896 @ 52.4285
c bounds -6370 >= -14880 @ 52.4325
c bounds -6370 >= -14864 @ 52.4365
c bounds -6370 >= -14848 @ 52.4386
c bounds -6370 >= -14832 @ 52.4416
c bounds -6370 >= -14816 @ 52.4437
c bounds -6370 >= -14800 @ 52.4447
c bounds -6370 >= -14784 @ 52.4477
c bounds -6370 >= -14768 @ 52.4489
c bounds -6370 >= -14752 @ 52.4529
c bounds -6370 >= -14736 @ 52.454
c bounds -6370 >= -14720 @ 52.457
c bounds -6370 >= -14704 @ 52.46
c bounds -6370 >= -14688 @ 52.4611
c bounds -6370 >= -14672 @ 52.4643
c bounds -6370 >= -14656 @ 52.4664
c bounds -6370 >= -14640 @ 52.4695
c bounds -6370 >= -14624 @ 52.4715
c bounds -6370 >= -14608 @ 52.4745
c bounds -6370 >= -14592 @ 52.4776
c bounds -6370 >= -14576 @ 52.4796
c bounds -6370 >= -14560 @ 52.4817
c bounds -6370 >= -14544 @ 52.4837
c bounds -6370 >= -14528 @ 52.4857
c bounds -6370 >= -14512 @ 52.4878
c bounds -6370 >= -14496 @ 52.4908
c bounds -6370 >= -14480 @ 52.4938
c bounds -6370 >= -14464 @ 52.4978
c bounds -6370 >= -14448 @ 52.4999
c bounds -6370 >= -14432 @ 52.5039
c bounds -6370 >= -14416 @ 52.5069
c bounds -6370 >= -14400 @ 52.5089
c bounds -6370 >= -14384 @ 52.5119
c bounds -6370 >= -14368 @ 52.514
c bounds -6370 >= -14352 @ 52.517
c bounds -6370 >= -14336 @ 52.519
c bounds -6370 >= -14320 @ 52.522
c bounds -6370 >= -14304 @ 52.525
c bounds -6370 >= -14288 @ 52.529
c bounds -6370 >= -14272 @ 52.5321
c bounds -6370 >= -14256 @ 52.5351
c #Conflicts:       9000 | #Constraints:      19077
c INPROCESSING
c GARBAGE COLLECT
c bounds -6371 >= -14256 @ 58.5634
c bounds -6372 >= -14256 @ 58.8427
c bounds -6373 >= -14256 @ 58.9083
c bounds -6374 >= -14256 @ 58.9766
c bounds -6375 >= -14256 @ 59.0354
c bounds -6376 >= -14256 @ 61.7453
c bounds -6377 >= -14256 @ 63.975
c bounds -6377 >= -14176 @ 64.248
c bounds -6377 >= -14166 @ 64.3838
c #Conflicts:      10000 | #Constraints:      17250
c #Conflicts:      11000 | #Constraints:      18250
c bounds -6377 >= -14156 @ 218.967
c #Conflicts:      12000 | #Constraints:      19260
c INPROCESSING
c GARBAGE COLLECT
c bounds -6378 >= -14156 @ 225.088
c #Conflicts:      13000 | #Constraints:      17695
c #Conflicts:      14000 | #Constraints:      18695
c bounds -6379 >= -14156 @ 229.835
c #Conflicts:      15000 | #Constraints:      19696
c INPROCESSING
c GARBAGE COLLECT
c bounds -6380 >= -14156 @ 238.373
c #Conflicts:      16000 | #Constraints:      17936
c #Conflicts:      17000 | #Constraints:      18936
c #Conflicts:      18000 | #Constraints:      19936
c INPROCESSING
c GARBAGE COLLECT
c bounds -6380 >= -14146 @ 269.436
c bounds -6380 >= -14136 @ 283.489
c #Conflicts:      19000 | #Constraints:      18002
c bounds -6380 >= -14126 @ 293.782
c #Conflicts:      20000 | #Constraints:      19020
c bounds -6380 >= -14116 @ 351.999
c bounds -6381 >= -14116 @ 352.195
c bounds -6382 >= -14116 @ 352.562
c bounds -6383 >= -14116 @ 353.913
c bounds -6384 >= -14116 @ 354.697
c bounds -6385 >= -14116 @ 354.998
c #Conflicts:      21000 | #Constraints:      20041
c INPROCESSING
c GARBAGE COLLECT
c #Conflicts:      22000 | #Constraints:      17840
c bounds -6386 >= -14116 @ 367.861
c bounds -6387 >= -14116 @ 369.831
c #Conflicts:      23000 | #Constraints:      18842
c #Conflicts:      24000 | #Constraints:      19842
c bounds -6388 >= -14116 @ 399.094
c #Conflicts:      25000 | #Constraints:      20843
c INPROCESSING
c GARBAGE COLLECT
c #Conflicts:      26000 | #Constraints:      18435
c #Conflicts:      27000 | #Constraints:      19435
c bounds -6388 >= -14106 @ 474.767
c #Conflicts:      28000 | #Constraints:      20459
c bounds -6389 >= -14106 @ 484.195
c bounds -6390 >= -14106 @ 487.003
c bounds -6391 >= -14106 @ 487.734
c bounds -6392 >= -14106 @ 488.502
c bounds -6393 >= -14106 @ 488.958
c #Conflicts:      29000 | #Constraints:      21464
c INPROCESSING
c GARBAGE COLLECT
c bounds -6394 >= -14106 @ 491.07
c #Conflicts:      30000 | #Constraints:      18881
c #Conflicts:      31000 | #Constraints:      19881
c bounds -6395 >= -14106 @ 514.857
c #Conflicts:      32000 | #Constraints:      20882
c #Conflicts:      33000 | #Constraints:      21882
c INPROCESSING
c GARBAGE COLLECT
c #Conflicts:      34000 | #Constraints:      19024
c #Conflicts:      35000 | #Constraints:      20024
c bounds -6396 >= -14106 @ 606.93
c bounds -6396 >= -14098 @ 606.975
c bounds -6396 >= -14090 @ 607.027
c bounds -6396 >= -14082 @ 607.068
c bounds -6396 >= -14074 @ 607.107
c bounds -6396 >= -14066 @ 607.142
c bounds -6396 >= -14058 @ 607.211
c bounds -6397 >= -14058 @ 609.275
c bounds -6398 >= -14058 @ 609.41
c bounds -6398 >= -14054 @ 609.591
c bounds -6398 >= -14050 @ 609.78
c bounds -6398 >= -14046 @ 609.936
c bounds -6398 >= -14042 @ 610.851
c #Conflicts:      36000 | #Constraints:      21111
c bounds -6398 >= -14038 @ 637.066
c #Conflicts:      37000 | #Constraints:      22126
c INPROCESSING
c GARBAGE COLLECT
c bounds -6402 >= -14038 @ 647.535
c #Conflicts:      38000 | #Constraints:      19154
c #Conflicts:      39000 | #Constraints:      20154
c #Conflicts:      40000 | #Constraints:      21154
c #Conflicts:      41000 | #Constraints:      22154
c INPROCESSING
c GARBAGE COLLECT
c bounds -6406 >= -14038 @ 889.231
c bounds -6407 >= -14038 @ 890.466
c bounds -6408 >= -14038 @ 890.597
c #Conflicts:      42000 | #Constraints:      19006
c bounds -6409 >= -14038 @ 890.806
c bounds -6410 >= -14038 @ 890.934
c bounds -6411 >= -14038 @ 891.121
c bounds -6412 >= -14038 @ 891.202
c bounds -6413 >= -14038 @ 891.28
c bounds -6414 >= -14038 @ 891.448
c bounds -6415 >= -14038 @ 891.612
c bounds -6416 >= -14038 @ 892.002
c bounds -6417 >= -14038 @ 892.081
c bounds -6418 >= -14038 @ 892.21
c bounds -6419 >= -14038 @ 892.289
c bounds -6420 >= -14038 @ 892.368
c bounds -6421 >= -14038 @ 892.535
c bounds -6422 >= -14038 @ 892.615
c bounds -6423 >= -14038 @ 892.972
c bounds -6424 >= -14038 @ 893.127
c bounds -6425 >= -14038 @ 893.265
c bounds -6426 >= -14038 @ 893.366
c bounds -6427 >= -14038 @ 893.494
c bounds -6428 >= -14038 @ 893.722
c #Conflicts:      43000 | #Constraints:      20026
c bounds -6429 >= -14038 @ 899.842
c bounds -6430 >= -14038 @ 901.857
c bounds -6431 >= -14038 @ 908.382
c #Conflicts:      44000 | #Constraints:      21029
c #Conflicts:      45000 | #Constraints:      22029
c bounds -6432 >= -14038 @ 928.886
c bounds -6433 >= -14038 @ 931.498
c bounds -6434 >= -14038 @ 931.86
c bounds -6435 >= -14038 @ 933.737
c bounds -6436 >= -14038 @ 935.831
c bounds -6437 >= -14038 @ 938.142
c #Conflicts:      46000 | #Constraints:      23035
c bounds -6438 >= -14038 @ 951.045
c INPROCESSING
c GARBAGE COLLECT
c bounds -6439 >= -14038 @ 953.448
c #Conflicts:      47000 | #Constraints:      19617
c #Conflicts:      48000 | #Constraints:      20617
c bounds -6440 >= -14038 @ 977.527
c bounds -6440 >= -14036 @ 977.538
c bounds -6440 >= -14034 @ 977.552
c bounds -6440 >= -14032 @ 977.571
c bounds -6440 >= -14030 @ 977.616
c bounds -6440 >= -14028 @ 977.674
c bounds -6440 >= -14026 @ 977.704
c bounds -6440 >= -14024 @ 977.718
c bounds -6440 >= -14022 @ 977.732
c bounds -6440 >= -14020 @ 977.748
c bounds -6440 >= -14018 @ 977.782
c bounds -6440 >= -14016 @ 977.843
c bounds -6440 >= -14014 @ 977.878
c bounds -6440 >= -14010 @ 977.891
c bounds -6440 >= -14008 @ 977.906
c bounds -6440 >= -14004 @ 977.924
c bounds -6440 >= -14002 @ 977.945
c bounds -6440 >= -14000 @ 977.963
c bounds -6440 >= -13998 @ 977.979
c bounds -6440 >= -13996 @ 978.047
c bounds -6440 >= -13994 @ 978.104
c bounds -6440 >= -13992 @ 978.121
c bounds -6440 >= -13990 @ 978.137
c bounds -6440 >= -13988 @ 978.144
c bounds -6440 >= -13986 @ 978.152
c bounds -6440 >= -13984 @ 978.175
c bounds -6440 >= -13982 @ 978.224
c bounds -6440 >= -13980 @ 978.327
c bounds -6440 >= -13976 @ 978.647
c bounds -6440 >= -13974 @ 978.845
c bounds -6440 >= -13972 @ 978.901
c #Conflicts:      49000 | #Constraints:      21927
c bounds -6440 >= -13970 @ 979.035
c bounds -6440 >= -13968 @ 979.383
c bounds -6441 >= -13968 @ 984.72
c bounds -6441 >= -13964 @ 984.824
c bounds -6441 >= -13962 @ 984.877
c bounds -6441 >= -13960 @ 984.924
c bounds -6441 >= -13958 @ 984.991
c bounds -6441 >= -13956 @ 985.068
c bounds -6441 >= -13954 @ 985.095
c bounds -6441 >= -13952 @ 985.144
c bounds -6441 >= -13950 @ 985.272
c bounds -6441 >= -13948 @ 985.338
c bounds -6441 >= -13944 @ 985.35
c bounds -6441 >= -13942 @ 985.408
c bounds -6441 >= -13940 @ 985.451
c bounds -6441 >= -13938 @ 985.793
c bounds -6441 >= -13936 @ 986.069
c #Conflicts:      50000 | #Constraints:      23165
c bounds -6441 >= -13934 @ 986.238
c bounds -6441 >= -13932 @ 986.63
c bounds -6441 >= -13930 @ 986.85
c bounds -6441 >= -13928 @ 987.01
c bounds -6441 >= -13926 @ 987.219
c bounds -6441 >= -13924 @ 987.285
c bounds -6441 >= -13922 @ 987.365
c bounds -6441 >= -13920 @ 987.464
c bounds -6441 >= -13918 @ 987.729
c bounds -6441 >= -13916 @ 987.998
c bounds -6441 >= -13914 @ 988.487
c #Conflicts:      51000 | #Constraints:      24441
c INPROCESSING
c GARBAGE COLLECT
c bounds -6441 >= -13912 @ 989.378
c bounds -6441 >= -13910 @ 989.675
c bounds -6441 >= -13908 @ 990.128
c bounds -6441 >= -13906 @ 990.41
c bounds -6441 >= -13904 @ 990.526
c bounds -6441 >= -13902 @ 990.67
c bounds -6441 >= -13900 @ 990.744
c bounds -6441 >= -13898 @ 990.886
c #Conflicts:      52000 | #Constraints:      20792
c bounds -6441 >= -13896 @ 991.169
c #Conflicts:      53000 | #Constraints:      21828
c #Conflicts:      54000 | #Constraints:      22828
c #Conflicts:      55000 | #Constraints:      23828
c #Conflicts:      56000 | #Constraints:      24828
c INPROCESSING
c GARBAGE COLLECT
c bounds -6441 >= -13892 @ 1046.75
c bounds -6441 >= -13890 @ 1046.77
c bounds -6441 >= -13888 @ 1046.79
c bounds -6441 >= -13884 @ 1046.82
c bounds -6441 >= -13880 @ 1046.84
c bounds -6441 >= -13878 @ 1046.85
c bounds -6441 >= -13876 @ 1046.86
c bounds -6441 >= -13872 @ 1046.86
c bounds -6441 >= -13870 @ 1046.88
c bounds -6441 >= -13868 @ 1046.9
c bounds -6441 >= -13866 @ 1046.97
c bounds -6441 >= -13864 @ 1046.98
c bounds -6441 >= -13860 @ 1047.04
c bounds -6441 >= -13856 @ 1047.05
c bounds -6441 >= -13854 @ 1047.09
c bounds -6441 >= -13852 @ 1047.16
c bounds -6441 >= -13850 @ 1047.24
c bounds -6441 >= -13848 @ 1047.32
c bounds -6441 >= -13846 @ 1047.44
c bounds -6441 >= -13844 @ 1047.68
c bounds -6441 >= -13842 @ 1047.84
c bounds -6441 >= -13838 @ 1047.96
c bounds -6441 >= -13836 @ 1047.97
c bounds -6441 >= -13834 @ 1047.98
c bounds -6441 >= -13832 @ 1048
c bounds -6441 >= -13830 @ 1048.01
c bounds -6441 >= -13826 @ 1048.03
c bounds -6441 >= -13824 @ 1048.24
c bounds -6441 >= -13822 @ 1048.57
c #Conflicts:      57000 | #Constraints:      21352
c bounds -6441 >= -13820 @ 1048.98
c bounds -6441 >= -13818 @ 1049.26
c bounds -6441 >= -13816 @ 1049.49
c bounds -6441 >= -13814 @ 1049.69
c bounds -6441 >= -13812 @ 1050.23
c #Conflicts:      58000 | #Constraints:      22535
c bounds -6441 >= -13810 @ 1050.77
c bounds -6441 >= -13808 @ 1051.19
c #Conflicts:      59000 | #Constraints:      23610
c bounds -6441 >= -13806 @ 1052.03
c bounds -6441 >= -13804 @ 1052.45
c bounds -6441 >= -13802 @ 1052.7
c bounds -6441 >= -13800 @ 1053.37
c #Conflicts:      60000 | #Constraints:      24763
c bounds -6441 >= -13798 @ 1054.11
c #Conflicts:      61000 | #Constraints:      25805
c INPROCESSING
c GARBAGE COLLECT
c bounds -6441 >= -13796 @ 1055.89
c bounds -6441 >= -13794 @ 1056.43
c #Conflicts:      62000 | #Constraints:      21528
c bounds -6441 >= -13792 @ 1057.37
c #Conflicts:      63000 | #Constraints:      22579
c bounds -6441 >= -13790 @ 1058.36
c bounds -6441 >= -13788 @ 1059.33
c #Conflicts:      64000 | #Constraints:      23678
c bounds -6441 >= -13786 @ 1060.68
c #Conflicts:      65000 | #Constraints:      24723
c bounds -6441 >= -13784 @ 1061.8
c #Conflicts:      66000 | #Constraints:      25780
c bounds -6441 >= -13782 @ 1063.25
c INPROCESSING
c #Conflicts:      67000 | #Constraints:      21405
c bounds -6441 >= -13780 @ 1064.62
c bounds -6441 >= -13778 @ 1064.93
c bounds -6441 >= -13776 @ 1065.73
c #Conflicts:      68000 | #Constraints:      22531
c bounds -6441 >= -13774 @ 1066.63
c bounds -6441 >= -13770 @ 1066.75
c bounds -6441 >= -13768 @ 1066.87
c bounds -6441 >= -13766 @ 1066.97
c bounds -6441 >= -13764 @ 1067.07
c bounds -6441 >= -13762 @ 1067.23
c bounds -6441 >= -13760 @ 1067.31
c bounds -6441 >= -13758 @ 1067.48
c bounds -6441 >= -13756 @ 1067.65
c bounds -6441 >= -13754 @ 1067.79
c bounds -6441 >= -13752 @ 1067.93
c bounds -6441 >= -13750 @ 1068.16
c #Conflicts:      69000 | #Constraints:      23858
c bounds -6441 >= -13748 @ 1068.37
c bounds -6441 >= -13746 @ 1068.62
c bounds -6441 >= -13744 @ 1068.87
c bounds -6441 >= -13742 @ 1069.25
c bounds -6441 >= -13740 @ 1069.34
c bounds -6441 >= -13738 @ 1069.54
c bounds -6441 >= -13736 @ 1069.61
c bounds -6441 >= -13734 @ 1069.8
c bounds -6441 >= -13732 @ 1069.91
c #Conflicts:      70000 | #Constraints:      25140
c bounds -6441 >= -13730 @ 1070.11
c bounds -6441 >= -13728 @ 1070.26
c bounds -6441 >= -13726 @ 1070.57
c bounds -6441 >= -13724 @ 1070.72
c bounds -6441 >= -13722 @ 1070.97
c bounds -6441 >= -13720 @ 1071.34
c bounds -6441 >= -13718 @ 1071.71
c #Conflicts:      71000 | #Constraints:      26381
c bounds -6441 >= -13716 @ 1072.43
c bounds -6441 >= -13714 @ 1072.8
c bounds -6441 >= -13712 @ 1073.26
c bounds -6441 >= -13710 @ 1073.78
c #Conflicts:      72000 | #Constraints:      27546
c bounds -6441 >= -13708 @ 1074.08
c bounds -6441 >= -13706 @ 1074.15
c bounds -6441 >= -13704 @ 1074.2
c bounds -6441 >= -13702 @ 1074.27
c bounds -6441 >= -13700 @ 1074.38
c bounds -6441 >= -13698 @ 1074.47
c bounds -6441 >= -13696 @ 1074.56
c bounds -6441 >= -13694 @ 1074.77
c bounds -6441 >= -13692 @ 1074.81
c bounds -6441 >= -13690 @ 1074.9
c bounds -6441 >= -13688 @ 1074.93
c bounds -6441 >= -13686 @ 1075.06
c bounds -6441 >= -13684 @ 1075.11
c bounds -6441 >= -13682 @ 1075.28
c bounds -6441 >= -13680 @ 1075.33
c bounds -6441 >= -13678 @ 1075.42
c bounds -6441 >= -13676 @ 1075.5
c bounds -6441 >= -13674 @ 1075.74
c bounds -6441 >= -13672 @ 1075.9
c bounds -6441 >= -13670 @ 1076.13
c bounds -6441 >= -13668 @ 1076.34
c bounds -6441 >= -13666 @ 1076.42
c bounds -6441 >= -13664 @ 1076.5
c bounds -6441 >= -13662 @ 1076.6
c #Conflicts:      73000 | #Constraints:      29155
c bounds -6441 >= -13660 @ 1076.77
c bounds -6441 >= -13658 @ 1076.94
c bounds -6441 >= -13656 @ 1077.16
c bounds -6441 >= -13654 @ 1077.66
c bounds -6441 >= -13652 @ 1077.97
c bounds -6441 >= -13650 @ 1078.03
c bounds -6441 >= -13648 @ 1078.39
c bounds -6441 >= -13646 @ 1078.52
c bounds -6441 >= -13644 @ 1078.64
c bounds -6441 >= -13642 @ 1078.92
c bounds -6441 >= -13640 @ 1079.04
c bounds -6441 >= -13638 @ 1079.49
c #Conflicts:      74000 | #Constraints:      30527
c bounds -6441 >= -13636 @ 1079.85
c bounds -6441 >= -13634 @ 1080.03
c bounds -6441 >= -13632 @ 1080.16
c bounds -6441 >= -13630 @ 1080.51
c bounds -6441 >= -13628 @ 1080.67
c bounds -6441 >= -13626 @ 1081.03
c bounds -6441 >= -13624 @ 1081.52
c bounds -6441 >= -13622 @ 1082.27
c #Conflicts:      75000 | #Constraints:      31819
c bounds -6441 >= -13620 @ 1083.65
c bounds -6441 >= -13618 @ 1084.93
c bounds -6441 >= -13616 @ 1085.61
c #Conflicts:      76000 | #Constraints:      32994
c bounds -6441 >= -13614 @ 1087.45
c bounds -6441 >= -13612 @ 1087.63
c bounds -6441 >= -13610 @ 1088.09
c bounds -6441 >= -13608 @ 1088.53
c bounds -6441 >= -13606 @ 1089.03
c bounds -6441 >= -13604 @ 1089.23
c bounds -6441 >= -13602 @ 1089.58
c #Conflicts:      77000 | #Constraints:      34303
c bounds -6441 >= -13600 @ 1089.74
c bounds -6441 >= -13598 @ 1090.19
c bounds -6441 >= -13596 @ 1090.41
c bounds -6441 >= -13594 @ 1090.7
c bounds -6441 >= -13592 @ 1091.6
c bounds -6441 >= -13590 @ 1091.99
c bounds -6441 >= -13588 @ 1092.47
c bounds -6441 >= -13586 @ 1092.94
c bounds -6441 >= -13584 @ 1093.2
c bounds -6441 >= -13582 @ 1093.32
c #Conflicts:      78000 | #Constraints:      35612
c bounds -6441 >= -13580 @ 1093.96
c bounds -6441 >= -13578 @ 1094.34
c bounds -6441 >= -13576 @ 1094.57
c bounds -6441 >= -13574 @ 1095.36
c bounds -6441 >= -13572 @ 1096.58
c bounds -6441 >= -13570 @ 1096.95
c #Conflicts:      79000 | #Constraints:      36879
c bounds -6441 >= -13568 @ 1098.68
c #Conflicts:      80000 | #Constraints:      37924
c bounds -6441 >= -13566 @ 1102.19
c bounds -6441 >= -13564 @ 1103.79
c bounds -6441 >= -13562 @ 1105.33
c #Conflicts:      81000 | #Constraints:      39086
c bounds -6441 >= -13560 @ 1106.34
c bounds -6441 >= -13558 @ 1107.51
c bounds -6441 >= -13556 @ 1108.61
c bounds -6441 >= -13554 @ 1108.89
c bounds -6441 >= -13552 @ 1109.75
c #Conflicts:      82000 | #Constraints:      40287
c bounds -6441 >= -13550 @ 1111.14
c bounds -6441 >= -13548 @ 1112.41
c bounds -6441 >= -13546 @ 1113.73
c #Conflicts:      83000 | #Constraints:      41452
c bounds -6441 >= -13544 @ 1115.69
c bounds -6441 >= -13542 @ 1117.2
c bounds -6441 >= -13540 @ 1118.31
c #Conflicts:      84000 | #Constraints:      42608
c bounds -6441 >= -13538 @ 1119.94
c bounds -6441 >= -13536 @ 1122.37
c #Conflicts:      85000 | #Constraints:      43701
c bounds -6441 >= -13534 @ 1125.05
c bounds -6441 >= -13532 @ 1126.51
c #Conflicts:      86000 | #Constraints:      44812
c bounds -6441 >= -13530 @ 1128.63
c bounds -6441 >= -13528 @ 1129.97
c bounds -6441 >= -13526 @ 1130.43
c bounds -6441 >= -13524 @ 1131.98
c #Conflicts:      87000 | #Constraints:      45987
c bounds -6441 >= -13522 @ 1134.04
c bounds -6441 >= -13520 @ 1136.69
c bounds -6441 >= -13518 @ 1138.13
c #Conflicts:      88000 | #Constraints:      47150
c bounds -6441 >= -13516 @ 1142.34
c bounds -6441 >= -13514 @ 1145.08
c #Conflicts:      89000 | #Constraints:      48267
c INPROCESSING
c GARBAGE COLLECT
c #Conflicts:      90000 | #Constraints:      34133
c bounds -6441 >= -13512 @ 1150.96
c bounds -6441 >= -13510 @ 1154.73
c #Conflicts:      91000 | #Constraints:      35262
c #Conflicts:      92000 | #Constraints:      36262
c bounds -6441 >= -13508 @ 1160.75
c bounds -6441 >= -13506 @ 1165.63
c #Conflicts:      93000 | #Constraints:      37424
c #Conflicts:      94000 | #Constraints:      38424
c bounds -6441 >= -13504 @ 1174.86
c #Conflicts:      95000 | #Constraints:      39529
c bounds -6441 >= -13502 @ 1180.56
c #Conflicts:      96000 | #Constraints:      40616
c INPROCESSING
c GARBAGE COLLECT
c bounds -6441 >= -13500 @ 1187.32
c #Conflicts:      97000 | #Constraints:      30688
c bounds -6441 >= -13498 @ 1193.73
c #Conflicts:      98000 | #Constraints:      31751
c bounds -6441 >= -13496 @ 1198.7
c #Conflicts:      99000 | #Constraints:      32844
c bounds -6441 >= -13494 @ 1203.86
c #Conflicts:     100000 | #Constraints:      33925
c bounds -6441 >= -13492 @ 1210.86
c #Conflicts:     101000 | #Constraints:      35000
c #Conflicts:     102000 | #Constraints:      36000
c INPROCESSING
c GARBAGE COLLECT
c bounds -6441 >= -13488 @ 1220.32
c bounds -6441 >= -13486 @ 1220.51
c #Conflicts:     103000 | #Constraints:      28188
c bounds -6442 >= -13486 @ 1222.48
c bounds -6442 >= -13484 @ 1222.99
c bounds -6442 >= -13482 @ 1223.41
c bounds -6442 >= -13480 @ 1224.12
c bounds -6442 >= -13478 @ 1224.66
c bounds -6442 >= -13476 @ 1225.34
c bounds -6442 >= -13474 @ 1226.07
c #Conflicts:     104000 | #Constraints:      29342
c #Conflicts:     105000 | #Constraints:      30342
c #Conflicts:     106000 | #Constraints:      31342
c bounds -6443 >= -13474 @ 1268.81
c bounds -6443 >= -13470 @ 1268.91
c bounds -6443 >= -13468 @ 1268.97
c #Conflicts:     107000 | #Constraints:      32355
c bounds -6443 >= -13466 @ 1270.04
c bounds -6443 >= -13464 @ 1270.35
c bounds -6443 >= -13462 @ 1271.22
c bounds -6443 >= -13460 @ 1271.65
c bounds -6443 >= -13458 @ 1272.86
c bounds -6443 >= -13456 @ 1273.73
c bounds -6443 >= -13454 @ 1274.42
c bounds -6443 >= -13452 @ 1275.47
c #Conflicts:     108000 | #Constraints:      33649
c bounds -6443 >= -13450 @ 1276.94
c bounds -6443 >= -13448 @ 1277.98
c bounds -6443 >= -13446 @ 1279.39
c bounds -6443 >= -13444 @ 1280.42
c bounds -6443 >= -13442 @ 1280.72
c bounds -6443 >= -13440 @ 1281.41
c bounds -6443 >= -13438 @ 1281.87
c #Conflicts:     109000 | #Constraints:      34892
c bounds -6443 >= -13436 @ 1284.7
c bounds -6443 >= -13434 @ 1285.56
c bounds -6443 >= -13432 @ 1287.27
c bounds -6443 >= -13430 @ 1289.37
c #Conflicts:     110000 | #Constraints:      36126
c bounds -6443 >= -13428 @ 1291.16
c bounds -6443 >= -13426 @ 1293.08
c bounds -6443 >= -13424 @ 1295.29
c bounds -6443 >= -13422 @ 1296.32
c bounds -6443 >= -13420 @ 1298.25
c #Conflicts:     111000 | #Constraints:      37315
c bounds -6443 >= -13418 @ 1299.54
c bounds -6443 >= -13416 @ 1300.78
c bounds -6443 >= -13414 @ 1301.89
c bounds -6443 >= -13412 @ 1303.7
c #Conflicts:     112000 | #Constraints:      38459
c bounds -6443 >= -13410 @ 1305.63
c bounds -6443 >= -13408 @ 1306.06
c bounds -6443 >= -13406 @ 1307.87
c bounds -6443 >= -13404 @ 1308.77
c bounds -6443 >= -13402 @ 1309.8
c bounds -6443 >= -13400 @ 1312.05
c bounds -6443 >= -13398 @ 1312.39
c #Conflicts:     113000 | #Constraints:      39672
c bounds -6443 >= -13396 @ 1313.08
c bounds -6443 >= -13394 @ 1314.4
c bounds -6443 >= -13392 @ 1314.74
c bounds -6443 >= -13390 @ 1315.86
c bounds -6443 >= -13388 @ 1316.57
c bounds -6443 >= -13386 @ 1318.76
c bounds -6443 >= -13384 @ 1320.82
c #Conflicts:     114000 | #Constraints:      41003
c bounds -6443 >= -13382 @ 1324.38
c bounds -6443 >= -13380 @ 1326
c bounds -6443 >= -13378 @ 1326.69
c #Conflicts:     115000 | #Constraints:      42135
c bounds -6443 >= -13376 @ 1329.75
c bounds -6443 >= -13374 @ 1331.44
c bounds -6443 >= -13372 @ 1332.74
c bounds -6443 >= -13370 @ 1334.65
c bounds -6443 >= -13368 @ 1336.59
c #Conflicts:     116000 | #Constraints:      43342
c bounds -6443 >= -13366 @ 1338.58
c bounds -6443 >= -13364 @ 1342.51
c bounds -6443 >= -13362 @ 1343.83
c #Conflicts:     117000 | #Constraints:      44477
c bounds -6443 >= -13360 @ 1346.93
c bounds -6443 >= -13358 @ 1352.77
c bounds -6443 >= -13356 @ 1354.51
c #Conflicts:     118000 | #Constraints:      45657
c bounds -6443 >= -13354 @ 1357.52
c bounds -6443 >= -13352 @ 1362.03
c #Conflicts:     119000 | #Constraints:      46750
c bounds -6443 >= -13350 @ 1366.06
c bounds -6443 >= -13348 @ 1368.62
c #Conflicts:     120000 | #Constraints:      47849
c bounds -6443 >= -13346 @ 1374.64
c bounds -6443 >= -13344 @ 1376.3
c bounds -6443 >= -13342 @ 1379.16
c bounds -6443 >= -13340 @ 1380.28
c #Conflicts:     121000 | #Constraints:      48988
c bounds -6443 >= -13338 @ 1383.54
c bounds -6443 >= -13336 @ 1385.38
c bounds -6443 >= -13334 @ 1389.77
c bounds -6443 >= -13332 @ 1391.26
c #Conflicts:     122000 | #Constraints:      50159
c bounds -6443 >= -13330 @ 1393.21
c bounds -6443 >= -13328 @ 1395.99
c bounds -6443 >= -13326 @ 1399.62
c #Conflicts:     123000 | #Constraints:      51288
c bounds -6443 >= -13324 @ 1404.32
c bounds -6443 >= -13322 @ 1409.19
c #Conflicts:     124000 | #Constraints:      52375
c bounds -6443 >= -13320 @ 1412.1
c bounds -6443 >= -13318 @ 1415.26
c bounds -6443 >= -13316 @ 1419.5
c #Conflicts:     125000 | #Constraints:      53507
c bounds -6443 >= -13314 @ 1424.11
c bounds -6443 >= -13312 @ 1430.05
c #Conflicts:     126000 | #Constraints:      54639
c bounds -6443 >= -13310 @ 1437.47
c #Conflicts:     127000 | #Constraints:      55714
c bounds -6443 >= -13308 @ 1443.06
c #Conflicts:     128000 | #Constraints:      56786
c bounds -6443 >= -13306 @ 1448.51
c #Conflicts:     129000 | #Constraints:      57819
c bounds -6443 >= -13304 @ 1458.02
c bounds -6443 >= -13302 @ 1464.48
c INPROCESSING
c GARBAGE COLLECT
c #Conflicts:     130000 | #Constraints:      39853
c bounds -6443 >= -13300 @ 1471.94
c #Conflicts:     131000 | #Constraints:      40928
c bounds -6443 >= -13298 @ 1481.34
c #Conflicts:     132000 | #Constraints:      41997
c #Conflicts:     133000 | #Constraints:      42997
c bounds -6443 >= -13296 @ 1496.24
c bounds -6443 >= -13294 @ 1503
c #Conflicts:     134000 | #Constraints:      44111
c #Conflicts:     135000 | #Constraints:      45111
c bounds -6443 >= -13292 @ 1515.48
c #Conflicts:     136000 | #Constraints:      46177
c bounds -6443 >= -13290 @ 1524.02
c bounds -6444 >= -13290 @ 1525.41
c bounds -6445 >= -13290 @ 1525.85
c bounds -6446 >= -13290 @ 1526.08
c #Conflicts:     137000 | #Constraints:      47228
c #Conflicts:     138000 | #Constraints:      48228
c INPROCESSING
c GARBAGE COLLECT
c bounds -6446 >= -13288 @ 1534.61
c bounds -6446 >= -13286 @ 1535.55
c bounds -6446 >= -13284 @ 1539.15
c bounds -6446 >= -13282 @ 1541.17
c #Conflicts:     139000 | #Constraints:      36013
c bounds -6446 >= -13280 @ 1551.2
c #Conflicts:     140000 | #Constraints:      37073
c bounds -6446 >= -13278 @ 1554.42
c bounds -6447 >= -13278 @ 1557.66
c bounds -6447 >= -13276 @ 1557.71
c bounds -6447 >= -13274 @ 1559.47
c bounds -6447 >= -13272 @ 1561.41
c #Conflicts:     141000 | #Constraints:      38173
c bounds -6447 >= -13270 @ 1563.6
c #Conflicts:     142000 | #Constraints:      39239
c #Conflicts:     143000 | #Constraints:      40239
c #Conflicts:     144000 | #Constraints:      41239
c #Conflicts:     145000 | #Constraints:      42239
c #Conflicts:     146000 | #Constraints:      43239
c #Conflicts:     147000 | #Constraints:      44239
c #Conflicts:     148000 | #Constraints:      45239
c bounds -6448 >= -13270 @ 1595.68
c #Conflicts:     149000 | #Constraints:      46240
c bounds -6448 >= -13268 @ 1600.05
c bounds -6448 >= -13266 @ 1601.58
c bounds -6448 >= -13264 @ 1604.69
c bounds -6448 >= -13262 @ 1607.56
c #Conflicts:     150000 | #Constraints:      47420
c bounds -6448 >= -13260 @ 1611.02
c bounds -6448 >= -13258 @ 1613.24
c bounds -6448 >= -13256 @ 1618.08
c #Conflicts:     151000 | #Constraints:      48537
c bounds -6448 >= -13254 @ 1623.38
c bounds -6448 >= -13252 @ 1626.93
c #Conflicts:     152000 | #Constraints:      49642
c bounds -6448 >= -13250 @ 1636.69
c #Conflicts:     153000 | #Constraints:      50696
c bounds -6448 >= -13248 @ 1642.79
c bounds -6448 >= -13246 @ 1651.17
c #Conflicts:     154000 | #Constraints:      51777
c bounds -6448 >= -13244 @ 1655.46
c bounds -6448 >= -13242 @ 1662.73
c #Conflicts:     155000 | #Constraints:      52879
c bounds -6448 >= -13240 @ 1668.3
c #Conflicts:     156000 | #Constraints:      53921
c bounds -6448 >= -13238 @ 1675.2
c bounds -6448 >= -13236 @ 1679.1
c bounds -6448 >= -13234 @ 1681.18
c bounds -6448 >= -13232 @ 1684.81
c #Conflicts:     157000 | #Constraints:      55062
c bounds -6448 >= -13230 @ 1688.26
c bounds -6448 >= -13228 @ 1691.8
c bounds -6448 >= -13226 @ 1696.88
c #Conflicts:     158000 | #Constraints:      56188
c bounds -6448 >= -13224 @ 1700.52
c bounds -6448 >= -13222 @ 1707.48
c bounds -6448 >= -13220 @ 1710.4
c #Conflicts:     159000 | #Constraints:      57296
c #Conflicts:     160000 | #Constraints:      58296
c bounds -6449 >= -13220 @ 1735.59
c bounds -6449 >= -13216 @ 1735.69
c bounds -6449 >= -13214 @ 1740.92
c bounds -6449 >= -13212 @ 1743.27
c #Conflicts:     161000 | #Constraints:      59384
c bounds -6449 >= -13210 @ 1745.57
c bounds -6449 >= -13208 @ 1746.71
c bounds -6449 >= -13206 @ 1748.18
c bounds -6449 >= -13204 @ 1751.42
c bounds -6449 >= -13202 @ 1753.74
c bounds -6449 >= -13200 @ 1755.53
c bounds -6449 >= -13198 @ 1758.14
c #Conflicts:     162000 | #Constraints:      60648
c bounds -6449 >= -13196 @ 1759.65
c bounds -6449 >= -13194 @ 1762.41
c bounds -6449 >= -13192 @ 1763.93
c #Conflicts:     163000 | #Constraints:      61747
c bounds -6449 >= -13190 @ 1772.63
c bounds -6449 >= -13188 @ 1773.78
c bounds -6449 >= -13186 @ 1775.55
c bounds -6449 >= -13184 @ 1779.18
c bounds -6449 >= -13182 @ 1782.64
c bounds -6449 >= -13180 @ 1785.57
c #Conflicts:     164000 | #Constraints:      63056
c bounds -6449 >= -13178 @ 1795.16
c bounds -6449 >= -13176 @ 1797.09
c bounds -6449 >= -13174 @ 1799.12
c #Conflicts:     165000 | #Constraints:      64191
c bounds -6449 >= -13172 @ 1802.3
c bounds -6449 >= -13170 @ 1805.31
c bounds -6449 >= -13168 @ 1811.09
c bounds -6449 >= -13166 @ 1813.91
c #Conflicts:     166000 | #Constraints:      65353
c bounds -6449 >= -13164 @ 1820.62
c bounds -6449 >= -13162 @ 1824.68
c bounds -6449 >= -13160 @ 1827.39
c bounds -6449 >= -13158 @ 1829.83
c bounds -6449 >= -13156 @ 1830.87
c #Conflicts:     167000 | #Constraints:      66569
c bounds -6449 >= -13154 @ 1836.52
c bounds -6449 >= -13152 @ 1841.03
c bounds -6449 >= -13150 @ 1844.89
c #Conflicts:     168000 | #Constraints:      67737
c INPROCESSING
c GARBAGE COLLECT
c bounds -6449 >= -13148 @ 1849.1
c bounds -6449 >= -13146 @ 1852.37
c bounds -6449 >= -13144 @ 1854.65
c bounds -6449 >= -13142 @ 1857.77
c bounds -6449 >= -13140 @ 1862.64
c #Conflicts:     169000 | #Constraints:      46433
c bounds -6449 >= -13138 @ 1868.66
c #Conflicts:     170000 | #Constraints:      47511
c bounds -6450 >= -13138 @ 1873.39
c bounds -6450 >= -13136 @ 1873.55
c bounds -6450 >= -13134 @ 1873.56
c bounds -6450 >= -13130 @ 1873.62
c bounds -6450 >= -13128 @ 1873.91
c bounds -6450 >= -13126 @ 1874
c bounds -6450 >= -13124 @ 1875.52
c bounds -6450 >= -13122 @ 1877.4
c bounds -6450 >= -13120 @ 1878.44
c bounds -6450 >= -13118 @ 1880.33
c #Conflicts:     171000 | #Constraints:      48689
c #Conflicts:     172000 | #Constraints:      49689
c #Conflicts:     173000 | #Constraints:      50689
c #Conflicts:     174000 | #Constraints:      51689
c #Conflicts:     175000 | #Constraints:      52689
c bounds -6451 >= -13118 @ 1963.43
c bounds -6451 >= -13116 @ 1964.17
c bounds -6451 >= -13114 @ 1964.22
c bounds -6451 >= -13112 @ 1965.82
c bounds -6451 >= -13110 @ 1966.86
c bounds -6451 >= -13108 @ 1970.99
c bounds -6451 >= -13106 @ 1975.58
c #Conflicts:     176000 | #Constraints:      53843
c bounds -6451 >= -13104 @ 1979.61
c bounds -6451 >= -13102 @ 1983.9
c bounds -6451 >= -13100 @ 1989.52
c bounds -6451 >= -13098 @ 1991.37
c bounds -6451 >= -13096 @ 1995.38
c #Conflicts:     177000 | #Constraints:      55050
c bounds -6451 >= -13094 @ 1998.97
c bounds -6451 >= -13092 @ 2001.88
c INPROCESSING
c GARBAGE COLLECT
c bounds -6451 >= -13090 @ 2007.75
c bounds -6451 >= -13088 @ 2010.96
c #Conflicts:     178000 | #Constraints:      40038
c bounds -6451 >= -13086 @ 2016.2
c bounds -6451 >= -13084 @ 2020.04
c #Conflicts:     179000 | #Constraints:      41128
c bounds -6451 >= -13082 @ 2028.83
c bounds -6451 >= -13080 @ 2039.55
c #Conflicts:     180000 | #Constraints:      42293
c bounds -6451 >= -13078 @ 2047.59
c #Conflicts:     181000 | #Constraints:      43347
c bounds -6451 >= -13076 @ 2057.48
c bounds -6451 >= -13074 @ 2068.45
c #Conflicts:     182000 | #Constraints:      44515
c bounds -6451 >= -13072 @ 2074.14
c bounds -6451 >= -13070 @ 2078.06
c #Conflicts:     183000 | #Constraints:      45602
c bounds -6451 >= -13068 @ 2081.87
c bounds -6451 >= -13066 @ 2085.88
c bounds -6451 >= -13064 @ 2090.27
c #Conflicts:     184000 | #Constraints:      46776
c bounds -6451 >= -13062 @ 2098.02
c bounds -6451 >= -13060 @ 2105.57
c bounds -6451 >= -13058 @ 2111.41
c #Conflicts:     185000 | #Constraints:      47929
c bounds -6451 >= -13056 @ 2120.95
c #Conflicts:     186000 | #Constraints:      48974
c bounds -6451 >= -13054 @ 2139.34
c #Conflicts:     187000 | #Constraints:      50067
c bounds -6451 >= -13052 @ 2164.23
c #Conflicts:     188000 | #Constraints:      51127
c bounds -6451 >= -13050 @ 2167.37
c bounds -6451 >= -13048 @ 2176.37
c bounds -6451 >= -13046 @ 2179.52
c #Conflicts:     189000 | #Constraints:      52244
c bounds -6451 >= -13044 @ 2194.63
c #Conflicts:     190000 | #Constraints:      53298
c bounds -6451 >= -13042 @ 2203.47
c bounds -6451 >= -13040 @ 2207.98
c #Conflicts:     191000 | #Constraints:      54427
c bounds -6451 >= -13038 @ 2221.18
c #Conflicts:     192000 | #Constraints:      55478
c bounds -6451 >= -13036 @ 2234.31
c bounds -6451 >= -13034 @ 2239.58
c #Conflicts:     193000 | #Constraints:      56568
c bounds -6451 >= -13032 @ 2252.73
c #Conflicts:     194000 | #Constraints:      57643
c bounds -6451 >= -13030 @ 2267.15
c bounds -6451 >= -13028 @ 2272.98
c #Conflicts:     195000 | #Constraints:      58727
c bounds -6451 >= -13026 @ 2280.91
c #Conflicts:     196000 | #Constraints:      59769
c bounds -6451 >= -13024 @ 2291.93
c bounds -6451 >= -13022 @ 2303.6
c #Conflicts:     197000 | #Constraints:      60862
c bounds -6451 >= -13020 @ 2313.16
c #Conflicts:     198000 | #Constraints:      61922
c #Conflicts:     199000 | #Constraints:      62922
c bounds -6451 >= -13018 @ 2340.98
c bounds -6451 >= -13016 @ 2347.64
c #Conflicts:     200000 | #Constraints:      64036
c #Conflicts:     201000 | #Constraints:      65036
c bounds -6451 >= -13014 @ 2373.31
c #Conflicts:     202000 | #Constraints:      66105
c bounds -6451 >= -13012 @ 2399.96
c bounds -6451 >= -13010 @ 2407.18
c #Conflicts:     203000 | #Constraints:      67234
c #Conflicts:     204000 | #Constraints:      68234
c bounds -6451 >= -13008 @ 2430.7
c #Conflicts:     205000 | #Constraints:      69285
c bounds -6451 >= -13006 @ 2455.85
c #Conflicts:     206000 | #Constraints:      70357
c bounds -6451 >= -13004 @ 2464.26
c #Conflicts:     207000 | #Constraints:      71393
c #Conflicts:     208000 | #Constraints:      72393
c bounds -6451 >= -13002 @ 2495.74
c #Conflicts:     209000 | #Constraints:      73444
c bounds -6452 >= -13002 @ 2502.07
c bounds -6452 >= -12998 @ 2502.13
c bounds -6452 >= -12996 @ 2506.88
c bounds -6452 >= -12994 @ 2510.41
c bounds -6452 >= -12992 @ 2518.09
c #Conflicts:     210000 | #Constraints:      74544
c INPROCESSING
c GARBAGE COLLECT
c bounds -6452 >= -12990 @ 2528.46
c #Conflicts:     211000 | #Constraints:      50671
c bounds -6452 >= -12988 @ 2537.51
c bounds -6452 >= -12986 @ 2543.5
c bounds -6453 >= -12986 @ 2544.39
c bounds -6454 >= -12986 @ 2544.57
c bounds -6455 >= -12986 @ 2544.71
c bounds -6456 >= -12986 @ 2545.2
c bounds -6457 >= -12986 @ 2545.45
c bounds -6458 >= -12986 @ 2546.12
c bounds -6459 >= -12986 @ 2546.57
c #Conflicts:     212000 | #Constraints:      51756
c bounds -6459 >= -12984 @ 2547.67
c #Conflicts:     213000 | #Constraints:      52771
c #Conflicts:     214000 | #Constraints:      53771
c #Conflicts:     215000 | #Constraints:      54771
c #Conflicts:     216000 | #Constraints:      55771
c #Conflicts:     217000 | #Constraints:      56771
c #Conflicts:     218000 | #Constraints:      57771
c #Conflicts:     219000 | #Constraints:      58771
c #Conflicts:     220000 | #Constraints:      59771
c #Conflicts:     221000 | #Constraints:      60771
c INPROCESSING
c GARBAGE COLLECT
c #Conflicts:     222000 | #Constraints:      43890
c bounds -6459 >= -12982 @ 2587.4
c #Conflicts:     223000 | #Constraints:      44935
c bounds -6459 >= -12980 @ 2602.66
c #Conflicts:     224000 | #Constraints:      45995
c #Conflicts:     225000 | #Constraints:      46995
c #Conflicts:     226000 | #Constraints:      47995
c #Conflicts:     227000 | #Constraints:      48995
c #Conflicts:     228000 | #Constraints:      49995
c #Conflicts:     229000 | #Constraints:      50995
c #Conflicts:     230000 | #Constraints:      51995
c #Conflicts:     231000 | #Constraints:      52995
c bounds -6460 >= -12980 @ 2745.75
c bounds -6460 >= -12978 @ 2759.1
c bounds -6460 >= -12976 @ 2764.47
c #Conflicts:     232000 | #Constraints:      54101
c bounds -6460 >= -12974 @ 2772.69
c bounds -6460 >= -12972 @ 2782.7
c #Conflicts:     233000 | #Constraints:      55194
c bounds -6460 >= -12970 @ 2792.79
c #Conflicts:     234000 | #Constraints:      56254
c bounds -6460 >= -12968 @ 2804.19
c bounds -6460 >= -12966 @ 2812.18
c #Conflicts:     235000 | #Constraints:      57359
c bounds -6460 >= -12964 @ 2821.24
c bounds -6460 >= -12962 @ 2828.87
c bounds -6460 >= -12960 @ 2837.28
c #Conflicts:     236000 | #Constraints:      58545
c bounds -6460 >= -12958 @ 2850.95
c #Conflicts:     237000 | #Constraints:      59620
c bounds -6460 >= -12956 @ 2866.74
c #Conflicts:     238000 | #Constraints:      60701
c bounds -6460 >= -12954 @ 2886.72
c #Conflicts:     239000 | #Constraints:      61779
c bounds -6460 >= -12952 @ 2904.35
c #Conflicts:     240000 | #Constraints:      62845
c bounds -6460 >= -12950 @ 2923.73
c #Conflicts:     241000 | #Constraints:      63893
c #Conflicts:     242000 | #Constraints:      64893
c bounds -6460 >= -12948 @ 2958.38
c bounds -6460 >= -12946 @ 2970.59
c #Conflicts:     243000 | #Constraints:      65989
c bounds -6460 >= -12944 @ 2982.2
c bounds -6460 >= -12942 @ 2996.42
c #Conflicts:     244000 | #Constraints:      67103
c bounds -6460 >= -12940 @ 3015.93
c #Conflicts:     245000 | #Constraints:      68154
c #Conflicts:     246000 | #Constraints:      69154
c bounds -6460 >= -12938 @ 3039.67
c #Conflicts:     247000 | #Constraints:      70232
c bounds -6460 >= -12936 @ 3078.23
c #Conflicts:     248000 | #Constraints:      71310
c bounds -6460 >= -12934 @ 3102.25
c #Conflicts:     249000 | #Constraints:      72379
c #Conflicts:     250000 | #Constraints:      73379
c bounds -6460 >= -12932 @ 3131
c #Conflicts:     251000 | #Constraints:      74439
c bounds -6460 >= -12930 @ 3156.77
c #Conflicts:     252000 | #Constraints:      75508
c bounds -6460 >= -12928 @ 3174.02
c #Conflicts:     253000 | #Constraints:      76586
c bounds -6460 >= -12926 @ 3202.3
c #Conflicts:     254000 | #Constraints:      77643
c bounds -6460 >= -12924 @ 3225.63
c #Conflicts:     255000 | #Constraints:      78715
c bounds -6460 >= -12922 @ 3251.14
c bounds -6460 >= -12920 @ 3261.8
c #Conflicts:     256000 | #Constraints:      79847
c #Conflicts:     257000 | #Constraints:      80847
c INPROCESSING
c GARBAGE COLLECT
c bounds -6460 >= -12918 @ 3299.83
c #Conflicts:     258000 | #Constraints:      54070
c bounds -6460 >= -12916 @ 3312.07
c #Conflicts:     259000 | #Constraints:      55115
c bounds -6460 >= -12914 @ 3344.31
c #Conflicts:     260000 | #Constraints:      56211
c bounds -6460 >= -12912 @ 3366.72
c #Conflicts:     261000 | #Constraints:      57247
c bounds -6460 >= -12910 @ 3383.91
c #Conflicts:     262000 | #Constraints:      58295
c #Conflicts:     263000 | #Constraints:      59295
c bounds -6460 >= -12908 @ 3434.42
c #Conflicts:     264000 | #Constraints:      60352
c bounds -6460 >= -12906 @ 3454.57
c #Conflicts:     265000 | #Constraints:      61433
c bounds -6460 >= -12904 @ 3474.56
c #Conflicts:     266000 | #Constraints:      62490
c #Conflicts:     267000 | #Constraints:      63490
c bounds -6460 >= -12902 @ 3521.58
c #Conflicts:     268000 | #Constraints:      64565
c bounds -6460 >= -12900 @ 3538.19
c #Conflicts:     269000 | #Constraints:      65610
c INPROCESSING
c GARBAGE COLLECT
c bounds -6460 >= -12898 @ 3570.31
c #Conflicts:     270000 | #Constraints:      48232
c bounds -6460 >= -12896 @ 3589.97
c #Conflicts:     271000 | #Constraints:      49307
c #Conflicts:     272000 | #Constraints:      50307
c bounds -6460 >= -12894 @ 3613.41
c bounds -6460 >= -12892 @ 3629.16
c #Conflicts:     273000 | #Constraints:      51460
c bounds -6460 >= -12890 @ 3641.56
c #Conflicts:     274000 | #Constraints:      52526
c bounds -6460 >= -12888 @ 3653.55
c #Conflicts:     275000 | #Constraints:      53607
c bounds -6460 >= -12886 @ 3678.24
c bounds -6460 >= -12884 @ 3691.69
c #Conflicts:     276000 | #Constraints:      54721
c bounds -6460 >= -12882 @ 3707.67
c #Conflicts:     277000 | #Constraints:      55754
c bounds -6460 >= -12880 @ 3733.89
c #Conflicts:     278000 | #Constraints:      56853
c #Conflicts:     279000 | #Constraints:      57853
c bounds -6460 >= -12878 @ 3768.41
c #Conflicts:     280000 | #Constraints:      58916
c bounds -6460 >= -12876 @ 3805.26
c #Conflicts:     281000 | #Constraints:      59976
c #Conflicts:     282000 | #Constraints:      60976
c bounds -6460 >= -12874 @ 3827.67
c #Conflicts:     283000 | #Constraints:      62051
c bounds -6460 >= -12872 @ 3854.25
c #Conflicts:     284000 | #Constraints:      63108
c #Conflicts:     285000 | #Constraints:      64108
c bounds -6460 >= -12870 @ 3885.91
c #Conflicts:     286000 | #Constraints:      65201
c bounds -6460 >= -12868 @ 3913.29
c #Conflicts:     287000 | #Constraints:      66246
c bounds -6461 >= -12868 @ 3918.91
c #Conflicts:     288000 | #Constraints:      67247
c bounds -6462 >= -12868 @ 3924.17
c bounds -6462 >= -12866 @ 3924.25
c bounds -6462 >= -12864 @ 3924.47
c #Conflicts:     289000 | #Constraints:      68266
c bounds -6462 >= -12862 @ 3945.24
c #Conflicts:     290000 | #Constraints:      69305
c bounds -6462 >= -12860 @ 3983.99
c #Conflicts:     291000 | #Constraints:      70356
c #Conflicts:     292000 | #Constraints:      71356
c bounds -6463 >= -12860 @ 3994.54
c bounds -6463 >= -12856 @ 3997.82
c #Conflicts:     293000 | #Constraints:      72363
c bounds -6463 >= -12854 @ 4018.55
c #Conflicts:     294000 | #Constraints:      73429
c bounds -6464 >= -12854 @ 4030.83
c #Conflicts:     295000 | #Constraints:      74430
c bounds -6464 >= -12852 @ 4044.92
c #Conflicts:     296000 | #Constraints:      75481
c bounds -6464 >= -12850 @ 4069.08
c #Conflicts:     297000 | #Constraints:      76547
c bounds -6464 >= -12848 @ 4101.66
c #Conflicts:     298000 | #Constraints:      77613
c bounds -6464 >= -12846 @ 4114.38
c #Conflicts:     299000 | #Constraints:      78655
c bounds -6464 >= -12844 @ 4144.99
c #Conflicts:     300000 | #Constraints:      79700
c #Conflicts:     301000 | #Constraints:      80700
c #Conflicts:     302000 | #Constraints:      81700
c bounds -6465 >= -12844 @ 4177.76
c bounds -6465 >= -12842 @ 4193.15
c #Conflicts:     303000 | #Constraints:      82737
c bounds -6465 >= -12840 @ 4219.77
c #Conflicts:     304000 | #Constraints:      83812
c bounds -6465 >= -12838 @ 4244.31
c #Conflicts:     305000 | #Constraints:      84875
c #Conflicts:     306000 | #Constraints:      85875
c bounds -6465 >= -12836 @ 4292.84
c #Conflicts:     307000 | #Constraints:      86935
c bounds -6466 >= -12836 @ 4314.51
c #Conflicts:     308000 | #Constraints:      87936
c bounds -6466 >= -12834 @ 4327.04
c bounds -6466 >= -12832 @ 4357.8
c #Conflicts:     309000 | #Constraints:      89032
c INPROCESSING
c GARBAGE COLLECT
c bounds -6466 >= -12830 @ 4370.24
c bounds -6466 >= -12828 @ 4372.56
c #Conflicts:     310000 | #Constraints:      59330
c bounds -6466 >= -12826 @ 4389.29
c #Conflicts:     311000 | #Constraints:      60372
c bounds -6466 >= -12824 @ 4400.5
c bounds -6466 >= -12822 @ 4409.23
c #Conflicts:     312000 | #Constraints:      61456
c bounds -6466 >= -12820 @ 4438.71
c #Conflicts:     313000 | #Constraints:      62549
c bounds -6466 >= -12818 @ 4455.92
c #Conflicts:     314000 | #Constraints:      63597
c bounds -6467 >= -12818 @ 4462.52
c #Conflicts:     315000 | #Constraints:      64598
c bounds -6467 >= -12816 @ 4476.6
c #Conflicts:     316000 | #Constraints:      65634
c bounds -6468 >= -12816 @ 4483.11
c bounds -6468 >= -12814 @ 4495.92
c bounds -6468 >= -12812 @ 4499.92
c bounds -6469 >= -12812 @ 4500.34
c bounds -6470 >= -12812 @ 4502.16
c #Conflicts:     317000 | #Constraints:      66706
c bounds -6470 >= -12810 @ 4521.72
c #Conflicts:     318000 | #Constraints:      67736
c #Conflicts:     319000 | #Constraints:      68736
c #Conflicts:     320000 | #Constraints:      69736
c #Conflicts:     321000 | #Constraints:      70736
c #Conflicts:     322000 | #Constraints:      71736
c INPROCESSING
c GARBAGE COLLECT
c bounds -6470 >= -12808 @ 4607.75
c #Conflicts:     323000 | #Constraints:      53660
c bounds -6470 >= -12806 @ 4614.04
c bounds -6470 >= -12804 @ 4632.8
c #Conflicts:     324000 | #Constraints:      54747
c bounds -6470 >= -12802 @ 4647.53
c #Conflicts:     325000 | #Constraints:      55795
c bounds -6470 >= -12800 @ 4672.57
c #Conflicts:     326000 | #Constraints:      56864
c bounds -6470 >= -12798 @ 4687.97
c bounds -6470 >= -12796 @ 4705.2
c #Conflicts:     327000 | #Constraints:      57948
c bounds -6470 >= -12794 @ 4715.56
c bounds -6470 >= -12792 @ 4736.67
c #Conflicts:     328000 | #Constraints:      59050
c bounds -6470 >= -12790 @ 4764.17
c #Conflicts:     329000 | #Constraints:      60128
c bounds -6470 >= -12788 @ 4787.08
c bounds -6470 >= -12786 @ 4796.66
c #Conflicts:     330000 | #Constraints:      61215
c bounds -6470 >= -12784 @ 4818.82
c #Conflicts:     331000 | #Constraints:      62275
c bounds -6470 >= -12782 @ 4846.66
c #Conflicts:     332000 | #Constraints:      63359
c bounds -6470 >= -12780 @ 4861.04
c #Conflicts:     333000 | #Constraints:      64401
c bounds -6470 >= -12778 @ 4882.47
c bounds -6470 >= -12776 @ 4907.77
c #Conflicts:     334000 | #Constraints:      65509
c bounds -6470 >= -12774 @ 4941.12
c #Conflicts:     335000 | #Constraints:      66590
c #Conflicts:     336000 | #Constraints:      67590
c bounds -6470 >= -12772 @ 4976.51
c bounds -6470 >= -12770 @ 4993.18
c #Conflicts:     337000 | #Constraints:      68710
c bounds -6470 >= -12768 @ 5011.6
c bounds -6470 >= -12766 @ 5033.42
c #Conflicts:     338000 | #Constraints:      69812
c bounds -6470 >= -12764 @ 5059.85
c #Conflicts:     339000 | #Constraints:      70860
c bounds -6470 >= -12762 @ 5082.1
c #Conflicts:     340000 | #Constraints:      71932
c bounds -6470 >= -12760 @ 5122.41
c #Conflicts:     341000 | #Constraints:      72992
c #Conflicts:     342000 | #Constraints:      73992
c bounds -6470 >= -12758 @ 5172.6
c bounds -6471 >= -12758 @ 5174.16
c bounds -6472 >= -12758 @ 5174.32
c bounds -6473 >= -12758 @ 5174.44
c bounds -6474 >= -12758 @ 5174.56
c bounds -6475 >= -12758 @ 5174.71
c #Conflicts:     343000 | #Constraints:      75084
c #Conflicts:     344000 | #Constraints:      76084
c #Conflicts:     345000 | #Constraints:      77084
c bounds -6476 >= -12758 @ 5195.38
c bounds -6476 >= -12756 @ 5196.6
c bounds -6476 >= -12754 @ 5214.52
c #Conflicts:     346000 | #Constraints:      78127
c bounds -6476 >= -12752 @ 5232.06
c bounds -6476 >= -12750 @ 5249.15
c #Conflicts:     347000 | #Constraints:      79229
c bounds -6476 >= -12748 @ 5272.4
c #Conflicts:     348000 | #Constraints:      80289
c bounds -6476 >= -12746 @ 5302.86
c bounds -6477 >= -12746 @ 5304.94
c #Conflicts:     349000 | #Constraints:      81335
c #Conflicts:     350000 | #Constraints:      82335
c #Conflicts:     351000 | #Constraints:      83335
c bounds -6478 >= -12746 @ 5339.49
c #Conflicts:     352000 | #Constraints:      84336
c bounds -6478 >= -12744 @ 5361.5
c bounds -6478 >= -12742 @ 5365.58
c #Conflicts:     353000 | #Constraints:      85414
c bounds -6478 >= -12740 @ 5394.44
c #Conflicts:     354000 | #Constraints:      86495
c bounds -6478 >= -12738 @ 5412.44
c bounds -6478 >= -12736 @ 5432.17
c #Conflicts:     355000 | #Constraints:      87615
c #Conflicts:     356000 | #Constraints:      88615
c bounds -6478 >= -12734 @ 5473.4
c #Conflicts:     357000 | #Constraints:      89693
c bounds -6478 >= -12732 @ 5503.58
c #Conflicts:     358000 | #Constraints:      90756
c bounds -6478 >= -12730 @ 5536.65
c #Conflicts:     359000 | #Constraints:      91816
c bounds -6479 >= -12730 @ 5556.96
c #Conflicts:     360000 | #Constraints:      92817
c bounds -6479 >= -12728 @ 5591
c #Conflicts:     361000 | #Constraints:      93871
c bounds -6479 >= -12726 @ 5614.72
c bounds -6480 >= -12726 @ 5615.63
c #Conflicts:     362000 | #Constraints:      94905
c bounds -6481 >= -12726 @ 5669.09
c #Conflicts:     363000 | #Constraints:      95906
c bounds -6481 >= -12724 @ 5700.36
c #Conflicts:     364000 | #Constraints:      96945
c bounds -6481 >= -12722 @ 5733.19
c INPROCESSING
c GARBAGE COLLECT
c #Conflicts:     365000 | #Constraints:      63542
c bounds -6481 >= -12720 @ 5781.23
c #Conflicts:     366000 | #Constraints:      64605
c #Conflicts:     367000 | #Constraints:      65605
c bounds -6481 >= -12718 @ 5833.7
c #Conflicts:     368000 | #Constraints:      66695
c bounds -6481 >= -12716 @ 5878.58
c #Conflicts:     369000 | #Constraints:      67764
c #Conflicts:     370000 | #Constraints:      68764
c bounds -6481 >= -12714 @ 5936.66
c #Conflicts:     371000 | #Constraints:      69863
c #Conflicts:     372000 | #Constraints:      70863
c bounds -6481 >= -12712 @ 5992.66
c #Conflicts:     373000 | #Constraints:      71947
c #Conflicts:     374000 | #Constraints:      72947
c bounds -6481 >= -12710 @ 6050.68
c #Conflicts:     375000 | #Constraints:      74037
c bounds -6481 >= -12708 @ 6092.42
c #Conflicts:     376000 | #Constraints:      75115
c bounds -6481 >= -12706 @ 6128.59
c #Conflicts:     377000 | #Constraints:      76208
c #Conflicts:     378000 | #Constraints:      77208
c bounds -6482 >= -12706 @ 6140.5
c bounds -6482 >= -12702 @ 6141.82
c #Conflicts:     379000 | #Constraints:      78216
c bounds -6482 >= -12700 @ 6168.87
c INPROCESSING
c GARBAGE COLLECT
c #Conflicts:     380000 | #Constraints:      59733
c bounds -6482 >= -12698 @ 6205.13
c #Conflicts:     381000 | #Constraints:      60796
c #Conflicts:     382000 | #Constraints:      61796
c #Conflicts:     383000 | #Constraints:      62796
c #Conflicts:     384000 | #Constraints:      63796
c #Conflicts:     385000 | #Constraints:      64796
c #Conflicts:     386000 | #Constraints:      65796
c #Conflicts:     387000 | #Constraints:      66796
c bounds -6483 >= -12698 @ 6294.55
c #Conflicts:     388000 | #Constraints:      67797
c bounds -6483 >= -12696 @ 6329.97
c #Conflicts:     389000 | #Constraints:      68890
c #Conflicts:     390000 | #Constraints:      69890
c #Conflicts:     391000 | #Constraints:      70890
c bounds -6483 >= -12694 @ 6408
c #Conflicts:     392000 | #Constraints:      72019
c bounds -6483 >= -12692 @ 6453.28
c #Conflicts:     393000 | #Constraints:      73106
c #Conflicts:     394000 | #Constraints:      74106
c bounds -6483 >= -12690 @ 6512.9
c #Conflicts:     395000 | #Constraints:      75190
c bounds -6483 >= -12688 @ 6557.63
c #Conflicts:     396000 | #Constraints:      76280
c #Conflicts:     397000 | #Constraints:      77280
c bounds -6483 >= -12686 @ 6601.77
c #Conflicts:     398000 | #Constraints:      78379
c bounds -6483 >= -12684 @ 6645.13
c #Conflicts:     399000 | #Constraints:      79493
c #Conflicts:     400000 | #Constraints:      80493
c bounds -6483 >= -12682 @ 6695.22
c #Conflicts:     401000 | #Constraints:      81571
c bounds -6483 >= -12680 @ 6756.93
c #Conflicts:     402000 | #Constraints:      82652
c #Conflicts:     403000 | #Constraints:      83652
c bounds -6483 >= -12678 @ 6821.33
c #Conflicts:     404000 | #Constraints:      84718
c #Conflicts:     405000 | #Constraints:      85718
c #Conflicts:     406000 | #Constraints:      86718
c bounds -6483 >= -12676 @ 6913.99
c #Conflicts:     407000 | #Constraints:      87823
c bounds -6483 >= -12674 @ 6972.34
c #Conflicts:     408000 | #Constraints:      88898
c #Conflicts:     409000 | #Constraints:      89898
c bounds -6484 >= -12674 @ 7022.11
c #Conflicts:     410000 | #Constraints:      90899
c bounds -6484 >= -12672 @ 7054.87
c #Conflicts:     411000 | #Constraints:      91953
c #Conflicts:     412000 | #Constraints:      92953
c bounds -6484 >= -12670 @ 7100.77
c #Conflicts:     413000 | #Constraints:      94013
c bounds -6484 >= -12668 @ 7138.01
c #Conflicts:     414000 | #Constraints:      95058
c bounds -6484 >= -12666 @ 7182.64
c #Conflicts:     415000 | #Constraints:      96109
c bounds -6484 >= -12664 @ 7224.68
c #Conflicts:     416000 | #Constraints:      97217
c #Conflicts:     417000 | #Constraints:      98217
c bounds -6484 >= -12662 @ 7289.05
c #Conflicts:     418000 | #Constraints:      99283
c bounds -6484 >= -12660 @ 7363.61
c bounds -6485 >= -12660 @ 7364.49
c bounds -6486 >= -12660 @ 7365.04
c bounds -6487 >= -12660 @ 7365.61
c bounds -6488 >= -12660 @ 7366.17
c #Conflicts:     419000 | #Constraints:     100383
c bounds -6489 >= -12660 @ 7383.75
c bounds -6489 >= -12658 @ 7409.71
c #Conflicts:     420000 | #Constraints:     101423
c #Conflicts:     421000 | #Constraints:     102423
c bounds -6489 >= -12656 @ 7483.09
c #Conflicts:     422000 | #Constraints:     103486
c #Conflicts:     423000 | #Constraints:     104486
c #Conflicts:     424000 | #Constraints:     105486
c #Conflicts:     425000 | #Constraints:     106486
c INPROCESSING
c GARBAGE COLLECT
c #Conflicts:     426000 | #Constraints:      69680
c #Conflicts:     427000 | #Constraints:      70680
c bounds -6489 >= -12654 @ 7615.18
c #Conflicts:     428000 | #Constraints:      71764
c bounds -6489 >= -12652 @ 7671.74
c #Conflicts:     429000 | #Constraints:      72836
c bounds -6489 >= -12650 @ 7711.22
c #Conflicts:     430000 | #Constraints:      73914
c #Conflicts:     431000 | #Constraints:      74914
c bounds -6489 >= -12648 @ 7768.59
c #Conflicts:     432000 | #Constraints:      75971
c #Conflicts:     433000 | #Constraints:      76971
c #Conflicts:     434000 | #Constraints:      77971
c bounds -6489 >= -12646 @ 7871.23
c bounds -6490 >= -12646 @ 7871.7
c #Conflicts:     435000 | #Constraints:      79041
c #Conflicts:     436000 | #Constraints:      80041
c #Conflicts:     437000 | #Constraints:      81041
c #Conflicts:     438000 | #Constraints:      82041
c #Conflicts:     439000 | #Constraints:      83041
c #Conflicts:     440000 | #Constraints:      84041
c #Conflicts:     441000 | #Constraints:      85041
c INPROCESSING
c GARBAGE COLLECT
c #Conflicts:     442000 | #Constraints:      65343
c #Conflicts:     443000 | #Constraints:      66343
c #Conflicts:     444000 | #Constraints:      67343
c #Conflicts:     445000 | #Constraints:      68343
c #Conflicts:     446000 | #Constraints:      69343
c bounds -6490 >= -12644 @ 8123.92
c #Conflicts:     447000 | #Constraints:      70472
c #Conflicts:     448000 | #Constraints:      71472
c #Conflicts:     449000 | #Constraints:      72472
c #Conflicts:     450000 | #Constraints:      73472
c #Conflicts:     451000 | #Constraints:      74472
c bounds -6490 >= -12642 @ 8298.72
c #Conflicts:     452000 | #Constraints:      75592
c #Conflicts:     453000 | #Constraints:      76592
c #Conflicts:     454000 | #Constraints:      77592
c #Conflicts:     455000 | #Constraints:      78592
c bounds -6490 >= -12640 @ 8415.54
c #Conflicts:     456000 | #Constraints:      79664
c #Conflicts:     457000 | #Constraints:      80664
c #Conflicts:     458000 | #Constraints:      81664
c bounds -6490 >= -12638 @ 8529.16
c #Conflicts:     459000 | #Constraints:      82748
c #Conflicts:     460000 | #Constraints:      83748
c #Conflicts:     461000 | #Constraints:      84748
c #Conflicts:     462000 | #Constraints:      85748
c #Conflicts:     463000 | #Constraints:      86748
c #Conflicts:     464000 | #Constraints:      87748
c #Conflicts:     465000 | #Constraints:      88748
c #Conflicts:     466000 | #Constraints:      89748
c #Conflicts:     467000 | #Constraints:      