c RoundingSat 2
c branch 
c commit 
c #variables 15024 #constraints 31981
c bounds - >= -2504 @ 0.115781
c bounds 0 >= -2504 @ 0.123167
c bounds 0 >= -2503 @ 0.128373
c bounds -51 >= -2503 @ 0.1435
c bounds -51 >= -2502 @ 0.146388
c bounds -51 >= -2501 @ 0.151404
c bounds -52 >= -2501 @ 0.316125
c bounds -52 >= -2500 @ 0.31882
c bounds -52 >= -2499 @ 0.324636
c bounds -52 >= -2498 @ 0.328685
c bounds -52 >= -2497 @ 0.334258
c bounds -52 >= -2496 @ 0.339796
c bounds -52 >= -2495 @ 0.345317
c bounds -52 >= -2494 @ 0.350826
c bounds -52 >= -2493 @ 0.354346
c bounds -52 >= -2492 @ 0.358926
c bounds -52 >= -2491 @ 0.364279
c bounds -52 >= -2490 @ 0.367902
c bounds -52 >= -2489 @ 0.373217
c bounds -52 >= -2488 @ 0.377669
c bounds -52 >= -2487 @ 0.382224
c bounds -52 >= -2486 @ 0.38562
c bounds -52 >= -2485 @ 0.39018
c bounds -52 >= -2484 @ 0.393591
c bounds -52 >= -2483 @ 0.397095
c bounds -52 >= -2482 @ 0.400563
c bounds -52 >= -2481 @ 0.404768
c bounds -52 >= -2480 @ 0.408535
c bounds -52 >= -2479 @ 0.413418
c bounds -52 >= -2478 @ 0.418503
c bounds -52 >= -2477 @ 0.422071
c bounds -52 >= -2476 @ 0.425477
c bounds -52 >= -2475 @ 0.429063
c bounds -52 >= -2474 @ 0.432603
c bounds -52 >= -2473 @ 0.43911
c bounds -52 >= -2472 @ 0.443628
c bounds -52 >= -2471 @ 0.447308
c bounds -52 >= -2470 @ 0.449994
c bounds -52 >= -2469 @ 0.454308
c bounds -52 >= -2468 @ 0.457843
c bounds -52 >= -2467 @ 0.463309
c bounds -52 >= -2466 @ 0.468885
c bounds -53 >= -2466 @ 0.659491
c bounds -53 >= -2465 @ 0.665713
c bounds -53 >= -2464 @ 0.670189
c bounds -53 >= -2463 @ 0.673499
c bounds -53 >= -2462 @ 0.675892
c bounds -53 >= -2461 @ 0.679654
c bounds -53 >= -2460 @ 0.68367
c bounds -53 >= -2459 @ 0.689097
c bounds -53 >= -2458 @ 0.695158
c bounds -53 >= -2457 @ 0.698594
c bounds -53 >= -2456 @ 0.701806
c bounds -53 >= -2455 @ 0.706952
c bounds -53 >= -2454 @ 0.71354
c bounds -53 >= -2453 @ 0.720531
c bounds -53 >= -2452 @ 0.726849
c bounds -53 >= -2451 @ 0.732027
c bounds -53 >= -2450 @ 0.737468
c bounds -53 >= -2449 @ 0.740458
c bounds -53 >= -2448 @ 0.747689
c bounds -53 >= -2447 @ 0.751328
c bounds -53 >= -2446 @ 0.754406
c bounds -53 >= -2445 @ 0.758212
c bounds -53 >= -2444 @ 0.764598
c bounds -53 >= -2443 @ 0.769743
c bounds -53 >= -2442 @ 0.771336
c bounds -53 >= -2441 @ 0.77532
c bounds -53 >= -2440 @ 0.779527
c bounds -53 >= -2439 @ 0.781519
c bounds -53 >= -2438 @ 0.786142
c bounds -53 >= -2437 @ 0.79141
c bounds -53 >= -2436 @ 0.798722
c bounds -53 >= -2435 @ 0.802839
c bounds -53 >= -2434 @ 0.807109
c bounds -53 >= -2433 @ 0.814318
c bounds -53 >= -2432 @ 0.81866
c bounds -53 >= -2431 @ 0.825721
c bounds -53 >= -2430 @ 0.830148
c bounds -53 >= -2429 @ 0.832176
c bounds -53 >= -2428 @ 0.836385
c bounds -53 >= -2427 @ 0.840107
c bounds -53 >= -2426 @ 0.844703
c bounds -53 >= -2425 @ 0.852823
c bounds -53 >= -2424 @ 0.8577
c bounds -53 >= -2423 @ 0.862639
c bounds -53 >= -2422 @ 0.867572
c bounds -53 >= -2421 @ 0.871491
c bounds -53 >= -2420 @ 0.875988
c #Conflicts:       1000 | #Constraints:      33248
c bounds -53 >= -2419 @ 0.884739
c bounds -53 >= -2418 @ 0.891085
c bounds -53 >= -2417 @ 0.898802
c bounds -53 >= -2416 @ 0.90417
c bounds -53 >= -2415 @ 0.915382
c bounds -53 >= -2414 @ 0.918493
c bounds -53 >= -2413 @ 0.923064
c bounds -53 >= -2412 @ 0.929888
c bounds -53 >= -2411 @ 0.936975
c bounds -53 >= -2410 @ 0.941993
c bounds -53 >= -2409 @ 0.945255
c bounds -53 >= -2408 @ 0.955553
c bounds -53 >= -2407 @ 0.957621
c bounds -53 >= -2406 @ 0.964916
c bounds -53 >= -2405 @ 0.972887
c bounds -53 >= -2404 @ 0.984433
c bounds -53 >= -2403 @ 0.985655
c bounds -53 >= -2402 @ 0.98986
c bounds -53 >= -2401 @ 0.996895
c bounds -53 >= -2400 @ 1.00001
c bounds -53 >= -2399 @ 1.00315
c bounds -53 >= -2398 @ 1.00818
c bounds -53 >= -2397 @ 1.01456
c bounds -53 >= -2396 @ 1.01754
c bounds -53 >= -2395 @ 1.02353
c bounds -53 >= -2394 @ 1.02964
c bounds -53 >= -2393 @ 1.03587
c bounds -53 >= -2392 @ 1.03892
c bounds -53 >= -2391 @ 1.04384
c bounds -53 >= -2390 @ 1.04889
c bounds -53 >= -2389 @ 1.05387
c bounds -53 >= -2388 @ 1.0599
c bounds -53 >= -2387 @ 1.06496
c bounds -53 >= -2386 @ 1.06939
c bounds -53 >= -2385 @ 1.07369
c bounds -53 >= -2384 @ 1.07859
c bounds -53 >= -2383 @ 1.08313
c bounds -62 >= -2383 @ 1.09222
c bounds -62 >= -2382 @ 1.09705
c bounds -62 >= -2381 @ 1.10029
c #Conflicts:       2000 | #Constraints:      34366
c INPROCESSING
c GARBAGE COLLECT
c bounds -62 >= -2380 @ 1.39603
c bounds -62 >= -2379 @ 1.39838
c bounds -62 >= -2378 @ 1.40321
c bounds -62 >= -2377 @ 1.40747
c bounds -62 >= -2376 @ 1.41135
c bounds -62 >= -2375 @ 1.41701
c bounds -62 >= -2374 @ 1.42095
c bounds -62 >= -2373 @ 1.42325
c bounds -62 >= -2372 @ 1.42684
c bounds -62 >= -2371 @ 1.43313
c bounds -62 >= -2370 @ 1.43677
c bounds -62 >= -2369 @ 1.44188
c bounds -62 >= -2368 @ 1.44622
c bounds -62 >= -2367 @ 1.4496
c bounds -62 >= -2366 @ 1.45583
c bounds -62 >= -2365 @ 1.45913
c bounds -62 >= -2364 @ 1.46438
c bounds -62 >= -2363 @ 1.46669
c bounds -62 >= -2362 @ 1.47115
c bounds -62 >= -2361 @ 1.47437
c bounds -62 >= -2360 @ 1.47833
c bounds -62 >= -2359 @ 1.48234
c bounds -62 >= -2358 @ 1.48632
c bounds -62 >= -2357 @ 1.49137
c bounds -62 >= -2356 @ 1.49429
c bounds -62 >= -2355 @ 1.50079
c bounds -62 >= -2354 @ 1.50228
c bounds -62 >= -2353 @ 1.50557
c bounds -62 >= -2352 @ 1.50777
c bounds -62 >= -2351 @ 1.51176
c bounds -62 >= -2350 @ 1.5213
c bounds -62 >= -2349 @ 1.54095
c bounds -62 >= -2348 @ 1.55357
c bounds -62 >= -2347 @ 1.57136
c bounds -62 >= -2346 @ 1.59522
c bounds -62 >= -2345 @ 1.61739
c bounds -62 >= -2344 @ 1.65654
c #Conflicts:       3000 | #Constraints:      34541
c bounds -62 >= -2343 @ 1.77231
c bounds -115 >= -2343 @ 1.814
c bounds -116 >= -2343 @ 1.83027
c bounds -116 >= -2342 @ 1.8335
c bounds -116 >= -2341 @ 1.83553
c bounds -117 >= -2341 @ 1.86416
c bounds -117 >= -2340 @ 1.86792
c bounds -117 >= -2339 @ 1.87314
c bounds -117 >= -2338 @ 1.8766
c bounds -117 >= -2337 @ 1.88091
c bounds -117 >= -2336 @ 1.88724
c bounds -117 >= -2335 @ 1.89012
c bounds -117 >= -2334 @ 1.89913
c bounds -117 >= -2333 @ 1.9038
c #Conflicts:       4000 | #Constraints:      35610
c bounds -118 >= -2333 @ 2.23941
c bounds -118 >= -2332 @ 2.24256
c bounds -118 >= -2331 @ 2.24739
c bounds -118 >= -2330 @ 2.2505
c bounds -118 >= -2329 @ 2.25481
c bounds -118 >= -2328 @ 2.31054
c #Conflicts:       5000 | #Constraints:      36653
c bounds -118 >= -2327 @ 2.63855
c bounds -133 >= -2327 @ 2.67385
c bounds -134 >= -2327 @ 2.77535
c bounds -136 >= -2327 @ 2.97108
c bounds -137 >= -2327 @ 3.08788
c bounds -138 >= -2327 @ 3.31625
c bounds -138 >= -2326 @ 3.32026
c bounds -138 >= -2325 @ 3.32391
c bounds -138 >= -2324 @ 3.32748
c bounds -138 >= -2323 @ 3.33272
c bounds -138 >= -2322 @ 3.33657
c bounds -138 >= -2321 @ 3.33824
c bounds -138 >= -2320 @ 3.34243
c bounds -138 >= -2319 @ 3.34567
c bounds -138 >= -2318 @ 3.35146
c bounds -138 >= -2317 @ 3.35548
c bounds -138 >= -2316 @ 3.35878
c bounds -138 >= -2315 @ 3.36197
c bounds -138 >= -2314 @ 3.36653
c bounds -138 >= -2313 @ 3.37011
c bounds -138 >= -2312 @ 3.37535
c bounds -138 >= -2311 @ 3.37944
c bounds -138 >= -2310 @ 3.38483
c bounds -138 >= -2309 @ 3.38695
c bounds -138 >= -2308 @ 3.39104
c bounds -138 >= -2307 @ 3.39403
c #Conflicts:       6000 | #Constraints:      37760
c bounds -138 >= -2306 @ 3.39702
c INPROCESSING
c GARBAGE COLLECT
c bounds -138 >= -2305 @ 3.41678
c bounds -138 >= -2304 @ 3.41994
c bounds -138 >= -2303 @ 3.42495
c bounds -138 >= -2302 @ 3.43035
c bounds -138 >= -2301 @ 3.43329
c bounds -138 >= -2300 @ 3.43812
c bounds -138 >= -2299 @ 3.4424
c bounds -138 >= -2298 @ 3.44568
c bounds -138 >= -2297 @ 3.44978
c bounds -138 >= -2296 @ 3.45207
c bounds -138 >= -2295 @ 3.45538
c bounds -138 >= -2294 @ 3.45882
c bounds -138 >= -2293 @ 3.46281
c bounds -138 >= -2292 @ 3.4638
c bounds -138 >= -2291 @ 3.46878
c bounds -138 >= -2290 @ 3.47475
c bounds -138 >= -2289 @ 3.47899
c bounds -138 >= -2288 @ 3.48416
c bounds -138 >= -2287 @ 3.48694
c bounds -138 >= -2286 @ 3.48994
c bounds -138 >= -2285 @ 3.49592
c bounds -138 >= -2284 @ 3.50128
c bounds -138 >= -2283 @ 3.5042
c bounds -138 >= -2282 @ 3.50798
c bounds -138 >= -2281 @ 3.51062
c bounds -138 >= -2280 @ 3.51361
c bounds -138 >= -2279 @ 3.51806
c bounds -138 >= -2278 @ 3.52113
c bounds -138 >= -2277 @ 3.52909
c bounds -138 >= -2276 @ 3.53345
c bounds -138 >= -2275 @ 3.53704
c bounds -138 >= -2274 @ 3.54179
c bounds -138 >= -2273 @ 3.54477
c bounds -138 >= -2272 @ 3.54753
c bounds -138 >= -2271 @ 3.55175
c bounds -138 >= -2270 @ 3.55629
c bounds -138 >= -2269 @ 3.56405
c bounds -138 >= -2268 @ 3.56911
c bounds -138 >= -2267 @ 3.57344
c bounds -138 >= -2266 @ 3.57743
c bounds -138 >= -2265 @ 3.5833
c bounds -138 >= -2264 @ 3.58855
c bounds -138 >= -2263 @ 3.59274
c bounds -138 >= -2262 @ 3.5986
c bounds -138 >= -2261 @ 3.60416
c bounds -138 >= -2260 @ 3.60856
c bounds -138 >= -2259 @ 3.61132
c bounds -138 >= -2258 @ 3.61394
c bounds -138 >= -2257 @ 3.61825
c bounds -138 >= -2256 @ 3.62232
c bounds -138 >= -2255 @ 3.62743
c bounds -138 >= -2254 @ 3.6317
c bounds -138 >= -2253 @ 3.63769
c bounds -138 >= -2252 @ 3.64222
c bounds -138 >= -2251 @ 3.64721
c bounds -138 >= -2250 @ 3.65097
c bounds -138 >= -2249 @ 3.6629
c bounds -138 >= -2248 @ 3.66539
c bounds -138 >= -2247 @ 3.67087
c bounds -138 >= -2246 @ 3.67867
c bounds -138 >= -2245 @ 3.68345
c bounds -138 >= -2244 @ 3.69505
c bounds -138 >= -2243 @ 3.69916
c bounds -138 >= -2242 @ 3.7047
c bounds -138 >= -2241 @ 3.70701
c bounds -138 >= -2240 @ 3.7144
c bounds -138 >= -2239 @ 3.71841
c bounds -138 >= -2238 @ 3.72432
c bounds -138 >= -2237 @ 3.7305
c bounds -138 >= -2236 @ 3.74068
c bounds -138 >= -2235 @ 3.74996
c bounds -138 >= -2234 @ 3.75509
c #Conflicts:       7000 | #Constraints:      36368
c bounds -138 >= -2233 @ 3.76612
c bounds -138 >= -2232 @ 3.77546
c bounds -138 >= -2231 @ 3.78041
c bounds -138 >= -2230 @ 3.7852
c bounds -138 >= -2229 @ 3.79274
c bounds -138 >= -2228 @ 3.80131
c bounds -200 >= -2228 @ 3.86991
c bounds -200 >= -2227 @ 3.87271
c bounds -200 >= -2226 @ 3.87632
c bounds -200 >= -2225 @ 3.87893
c bounds -200 >= -2224 @ 3.88154
c bounds -200 >= -2223 @ 3.88677
c bounds -200 >= -2222 @ 3.88946
c bounds -200 >= -2221 @ 3.89305
c bounds -200 >= -2220 @ 3.89564
c bounds -200 >= -2219 @ 3.89893
c bounds -200 >= -2218 @ 3.90432
c bounds -200 >= -2217 @ 3.90767
c bounds -200 >= -2216 @ 3.90937
c bounds -200 >= -2215 @ 3.91059
c bounds -200 >= -2214 @ 3.91531
c bounds -200 >= -2213 @ 3.9184
c bounds -200 >= -2212 @ 3.92156
c bounds -200 >= -2211 @ 3.92255
c bounds -200 >= -2210 @ 3.92373
c bounds -200 >= -2209 @ 3.92481
c bounds -200 >= -2208 @ 3.92988
c bounds -200 >= -2207 @ 3.93229
c bounds -200 >= -2206 @ 3.93528
c bounds -200 >= -2205 @ 3.93737
c bounds -200 >= -2204 @ 3.94073
c bounds -200 >= -2203 @ 3.94525
c bounds -200 >= -2202 @ 3.9486
c bounds -200 >= -2201 @ 3.95092
c bounds -201 >= -2201 @ 4.06012
c bounds -201 >= -2200 @ 4.06513
c bounds -201 >= -2199 @ 4.07046
c bounds -201 >= -2198 @ 4.07531
c bounds -201 >= -2197 @ 4.08048
c bounds -201 >= -2196 @ 4.08356
c bounds -201 >= -2195 @ 4.08911
c bounds -201 >= -2194 @ 4.09581
c bounds -201 >= -2193 @ 4.10179
c bounds -201 >= -2192 @ 4.10873
c bounds -201 >= -2191 @ 4.11396
c bounds -201 >= -2190 @ 4.1167
c bounds -201 >= -2189 @ 4.11984
c bounds -201 >= -2188 @ 4.12325
c bounds -201 >= -2187 @ 4.12891
c #Conflicts:       8000 | #Constraints:      37538
c bounds -201 >= -2186 @ 4.1396
c bounds -201 >= -2185 @ 4.1459
c bounds -201 >= -2184 @ 4.15973
c bounds -201 >= -2183 @ 4.16736
c bounds -201 >= -2182 @ 4.17366
c bounds -201 >= -2181 @ 4.19675
c bounds -201 >= -2180 @ 4.25528
c bounds -211 >= -2180 @ 4.27502
c bounds -212 >= -2180 @ 4.35983
c bounds -213 >= -2180 @ 4.4682
c #Conflicts:       9000 | #Constraints:      38607
c bounds -213 >= -2179 @ 4.58089
c bounds -214 >= -2179 @ 4.78145
c bounds -214 >= -2178 @ 4.78541
c bounds -214 >= -2177 @ 4.78888
c bounds -214 >= -2176 @ 4.79051
c bounds -214 >= -2175 @ 4.79709
c bounds -214 >= -2174 @ 4.80126
c bounds -214 >= -2173 @ 4.80577
c bounds -214 >= -2172 @ 4.8099
c bounds -214 >= -2171 @ 4.81303
c bounds -214 >= -2170 @ 4.81694
c bounds -214 >= -2169 @ 4.82365
c bounds -214 >= -2168 @ 4.82864
c bounds -214 >= -2167 @ 4.83171
c bounds -214 >= -2166 @ 4.83735
c bounds -214 >= -2165 @ 4.84134
c bounds -214 >= -2164 @ 4.84539
c #Conflicts:      10000 | #Constraints:      39674
c bounds -214 >= -2163 @ 5.19242
c bounds -215 >= -2163 @ 5.41312
c bounds -216 >= -2163 @ 5.48634
c #Conflicts:      11000 | #Constraints:      40703
c bounds -218 >= -2163 @ 5.81842
c bounds -219 >= -2163 @ 6.07906
c bounds -219 >= -2162 @ 6.08539
c bounds -219 >= -2161 @ 6.09843
c bounds -219 >= -2160 @ 6.10393
c bounds -219 >= -2159 @ 6.10745
c bounds -219 >= -2158 @ 6.11249
c bounds -219 >= -2157 @ 6.12642
c bounds -219 >= -2156 @ 6.13018
c bounds -219 >= -2155 @ 6.13417
c bounds -219 >= -2154 @ 6.15265
c #Conflicts:      12000 | #Constraints:      41762
c INPROCESSING
c GARBAGE COLLECT
c bounds -219 >= -2153 @ 6.2077
c bounds -219 >= -2152 @ 6.21349
c bounds -219 >= -2151 @ 6.23749
c #Conflicts:      13000 | #Constraints:      38444
c #Conflicts:      14000 | #Constraints:      39444
c bounds -219 >= -2150 @ 7.47958
c bounds -229 >= -2150 @ 7.50111
c #Conflicts:      15000 | #Constraints:      40481
c bounds -230 >= -2150 @ 7.63591
c bounds -231 >= -2150 @ 7.84038
c bounds -232 >= -2150 @ 8.42906
c bounds -233 >= -2150 @ 8.52672
c bounds -234 >= -2150 @ 8.55863
c bounds -235 >= -2150 @ 8.59019
c bounds -236 >= -2150 @ 8.7382
c #Conflicts:      16000 | #Constraints:      41488
c bounds -237 >= -2150 @ 9.50896
c bounds -238 >= -2150 @ 9.83652
c #Conflicts:      17000 | #Constraints:      42490
c #Conflicts:      18000 | #Constraints:      43490
c #Conflicts:      19000 | #Constraints:      44490
c #Conflicts:      20000 | #Constraints:      45490
c INPROCESSING
c GARBAGE COLLECT
c bounds -239 >= -2150 @ 14.2522
c #Conflicts:      21000 | #Constraints:      40432
c #Conflicts:      22000 | #Constraints:      41432
c bounds -240 >= -2150 @ 18.1137
c bounds -240 >= -2149 @ 18.126
c #Conflicts:      23000 | #Constraints:      42466
c #Conflicts:      24000 | #Constraints:      43466
c #Conflicts:      25000 | #Constraints:      44466
c INPROCESSING
c GARBAGE COLLECT
c bounds -241 >= -2149 @ 20.361
c bounds -242 >= -2149 @ 20.5629
c #Conflicts:      26000 | #Constraints:      39717
c bounds -243 >= -2149 @ 21.4863
c #Conflicts:      27000 | #Constraints:      40718
c #Conflicts:      28000 | #Constraints:      41718
c #Conflicts:      29000 | #Constraints:      42718
c bounds -243 >= -2148 @ 23.9437
c bounds -244 >= -2148 @ 24.058
c #Conflicts:      30000 | #Constraints:      43752
c bounds -245 >= -2148 @ 25.2087
c bounds -247 >= -2148 @ 26.485
c #Conflicts:      31000 | #Constraints:      44754
c #Conflicts:      32000 | #Constraints:      45754
c #Conflicts:      33000 | #Constraints:      46754
c #Conflicts:      34000 | #Constraints:      47754
c #Conflicts:      35000 | #Constraints:      48754
c #Conflicts:      36000 | #Constraints:      49754
c INPROCESSING
c GARBAGE COLLECT
c bounds -248 >= -2148 @ 39.8784
c bounds -251 >= -2148 @ 40.2394
c #Conflicts:      37000 | #Constraints:      42378
c bounds -252 >= -2148 @ 40.4846
c bounds -253 >= -2148 @ 40.7324
c bounds -254 >= -2148 @ 41.1032
c bounds -256 >= -2148 @ 41.5189
c #Conflicts:      38000 | #Constraints:      43382
c bounds -258 >= -2148 @ 43.679
c #Conflicts:      39000 | #Constraints:      44383
c bounds -259 >= -2148 @ 44.9867
c bounds -260 >= -2148 @ 45.5761
c bounds -262 >= -2148 @ 45.8746
c #Conflicts:      40000 | #Constraints:      45386
c bounds -263 >= -2148 @ 48.8038
c #Conflicts:      41000 | #Constraints:      46387
c bounds -264 >= -2148 @ 50.8803
c #Conflicts:      42000 | #Constraints:      47388
c bounds -265 >= -2148 @ 53.0367
c bounds -266 >= -2148 @ 54.0292
c #Conflicts:      43000 | #Constraints:      48390
c INPROCESSING
c GARBAGE COLLECT
c #Conflicts:      44000 | #Constraints:      41848
c #Conflicts:      45000 | #Constraints:      42848
c #Conflicts:      46000 | #Constraints:      43848
c #Conflicts:      47000 | #Constraints:      44848
c #Conflicts:      48000 | #Constraints:      45848
c #Conflicts:      49000 | #Constraints:      46848
c bounds -266 >= -2147 @ 63.2645
c bounds -267 >= -2147 @ 63.6995
c #Conflicts:      50000 | #Constraints:      47891
c bounds -270 >= -2147 @ 64.8966
c bounds -271 >= -2147 @ 66.0643
c bounds -272 >= -2147 @ 66.3404
c bounds -273 >= -2147 @ 66.7087
c #Conflicts:      51000 | #Constraints:      48895
c bounds -274 >= -2147 @ 67.4183
c bounds -275 >= -2147 @ 68.323
c #Conflicts:      52000 | #Constraints:      49897
c bounds -276 >= -2147 @ 71.3934
c bounds -277 >= -2147 @ 71.5123
c #Conflicts:      53000 | #Constraints:      50899
c #Conflicts:      54000 | #Constraints:      51899
c bounds -278 >= -2147 @ 77.0534
c bounds -278 >= -2146 @ 77.0559
c #Conflicts:      55000 | #Constraints:      52903
c #Conflicts:      56000 | #Constraints:      53903
c #Conflicts:      57000 | #Constraints:      54903
c INPROCESSING
c GARBAGE COLLECT
c bounds -279 >= -2146 @ 87.567
c bounds -280 >= -2146 @ 87.6511
c bounds -283 >= -2146 @ 87.7119
c #Conflicts:      58000 | #Constraints:      45029
c bounds -284 >= -2146 @ 88.3523
c bounds -285 >= -2146 @ 88.4158
c #Conflicts:      59000 | #Constraints:      46031
c bounds -289 >= -2146 @ 90.6882
c bounds -291 >= -2146 @ 91.4042
c bounds -292 >= -2146 @ 91.7624
c #Conflicts:      60000 | #Constraints:      47034
c bounds -293 >= -2146 @ 92.9259
c bounds -294 >= -2146 @ 93.1519
c #Conflicts:      61000 | #Constraints:      48036
c bounds -295 >= -2146 @ 95.5088
c #Conflicts:      62000 | #Constraints:      49037
c #Conflicts:      63000 | #Constraints:      50037
c #Conflicts:      64000 | #Constraints:      51037
c #Conflicts:      65000 | #Constraints:      52037
c INPROCESSING
c GARBAGE COLLECT
c bounds -298 >= -2146 @ 103.828
c #Conflicts:      66000 | #Constraints:      43611
c bounds -299 >= -2146 @ 104.598
c bounds -300 >= -2146 @ 105.583
c #Conflicts:      67000 | #Constraints:      44613
c #Conflicts:      68000 | #Constraints:      45613
c #Conflicts:      69000 | #Constraints:      46613
c #Conflicts:      70000 | #Constraints:      47613
c bounds -301 >= -2146 @ 117.207
c #Conflicts:      71000 | #Constraints:      48614
c #Conflicts:      72000 | #Constraints:      49614
c #Conflicts:      73000 | #Constraints:      50614
c #Conflicts:      74000 | #Constraints:      51614
c #Conflicts:      75000 | #Constraints:      52614
c bounds -301 >= -2145 @ 125.048
c #Conflicts:      76000 | #Constraints:      53653
c #Conflicts:      77000 | #Constraints:      54653
c #Conflicts:      78000 | #Constraints:      55653
c #Conflicts:      79000 | #Constraints:      56653
c #Conflicts:      80000 | #Constraints:      57653
c #Conflicts:      81000 | #Constraints:      58653
c #Conflicts:      82000 | #Constraints:      59653
c #Conflicts:      83000 | #Constraints:      60653
c INPROCESSING
c GARBAGE COLLECT
c bounds -303 >= -2145 @ 155.045
c bounds -304 >= -2145 @ 155.285
c bounds -308 >= -2145 @ 156.109
c bounds -309 >= -2145 @ 156.517
c bounds -310 >= -2145 @ 156.861
c #Conflicts:      84000 | #Constraints:      48260
c bounds -312 >= -2145 @ 159.461
c bounds -314 >= -2145 @ 159.878
c #Conflicts:      85000 | #Constraints:      49262
c bounds -315 >= -2145 @ 161.071
c bounds -317 >= -2145 @ 161.615
c #Conflicts:      86000 | #Constraints:      50264
c bounds -318 >= -2145 @ 164.042
c bounds -319 >= -2145 @ 164.442
c #Conflicts:      87000 | #Constraints:      51266
c bounds -321 >= -2145 @ 166.574
c #Conflicts:      88000 | #Constraints:      52267
c bounds -324 >= -2145 @ 172.694
c #Conflicts:      89000 | #Constraints:      53268
c #Conflicts:      90000 | #Constraints:      54268
c bounds -330 >= -2145 @ 179.658
c #Conflicts:      91000 | #Constraints:      55269
c #Conflicts:      92000 | #Constraints:      56269
c INPROCESSING
c GARBAGE COLLECT
c bounds -332 >= -2145 @ 183.727
c bounds -333 >= -2145 @ 184.179
c #Conflicts:      93000 | #Constraints:      45915
c #Conflicts:      94000 | #Constraints:      46915
c #Conflicts:      95000 | #Constraints:      47915
c bounds -335 >= -2145 @ 190.741
c #Conflicts:      96000 | #Constraints:      48916
c bounds -335 >= -2144 @ 192.194
c #Conflicts:      97000 | #Constraints:      49946
c #Conflicts:      98000 | #Constraints:      50946
c #Conflicts:      99000 | #Constraints:      51946
c #Conflicts:     100000 | #Constraints:      52946
c #Conflicts:     101000 | #Constraints:      53946
c #Conflicts:     102000 | #Constraints:      54946
c bounds -335 >= -2143 @ 204.501
c #Conflicts:     103000 | #Constraints:      55982
c bounds -338 >= -2143 @ 206.322
c bounds -339 >= -2143 @ 206.96
c #Conflicts:     104000 | #Constraints:      56984
c bounds -340 >= -2143 @ 210.142
c bounds -342 >= -2143 @ 211.089
c #Conflicts:     105000 | #Constraints:      57986
c #Conflicts:     106000 | #Constraints:      58986
c #Conflicts:     107000 | #Constraints:      59986
c #Conflicts:     108000 | #Constraints:      60986
c #Conflicts:     109000 | #Constraints:      61986
c #Conflicts:     110000 | #Constraints:      62986
c bounds -342 >= -2142 @ 233.594
c #Conflicts:     111000 | #Constraints:      64022
c bounds -343 >= -2142 @ 234.746
c bounds -344 >= -2142 @ 235.485
c bounds -345 >= -2142 @ 235.973
c #Conflicts:     112000 | #Constraints:      65025
c bounds -348 >= -2142 @ 240.242
c INPROCESSING
c GARBAGE COLLECT
c #Conflicts:     113000 | #Constraints:      50551
c bounds -349 >= -2142 @ 244.996
c #Conflicts:     114000 | #Constraints:      51552
c #Conflicts:     115000 | #Constraints:      52552
c bounds -350 >= -2142 @ 252.404
c bounds -351 >= -2142 @ 253.262
c #Conflicts:     116000 | #Constraints:      53554
c #Conflicts:     117000 | #Constraints:      54554
c bounds -352 >= -2142 @ 259.925
c #Conflicts:     118000 | #Constraints:      55555
c #Conflicts:     119000 | #Constraints:      56555
c #Conflicts:     120000 | #Constraints:      57555
c #Conflicts:     121000 | #Constraints:      58555
c #Conflicts:     122000 | #Constraints:      59555
c #Conflicts:     123000 | #Constraints:      60555
c INPROCESSING
c GARBAGE COLLECT
c bounds -353 >= -2142 @ 279.373
c #Conflicts:     124000 | #Constraints:      47921
c bounds -355 >= -2142 @ 280.985
c bounds -356 >= -2142 @ 281.236
c bounds -358 >= -2142 @ 281.992
c #Conflicts:     125000 | #Constraints:      48924
c bounds -359 >= -2142 @ 283.024
c bounds -361 >= -2142 @ 284.767
c #Conflicts:     126000 | #Constraints:      49926
c bounds -363 >= -2142 @ 287.085
c bounds -365 >= -2142 @ 287.333
c #Conflicts:     127000 | #Constraints:      50928
c bounds -366 >= -2142 @ 288.361
c bounds -368 >= -2142 @ 288.715
c bounds -373 >= -2142 @ 289.573
c #Conflicts:     128000 | #Constraints:      51931
c bounds -375 >= -2142 @ 291.983
c bounds -376 >= -2142 @ 294.013
c #Conflicts:     129000 | #Constraints:      52933
c bounds -377 >= -2142 @ 294.124
c bounds -378 >= -2142 @ 294.615
c #Conflicts:     130000 | #Constraints:      53935
c #Conflicts:     131000 | #Constraints:      54935
c #Conflicts:     132000 | #Constraints:      55935
c #Conflicts:     133000 | #Constraints:      56935
c #Conflicts:     134000 | #Constraints:      57935
c #Conflicts:     135000 | #Constraints:      58935
c #Conflicts:     136000 | #Constraints:      59935
c #Conflicts:     137000 | #Constraints:      60935
c #Conflicts:     138000 | #Constraints:      61935
c #Conflicts:     139000 | #Constraints:      62935
c #Conflicts:     140000 | #Constraints:      63935
c #Conflicts:     141000 | #Constraints:      64935
c #Conflicts:     142000 | #Constraints:      65935
c #Conflicts:     143000 | #Constraints:      66935
c #Conflicts:     144000 | #Constraints:      67935
c #Conflicts:     145000 | #Constraints:      68935
c #Conflicts:     146000 | #Constraints:      69935
c #Conflicts:     147000 | #Constraints:      70935
c INPROCESSING
c GARBAGE COLLECT
c bounds -380 >= -2142 @ 381.955
c bounds -382 >= -2142 @ 382.118
c #Conflicts:     148000 | #Constraints:      53489
c bounds -383 >= -2142 @ 385.41
c bounds -384 >= -2142 @ 386.196
c #Conflicts:     149000 | #Constraints:      54491
c bounds -388 >= -2142 @ 390.988
c #Conflicts:     150000 | #Constraints:      55492
c bounds -390 >= -2142 @ 392.566
c bounds -392 >= -2142 @ 393.661
c bounds -395 >= -2142 @ 394.307
c #Conflicts:     151000 | #Constraints:      56495
c bounds -396 >= -2142 @ 394.742
c bounds -398 >= -2142 @ 394.973
c bounds -399 >= -2142 @ 395.391
c bounds -400 >= -2142 @ 396.343
c #Conflicts:     152000 | #Constraints:      57499
c #Conflicts:     153000 | #Constraints:      58499
c #Conflicts:     154000 | #Constraints:      59499
c bounds -402 >= -2142 @ 408.452
c #Conflicts:     155000 | #Constraints:      60500
c bounds -403 >= -2142 @ 413.58
c bounds -404 >= -2142 @ 414.403
c bounds -405 >= -2142 @ 417.049
c #Conflicts:     156000 | #Constraints:      61503
c #Conflicts:     157000 | #Constraints:      62503
c bounds -407 >= -2142 @ 425.694
c #Conflicts:     158000 | #Constraints:      63504
c bounds -408 >= -2142 @ 429.635
c bounds -410 >= -2142 @ 432.894
c bounds -411 >= -2142 @ 433.476
c bounds -413 >= -2142 @ 433.872
c #Conflicts:     159000 | #Constraints:      64508
c INPROCESSING
c GARBAGE COLLECT
c bounds -417 >= -2142 @ 435.676
c bounds -419 >= -2142 @ 435.865
c #Conflicts:     160000 | #Constraints:      50889
c bounds -424 >= -2142 @ 439.697
c #Conflicts:     161000 | #Constraints:      51890
c bounds -425 >= -2142 @ 440.651
c bounds -426 >= -2142 @ 442.299
c bounds -427 >= -2142 @ 443.05
c bounds -430 >= -2142 @ 443.34
c #Conflicts:     162000 | #Constraints:      52894
c bounds -433 >= -2142 @ 444.025
c bounds -437 >= -2142 @ 444.446
c #Conflicts:     163000 | #Constraints:      53896
c bounds -438 >= -2142 @ 447.181
c bounds -439 >= -2142 @ 448.518
c #Conflicts:     164000 | #Constraints:      54898
c bounds -441 >= -2142 @ 453.179
c #Conflicts:     165000 | #Constraints:      55899
c #Conflicts:     166000 | #Constraints:      56899
c #Conflicts:     167000 | #Constraints:      57899
c #Conflicts:     168000 | #Constraints:      58899
c #Conflicts:     169000 | #Constraints:      59899
c bounds -441 >= -2141 @ 461.747
c bounds -443 >= -2141 @ 461.99
c bounds -444 >= -2141 @ 462.673
c #Conflicts:     170000 | #Constraints:      60937
c bounds -445 >= -2141 @ 464.682
c bounds -446 >= -2141 @ 464.776
c #Conflicts:     171000 | #Constraints:      61939
c INPROCESSING
c GARBAGE COLLECT
c #Conflicts:     172000 | #Constraints:      49444
c #Conflicts:     173000 | #Constraints:      50444
c #Conflicts:     174000 | #Constraints:      51444
c #Conflicts:     175000 | #Constraints:      52444
c #Conflicts:     176000 | #Constraints:      53444
c bounds -446 >= -2140 @ 480.16
c #Conflicts:     177000 | #Constraints:      54474
c bounds -448 >= -2140 @ 480.956
c bounds -449 >= -2140 @ 482.616
c #Conflicts:     178000 | #Constraints:      55476
c bounds -450 >= -2140 @ 484.738
c bounds -451 >= -2140 @ 484.932
c bounds -452 >= -2140 @ 485.11
c #Conflicts:     179000 | #Constraints:      56479
c bounds -453 >= -2140 @ 488.056
c bounds -454 >= -2140 @ 489.551
c #Conflicts:     180000 | #Constraints:      57481
c #Conflicts:     181000 | #Constraints:      58481
c #Conflicts:     182000 | #Constraints:      59481
c #Conflicts:     183000 | #Constraints:      60481
c #Conflicts:     184000 | #Constraints:      61481
c #Conflicts:     185000 | #Constraints:      62481
c #Conflicts:     186000 | #Constraints:      63481
c #Conflicts:     187000 | #Constraints:      64481
c #Conflicts:     188000 | #Constraints:      65481
c #Conflicts:     189000 | #Constraints:      66481
c #Conflicts:     190000 | #Constraints:      67481
c #Conflicts:     191000 | #Constraints:      68481
c #Conflicts:     192000 | #Constraints:      69481
c #Conflicts:     193000 | #Constraints:      70481
c #Conflicts:     194000 | #Constraints:      71481
c bounds -454 >= -2139 @ 542.4
c bounds -455 >= -2139 @ 542.637
c bounds -457 >= -2139 @ 542.94
c bounds -458 >= -2139 @ 545.202
c #Conflicts:     195000 | #Constraints:      72517
c bounds -460 >= -2139 @ 547.226
c bounds -465 >= -2139 @ 548.038
c bounds -466 >= -2139 @ 549.93
c #Conflicts:     196000 | #Constraints:      73520
c bounds -467 >= -2139 @ 552.622
c #Conflicts:     197000 | #Constraints:      74521
c bounds -468 >= -2139 @ 559.794
c #Conflicts:     198000 | #Constraints:      75522
c bounds -469 >= -2139 @ 560.922
c bounds -472 >= -2139 @ 562.162
c INPROCESSING
c GARBAGE COLLECT
c #Conflicts:     199000 | #Constraints:      55855
c bounds -473 >= -2139 @ 564.718
c bounds -474 >= -2139 @ 565.283
c #Conflicts:     200000 | #Constraints:      56857
c bounds -476 >= -2139 @ 567.481
c bounds -477 >= -2139 @ 569.431
c #Conflicts:     201000 | #Constraints:      57859
c bounds -479 >= -2139 @ 573.804
c #Conflicts:     202000 | #Constraints:      58860
c bounds -480 >= -2139 @ 575.984
c bounds -483 >= -2139 @ 576.357
c bounds -484 >= -2139 @ 577.513
c #Conflicts:     203000 | #Constraints:      59863
c bounds -485 >= -2139 @ 580.714
c bounds -487 >= -2139 @ 581.364
c #Conflicts:     204000 | #Constraints:      60865
c bounds -488 >= -2139 @ 582.805
c bounds -489 >= -2139 @ 586.112
c #Conflicts:     205000 | #Constraints:      61867
c #Conflicts:     206000 | #Constraints:      62867
c bounds -492 >= -2139 @ 593.69
c bounds -492 >= -2138 @ 593.752
c #Conflicts:     207000 | #Constraints:      63871
c #Conflicts:     208000 | #Constraints:      64871
c #Conflicts:     209000 | #Constraints:      65871
c #Conflicts:     210000 | #Constraints:      66871
c #Conflicts:     211000 | #Constraints:      67871
c bounds -492 >= -2137 @ 609.986
c #Conflicts:     212000 | #Constraints:      68895
c bounds -494 >= -2137 @ 611.027
c INPROCESSING
c GARBAGE COLLECT
c bounds -495 >= -2137 @ 612.892
c #Conflicts:     213000 | #Constraints:      52879
c #Conflicts:     214000 | #Constraints:      53879
c bounds -496 >= -2137 @ 619.121
c #Conflicts:     215000 | #Constraints:      54880
c #Conflicts:     216000 | #Constraints:      55880
c #Conflicts:     217000 | #Constraints:      56880
c #Conflicts:     218000 | #Constraints:      57880
c #Conflicts:     219000 | #Constraints:      58880
c #Conflicts:     220000 | #Constraints:      59880
c #Conflicts:     221000 | #Constraints:      60880
c #Conflicts:     222000 | #Constraints:      61880
c #Conflicts:     223000 | #Constraints:      62880
c #Conflicts:     224000 | #Constraints:      63880
c #Conflicts:     225000 | #Constraints:      64880
c #Conflicts:     226000 | #Constraints:      65880
c INPROCESSING
c GARBAGE COLLECT
c bounds -498 >= -2137 @ 655.506
c bounds -499 >= -2137 @ 655.615
c bounds -500 >= -2137 @ 655.756
c bounds -501 >= -2137 @ 655.969
c #Conflicts:     227000 | #Constraints:      50932
c bounds -502 >= -2137 @ 657.459
c bounds -503 >= -2137 @ 658.198
c #Conflicts:     228000 | #Constraints:      51934
c bounds -504 >= -2137 @ 658.878
c bounds -505 >= -2137 @ 659.884
c #Conflicts:     229000 | #Constraints:      52936
c #Conflicts:     230000 | #Constraints:      53936
c #Conflicts:     231000 | #Constraints:      54936
c #Conflicts:     232000 | #Constraints:      55936
c bounds -506 >= -2137 @ 679.371
c #Conflicts:     233000 | #Constraints:      56937
c #Conflicts:     234000 | #Constraints:      57937
c #Conflicts:     235000 | #Constraints:      58937
c #Conflicts:     236000 | #Constraints:      59937
c #Conflicts:     237000 | #Constraints:      60937
c #Conflicts:     238000 | #Constraints:      61937
c #Conflicts:     239000 | #Constraints:      62937
c #Conflicts:     240000 | #Constraints:      63937
c #Conflicts:     241000 | #Constraints:      64937
c #Conflicts:     242000 | #Constraints:      65937
c #Conflicts:     243000 | #Constraints:      66937
c #Conflicts:     244000 | #Constraints:      67937
c #Conflicts:     245000 | #Constraints:      68937
c #Conflicts:     246000 | #Constraints:      69937
c #Conflicts:     247000 | #Constraints:      70937
c #Conflicts:     248000 | #Constraints:      71937
c #Conflicts:     249000 | #Constraints:      72937
c #Conflicts:     250000 | #Constraints:      73937
c bounds -506 >= -2136 @ 745.564
c bounds -512 >= -2136 @ 745.855
c bounds -513 >= -2136 @ 748.498
c #Conflicts:     251000 | #Constraints:      74966
c bounds -516 >= -2136 @ 749.065
c bounds -517 >= -2136 @ 749.514
c bounds -519 >= -2136 @ 750.702
c bounds -520 >= -2136 @ 752.037
c bounds -521 >= -2136 @ 752.247
c bounds -522 >= -2136 @ 752.606
c #Conflicts:     252000 | #Constraints:      75972
c bounds -523 >= -2136 @ 752.754
c bounds -524 >= -2136 @ 753.861
c #Conflicts:     253000 | #Constraints:      76974
c bounds -525 >= -2136 @ 758.117
c bounds -526 >= -2136 @ 760.463
c bounds -529 >= -2136 @ 761.468
c #Conflicts:     254000 | #Constraints:      77977
c bounds -530 >= -2136 @ 766.675
c #Conflicts:     255000 | #Constraints:      78978
c #Conflicts:     256000 | #Constraints:      79978
c #Conflicts:     257000 | #Constraints:      80978
c #Conflicts:     258000 | #Constraints:      81978
c INPROCESSING
c GARBAGE COLLECT
c bounds -530 >= -2135 @ 795.356
c bounds -530 >= -2134 @ 795.357
c #Conflicts:     259000 | #Constraints:      59603
c #Conflicts:     260000 | #Constraints:      60603
c #Conflicts:     261000 | #Constraints:      61603
c #Conflicts:     262000 | #Constraints:      62603
c #Conflicts:     263000 | #Constraints:      63603
c #Conflicts:     264000 | #Constraints:      64603
c #Conflicts:     265000 | #Constraints:      65603
c #Conflicts:     266000 | #Constraints:      66603
c #Conflicts:     267000 | #Constraints:      67603
c #Conflicts:     268000 | #Constraints:      68603
c #Conflicts:     269000 | #Constraints:      69603
c #Conflicts:     270000 | #Constraints:      70603
c #Conflicts:     271000 | #Constraints:      71603
c #Conflicts:     272000 | #Constraints:      72603
c #Conflicts:     273000 | #Constraints:      73603
c INPROCESSING
c GARBAGE COLLECT
c bounds -534 >= -2134 @ 893.092
c #Conflicts:     274000 | #Constraints:      54883
c #Conflicts:     275000 | #Constraints:      55883
c bounds -535 >= -2134 @ 898.278
c #Conflicts:     276000 | #Constraints:      56884
c bounds -536 >= -2134 @ 899.319
c #Conflicts:     277000 | #Constraints:      57885
c bounds -537 >= -2134 @ 903.262
c bounds -538 >= -2134 @ 905.735
c #Conflicts:     278000 | #Constraints:      58887
c bounds -539 >= -2134 @ 910.19
c #Conflicts:     279000 | #Constraints:      59888
c bounds -540 >= -2134 @ 913.649
c #Conflicts:     280000 | #Constraints:      60889
c bounds -542 >= -2134 @ 919.507
c #Conflicts:     281000 | #Constraints:      61890
c #Conflicts:     282000 | #Constraints:      62890
c #Conflicts:     283000 | #Constraints:      63890
c #Conflicts:     284000 | #Constraints:      64890
c #Conflicts:     285000 | #Constraints:      65890
c #Conflicts:     286000 | #Constraints:      66890
c #Conflicts:     287000 | #Constraints:      67890
c #Conflicts:     288000 | #Constraints:      68890
c INPROCESSING
c GARBAGE COLLECT
c #Conflicts:     289000 | #Constraints:      52952
c #Conflicts:     290000 | #Constraints:      53952
c #Conflicts:     291000 | #Constraints:      54952
c #Conflicts:     292000 | #Constraints:      55952
c #Conflicts:     293000 | #Constraints:      56952
c #Conflicts:     294000 | #Constraints:      57952
c #Conflicts:     295000 | #Constraints:      58952
c #Conflicts:     296000 | #Constraints:      59952
c #Conflicts:     297000 | #Constraints:      60952
c #Conflicts:     298000 | #Constraints:      61952
c #Conflicts:     299000 | #Constraints:      62952
c #Conflicts:     300000 | #Constraints:      63952
c #Conflicts:     301000 | #Constraints:      64952
c #Conflicts:     302000 | #Constraints:      65952
c #Conflicts:     303000 | #Constraints:      66952
c INPROCESSING
c GARBAGE COLLECT
c #Conflicts:     304000 | #Constraints:      51290
c #Conflicts:     305000 | #Constraints:      52290
c #Conflicts:     306000 | #Constraints:      53290
c #Conflicts:     307000 | #Constraints:      54290
c #Conflicts:     308000 | #Constraints:      55290
c #Conflicts:     309000 | #Constraints:      56290
c #Conflicts:     310000 | #Constraints:      57290
c #Conflicts:     311000 | #Constraints:      58290
c #Conflicts:     312000 | #Constraints:      59290
c #Conflicts:     313000 | #Constraints:      60290
c #Conflicts:     314000 | #Constraints:      61290
c #Conflicts:     315000 | #Constraints:      62290
c #Conflicts:     316000 | #Constraints:      63290
c #Conflicts:     317000 | #Constraints:      64290
c #Conflicts:     318000 | #Constraints:      65290
c #Conflicts:     319000 | #Constraints:      66290
c #Conflicts:     320000 | #Constraints:      67290
c #Conflicts:     321000 | #Constraints:      68290
c bounds -542 >= -2133 @ 1104.05
c #Conflicts:     322000 | #Constraints:      69320
c bounds -543 >= -2133 @ 1105.2
c #Conflicts:     323000 | #Constraints:      70321
c bounds -545 >= -2133 @ 1107.24
c bounds -547 >= -2133 @ 1110.01
c bounds -548 >= -2133 @ 1110.21
c #Conflicts:     324000 | #Constraints:      71324
c bounds -549 >= -2133 @ 1110.49
c bounds -550 >= -2133 @ 1110.65
c #Conflicts:     325000 | #Constraints:      72326
c #Conflicts:     326000 | #Constraints:      73326
c #Conflicts:     327000 | #Constraints:      74326
c bounds -551 >= -2133 @ 1128.91
c #Conflicts:     328000 | #Constraints:      75327
c #Conflicts:     329000 | #Constraints:      76327
c #Conflicts:     330000 | #Constraints:      77327
c #Conflicts:     331000 | #Constraints:      78327
c #Conflicts:     332000 | #Constraints:      79327
c #Conflicts:     333000 | #Constraints:      80327
c #Conflicts:     334000 | #Constraints:      81327
c #Conflicts:     335000 | #Constraints:      82327
c #Conflicts:     336000 | #Constraints:      83327
c #Conflicts:     337000 | #Constraints:      84327
c #Conflicts:     338000 | #Constraints:      85327
c #Conflicts:     339000 | #Constraints:      86327
c #Conflicts:     340000 | #Constraints:      87327
c INPROCESSING
c GARBAGE COLLECT
c #Conflicts:     341000 | #Constraints:      61323
c bounds -553 >= -2133 @ 1222.31
c #Conflicts:     342000 | #Constraints:      62324
c #Conflicts:     343000 | #Constraints:      63324
c bounds -554 >= -2133 @ 1230.84
c #Conflicts:     344000 | #Constraints:      64325
c #Conflicts:     345000 | #Constraints:      65325
c bounds -555 >= -2133 @ 1240.62
c #Conflicts:     346000 | #Constraints:      66326
c bounds -556 >= -2133 @ 1252.89
c #Conflicts:     347000 | #Constraints:      67327
c #Conflicts:     348000 | #Constraints:      68327
c #Conflicts:     349000 | #Constraints:      69327
c bounds -557 >= -2133 @ 1281.78
c #Conflicts:     350000 | #Constraints:      70328
c #Conflicts:     351000 | #Constraints:      71328
c #Conflicts:     352000 | #Constraints:      72328
c #Conflicts:     353000 | #Constraints:      73328
c #Conflicts:     354000 | #Constraints:      74328
c #Conflicts:     355000 | #Constraints:      75328
c #Conflicts:     356000 | #Constraints:      76328
c #Conflicts:     357000 | #Constraints:      77328
c INPROCESSING
c GARBAGE COLLECT
c #Conflicts:     358000 | #Constraints:      56583
c #Conflicts:     359000 | #Constraints:      57583
c #Conflicts:     360000 | #Constraints:      58583
c bounds -558 >= -2133 @ 1333.94
c #Conflicts:     361000 | #Constraints:      59584
c #Conflicts:     362000 | #Constraints:      60584
c #Conflicts:     363000 | #Constraints:      61584
c #Conflicts:     364000 | #Constraints:      62584
c #Conflicts:     365000 | #Constraints:      63584
c #Conflicts:     366000 | #Constraints:      64584
c #Conflicts:     367000 | #Constraints:      65584
c #Conflicts:     368000 | #Constraints:      66584
c #Conflicts:     369000 | #Constraints:      67584
c #Conflicts:     370000 | #Constraints:      68584
c #Conflicts:     371000 | #Constraints:      69584
c #Conflicts:     372000 | #Constraints:      70584
c #Conflicts:     373000 | #Constraints:      71584
c #Conflicts:     374000 | #Constraints:      72584
c INPROCESSING
c GARBAGE COLLECT
c #Conflicts:     375000 | #Constraints:      54228
c bounds -563 >= -2133 @ 1381.93
c #Conflicts:     376000 | #Constraints:      55229
c #Conflicts:     377000 | #Constraints:      56229
c #Conflicts:     378000 | #Constraints:      57229
c bounds -564 >= -2133 @ 1393.19
c bounds -568 >= -2133 @ 1393.92
c bounds -573 >= -2133 @ 1395.02
c #Conflicts:     379000 | #Constraints:      58232
c bounds -577 >= -2133 @ 1397.55
c #Conflicts:     380000 | #Constraints:      59233
c bounds -578 >= -2133 @ 1402.45
c #Conflicts:     381000 | #Constraints:      60234
c #Conflicts:     382000 | #Constraints:      61234
c #Conflicts:     383000 | #Constraints:      62234
c #Conflicts:     384000 | #Constraints:      63234
c #Conflicts:     385000 | #Constraints:      64234
c #Conflicts:     386000 | #Constraints:      65234
c #Conflicts:     387000 | #Constraints:      66234
c bounds -579 >= -2133 @ 1462.63
c #Conflicts:     388000 | #Constraints:      67235
c #Conflicts:     389000 | #Constraints:      68235
c #Conflicts:     390000 | #Constraints:      69235
c #Conflicts:     391000 | #Constraints:      70235
c INPROCESSING
c GARBAGE COLLECT
c #Conflicts:     392000 | #Constraints:      53011
c #Conflicts:     393000 | #Constraints:      54011
c #Conflicts:     394000 | #Constraints:      55011
c #Conflicts:     395000 | #Constraints:      56011
c #Conflicts:     396000 | #Constraints:      57011
c #Conflicts:     397000 | #Constraints:      58011
c #Conflicts:     398000 | #Constraints:      59011
c #Conflicts:     399000 | #Constraints:      60011
c #Conflicts:     400000 | #Constraints:      61011
c #Conflicts:     401000 | #Constraints:      62011
c #Conflicts:     402000 | #Constraints:      63011
c #Conflicts:     403000 | #Constraints:      64011
c #Conflicts:     404000 | #Constraints:      65011
c #Conflicts:     405000 | #Constraints:      66011
c #Conflicts:     406000 | #Constraints:      67011
c #Conflicts:     407000 | #Constraints:      68011
c #Conflicts:     408000 | #Constraints:      69011
c #Conflicts:     409000 | #Constraints:      70011
c #Conflicts:     410000 | #Constraints:      71011
c #Conflicts:     411000 | #Constraints:      72011
c #Conflicts:     412000 | #Constraints:      73011
c #Conflicts:     413000 | #Constraints:      74011
c #Conflicts:     414000 | #Constraints:      75011
c #Conflicts:     415000 | #Constraints:      76011
c #Conflicts:     416000 | #Constraints:      77011
c #Conflicts:     417000 | #Constraints:      78011
c #Conflicts:     418000 | #Constraints:      79011
c #Conflicts:     419000 | #Constraints:      80011
c #Conflicts:     420000 | #Constraints:      81011
c #Conflicts:     421000 | #Constraints:      82011
c #Conflicts:     422000 | #Constraints:      83011
c #Conflicts:     423000 | #Constraints:      84011
c #Conflicts:     424000 | #Constraints:      85011
c #Conflicts:     425000 | #Constraints:      86011
c #Conflicts:     426000 | #Constraints:      87011
c bounds -579 >= -2132 @ 1664.84
c bounds -580 >= -2132 @ 1665.86
c #Conflicts:     427000 | #Constraints:      88063
c #Conflicts:     428000 | #Constraints:      89063
c bounds -581 >= -2132 @ 1671.06
c #Conflicts:     429000 | #Constraints:      90064
c #Conflicts:     430000 | #Constraints:      91064
c #Conflicts:     431000 | #Constraints:      92064
c bounds -585 >= -2132 @ 1692.63
c #Conflicts:     432000 | #Constraints:      93065
c #Conflicts:     433000 | #Constraints:      94065
c bounds -586 >= -2132 @ 1707.2
c #Conflicts:     434000 | #Constraints:      95066
c INPROCESSING
c GARBAGE COLLECT
c bounds -587 >= -2132 @ 1716.47
c #Conflicts:     435000 | #Constraints:      66080
c #Conflicts:     436000 | #Constraints:      67080
c #Conflicts:     437000 | #Constraints:      68080
c #Conflicts:     438000 | #Constraints:      69080
c #Conflicts:     439000 | #Constraints:      70080
c #Conflicts:     440000 | #Constraints:      71080
c bounds -590 >= -2132 @ 1753.91
c #Conflicts:     441000 | #Constraints:      72081
c #Conflicts:     442000 | #Constraints:      73081
c #Conflicts:     443000 | #Constraints:      74081
c #Conflicts:     444000 | #Constraints:      75081
c #Conflicts:     445000 | #Constraints:      76081
c #Conflicts:     446000 | #Constraints:      77081
c #Conflicts:     447000 | #Constraints:      78081
c #Conflicts:     448000 | #Constraints:      79081
c #Conflicts:     449000 | #Constraints:      80081
c #Conflicts:     450000 | #Constraints:      81081
c #Conflicts:     451000 | #Constraints:      82081
c #Conflicts:     452000 | #Constraints:      83081
c INPROCESSING
c GARBAGE COLLECT
c bounds -593 >= -2132 @ 1855.91
c #Conflicts:     453000 | #Constraints:      59472
c #Conflicts:     454000 | #Constraints:      60472
c #Conflicts:     455000 | #Constraints:      61472
c #Conflicts:     456000 | #Constraints:      62472
c #Conflicts:     457000 | #Constraints:      63472
c bounds -594 >= -2132 @ 1877.14
c #Conflicts:     458000 | #Constraints:      64473
c #Conflicts:     459000 | #Constraints:      65473
c #Conflicts:     460000 | #Constraints:      66473
c #Conflicts:     461000 | #Constraints:      67473
c #Conflicts:     462000 | #Constraints:      68473
c #Conflicts:     463000 | #Constraints:      69473
c #Conflicts:     464000 | #Constraints:      70473
c #Conflicts:     465000 | #Constraints:      71473
c #Conflicts:     466000 | #Constraints:      72473
c #Conflicts:     467000 | #Constraints:      73473
c #Conflicts:     468000 | #Constraints:      74473
c #Conflicts:     469000 | #Constraints:      75473
c #Conflicts:     470000 | #Constraints:      76473
c #Conflicts:     471000 | #Constraints:      77473
c INPROCESSING
c GARBAGE COLLECT
c #Conflicts:     472000 | #Constraints:      56930
c bounds -595 >= -2132 @ 1952.74
c #Conflicts:     473000 | #Constraints:      57931
c #Conflicts:     474000 | #Constraints:      58931
c #Conflicts:     475000 | #Constraints:      59931
c #Conflicts:     476000 | #Constraints:      60931
c bounds -596 >= -2132 @ 1973.8
c #Conflicts:     477000 | #Constraints:      61932
c bounds -597 >= -2132 @ 1978.16
c #Conflicts:     478000 | #Constraints:      62933
c bounds -599 >= -2132 @ 1984.95
c #Conflicts:     479000 | #Constraints:      63934
c #Conflicts:     480000 | #Constraints:      64934
c #Conflicts:     481000 | #Constraints:      65934
c #Conflicts:     482000 | #Constraints:      66934
c #Conflicts:     483000 | #Constraints:      67934
c bounds -600 >= -2132 @ 2036.54
c #Conflicts:     484000 | #Constraints:      68935
c #Conflicts:     485000 | #Constraints:      69935
c #Conflicts:     486000 | #Constraints:      70935
c #Conflicts:     487000 | #Constraints:      71935
c #Conflicts:     488000 | #Constraints:      72935
c #Conflicts:     489000 | #Constraints:      73935
c INPROCESSING
c GARBAGE COLLECT
c #Conflicts:     490000 | #Constraints:      54778
c #Conflicts:     491000 | #Constraints:      55778
c #Conflicts:     492000 | #Constraints:      56778
c #Conflicts:     493000 | #Constraints:      57778
c #Conflicts:     494000 | #Constraints:      58778
c #Conflicts:     495000 | #Constraints:      59778
c #Conflicts:     496000 | #Constraints:      60778
c #Conflicts:     497000 | #Constraints:      61778
c #Conflicts:     498000 | #Constraints:      62778
c #Conflicts:     499000 | #Constraints:      63778
c #Conflicts:     500000 | #Constraints:      64778
c #Conflicts:     501000 | #Constraints:      65778
c #Conflicts:     502000 | #Constraints:      66778
c #Conflicts:     503000 | #Constraints:      67778
c #Conflicts:     504000 | #Constraints:      68778
c #Conflicts:     505000 | #Constraints:      69778
c #Conflicts:     506000 | #Constraints:      70778
c bounds -600 >= -2131 @ 2115.29
c #Conflicts:     507000 | #Constraints:      71817
c #Conflicts:     508000 | #Constraints:      72817
c INPROCESSING
c GARBAGE COLLECT
c #Conflicts:     509000 | #Constraints:      54142
c #Conflicts:     510000 | #Constraints:      55142
c #Conflicts:     511000 | #Constraints:      56142
c #Conflicts:     512000 | #Constraints:      57142
c #Conflicts:     513000 | #Constraints:      58142
c #Conflicts:     514000 | #Constraints:      59142
c #Conflicts:     515000 | #Constraints:      60142
c #Conflicts:     516000 | #Constraints:      61142
c #Conflicts:     517000 | #Constraints:      62142
c #Conflicts:     518000 | #Constraints:      63142
c #Conflicts:     519000 | #Constraints:      64142
c #Conflicts:     520000 | #Constraints:      65142
c #Conflicts:     521000 | #Constraints:      66142
c #Conflicts:     522000 | #Constraints:      67142
c #Conflicts:     523000 | #Constraints:      68142
c #Conflicts:     524000 | #Constraints:      69142
c #Conflicts:     525000 | #Constraints:      70142
c #Conflicts:     526000 | #Constraints:      71142
c #Conflicts:     527000 | #Constraints:      72142
c #Conflicts:     528000 | #Constraints:      73142
c #Conflicts:     529000 | #Constraints:      74142
c #Conflicts:     530000 | #Constraints:      75142
c #Conflicts:     531000 | #Constraints:      76142
c #Conflicts:     532000 | #Constraints:      77142
c #Conflicts:     533000 | #Constraints:      78142
c #Conflicts:     534000 | #Constraints:      79142
c #Conflicts:     535000 | #Constraints:      80142
c #Conflicts:     536000 | #Constraints:      81142
c #Conflicts:     537000 | #Constraints:      82142
c #Conflicts:     538000 | #Constraints:      83142
c #Conflicts:     539000 | #Constraints:      84142
c #Conflicts:     540000 | #Constraints:      85142
c #Conflicts:     541000 | #Constraints:      86142
c #Conflicts:     542000 | #Constraints:      87142
c #Conflicts:     543000 | #Constraints:      88142
c #Conflicts:     544000 | #Constraints:      89142
c #Conflicts:     545000 | #Constraints:      90142
c #Conflicts:     546000 | #Constraints:      91142
c #Conflicts:     547000 | #Constraints:      92142
c #Conflicts:     548000 | #Constraints:      93142
c #Conflicts:     549000 | #Constraints:      94142
c #Conflicts:     550000 | #Constraints:      95142
c #Conflicts:     551000 | #Constraints:      96142
c #Conflicts:     552000 | #Constraints:      97142
c #Conflicts:     553000 | #Constraints:      98142
c #Conflicts:     554000 | #Constraints:      99142
c #Conflicts:     555000 | #Constraints:     100142
c #Conflicts:     556000 | #Constraints:     101142
c #Conflicts:     557000 | #Constraints:     102142
c INPROCESSING
c GARBAGE COLLECT
c #Conflicts:     558000 | #Constraints:      68874
c bounds -604 >= -2131 @ 2756.31
c bounds -605 >= -2131 @ 2757.81
c bounds -606 >= -2131 @ 2758.21
c bounds -609 >= -2131 @ 2758.96
c #Conflicts:     559000 | #Constraints:      69878
c bounds -610 >= -2131 @ 2762.33
c bounds -614 >= -2131 @ 2763.67
c #Conflicts:     560000 | #Constraints:      70880
c bounds -615 >= -2131 @ 2769.28
c #Conflicts:     561000 | #Constraints:      71881
c bounds -616 >= -2131 @ 2771.1
c bounds -617 >= -2131 @ 2775.54
c #Conflicts:     562000 | #Constraints:      72883
c #Conflicts:     563000 | #Constraints:      73883
c bounds -618 >= -2131 @ 2788.11
c #Conflicts:     564000 | #Constraints:      74884
c #Conflicts:     565000 | #Constraints:      75884
c bounds -619 >= -2131 @ 2795.38
c #Conflicts:     566000 | #Constraints:      76885
c bounds -621 >= -2131 @ 2807.26
c #Conflicts:     567000 | #Constraints:      77886
c #Conflicts:     568000 | #Constraints:      78886
c #Conflicts:     569000 | #Constraints:      79886
c bounds -622 >= -2131 @ 2845.57
c bounds -624 >= -2131 @ 2849.79
c #Conflicts:     570000 | #Constraints:      80888
c #Conflicts:     571000 | #Constraints:      81888
c #Conflicts:     572000 | #Constraints:      82888
c #Conflicts:     573000 | #Constraints:      83888
c #Conflicts:     574000 | #Constraints:      84888
c #Conflicts:     575000 | #Constraints:      85888
c #Conflicts:     576000 | #Constraints:      86888
c bounds -625 >= -2131 @ 2938.48
c #Conflicts:     577000 | #Constraints:      87889
c bounds -626 >= -2131 @ 2947.73
c bounds -627 >= -2131 @ 2948.13
c bounds -628 >= -2131 @ 2950.36
c bounds -629 >= -2131 @ 2951.51
c bounds -632 >= -2131 @ 2952.37
c #Conflicts:     578000 | #Constraints:      88894
c INPROCESSING
c GARBAGE COLLECT
c bounds -633 >= -2131 @ 2958.66
c #Conflicts:     579000 | #Constraints:      63023
c bounds -634 >= -2131 @ 2962.35
c #Conflicts:     580000 | #Constraints:      64024
c #Conflicts:     581000 | #Constraints:      65024
c #Conflicts:     582000 | #Constraints:      66024
c #Conflicts:     583000 | #Constraints:      67024
c #Conflicts:     584000 | #Constraints:      68024
c bounds -635 >= -2131 @ 2999.73
c #Conflicts:     585000 | #Constraints:      69025
c #Conflicts:     586000 | #Constraints:      70025
c bounds -636 >= -2131 @ 3021.17
c #Conflicts:     587000 | #Constraints:      71026
c bounds -640 >= -2131 @ 3030.79
c bounds -643 >= -2131 @ 3032.55
c #Conflicts:     588000 | #Constraints:      72028
c #Conflicts:     589000 | #Constraints:      73028
c bounds -644 >= -2131 @ 3046.64
c #Conflicts:     590000 | #Constraints:      74029
c #Conflicts:     591000 | #Constraints:      75029
c #Conflicts:     592000 | #Constraints:      76029
c #Conflicts:     593000 | #Constraints:      77029
c #Conflicts:     594000 | #Constraints:      78029
c #Conflicts:     595000 | #Constraints:      79029
c bounds -645 >= -2131 @ 3114.99
c bounds -645 >= -2130 @ 3114.99
c #Conflicts:     596000 | #Constraints:      80033
c #Conflicts:     597000 | #Constraints:      81033
c #Conflicts:     598000 | #Constraints:      82033
c INPROCESSING
c GARBAGE COLLECT
c #Conflicts:     599000 | #Constraints:      58989
c #Conflicts:     600000 | #Constraints:      59989
c #Conflicts:     601000 | #Constraints:      60989
c bounds -645 >= -2129 @ 3143.34
c #Conflicts:     602000 | #Constraints:      62025
c #Conflicts:     603000 | #Constraints:      63025
c #Conflicts:     604000 | #Constraints:      64025
c #Conflicts:     605000 | #Constraints:      65025
c #Conflicts:     606000 | #Constraints:      66025
c #Conflicts:     607000 | #Constraints:      67025
c #Conflicts:     608000 | #Constraints:      68025
c bounds -645 >= -2128 @ 3168.99
c #Conflicts:     609000 | #Constraints:      69067
c #Conflicts:     610000 | #Constraints:      70067
c #Conflicts:     611000 | #Constraints:      71067
c #Conflicts:     612000 | #Constraints:      72067
c #Conflicts:     613000 | #Constraints:      73067
c #Conflicts:     614000 | #Constraints:      74067
c #Conflicts:     615000 | #Constraints:      75067
c #Conflicts:     616000 | #Constraints:      76067
c #Conflicts:     617000 | #Constraints:      77067
c #Conflicts:     618000 | #Constraints:      78067
c #Conflicts:     619000 | #Constraints:      79067
c INPROCESSING
c GARBAGE COLLECT
c #Conflicts:     620000 | #Constraints:      57621
c #Conflicts:     621000 | #Constraints:      58621
c #Conflicts:     622000 | #Constraints:      59621
c bounds -647 >= -2128 @ 3247.76
c #Conflicts:     623000 | #Constraints:      60622
c #Conflicts:     624000 | #Constraints:      61622
c #Conflicts:     625000 | #Constraints:      62622
c bounds -647 >= -2127 @ 3254.46
c #Conflicts:     626000 | #Constraints:      63661
c #Conflicts:     627000 | #Constraints:      64661
c #Conflicts:     628000 | #Constraints:      65661
c #Conflicts:     629000 | #Constraints:      66661
c #Conflicts:     630000 | #Constraints:      67661
c #Conflicts:     631000 | #Constraints:      68661
c #Conflicts:     632000 | #Constraints:      69661
c #Conflicts:     633000 | #Constraints:      70661
c bounds -647 >= -2126 @ 3282.53
c #Conflicts:     634000 | #Constraints:      71694
c #Conflicts:     635000 | #Constraints:      72694
c #Conflicts:     636000 | #Constraints:      73694
c #Conflicts:     637000 | #Constraints:      74694
c #Conflicts:     638000 | #Constraints:      75694
c #Conflicts:     639000 | #Constraints:      76694
c #Conflicts:     640000 | #Constraints:      77694
c #Conflicts:     641000 | #Constraints:      78694
c #Conflicts:     642000 | #Constraints:      79694
c #Conflicts:     643000 | #Constraints:      80694
c #Conflicts:     644000 | #Constraints:      81694
c #Conflicts:     645000 | #Constraints:      82694
c #Conflicts:     646000 | #Constraints:      83694
c #Conflicts:     647000 | #Constraints:      84694
c #Conflicts:     648000 | #Constraints:      85694
c #Conflicts:     649000 | #Constraints:      86694
c #Conflicts:     650000 | #Constraints:      87694
c #Conflicts:     651000 | #Constraints:      88694
c #Conflicts:     652000 | #Constraints:      89694
c #Conflicts:     653000 | #Constraints:      90694
c #Conflicts:     654000 | #Constraints:      91694
c #Conflicts:     655000 | #Constraints:      92694
c #Conflicts:     656000 | #Constraints:      93694
c #Conflicts:     657000 | #Constraints:      94694
c #Conflicts:     658000 | #Constraints:      95694
c #Conflicts:     659000 | #Constraints:      96694
c #Conflicts:     660000 | #Constraints:      97694
c #Conflicts:     661000 | #Constraints:      98694
c #Conflicts:     662000 | #Constraints:      99694
c #Conflicts:     663000 | #Constraints:     100694
c #Conflicts:     664000 | #Constraints:     101694
c #Conflicts:     665000 | #Constraints:     102694
c #Conflicts:     666000 | #Constraints:     103694
c #Conflicts:     667000 | #Constraints:     104694
c #Conflicts:     668000 | #Constraints:     105694
c #Conflicts:     669000 | #Constraints:     106694
c #Conflicts:     670000 | #Constraints:     107694
c #Conflicts:     671000 | #Constraints:     108694
c #Conflicts:     672000 | #Constraints:     109694
c #Conflicts:     673000 | #Constraints:     110694
c INPROCESSING
c GARBAGE COLLECT
c bounds -647 >= -2125 @ 4077.88
c #Conflicts:     674000 | #Constraints:      73813
c bounds -647 >= -2124 @ 4081.33
c #Conflicts:     675000 | #Constraints:      74852
c bounds -647 >= -2123 @ 4084.98
c #Conflicts:     676000 | #Constraints:      75873
c #Conflicts:     677000 | #Constraints:      76873
c bounds -647 >= -2122 @ 4092.61
c #Conflicts:     678000 | #Constraints:      77894
c #Conflicts:     679000 | #Constraints:      78894
c #Conflicts:     680000 | #Constraints:      79894
c #Conflicts:     681000 | #Constraints:      80894
c bounds -647 >= -2121 @ 4110.79
c #Conflicts:     682000 | #Constraints:      81918
c #Conflicts:     683000 | #Constraints:      82918
c #Conflicts:     684000 | #Constraints:      83918
c #Conflicts:     685000 | #Constraints:      84918
c #Conflicts:     686000 | #Constraints:      85918
c bounds -647 >= -2120 @ 4132.86
c #Conflicts:     687000 | #Constraints:      86954
c #Conflicts:     688000 | #Constraints:      87954
c #Conflicts:     689000 | #Constraints:      88954
c #Conflicts:     690000 | #Constraints:      89954
c #Conflicts:     691000 | #Constraints:      90954
c bounds -647 >= -2119 @ 4165.35
c #Conflicts:     692000 | #Constraints:      91993
c #Conflicts:     693000 | #Constraints:      92993
c #Conflicts:     694000 | #Constraints:      93993
c #Conflicts:     695000 | #Constraints:      94993
c INPROCESSING
c GARBAGE COLLECT
c #Conflicts:     696000 | #Constraints:      65491
c #Conflicts:     697000 | #Constraints:      66491
c #Conflicts:     698000 | #Constraints:      67491
c #Conflicts:     699000 | #Constraints:      68491
c #Conflicts:     700000 | #Constraints:      69491
c #Conflicts:     701000 | #Constraints:      70491
c bounds -647 >= -2118 @ 4212.11
c #Conflicts:     702000 | #Constraints:      71530
c #Conflicts:     703000 | #Constraints:      72530
c #Conflicts:     704000 | #Constraints:      73530
c #Conflicts:     705000 | #Constraints:      74530
c #Conflicts:     706000 | #Constraints:      75530
c #Conflicts:     707000 | #Constraints:      76530
c #Conflicts:     708000 | #Constraints:      77530
c #Conflicts:     709000 | #Constraints:      78530
c #Conflicts:     710000 | #Constraints:      79530
c #Conflicts:     711000 | #Constraints:      80530
c #Conflicts:     712000 | #Constraints:      81530
c #Conflicts:     713000 | #Constraints:      82530
c #Conflicts:     714000 | #Constraints:      83530
c bounds -647 >= -2117 @ 4292.04
c #Conflicts:     715000 | #Constraints:      84569
c #Conflicts:     716000 | #Constraints:      85569
c #Conflicts:     717000 | #Constraints:      86569
c INPROCESSING
c GARBAGE COLLECT
c #Conflicts:     718000 | #Constraints:      61087
c #Conflicts:     719000 | #Constraints:      62087
c #Conflicts:     720000 | #Constraints:      63087
c #Conflicts:     721000 | #Constraints:      64087
c #Conflicts:     722000 | #Constraints:      65087
c #Conflicts:     723000 | #Constraints:      66087
c #Conflicts:     724000 | #Constraints:      67087
c #Conflicts:     725000 | #Constraints:      68087
c #Conflicts:     726000 | #Constraints:      69087
c #Conflicts:     727000 | #Constraints:      70087
c #Conflicts:     728000 | #Constraints:      71087
c #Conflicts:     729000 | #Constraints:      72087
c #Conflicts:     730000 | #Constraints:      73087
c #Conflicts:     731000 | #Constraints:      74087
c #Conflicts:     732000 | #Constraints:      75087
c #Conflicts:     733000 | #Constraints:      76087
c #Conflicts:     734000 | #Constraints:      77087
c #Conflicts:     735000 | #Constraints:      78087
c #Conflicts:     736000 | #Constraints:      79087
c #Conflicts:     737000 | #Constraints:      80087
c #Conflicts:     738000 | #Constraints:      81087
c #Conflicts:     739000 | #Constraints:      82087
c bounds -647 >= -2116 @ 4489.76
c #Conflicts:     740000 | #Constraints:      83135
c INPROCESSING
c GARBAGE COLLECT
c #Conflicts:     741000 | #Constraints:      59783
c #Conflicts:     742000 | #Constraints:      60783
c #Conflicts:     743000 | #Constraints:      61783
c #Conflicts:     744000 | #Constraints:      62783
c #Conflicts:     745000 | #Constraints:      63783
c #Conflicts:     746000 | #Constraints:      64783
c #Conflicts:     747000 | #Constraints:      65783
c #Conflicts:     748000 | #Constraints:      66783
c #Conflicts:     749000 | #Constraints:      67783
c #Conflicts:     750000 | #Constraints:      68783
c #Conflicts:     751000 | #Constraints:      69783
c #Conflicts:     752000 | #Constraints:      70783
c #Conflicts:     753000 | #Constraints:      71783
c #Conflicts:     754000 | #Constraints:      72783
c #Conflicts:     755000 | #Constraints:      73783
c #Conflicts:     756000 | #Constraints:      74783
c #Conflicts:     757000 | #Constraints:      75783
c #Conflicts:     758000 | #Constraints:      76783
c #Conflicts:     759000 | #Constraints:      77783
c #Conflicts:     760000 | #Constraints:      78783
c #Conflicts:     761000 | #Constraints:      79783
c #Conflicts:     762000 | #Constraints:      80783
c #Conflicts:     763000 | #Constraints:      81783
c #Conflicts:     764000 | #Constraints:      82783
c #Conflicts:     765000 | #Constraints:      83783
c #Conflicts:     766000 | #Constraints:      84783
c #Conflicts:     767000 | #Constraints:      85783
c #Conflicts:     768000 | #Constraints:      86783
c #Conflicts:     769000 | #Constraints:      87783
c #Conflicts:     770000 | #Constraints:      88783
c #Conflicts:     771000 | #Constraints:      89783
c #Conflicts:     772000 | #Constraints:      90783
c #Conflicts:     773000 | #Constraints:      91783
c #Conflicts:     774000 | #Constraints:      92783
c #Conflicts:     775000 | #Constraints:      93783
c #Conflicts:     776000 | #Constraints:      94783
c #Conflicts:     777000 | #Constraints:      95783
c #Conflicts:     778000 | #Constraints:      96783
c #Conflicts:     779000 | #Constraints:      97783
c #Conflicts:     780000 | #Constraints:      98783
c #Conflicts:     781000 | #Constraints:      99783
c #Conflicts:     782000 | #Constraints:     100783
c #Conflicts:     783000 | #Constraints:     101783
c #Conflicts:     784000 | #Constraints:     102783
c #Conflicts:     785000 | #Constraints:     103783
c #Conflicts:     786000 | #Constraints:     104783
c #Conflicts:     787000 | #Constraints:     105783
c #Conflicts:     788000 | #Constraints:     106783
c #Conflicts:     789000 | #Constraints:     107783
c #Conflicts:     790000 | #Constraints:     108783
c #Conflicts:     791000 | #Constraints:     109783
c #Conflicts:     792000 | #Constraints:     110783
c #Conflicts:     793000 | #Constraints:     111783
c bounds -647 >= -2115 @ 5128.06
c #Conflicts:     794000 | #Constraints:     112864
c #Conflicts:     795000 | #Constraints:     113864
c #Conflicts:     796000 | #Constraints:     114864
c #Conflicts:     797000 | #Constraints:     115864
c #Conflicts:     798000 | #Constraints:     116864
c #Conflicts:     799000 | #Constraints:     117864
c INPROCESSING
c GARBAGE COLLECT
c #Conflicts:     800000 | #Constraints:      76923
c #Conflicts:     801000 | #Constraints:      77923
c #Conflicts:     802000 | #Constraints:      78923
c #Conflicts:     803000 | #Constraints:      79923
c #Conflicts:     804000 | #Constraints:      80923
c #Conflicts:     805000 | #Constraints:      81923
c #Conflicts:     806000 | #Constraints:      82923
c #Conflicts:     807000 | #Constraints:      83923
c #Conflicts:     808000 | #Constraints:      84923
c #Conflicts:     809000 | #Constraints:      85923
c #Conflicts:     810000 | #Constraints:      86923
c #Conflicts:     811000 | #Constraints:      87923
c #Conflicts:     812000 | #Constraints:      88923
c #Conflicts:     813000 | #Constraints:      89923
c #Conflicts:     814000 | #Constraints:      90923
c #Conflicts:     815000 | #Constraints:      91923
c #Conflicts:     816000 | #Constraints:      92923
c #Conflicts:     817000 | #Constraints:      93923
c #Conflicts:     818000 | #Constraints:      94923
c #Conflicts:     819000 | #Constraints:      95923
c #Conflicts:     820000 | #Constraints:      96923
c #Conflicts:     821000 | #Constraints:      97923
c #Conflicts:     822000 | #Constraints:      98923
c #Conflicts:     823000 | #Constraints:      99923
c INPROCESSING
c GARBAGE COLLECT
c #Conflicts:     824000 | #Constraints:      68103
c #Conflicts:     825000 | #Constraints:      69103
c #Conflicts:     826000 | #Constraints:      70103
c #Conflicts:     827000 | #Constraints:      71103
c #Conflicts:     828000 | #Constraints:      72103
c #Conflicts:     829000 | #Constraints:      73103
c #Conflicts:     830000 | #Constraints:      74103
c #Conflicts:     831000 | #Constraints:      75103
c #Conflicts:     832000 | #Constraints:      76103
c #Conflicts:     833000 | #Constraints:      77103
c #Conflicts:     834000 | #Constraints:      78103
c #Conflicts:     835000 | #Constraints:      79103
c #Conflicts:     836000 | #Constraints:      80103
c #Conflicts:     837000 | #Constraints:      81103
c #Conflicts:     838000 | #Constraints:      82103
c #Conflicts:     839000 | #Constraints:      83103
c #Conflicts:     840000 | #Constraints:      84103
c #Conflicts:     841000 | #Constraints:      85103
c #Conflicts:     842000 | #Constraints:      86103
c #Conflicts:     843000 | #Constraints:      87103
c #Conflicts:     844000 | #Constraints:      88103
c #Conflicts:     845000 | #Constraints:      89103
c #Conflicts:     846000 | #Constraints:      90103
c #Conflicts:     847000 | #Constraints:      91103
c INPROCESSING
c GARBAGE COLLECT
c #Conflicts:     848000 | #Constraints:      63766
c #Conflicts:     849000 | #Constraints:      64766
c #Conflicts:     850000 | #Constraints:      65766
c #Conflicts:     851000 | #Constraints:      66766
c #Conflicts:     852000 | #Constraints:      67766
c #Conflicts:     853000 | #Constraints:      68766
c #Conflicts:     854000 | #Constraints:      69766
c #Conflicts:     855000 | #Constraints:      70766
c #Conflicts:     856000 | #Constraints:      71766
c #Conflicts:     857000 | #Constraints:      72766
c #Conflicts:     858000 | #Constraints:      73766
c #Conflicts:     859000 | #Constraints:      74766
c #Conflicts:     860000 | #Constraints:      75766
c #Conflicts:     861000 | #Constraints:      76766
c #Conflicts:     862000 | #Constraints:      77766
c #Conflicts:     863000 | #Constraints:      78766
c #Conflicts:     864000 | #Constraints:      79766
c #Conflicts:     865000 | #Constraints:      80766
c #Conflicts:     866000 | #Constraints:      81766
c #Conflicts:     867000 | #Constraints:      82766
c #Conflicts:     868000 | #Constraints:      83766
c #Conflicts:     869000 | #Constraints:      84766
c #Conflicts:     870000 | #Constraints:      85766
c #Conflicts:     871000 | #Constraints:      86766
c INPROCESSING
c GARBAGE COLLECT
c bounds -657 >= -2115 @ 7023.43
c #Conflicts:     872000 | #Constraints:      61521
c #Conflicts:     873000 | #Constraints:      62521
c #Conflicts:     874000 | #Constraints:      63521
c bounds -658 >= -2115 @ 7031.78
c #Conflicts:     875000 | #Constraints:      64522
c #Conflicts:     876000 | #Constraints:      65522
c #Conflicts:     877000 | #Constraints:      66522
c #Conflicts:     878000 | #Constraints:      67522
c #Conflicts:     879000 | #Constraints:      68522
c #Conflicts:     880000 | #Constraints:      69522
c bounds -659 >= -2115 @ 7071.49
c #Conflicts:     881000 | #Constraints:      70523
c #Conflicts:     882000 | #Constraints:      71523
c #Conflicts:     883000 | #Constraints:      72523
c #Conflicts:     884000 | #Constraints:      73523
c #Conflicts:     885000 | #Constraints:      74523
c #Conflicts:     886000 | #Constraints:      75523
c #Conflicts:     887000 | #Constraints:      76523
c #Conflicts:     888000 | #Constraints:      77523
c #Conflicts:     889000 | #Constraints:      78523
c bounds -665 >= -2115 @ 7160.11
c #Conflicts:     890000 | #Constraints:      79524
c #Conflicts:     891000 | #Constraints:      80524
c bounds -666 >= -2115 @ 7177.7
c #Conflicts:     892000 | #Constraints:      81525
c #Conflicts:     893000 | #Constraints:      82525
c #Conflicts:     894000 | #Constraints:      83525
c #Conflicts:     895000 | #Constraints:      84525
c #Conflicts:     896000 | #Constraints:      85525
c bounds -667 >= -2115 @ 7256.3
c bounds -667 >= -2114 @ 7256.31
c #Conflicts:     897000 | #Constraints:      86529
c bounds -667 >= -2113 @ 7259.38
c #Conflicts:     898000 | #Constraints:      87592
c bounds -667 >= -2112 @ 7261.48
c bounds -667 >= -2111 @ 7262.98
c #Conflicts:     899000 | #Constraints:      88637
c bounds -667 >= -2110 @ 7265.69
c #Conflicts:     900000 | #Constraints:      89655
c #Conflicts:     901000 | #Constraints:      90655
c bounds -667 >= -2109 @ 7274.64
c #Conflicts:     902000 | #Constraints:      91700
c #Conflicts:     903000 | #Constraints:      92700
c #Conflicts:     904000 | #Constraints:      93700
c #Conflicts:     905000 | #Constraints:      94700
c bounds -667 >= -2108 @ 7298.44
c #Conflicts:     906000 | #Constraints:      95742
c #Conflicts:     907000 | #Constraints:      96742
c #Conflicts:     908000 | #Constraints:      97742
c #Conflicts:     909000 | #Constraints:      98742
c #Conflicts:     910000 | #Constraints:      99742
c #Conflicts:     911000 | #Constraints:     100742
c #Conflicts:     912000 | #Constraints:     101742
c #Conflicts:     913000 | #Constraints:     102742
c #Conflicts:     914000 | #Constraints:     103742
c #Conflicts:     915000 | #Constraints:     104742
c #Conflicts:     916000 | #Constraints:     105742
c bounds -667 >= -2107 @ 7394.42
c #Conflicts:     917000 | #Constraints:     106781
c #Conflicts:     918000 | #Constraints:     107781
c #Conflicts:     919000 | #Constraints:     108781
c #Conflicts:     920000 | #Constraints:     109781
c #Conflicts:     921000 | #Constraints:     110781
c #Conflicts:     922000 | #Constraints:     111781
c #Conflicts:     923000 | #Constraints:     112781
c #Conflicts:     924000 | #Constraints:     113781
c #Conflicts:     925000 | #Constraints:     114781
c #Conflicts:     926000 | #Constraints:     115781
c #Conflicts:     927000 | #Constraints:     116781
c #Conflicts:     928000 | #Constraints:     117781
c #Conflicts:     929000 | #Constraints:     118781
c #Conflicts:     930000 | #Constraints:     119781
c #Conflicts:     931000 | #Constraints:     120781
c #Conflicts:     932000 | #Constraints:     121781
c #Conflicts:     933000 | #Constraints:     122781
c #Conflicts:     934000 | #Constraints:     123781
c #Conflicts:     935000 | #Constraints:     124781
c #Conflicts:     936000 | #Constraints:     125781
c INPROCESSING
c GARBAGE COLLECT
c bounds -722 >= -2107 @ 7720.21
c #Conflicts:     937000 | #Constraints:      79418
c bounds -723 >= -2107 @ 7721.65
c #Conflicts:     938000 | #Constraints:      80419
c #Conflicts:     939000 | #Constraints:      81419
c bounds -724 >= -2107 @ 7729.76
c #Conflicts:     940000 | #Constraints:      82420
c bounds -725 >= -2107 @ 7730.66
c #Conflicts:     941000 | #Constraints:      83421
c bounds -726 >= -2107 @ 7735.74
c #Conflicts:     942000 | #Constraints:      84422
c #Conflicts:     943000 | #Constraints:      85422
c bounds -730 >= -2107 @ 7748.06
c #Conflicts:     944000 | #Constraints:      86423
c #Conflicts:     945000 | #Constraints:      87423
c bounds -731 >= -2107 @ 7759.19
c bounds -732 >= -2107 @ 7760.7
c bounds -733 >= -2107 @ 7762.03
c #Conflicts:     946000 | #Constraints:      88426
c #Conflicts:     947000 | #Constraints:      89426
c bounds -734 >= -2107 @ 7778.48
c #Conflicts:     948000 | #Constraints:      90427
c bounds -735 >= -2107 @ 7780.98
c #Conflicts:     949000 | #Constraints:      91428
c #Conflicts:     950000 | #Constraints:      92428
c #Conflicts:     951000 | #Constraints:      93428
c #Conflicts:     952000 | #Constraints:      94428
c bounds -738 >= -2107 @ 7823.74
c #Conflicts:     953000 | #Constraints:      95429
c #Conflicts:     954000 | #Constraints:      96429
c #Conflicts:     955000 | #Constraints:      97429
c bounds -739 >= -2107 @ 7861.45
c bounds -739 >= -2106 @ 7861.45
c bounds -739 >= -2105 @ 7861.45
c #Conflicts:     956000 | #Constraints:      98436
c bounds -739 >= -2104 @ 7867.94
c #Conflicts:     957000 | #Constraints:      99478
c #Conflicts:     958000 | #Constraints:     100478
c bounds -739 >= -2103 @ 7888.94
c bounds -759 >= -2103 @ 7891.46
c bounds -760 >= -2103 @ 7891.8
c #Conflicts:     959000 | #Constraints:     101513
c #Conflicts:     960000 | #Constraints:     102513
c bounds -763 >= -2103 @ 7901.06
c #Conflicts:     961000 | #Constraints:     103514
c bounds -763 >= -2102 @ 7911.71
c bounds -766 >= -2102 @ 7912.35
c INPROCESSING
c GARBAGE COLLECT
c #Conflicts:     962000 | #Constraints:      67541
c bounds -768 >= -2102 @ 7915.24
c #Conflicts:     963000 | #Constraints:      68542
c bounds -768 >= -2101 @ 7921.67
c bounds -770 >= -2101 @ 7921.84
c #Conflicts:     964000 | #Constraints:      69588
c bounds -771 >= -2101 @ 7922.71
c #Conflicts:     965000 | #Constraints:      70589
c bounds -772 >= -2101 @ 7925.49
c #Conflicts:     966000 | #Constraints:      71590
c #Conflicts:     967000 | #Constraints:      72590
c #Conflicts:     968000 | #Constraints:      73590
c #Conflicts:     969000 | #Constraints:      74590
c #Conflicts:     970000 | #Constraints:      75590
c #Conflicts:     971000 | #Constraints:      76590
c #Conflicts:     972000 | #Constraints:      77590
c #Conflicts:     973000 | #Constraints:      78590
c #Conflicts:     974000 | #Constraints:      79590
c bounds -773 >= -2101 @ 8006.19
c #Conflicts:     975000 | #Constraints:      80591
c #Conflicts:     976000 | #Constraints:      81591
c bounds -773 >= -2100 @ 8016.09
c #Conflicts:     977000 | #Constraints:      82636
c #Conflicts:     978000 | #Constraints:      83636
c #Conflicts:     979000 | #Constraints:      84636
c #Conflicts:     980000 | #Constraints:      85636
c bounds -773 >= -2099 @ 8041.47
c #Conflicts:     981000 | #Constraints:      86663
c #Conflicts:     982000 | #Constraints:      87663
c #Conflicts:     983000 | #Constraints:      88663
c #Conflicts:     984000 | #Constraints:      89663
c #Conflicts:     985000 | #Constraints:      90663
c #Conflicts:     986000 | #Constraints:      91663
c bounds -773 >= -2098 @ 8092.32
c #Conflicts:     987000 | #Constraints:      92702
c INPROCESSING
c GARBAGE COLLECT
c #Conflicts:     988000 | #Constraints:      64684
c #Conflicts:     989000 | #Constraints:      65684
c #Conflicts:     990000 | #Constraints:      66684
c #Conflicts:     991000 | #Constraints:      67684
c #Conflicts:     992000 | #Constraints:      68684
c #Conflicts:     993000 | #Constraints:      69684
c #Conflicts:     994000 | #Constraints:      70684
c #Conflicts:     995000 | #Constraints:      71684
c #Conflicts:     996000 | #Constraints:      72684
c #Conflicts:     997000 | #Constraints:      73684
c #Conflicts:     998000 | #Constraints:      74684
c #Conflicts:     999000 | #Constraints:      75684
c #Conflicts:    1000000 | #Constraints:      76684
c #Conflicts:    1001000 | #Constraints:      77684
c #Conflicts:    1002000 | #Constraints:      78684
c bounds -773 >= -2097 @ 8222.91
c bounds -890 >= -2097 @ 8226.92
c bounds -890 >= -2096 @ 8226.92
c bounds -890 >= -2095 @ 8226.92
c bounds -890 >= -2094 @ 8226.98
c #Conflicts:    1003000 | #Constraints:      79739
c #Conflicts:    1004000 | #Constraints:      80739
c #Conflicts:    1005000 | #Constraints:      81739
c #Conflicts:    1006000 | #Constraints:      82739
c #Conflicts:    1007000 | #Constraints:      83739
c #Conflicts:    1008000 | #Constraints:      84739
c #Conflicts:    1009000 | #Constraints:      85739
c #Conflicts:    1010000 | #Constraints:      86739
c #Conflicts:    1011000 | #Constraints:      87739
c #Conflicts:    1012000 | #Constraints:      88739
c INPROCESSING
c GARBAGE COLLECT
c #Conflicts:    1013000 | #Constraints:      62345
c #Conflicts:    1014000 | #Constraints:      63345
c #Conflicts:    1015000 | #Constraints:      64345
c #Conflicts:    1016000 | #Constraints:      65345
c bounds -891 >= -2094 @ 8356.66
c #Conflicts:    1017000 | #Constraints:      66346
c #Conflicts:    1018000 | #Constraints:      67346
c bounds -892 >= -2094 @ 8364.17
c #Conflicts:    1019000 | #Constraints:      68347
c bounds -895 >= -2094 @ 8368.56
c #Conflicts:    1020000 | #Constraints:      69348
c bounds -896 >= -2094 @ 8371.36
c #Conflicts:    1021000 | #Constraints:      70349
c bounds -898 >= -2094 @ 8374.04
c #Conflicts:    1022000 | #Constraints:      71350
c #Conflicts:    1023000 | #Constraints:      72350
c #Conflicts:    1024000 | #Constraints:      73350
c #Conflicts:    1025000 | #Constraints:      74350
c #Conflicts:    1026000 | #Constraints:      75350
c #Conflicts:    1027000 | #Constraints:      76350
c #Conflicts:    1028000 | #Constraints:      77350
c #Conflicts:    1029000 | #Constraints:      78350
c #Conflicts:    1030000 | #Constraints:      79350
c #Conflicts:    1031000 | #Constraints:      80350
c #Conflicts:    1032000 | #Constraints:      81350
c #Conflicts:    1033000 | #Constraints:      82350
c #Conflicts:    1034000 | #Constraints:      83350
c #Conflicts:    1035000 | #Constraints:      84350
c #Conflicts:    1036000 | #Constraints:      85350
c #Conflicts:    1037000 | #Constraints:      86350
c #Conflicts:    1038000 | #Constraints:      87350
c bounds -899 >= -2094 @ 8563.67
c INPROCESSING
c GARBAGE COLLECT
c #Conflicts:    1039000 | #Constraints:      61739
c #Conflicts:    1040000 | #Constraints:      62739
c bounds -899 >= -2093 @ 8572.53
c #Conflicts:    1041000 | #Constraints:      63787
c #Conflicts:    1042000 | #Constraints:      64787
c #Conflicts:    1043000 | #Constraints:      65787
c #Conflicts:    1044000 | #Constraints:      66787
c #Conflicts:    1045000 | #Constraints:      67787
c #Conflicts:    1046000 | #Constraints:      68787
c #Conflicts:    1047000 | #Constraints:      69787
c #Conflicts:    1048000 | #Constraints:      70787
c #Conflicts:    1049000 | #Constraints:      71787
c #Conflicts:    1050000 | #Constraints:      72787
c #Conflicts:    1051000 | #Constraints:      73787
c #Conflicts:    1052000 | #Constraints:      74787
c #Conflicts:    1053000 | #Constraints:      75787
c #Conflicts:    1054000 | #Constraints:      76787
c bounds -899 >= -2092 @ 8668.72
c #Conflicts:    1055000 | #Constraints:      77829
c #Conflicts:    1056000 | #Constraints:      78829
c #Conflicts:    1057000 | #Constraints:      79829
c #Conflicts:    1058000 | #Constraints:      80829
c #Conflicts:    1059000 | #Constraints:      81829
c #Conflicts:    1060000 | #Constraints:      82829
c #Conflicts:    1061000 | #Constraints:      83829
c #Conflicts:    1062000 | #Constraints:      84829
c #Conflicts:    1063000 | #Constraints:      85829
c #Conflicts:    1064000 | #Constraints:      86829
c #Conflicts:    1065000 | #Constraints:      87829
c INPROCESSING
c GARBAGE COLLECT
c #Conflicts:    1066000 | #Constraints:      62336
c #Conflicts:    1067000 | #Constraints:      63336
c #Conflicts:    1068000 | #Constraints:      64336
c #Conflicts:    1069000 | #Constraints:      65336
c #Conflicts:    1070000 | #Constraints:      66336
c #Conflicts:    1071000 | #Constraints:      67336
c #Conflicts:    1072000 | #Constraints:      68336
c #Conflicts:    1073000 | #Constraints:      69336
c #Conflicts:    1074000 | #Constraints:      70336
c #Conflicts:    1075000 | #Constraints:      71336
c #Conflicts:    1076000 | #Constraints:      72336
c #Conflicts:    1077000 | #Constraints:      73336
c #Conflicts:    1078000 | #Constraints:      74336
c #Conflicts:    1079000 | #Constraints:      75336
c #Conflicts:    1080000 | #Constraints:      76336
c #Conflicts:    1081000 | #Constraints:      77336
c #Conflicts:    1082000 | #Constraints:      78336
c #Conflicts:    1083000 | #Constraints:      79336
c #Conflicts:    1084000 | #Constraints:      80336
c #Conflicts:    1085000 | #Constraints:      81336
c #Conflicts:    1086000 | #Constraints:      82336
c #Conflicts:    1087000 | #Constraints:      83336
c #Conflicts:    1088000 | #Constraints:      84336
c #Conflicts:    1089000 | #Constraints:      85336
c #Conflicts:    1090000 | #Constraints:      86336
c #Conflicts:    1091000 | #Constraints:      87336
c INPROCESSING
c GARBAGE COLLECT
c #Conflicts:    1092000 | #Constraints:      61584
c #Conflicts:    1093000 | #Constraints:      62584
c #Conflicts:    1094000 | #Constraints:      63584
c #Conflicts:    1095000 | #Constraints:      64584
c #Conflicts:    1096000 | #Constraints:      65584
c #Conflicts:    1097000 | #Constraints:      66584
c #Conflicts:    1098000 | #Constraints:      67584
c #Conflicts:    1099000 | #Constraints:      68584
c #Conflicts:    1100000 | #Constraints:      69584
c #Conflicts:    1101000 | #Constraints:      70584
c #Conflicts:    1102000 | #Constraints:      71584
c #Conflicts:    1103000 | #Constraints:      72584
c #Conflicts:    1104000 | #Constraints:      73584
c #Conflicts:    1105000 | #Constraints:      74584
c #Conflicts:    1106000 | #Constraints:      75584
c #Conflicts:    1107000 | #Constraints:      76584
c #Conflicts:    1108000 | #Constraints:      77584
c #Conflicts:    1109000 | #Constraints:      78584
c #Conflicts:    1110000 | #Constraints:      79584
c #Conflicts:    1111000 | #Constraints:      80584
c #Conflicts:    1112000 | #Constraints:      81584
c #Conflicts:    1113000 | #Constraints:      82584
c #Conflicts:    1114000 | #Constraints:      83584
c #Conflicts:    1115000 | #Constraints:      84584
c #Conflicts:    1116000 | #Constraints:      85584
c #Conflicts:    1117000 | #Constraints:      86584
c #Conflicts:    1118000 | #Constraints:      87584
c INPROCESSING
c GARBAGE COLLECT
c #Conflicts:    1119000 | #Constraints:      62386
c #Conflicts:    1120000 | #Constraints:      63386
c #Conflicts:    1121000 | #Constraints:      64386
c #Conflicts:    1122000 | #Constraints:      65386
c bounds -899 >= -2091 @ 9443.07
c #Conflicts:    1123000 | #Constraints:      66440
c #Conflicts:    1124000 | #Constraints:      67440
c #Conflicts:    1125000 | #Constraints:      68440
c #Conflicts:    1126000 | #Constraints:      69440
c bounds -899 >= -2090 @ 9461.51
c #Conflicts:    1127000 | #Constraints:      70461
c #Conflicts:    1128000 | #Constraints:      71461
c #Conflicts:    1129000 | #Constraints:      72461
c #Conflicts:    1130000 | #Constraints:      73461
c #Conflicts:    1131000 | #Constraints:      74461
c bounds -899 >= -2089 @ 9490.57
c #Conflicts:    1132000 | #Constraints:      75479
c #Conflicts:    1133000 | #Constraints:      76479
c #Conflicts:    1134000 | #Constraints:      77479
c #Conflicts:    1135000 | #Constraints:      78479
c #Conflicts:    1136000 | #Constraints:      79479
c #Conflicts:    1137000 | #Constraints:      80479
c bounds -899 >= -2088 @ 9529.55
c #Conflicts:    1138000 | #Constraints:      81515
c #Conflicts:    1139000 | #Constraints:      82515
c #Conflicts:    1140000 | #Constraints:      83515
c #Conflicts:    1141000 | #Constraints:      84515
c #Conflicts:    1142000 | #Constraints:      85515
c #Conflicts:    1143000 | #Constraints:      86515
c #Conflicts:    1144000 | #Constraints:      87515
c #Conflicts:    1145000 | #Constraints:      88515
c #Conflicts:    1146000 | #Constraints:      89515
c #Conflicts:    1147000 | #Constraints:      90515
c #Conflicts:    1148000 | #Constraints:      91515
c #Conflicts:    1149000 | #Constraints:      92515
c bounds -899 >= -2087 @ 9631.1
c #Conflicts:    1150000 | #Constraints:      93572
c #Conflicts:    1151000 | #Constraints:      94572
c #Conflicts:    1152000 | #Constraints:      95572
c #Conflicts:    1153000 | #Constraints:      96572
c #Conflicts:    1154000 | #Co