c RoundingSat 2
c branch 
c commit 
c #variables 42306 #constraints 50319
c bounds - >= -5838 @ 0.172338
c bounds -22 >= -5838 @ 0.199581
c bounds -22 >= -5837 @ 0.209884
c bounds -22 >= -5836 @ 0.218985
c bounds -22 >= -5835 @ 0.226113
c bounds -23 >= -5835 @ 0.244878
c bounds -23 >= -5834 @ 0.258877
c bounds -24 >= -5834 @ 0.277723
c bounds -24 >= -5833 @ 0.287035
c bounds -24 >= -5832 @ 0.294252
c bounds -25 >= -5832 @ 0.311949
c bounds -25 >= -5831 @ 0.322899
c bounds -25 >= -5830 @ 0.330942
c bounds -26 >= -5830 @ 0.348825
c bounds -26 >= -5829 @ 0.356242
c bounds -26 >= -5828 @ 0.364543
c bounds -27 >= -5828 @ 0.382369
c bounds -27 >= -5827 @ 0.394882
c bounds -28 >= -5827 @ 0.4208
c bounds -28 >= -5826 @ 0.440302
c bounds -29 >= -5826 @ 0.458169
c bounds -29 >= -5825 @ 0.476078
c bounds -30 >= -5825 @ 0.491095
c bounds -30 >= -5824 @ 0.50754
c bounds -31 >= -5824 @ 0.527358
c bounds -31 >= -5823 @ 0.538999
c bounds -32 >= -5823 @ 0.56304
c bounds -32 >= -5822 @ 0.584225
c bounds -33 >= -5822 @ 0.600232
c bounds -33 >= -5821 @ 0.618441
c bounds -34 >= -5821 @ 0.642475
c bounds -34 >= -5820 @ 0.656096
c bounds -35 >= -5820 @ 0.676966
c bounds -35 >= -5819 @ 0.68779
c bounds -36 >= -5819 @ 0.705943
c bounds -36 >= -5818 @ 0.726602
c bounds -37 >= -5818 @ 0.745663
c bounds -37 >= -5817 @ 0.759354
c bounds -38 >= -5817 @ 0.775373
c bounds -38 >= -5816 @ 0.799276
c bounds -39 >= -5816 @ 0.818435
c bounds -39 >= -5815 @ 0.83948
c bounds -40 >= -5815 @ 0.857607
c bounds -41 >= -5815 @ 0.878263
c bounds -41 >= -5814 @ 0.893989
c bounds -42 >= -5814 @ 0.908978
c bounds -5814 >= -5814 @ 0.954631
c cpu time 0.954641 s
c deterministic time 10165572 1.02e+07
c optimization time 0.050076 s
c total solve time 0.732713 s
c core-guided solve time 0.335926 s
c propagation time 0.393445 s
c conflict analysis time 0.011878 s
c propagations 1165086
c resolve steps 1546
c decisions 553202
c conflicts 246
c restarts 2
c inprocessing phases 0
c input clauses 36155
c input cardinalities 8116
c input general constraints 11943
c input average constraint length 7.87
c input average constraint degree 1.58
c learned clauses 117
c learned cardinalities 10
c learned general constraints 119
c learned average constraint length 7.48
c learned average constraint degree 15.76
c watched constraints 7
c counting constraints 12055
c gcd simplifications 2
c detected cardinalities 991
c weakened non-implied lits 554
c weakened non-implying lits 1
c original variables 42306
c clausal propagations 238317
c cardinality propagations 608811
c watched propagations 133
c counting propagations 209963
c watch lookups 1794533
c watch backjump lookups 1029866
c watch checks 934904
c propagation checks 2984712
c constraint additions 8063
c trail pops 1695205
c formula constraints 50319
c learned constraints 246
c bound constraints 5808
c core-guided constraints 87
c encountered formula constraints 1433
c encountered learned constraints 233
c encountered bound constraints 0
c encountered core-guided constraints 126
c LP total time 0 s
c LP solve time 0 s
c LP constraints added 0
c LP constraints removed 0
c LP pivots internal 0
c LP pivots root 0
c LP calls 0
c LP optimalities 0
c LP no pivot count 0
c LP infeasibilities 0
c LP valid Farkas constraints 0
c LP learned Farkas constraints 0
c LP basis resets 0
c LP cycling count 0
c LP singular count 0
c LP no primal count 0
c LP no farkas count 0
c LP other issue count 0
c LP Gomory cuts 0
c LP learned cuts 0
c LP deleted cuts 0
c LP encountered Gomory constraints 0
c LP encountered Farkas constraints 0
c LP encountered learned Farkas constraints 0
c CG auxiliary variables introduced 37
c CG solutions found 22
c CG cores constructed 24
c CG core cardinality constraints returned 0
c CG unit cores 0
c CG single cores 24
c CG blocks removed during cardinality reduction 0
c CG first core best 0
c CG decision core best 0
c CG core reduction tie 0
c CG core degree average 1.00
c CG core slack average 3.71
o -5814
s OPTIMUM FOUND
