c RoundingSat 2
c branch 
c commit 
c #variables 4725 #constraints 9371
c bounds - >= -7875 @ 0.03207
c bounds 0 >= -7875 @ 0.036818
c bounds 0 >= -7859 @ 0.037123
c bounds 0 >= -7843 @ 0.037123
c bounds 0 >= -7827 @ 0.037373
c bounds 0 >= -7811 @ 0.037692
c bounds 0 >= -7795 @ 0.038009
c bounds 0 >= -7779 @ 0.038074
c bounds 0 >= -7763 @ 0.038074
c bounds 0 >= -7747 @ 0.038074
c bounds 0 >= -7731 @ 0.038225
c bounds 0 >= -7715 @ 0.038545
c bounds 0 >= -7699 @ 0.03886
c bounds 0 >= -7683 @ 0.039187
c bounds 0 >= -7667 @ 0.039503
c bounds 0 >= -7651 @ 0.039818
c bounds 0 >= -7635 @ 0.040137
c bounds 0 >= -7619 @ 0.040452
c bounds 0 >= -7603 @ 0.040769
c bounds 0 >= -7587 @ 0.041085
c bounds 0 >= -7571 @ 0.041401
c bounds 0 >= -7555 @ 0.041715
c bounds 0 >= -7539 @ 0.042029
c bounds 0 >= -7523 @ 0.042347
c bounds 0 >= -7507 @ 0.042662
c bounds 0 >= -7491 @ 0.042981
c bounds 0 >= -7475 @ 0.043296
c bounds 0 >= -7459 @ 0.043609
c bounds 0 >= -7443 @ 0.043925
c bounds 0 >= -7427 @ 0.043987
c bounds 0 >= -7411 @ 0.043987
c bounds 0 >= -7395 @ 0.043994
c bounds 0 >= -7379 @ 0.044195
c bounds 0 >= -7363 @ 0.044509
c bounds 0 >= -7347 @ 0.044819
c bounds 0 >= -7331 @ 0.045135
c bounds 0 >= -7315 @ 0.045448
c bounds 0 >= -7299 @ 0.04577
c bounds 0 >= -7283 @ 0.046082
c bounds 0 >= -7267 @ 0.046397
c bounds 0 >= -7251 @ 0.046709
c bounds 0 >= -7235 @ 0.047023
c bounds 0 >= -7219 @ 0.047341
c bounds 0 >= -7203 @ 0.047653
c bounds 0 >= -7187 @ 0.047966
c bounds 0 >= -7171 @ 0.04828
c bounds 0 >= -7155 @ 0.048592
c bounds 0 >= -7139 @ 0.048906
c bounds 0 >= -7123 @ 0.048967
c bounds 0 >= -7107 @ 0.048967
c bounds 0 >= -7091 @ 0.048977
c bounds 0 >= -7075 @ 0.049181
c bounds 0 >= -7059 @ 0.049494
c bounds 0 >= -7043 @ 0.049806
c bounds 0 >= -7027 @ 0.050118
c bounds 0 >= -7011 @ 0.050434
c bounds 0 >= -6995 @ 0.050746
c bounds 0 >= -6979 @ 0.051059
c bounds 0 >= -6963 @ 0.051375
c bounds 0 >= -6947 @ 0.051685
c bounds 0 >= -6931 @ 0.051995
c bounds 0 >= -6915 @ 0.05232
c bounds 0 >= -6899 @ 0.052632
c bounds 0 >= -6883 @ 0.052941
c bounds 0 >= -6867 @ 0.053263
c bounds 0 >= -6851 @ 0.054012
c bounds 0 >= -6835 @ 0.054315
c bounds 0 >= -6819 @ 0.054612
c bounds 0 >= -6803 @ 0.054909
c bounds 0 >= -6787 @ 0.055206
c bounds 0 >= -6771 @ 0.055503
c bounds 0 >= -6755 @ 0.055797
c bounds 0 >= -6739 @ 0.056094
c bounds 0 >= -6723 @ 0.056392
c bounds 0 >= -6707 @ 0.056686
c bounds 0 >= -6691 @ 0.056983
c bounds 0 >= -6675 @ 0.057283
c bounds 0 >= -6659 @ 0.057579
c bounds 0 >= -6643 @ 0.057878
c bounds 0 >= -6627 @ 0.058174
c bounds 0 >= -6611 @ 0.05847
c bounds 0 >= -6595 @ 0.058766
c bounds 0 >= -6579 @ 0.059061
c bounds 0 >= -6563 @ 0.059362
c bounds 0 >= -6547 @ 0.05966
c bounds 0 >= -6531 @ 0.059954
c bounds 0 >= -6515 @ 0.060256
c bounds 0 >= -6499 @ 0.060554
c bounds -2 >= -6499 @ 0.064683
c bounds -2 >= -6483 @ 0.065016
c bounds -2 >= -6467 @ 0.06532
c bounds -2 >= -6451 @ 0.065625
c bounds -2 >= -6435 @ 0.065924
c bounds -2 >= -6419 @ 0.066224
c bounds -2 >= -6403 @ 0.06652
c bounds -2 >= -6387 @ 0.066816
c bounds -2 >= -6371 @ 0.067114
c bounds -2 >= -6355 @ 0.067416
c bounds -2 >= -6339 @ 0.067717
c bounds -2 >= -6323 @ 0.068013
c bounds -2 >= -6307 @ 0.068315
c bounds -2 >= -6291 @ 0.068618
c bounds -2 >= -6275 @ 0.068913
c bounds -2 >= -6259 @ 0.069211
c bounds -2 >= -6243 @ 0.069508
c bounds -2 >= -6227 @ 0.069806
c bounds -2 >= -6211 @ 0.070105
c bounds -2 >= -6195 @ 0.070407
c bounds -2 >= -6179 @ 0.070703
c bounds -2 >= -6163 @ 0.070999
c bounds -2 >= -6147 @ 0.071302
c bounds -2 >= -6131 @ 0.071597
c bounds -2 >= -6115 @ 0.071896
c bounds -2 >= -6099 @ 0.072194
c bounds -2 >= -6083 @ 0.072491
c bounds -2 >= -6067 @ 0.072791
c bounds -2 >= -6051 @ 0.073091
c bounds -2 >= -6035 @ 0.073119
c bounds -2 >= -6019 @ 0.073119
c bounds -2 >= -6003 @ 0.073119
c bounds -2 >= -5987 @ 0.073365
c bounds -2 >= -5971 @ 0.073659
c bounds -2 >= -5955 @ 0.073953
c bounds -2 >= -5939 @ 0.074252
c bounds -2 >= -5923 @ 0.074545
c bounds -2 >= -5907 @ 0.074838
c bounds -2 >= -5891 @ 0.07511
c bounds -2 >= -5875 @ 0.075392
c bounds -2 >= -5859 @ 0.075684
c bounds -2 >= -5843 @ 0.075982
c bounds -2 >= -5827 @ 0.076298
c bounds -2 >= -5811 @ 0.076601
c bounds -2 >= -5795 @ 0.076894
c bounds -2 >= -5779 @ 0.077198
c bounds -2 >= -5763 @ 0.077505
c bounds -2 >= -5747 @ 0.07781
c bounds -2 >= -5731 @ 0.078112
c bounds -2 >= -5715 @ 0.078145
c bounds -2 >= -5699 @ 0.078145
c bounds -2 >= -5683 @ 0.078145
c bounds -2 >= -5667 @ 0.078392
c bounds -2 >= -5651 @ 0.078688
c bounds -2 >= -5635 @ 0.078979
c bounds -2 >= -5619 @ 0.079265
c bounds -2 >= -5603 @ 0.079558
c bounds -2 >= -5587 @ 0.07985
c bounds -2 >= -5571 @ 0.080112
c bounds -2 >= -5555 @ 0.080399
c bounds -2 >= -5539 @ 0.080695
c bounds -2 >= -5523 @ 0.08099
c bounds -6 >= -5523 @ 0.089711
c bounds -6 >= -5507 @ 0.089966
c bounds -6 >= -5491 @ 0.090252
c bounds -6 >= -5475 @ 0.090547
c bounds -6 >= -5459 @ 0.090841
c bounds -6 >= -5443 @ 0.0911
c bounds -6 >= -5427 @ 0.091397
c bounds -6 >= -5411 @ 0.091693
c bounds -6 >= -5395 @ 0.091983
c bounds -6 >= -5379 @ 0.092283
c bounds -6 >= -5363 @ 0.092589
c bounds -6 >= -5347 @ 0.092889
c bounds -6 >= -5331 @ 0.093193
c bounds -6 >= -5315 @ 0.093499
c bounds -6 >= -5299 @ 0.0938
c bounds -6 >= -5283 @ 0.094103
c bounds -6 >= -5267 @ 0.094411
c bounds -6 >= -5251 @ 0.094723
c bounds -6 >= -5235 @ 0.095023
c bounds -6 >= -5219 @ 0.095329
c bounds -6 >= -5203 @ 0.095634
c bounds -6 >= -5187 @ 0.095934
c bounds -6 >= -5171 @ 0.096243
c bounds -6 >= -5155 @ 0.096549
c bounds -6 >= -5139 @ 0.096855
c bounds -6 >= -5123 @ 0.097157
c bounds -6 >= -5107 @ 0.097465
c bounds -6 >= -5091 @ 0.097768
c bounds -6 >= -5075 @ 0.098072
c bounds -6 >= -5059 @ 0.098386
c bounds -6 >= -5043 @ 0.098689
c bounds -6 >= -5027 @ 0.098992
c bounds -6 >= -5011 @ 0.0993
c bounds -6 >= -4995 @ 0.099614
c bounds -6 >= -4979 @ 0.09992
c bounds -6 >= -4963 @ 0.100226
c bounds -6 >= -4947 @ 0.10053
c bounds -6 >= -4931 @ 0.100833
c bounds -6 >= -4915 @ 0.101138
c bounds -6 >= -4899 @ 0.101444
c bounds -6 >= -4883 @ 0.101752
c bounds -6 >= -4867 @ 0.10206
c bounds -6 >= -4851 @ 0.102364
c bounds -6 >= -4835 @ 0.102667
c bounds -6 >= -4819 @ 0.102971
c bounds -6 >= -4803 @ 0.103277
c bounds -6 >= -4787 @ 0.103581
c bounds -6 >= -4771 @ 0.103882
c bounds -6 >= -4755 @ 0.10419
c bounds -6 >= -4739 @ 0.104491
c bounds -6 >= -4723 @ 0.104794
c bounds -6 >= -4707 @ 0.104844
c bounds -6 >= -4691 @ 0.104844
c bounds -6 >= -4675 @ 0.104844
c bounds -6 >= -4659 @ 0.105042
c bounds -6 >= -4643 @ 0.105342
c bounds -6 >= -4627 @ 0.105649
c bounds -6 >= -4611 @ 0.105949
c bounds -6 >= -4595 @ 0.106261
c bounds -6 >= -4579 @ 0.106563
c bounds -6 >= -4563 @ 0.106864
c bounds -6 >= -4547 @ 0.107167
c bounds -6 >= -4531 @ 0.107474
c bounds -6 >= -4515 @ 0.107777
c bounds -6 >= -4499 @ 0.108083
c bounds -6 >= -4483 @ 0.108382
c bounds -6 >= -4467 @ 0.108682
c bounds -6 >= -4451 @ 0.108982
c bounds -6 >= -4435 @ 0.109291
c bounds -6 >= -4419 @ 0.109588
c bounds -6 >= -4403 @ 0.109894
c bounds -6 >= -4387 @ 0.110194
c bounds -6 >= -4371 @ 0.110496
c bounds -6 >= -4355 @ 0.110805
c bounds -6 >= -4339 @ 0.111111
c bounds -6 >= -4323 @ 0.111407
c bounds -6 >= -4307 @ 0.11171
c bounds -6 >= -4291 @ 0.112014
c bounds -6 >= -4275 @ 0.112323
c bounds -62 >= -4275 @ 0.119604
c bounds -63 >= -4275 @ 0.124331
c bounds -64 >= -4275 @ 0.127686
c bounds -65 >= -4275 @ 0.130106
c bounds -66 >= -4275 @ 0.133479
c bounds -67 >= -4275 @ 0.137174
c bounds -68 >= -4275 @ 0.140705
c bounds -69 >= -4275 @ 0.14326
c bounds -69 >= -4265 @ 0.147306
c bounds -70 >= -4265 @ 0.152935
c bounds -71 >= -4265 @ 0.155601
c bounds -72 >= -4265 @ 0.158906
c bounds -72 >= -4255 @ 0.161106
c bounds -73 >= -4255 @ 0.166833
c bounds -74 >= -4255 @ 0.170437
c bounds -74 >= -4245 @ 0.172824
c bounds -75 >= -4245 @ 0.177135
c bounds -76 >= -4245 @ 0.181643
c bounds -76 >= -4235 @ 0.187376
c bounds -77 >= -4235 @ 0.189371
c bounds -78 >= -4235 @ 0.193734
c bounds -79 >= -4235 @ 0.197429
c bounds -80 >= -4235 @ 0.19981
c bounds -81 >= -4235 @ 0.203367
c bounds -82 >= -4235 @ 0.207788
c bounds -83 >= -4235 @ 0.210365
c bounds -84 >= -4235 @ 0.212688
c bounds -84 >= -4225 @ 0.231073
c bounds -85 >= -4225 @ 0.234041
c bounds -86 >= -4225 @ 0.236605
c bounds -87 >= -4225 @ 0.241058
c bounds -88 >= -4225 @ 0.245544
c bounds -89 >= -4225 @ 0.249268
c bounds -90 >= -4225 @ 0.252722
c bounds -91 >= -4225 @ 0.255912
c bounds -95 >= -4225 @ 0.260283
c bounds -99 >= -4225 @ 0.263146
c bounds -103 >= -4225 @ 0.267518
c bounds -107 >= -4225 @ 0.272008
c bounds -111 >= -4225 @ 0.274518
c bounds -115 >= -4225 @ 0.277122
c bounds -119 >= -4225 @ 0.280464
c bounds -123 >= -4225 @ 0.283779
c bounds -127 >= -4225 @ 0.28545
c bounds -131 >= -4225 @ 0.288475
c bounds -135 >= -4225 @ 0.291897
c bounds -137 >= -4225 @ 0.29501
c bounds -139 >= -4225 @ 0.299244
c bounds -141 >= -4225 @ 0.303007
c bounds -143 >= -4225 @ 0.306299
c bounds -147 >= -4225 @ 0.30837
c bounds -147 >= -4215 @ 0.311763
c bounds -151 >= -4215 @ 0.314384
c bounds -155 >= -4215 @ 0.316305
c bounds -155 >= -4205 @ 0.319523
c bounds -159 >= -4205 @ 0.324232
c bounds -163 >= -4205 @ 0.327306
c bounds -163 >= -4195 @ 0.329168
c bounds -167 >= -4195 @ 0.332476
c #Conflicts:       1000 | #Constraints:      11144
c bounds -167 >= -4185 @ 0.339481
c bounds -169 >= -4185 @ 0.342282
c bounds -173 >= -4185 @ 0.344275
c bounds -175 >= -4185 @ 0.346503
c bounds -179 >= -4185 @ 0.350926
c bounds -183 >= -4185 @ 0.353415
c bounds -187 >= -4185 @ 0.355932
c bounds -191 >= -4185 @ 0.35925
c bounds -195 >= -4185 @ 0.36276
c bounds -195 >= -4175 @ 0.368178
c bounds -197 >= -4175 @ 0.371419
c bounds -199 >= -4175 @ 0.375236
c bounds -203 >= -4175 @ 0.377492
c bounds -203 >= -4165 @ 0.380512
c bounds -207 >= -4165 @ 0.384061
c bounds -207 >= -4155 @ 0.387105
c bounds -209 >= -4155 @ 0.390685
c bounds -211 >= -4155 @ 0.394258
c bounds -211 >= -4145 @ 0.396074
c bounds -215 >= -4145 @ 0.39968
c bounds -215 >= -4135 @ 0.40102
c bounds -219 >= -4135 @ 0.403262
c bounds -219 >= -4125 @ 0.406958
c bounds -223 >= -4125 @ 0.409061
c bounds -227 >= -4125 @ 0.41276
c bounds -227 >= -4115 @ 0.416791
c bounds -231 >= -4115 @ 0.419778
c bounds -235 >= -4115 @ 0.421548
c bounds -235 >= -4105 @ 0.428839
c bounds -237 >= -4105 @ 0.432174
c bounds -239 >= -4105 @ 0.435041
c bounds -243 >= -4105 @ 0.438621
c bounds -247 >= -4105 @ 0.441246
c bounds -251 >= -4105 @ 0.443664
c bounds -255 >= -4105 @ 0.446248
c bounds -255 >= -4095 @ 0.449031
c bounds -256 >= -4095 @ 0.452119
c bounds -260 >= -4095 @ 0.455652
c bounds -260 >= -4085 @ 0.45887
c bounds -264 >= -4085 @ 0.461599
c bounds -264 >= -4075 @ 0.465933
c bounds -268 >= -4075 @ 0.467873
c bounds -272 >= -4075 @ 0.470609
c bounds -272 >= -4065 @ 0.474408
c bounds -276 >= -4065 @ 0.477484
c bounds -280 >= -4065 @ 0.481096
c bounds -280 >= -4055 @ 0.483665
c bounds -284 >= -4055 @ 0.48658
c bounds -284 >= -4045 @ 0.489435
c bounds -288 >= -4045 @ 0.493427
c bounds -288 >= -4035 @ 0.496649
c bounds -292 >= -4035 @ 0.499278
c bounds -296 >= -4035 @ 0.501051
c #Conflicts:       2000 | #Constraints:      12251
c INPROCESSING
c GARBAGE COLLECT
c bounds -300 >= -4035 @ 0.509339
c bounds -300 >= -4025 @ 0.514087
c bounds -304 >= -4025 @ 0.51795
c bounds -304 >= -4015 @ 0.52069
c bounds -308 >= -4015 @ 0.523581
c bounds -308 >= -4005 @ 0.531104
c bounds -312 >= -4005 @ 0.533243
c bounds -312 >= -3995 @ 0.535897
c bounds -316 >= -3995 @ 0.539675
c bounds -316 >= -3985 @ 0.544724
c bounds -320 >= -3985 @ 0.547891
c bounds -320 >= -3975 @ 0.552554
c bounds -324 >= -3975 @ 0.554987
c bounds -324 >= -3965 @ 0.558823
c bounds -328 >= -3965 @ 0.561786
c bounds -328 >= -3955 @ 0.5648
c bounds -332 >= -3955 @ 0.567595
c bounds -336 >= -3955 @ 0.569245
c bounds -336 >= -3945 @ 0.58345
c bounds -340 >= -3945 @ 0.585441
c bounds -341 >= -3945 @ 0.58831
c bounds -345 >= -3945 @ 0.591066
c bounds -345 >= -3935 @ 0.596184
c bounds -349 >= -3935 @ 0.598393
c bounds -350 >= -3935 @ 0.601085
c bounds -354 >= -3935 @ 0.603719
c bounds -354 >= -3925 @ 0.618326
c bounds -358 >= -3925 @ 0.620318
c bounds -362 >= -3925 @ 0.624067
c bounds -366 >= -3925 @ 0.627727
c bounds -370 >= -3925 @ 0.630609
c bounds -374 >= -3925 @ 0.634197
c bounds -375 >= -3925 @ 0.636001
c bounds -379 >= -3925 @ 0.639504
c bounds -383 >= -3925 @ 0.6421
c bounds -383 >= -3915 @ 0.664175
c bounds -387 >= -3915 @ 0.668221
c bounds -391 >= -3915 @ 0.671021
c bounds -395 >= -3915 @ 0.673811
c bounds -399 >= -3915 @ 0.675556
c bounds -400 >= -3915 @ 0.677129
c bounds -404 >= -3915 @ 0.678907
c bounds -408 >= -3915 @ 0.68149
c bounds -412 >= -3915 @ 0.685304
c bounds -416 >= -3915 @ 0.688097
c bounds -420 >= -3915 @ 0.690744
c bounds -424 >= -3915 @ 0.693743
c bounds -428 >= -3915 @ 0.696525
c bounds -432 >= -3915 @ 0.699162
c bounds -436 >= -3915 @ 0.701962
c bounds -436 >= -3905 @ 0.715008
c bounds -440 >= -3905 @ 0.718056
c bounds -444 >= -3905 @ 0.721883
c bounds -448 >= -3905 @ 0.7248
c bounds -449 >= -3905 @ 0.727662
c #Conflicts:       3000 | #Constraints:      12010
c bounds -449 >= -3895 @ 0.766241
c bounds -453 >= -3895 @ 0.770514
c bounds -457 >= -3895 @ 0.774404
c bounds -461 >= -3895 @ 0.777282
c bounds -465 >= -3895 @ 0.779253
c bounds -469 >= -3895 @ 0.781931
c bounds -473 >= -3895 @ 0.785813
c bounds -477 >= -3895 @ 0.788683
c bounds -478 >= -3895 @ 0.790633
c bounds -482 >= -3895 @ 0.794413
c bounds -486 >= -3895 @ 0.797425
c bounds -490 >= -3895 @ 0.80101
c bounds -494 >= -3895 @ 0.803899
c bounds -498 >= -3895 @ 0.807673
c bounds -499 >= -3895 @ 0.808707
c bounds -503 >= -3895 @ 0.811513
c bounds -507 >= -3895 @ 0.814433
c bounds -508 >= -3895 @ 0.817155
c bounds -512 >= -3895 @ 0.819153
c bounds -516 >= -3895 @ 0.822093
c bounds -520 >= -3895 @ 0.82462
c bounds -524 >= -3895 @ 0.827298
c bounds -524 >= -3885 @ 0.838612
c bounds -528 >= -3885 @ 0.841561
c bounds -529 >= -3885 @ 0.843405
c bounds -533 >= -3885 @ 0.845984
c bounds -537 >= -3885 @ 0.848578
c bounds -537 >= -3875 @ 0.854563
c bounds -541 >= -3875 @ 0.85832
c bounds -541 >= -3865 @ 0.865131
c bounds -545 >= -3865 @ 0.869313
c bounds -549 >= -3865 @ 0.872017
c bounds -549 >= -3855 @ 0.879607
c bounds -553 >= -3855 @ 0.882742
c bounds -553 >= -3845 @ 0.88754
c bounds -557 >= -3845 @ 0.890686
c bounds -557 >= -3835 @ 0.894633
c bounds -561 >= -3835 @ 0.897818
c bounds -561 >= -3825 @ 0.899977
c bounds -565 >= -3825 @ 0.902284
c bounds -565 >= -3815 @ 0.906922
c bounds -565 >= -3805 @ 0.908657
c bounds -569 >= -3805 @ 0.912762
c bounds -569 >= -3795 @ 0.918294
c bounds -569 >= -3785 @ 0.922352
c bounds -573 >= -3785 @ 0.92579
c bounds -573 >= -3775 @ 0.929823
c bounds -577 >= -3775 @ 0.932984
c bounds -577 >= -3765 @ 0.938574
c bounds -581 >= -3765 @ 0.941756
c bounds -581 >= -3755 @ 0.948253
c bounds -581 >= -3745 @ 0.952238
c bounds -582 >= -3745 @ 0.955078
c bounds -582 >= -3735 @ 0.961646
c bounds -582 >= -3725 @ 0.965196
c bounds -586 >= -3725 @ 0.967664
c bounds -586 >= -3715 @ 0.977158
c bounds -590 >= -3715 @ 0.980144
c bounds -590 >= -3705 @ 0.98314
c bounds -594 >= -3705 @ 0.986021
c #Conflicts:       4000 | #Constraints:      13119
c bounds -594 >= -3695 @ 0.992295
c bounds -598 >= -3695 @ 0.995862
c bounds -598 >= -3685 @ 0.999122
c bounds -602 >= -3685 @ 1.00275
c bounds -602 >= -3675 @ 1.00806
c bounds -606 >= -3675 @ 1.01211
c bounds -610 >= -3675 @ 1.01517
c bounds -610 >= -3665 @ 1.01903
c bounds -614 >= -3665 @ 1.02319
c INPROCESSING
c GARBAGE COLLECT
c bounds -618 >= -3665 @ 1.03536
c bounds -622 >= -3665 @ 1.03788
c bounds -622 >= -3660 @ 1.04341
c bounds -623 >= -3660 @ 1.04575
c bounds -627 >= -3660 @ 1.04734
c bounds -627 >= -3655 @ 1.05348
c bounds -631 >= -3655 @ 1.05675
c bounds -635 >= -3655 @ 1.05843
c bounds -639 >= -3655 @ 1.06036
c bounds -639 >= -3650 @ 1.06769
c bounds -643 >= -3650 @ 1.07122
c bounds -647 >= -3650 @ 1.07385
c bounds -651 >= -3650 @ 1.07745
c bounds -655 >= -3650 @ 1.08134
c bounds -655 >= -3645 @ 1.09172
c bounds -659 >= -3645 @ 1.09497
c bounds -663 >= -3645 @ 1.09879
c bounds -667 >= -3645 @ 1.10254
c bounds -671 >= -3645 @ 1.10458
c bounds -672 >= -3645 @ 1.10739
c bounds -673 >= -3645 @ 1.11199
c bounds -677 >= -3645 @ 1.11728
c bounds -678 >= -3645 @ 1.12073
c bounds -678 >= -3640 @ 1.14333
c bounds -682 >= -3640 @ 1.1486
c bounds -686 >= -3640 @ 1.15243
c bounds -690 >= -3640 @ 1.15668
c bounds -694 >= -3640 @ 1.16057
c bounds -698 >= -3640 @ 1.16536
c bounds -702 >= -3640 @ 1.16897
c bounds -703 >= -3640 @ 1.17387
c bounds -707 >= -3640 @ 1.17811
c bounds -711 >= -3640 @ 1.18223
c bounds -715 >= -3640 @ 1.18638
c bounds -719 >= -3640 @ 1.19257
c bounds -723 >= -3640 @ 1.19885
c bounds -727 >= -3640 @ 1.20192
c bounds -728 >= -3640 @ 1.20523
c bounds -729 >= -3640 @ 1.20908
c bounds -733 >= -3640 @ 1.21233
c bounds -737 >= -3640 @ 1.21713
c bounds -737 >= -3635 @ 1.22978
c bounds -741 >= -3635 @ 1.23435
c bounds -745 >= -3635 @ 1.23939
c bounds -749 >= -3635 @ 1.24253
c bounds -750 >= -3635 @ 1.24815
c bounds -754 >= -3635 @ 1.2518
c bounds -758 >= -3635 @ 1.25442
c bounds -762 >= -3635 @ 1.2592
c bounds -766 >= -3635 @ 1.26278
c bounds -766 >= -3630 @ 1.26624
c bounds -770 >= -3630 @ 1.27124
c bounds -770 >= -3625 @ 1.2732
c bounds -770 >= -3620 @ 1.2755
c bounds -774 >= -3620 @ 1.27935
c bounds -774 >= -3615 @ 1.2806
c bounds -774 >= -3610 @ 1.28362
c bounds -778 >= -3610 @ 1.28875
c #Conflicts:       5000 | #Constraints:      12576
c bounds -778 >= -3605 @ 1.29123
c bounds -779 >= -3605 @ 1.29405
c bounds -779 >= -3600 @ 1.30051
c bounds -780 >= -3600 @ 1.30437
c bounds -784 >= -3600 @ 1.30998
c bounds -785 >= -3600 @ 1.31359
c bounds -785 >= -3595 @ 1.31849
c bounds -789 >= -3595 @ 1.32353
c bounds -789 >= -3590 @ 1.32653
c bounds -793 >= -3590 @ 1.33054
c bounds -793 >= -3585 @ 1.33445
c bounds -794 >= -3585 @ 1.34005
c bounds -794 >= -3580 @ 1.34353
c bounds -798 >= -3580 @ 1.34857
c bounds -798 >= -3575 @ 1.35625
c bounds -802 >= -3575 @ 1.35912
c bounds -806 >= -3575 @ 1.36266
c bounds -806 >= -3570 @ 1.36576
c bounds -810 >= -3570 @ 1.37055
c bounds -810 >= -3565 @ 1.37313
c bounds -811 >= -3565 @ 1.37675
c bounds -811 >= -3560 @ 1.38044
c bounds -815 >= -3560 @ 1.38329
c bounds -815 >= -3555 @ 1.3871
c bounds -819 >= -3555 @ 1.38983
c bounds -819 >= -3550 @ 1.39682
c bounds -823 >= -3550 @ 1.40173
c bounds -827 >= -3550 @ 1.40424
c bounds -828 >= -3550 @ 1.40721
c bounds -828 >= -3545 @ 1.41129
c bounds -830 >= -3545 @ 1.42346
c bounds -830 >= -3540 @ 1.42373
c bounds -830 >= -3535 @ 1.42494
c bounds -830 >= -3530 @ 1.42819
c bounds -830 >= -3525 @ 1.42971
c bounds -830 >= -3520 @ 1.43164
c bounds -830 >= -3515 @ 1.4327
c bounds -830 >= -3510 @ 1.43552
c bounds -830 >= -3505 @ 1.43621
c bounds -830 >= -3500 @ 1.43929
c bounds -830 >= -3495 @ 1.44551
c bounds -834 >= -3495 @ 1.45287
c #Conflicts:       6000 | #Constraints:      13745
c bounds -834 >= -3490 @ 1.45757
c bounds -837 >= -3490 @ 1.46526
c bounds -837 >= -3485 @ 1.47304
c bounds -841 >= -3485 @ 1.47564
c bounds -842 >= -3485 @ 1.47883
c bounds -848 >= -3485 @ 1.50424
c bounds -848 >= -3480 @ 1.51945
c bounds -848 >= -3475 @ 1.52301
c bounds -848 >= -3470 @ 1.53437
c bounds -849 >= -3470 @ 1.5498
c bounds -849 >= -3465 @ 1.58627
c bounds -850 >= -3465 @ 1.59055
c bounds -851 >= -3465 @ 1.59755
c bounds -855 >= -3465 @ 1.60112
c bounds -856 >= -3465 @ 1.60294
c bounds -860 >= -3465 @ 1.60731
c #Conflicts:       7000 | #Constraints:      14818
c bounds -866 >= -3465 @ 1.78569
c bounds -866 >= -3460 @ 1.87303
c #Conflicts:       8000 | #Constraints:      15840
c #Conflicts:       9000 | #Constraints:      16840
c bounds -866 >= -3455 @ 2.20892
c bounds -867 >= -3455 @ 2.28791
c bounds -868 >= -3455 @ 2.30535
c bounds -874 >= -3455 @ 2.58001
c INPROCESSING
c GARBAGE COLLECT
c #Conflicts:      10000 | #Constraints:      14395
c #Conflicts:      11000 | #Constraints:      15395
c bounds -874 >= -3450 @ 3.29774
c bounds -875 >= -3450 @ 3.38348
c bounds -876 >= -3450 @ 3.45129
c bounds -877 >= -3450 @ 3.45732
c bounds -893 >= -3450 @ 3.5477
c bounds -894 >= -3450 @ 3.56845
c bounds -896 >= -3450 @ 3.57628
c bounds -898 >= -3450 @ 3.83839
c bounds -899 >= -3450 @ 3.84302
c bounds -900 >= -3450 @ 3.84831
c #Conflicts:      12000 | #Constraints:      16428
c bounds -902 >= -3450 @ 4.12696
c bounds -903 >= -3450 @ 4.43889
c bounds -904 >= -3450 @ 4.63028
c bounds -905 >= -3450 @ 4.63721
c bounds -906 >= -3450 @ 4.70452
c bounds -907 >= -3450 @ 5.06969
c #Conflicts:      13000 | #Constraints:      17434
c #Conflicts:      14000 | #Constraints:      18434
c #Conflicts:      15000 | #Constraints:      19434
c bounds -907 >= -3445 @ 6.72084
c bounds -908 >= -3445 @ 6.75001
c bounds -909 >= -3445 @ 7.22988
c bounds -910 >= -3445 @ 7.44623
c #Conflicts:      16000 | #Constraints:      20461
c INPROCESSING
c GARBAGE COLLECT
c bounds -910 >= -3440 @ 10.539
c bounds -910 >= -3435 @ 10.5419
c bounds -910 >= -3430 @ 10.5446
c bounds -910 >= -3425 @ 10.5468
c bounds -910 >= -3420 @ 10.5488
c bounds -910 >= -3415 @ 10.5512
c bounds -910 >= -3410 @ 10.5569
c bounds -910 >= -3405 @ 10.5601
c bounds -910 >= -3400 @ 10.5625
c bounds -910 >= -3395 @ 10.5654
c bounds -910 >= -3390 @ 10.5698
c bounds -910 >= -3385 @ 10.5728
c bounds -910 >= -3380 @ 10.5779
c bounds -910 >= -3375 @ 10.5814
c bounds -910 >= -3370 @ 10.5844
c bounds -910 >= -3365 @ 10.5891
c #Conflicts:      17000 | #Constraints:      16322
c bounds -910 >= -3360 @ 10.5914
c bounds -910 >= -3355 @ 10.5931
c bounds -910 >= -3350 @ 10.6018
c bounds -910 >= -3345 @ 10.6123
c bounds -910 >= -3340 @ 10.616
c bounds -910 >= -3335 @ 10.6186
c bounds -910 >= -3330 @ 10.6221
c bounds -910 >= -3325 @ 10.6243
c bounds -910 >= -3320 @ 10.6293
c bounds -910 >= -3315 @ 10.6312
c bounds -910 >= -3310 @ 10.6414
c #Conflicts:      18000 | #Constraints:      17394
c bounds -910 >= -3305 @ 10.6597
c bounds -910 >= -3300 @ 10.7149
c #Conflicts:      19000 | #Constraints:      18418
c bounds -910 >= -3295 @ 10.8079
c bounds -910 >= -3290 @ 10.8276
c #Conflicts:      20000 | #Constraints:      19436
c bounds -910 >= -3285 @ 10.8308
c bounds -910 >= -3280 @ 10.8337
c bounds -910 >= -3275 @ 10.8349
c bounds -910 >= -3270 @ 10.8369
c bounds -910 >= -3265 @ 10.8401
c bounds -910 >= -3260 @ 10.8438
c bounds -910 >= -3255 @ 10.847
c bounds -910 >= -3250 @ 10.8503
c bounds -910 >= -3245 @ 10.8537
c bounds -910 >= -3240 @ 10.8597
c bounds -910 >= -3235 @ 10.8637
c bounds -910 >= -3230 @ 10.8679
c bounds -910 >= -3225 @ 10.8699
c bounds -910 >= -3220 @ 10.8724
c bounds -910 >= -3215 @ 10.8768
c bounds -910 >= -3210 @ 10.8797
c bounds -910 >= -3205 @ 10.8857
c bounds -910 >= -3200 @ 10.889
c bounds -910 >= -3195 @ 10.8946
c bounds -910 >= -3190 @ 10.9008
c #Conflicts:      21000 | #Constraints:      20571
c INPROCESSING
c GARBAGE COLLECT
c bounds -910 >= -3185 @ 10.9245
c bounds -910 >= -3180 @ 10.9326
c bounds -910 >= -3175 @ 10.9383
c bounds -910 >= -3170 @ 10.9437
c bounds -910 >= -3165 @ 10.9589
c bounds -910 >= -3160 @ 10.9797
c #Conflicts:      22000 | #Constraints:      16619
c bounds -910 >= -3155 @ 11.0299
c bounds -910 >= -3150 @ 11.0678
c #Conflicts:      23000 | #Constraints:      17643
c bounds -910 >= -3145 @ 11.0795
c bounds -910 >= -3140 @ 11.0841
c bounds -910 >= -3135 @ 11.0889
c bounds -910 >= -3130 @ 11.0985
c bounds -910 >= -3125 @ 11.1099
c bounds -910 >= -3120 @ 11.1135
c bounds -910 >= -3115 @ 11.1168
c bounds -910 >= -3110 @ 11.1189
c bounds -910 >= -3105 @ 11.1229
c bounds -910 >= -3100 @ 11.1269
c #Conflicts:      24000 | #Constraints:      18715
c #Conflicts:      25000 | #Constraints:      19715
c bounds -910 >= -3095 @ 11.6756
c bounds -914 >= -3095 @ 11.9288
c #Conflicts:      26000 | #Constraints:      20746
c bounds -915 >= -3095 @ 15.9942
c #Conflicts:      27000 | #Constraints:      21747
c #Conflicts:      28000 | #Constraints:      22747
c #Conflicts:      29000 | #Constraints:      23747
c bounds -915 >= -3090 @ 17.0942
c #Conflicts:      30000 | #Constraints:      24786
c #Conflicts:      31000 | #Constraints:      25786
c INPROCESSING
c GARBAGE COLLECT
c #Conflicts:      32000 | #Constraints:      19162
c #Conflicts:      33000 | #Constraints:      20162
c #Conflicts:      34000 | #Constraints:      21162
c bounds -915 >= -3085 @ 19.4424
c #Conflicts:      35000 | #Constraints:      22192
c bounds -916 >= -3085 @ 21.0745
c bounds -916 >= -3080 @ 21.096
c bounds -916 >= -3075 @ 21.0993
c bounds -916 >= -3070 @ 21.1293
c bounds -916 >= -3065 @ 21.1337
c bounds -916 >= -3060 @ 21.1489
c #Conflicts:      36000 | #Constraints:      23220
c bounds -916 >= -3055 @ 21.2642
c #Conflicts:      37000 | #Constraints:      24241
c INPROCESSING
c GARBAGE COLLECT
c #Conflicts:      38000 | #Constraints:      18465
c #Conflicts:      39000 | #Constraints:      19465
c #Conflicts:      40000 | #Constraints:      20465
c #Conflicts:      41000 | #Constraints:      21465
c bounds -916 >= -3050 @ 23.8094
c #Conflicts:      42000 | #Constraints:      22501
c bounds -917 >= -3050 @ 25.2879
c bounds -918 >= -3050 @ 25.2983
c bounds -922 >= -3050 @ 25.3185
c #Conflicts:      43000 | #Constraints:      23504
c bounds -924 >= -3050 @ 27.2694
c bounds -924 >= -3045 @ 27.2788
c bounds -924 >= -3040 @ 27.2816
c bounds -924 >= -3035 @ 27.2964
c #Conflicts:      44000 | #Constraints:      24526
c bounds -924 >= -3030 @ 27.3342
c bounds -924 >= -3025 @ 27.3798
c #Conflicts:      45000 | #Constraints:      25556
c bounds -924 >= -3020 @ 27.4425
c bounds -924 >= -3015 @ 27.4775
c #Conflicts:      46000 | #Constraints:      26583
c bounds -924 >= -3010 @ 27.5362
c bounds -924 >= -3005 @ 27.5442
c bounds -924 >= -3000 @ 27.5476
c #Conflicts:      47000 | #Constraints:      27607
c #Conflicts:      48000 | #Constraints:      28607
c #Conflicts:      49000 | #Constraints:      29607
c #Conflicts:      50000 | #Constraints:      30607
c INPROCESSING
c GARBAGE COLLECT
c bounds -925 >= -3000 @ 31.1311
c bounds -927 >= -3000 @ 31.1366
c bounds -928 >= -3000 @ 31.1414
c bounds -930 >= -3000 @ 31.1459
c bounds -931 >= -3000 @ 31.7811
c #Conflicts:      51000 | #Constraints:      21534
c bounds -932 >= -3000 @ 32.5392
c #Conflicts:      52000 | #Constraints:      22535
c bounds -933 >= -3000 @ 36.8368
c bounds -933 >= -2996 @ 36.838
c bounds -933 >= -2992 @ 36.839
c bounds -933 >= -2984 @ 36.8397
c bounds -933 >= -2976 @ 36.841
c bounds -933 >= -2972 @ 36.842
c bounds -933 >= -2968 @ 36.8423
c bounds -933 >= -2964 @ 36.8432
c bounds -933 >= -2960 @ 36.8441
c bounds -933 >= -2956 @ 36.8461
c bounds -933 >= -2952 @ 36.847
c bounds -933 >= -2948 @ 36.8489
c bounds -933 >= -2944 @ 36.851
c bounds -933 >= -2936 @ 36.8523
c bounds -933 >= -2932 @ 36.8539
c bounds -933 >= -2928 @ 36.8547
c bounds -933 >= -2924 @ 36.8559
c bounds -933 >= -2920 @ 36.8571
c bounds -933 >= -2916 @ 36.8583
c bounds -933 >= -2908 @ 36.8589
c bounds -933 >= -2904 @ 36.8595
c bounds -933 >= -2900 @ 36.8609
c bounds -933 >= -2896 @ 36.8621
c bounds -933 >= -2892 @ 36.8647
c bounds -933 >= -2888 @ 36.8652
c bounds -933 >= -2880 @ 36.8675
c bounds -933 >= -2876 @ 36.8698
c bounds -933 >= -2872 @ 36.8711
c bounds -933 >= -2868 @ 36.8725
c bounds -933 >= -2864 @ 36.8738
c bounds -933 >= -2860 @ 36.8751
c bounds -933 >= -2856 @ 36.8764
c bounds -933 >= -2848 @ 36.8779
c bounds -933 >= -2844 @ 36.8801
c bounds -933 >= -2840 @ 36.8813
c bounds -933 >= -2836 @ 36.8828
c bounds -933 >= -2832 @ 36.8839
c bounds -933 >= -2828 @ 36.8861
c bounds -933 >= -2820 @ 36.8884
c bounds -933 >= -2816 @ 36.8898
c bounds -933 >= -2812 @ 36.8911
c bounds -933 >= -2808 @ 36.8933
c bounds -933 >= -2804 @ 36.8956
c bounds -933 >= -2800 @ 36.8969
c bounds -933 >= -2796 @ 36.8995
c bounds -933 >= -2792 @ 36.9007
c bounds -933 >= -2788 @ 36.9019
c bounds -933 >= -2784 @ 36.9031
c bounds -933 >= -2780 @ 36.9052
c bounds -933 >= -2776 @ 36.9068
c bounds -933 >= -2772 @ 36.9068
c bounds -933 >= -2764 @ 36.908
c bounds -933 >= -2756 @ 36.9104
c bounds -933 >= -2752 @ 36.9127
c bounds -933 >= -2748 @ 36.915
c bounds -933 >= -2744 @ 36.9172
c bounds -933 >= -2740 @ 36.9177
c bounds -933 >= -2736 @ 36.9187
c bounds -933 >= -2732 @ 36.92
c bounds -933 >= -2728 @ 36.9223
c bounds -933 >= -2724 @ 36.9237
c bounds -933 >= -2720 @ 36.9249
c bounds -933 >= -2716 @ 36.9273
c bounds -933 >= -2712 @ 36.9296
c bounds -933 >= -2708 @ 36.9309
c bounds -933 >= -2700 @ 36.9325
c bounds -933 >= -2696 @ 36.9338
c bounds -933 >= -2692 @ 36.9363
c bounds -933 >= -2688 @ 36.9368
c bounds -933 >= -2684 @ 36.9381
c bounds -933 >= -2680 @ 36.9403
c bounds -933 >= -2676 @ 36.9416
c bounds -933 >= -2672 @ 36.9439
c bounds -933 >= -2668 @ 36.9454
c bounds -933 >= -2664 @ 36.9468
c bounds -933 >= -2660 @ 36.9491
c bounds -933 >= -2652 @ 36.9506
c bounds -933 >= -2648 @ 36.9518
c bounds -933 >= -2644 @ 36.9531
c bounds -933 >= -2640 @ 36.9546
c bounds -933 >= -2636 @ 36.956
c bounds -933 >= -2632 @ 36.9576
c bounds -933 >= -2628 @ 36.9577
c bounds -933 >= -2624 @ 36.9591
c bounds -933 >= -2620 @ 36.9598
c bounds -933 >= -2616 @ 36.9621
c bounds -933 >= -2612 @ 36.9638
c bounds -933 >= -2608 @ 36.9663
c bounds -933 >= -2604 @ 36.9668
c bounds -933 >= -2600 @ 36.9682
c bounds -933 >= -2596 @ 36.9687
c bounds -933 >= -2592 @ 36.97
c bounds -933 >= -2588 @ 36.9716
c bounds -933 >= -2584 @ 36.9741
c bounds -933 >= -2580 @ 36.9755
c bounds -933 >= -2576 @ 36.9783
c bounds -933 >= -2572 @ 36.9787
c bounds -933 >= -2568 @ 36.9804
c bounds -933 >= -2564 @ 36.9819
c bounds -933 >= -2560 @ 36.9825
c bounds -933 >= -2552 @ 36.983
c bounds -933 >= -2548 @ 36.9847
c bounds -933 >= -2544 @ 36.9872
c bounds -933 >= -2540 @ 36.9896
c bounds -933 >= -2536 @ 36.9915
c bounds -933 >= -2532 @ 36.9938
c bounds -933 >= -2528 @ 36.9952
c bounds -933 >= -2524 @ 36.9968
c bounds -933 >= -2520 @ 36.9996
c bounds -933 >= -2516 @ 37.0016
c bounds -933 >= -2512 @ 37.0031
c bounds -933 >= -2508 @ 37.0038
c bounds -933 >= -2504 @ 37.0064
c bounds -933 >= -2500 @ 37.008
c bounds -933 >= -2496 @ 37.0107
c bounds -933 >= -2492 @ 37.014
c bounds -933 >= -2488 @ 37.0157
c bounds -933 >= -2484 @ 37.0185
c bounds -933 >= -2480 @ 37.0211
c bounds -933 >= -2476 @ 37.0218
c bounds -933 >= -2472 @ 37.0226
c bounds -933 >= -2468 @ 37.0254
c bounds -933 >= -2464 @ 37.0274
c bounds -933 >= -2460 @ 37.0288
c bounds -933 >= -2456 @ 37.0306
c bounds -933 >= -2452 @ 37.0334
c bounds -933 >= -2448 @ 37.0352
c bounds -933 >= -2444 @ 37.0373
c bounds -933 >= -2440 @ 37.0383
c bounds -933 >= -2436 @ 37.0398
c bounds -933 >= -2432 @ 37.0416
c bounds -933 >= -2428 @ 37.0444
c bounds -933 >= -2424 @ 37.0467
c bounds -933 >= -2420 @ 37.0485
c bounds -933 >= -2416 @ 37.0506
c bounds -933 >= -2412 @ 37.0529
c bounds -933 >= -2408 @ 37.0547
c bounds -933 >= -2404 @ 37.0568
c bounds -933 >= -2400 @ 37.059
c bounds -933 >= -2396 @ 37.0613
c bounds -933 >= -2392 @ 37.0622
c bounds -933 >= -2388 @ 37.0636
c bounds -933 >= -2384 @ 37.0674
c bounds -933 >= -2380 @ 37.0708
c bounds -933 >= -2376 @ 37.0732
c bounds -933 >= -2372 @ 37.0764
c bounds -933 >= -2368 @ 37.0791
c bounds -933 >= -2364 @ 37.0813
c bounds -933 >= -2360 @ 37.0846
c bounds -933 >= -2356 @ 37.0862
c bounds -933 >= -2352 @ 37.089
c bounds -933 >= -2348 @ 37.0912
c bounds -933 >= -2344 @ 37.0943
c bounds -933 >= -2340 @ 37.0966
c bounds -933 >= -2336 @ 37.0998
c bounds -933 >= -2332 @ 37.1013
c bounds -933 >= -2328 @ 37.104
c bounds -933 >= -2324 @ 37.1055
c bounds -933 >= -2320 @ 37.1074
c bounds -933 >= -2316 @ 37.1096
c bounds -933 >= -2312 @ 37.1111
c bounds -933 >= -2308 @ 37.1133
c bounds -933 >= -2304 @ 37.1141
c bounds -933 >= -2300 @ 37.116
c bounds -933 >= -2296 @ 37.1185
c bounds -933 >= -2292 @ 37.1208
c bounds -933 >= -2288 @ 37.1231
c bounds -933 >= -2284 @ 37.1255
c bounds -933 >= -2280 @ 37.1281
c bounds -933 >= -2276 @ 37.1295
c bounds -933 >= -2272 @ 37.1323
c bounds -933 >= -2268 @ 37.1343
c bounds -933 >= -2264 @ 37.1365
c bounds -933 >= -2260 @ 37.139
c bounds -933 >= -2256 @ 37.1432
c bounds -933 >= -2252 @ 37.1444
c bounds -933 >= -2248 @ 37.1494
c bounds -933 >= -2244 @ 37.1531
c bounds -933 >= -2240 @ 37.1568
c bounds -933 >= -2236 @ 37.1627
c bounds -933 >= -2232 @ 37.1661
c bounds -933 >= -2228 @ 37.1692
c bounds -933 >= -2224 @ 37.1726
c bounds -933 >= -2220 @ 37.1821
c #Conflicts:      53000 | #Constraints:      24219
c bounds -933 >= -2216 @ 37.2006
c bounds -933 >= -2212 @ 37.2051
c bounds -933 >= -2208 @ 37.2099
c bounds -933 >= -2204 @ 37.2244
c bounds -933 >= -2200 @ 37.2585
c bounds -933 >= -2196 @ 37.2823
c bounds -933 >= -2192 @ 37.3135
c bounds -933 >= -2188 @ 37.331
c bounds -933 >= -2184 @ 37.3349
c bounds -933 >= -2180 @ 37.3796
c bounds -933 >= -2176 @ 37.4619
c #Conflicts:      54000 | #Constraints:      25354
c bounds -933 >= -2172 @ 37.5717
c bounds -933 >= -2168 @ 37.672
c bounds -933 >= -2164 @ 37.9168
c #Conflicts:      55000 | #Constraints:      26426
c #Conflicts:      56000 | #Constraints:      27426
c bounds -933 >= -2160 @ 38.5633
c #Conflicts:      57000 | #Constraints:      28456
c INPROCESSING
c GARBAGE COLLECT
c #Conflicts:      58000 | #Constraints:      20573
c bounds -933 >= -2156 @ 39.7793
c #Conflicts:      59000 | #Constraints:      21606
c #Conflicts:      60000 | #Constraints:      22606
c bounds -933 >= -2152 @ 41.2569
c #Conflicts:      61000 | #Constraints:      23642
c #Conflicts:      62000 | #Constraints:      24642
c #Conflicts:      63000 | #Constraints:      25642
c bounds -934 >= -2152 @ 43.004
c #Conflicts:      64000 | #Constraints:      26643
c bounds -935 >= -2152 @ 46.3246
c bounds -935 >= -2148 @ 46.3269
c bounds -935 >= -2144 @ 46.3288
c bounds -935 >= -2140 @ 46.3298
c bounds -935 >= -2136 @ 46.333
c bounds -935 >= -2132 @ 46.3373
c bounds -935 >= -2128 @ 46.3414
c #Conflicts:      65000 | #Constraints:      27704
c bounds -935 >= -2124 @ 46.3483
c bounds -935 >= -2120 @ 46.3558
c bounds -935 >= -2116 @ 46.37
c bounds -935 >= -2112 @ 46.3906
c bounds -935 >= -2108 @ 46.4112
c bounds -935 >= -2104 @ 46.4222
c bounds -935 >= -2100 @ 46.4259
c bounds -935 >= -2096 @ 46.476
c #Conflicts:      66000 | #Constraints:      28839
c bounds -935 >= -2092 @ 46.5003
c bounds -935 >= -2088 @ 46.505
c bounds -935 >= -2084 @ 46.5137
c bounds -935 >= -2080 @ 46.5245
c bounds -935 >= -2076 @ 46.5291
c bounds -935 >= -2072 @ 46.5344
c bounds -935 >= -2068 @ 46.5386
c bounds -935 >= -2064 @ 46.552
c bounds -935 >= -2060 @ 46.5685
c bounds -935 >= -2056 @ 46.602
c #Conflicts:      67000 | #Constraints:      29944
c bounds -935 >= -2052 @ 46.6265
c bounds -935 >= -2048 @ 46.6302
c bounds -935 >= -2044 @ 46.634
c bounds -935 >= -2040 @ 46.7086
c bounds -935 >= -2036 @ 46.7244
c bounds -935 >= -2032 @ 46.7264
c bounds -935 >= -2028 @ 46.7287
c bounds -935 >= -2024 @ 46.7358
c bounds -935 >= -2020 @ 46.7419
c bounds -935 >= -2016 @ 46.7538
c bounds -935 >= -2012 @ 46.7593
c bounds -935 >= -2008 @ 46.7648
c bounds -935 >= -2004 @ 46.7671
c bounds -935 >= -2000 @ 46.7722
c bounds -935 >= -1996 @ 46.7753
c bounds -935 >= -1992 @ 46.7781
c bounds -935 >= -1988 @ 46.7858
c bounds -935 >= -1984 @ 46.7892
c bounds -935 >= -1980 @ 46.7937
c bounds -935 >= -1976 @ 46.7977
c bounds -935 >= -1972 @ 46.8074
c bounds -935 >= -1968 @ 46.8091
c bounds -935 >= -1964 @ 46.8128
c bounds -935 >= -1960 @ 46.8174
c #Conflicts:      68000 | #Constraints:      31152
c bounds -935 >= -1956 @ 47.0047
c bounds -935 >= -1952 @ 47.1812
c #Conflicts:      69000 | #Constraints:      32200
c #Conflicts:      70000 | #Constraints:      33200
c #Conflicts:      71000 | #Constraints:      34200
c #Conflicts:      72000 | #Constraints:      35200
c #Conflicts:      73000 | #Constraints:      36200
c #Conflicts:      74000 | #Constraints:      37200
c INPROCESSING
c GARBAGE COLLECT
c bounds -936 >= -1952 @ 51.257
c bounds -937 >= -1952 @ 51.3476
c #Conflicts:      75000 | #Constraints:      25484
c bounds -938 >= -1952 @ 53.5113
c bounds -938 >= -1948 @ 53.9203
c #Conflicts:      76000 | #Constraints:      26536
c #Conflicts:      77000 | #Constraints:      27536
c #Conflicts:      78000 | #Constraints:      28536
c #Conflicts:      79000 | #Constraints:      29536
c #Conflicts:      80000 | #Constraints:      30536
c #Conflicts:      81000 | #Constraints:      31536
c bounds -938 >= -1945 @ 59.1043
c #Conflicts:      82000 | #Constraints:      32539
c INPROCESSING
c GARBAGE COLLECT
c bounds -938 >= -1941 @ 62.1425
c bounds -938 >= -1937 @ 62.1483
c #Conflicts:      83000 | #Constraints:      23149
c bounds -938 >= -1933 @ 62.2239
c #Conflicts:      84000 | #Constraints:      24170
c #Conflicts:      85000 | #Constraints:      25170
c #Conflicts:      86000 | #Constraints:      26170
c #Conflicts:      87000 | #Constraints:      27170
c #Conflicts:      88000 | #Constraints:      28170
c #Conflicts:      89000 | #Constraints:      29170
c #Conflicts:      90000 | #Constraints:      30170
c #Conflicts:      91000 | #Constraints:      31170
c #Conflicts:      92000 | #Constraints:      32170
c bounds -938 >= -1930 @ 69.6508
c #Conflicts:      93000 | #Constraints:      33176
c #Conflicts:      94000 | #Constraints:      34176
c #Conflicts:      95000 | #Constraints:      35176
c #Conflicts:      96000 | #Constraints:      36176
c #Conflicts:      97000 | #Constraints:      37176
c #Conflicts:      98000 | #Constraints:      38176
c #Conflicts:      99000 | #Constraints:      39176
c #Conflicts:     100000 | #Constraints:      40176
c #Conflicts:     101000 | #Constraints:      41176
c #Conflicts:     102000 | #Constraints:      42176
c INPROCESSING
c GARBAGE COLLECT
c bounds -938 >= -1926 @ 94.2879
c #Conflicts:     103000 | #Constraints:      28069
c #Conflicts:     104000 | #Constraints:      29069
c #Conflicts:     105000 | #Constraints:      30069
c #Conflicts:     106000 | #Constraints:      31069
c #Conflicts:     107000 | #Constraints:      32069
c #Conflicts:     108000 | #Constraints:      33069
c #Conflicts:     109000 | #Constraints:      34069
c #Conflicts:     110000 | #Constraints:      35069
c #Conflicts:     111000 | #Constraints:      36069
c INPROCESSING
c GARBAGE COLLECT
c #Conflicts:     112000 | #Constraints:      24634
c #Conflicts:     113000 | #Constraints:      25634
c #Conflicts:     114000 | #Constraints:      26634
c #Conflicts:     115000 | #Constraints:      27634
c #Conflicts:     116000 | #Constraints:      28634
c #Conflicts:     117000 | #Constraints:      29634
c bounds -938 >= -1923 @ 110.415
c #Conflicts:     118000 | #Constraints:      30643
c #Conflicts:     119000 | #Constraints:      31643
c #Conflicts:     120000 | #Constraints:      32643
c #Conflicts:     121000 | #Constraints:      33643
c #Conflicts:     122000 | #Constraints:      34643
c #Conflicts:     123000 | #Constraints:      35643
c #Conflicts:     124000 | #Constraints:      36643
c bounds -938 >= -1920 @ 120.057
c #Conflicts:     125000 | #Constraints:      37655
c #Conflicts:     126000 | #Constraints:      38655
c #Conflicts:     127000 | #Constraints:      39655
c #Conflicts:     128000 | #Constraints:      40655
c #Conflicts:     129000 | #Constraints:      41655
c #Conflicts:     130000 | #Constraints:      42655
c #Conflicts:     131000 | #Constraints:      43655
c #Conflicts:     132000 | #Constraints:      44655
c #Conflicts:     133000 | #Constraints:      45655
c #Conflicts:     134000 | #Constraints:      46655
c INPROCESSING
c GARBAGE COLLECT
c #Conflicts:     135000 | #Constraints:      30135
c #Conflicts:     136000 | #Constraints:      31135
c #Conflicts:     137000 | #Constraints:      32135
c #Conflicts:     138000 | #Constraints:      33135
c #Conflicts:     139000 | #Constraints:      34135
c #Conflicts:     140000 | #Constraints:      35135
c bounds -939 >= -1920 @ 181.601
c bounds -939 >= -1918 @ 181.605
c bounds -939 >= -1916 @ 181.61
c bounds -939 >= -1914 @ 181.619
c bounds -939 >= -1912 @ 181.629
c bounds -939 >= -1910 @ 181.633
c bounds -939 >= -1908 @ 181.644
c bounds -939 >= -1906 @ 181.65
c bounds -939 >= -1904 @ 181.657
c bounds -939 >= -1902 @ 181.663
c bounds -939 >= -1900 @ 181.682
c bounds -939 >= -1898 @ 181.685
c bounds -939 >= -1896 @ 181.945
c #Conflicts:     141000 | #Constraints:      36240
c #Conflicts:     142000 | #Constraints:      37240
c #Conflicts:     143000 | #Constraints:      38240
c bounds -939 >= -1894 @ 186.703
c #Conflicts:     144000 | #Constraints:      39252
c #Conflicts:     145000 | #Constraints:      40252
c INPROCESSING
c GARBAGE COLLECT
c #Conflicts:     146000 | #Constraints:      26939
c #Conflicts:     147000 | #Constraints:      27939
c #Conflicts:     148000 | #Constraints:      28939
c #Conflicts:     149000 | #Constraints:      29939
c #Conflicts:     150000 | #Constraints:      30939
c bounds -939 >= -1892 @ 199.307
c #Conflicts:     151000 | #Constraints:      31948
c #Conflicts:     152000 | #Constraints:      32948
c #Conflicts:     153000 | #Constraints:      33948
c #Conflicts:     154000 | #Constraints:      34948
c #Conflicts:     155000 | #Constraints:      35948
c #Conflicts:     156000 | #Constraints:      36948
c bounds -939 >= -1890 @ 216.907
c #Conflicts:     157000 | #Constraints:      37975
c #Conflicts:     158000 | #Constraints:      38975
c #Conflicts:     159000 | #Constraints:      39975
c #Conflicts:     160000 | #Constraints:      40975
c bounds -939 >= -1888 @ 230.776
c #Conflicts:     161000 | #Constraints:      41993
c bounds -940 >= -1888 @ 232.104
c #Conflicts:     162000 | #Constraints:      42994
c #Conflicts:     163000 | #Constraints:      43994
c bounds -942 >= -1888 @ 236.106
c #Conflicts:     164000 | #Constraints:      44995
c #Conflicts:     165000 | #Constraints:      45995
c #Conflicts:     166000 | #Constraints:      46995
c #Conflicts:     167000 | #Constraints:      47995
c bounds -942 >= -1886 @ 251.954
c bounds -943 >= -1886 @ 252.237
c bounds -944 >= -1886 @ 252.305
c bounds -946 >= -1886 @ 252.566
c bounds -947 >= -1886 @ 252.645
c bounds -948 >= -1886 @ 252.688
c bounds -950 >= -1886 @ 252.817
c bounds -951 >= -1886 @ 253.195
c bounds -952 >= -1886 @ 253.837
c bounds -953 >= -1886 @ 253.884
c bounds -954 >= -1886 @ 254.949
c #Conflicts:     168000 | #Constraints:      49035
c #Conflicts:     169000 | #Constraints:      50035
c #Conflicts:     170000 | #Constraints:      51035
c #Conflicts:     171000 | #Constraints:      52035
c INPROCESSING
c GARBAGE COLLECT
c #Conflicts:     172000 | #Constraints:      32924
c #Conflicts:     173000 | #Constraints:      33924
c #Conflicts:     174000 | #Constraints:      34924
c bounds -954 >= -1884 @ 290.853
c #Conflicts:     175000 | #Constraints:      35948
c #Conflicts:     176000 | #Constraints:      36948
c #Conflicts:     177000 | #Constraints:      37948
c #Conflicts:     178000 | #Constraints:      38948
c #Conflicts:     179000 | #Constraints:      39948
c #Conflicts:     180000 | #Constraints:      40948
c #Conflicts:     181000 | #Constraints:      41948
c #Conflicts:     182000 | #Constraints:      42948
c bounds -954 >= -1882 @ 318.026
c #Conflicts:     183000 | #Constraints:      43975
c INPROCESSING
c GARBAGE COLLECT
c #Conflicts:     184000 | #Constraints:      29198
c bounds -955 >= -1882 @ 321.961
c bounds -955 >= -1880 @ 321.965
c bounds -955 >= -1878 @ 321.983
c bounds -955 >= -1876 @ 321.992
c bounds -955 >= -1874 @ 321.997
c bounds -955 >= -1872 @ 322.04
c bounds -955 >= -1870 @ 322.089
c #Conflicts:     185000 | #Constraints:      30265
c bounds -955 >= -1868 @ 322.213
c #Conflicts:     186000 | #Constraints:      31280
c bounds -955 >= -1866 @ 322.457
c #Conflicts:     187000 | #Constraints:      32301
c #Conflicts:     188000 | #Constraints:      33301
c bounds -955 >= -1864 @ 322.777
c #Conflicts:     189000 | #Constraints:      34319
c bounds -955 >= -1862 @ 323.142
c #Conflicts:     190000 | #Constraints:      35340
c #Conflicts:     191000 | #Constraints:      36340
c #Conflicts:     192000 | #Constraints:      37340
c bounds -956 >= -1862 @ 330.248
c #Conflicts:     193000 | #Constraints:      38341
c #Conflicts:     194000 | #Constraints:      39341
c #Conflicts:     195000 | #Constraints:      40341
c #Conflicts:     196000 | #Constraints:      41341
c #Conflicts:     197000 | #Constraints:      42341
c #Conflicts:     198000 | #Constraints:      43341
c #Conflicts:     199000 | #Constraints:      44341
c bounds -956 >= -1860 @ 350.389
c bounds -958 >= -1860 @ 350.532
c bounds -959 >= -1860 @ 350.576
c bounds -961 >= -1860 @ 350.707
c bounds -962 >= -1860 @ 350.806
c #Conflicts:     200000 | #Constraints:      45348
c #Conflicts:     201000 | #Constraints:      46348
c #Conflicts:     202000 | #Constraints:      47348
c #Conflicts:     203000 | #Constraints:      48348
c #Conflicts:     204000 | #Constraints:      49348
c #Conflicts:     205000 | #Constraints:      50348
c #Conflicts:     206000 | #Constraints:      51348
c #Conflicts:     207000 | #Constraints:      52348
c #Conflicts:     208000 | #Constraints:      53348
c #Conflicts:     209000 | #Constraints:      54348
c #Conflicts:     210000 | #Constraints:      55348
c #Conflicts:     211000 | #Constraints:      56348
c #Conflicts:     212000 | #Constraints:      57348
c INPROCESSING
c GARBAGE COLLECT
c bounds -962 >= -1858 @ 524.683
c #Conflicts:     213000 | #Constraints:      35694
c #Conflicts:     214000 | #Constraints:      36694
c #Conflicts:     215000 | #Constraints:      37694
c #Conflicts:     216000 | #Constraints:      38694
c #Conflicts:     217000 | #Constraints:      39694
c #Conflicts:     218000 | #Constraints:      40694
c #Conflicts:     219000 | #Constraints:      41694
c bounds -962 >= -1856 @ 539.161
c #Conflicts:     220000 | #Constraints:      42724
c #Conflicts:     221000 | #Constraints:      43724
c #Conflicts:     222000 | #Constraints:      44724
c #Conflicts:     223000 | #Constraints:      45724
c #Conflicts:     224000 | #Constraints:      46724
c #Conflicts:     225000 | #Constraints:      47724
c #Conflicts:     226000 | #Constraints:      48724
c INPROCESSING
c GARBAGE COLLECT
c #Conflicts:     227000 | #Constraints:      32337
c #Conflicts:     228000 | #Constraints:      33337
c #Conflicts:     229000 | #Constraints:      34337
c #Conflicts:     230000 | #Constraints:      35337
c #Conflicts:     231000 | #Constraints:      36337
c #Conflicts:     232000 | #Constraints:      37337
c #Conflicts:     233000 | #Constraints:      38337
c #Conflicts:     234000 | #Constraints:      39337
c #Conflicts:     235000 | #Constraints:      40337
c #Conflicts:     236000 | #Constraints:      41337
c #Conflicts:     237000 | #Constraints:      42337
c #Conflicts:     238000 | #Constraints:      43337
c #Conflicts:     239000 | #Constraints:      44337
c bounds -962 >= -1854 @ 598.517
c #Conflicts:     240000 | #Constraints:      45367
c #Conflicts:     241000 | #Constraints:      46367
c #Conflicts:     242000 | #Constraints:      47367
c #Conflicts:     243000 | #Constraints:      48367
c #Conflicts:     244000 | #Constraints:      49367
c #Conflicts:     245000 | #Constraints:      50367
c #Conflicts:     246000 | #Constraints:      51367
c #Conflicts:     247000 | #Constraints:      52367
c #Conflicts:     248000 | #Constraints:      53367
c #Conflicts:     249000 | #Constraints:      54367
c #Conflicts:     250000 | #Constraints:      55367
c #Conflicts:     251000 | #Constraints:      56367
c #Conflicts:     252000 | #Constraints:      57367
c #Conflicts:     253000 | #Constraints:      58367
c #Conflicts:     254000 | #Constraints:      59367
c #Conflicts:     255000 | #Constraints:      60367
c #Conflicts:     256000 | #Constraints:      61367
c #Conflicts:     257000 | #Constraints:      62367
c #Conflicts:     258000 | #Constraints:      63367
c INPROCESSING
c GARBAGE COLLECT
c #Conflicts:     259000 | #Constraints:      38883
c #Conflicts:     260000 | #Constraints:      39883
c #Conflicts:     261000 | #Constraints:      40883
c #Conflicts:     262000 | #Constraints:      41883
c #Conflicts:     263000 | #Constraints:      42883
c #Conflicts:     264000 | #Constraints:      43883
c #Conflicts:     265000 | #Constraints:      44883
c #Conflicts:     266000 | #Constraints:      45883
c bounds -962 >= -1852 @ 724.927
c #Conflicts:     267000 | #Constraints:      46928
c #Conflicts:     268000 | #Constraints:      47928
c #Conflicts:     269000 | #Constraints:      48928
c #Conflicts:     270000 | #Constraints:      49928
c #Conflicts:     271000 | #Constraints:      50928
c #Conflicts:     272000 | #Constraints:      51928
c #Conflicts:     273000 | #Constraints:      52928
c INPROCESSING
c GARBAGE COLLECT
c #Conflicts:     274000 | #Constraints:      35812
c #Conflicts:     275000 | #Constraints:      36812
c #Conflicts:     276000 | #Constraints:      37812
c #Conflicts:     277000 | #Constraints:      38812
c #Conflicts:     278000 | #Constraints:      39812
c #Conflicts:     279000 | #Constraints:      40812
c #Conflicts:     280000 | #Constraints:      41812
c #Conflicts:     281000 | #Constraints:      42812
c #Conflicts:     282000 | #Constraints:      43812
c #Conflicts:     283000 | #Constraints:      44812
c #Conflicts:     284000 | #Constraints:      45812
c #Conflicts:     285000 | #Constraints:      46812
c bounds -962 >= -1850 @ 789.421
c #Conflicts:     286000 | #Constraints:      47851
c #Conflicts:     287000 | #Constraints:      48851
c #Conflicts:     288000 | #Constraints:      49851
c #Conflicts:     289000 | #Constraints:      50851
c #Conflicts:     290000 | #Constraints:      51851
c #Conflicts:     291000 | #Constraints:      52851
c #Conflicts:     292000 | #Constraints:      53851
c #Conflicts:     293000 | #Constraints:      54851
c #Conflicts:     294000 | #Constraints:      55851
c #Conflicts:     295000 | #Constraints:      56851
c #Conflicts:     296000 | #Constraints:      57851
c #Conflicts:     297000 | #Constraints:      58851
c #Conflicts:     298000 | #Constraints:      59851
c #Conflicts:     299000 | #Constraints:      60851
c #Conflicts:     300000 | #Constraints:      61851
c bounds -962 >= -1848 @ 860.576
c #Conflicts:     301000 | #Constraints:      62893
c #Conflicts:     302000 | #Constraints:      63893
c #Conflicts:     303000 | #Constraints:      64893
c #Conflicts:     304000 | #Constraints:      65893
c #Conflicts:     305000 | #Constraints:      66893
c #Conflicts:     306000 | #Constraints:      67893
c #Conflicts:     307000 | #Constraints:      68893
c #Conflicts:     308000 | #Constraints:      69893
c INPROCESSING
c GARBAGE COLLECT
c #Conflicts:     309000 | #Constraints:      42150
c #Conflicts:     310000 | #Constraints:      43150
c #Conflicts:     311000 | #Constraints:      44150
c #Conflicts:     312000 | #Constraints:      45150
c #Conflicts:     313000 | #Constraints:      46150
c #Conflicts:     314000 | #Constraints:      47150
c #Conflicts:     315000 | #Constraints:      48150
c #Conflicts:     316000 | #Constraints:      49150
c #Conflicts:     317000 | #Constraints:      50150
c #Conflicts:     318000 | #Constraints:      51150
c #Conflicts:     319000 | #Constraints:      52150
c #Conflicts:     320000 | #Constraints:      53150
c #Conflicts:     321000 | #Constraints:      54150
c #Conflicts:     322000 | #Constraints:      55150
c bounds -962 >= -1846 @ 981.141
c #Conflicts:     323000 | #Constraints:      56198
c #Conflicts:     324000 | #Constraints:      57198
c INPROCESSING
c GARBAGE COLLECT
c #Conflicts:     325000 | #Constraints:      39069
c #Conflicts:     326000 | #Constraints:      40069
c #Conflicts:     327000 | #Constraints:      41069
c #Conflicts:     328000 | #Constraints:      42069
c #Conflicts:     329000 | #Constraints:      43069
c bounds -963 >= -1846 @ 1004.51
c bounds -965 >= -1846 @ 1004.66
c bounds -969 >= -1846 @ 1004.88
c bounds -973 >= -1846 @ 1004.96
c bounds -989 >= -1846 @ 1005
c bounds -1005 >= -1846 @ 1005.05
c bounds -1006 >= -1846 @ 1005.09
c bounds -1022 >= -1846 @ 1005.13
c bounds -1026 >= -1846 @ 1005.17
c bounds -1030 >= -1846 @ 1005.21
c bounds -1046 >= -1846 @ 1005.27
c bounds -1062 >= -1846 @ 1005.31
c bounds -1078 >= -1846 @ 1005.35
c bounds -1080 >= -1846 @ 1005.62
c #Conflicts:     330000 | #Constraints:      44083
c bounds -1081 >= -1846 @ 1010.75
c #Conflicts:     331000 | #Constraints:      45084
c #Conflicts:     332000 | #Constraints:      46084
c #Conflicts:     333000 | #Constraints:      47084
c bounds -1082 >= -1846 @ 1018.2
c bounds -1082 >= -1844 @ 1018.21
c bounds -1082 >= -1842 @ 1018.21
c bounds -1082 >= -1840 @ 1018.23
c bounds -1082 >= -1838 @ 1018.26
c bounds -1082 >= -1836 @ 1019.31
c #Conflicts:     334000 | #Constraints:      48142
c #Conflicts:     335000 | #Constraints:      49142
c #Conflicts:     336000 | #Constraints:      50142
c #Conflicts:     337000 | #Constraints:      51142
c #Conflicts:     338000 | #Constraints:      52142
c #Conflicts:     339000 | #Constraints:      53142
c #Conflicts:     340000 | #Constraints:      54142
c #Conflicts:     341000 | #Constraints:      55142
c #Conflicts:     342000 | #Constraints:      56142
c #Conflicts:     343000 | #Constraints:      57142
c #Conflicts:     344000 | #Constraints:      58142
c #Conflicts:     345000 | #Constraints:      59142
c #Conflicts:     346000 | #Constraints:      60142
c #Conflicts:     347000 | #Constraints:      61142
c bounds -1082 >= -1834 @ 1105.96
c bounds -1083 >= -1834 @ 1108.33
c #Conflicts:     348000 | #Constraints:      62209
c bounds -1085 >= -1834 @ 1110.53
c bounds -1086 >= -1834 @ 1110.73
c #Conflicts:     349000 | #Constraints:      63211
c #Conflicts:     350000 | #Constraints:      64211
c #Conflicts:     351000 | #Constraints:      65211
c #Conflicts:     352000 | #Constraints:      66211
c #Conflicts:     353000 | #Constraints:      67211
c bounds -1087 >= -1834 @ 1146.39
c #Conflicts:     354000 | #Constraints:      68212
c #Conflicts:     355000 | #Constraints:      69212
c #Conflicts:     356000 | #Constraints:      70212
c #Conflicts:     357000 | #Constraints:      71212
c #Conflicts:     358000 | #Constraints:      72212
c #Conflicts:     359000 | #Constraints:      73212
c #Conflicts:     360000 | #Constraints:      74212
c #Conflicts:     361000 | #Constraints:      75212
c #Conflicts:     362000 | #Constraints:      76212
c INPROCESSING
c GARBAGE COLLECT
c bounds -1088 >= -1834 @ 1244.68
c bounds -1090 >= -1834 @ 1244.7
c bounds -1091 >= -1834 @ 1244.72
c bounds -1092 >= -1834 @ 1244.81
c bounds -1093 >= -1834 @ 1245.73
c #Conflicts:     363000 | #Constraints:      45190
c bounds -1095 >= -1834 @ 1246.1
c bounds -1096 >= -1834 @ 1246.2
c #Conflicts:     364000 | #Constraints:      46192
c #Conflicts:     365000 | #Constraints:      47192
c #Conflicts:     366000 | #Constraints:      48192
c #Conflicts:     367000 | #Constraints:      49192
c #Conflicts:     368000 | #Constraints:      50192
c #Conflicts:     369000 | #Constraints:      51192
c #Conflicts:     370000 | #Constraints:      52192
c #Conflicts:     371000 | #Constraints:      53192
c #Conflicts:     372000 | #Constraints:      54192
c #Conflicts:     373000 | #Constraints:      55192
c #Conflicts:     374000 | #Constraints:      56192
c #Conflicts:     375000 | #Constraints:      57192
c #Conflicts:     376000 | #Constraints:      58192
c #Conflicts:     377000 | #Constraints:      59192
c #Conflicts:     378000 | #Constraints:      60192
c bounds -1097 >= -1834 @ 1547.53
c bounds -1097 >= -1833 @ 1547.54
c bounds -1097 >= -1832 @ 1547.55
c bounds -1097 >= -1831 @ 1547.56
c bounds -1097 >= -1830 @ 1547.56
c bounds -1097 >= -1829 @ 1547.57
c bounds -1097 >= -1828 @ 1547.58
c bounds -1097 >= -1827 @ 1547.59
c bounds -1097 >= -1826 @ 1547.59
c bounds -1097 >= -1825 @ 1547.6
c bounds -1097 >= -1824 @ 1547.61
c bounds -1097 >= -1823 @ 1547.62
c bounds -1097 >= -1822 @ 1547.63
c bounds -1097 >= -1821 @ 1547.64
c bounds -1097 >= -1820 @ 1547.65
c bounds -1097 >= -1819 @ 1547.66
c bounds -1097 >= -1818 @ 1547.66
c bounds -1097 >= -1817 @ 1547.67
c bounds -1097 >= -1816 @ 1547.68
c bounds -1097 >= -1815 @ 1547.69
c bounds -1097 >= -1814 @ 1547.7
c bounds -1097 >= -1813 @ 1547.71
c bounds -1097 >= -1812 @ 1547.72
c bounds -1097 >= -1811 @ 1547.72
c bounds -1097 >= -1810 @ 1547.73
c bounds -1097 >= -1809 @ 1547.74
c bounds -1097 >= -1808 @ 1547.75
c bounds -1097 >= -1807 @ 1547.75
c bounds -1097 >= -1806 @ 1547.76
c bounds -1097 >= -1805 @ 1547.77
c bounds -1097 >= -1804 @ 1547.78
c bounds -1097 >= -1803 @ 1547.79
c bounds -1097 >= -1802 @ 1547.8
c bounds -1097 >= -1801 @ 1547.81
c bounds -1097 >= -1800 @ 1547.82
c bounds -1097 >= -1799 @ 1547.83
c bounds -1097 >= -1798 @ 1547.84
c bounds -1097 >= -1797 @ 1547.85
c bounds -1097 >= -1796 @ 1547.86
c bounds -1097 >= -1795 @ 1547.87
c bounds -1097 >= -1794 @ 1547.88
c bounds -1097 >= -1793 @ 1547.89
c bounds -1097 >= -1792 @ 1547.9
c bounds -1097 >= -1791 @ 1547.91
c bounds -1097 >= -1790 @ 1547.92
c bounds -1097 >= -1789 @ 1547.93
c bounds -1097 >= -1788 @ 1547.96
c bounds -1097 >= -1787 @ 1547.96
c bounds -1097 >= -1786 @ 1547.97
c bounds -1097 >= -1785 @ 1548.12
c bounds -1097 >= -1784 @ 1548.21
c bounds -1097 >= -1783 @ 1548.33
c bounds -1097 >= -1782 @ 1548.54
c bounds -1097 >= -1781 @ 1548.83
c bounds -1097 >= -1780 @ 1549.24
c bounds -1097 >= -1779 @ 1549.26
c bounds -1097 >= -1778 @ 1550.25
c #Conflicts:     379000 | #Constraints:      61725
c bounds -1097 >= -1777 @ 1551.02
c bounds -1097 >= -1776 @ 1552.15
c #Conflicts:     380000 | #Constraints:      62785
c INPROCESSING
c GARBAGE COLLECT
c bounds -1097 >= -1775 @ 1553.94
c bounds -1097 >= -1774 @ 1554.1
c bounds -1097 >= -1773 @ 1554.71
c #Conflicts:     381000 | #Constraints:      42503
c bounds -1097 >= -1772 @ 1555.54
c bounds -1097 >= -1771 @ 1555.67
c #Conflicts:     382000 | #Constraints:      43542
c bounds -1097 >= -1770 @ 1556.44
c #Conflicts:     383000 | #Constraints:      44575
c bounds -1097 >= -1769 @ 1557.56
c #Conflicts:     384000 | #Constraints:      45614
c bounds -1097 >= -1768 @ 1558.96
c #Conflicts:     385000 | #Constraints:      46647
c bounds -1097 >= -1767 @ 1560.44
c #Conflicts:     386000 | #Constraints:      47680
c #Conflicts:     387000 | #Constraints:      48680
c bounds -1097 >= -1766 @ 1562.57
c #Conflicts:     388000 | #Constraints:      49716
c bounds -1097 >= -1765 @ 1564.4
c #Conflicts:     389000 | #Constraints:      50746
c #Conflicts:     390000 | #Constraints:      51746
c bounds -1097 >= -1764 @ 1566.95
c #Conflicts:     391000 | #Constraints:      52785
c #Conflicts:     392000 | #Constraints:      53785
c bounds -1097 >= -1763 @ 1570.26
c #Conflicts:     393000 | #Constraints:      54827
c #Conflicts:     394000 | #Constraints:      55827
c #Conflicts:     395000 | #Constraints:      56827
c bounds -1097 >= -1762 @ 1574.57
c #Conflicts:     396000 | #Constraints:      57854
c #Conflicts:     397000 | #Constraints:      58854
c bounds -1097 >= -1761 @ 1579.08
c #Conflicts:     398000 | #Constraints:      59896
c #Conflicts:     399000 | #Constraints:      60896
c bounds -1097 >= -1760 @ 1582.92
c #Conflicts:     400000 | #Constraints:      61947
c #Conflicts:     401000 | #Constraints:      62947
c #Conflicts:     402000 | #Constraints:      63947
c bounds -1097 >= -1759 @ 1587.77
c #Conflicts:     403000 | #Constraints:      64995
c #Conflicts:     404000 | #Constraints:      65995
c bounds -1097 >= -1758 @ 1593.9
c #Conflicts:     405000 | #Constraints:      67037
c #Conflicts:     406000 | #Constraints:      68037
c #Conflicts:     407000 | #Constraints:      69037
c bounds -1097 >= -1757 @ 1598.89
c #Conflicts:     408000 | #Constraints:      70085
c #Conflicts:     409000 | #Constraints:      71085
c bounds -1097 >= -1756 @ 1604.92
c #Conflicts:     410000 | #Constraints:      72151
c #Conflicts:     411000 | #Constraints:      73151
c #Conflicts:     412000 | #Constraints:      74151
c bounds -1097 >= -1755 @ 1611.17
c #Conflicts:     413000 | #Constraints:      75202
c #Conflicts:     414000 | #Constraints:      76202
c bounds -1097 >= -1754 @ 1617.95
c #Conflicts:     415000 | #Constraints:      77247
c #Conflicts:     416000 | #Constraints:      78247
c #Conflicts:     417000 | #Constraints:      79247
c bounds -1097 >= -1753 @ 1623.2
c #Conflicts:     418000 | #Constraints:      80286
c bounds -1097 >= -1752 @ 1628.32
c #Conflicts:     419000 | #Constraints:      81331
c #Conflicts:     420000 | #Constraints:      82331
c #Conflicts:     421000 | #Constraints:      83331
c bounds -1097 >= -1751 @ 1635.08
c INPROCESSING
c GARBAGE COLLECT
c #Conflicts:     422000 | #Constraints:      49161
c #Conflicts:     423000 | #Constraints:      50161
c bounds -1097 >= -1750 @ 1641.67
c #Conflicts:     424000 | #Constraints:      51203
c #Conflicts:     425000 | #Constraints:      52203
c #Conflicts:     426000 | #Constraints:      53203
c bounds -1097 >= -1749 @ 1647.63
c #Conflicts:     427000 | #Constraints:      54266
c #Conflicts:     428000 | #Constraints:      55266
c #Conflicts:     429000 | #Constraints:      56266
c bounds -1097 >= -1748 @ 1654.01
c #Conflicts:     430000 | #Constraints:      57335
c #Conflicts:     431000 | #Constraints:      58335
c bounds -1097 >= -1747 @ 1660.69
c #Conflicts:     432000 | #Constraints:      59392
c #Conflicts:     433000 | #Constraints:      60392
c bounds -1097 >= -1746 @ 1666.76
c #Conflicts:     434000 | #Constraints:      61446
c #Conflicts:     435000 | #Constraints:      62446
c #Conflicts:     436000 | #Constraints:      63446
c bounds -1097 >= -1745 @ 1674.33
c #Conflicts:     437000 | #Constraints:      64494
c #Conflicts:     438000 | #Constraints:      65494
c bounds -1097 >= -1744 @ 1680.72
c #Conflicts:     439000 | #Constraints:      66539
c #Conflicts:     440000 | #Constraints:      67539
c INPROCESSING
c GARBAGE COLLECT
c #Conflicts:     441000 | #Constraints:      46533
c #Conflicts:     442000 | #Constraints:      47533
c #Conflicts:     443000 | #Constraints:      48533
c bounds -1097 >= -1743 @ 1691.27
c #Conflicts:     444000 | #Constraints:      49623
c #Conflicts:     445000 | #Constraints:      50623
c #Conflicts:     446000 | #Constraints:      51623
c #Conflicts:     447000 | #Constraints:      52623
c #Conflicts:     448000 | #Constraints:      53623
c bounds -1097 >= -1742 @ 1702.7
c #Conflicts:     449000 | #Constraints:      54701
c #Conflicts:     450000 | #Constraints:      55701
c #Conflicts:     451000 | #Constraints:      56701
c bounds -1097 >= -1741 @ 1711.74
c #Conflicts:     452000 | #Constraints:      57767
c #Conflicts:     453000 | #Constraints:      58767
c bounds -1097 >= -1740 @ 1719.56
c #Conflicts:     454000 | #Constraints:      59839
c #Conflicts:     455000 | #Constraints:      60839
c #Conflicts:     456000 | #Constraints:      61839
c bounds -1097 >= -1739 @ 1727.69
c #Conflicts:     457000 | #Constraints:      62917
c #Conflicts:     458000 | #Constraints:      63917
c bounds -1097 >= -1738 @ 1736.19
c #Conflicts:     459000 | #Constraints:      64968
c #Conflicts:     460000 | #Constraints:      65968
c #Conflicts:     461000 | #Constraints:      66968
c #Conflicts:     462000 | #Constraints:      67968
c bounds -1097 >= -1737 @ 1748.79
c #Conflicts:     463000 | #Constraints:      69031
c #Conflicts:     464000 | #Constraints:      70031
c #Conflicts:     465000 | #Constraints:      71031
c bounds -1097 >= -1736 @ 1760.67
c #Conflicts:     466000 | #Constraints:      72082
c #Conflicts:     467000 | #Constraints:      73082
c #Conflicts:     468000 | #Constraints:      74082
c bounds -1097 >= -1735 @ 1771.99
c #Conflicts:     469000 | #Constraints:      75130
c #Conflicts:     470000 | #Constraints:      76130
c #Conflicts:     471000 | #Constraints:      77130
c #Conflicts:     472000 | #Constraints:      78130
c bounds -1097 >= -1734 @ 1785.18
c #Conflicts:     473000 | #Constraints:      79187
c #Conflicts:     474000 | #Constraints:      80187
c bounds -1097 >= -1733 @ 1795.6
c #Conflicts:     475000 | #Constraints:      81238
c #Conflicts:     476000 | #Constraints:      82238
c bounds -1097 >= -1732 @ 1806.09
c #Conflicts:     477000 | #Constraints:      83286
c #Conflicts:     478000 | #Constraints:      84286
c #Conflicts:     479000 | #Constraints:      85286
c bounds -1097 >= -1731 @ 1817.18
c #Conflicts:     480000 | #Constraints:      86322
c #Conflicts:     481000 | #Constraints:      87322
c #Conflicts:     482000 | #Constraints:      88322
c bounds -1097 >= -1730 @ 1829.82
c #Conflicts:     483000 | #Constraints:      89367
c #Conflicts:     484000 | #Constraints:      90367
c INPROCESSING
c GARBAGE COLLECT
c #Conflicts:     485000 | #Constraints:      52921
c bounds -1097 >= -1729 @ 1844.96
c #Conflicts:     486000 | #Constraints:      53972
c #Conflicts:     487000 | #Constraints:      54972
c #Conflicts:     488000 | #Constraints:      55972
c #Conflicts:     489000 | #Constraints:      56972
c bounds -1097 >= -1728 @ 1857.18
c #Conflicts:     490000 | #Constraints:      58038
c #Conflicts:     491000 | #Constraints:      59038
c #Conflicts:     492000 | #Constraints:      60038
c bounds -1097 >= -1727 @ 1870.52
c #Conflicts:     493000 | #Constraints:      61089
c #Conflicts:     494000 | #Constraints:      62089
c bounds -1097 >= -1726 @ 1879.67
c #Conflicts:     495000 | #Constraints:      63137
c #Conflicts:     496000 | #Constraints:      64137
c bounds -1097 >= -1725 @ 1891.48
c #Conflicts:     497000 | #Constraints:      65176
c #Conflicts:     498000 | #Constraints:      66176
c #Conflicts:     499000 | #Constraints:      67176
c bounds -1097 >= -1724 @ 1901.03
c #Conflicts:     500000 | #Constraints:      68224
c #Conflicts:     501000 | #Constraints:      69224
c bounds -1097 >= -1723 @ 1914.27
c #Conflicts:     502000 | #Constraints:      70266
c #Conflicts:     503000 | #Constraints:      71266
c #Conflicts:     504000 | #Constraints:      72266
c INPROCESSING
c GARBAGE COLLECT
c #Conflicts:     505000 | #Constraints:      49358
c #Conflicts:     506000 | #Constraints:      50358
c #Conflicts:     507000 | #Constraints:      51358
c #Conflicts:     508000 | #Constraints:      52358
c bounds -1097 >= -1722 @ 1942.3
c #Conflicts:     509000 | #Constraints:      53424
c #Conflicts:     510000 | #Constraints:      54424
c #Conflicts:     511000 | #Constraints:      55424
c #Conflicts:     512000 | #Constraints:      56424
c #Conflicts:     513000 | #Constraints:      57424
c bounds -1097 >= -1721 @ 1965.49
c #Conflicts:     514000 | #Constraints:      58505
c #Conflicts:     515000 | #Constraints:      59505
c #Conflicts:     516000 | #Constraints:      60505
c bounds -1097 >= -1720 @ 1979.88
c #Conflicts:     517000 | #Constraints:      61562
c #Conflicts:     518000 | #Constraints:      62562
c #Conflicts:     519000 | #Constraints:      63562
c bounds -1097 >= -1719 @ 1994.47
c #Conflicts:     520000 | #Constraints:      64619
c #Conflicts:     521000 | #Constraints:      65619
c bounds -1097 >= -1718 @ 2005.42
c bounds -1098 >= -1718 @ 2005.68
c bounds -1099 >= -1718 @ 2006.31
c #Conflicts:     522000 | #Constraints:      66690
c bounds -1100 >= -1718 @ 2006.66
c #Conflicts:     523000 | #Constraints:      67691
c #Conflicts:     524000 | #Constraints:      68691
c #Conflicts:     525000 | #Constraints:      69691
c #Conflicts:     526000 | #Constraints:      70691
c #Conflicts:     527000 | #Constraints:      71691
c #Conflicts:     528000 | #Constraints:      72691
c #Conflicts:     529000 | #Constraints:      73691
c #Conflicts:     530000 | #Constraints:      74691
c #Conflicts:     531000 | #Constraints:      75691
c #Conflicts:     532000 | #Constraints:      76691
c #Conflicts:     533000 | #Constraints:      77691
c #Conflicts:     534000 | #Constraints:      78691
c #Conflicts:     535000 | #Constraints:      79691
c #Conflicts:     536000 | #Constraints:      80691
c #Conflicts:     537000 | #Constraints:      81691
c #Conflicts:     538000 | #Constraints:      82691
c #Conflicts:     539000 | #Constraints:      83691
c #Conflicts:     540000 | #Constraints:      84691
c #Conflicts:     541000 | #Constraints:      85691
c #Conflicts:     542000 | #Constraints:      86691
c #Conflicts:     543000 | #Constraints:      87691
c #Conflicts:     544000 | #Constraints:      88691
c #Conflicts:     545000 | #Constraints:      89691
c #Conflicts:     546000 | #Constraints:      90691
c bounds -1101 >= -1718 @ 2583.58
c #Conflicts:     547000 | #Constraints:      91692
c #Conflicts:     548000 | #Constraints:      92692
c #Conflicts:     549000 | #Constraints:      93692
c #Conflicts:     550000 | #Constraints:      94692
c bounds -1101 >= -1717 @ 2624.41
c #Conflicts:     551000 | #Constraints:      95755
c #Conflicts:     552000 | #Constraints:      96755
c INPROCESSING
c GARBAGE COLLECT
c #Conflicts:     553000 | #Constraints:      56542
c bounds -1101 >= -1716 @ 2649
c #Conflicts:     554000 | #Constraints:      57608
c #Conflicts:     555000 | #Constraints:      58608
c #Conflicts:     556000 | #Constraints:      59608
c bounds -1101 >= -1715 @ 2661.97
c #Conflicts:     557000 | #Constraints:      60659
c #Conflicts:     558000 | #Constraints:      61659
c bounds -1101 >= -1714 @ 2675.63
c #Conflicts:     559000 | #Constraints:      62728
c #Conflicts:     560000 | #Constraints:      63728
c bounds -1101 >= -1713 @ 2688.28
c #Conflicts:     561000 | #Constraints:      64770
c #Conflicts:     562000 | #Constraints:      65770
c #Conflicts:     563000 | #Constraints:      66770
c bounds -1101 >= -1712 @ 2700.86
c #Conflicts:     564000 | #Constraints:      67827
c #Conflicts:     565000 | #Constraints:      68827
c bounds -1101 >= -1711 @ 2717.84
c #Conflicts:     566000 | #Constraints:      69875
c #Conflicts:     567000 | #Constraints:      70875
c bounds -1101 >= -1710 @ 2728.8
c #Conflicts:     568000 | #Constraints:      71920
c #Conflicts:     569000 | #Constraints:      72920
c bounds -1101 >= -1709 @ 2740.98
c #Conflicts:     570000 | #Constraints:      73953
c #Conflicts:     571000 | #Constraints:      74953
c bounds -1101 >= -1708 @ 2753.05
c #Conflicts:     572000 | #Constraints:      76016
c #Conflicts:     573000 | #Constraints:      77016
c INPROCESSING
c GARBAGE COLLECT
c #Conflicts:     574000 | #Constraints:      51880
c #Conflicts:     575000 | #Constraints:      52880
c #Conflicts:     576000 | #Constraints:      53880
c #Conflicts:     577000 | #Constraints:      54880
c #Conflicts:     578000 | #Constraints:      55880
c bounds -1101 >= -1707 @ 2795.09
c #Conflicts:     579000 | #Constraints:      56949
c #Conflicts:     580000 | #Constraints:      57949
c #Conflicts:     581000 | #Constraints:      58949
c #Conflicts:     582000 | #Constraints:      59949
c bounds -1101 >= -1706 @ 2814.66
c #Conflicts:     583000 | #Constraints:      61036
c #Conflicts:     584000 | #Constraints:      62036
c #Conflicts:     585000 | #Constraints:      63036
c bounds -1101 >= -1705 @ 2835.68
c #Conflicts:     586000 | #Constraints:      64111
c #Conflicts:     587000 | #Constraints:      65111
c #Conflicts:     588000 | #Constraints:      66111
c bounds -1101 >= -1704 @ 2852.08
c #Conflicts:     589000 | #Constraints:      67165
c #Conflicts:     590000 | #Constraints:      68165
c bounds -1101 >= -1703 @ 2865.96
c #Conflicts:     591000 | #Constraints:      69243
c #Conflicts:     592000 | #Constraints:      70243
c bounds -1101 >= -1702 @ 2879.75
c #Conflicts:     593000 | #Constraints:      71297
c #Conflicts:     594000 | #Constraints:      72297
c bounds -1101 >= -1701 @ 2895.36
c #Conflicts:     595000 | #Constraints:      73345
c #Conflicts:     596000 | #Constraints:      74345
c bounds -1101 >= -1700 @ 2910.54
c #Conflicts:     597000 | #Constraints:      75396
c #Conflicts:     598000 | #Constraints:      76396
c bounds -1101 >= -1699 @ 2929.02
c #Conflicts:     599000 | #Constraints:      77450
c #Conflicts:     600000 | #Constraints:      78450
c #Conflicts:     601000 | #Constraints:      79450
c bounds -1101 >= -1698 @ 2951.89
c #Conflicts:     602000 | #Constraints:      80510
c #Conflicts:     603000 | #Constraints:      81510
c #Conflicts:     604000 | #Constraints:      82510
c bounds -1101 >= -1697 @ 2973.91
c #Conflicts:     605000 | #Constraints:      83573
c bounds -1101 >= -1696 @ 2986.99
c #Conflicts:     606000 | #Constraints:      84627
c #Conflicts:     607000 | #Constraints:      85627
c #Conflicts:     608000 | #Constraints:      86627
c bounds -1101 >= -1695 @ 3009.7
c #Conflicts:     609000 | #Constraints:      87678
c #Conflicts:     610000 | #Constraints:      88678
c bounds -1101 >= -1694 @ 3029.34
c #Conflicts:     611000 | #Constraints:      89726
c #Conflicts:     612000 | #Constraints:      90726
c bounds -1101 >= -1693 @ 3048.11
c #Conflicts:     613000 | #Constraints:      91795
c #Conflicts:     614000 | #Constraints:      92795
c bounds -1101 >= -1692 @ 3063.07
c #Conflicts:     615000 | #Constraints:      93828
c #Conflicts:     616000 | #Constraints:      94828
c bounds -1101 >= -1691 @ 3081.76
c #Conflicts:     617000 | #Constraints:      95876
c #Conflicts:     618000 | #Constraints:      96876
c bounds -1101 >= -1690 @ 3100.86
c #Conflicts:     619000 | #Constraints:      97921
c #Conflicts:     620000 | #Constraints:      98921
c bounds -1101 >= -1689 @ 3120.88
c #Conflicts:     621000 | #Constraints:      99960
c #Conflicts:     622000 | #Constraints:     100960
c #Conflicts:     623000 | #Constraints:     101960
c bounds -1101 >= -1688 @ 3147.39
c #Conflicts:     624000 | #Constraints:     103029
c INPROCESSING
c GARBAGE COLLECT
c #Conflicts:     625000 | #Constraints:      60125
c #Conflicts:     626000 | #Constraints:      61125
c bounds -1101 >= -1687 @ 3163.44
c #Conflicts:     627000 | #Constraints:      62182
c #Conflicts:     628000 | #Constraints:      63182
c bounds -1101 >= -1686 @ 3179.97
c #Conflicts:     629000 | #Constraints:      64239
c #Conflicts:     630000 | #Constraints:      65239
c bounds -1101 >= -1685 @ 3202.54
c #Conflicts:     631000 | #Constraints:      66299
c #Conflicts:     632000 | #Constraints:      67299
c #Conflicts:     633000 | #Constraints:      68299
c bounds -1101 >= -1684 @ 3226.8
c #Conflicts:     634000 | #Constraints:      69350
c #Conflicts:     635000 | #Constraints:      70350
c #Conflicts:     636000 | #Constraints:      71350
c bounds -1101 >= -1683 @ 3247.84
c #Conflicts:     637000 | #Constraints:      72392
c #Conflicts:     638000 | #Constraints:      73392
c bounds -1101 >= -1682 @ 3268.12
c #Conflicts:     639000 | #Constraints:      74446
c #Conflicts:     640000 | #Constraints:      75446
c #Conflicts:     641000 | #Constraints:      76446
c bounds -1101 >= -1681 @ 3298.64
c #Conflicts:     642000 | #Constraints:      77503
c #Conflicts:     643000 | #Constraints:      78503
c bounds -1101 >= -1680 @ 3317.25
c #Conflicts:     644000 | #Constraints:      79560
c #Conflicts:     645000 | #Constraints:      80560
c #Conflicts:     646000 | #Constraints:      81560
c bounds -1101 >= -1679 @ 3348.89
c INPROCESSING
c GARBAGE COLLECT
c #Conflicts:     647000 | #Constraints:      56820
c #Conflicts:     648000 | #Constraints:      57820
c #Conflicts:     649000 | #Constraints:      58820
c #Conflicts:     650000 | #Constraints:      59820
c #Conflicts:     651000 | #Constraints:      60820
c #Conflicts:     652000 | #Constraints:      61820
c bounds -1101 >= -1678 @ 3392.16
c #Conflicts:     653000 | #Constraints:      62940
c #Conflicts:     654000 | #Constraints:      63940
c #Conflicts:     655000 | #Constraints:      64940
c #Conflicts:     656000 | #Constraints:      65940
c #Conflicts:     657000 | #Constraints:      66940
c bounds -1101 >= -1677 @ 3431.94
c #Conflicts:     658000 | #Constraints:      68036
c #Conflicts:     659000 | #Constraints:      69036
c #Conflicts:     660000 | #Constraints:      70036
c bounds -1101 >= -1676 @ 3459.12
c #Conflicts:     661000 | #Constraints:      71117
c #Conflicts:     662000 | #Constraints:      72117
c bounds -1101 >= -1675 @ 3484.36
c #Conflicts:     663000 | #Constraints:      73186
c #Conflicts:     664000 | #Constraints:      74186
c #Conflicts:     665000 | #Constraints:      75186
c bounds -1101 >= -1674 @ 3512.33
c #Conflicts:     666000 | #Constraints:      76246
c #Conflicts:     667000 | #Constraints:      77246
c #Conflicts:     668000 | #Constraints:      78246
c bounds -1101 >= -1673 @ 3546.16
c #Conflicts:     669000 | #Constraints:      79297
c #Conflicts:     670000 | #Constraints:      80297
c bounds -1101 >= -1672 @ 3576.24
c #Conflicts:     671000 | #Constraints:      81339
c #Conflicts:     672000 | #Constraints:      82339
c #Conflicts:     673000 | #Constraints:      83339
c bounds -1101 >= -1671 @ 3605.36
c #Conflicts:     674000 | #Constraints:      84396
c #Conflicts:     675000 | #Constraints:      85396
c bounds -1101 >= -1670 @ 3638.22
c #Conflicts:     676000 | #Constraints:      86447
c #Conflicts:     677000 | #Constraints:      87447
c #Conflicts:     678000 | #Constraints:      88447
c #Conflicts:     679000 | #Constraints:      89447
c #Conflicts:     680000 | #Constraints:      90447
c bounds -1101 >= -1669 @ 3692.83
c #Conflicts:     681000 | #Constraints:      91519
c #Conflicts:     682000 | #Constraints:      92519
c #Conflicts:     683000 | #Constraints:      93519
c bounds -1101 >= -1668 @ 3723.3
c #Conflicts:     684000 | #Constraints:      94588
c #Conflicts:     685000 | #Constraints:      95588
c bounds -1101 >= -1667 @ 3762.03
c #Conflicts:     686000 | #Constraints:      96645
c #Conflicts:     687000 | #Constraints:      97645
c #Conflicts:     688000 | #Constraints:      98645
c bounds -1101 >= -1666 @ 3807.85
c #Conflicts:     689000 | #Constraints:      99690
c #Conflicts:     690000 | #Constraints:     100690
c #Conflicts:     691000 | #Constraints:     101690
c bounds -1101 >= -1665 @ 3842.19
c #Conflicts:     692000 | #Constraints:     102744
c #Conflicts:     693000 | #Constraints:     103744
c bounds -1101 >= -1664 @ 3885.65
c #Conflicts:     694000 | #Constraints:     104786
c bounds -1102 >= -1664 @ 3886.52
c bounds -1103 >= -1664 @ 3886.63
c #Conflicts:     695000 | #Constraints:     105788
c bounds -1105 >= -1664 @ 3888.8
c bounds -1107 >= -1664 @ 3889.05
c bounds -1108 >= -1664 @ 3889.89
c #Conflicts:     696000 | #Constraints:     106791
c #Conflicts:     697000 | #Constraints:     107791
c #Conflicts:     698000 | #Constraints:     108791
c #Conflicts:     699000 | #Constraints:     109791
c #Conflicts:     700000 | #Constraints:     110791
c INPROCESSING
c GARBAGE COLLECT
c bounds -1108 >= -1663 @ 3917.48
c bounds -1108 >= -1662 @ 3917.49
c bounds -1108 >= -1661 @ 3917.49
c bounds -1108 >= -1660 @ 3917.49
c bounds -1108 >= -1659 @ 3917.5
c bounds -1108 >= -1658 @ 3917.5
c bounds -1108 >= -1657 @ 3917.51
c bounds -1108 >= -1656 @ 3917.52
c bounds -1108 >= -1655 @ 3917.53
c bounds -1108 >= -1654 @ 3917.54
c bounds -1108 >= -1653 @ 3917.55
c #Conflicts:     701000 | #Constraints:      64581
c bounds -1108 >= -1652 @ 3917.59
c #Conflicts:     702000 | #Constraints:      65605
c #Conflicts:     703000 | #Constraints:      66605
c #Conflicts:     704000 | #Constraints:      67605
c #Conflicts:     705000 | #Constraints:      68605
c bounds -1108 >= -1651 @ 3958.74
c #Conflicts:     706000 | #Constraints:      69689
c #Conflicts:     707000 | #Constraints:      70689
c #Conflicts:     708000 | #Constraints:      71689
c bounds -1108 >= -1650 @ 3996.17
c #Conflicts:     709000 | #Constraints:      72746
c #Conflicts:     710000 | #Constraints:      73746
c #Conflicts:     711000 | #Constraints:      74746
c bounds -1108 >= -1649 @ 4034.36
c #Conflicts:     712000 | #Constraints:      75800
c #Conflicts:     713000 | #Constraints:      76800
c #Conflicts:     714000 | #Constraints:      77800
c #Conflicts:     715000 | #Constraints:      78800
c #Conflicts:     716000 | #Constraints:      79800
c #Conflicts:     717000 | #Constraints:      80800
c #Conflicts:     718000 | #Constraints:      81800
c #Conflicts:     719000 | #Constraints:      82800
c #Conflicts:     720000 | #Constraints:      83800
c #Conflicts:     721000 | #Constraints:      84800
c #Conflicts:     722000 | #Constraints:      85800
c #Conflicts:     723000 | #Constraints:      86800
c #Conflicts:     724000 | #Constraints:      87800
c INPROCESSING
c GARBAGE COLLECT
c #Conflicts:     725000 | #Constraints:      61671
c #Conflicts:     726000 | #Constraints:      62671
c #Conflicts:     727000 | #Constraints:      63671
c #Conflicts:     728000 | #Constraints:      64671
c #Conflicts:     729000 | #Constraints:      65671
c #Conflicts:     730000 | #Constraints:      66671
c #Conflicts:     731000 | #Constraints:      67671
c #Conflicts:     732000 | #Constraints:      68671
c #Conflicts:     733000 | #Constraints:      69671
c bounds -1108 >= -1648 @ 4226.08
c #Conflicts:     734000 | #Constraints:      70767
c #Conflicts:     735000 | #Constraints:      71767
c #Conflicts:     736000 | #Constraints:      72767
c #Conflicts:     737000 | #Constraints:      73767
c bounds -1108 >= -1647 @ 4280.97
c #Conflicts:     738000 | #Constraints:      74857
c #Conflicts:     739000 | #Constraints:      75857
c #Conflicts:     740000 | #Constraints:      76857
c #Conflicts:     741000 | #Constraints:      77857
c bounds -1108 >= -1646 @ 4328.28
c #Conflicts:     742000 | #Constraints:      78917
c #Conflicts:     743000 | #Constraints:      79917
c #Conflicts:     744000 | #Constraints:      80917
c bounds -1108 >= -1645 @ 4373.3
c #Conflicts:     745000 | #Constraints:      81995
c #Conflicts:     746000 | #Constraints:      82995
c #Conflicts:     747000 | #Constraints:      83995
c #Conflicts:     748000 | #Constraints:      84995
c bounds -1108 >= -1644 @ 4423.08
c #Conflicts:     749000 | #Constraints:      86085
c #Conflicts:     750000 | #Constraints:      87085
c #Conflicts:     751000 | #Constraints:      88085
c bounds -1108 >= -1643 @ 4469.22
c #Conflicts:     752000 | #Constraints:      89124
c #Conflicts:     753000 | #Constraints:      90124
c #Conflicts:     754000 | #Constraints:      91124
c #Conflicts:     755000 | #Constraints:      92124
c #Conflicts:     756000 | #Constraints:      93124
c #Conflicts:     757000 | #Constraints:      94124
c #Conflicts:     758000 | #Constraints:      95124
c #Conflicts:     759000 | #Constraints:      96124
c #Conflicts:     760000 | #Constraints:      97124
c #Conflicts:     761000 | #Constraints:      98124
c #Conflicts:     762000 | #Constraints:      99124
c #Conflicts:     763000 | #Constraints:     100124
c #Conflicts:     764000 | #Constraints:     101124
c #Conflicts:     765000 | #Constraints:     102124
c #Conflicts:     766000 | #Constraints:     103124
c #Conflicts:     767000 | #Constraints:     104124
c #Conflicts:     768000 | #Constraints:     105124
c #Conflicts:     769000 | #Constraints:     106124
c #Conflicts:     770000 | #Constraints:     107124
c #Conflicts:     771000 | #Constraints:     108124
c #Conflicts:     772000 | #Constraints:     109124
c #Conflicts:     773000 | #Constraints:     110124
c #Conflicts:     774000 | #Constraints:     111124
c #Conflicts:     775000 | #Constraints:     112124
c #Conflicts:     776000 | #Constraints:     113124
c #Conflicts:     777000 | #Constraints:     114124
c #Conflicts:     778000 | #Constraints:     115124
c #Conflicts:     779000 | #Constraints:     116124
c #Conflicts:     780000 | #Constraints:     117124
c #Conflicts:     781000 | #Constraints:     118124
c INPROCESSING
c GARBAGE COLLECT
c #Conflicts:     782000 | #Constraints:      68520
c #Conflicts:     783000 | #Constraints:      69520
c #Conflicts:     784000 | #Constraints:      70520
c bounds -1108 >= -1642 @ 5266.03
c #Conflicts:     785000 | #Constraints:      71568
c #Conflicts:     786000 | #Constraints:      72568
c #Conflicts:     787000 | #Constraints:      73568
c bounds -1108 >= -1641 @ 5303.47
c #Conflicts:     788000 | #Constraints:      74610
c #Conflicts:     789000 | #Constraints:      75610
c #Conflicts:     790000 | #Constraints:      76610
c bounds -1108 >= -1640 @ 5343.64
c #Conflicts:     791000 | #Constraints:      77682
c #Conflicts:     792000 | #Constraints:      78682
c #Conflicts:     793000 | #Constraints:      79682
c #Conflicts:     794000 | #Constraints:      80682
c #Conflicts:     795000 | #Constraints:      81682
c bounds -1108 >= -1639 @ 5409.64
c #Conflicts:     796000 | #Constraints:      82739
c #Conflicts:     797000 | #Constraints:      83739
c #Conflicts:     798000 | #Constraints:      84739
c bounds -1108 >= -1638 @ 5447.01
c #Conflicts:     799000 | #Constraints:      85778
c #Conflicts:     800000 | #Constraints:      86778
c bounds -1108 >= -1637 @ 5488.16
c #Conflicts:     801000 | #Constraints:      87850
c #Conflicts:     802000 | #Constraints:      88850
c #Conflicts:     803000 | #Constraints:      89850
c #Conflicts:     804000 | #Constraints:      90850
c bounds -1108 >= -1636 @ 5558.56
c #Conflicts:     805000 | #Constraints:      91895
c #Conflicts:     806000 | #Constraints:      92895
c INPROCESSING
c GARBAGE COLLECT
c #Conflicts:     807000 | #Constraints:      64689
c #Conflicts:     808000 | #Constraints:      65689
c #Conflicts:     809000 | #Constraints:      66689
c #Conflicts:     810000 | #Constraints:      67689
c #Conflicts:     811000 | #Constraints:      68689
c #Conflicts:     812000 | #Constraints:      69689
c #Conflicts:     813000 | #Constraints:      70689
c bounds -1108 >= -1635 @ 5673.95
c #Conflicts:     814000 | #Constraints:      71797
c #Conflicts:     815000 | #Constraints:      72797
c #Conflicts:     816000 | #Constraints:      73797
c #Conflicts:     817000 | #Constraints:      74797
c #Conflicts:     818000 | #Constraints:      75797
c #Conflicts:     819000 | #Constraints:      76797
c bounds -1108 >= -1634 @ 5750.23
c #Conflicts:     820000 | #Constraints:      77899
c #Conflicts:     821000 | #Constraints:      78899
c #Conflicts:     822000 | #Constraints:      79899
c bounds -1108 >= -1633 @ 5796.86
c #Conflicts:     823000 | #Constraints:      80950
c #Conflicts:     824000 | #Constraints:      81950
c #Conflicts:     825000 | #Constraints:      82950
c #Conflicts:     826000 | #Constraints:      83950
c #Conflicts:     827000 | #Constraints:      84950
c bounds -1108 >= -1632 @ 5866.9
c #Conflicts:     828000 | #Constraints:      86034
c #Conflicts:     829000 | #Constraints:      87034
c #Conflicts:     830000 | #Constraints:      88034
c bounds -1108 >= -1631 @ 5915.4
c #Conflicts:     831000 | #Constraints:      89067
c #Conflicts:     832000 | #Constraints:      90067
c #Conflicts:     833000 | #Constraints:      91067
c bounds -1108 >= -1630 @ 5978.08
c #Conflicts:     834000 | #Constraints:      92121
c #Conflicts:     835000 | #Constraints:      93121
c #Conflicts:     836000 | #Constraints:      94121
c #Conflicts:     837000 | #Constraints:      95121
c #Conflicts:     838000 | #Constraints:      96121
c #Conflicts:     839000 | #Constraints:      97121
c bounds -1108 >= -1629 @ 6108.93
c #Conflicts:     840000 | #Constraints:      98193
c #Conflicts:     841000 | #Constraints:      99193
c #Conflicts:     842000 | #Constraints:     100193
c #Conflicts:     843000 | #Constraints:     101193
c #Conflicts:     844000 | #Constraints:     102193
c #Conflicts:     845000 | #Constraints:     103193
c bounds -1108 >= -1628 @ 6246.32
c #Conflicts:     846000 | #Constraints:     104283
c #Conflicts:     847000 | #Constraints:     105283
c #Conflicts:     848000 | #Constraints:     106283
c bounds -1108 >= -1627 @ 6315.68
c #Conflicts:     849000 | #Constraints:     107340
c #Conflicts:     850000 | #Constraints:     108340
c #Conflicts:     851000 | #Constraints:     109340
c bounds -1108 >= -1626 @ 6395.65
c #Conflicts:     852000 | #Constraints:     110406
c #Conflicts:     853000 | #Constraints:     111406
c #Conflicts:     854000 | #Constraints:     112406
c #Conflicts:     855000 | #Constraints:     113406
c bounds -1108 >= -1625 @ 6500.93
c #Conflicts:     856000 | #Constraints:     114463
c #Conflicts:     857000 | #Constraints:     115463
c #Conflicts:     858000 | #Constraints:     116463
c bounds -1108 >= -1624 @ 6571.63
c #Conflicts:     859000 | #Constraints:     117517
c #Conflicts:     860000 | #Constraints:     118517
c #Conflicts:     861000 | #Constraints:     119517
c #Conflicts:     862000 | #Constraints:     120517
c #Conflicts:     863000 | #Constraints:     121517
c bounds -1108 >= -1623 @ 6710.61
c #Conflicts:     864000 | #Constraints:     122589
c #Conflicts:     865000 | #Constraints:     123589
c #Conflicts:     866000 | #Constraints:     124589
c INPROCESSING
c GARBAGE COLLECT
c #Conflicts:     867000 | #Constraints:      71750
c #Conflicts:     868000 | #Constraints:      72750
c #Conflicts:     869000 | #Constraints:      73750
c bounds -1108 >= -1622 @ 6834.32
c #Conflicts:     870000 | #Constraints:      74819
c #Conflicts:     871000 | #Constraints:      75819
c #Conflicts:     872000 | #Constraints:      76819
c #Conflicts:     873000 | #Constraints:      77819
c #Conflicts:     874000 | #Constraints:      78819
c #Conflicts:     875000 | #Constraints:      79819
c #Conflicts:     876000 | #Constraints:      80819
c bounds -1108 >= -1621 @ 6940.45
c #Conflicts:     877000 | #Constraints:      81882
c #Conflicts:     878000 | #Constraints:      82882
c #Conflicts:     879000 | #Constraints:      83882
c bounds -1108 >= -1620 @ 6999.44
c #Conflicts:     880000 | #Constraints:      84939
c #Conflicts:     881000 | #Constraints:      85939
c #Conflicts:     882000 | #Constraints:      86939
c #Conflicts:     883000 | #Constraints:      87939
c #Conflicts:     884000 | #Constraints:      88939
c #Conflicts:     885000 | #Constraints:      89939
c #Conflicts:     886000 | #Constraints:      90939
c bounds -1108 >= -1619 @ 7145.9
c #Conflicts:     887000 | #Constraints:      92029
c #Conflicts:     888000 | #Constraints:      93029
c #Conflicts:     889000 | #Constraints:      94029
c #Conflicts:     890000 | #Constraints:      95029
c #Conflicts:     891000 | #Constraints:      96029
c bounds -1108 >= -1618 @ 7258.39
c #Conflicts:     892000 | #Constraints:      97107
c #Conflicts:     893000 | #Constraints:      98107
c INPROCESSING
c GARBAGE COLLECT
c #Conflicts:     894000 | #Constraints:      70202
c #Conflicts:     895000 | #Constraints:      71202
c #Conflicts:     896000 | #Constraints:      72202
c #Conflicts:     897000 | #Constraints:      73202
c #Conflicts:     898000 | #Constraints:      74202
c #Conflicts:     899000 | #Constraints:      75202
c #Conflicts:     900000 | #Constraints:      76202
c #Conflicts:     901000 | #Constraints:      77202
c bounds -1108 >= -1617 @ 7409.09
c #Conflicts:     902000 | #Constraints:      78358
c #Conflicts:     903000 | #Constraints:      79358
c bounds -1108 >= -1616 @ 7455.58
c #Conflicts:     904000 | #Constraints:      80427
c #Conflicts:     905000 | #Constraints:      81427
c #Conflicts:     906000 | #Constraints:      82427
c bounds -1108 >= -1615 @ 7506.95
c #Conflicts:     907000 | #Constraints:      83511
c #Conflicts:     908000 | #Constraints:      84511
c bounds -1108 >= -1614 @ 7567.1
c #Conflicts:     909000 | #Constraints:      85571
c #Conflicts:     910000 | #Constraints:      86571
c #Conflicts:     911000 | #Constraints:      87571
c bounds -1108 >= -1613 @ 7625.17
c #Conflicts:     912000 | #Constraints:      88670
c #Conflicts:     913000 | #Constraints:      89670
c bounds -1108 >= -1612 @ 7680.81
c #Conflicts:     914000 | #Constraints:      90733
c #Conflicts:     915000 | #Constraints:      91733
c #Conflicts:     916000 | #Constraints:      92733
c bounds -1108 >= -1611 @ 7746.28
c #Conflicts:     917000 | #Constraints:      93793
c #Conflicts:     918000 | #Constraints:      94793
c #Conflicts:     919000 | #Constraints:      95793
c bounds -1108 >= -1610 @ 7820.63
c #Conflicts:     920000 | #Constraints:      96871
c #Conflicts:     921000 | #Constraints:      97871
c bounds -1108 >= -1609 @ 7892.63
c #Conflicts:     922000 | #Constraints:      98925
c #Conflicts:     923000 | #Constraints:      99925
c #Conflicts:     924000 | #Constraints:     100925
c bounds -1108 >= -1608 @ 7964.82
c #Conflicts:     925000 | #Constraints:     101991
c #Conflicts:     926000 | #Constraints:     102991
c #Conflicts:     927000 | #Constraints:     103991
c bounds -1108 >= -1607 @ 8051.38
c #Conflicts:     928000 | #Constraints:     105048
c bounds -1108 >= -1606 @ 8107.73
c #Conflicts:     929000 | #Constraints:     106123
c #Conflicts:     930000 | #Constraints:     107123
c bounds -1108 >= -1605 @ 8174.35
c #Conflicts:     931000 | #Constraints:     108183
c #Conflicts:     932000 | #Constraints:     109183
c bounds -1108 >= -1604 @ 8248.42
c #Conflicts:     933000 | #Constraints:     110258
c #Conflicts:     934000 | #Constraints:     111258
c bounds -1108 >= -1603 @ 8329.27
c #Conflicts:     935000 | #Constraints:     112300
c #Conflicts:     936000 | #Constraints:     113300
c #Conflicts:     937000 | #Constraints:     114300
c bounds -1108 >= -1602 @ 8409.64
c #Conflicts:     938000 | #Constraints:     115357
c #Conflicts:     939000 | #Constraints:     116357
c #Conflicts:     940000 | #Constraints:     117357
c #Conflicts:     941000 | #Constraints:     118357
c #Conflicts:     942000 | #Constraints:     119357
c #Conflicts:     943000 | #Constraints:     120357
c #Conflicts:     944000 | #Constraints:     121357
c #Conflicts:     945000 | #Constraints:     122357
c #Conflicts:     946000 | #Constraints:     123357
c #Conflicts:     947000 | #Constraints:     124357
c #Conflicts:     948000 | #Constraints:     125357
c #Conflicts:     949000 | #Constraints:     126357
c #Conflicts:     950000 | #Constraints:     127357
c #Conflicts:     951000 | #Constraints:     128357
c #Conflicts:     952000 | #Constraints:     129357
c #Conflicts:     953000 | #Constraints:     130357
c #Conflicts:     954000 | #Constraints:     131357
c #Conflicts:     955000 | #Constraints:     132357
c #Conflicts:     956000 | #Constraints:     133357
c INPROCESSING
c GARBAGE COLLECT
c bounds -1108 >= -1601 @ 8719.8
c bounds -1108 >= -1600 @ 8719.81
c bounds -1108 >= -1599 @ 8719.83
c bounds -1108 >= -1598 @ 8719.86
c bounds -1108 >= -1597 @ 8719.9
c #Conflicts:     957000 | #Constraints:      77114
c bounds -1108 >= -1596 @ 8720.02
c bounds -1108 >= -1595 @ 8720.16
c #Conflicts:     958000 | #Constraints:      78150
c bounds -1108 >= -1594 @ 8720.33
c #Conflicts:     959000 | #Constraints:      79177
c bounds -1108 >= -1593 @ 8720.59
c #Conflicts:     960000 | #Constraints:      80213
c bounds -1108 >= -1592 @ 8721
c #Conflicts:     961000 | #Constraints:      81237
c #Conflicts:     962000 | #Constraints:      82237
c bounds -1108 >= -1591 @ 8721.43
c #Conflicts:     963000 | #Constraints:      83255
c bounds -1108 >= -1590 @ 8721.86
c #Conflicts:     964000 | #Constraints:      84276
c bounds -1108 >= -1589 @ 8722.48
c #Conflicts:     965000 | #Constraints:      85309
c #Conflicts:     966000 | #Constraints:      86309
c bounds -1108 >= -1588 @ 8723.32
c #Conflicts:     967000 | #Constraints:      87339
c bounds -1108 >= -1587 @ 8723.57
c bounds -1108 >= -1586 @ 8723.66
c bounds -1108 >= -1585 @ 8723.78
c #Conflicts:     968000 | #Constraints:      88417
c bounds -1108 >= -1584 @ 8724.18
c #Conflicts:     969000 | #Constraints:      89462
c #Conflicts:     970000 | #Constraints:      90462
c bounds -1108 >= -1583 @ 8724.73
c #Conflicts:     971000 | #Constraints:      91492
c bounds -1108 >= -1582 @ 8725.08
c bounds -1108 >= -1581 @ 8725.44
c #Conflicts:     972000 | #Constraints:      92549
c #Conflicts:     973000 | #Constraints:      93549
c #Conflicts:     974000 | #Constraints:      94549
c bounds -1108 >= -1580 @ 8726.63
c #Conflicts:     975000 | #Constraints:      95582
c #Conflicts:     976000 | #Constraints:      96582
c #Conflicts:     977000 | #Constraints:      97582
c #Conflicts:     978000 | #Constraints:      98582
c bounds -1108 >= -1579 @ 8728.98
c #Conflicts:     979000 | #Constraints:      99624
c #Conflicts:     980000 | #Constraints:     100624
c #Conflicts:     981000 | #Constraints:     101624
c #Conflicts:     982000 | #Constraints:     102624
c #Conflicts:     983000 | #Constraints:     103624
c #Conflicts:     984000 | #Constraints:     104624
c INPROCESSING
c GARBAGE COLLECT
c #Conflicts:     985000 | #Constraints:      77868
c #Conflicts:     986000 | #Constraints:      78868
c bounds -1108 >= -1578 @ 8734.62
c #Conflicts:     987000 | #Constraints:      79934
c #Conflicts:     988000 | #Constraints:      80934
c #Conflicts:     989000 | #Constraints:      81934
c #Conflicts:     990000 | #Constraints:      82934
c #Conflicts:     991000 | #Constraints:      83934
c #Conflicts:     992000 | #Constraints:      84934
c #Conflicts:     993000 | #Constraints:      85934
c #Conflicts:     994000 | #Constraints:      86934
c #Conflicts:     995000 | #Constraints:      87934
c #Conflicts:     996000 | #Constraints:      88934
c #Conflicts:     997000 | #Constraints:      89934
c #Conflicts:     998000 | #Constraints:      90934
c #Conflicts:     999000 | #Constraints:      91934
c bounds -1108 >= -1577 @ 8743.84
c #Conflicts:    1000000 | #Constraints:      93031
c #Conflicts:    1001000 | #Constraints:      94031
c #Conflicts:    1002000 | #Constraints:      95031
c #Conflicts:    1003000 | #Constraints:      96031
c #Conflicts:    1004000 | #Constraints:      97031
c #Conflicts:    1005000 | #Constraints:      98031
c #Conflicts:    1006000 | #Constraints:      99031
c #Conflicts:    1007000 | #Constraints:     100031
c #Conflicts:    1008000 | #Constraints:     101031
c #Conflicts:    1009000 | #Constraints:     102031
c #Conflicts:    1010000 | #Constraints:     103031
c #Conflicts:    1011000 | #Constraints:     104031
c #Conflicts:    1012000 | #Constraints:     105031
c #Conflicts:    1013000 | #Constraints:     106031
c bounds -1108 >= -1576 @ 8759.74
c #Conflicts:    1014000 | #Constraints:     107094
c #Conflicts:    1015000 | #Constraints:     108094
c #Conflicts:    1016000 | #Constraints:     109094
c #Conflicts:    1017000 | #Constraints:     110094
c #Conflicts:    1018000 | #Constraints:     111094
c #Conflicts:    1019000 | #Constraints:     112094
c #Conflic