c RoundingSat 2
c branch 
c commit 
c #variables 6300 #constraints 12481
c bounds - >= -10500 @ 0.044789
c bounds 0 >= -10500 @ 0.048743
c bounds 0 >= -10484 @ 0.049642
c bounds 0 >= -10468 @ 0.050079
c bounds 0 >= -10452 @ 0.050513
c bounds 0 >= -10436 @ 0.050949
c bounds 0 >= -10420 @ 0.05138
c bounds 0 >= -10404 @ 0.051812
c bounds 0 >= -10388 @ 0.052242
c bounds 0 >= -10372 @ 0.052675
c bounds 0 >= -10356 @ 0.053108
c bounds 0 >= -10340 @ 0.05354
c bounds 0 >= -10324 @ 0.053971
c bounds 0 >= -10308 @ 0.054402
c bounds 0 >= -10292 @ 0.054835
c bounds 0 >= -10276 @ 0.055265
c bounds 0 >= -10260 @ 0.055696
c bounds 0 >= -10244 @ 0.056125
c bounds 0 >= -10228 @ 0.056557
c bounds 0 >= -10212 @ 0.056984
c bounds 0 >= -10196 @ 0.057421
c bounds 0 >= -10180 @ 0.05785
c bounds 0 >= -10164 @ 0.058283
c bounds 0 >= -10148 @ 0.058713
c bounds 0 >= -10132 @ 0.059144
c bounds 0 >= -10116 @ 0.059574
c bounds 0 >= -10100 @ 0.060001
c bounds 0 >= -10084 @ 0.060874
c bounds 0 >= -10068 @ 0.061287
c bounds 0 >= -10052 @ 0.0617
c bounds 0 >= -10036 @ 0.062113
c bounds 0 >= -10020 @ 0.062526
c bounds 0 >= -10004 @ 0.062937
c bounds 0 >= -9988 @ 0.063347
c bounds 0 >= -9972 @ 0.063757
c bounds 0 >= -9956 @ 0.064176
c bounds 0 >= -9940 @ 0.064597
c bounds 0 >= -9924 @ 0.065017
c bounds 0 >= -9908 @ 0.065437
c bounds 0 >= -9892 @ 0.065857
c bounds 0 >= -9876 @ 0.066274
c bounds 0 >= -9860 @ 0.066691
c bounds 0 >= -9844 @ 0.06711
c bounds 0 >= -9828 @ 0.067529
c bounds 0 >= -9812 @ 0.067946
c bounds 0 >= -9796 @ 0.068367
c bounds -3 >= -9796 @ 0.190841
c bounds -3 >= -9780 @ 0.191268
c bounds -3 >= -9764 @ 0.191682
c bounds -3 >= -9748 @ 0.192076
c bounds -3 >= -9732 @ 0.192483
c bounds -3 >= -9716 @ 0.192894
c bounds -3 >= -9700 @ 0.193311
c bounds -3 >= -9684 @ 0.193721
c bounds -3 >= -9668 @ 0.194131
c bounds -3 >= -9652 @ 0.194544
c bounds -3 >= -9636 @ 0.194952
c bounds -3 >= -9620 @ 0.195377
c bounds -3 >= -9604 @ 0.195789
c bounds -3 >= -9588 @ 0.196199
c bounds -3 >= -9572 @ 0.196614
c bounds -3 >= -9556 @ 0.197024
c bounds -3 >= -9540 @ 0.197441
c bounds -3 >= -9524 @ 0.197852
c bounds -3 >= -9508 @ 0.19827
c bounds -3 >= -9492 @ 0.198681
c bounds -3 >= -9476 @ 0.199101
c bounds -3 >= -9460 @ 0.199512
c bounds -3 >= -9444 @ 0.199919
c bounds -3 >= -9428 @ 0.200335
c bounds -3 >= -9412 @ 0.200744
c bounds -3 >= -9396 @ 0.20115
c bounds -3 >= -9380 @ 0.201579
c bounds -3 >= -9364 @ 0.202009
c bounds -3 >= -9348 @ 0.202436
c bounds -3 >= -9332 @ 0.202875
c bounds -3 >= -9316 @ 0.20331
c bounds -3 >= -9300 @ 0.203737
c bounds -3 >= -9284 @ 0.204167
c bounds -3 >= -9268 @ 0.204596
c bounds -3 >= -9252 @ 0.205026
c bounds -3 >= -9236 @ 0.205458
c bounds -3 >= -9220 @ 0.205887
c bounds -3 >= -9204 @ 0.206313
c bounds -3 >= -9188 @ 0.206741
c bounds -3 >= -9172 @ 0.207179
c bounds -3 >= -9156 @ 0.207603
c bounds -3 >= -9140 @ 0.208032
c bounds -3 >= -9124 @ 0.20846
c bounds -3 >= -9108 @ 0.208887
c bounds -3 >= -9088 @ 0.209326
c bounds -3 >= -9072 @ 0.209766
c bounds -3 >= -9056 @ 0.210194
c bounds -3 >= -9040 @ 0.210625
c bounds -3 >= -9024 @ 0.211047
c bounds -3 >= -9004 @ 0.21149
c bounds -3 >= -8988 @ 0.211924
c bounds -3 >= -8972 @ 0.212354
c bounds -3 >= -8956 @ 0.212781
c bounds -3 >= -8940 @ 0.213213
c bounds -3 >= -8924 @ 0.213648
c bounds -3 >= -8908 @ 0.214083
c bounds -3 >= -8892 @ 0.214505
c bounds -3 >= -8876 @ 0.214938
c bounds -3 >= -8860 @ 0.215368
c bounds -3 >= -8844 @ 0.215796
c bounds -3 >= -8828 @ 0.216231
c bounds -3 >= -8812 @ 0.216663
c bounds -3 >= -8796 @ 0.217101
c bounds -3 >= -8780 @ 0.217529
c bounds -3 >= -8764 @ 0.217954
c bounds -3 >= -8748 @ 0.218384
c bounds -3 >= -8732 @ 0.218812
c bounds -3 >= -8716 @ 0.21924
c bounds -3 >= -8700 @ 0.219666
c bounds -3 >= -8684 @ 0.220093
c bounds -3 >= -8668 @ 0.220516
c bounds -3 >= -8652 @ 0.220954
c bounds -3 >= -8636 @ 0.221384
c bounds -3 >= -8620 @ 0.221805
c bounds -3 >= -8604 @ 0.222233
c bounds -3 >= -8588 @ 0.222661
c bounds -3 >= -8572 @ 0.223087
c bounds -3 >= -8556 @ 0.223515
c bounds -3 >= -8536 @ 0.223949
c bounds -3 >= -8520 @ 0.224388
c bounds -3 >= -8504 @ 0.224814
c bounds -3 >= -8488 @ 0.225246
c bounds -3 >= -8472 @ 0.225675
c bounds -3 >= -8456 @ 0.225764
c bounds -3 >= -8440 @ 0.225764
c bounds -3 >= -8424 @ 0.226034
c bounds -3 >= -8408 @ 0.226466
c bounds -3 >= -8392 @ 0.226894
c bounds -3 >= -8376 @ 0.227325
c bounds -3 >= -8360 @ 0.227754
c bounds -3 >= -8344 @ 0.228177
c bounds -3 >= -8328 @ 0.228612
c bounds -3 >= -8312 @ 0.229036
c bounds -3 >= -8296 @ 0.229084
c bounds -3 >= -8280 @ 0.229084
c bounds -3 >= -8264 @ 0.22941
c bounds -3 >= -8248 @ 0.229785
c bounds -3 >= -8232 @ 0.230203
c bounds -3 >= -8216 @ 0.230636
c bounds -3 >= -8200 @ 0.231034
c bounds -3 >= -8184 @ 0.23146
c bounds -3 >= -8168 @ 0.231888
c bounds -3 >= -8152 @ 0.232312
c bounds -3 >= -8136 @ 0.232738
c bounds -3 >= -8120 @ 0.233164
c bounds -3 >= -8104 @ 0.233596
c bounds -3 >= -8088 @ 0.234022
c bounds -3 >= -8072 @ 0.234447
c bounds -3 >= -8056 @ 0.234868
c bounds -3 >= -8040 @ 0.235297
c bounds -3 >= -8024 @ 0.235725
c bounds -3 >= -8008 @ 0.236148
c bounds -3 >= -7992 @ 0.23657
c bounds -3 >= -7976 @ 0.237002
c bounds -3 >= -7960 @ 0.237051
c bounds -3 >= -7944 @ 0.237051
c bounds -3 >= -7928 @ 0.23738
c bounds -3 >= -7912 @ 0.237752
c bounds -3 >= -7896 @ 0.238171
c bounds -3 >= -7880 @ 0.238597
c bounds -3 >= -7864 @ 0.239005
c bounds -3 >= -7848 @ 0.239045
c bounds -3 >= -7832 @ 0.239045
c bounds -3 >= -7816 @ 0.239377
c bounds -3 >= -7800 @ 0.239748
c bounds -3 >= -7784 @ 0.24017
c bounds -3 >= -7768 @ 0.240595
c bounds -3 >= -7752 @ 0.240998
c bounds -3 >= -7736 @ 0.241033
c bounds -3 >= -7720 @ 0.241033
c bounds -3 >= -7704 @ 0.241372
c bounds -3 >= -7688 @ 0.241747
c bounds -3 >= -7672 @ 0.242161
c bounds -3 >= -7656 @ 0.242586
c bounds -3 >= -7640 @ 0.242985
c bounds -3 >= -7624 @ 0.243403
c bounds -3 >= -7608 @ 0.243829
c bounds -3 >= -7592 @ 0.244257
c bounds -3 >= -7576 @ 0.244685
c bounds -3 >= -7560 @ 0.245112
c bounds -3 >= -7544 @ 0.245539
c bounds -3 >= -7528 @ 0.245962
c bounds -3 >= -7512 @ 0.246385
c bounds -3 >= -7496 @ 0.246813
c bounds -3 >= -7480 @ 0.247241
c bounds -3 >= -7464 @ 0.247667
c bounds -3 >= -7448 @ 0.248092
c bounds -3 >= -7432 @ 0.248516
c bounds -3 >= -7416 @ 0.248943
c bounds -3 >= -7400 @ 0.249365
c bounds -3 >= -7384 @ 0.249779
c bounds -3 >= -7368 @ 0.250204
c bounds -3 >= -7352 @ 0.250627
c bounds -3 >= -7336 @ 0.250696
c bounds -3 >= -7320 @ 0.250696
c bounds -3 >= -7304 @ 0.250909
c bounds -3 >= -7288 @ 0.25133
c bounds -3 >= -7272 @ 0.251756
c bounds -3 >= -7256 @ 0.252178
c bounds -3 >= -7240 @ 0.252595
c bounds -3 >= -7224 @ 0.253022
c bounds -3 >= -7208 @ 0.253439
c bounds -3 >= -7192 @ 0.253862
c bounds -3 >= -7176 @ 0.25429
c bounds -3 >= -7160 @ 0.254712
c bounds -3 >= -7144 @ 0.25514
c bounds -3 >= -7128 @ 0.255565
c bounds -3 >= -7112 @ 0.255986
c bounds -3 >= -7096 @ 0.256412
c bounds -3 >= -7080 @ 0.256837
c bounds -3 >= -7064 @ 0.257699
c bounds -3 >= -7048 @ 0.258108
c bounds -3 >= -7032 @ 0.258514
c bounds -3 >= -7016 @ 0.258916
c bounds -3 >= -7000 @ 0.259322
c bounds -3 >= -6984 @ 0.259729
c bounds -3 >= -6968 @ 0.260131
c bounds -3 >= -6952 @ 0.260534
c bounds -3 >= -6936 @ 0.260939
c bounds -3 >= -6920 @ 0.261343
c bounds -3 >= -6904 @ 0.261748
c bounds -3 >= -6888 @ 0.262157
c bounds -3 >= -6872 @ 0.26256
c bounds -3 >= -6856 @ 0.262973
c bounds -3 >= -6840 @ 0.263383
c bounds -3 >= -6824 @ 0.263783
c bounds -3 >= -6808 @ 0.264189
c bounds -3 >= -6792 @ 0.264598
c bounds -3 >= -6776 @ 0.265002
c bounds -3 >= -6760 @ 0.265405
c bounds -3 >= -6744 @ 0.265812
c bounds -3 >= -6728 @ 0.266211
c bounds -3 >= -6712 @ 0.266627
c bounds -3 >= -6696 @ 0.267035
c bounds -3 >= -6680 @ 0.267433
c bounds -3 >= -6664 @ 0.267841
c bounds -3 >= -6648 @ 0.268249
c bounds -3 >= -6632 @ 0.268646
c bounds -3 >= -6616 @ 0.269055
c bounds -3 >= -6600 @ 0.269462
c bounds -3 >= -6584 @ 0.269861
c bounds -3 >= -6568 @ 0.270266
c bounds -3 >= -6552 @ 0.270671
c bounds -3 >= -6536 @ 0.271072
c bounds -3 >= -6520 @ 0.271478
c bounds -3 >= -6504 @ 0.271881
c bounds -3 >= -6488 @ 0.271914
c bounds -3 >= -6472 @ 0.271914
c bounds -3 >= -6456 @ 0.272203
c bounds -3 >= -6440 @ 0.272557
c bounds -3 >= -6424 @ 0.272912
c bounds -3 >= -6408 @ 0.273326
c bounds -3 >= -6392 @ 0.273724
c bounds -3 >= -6376 @ 0.274128
c bounds -3 >= -6360 @ 0.274534
c bounds -3 >= -6344 @ 0.274931
c bounds -3 >= -6328 @ 0.275336
c bounds -3 >= -6312 @ 0.275739
c bounds -3 >= -6296 @ 0.276144
c bounds -3 >= -6280 @ 0.27655
c bounds -3 >= -6264 @ 0.276951
c bounds -3 >= -6248 @ 0.277354
c bounds -3 >= -6232 @ 0.277752
c bounds -3 >= -6216 @ 0.278158
c bounds -3 >= -6200 @ 0.278554
c bounds -3 >= -6184 @ 0.278956
c bounds -3 >= -6168 @ 0.279381
c bounds -3 >= -6152 @ 0.27978
c bounds -3 >= -6136 @ 0.280182
c bounds -3 >= -6120 @ 0.280583
c bounds -3 >= -6104 @ 0.280986
c bounds -3 >= -6088 @ 0.281393
c bounds -3 >= -6072 @ 0.281793
c bounds -3 >= -6056 @ 0.282197
c bounds -3 >= -6040 @ 0.282596
c bounds -3 >= -6024 @ 0.283001
c bounds -3 >= -6004 @ 0.283411
c bounds -3 >= -5988 @ 0.28383
c bounds -3 >= -5972 @ 0.284226
c bounds -3 >= -5956 @ 0.284629
c bounds -3 >= -5940 @ 0.28504
c bounds -3 >= -5924 @ 0.285441
c bounds -3 >= -5908 @ 0.285842
c bounds -3 >= -5892 @ 0.286269
c bounds -3 >= -5876 @ 0.286687
c bounds -3 >= -5860 @ 0.28711
c bounds -3 >= -5844 @ 0.28753
c bounds -3 >= -5828 @ 0.287955
c bounds -3 >= -5812 @ 0.288372
c bounds -3 >= -5796 @ 0.288797
c bounds -3 >= -5780 @ 0.289219
c bounds -3 >= -5764 @ 0.289641
c bounds -3 >= -5748 @ 0.290061
c bounds -3 >= -5732 @ 0.29052
c bounds -3 >= -5716 @ 0.290968
c bounds -3 >= -5700 @ 0.291413
c bounds -3 >= -5684 @ 0.291845
c bounds -4 >= -5684 @ 0.395223
c bounds -5 >= -5684 @ 0.398984
c bounds -9 >= -5684 @ 0.474602
c bounds -9 >= -5674 @ 0.484124
c bounds -9 >= -5664 @ 0.487533
c bounds -9 >= -5654 @ 0.491572
c bounds -9 >= -5644 @ 0.497112
c bounds -9 >= -5634 @ 0.502439
c bounds -9 >= -5624 @ 0.509294
c bounds -9 >= -5614 @ 0.514469
c bounds -9 >= -5604 @ 0.520353
c bounds -9 >= -5594 @ 0.523224
c bounds -9 >= -5584 @ 0.526283
c #Conflicts:       1000 | #Constraints:      14458
c bounds -9 >= -5574 @ 0.528259
c bounds -9 >= -5564 @ 0.53092
c bounds -9 >= -5554 @ 0.533825
c bounds -9 >= -5544 @ 0.536194
c bounds -9 >= -5534 @ 0.541527
c bounds -9 >= -5524 @ 0.546556
c bounds -9 >= -5514 @ 0.554533
c bounds -9 >= -5504 @ 0.557164
c bounds -9 >= -5494 @ 0.559787
c bounds -9 >= -5484 @ 0.563438
c bounds -9 >= -5474 @ 0.566757
c bounds -9 >= -5464 @ 0.57083
c bounds -9 >= -5454 @ 0.575566
c bounds -9 >= -5444 @ 0.576873
c bounds -9 >= -5434 @ 0.580396
c bounds -9 >= -5424 @ 0.58379
c bounds -9 >= -5414 @ 0.587546
c bounds -9 >= -5404 @ 0.591478
c bounds -9 >= -5394 @ 0.597049
c bounds -9 >= -5384 @ 0.601079
c bounds -9 >= -5374 @ 0.6065
c bounds -9 >= -5364 @ 0.607752
c bounds -9 >= -5354 @ 0.61068
c bounds -9 >= -5344 @ 0.613841
c bounds -13 >= -5344 @ 0.620981
c #Conflicts:       2000 | #Constraints:      15564
c INPROCESSING
c GARBAGE COLLECT
c bounds -13 >= -5334 @ 0.633843
c bounds -13 >= -5324 @ 0.637443
c bounds -13 >= -5314 @ 0.640386
c bounds -13 >= -5304 @ 0.644287
c bounds -14 >= -5304 @ 0.647416
c bounds -14 >= -5294 @ 0.651715
c bounds -18 >= -5294 @ 0.655008
c bounds -22 >= -5294 @ 0.658443
c bounds -22 >= -5284 @ 0.662673
c bounds -23 >= -5284 @ 0.664405
c bounds -23 >= -5274 @ 0.667324
c bounds -27 >= -5274 @ 0.667917
c bounds -27 >= -5264 @ 0.671954
c bounds -31 >= -5264 @ 0.677099
c bounds -35 >= -5264 @ 0.681683
c bounds -35 >= -5254 @ 0.685636
c bounds -39 >= -5254 @ 0.688945
c bounds -39 >= -5244 @ 0.691496
c bounds -39 >= -5234 @ 0.694682
c bounds -40 >= -5234 @ 0.697792
c bounds -40 >= -5224 @ 0.700268
c bounds -41 >= -5224 @ 0.702712
c bounds -41 >= -5214 @ 0.704879
c bounds -41 >= -5204 @ 0.708439
c bounds -45 >= -5204 @ 0.71206
c bounds -45 >= -5194 @ 0.715516
c bounds -49 >= -5194 @ 0.717911
c bounds -49 >= -5184 @ 0.71966
c bounds -53 >= -5184 @ 0.72424
c bounds -53 >= -5174 @ 0.728613
c bounds -53 >= -5164 @ 0.732522
c bounds -57 >= -5164 @ 0.735929
c bounds -57 >= -5154 @ 0.738633
c bounds -57 >= -5144 @ 0.742783
c bounds -61 >= -5144 @ 0.74749
c bounds -65 >= -5144 @ 0.751853
c bounds -65 >= -5134 @ 0.755707
c bounds -65 >= -5124 @ 0.757831
c bounds -66 >= -5124 @ 0.761043
c bounds -66 >= -5114 @ 0.763603
c bounds -70 >= -5114 @ 0.767102
c #Conflicts:       3000 | #Constraints:      15299
c bounds -70 >= -5104 @ 0.771647
c bounds -71 >= -5104 @ 0.774926
c bounds -75 >= -5104 @ 0.778335
c bounds -75 >= -5094 @ 0.779957
c bounds -79 >= -5094 @ 0.782405
c bounds -79 >= -5084 @ 0.786708
c bounds -83 >= -5084 @ 0.79018
c bounds -83 >= -5074 @ 0.793209
c bounds -84 >= -5074 @ 0.796483
c bounds -84 >= -5064 @ 0.798876
c bounds -84 >= -5054 @ 0.804132
c bounds -88 >= -5054 @ 0.808521
c bounds -92 >= -5054 @ 0.812246
c bounds -92 >= -5044 @ 0.813842
c bounds -92 >= -5034 @ 0.817867
c bounds -96 >= -5034 @ 0.820475
c bounds -100 >= -5034 @ 0.824111
c bounds -100 >= -5024 @ 0.826797
c bounds -104 >= -5024 @ 0.830881
c bounds -104 >= -5014 @ 0.832141
c bounds -104 >= -5004 @ 0.834459
c bounds -105 >= -5004 @ 0.837699
c bounds -105 >= -4994 @ 0.838751
c bounds -106 >= -4994 @ 0.840392
c bounds -106 >= -4984 @ 0.843722
c bounds -106 >= -4974 @ 0.846794
c bounds -110 >= -4974 @ 0.849551
c bounds -110 >= -4964 @ 0.851699
c bounds -110 >= -4954 @ 0.853383
c bounds -114 >= -4954 @ 0.857022
c bounds -114 >= -4944 @ 0.859369
c bounds -114 >= -4934 @ 0.863022
c bounds -114 >= -4924 @ 0.864676
c bounds -118 >= -4924 @ 0.8694
c bounds -118 >= -4914 @ 0.871368
c bounds -119 >= -4914 @ 0.873473
c bounds -119 >= -4904 @ 0.874618
c bounds -119 >= -4894 @ 0.876971
c bounds -123 >= -4894 @ 0.879616
c bounds -123 >= -4884 @ 0.883083
c bounds -123 >= -4874 @ 0.886628
c bounds -127 >= -4874 @ 0.890224
c #Conflicts:       4000 | #Constraints:      16389
c bounds -127 >= -4864 @ 0.903689
c bounds -131 >= -4864 @ 0.909821
c bounds -135 >= -4864 @ 0.912081
c bounds -136 >= -4864 @ 0.91452
c bounds -137 >= -4864 @ 0.948238
c INPROCESSING
c GARBAGE COLLECT
c bounds -137 >= -4854 @ 0.965626
c bounds -137 >= -4844 @ 0.975541
c bounds -137 >= -4834 @ 0.987297
c bounds -137 >= -4824 @ 0.989631
c bounds -137 >= -4814 @ 0.993085
c bounds -137 >= -4804 @ 0.995592
c bounds -137 >= -4794 @ 0.997734
c bounds -137 >= -4784 @ 1.00086
c bounds -137 >= -4774 @ 1.00421
c bounds -137 >= -4764 @ 1.0062
c #Conflicts:       5000 | #Constraints:      15754
c bounds -137 >= -4754 @ 1.01118
c bounds -137 >= -4744 @ 1.02712
c bounds -141 >= -4744 @ 1.09683
c bounds -141 >= -4734 @ 1.09695
c bounds -141 >= -4724 @ 1.11612
c #Conflicts:       6000 | #Constraints:      16782
c bounds -141 >= -4714 @ 1.15075
c INPROCESSING
c GARBAGE COLLECT
c bounds -145 >= -4714 @ 1.24093
c bounds -146 >= -4714 @ 1.27412
c bounds -146 >= -4704 @ 1.28629
c #Conflicts:       7000 | #Constraints:      15780
c #Conflicts:       8000 | #Constraints:      16780
c bounds -146 >= -4694 @ 1.47032
c bounds -147 >= -4694 @ 1.47497
c bounds -151 >= -4694 @ 1.48172
c bounds -153 >= -4694 @ 1.48545
c bounds -157 >= -4694 @ 1.48946
c bounds -161 >= -4694 @ 1.49317
c bounds -162 >= -4694 @ 1.49674
c bounds -166 >= -4694 @ 1.50037
c bounds -167 >= -4694 @ 1.50278
c bounds -168 >= -4694 @ 1.50491
c bounds -172 >= -4694 @ 1.50775
c bounds -176 >= -4694 @ 1.51121
c bounds -180 >= -4694 @ 1.5271
c bounds -184 >= -4694 @ 1.59877
c bounds -184 >= -4684 @ 1.65461
c bounds -190 >= -4684 @ 1.6748
c bounds -192 >= -4684 @ 1.70423
c #Conflicts:       9000 | #Constraints:      17801
c bounds -193 >= -4684 @ 1.7753
c bounds -194 >= -4684 @ 1.78001
c bounds -195 >= -4684 @ 1.78877
c bounds -196 >= -4684 @ 1.79521
c bounds -197 >= -4684 @ 1.79985
c bounds -198 >= -4684 @ 1.80515
c bounds -199 >= -4684 @ 1.80962
c bounds -200 >= -4684 @ 1.81401
c bounds -201 >= -4684 @ 1.81966
c bounds -202 >= -4684 @ 1.82398
c bounds -203 >= -4684 @ 1.82926
c bounds -204 >= -4684 @ 1.83536
c bounds -205 >= -4684 @ 1.83986
c bounds -206 >= -4684 @ 1.84596
c bounds -207 >= -4684 @ 1.85129
c bounds -208 >= -4684 @ 1.85843
c bounds -209 >= -4684 @ 1.86378
c bounds -210 >= -4684 @ 1.86808
c bounds -211 >= -4684 @ 1.87329
c bounds -212 >= -4684 @ 1.87937
c bounds -213 >= -4684 @ 1.88471
c bounds -214 >= -4684 @ 1.88983
c bounds -215 >= -4684 @ 1.89396
c bounds -216 >= -4684 @ 1.89707
c bounds -217 >= -4684 @ 1.9022
c bounds -218 >= -4684 @ 1.90417
c bounds -218 >= -4679 @ 1.9105
c bounds -219 >= -4679 @ 1.91953
c bounds -219 >= -4674 @ 1.9212
c bounds -219 >= -4669 @ 1.92935
c bounds -219 >= -4664 @ 1.93173
c bounds -220 >= -4664 @ 1.94025
c bounds -220 >= -4659 @ 1.94527
c bounds -220 >= -4654 @ 1.94878
c bounds -220 >= -4649 @ 1.95567
c bounds -221 >= -4649 @ 1.96491
c bounds -221 >= -4644 @ 1.96782
c bounds -221 >= -4639 @ 1.97061
c bounds -221 >= -4634 @ 1.97503
c bounds -222 >= -4634 @ 1.98169
c bounds -222 >= -4629 @ 1.98983
c bounds -223 >= -4629 @ 1.99587
c bounds -223 >= -4624 @ 2.02228
c bounds -224 >= -4624 @ 2.02875
c bounds -225 >= -4624 @ 2.03589
c bounds -226 >= -4624 @ 2.04189
c bounds -227 >= -4624 @ 2.04708
c bounds -228 >= -4624 @ 2.05405
c bounds -229 >= -4624 @ 2.05915
c bounds -230 >= -4624 @ 2.06322
c bounds -231 >= -4624 @ 2.06819
c bounds -232 >= -4624 @ 2.0732
c #Conflicts:      10000 | #Constraints:      18937
c bounds -232 >= -4619 @ 2.14188
c bounds -233 >= -4619 @ 2.14891
c bounds -234 >= -4619 @ 2.15484
c bounds -235 >= -4619 @ 2.15812
c bounds -236 >= -4619 @ 2.16305
c bounds -237 >= -4619 @ 2.16923
c bounds -238 >= -4619 @ 2.17323
c bounds -239 >= -4619 @ 2.17938
c bounds -240 >= -4619 @ 2.18333
c bounds -241 >= -4619 @ 2.18843
c bounds -243 >= -4619 @ 2.19474
c bounds -245 >= -4619 @ 2.19811
c bounds -247 >= -4619 @ 2.20232
c bounds -249 >= -4619 @ 2.20964
c bounds -251 >= -4619 @ 2.21585
c bounds -253 >= -4619 @ 2.22124
c bounds -255 >= -4619 @ 2.22541
c bounds -257 >= -4619 @ 2.22984
c bounds -259 >= -4619 @ 2.23457
c bounds -261 >= -4619 @ 2.23985
c bounds -263 >= -4619 @ 2.24521
c bounds -265 >= -4619 @ 2.25163
c bounds -267 >= -4619 @ 2.25592
c bounds -269 >= -4619 @ 2.25914
c bounds -271 >= -4619 @ 2.26625
c bounds -273 >= -4619 @ 2.26952
c bounds -275 >= -4619 @ 2.27371
c bounds -277 >= -4619 @ 2.27893
c bounds -279 >= -4619 @ 2.28598
c bounds -281 >= -4619 @ 2.28927
c bounds -283 >= -4619 @ 2.29535
c bounds -285 >= -4619 @ 2.29973
c bounds -287 >= -4619 @ 2.30475
c bounds -289 >= -4619 @ 2.31105
c bounds -291 >= -4619 @ 2.31513
c bounds -293 >= -4619 @ 2.31955
c bounds -295 >= -4619 @ 2.3246
c bounds -297 >= -4619 @ 2.32989
c #Conflicts:      11000 | #Constraints:      19992
c bounds -297 >= -4614 @ 2.46044
c bounds -299 >= -4614 @ 2.47038
c bounds -301 >= -4614 @ 2.4757
c bounds -303 >= -4614 @ 2.48185
c bounds -305 >= -4614 @ 2.48707
c bounds -307 >= -4614 @ 2.49119
c bounds -309 >= -4614 @ 2.4974
c bounds -311 >= -4614 @ 2.50367
c bounds -313 >= -4614 @ 2.50878
c bounds -315 >= -4614 @ 2.51389
c bounds -317 >= -4614 @ 2.5171
c bounds -319 >= -4614 @ 2.52311
c bounds -321 >= -4614 @ 2.52622
c bounds -323 >= -4614 @ 2.53117
c bounds -325 >= -4614 @ 2.53634
c bounds -327 >= -4614 @ 2.54337
c bounds -329 >= -4614 @ 2.54953
c bounds -331 >= -4614 @ 2.55461
c bounds -333 >= -4614 @ 2.5616
c bounds -335 >= -4614 @ 2.56717
c bounds -337 >= -4614 @ 2.57267
c bounds -339 >= -4614 @ 2.5776
c bounds -341 >= -4614 @ 2.58366
c bounds -343 >= -4614 @ 2.58767
c bounds -345 >= -4614 @ 2.5937
c bounds -347 >= -4614 @ 2.59962
c bounds -349 >= -4614 @ 2.60463
c bounds -351 >= -4614 @ 2.60843
c bounds -353 >= -4614 @ 2.61355
c bounds -355 >= -4614 @ 2.61641
c bounds -357 >= -4614 @ 2.62133
c bounds -359 >= -4614 @ 2.62734
c bounds -361 >= -4614 @ 2.63235
c bounds -363 >= -4614 @ 2.63923
c bounds -365 >= -4614 @ 2.64604
c bounds -367 >= -4614 @ 2.65186
c bounds -369 >= -4614 @ 2.65784
c bounds -371 >= -4614 @ 2.66365
c bounds -373 >= -4614 @ 2.66958
c bounds -375 >= -4614 @ 2.6754
c bounds -377 >= -4614 @ 2.68143
c bounds -379 >= -4614 @ 2.68716
c bounds -381 >= -4614 @ 2.69318
c bounds -383 >= -4614 @ 2.69896
c bounds -385 >= -4614 @ 2.70514
c bounds -387 >= -4614 @ 2.71099
c bounds -389 >= -4614 @ 2.71576
c bounds -391 >= -4614 @ 2.72155
c bounds -393 >= -4614 @ 2.72647
c bounds -395 >= -4614 @ 2.73125
c bounds -397 >= -4614 @ 2.7371
c bounds -399 >= -4614 @ 2.74098
c bounds -401 >= -4614 @ 2.74666
c bounds -403 >= -4614 @ 2.7494
c bounds -405 >= -4614 @ 2.75625
c bounds -407 >= -4614 @ 2.76188
c bounds -409 >= -4614 @ 2.76682
c bounds -411 >= -4614 @ 2.77248
c bounds -413 >= -4614 @ 2.77727
c bounds -415 >= -4614 @ 2.78292
c bounds -417 >= -4614 @ 2.79003
c bounds -419 >= -4614 @ 2.79178
c bounds -421 >= -4614 @ 2.79536
c bounds -423 >= -4614 @ 2.80091
c bounds -425 >= -4614 @ 2.80568
c bounds -427 >= -4614 @ 2.81127
c bounds -429 >= -4614 @ 2.81696
c bounds -431 >= -4614 @ 2.82068
c bounds -433 >= -4614 @ 2.82534
c bounds -435 >= -4614 @ 2.82999
c bounds -437 >= -4614 @ 2.83462
c bounds -439 >= -4614 @ 2.83817
c #Conflicts:      12000 | #Constraints:      21081
c bounds -439 >= -4609 @ 3.08316
c bounds -441 >= -4609 @ 3.08797
c bounds -443 >= -4609 @ 3.09382
c bounds -445 >= -4609 @ 3.0985
c bounds -447 >= -4609 @ 3.10216
c bounds -449 >= -4609 @ 3.10899
c bounds -451 >= -4609 @ 3.11485
c bounds -453 >= -4609 @ 3.12
c bounds -455 >= -4609 @ 3.12442
c bounds -457 >= -4609 @ 3.13128
c bounds -459 >= -4609 @ 3.13601
c bounds -461 >= -4609 @ 3.13875
c bounds -463 >= -4609 @ 3.14529
c bounds -465 >= -4609 @ 3.15008
c bounds -467 >= -4609 @ 3.15569
c bounds -469 >= -4609 @ 3.16057
c bounds -471 >= -4609 @ 3.16503
c bounds -473 >= -4609 @ 3.16883
c bounds -475 >= -4609 @ 3.17329
c bounds -477 >= -4609 @ 3.17794
c bounds -479 >= -4609 @ 3.18298
c bounds -481 >= -4609 @ 3.18579
c bounds -483 >= -4609 @ 3.19122
c bounds -485 >= -4609 @ 3.19695
c bounds -487 >= -4609 @ 3.20248
c bounds -489 >= -4609 @ 3.2082
c bounds -491 >= -4609 @ 3.21281
c bounds -493 >= -4609 @ 3.21851
c bounds -495 >= -4609 @ 3.22296
c bounds -497 >= -4609 @ 3.2276
c bounds -499 >= -4609 @ 3.23409
c bounds -501 >= -4609 @ 3.23881
c bounds -503 >= -4609 @ 3.24421
c bounds -505 >= -4609 @ 3.24789
c bounds -507 >= -4609 @ 3.25135
c bounds -509 >= -4609 @ 3.25808
c bounds -511 >= -4609 @ 3.26363
c bounds -513 >= -4609 @ 3.26836
c bounds -515 >= -4609 @ 3.27165
c bounds -517 >= -4609 @ 3.27533
c bounds -519 >= -4609 @ 3.28031
c bounds -521 >= -4609 @ 3.28344
c bounds -523 >= -4609 @ 3.28884
c bounds -525 >= -4609 @ 3.29457
c bounds -527 >= -4609 @ 3.29895
c bounds -529 >= -4609 @ 3.30261
c bounds -533 >= -4609 @ 3.30825
c bounds -537 >= -4609 @ 3.31383
c bounds -541 >= -4609 @ 3.32036
c bounds -545 >= -4609 @ 3.32701
c bounds -549 >= -4609 @ 3.33054
c bounds -553 >= -4609 @ 3.33722
c bounds -557 >= -4609 @ 3.34131
c bounds -561 >= -4609 @ 3.34742
c bounds -565 >= -4609 @ 3.35389
c bounds -569 >= -4609 @ 3.3596
c bounds -573 >= -4609 @ 3.36497
c bounds -577 >= -4609 @ 3.37157
c bounds -581 >= -4609 @ 3.37904
c bounds -585 >= -4609 @ 3.38664
c bounds -589 >= -4609 @ 3.39107
c bounds -593 >= -4609 @ 3.39655
c bounds -597 >= -4609 @ 3.40295
c bounds -601 >= -4609 @ 3.4095
c bounds -605 >= -4609 @ 3.41484
c bounds -609 >= -4609 @ 3.42131
c bounds -613 >= -4609 @ 3.42869
c bounds -617 >= -4609 @ 3.43608
c bounds -621 >= -4609 @ 3.4403
c bounds -625 >= -4609 @ 3.44588
c bounds -629 >= -4609 @ 3.45158
c bounds -633 >= -4609 @ 3.45601
c bounds -637 >= -4609 @ 3.46303
c bounds -641 >= -4609 @ 3.46937
c bounds -645 >= -4609 @ 3.47349
c bounds -649 >= -4609 @ 3.47688
c bounds -653 >= -4609 @ 3.48296
c bounds -657 >= -4609 @ 3.49015
c bounds -661 >= -4609 @ 3.49743
c bounds -665 >= -4609 @ 3.50167
c bounds -669 >= -4609 @ 3.50766
c bounds -673 >= -4609 @ 3.51191
c bounds -677 >= -4609 @ 3.5179
c bounds -681 >= -4609 @ 3.5241
c bounds -685 >= -4609 @ 3.53006
c bounds -689 >= -4609 @ 3.53632
c bounds -693 >= -4609 @ 3.54329
c bounds -697 >= -4609 @ 3.54854
c bounds -701 >= -4609 @ 3.5525
c bounds -705 >= -4609 @ 3.5575
c bounds -709 >= -4609 @ 3.56249
c bounds -713 >= -4609 @ 3.56661
c bounds -717 >= -4609 @ 3.57148
c bounds -721 >= -4609 @ 3.57673
c bounds -725 >= -4609 @ 3.58169
c bounds -729 >= -4609 @ 3.58574
c bounds -733 >= -4609 @ 3.59263
c bounds -737 >= -4609 @ 3.59569
c bounds -741 >= -4609 @ 3.60259
c bounds -745 >= -4609 @ 3.60767
c bounds -749 >= -4609 @ 3.61461
c bounds -753 >= -4609 @ 3.62056
c bounds -757 >= -4609 @ 3.62536
c bounds -761 >= -4609 @ 3.62963
c bounds -765 >= -4609 @ 3.63453
c bounds -769 >= -4609 @ 3.6394
c bounds -773 >= -4609 @ 3.64322
c bounds -777 >= -4609 @ 3.65102
c bounds -781 >= -4609 @ 3.65474
c bounds -785 >= -4609 @ 3.66259
c bounds -789 >= -4609 @ 3.66933
c bounds -793 >= -4609 @ 3.67629
c bounds -797 >= -4609 @ 3.68006
c bounds -801 >= -4609 @ 3.68408
c bounds -805 >= -4609 @ 3.6875
c bounds -809 >= -4609 @ 3.6913
c bounds -813 >= -4609 @ 3.69606
c bounds -817 >= -4609 @ 3.70174
c bounds -821 >= -4609 @ 3.70727
c bounds -825 >= -4609 @ 3.71111
c bounds -829 >= -4609 @ 3.7167
c bounds -833 >= -4609 @ 3.72047
c bounds -837 >= -4609 @ 3.72498
c bounds -839 >= -4609 @ 3.73045
c bounds -841 >= -4609 @ 3.73577
c bounds -843 >= -4609 @ 3.74128
c bounds -845 >= -4609 @ 3.74558
c bounds -846 >= -4609 @ 3.74894
c bounds -847 >= -4609 @ 3.75198
c bounds -851 >= -4609 @ 3.75659
c bounds -855 >= -4609 @ 3.76014
c bounds -859 >= -4609 @ 3.76485
c bounds -863 >= -4609 @ 3.77105
c INPROCESSING
c GARBAGE COLLECT
c bounds -864 >= -4609 @ 3.93238
c bounds -868 >= -4609 @ 3.9375
c bounds -872 >= -4609 @ 3.9407
c bounds -873 >= -4609 @ 3.94446
c bounds -877 >= -4609 @ 3.94875
c bounds -878 >= -4609 @ 3.95261
c bounds -882 >= -4609 @ 3.95787
c bounds -886 >= -4609 @ 3.96306
c bounds -887 >= -4609 @ 3.96603
c bounds -891 >= -4609 @ 3.97117
c bounds -895 >= -4609 @ 3.97453
c bounds -896 >= -4609 @ 3.97775
c bounds -900 >= -4609 @ 3.98158
c bounds -904 >= -4609 @ 3.98566
c bounds -905 >= -4609 @ 3.99054
c bounds -909 >= -4609 @ 3.99464
c bounds -913 >= -4609 @ 3.99809
c bounds -917 >= -4609 @ 4.00311
c bounds -918 >= -4609 @ 4.00799
c bounds -922 >= -4609 @ 4.01214
c bounds -926 >= -4609 @ 4.01728
c bounds -927 >= -4609 @ 4.02199
c bounds -931 >= -4609 @ 4.02628
c bounds -935 >= -4609 @ 4.03024
c bounds -936 >= -4609 @ 4.03505
c bounds -940 >= -4609 @ 4.04109
c bounds -944 >= -4609 @ 4.04626
c bounds -945 >= -4609 @ 4.05095
c bounds -946 >= -4609 @ 4.05577
c bounds -950 >= -4609 @ 4.0618
c bounds -954 >= -4609 @ 4.06609
c bounds -958 >= -4609 @ 4.0701
c bounds -962 >= -4609 @ 4.07315
c bounds -963 >= -4609 @ 4.07597
c bounds -967 >= -4609 @ 4.08009
c bounds -971 >= -4609 @ 4.08397
c bounds -972 >= -4609 @ 4.08777
c bounds -976 >= -4609 @ 4.0928
c bounds -980 >= -4609 @ 4.09605
c bounds -984 >= -4609 @ 4.09997
c bounds -988 >= -4609 @ 4.10515
c bounds -992 >= -4609 @ 4.1102
c bounds -996 >= -4609 @ 4.11435
c bounds -997 >= -4609 @ 4.11901
c bounds -998 >= -4609 @ 4.12281
c bounds -999 >= -4609 @ 4.12742
c bounds -1003 >= -4609 @ 4.13171
c bounds -1004 >= -4609 @ 4.13614
c bounds -1008 >= -4609 @ 4.14028
c bounds -1012 >= -4609 @ 4.14531
c bounds -1016 >= -4609 @ 4.14859
c bounds -1017 >= -4609 @ 4.15199
c bounds -1021 >= -4609 @ 4.15609
c bounds -1022 >= -4609 @ 4.16065
c bounds -1026 >= -4609 @ 4.16385
c bounds -1030 >= -4609 @ 4.16768
c bounds -1031 >= -4609 @ 4.16957
c bounds -1035 >= -4609 @ 4.1733
c bounds -1039 >= -4609 @ 4.17737
c bounds -1043 >= -4609 @ 4.18148
c bounds -1044 >= -4609 @ 4.18401
c bounds -1045 >= -4609 @ 4.18765
c bounds -1046 >= -4609 @ 4.19021
c bounds -1050 >= -4609 @ 4.19618
c bounds -1054 >= -4609 @ 4.19944
c bounds -1058 >= -4609 @ 4.20322
c bounds -1062 >= -4609 @ 4.20847
c bounds -1063 >= -4609 @ 4.21184
c bounds -1067 >= -4609 @ 4.2169
c bounds -1071 >= -4609 @ 4.22181
c bounds -1075 >= -4609 @ 4.22683
c bounds -1079 >= -4609 @ 4.2317
c bounds -1080 >= -4609 @ 4.23633
c bounds -1084 >= -4609 @ 4.24039
c bounds -1085 >= -4609 @ 4.24482
c bounds -1089 >= -4609 @ 4.24774
c bounds -1093 >= -4609 @ 4.25075
c bounds -1094 >= -4609 @ 4.25515
c bounds -1098 >= -4609 @ 4.26014
c bounds -1102 >= -4609 @ 4.26504
c bounds -1106 >= -4609 @ 4.27098
c bounds -1107 >= -4609 @ 4.27354
c bounds -1111 >= -4609 @ 4.27643
c bounds -1115 >= -4609 @ 4.27937
c bounds -1116 >= -4609 @ 4.28287
c bounds -1120 >= -4609 @ 4.28871
c bounds -1124 >= -4609 @ 4.29374
c bounds -1128 >= -4609 @ 4.29762
c bounds -1132 >= -4609 @ 4.30256
c bounds -1133 >= -4609 @ 4.30608
c bounds -1134 >= -4609 @ 4.30972
c bounds -1135 >= -4609 @ 4.31326
c bounds -1139 >= -4609 @ 4.31523
c bounds -1143 >= -4609 @ 4.31818
c bounds -1147 >= -4609 @ 4.32316
c bounds -1151 >= -4609 @ 4.3278
c bounds -1152 >= -4609 @ 4.33137
c bounds -1153 >= -4609 @ 4.33283
c bounds -1157 >= -4609 @ 4.33678
c bounds -1161 >= -4609 @ 4.34162
c bounds -1165 >= -4609 @ 4.34658
c bounds -1165 >= -4605 @ 4.34797
c bounds -1165 >= -4601 @ 4.34911
c bounds -1165 >= -4593 @ 4.34966
c bounds -1165 >= -4589 @ 4.3504
c bounds -1165 >= -4585 @ 4.35066
c bounds -1165 >= -4581 @ 4.35182
c bounds -1165 >= -4577 @ 4.35298
c bounds -1169 >= -4577 @ 4.35514
c bounds -1169 >= -4573 @ 4.35625
c bounds -1169 >= -4565 @ 4.35871
c bounds -1169 >= -4557 @ 4.36117
c bounds -1169 >= -4549 @ 4.36198
c bounds -1169 >= -4541 @ 4.36362
c bounds -1169 >= -4533 @ 4.36537
c bounds -1169 >= -4529 @ 4.36631
c bounds -1169 >= -4521 @ 4.36761
c bounds -1169 >= -4517 @ 4.36861
c bounds -1169 >= -4513 @ 4.37053
c bounds -1170 >= -4513 @ 4.37585
c bounds -1170 >= -4505 @ 4.37694
c bounds -1170 >= -4497 @ 4.37893
c bounds -1170 >= -4489 @ 4.38091
c bounds -1170 >= -4485 @ 4.38387
c bounds -1170 >= -4481 @ 4.38585
c bounds -1170 >= -4473 @ 4.3878
c bounds -1171 >= -4473 @ 4.39188
c bounds -1171 >= -4469 @ 4.39392
c bounds -1171 >= -4461 @ 4.39688
c bounds -1171 >= -4457 @ 4.39888
c bounds -1171 >= -4453 @ 4.40087
c bounds -1171 >= -4445 @ 4.40288
c bounds -1171 >= -4441 @ 4.40577
c bounds -1175 >= -4441 @ 4.40944
c bounds -1175 >= -4437 @ 4.41148
c bounds -1175 >= -4429 @ 4.41248
c bounds -1175 >= -4421 @ 4.41447
c bounds -1175 >= -4417 @ 4.41583
c bounds -1175 >= -4409 @ 4.41683
c bounds -1175 >= -4401 @ 4.41782
c bounds -1175 >= -4397 @ 4.41963
c bounds -1179 >= -4397 @ 4.42329
c bounds -1179 >= -4389 @ 4.42444
c bounds -1179 >= -4385 @ 4.42544
c bounds -1179 >= -4377 @ 4.42644
c bounds -1179 >= -4369 @ 4.42712
c bounds -1179 >= -4361 @ 4.42943
c bounds -1179 >= -4353 @ 4.43197
c bounds -1183 >= -4353 @ 4.4369
c bounds -1183 >= -4349 @ 4.43991
c bounds -1183 >= -4341 @ 4.44186
c bounds -1183 >= -4337 @ 4.44374
c bounds -1183 >= -4329 @ 4.44564
c bounds -1183 >= -4321 @ 4.44773
c bounds -1183 >= -4313 @ 4.44869
c bounds -1187 >= -4313 @ 4.45194
c bounds -1187 >= -4309 @ 4.45384
c bounds -1187 >= -4301 @ 4.45569
c bounds -1187 >= -4297 @ 4.45771
c bounds -1187 >= -4289 @ 4.46047
c bounds -1187 >= -4281 @ 4.46236
c bounds -1187 >= -4273 @ 4.46524
c bounds -1187 >= -4269 @ 4.4671
c bounds -1191 >= -4269 @ 4.47287
c bounds -1191 >= -4261 @ 4.47483
c bounds -1191 >= -4257 @ 4.47629
c bounds -1191 >= -4253 @ 4.47828
c bounds -1191 >= -4249 @ 4.48028
c bounds -1191 >= -4245 @ 4.48227
c bounds -1191 >= -4237 @ 4.48262
c bounds -1191 >= -4233 @ 4.48407
c bounds -1191 >= -4229 @ 4.48589
c bounds -1195 >= -4229 @ 4.49115
c bounds -1195 >= -4221 @ 4.49324
c bounds -1195 >= -4213 @ 4.49391
c bounds -1195 >= -4209 @ 4.49637
c bounds -1195 >= -4205 @ 4.49723
c bounds -1195 >= -4201 @ 4.49902
c bounds -1195 >= -4193 @ 4.49922
c bounds -1195 >= -4189 @ 4.49969
c bounds -1196 >= -4189 @ 4.50371
c bounds -1196 >= -4181 @ 4.50457
c bounds -1196 >= -4177 @ 4.50734
c bounds -1196 >= -4169 @ 4.51017
c bounds -1196 >= -4165 @ 4.513
c bounds -1196 >= -4161 @ 4.51481
c bounds -1196 >= -4153 @ 4.51764
c bounds -1200 >= -4153 @ 4.52339
c bounds -1200 >= -4149 @ 4.52479
c bounds -1200 >= -4145 @ 4.52666
c bounds -1200 >= -4137 @ 4.52749
c bounds -1200 >= -4129 @ 4.52949
c bounds -1200 >= -4125 @ 4.53013
c bounds -1200 >= -4121 @ 4.53212
c bounds -1200 >= -4113 @ 4.53372
c bounds -1204 >= -4113 @ 4.53807
c bounds -1204 >= -4105 @ 4.53996
c bounds -1204 >= -4101 @ 4.54276
c bounds -1204 >= -4097 @ 4.54426
c bounds -1204 >= -4089 @ 4.54508
c bounds -1204 >= -4085 @ 4.54708
c bounds -1204 >= -4077 @ 4.54934
c bounds -1204 >= -4073 @ 4.5518
c bounds -1204 >= -4065 @ 4.5546
c bounds -1204 >= -4061 @ 4.55607
c bounds -1208 >= -4061 @ 4.5625
c bounds -1208 >= -4057 @ 4.56339
c bounds -1208 >= -4053 @ 4.56434
c bounds -1208 >= -4049 @ 4.56503
c bounds -1208 >= -4045 @ 4.56673
c bounds -1208 >= -4037 @ 4.56802
c bounds -1208 >= -4033 @ 4.56838
c bounds -1208 >= -4029 @ 4.57001
c bounds -1208 >= -4025 @ 4.57274
c bounds -1212 >= -4025 @ 4.57716
c bounds -1212 >= -4021 @ 4.57899
c bounds -1212 >= -4017 @ 4.58098
c bounds -1212 >= -4009 @ 4.58146
c bounds -1212 >= -4005 @ 4.58388
c bounds -1212 >= -3997 @ 4.58563
c bounds -1212 >= -3989 @ 4.58836
c bounds -1212 >= -3985 @ 4.58995
c bounds -1212 >= -3977 @ 4.59256
c bounds -1212 >= -3969 @ 4.59429
c bounds -1212 >= -3961 @ 4.59603
c bounds -1216 >= -3961 @ 4.59971
c bounds -1216 >= -3953 @ 4.60042
c bounds -1216 >= -3949 @ 4.60229
c bounds -1216 >= -3941 @ 4.60486
c bounds -1216 >= -3933 @ 4.60657
c bounds -1216 >= -3929 @ 4.60906
c bounds -1216 >= -3921 @ 4.61077
c bounds -1216 >= -3909 @ 4.61289
c bounds -1216 >= -3905 @ 4.61425
c bounds -1216 >= -3901 @ 4.61585
c bounds -1216 >= -3893 @ 4.61787
c bounds -1220 >= -3893 @ 4.62132
c bounds -1220 >= -3889 @ 4.62323
c bounds -1220 >= -3881 @ 4.62485
c bounds -1220 >= -3877 @ 4.62585
c bounds -1220 >= -3869 @ 4.62818
c bounds -1220 >= -3861 @ 4.62884
c bounds -1220 >= -3853 @ 4.63149
c bounds -1220 >= -3849 @ 4.63299
c bounds -1220 >= -3845 @ 4.63383
c bounds -1220 >= -3837 @ 4.63629
c bounds -1220 >= -3825 @ 4.63815
c bounds -1224 >= -3825 @ 4.64264
c bounds -1224 >= -3821 @ 4.64328
c bounds -1224 >= -3817 @ 4.64412
c bounds -1224 >= -3813 @ 4.64652
c bounds -1224 >= -3805 @ 4.64816
c bounds -1224 >= -3801 @ 4.64978
c bounds -1224 >= -3797 @ 4.65235
c bounds -1224 >= -3789 @ 4.65313
c bounds -1224 >= -3785 @ 4.65377
c bounds -1224 >= -3781 @ 4.65606
c bounds -1224 >= -3773 @ 4.65776
c bounds -1224 >= -3769 @ 4.66014
c bounds -1224 >= -3765 @ 4.66075
c bounds -1228 >= -3765 @ 4.6655
c bounds -1228 >= -3761 @ 4.66715
c bounds -1228 >= -3757 @ 4.66871
c bounds -1228 >= -3753 @ 4.66973
c bounds -1228 >= -3745 @ 4.6701
c bounds -1228 >= -3733 @ 4.67172
c bounds -1228 >= -3725 @ 4.67208
c bounds -1228 >= -3721 @ 4.67465
c bounds -1228 >= -3713 @ 4.67671
c bounds -1228 >= -3709 @ 4.67878
c bounds -1228 >= -3705 @ 4.68069
c bounds -1228 >= -3701 @ 4.68106
c bounds -1232 >= -3701 @ 4.68551
c bounds -1232 >= -3693 @ 4.68615
c bounds -1232 >= -3685 @ 4.68768
c bounds -1232 >= -3681 @ 4.68867
c bounds -1232 >= -3677 @ 4.68871
c bounds -1232 >= -3673 @ 4.69026
c bounds -1232 >= -3669 @ 4.69184
c bounds -1232 >= -3665 @ 4.69265
c bounds -1232 >= -3661 @ 4.69311
c bounds -1232 >= -3657 @ 4.69568
c bounds -1232 >= -3653 @ 4.69764
c bounds -1232 >= -3649 @ 4.70005
c bounds -1236 >= -3649 @ 4.70572
c bounds -1236 >= -3645 @ 4.70761
c bounds -1236 >= -3641 @ 4.70926
c bounds -1236 >= -3637 @ 4.71098
c bounds -1236 >= -3633 @ 4.71292
c bounds -1236 >= -3629 @ 4.71444
c bounds -1236 >= -3625 @ 4.71559
c bounds -1236 >= -3621 @ 4.71606
c bounds -1236 >= -3617 @ 4.71694
c bounds -1236 >= -3613 @ 4.71967
c bounds -1240 >= -3613 @ 4.72539
c bounds -1240 >= -3609 @ 4.72835
c bounds -1240 >= -3605 @ 4.73054
c bounds -1240 >= -3601 @ 4.73154
c bounds -1240 >= -3597 @ 4.73302
c bounds -1240 >= -3593 @ 4.734
c bounds -1240 >= -3589 @ 4.73686
c bounds -1240 >= -3585 @ 4.73888
c bounds -1240 >= -3581 @ 4.74097
c bounds -1244 >= -3581 @ 4.74575
c bounds -1244 >= -3577 @ 4.74686
c bounds -1244 >= -3573 @ 4.74885
c bounds -1244 >= -3569 @ 4.74982
c bounds -1244 >= -3565 @ 4.75255
c bounds -1244 >= -3561 @ 4.75351
c bounds -1244 >= -3557 @ 4.75652
c bounds -1244 >= -3553 @ 4.75863
c bounds -1244 >= -3549 @ 4.76165
c bounds -1244 >= -3545 @ 4.76381
c bounds -1244 >= -3541 @ 4.76481
c bounds -1248 >= -3541 @ 4.76815
c bounds -1248 >= -3537 @ 4.77042
c bounds -1248 >= -3533 @ 4.77325
c bounds -1248 >= -3529 @ 4.77441
c bounds -1248 >= -3525 @ 4.77631
c bounds -1248 >= -3521 @ 4.7784
c bounds -1248 >= -3517 @ 4.7794
c bounds -1248 >= -3513 @ 4.78039
c bounds -1248 >= -3509 @ 4.78171
c bounds -1248 >= -3505 @ 4.78455
c bounds -1248 >= -3501 @ 4.78674
c bounds -1252 >= -3501 @ 4.79174
c bounds -1252 >= -3497 @ 4.79382
c bounds -1252 >= -3493 @ 4.79534
c bounds -1252 >= -3489 @ 4.79606
c bounds -1252 >= -3485 @ 4.79918
c bounds -1252 >= -3481 @ 4.80033
c bounds -1252 >= -3477 @ 4.80353
c bounds -1252 >= -3473 @ 4.80479
c bounds -1252 >= -3469 @ 4.80731
c bounds -1252 >= -3465 @ 4.8092
c bounds -1253 >= -3465 @ 4.81257
c bounds -1253 >= -3461 @ 4.81428
c bounds -1253 >= -3457 @ 4.81613
c bounds -1253 >= -3453 @ 4.81845
c bounds -1253 >= -3449 @ 4.82076
c bounds -1253 >= -3445 @ 4.82208
c bounds -1253 >= -3441 @ 4.82362
c bounds -1253 >= -3437 @ 4.82525
c bounds -1257 >= -3437 @ 4.83106
c bounds -1257 >= -3433 @ 4.83245
c bounds -1257 >= -3429 @ 4.83583
c bounds -1257 >= -3425 @ 4.83722
c bounds -1257 >= -3421 @ 4.83962
c bounds -1257 >= -3417 @ 4.84204
c bounds -1257 >= -3413 @ 4.84256
c bounds -1257 >= -3409 @ 4.8452
c bounds -1257 >= -3405 @ 4.84743
c bounds -1257 >= -3401 @ 4.84992
c bounds -1261 >= -3401 @ 4.8557
c bounds -1261 >= -3397 @ 4.85734
c bounds -1261 >= -3393 @ 4.85916
c bounds -1261 >= -3389 @ 4.86052
c bounds -1261 >= -3385 @ 4.86292
c bounds -1261 >= -3381 @ 4.8655
c bounds -1261 >= -3377 @ 4.86713
c bounds -1261 >= -3373 @ 4.87054
c bounds -1261 >= -3369 @ 4.87308
c bounds -1265 >= -3369 @ 4.87632
c bounds -1265 >= -3365 @ 4.87885
c bounds -1265 >= -3361 @ 4.88045
c bounds -1265 >= -3357 @ 4.88308
c bounds -1265 >= -3353 @ 4.88606
c bounds -1265 >= -3349 @ 4.88741
c bounds -1265 >= -3345 @ 4.89088
c bounds -1265 >= -3341 @ 4.89258
c bounds -1265 >= -3337 @ 4.89523
c bounds -1269 >= -3337 @ 4.90043
c bounds -1269 >= -3333 @ 4.90203
c bounds -1269 >= -3329 @ 4.90402
c bounds -1269 >= -3325 @ 4.90539
c bounds -1269 >= -3321 @ 4.90801
c bounds -1269 >= -3317 @ 4.91159
c bounds -1269 >= -3313 @ 4.91319
c bounds -1269 >= -3309 @ 4.91598
c bounds -1269 >= -3305 @ 4.91647
c bounds -1270 >= -3305 @ 4.92192
c bounds -1270 >= -3301 @ 4.92361
c bounds -1270 >= -3297 @ 4.92523
c bounds -1270 >= -3293 @ 4.92695
c bounds -1270 >= -3289 @ 4.92894
c bounds -1270 >= -3285 @ 4.93208
c bounds -1270 >= -3281 @ 4.93467
c bounds -1270 >= -3277 @ 4.93629
c bounds -1270 >= -3273 @ 4.93786
c bounds -1270 >= -3269 @ 4.93891
c bounds -1270 >= -3265 @ 4.94099
c bounds -1271 >= -3265 @ 4.94548
c bounds -1271 >= -3261 @ 4.94901
c bounds -1271 >= -3257 @ 4.95158
c bounds -1271 >= -3253 @ 4.95322
c bounds -1271 >= -3249 @ 4.95486
c bounds -1271 >= -3245 @ 4.95826
c bounds -1271 >= -3241 @ 4.96021
c bounds -1271 >= -3237 @ 4.9636
c bounds -1271 >= -3233 @ 4.96616
c bounds -1271 >= -3229 @ 4.96816
c bounds -1272 >= -3229 @ 4.97347
c bounds -1272 >= -3225 @ 4.97517
c bounds -1272 >= -3221 @ 4.97898
c bounds -1272 >= -3217 @ 4.98149
c bounds -1272 >= -3213 @ 4.98444
c bounds -1272 >= -3209 @ 4.98806
c bounds -1276 >= -3209 @ 4.99493
c bounds -1276 >= -3205 @ 4.99778
c bounds -1280 >= -3205 @ 5.00129
c bounds -1280 >= -3201 @ 5.00774
c bounds -1284 >= -3201 @ 5.01321
c bounds -1288 >= -3201 @ 5.01715
c #Conflicts:      13000 | #Constraints:      19188
c bounds -1288 >= -3197 @ 5.02461
c bounds -1289 >= -3197 @ 5.0289
c bounds -1293 >= -3197 @ 5.03296
c bounds -1297 >= -3197 @ 5.03612
c bounds -1297 >= -3193 @ 5.04801
c bounds -1301 >= -3193 @ 5.05309
c bounds -1302 >= -3193 @ 5.05573
c bounds -1303 >= -3193 @ 5.05943
c bounds -1307 >= -3193 @ 5.06252
c bounds -1311 >= -3193 @ 5.06397
c bounds -1311 >= -3189 @ 5.09106
c bounds -1315 >= -3189 @ 5.09726
c bounds -1316 >= -3189 @ 5.10024
c bounds -1317 >= -3189 @ 5.10385
c bounds -1321 >= -3189 @ 5.1082
c bounds -1325 >= -3189 @ 5.11239
c bounds -1329 >= -3189 @ 5.11592
c bounds -1330 >= -3189 @ 5.1211
c bounds -1334 >= -3189 @ 5.12769
c bounds -1338 >= -3189 @ 5.13203
c bounds -1339 >= -3189 @ 5.13688
c bounds -1340 >= -3189 @ 5.14154
c bounds -1344 >= -3189 @ 5.14696
c bounds -1344 >= -3185 @ 5.15449
c bounds -1348 >= -3185 @ 5.16033
c bounds -1352 >= -3185 @ 5.16275
c bounds -1353 >= -3185 @ 5.1664
c bounds -1353 >= -3181 @ 5.18947
c bounds -1357 >= -3181 @ 5.19565
c bounds -1358 >= -3181 @ 5.20031
c bounds -1362 >= -3181 @ 5.20355
c bounds -1366 >= -3181 @ 5.20766
c bounds -1370 >= -3181 @ 5.21203
c bounds -1371 >= -3181 @ 5.21668
c bounds -1375 >= -3181 @ 5.22198
c bounds -1379 >= -3181 @ 5.22623
c bounds -1383 >= -3181 @ 5.22948
c bounds -1387 >= -3181 @ 5.23455
c bounds -1391 >= -3181 @ 5.23897
c bounds -1395 >= -3181 @ 5.24508
c bounds -1395 >= -3177 @ 5.26904
c bounds -1399 >= -3177 @ 5.27436
c bounds -1403 >= -3177 @ 5.27961
c bounds -1407 >= -3177 @ 5.28385
c bounds -1411 >= -3177 @ 5.289
c bounds -1415 >= -3177 @ 5.2933
c bounds -1419 >= -3177 @ 5.29921
c bounds -1423 >= -3177 @ 5.30148
c bounds -1427 >= -3177 @ 5.30639
c bounds -1431 >= -3177 @ 5.31157
c bounds -1435 >= -3177 @ 5.31658
c bounds -1439 >= -3177 @ 5.32175
c bounds -1439 >= -3173 @ 5.33872
c bounds -1443 >= -3173 @ 5.34476
c bounds -1447 >= -3173 @ 5.35107
c bounds -1451 >= -3173 @ 5.35725
c bounds -1455 >= -3173 @ 5.36259
c bounds -1459 >= -3173 @ 5.36773
c bounds -1463 >= -3173 @ 5.37193
c bounds -1467 >= -3173 @ 5.37608
c bounds -1471 >= -3173 @ 5.38207
c bounds -1475 >= -3173 @ 5.38618
c bounds -1475 >= -3169 @ 5.42268
c bounds -1479 >= -3169 @ 5.42708
c bounds -1483 >= -3169 @ 5.43236
c bounds -1487 >= -3169 @ 5.43596
c bounds -1491 >= -3169 @ 5.44097
c bounds -1495 >= -3169 @ 5.44517
c bounds -1499 >= -3169 @ 5.44922
c bounds -1503 >= -3169 @ 5.45445
c bounds -1507 >= -3169 @ 5.46047
c bounds -1511 >= -3169 @ 5.46567
c bounds -1515 >= -3169 @ 5.46884
c bounds -1519 >= -3169 @ 5.47206
c bounds -1523 >= -3169 @ 5.47724
c bounds -1525 >= -3169 @ 5.50254
c #Conflicts:      14000 | #Constraints:      20412
c bounds -1529 >= -3169 @ 6.06018
c bounds -1529 >= -3165 @ 6.06232
c bounds -1529 >= -3161 @ 6.06638
c bounds -1529 >= -3157 @ 6.06867
c bounds -1529 >= -3153 @ 6.07184
c bounds -1529 >= -3149 @ 6.0749
c bounds -1529 >= -3145 @ 6.07827
c bounds -1529 >= -3141 @ 6.08265
c bounds -1529 >= -3137 @ 6.08731
c bounds -1529 >= -3133 @ 6.09218
c bounds -1529 >= -3129 @ 6.09887
c bounds -1529 >= -3125 @ 6.10284
c bounds -1529 >= -3121 @ 6.10857
c bounds -1529 >= -3117 @ 6.11205
c bounds -1529 >= -3113 @ 6.12173
c bounds -1529 >= -3109 @ 6.12668
c bounds -1529 >= -3105 @ 6.13264
c bounds -1529 >= -3101 @ 6.1351
c bounds -1529 >= -3097 @ 6.13747
c bounds -1529 >= -3093 @ 6.14227
c bounds -1529 >= -3089 @ 6.14647
c bounds -1529 >= -3085 @ 6.15301
c bounds -1529 >= -3081 @ 6.15762
c bounds -1529 >= -3077 @ 6.16402
c bounds -1529 >= -3073 @ 6.16822
c #Conflicts:      15000 | #Constraints:      21652
c bounds -1529 >= -3069 @ 6.17437
c bounds -1529 >= -3065 @ 6.17762
c bounds -1529 >= -3061 @ 6.18061
c bounds -1529 >= -3057 @ 6.18529
c bounds -1529 >= -3053 @ 6.1875
c bounds -1529 >= -3049 @ 6.19093
c bounds -1529 >= -3045 @ 6.19544
c bounds -1529 >= -3041 @ 6.20562
c bounds -1529 >= -3037 @ 6.21198
c bounds -1529 >= -3033 @ 6.21837
c bounds -1529 >= -3029 @ 6.22172
c bounds -1529 >= -3025 @ 6.2262
c bounds -1529 >= -3021 @ 6.23034
c bounds -1529 >= -3017 @ 6.23507
c bounds -1529 >= -3013 @ 6.23678
c bounds -1529 >= -3009 @ 6.24077
c bounds -1529 >= -3005 @ 6.24681
c bounds -1529 >= -3001 @ 6.24886
c bounds -1529 >= -2997 @ 6.25181
c bounds -1529 >= -2993 @ 6.25518
c bounds -1529 >= -2989 @ 6.2628
c bounds -1529 >= -2985 @ 6.2649
c bounds -1529 >= -2981 @ 6.2685
c bounds -1529 >= -2977 @ 6.27267
c bounds -1529 >= -2973 @ 6.2771
c bounds -1529 >= -2969 @ 6.27965
c bounds -1529 >= -2965 @ 6.28099
c bounds -1529 >= -2961 @ 6.28542
c bounds -1529 >= -2957 @ 6.28887
c bounds -1529 >= -2953 @ 6.29282
c bounds -1529 >= -2949 @ 6.29639
c bounds -1529 >= -2945 @ 6.30051
c bounds -1529 >= -2941 @ 6.30158
c bounds -1529 >= -2937 @ 6.30954
c #Conflicts:      16000 | #Constraints:      22992
c bounds -1529 >= -2933 @ 6.3148
c bounds -1529 >= -2929 @ 6.32251
c bounds -1529 >= -2925 @ 6.32913
c bounds -1529 >= -2921 @ 6.33699
c bounds -1529 >= -2917 @ 6.3416
c bounds -1529 >= -2913 @ 6.34489
c bounds -1529 >= -2909 @ 6.35053
c INPROCESSING
c GARBAGE COLLECT
c bounds -1529 >= -2905 @ 6.38668
c bounds -1529 >= -2901 @ 6.38991
c bounds -1529 >= -2897 @ 6.39281
c bounds -1529 >= -2893 @ 6.39659
c bounds -1529 >= -2889 @ 6.39949
c bounds -1529 >= -2885 @ 6.40225
c bounds -1529 >= -2881 @ 6.4071
c bounds -1529 >= -2877 @ 6.41328
c bounds -1529 >= -2873 @ 6.42033
c bounds -1529 >= -2869 @ 6.42545
c bounds -1529 >= -2865 @ 6.42785
c #Conflicts:      17000 | #Constraints:      19477
c bounds -1529 >= -2861 @ 6.43062
c bounds -1529 >= -2857 @ 6.43368
c bounds -1529 >= -2853 @ 6.43918
c bounds -1529 >= -2849 @ 6.44314
c bounds -1529 >= -2845 @ 6.44573
c bounds -1529 >= -2841 @ 6.4504
c bounds -1529 >= -2837 @ 6.45424
c bounds -1529 >= -2833 @ 6.45738
c bounds -1529 >= -2829 @ 6.46317
c bounds -1529 >= -2825 @ 6.46894
c bounds -1529 >= -2821 @ 6.47217
c bounds -1529 >= -2817 @ 6.47753
c bounds -1529 >= -2813 @ 6.48241
c bounds -1529 >= -2809 @ 6.50097
c bounds -1529 >= -2805 @ 6.54164
c #Conflicts:      18000 | #Constraints:      20636
c bounds -1529 >= -2801 @ 6.71884
c #Conflicts:      19000 | #Constraints:      21663
c #Conflicts:      20000 | #Constraints:      22663
c bounds -1529 >= -2797 @ 7.54814
c #Conflicts:      21000 | #Constraints:      23699
c bounds -1530 >= -2797 @ 7.75083
c bounds -1531 >= -2797 @ 7.76882
c bounds -1535 >= -2797 @ 8.27386
c bounds -1539 >= -2797 @ 8.55255
c bounds -1539 >= -2793 @ 8.55433
c bounds -1539 >= -2789 @ 8.55797
c bounds -1539 >= -2785 @ 8.56085
c bounds -1539 >= -2781 @ 8.56326
c bounds -1539 >= -2777 @ 8.56595
c #Conflicts:      22000 | #Constraints:      24749
c #Conflicts:      23000 | #Constraints:      25749
c #Conflicts:      24000 | #Constraints:      26749
c bounds -1539 >= -2773 @ 9.89546
c bounds -1541 >= -2773 @ 9.96037
c bounds -1545 >= -2773 @ 9.97211
c bounds -1549 >= -2773 @ 9.98183
c bounds -1550 >= -2773 @ 9.99126
c bounds -1552 >= -2773 @ 10.0006
c bounds -1554 >= -2773 @ 10.0077
c bounds -1558 >= -2773 @ 10.0162
c #Conflicts:      25000 | #Constraints:      27783
c INPROCESSING
c GARBAGE COLLECT
c bounds -1558 >= -2769 @ 14.4984
c bounds -1558 >= -2765 @ 14.5
c bounds -1558 >= -2761 @ 14.5033
c #Conflicts:      26000 | #Constraints:      21980
c #Conflicts:      27000 | #Constraints:      22980
c #Conflicts:      28000 | #Constraints:      23980
c #Conflicts:      29000 | #Constraints:      24980
c #Conflicts:      30000 | #Constraints:      25980
c INPROCESSING
c GARBAGE COLLECT
c #Conflicts:      31000 | #Constraints:      21082
c #Conflicts:      32000 | #Constraints:      22082
c #Conflicts:      33000 | #Constraints:      23082
c #Conflicts:      34000 | #Constraints:      24082
c bounds -1558 >= -2757 @ 19.2753
c #Conflicts:      35000 | #Constraints:      25145
c #Conflicts:      36000 | #Constraints:      26145
c #Conflicts:      37000 | #Constraints:      27145
c #Conflicts:      38000 | #Constraints:      28145
c #Conflicts:      39000 | #Constraints:      29145
c #Conflicts:      40000 | #Constraints:      30145
c #Conflicts:      41000 | #Constraints:      31145
c bounds -1558 >= -2753 @ 25.3078
c bounds -1559 >= -2753 @ 25.5816
c #Conflicts:      42000 | #Constraints:      32191
c bounds -1560 >= -2753 @ 26.0876
c #Conflicts:      43000 | #Constraints:      33192
c INPROCESSING
c GARBAGE COLLECT
c #Conflicts:      44000 | #Constraints:      25025
c bounds -1561 >= -2753 @ 33.103
c bounds -1561 >= -2749 @ 33.1119
c bounds -1561 >= -2745 @ 33.1209
c #Conflicts:      45000 | #Constraints:      26045
c #Conflicts:      46000 | #Constraints:      27045
c #Conflicts:      47000 | #Constraints:      28045
c #Conflicts:      48000 | #Constraints:      29045
c #Conflicts:      49000 | #Constraints:      30045
c INPROCESSING
c GARBAGE COLLECT
c #Conflicts:      50000 | #Constraints:      23308
c #Conflicts:      51000 | #Constraints:      24308
c #Conflicts:      52000 | #Constraints:      25308
c bounds -1561 >= -2741 @ 40.2878
c #Conflicts:      53000 | #Constraints:      26350
c bounds -1562 >= -2741 @ 41.0566
c bounds -1562 >= -2737 @ 41.0611
c bounds -1562 >= -2733 @ 41.0654
c bounds -1562 >= -2729 @ 41.0715
c bounds -1562 >= -2725 @ 41.0764
c bounds -1562 >= -2721 @ 41.0876
c #Conflicts:      54000 | #Constraints:      27402
c #Conflicts:      55000 | #Constraints:      28402
c #Conflicts:      56000 | #Constraints:      29402
c #Conflicts:      57000 | #Constraints:      30402
c #Conflicts:      58000 | #Constraints:      31402
c #Conflicts:      59000 | #Constraints:      32402
c bounds -1562 >= -2717 @ 48.3031
c bounds -1564 >= -2717 @ 48.3717
c #Conflicts:      60000 | #Constraints:      33436
c #Conflicts:      61000 | #Constraints:      34436
c #Conflicts:      62000 | #Constraints:      35436
c #Conflicts:      63000 | #Constraints:      36436
c #Conflicts:      64000 | #Constraints:      37436
c #Conflicts:      65000 | #Constraints:      38436
c INPROCESSING
c GARBAGE COLLECT
c bounds -1564 >= -2713 @ 67.6403
c bounds -1564 >= -2709 @ 67.6444
c bounds -1564 >= -2705 @ 67.6501
c bounds -1564 >= -2701 @ 67.664
c bounds -1564 >= -2697 @ 67.6965
c bounds -1564 >= -2693 @ 67.7065
c #Conflicts:      66000 | #Constraints:      27868
c bounds -1564 >= -2689 @ 67.7589
c bounds -1564 >= -2685 @ 67.7715
c bounds -1564 >= -2681 @ 67.7872
c bounds -1564 >= -2677 @ 67.8026
c #Conflicts:      67000 | #Constraints:      28913
c bounds -1564 >= -2673 @ 67.8252
c #Conflicts:      68000 | #Constraints:      29922
c #Conflicts:      69000 | #Constraints:      30922
c #Conflicts:      70000 | #Constraints:      31922
c #Conflicts:      71000 | #Constraints:      32922
c #Conflicts:      72000 | #Constraints:      33922
c INPROCESSING
c GARBAGE COLLECT
c #Conflicts:      73000 | #Constraints:      25271
c #Conflicts:      74000 | #Constraints:      26271
c #Conflicts:      75000 | #Constraints:      27271
c #Conflicts:      76000 | #Constraints:      28271
c #Conflicts:      77000 | #Constraints:      29271
c #Conflicts:      78000 | #Constraints:      30271
c bounds -1564 >= -2669 @ 78.7504
c #Conflicts:      79000 | #Constraints:      31337
c #Conflicts:      80000 | #Constraints:      32337
c #Conflicts:      81000 | #Constraints:      33337
c #Conflicts:      82000 | #Constraints:      34337
c #Conflicts:      83000 | #Constraints:      35337
c #Conflicts:      84000 | #Constraints:      36337
c bounds -1564 >= -2665 @ 86.4708
c #Conflicts:      85000 | #Constraints:      37358
c #Conflicts:      86000 | #Constraints:      38358
c #Conflicts:      87000 | #Constraints:      39358
c #Conflicts:      88000 | #Constraints:      40358
c #Conflicts:      89000 | #Constraints:      41358
c #Conflicts:      90000 | #Constraints:      42358
c bounds -1564 >= -2661 @ 96.0989
c #Conflicts:      91000 | #Constraints:      43388
c INPROCESSING
c GARBAGE COLLECT
c bounds -1566 >= -2661 @ 97.9409
c #Conflicts:      92000 | #Constraints:      30186
c #Conflicts:      93000 | #Constraints:      31186
c #Conflicts:      94000 | #Constraints:      32186
c #Conflicts:      95000 | #Constraints:      33186
c #Conflicts:      96000 | #Constraints:      34186
c #Conflicts:      97000 | #Constraints:      35186
c bounds -1566 >= -2657 @ 106.252
c #Conflicts:      98000 | #Constraints:      36219
c bounds -1568 >= -2657 @ 106.668
c #Conflicts:      99000 | #Constraints:      37220
c #Conflicts:     100000 | #Constraints:      38220
c INPROCESSING
c GARBAGE COLLECT
c bounds -1568 >= -2653 @ 113.825
c #Conflicts:     101000 | #Constraints:      27693
c bounds -1568 >= -2649 @ 113.873
c bounds -1568 >= -2645 @ 113.878
c bounds -1568 >= -2641 @ 113.883
c bounds -1568 >= -2637 @ 113.92
c bounds -1568 >= -2633 @ 113.929
c #Conflicts:     102000 | #Constraints:      28753
c bounds -1568 >= -2629 @ 113.986
c bounds -1568 >= -2625 @ 113.994
c #Conflicts:     103000 | #Constraints:      29777
c #Conflicts:     104000 | #Constraints:      30777
c #Conflicts:     105000 | #Constraints:      31777
c #Conflicts:     106000 | #Constraints:      32777
c #Conflicts:     107000 | #Constraints:      33777
c #Conflicts:     108000 | #Constraints:      34777
c #Conflicts:     109000 | #Constraints:      35777
c #Conflicts:     110000 | #Constraints:      36777
c #Conflicts:     111000 | #Constraints:      37777
c #Conflicts:     112000 | #Constraints:      38777
c #Conflicts:     113000 | #Constraints:      39777
c bounds -1568 >= -2621 @ 129.759
c #Conflicts:     114000 | #Constraints:      40855
c bounds -1572 >= -2621 @ 132.364
c #Conflicts:     115000 | #Constraints:      41856
c bounds -1576 >= -2621 @ 134.846
c #Conflicts:     116000 | #Constraints:      42857
c #Conflicts:     117000 | #Constraints:      43857
c #Conflicts:     118000 | #Constraints:      44857
c #Conflicts:     119000 | #Constraints:      45857
c #Conflicts:     120000 | #Constraints:      46857
c #Conflicts:     121000 | #Constraints:      47857
c INPROCESSING
c GARBAGE COLLECT
c #Conflicts:     122000 | #Constraints:      32234
c #Conflicts:     123000 | #Constraints:      33234
c bounds -1580 >= -2621 @ 161.904
c bounds -1584 >= -2621 @ 162.343
c #Conflicts:     124000 | #Constraints:      34236
c #Conflicts:     125000 | #Constraints:      35236
c bounds -1588 >= -2621 @ 170.372
c #Conflicts:     126000 | #Constraints:      36237
c bounds -1592 >= -2621 @ 176.456
c bounds -1592 >= -2617 @ 176.807
c #Conflicts:     127000 | #Constraints:      37250
c bounds -1592 >= -2613 @ 178.06
c bounds -1592 >= -2609 @ 178.285
c #Conflicts:     128000 | #Constraints:      38268
c #Conflicts:     129000 | #Constraints:      39268
c #Conflicts:     130000 | #Constraints:      40268
c #Conflicts:     131000 | #Constraints:      41268
c #Conflicts:     132000 | #Constraints:      42268
c INPROCESSING
c GARBAGE COLLECT
c #Conflicts:     133000 | #Constraints:      29872
c #Conflicts:     134000 | #Constraints:      30872
c #Conflicts:     135000 | #Constraints:      31872
c #Conflicts:     136000 | #Constraints:      32872
c #Conflicts:     137000 | #Constraints:      33872
c #Conflicts:     138000 | #Constraints:      34872
c #Conflicts:     139000 | #Constraints:      35872
c #Conflicts:     140000 | #Constraints:      36872
c bounds -1594 >= -2609 @ 242.742
c bounds -1594 >= -2607 @ 242.748
c bounds -1594 >= -2605 @ 242.76
c bounds -1594 >= -2603 @ 242.775
c bounds -1594 >= -2601 @ 242.803
c bounds -1594 >= -2599 @ 242.821
c bounds -1594 >= -2597 @ 242.842
c bounds -1594 >= -2595 @ 242.871
c bounds -1594 >= -2593 @ 242.895
c bounds -1594 >= -2591 @ 242.941
c bounds -1594 >= -2589 @ 242.963
c bounds -1594 >= -2587 @ 243.003
c bounds -1594 >= -2585 @ 243.024
c bounds -1594 >= -2583 @ 243.052
c bounds -1594 >= -2581 @ 243.073
c bounds -1594 >= -2579 @ 243.119
c bounds -1594 >= -2577 @ 243.144
c bounds -1594 >= -2575 @ 243.209
c bounds -1594 >= -2573 @ 243.232
c bounds -1594 >= -2571 @ 243.263
c bounds -1594 >= -2569 @ 243.295
c #Conflicts:     141000 | #Constraints:      38053
c bounds -1594 >= -2567 @ 243.336
c bounds -1594 >= -2565 @ 243.363
c bounds -1594 >= -2563 @ 243.395
c bounds -1594 >= -2561 @ 243.451
c bounds -1594 >= -2559 @ 243.515
c bounds -1594 >= -2557 @ 243.61
c bounds -1594 >= -2555 @ 243.791
c #Conflicts:     142000 | #Constraints:      39170
c bounds -1594 >= -2553 @ 244.112
c #Conflicts:     143000 | #Constraints:      40194
c bounds -1594 >= -2551 @ 244.671
c bounds -1594 >= -2549 @ 245.34
c bounds -1594 >= -2547 @ 245.377
c bounds -1594 >= -2545 @ 245.46
c #Conflicts:     144000 | #Constraints:      41254
c bounds -1594 >= -2543 @ 246.122
c #Conflicts:     145000 | #Constraints:      42299
c bounds -1594 >= -2541 @ 247.12
c #Conflicts:     146000 | #Constraints:      43335
c #Conflicts:     147000 | #Constraints:      44335
c bounds -1594 >= -2539 @ 248.313
c #Conflicts:     148000 | #Constraints:      45356
c #Conflicts:     149000 | #Constraints:      46356
c bounds -1594 >= -2537 @ 250.567
c #Conflicts:     150000 | #Constraints:      47392
c #Conflicts:     151000 | #Constraints:      48392
c bounds -1594 >= -2535 @ 253.804
c #Conflicts:     152000 | #Constraints:      49425
c #Conflicts:     153000 | #Constraints:      50425
c bounds -1594 >= -2533 @ 255.313
c #Conflicts:     154000 | #Constraints:      51461
c #Conflicts:     155000 | #Constraints:      52461
c bounds -1594 >= -2531 @ 258.218
c #Conflicts:     156000 | #Constraints:      53485
c INPROCESSING
c GARBAGE COLLECT
c #Conflicts:     157000 | #Constraints:      35232
c #Conflicts:     158000 | #Constraints:      36232
c bounds -1594 >= -2529 @ 262.134
c #Conflicts:     159000 | #Constraints:      37262
c #Conflicts:     160000 | #Constraints:      38262
c #Conflicts:     161000 | #Constraints:      39262
c bounds -1594 >= -2527 @ 263.902
c #Conflicts:     162000 | #Constraints:      40295
c #Conflicts:     163000 | #Constraints:      41295
c #Conflicts:     164000 | #Constraints:      42295
c bounds -1594 >= -2525 @ 266.578
c #Conflicts:     165000 | #Constraints:      43340
c #Conflicts:     166000 | #Constraints:      44340
c #Conflicts:     167000 | #Constraints:      45340
c #Conflicts:     168000 | #Constraints:      46340
c INPROCESSING
c GARBAGE COLLECT
c #Conflicts:     169000 | #Constraints:      31961
c #Conflicts:     170000 | #Constraints:      32961
c #Conflicts:     171000 | #Constraints:      33961
c #Conflicts:     172000 | #Constraints:      34961
c #Conflicts:     173000 | #Constraints:      35961
c #Conflicts:     174000 | #Constraints:      36961
c bounds -1594 >= -2523 @ 277.003
c #Conflicts:     175000 | #Constraints:      37991
c #Conflicts:     176000 | #Constraints:      38991
c #Conflicts:     177000 | #Constraints:      39991
c #Conflicts:     178000 | #Constraints:      40991
c bounds -1594 >= -2521 @ 280.934
c #Conflicts:     179000 | #Constraints:      42033
c #Conflicts:     180000 | #Constraints:      43033
c bounds -1594 >= -2519 @ 284.74
c #Conflicts:     181000 | #Constraints:      44075
c #Conflicts:     182000 | #Constraints:      45075
c #Conflicts:     183000 | #Constraints:      46075
c #Conflicts:     184000 | #Constraints:      47075
c #Conflicts:     185000 | #Constraints:      48075
c #Conflicts:     186000 | #Constraints:      49075
c bounds -1594 >= -2517 @ 294.64
c #Conflicts:     187000 | #Constraints:      50108
c #Conflicts:     188000 | #Constraints:      51108
c #Conflicts:     189000 | #Constraints:      52108
c #Conflicts:     190000 | #Constraints:      53108
c #Conflicts:     191000 | #Constraints:      54108
c bounds -1594 >= -2515 @ 307.983
c bounds -1594 >= -2513 @ 307.994
c #Conflicts:     192000 | #Constraints:      55120
c bounds -1594 >= -2511 @ 308.496
c #Conflicts:     193000 | #Constraints:      56147
c bounds -1594 >= -2509 @ 309.707
c #Conflicts:     194000 | #Constraints:      57180
c #Conflicts:     195000 | #Constraints:      58180
c #Conflicts:     196000 | #Constraints:      59180
c INPROCESSING
c GARBAGE COLLECT
c #Conflicts:     197000 | #Constraints:      38463
c bounds -1594 >= -2507 @ 315.366
c #Conflicts:     198000 | #Constraints:      39490
c #Conflicts:     199000 | #Constraints:      40490
c #Conflicts:     200000 | #Constraints:      41490
c #Conflicts:     201000 | #Constraints:      42490
c #Conflicts:     202000 | #Constraints:      43490
c #Conflicts:     203000 | #Constraints:      44490
c #Conflicts:     204000 | #Constraints:      45490
c bounds -1594 >= -2505 @ 328.775
c bounds -1595 >= -2505 @ 328.886
c bounds -1597 >= -2505 @ 328.91
c bounds -1598 >= -2505 @ 328.933
c bounds -1600 >= -2505 @ 328.956
c #Conflicts:     205000 | #Constraints:      46527
c #Conflicts:     206000 | #Constraints:      47527
c #Conflicts:     207000 | #Constraints:      48527
c #Conflicts:     208000 | #Constraints:      49527
c #Conflicts:     209000 | #Constraints:      50527
c INPROCESSING
c GARBAGE COLLECT
c bounds -1600 >= -2503 @ 347.977
c bounds -1600 >= -2501 @ 347.983
c bounds -1600 >= -2499 @ 347.99
c bounds -1600 >= -2497 @ 348.006
c bounds -1600 >= -2495 @ 348.009
c bounds -1600 >= -2493 @ 348.013
c bounds -1600 >= -2491 @ 348.017
c bounds -1600 >= -2489 @ 348.021
c bounds -1600 >= -2487 @ 348.024
c bounds -1600 >= -2485 @ 348.027
c bounds -1600 >= -2483 @ 348.028
c bounds -1600 >= -2481 @ 348.031
c bounds -1600 >= -2479 @ 348.034
c bounds -1600 >= -2477 @ 348.037
c bounds -1600 >= -2475 @ 348.042
c bounds -1600 >= -2473 @ 348.044
c bounds -1600 >= -2471 @ 348.046
c bounds -1600 >= -2469 @ 348.049
c bounds -1600 >= -2467 @ 348.054
c bounds -1600 >= -2465 @ 348.062
c bounds -1600 >= -2463 @ 348.068
c bounds -1600 >= -2461 @ 348.071
c bounds -1600 >= -2459 @ 348.074
c bounds -1600 >= -2457 @ 348.079
c bounds -1600 >= -2455 @ 348.097
c bounds -1600 >= -2453 @ 348.099
c bounds -1600 >= -2451 @ 348.114
c bounds -1600 >= -2449 @ 348.118
c bounds -1600 >= -2447 @ 348.13
c bounds -1600 >= -2445 @ 348.134
c bounds -1600 >= -2443 @ 348.145
c bounds -1600 >= -2441 @ 348.148
c #Conflicts:     210000 | #Constraints:      34622
c bounds -1600 >= -2439 @ 348.179
c bounds -1600 >= -2437 @ 348.185
c bounds -1600 >= -2435 @ 348.199
c bounds -1600 >= -2433 @ 348.204
c bounds -1600 >= -2431 @ 348.254
c bounds -1600 >= -2429 @ 348.256
c bounds -1600 >= -2427 @ 348.263
c #Conflicts:     211000 | #Constraints:      35706
c bounds -1600 >= -2425 @ 348.273
c bounds -1600 >= -2423 @ 348.283
c bounds -1600 >= -2421 @ 348.297
c bounds -1600 >= -2419 @ 348.302
c bounds -1600 >= -2417 @ 348.306
c bounds -1600 >= -2415 @ 348.333
c bounds -1600 >= -2413 @ 348.338
c bounds -1600 >= -2411 @ 348.35
c bounds -1600 >= -2409 @ 348.352
c bounds -1600 >= -2407 @ 348.392
c bounds -1600 >= -2405 @ 348.399
c bounds -1600 >= -2403 @ 348.407
c bounds -1600 >= -2401 @ 348.409
c #Conflicts:     212000 | #Constraints:      36856
c bounds -1600 >= -2399 @ 348.427
c bounds -1600 >= -2397 @ 348.432
c bounds -1600 >= -2395 @ 348.442
c bounds -1600 >= -2393 @ 348.446
c bounds -1600 >= -2391 @ 348.461
c bounds -1600 >= -2389 @ 348.464
c bounds -1600 >= -2387 @ 348.479
c bounds -1600 >= -2385 @ 348.482
c bounds -1600 >= -2383 @ 348.493
c bounds -1600 >= -2381 @ 348.514
c bounds -1600 >= -2379 @ 348.521
c bounds -1600 >= -2377 @ 348.53
c bounds -1600 >= -2375 @ 348.535
c bounds -1600 >= -2373 @ 348.554
c bounds -1600 >= -2371 @ 348.571
c bounds -1600 >= -2369 @ 348.578
c bounds -1600 >= -2367 @ 348.58
c bounds -1600 >= -2365 @ 348.584
c bounds -1600 >= -2363 @ 348.589
c bounds -1600 >= -2361 @ 348.598
c #Conflicts:     213000 | #Constraints:      38075
c bounds -1600 >= -2359 @ 348.607
c bounds -1600 >= -2357 @ 348.621
c bounds -1600 >= -2355 @ 348.65
c bounds -1600 >= -2353 @ 348.661
c bounds -1600 >= -2351 @ 348.667
c bounds -1600 >= -2349 @ 348.67
c bounds -1600 >= -2347 @ 348.673
c bounds -1600 >= -2345 @ 348.689
c bounds -1600 >= -2343 @ 348.691
c bounds -1600 >= -2341 @ 348.766
c bounds -1600 >= -2339 @ 348.77
c #Conflicts:     214000 | #Constraints:      39177
c bounds -1600 >= -2337 @ 348.79
c bounds -1600 >= -2335 @ 348.797
c bounds -1600 >= -2333 @ 348.878
c bounds -1600 >= -2331 @ 348.978
c bounds -1600 >= -2329 @ 349.193
c #Conflicts:     215000 | #Constraints:      40300
c bounds -1600 >= -2327 @ 349.546
c bounds -1600 >= -2325 @ 349.55
c bounds -1600 >= -2323 @ 349.57
c bounds -1600 >= -2321 @ 349.632
c bounds -1600 >= -2319 @ 349.635
c bounds -1600 >= -2317 @ 349.65
c bounds -1600 >= -2315 @ 349.654
c bounds -1600 >= -2313 @ 349.666
c bounds -1600 >= -2311 @ 349.669
c #Conflicts:     216000 | #Constraints:      41375
c bounds -1600 >= -2309 @ 349.71
c bounds -1600 >= -2307 @ 349.714
c bounds -1600 >= -2305 @ 349.718
c bounds -1600 >= -2303 @ 349.735
c bounds -1600 >= -2301 @ 349.74
c bounds -1600 >= -2299 @ 349.747
c bounds -1600 >= -2297 @ 349.758
c bounds -1600 >= -2295 @ 349.763
c bounds -1600 >= -2293 @ 349.772
c bounds -1600 >= -2291 @ 349.786
c bounds -1600 >= -2289 @ 349.804
c bounds -1600 >= -2287 @ 349.82
c bounds -1600 >= -2285 @ 349.827
c bounds -1600 >= -2283 @ 349.83
c #Conflicts:     217000 | #Constraints:      42558
c bounds -1600 >= -2281 @ 349.832
c bounds -1600 >= -2279 @ 349.918
c #Conflicts:     218000 | #Constraints:      43618
c #Conflicts:     219000 | #Constraints:      44618
c #Conflicts:     220000 | #Constraints:      45618
c #Conflicts:     221000 | #Constraints:      46618
c #Conflicts:     222000 | #Constraints:      47618
c #Conflicts:     223000 | #Constraints:      48618
c #Conflicts:     224000 | #Constraints:      49618
c #Conflicts:     225000 | #Constraints:      50618
c #Conflicts:     226000 | #Constraints:      51618
c #Conflicts:     227000 | #Constraints:      52618
c #Conflicts:     228000 | #Constraints:      53618
c bounds -1600 >= -2277 @ 365.726
c #Conflicts:     229000 | #Constraints:      54663
c #Conflicts:     230000 | #Constraints:      55663
c #Conflicts:     231000 | #Constraints:      56663
c #Conflicts:     232000 | #Constraints:      57663
c #Conflicts:     233000 | #Constraints:      58663
c #Conflicts:     234000 | #Constraints:      59663
c #Conflicts:     235000 | #Constraints:      60663
c #Conflicts:     236000 | #Constraints:      61663
c bounds -1600 >= -2275 @ 381.928
c #Conflicts:     237000 | #Constraints:      62720
c #Conflicts:     238000 | #Constraints:      63720
c #Conflicts:     239000 | #Constraints:      64720
c #Conflicts:     240000 | #Constraints:      65720
c INPROCESSING
c GARBAGE COLLECT
c bounds -1600 >= -2273 @ 390.54
c bounds -1600 >= -2271 @ 390.546
c #Conflicts:     241000 | #Constraints:      42321
c #Conflicts:     242000 | #Constraints:      43321
c #Conflicts:     243000 | #Constraints:      44321
c #Conflicts:     244000 | #Constraints:      45321
c #Conflicts:     245000 | #Constraints:      46321
c #Conflicts:     246000 | #Constraints:      47321
c #Conflicts:     247000 | #Constraints:      48321
c #Conflicts:     248000 | #Constraints:      49321
c #Conflicts:     249000 | #Constraints:      50321
c #Conflicts:     250000 | #Constraints:      51321
c #Conflicts:     251000 | #Constraints:      52321
c #Conflicts:     252000 | #Constraints:      53321
c #Conflicts:     253000 | #Constraints:      54321
c #Conflicts:     254000 | #Constraints:      55321
c INPROCESSING
c GARBAGE COLLECT
c #Conflicts:     255000 | #Constraints:      38163
c #Conflicts:     256000 | #Constraints:      39163
c #Conflicts:     257000 | #Constraints:      40163
c #Conflicts:     258000 | #Constraints:      41163
c #Conflicts:     259000 | #Constraints:      42163
c #Conflicts:     260000 | #Constraints:      43163
c #Conflicts:     261000 | #Constraints:      44163
c #Conflicts:     262000 | #Constraints:      45163
c #Conflicts:     263000 | #Constraints:      46163
c #Conflicts:     264000 | #Constraints:      47163
c #Conflicts:     265000 | #Constraints:      48163
c #Conflicts:     266000 | #Constraints:      49163
c #Conflicts:     267000 | #Constraints:      50163
c #Conflicts:     268000 | #Constraints:      51163
c #Conflicts:     269000 | #Constraints:      52163
c #Conflicts:     270000 | #Constraints:      53163
c #Conflicts:     271000 | #Constraints:      54163
c #Conflicts:     272000 | #Constraints:      55163
c #Conflicts:     273000 | #Constraints:      56163
c #Conflicts:     274000 | #Constraints:      57163
c #Conflicts:     275000 | #Constraints:      58163
c #Conflicts:     276000 | #Constraints:      59163
c #Conflicts:     277000 | #Constraints:      60163
c #Conflicts:     278000 | #Constraints:      61163
c #Conflicts:     279000 | #Constraints:      62163
c #Conflicts:     280000 | #Constraints:      63163
c #Conflicts:     281000 | #Constraints:      64163
c #Conflicts:     282000 | #Constraints:      65163
c #Conflicts:     283000 | #Constraints:      66163
c #Conflicts:     284000 | #Constraints:      67163
c #Conflicts:     285000 | #Constraints:      68163
c #Conflicts:     286000 | #Constraints:      69163
c #Conflicts:     287000 | #Constraints:      70163
c #Conflicts:     288000 | #Constraints:      71163
c INPROCESSING
c GARBAGE COLLECT
c bounds -1600 >= -2269 @ 1111.84
c bounds -1600 >= -2267 @ 1111.86
c bounds -1600 >= -2265 @ 1111.88
c bounds -1600 >= -2263 @ 1111.91
c bounds -1600 >= -2261 @ 1111.91
c bounds -1600 >= -2259 @ 1113.68
c bounds -1600 >= -2257 @ 1113.86
c bounds -1600 >= -2255 @ 1114.05
c #Conflicts:     289000 | #Constraints:      45205
c bounds -1600 >= -2253 @ 1116.36
c #Conflicts:     290000 | #Constraints:      46262
c bounds -1600 >= -2251 @ 1122.44
c bounds -1600 >= -2249 @ 1122.7
c #Conflicts:     291000 | #Constraints:      47316
c bounds -1600 >= -2247 @ 1126.36
c #Conflicts:     292000 | #Constraints:      48385
c #Conflicts:     293000 | #Constraints:      49385
c bounds -1600 >= -2245 @ 1138
c #Conflicts:     294000 | #Constraints:      50439
c #Conflicts:     295000 | #Constraints:      51439
c bounds -1600 >= -2243 @ 1156.33
c #Conflicts:     296000 | #Constraints:      52502
c #Conflicts:     297000 | #Constraints:      53502
c #Conflicts:     298000 | #Constraints:      54502
c #Conflicts:     299000 | #Constraints:      55502
c #Conflicts:     300000 | #Constraints:      56502
c bounds -1600 >= -2241 @ 1193.76
c #Conflicts:     301000 | #Constraints:      57595
c #Conflicts:     302000 | #Constraints:      58595
c #Conflicts:     303000 | #Constraints:      59595
c INPROCESSING
c GARBAGE COLLECT
c #Conflicts:     304000 | #Constraints:      40478
c #Conflicts:     305000 | #Constraints:      41478
c #Conflicts:     306000 | #Constraints:      42478
c #Conflicts:     307000 | #Constraints:      43478
c #Conflicts:     308000 | #Constraints:      44478
c #Conflicts:     309000 | #Constraints:      45478
c #Conflicts:     310000 | #Constraints:      46478
c #Conflicts:     311000 | #Constraints:      47478
c #Conflicts:     312000 | #Constraints:      48478
c #Conflicts:     313000 | #Constraints:      49478
c #Conflicts:     314000 | #Constraints:      50478
c #Conflicts:     315000 | #Constraints:      51478
c bounds -1600 >= -2239 @ 1240.9
c #Conflicts:     316000 | #Constraints:      52535
c #Conflicts:     317000 | #Constraints:      53535
c #Conflicts:     318000 | #Constraints:      54535
c #Conflicts:     319000 | #Constraints:      55535
c #Conflicts:     320000 | #Constraints:      56535
c #Conflicts:     321000 | #Constraints:      57535
c bounds -1600 >= -2237 @ 1259.28
c #Conflicts:     322000 | #Constraints:      58598
c #Conflicts:     323000 | #Constraints:      59598
c #Conflicts:     324000 | #Constraints:      60598
c #Conflicts:     325000 | #Constraints:      61598
c #Conflicts:     326000 | #Constraints:      62598
c #Conflicts:     327000 | #Constraints:      63598
c #Conflicts:     328000 | #Constraints:      64598
c #Conflicts:     329000 | #Constraints:      65598
c #Conflicts:     330000 | #Constraints:      66598
c bounds -1600 >= -2235 @ 1288.09
c #Conflicts:     331000 | #Constraints:      67640
c #Conflicts:     332000 | #Constraints:      68640
c #Conflicts:     333000 | #Constraints:      69640
c #Conflicts:     334000 | #Constraints:      70640
c #Conflicts:     335000 | #Constraints:      71640
c #Conflicts:     336000 | #Constraints:      72640
c #Conflicts:     337000 | #Constraints:      73640
c #Conflicts:     338000 | #Constraints:      74640
c bounds -1600 >= -2233 @ 1331.55
c #Conflicts:     339000 | #Constraints:      75697
c #Conflicts:     340000 | #Constraints:      76697
c INPROCESSING
c GARBAGE COLLECT
c #Conflicts:     341000 | #Constraints:      47670
c #Conflicts:     342000 | #Constraints:      48670
c #Conflicts:     343000 | #Constraints:      49670
c #Conflicts:     344000 | #Constraints:      50670
c #Conflicts:     345000 | #Constraints:      51670
c #Conflicts:     346000 | #Constraints:      52670
c #Conflicts:     347000 | #Constraints:      53670
c #Conflicts:     348000 | #Constraints:      54670
c #Conflicts:     349000 | #Constraints:      55670
c #Conflicts:     350000 | #Constraints:      56670
c #Conflicts:     351000 | #Constraints:      57670
c bounds -1600 >= -2231 @ 1377.13
c #Conflicts:     352000 | #Constraints:      58727
c #Conflicts:     353000 | #Constraints:      59727
c #Conflicts:     354000 | #Constraints:      60727
c #Conflicts:     355000 | #Constraints:      61727
c #Conflicts:     356000 | #Constraints:      62727
c #Conflicts:     357000 | #Constraints:      63727
c INPROCESSING
c GARBAGE COLLECT
c #Conflicts:     358000 | #Constraints:      43790
c #Conflicts:     359000 | #Constraints:      44790
c #Conflicts:     360000 | #Constraints:      45790
c #Conflicts:     361000 | #Constraints:      46790
c #Conflicts:     362000 | #Constraints:      47790
c #Conflicts:     363000 | #Constraints:      48790
c #Conflicts:     364000 | #Constraints:      49790
c #Conflicts:     365000 | #Constraints:      50790
c #Conflicts:     366000 | #Constraints:      51790
c #Conflicts:     367000 | #Constraints:      52790
c #Conflicts:     368000 | #Constraints:      53790
c #Conflicts:     369000 | #Constraints:      54790
c #Conflicts:     370000 | #Constraints:      55790
c #Conflicts:     371000 | #Constraints:      56790
c #Conflicts:     372000 | #Constraints:      57790
c #Conflicts:     373000 | #Constraints:      58790
c #Conflicts:     374000 | #Constraints:      59790
c #Conflicts:     375000 | #Constraints:      60790
c #Conflicts:     376000 | #Constraints:      61790
c bounds -1600 >= -2229 @ 1465.83
c #Conflicts:     377000 | #Constraints:      62889
c #Conflicts:     378000 | #Constraints:      63889
c #Conflicts:     379000 | #Constraints:      64889
c #Conflicts:     380000 | #Constraints:      65889
c #Conflicts:     381000 | #Constraints:      66889
c #Conflicts:     382000 | #Constraints:      67889
c #Conflicts:     383000 | #Constraints:      68889
c #Conflicts:     384000 | #Constraints:      69889
c #Conflicts:     385000 | #Constraints:      70889
c #Conflicts:     386000 | #Constraints:      71889
c #Conflicts:     387000 | #Constraints:      72889
c #Conflicts:     388000 | #Constraints:      73889
c #Conflicts:     389000 | #Constraints:      74889
c #Conflicts:     390000 | #Constraints:      75889
c #Conflicts:     391000 | #Constraints:      76889
c #Conflicts:     392000 | #Constraints:      77889
c bounds -1600 >= -2227 @ 1568.1
c #Conflicts:     393000 | #Constraints:      78991
c #Conflicts:     394000 | #Constraints:      79991
c #Conflicts:     395000 | #Constraints:      80991
c #Conflicts:     396000 | #Constraints:      81991
c #Conflicts:     397000 | #Constraints:      82991
c INPROCESSING
c GARBAGE COLLECT
c #Conflicts:     398000 | #Constraints:      50866
c #Conflicts:     399000 | #Constraints:      51866
c #Conflicts:     400000 | #Constraints:      52866
c #Conflicts:     401000 | #Constraints:      53866
c #Conflicts:     402000 | #Constraints:      54866
c #Conflicts:     403000 | #Constraints:      55866
c #Conflicts:     404000 | #Constraints:      56866
c #Conflicts:     405000 | #Constraints:      57866
c #Conflicts:     406000 | #Constraints:      58866
c #Conflicts:     407000 | #Constraints:      59866
c #Conflicts:     408000 | #Constraints:      60866
c #Conflicts:     409000 | #Constraints:      61866
c bounds -1600 >= -2225 @ 1668.58
c #Conflicts:     410000 | #Constraints:      62914
c #Conflicts:     411000 | #Constraints:      63914
c #Conflicts:     412000 | #Constraints:      64914
c #Conflicts:     413000 | #Constraints:      65914
c #Conflicts:     414000 | #Constraints:      66914
c #Conflicts:     415000 | #Constraints:      67914
c INPROCESSING
c GARBAGE COLLECT
c #Conflicts:     416000 | #Constraints:      46126
c #Conflicts:     417000 | #Constraints:      47126
c #Conflicts:     418000 | #Constraints:      48126
c #Conflicts:     419000 | #Constraints:      49126
c #Conflicts:     420000 | #Constraints:      50126
c #Conflicts:     421000 | #Constraints:      51126
c #Conflicts:     422000 | #Constraints:      52126
c #Conflicts:     423000 | #Constraints:      53126
c #Conflicts:     424000 | #Constraints:      54126
c #Conflicts:     425000 | #Constraints:      55126
c #Conflicts:     426000 | #Constraints:      56126
c #Conflicts:     427000 | #Constraints:      57126
c #Conflicts:     428000 | #Constraints:      58126
c #Conflicts:     429000 | #Constraints:      59126
c #Conflicts:     430000 | #Constraints:      60126
c #Conflicts:     431000 | #Constraints:      61126
c #Conflicts:     432000 | #Constraints:      62126
c #Conflicts:     433000 | #Constraints:      63126
c #Conflicts:     434000 | #Constraints:      64126
c #Conflicts:     435000 | #Constraints:      65126
c #Conflicts:     436000 | #Constraints:      66126
c #Conflicts:     437000 | #Constraints:      67126
c #Conflicts:     438000 | #Constraints:      68126
c bounds -1600 >= -2223 @ 1810.93
c #Conflicts:     439000 | #Constraints:      69201
c #Conflicts:     440000 | #Constraints:      70201
c #Conflicts:     441000 | #Constraints:      71201
c #Conflicts:     442000 | #Constraints:      72201
c #Conflicts:     443000 | #Constraints:      73201
c #Conflicts:     444000 | #Constraints:      74201
c #Conflicts:     445000 | #Constraints:      75201
c #Conflicts:     446000 | #Constraints:      76201
c #Conflicts:     447000 | #Constraints:      77201
c #Conflicts:     448000 | #Constraints:      78201
c #Conflicts:     449000 | #Constraints:      79201
c #Conflicts:     450000 | #Constraints:      80201
c #Conflicts:     451000 | #Constraints:      81201
c #Conflicts:     452000 | #Constraints:      82201
c #Conflicts:     453000 | #Constraints:      83201
c bounds -1600 >= -2221 @ 1924.5
c #Conflicts:     454000 | #Constraints:      84297
c #Conflicts:     455000 | #Constraints:      85297
c #Conflicts:     456000 | #Constraints:      86297
c #Conflicts:     457000 | #Constraints:      87297
c #Conflicts:     458000 | #Constraints:      88297
c #Conflicts:     459000 | #Constraints:      89297
c INPROCESSING
c GARBAGE COLLECT
c #Conflicts:     460000 | #Constraints:      54400
c #Conflicts:     461000 | #Constraints:      55400
c #Conflicts:     462000 | #Constraints:      56400
c #Conflicts:     463000 | #Constraints:      57400
c #Conflicts:     464000 | #Constraints:      58400
c #Conflicts:     465000 | #Constraints:      59400
c #Conflicts:     466000 | #Constraints:      60400
c #Conflicts:     467000 | #Constraints:      61400
c #Conflicts:     468000 | #Constraints:      62400
c #Conflicts:     469000 | #Constraints:      63400
c #Conflicts:     470000 | #Constraints:      64400
c #Conflicts:     471000 | #Constraints:      65400
c #Conflicts:     472000 | #Constraints:      66400
c #Conflicts:     473000 | #Constraints:      67400
c #Conflicts:     474000 | #Constraints:      68400
c #Conflicts:     475000 | #Constraints:      69400
c #Conflicts:     476000 | #Constraints:      70400
c #Conflicts:     477000 | #Constraints:      71400
c bounds -1600 >= -2219 @ 2127.85
c #Conflicts:     478000 | #Constraints:      72466
c INPROCESSING
c GARBAGE COLLECT
c #Conflicts:     479000 | #Constraints:      48800
c #Conflicts:     480000 | #Constraints:      49800
c #Conflicts:     481000 | #Constraints:      50800
c #Conflicts:     482000 | #Constraints:      51800
c #Conflicts:     483000 | #Constraints:      52800
c #Conflicts:     484000 | #Constraints:      53800
c #Conflicts:     485000 | #Constraints:      54800
c #Conflicts:     486000 | #Constraints:      55800
c #Conflicts:     487000 | #Constraints:      56800
c #Conflicts:     488000 | #Constraints:      57800
c #Conflicts:     489000 | #Constraints:      58800
c #Conflicts:     490000 | #Constraints:      59800
c #Conflicts:     491000 | #Constraints:      60800
c #Conflicts:     492000 | #Constraints:      61800
c #Conflicts:     493000 | #Constraints:      62800
c #Conflicts:     494000 | #Constraints:      63800
c #Conflicts:     495000 | #Constraints:      64800
c #Conflicts:     496000 | #Constraints:      65800
c #Conflicts:     497000 | #Constraints:      66800
c #Conflicts:     498000 | #Constraints:      67800
c #Conflicts:     499000 | #Constraints:      68800
c #Conflicts:     500000 | #Constraints:      69800
c #Conflicts:     501000 | #Constraints:      70800
c #Conflicts:     502000 | #Constraints:      71800
c #Conflicts:     503000 | #Constraints:      72800
c #Conflicts:     504000 | #Constraints:      73800
c #Conflicts:     505000 | #Constraints:      74800
c #Conflicts:     506000 | #Constraints:      75800
c #Conflicts:     507000 | #Constraints:      76800
c #Conflicts:     508000 | #Constraints:      77800
c #Conflicts:     509000 | #Constraints:      78800
c #Conflicts:     510000 | #Constraints:      79800
c #Conflicts:     511000 | #Constraints:      80800
c bounds -1600 >= -2217 @ 2427.06
c #Conflicts:     512000 | #Constraints:      81908
c #Conflicts:     513000 | #Constraints:      82908
c #Conflicts:     514000 | #Constraints:      83908
c #Conflicts:     515000 | #Constraints:      84908
c #Conflicts:     516000 | #Constraints:      85908
c #Conflicts:     517000 | #Constraints:      86908
c #Conflicts:     518000 | #Constraints:      87908
c #Conflicts:     519000 | #Constraints:      88908
c #Conflicts:     520000 | #Constraints:      89908
c #Conflicts:     521000 | #Constraints:      90908
c #Conflicts:     522000 | #Constraints:      91908
c #Conflicts:     523000 | #Constraints:      92908
c #Conflicts:     524000 | #Constraints:      93908
c #Conflicts:     525000 | #Constraints:      94908
c INPROCESSING
c GARBAGE COLLECT
c #Conflicts:     526000 | #Constraints:      57336
c #Conflicts:     527000 | #Constraints:      58336
c #Conflicts:     528000 | #Constraints:      59336
c #Conflicts:     529000 | #Constraints:      60336
c #Conflicts:     530000 | #Constraints:      61336
c #Conflicts:     531000 | #Constraints:      62336
c #Conflicts:     532000 | #Constraints:      63336
c #Conflicts:     533000 | #Constraints:      64336
c #Conflicts:     534000 | #Constraints:      65336
c #Conflicts:     535000 | #Constraints:      66336
c #Conflicts:     536000 | #Constraints:      67336
c #Conflicts:     537000 | #Constraints:      68336
c #Conflicts:     538000 | #Constraints:      69336
c #Conflicts:     539000 | #Constraints:      70336
c #Conflicts:     540000 | #Constraints:      71336
c #Conflicts:     541000 | #Constraints:      72336
c #Conflicts:     542000 | #Constraints:      73336
c #Conflicts:     543000 | #Constraints:      74336
c #Conflicts:     544000 | #Constraints:      75336
c #Conflicts:     545000 | #Constraints:      76336
c INPROCESSING
c GARBAGE COLLECT
c #Conflicts:     546000 | #Constraints:      50817
c #Conflicts:     547000 | #Constraints:      51817
c #Conflicts:     548000 | #Constraints:      52817
c #Conflicts:     549000 | #Constraints:      53817
c #Conflicts:     550000 | #Constraints:      54817
c #Conflicts:     551000 | #Constraints:      55817
c #Conflicts:     552000 | #Constraints:      56817
c #Conflicts:     553000 | #Constraints:      57817
c #Conflicts:     554000 | #Constraints:      58817
c #Conflicts:     555000 | #Constraints:      59817
c #Conflicts:     556000 | #Constraints:      60817
c #Conflicts:     557000 | #Constraints:      61817
c #Conflicts:     558000 | #Constraints:      62817
c #Conflicts:     559000 | #Constraints:      63817
c #Conflicts:     560000 | #Constraints:      64817
c #Conflicts:     561000 | #Constraints:      65817
c #Conflicts:     562000 | #Constraints:      66817
c #Conflicts:     563000 | #Constraints:      67817
c #Conflicts:     564000 | #Constraints:      68817
c #Conflicts:     565000 | #Constraints:      69817
c #Conflicts:     566000 | #Constraints:      70817
c #Conflicts:     567000 | #Constraints:      71817
c #Conflicts:     568000 | #Constraints:      72817
c #Conflicts:     569000 | #Constraints:      73817
c #Conflicts:     570000 | #Constraints:      74817
c #Conflicts:     571000 | #Constraints:      75817
c #Conflicts:     572000 | #Constraints:      76817
c #Conflicts:     573000 | #Constraints:      77817
c #Conflicts:     574000 | #Constraints:      78817
c #Conflicts:     575000 | #Constraints:      79817
c #Conflicts:     576000 | #Constraints:      80817
c #Conflicts:     577000 | #Constraints:      81817
c #Conflicts:     578000 | #Constraints:      82817
c #Conflicts:     579000 | #Constraints:      83817
c #Conflicts:     580000 | #Constraints:      84817
c #Conflicts:     581000 | #Constraints:      85817
c #Conflicts:     582000 | #Constraints:      86817
c #Conflicts:     583000 | #Constraints:      87817
c #Conflicts:     584000 | #Constraints:      88817
c #Conflicts:     585000 | #Constraints:      89817
c #Conflicts:     586000 | #Constraints:      90817
c #Conflicts:     587000 | #Constraints:      91817
c #Conflicts:     588000 | #Constraints:      92817
c bounds -1600 >= -2215 @ 3709.16
c #Conflicts:     589000 | #Constraints:      93931
c #Conflicts:     590000 | #Constraints:      94931
c #Conflicts:     591000 | #Constraints:      95931
c #Conflicts:     592000 | #Constraints:      96931
c #Conflicts:     593000 | #Constraints:      97931
c #Conflicts:     594000 | #Constraints:      98931
c #Conflicts:     595000 | #Constraints:      99931
c INPROCESSING
c GARBAGE COLLECT
c #Conflicts:     596000 | #Constraints:      59878
c #Conflicts:     597000 | #Constraints:      60878
c #Conflicts:     598000 | #Constraints:      61878
c #Conflicts:     599000 | #Constraints:      62878
c #Conflicts:     600000 | #Constraints:      63878
c #Conflicts:     601000 | #Constraints:      64878
c #Conflicts:     602000 | #Constraints:      65878
c #Conflicts:     603000 | #Constraints:      66878
c #Conflicts:     604000 | #Constraints:      67878
c #Conflicts:     605000 | #Constraints:      68878
c #Conflicts:     606000 | #Constraints:      69878
c #Conflicts:     607000 | #Constraints:      70878
c #Conflicts:     608000 | #Constraints:      71878
c #Conflicts:     609000 | #Constraints:      72878
c #Conflicts:     610000 | #Constraints:      73878
c #Conflicts:     611000 | #Constraints:      74878
c #Conflicts:     612000 | #Constraints:      75878
c #Conflicts:     613000 | #Constraints:      76878
c #Conflicts:     614000 | #Constraints:      77878
c #Conflicts:     615000 | #Constraints:      78878
c #Conflicts:     616000 | #Constraints:      79878
c #Conflicts:     617000 | #Constraints:      80878
c INPROCESSING
c GARBAGE COLLECT
c #Conflicts:     618000 | #Constraints:      52754
c #Conflicts:     619000 | #Constraints:      53754
c #Conflicts:     620000 | #Constraints:      54754
c #Conflicts:     621000 | #Constraints:      55754
c #Conflicts:     622000 | #Constraints:      56754
c #Conflicts:     623000 | #Constraints:      57754
c #Conflicts:     624000 | #Constraints:      58754
c #Conflicts:     625000 | #Constraints:      59754
c #Conflicts:     626000 | #Constraints:      60754
c #Conflicts:     627000 | #Constraints:      61754
c #Conflicts:     628000 | #Constraints:      62754
c #Conflicts:     629000 | #Constraints:      63754
c #Conflicts:     630000 | #Constraints:      64754
c #Conflicts:     631000 | #Constraints:      65754
c #Conflicts:     632000 | #Constraints:      66754
c #Conflicts:     633000 | #Constraints:      67754
c #Conflicts:     634000 | #Constraints:      68754
c #Conflicts:     635000 | #Constraints:      69754
c #Conflicts:     636000 | #Constraints:      70754
c #Conflicts:     637000 | #Constraints:      71754
c #Conflicts:     638000 | #Constraints:      72754
c #Conflicts:     639000 | #Constraints:      73754
c #Conflicts:     640000 | #Constraints:      74754
c #Conflicts:     641000 | #Constraints:      75754
c #Conflicts:     642000 | #Constraints:      76754
c #Conflicts:     643000 | #Constraints:      77754
c #Conflicts:     644000 | #Constraints:      78754
c #Conflicts:     645000 | #Constraints:      79754
c #Conflicts:     646000 | #Constraints:      80754
c #Conflicts:     647000 | #Constraints:      81754
c #Conflicts:     648000 | #Constraints:      82754
c #Conflicts:     649000 | #Constraints:      83754
c #Conflicts:     650000 | #Constraints:      84754
c #Conflicts:     651000 | #Constraints:      85754
c #Conflicts:     652000 | #Constraints:      86754
c #Conflicts:     653000 | #Constraints:      87754
c bounds -1600 >= -2213 @ 4707.84
c #Conflicts:     654000 | #Constraints:      88877
c #Conflicts:     655000 | #Constraints:      89877
c #Conflicts:     656000 | #Constraints:      90877
c #Conflicts:     657000 | #Constraints:      91877
c #Conflicts:     658000 | #Constraints:      92877
c #Conflicts:     659000 | #Constraints:      93877
c #Conflicts:     660000 | #Constraints:      94877
c #Conflicts:     661000 | #Constraints:      95877
c #Conflicts:     662000 | #Constraints:      96877
c #Conflicts:     663000 | #Constraints:      97877
c #Conflicts:     664000 | #Constraints:      98877
c #Conflicts:     665000 | #Constraints:      99877
c #Conflicts:     666000 | #Constraints:     100877
c #Conflicts:     667000 | #Constraints:     101877
c #Conflicts:     668000 | #Constraints:     102877
c #Conflicts:     669000 | #Constraints:     103877
c INPROCESSING
c GARBAGE COLLECT
c #Conflicts:     670000 | #Constraints:      61354
c #Conflicts:     671000 | #Constraints:      62354
c #Conflicts:     672000 | #Constraints:      63354
c #Conflicts:     673000 | #Constraints:      64354
c #Conflicts:     674000 | #Constraints:      65354
c #Conflicts:     675000 | #Constraints:      66354
c #Conflicts:     676000 | #Constraints:      67354
c #Conflicts:     677000 | #Constraints:      68354
c #Conflicts:     678000 | #Constraints:      69354
c #Conflicts:     679000 | #Constraints:      70354
c #Conflicts:     680000 | #Constraints:      71354
c #Conflicts:     681000 | #Constraints:      72354
c #Conflicts:     682000 | #Constraints:      73354
c #Conflicts:     683000 | #Constraints:      74354
c #Conflicts:     684000 | #Constraints:      75354
c #Conflicts:     685000 | #Constraints:      76354
c #Conflicts:     686000 | #Constraints:      77354
c #Conflicts:     687000 | #Constraints:      78354
c #Conflicts:     688000 | #Constraints:      79354
c #Conflicts:     689000 | #Constraints:      80354
c #Conflicts:     690000 | #Constraints:      81354
c #Conflicts:     691000 | #Constraints:      82354
c #Conflicts:     692000 | #Constraints:      83354
c #Conflicts:     693000 | #Constraints:      84354
c INPROCESSING
c GARBAGE COLLECT
c #Conflicts:     694000 | #Constraints:      54771
c #Conflicts:     695000 | #Constraints:      55771
c #Conflicts:     696000 | #Constraints:      56771
c #Conflicts:     697000 | #Constraints:      57771
c #Conflicts:     698000 | #Constraints:      58771
c #Conflicts:     699000 | #Constraints:      59771
c #Conflicts:     700000 | #Constraints:      60771
c #Conflicts:     701000 | #Constraints:      61771
c #Conflicts:     702000 | #Constraints:      62771
c #Conflicts:     703000 | #Constraints:      63771
c #Conflicts:     704000 | #Constraints:      64771
c #Conflicts:     705000 | #Constraints:      65771
c #Conflicts:     706000 | #Constraints:      66771
c #Conflicts:     707000 | #Constraints:      67771
c #Conflicts:     708000 | #Constraints:      68771
c #Conflicts:     709000 | #Constraints:      69771
c #Conflicts:     710000 | #Constraints:      70771
c #Conflicts:     711000 | #Constraints:      71771
c #Conflicts:     712000 | #Constraints:      72771
c #Conflicts:     713000 | #Constraints:      73771
c #Conflicts:     714000 | #Constraints:      74771
c #Conflicts:     715000 | #Constraints:      75771
c #Conflicts:     716000 | #Constraints:      76771
c #Conflicts:     717000 | #Constraints:      77771
c #Conflicts:     718000 | #Constraints:      78771
c #Conflicts:     719000 | #Constraints:      79771
c #Conflicts:     720000 | #Constraints:      80771
c #Conflicts:     721000 | #Constraints:      81771
c #Conflicts:     722000 | #Constraints:      82771
c #Conflicts:     723000 | #Constraints:      83771
c #Conflicts:     724000 | #Constraints:      84771
c #Conflicts:     725000 | #Constraints:      85771
c #Conflicts:     726000 | #Constraints:      86771
c #Conflicts:     727000 | #Constraints:      87771
c #Conflicts:     728000 | #Constraints:      88771
c #Conflicts:     729000 | #Constraints:      89771
c #Conflicts:     730000 | #Constraints:      90771
c #Conflicts:     731000 | #Constraints:      91771
c #Conflicts:     732000 | #Constraints:      92771
c #Conflicts:     733000 | #Constraints:      93771
c #Conflicts:     734000 | #Constraints:      94771
c #Conflicts:     735000 | #Constraints:      95771
c #Conflicts:     736000 | #Constraints:      96771
c #Conflicts:     737000 | #Constraints:      97771
c #Conflicts:     738000 | #Constraints:      98771
c #Conflicts:     739000 | #Constraints:      99771
c #Conflicts:     740000 | #Constraints:     100771
c #Conflicts:     741000 | #Constraints:     101771
c #Conflicts:     742000 | #Constraints:     102771
c #Conflicts:     743000 | #Constraints:     103771
c #Conflicts:     744000 | #Constraints:     104771
c #Conflicts:     745000 | #Constraints:     105771
c #Conflicts:     746000 | #Constraints:     106771
c #Conflicts:     747000 | #Constraints:     107771
c #Conflicts:     748000 | #Constraints:     108771
c INPROCESSING
c GARBAGE COLLECT
c #Conflicts:     749000 | #Constraints:      64163
c #Conflicts:     750000 | #Constraints:      65163
c #Conflicts:     751000 | #Constraints:      66163
c #Conflicts:     752000 | #Constraints:      67163
c #Conflicts:     753000 | #Constraints:      68163
c #Conflicts:     754000 | #Constraints:      69163
c #Conflicts:     755000 | #Constraints:      70163
c #Conflicts:     756000 | #Constraints:      71163
c #Conflicts:     757000 | #Constraints:      72163
c #Conflicts:     758000 | #Constraints:      73163
c #Conflicts:     759000 | #Constraints:      74163
c #Conflicts:     760000 | #Constraints:      75163
c #Conflicts:     761000 | #Constraints:      76163
c #Conflicts:     762000 | #Constraints:      77163
c #Conflicts:     763000 | #Constraints:      78163
c #Conflicts:     764000 | #Constraints:      79163
c #Conflicts:     765000 | #Constraints:      80163
c #Conflicts:     766000 | #Constraints:      81163
c #Conflicts:     767000 | #Constraints:      82163
c #Conflicts:     768000 | #Constraints:      83163
c #Conflicts:     769000 | #Constraints:      84163
c #Conflicts:     770000 | #Constraints:      85163
c #Conflicts:     771000 | #Constraints:      86163
c #Conflicts:     772000 | #Constraints:      87163
c #Conflicts:     773000 | #Constraints:      88163
c bounds -1600 >= -2211 @ 8039.87
c INPROCESSING
c GARBAGE COLLECT
c #Conflicts:     774000 | #Constraints:      55286
c #Conflicts:     775000 | #Constraints:      56286
c #Conflicts:     776000 | #Constraints:      57286
c #Conflicts:     777000 | #Constraints:      58286
c #Conflicts:     778000 | #Constraints:      59286
c #Conflicts:     779000 | #Constraints:      60286
c #Conflicts:     780000 | #Constraints:      61286
c #Conflicts:     781000 | #Constraints:      62286
c #Conflicts:     782000 | #Constraints:      63286
c #Conflicts:     783000 | #Constraints:      64286
c #Conflicts:     784000 | #Constraints:      65286
c #Conflicts:     785000 | #Constraints:      66286
c #Conflicts:     786000 | #Constraints:      67286
c #Conflicts:     787000 | #Constraints:      68286
c #Conflicts:     788000 | #Constraints:      69286
c #Conflicts:     789000 | #Constraints:      70286
c #Conflicts:     790000 | #Constraints:      71286
c #Conflicts:     791000 | #Constraints:      72286
c #Conflicts:     792000 | #Constraints:      73286
c #Conflicts:     793000 | #Constraints:      74286
c #Conflicts:     794000 | #Constraints:      75286
c #Conflicts:     795000 | #Constraints:      76286
c #Conflicts:     796000 | #Constraints:      77286
c #Conflicts:     797000 | #Constraints:      78286
c #Conflicts:     798000 | #Constraints:      79286
c #Conflicts:     799000 | #Constraints:      80286
c #Conflicts:     800000 | #Constraints:      81286
c #Conflicts:     801000 | #Constraints:      82286
c #Conflicts:     802000 | #Constraints:      83286
c #Conflicts:     803000 | #Constraints:      84286
c #Conflicts:     804000 | #Constraints:      85286
c #Conflicts:     805000 | #Constraints:      86286
c #Conflicts:     806000 | #Constraints:      87286
c #Conflicts:     807000 | #Constraints:      88286
c #Conflicts:     808000 | #Constraints:      89286
c #Conflicts:     809000 | #Constraints:      90286
c #Conflicts:     810000 | #Constraints:      91286
c #Conflicts:     811000 | #Constraints:      92286
c #Conflicts:     812000 | #Constraints:      93286
c #Conflicts:     813000 | #Constraints:      94286
c #Conflicts:     814000 | #Constraints:      95286
c bounds -1600 >= -2209 @ 8891.46
c #Conflicts:     815000 | #Constraints:      96397
c #Conflicts:     816000 | #Constraints:      97397
c #Conflicts:     817000 | #Constraints:      98397
c #Conflicts:     818000 | #Constraints:      99397
c #Conflicts:     819000 | #Constraints:     100397
c #Conflicts:     820000 | #Constraints:     101397
c #Conflicts:     821000 | #Constraints:     102397
c #Conflicts:     822000 | #Constraints:     103397
c #Conflicts:     823000 | #Constraints:     104397
c #Conflicts:     824000 | #Constraints:     105397
c #Conflicts:     825000 | #Constraints:     106397
c #Conflicts:     826000 | #Constraints:     107397
c #Conflicts:     827000 | #Constraints:     108397
c #Conflicts:     828000 | #Constraints:     109397
c #Conflicts:     829000 | #Constraints:     110397
c #Conflicts:     830000 | #Constraints:     111397
c #Conflicts:     831000 | #Constraints:     112397
c #Conflicts:     832000 | #Constraints:     113397
c INPROCESSING
c GARBAGE COLLECT
c #Conflicts:     833000 |