c RoundingSat 2
c branch 
c commit 
c #variables 6300 #constraints 12481
c bounds - >= -10500 @ 0.038231
c bounds 0 >= -10500 @ 0.042778
c bounds 0 >= -10484 @ 0.043836
c bounds 0 >= -10468 @ 0.044275
c bounds 0 >= -10452 @ 0.044709
c bounds 0 >= -10436 @ 0.045146
c bounds 0 >= -10420 @ 0.045581
c bounds 0 >= -10404 @ 0.046022
c bounds 0 >= -10388 @ 0.046457
c bounds 0 >= -10372 @ 0.046892
c bounds 0 >= -10356 @ 0.046993
c bounds 0 >= -10340 @ 0.047242
c bounds 0 >= -10324 @ 0.047626
c bounds 0 >= -10308 @ 0.04804
c bounds 0 >= -10292 @ 0.048454
c bounds 0 >= -10276 @ 0.048867
c bounds 0 >= -10260 @ 0.04928
c bounds 0 >= -10244 @ 0.049698
c bounds 0 >= -10228 @ 0.050115
c bounds 0 >= -10212 @ 0.050533
c bounds 0 >= -10196 @ 0.050946
c bounds 0 >= -10180 @ 0.051365
c bounds 0 >= -10164 @ 0.05178
c bounds 0 >= -10148 @ 0.052195
c bounds 0 >= -10132 @ 0.052612
c bounds 0 >= -10116 @ 0.053026
c bounds 0 >= -10100 @ 0.053446
c bounds 0 >= -10084 @ 0.053861
c bounds 0 >= -10068 @ 0.054278
c bounds 0 >= -10052 @ 0.054695
c bounds 0 >= -10036 @ 0.055111
c bounds 0 >= -10020 @ 0.055534
c bounds 0 >= -10004 @ 0.05595
c bounds 0 >= -9988 @ 0.05637
c bounds 0 >= -9972 @ 0.056785
c bounds 0 >= -9956 @ 0.057198
c bounds 0 >= -9940 @ 0.057612
c bounds 0 >= -9924 @ 0.05803
c bounds 0 >= -9908 @ 0.05845
c bounds 0 >= -9892 @ 0.058864
c bounds 0 >= -9876 @ 0.059274
c bounds 0 >= -9860 @ 0.059687
c bounds 0 >= -9844 @ 0.060099
c bounds 0 >= -9828 @ 0.060519
c bounds 0 >= -9812 @ 0.060933
c bounds 0 >= -9796 @ 0.061353
c bounds -3 >= -9796 @ 0.13447
c bounds -3 >= -9780 @ 0.134927
c bounds -3 >= -9764 @ 0.135351
c bounds -3 >= -9748 @ 0.135771
c bounds -3 >= -9732 @ 0.136182
c bounds -3 >= -9716 @ 0.136597
c bounds -3 >= -9700 @ 0.137007
c bounds -3 >= -9684 @ 0.137423
c bounds -3 >= -9668 @ 0.137836
c bounds -3 >= -9652 @ 0.138262
c bounds -3 >= -9636 @ 0.138674
c bounds -3 >= -9620 @ 0.139087
c bounds -3 >= -9604 @ 0.139501
c bounds -3 >= -9588 @ 0.139914
c bounds -3 >= -9572 @ 0.140334
c bounds -3 >= -9556 @ 0.140746
c bounds -3 >= -9540 @ 0.141161
c bounds -3 >= -9524 @ 0.141572
c bounds -3 >= -9508 @ 0.141986
c bounds -3 >= -9492 @ 0.142424
c bounds -3 >= -9476 @ 0.14286
c bounds -3 >= -9456 @ 0.143298
c bounds -3 >= -9440 @ 0.143737
c bounds -3 >= -9424 @ 0.144168
c bounds -3 >= -9408 @ 0.144598
c bounds -3 >= -9392 @ 0.14503
c bounds -3 >= -9376 @ 0.145462
c bounds -3 >= -9360 @ 0.145888
c bounds -3 >= -9344 @ 0.146324
c bounds -3 >= -9328 @ 0.146756
c bounds -3 >= -9312 @ 0.147188
c bounds -3 >= -9296 @ 0.147619
c bounds -3 >= -9280 @ 0.148055
c bounds -3 >= -9264 @ 0.148487
c bounds -3 >= -9248 @ 0.148916
c bounds -3 >= -9232 @ 0.149349
c bounds -3 >= -9216 @ 0.149775
c bounds -3 >= -9200 @ 0.150206
c bounds -3 >= -9184 @ 0.150638
c bounds -3 >= -9168 @ 0.151068
c bounds -3 >= -9152 @ 0.151499
c bounds -3 >= -9136 @ 0.15193
c bounds -3 >= -9120 @ 0.15236
c bounds -3 >= -9104 @ 0.152795
c bounds -3 >= -9088 @ 0.153227
c bounds -3 >= -9072 @ 0.153656
c bounds -3 >= -9056 @ 0.154085
c bounds -3 >= -9040 @ 0.154521
c bounds -3 >= -9024 @ 0.154948
c bounds -3 >= -9008 @ 0.155377
c bounds -3 >= -8992 @ 0.155809
c bounds -3 >= -8976 @ 0.156239
c bounds -3 >= -8960 @ 0.156668
c bounds -3 >= -8944 @ 0.157096
c bounds -3 >= -8928 @ 0.157525
c bounds -3 >= -8912 @ 0.15796
c bounds -3 >= -8896 @ 0.158391
c bounds -3 >= -8880 @ 0.158821
c bounds -3 >= -8864 @ 0.159254
c bounds -3 >= -8848 @ 0.159679
c bounds -3 >= -8832 @ 0.16011
c bounds -3 >= -8816 @ 0.160542
c bounds -3 >= -8800 @ 0.160974
c bounds -3 >= -8784 @ 0.161403
c bounds -3 >= -8768 @ 0.161835
c bounds -3 >= -8752 @ 0.162264
c bounds -3 >= -8736 @ 0.162698
c bounds -3 >= -8720 @ 0.163128
c bounds -3 >= -8704 @ 0.163553
c bounds -3 >= -8688 @ 0.163981
c bounds -3 >= -8672 @ 0.164054
c bounds -3 >= -8656 @ 0.164236
c bounds -3 >= -8640 @ 0.164652
c bounds -3 >= -8624 @ 0.165079
c bounds -3 >= -8608 @ 0.165507
c bounds -3 >= -8592 @ 0.165941
c bounds -3 >= -8576 @ 0.166358
c bounds -3 >= -8560 @ 0.166786
c bounds -3 >= -8544 @ 0.167218
c bounds -3 >= -8528 @ 0.167647
c bounds -3 >= -8512 @ 0.168071
c bounds -3 >= -8496 @ 0.168506
c bounds -3 >= -8480 @ 0.168934
c bounds -3 >= -8464 @ 0.16937
c bounds -3 >= -8448 @ 0.169823
c bounds -3 >= -8432 @ 0.17026
c bounds -3 >= -8416 @ 0.17069
c bounds -3 >= -8400 @ 0.171121
c bounds -3 >= -8384 @ 0.171549
c bounds -3 >= -8368 @ 0.171973
c bounds -3 >= -8352 @ 0.172402
c bounds -3 >= -8336 @ 0.173278
c bounds -3 >= -8320 @ 0.173686
c bounds -3 >= -8304 @ 0.174095
c bounds -3 >= -8288 @ 0.174505
c bounds -3 >= -8272 @ 0.17491
c bounds -3 >= -8256 @ 0.175323
c bounds -3 >= -8240 @ 0.175735
c bounds -3 >= -8224 @ 0.176142
c bounds -3 >= -8208 @ 0.176553
c bounds -3 >= -8192 @ 0.176967
c bounds -3 >= -8176 @ 0.177373
c bounds -3 >= -8160 @ 0.177786
c bounds -3 >= -8144 @ 0.17819
c bounds -3 >= -8128 @ 0.178598
c bounds -3 >= -8112 @ 0.179003
c bounds -3 >= -8096 @ 0.179416
c bounds -3 >= -8080 @ 0.179821
c bounds -3 >= -8064 @ 0.180231
c bounds -3 >= -8048 @ 0.180648
c bounds -3 >= -8032 @ 0.181051
c bounds -3 >= -8016 @ 0.181464
c bounds -3 >= -8000 @ 0.181875
c bounds -3 >= -7984 @ 0.182278
c bounds -3 >= -7968 @ 0.182687
c bounds -3 >= -7952 @ 0.183095
c bounds -3 >= -7936 @ 0.183508
c bounds -3 >= -7920 @ 0.183916
c bounds -3 >= -7904 @ 0.184324
c bounds -3 >= -7888 @ 0.184731
c bounds -3 >= -7872 @ 0.185153
c bounds -3 >= -7856 @ 0.185567
c bounds -3 >= -7840 @ 0.18597
c bounds -3 >= -7824 @ 0.186386
c bounds -3 >= -7808 @ 0.186793
c bounds -3 >= -7792 @ 0.187201
c bounds -3 >= -7776 @ 0.187621
c bounds -3 >= -7760 @ 0.188033
c bounds -3 >= -7744 @ 0.188448
c bounds -3 >= -7728 @ 0.188858
c bounds -3 >= -7712 @ 0.189272
c bounds -3 >= -7696 @ 0.189677
c bounds -3 >= -7680 @ 0.190085
c bounds -3 >= -7664 @ 0.1905
c bounds -3 >= -7648 @ 0.190902
c bounds -3 >= -7632 @ 0.191313
c bounds -3 >= -7616 @ 0.191721
c bounds -3 >= -7600 @ 0.192124
c bounds -3 >= -7584 @ 0.192541
c bounds -3 >= -7568 @ 0.192948
c bounds -3 >= -7552 @ 0.193352
c bounds -3 >= -7536 @ 0.193764
c bounds -3 >= -7516 @ 0.19418
c bounds -3 >= -7500 @ 0.194609
c bounds -3 >= -7484 @ 0.195017
c bounds -3 >= -7468 @ 0.195429
c bounds -3 >= -7452 @ 0.195836
c bounds -3 >= -7436 @ 0.196245
c bounds -3 >= -7420 @ 0.196646
c bounds -3 >= -7404 @ 0.197055
c bounds -3 >= -7388 @ 0.19747
c bounds -3 >= -7372 @ 0.197871
c bounds -3 >= -7356 @ 0.198277
c bounds -3 >= -7340 @ 0.198685
c bounds -3 >= -7324 @ 0.199086
c bounds -3 >= -7308 @ 0.199498
c bounds -3 >= -7292 @ 0.199898
c bounds -3 >= -7276 @ 0.200305
c bounds -3 >= -7260 @ 0.200714
c bounds -3 >= -7244 @ 0.201117
c bounds -3 >= -7228 @ 0.201535
c bounds -3 >= -7212 @ 0.201942
c bounds -3 >= -7196 @ 0.202356
c bounds -3 >= -7180 @ 0.202762
c bounds -3 >= -7164 @ 0.203193
c bounds -3 >= -7148 @ 0.203617
c bounds -3 >= -7132 @ 0.204042
c bounds -3 >= -7116 @ 0.20448
c bounds -3 >= -7100 @ 0.204906
c bounds -3 >= -7084 @ 0.204974
c bounds -3 >= -7068 @ 0.204974
c bounds -3 >= -7052 @ 0.205253
c bounds -3 >= -7036 @ 0.20567
c bounds -3 >= -7020 @ 0.2061
c bounds -3 >= -7004 @ 0.206524
c bounds -3 >= -6988 @ 0.20695
c bounds -3 >= -6972 @ 0.207017
c bounds -3 >= -6956 @ 0.207017
c bounds -3 >= -6940 @ 0.207234
c bounds -3 >= -6924 @ 0.207648
c bounds -3 >= -6908 @ 0.208071
c bounds -3 >= -6892 @ 0.208498
c bounds -3 >= -6876 @ 0.208927
c bounds -3 >= -6860 @ 0.209356
c bounds -3 >= -6844 @ 0.209784
c bounds -3 >= -6828 @ 0.210212
c bounds -3 >= -6812 @ 0.210636
c bounds -3 >= -6796 @ 0.211059
c bounds -3 >= -6780 @ 0.211491
c bounds -3 >= -6764 @ 0.211912
c bounds -3 >= -6748 @ 0.212341
c bounds -3 >= -6732 @ 0.212764
c bounds -3 >= -6716 @ 0.213188
c bounds -3 >= -6700 @ 0.213613
c bounds -3 >= -6684 @ 0.214042
c bounds -3 >= -6668 @ 0.214464
c bounds -3 >= -6652 @ 0.214891
c bounds -3 >= -6636 @ 0.215281
c bounds -3 >= -6620 @ 0.215281
c bounds -3 >= -6604 @ 0.215281
c bounds -3 >= -6588 @ 0.215638
c bounds -3 >= -6572 @ 0.21606
c bounds -3 >= -6556 @ 0.216491
c bounds -3 >= -6540 @ 0.216911
c bounds -3 >= -6524 @ 0.217337
c bounds -3 >= -6508 @ 0.217757
c bounds -3 >= -6492 @ 0.218184
c bounds -3 >= -6476 @ 0.218596
c bounds -3 >= -6460 @ 0.219021
c bounds -3 >= -6444 @ 0.219441
c bounds -3 >= -6428 @ 0.219865
c bounds -3 >= -6412 @ 0.220298
c bounds -3 >= -6396 @ 0.220722
c bounds -3 >= -6380 @ 0.221147
c bounds -3 >= -6364 @ 0.221568
c bounds -3 >= -6348 @ 0.221989
c bounds -3 >= -6332 @ 0.222413
c bounds -3 >= -6316 @ 0.222833
c bounds -3 >= -6300 @ 0.223257
c bounds -3 >= -6284 @ 0.223679
c bounds -3 >= -6268 @ 0.224102
c bounds -3 >= -6252 @ 0.224526
c bounds -3 >= -6236 @ 0.224947
c bounds -3 >= -6220 @ 0.225369
c bounds -3 >= -6204 @ 0.225797
c bounds -3 >= -6188 @ 0.226219
c bounds -3 >= -6172 @ 0.226678
c bounds -3 >= -6156 @ 0.227107
c bounds -3 >= -6140 @ 0.227526
c bounds -3 >= -6124 @ 0.227947
c bounds -3 >= -6108 @ 0.228374
c bounds -3 >= -6092 @ 0.228794
c bounds -3 >= -6076 @ 0.229213
c bounds -3 >= -6060 @ 0.229635
c bounds -3 >= -6044 @ 0.23005
c bounds -3 >= -6028 @ 0.230472
c bounds -3 >= -6012 @ 0.230538
c bounds -3 >= -5996 @ 0.230824
c bounds -3 >= -5980 @ 0.231165
c bounds -3 >= -5964 @ 0.231558
c bounds -3 >= -5948 @ 0.231959
c bounds -3 >= -5932 @ 0.232357
c bounds -3 >= -5916 @ 0.232761
c bounds -3 >= -5900 @ 0.233158
c bounds -3 >= -5884 @ 0.233565
c bounds -3 >= -5868 @ 0.233969
c bounds -3 >= -5852 @ 0.234374
c bounds -3 >= -5836 @ 0.234775
c bounds -3 >= -5820 @ 0.235182
c bounds -3 >= -5804 @ 0.235584
c bounds -3 >= -5788 @ 0.235989
c bounds -3 >= -5772 @ 0.236394
c bounds -3 >= -5756 @ 0.236796
c bounds -3 >= -5740 @ 0.237202
c bounds -3 >= -5724 @ 0.237608
c bounds -3 >= -5708 @ 0.238037
c bounds -3 >= -5692 @ 0.238474
c bounds -4 >= -5692 @ 0.254001
c bounds -4 >= -5682 @ 0.257008
c bounds -4 >= -5672 @ 0.259021
c bounds -4 >= -5662 @ 0.262268
c bounds -4 >= -5652 @ 0.270392
c bounds -4 >= -5642 @ 0.27275
c bounds -5 >= -5642 @ 0.275465
c bounds -5 >= -5632 @ 0.279521
c bounds -9 >= -5632 @ 0.283678
c bounds -9 >= -5622 @ 0.288326
c bounds -10 >= -5622 @ 0.291829
c bounds -14 >= -5622 @ 0.295524
c bounds -18 >= -5622 @ 0.2993
c bounds -18 >= -5612 @ 0.303331
c bounds -19 >= -5612 @ 0.306862
c bounds -23 >= -5612 @ 0.310496
c bounds -24 >= -5612 @ 0.312698
c bounds -24 >= -5602 @ 0.313926
c bounds -25 >= -5602 @ 0.317134
c bounds -25 >= -5592 @ 0.32189
c bounds -29 >= -5592 @ 0.32588
c bounds -33 >= -5592 @ 0.330383
c bounds -33 >= -5582 @ 0.333226
c bounds -37 >= -5582 @ 0.337278
c bounds -41 >= -5582 @ 0.340757
c bounds -42 >= -5582 @ 0.343913
c bounds -42 >= -5572 @ 0.348148
c bounds -46 >= -5572 @ 0.352228
c bounds -50 >= -5572 @ 0.356919
c bounds -54 >= -5572 @ 0.360429
c bounds -54 >= -5562 @ 0.363094
c bounds -58 >= -5562 @ 0.367066
c #Conflicts:       1000 | #Constraints:      14460
c bounds -58 >= -5552 @ 0.370106
c bounds -62 >= -5552 @ 0.374142
c bounds -63 >= -5552 @ 0.377287
c bounds -67 >= -5552 @ 0.378096
c bounds -67 >= -5542 @ 0.381822
c bounds -68 >= -5542 @ 0.385412
c bounds -68 >= -5532 @ 0.390368
c bounds -72 >= -5532 @ 0.394618
c bounds -76 >= -5532 @ 0.398424
c bounds -80 >= -5532 @ 0.402973
c bounds -80 >= -5522 @ 0.405587
c bounds -84 >= -5522 @ 0.408441
c bounds -84 >= -5512 @ 0.410566
c bounds -85 >= -5512 @ 0.411958
c bounds -85 >= -5502 @ 0.414878
c bounds -89 >= -5502 @ 0.419088
c bounds -89 >= -5492 @ 0.422198
c bounds -89 >= -5482 @ 0.423503
c bounds -93 >= -5482 @ 0.42684
c bounds -93 >= -5472 @ 0.430885
c bounds -94 >= -5472 @ 0.433791
c bounds -94 >= -5462 @ 0.436655
c bounds -98 >= -5462 @ 0.441779
c bounds -98 >= -5452 @ 0.44546
c bounds -106 >= -5452 @ 0.453442
c bounds -106 >= -5442 @ 0.459148
c bounds -107 >= -5442 @ 0.463836
c bounds -107 >= -5432 @ 0.466317
c bounds -111 >= -5432 @ 0.471361
c bounds -111 >= -5422 @ 0.47609
c bounds -115 >= -5422 @ 0.481171
c bounds -119 >= -5422 @ 0.486848
c bounds -119 >= -5412 @ 0.491123
c bounds -123 >= -5412 @ 0.496217
c bounds -124 >= -5412 @ 0.498934
c bounds -128 >= -5412 @ 0.50193
c bounds -128 >= -5402 @ 0.503471
c bounds -132 >= -5402 @ 0.506661
c bounds -133 >= -5402 @ 0.508754
c bounds -133 >= -5392 @ 0.511657
c bounds -134 >= -5392 @ 0.516167
c bounds -134 >= -5382 @ 0.519664
c bounds -138 >= -5382 @ 0.523573
c bounds -138 >= -5372 @ 0.528426
c bounds -142 >= -5372 @ 0.533573
c bounds -146 >= -5372 @ 0.540239
c bounds -146 >= -5362 @ 0.543093
c bounds -150 >= -5362 @ 0.550286
c #Conflicts:       2000 | #Constraints:      15569
c INPROCESSING
c GARBAGE COLLECT
c bounds -151 >= -5362 @ 0.569325
c bounds -155 >= -5362 @ 0.573955
c bounds -159 >= -5362 @ 0.58057
c bounds -163 >= -5362 @ 0.582364
c bounds -167 >= -5362 @ 0.586729
c bounds -167 >= -5352 @ 0.593902
c bounds -167 >= -5342 @ 0.602264
c bounds -171 >= -5342 @ 0.609275
c bounds -172 >= -5342 @ 0.614267
c bounds -172 >= -5332 @ 0.619636
c bounds -173 >= -5332 @ 0.623951
c bounds -173 >= -5322 @ 0.628525
c bounds -177 >= -5322 @ 0.632379
c bounds -177 >= -5312 @ 0.644848
c bounds -181 >= -5312 @ 0.649916
c bounds -185 >= -5312 @ 0.656382
c bounds -189 >= -5312 @ 0.661932
c bounds -189 >= -5302 @ 0.6699
c bounds -190 >= -5302 @ 0.674067
c bounds -190 >= -5292 @ 0.684768
c bounds -191 >= -5292 @ 0.689185
c bounds -195 >= -5292 @ 0.693861
c bounds -195 >= -5282 @ 0.698886
c bounds -199 >= -5282 @ 0.703858
c bounds -199 >= -5272 @ 0.716477
c bounds -203 >= -5272 @ 0.722362
c bounds -203 >= -5262 @ 0.725859
c bounds -207 >= -5262 @ 0.731878
c bounds -207 >= -5252 @ 0.741388
c bounds -208 >= -5252 @ 0.74536
c bounds -208 >= -5242 @ 0.749711
c bounds -209 >= -5242 @ 0.755227
c bounds -209 >= -5232 @ 0.765981
c bounds -213 >= -5232 @ 0.770644
c bounds -217 >= -5232 @ 0.77487
c bounds -217 >= -5222 @ 0.782235
c bounds -221 >= -5222 @ 0.786587
c bounds -221 >= -5212 @ 0.797553
c bounds -225 >= -5212 @ 0.803199
c bounds -226 >= -5212 @ 0.805911
c bounds -226 >= -5202 @ 0.80914
c bounds -226 >= -5192 @ 0.817396
c bounds -230 >= -5192 @ 0.821674
c bounds -230 >= -5182 @ 0.832056
c bounds -234 >= -5182 @ 0.837316
c bounds -235 >= -5182 @ 0.841666
c bounds -235 >= -5172 @ 0.843983
c bounds -239 >= -5172 @ 0.849381
c bounds -239 >= -5162 @ 0.855946
c bounds -240 >= -5162 @ 0.861271
c #Conflicts:       3000 | #Constraints:      15310
c bounds -240 >= -5152 @ 0.864109
c bounds -240 >= -5142 @ 0.867907
c bounds -244 >= -5142 @ 0.873385
c bounds -244 >= -5132 @ 0.877277
c bounds -248 >= -5132 @ 0.879323
c bounds -248 >= -5122 @ 0.885249
c bounds -248 >= -5112 @ 0.894357
c bounds -252 >= -5112 @ 0.899604
c bounds -252 >= -5102 @ 0.906716
c bounds -256 >= -5102 @ 0.91161
c bounds -256 >= -5092 @ 0.917632
c bounds -256 >= -5082 @ 0.927135
c bounds -257 >= -5082 @ 0.932479
c bounds -257 >= -5072 @ 0.942681
c bounds -258 >= -5072 @ 0.947101
c bounds -258 >= -5062 @ 0.954062
c bounds -262 >= -5062 @ 0.957805
c bounds -262 >= -5052 @ 0.96645
c bounds -266 >= -5052 @ 0.970594
c bounds -267 >= -5052 @ 0.975872
c bounds -267 >= -5042 @ 0.983
c bounds -268 >= -5042 @ 0.988185
c bounds -268 >= -5032 @ 0.995029
c bounds -272 >= -5032 @ 0.999869
c bounds -276 >= -5032 @ 1.0056
c bounds -276 >= -5022 @ 1.01295
c bounds -280 >= -5022 @ 1.01866
c bounds -280 >= -5012 @ 1.03193
c bounds -284 >= -5012 @ 1.03698
c bounds -288 >= -5012 @ 1.04304
c bounds -288 >= -5002 @ 1.05242
c bounds -292 >= -5002 @ 1.05846
c bounds -292 >= -4992 @ 1.07017
c bounds -296 >= -4992 @ 1.07599
c bounds -300 >= -4992 @ 1.0824
c bounds -300 >= -4982 @ 1.08479
c bounds -304 >= -4982 @ 1.08833
c bounds -304 >= -4972 @ 1.09175
c bounds -304 >= -4962 @ 1.10423
c bounds -308 >= -4962 @ 1.10931
c bounds -312 >= -4962 @ 1.11326
c #Conflicts:       4000 | #Constraints:      16409
c bounds -312 >= -4952 @ 1.12325
c bounds -316 >= -4952 @ 1.12638
c bounds -316 >= -4942 @ 1.13204
c bounds -320 >= -4942 @ 1.13677
c bounds -320 >= -4932 @ 1.1416
c bounds -320 >= -4922 @ 1.14695
c bounds -324 >= -4922 @ 1.15294
c bounds -324 >= -4912 @ 1.15708
c bounds -324 >= -4902 @ 1.16309
c bounds -328 >= -4902 @ 1.16882
c bounds -328 >= -4892 @ 1.17174
c bounds -328 >= -4882 @ 1.17944
c bounds -332 >= -4882 @ 1.18321
c INPROCESSING
c GARBAGE COLLECT
c bounds -332 >= -4872 @ 1.19539
c bounds -336 >= -4872 @ 1.19954
c bounds -336 >= -4862 @ 1.20436
c bounds -336 >= -4852 @ 1.21085
c bounds -340 >= -4852 @ 1.21641
c bounds -340 >= -4842 @ 1.21869
c bounds -341 >= -4842 @ 1.22327
c bounds -341 >= -4832 @ 1.23431
c bounds -345 >= -4832 @ 1.23912
c bounds -349 >= -4832 @ 1.24198
c bounds -353 >= -4832 @ 1.24688
c bounds -357 >= -4832 @ 1.24982
c bounds -357 >= -4822 @ 1.25418
c bounds -358 >= -4822 @ 1.25752
c bounds -358 >= -4812 @ 1.26414
c bounds -362 >= -4812 @ 1.26961
c bounds -362 >= -4802 @ 1.27692
c bounds -366 >= -4802 @ 1.28191
c bounds -366 >= -4792 @ 1.2873
c bounds -366 >= -4782 @ 1.296
c bounds -367 >= -4782 @ 1.29965
c bounds -371 >= -4782 @ 1.30373
c bounds -372 >= -4782 @ 1.30836
c bounds -372 >= -4772 @ 1.33025
c bounds -373 >= -4772 @ 1.3359
c bounds -377 >= -4772 @ 1.34039
c bounds -381 >= -4772 @ 1.34388
c bounds -385 >= -4772 @ 1.3474
c bounds -389 >= -4772 @ 1.35015
c bounds -389 >= -4762 @ 1.36525
c bounds -390 >= -4762 @ 1.36957
c bounds -394 >= -4762 @ 1.37397
c bounds -398 >= -4762 @ 1.37753
c bounds -399 >= -4762 @ 1.38083
c #Conflicts:       5000 | #Constraints:      15789
c bounds -399 >= -4752 @ 1.40425
c bounds -400 >= -4752 @ 1.40839
c bounds -404 >= -4752 @ 1.41293
c bounds -408 >= -4752 @ 1.41634
c bounds -412 >= -4752 @ 1.42056
c bounds -416 >= -4752 @ 1.42406
c bounds -416 >= -4742 @ 1.44625
c bounds -417 >= -4742 @ 1.4512
c bounds -421 >= -4742 @ 1.45546
c bounds -425 >= -4742 @ 1.45975
c bounds -426 >= -4742 @ 1.46196
c bounds -430 >= -4742 @ 1.46706
c bounds -434 >= -4742 @ 1.47023
c bounds -438 >= -4742 @ 1.4735
c bounds -442 >= -4742 @ 1.47788
c bounds -442 >= -4732 @ 1.49738
c bounds -450 >= -4732 @ 1.50673
c bounds -454 >= -4732 @ 1.70278
c bounds -454 >= -4722 @ 1.76703
c #Conflicts:       6000 | #Constraints:      16822
c bounds -454 >= -4712 @ 1.79503
c bounds -454 >= -4702 @ 1.8105
c bounds -454 >= -4692 @ 1.82713
c bounds -456 >= -4692 @ 1.83266
c bounds -456 >= -4687 @ 1.8388
c bounds -456 >= -4682 @ 1.8417
c bounds -456 >= -4677 @ 1.84608
c bounds -456 >= -4672 @ 1.8483
c bounds -456 >= -4667 @ 1.85238
c bounds -456 >= -4662 @ 1.85689
c bounds -456 >= -4657 @ 1.85935
c bounds -456 >= -4652 @ 1.86176
c bounds -456 >= -4647 @ 1.86508
c bounds -456 >= -4642 @ 1.86969
c bounds -456 >= -4637 @ 1.87492
c bounds -456 >= -4632 @ 1.87926
c bounds -456 >= -4627 @ 1.88323
c bounds -456 >= -4622 @ 1.88927
c #Conflicts:       7000 | #Constraints:      17919
c bounds -456 >= -4617 @ 1.89973
c bounds -456 >= -4612 @ 1.92248
c #Conflicts:       8000 | #Constraints:      18943
c bounds -456 >= -4607 @ 2.01616
c bounds -456 >= -4602 @ 2.03024
c bounds -456 >= -4597 @ 2.03578
c bounds -456 >= -4592 @ 2.04512
c bounds -456 >= -4587 @ 2.05188
c bounds -456 >= -4582 @ 2.05545
c bounds -456 >= -4577 @ 2.06146
c bounds -456 >= -4572 @ 2.07553
c bounds -456 >= -4567 @ 2.08363
c bounds -456 >= -4562 @ 2.08849
c bounds -456 >= -4557 @ 2.09171
c bounds -456 >= -4552 @ 2.0956
c #Conflicts:       9000 | #Constraints:      20027
c bounds -456 >= -4547 @ 2.11526
c INPROCESSING
c GARBAGE COLLECT
c bounds -456 >= -4542 @ 2.13158
c bounds -456 >= -4537 @ 2.13859
c bounds -456 >= -4532 @ 2.14603
c bounds -456 >= -4527 @ 2.15223
c bounds -456 >= -4522 @ 2.15874
c bounds -456 >= -4517 @ 2.16087
c bounds -456 >= -4512 @ 2.16496
c bounds -456 >= -4507 @ 2.1685
c bounds -456 >= -4502 @ 2.17422
c bounds -456 >= -4497 @ 2.17801
c bounds -456 >= -4492 @ 2.18195
c bounds -456 >= -4487 @ 2.1866
c bounds -456 >= -4482 @ 2.19573
c bounds -456 >= -4477 @ 2.19854
c #Conflicts:      10000 | #Constraints:      17712
c bounds -456 >= -4472 @ 2.20169
c bounds -458 >= -4472 @ 2.20898
c bounds -458 >= -4467 @ 2.21319
c bounds -458 >= -4462 @ 2.21741
c bounds -460 >= -4462 @ 2.22323
c bounds -460 >= -4457 @ 2.227
c bounds -462 >= -4457 @ 2.23161
c bounds -462 >= -4452 @ 2.24057
c bounds -464 >= -4452 @ 2.24514
c bounds -466 >= -4452 @ 2.25005
c bounds -466 >= -4447 @ 2.25483
c bounds -468 >= -4447 @ 2.26036
c bounds -468 >= -4442 @ 2.30231
c bounds -470 >= -4442 @ 2.30852
c bounds -472 >= -4442 @ 2.3146
c bounds -474 >= -4442 @ 2.31935
c bounds -476 >= -4442 @ 2.3253
c bounds -478 >= -4442 @ 2.33026
c bounds -480 >= -4442 @ 2.33473
c bounds -482 >= -4442 @ 2.34077
c bounds -484 >= -4442 @ 2.34696
c bounds -486 >= -4442 @ 2.35182
c bounds -488 >= -4442 @ 2.35786
c bounds -490 >= -4442 @ 2.36279
c bounds -492 >= -4442 @ 2.36869
c bounds -494 >= -4442 @ 2.37175
c bounds -496 >= -4442 @ 2.37661
c bounds -498 >= -4442 @ 2.38055
c bounds -500 >= -4442 @ 2.38657
c bounds -502 >= -4442 @ 2.39227
c bounds -504 >= -4442 @ 2.39747
c #Conflicts:      11000 | #Constraints:      18805
c bounds -504 >= -4437 @ 2.48417
c bounds -506 >= -4437 @ 2.4888
c bounds -508 >= -4437 @ 2.49516
c bounds -510 >= -4437 @ 2.50137
c bounds -512 >= -4437 @ 2.50828
c bounds -514 >= -4437 @ 2.51426
c bounds -516 >= -4437 @ 2.51931
c bounds -518 >= -4437 @ 2.52421
c bounds -520 >= -4437 @ 2.52842
c bounds -522 >= -4437 @ 2.53631
c bounds -524 >= -4437 @ 2.54338
c bounds -526 >= -4437 @ 2.55015
c bounds -528 >= -4437 @ 2.55806
c bounds -530 >= -4437 @ 2.5639
c bounds -532 >= -4437 @ 2.56799
c bounds -534 >= -4437 @ 2.57178
c bounds -536 >= -4437 @ 2.57765
c bounds -538 >= -4437 @ 2.5834
c bounds -540 >= -4437 @ 2.58922
c bounds -542 >= -4437 @ 2.5969
c bounds -544 >= -4437 @ 2.60383
c bounds -546 >= -4437 @ 2.60964
c bounds -548 >= -4437 @ 2.61641
c bounds -550 >= -4437 @ 2.6231
c bounds -552 >= -4437 @ 2.62819
c bounds -554 >= -4437 @ 2.63504
c bounds -556 >= -4437 @ 2.64127
c bounds -558 >= -4437 @ 2.64696
c bounds -560 >= -4437 @ 2.65309
c bounds -562 >= -4437 @ 2.65807
c bounds -564 >= -4437 @ 2.66429
c bounds -566 >= -4437 @ 2.67115
c bounds -568 >= -4437 @ 2.67611
c bounds -570 >= -4437 @ 2.68084
c bounds -572 >= -4437 @ 2.68684
c bounds -574 >= -4437 @ 2.69262
c bounds -576 >= -4437 @ 2.69942
c bounds -578 >= -4437 @ 2.70509
c bounds -580 >= -4437 @ 2.71086
c bounds -582 >= -4437 @ 2.71762
c bounds -584 >= -4437 @ 2.72255
c bounds -586 >= -4437 @ 2.72937
c bounds -586 >= -4432 @ 2.7617
c bounds -588 >= -4432 @ 2.7685
c bounds -590 >= -4432 @ 2.77514
c bounds -592 >= -4432 @ 2.78009
c bounds -594 >= -4432 @ 2.78665
c bounds -596 >= -4432 @ 2.79149
c bounds -598 >= -4432 @ 2.79715
c bounds -600 >= -4432 @ 2.80302
c bounds -602 >= -4432 @ 2.80774
c bounds -604 >= -4432 @ 2.81374
c bounds -606 >= -4432 @ 2.81832
c bounds -608 >= -4432 @ 2.82211
c bounds -610 >= -4432 @ 2.8267
c bounds -612 >= -4432 @ 2.83133
c bounds -612 >= -4427 @ 2.8342
c bounds -612 >= -4422 @ 2.83885
c bounds -614 >= -4422 @ 2.84522
c bounds -614 >= -4417 @ 2.84941
c bounds -616 >= -4417 @ 2.85371
c bounds -616 >= -4412 @ 2.86197
c bounds -618 >= -4412 @ 2.86765
c bounds -620 >= -4412 @ 2.87356
c bounds -620 >= -4407 @ 2.88049
c bounds -622 >= -4407 @ 2.886
c bounds -624 >= -4407 @ 2.89185
c bounds -624 >= -4402 @ 2.90313
c bounds -626 >= -4402 @ 2.91077
c bounds -628 >= -4402 @ 2.91661
c bounds -630 >= -4402 @ 2.92124
c bounds -632 >= -4402 @ 2.92712
c #Conflicts:      12000 | #Constraints:      19938
c bounds -632 >= -4397 @ 2.95367
c bounds -634 >= -4397 @ 2.95952
c bounds -636 >= -4397 @ 2.96534
c bounds -638 >= -4397 @ 2.97122
c bounds -640 >= -4397 @ 2.97636
c bounds -642 >= -4397 @ 2.98322
c bounds -644 >= -4397 @ 2.98837
c bounds -646 >= -4397 @ 2.99514
c bounds -648 >= -4397 @ 3.00018
c bounds -650 >= -4397 @ 3.005
c bounds -652 >= -4397 @ 3.0109
c bounds -654 >= -4397 @ 3.01375
c bounds -656 >= -4397 @ 3.01862
c bounds -658 >= -4397 @ 3.02169
c bounds -658 >= -4392 @ 3.03483
c bounds -660 >= -4392 @ 3.04165
c bounds -661 >= -4392 @ 3.0482
c bounds -662 >= -4392 @ 3.05313
c bounds -664 >= -4392 @ 3.06003
c bounds -666 >= -4392 @ 3.06525
c bounds -670 >= -4392 @ 3.07342
c bounds -670 >= -4387 @ 3.07634
c bounds -670 >= -4382 @ 3.08314
c bounds -674 >= -4382 @ 3.08919
c bounds -674 >= -4377 @ 3.09278
c bounds -678 >= -4377 @ 3.0996
c bounds -678 >= -4372 @ 3.10615
c bounds -678 >= -4367 @ 3.10861
c bounds -682 >= -4367 @ 3.11355
c bounds -682 >= -4362 @ 3.12455
c bounds -686 >= -4362 @ 3.13246
c bounds -690 >= -4362 @ 3.13872
c bounds -690 >= -4357 @ 3.14075
c bounds -694 >= -4357 @ 3.14639
c #Conflicts:      13000 | #Constraints:      21023
c bounds -694 >= -4352 @ 3.15847
c bounds -698 >= -4352 @ 3.16652
c bounds -702 >= -4352 @ 3.17181
c bounds -706 >= -4352 @ 3.17699
c bounds -706 >= -4347 @ 3.17981
c bounds -706 >= -4342 @ 3.19279
c bounds -710 >= -4342 @ 3.20164
c bounds -714 >= -4342 @ 3.20986
c bounds -718 >= -4342 @ 3.21594
c bounds -722 >= -4342 @ 3.22195
c bounds -726 >= -4342 @ 3.22697
c bounds -726 >= -4337 @ 3.27459
c bounds -730 >= -4337 @ 3.27979
c bounds -734 >= -4337 @ 3.28475
c bounds -738 >= -4337 @ 3.28985
c bounds -742 >= -4337 @ 3.29591
c bounds -746 >= -4337 @ 3.30203
c bounds -750 >= -4337 @ 3.30647
c bounds -754 >= -4337 @ 3.31497
c bounds -758 >= -4337 @ 3.32247
c bounds -762 >= -4337 @ 3.32954
c bounds -766 >= -4337 @ 3.33851
c bounds -770 >= -4337 @ 3.34543
c bounds -774 >= -4337 @ 3.35148
c bounds -778 >= -4337 @ 3.35755
c bounds -782 >= -4337 @ 3.36452
c bounds -786 >= -4337 @ 3.3704
c bounds -790 >= -4337 @ 3.37718
c bounds -794 >= -4337 @ 3.38315
c bounds -798 >= -4337 @ 3.38915
c bounds -802 >= -4337 @ 3.39409
c bounds -806 >= -4337 @ 3.39869
c bounds -810 >= -4337 @ 3.40365
c bounds -814 >= -4337 @ 3.4085
c bounds -818 >= -4337 @ 3.41318
c bounds -818 >= -4332 @ 3.41872
c bounds -818 >= -4327 @ 3.42187
c bounds -822 >= -4327 @ 3.42832
c bounds -822 >= -4322 @ 3.43065
c bounds -822 >= -4317 @ 3.43386
c bounds -826 >= -4317 @ 3.43948
c bounds -826 >= -4312 @ 3.44746
c bounds -830 >= -4312 @ 3.45607
c bounds -830 >= -4307 @ 3.45818
c #Conflicts:      14000 | #Constraints:      22132
c bounds -830 >= -4302 @ 3.46618
c bounds -834 >= -4302 @ 3.47295
c bounds -834 >= -4297 @ 3.47608
c bounds -838 >= -4297 @ 3.48223
c bounds -838 >= -4292 @ 3.48703
c bounds -838 >= -4287 @ 3.5053
c bounds -842 >= -4287 @ 3.512
c bounds -846 >= -4287 @ 3.51879
c bounds -850 >= -4287 @ 3.52375
c bounds -854 >= -4287 @ 3.53032
c bounds -858 >= -4287 @ 3.5352
c bounds -862 >= -4287 @ 3.54174
c bounds -862 >= -4282 @ 3.5493
c bounds -866 >= -4282 @ 3.55492
c bounds -866 >= -4277 @ 3.55864
c bounds -870 >= -4277 @ 3.56396
c bounds -870 >= -4272 @ 3.56913
c bounds -870 >= -4267 @ 3.57187
c bounds -874 >= -4267 @ 3.57758
c bounds -874 >= -4262 @ 3.5802
c bounds -874 >= -4257 @ 3.58415
c bounds -878 >= -4257 @ 3.59277
c bounds -878 >= -4252 @ 3.59857
c bounds -882 >= -4252 @ 3.60322
c bounds -886 >= -4252 @ 3.61015
c #Conflicts:      15000 | #Constraints:      23227
c bounds -886 >= -4247 @ 3.61835
c bounds -890 >= -4247 @ 3.623
c bounds -894 >= -4247 @ 3.62879
c bounds -894 >= -4242 @ 3.64319
c bounds -898 >= -4242 @ 3.64748
c bounds -902 >= -4242 @ 3.65513
c bounds -906 >= -4242 @ 3.66014
c bounds -910 >= -4242 @ 3.66476
c bounds -910 >= -4237 @ 3.66895
c bounds -914 >= -4237 @ 3.67647
c bounds -914 >= -4232 @ 3.68082
c bounds -918 >= -4232 @ 3.68895
c bounds -918 >= -4227 @ 3.69708
c bounds -922 >= -4227 @ 3.70476
c bounds -926 >= -4227 @ 3.71052
c bounds -926 >= -4222 @ 3.71471
c bounds -930 >= -4222 @ 3.72209
c bounds -930 >= -4217 @ 3.75632
c bounds -934 >= -4217 @ 3.76427
c bounds -938 >= -4217 @ 3.76919
c bounds -942 >= -4217 @ 3.77454
c bounds -946 >= -4217 @ 3.78054
c bounds -950 >= -4217 @ 3.78825
c bounds -954 >= -4217 @ 3.79419
c bounds -958 >= -4217 @ 3.79909
c bounds -962 >= -4217 @ 3.80483
c bounds -966 >= -4217 @ 3.80887
c bounds -970 >= -4217 @ 3.81518
c bounds -974 >= -4217 @ 3.8219
c #Conflicts:      16000 | #Constraints:      24303
c INPROCESSING
c GARBAGE COLLECT
c bounds -978 >= -4217 @ 3.87685
c bounds -982 >= -4217 @ 3.88391
c bounds -986 >= -4217 @ 3.8899
c bounds -990 >= -4217 @ 3.89387
c bounds -994 >= -4217 @ 3.89977
c bounds -998 >= -4217 @ 3.90551
c bounds -1002 >= -4217 @ 3.90942
c bounds -1006 >= -4217 @ 3.9161
c bounds -1010 >= -4217 @ 3.92097
c bounds -1014 >= -4217 @ 3.92571
c bounds -1018 >= -4217 @ 3.93341
c bounds -1022 >= -4217 @ 3.93833
c bounds -1026 >= -4217 @ 3.94311
c bounds -1030 >= -4217 @ 3.94947
c bounds -1034 >= -4217 @ 3.95284
c bounds -1035 >= -4217 @ 3.95558
c bounds -1036 >= -4217 @ 3.96025
c bounds -1037 >= -4217 @ 3.96391
c bounds -1041 >= -4217 @ 3.96792
c bounds -1042 >= -4217 @ 3.97262
c bounds -1042 >= -4213 @ 3.9742
c bounds -1042 >= -4205 @ 3.97559
c bounds -1042 >= -4197 @ 3.97704
c bounds -1042 >= -4189 @ 3.97946
c bounds -1042 >= -4181 @ 3.97999
c bounds -1042 >= -4177 @ 3.98258
c bounds -1042 >= -4173 @ 3.98452
c bounds -1042 >= -4169 @ 3.98739
c bounds -1042 >= -4161 @ 3.98933
c bounds -1042 >= -4157 @ 3.9903
c bounds -1042 >= -4149 @ 3.9919
c bounds -1042 >= -4141 @ 3.99474
c bounds -1043 >= -4141 @ 3.99755
c bounds -1043 >= -4133 @ 4.00032
c bounds -1043 >= -4129 @ 4.00093
c bounds -1043 >= -4121 @ 4.00154
c bounds -1043 >= -4117 @ 4.00429
c bounds -1043 >= -4113 @ 4.00628
c bounds -1043 >= -4105 @ 4.00792
c bounds -1043 >= -4101 @ 4.00891
c bounds -1043 >= -4097 @ 4.0109
c bounds -1043 >= -4089 @ 4.01129
c bounds -1043 >= -4081 @ 4.01325
c bounds -1043 >= -4073 @ 4.01586
c bounds -1043 >= -4069 @ 4.01788
c bounds -1043 >= -4065 @ 4.01911
c bounds -1044 >= -4065 @ 4.02468
c bounds -1044 >= -4061 @ 4.02655
c bounds -1044 >= -4057 @ 4.02784
c bounds -1044 >= -4053 @ 4.02921
c bounds -1044 >= -4049 @ 4.03081
c bounds -1044 >= -4041 @ 4.03282
c bounds -1044 >= -4033 @ 4.03561
c bounds -1044 >= -4025 @ 4.03681
c bounds -1044 >= -4021 @ 4.03831
c bounds -1044 >= -4017 @ 4.0402
c bounds -1044 >= -4009 @ 4.0408
c bounds -1044 >= -4005 @ 4.0408
c bounds -1044 >= -4001 @ 4.04348
c bounds -1045 >= -4001 @ 4.04831
c bounds -1045 >= -3993 @ 4.0492
c bounds -1045 >= -3989 @ 4.05117
c bounds -1045 >= -3981 @ 4.0518
c bounds -1045 >= -3977 @ 4.0542
c bounds -1045 >= -3973 @ 4.0571
c bounds -1045 >= -3969 @ 4.05887
c bounds -1045 >= -3965 @ 4.05974
c bounds -1045 >= -3957 @ 4.06145
c bounds -1045 >= -3949 @ 4.06324
c bounds -1045 >= -3941 @ 4.06603
c bounds -1045 >= -3933 @ 4.06672
c bounds -1045 >= -3929 @ 4.06755
c bounds -1046 >= -3929 @ 4.07316
c bounds -1046 >= -3925 @ 4.07412
c bounds -1046 >= -3921 @ 4.07684
c bounds -1046 >= -3917 @ 4.07859
c bounds -1046 >= -3909 @ 4.08068
c bounds -1046 >= -3901 @ 4.08218
c bounds -1046 >= -3897 @ 4.08489
c bounds -1046 >= -3893 @ 4.08764
c bounds -1046 >= -3889 @ 4.0904
c bounds -1046 >= -3881 @ 4.09216
c bounds -1046 >= -3877 @ 4.09304
c bounds -1046 >= -3873 @ 4.09468
c bounds -1046 >= -3869 @ 4.09664
c bounds -1047 >= -3869 @ 4.09929
c bounds -1047 >= -3861 @ 4.10102
c bounds -1047 >= -3857 @ 4.10202
c bounds -1047 >= -3853 @ 4.10358
c bounds -1047 >= -3845 @ 4.10461
c bounds -1047 >= -3841 @ 4.10515
c bounds -1047 >= -3833 @ 4.107
c bounds -1047 >= -3829 @ 4.10864
c bounds -1047 >= -3821 @ 4.10959
c bounds -1047 >= -3817 @ 4.11019
c bounds -1047 >= -3809 @ 4.11292
c bounds -1047 >= -3805 @ 4.11525
c bounds -1048 >= -3805 @ 4.11935
c bounds -1048 >= -3801 @ 4.12108
c bounds -1048 >= -3797 @ 4.1238
c bounds -1048 >= -3793 @ 4.12553
c bounds -1048 >= -3789 @ 4.12822
c bounds -1048 >= -3785 @ 4.13096
c bounds -1048 >= -3781 @ 4.13192
c bounds -1048 >= -3777 @ 4.13451
c bounds -1048 >= -3769 @ 4.13722
c bounds -1048 >= -3761 @ 4.13893
c bounds -1048 >= -3757 @ 4.1405
c bounds -1048 >= -3753 @ 4.14309
c bounds -1048 >= -3745 @ 4.14578
c bounds -1048 >= -3741 @ 4.14748
c bounds -1049 >= -3741 @ 4.15225
c bounds -1049 >= -3737 @ 4.15398
c bounds -1049 >= -3733 @ 4.15562
c bounds -1049 >= -3729 @ 4.15745
c bounds -1049 >= -3725 @ 4.15945
c bounds -1049 >= -3721 @ 4.15982
c bounds -1049 >= -3717 @ 4.16144
c bounds -1049 >= -3709 @ 4.1631
c bounds -1049 >= -3705 @ 4.1658
c bounds -1049 >= -3701 @ 4.16643
c bounds -1049 >= -3697 @ 4.16825
c bounds -1049 >= -3693 @ 4.16992
c bounds -1049 >= -3689 @ 4.17042
c bounds -1049 >= -3681 @ 4.17298
c bounds -1050 >= -3681 @ 4.17854
c bounds -1050 >= -3677 @ 4.17939
c bounds -1050 >= -3669 @ 4.18075
c bounds -1050 >= -3665 @ 4.18238
c bounds -1050 >= -3661 @ 4.18338
c bounds -1050 >= -3657 @ 4.18462
c bounds -1050 >= -3649 @ 4.18537
c bounds -1050 >= -3645 @ 4.18637
c bounds -1050 >= -3641 @ 4.1876
c bounds -1050 >= -3637 @ 4.18836
c bounds -1050 >= -3633 @ 4.18991
c bounds -1050 >= -3625 @ 4.19072
c bounds -1050 >= -3617 @ 4.19321
c bounds -1051 >= -3617 @ 4.19702
c bounds -1051 >= -3613 @ 4.19766
c bounds -1051 >= -3609 @ 4.20003
c bounds -1051 >= -3605 @ 4.20132
c bounds -1051 >= -3601 @ 4.20333
c bounds -1051 >= -3597 @ 4.20591
c bounds -1051 >= -3593 @ 4.20667
c bounds -1051 >= -3585 @ 4.2073
c bounds -1051 >= -3577 @ 4.20982
c bounds -1051 >= -3573 @ 4.21066
c bounds -1051 >= -3569 @ 4.21303
c bounds -1051 >= -3565 @ 4.21563
c bounds -1051 >= -3561 @ 4.21628
c bounds -1051 >= -3557 @ 4.21881
c bounds -1051 >= -3553 @ 4.21964
c bounds -1052 >= -3553 @ 4.22506
c bounds -1052 >= -3549 @ 4.22525
c bounds -1052 >= -3545 @ 4.22632
c bounds -1052 >= -3541 @ 4.22724
c bounds -1052 >= -3537 @ 4.2286
c bounds -1052 >= -3533 @ 4.23106
c bounds -1052 >= -3529 @ 4.23269
c bounds -1052 >= -3521 @ 4.23429
c bounds -1052 >= -3517 @ 4.23566
c bounds -1052 >= -3513 @ 4.23824
c bounds -1052 >= -3509 @ 4.23981
c bounds -1052 >= -3505 @ 4.24057
c bounds -1052 >= -3501 @ 4.2412
c bounds -1052 >= -3497 @ 4.24269
c bounds -1052 >= -3493 @ 4.24355
c bounds -1053 >= -3493 @ 4.24805
c bounds -1053 >= -3485 @ 4.24917
c bounds -1053 >= -3481 @ 4.25032
c bounds -1053 >= -3477 @ 4.25289
c bounds -1053 >= -3473 @ 4.25352
c bounds -1053 >= -3469 @ 4.25416
c bounds -1053 >= -3465 @ 4.25565
c bounds -1053 >= -3461 @ 4.25725
c bounds -1053 >= -3453 @ 4.25914
c bounds -1053 >= -3449 @ 4.26023
c bounds -1053 >= -3441 @ 4.26282
c bounds -1053 >= -3437 @ 4.26538
c bounds -1053 >= -3433 @ 4.26612
c bounds -1053 >= -3429 @ 4.26857
c bounds -1054 >= -3429 @ 4.27319
c bounds -1054 >= -3425 @ 4.27487
c bounds -1054 >= -3421 @ 4.27749
c bounds -1054 >= -3417 @ 4.27916
c bounds -1054 >= -3413 @ 4.2808
c bounds -1054 >= -3409 @ 4.28246
c bounds -1054 >= -3405 @ 4.28415
c bounds -1054 >= -3401 @ 4.28584
c bounds -1054 >= -3397 @ 4.28607
c bounds -1054 >= -3393 @ 4.28731
c bounds -1054 >= -3389 @ 4.2884
c bounds -1054 >= -3385 @ 4.2899
c bounds -1054 >= -3381 @ 4.29205
c bounds -1055 >= -3381 @ 4.29635
c bounds -1055 >= -3377 @ 4.2992
c bounds -1055 >= -3373 @ 4.30102
c bounds -1055 >= -3369 @ 4.30384
c bounds -1055 >= -3365 @ 4.306
c bounds -1055 >= -3361 @ 4.307
c bounds -1055 >= -3357 @ 4.30835
c bounds -1055 >= -3353 @ 4.30936
c bounds -1055 >= -3349 @ 4.31222
c bounds -1055 >= -3345 @ 4.31516
c bounds -1055 >= -3341 @ 4.31634
c bounds -1055 >= -3337 @ 4.31807
c bounds -1055 >= -3333 @ 4.32029
c bounds -1056 >= -3333 @ 4.32473
c bounds -1056 >= -3329 @ 4.3257
c bounds -1056 >= -3325 @ 4.32874
c bounds -1056 >= -3321 @ 4.33074
c bounds -1056 >= -3317 @ 4.33193
c bounds -1056 >= -3313 @ 4.33292
c bounds -1056 >= -3309 @ 4.33495
c bounds -1056 >= -3305 @ 4.33711
c bounds -1056 >= -3301 @ 4.34029
c bounds -1056 >= -3297 @ 4.34146
c bounds -1056 >= -3293 @ 4.34366
c bounds -1057 >= -3293 @ 4.34933
c bounds -1057 >= -3289 @ 4.35165
c bounds -1057 >= -3285 @ 4.35219
c bounds -1057 >= -3281 @ 4.35422
c bounds -1057 >= -3277 @ 4.35684
c bounds -1057 >= -3273 @ 4.35884
c bounds -1057 >= -3269 @ 4.3602
c bounds -1057 >= -3265 @ 4.36323
c bounds -1057 >= -3261 @ 4.36482
c bounds -1057 >= -3257 @ 4.36684
c bounds -1061 >= -3257 @ 4.37103
c bounds -1061 >= -3253 @ 4.37332
c bounds -1061 >= -3249 @ 4.37663
c bounds -1061 >= -3245 @ 4.37997
c bounds -1061 >= -3241 @ 4.38077
c bounds -1061 >= -3237 @ 4.38275
c bounds -1061 >= -3233 @ 4.38514
c bounds -1061 >= -3229 @ 4.38659
c bounds -1061 >= -3225 @ 4.38897
c bounds -1061 >= -3221 @ 4.39074
c bounds -1061 >= -3217 @ 4.39207
c bounds -1065 >= -3217 @ 4.39812
c bounds -1065 >= -3213 @ 4.39972
c bounds -1065 >= -3209 @ 4.40108
c bounds -1065 >= -3205 @ 4.40271
c bounds -1065 >= -3201 @ 4.40395
c bounds -1065 >= -3197 @ 4.4057
c bounds -1065 >= -3193 @ 4.40701
c bounds -1065 >= -3189 @ 4.40954
c bounds -1065 >= -3185 @ 4.41017
c bounds -1065 >= -3181 @ 4.41363
c bounds -1065 >= -3177 @ 4.41619
c bounds -1069 >= -3177 @ 4.4223
c bounds -1069 >= -3173 @ 4.426
c bounds -1069 >= -3169 @ 4.42664
c bounds -1069 >= -3165 @ 4.42863
c bounds -1069 >= -3161 @ 4.43087
c bounds -1069 >= -3157 @ 4.43262
c bounds -1069 >= -3153 @ 4.43362
c bounds -1069 >= -3149 @ 4.43398
c bounds -1069 >= -3145 @ 4.43567
c bounds -1069 >= -3141 @ 4.43944
c bounds -1070 >= -3141 @ 4.44327
c bounds -1070 >= -3137 @ 4.44511
c bounds -1070 >= -3133 @ 4.44694
c bounds -1070 >= -3129 @ 4.44855
c bounds -1070 >= -3125 @ 4.45035
c bounds -1070 >= -3121 @ 4.45321
c bounds -1070 >= -3117 @ 4.45603
c bounds -1070 >= -3113 @ 4.45791
c bounds -1070 >= -3109 @ 4.45991
c bounds -1070 >= -3105 @ 4.46157
c bounds -1074 >= -3105 @ 4.46785
c bounds -1074 >= -3101 @ 4.4707
c bounds -1074 >= -3097 @ 4.47251
c bounds -1074 >= -3093 @ 4.47533
c bounds -1074 >= -3089 @ 4.47749
c bounds -1074 >= -3085 @ 4.47897
c bounds -1074 >= -3081 @ 4.48281
c bounds -1074 >= -3077 @ 4.48592
c bounds -1074 >= -3073 @ 4.48925
c bounds -1078 >= -3073 @ 4.49552
c bounds -1078 >= -3069 @ 4.49974
c bounds -1082 >= -3069 @ 4.50661
c bounds -1082 >= -3065 @ 4.51395
c bounds -1083 >= -3065 @ 4.51878
c bounds -1083 >= -3061 @ 4.52809
c bounds -1084 >= -3061 @ 4.53391
c bounds -1088 >= -3061 @ 4.53926
c bounds -1092 >= -3061 @ 4.54561
c bounds -1096 >= -3061 @ 4.54991
c bounds -1096 >= -3057 @ 4.56135
c bounds -1097 >= -3057 @ 4.56728
c bounds -1101 >= -3057 @ 4.5717
c bounds -1105 >= -3057 @ 4.57508
c bounds -1105 >= -3053 @ 4.58527
c bounds -1106 >= -3053 @ 4.58938
c bounds -1110 >= -3053 @ 4.59361
c bounds -1114 >= -3053 @ 4.59801
c bounds -1114 >= -3049 @ 4.60081
c bounds -1118 >= -3049 @ 4.60678
c bounds -1118 >= -3045 @ 4.61206
c bounds -1122 >= -3045 @ 4.61645
c bounds -1122 >= -3041 @ 4.61951
c bounds -1126 >= -3041 @ 4.62669
c bounds -1126 >= -3037 @ 4.63415
c bounds -1127 >= -3037 @ 4.63922
c bounds -1128 >= -3037 @ 4.64328
c bounds -1128 >= -3033 @ 4.64772
c bounds -1132 >= -3033 @ 4.65176
c #Conflicts:      17000 | #Constraints:      20874
c bounds -1132 >= -3029 @ 4.65972
c bounds -1136 >= -3029 @ 4.66502
c bounds -1140 >= -3029 @ 4.67068
c bounds -1141 >= -3029 @ 4.67464
c bounds -1141 >= -3025 @ 4.67878
c bounds -1142 >= -3025 @ 4.68367
c bounds -1142 >= -3021 @ 4.68886
c bounds -1146 >= -3021 @ 4.6932
c bounds -1146 >= -3017 @ 4.69584
c bounds -1150 >= -3017 @ 4.70302
c bounds -1150 >= -3013 @ 4.70468
c bounds -1150 >= -3009 @ 4.708
c bounds -1150 >= -3005 @ 4.71157
c bounds -1154 >= -3005 @ 4.71723
c bounds -1154 >= -3001 @ 4.72425
c bounds -1155 >= -3001 @ 4.7292
c bounds -1155 >= -2997 @ 4.73295
c bounds -1155 >= -2993 @ 4.73721
c bounds -1155 >= -2989 @ 4.74341
c bounds -1159 >= -2989 @ 4.74808
c bounds -1163 >= -2989 @ 4.7527
c bounds -1163 >= -2985 @ 4.75758
c bounds -1163 >= -2981 @ 4.76672
c bounds -1164 >= -2981 @ 4.77299
c bounds -1165 >= -2981 @ 4.77742
c bounds -1165 >= -2977 @ 4.77822
c bounds -1165 >= -2973 @ 4.78205
c bounds -1166 >= -2973 @ 4.78722
c bounds -1166 >= -2969 @ 4.79038
c bounds -1166 >= -2965 @ 4.79338
c bounds -1166 >= -2961 @ 4.79613
c bounds -1166 >= -2957 @ 4.79994
c bounds -1170 >= -2957 @ 4.80604
c bounds -1170 >= -2953 @ 4.81337
c bounds -1174 >= -2953 @ 4.82004
c bounds -1174 >= -2949 @ 4.82646
c bounds -1178 >= -2949 @ 4.83325
c bounds -1178 >= -2945 @ 4.84444
c bounds -1179 >= -2945 @ 4.85086
c bounds -1183 >= -2945 @ 4.85677
c bounds -1184 >= -2945 @ 4.86024
c bounds -1184 >= -2941 @ 4.87534
c bounds -1188 >= -2941 @ 4.88349
c bounds -1189 >= -2941 @ 4.88708
c bounds -1193 >= -2941 @ 4.89401
c bounds -1194 >= -2941 @ 4.89767
c #Conflicts:      18000 | #Constraints:      22146
c bounds -1194 >= -2937 @ 4.92396
c bounds -1198 >= -2937 @ 4.9323
c bounds -1202 >= -2937 @ 4.93691
c bounds -1206 >= -2937 @ 4.94258
c bounds -1207 >= -2937 @ 4.9461
c bounds -1208 >= -2937 @ 4.95169
c bounds -1212 >= -2937 @ 4.95766
c bounds -1213 >= -2937 @ 4.96317
c bounds -1217 >= -2937 @ 4.96933
c bounds -1221 >= -2937 @ 4.97513
c bounds -1222 >= -2937 @ 4.9798
c bounds -1223 >= -2937 @ 4.98325
c bounds -1223 >= -2933 @ 5.05176
c bounds -1227 >= -2933 @ 5.05812
c bounds -1231 >= -2933 @ 5.06316
c bounds -1235 >= -2933 @ 5.06821
c bounds -1239 >= -2933 @ 5.07236
c bounds -1240 >= -2933 @ 5.07711
c bounds -1241 >= -2933 @ 5.08079
c bounds -1245 >= -2933 @ 5.08578
c bounds -1249 >= -2933 @ 5.09107
c bounds -1250 >= -2933 @ 5.09576
c bounds -1254 >= -2933 @ 5.10283
c bounds -1255 >= -2933 @ 5.10844
c bounds -1259 >= -2933 @ 5.11467
c bounds -1260 >= -2933 @ 5.11935
c bounds -1261 >= -2933 @ 5.12401
c bounds -1262 >= -2933 @ 5.12857
c bounds -1263 >= -2933 @ 5.13239
c bounds -1264 >= -2933 @ 5.1379
c bounds -1265 >= -2933 @ 5.14065
c bounds -1266 >= -2933 @ 5.14436
c bounds -1267 >= -2933 @ 5.14995
c bounds -1268 >= -2933 @ 5.1555
c bounds -1269 >= -2933 @ 5.16124
c bounds -1270 >= -2933 @ 5.16592
c bounds -1271 >= -2933 @ 5.16911
c bounds -1273 >= -2933 @ 5.17289
c bounds -1274 >= -2933 @ 5.17667
c bounds -1275 >= -2933 @ 5.18018
c bounds -1277 >= -2933 @ 5.18417
c bounds -1279 >= -2933 @ 5.18797
c bounds -1281 >= -2933 @ 5.19386
c bounds -1285 >= -2933 @ 5.20097
c bounds -1285 >= -2929 @ 5.24465
c bounds -1286 >= -2929 @ 5.24862
c bounds -1287 >= -2929 @ 5.25103
c bounds -1288 >= -2929 @ 5.25455
c bounds -1290 >= -2929 @ 5.25946
c bounds -1292 >= -2929 @ 5.26442
c bounds -1296 >= -2929 @ 5.27012
c bounds -1297 >= -2929 @ 5.27561
c bounds -1301 >= -2929 @ 5.28053
c bounds -1302 >= -2929 @ 5.28597
c bounds -1306 >= -2929 @ 5.29284
c bounds -1310 >= -2929 @ 5.29684
c bounds -1314 >= -2929 @ 5.30078
c bounds -1318 >= -2929 @ 5.30471
c bounds -1319 >= -2929 @ 5.30905
c bounds -1320 >= -2929 @ 5.31367
c bounds -1321 >= -2929 @ 5.31788
c bounds -1325 >= -2929 @ 5.32469
c bounds -1329 >= -2929 @ 5.32865
c bounds -1330 >= -2929 @ 5.33291
c bounds -1331 >= -2929 @ 5.3383
c bounds -1335 >= -2929 @ 5.34529
c bounds -1339 >= -2929 @ 5.3511
c bounds -1343 >= -2929 @ 5.35609
c bounds -1347 >= -2929 @ 5.36008
c #Conflicts:      19000 | #Constraints:      23272
c bounds -1347 >= -2925 @ 5.43146
c bounds -1348 >= -2925 @ 5.43744
c bounds -1352 >= -2925 @ 5.4443
c bounds -1354 >= -2925 @ 5.44709
c bounds -1358 >= -2925 @ 5.45195
c bounds -1359 >= -2925 @ 5.45658
c bounds -1363 >= -2925 @ 5.46141
c bounds -1365 >= -2925 @ 5.46622
c bounds -1366 >= -2925 @ 5.47078
c bounds -1368 >= -2925 @ 5.47553
c bounds -1372 >= -2925 @ 5.48145
c bounds -1376 >= -2925 @ 5.48743
c bounds -1380 >= -2925 @ 5.49341
c bounds -1381 >= -2925 @ 5.49786
c bounds -1382 >= -2925 @ 5.50126
c bounds -1384 >= -2925 @ 5.50423
c bounds -1388 >= -2925 @ 5.50811
c bounds -1389 >= -2925 @ 5.51347
c bounds -1393 >= -2925 @ 5.51836
c bounds -1397 >= -2925 @ 5.52336
c bounds -1401 >= -2925 @ 5.5292
c bounds -1402 >= -2925 @ 5.53374
c bounds -1406 >= -2925 @ 5.53858
c bounds -1410 >= -2925 @ 5.54554
c bounds -1411 >= -2925 @ 5.54992
c bounds -1412 >= -2925 @ 5.5543
c bounds -1413 >= -2925 @ 5.55861
c bounds -1417 >= -2925 @ 5.56245
c bounds -1421 >= -2925 @ 5.56835
c bounds -1422 >= -2925 @ 5.5739
c bounds -1426 >= -2925 @ 5.57977
c bounds -1427 >= -2925 @ 5.58277
c bounds -1431 >= -2925 @ 5.5895
c bounds -1435 >= -2925 @ 5.59541
c bounds -1439 >= -2925 @ 5.62312
c bounds -1443 >= -2925 @ 5.64724
c bounds -1443 >= -2921 @ 5.64946
c bounds -1443 >= -2917 @ 5.65375
c bounds -1443 >= -2913 @ 5.66457
c bounds -1447 >= -2913 @ 5.67685
c bounds -1451 >= -2913 @ 5.68971
c bounds -1451 >= -2909 @ 5.6953
c #Conflicts:      20000 | #Constraints:      24367
c bounds -1451 >= -2905 @ 5.96513
c bounds -1455 >= -2905 @ 5.97587
c bounds -1459 >= -2905 @ 5.98402
c bounds -1463 >= -2905 @ 5.98869
c bounds -1467 >= -2905 @ 5.99501
c bounds -1471 >= -2905 @ 6.00329
c bounds -1475 >= -2905 @ 6.01635
c bounds -1479 >= -2905 @ 6.02712
c bounds -1483 >= -2905 @ 6.209
c bounds -1487 >= -2905 @ 6.22558
c bounds -1491 >= -2905 @ 6.52634
c bounds -1491 >= -2901 @ 6.53069
c bounds -1491 >= -2897 @ 6.53367
c bounds -1491 >= -2893 @ 6.53639
c bounds -1491 >= -2889 @ 6.5407
c bounds -1491 >= -2885 @ 6.54301
c bounds -1491 >= -2881 @ 6.54404
c bounds -1491 >= -2877 @ 6.54783
c bounds -1491 >= -2873 @ 6.55251
c bounds -1491 >= -2869 @ 6.56003
c bounds -1491 >= -2865 @ 6.58075
c bounds -1491 >= -2861 @ 6.59708
c #Conflicts:      21000 | #Constraints:      25500
c bounds -1491 >= -2857 @ 6.64081
c bounds -1491 >= -2853 @ 6.71837
c bounds -1491 >= -2849 @ 6.71973
c bounds -1491 >= -2845 @ 6.74526
c bounds -1491 >= -2841 @ 6.74706
c bounds -1491 >= -2837 @ 6.75309
c bounds -1491 >= -2833 @ 6.75428
c bounds -1491 >= -2829 @ 6.76016
c #Conflicts:      22000 | #Constraints:      26599
c bounds -1491 >= -2825 @ 6.78786
c bounds -1491 >= -2821 @ 6.79598
c bounds -1495 >= -2821 @ 6.84309
c bounds -1495 >= -2817 @ 6.86229
c bounds -1495 >= -2813 @ 6.8647
c bounds -1495 >= -2809 @ 6.86925
c bounds -1495 >= -2805 @ 6.87347
c bounds -1495 >= -2801 @ 6.87671
c bounds -1495 >= -2797 @ 6.88258
c bounds -1495 >= -2793 @ 6.91766
c #Conflicts:      23000 | #Constraints:      27700
c bounds -1495 >= -2789 @ 7.00035
c bounds -1499 >= -2789 @ 7.01839
c bounds -1503 >= -2789 @ 7.02873
c bounds -1504 >= -2789 @ 7.13525
c bounds -1504 >= -2785 @ 7.13775
c bounds -1504 >= -2781 @ 7.14125
c bounds -1504 >= -2777 @ 7.14536
c bounds -1504 >= -2773 @ 7.15253
c bounds -1504 >= -2769 @ 7.1551
c bounds -1504 >= -2765 @ 7.1592
c bounds -1504 >= -2761 @ 7.16795
c bounds -1504 >= -2757 @ 7.18128
c bounds -1504 >= -2753 @ 7.18367
c bounds -1504 >= -2749 @ 7.19145
c bounds -1504 >= -2745 @ 7.19522
c bounds -1504 >= -2741 @ 7.20078
c bounds -1504 >= -2737 @ 7.20608
c bounds -1504 >= -2733 @ 7.21902
c #Conflicts:      24000 | #Constraints:      28859
c bounds -1504 >= -2729 @ 7.24746
c bounds -1505 >= -2729 @ 7.3991
c bounds -1505 >= -2725 @ 7.40375
c bounds -1505 >= -2721 @ 7.40895
c bounds -1505 >= -2717 @ 7.41211
c bounds -1505 >= -2713 @ 7.42195
c bounds -1505 >= -2709 @ 7.43276
c bounds -1505 >= -2705 @ 7.4389
c bounds -1505 >= -2701 @ 7.45035
c bounds -1505 >= -2697 @ 7.45771
c bounds -1505 >= -2693 @ 7.46291
c bounds -1505 >= -2689 @ 7.47214
c bounds -1505 >= -2685 @ 7.48771
c #Conflicts:      25000 | #Constraints:      30019
c bounds -1505 >= -2681 @ 7.5663
c bounds -1506 >= -2681 @ 7.62895
c bounds -1506 >= -2677 @ 7.63925
c INPROCESSING
c GARBAGE COLLECT
c #Conflicts:      26000 | #Constraints:      23064
c bounds -1506 >= -2673 @ 7.98283
c bounds -1507 >= -2673 @ 8.00535
c #Conflicts:      27000 | #Constraints:      24098
c bounds -1511 >= -2673 @ 8.18677
c bounds -1515 >= -2673 @ 8.33216
c bounds -1519 >= -2673 @ 8.9334
c bounds -1519 >= -2669 @ 8.93803
c bounds -1519 >= -2665 @ 8.94181
c bounds -1519 >= -2661 @ 8.94745
c bounds -1519 >= -2657 @ 8.95173
c bounds -1519 >= -2653 @ 8.95931
c bounds -1519 >= -2649 @ 8.971
c bounds -1519 >= -2645 @ 8.97267
c bounds -1519 >= -2641 @ 8.98088
c bounds -1519 >= -2637 @ 8.98654
c bounds -1519 >= -2633 @ 8.99152
c bounds -1519 >= -2629 @ 8.99715
c bounds -1519 >= -2625 @ 9.00582
c bounds -1519 >= -2621 @ 9.01653
c #Conflicts:      28000 | #Constraints:      25209
c bounds -1519 >= -2617 @ 9.05366
c bounds -1519 >= -2613 @ 9.06941
c bounds -1519 >= -2609 @ 9.10467
c bounds -1519 >= -2605 @ 9.14104
c bounds -1519 >= -2601 @ 9.15994
c bounds -1519 >= -2597 @ 9.16685
c #Conflicts:      29000 | #Constraints:      26263
c #Conflicts:      30000 | #Constraints:      27263
c bounds -1519 >= -2593 @ 9.84067
c bounds -1521 >= -2593 @ 9.92388
c bounds -1525 >= -2593 @ 10.4734
c bounds -1525 >= -2589 @ 10.5615
c #Conflicts:      31000 | #Constraints:      28307
c bounds -1525 >= -2585 @ 10.5964
c bounds -1525 >= -2581 @ 10.6081
c bounds -1525 >= -2577 @ 10.6208
c bounds -1525 >= -2573 @ 10.6277
c #Conflicts:      32000 | #Constraints:      29347
c #Conflicts:      33000 | #Constraints:      30347
c bounds -1525 >= -2569 @ 11.6203
c bounds -1529 >= -2569 @ 11.6611
c bounds -1533 >= -2569 @ 12.2384
c bounds -1533 >= -2565 @ 12.2425
c #Conflicts:      34000 | #Constraints:      31412
c #Conflicts:      35000 | #Constraints:      32412
c #Conflicts:      36000 | #Constraints:      33412
c INPROCESSING
c GARBAGE COLLECT
c bounds -1534 >= -2565 @ 14.8102
c #Conflicts:      37000 | #Constraints:      25082
c #Conflicts:      38000 | #Constraints:      26082
c #Conflicts:      39000 | #Constraints:      27082
c bounds -1535 >= -2565 @ 19.3384
c bounds -1535 >= -2561 @ 19.5768
c #Conflicts:      40000 | #Constraints:      28116
c #Conflicts:      41000 | #Constraints:      29116
c #Conflicts:      42000 | #Constraints:      30116
c bounds -1535 >= -2557 @ 21.3137
c #Conflicts:      43000 | #Constraints:      31137
c #Conflicts:      44000 | #Constraints:      32137
c #Conflicts:      45000 | #Constraints:      33137
c #Conflicts:      46000 | #Constraints:      34137
c bounds -1535 >= -2553 @ 24.3169
c bounds -1539 >= -2553 @ 24.3742
c bounds -1543 >= -2553 @ 24.5091
c bounds -1545 >= -2553 @ 26.3368
c #Conflicts:      47000 | #Constraints:      35164
c bounds -1545 >= -2549 @ 27.9161
c #Conflicts:      48000 | #Constraints:      36275
c bounds -1545 >= -2545 @ 30.5941
c #Conflicts:      49000 | #Constraints:      37344
c bounds -1545 >= -2541 @ 32.8261
c bounds -1549 >= -2541 @ 33.2824
c INPROCESSING
c GARBAGE COLLECT
c bounds -1553 >= -2541 @ 33.9228
c bounds -1554 >= -2541 @ 34.0298
c #Conflicts:      50000 | #Constraints:      27172
c bounds -1554 >= -2537 @ 34.1274
c bounds -1555 >= -2537 @ 34.1449
c bounds -1555 >= -2533 @ 34.2108
c bounds -1557 >= -2533 @ 34.2262
c bounds -1559 >= -2533 @ 34.2786
c #Conflicts:      51000 | #Constraints:      28208
c #Conflicts:      52000 | #Constraints:      29208
c bounds -1559 >= -2529 @ 34.6252
c bounds -1563 >= -2529 @ 34.7462
c bounds -1567 >= -2529 @ 34.9465
c #Conflicts:      53000 | #Constraints:      30255
c #Conflicts:      54000 | #Constraints:      31255
c #Conflicts:      55000 | #Constraints:      32255
c #Conflicts:      56000 | #Constraints:      33255
c bounds -1567 >= -2526 @ 37.9272
c bounds -1568 >= -2526 @ 38.1009
c #Conflicts:      57000 | #Constraints:      34259
c bounds -1572 >= -2526 @ 39.9113
c bounds -1573 >= -2526 @ 43.1052
c #Conflicts:      58000 | #Constraints:      35261
c #Conflicts:      59000 | #Constraints:      36261
c #Conflicts:      60000 | #Constraints:      37261
c bounds -1573 >= -2523 @ 47.0203
c bounds -1574 >= -2523 @ 47.2745
c bounds -1574 >= -2519 @ 47.3071
c #Conflicts:      61000 | #Constraints:      38277
c #Conflicts:      62000 | #Constraints:      39277
c #Conflicts:      63000 | #Constraints:      40277
c bounds -1574 >= -2516 @ 52.1513
c #Conflicts:      64000 | #Constraints:      41286
c bounds -1575 >= -2516 @ 63.2676
c INPROCESSING
c GARBAGE COLLECT
c #Conflicts:      65000 | #Constraints:      29116
c #Conflicts:      66000 | #Constraints:      30116
c #Conflicts:      67000 | #Constraints:      31116
c bounds -1575 >= -2513 @ 67.0454
c #Conflicts:      68000 | #Constraints:      32125
c #Conflicts:      69000 | #Constraints:      33125
c bounds -1575 >= -2510 @ 68.3603
c #Conflicts:      70000 | #Constraints:      34140
c #Conflicts:      71000 | #Constraints:      35140
c bounds -1575 >= -2507 @ 69.5075
c #Conflicts:      72000 | #Constraints:      36152
c bounds -1575 >= -2504 @ 72.3922
c #Conflicts:      73000 | #Constraints:      37167
c #Conflicts:      74000 | #Constraints:      38167
c #Conflicts:      75000 | #Constraints:      39167
c bounds -1575 >= -2501 @ 77.701
c #Conflicts:      76000 | #Constraints:      40188
c #Conflicts:      77000 | #Constraints:      41188
c bounds -1575 >= -2498 @ 82.858
c bounds -1576 >= -2498 @ 83.0181
c #Conflicts:      78000 | #Constraints:      42213
c #Conflicts:      79000 | #Constraints:      43213
c #Conflicts:      80000 | #Constraints:      44213
c #Conflicts:      81000 | #Constraints:      45213
c INPROCESSING
c GARBAGE COLLECT
c #Conflicts:      82000 | #Constraints:      31099
c #Conflicts:      83000 | #Constraints:      32099
c bounds -1576 >= -2495 @ 116.986
c #Conflicts:      84000 | #Constraints:      33126
c #Conflicts:      85000 | #Constraints:      34126
c bounds -1576 >= -2492 @ 120.884
c #Conflicts:      86000 | #Constraints:      35150
c #Conflicts:      87000 | #Constraints:      36150
c bounds -1576 >= -2489 @ 127.361
c #Conflicts:      88000 | #Constraints:      37177
c bounds -1576 >= -2486 @ 133.234
c #Conflicts:      89000 | #Constraints:      38204
c #Conflicts:      90000 | #Constraints:      39204
c #Conflicts:      91000 | #Constraints:      40204
c bounds -1576 >= -2483 @ 143.55
c #Conflicts:      92000 | #Constraints:      41231
c #Conflicts:      93000 | #Constraints:      42231
c #Conflicts:      94000 | #Constraints:      43231
c bounds -1576 >= -2480 @ 153.059
c #Conflicts:      95000 | #Constraints:      44267
c #Conflicts:      96000 | #Constraints:      45267
c #Conflicts:      97000 | #Constraints:      46267
c #Conflicts:      98000 | #Constraints:      47267
c bounds -1576 >= -2477 @ 170.701
c #Conflicts:      99000 | #Constraints:      48294
c #Conflicts:     100000 | #Constraints:      49294
c #Conflicts:     101000 | #Constraints:      50294
c INPROCESSING
c GARBAGE COLLECT
c #Conflicts:     102000 | #Constraints:      34159
c #Conflicts:     103000 | #Constraints:      35159
c #Conflicts:     104000 | #Constraints:      36159
c bounds -1576 >= -2474 @ 198.198
c #Conflicts:     105000 | #Constraints:      37198
c #Conflicts:     106000 | #Constraints:      38198
c #Conflicts:     107000 | #Constraints:      39198
c #Conflicts:     108000 | #Constraints:      40198
c #Conflicts:     109000 | #Constraints:      41198
c #Conflicts:     110000 | #Constraints:      42198
c #Conflicts:     111000 | #Constraints:      43198
c #Conflicts:     112000 | #Constraints:      44198
c #Conflicts:     113000 | #Constraints:      45198
c #Conflicts:     114000 | #Constraints:      46198
c bounds -1576 >= -2471 @ 238.085
c #Conflicts:     115000 | #Constraints:      47237
c #Conflicts:     116000 | #Constraints:      48237
c #Conflicts:     117000 | #Constraints:      49237
c #Conflicts:     118000 | #Constraints:      50237
c #Conflicts:     119000 | #Constraints:      51237
c #Conflicts:     120000 | #Constraints:      52237
c #Conflicts:     121000 | #Constraints:      53237
c #Conflicts:     122000 | #Constraints:      54237
c INPROCESSING
c GARBAGE COLLECT
c #Conflicts:     123000 | #Constraints:      36150
c bounds -1577 >= -2471 @ 284.406
c bounds -1578 >= -2471 @ 284.457
c bounds -1580 >= -2471 @ 285.686
c #Conflicts:     124000 | #Constraints:      37153
c #Conflicts:     125000 | #Constraints:      38153
c #Conflicts:     126000 | #Constraints:      39153
c #Conflicts:     127000 | #Constraints:      40153
c #Conflicts:     128000 | #Constraints:      41153
c bounds -1581 >= -2471 @ 359.416
c bounds -1581 >= -2469 @ 359.487
c bounds -1581 >= -2467 @ 361.996
c bounds -1581 >= -2465 @ 364.264
c bounds -1581 >= -2463 @ 366.988
c bounds -1581 >= -2461 @ 369.69
c bounds -1581 >= -2459 @ 373.193
c #Conflicts:     129000 | #Constraints:      42283
c bounds -1581 >= -2457 @ 378.252
c bounds -1581 >= -2455 @ 386.784
c #Conflicts:     130000 | #Constraints:      43343
c bounds -1581 >= -2453 @ 397.645
c #Conflicts:     131000 | #Constraints:      44376
c bounds -1581 >= -2451 @ 412.925
c #Conflicts:     132000 | #Constraints:      45400
c bounds -1581 >= -2449 @ 422.377
c #Conflicts:     133000 | #Constraints:      46427
c bounds -1581 >= -2447 @ 434.959
c #Conflicts:     134000 | #Constraints:      47460
c #Conflicts:     135000 | #Constraints:      48460
c bounds -1581 >= -2445 @ 465.429
c bounds -1581 >= -2443 @ 467.256
c #Conflicts:     136000 | #Constraints:      49508
c #Conflicts:     137000 | #Constraints:      50508
c #Conflicts:     138000 | #Constraints:      51508
c #Conflicts:     139000 | #Constraints:      52508
c bounds -1581 >= -2441 @ 529.553
c bounds -1582 >= -2441 @ 530.477
c bounds -1584 >= -2441 @ 531.35
c #Conflicts:     140000 | #Constraints:      53555
c bounds -1586 >= -2441 @ 534.518
c bounds -1588 >= -2441 @ 534.927
c bounds -1590 >= -2441 @ 540.187
c #Conflicts:     141000 | #Constraints:      54558
c #Conflicts:     142000 | #Constraints:      55558
c #Conflicts:     143000 | #Constraints:      56558
c #Conflicts:     144000 | #Constraints:      57558
c #Conflicts:     145000 | #Constraints:      58558
c INPROCESSING
c GARBAGE COLLECT
c bounds -1590 >= -2439 @ 645.434
c bounds -1590 >= -2437 @ 645.44
c bounds -1590 >= -2435 @ 645.441
c #Conflicts:     146000 | #Constraints:      38492
c #Conflicts:     147000 | #Constraints:      39492
c #Conflicts:     148000 | #Constraints:      40492
c #Conflicts:     149000 | #Constraints:      41492
c #Conflicts:     150000 | #Constraints:      42492
c #Conflicts:     151000 | #Constraints:      43492
c #Conflicts:     152000 | #Constraints:      44492
c bounds -1590 >= -2433 @ 680.105
c #Conflicts:     153000 | #Constraints:      45543
c #Conflicts:     154000 | #Constraints:      46543
c #Conflicts:     155000 | #Constraints:      47543
c #Conflicts:     156000 | #Constraints:      48543
c #Conflicts:     157000 | #Constraints:      49543
c #Conflicts:     158000 | #Constraints:      50543
c bounds -1590 >= -2431 @ 731.744
c #Conflicts:     159000 | #Constraints:      51588
c #Conflicts:     160000 | #Constraints:      52588
c #Conflicts:     161000 | #Constraints:      53588
c #Conflicts:     162000 | #Constraints:      54588
c #Conflicts:     163000 | #Constraints:      55588
c bounds -1590 >= -2429 @ 783.271
c #Conflicts:     164000 | #Constraints:      56621
c #Conflicts:     165000 | #Constraints:      57621
c #Conflicts:     166000 | #Constraints:      58621
c #Conflicts:     167000 | #Constraints:      59621
c #Conflicts:     168000 | #Constraints:      60621
c #Conflicts:     169000 | #Constraints:      61621
c bounds -1590 >= -2427 @ 875.641
c #Conflicts:     170000 | #Constraints:      62651
c INPROCESSING
c GARBAGE COLLECT
c #Conflicts:     171000 | #Constraints:      40505
c #Conflicts:     172000 | #Constraints:      41505
c #Conflicts:     173000 | #Constraints:      42505
c #Conflicts:     174000 | #Constraints:      43505
c #Conflicts:     175000 | #Constraints:      44505
c #Conflicts:     176000 | #Constraints:      45505
c #Conflicts:     177000 | #Constraints:      46505
c #Conflicts:     178000 | #Constraints:      47505
c #Conflicts:     179000 | #Constraints:      48505
c #Conflicts:     180000 | #Constraints:      49505
c #Conflicts:     181000 | #Constraints:      50505
c #Conflicts:     182000 | #Constraints:      51505
c #Conflicts:     183000 | #Constraints:      52505
c #Conflicts:     184000 | #Constraints:      53505
c #Conflicts:     185000 | #Constraints:      54505
c #Conflicts:     186000 | #Constraints:      55505
c #Conflicts:     187000 | #Constraints:      56505
c #Conflicts:     188000 | #Constraints:      57505
c #Conflicts:     189000 | #Constraints:      58505
c #Conflicts:     190000 | #Constraints:      59505
c #Conflicts:     191000 | #Constraints:      60505
c #Conflicts:     192000 | #Constraints:      61505
c #Conflicts:     193000 | #Constraints:      62505
c #Conflicts:     194000 | #Constraints:      63505
c #Conflicts:     195000 | #Constraints:      64505
c #Conflicts:     196000 | #Constraints:      65505
c #Conflicts:     197000 | #Constraints:      66505
c INPROCESSING
c GARBAGE COLLECT
c bounds -1590 >= -2425 @ 1442.31
c bounds -1590 >= -2423 @ 1442.31
c bounds -1590 >= -2421 @ 1442.31
c bounds -1590 >= -2419 @ 1442.33
c bounds -1590 >= -2417 @ 1442.33
c bounds -1590 >= -2415 @ 1442.33
c bounds -1590 >= -2413 @ 1442.33
c bounds -1590 >= -2411 @ 1442.33
c #Conflicts:     198000 | #Constraints:      42551
c #Conflicts:     199000 | #Constraints:      43551
c #Conflicts:     200000 | #Constraints:      44551
c #Conflicts:     201000 | #Constraints:      45551
c bounds -1590 >= -2409 @ 1468.54
c #Conflicts:     202000 | #Constraints:      46593
c #Conflicts:     203000 | #Constraints:      47593
c #Conflicts:     204000 | #Constraints:      48593
c #Conflicts:     205000 | #Constraints:      49593
c #Conflicts:     206000 | #Constraints:      50593
c #Conflicts:     207000 | #Constraints:      51593
c #Conflicts:     208000 | #Constraints:      52593
c #Conflicts:     209000 | #Constraints:      53593
c #Conflicts:     210000 | #Constraints:      54593
c #Conflicts:     211000 | #Constraints:      55593
c #Conflicts:     212000 | #Constraints:      56593
c bounds -1590 >= -2407 @ 1612.61
c #Conflicts:     213000 | #Constraints:      57647
c INPROCESSING
c GARBAGE COLLECT
c #Conflicts:     214000 | #Constraints:      40630
c #Conflicts:     215000 | #Constraints:      41630
c #Conflicts:     216000 | #Constraints:      42630
c #Conflicts:     217000 | #Constraints:      43630
c #Conflicts:     218000 | #Constraints:      44630
c #Conflicts:     219000 | #Constraints:      45630
c #Conflicts:     220000 | #Constraints:      46630
c #Conflicts:     221000 | #Constraints:      47630
c #Conflicts:     222000 | #Constraints:      48630
c #Conflicts:     223000 | #Constraints:      49630
c #Conflicts:     224000 | #Constraints:      50630
c #Conflicts:     225000 | #Constraints:      51630
c #Conflicts:     226000 | #Constraints:      52630
c #Conflicts:     227000 | #Constraints:      53630
c bounds -1590 >= -2405 @ 1717.38
c #Conflicts:     228000 | #Constraints:      54699
c #Conflicts:     229000 | #Constraints:      55699
c #Conflicts:     230000 | #Constraints:      56699
c #Conflicts:     231000 | #Constraints:      57699
c #Conflicts:     232000 | #Constraints:      58699
c #Conflicts:     233000 | #Constraints:      59699
c #Conflicts:     234000 | #Constraints:      60699
c #Conflicts:     235000 | #Constraints:      61699
c #Conflicts:     236000 | #Constraints:      62699
c #Conflicts:     237000 | #Constraints:      63699
c #Conflicts:     238000 | #Constraints:      64699
c #Conflicts:     239000 | #Constraints:      65699
c #Conflicts:     240000 | #Constraints:      66699
c #Conflicts:     241000 | #Constraints:      67699
c #Conflicts:     242000 | #Constraints:      68699
c #Conflicts:     243000 | #Constraints:      69699
c INPROCESSING
c GARBAGE COLLECT
c #Conflicts:     244000 | #Constraints:      44183
c #Conflicts:     245000 | #Constraints:      45183
c #Conflicts:     246000 | #Constraints:      46183
c #Conflicts:     247000 | #Constraints:      47183
c #Conflicts:     248000 | #Constraints:      48183
c #Conflicts:     249000 | #Constraints:      49183
c #Conflicts:     250000 | #Constraints:      50183
c #Conflicts:     251000 | #Constraints:      51183
c #Conflicts:     252000 | #Constraints:      52183
c #Conflicts:     253000 | #Constraints:      53183
c #Conflicts:     254000 | #Constraints:      54183
c #Conflicts:     255000 | #Constraints:      55183
c bounds -1590 >= -2403 @ 2139.54
c #Conflicts:     256000 | #Constraints:      56237
c #Conflicts:     257000 | #Constraints:      57237
c #Conflicts:     258000 | #Constraints:      58237
c #Conflicts:     259000 | #Constraints:      59237
c #Conflicts:     260000 | #Constraints:      60237
c INPROCESSING
c GARBAGE COLLECT
c #Conflicts:     261000 | #Constraints:      42733
c #Conflicts:     262000 | #Constraints:      43733
c #Conflicts:     263000 | #Constraints:      44733
c #Conflicts:     264000 | #Constraints:      45733
c #Conflicts:     265000 | #Constraints:      46733
c #Conflicts:     266000 | #Constraints:      47733
c #Conflicts:     267000 | #Constraints:      48733
c #Conflicts:     268000 | #Constraints:      49733
c #Conflicts:     269000 | #Constraints:      50733
c #Conflicts:     270000 | #Constraints:      51733
c #Conflicts:     271000 | #Constraints:      52733
c #Conflicts:     272000 | #Constraints:      53733
c #Conflicts:     273000 | #Constraints:      54733
c #Conflicts:     274000 | #Constraints:      55733
c #Conflicts:     275000 | #Constraints:      56733
c #Conflicts:     276000 | #Constraints:      57733
c #Conflicts:     277000 | #Constraints:      58733
c #Conflicts:     278000 | #Constraints:      59733
c #Conflicts:     279000 | #Constraints:      60733
c #Conflicts:     280000 | #Constraints:      61733
c #Conflicts:     281000 | #Constraints:      62733
c bounds -1591 >= -2403 @ 2446.54
c bounds -1591 >= -2402 @ 2446.54
c bounds -1591 >= -2401 @ 2446.54
c bounds -1591 >= -2400 @ 2446.55
c bounds -1591 >= -2399 @ 2446.55
c bounds -1591 >= -2398 @ 2446.55
c bounds -1591 >= -2397 @ 2446.56
c bounds -1591 >= -2396 @ 2446.56
c bounds -1591 >= -2395 @ 2446.56
c bounds -1591 >= -2394 @ 2446.57
c bounds -1591 >= -2393 @ 2446.57
c bounds -1591 >= -2392 @ 2446.57
c bounds -1591 >= -2391 @ 2446.58
c bounds -1591 >= -2390 @ 2446.58
c bounds -1591 >= -2389 @ 2446.59
c bounds -1591 >= -2388 @ 2446.59
c bounds -1591 >= -2387 @ 2446.59
c bounds -1591 >= -2386 @ 2446.6
c bounds -1591 >= -2385 @ 2446.6
c bounds -1591 >= -2384 @ 2446.6
c bounds -1591 >= -2383 @ 2446.61
c bounds -1591 >= -2382 @ 2446.61
c bounds -1591 >= -2381 @ 2446.62
c bounds -1591 >= -2380 @ 2446.62
c bounds -1591 >= -2379 @ 2446.62
c bounds -1591 >= -2378 @ 2446.63
c bounds -1591 >= -2377 @ 2446.63
c bounds -1591 >= -2376 @ 2446.63
c bounds -1591 >= -2375 @ 2446.64
c bounds -1591 >= -2374 @ 2446.64
c bounds -1591 >= -2373 @ 2446.64
c bounds -1591 >= -2372 @ 2446.65
c bounds -1591 >= -2371 @ 2446.65
c bounds -1591 >= -2370 @ 2446.65
c bounds -1591 >= -2369 @ 2446.66
c bounds -1591 >= -2368 @ 2446.66
c bounds -1591 >= -2367 @ 2446.66
c bounds -1591 >= -2366 @ 2446.67
c bounds -1591 >= -2365 @ 2446.67
c bounds -1591 >= -2364 @ 2446.67
c bounds -1591 >= -2363 @ 2446.68
c bounds -1591 >= -2362 @ 2446.68
c bounds -1591 >= -2361 @ 2446.69
c bounds -1591 >= -2360 @ 2446.69
c bounds -1591 >= -2359 @ 2446.69
c bounds -1591 >= -2358 @ 2446.7
c bounds -1591 >= -2357 @ 2446.7
c bounds -1591 >= -2356 @ 2446.7
c bounds -1591 >= -2355 @ 2446.71
c bounds -1591 >= -2354 @ 2446.71
c bounds -1591 >= -2353 @ 2446.71
c bounds -1591 >= -2352 @ 2446.72
c bounds -1591 >= -2351 @ 2446.72
c bounds -1591 >= -2350 @ 2446.73
c bounds -1591 >= -2349 @ 2446.73
c bounds -1591 >= -2348 @ 2446.73
c bounds -1591 >= -2347 @ 2446.74
c bounds -1591 >= -2346 @ 2446.74
c bounds -1591 >= -2345 @ 2446.75
c bounds -1591 >= -2344 @ 2446.75
c bounds -1591 >= -2343 @ 2446.75
c bounds -1591 >= -2342 @ 2446.75
c bounds -1591 >= -2341 @ 2446.76
c bounds -1591 >= -2340 @ 2446.76
c bounds -1591 >= -2339 @ 2446.77
c bounds -1591 >= -2338 @ 2446.77
c bounds -1591 >= -2337 @ 2446.77
c bounds -1591 >= -2336 @ 2446.78
c bounds -1591 >= -2335 @ 2446.78
c bounds -1591 >= -2334 @ 2446.79
c bounds -1591 >= -2333 @ 2446.79
c bounds -1591 >= -2332 @ 2446.79
c bounds -1591 >= -2331 @ 2446.8
c bounds -1591 >= -2330 @ 2446.8
c bounds -1591 >= -2329 @ 2446.8
c bounds -1591 >= -2328 @ 2446.8
c bounds -1591 >= -2327 @ 2446.81
c bounds -1591 >= -2326 @ 2446.81
c bounds -1591 >= -2325 @ 2446.82
c bounds -1591 >= -2324 @ 2446.82
c bounds -1591 >= -2323 @ 2446.83
c bounds -1591 >= -2322 @ 2446.83
c bounds -1591 >= -2321 @ 2446.83
c bounds -1591 >= -2320 @ 2446.84
c bounds -1591 >= -2319 @ 2446.84
c bounds -1591 >= -2318 @ 2446.84
c bounds -1591 >= -2317 @ 2446.85
c bounds -1591 >= -2316 @ 2446.85
c bounds -1591 >= -2315 @ 2446.85
c bounds -1591 >= -2314 @ 2446.86
c bounds -1591 >= -2313 @ 2446.86
c bounds -1591 >= -2312 @ 2446.86
c bounds -1591 >= -2311 @ 2446.87
c bounds -1591 >= -2310 @ 2446.87
c bounds -1591 >= -2309 @ 2446.87
c bounds -1591 >= -2308 @ 2446.88
c bounds -1591 >= -2307 @ 2446.88
c bounds -1591 >= -2306 @ 2446.88
c bounds -1591 >= -2305 @ 2446.89
c bounds -1591 >= -2304 @ 2446.89
c bounds -1591 >= -2303 @ 2446.9
c bounds -1591 >= -2302 @ 2446.9
c bounds -1591 >= -2301 @ 2446.9
c bounds -1591 >= -2300 @ 2446.91
c bounds -1591 >= -2299 @ 2446.91
c bounds -1591 >= -2298 @ 2446.91
c bounds -1591 >= -2297 @ 2446.92
c bounds -1591 >= -2296 @ 2446.92
c bounds -1591 >= -2295 @ 2446.93
c bounds -1591 >= -2294 @ 2446.93
c bounds -1591 >= -2293 @ 2446.93
c bounds -1591 >= -2292 @ 2446.94
c bounds -1591 >= -2291 @ 2446.94
c bounds -1591 >= -2290 @ 2446.94
c bounds -1591 >= -2289 @ 2446.95
c bounds -1591 >= -2288 @ 2446.95
c bounds -1591 >= -2287 @ 2446.96
c bounds -1591 >= -2286 @ 2446.96
c bounds -1591 >= -2285 @ 2446.97
c bounds -1591 >= -2284 @ 2446.97
c bounds -1591 >= -2283 @ 2446.97
c bounds -1591 >= -2282 @ 2446.98
c bounds -1591 >= -2281 @ 2446.98
c bounds -1591 >= -2280 @ 2447
c bounds -1591 >= -2279 @ 2447
c bounds -1591 >= -2278 @ 2447
c bounds -1591 >= -2277 @ 2447
c bounds -1591 >= -2276 @ 2447.01
c bounds -1591 >= -2275 @ 2447.01
c bounds -1591 >= -2274 @ 2447.01
c bounds -1591 >= -2273 @ 2447.02
c bounds -1591 >= -2272 @ 2447.02
c bounds -1591 >= -2271 @ 2447.02
c bounds -1591 >= -2270 @ 2447.02
c bounds -1591 >= -2269 @ 2447.02
c bounds -1591 >= -2268 @ 2447.03
c bounds -1591 >= -2267 @ 2447.03
c bounds -1591 >= -2266 @ 2447.03
c bounds -1591 >= -2265 @ 2447.03
c bounds -1591 >= -2264 @ 2447.03
c bounds -1591 >= -2263 @ 2447.04
c bounds -1591 >= -2262 @ 2447.04
c bounds -1591 >= -2261 @ 2447.04
c bounds -1591 >= -2260 @ 2447.05
c bounds -1591 >= -2259 @ 2447.05
c bounds -1591 >= -2258 @ 2447.05
c bounds -1591 >= -2257 @ 2447.05
c bounds -1591 >= -2256 @ 2447.06
c bounds -1591 >= -2255 @ 2447.06
c bounds -1591 >= -2254 @ 2447.06
c bounds -1591 >= -2253 @ 2447.06
c bounds -1591 >= -2252 @ 2447.07
c bounds -1591 >= -2251 @ 2447.07
c bounds -1591 >= -2250 @ 2447.07
c bounds -1591 >= -2249 @ 2447.08
c bounds -1591 >= -2248 @ 2447.08
c bounds -1591 >= -2247 @ 2447.08
c bounds -1591 >= -2246 @ 2447.09
c bounds -1591 >= -2245 @ 2447.09
c bounds -1591 >= -2244 @ 2447.15
c bounds -1591 >= -2243 @ 2447.16
c bounds -1591 >= -2242 @ 2447.16
c bounds -1591 >= -2241 @ 2447.19
c bounds -1591 >= -2240 @ 2447.2
c bounds -1591 >= -2239 @ 2447.22
c bounds -1591 >= -2238 @ 2447.25
c bounds -1591 >= -2237 @ 2447.34
c #Conflicts:     282000 | #Constraints:      64583
c bounds -1591 >= -2236 @ 2447.42
c bounds -1591 >= -2235 @ 2447.51
c bounds -1591 >= -2234 @ 2447.72
c bounds -1591 >= -2233 @ 2447.87
c bounds -1591 >= -2232 @ 2448.02
c #Conflicts:     283000 | #Constraints:      65685
c bounds -1591 >= -2231 @ 2448.43
c bounds -1591 >= -2230 @ 2448.93
c #Conflicts:     284000 | #Constraints:      66754
c bounds -1591 >= -2229 @ 2449.81
c #Conflicts:     285000 | #Constraints:      67781
c bounds -1591 >= -2228 @ 2450.49
c #Conflicts:     286000 | #Constraints:      68808
c bounds -1591 >= -2227 @ 2452.11
c #Conflicts:     287000 | #Constraints:      69838
c #Conflicts:     288000 | #Constraints:      70838
c bounds -1591 >= -2226 @ 2454.39
c #Conflicts:     289000 | #Constraints:      71871
c #Conflicts:     290000 | #Constraints:      72871
c #Conflicts:     291000 | #Constraints:      73871
c #Conflicts:     292000 | #Constraints:      74871
c bounds -1591 >= -2225 @ 2458.5
c #Conflicts:     293000 | #Constraints:      75904
c INPROCESSING
c GARBAGE COLLECT
c #Conflicts:     294000 | #Constraints:      47361
c #Conflicts:     295000 | #Constraints:      48361
c #Conflicts:     296000 | #Constraints:      49361
c #Conflicts:     297000 | #Constraints:      50361
c bounds -1591 >= -2224 @ 2464.55
c #Conflicts:     298000 | #Constraints:      51406
c #Conflicts:     299000 | #Constraints:      52406
c #Conflicts:     300000 | #Constraints:      53406
c #Conflicts:     301000 | #Constraints:      54406
c #Conflicts:     302000 | #Constraints:      55406
c #Conflicts:     303000 | #Constraints:      56406
c #Conflicts:     304000 | #Constraints:      57406
c #Conflicts:     305000 | #Constraints:      58406
c bounds -1591 >= -2223 @ 2475.19
c #Conflicts:     306000 | #Constraints:      59460
c #Conflicts:     307000 | #Constraints:      60460
c #Conflicts:     308000 | #Constraints:      61460
c #Conflicts:     309000 | #Constraints:      62460
c #Conflicts:     310000 | #Constraints:      63460
c #Conflicts:     311000 | #Constraints:      64460
c INPROCESSING
c GARBAGE COLLECT
c #Conflicts:     312000 | #Constraints:      46000
c #Conflicts:     313000 | #Constraints:      47000
c #Conflicts:     314000 | #Constraints:      48000
c #Conflicts:     315000 | #Constraints:      49000
c #Conflicts:     316000 | #Constraints:      50000
c #Conflicts:     317000 | #Constraints:      51000
c #Conflicts:     318000 | #Constraints:      52000
c #Conflicts:     319000 | #Constraints:      53000
c #Conflicts:     320000 | #Constraints:      54000
c bounds -1591 >= -2222 @ 2494.75
c #Conflicts:     321000 | #Constraints:      55054
c #Conflicts:     322000 | #Constraints:      56054
c #Conflicts:     323000 | #Constraints:      57054
c #Conflicts:     324000 | #Constraints:      58054
c #Conflicts:     325000 | #Constraints:      59054
c #Conflicts:     326000 | #Constraints:      60054
c #Conflicts:     327000 | #Constraints:      61054
c #Conflicts:     328000 | #Constraints:      62054
c #Conflicts:     329000 | #Constraints:      63054
c #Conflicts:     330000 | #Constraints:      64054
c #Conflicts:     331000 | #Constraints:      65054
c #Conflicts:     332000 | #Constraints:      66054
c bounds -1591 >= -2221 @ 2515.62
c #Conflicts:     333000 | #Constraints:      67090
c #Conflicts:     334000 | #Constraints:      68090
c #Conflicts:     335000 | #Constraints:      69090
c #Conflicts:     336000 | #Constraints:      70090
c #Conflicts:     337000 | #Constraints:      71090
c #Conflicts:     338000 | #Constraints:      72090
c #Conflicts:     339000 | #Constraints:      73090
c #Conflicts:     340000 | #Constraints:      74090
c #Conflicts:     341000 | #Constraints:      75090
c #Conflicts:     342000 | #Constraints:      76090
c #Conflicts:     343000 | #Constraints:      77090
c bounds -1591 >= -2220 @ 2540.71
c #Conflicts:     344000 | #Constraints:      78126
c #Conflicts:     345000 | #Constraints:      79126
c #Conflicts:     346000 | #Constraints:      80126
c #Conflicts:     347000 | #Constraints:      81126
c #Conflicts:     348000 | #Constraints:      82126
c INPROCESSING
c GARBAGE COLLECT
c #Conflicts:     349000 | #Constraints:      50808
c #Conflicts:     350000 | #Constraints:      51808
c #Conflicts:     351000 | #Constraints:      52808
c #Conflicts:     352000 | #Constraints:      53808
c #Conflicts:     353000 | #Constraints:      54808
c #Conflicts:     354000 | #Constraints:      55808
c #Conflicts:     355000 | #Constraints:      56808
c #Conflicts:     356000 | #Constraints:      57808
c #Conflicts:     357000 | #Constraints:      58808
c #Conflicts:     358000 | #Constraints:      59808
c #Conflicts:     359000 | #Constraints:      60808
c #Conflicts:     360000 | #Constraints:      61808
c #Conflicts:     361000 | #Constraints:      62808
c #Conflicts:     362000 | #Constraints:      63808
c #Conflicts:     363000 | #Constraints:      64808
c #Conflicts:     364000 | #Constraints:      65808
c bounds -1591 >= -2219 @ 2585.48
c #Conflicts:     365000 | #Constraints:      66859
c #Conflicts:     366000 | #Constraints:      67859
c #Conflicts:     367000 | #Constraints:      68859
c INPROCESSING
c GARBAGE COLLECT
c #Conflicts:     368000 | #Constraints:      49058
c #Conflicts:     369000 | #Constraints:      50058
c #Conflicts:     370000 | #Constraints:      51058
c #Conflicts:     371000 | #Constraints:      52058
c #Conflicts:     372000 | #Constraints:      53058
c #Conflicts:     373000 | #Constraints:      54058
c #Conflicts:     374000 | #Constraints:      55058
c #Conflicts:     375000 | #Constraints:      56058
c #Conflicts:     376000 | #Constraints:      57058
c #Conflicts:     377000 | #Constraints:      58058
c #Conflicts:     378000 | #Constraints:      59058
c #Conflicts:     379000 | #Constraints:      60058
c #Conflicts:     380000 | #Constraints:      61058
c #Conflicts:     381000 | #Constraints:      62058
c #Conflicts:     382000 | #Constraints:      63058
c #Conflicts:     383000 | #Constraints:      64058
c #Conflicts:     384000 | #Constraints:      65058
c #Conflicts:     385000 | #Constraints:      66058
c #Conflicts:     386000 | #Constraints:      67058
c #Conflicts:     387000 | #Constraints:      68058
c #Conflicts:     388000 | #Constraints:      69058
c #Conflicts:     389000 | #Constraints:      70058
c #Conflicts:     390000 | #Constraints:      71058
c #Conflicts:     391000 | #Constraints:      72058
c #Conflicts:     392000 | #Constraints:      73058
c #Conflicts:     393000 | #Constraints:      74058
c #Conflicts:     394000 | #Constraints:      75058
c #Conflicts:     395000 | #Constraints:      76058
c #Conflicts:     396000 | #Constraints:      77058
c #Conflicts:     397000 | #Constraints:      78058
c #Conflicts:     398000 | #Constraints:      79058
c #Conflicts:     399000 | #Constraints:      80058
c #Conflicts:     400000 | #Constraints:      81058
c #Conflicts:     401000 | #Constraints:      82058
c #Conflicts:     402000 | #Constraints:      83058
c #Conflicts:     403000 | #Constraints:      84058
c #Conflicts:     404000 | #Constraints:      85058
c #Conflicts:     405000 | #Constraints:      86058
c #Conflicts:     406000 | #Constraints:      87058
c #Conflicts:     407000 | #Constraints:      88058
c INPROCESSING
c GARBAGE COLLECT
c #Conflicts:     408000 | #Constraints:      53782
c #Conflicts:     409000 | #Constraints:      54782
c #Conflicts:     410000 | #Constraints:      55782
c #Conflicts:     411000 | #Constraints:      56782
c #Conflicts:     412000 | #Constraints:      57782
c #Conflicts:     413000 | #Constraints:      58782
c #Conflicts:     414000 | #Constraints:      59782
c #Conflicts:     415000 | #Constraints:      60782
c #Conflicts:     416000 | #Constraints:      61782
c #Conflicts:     417000 | #Constraints:      62782
c #Conflicts:     418000 | #Constraints:      63782
c #Conflicts:     419000 | #Constraints:      64782
c #Conflicts:     420000 | #Constraints:      65782
c #Conflicts:     421000 | #Constraints:      66782
c #Conflicts:     422000 | #Constraints:      67782
c #Conflicts:     423000 | #Constraints:      68782
c #Conflicts:     424000 | #Constraints:      69782
c #Conflicts:     425000 | #Constraints:      70782
c #Conflicts:     426000 | #Constraints:      71782
c #Conflicts:     427000 | #Constraints:      72782
c INPROCESSING
c GARBAGE COLLECT
c #Conflicts:     428000 | #Constraints:      49634
c #Conflicts:     429000 | #Constraints:      50634
c #Conflicts:     430000 | #Constraints:      51634
c #Conflicts:     431000 | #Constraints:      52634
c #Conflicts:     432000 | #Constraints:      53634
c #Conflicts:     433000 | #Constraints:      54634
c #Conflicts:     434000 | #Constraints:      55634
c #Conflicts:     435000 | #Constraints:      56634
c #Conflicts:     436000 | #Constraints:      57634
c #Conflicts:     437000 | #Constraints:      58634
c #Conflicts:     438000 | #Constraints:      59634
c #Conflicts:     439000 | #Constraints:      60634
c #Conflicts:     440000 | #Constraints:      61634
c #Conflicts:     441000 | #Constraints:      62634
c #Conflicts:     442000 | #Constraints:      63634
c #Conflicts:     443000 | #Constraints:      64634
c #Conflicts:     444000 | #Constraints:      65634
c #Conflicts:     445000 | #Constraints:      66634
c #Conflicts:     446000 | #Constraints:      67634
c #Conflicts:     447000 | #Constraints:      68634
c #Conflicts:     448000 | #Constraints:      69634
c #Conflicts:     449000 | #Constraints:      70634
c #Conflicts:     450000 | #Constraints:      71634
c #Conflicts:     451000 | #Constraints:      72634
c #Conflicts:     452000 | #Constraints:      73634
c #Conflicts:     453000 | #Constraints:      74634
c #Conflicts:     454000 | #Constraints:      75634
c #Conflicts:     455000 | #Constraints:      76634
c #Conflicts:     456000 | #Constraints:      77634
c #Conflicts:     457000 | #Constraints:      78634
c #Conflicts:     458000 | #Constraints:      79634
c #Conflicts:     459000 | #Constraints:      80634
c #Conflicts:     460000 | #Constraints:      81634
c #Conflicts:     461000 | #Constraints:      82634
c #Conflicts:     462000 | #Constraints:      83634
c #Conflicts:     463000 | #Constraints:      84634
c #Conflicts:     464000 | #Constraints:      85634
c #Conflicts:     465000 | #Constraints:      86634
c #Conflicts:     466000 | #Constraints:      87634
c #Conflicts:     467000 | #Constraints:      88634
c #Conflicts:     468000 | #Constraints:      89634
c #Conflicts:     469000 | #Constraints:      90634
c #Conflicts:     470000 | #Constraints:      91634
c INPROCESSING
c GARBAGE COLLECT
c #Conflicts:     471000 | #Constraints:      55362
c #Conflicts:     472000 | #Constraints:      56362
c #Conflicts:     473000 | #Constraints:      57362
c #Conflicts:     474000 | #Constraints:      58362
c #Conflicts:     475000 | #Constraints:      59362
c #Conflicts:     476000 | #Constraints:      60362
c #Conflicts:     477000 | #Constraints:      61362
c #Conflicts:     478000 | #Constraints:      62362
c #Conflicts:     479000 | #Constraints:      63362
c #Conflicts:     480000 | #Constraints:      64362
c #Conflicts:     481000 | #Constraints:      65362
c #Conflicts:     482000 | #Constraints:      66362
c #Conflicts:     483000 | #Constraints:      67362
c #Conflicts:     484000 | #Constraints:      68362
c #Conflicts:     485000 | #Constraints:      69362
c #Conflicts:     486000 | #Constraints:      70362
c #Conflicts:     487000 | #Constraints:      71362
c #Conflicts:     488000 | #Constraints:      72362
c #Conflicts:     489000 | #Constraints:      73362
c #Conflicts:     490000 | #Constraints:      74362
c #Conflicts:     491000 | #Constraints:      75362
c #Conflicts:     492000 | #Constraints:      76362
c INPROCESSING
c GARBAGE COLLECT
c bounds -1591 >= -2218 @ 3231.51
c bounds -1591 >= -2217 @ 3231.51
c bounds -1591 >= -2216 @ 3231.52
c bounds -1591 >= -2215 @ 3231.53
c bounds -1591 >= -2214 @ 3231.54
c bounds -1591 >= -2213 @ 3231.55
c bounds -1591 >= -2212 @ 3231.56
c bounds -1591 >= -2211 @ 3231.57
c bounds -1591 >= -2210 @ 3231.58
c bounds -1591 >= -2209 @ 3231.66
c bounds -1591 >= -2208 @ 3231.72
c bounds -1591 >= -2207 @ 3231.77
c bounds -1591 >= -2206 @ 3231.8
c #Conflicts:     493000 | #Constraints:      51000
c bounds -1591 >= -2205 @ 3231.87
c bounds -1591 >= -2204 @ 3231.98
c bounds -1591 >= -2203 @ 3232.09
c bounds -1591 >= -2202 @ 3232.18
c bounds -1591 >= -2201 @ 3232.32
c bounds -1591 >= -2200 @ 3232.59
c bounds -1591 >= -2199 @ 3232.88
c bounds -1591 >= -2198 @ 3233.17
c bounds -1591 >= -2197 @ 3233.6
c #Conflicts:     494000 | #Constraints:      52273
c bounds -1591 >= -2196 @ 3234.05
c bounds -1591 >= -2195 @ 3234.38
c bounds -1591 >= -2194 @ 3234.95
c bounds -1591 >= -2193 @ 3235.25
c bounds -1591 >= -2192 @ 3235.45
c bounds -1591 >= -2191 @ 3235.88
c bounds -1591 >= -2190 @ 3236.04
c #Conflicts:     495000 | #Constraints:      53552
c bounds -1591 >= -2189 @ 3236.45
c bounds -1591 >= -2188 @ 3237.07
c bounds -1591 >= -2187 @ 3237.91
c bounds -1591 >= -2186 @ 3238.6
c bounds -1591 >= -2185 @ 3239.5
c #Conflicts:     496000 | #Constraints:      54867
c bounds -1591 >= -2184 @ 3240.58
c bounds -1591 >= -2183 @ 3241.65
c bounds -1591 >= -2182 @ 3242.87
c bounds -1591 >= -2181 @ 3244.39
c bounds -1591 >= -2180 @ 3246.13
c #Conflicts:     497000 | #Constraints:      56212
c bounds -1591 >= -2179 @ 3247.91
c bounds -1591 >= -2178 @ 3249.91
c bounds -1591 >= -2177 @ 3252.15
c bounds -1591 >= -2176 @ 3254.49
c #Conflicts:     498000 | #Constraints:      57512
c bounds -1591 >= -2175 @ 3257.23
c bounds -1591 >= -2174 @ 3259.7
c bounds -1591 >= -2173 @ 3262.66
c #Conflicts:     499000 | #Constraints:      58737
c bounds -1591 >= -2172 @ 3265.47
c bounds -1591 >= -2171 @ 3268.65
c bounds -1591 >= -2170 @ 3271.72
c #Conflicts:     500000 | #Constraints:      59989
c bounds -1591 >= -2169 @ 3274.79
c bounds -1591 >= -2168 @ 3278.38
c bounds -1591 >= -2167 @ 3282.19
c #Conflicts:     501000 | #Constraints:      61286
c bounds -1591 >= -2166 @ 3286.45
c bounds -1591 >= -2165 @ 3290.76
c bounds -1591 >= -2164 @ 3295.1
c #Conflicts:     502000 | #Constraints:      62574
c bounds -1591 >= -2163 @ 3299.98
c bounds -1591 >= -2162 @ 3305.08
c bounds -1591 >= -2161 @ 3310.11
c #Conflicts:     503000 | #Constraints:      63856
c bounds -1591 >= -2160 @ 3315.06
c bounds -1591 >= -2159 @ 3319.85
c bounds -1591 >= -2158 @ 3324.81
c #Conflicts:     504000 | #Constraints:      65105
c bounds -1591 >= -2157 @ 3329.78
c bounds -1591 >= -2156 @ 3335.36
c #Conflicts:     505000 | #Constraints:      66276
c bounds -1591 >= -2155 @ 3340.6
c bounds -1591 >= -2154 @ 3346.48
c bounds -1591 >= -2153 @ 3352.86
c #Conflicts:     506000 | #Constraints:      67564
c bounds -1591 >= -2152 @ 3359.45
c bounds -1591 >= -2151 @ 3365.38
c bounds -1591 >= -2150 @ 3372.27
c #Conflicts:     507000 | #Constraints:      68867
c bounds -1591 >= -2149 @ 3379.14
c bounds -1591 >= -2148 @ 3385.79
c bounds -1591 >= -2147 @ 3392.68
c #Conflicts:     508000 | #Constraints:      70179
c bounds -1591 >= -2146 @ 3400.14
c bounds -1591 >= -2145 @ 3407.07
c bounds -1591 >= -2144 @ 3414.2
c #Conflicts:     509000 | #Constraints:      71491
c bounds -1591 >= -2143 @ 3421.78
c bounds -1591 >= -2142 @ 3429.88
c bounds -1591 >= -2141 @ 3437.89
c #Conflicts:     510000 | #Constraints:      72830
c bounds -1591 >= -2140 @ 3446.31
c bounds -1591 >= -2139 @ 3454.8
c bounds -1591 >= -2138 @ 3463.5
c #Conflicts:     511000 | #Constraints:      74151
c bounds -1591 >= -2137 @ 3472.02
c bounds -1591 >= -2136 @ 3480.98
c bounds -1591 >= -2135 @ 3490.4
c #Conflicts:     512000 | #Constraints:      75502
c bounds -1591 >= -2134 @ 3500.97
c bounds -1591 >= -2133 @ 3510.87
c #Conflicts:     513000 | #Constraints:      76730
c bounds -1591 >= -2132 @ 3521.04
c bounds -1591 >= -2131 @ 3531.23
c bounds -1591 >= -2130 @ 3541.18
c #Conflicts:     514000 | #Constraints:      78045
c bounds -1591 >= -2129 @ 3550.4
c bounds -1591 >= -2128 @ 3560.77
c bounds -1591 >= -2127 @ 3571.12
c #Conflicts:     515000 | #Constraints:      79366
c bounds -1591 >= -2126 @ 3581.2
c bounds -1592 >= -2126 @ 3581.45
c bounds -1593 >= -2126 @ 3581.5
c bounds -1594 >= -2126 @ 3581.55
c bounds -1598 >= -2126 @ 3581.62
c #Conflicts:     516000 | #Constraints:      80466
c #Conflicts:     517000 | #Constraints:      81466
c #Conflicts:     518000 | #Constraints:      82466
c #Conflicts:     519000 | #Constraints:      83466
c #Conflicts:     520000 | #Constraints:      84466
c #Conflicts:     521000 | #Constraints:      85466
c #Conflicts:     522000 | #Constraints:      86466
c #Conflicts:     523000 | #Constraints:      87466
c #Conflicts:     524000 | #Constraints:      88466
c #Conflicts:     525000 | #Constraints:      89466
c #Conflicts:     526000 | #Constraints:      90466
c #Conflicts:     527000 | #Constraints:      91466
c #Conflicts:     528000 | #Constraints:      92466
c #Conflicts:     529000 | #Constraints:      93466
c #Conflicts:     530000 | #Constraints:      94466
c #Conflicts:     531000 | #Constraints:      95466
c #Conflicts:     532000 | #Constraints:      96466
c #Conflicts:     533000 | #Constraints:      97466
c #Conflicts:     534000 | #Constraints:      98466
c #Conflicts:     535000 | #Constraints:      99466
c #Conflicts:     536000 | #Constraints:     100466
c #Conflicts:     537000 | #Constraints:     101466
c #Conflicts:     538000 | #Constraints:     102466
c INPROCESSING
c GARBAGE COLLECT
c bounds -1598 >= -2125 @ 4039.13
c bounds -1598 >= -2124 @ 4057.69
c #Conflicts:     539000 | #Constraints:      63211
c bounds -1598 >= -2123 @ 4070.08
c bounds -1598 >= -2122 @ 4080.96
c #Conflicts:     540000 | #Constraints:      64445
c bounds -1598 >= -2121 @ 4092.08
c bounds -1598 >= -2120 @ 4103.66
c bounds -1598 >= -2119 @ 4115.54
c #Conflicts:     541000 | #Constraints:      65817
c bounds -1598 >= -2118 @ 4128.56
c bounds -1598 >= -2117 @ 4140.52
c #Conflicts:     542000 | #Constraints:      67043
c bounds -1598 >= -2116 @ 4152.79
c bounds -1598 >= -2115 @ 4166.47
c #Conflicts:     543000 | #Constraints:      68262
c bounds -1598 >= -2114 @ 4178.98
c bounds -1598 >= -2113 @ 4192.1
c bounds -1598 >= -2112 @ 4209.25
c #Conflicts:     544000 | #Constraints:      69625
c bounds -1598 >= -2111 @ 4223.2
c bounds -1598 >= -2110 @ 4236.18
c #Conflicts:     545000 | #Constraints:      70868
c bounds -1598 >= -2109 @ 4250.18
c bounds -1598 >= -2108 @ 4265.51
c bounds -1598 >= -2107 @ 4280.43
c #Conflicts:     546000 | #Constraints:      72207
c bounds -1598 >= -2106 @ 4295.71
c bounds -1598 >= -2105 @ 4309.62
c #Conflicts:     547000 | #Constraints:      73429
c bounds -1598 >= -2104 @ 4325.62
c bounds -1598 >= -2103 @ 4342.52
c bounds -1598 >= -2102 @ 4357.93
c #Conflicts:     548000 | #Constraints:      74735
c bounds -1598 >= -2101 @ 4374.38
c bounds -1598 >= -2100 @ 4389.79
c #Conflicts:     549000 | #Constraints:      75945
c bounds -1598 >= -2099 @ 4407.57
c bounds -1598 >= -2098 @ 4425.33
c bounds -1598 >= -2097 @ 4443.37
c #Conflicts:     550000 | #Constraints:      77257
c bounds -1598 >= -2096 @ 4460.56
c bounds -1598 >= -2095 @ 4478.13
c #Conflicts:     551000 | #Constraints:      78440
c bounds -1598 >= -2094 @ 4495.34
c bounds -1598 >= -2093 @ 4513.81
c bounds -1598 >= -2092 @ 4532.91
c #Conflicts:     552000 | #Constraints:      79716
c bounds -1598 >= -2091 @ 4550.7
c bounds -1598 >= -2090 @ 4571.11
c #Conflicts:     553000 | #Constraints:      80935
c bounds -1598 >= -2089 @ 4590.97
c bounds -1598 >= -2088 @ 4611.56
c bounds -1598 >= -2087 @ 4631.73
c #Conflicts:     554000 | #Constraints:      82271
c bounds -1598 >= -2086 @ 4654.8
c bounds -1598 >= -2085 @ 4676.64
c #Conflicts:     555000 | #Constraints:      83493
c bounds -1598 >= -2084 @ 4697.61
c bounds -1598 >= -2083 @ 4720.74
c #Conflicts:     556000 | #Constraints:      84715
c bounds -1598 >= -2082 @ 4742.34
c bounds -1598 >= -2081 @ 4763.7
c bounds -1598 >= -2080 @ 4786.81
c #Conflicts:     557000 | #Constraints:      86042
c bounds -1598 >= -2079 @ 4808.36
c bounds -1598 >= -2078 @ 4830.36
c #Conflicts:     558000 | #Constraints:      87246
c bounds -1598 >= -2077 @ 4854.85
c bounds -1598 >= -2076 @ 4878.55
c bounds -1598 >= -2075 @ 4901.3
c #Conflicts:     559000 | #Constraints:      88576
c bounds -1598 >= -2074 @ 4925.02
c bounds -1598 >= -2073 @ 4947.73
c #Conflicts:     560000 | #Constraints:      89774
c bounds -1598 >= -2072 @ 4972.78
c bounds -1598 >= -2071 @ 4999.99
c bounds -1598 >= -2070 @ 5026.11
c #Conflicts:     561000 | #Constraints:      91077
c bounds -1598 >= -2069 @ 5051.21
c INPROCESSING
c GARBAGE COLLECT
c #Conflicts:     562000 | #Constraints:      65239
c bounds -1598 >= -2068 @ 5095.74
c bounds -1598 >= -2067 @ 5130.14
c #Conflicts:     563000 | #Constraints:      66491
c bounds -1598 >= -2066 @ 5156.15
c bounds -1598 >= -2065 @ 5181.14
c #Conflicts:     564000 | #Constraints:      67692
c bounds -1598 >= -2064 @ 5207.51
c bounds -1598 >= -2063 @ 5231.14
c #Conflicts:     565000 | #Constraints:      68884
c bounds -1598 >= -2062 @ 5256.24
c bounds -1598 >= -2061 @ 5280.78
c #Conflicts:     566000 | #Constraints:      70082
c bounds -1598 >= -2060 @ 5306.43
c bounds -1598 >= -2059 @ 5331.59
c #Conflicts:     567000 | #Constraints:      71292
c bounds -1598 >= -2058 @ 5358.41
c bounds -1598 >= -2057 @ 5385.77
c bounds -1598 >= -2056 @ 5414.1
c #Conflicts:     568000 | #Constraints:      72598
c bounds -1598 >= -2055 @ 5441.81
c bounds -1598 >= -2054 @ 5471.81
c #Conflicts:     569000 | #Constraints:      73817
c bounds -1598 >= -2053 @ 5496.46
c bounds -1598 >= -2052 @ 5523.04
c #Conflicts:     570000 | #Constraints:      75009
c bounds -1598 >= -2051 @ 5551.84
c bounds -1598 >= -2050 @ 5579.3
c bounds -1598 >= -2049 @ 5608.18
c #Conflicts:     571000 | #Constraints:      76318
c bounds -1598 >= -2048 @ 5638.34
c bounds -1598 >= -2047 @ 5665.9
c #Conflicts:     572000 | #Constraints:      77528
c bounds -1598 >= -2046 @ 5697.56
c bounds -1598 >= -2045 @ 5730.72
c #Conflicts:     573000 | #Constraints:      78726
c bounds -1598 >= -2044 @ 5763.83
c bounds -1598 >= -2043 @ 5795.57
c #Conflicts:     574000 | #Constraints:      79915
c bounds -1598 >= -2042 @ 5825.32
c bounds -1598 >= -2041 @ 5858.39
c #Conflicts:     575000 | #Constraints:      81137
c bounds -1598 >= -2040 @ 5893.56
c bounds -1598 >= -2039 @ 5925.82
c bounds -1598 >= -2038 @ 5963.52
c #Conflicts:     576000 | #Constraints:      82476
c bounds -1598 >= -2037 @ 6004.85
c bounds -1598 >= -2036 @ 6039.24
c #Conflicts:     577000 | #Constraints:      83683
c bounds -1598 >= -2035 @ 6072.65
c bounds -1598 >= -2034 @ 6109.33
c #Conflicts:     578000 | #Constraints:      84884
c bounds -1598 >= -2033 @ 6151.99
c bounds -1598 >= -2032 @ 6196.92
c #Conflicts:     579000 | #Constraints:      86094
c bounds -1598 >= -2031 @ 6237.78
c #Conflicts:     580000 | #Constraints:      87205
c bounds -1598 >= -2030 @ 6283.77
c bounds -1598 >= -2029 @ 6318.86
c bounds -1598 >= -2028 @ 6354.91
c #Conflicts:     581000 | #Constraints:      88523
c bounds -1598 >= -2027 @ 6391.6
c bounds -1598 >= -2026 @ 6427.91
c #Conflicts:     582000 | #Constraints:      89715
c bounds -1598 >= -2025 @ 6467.05
c bounds -1598 >= -2024 @ 6507.59
c #Conflicts:     583000 | #Constraints:      90910
c bounds -1598 >= -2023 @ 6548.65
c bounds -1598 >= -2022 @ 6593.99
c bounds -1598 >= -2021 @ 6635.71
c #Conflicts:     584000 | #Constraints:      92195
c bounds -1598 >= -2020 @ 6681.78
c bounds -1598 >= -2019 @ 6730.06
c #Conflicts:     585000 | #Constraints:      93426
c bounds -1598 >= -2018 @ 6783.43
c bounds -1598 >= -2017 @ 6830.04
c #Conflicts:     586000 | #Constraints:      94615
c bounds -1598 >= -2016 @ 6877.89
c bounds -1598 >= -2015 @ 6926.57
c #Conflicts:     587000 | #Constraints:      95816
c bounds -1598 >= -2014 @ 6971.76
c bounds -1598 >= -2013 @ 7019.02
c #Conflicts:     588000 | #Constraints:      97002
c