c RoundingSat 2
c branch 
c commit 
c #variables 1890 #constraints 3566
c bounds - >= -3150 @ 0.008818
c bounds 0 >= -3150 @ 0.010787
c bounds 0 >= -3134 @ 0.010887
c bounds 0 >= -3118 @ 0.010935
c bounds 0 >= -3102 @ 0.010984
c bounds 0 >= -3086 @ 0.011087
c bounds 0 >= -3070 @ 0.011208
c bounds 0 >= -3054 @ 0.011328
c bounds 0 >= -3038 @ 0.011448
c bounds 0 >= -3022 @ 0.011564
c bounds 0 >= -3006 @ 0.011682
c bounds 0 >= -2990 @ 0.011799
c bounds 0 >= -2974 @ 0.011915
c bounds 0 >= -2958 @ 0.012034
c bounds 0 >= -2942 @ 0.012149
c bounds 0 >= -2926 @ 0.012265
c bounds 0 >= -2910 @ 0.01238
c bounds 0 >= -2894 @ 0.012495
c bounds 0 >= -2878 @ 0.012608
c bounds 0 >= -2862 @ 0.012721
c bounds 0 >= -2846 @ 0.012836
c bounds 0 >= -2830 @ 0.012949
c bounds 0 >= -2814 @ 0.013064
c bounds 0 >= -2798 @ 0.013178
c bounds 0 >= -2782 @ 0.013291
c bounds 0 >= -2766 @ 0.013404
c bounds 0 >= -2750 @ 0.013516
c bounds 0 >= -2734 @ 0.013628
c bounds 0 >= -2718 @ 0.01374
c bounds 0 >= -2702 @ 0.013851
c bounds 0 >= -2686 @ 0.013964
c bounds 0 >= -2670 @ 0.014084
c bounds 0 >= -2654 @ 0.014199
c bounds 0 >= -2638 @ 0.014311
c bounds 0 >= -2622 @ 0.014423
c bounds 0 >= -2606 @ 0.014534
c bounds 0 >= -2590 @ 0.014646
c bounds 0 >= -2574 @ 0.014758
c bounds 0 >= -2558 @ 0.014869
c bounds 0 >= -2542 @ 0.014982
c bounds 0 >= -2526 @ 0.015095
c bounds 0 >= -2510 @ 0.015206
c bounds 0 >= -2494 @ 0.015317
c bounds 0 >= -2478 @ 0.015428
c bounds 0 >= -2462 @ 0.015538
c bounds -4 >= -2462 @ 0.01721
c bounds -4 >= -2446 @ 0.01721
c bounds -4 >= -2430 @ 0.01721
c bounds -4 >= -2414 @ 0.01721
c bounds -4 >= -2398 @ 0.01721
c bounds -4 >= -2382 @ 0.01721
c bounds -4 >= -2366 @ 0.01721
c bounds -4 >= -2350 @ 0.01721
c bounds -4 >= -2334 @ 0.01721
c bounds -4 >= -2318 @ 0.017297
c bounds -4 >= -2302 @ 0.017412
c bounds -4 >= -2286 @ 0.017525
c bounds -4 >= -2270 @ 0.017638
c bounds -4 >= -2254 @ 0.017749
c bounds -4 >= -2238 @ 0.01786
c bounds -4 >= -2222 @ 0.01797
c bounds -4 >= -2206 @ 0.01808
c bounds -4 >= -2190 @ 0.01816
c bounds -4 >= -2174 @ 0.018256
c bounds -4 >= -2158 @ 0.018368
c bounds -4 >= -2142 @ 0.018482
c bounds -4 >= -2126 @ 0.018591
c bounds -4 >= -2110 @ 0.018701
c bounds -4 >= -2094 @ 0.01881
c bounds -4 >= -2078 @ 0.01892
c bounds -4 >= -2062 @ 0.019029
c bounds -4 >= -2046 @ 0.01914
c bounds -4 >= -2030 @ 0.019253
c bounds -4 >= -2014 @ 0.019362
c bounds -4 >= -1998 @ 0.019472
c bounds -4 >= -1982 @ 0.01958
c bounds -4 >= -1966 @ 0.019688
c bounds -4 >= -1950 @ 0.019796
c bounds -4 >= -1934 @ 0.019907
c bounds -4 >= -1918 @ 0.020016
c bounds -4 >= -1902 @ 0.020126
c bounds -4 >= -1886 @ 0.020237
c bounds -4 >= -1870 @ 0.020347
c bounds -4 >= -1854 @ 0.020457
c bounds -4 >= -1838 @ 0.020566
c bounds -4 >= -1822 @ 0.02068
c bounds -4 >= -1806 @ 0.020793
c bounds -4 >= -1790 @ 0.020901
c bounds -4 >= -1774 @ 0.02101
c bounds -4 >= -1758 @ 0.021124
c bounds -4 >= -1742 @ 0.021232
c bounds -4 >= -1726 @ 0.021341
c bounds -4 >= -1710 @ 0.02145
c bounds -5 >= -1710 @ 0.026081
c bounds -6 >= -1710 @ 0.02627
c bounds -10 >= -1710 @ 0.027511
c bounds -11 >= -1710 @ 0.028472
c bounds -15 >= -1710 @ 0.029297
c bounds -19 >= -1710 @ 0.030253
c bounds -20 >= -1710 @ 0.031235
c bounds -24 >= -1710 @ 0.031616
c bounds -28 >= -1710 @ 0.032356
c bounds -32 >= -1710 @ 0.032356
c bounds -32 >= -1700 @ 0.033406
c bounds -36 >= -1700 @ 0.034334
c bounds -40 >= -1700 @ 0.03516
c bounds -41 >= -1700 @ 0.036097
c bounds -41 >= -1690 @ 0.038009
c bounds -42 >= -1690 @ 0.038315
c bounds -46 >= -1690 @ 0.03947
c bounds -46 >= -1680 @ 0.042
c bounds -50 >= -1680 @ 0.042603
c bounds -54 >= -1680 @ 0.043895
c bounds -58 >= -1680 @ 0.045286
c bounds -59 >= -1680 @ 0.046245
c bounds -60 >= -1680 @ 0.047225
c bounds -60 >= -1670 @ 0.051898
c bounds -64 >= -1670 @ 0.052474
c bounds -68 >= -1670 @ 0.05346
c bounds -69 >= -1670 @ 0.053841
c bounds -73 >= -1670 @ 0.055239
c bounds -77 >= -1670 @ 0.056616
c bounds -81 >= -1670 @ 0.058008
c bounds -85 >= -1670 @ 0.059374
c bounds -89 >= -1670 @ 0.060768
c bounds -89 >= -1660 @ 0.068724
c bounds -90 >= -1660 @ 0.069396
c bounds -94 >= -1660 @ 0.070486
c bounds -98 >= -1660 @ 0.072022
c bounds -99 >= -1660 @ 0.073044
c bounds -103 >= -1660 @ 0.074463
c bounds -104 >= -1660 @ 0.075474
c bounds -108 >= -1660 @ 0.075909
c bounds -112 >= -1660 @ 0.07733
c bounds -116 >= -1660 @ 0.078723
c bounds -120 >= -1660 @ 0.080137
c bounds -121 >= -1660 @ 0.081097
c bounds -125 >= -1660 @ 0.081543
c bounds -126 >= -1660 @ 0.082501
c bounds -126 >= -1650 @ 0.089976
c bounds -130 >= -1650 @ 0.091544
c bounds -134 >= -1650 @ 0.092545
c bounds -135 >= -1650 @ 0.09255
c bounds -139 >= -1650 @ 0.093359
c bounds -140 >= -1650 @ 0.094341
c bounds -144 >= -1650 @ 0.095743
c bounds -148 >= -1650 @ 0.097164
c bounds -152 >= -1650 @ 0.098547
c bounds -153 >= -1650 @ 0.099538
c bounds -157 >= -1650 @ 0.100511
c bounds -160 >= -1650 @ 0.102788
c bounds -166 >= -1650 @ 0.105659
c bounds -166 >= -1640 @ 0.107005
c bounds -170 >= -1640 @ 0.111513
c bounds -170 >= -1630 @ 0.113624
c bounds -171 >= -1630 @ 0.114757
c bounds -171 >= -1620 @ 0.115499
c bounds -175 >= -1620 @ 0.116385
c bounds -179 >= -1620 @ 0.117892
c bounds -179 >= -1610 @ 0.119265
c bounds -182 >= -1610 @ 0.121645
c bounds -182 >= -1600 @ 0.123439
c bounds -188 >= -1600 @ 0.124456
c bounds -188 >= -1590 @ 0.124716
c bounds -191 >= -1590 @ 0.127991
c bounds -191 >= -1580 @ 0.128427
c bounds -191 >= -1570 @ 0.129662
c bounds -195 >= -1570 @ 0.131871
c bounds -195 >= -1560 @ 0.132403
c bounds -198 >= -1560 @ 0.133402
c bounds -198 >= -1550 @ 0.134938
c bounds -199 >= -1550 @ 0.1387
c #Conflicts:       1000 | #Constraints:       4963
c bounds -199 >= -1540 @ 0.140366
c bounds -200 >= -1540 @ 0.142671
c bounds -200 >= -1530 @ 0.144242
c bounds -200 >= -1520 @ 0.145752
c bounds -201 >= -1520 @ 0.148446
c bounds -201 >= -1510 @ 0.150798
c bounds -201 >= -1500 @ 0.152294
c bounds -201 >= -1490 @ 0.152449
c bounds -203 >= -1490 @ 0.153371
c bounds -203 >= -1480 @ 0.153371
c bounds -203 >= -1470 @ 0.154406
c bounds -207 >= -1470 @ 0.156672
c bounds -207 >= -1460 @ 0.158033
c bounds -207 >= -1450 @ 0.159828
c bounds -208 >= -1450 @ 0.162439
c bounds -208 >= -1440 @ 0.175283
c bounds -209 >= -1440 @ 0.176103
c bounds -213 >= -1440 @ 0.177297
c bounds -214 >= -1440 @ 0.177297
c bounds -215 >= -1440 @ 0.177646
c bounds -219 >= -1440 @ 0.179171
c bounds -220 >= -1440 @ 0.183306
c bounds -224 >= -1440 @ 0.192506
c bounds -224 >= -1430 @ 0.209299
c bounds -228 >= -1430 @ 0.2164
c bounds -229 >= -1430 @ 0.218173
c bounds -233 >= -1430 @ 0.226168
c bounds -233 >= -1420 @ 0.239917
c bounds -234 >= -1420 @ 0.24409
c #Conflicts:       2000 | #Constraints:       6024
c INPROCESSING
c GARBAGE COLLECT
c bounds -235 >= -1420 @ 0.282133
c bounds -235 >= -1410 @ 0.293733
c bounds -236 >= -1410 @ 0.295477
c bounds -237 >= -1410 @ 0.297914
c bounds -237 >= -1405 @ 0.299921
c bounds -237 >= -1400 @ 0.30345
c bounds -237 >= -1395 @ 0.305562
c bounds -237 >= -1390 @ 0.307605
c bounds -237 >= -1385 @ 0.311937
c bounds -237 >= -1380 @ 0.315694
c bounds -237 >= -1375 @ 0.317995
c bounds -237 >= -1370 @ 0.319853
c bounds -237 >= -1365 @ 0.32297
c bounds -237 >= -1360 @ 0.325814
c bounds -237 >= -1355 @ 0.32683
c bounds -237 >= -1350 @ 0.330385
c bounds -239 >= -1350 @ 0.332289
c bounds -239 >= -1345 @ 0.333302
c bounds -241 >= -1345 @ 0.334914
c bounds -241 >= -1340 @ 0.33834
c bounds -243 >= -1340 @ 0.339901
c bounds -245 >= -1340 @ 0.341732
c bounds -245 >= -1335 @ 0.344816
c bounds -247 >= -1335 @ 0.34655
c bounds -247 >= -1330 @ 0.349809
c bounds -249 >= -1330 @ 0.351677
c bounds -251 >= -1330 @ 0.353007
c bounds -253 >= -1330 @ 0.354268
c #Conflicts:       3000 | #Constraints:       5924
c bounds -253 >= -1325 @ 0.357648
c bounds -255 >= -1325 @ 0.358642
c bounds -257 >= -1325 @ 0.360941
c bounds -257 >= -1320 @ 0.363619
c bounds -259 >= -1320 @ 0.365772
c bounds -263 >= -1320 @ 0.367597
c bounds -263 >= -1315 @ 0.369827
c bounds -267 >= -1315 @ 0.37174
c bounds -271 >= -1315 @ 0.373291
c bounds -271 >= -1310 @ 0.378374
c bounds -275 >= -1310 @ 0.381145
c bounds -279 >= -1310 @ 0.38382
c bounds -283 >= -1310 @ 0.386428
c bounds -283 >= -1305 @ 0.3875
c bounds -287 >= -1305 @ 0.388516
c bounds -287 >= -1300 @ 0.396253
c bounds -291 >= -1300 @ 0.399063
c bounds -295 >= -1300 @ 0.401681
c bounds -299 >= -1300 @ 0.40324
c bounds -303 >= -1300 @ 0.404857
c bounds -307 >= -1300 @ 0.407376
c bounds -307 >= -1295 @ 0.419525
c bounds -311 >= -1295 @ 0.422394
c bounds -315 >= -1295 @ 0.423394
c bounds -319 >= -1295 @ 0.424489
c bounds -323 >= -1295 @ 0.426993
c bounds -327 >= -1295 @ 0.429529
c bounds -331 >= -1295 @ 0.430357
c bounds -335 >= -1295 @ 0.432479
c bounds -339 >= -1295 @ 0.433343
c bounds -343 >= -1295 @ 0.435263
c bounds -347 >= -1295 @ 0.437542
c bounds -351 >= -1295 @ 0.439631
c bounds -355 >= -1295 @ 0.440716
c bounds -357 >= -1295 @ 0.441877
c bounds -361 >= -1295 @ 0.444417
c bounds -362 >= -1295 @ 0.445294
c bounds -362 >= -1290 @ 0.463693
c bounds -363 >= -1290 @ 0.466402
c bounds -364 >= -1290 @ 0.467207
c bounds -365 >= -1290 @ 0.469011
c bounds -366 >= -1290 @ 0.470542
c bounds -367 >= -1290 @ 0.471574
c bounds -368 >= -1290 @ 0.473176
c bounds -369 >= -1290 @ 0.474313
c bounds -371 >= -1290 @ 0.476161
c bounds -373 >= -1290 @ 0.477154
c bounds -377 >= -1290 @ 0.47815
c bounds -379 >= -1290 @ 0.480146
c bounds -380 >= -1290 @ 0.481287
c bounds -384 >= -1290 @ 0.483348
c bounds -388 >= -1290 @ 0.485579
c bounds -389 >= -1290 @ 0.487463
c bounds -393 >= -1290 @ 0.489654
c bounds -397 >= -1290 @ 0.491818
c bounds -399 >= -1290 @ 0.493793
c bounds -403 >= -1290 @ 0.49595
c bounds -404 >= -1290 @ 0.496898
c bounds -405 >= -1290 @ 0.497758
c bounds -409 >= -1290 @ 0.49994
c bounds -409 >= -1285 @ 0.534754
c bounds -413 >= -1285 @ 0.53733
c bounds -417 >= -1285 @ 0.538926
c bounds -421 >= -1285 @ 0.539925
c bounds -422 >= -1285 @ 0.540919
c bounds -426 >= -1285 @ 0.542628
c bounds -428 >= -1285 @ 0.543905
c bounds -432 >= -1285 @ 0.545158
c bounds -433 >= -1285 @ 0.54626
c bounds -435 >= -1285 @ 0.547255
c #Conflicts:       4000 | #Constraints:       7066
c bounds -439 >= -1285 @ 0.572972
c bounds -443 >= -1285 @ 0.605193
c bounds -443 >= -1280 @ 0.606668
c INPROCESSING
c GARBAGE COLLECT
c bounds -443 >= -1275 @ 0.618384
c bounds -443 >= -1270 @ 0.620437
c bounds -443 >= -1265 @ 0.622599
c bounds -443 >= -1260 @ 0.624589
c bounds -443 >= -1255 @ 0.62651
c bounds -443 >= -1250 @ 0.62968
c bounds -443 >= -1245 @ 0.632351
c bounds -443 >= -1240 @ 0.632665
c bounds -443 >= -1235 @ 0.635047
c bounds -443 >= -1230 @ 0.639526
c bounds -443 >= -1225 @ 0.648808
c bounds -445 >= -1225 @ 0.660195
c bounds -445 >= -1220 @ 0.6669
c bounds -447 >= -1220 @ 0.667928
c #Conflicts:       5000 | #Constraints:       6474
c bounds -447 >= -1215 @ 0.68045
c bounds -451 >= -1215 @ 0.703065
c bounds -451 >= -1210 @ 0.717542
c bounds -455 >= -1210 @ 0.720439
c bounds -455 >= -1205 @ 0.724145
c bounds -456 >= -1205 @ 0.730012
c bounds -456 >= -1200 @ 0.731159
c bounds -456 >= -1195 @ 0.733187
c bounds -456 >= -1190 @ 0.734794
c bounds -456 >= -1185 @ 0.738638
c bounds -457 >= -1185 @ 0.742495
c bounds -457 >= -1180 @ 0.74831
c bounds -458 >= -1180 @ 0.753774
c #Conflicts:       6000 | #Constraints:       7539
c bounds -458 >= -1175 @ 0.769803
c bounds -460 >= -1175 @ 0.772224
c #Conflicts:       7000 | #Constraints:       8546
c bounds -461 >= -1175 @ 2.3049
c #Conflicts:       8000 | #Constraints:       9547
c bounds -461 >= -1170 @ 2.39411
c bounds -461 >= -1165 @ 2.47558
c #Conflicts:       9000 | #Constraints:      10586
c INPROCESSING
c GARBAGE COLLECT
c #Conflicts:      10000 | #Constraints:       8184
c bounds -461 >= -1160 @ 2.69979
c #Conflicts:      11000 | #Constraints:       9202
c #Conflicts:      12000 | #Constraints:      10202
c bounds -461 >= -1155 @ 3.06469
c INPROCESSING
c GARBAGE COLLECT
c #Conflicts:      13000 | #Constraints:       7793
c #Conflicts:      14000 | #Constraints:       8793
c bounds -461 >= -1150 @ 3.50594
c #Conflicts:      15000 | #Constraints:       9811
c #Conflicts:      16000 | #Constraints:      10811
c bounds -461 >= -1145 @ 3.99018
c #Conflicts:      17000 | #Constraints:      11829
c #Conflicts:      18000 | #Constraints:      12829
c bounds -461 >= -1140 @ 4.66388
c #Conflicts:      19000 | #Constraints:      13853
c #Conflicts:      20000 | #Constraints:      14853
c #Conflicts:      21000 | #Constraints:      15853
c INPROCESSING
c GARBAGE COLLECT
c #Conflicts:      22000 | #Constraints:      11032
c bounds -461 >= -1135 @ 5.77855
c bounds -463 >= -1135 @ 5.83133
c bounds -464 >= -1135 @ 5.83886
c bounds -466 >= -1135 @ 5.8459
c #Conflicts:      23000 | #Constraints:      12059
c #Conflicts:      24000 | #Constraints:      13059
c #Conflicts:      25000 | #Constraints:      14059
c INPROCESSING
c GARBAGE COLLECT
c #Conflicts:      26000 | #Constraints:       9772
c #Conflicts:      27000 | #Constraints:      10772
c #Conflicts:      28000 | #Constraints:      11772
c bounds -466 >= -1130 @ 11.2028
c bounds -466 >= -1125 @ 11.2222
c bounds -466 >= -1120 @ 11.2307
c #Conflicts:      29000 | #Constraints:      12814
c #Conflicts:      30000 | #Constraints:      13814
c bounds -466 >= -1115 @ 12.0284
c INPROCESSING
c GARBAGE COLLECT
c #Conflicts:      31000 | #Constraints:       9658
c #Conflicts:      32000 | #Constraints:      10658
c #Conflicts:      33000 | #Constraints:      11658
c #Conflicts:      34000 | #Constraints:      12658
c #Conflicts:      35000 | #Constraints:      13658
c #Conflicts:      36000 | #Constraints:      14658
c #Conflicts:      37000 | #Constraints:      15658
c #Conflicts:      38000 | #Constraints:      16658
c #Conflicts:      39000 | #Constraints:      17658
c bounds -466 >= -1110 @ 21.369
c #Conflicts:      40000 | #Constraints:      18667
c #Conflicts:      41000 | #Constraints:      19667
c #Conflicts:      42000 | #Constraints:      20667
c bounds -467 >= -1110 @ 30.3313
c #Conflicts:      43000 | #Constraints:      21668
c INPROCESSING
c GARBAGE COLLECT
c #Conflicts:      44000 | #Constraints:      13893
c #Conflicts:      45000 | #Constraints:      14893
c #Conflicts:      46000 | #Constraints:      15893
c #Conflicts:      47000 | #Constraints:      16893
c #Conflicts:      48000 | #Constraints:      17893
c bounds -468 >= -1110 @ 41.0585
c #Conflicts:      49000 | #Constraints:      18894
c bounds -469 >= -1110 @ 41.3029
c bounds -470 >= -1110 @ 41.9717
c bounds -471 >= -1110 @ 42.1036
c INPROCESSING
c GARBAGE COLLECT
c bounds -472 >= -1110 @ 42.4099
c bounds -474 >= -1110 @ 42.5128
c bounds -476 >= -1110 @ 42.5183
c #Conflicts:      50000 | #Constraints:      12373
c bounds -478 >= -1110 @ 43.7878
c bounds -480 >= -1110 @ 43.8513
c #Conflicts:      51000 | #Constraints:      13375
c #Conflicts:      52000 | #Constraints:      14375
c #Conflicts:      53000 | #Constraints:      15375
c #Conflicts:      54000 | #Constraints:      16375
c #Conflicts:      55000 | #Constraints:      17375
c #Conflicts:      56000 | #Constraints:      18375
c INPROCESSING
c GARBAGE COLLECT
c bounds -480 >= -1106 @ 58.0641
c bounds -480 >= -1102 @ 58.0645
c bounds -480 >= -1098 @ 58.0647
c bounds -480 >= -1094 @ 58.0647
c bounds -480 >= -1090 @ 58.0647
c bounds -480 >= -1086 @ 58.0647
c bounds -480 >= -1082 @ 58.0647
c bounds -480 >= -1078 @ 58.0654
c bounds -480 >= -1074 @ 58.0661
c bounds -480 >= -1066 @ 58.0668
c bounds -480 >= -1062 @ 58.0675
c bounds -480 >= -1058 @ 58.0677
c bounds -480 >= -1054 @ 58.068
c bounds -480 >= -1050 @ 58.0688
c bounds -480 >= -1042 @ 58.0695
c bounds -480 >= -1038 @ 58.0697
c bounds -480 >= -1034 @ 58.0697
c bounds -480 >= -1030 @ 58.07
c bounds -480 >= -1026 @ 58.0707
c bounds -480 >= -1022 @ 58.071
c bounds -480 >= -1018 @ 58.0717
c bounds -480 >= -1014 @ 58.0723
c bounds -480 >= -1010 @ 58.0726
c bounds -480 >= -1006 @ 58.0726
c bounds -480 >= -1002 @ 58.0726
c bounds -480 >= -998 @ 58.0728
c bounds -480 >= -994 @ 58.0736
c bounds -480 >= -990 @ 58.0745
c bounds -480 >= -986 @ 58.0752
c bounds -480 >= -978 @ 58.076
c bounds -480 >= -974 @ 58.0766
c bounds -480 >= -970 @ 58.0766
c bounds -480 >= -966 @ 58.0774
c bounds -480 >= -962 @ 58.0776
c bounds -480 >= -958 @ 58.0781
c bounds -480 >= -954 @ 58.0789
c bounds -480 >= -950 @ 58.0797
c bounds -480 >= -946 @ 58.0805
c bounds -480 >= -942 @ 58.0806
c bounds -480 >= -938 @ 58.0806
c bounds -480 >= -934 @ 58.0809
c bounds -480 >= -930 @ 58.0817
c bounds -480 >= -926 @ 58.0827
c bounds -480 >= -922 @ 58.0836
c bounds -480 >= -918 @ 58.0844
c bounds -480 >= -914 @ 58.0852
c bounds -480 >= -910 @ 58.0856
c bounds -480 >= -906 @ 58.0856
c bounds -480 >= -902 @ 58.0856
c bounds -480 >= -898 @ 58.0867
c bounds -480 >= -894 @ 58.0875
c bounds -480 >= -890 @ 58.0876
c bounds -480 >= -886 @ 58.0876
c bounds -480 >= -882 @ 58.0885
c bounds -480 >= -878 @ 58.0886
c bounds -480 >= -874 @ 58.0886
c bounds -480 >= -870 @ 58.0887
c bounds -480 >= -866 @ 58.0898
c bounds -480 >= -862 @ 58.0908
c bounds -480 >= -858 @ 58.0916
c bounds -480 >= -854 @ 58.0923
c bounds -480 >= -850 @ 58.0926
c bounds -480 >= -846 @ 58.0926
c bounds -480 >= -842 @ 58.0938
c bounds -480 >= -838 @ 58.0949
c bounds -480 >= -834 @ 58.0956
c bounds -480 >= -830 @ 58.0964
c bounds -480 >= -826 @ 58.0966
c bounds -480 >= -822 @ 58.0979
c bounds -480 >= -818 @ 58.0986
c bounds -480 >= -814 @ 58.0986
c bounds -480 >= -810 @ 58.0995
c bounds -480 >= -806 @ 58.1005
c bounds -480 >= -802 @ 58.1005
c bounds -480 >= -798 @ 58.1015
c bounds -480 >= -794 @ 58.1018
c bounds -480 >= -790 @ 58.1048
c bounds -480 >= -786 @ 58.1077
c bounds -480 >= -782 @ 58.1085
c bounds -480 >= -778 @ 58.1119
c bounds -480 >= -774 @ 58.1136
c bounds -480 >= -770 @ 58.1177
c bounds -480 >= -766 @ 58.1185
c bounds -480 >= -762 @ 58.1198
c bounds -480 >= -758 @ 58.121
c bounds -480 >= -754 @ 58.1222
c bounds -480 >= -750 @ 58.1248
c bounds -480 >= -746 @ 58.1285
c bounds -480 >= -742 @ 58.1518
c bounds -480 >= -738 @ 58.1871
c bounds -480 >= -734 @ 58.2212
c bounds -480 >= -730 @ 58.2346
c bounds -480 >= -726 @ 58.2748
c #Conflicts:      57000 | #Constraints:      12815
c bounds -480 >= -722 @ 58.4201
c bounds -480 >= -718 @ 58.5068
c bounds -480 >= -714 @ 58.773
c #Conflicts:      58000 | #Constraints:      13896
c bounds -480 >= -710 @ 59.2356
c #Conflicts:      59000 | #Constraints:      14929
c #Conflicts:      60000 | #Constraints:      15929
c bounds -480 >= -706 @ 60.029
c #Conflicts:      61000 | #Constraints:      16956
c bounds -480 >= -702 @ 60.7193
c #Conflicts:      62000 | #Constraints:      17983
c INPROCESSING
c GARBAGE COLLECT
c #Conflicts:      63000 | #Constraints:      11987
c bounds -480 >= -698 @ 62.3762
c #Conflicts:      64000 | #Constraints:      13014
c bounds -480 >= -694 @ 63.0882
c #Conflicts:      65000 | #Constraints:      14056
c #Conflicts:      66000 | #Constraints:      15056
c bounds -480 >= -690 @ 64.2062
c #Conflicts:      67000 | #Constraints:      16095
c #Conflicts:      68000 | #Constraints:      17095
c #Conflicts:      69000 | #Constraints:      18095
c bounds -480 >= -686 @ 66.8485
c #Conflicts:      70000 | #Constraints:      19137
c #Conflicts:      71000 | #Constraints:      20137
c #Conflicts:      72000 | #Constraints:      21137
c bounds -480 >= -682 @ 70.1282
c bounds -480 >= -678 @ 70.4076
c #Conflicts:      73000 | #Constraints:      22170
c #Conflicts:      74000 | #Constraints:      23170
c #Conflicts:      75000 | #Constraints:      24170
c bounds -480 >= -674 @ 73.6846
c #Conflicts:      76000 | #Constraints:      25200
c #Conflicts:      77000 | #Constraints:      26200
c #Conflicts:      78000 | #Constraints:      27200
c #Conflicts:      79000 | #Constraints:      28200
c bounds -480 >= -670 @ 79.1236
c #Conflicts:      80000 | #Constraints:      29257
c INPROCESSING
c GARBAGE COLLECT
c #Conflicts:      81000 | #Constraints:      17887
c #Conflicts:      82000 | #Constraints:      18887
c #Conflicts:      83000 | #Constraints:      19887
c #Conflicts:      84000 | #Constraints:      20887
c #Conflicts:      85000 | #Constraints:      21887
c bounds -480 >= -666 @ 87.1596
c #Conflicts:      86000 | #Constraints:      22923
c #Conflicts:      87000 | #Constraints:      23923
c #Conflicts:      88000 | #Constraints:      24923
c INPROCESSING
c GARBAGE COLLECT
c #Conflicts:      89000 | #Constraints:      15712
c #Conflicts:      90000 | #Constraints:      16712
c #Conflicts:      91000 | #Constraints:      17712
c #Conflicts:      92000 | #Constraints:      18712
c #Conflicts:      93000 | #Constraints:      19712
c #Conflicts:      94000 | #Constraints:      20712
c #Conflicts:      95000 | #Constraints:      21712
c #Conflicts:      96000 | #Constraints:      22712
c #Conflicts:      97000 | #Constraints:      23712
c #Conflicts:      98000 | #Constraints:      24712
c #Conflicts:      99000 | #Constraints:      25712
c #Conflicts:     100000 | #Constraints:      26712
c #Conflicts:     101000 | #Constraints:      27712
c #Conflicts:     102000 | #Constraints:      28712
c #Conflicts:     103000 | #Constraints:      29712
c #Conflicts:     104000 | #Constraints:      30712
c #Conflicts:     105000 | #Constraints:      31712
c #Conflicts:     106000 | #Constraints:      32712
c #Conflicts:     107000 | #Constraints:      33712
c #Conflicts:     108000 | #Constraints:      34712
c #Conflicts:     109000 | #Constraints:      35712
c INPROCESSING
c GARBAGE COLLECT
c #Conflicts:     110000 | #Constraints:      21222
c #Conflicts:     111000 | #Constraints:      22222
c #Conflicts:     112000 | #Constraints:      23222
c #Conflicts:     113000 | #Constraints:      24222
c #Conflicts:     114000 | #Constraints:      25222
c #Conflicts:     115000 | #Constraints:      26222
c #Conflicts:     116000 | #Constraints:      27222
c #Conflicts:     117000 | #Constraints:      28222
c #Conflicts:     118000 | #Constraints:      29222
c INPROCESSING
c GARBAGE COLLECT
c #Conflicts:     119000 | #Constraints:      17882
c #Conflicts:     120000 | #Constraints:      18882
c bounds -480 >= -662 @ 240.333
c #Conflicts:     121000 | #Constraints:      19936
c #Conflicts:     122000 | #Constraints:      20936
c #Conflicts:     123000 | #Constraints:      21936
c #Conflicts:     124000 | #Constraints:      22936
c #Conflicts:     125000 | #Constraints:      23936
c #Conflicts:     126000 | #Constraints:      24936
c #Conflicts:     127000 | #Constraints:      25936
c #Conflicts:     128000 | #Constraints:      26936
c INPROCESSING
c GARBAGE COLLECT
c #Conflicts:     129000 | #Constraints:      17234
c #Conflicts:     130000 | #Constraints:      18234
c #Conflicts:     131000 | #Constraints:      19234
c #Conflicts:     132000 | #Constraints:      20234
c #Conflicts:     133000 | #Constraints:      21234
c #Conflicts:     134000 | #Constraints:      22234
c #Conflicts:     135000 | #Constraints:      23234
c #Conflicts:     136000 | #Constraints:      24234
c #Conflicts:     137000 | #Constraints:      25234
c #Conflicts:     138000 | #Constraints:      26234
c #Conflicts:     139000 | #Constraints:      27234
c #Conflicts:     140000 | #Constraints:      28234
c #Conflicts:     141000 | #Constraints:      29234
c bounds -480 >= -658 @ 280.699
c #Conflicts:     142000 | #Constraints:      30300
c #Conflicts:     143000 | #Constraints:      31300
c #Conflicts:     144000 | #Constraints:      32300
c #Conflicts:     145000 | #Constraints:      33300
c #Conflicts:     146000 | #Constraints:      34300
c #Conflicts:     147000 | #Constraints:      35300
c #Conflicts:     148000 | #Constraints:      36300
c #Conflicts:     149000 | #Constraints:      37300
c #Conflicts:     150000 | #Constraints:      38300
c #Conflicts:     151000 | #Constraints:      39300
c #Conflicts:     152000 | #Constraints:      40300
c #Conflicts:     153000 | #Constraints:      41300
c INPROCESSING
c GARBAGE COLLECT
c #Conflicts:     154000 | #Constraints:      24151
c #Conflicts:     155000 | #Constraints:      25151
c #Conflicts:     156000 | #Constraints:      26151
c #Conflicts:     157000 | #Constraints:      27151
c #Conflicts:     158000 | #Constraints:      28151
c #Conflicts:     159000 | #Constraints:      29151
c #Conflicts:     160000 | #Constraints:      30151
c #Conflicts:     161000 | #Constraints:      31151
c #Conflicts:     162000 | #Constraints:      32151
c #Conflicts:     163000 | #Constraints:      33151
c INPROCESSING
c GARBAGE COLLECT
c #Conflicts:     164000 | #Constraints:      19714
c #Conflicts:     165000 | #Constraints:      20714
c #Conflicts:     166000 | #Constraints:      21714
c #Conflicts:     167000 | #Constraints:      22714
c #Conflicts:     168000 | #Constraints:      23714
c #Conflicts:     169000 | #Constraints:      24714
c #Conflicts:     170000 | #Constraints:      25714
c #Conflicts:     171000 | #Constraints:      26714
c #Conflicts:     172000 | #Constraints:      27714
c #Conflicts:     173000 | #Constraints:      28714
c #Conflicts:     174000 | #Constraints:      29714
c #Conflicts:     175000 | #Constraints:      30714
c #Conflicts:     176000 | #Constraints:      31714
c #Conflicts:     177000 | #Constraints:      32714
c #Conflicts:     178000 | #Constraints:      33714
c #Conflicts:     179000 | #Constraints:      34714
c #Conflicts:     180000 | #Constraints:      35714
c #Conflicts:     181000 | #Constraints:      36714
c #Conflicts:     182000 | #Constraints:      37714
c #Conflicts:     183000 | #Constraints:      38714
c #Conflicts:     184000 | #Constraints:      39714
c bounds -480 >= -654 @ 446.185
c #Conflicts:     185000 | #Constraints:      40777
c #Conflicts:     186000 | #Constraints:      41777
c #Conflicts:     187000 | #Constraints:      42777
c #Conflicts:     188000 | #Constraints:      43777
c #Conflicts:     189000 | #Constraints:      44777
c #Conflicts:     190000 | #Constraints:      45777
c #Conflicts:     191000 | #Constraints:      46777
c INPROCESSING
c GARBAGE COLLECT
c #Conflicts:     192000 | #Constraints:      26480
c #Conflicts:     193000 | #Constraints:      27480
c #Conflicts:     194000 | #Constraints:      28480
c #Conflicts:     195000 | #Constraints:      29480
c #Conflicts:     196000 | #Constraints:      30480
c #Conflicts:     197000 | #Constraints:      31480
c #Conflicts:     198000 | #Constraints:      32480
c #Conflicts:     199000 | #Constraints:      33480
c #Conflicts:     200000 | #Constraints:      34480
c #Conflicts:     201000 | #Constraints:      35480
c #Conflicts:     202000 | #Constraints:      36480
c #Conflicts:     203000 | #Constraints:      37480
c #Conflicts:     204000 | #Constraints:      38480
c INPROCESSING
c GARBAGE COLLECT
c #Conflicts:     205000 | #Constraints:      22784
c #Conflicts:     206000 | #Constraints:      23784
c #Conflicts:     207000 | #Constraints:      24784
c #Conflicts:     208000 | #Constraints:      25784
c #Conflicts:     209000 | #Constraints:      26784
c #Conflicts:     210000 | #Constraints:      27784
c #Conflicts:     211000 | #Constraints:      28784
c #Conflicts:     212000 | #Constraints:      29784
c #Conflicts:     213000 | #Constraints:      30784
c #Conflicts:     214000 | #Constraints:      31784
c #Conflicts:     215000 | #Constraints:      32784
c #Conflicts:     216000 | #Constraints:      33784
c #Conflicts:     217000 | #Constraints:      34784
c #Conflicts:     218000 | #Constraints:      35784
c #Conflicts:     219000 | #Constraints:      36784
c #Conflicts:     220000 | #Constraints:      37784
c #Conflicts:     221000 | #Constraints:      38784
c #Conflicts:     222000 | #Constraints:      39784
c #Conflicts:     223000 | #Constraints:      40784
c #Conflicts:     224000 | #Constraints:      41784
c #Conflicts:     225000 | #Constraints:      42784
c #Conflicts:     226000 | #Constraints:      43784
c #Conflicts:     227000 | #Constraints:      44784
c #Conflicts:     228000 | #Constraints:      45784
c #Conflicts:     229000 | #Constraints:      46784
c #Conflicts:     230000 | #Constraints:      47784
c #Conflicts:     231000 | #Constraints:      48784
c #Conflicts:     232000 | #Constraints:      49784
c #Conflicts:     233000 | #Constraints:      50784
c #Conflicts:     234000 | #Constraints:      51784
c #Conflicts:     235000 | #Constraints:      52784
c INPROCESSING
c GARBAGE COLLECT
c #Conflicts:     236000 | #Constraints:      29851
c #Conflicts:     237000 | #Constraints:      30851
c #Conflicts:     238000 | #Constraints:      31851
c #Conflicts:     239000 | #Constraints:      32851
c #Conflicts:     240000 | #Constraints:      33851
c #Conflicts:     241000 | #Constraints:      34851
c #Conflicts:     242000 | #Constraints:      35851
c #Conflicts:     243000 | #Constraints:      36851
c #Conflicts:     244000 | #Constraints:      37851
c #Conflicts:     245000 | #Constraints:      38851
c #Conflicts:     246000 | #Constraints:      39851
c #Conflicts:     247000 | #Constraints:      40851
c #Conflicts:     248000 | #Constraints:      41851
c INPROCESSING
c GARBAGE COLLECT
c #Conflicts:     249000 | #Constraints:      24185
c #Conflicts:     250000 | #Constraints:      25185
c #Conflicts:     251000 | #Constraints:      26185
c #Conflicts:     252000 | #Constraints:      27185
c #Conflicts:     253000 | #Constraints:      28185
c #Conflicts:     254000 | #Constraints:      29185
c #Conflicts:     255000 | #Constraints:      30185
c #Conflicts:     256000 | #Constraints:      31185
c #Conflicts:     257000 | #Constraints:      32185
c #Conflicts:     258000 | #Constraints:      33185
c #Conflicts:     259000 | #Constraints:      34185
c #Conflicts:     260000 | #Constraints:      35185
c #Conflicts:     261000 | #Constraints:      36185
c #Conflicts:     262000 | #Constraints:      37185
c INPROCESSING
c GARBAGE COLLECT
c #Conflicts:     263000 | #Constraints:      22921
c #Conflicts:     264000 | #Constraints:      23921
c #Conflicts:     265000 | #Constraints:      24921
c #Conflicts:     266000 | #Constraints:      25921
c #Conflicts:     267000 | #Constraints:      26921
c #Conflicts:     268000 | #Constraints:      27921
c #Conflicts:     269000 | #Constraints:      28921
c #Conflicts:     270000 | #Constraints:      29921
c #Conflicts:     271000 | #Constraints:      30921
c #Conflicts:     272000 | #Constraints:      31921
c #Conflicts:     273000 | #Constraints:      32921
c #Conflicts:     274000 | #Constraints:      33921
c #Conflicts:     275000 | #Constraints:      34921
c #Conflicts:     276000 | #Constraints:      35921
c #Conflicts:     277000 | #Constraints:      36921
c #Conflicts:     278000 | #Constraints:      37921
c #Conflicts:     279000 | #Constraints:      38921
c #Conflicts:     280000 | #Constraints:      39921
c #Conflicts:     281000 | #Constraints:      40921
c #Conflicts:     282000 | #Constraints:      41921
c bounds -480 >= -650 @ 1069.23
c #Conflicts:     283000 | #Constraints:      42993
c #Conflicts:     284000 | #Constraints:      43993
c #Conflicts:     285000 | #Constraints:      44993
c #Conflicts:     286000 | #Constraints:      45993
c #Conflicts:     287000 | #Constraints:      46993
c #Conflicts:     288000 | #Constraints:      47993
c #Conflicts:     289000 | #Constraints:      48993
c #Conflicts:     290000 | #Constraints:      49993
c #Conflicts:     291000 | #Constraints:      50993
c #Conflicts:     292000 | #Constraints:      51993
c #Conflicts:     293000 | #Constraints:      52993
c #Conflicts:     294000 | #Constraints:      53993
c #Conflicts:     295000 | #Constraints:      54993
c #Conflicts:     296000 | #Constraints:      55993
c #Conflicts:     297000 | #Constraints:      56993
c INPROCESSING
c GARBAGE COLLECT
c #Conflicts:     298000 | #Constraints:      31781
c #Conflicts:     299000 | #Constraints:      32781
c #Conflicts:     300000 | #Constraints:      33781
c #Conflicts:     301000 | #Constraints:      34781
c #Conflicts:     302000 | #Constraints:      35781
c #Conflicts:     303000 | #Constraints:      36781
c #Conflicts:     304000 | #Constraints:      37781
c #Conflicts:     305000 | #Constraints:      38781
c #Conflicts:     306000 | #Constraints:      39781
c #Conflicts:     307000 | #Constraints:      40781
c #Conflicts:     308000 | #Constraints:      41781
c #Conflicts:     309000 | #Constraints:      42781
c #Conflicts:     310000 | #Constraints:      43781
c #Conflicts:     311000 | #Constraints:      44781
c #Conflicts:     312000 | #Constraints:      45781
c INPROCESSING
c GARBAGE COLLECT
c #Conflicts:     313000 | #Constraints:      26215
c #Conflicts:     314000 | #Constraints:      27215
c #Conflicts:     315000 | #Constraints:      28215
c #Conflicts:     316000 | #Constraints:      29215
c #Conflicts:     317000 | #Constraints:      30215
c #Conflicts:     318000 | #Constraints:      31215
c #Conflicts:     319000 | #Constraints:      32215
c #Conflicts:     320000 | #Constraints:      33215
c #Conflicts:     321000 | #Constraints:      34215
c #Conflicts:     322000 | #Constraints:      35215
c #Conflicts:     323000 | #Constraints:      36215
c #Conflicts:     324000 | #Constraints:      37215
c #Conflicts:     325000 | #Constraints:      38215
c #Conflicts:     326000 | #Constraints:      39215
c #Conflicts:     327000 | #Constraints:      40215
c #Conflicts:     328000 | #Constraints:      41215
c #Conflicts:     329000 | #Constraints:      42215
c #Conflicts:     330000 | #Constraints:      43215
c #Conflicts:     331000 | #Constraints:      44215
c #Conflicts:     332000 | #Constraints:      45215
c #Conflicts:     333000 | #Constraints:      46215
c #Conflicts:     334000 | #Constraints:      47215
c #Conflicts:     335000 | #Constraints:      48215
c #Conflicts:     336000 | #Constraints:      49215
c #Conflicts:     337000 | #Constraints:      50215
c #Conflicts:     338000 | #Constraints:      51215
c bounds -480 >= -646 @ 1324.62
c #Conflicts:     339000 | #Constraints:      52272
c #Conflicts:     340000 | #Constraints:      53272
c #Conflicts:     341000 | #Constraints:      54272
c #Conflicts:     342000 | #Constraints:      55272
c #Conflicts:     343000 | #Constraints:      56272
c #Conflicts:     344000 | #Constraints:      57272
c #Conflicts:     345000 | #Constraints:      58272
c #Conflicts:     346000 | #Constraints:      59272
c #Conflicts:     347000 | #Constraints:      60272
c #Conflicts:     348000 | #Constraints:      61272
c #Conflicts:     349000 | #Constraints:      62272
c #Conflicts:     350000 | #Constraints:      63272
c #Conflicts:     351000 | #Constraints:      64272
c INPROCESSING
c GARBAGE COLLECT
c #Conflicts:     352000 | #Constraints:      35735
c #Conflicts:     353000 | #Constraints:      36735
c #Conflicts:     354000 | #Constraints:      37735
c #Conflicts:     355000 | #Constraints:      38735
c #Conflicts:     356000 | #Constraints:      39735
c #Conflicts:     357000 | #Constraints:      40735
c #Conflicts:     358000 | #Constraints:      41735
c #Conflicts:     359000 | #Constraints:      42735
c #Conflicts:     360000 | #Constraints:      43735
c #Conflicts:     361000 | #Constraints:      44735
c #Conflicts:     362000 | #Constraints:      45735
c #Conflicts:     363000 | #Constraints:      46735
c #Conflicts:     364000 | #Constraints:      47735
c #Conflicts:     365000 | #Constraints:      48735
c #Conflicts:     366000 | #Constraints:      49735
c #Conflicts:     367000 | #Constraints:      50735
c INPROCESSING
c GARBAGE COLLECT
c #Conflicts:     368000 | #Constraints:      28861
c #Conflicts:     369000 | #Constraints:      29861
c #Conflicts:     370000 | #Constraints:      30861
c #Conflicts:     371000 | #Constraints:      31861
c #Conflicts:     372000 | #Constraints:      32861
c #Conflicts:     373000 | #Constraints:      33861
c #Conflicts:     374000 | #Constraints:      34861
c #Conflicts:     375000 | #Constraints:      35861
c #Conflicts:     376000 | #Constraints:      36861
c #Conflicts:     377000 | #Constraints:      37861
c #Conflicts:     378000 | #Constraints:      38861
c #Conflicts:     379000 | #Constraints:      39861
c #Conflicts:     380000 | #Constraints:      40861
c #Conflicts:     381000 | #Constraints:      41861
c #Conflicts:     382000 | #Constraints:      42861
c #Conflicts:     383000 | #Constraints:      43861
c #Conflicts:     384000 | #Constraints:      44861
c #Conflicts:     385000 | #Constraints:      45861
c #Conflicts:     386000 | #Constraints:      46861
c #Conflicts:     387000 | #Constraints:      47861
c #Conflicts:     388000 | #Constraints:      48861
c #Conflicts:     389000 | #Constraints:      49861
c #Conflicts:     390000 | #Constraints:      50861
c #Conflicts:     391000 | #Constraints:      51861
c #Conflicts:     392000 | #Constraints:      52861
c #Conflicts:     393000 | #Constraints:      53861
c #Conflicts:     394000 | #Constraints:      54861
c #Conflicts:     395000 | #Constraints:      55861
c #Conflicts:     396000 | #Constraints:      56861
c #Conflicts:     397000 | #Constraints:      57861
c #Conflicts:     398000 | #Constraints:      58861
c #Conflicts:     399000 | #Constraints:      59861
c #Conflicts:     400000 | #Constraints:      60861
c #Conflicts:     401000 | #Constraints:      61861
c #Conflicts:     402000 | #Constraints:      62861
c #Conflicts:     403000 | #Constraints:      63861
c #Conflicts:     404000 | #Constraints:      64861
c #Conflicts:     405000 | #Constraints:      65861
c #Conflicts:     406000 | #Constraints:      66861
c #Conflicts:     407000 | #Constraints:      67861
c #Conflicts:     408000 | #Constraints:      68861
c INPROCESSING
c GARBAGE COLLECT
c #Conflicts:     409000 | #Constraints:      37633
c #Conflicts:     410000 | #Constraints:      38633
c #Conflicts:     411000 | #Constraints:      39633
c #Conflicts:     412000 | #Constraints:      40633
c #Conflicts:     413000 | #Constraints:      41633
c #Conflicts:     414000 | #Constraints:      42633
c #Conflicts:     415000 | #Constraints:      43633
c #Conflicts:     416000 | #Constraints:      44633
c #Conflicts:     417000 | #Constraints:      45633
c #Conflicts:     418000 | #Constraints:      46633
c #Conflicts:     419000 | #Constraints:      47633
c #Conflicts:     420000 | #Constraints:      48633
c #Conflicts:     421000 | #Constraints:      49633
c #Conflicts:     422000 | #Constraints:      50633
c #Conflicts:     423000 | #Constraints:      51633
c #Conflicts:     424000 | #Constraints:      52633
c #Conflicts:     425000 | #Constraints:      53633
c #Conflicts:     426000 | #Constraints:      54633
c INPROCESSING
c GARBAGE COLLECT
c #Conflicts:     427000 | #Constraints:      31388
c #Conflicts:     428000 | #Constraints:      32388
c #Conflicts:     429000 | #Constraints:      33388
c #Conflicts:     430000 | #Constraints:      34388
c #Conflicts:     431000 | #Constraints:      35388
c #Conflicts:     432000 | #Constraints:      36388
c #Conflicts:     433000 | #Constraints:      37388
c #Conflicts:     434000 | #Constraints:      38388
c #Conflicts:     435000 | #Constraints:      39388
c #Conflicts:     436000 | #Constraints:      40388
c #Conflicts:     437000 | #Constraints:      41388
c #Conflicts:     438000 | #Constraints:      42388
c #Conflicts:     439000 | #Constraints:      43388
c #Conflicts:     440000 | #Constraints:      44388
c #Conflicts:     441000 | #Constraints:      45388
c #Conflicts:     442000 | #Constraints:      46388
c #Conflicts:     443000 | #Constraints:      47388
c #Conflicts:     444000 | #Constraints:      48388
c #Conflicts:     445000 | #Constraints:      49388
c #Conflicts:     446000 | #Constraints:      50388
c #Conflicts:     447000 | #Constraints:      51388
c #Conflicts:     448000 | #Constraints:      52388
c #Conflicts:     449000 | #Constraints:      53388
c #Conflicts:     450000 | #Constraints:      54388
c #Conflicts:     451000 | #Constraints:      55388
c #Conflicts:     452000 | #Constraints:      56388
c #Conflicts:     453000 | #Constraints:      57388
c #Conflicts:     454000 | #Constraints:      58388
c #Conflicts:     455000 | #Constraints:      59388
c #Conflicts:     456000 | #Constraints:      60388
c #Conflicts:     457000 | #Constraints:      61388
c #Conflicts:     458000 | #Constraints:      62388
c #Conflicts:     459000 | #Constraints:      63388
c #Conflicts:     460000 | #Constraints:      64388
c #Conflicts:     461000 | #Constraints:      65388
c #Conflicts:     462000 | #Constraints:      66388
c #Conflicts:     463000 | #Constraints:      67388
c #Conflicts:     464000 | #Constraints:      68388
c #Conflicts:     465000 | #Constraints:      69388
c #Conflicts:     466000 | #Constraints:      70388
c #Conflicts:     467000 | #Constraints:      71388
c #Conflicts:     468000 | #Constraints:      72388
c #Conflicts:     469000 | #Constraints:      73388
c #Conflicts:     470000 | #Constraints:      74388
c #Conflicts:     471000 | #Constraints:      75388
c INPROCESSING
c GARBAGE COLLECT
c #Conflicts:     472000 | #Constraints:      41298
c #Conflicts:     473000 | #Constraints:      42298
c #Conflicts:     474000 | #Constraints:      43298
c #Conflicts:     475000 | #Constraints:      44298
c #Conflicts:     476000 | #Constraints:      45298
c #Conflicts:     477000 | #Constraints:      46298
c #Conflicts:     478000 | #Constraints:      47298
c #Conflicts:     479000 | #Constraints:      48298
c #Conflicts:     480000 | #Constraints:      49298
c #Conflicts:     481000 | #Constraints:      50298
c #Conflicts:     482000 | #Constraints:      51298
c #Conflicts:     483000 | #Constraints:      52298
c #Conflicts:     484000 | #Constraints:      53298
c bounds -480 >= -642 @ 2648.51
c #Conflicts:     485000 | #Constraints:      54361
c #Conflicts:     486000 | #Constraints:      55361
c #Conflicts:     487000 | #Constraints:      56361
c #Conflicts:     488000 | #Constraints:      57361
c #Conflicts:     489000 | #Constraints:      58361
c INPROCESSING
c GARBAGE COLLECT
c #Conflicts:     490000 | #Constraints:      32393
c #Conflicts:     491000 | #Constraints:      33393
c #Conflicts:     492000 | #Constraints:      34393
c #Conflicts:     493000 | #Constraints:      35393
c #Conflicts:     494000 | #Constraints:      36393
c #Conflicts:     495000 | #Constraints:      37393
c #Conflicts:     496000 | #Constraints:      38393
c #Conflicts:     497000 | #Constraints:      39393
c #Conflicts:     498000 | #Constraints:      40393
c #Conflicts:     499000 | #Constraints:      41393
c #Conflicts:     500000 | #Constraints:      42393
c #Conflicts:     501000 | #Constraints:      43393
c #Conflicts:     502000 | #Constraints:      44393
c #Conflicts:     503000 | #Constraints:      45393
c #Conflicts:     504000 | #Constraints:      46393
c #Conflicts:     505000 | #Constraints:      47393
c #Conflicts:     506000 | #Constraints:      48393
c #Conflicts:     507000 | #Constraints:      49393
c #Conflicts:     508000 | #Constraints:      50393
c #Conflicts:     509000 | #Constraints:      51393
c #Conflicts:     510000 | #Constraints:      52393
c #Conflicts:     511000 | #Constraints:      53393
c #Conflicts:     512000 | #Constraints:      54393
c #Conflicts:     513000 | #Constraints:      55393
c #Conflicts:     514000 | #Constraints:      56393
c #Conflicts:     515000 | #Constraints:      57393
c #Conflicts:     516000 | #Constraints:      58393
c #Conflicts:     517000 | #Constraints:      59393
c #Conflicts:     518000 | #Constraints:      60393
c #Conflicts:     519000 | #Constraints:      61393
c #Conflicts:     520000 | #Constraints:      62393
c #Conflicts:     521000 | #Constraints:      63393
c #Conflicts:     522000 | #Constraints:      64393
c #Conflicts:     523000 | #Constraints:      65393
c #Conflicts:     524000 | #Constraints:      66393
c #Conflicts:     525000 | #Constraints:      67393
c #Conflicts:     526000 | #Constraints:      68393
c #Conflicts:     527000 | #Constraints:      69393
c #Conflicts:     528000 | #Constraints:      70393
c #Conflicts:     529000 | #Constraints:      71393
c #Conflicts:     530000 | #Constraints:      72393
c #Conflicts:     531000 | #Constraints:      73393
c #Conflicts:     532000 | #Constraints:      74393
c #Conflicts:     533000 | #Constraints:      75393
c #Conflicts:     534000 | #Constraints:      76393
c #Conflicts:     535000 | #Constraints:      77393
c #Conflicts:     536000 | #Constraints:      78393
c #Conflicts:     537000 | #Constraints:      79393
c INPROCESSING
c GARBAGE COLLECT
c #Conflicts:     538000 | #Constraints:      43024
c #Conflicts:     539000 | #Constraints:      44024
c #Conflicts:     540000 | #Constraints:      45024
c #Conflicts:     541000 | #Constraints:      46024
c #Conflicts:     542000 | #Constraints:      47024
c #Conflicts:     543000 | #Constraints:      48024
c #Conflicts:     544000 | #Constraints:      49024
c #Conflicts:     545000 | #Constraints:      50024
c #Conflicts:     546000 | #Constraints:      51024
c #Conflicts:     547000 | #Constraints:      52024
c #Conflicts:     548000 | #Constraints:      53024
c #Conflicts:     549000 | #Constraints:      54024
c #Conflicts:     550000 | #Constraints:      55024
c #Conflicts:     551000 | #Constraints:      56024
c #Conflicts:     552000 | #Constraints:      57024
c #Conflicts:     553000 | #Constraints:      58024
c #Conflicts:     554000 | #Constraints:      59024
c #Conflicts:     555000 | #Constraints:      60024
c #Conflicts:     556000 | #Constraints:      61024
c #Conflicts:     557000 | #Constraints:      62024
c INPROCESSING
c GARBAGE COLLECT
c #Conflicts:     558000 | #Constraints:      35660
c #Conflicts:     559000 | #Constraints:      36660
c #Conflicts:     560000 | #Constraints:      37660
c #Conflicts:     561000 | #Constraints:      38660
c #Conflicts:     562000 | #Constraints:      39660
c #Conflicts:     563000 | #Constraints:      40660
c #Conflicts:     564000 | #Constraints:      41660
c #Conflicts:     565000 | #Constraints:      42660
c #Conflicts:     566000 | #Constraints:      43660
c #Conflicts:     567000 | #Constraints:      44660
c #Conflicts:     568000 | #Constraints:      45660
c #Conflicts:     569000 | #Constraints:      46660
c #Conflicts:     570000 | #Constraints:      47660
c #Conflicts:     571000 | #Constraints:      48660
c #Conflicts:     572000 | #Constraints:      49660
c #Conflicts:     573000 | #Constraints:      50660
c #Conflicts:     574000 | #Constraints:      51660
c #Conflicts:     575000 | #Constraints:      52660
c #Conflicts:     576000 | #Constraints:      53660
c #Conflicts:     577000 | #Constraints:      54660
c #Conflicts:     578000 | #Constraints:      55660
c #Conflicts:     579000 | #Constraints:      56660
c #Conflicts:     580000 | #Constraints:      57660
c #Conflicts:     581000 | #Constraints:      58660
c #Conflicts:     582000 | #Constraints:      59660
c #Conflicts:     583000 | #Constraints:      60660
c #Conflicts:     584000 | #Constraints:      61660
c #Conflicts:     585000 | #Constraints:      62660
c #Conflicts:     586000 | #Constraints:      63660
c #Conflicts:     587000 | #Constraints:      64660
c #Conflicts:     588000 | #Constraints:      65660
c #Conflicts:     589000 | #Constraints:      66660
c #Conflicts:     590000 | #Constraints:      67660
c #Conflicts:     591000 | #Constraints:      68660
c #Conflicts:     592000 | #Constraints:      69660
c #Conflicts:     593000 | #Constraints:      70660
c #Conflicts:     594000 | #Constraints:      71660
c #Conflicts:     595000 | #Constraints:      72660
c #Conflicts:     596000 | #Constraints:      73660
c #Conflicts:     597000 | #Constraints:      74660
c #Conflicts:     598000 | #Constraints:      75660
c #Conflicts:     599000 | #Constraints:      76660
c #Conflicts:     600000 | #Constraints:      77660
c #Conflicts:     601000 | #Constraints:      78660
c #Conflicts:     602000 | #Constraints:      79660
c #Conflicts:     603000 | #Constraints:      80660
c #Conflicts:     604000 | #Constraints:      81660
c #Conflicts:     605000 | #Constraints:      82660
c #Conflicts:     606000 | #Constraints:      83660
c #Conflicts:     607000 | #Constraints:      84660
c #Conflicts:     608000 | #Constraints:      85660
c INPROCESSING
c GARBAGE COLLECT
c #Conflicts:     609000 | #Constraints:      46162
c #Conflicts:     610000 | #Constraints:      47162
c #Conflicts:     611000 | #Constraints:      48162
c #Conflicts:     612000 | #Constraints:      49162
c #Conflicts:     613000 | #Constraints:      50162
c #Conflicts:     614000 | #Constraints:      51162
c #Conflicts:     615000 | #Constraints:      52162
c #Conflicts:     616000 | #Constraints:      53162
c #Conflicts:     617000 | #Constraints:      54162
c #Conflicts:     618000 | #Constraints:      55162
c #Conflicts:     619000 | #Constraints:      56162
c #Conflicts:     620000 | #Constraints:      57162
c #Conflicts:     621000 | #Constraints:      58162
c #Conflicts:     622000 | #Constraints:      59162
c #Conflicts:     623000 | #Constraints:      60162
c bounds -480 >= -638 @ 4140.37
c #Conflicts:     624000 | #Constraints:      61237
c #Conflicts:     625000 | #Constraints:      62237
c #Conflicts:     626000 | #Constraints:      63237
c #Conflicts:     627000 | #Constraints:      64237
c #Conflicts:     628000 | #Constraints:      65237
c #Conflicts:     629000 | #Constraints:      66237
c #Conflicts:     630000 | #Constraints:      67237
c INPROCESSING
c GARBAGE COLLECT
c #Conflicts:     631000 | #Constraints:      39592
c #Conflicts:     632000 | #Constraints:      40592
c #Conflicts:     633000 | #Constraints:      41592
c #Conflicts:     634000 | #Constraints:      42592
c #Conflicts:     635000 | #Constraints:      43592
c #Conflicts:     636000 | #Constraints:      44592
c #Conflicts:     637000 | #Constraints:      45592
c #Conflicts:     638000 | #Constraints:      46592
c #Conflicts:     639000 | #Constraints:      47592
c #Conflicts:     640000 | #Constraints:      48592
c #Conflicts:     641000 | #Constraints:      49592
c #Conflicts:     642000 | #Constraints:      50592
c #Conflicts:     643000 | #Constraints:      51592
c #Conflicts:     644000 | #Constraints:      52592
c #Conflicts:     645000 | #Constraints:      53592
c #Conflicts:     646000 | #Constraints:      54592
c #Conflicts:     647000 | #Constraints:      55592
c #Conflicts:     648000 | #Constraints:      56592
c #Conflicts:     649000 | #Constraints:      57592
c #Conflicts:     650000 | #Constraints:      58592
c #Conflicts:     651000 | #Constraints:      59592
c #Conflicts:     652000 | #Constraints:      60592
c #Conflicts:     653000 | #Constraints:      61592
c #Conflicts:     654000 | #Constraints:      62592
c #Conflicts:     655000 | #Constraints:      63592
c #Conflicts:     656000 | #Constraints:      64592
c #Conflicts:     657000 | #Constraints:      65592
c #Conflicts:     658000 | #Constraints:      66592
c #Conflicts:     659000 | #Constraints:      67592
c #Conflicts:     660000 | #Constraints:      68592
c #Conflicts:     661000 | #Constraints:      69592
c #Conflicts:     662000 | #Constraints:      70592
c #Conflicts:     663000 | #Constraints:      71592
c #Conflicts:     664000 | #Constraints:      72592
c #Conflicts:     665000 | #Constraints:      73592
c #Conflicts:     666000 | #Constraints:      74592
c #Conflicts:     667000 | #Constraints:      75592
c #Conflicts:     668000 | #Constraints:      76592
c #Conflicts:     669000 | #Constraints:      77592
c #Conflicts:     670000 | #Constraints:      78592
c #Conflicts:     671000 | #Constraints:      79592
c #Conflicts:     672000 | #Constraints:      80592
c #Conflicts:     673000 | #Constraints:      81592
c #Conflicts:     674000 | #Constraints:      82592
c #Conflicts:     675000 | #Constraints:      83592
c #Conflicts:     676000 | #Constraints:      84592
c #Conflicts:     677000 | #Constraints:      85592
c #Conflicts:     678000 | #Constraints:      86592
c #Conflicts:     679000 | #Constraints:      87592
c #Conflicts:     680000 | #Constraints:      88592
c #Conflicts:     681000 | #Constraints:      89592
c #Conflicts:     682000 | #Constraints:      90592
c #Conflicts:     683000 | #Constraints:      91592
c #Conflicts:     684000 | #Constraints:      92592
c INPROCESSING
c GARBAGE COLLECT
c #Conflicts:     685000 | #Constraints:      49943
c #Conflicts:     686000 | #Constraints:      50943
c #Conflicts:     687000 | #Constraints:      51943
c #Conflicts:     688000 | #Constraints:      52943
c #Conflicts:     689000 | #Constraints:      53943
c #Conflicts:     690000 | #Constraints:      54943
c #Conflicts:     691000 | #Constraints:      55943
c #Conflicts:     692000 | #Constraints:      56943
c #Conflicts:     693000 | #Constraints:      57943
c #Conflicts:     694000 | #Constraints:      58943
c #Conflicts:     695000 | #Constraints:      59943
c #Conflicts:     696000 | #Constraints:      60943
c #Conflicts:     697000 | #Constraints:      61943
c #Conflicts:     698000 | #Constraints:      62943
c #Conflicts:     699000 | #Constraints:      63943
c #Conflicts:     700000 | #Constraints:      64943
c #Conflicts:     701000 | #Constraints:      65943
c #Conflicts:     702000 | #Constraints:      66943
c #Conflicts:     703000 | #Constraints:      67943
c #Conflicts:     704000 | #Constraints:      68943
c #Conflicts:     705000 | #Constraints:      69943
c #Conflicts:     706000 | #Constraints:      70943
c INPROCESSING
c GARBAGE COLLECT
c #Conflicts:     707000 | #Constraints:      40446
c #Conflicts:     708000 | #Constraints:      41446
c #Conflicts:     709000 | #Constraints:      42446
c #Conflicts:     710000 | #Constraints:      43446
c #Conflicts:     711000 | #Constraints:      44446
c #Conflicts:     712000 | #Constraints:      45446
c #Conflicts:     713000 | #Constraints:      46446
c #Conflicts:     714000 | #Constraints:      47446
c #Conflicts:     715000 | #Constraints:      48446
c #Conflicts:     716000 | #Constraints:      49446
c #Conflicts:     717000 | #Constraints:      50446
c #Conflicts:     718000 | #Constraints:      51446
c #Conflicts:     719000 | #Constraints:      52446
c #Conflicts:     720000 | #Constraints:      53446
c #Conflicts:     721000 | #Constraints:      54446
c #Conflicts:     722000 | #Constraints:      55446
c #Conflicts:     723000 | #Constraints:      56446
c #Conflicts:     724000 | #Constraints:      57446
c #Conflicts:     725000 | #Constraints:      58446
c #Conflicts:     726000 | #Constraints:      59446
c #Conflicts:     727000 | #Constraints:      60446
c #Conflicts:     728000 | #Constraints:      61446
c #Conflicts:     729000 | #Constraints:      62446
c #Conflicts:     730000 | #Constraints:      63446
c #Conflicts:     731000 | #Constraints:      64446
c #Conflicts:     732000 | #Constraints:      65446
c #Conflicts:     733000 | #Constraints:      66446
c #Conflicts:     734000 | #Constraints:      67446
c #Conflicts:     735000 | #Constraints:      68446
c #Conflicts:     736000 | #Constraints:      69446
c #Conflicts:     737000 | #Constraints:      70446
c #Conflicts:     738000 | #Constraints:      71446
c #Conflicts:     739000 | #Constraints:      72446
c #Conflicts:     740000 | #Constraints:      73446
c #Conflicts:     741000 | #Constraints:      74446
c #Conflicts:     742000 | #Constraints:      75446
c #Conflicts:     743000 | #Constraints:      76446
c #Conflicts:     744000 | #Constraints:      77446
c #Conflicts:     745000 | #Constraints:      78446
c #Conflicts:     746000 | #Constraints:      79446
c #Conflicts:     747000 | #Constraints:      80446
c #Conflicts:     748000 | #Constraints:      81446
c #Conflicts:     749000 | #Constraints:      82446
c #Conflicts:     750000 | #Constraints:      83446
c #Conflicts:     751000 | #Constraints:      84446
c #Conflicts:     752000 | #Constraints:      85446
c #Conflicts:     753000 | #Constraints:      86446
c #Conflicts:     754000 | #Constraints:      87446
c #Conflicts:     755000 | #Constraints:      88446
c #Conflicts:     756000 | #Constraints:      89446
c #Conflicts:     757000 | #Constraints:      90446
c #Conflicts:     758000 | #Constraints:      91446
c #Conflicts:     759000 | #Constraints:      92446
c #Conflicts:     760000 | #Constraints:      93446
c #Conflicts:     761000 | #Constraints:      94446
c #Conflicts:     762000 | #Constraints:      95446
c #Conflicts:     763000 | #Constraints:      96446
c INPROCESSING
c GARBAGE COLLECT
c #Conflicts:     764000 | #Constraints:      51489
c #Conflicts:     765000 | #Constraints:      52489
c #Conflicts:     766000 | #Constraints:      53489
c #Conflicts:     767000 | #Constraints:      54489
c #Conflicts:     768000 | #Constraints:      55489
c #Conflicts:     769000 | #Constraints:      56489
c #Conflicts:     770000 | #Constraints:      57489
c #Conflicts:     771000 | #Constraints:      58489
c #Conflicts:     772000 | #Constraints:      59489
c #Conflicts:     773000 | #Constraints:      60489
c #Conflicts:     774000 | #Constraints:      61489
c #Conflicts:     775000 | #Constraints:      62489
c #Conflicts:     776000 | #Constraints:      63489
c #Conflicts:     777000 | #Constraints:      64489
c #Conflicts:     778000 | #Constraints:      65489
c #Conflicts:     779000 | #Constraints:      66489
c #Conflicts:     780000 | #Constraints:      67489
c #Conflicts:     781000 | #Constraints:      68489
c #Conflicts:     782000 | #Constraints:      69489
c #Conflicts:     783000 | #Constraints:      70489
c #Conflicts:     784000 | #Constraints:      71489
c #Conflicts:     785000 | #Constraints:      72489
c #Conflicts:     786000 | #Constraints:      73489
c #Conflicts:     787000 | #Constraints:      74489
c INPROCESSING
c GARBAGE COLLECT
c #Conflicts:     788000 | #Constraints:      41052
c #Conflicts:     789000 | #Constraints:      42052
c #Conflicts:     790000 | #Constraints:      43052
c #Conflicts:     791000 | #Constraints:      44052
c #Conflicts:     792000 | #Constraints:      45052
c #Conflicts:     793000 | #Constraints:      46052
c #Conflicts:     794000 | #Constraints:      47052
c #Conflicts:     795000 | #Constraints:      48052
c #Conflicts:     796000 | #Constraints:      49052
c #Conflicts:     797000 | #Constraints:      50052
c #Conflicts:     798000 | #Constraints:      51052
c #Conflicts:     799000 | #Constraints:      52052
c #Conflicts:     800000 | #Constraints:      53052
c #Conflicts:     801000 | #Constraints:      54052
c #Conflicts:     802000 | #Constraints:      55052
c #Conflicts:     803000 | #Constraints:      56052
c #Conflicts:     804000 | #Constraints:      57052
c #Conflicts:     805000 | #Constraints:      58052
c #Conflicts:     806000 | #Constraints:      59052
c #Conflicts:     807000 | #Constraints:      60052
c #Conflicts:     808000 | #Constraints:      61052
c #Conflicts:     809000 | #Constraints:      62052
c #Conflicts:     810000 | #Constraints:      63052
c #Conflicts:     811000 | #Constraints:      64052
c #Conflicts:     812000 | #Constraints:      65052
c #Conflicts:     813000 | #Constraints:      66052
c #Conflicts:     814000 | #Constraints:      67052
c #Conflicts:     815000 | #Constraints:      68052
c #Conflicts:     816000 | #Constraints:      69052
c #Conflicts:     817000 | #Constraints:      70052
c #Conflicts:     818000 | #Constraints:      71052
c #Conflicts:     819000 | #Constraints:      72052
c #Conflicts:     820000 | #Constraints:      73052
c #Conflicts:     821000 | #Constraints:      74052
c #Conflicts:     822000 | #Constraints:      75052
c #Conflicts:     823000 | #Constraints:      76052
c #Conflicts:     824000 | #Constraints:      77052
c #Conflicts:     825000 | #Constraints:      78052
c #Conflicts:     826000 | #Constraints:      79052
c #Conflicts:     827000 | #Constraints:      80052
c #Conflicts:     828000 | #Constraints:      81052
c #Conflicts:     829000 | #Constraints:      82052
c #Conflicts:     830000 | #Constraints:      83052
c #Conflicts:     831000 | #Constraints:      84052
c #Conflicts:     832000 | #Constraints:      85052
c #Conflicts:     833000 | #Constraints:      86052
c #Conflicts:     834000 | #Constraints:      87052
c #Conflicts:     835000 | #Constraints:      88052
c #Conflicts:     836000 | #Constraints:      89052
c #Conflicts:     837000 | #Constraints:      90052
c #Conflicts:     838000 | #Constraints:      91052
c #Conflicts:     839000 | #Constraints:      92052
c #Conflicts:     840000 | #Constraints:      93052
c #Conflicts:     841000 | #Constraints:      94052
c #Conflicts:     842000 | #Constraints:      95052
c #Conflicts:     843000 | #Constraints:      96052
c #Conflicts:     844000 | #Constraints:      97052
c #Conflicts:     845000 | #Constraints:      98052
c #Conflicts:     846000 | #Constraints:      99052
c #Conflicts:     847000 | #Constraints:     100052
c #Conflicts:     848000 | #Constraints:     101052
c INPROCESSING
c GARBAGE COLLECT
c #Conflicts:     849000 | #Constraints:      54186
c #Conflicts:     850000 | #Constraints:      55186
c #Conflicts:     851000 | #Constraints:      56186
c #Conflicts:     852000 | #Constraints:      57186
c #Conflicts:     853000 | #Constraints:      58186
c #Conflicts:     854000 | #Constraints:      59186
c #Conflicts:     855000 | #Constraints:      60186
c #Conflicts:     856000 | #Constraints:      61186
c #Conflicts:     857000 | #Constraints:      62186
c #Conflicts:     858000 | #Constraints:      63186
c #Conflicts:     859000 | #Constraints:      64186
c #Conflicts:     860000 | #Constraints:      65186
c #Conflicts:     861000 | #Constraints:      66186
c #Conflicts:     862000 | #Constraints:      67186
c #Conflicts:     863000 | #Constraints:      68186
c #Conflicts:     864000 | #Constraints:      69186
c #Conflicts:     865000 | #Constraints:      70186
c #Conflicts:     866000 | #Constraints:      71186
c #Conflicts:     867000 | #Constraints:      72186
c #Conflicts:     868000 | #Constraints:      73186
c #Conflicts:     869000 | #Constraints:      74186
c #Conflicts:     870000 | #Constraints:      75186
c #Conflicts:     871000 | #Constraints:      76186
c #Conflicts:     872000 | #Constraints:      77186
c #Conflicts:     873000 | #Constraints:      78186
c INPROCESSING
c GARBAGE COLLECT
c #Conflicts:     874000 | #Constraints:      43207
c #Conflicts:     875000 | #Constraints:      44207
c #Conflicts:     876000 | #Constraints:      45207
c #Conflicts:     877000 | #Constraints:      46207
c #Conflicts:     878000 | #Constraints:      47207
c #Conflicts:     879000 | #Constraints:      48207
c #Conflicts:     880000 | #Constraints:      49207
c #Conflicts:     881000 | #Constraints:      50207
c #Conflicts:     882000 | #Constraints:      51207
c #Conflicts:     883000 | #Constraints:      52207
c #Conflicts:     884000 | #Constraints:      53207
c #Conflicts:     885000 | #Constraints:      54207
c #Conflicts:     886000 | #Constraints:      55207
c #Conflicts:     887000 | #Constraints:      56207
c #Conflicts:     888000 | #Constraints:      57207
c #Conflicts:     889000 | #Constraints:      58207
c #Conflicts:     890000 | #Constraints:      59207
c #Conflicts:     891000 | #Constraints:      60207
c #Conflicts:     892000 | #Constraints:      61207
c #Conflicts:     893000 | #Constraints:      62207
c #Conflicts:     894000 | #Constraints:      63207
c #Conflicts:     895000 | #Constraints:      64207
c #Conflicts:     896000 | #Constraints:      65207
c #Conflicts:     897000 | #Constraints:      66207
c #Conflicts:     898000 | #Constraints:      67207
c #Conflicts:     899000 | #Constraints:      68207
c #Conflicts:     900000 | #Constraints:      69207
c #Conflicts:     901000 | #Constraints:      70207
c #Conflicts:     902000 | #Constraints:      71207
c #Conflicts:     903000 | #Constraints:      72207
c #Conflicts:     904000 | #Constraints:      73207
c #Conflicts:     905000 | #Constraints:      74207
c #Conflicts:     906000 | #Constraints:      75207
c #Conflicts:     907000 | #Constraints:      76207
c #Conflicts:     908000 | #Constraints:      77207
c #Conflicts:     909000 | #Constraints:      78207
c #Conflicts:     910000 | #Constraints:      79207
c #Conflicts:     911000 | #Constraints:      80207
c #Conflicts:     912000 | #Constraints:      81207
c #Conflicts:     913000 | #Constraints:      82207
c #Conflicts:     914000 | #Constraints:      83207
c #Conflicts:     915000 | #Constraints:      84207
c #Conflicts:     916000 | #Constraints:      85207
c #Conflicts:     917000 | #Constraints:      86207
c #Conflicts:     918000 | #Constraints:      87207
c #Conflicts:     919000 | #Constraints:      88207
c #Conflicts:     920000 | #Constraints:      89207
c #Conflicts:     921000 | #Constraints:      90207
c #Conflicts:     922000 | #Constraints:      91207
c #Conflicts:     923000 | #Constraints:      92207
c #Conflicts:     924000 | #Constraints:      93207
c #Conflicts:     925000 | #Constraints:      94207
c #Conflicts:     926000 | #Constraints:      95207
c #Conflicts:     927000 | #Constraints:      96207
c #Conflicts:     928000 | #Constraints:      97207
c #Conflicts:     929000 | #Constraints:      98207
c #Conflicts:     930000 | #Constraints:      99207
c #Conflicts:     931000 | #Constraints:     100207
c #Conflicts:     932000 | #Constraints:     101207
c #Conflicts:     933000 | #Constraints:     102207
c #Conflicts:     934000 | #Constraints:     103207
c #Conflicts:     935000 | #Constraints:     104207
c #Conflicts:     936000 | #Constraints:     105207
c INPROCESSING
c GARBAGE COLLECT
c #Conflicts:     937000 | #Constraints:      55977
c #Conflicts:     938000 | #Constraints:      56977
c #Conflicts:     939000 | #Constraints:      57977
c #Conflicts:     940000 | #Constraints:      58977
c #Conflicts:     941000 | #Constraints:      59977
c #Conflicts:     942000 | #Constraints:      60977
c #Conflicts:     943000 | #Constraints:      61977
c #Conflicts:     944000 | #Constraints:      62977
c #Conflicts:     945000 | #Constraints:      63977
c #Conflicts:     946000 | #Constraints:      64977
c #Conflicts:     947000 | #Constraints:      65977
c #Conflicts:     948000 | #Constraints:      66977
c #Conflicts:     949000 | #Constraints:      67977
c #Conflicts:     950000 | #Constraints:      68977
c #Conflicts:     951000 | #Constraints:      69977
c #Conflicts:     952000 | #Constraints:      70977
c #Conflicts:     953000 | #Constraints:      71977
c #Conflicts:     954000 | #Constraints:      72977
c #Conflicts:     955000 | #Constraints:      73977
c #Conflicts:     956000 | #Constraints:      74977
c #Conflicts:     957000 | #Constraints:      75977
c #Conflicts:     958000 | #Constraints:      76977
c #Conflicts:     959000 | #Constraints:      77977
c #Conflicts:     960000 | #Constraints:      78977
c #Conflicts:     961000 | #Constraints:      79977
c #Conflicts:     962000 | #Constraints:      80977
c #Conflicts:     963000 | #Constraints:      81977
c INPROCESSING
c GARBAGE COLLECT
c #Conflicts:     964000 | #Constraints:      44879
c #Conflicts:     965000 | #Constraints:      45879
c #Conflicts:     966000 | #Constraints:      46879
c #Conflicts:     967000 | #Constraints:      47879
c #Conflicts:     968000 | #Constraints:      48879
c #Conflicts:     969000 | #Constraints:      49879
c #Conflicts:     970000 | #Constraints:      50879
c #Conflicts:     971000 | #Constraints:      51879
c #Conflicts:     972000 | #Constraints:      52879
c #Conflicts:     973000 | #Constraints:      53879
c #Conflicts:     974000 | #Constraints:      54879
c #Conflicts:     975000 | #Constraints:      55879
c #Conflicts:     976000 | #Constraints:      56879
c #Conflicts:     977000 | #Constraints:      57879
c #Conflicts:     978000 | #Constraints:      58879
c #Conflicts:     979000 | #Constraints:      59879
c #Conflicts:     980000 | #Constraints:      60879
c #Conflicts:     981000 | #Constraints:      61879
c #Conflicts:     982000 | #Constraints:      62879
c #Conflicts:     983000 | #Constraints:      63879
c #Conflicts:     984000 | #Constraints:      64879
c #Conflicts:     985000 | #Constraints:      65879
c #Conflicts:     986000 | #Constraints:      66879
c #Conflicts:     987000 | #Constraints:      67879
c #Conflicts:     988000 | #Constraints:      68879
c #Conflicts:     989000 | #Constraints:      69879
c #Conflicts:     990000 | #Constraints:      70879
c #Conflicts:     991000 | #Constraints:      71879
c #Conflicts:     992000 | #Constraints:      72879
c #Conflicts:     993000 | #Constraints:      73879
c #Conflicts:     994000 | #Constraints:      74879
c #Conflicts:     995000 | #Constraints:      75879
c #Conflicts:     996000 | #Constraints:      76879
c #Conflicts:     997000 | #Constraints:      77879
c #Conflicts:     998000 | #Constraints:      78879
c #Conflicts:     999000 | #Constraints:      79879
c #Conflicts:    1000000 | #Constraints:      80879
c #Conflicts:    1001000 | #Constraints:      81879
c #Conflicts:    1002000 | #Constraints:      82879
c #Conflicts:    1003000 | #Constraints:      83879
c #Conflicts:    1004000 | #Constraints:      84879
c #Conflicts:    1005000 | #Constraints:      85879
c #Conflicts:    1006000 | #Constraints:      86879
c #Conflicts:    1007000 | #Constraints:      87879
c #Conflicts:    1008000 | #Constraints:      88879
c #Conflicts:    1009000 | #Constraints:      89879
c #Conflicts:    1010000 | #Constraints:      90879
c #Conflicts:    1011000 | #Constraints:      91879
c #Conflicts:    1012000 | #Constraints:      92879
c #Conflicts:    1013000 | #Constraints:      93879
c #Conflicts:    1014000 