c RoundingSat 2
c branch 
c commit 
c #variables 4725 #constraints 9371
c bounds - >= -7875 @ 0.033779
c bounds 0 >= -7875 @ 0.036831
c bounds 0 >= -7859 @ 0.037556
c bounds 0 >= -7843 @ 0.037946
c bounds 0 >= -7827 @ 0.038264
c bounds 0 >= -7811 @ 0.03859
c bounds 0 >= -7795 @ 0.038905
c bounds 0 >= -7779 @ 0.039219
c bounds 0 >= -7763 @ 0.039538
c bounds 0 >= -7747 @ 0.039852
c bounds 0 >= -7731 @ 0.040165
c bounds 0 >= -7715 @ 0.04043
c bounds 0 >= -7699 @ 0.04075
c bounds 0 >= -7683 @ 0.041063
c bounds 0 >= -7667 @ 0.041379
c bounds 0 >= -7651 @ 0.041686
c bounds 0 >= -7635 @ 0.042
c bounds 0 >= -7619 @ 0.042318
c bounds 0 >= -7603 @ 0.042634
c bounds 0 >= -7587 @ 0.042948
c bounds 0 >= -7571 @ 0.04326
c bounds 0 >= -7555 @ 0.044021
c bounds 0 >= -7539 @ 0.044315
c bounds 0 >= -7523 @ 0.044597
c bounds 0 >= -7507 @ 0.044896
c bounds 0 >= -7491 @ 0.045193
c bounds 0 >= -7475 @ 0.045492
c bounds 0 >= -7459 @ 0.04579
c bounds 0 >= -7443 @ 0.046088
c bounds 0 >= -7427 @ 0.046366
c bounds 0 >= -7411 @ 0.046666
c bounds 0 >= -7395 @ 0.046964
c bounds 0 >= -7379 @ 0.047261
c bounds 0 >= -7363 @ 0.047556
c bounds 0 >= -7347 @ 0.047854
c bounds 0 >= -7331 @ 0.048152
c bounds 0 >= -7315 @ 0.048452
c bounds 0 >= -7299 @ 0.04875
c bounds 0 >= -7283 @ 0.049045
c bounds 0 >= -7267 @ 0.049316
c bounds 0 >= -7251 @ 0.049615
c bounds 0 >= -7235 @ 0.049911
c bounds 0 >= -7219 @ 0.050209
c bounds 0 >= -7203 @ 0.050509
c bounds 0 >= -7187 @ 0.050805
c bounds 0 >= -7171 @ 0.0511
c bounds 0 >= -7155 @ 0.051399
c bounds 0 >= -7139 @ 0.051698
c bounds 0 >= -7123 @ 0.051994
c bounds 0 >= -7107 @ 0.052272
c bounds 0 >= -7091 @ 0.05257
c bounds 0 >= -7075 @ 0.052867
c bounds 0 >= -7059 @ 0.053164
c bounds 0 >= -7043 @ 0.053462
c bounds 0 >= -7027 @ 0.053759
c bounds 0 >= -7011 @ 0.054056
c bounds -3 >= -7011 @ 0.056835
c bounds -3 >= -6995 @ 0.057152
c bounds -3 >= -6979 @ 0.057453
c bounds -3 >= -6963 @ 0.057751
c bounds -3 >= -6947 @ 0.058061
c bounds -3 >= -6931 @ 0.058365
c bounds -3 >= -6915 @ 0.058668
c bounds -3 >= -6899 @ 0.058975
c bounds -3 >= -6883 @ 0.059257
c bounds -3 >= -6867 @ 0.05957
c bounds -3 >= -6851 @ 0.059875
c bounds -3 >= -6835 @ 0.06018
c bounds -3 >= -6819 @ 0.060481
c bounds -3 >= -6803 @ 0.060784
c bounds -3 >= -6787 @ 0.061082
c bounds -3 >= -6771 @ 0.061379
c bounds -3 >= -6755 @ 0.061675
c bounds -3 >= -6739 @ 0.061971
c bounds -3 >= -6723 @ 0.062268
c bounds -3 >= -6707 @ 0.062566
c bounds -3 >= -6691 @ 0.062862
c bounds -3 >= -6675 @ 0.063152
c bounds -3 >= -6659 @ 0.063435
c bounds -3 >= -6643 @ 0.063728
c bounds -3 >= -6627 @ 0.064023
c bounds -3 >= -6611 @ 0.064318
c bounds -3 >= -6595 @ 0.064614
c bounds -3 >= -6579 @ 0.064911
c bounds -3 >= -6563 @ 0.065198
c bounds -3 >= -6547 @ 0.065496
c bounds -3 >= -6531 @ 0.065794
c bounds -3 >= -6515 @ 0.066092
c bounds -3 >= -6499 @ 0.06639
c bounds -3 >= -6483 @ 0.066691
c bounds -3 >= -6467 @ 0.066988
c bounds -3 >= -6451 @ 0.06729
c bounds -3 >= -6435 @ 0.06759
c bounds -3 >= -6419 @ 0.067886
c bounds -3 >= -6403 @ 0.06817
c bounds -3 >= -6387 @ 0.068468
c bounds -3 >= -6371 @ 0.068768
c bounds -3 >= -6355 @ 0.069065
c bounds -3 >= -6339 @ 0.069364
c bounds -3 >= -6323 @ 0.069659
c bounds -3 >= -6307 @ 0.069954
c bounds -3 >= -6291 @ 0.070256
c bounds -3 >= -6275 @ 0.070555
c bounds -3 >= -6259 @ 0.070852
c bounds -3 >= -6243 @ 0.07114
c bounds -3 >= -6227 @ 0.071437
c bounds -3 >= -6211 @ 0.071736
c bounds -3 >= -6195 @ 0.072034
c bounds -3 >= -6179 @ 0.072331
c bounds -3 >= -6163 @ 0.07263
c bounds -3 >= -6147 @ 0.07293
c bounds -3 >= -6131 @ 0.07323
c bounds -3 >= -6115 @ 0.073528
c bounds -7 >= -6115 @ 0.07765
c bounds -7 >= -6099 @ 0.077963
c bounds -7 >= -6083 @ 0.07827
c bounds -7 >= -6067 @ 0.078578
c bounds -7 >= -6051 @ 0.078886
c bounds -7 >= -6035 @ 0.079201
c bounds -7 >= -6019 @ 0.079508
c bounds -7 >= -6003 @ 0.079817
c bounds -7 >= -5987 @ 0.079872
c bounds -7 >= -5971 @ 0.079872
c bounds -7 >= -5955 @ 0.079872
c bounds -7 >= -5939 @ 0.080049
c bounds -7 >= -5923 @ 0.080348
c bounds -7 >= -5907 @ 0.080658
c bounds -7 >= -5891 @ 0.080963
c bounds -7 >= -5875 @ 0.081269
c bounds -7 >= -5859 @ 0.081574
c bounds -7 >= -5843 @ 0.081899
c bounds -7 >= -5827 @ 0.082214
c bounds -7 >= -5811 @ 0.082528
c bounds -7 >= -5795 @ 0.082847
c bounds -7 >= -5779 @ 0.08316
c bounds -7 >= -5763 @ 0.083467
c bounds -7 >= -5747 @ 0.083772
c bounds -7 >= -5731 @ 0.084064
c bounds -7 >= -5715 @ 0.084378
c bounds -7 >= -5699 @ 0.084691
c bounds -7 >= -5683 @ 0.084999
c bounds -7 >= -5667 @ 0.085313
c bounds -7 >= -5651 @ 0.085629
c bounds -7 >= -5635 @ 0.085936
c bounds -7 >= -5619 @ 0.086241
c bounds -7 >= -5603 @ 0.086547
c bounds -7 >= -5587 @ 0.086852
c bounds -7 >= -5571 @ 0.087158
c bounds -7 >= -5555 @ 0.087466
c bounds -7 >= -5539 @ 0.087773
c bounds -7 >= -5523 @ 0.088085
c bounds -7 >= -5507 @ 0.0884
c bounds -7 >= -5491 @ 0.088717
c bounds -7 >= -5475 @ 0.089003
c bounds -7 >= -5459 @ 0.089308
c bounds -7 >= -5443 @ 0.089614
c bounds -7 >= -5427 @ 0.089925
c bounds -7 >= -5411 @ 0.090232
c bounds -7 >= -5395 @ 0.090545
c bounds -7 >= -5379 @ 0.090851
c bounds -7 >= -5363 @ 0.091155
c bounds -7 >= -5347 @ 0.091464
c bounds -7 >= -5331 @ 0.091769
c bounds -7 >= -5315 @ 0.092079
c bounds -7 >= -5299 @ 0.092385
c bounds -7 >= -5283 @ 0.092698
c bounds -7 >= -5267 @ 0.092994
c bounds -7 >= -5251 @ 0.093298
c bounds -7 >= -5235 @ 0.093602
c bounds -7 >= -5219 @ 0.093912
c bounds -7 >= -5203 @ 0.09422
c bounds -7 >= -5187 @ 0.094527
c bounds -7 >= -5171 @ 0.094831
c bounds -7 >= -5155 @ 0.095139
c bounds -7 >= -5139 @ 0.09545
c bounds -7 >= -5123 @ 0.09575
c bounds -7 >= -5107 @ 0.096054
c bounds -7 >= -5091 @ 0.096355
c bounds -7 >= -5075 @ 0.096656
c bounds -7 >= -5059 @ 0.096945
c bounds -7 >= -5043 @ 0.097266
c bounds -7 >= -5027 @ 0.097578
c bounds -7 >= -5011 @ 0.097889
c bounds -7 >= -4995 @ 0.098189
c bounds -7 >= -4979 @ 0.098511
c bounds -7 >= -4963 @ 0.098827
c bounds -7 >= -4947 @ 0.099142
c bounds -7 >= -4931 @ 0.099455
c bounds -7 >= -4915 @ 0.09976
c bounds -7 >= -4899 @ 0.100078
c bounds -7 >= -4883 @ 0.100388
c bounds -7 >= -4867 @ 0.100696
c bounds -7 >= -4851 @ 0.101002
c bounds -7 >= -4835 @ 0.101316
c bounds -7 >= -4819 @ 0.101621
c bounds -7 >= -4803 @ 0.101908
c bounds -7 >= -4787 @ 0.102216
c bounds -7 >= -4771 @ 0.102518
c bounds -7 >= -4755 @ 0.10282
c bounds -10 >= -4755 @ 0.109562
c bounds -10 >= -4739 @ 0.109882
c bounds -10 >= -4723 @ 0.110192
c bounds -10 >= -4707 @ 0.110496
c bounds -10 >= -4691 @ 0.110796
c bounds -10 >= -4675 @ 0.111095
c bounds -10 >= -4659 @ 0.111394
c bounds -10 >= -4643 @ 0.111694
c bounds -10 >= -4627 @ 0.111994
c bounds -10 >= -4611 @ 0.112301
c bounds -10 >= -4595 @ 0.112609
c bounds -10 >= -4579 @ 0.11291
c bounds -10 >= -4563 @ 0.113639
c bounds -10 >= -4547 @ 0.113924
c bounds -10 >= -4531 @ 0.114209
c bounds -10 >= -4515 @ 0.114493
c bounds -10 >= -4499 @ 0.114775
c bounds -10 >= -4483 @ 0.115053
c bounds -10 >= -4467 @ 0.115337
c bounds -10 >= -4451 @ 0.11562
c bounds -10 >= -4435 @ 0.115903
c bounds -10 >= -4419 @ 0.116187
c bounds -10 >= -4403 @ 0.11647
c bounds -10 >= -4387 @ 0.116754
c bounds -10 >= -4371 @ 0.117036
c bounds -10 >= -4355 @ 0.117318
c bounds -10 >= -4339 @ 0.117605
c bounds -10 >= -4323 @ 0.117897
c bounds -10 >= -4307 @ 0.11818
c bounds -10 >= -4291 @ 0.118469
c bounds -10 >= -4275 @ 0.118753
c bounds -11 >= -4275 @ 0.12011
c bounds -14 >= -4275 @ 0.124336
c bounds -14 >= -4265 @ 0.126796
c bounds -14 >= -4255 @ 0.127812
c bounds -18 >= -4255 @ 0.131919
c bounds -18 >= -4245 @ 0.133046
c bounds -18 >= -4235 @ 0.134186
c bounds -21 >= -4235 @ 0.140784
c bounds -21 >= -4225 @ 0.143696
c bounds -21 >= -4215 @ 0.145497
c bounds -25 >= -4215 @ 0.161921
c bounds -25 >= -4205 @ 0.167376
c bounds -25 >= -4195 @ 0.171043
c bounds -25 >= -4185 @ 0.173858
c bounds -25 >= -4175 @ 0.176943
c bounds -25 >= -4165 @ 0.195381
c bounds -26 >= -4165 @ 0.213483
c bounds -30 >= -4165 @ 0.215481
c bounds -30 >= -4155 @ 0.222649
c bounds -34 >= -4155 @ 0.226359
c bounds -38 >= -4155 @ 0.244374
c bounds -38 >= -4145 @ 0.252038
c bounds -38 >= -4135 @ 0.255298
c bounds -39 >= -4135 @ 0.260203
c #Conflicts:       1000 | #Constraints:      11161
c bounds -39 >= -4125 @ 0.269282
c bounds -42 >= -4125 @ 0.276261
c bounds -43 >= -4125 @ 0.2776
c bounds -47 >= -4125 @ 0.279873
c bounds -47 >= -4115 @ 0.282274
c bounds -51 >= -4115 @ 0.286038
c bounds -51 >= -4105 @ 0.288798
c bounds -55 >= -4105 @ 0.291503
c bounds -55 >= -4095 @ 0.295439
c bounds -56 >= -4095 @ 0.29831
c bounds -56 >= -4085 @ 0.304357
c bounds -60 >= -4085 @ 0.306998
c bounds -60 >= -4075 @ 0.313311
c bounds -64 >= -4075 @ 0.32014
c bounds -64 >= -4065 @ 0.325719
c bounds -68 >= -4065 @ 0.331881
c bounds -68 >= -4055 @ 0.335064
c bounds -68 >= -4045 @ 0.34205
c bounds -72 >= -4045 @ 0.347341
c bounds -75 >= -4045 @ 0.361216
c bounds -75 >= -4035 @ 0.366974
c bounds -75 >= -4025 @ 0.367549
c bounds -75 >= -4015 @ 0.368974
c bounds -75 >= -4005 @ 0.371334
c bounds -75 >= -3995 @ 0.372243
c bounds -75 >= -3985 @ 0.3738
c bounds -76 >= -3985 @ 0.376127
c bounds -76 >= -3975 @ 0.37904
c bounds -76 >= -3965 @ 0.381958
c bounds -80 >= -3965 @ 0.386565
c #Conflicts:       2000 | #Constraints:      12240
c INPROCESSING
c GARBAGE COLLECT
c bounds -80 >= -3955 @ 0.397645
c bounds -83 >= -3955 @ 0.40502
c bounds -83 >= -3945 @ 0.409448
c bounds -84 >= -3945 @ 0.411959
c bounds -84 >= -3935 @ 0.413945
c bounds -87 >= -3935 @ 0.422198
c bounds -87 >= -3925 @ 0.425813
c bounds -87 >= -3915 @ 0.427318
c bounds -87 >= -3905 @ 0.429125
c bounds -91 >= -3905 @ 0.431833
c bounds -91 >= -3895 @ 0.434798
c bounds -91 >= -3885 @ 0.43673
c bounds -95 >= -3885 @ 0.451731
c bounds -95 >= -3875 @ 0.455984
c bounds -95 >= -3865 @ 0.457714
c bounds -95 >= -3855 @ 0.459651
c bounds -95 >= -3845 @ 0.460068
c bounds -95 >= -3835 @ 0.463654
c bounds -95 >= -3825 @ 0.467716
c bounds -95 >= -3815 @ 0.473659
c bounds -99 >= -3815 @ 0.477647
c bounds -99 >= -3805 @ 0.479435
c bounds -103 >= -3805 @ 0.498856
c bounds -103 >= -3795 @ 0.50532
c bounds -103 >= -3785 @ 0.50692
c #Conflicts:       3000 | #Constraints:      12032
c bounds -103 >= -3775 @ 0.509331
c bounds -103 >= -3765 @ 0.512723
c bounds -103 >= -3755 @ 0.520367
c bounds -107 >= -3755 @ 0.53349
c bounds -107 >= -3745 @ 0.544818
c bounds -107 >= -3735 @ 0.546592
c bounds -107 >= -3725 @ 0.56192
c bounds -111 >= -3725 @ 0.687884
c bounds -111 >= -3715 @ 0.723182
c bounds -111 >= -3705 @ 0.759854
c #Conflicts:       4000 | #Constraints:      13106
c bounds -111 >= -3695 @ 0.775943
c INPROCESSING
c GARBAGE COLLECT
c bounds -111 >= -3685 @ 0.797628
c bounds -111 >= -3675 @ 0.819094
c bounds -111 >= -3665 @ 0.863595
c #Conflicts:       5000 | #Constraints:      12556
c bounds -111 >= -3655 @ 1.01519
c bounds -113 >= -3655 @ 1.04565
c bounds -114 >= -3655 @ 1.04935
c bounds -130 >= -3655 @ 1.11805
c #Conflicts:       6000 | #Constraints:      13616
c bounds -130 >= -3645 @ 1.31968
c bounds -146 >= -3645 @ 1.32364
c bounds -162 >= -3645 @ 1.32829
c bounds -178 >= -3645 @ 1.33068
c bounds -194 >= -3645 @ 1.33523
c bounds -198 >= -3645 @ 1.33785
c bounds -202 >= -3645 @ 1.34066
c bounds -218 >= -3645 @ 1.34577
c bounds -234 >= -3645 @ 1.35133
c bounds -238 >= -3645 @ 1.35328
c bounds -242 >= -3645 @ 1.35661
c bounds -258 >= -3645 @ 1.3609
c bounds -262 >= -3645 @ 1.36208
c bounds -278 >= -3645 @ 1.36558
c bounds -282 >= -3645 @ 1.36842
c bounds -286 >= -3645 @ 1.37228
c bounds -290 >= -3645 @ 1.37455
c bounds -306 >= -3645 @ 1.37774
c bounds -310 >= -3645 @ 1.3818
c bounds -314 >= -3645 @ 1.38373
c bounds -318 >= -3645 @ 1.3868
c bounds -322 >= -3645 @ 1.38958
c bounds -338 >= -3645 @ 1.39514
c bounds -354 >= -3645 @ 1.39942
c bounds -358 >= -3645 @ 1.40346
c bounds -362 >= -3645 @ 1.40647
c bounds -366 >= -3645 @ 1.41105
c bounds -370 >= -3645 @ 1.41389
c bounds -374 >= -3645 @ 1.41684
c bounds -378 >= -3645 @ 1.41855
c bounds -394 >= -3645 @ 1.42414
c bounds -398 >= -3645 @ 1.4278
c bounds -402 >= -3645 @ 1.43074
c bounds -418 >= -3645 @ 1.43305
c bounds -422 >= -3645 @ 1.43599
c bounds -426 >= -3645 @ 1.43966
c bounds -442 >= -3645 @ 1.44237
c bounds -446 >= -3645 @ 1.44483
c bounds -450 >= -3645 @ 1.44874
c bounds -466 >= -3645 @ 1.45307
c bounds -482 >= -3645 @ 1.45656
c bounds -486 >= -3645 @ 1.45733
c bounds -490 >= -3645 @ 1.46103
c bounds -506 >= -3645 @ 1.46434
c bounds -522 >= -3645 @ 1.47002
c bounds -526 >= -3645 @ 1.47361
c bounds -530 >= -3645 @ 1.47643
c bounds -534 >= -3645 @ 1.48003
c bounds -538 >= -3645 @ 1.48289
c bounds -542 >= -3645 @ 1.4855
c bounds -558 >= -3645 @ 1.48904
c bounds -562 >= -3645 @ 1.49158
c bounds -566 >= -3645 @ 1.49534
c bounds -570 >= -3645 @ 1.4979
c bounds -586 >= -3645 @ 1.50334
c bounds -602 >= -3645 @ 1.51175
c bounds -618 >= -3645 @ 1.85427
c #Conflicts:       7000 | #Constraints:      14687
c bounds -618 >= -3635 @ 2.30466
c bounds -634 >= -3635 @ 2.33654
c #Conflicts:       8000 | #Constraints:      15712
c bounds -634 >= -3625 @ 2.75217
c bounds -638 >= -3625 @ 2.76411
c bounds -639 >= -3625 @ 2.9287
c bounds -642 >= -3625 @ 3.0925
c #Conflicts:       9000 | #Constraints:      16745
c INPROCESSING
c GARBAGE COLLECT
c bounds -646 >= -3625 @ 3.48965
c bounds -648 >= -3625 @ 3.56931
c bounds -652 >= -3625 @ 3.64651
c bounds -653 >= -3625 @ 3.72207
c #Conflicts:      10000 | #Constraints:      14313
c bounds -653 >= -3617 @ 3.99155
c bounds -654 >= -3617 @ 4.00594
c bounds -655 >= -3617 @ 4.0215
c bounds -657 >= -3617 @ 4.02664
c bounds -658 >= -3617 @ 4.03022
c bounds -662 >= -3617 @ 4.28658
c bounds -662 >= -3607 @ 4.39713
c #Conflicts:      11000 | #Constraints:      15324
c #Conflicts:      12000 | #Constraints:      16324
c bounds -662 >= -3599 @ 5.3743
c bounds -663 >= -3599 @ 5.39008
c bounds -664 >= -3599 @ 5.39588
c bounds -665 >= -3599 @ 5.53812
c bounds -668 >= -3599 @ 6.1526
c INPROCESSING
c GARBAGE COLLECT
c #Conflicts:      13000 | #Constraints:      13898
c bounds -668 >= -3591 @ 6.89309
c #Conflicts:      14000 | #Constraints:      14907
c bounds -668 >= -3583 @ 7.52275
c #Conflicts:      15000 | #Constraints:      15919
c bounds -669 >= -3583 @ 7.6216
c bounds -670 >= -3583 @ 7.87036
c bounds -670 >= -3573 @ 8.099
c bounds -674 >= -3573 @ 8.11201
c bounds -675 >= -3573 @ 8.1269
c bounds -676 >= -3573 @ 8.13287
c bounds -680 >= -3573 @ 8.31455
c bounds -681 >= -3573 @ 8.33644
c bounds -681 >= -3568 @ 8.34749
c bounds -681 >= -3563 @ 8.37305
c #Conflicts:      16000 | #Constraints:      16941
c bounds -681 >= -3558 @ 8.53881
c bounds -682 >= -3558 @ 8.54451
c bounds -683 >= -3558 @ 8.54895
c bounds -684 >= -3558 @ 8.55339
c bounds -688 >= -3558 @ 8.55767
c bounds -692 >= -3558 @ 8.56085
c bounds -696 >= -3558 @ 8.56308
c bounds -700 >= -3558 @ 8.56724
c bounds -704 >= -3558 @ 8.5724
c bounds -708 >= -3558 @ 8.57653
c bounds -710 >= -3558 @ 8.58012
c bounds -712 >= -3558 @ 8.58467
c bounds -714 >= -3558 @ 8.5883
c bounds -716 >= -3558 @ 8.59283
c bounds -718 >= -3558 @ 8.59742
c bounds -720 >= -3558 @ 8.60194
c bounds -722 >= -3558 @ 8.60652
c bounds -724 >= -3558 @ 8.61103
c bounds -726 >= -3558 @ 8.61562
c bounds -728 >= -3558 @ 8.61917
c bounds -730 >= -3558 @ 8.62372
c bounds -732 >= -3558 @ 8.62822
c bounds -734 >= -3558 @ 8.63288
c bounds -738 >= -3558 @ 8.63607
c bounds -742 >= -3558 @ 8.6413
c bounds -746 >= -3558 @ 8.64543
c bounds -750 >= -3558 @ 8.64768
c bounds -754 >= -3558 @ 8.65279
c bounds -754 >= -3553 @ 8.92904
c bounds -758 >= -3553 @ 8.93747
c bounds -759 >= -3553 @ 8.94197
c bounds -763 >= -3553 @ 8.9464
c bounds -767 >= -3553 @ 8.95176
c bounds -771 >= -3553 @ 8.95617
c bounds -773 >= -3553 @ 8.95991
c bounds -775 >= -3553 @ 8.96471
c bounds -779 >= -3553 @ 8.97088
c bounds -783 >= -3553 @ 8.97529
c bounds -785 >= -3553 @ 8.98003
c bounds -787 >= -3553 @ 8.9838
c bounds -789 >= -3553 @ 8.98758
c bounds -791 >= -3553 @ 8.99029
c bounds -793 >= -3553 @ 8.99512
c bounds -795 >= -3553 @ 8.99891
c bounds -799 >= -3553 @ 9.00327
c bounds -803 >= -3553 @ 9.00664
c bounds -807 >= -3553 @ 9.01203
c bounds -811 >= -3553 @ 9.01639
c bounds -815 >= -3553 @ 9.02074
c bounds -819 >= -3553 @ 9.02608
c bounds -823 >= -3553 @ 9.02844
c bounds -825 >= -3553 @ 9.03402
c bounds -829 >= -3553 @ 9.03835
c bounds -833 >= -3553 @ 9.04272
c bounds -835 >= -3553 @ 9.04742
c bounds -839 >= -3553 @ 9.05277
c bounds -841 >= -3553 @ 9.05548
c bounds -843 >= -3553 @ 9.06017
c bounds -845 >= -3553 @ 9.06485
c bounds -847 >= -3553 @ 9.06857
c bounds -851 >= -3553 @ 9.07386
c bounds -855 >= -3553 @ 9.07725
c bounds -859 >= -3553 @ 9.08249
c bounds -863 >= -3553 @ 9.08789
c bounds -867 >= -3553 @ 9.09224
c bounds -871 >= -3553 @ 9.09754
c bounds -873 >= -3553 @ 9.1012
c bounds -875 >= -3553 @ 9.1049
c bounds -877 >= -3553 @ 9.10857
c bounds -879 >= -3553 @ 9.11189
c bounds -883 >= -3553 @ 9.11459
c bounds -887 >= -3553 @ 9.11898
c bounds -891 >= -3553 @ 9.12329
c bounds -895 >= -3553 @ 9.1286
c bounds -897 >= -3553 @ 9.13331
c bounds -899 >= -3553 @ 9.13886
c bounds -903 >= -3553 @ 9.14221
c bounds -907 >= -3553 @ 9.14649
c bounds -911 >= -3553 @ 9.15177
c bounds -915 >= -3553 @ 9.15674
c bounds -919 >= -3553 @ 9.16957
c bounds -923 >= -3553 @ 9.17418
c bounds -927 >= -3553 @ 9.17981
c bounds -929 >= -3553 @ 9.18483
c bounds -931 >= -3553 @ 9.18965
c bounds -935 >= -3553 @ 9.19419
c bounds -939 >= -3553 @ 9.19972
c bounds -943 >= -3553 @ 9.20427
c bounds -947 >= -3553 @ 9.20776
c bounds -951 >= -3553 @ 9.21122
c bounds -955 >= -3553 @ 9.21468
c bounds -959 >= -3553 @ 9.21921
c bounds -963 >= -3553 @ 9.22366
c bounds -967 >= -3553 @ 9.22713
c bounds -971 >= -3553 @ 9.23054
c bounds -973 >= -3553 @ 9.23443
c INPROCESSING
c GARBAGE COLLECT
c bounds -975 >= -3553 @ 9.25372
c bounds -975 >= -3545 @ 9.25445
c bounds -975 >= -3537 @ 9.25465
c bounds -975 >= -3529 @ 9.25634
c bounds -975 >= -3521 @ 9.25812
c bounds -975 >= -3513 @ 9.26
c bounds -975 >= -3509 @ 9.26044
c bounds -975 >= -3505 @ 9.26242
c bounds -975 >= -3501 @ 9.26445
c bounds -975 >= -3497 @ 9.26636
c bounds -975 >= -3493 @ 9.26828
c bounds -979 >= -3493 @ 9.27302
c bounds -979 >= -3489 @ 9.27439
c bounds -979 >= -3481 @ 9.27595
c bounds -979 >= -3477 @ 9.27639
c bounds -979 >= -3473 @ 9.27784
c bounds -979 >= -3465 @ 9.27838
c bounds -979 >= -3457 @ 9.27972
c bounds -979 >= -3453 @ 9.28165
c bounds -979 >= -3449 @ 9.28261
c bounds -979 >= -3445 @ 9.28351
c bounds -979 >= -3441 @ 9.28437
c bounds -979 >= -3437 @ 9.28626
c bounds -979 >= -3429 @ 9.28818
c bounds -979 >= -3425 @ 9.2891
c bounds -979 >= -3421 @ 9.29035
c bounds -979 >= -3413 @ 9.29195
c bounds -979 >= -3405 @ 9.29334
c bounds -979 >= -3401 @ 9.29484
c bounds -983 >= -3401 @ 9.29772
c bounds -983 >= -3397 @ 9.29962
c bounds -983 >= -3393 @ 9.30151
c bounds -983 >= -3385 @ 9.30248
c bounds -983 >= -3381 @ 9.30433
c bounds -983 >= -3373 @ 9.30621
c bounds -983 >= -3369 @ 9.3073
c bounds -983 >= -3365 @ 9.3073
c bounds -983 >= -3357 @ 9.3083
c bounds -983 >= -3349 @ 9.3093
c bounds -983 >= -3341 @ 9.31029
c bounds -983 >= -3337 @ 9.31159
c bounds -983 >= -3329 @ 9.31255
c bounds -983 >= -3321 @ 9.31442
c bounds -983 >= -3317 @ 9.31627
c bounds -983 >= -3313 @ 9.31817
c bounds -983 >= -3309 @ 9.31927
c bounds -983 >= -3305 @ 9.32088
c bounds -985 >= -3305 @ 9.32583
c bounds -985 >= -3297 @ 9.32676
c bounds -985 >= -3289 @ 9.32866
c bounds -985 >= -3281 @ 9.32956
c bounds -985 >= -3277 @ 9.33138
c bounds -985 >= -3273 @ 9.33324
c bounds -985 >= -3269 @ 9.33509
c bounds -985 >= -3261 @ 9.33598
c bounds -985 >= -3257 @ 9.33622
c bounds -985 >= -3253 @ 9.33722
c bounds -985 >= -3249 @ 9.33761
c bounds -985 >= -3245 @ 9.33854
c bounds -985 >= -3237 @ 9.34034
c bounds -985 >= -3229 @ 9.34123
c bounds -985 >= -3225 @ 9.34305
c bounds -985 >= -3221 @ 9.34419
c bounds -985 >= -3217 @ 9.34419
c bounds -985 >= -3209 @ 9.34519
c bounds -985 >= -3205 @ 9.34555
c bounds -985 >= -3197 @ 9.34645
c bounds -987 >= -3197 @ 9.35428
c bounds -987 >= -3193 @ 9.35519
c bounds -987 >= -3185 @ 9.35698
c bounds -987 >= -3181 @ 9.35715
c bounds -987 >= -3173 @ 9.35864
c bounds -987 >= -3169 @ 9.36047
c bounds -987 >= -3165 @ 9.36134
c bounds -987 >= -3161 @ 9.36214
c bounds -987 >= -3157 @ 9.36394
c bounds -987 >= -3153 @ 9.36513
c bounds -987 >= -3145 @ 9.36513
c bounds -987 >= -3141 @ 9.36646
c bounds -987 >= -3137 @ 9.36732
c bounds -987 >= -3133 @ 9.3691
c bounds -987 >= -3129 @ 9.37011
c bounds -987 >= -3125 @ 9.37111
c bounds -987 >= -3121 @ 9.37211
c bounds -987 >= -3117 @ 9.37338
c bounds -987 >= -3113 @ 9.37521
c bounds -987 >= -3105 @ 9.37706
c bounds -987 >= -3097 @ 9.37809
c bounds -991 >= -3097 @ 9.38293
c bounds -991 >= -3089 @ 9.38481
c bounds -991 >= -3085 @ 9.38607
c bounds -991 >= -3081 @ 9.38706
c bounds -991 >= -3073 @ 9.38734
c bounds -991 >= -3069 @ 9.38914
c bounds -991 >= -3065 @ 9.39096
c bounds -991 >= -3057 @ 9.39278
c bounds -991 >= -3049 @ 9.39461
c bounds -991 >= -3045 @ 9.39642
c bounds -991 >= -3037 @ 9.39826
c bounds -991 >= -3033 @ 9.40006
c bounds -991 >= -3029 @ 9.40102
c bounds -991 >= -3025 @ 9.40202
c bounds -991 >= -3021 @ 9.40202
c bounds -991 >= -3017 @ 9.40202
c bounds -995 >= -3017 @ 9.40415
c bounds -995 >= -3013 @ 9.40514
c bounds -995 >= -3005 @ 9.40601
c bounds -995 >= -3001 @ 9.40769
c bounds -995 >= -2997 @ 9.409
c bounds -995 >= -2993 @ 9.40933
c bounds -995 >= -2989 @ 9.41015
c bounds -995 >= -2985 @ 9.4119
c bounds -995 >= -2977 @ 9.41299
c bounds -995 >= -2973 @ 9.41399
c bounds -995 >= -2969 @ 9.41433
c bounds -995 >= -2961 @ 9.41612
c bounds -995 >= -2957 @ 9.41698
c bounds -995 >= -2953 @ 9.41798
c bounds -995 >= -2949 @ 9.41947
c bounds -997 >= -2949 @ 9.42374
c bounds -997 >= -2945 @ 9.42554
c bounds -997 >= -2941 @ 9.42695
c bounds -997 >= -2937 @ 9.42695
c bounds -997 >= -2933 @ 9.42695
c bounds -997 >= -2929 @ 9.42762
c bounds -997 >= -2925 @ 9.42795
c bounds -999 >= -2925 @ 9.43009
c bounds -999 >= -2921 @ 9.43177
c bounds -999 >= -2917 @ 9.43221
c bounds -999 >= -2913 @ 9.4347
c bounds -999 >= -2909 @ 9.43682
c bounds -1000 >= -2909 @ 9.46748
c bounds -1000 >= -2905 @ 9.46931
c bounds -1000 >= -2901 @ 9.47075
c bounds -1000 >= -2897 @ 9.47308
c bounds -1000 >= -2893 @ 9.47424
c bounds -1000 >= -2889 @ 9.47739
c bounds -1000 >= -2885 @ 9.47779
c bounds -1000 >= -2881 @ 9.479
c bounds -1000 >= -2877 @ 9.48143
c bounds -1000 >= -2873 @ 9.48258
c bounds -1000 >= -2869 @ 9.48417
c bounds -1000 >= -2865 @ 9.48477
c bounds -1000 >= -2861 @ 9.48577
c bounds -1000 >= -2857 @ 9.48755
c bounds -1000 >= -2853 @ 9.48876
c bounds -1000 >= -2849 @ 9.49002
c bounds -1004 >= -2849 @ 9.49503
c bounds -1004 >= -2845 @ 9.49873
c bounds -1004 >= -2841 @ 9.5041
c bounds -1008 >= -2841 @ 9.50827
c bounds -1009 >= -2841 @ 9.59553
c bounds -1009 >= -2837 @ 9.59847
c bounds -1009 >= -2833 @ 9.60198
c bounds -1009 >= -2829 @ 9.60401
c bounds -1009 >= -2825 @ 9.60737
c bounds -1009 >= -2821 @ 9.61842
c bounds -1009 >= -2817 @ 9.63536
c bounds -1009 >= -2813 @ 9.64923
c #Conflicts:      17000 | #Constraints:      15052
c #Conflicts:      18000 | #Constraints:      16052
c #Conflicts:      19000 | #Constraints:      17052
c bounds -1011 >= -2813 @ 11.237
c bounds -1011 >= -2809 @ 11.2858
c bounds -1011 >= -2805 @ 11.3086
c bounds -1011 >= -2801 @ 11.3235
c bounds -1011 >= -2797 @ 11.3682
c #Conflicts:      20000 | #Constraints:      18119
c bounds -1011 >= -2793 @ 11.5745
c bounds -1011 >= -2789 @ 11.592
c bounds -1011 >= -2785 @ 11.5995
c bounds -1011 >= -2781 @ 11.6073
c bounds -1011 >= -2777 @ 11.7523
c bounds -1011 >= -2773 @ 11.8379
c bounds -1011 >= -2769 @ 11.9589
c #Conflicts:      21000 | #Constraints:      19245
c bounds -1011 >= -2765 @ 12.1275
c bounds -1011 >= -2761 @ 12.4348
c bounds -1011 >= -2757 @ 12.6996
c #Conflicts:      22000 | #Constraints:      20350
c bounds -1011 >= -2753 @ 13.0361
c bounds -1012 >= -2753 @ 13.0973
c bounds -1013 >= -2753 @ 13.2772
c bounds -1013 >= -2749 @ 13.6415
c bounds -1015 >= -2749 @ 13.6656
c bounds -1016 >= -2749 @ 13.6881
c #Conflicts:      23000 | #Constraints:      21453
c bounds -1017 >= -2749 @ 13.855
c bounds -1018 >= -2749 @ 13.8704
c bounds -1019 >= -2749 @ 14.1359
c bounds -1019 >= -2745 @ 14.5522
c bounds -1020 >= -2745 @ 14.5862
c bounds -1022 >= -2745 @ 14.5997
c bounds -1024 >= -2745 @ 14.7257
c #Conflicts:      24000 | #Constraints:      22495
c bounds -1024 >= -2741 @ 15.368
c bounds -1025 >= -2741 @ 16.4496
c #Conflicts:      25000 | #Constraints:      23535
c bounds -1025 >= -2737 @ 17.6187
c INPROCESSING
c GARBAGE COLLECT
c bounds -1026 >= -2737 @ 18.2046
c bounds -1028 >= -2737 @ 18.21
c #Conflicts:      26000 | #Constraints:      17543
c bounds -1029 >= -2737 @ 18.8835
c bounds -1029 >= -2734 @ 18.9405
c bounds -1029 >= -2731 @ 19.1646
c #Conflicts:      27000 | #Constraints:      18565
c bounds -1030 >= -2731 @ 19.6594
c bounds -1030 >= -2728 @ 19.9135
c bounds -1030 >= -2725 @ 20.197
c #Conflicts:      28000 | #Constraints:      19587
c bounds -1030 >= -2722 @ 20.694
c bounds -1032 >= -2722 @ 20.7197
c #Conflicts:      29000 | #Constraints:      20603
c bounds -1034 >= -2722 @ 22.4494
c bounds -1034 >= -2719 @ 23.2868
c #Conflicts:      30000 | #Constraints:      21619
c bounds -1034 >= -2716 @ 24.702
c INPROCESSING
c GARBAGE COLLECT
c #Conflicts:      31000 | #Constraints:      17000
c bounds -1034 >= -2713 @ 25.6069
c #Conflicts:      32000 | #Constraints:      18018
c #Conflicts:      33000 | #Constraints:      19018
c bounds -1035 >= -2713 @ 29.3129
c #Conflicts:      34000 | #Constraints:      20019
c bounds -1035 >= -2710 @ 31.0353
c #Conflicts:      35000 | #Constraints:      21037
c bounds -1035 >= -2707 @ 32.298
c #Conflicts:      36000 | #Constraints:      22055
c bounds -1035 >= -2704 @ 34.6059
c #Conflicts:      37000 | #Constraints:      23073
c #Conflicts:      38000 | #Constraints:      24073
c bounds -1035 >= -2701 @ 37.1715
c #Conflicts:      39000 | #Constraints:      25091
c bounds -1035 >= -2698 @ 40.5281
c bounds -1036 >= -2698 @ 40.6441
c bounds -1038 >= -2698 @ 40.6662
c #Conflicts:      40000 | #Constraints:      26120
c #Conflicts:      41000 | #Constraints:      27120
c #Conflicts:      42000 | #Constraints:      28120
c #Conflicts:      43000 | #Constraints:      29120
c INPROCESSING
c GARBAGE COLLECT
c #Conflicts:      44000 | #Constraints:      21088
c #Conflicts:      45000 | #Constraints:      22088
c bounds -1038 >= -2695 @ 54.8063
c #Conflicts:      46000 | #Constraints:      23118
c #Conflicts:      47000 | #Constraints:      24118
c #Conflicts:      48000 | #Constraints:      25118
c bounds -1038 >= -2692 @ 58.9084
c #Conflicts:      49000 | #Constraints:      26145
c INPROCESSING
c GARBAGE COLLECT
c #Conflicts:      50000 | #Constraints:      19474
c #Conflicts:      51000 | #Constraints:      20474
c #Conflicts:      52000 | #Constraints:      21474
c bounds -1038 >= -2689 @ 65.0386
c #Conflicts:      53000 | #Constraints:      22495
c #Conflicts:      54000 | #Constraints:      23495
c #Conflicts:      55000 | #Constraints:      24495
c bounds -1038 >= -2686 @ 70.0355
c #Conflicts:      56000 | #Constraints:      25525
c #Conflicts:      57000 | #Constraints:      26525
c bounds -1038 >= -2683 @ 74.6685
c #Conflicts:      58000 | #Constraints:      27546
c #Conflicts:      59000 | #Constraints:      28546
c bounds -1038 >= -2680 @ 78.8171
c #Conflicts:      60000 | #Constraints:      29576
c #Conflicts:      61000 | #Constraints:      30576
c bounds -1038 >= -2677 @ 83.2728
c #Conflicts:      62000 | #Constraints:      31612
c #Conflicts:      63000 | #Constraints:      32612
c bounds -1038 >= -2674 @ 88.1808
c #Conflicts:      64000 | #Constraints:      33633
c #Conflicts:      65000 | #Constraints:      34633
c INPROCESSING
c GARBAGE COLLECT
c #Conflicts:      66000 | #Constraints:      24105
c bounds -1038 >= -2671 @ 97.1592
c #Conflicts:      67000 | #Constraints:      25141
c #Conflicts:      68000 | #Constraints:      26141
c bounds -1038 >= -2668 @ 102.641
c #Conflicts:      69000 | #Constraints:      27171
c #Conflicts:      70000 | #Constraints:      28171
c #Conflicts:      71000 | #Constraints:      29171
c #Conflicts:      72000 | #Constraints:      30171
c INPROCESSING
c GARBAGE COLLECT
c bounds -1038 >= -2664 @ 128.727
c bounds -1038 >= -2660 @ 128.73
c #Conflicts:      73000 | #Constraints:      21649
c #Conflicts:      74000 | #Constraints:      22649
c #Conflicts:      75000 | #Constraints:      23649
c bounds -1038 >= -2657 @ 135.444
c #Conflicts:      76000 | #Constraints:      24685
c #Conflicts:      77000 | #Constraints:      25685
c bounds -1038 >= -2654 @ 141.302
c #Conflicts:      78000 | #Constraints:      26718
c #Conflicts:      79000 | #Constraints:      27718
c #Conflicts:      80000 | #Constraints:      28718
c bounds -1038 >= -2651 @ 150.773
c #Conflicts:      81000 | #Constraints:      29757
c #Conflicts:      82000 | #Constraints:      30757
c #Conflicts:      83000 | #Constraints:      31757
c #Conflicts:      84000 | #Constraints:      32757
c #Conflicts:      85000 | #Constraints:      33757
c bounds -1038 >= -2648 @ 169.345
c #Conflicts:      86000 | #Constraints:      34799
c #Conflicts:      87000 | #Constraints:      35799
c #Conflicts:      88000 | #Constraints:      36799
c #Conflicts:      89000 | #Constraints:      37799
c #Conflicts:      90000 | #Constraints:      38799
c bounds -1038 >= -2645 @ 190.534
c #Conflicts:      91000 | #Constraints:      39829
c INPROCESSING
c GARBAGE COLLECT
c #Conflicts:      92000 | #Constraints:      26730
c #Conflicts:      93000 | #Constraints:      27730
c #Conflicts:      94000 | #Constraints:      28730
c #Conflicts:      95000 | #Constraints:      29730
c #Conflicts:      96000 | #Constraints:      30730
c #Conflicts:      97000 | #Constraints:      31730
c #Conflicts:      98000 | #Constraints:      32730
c #Conflicts:      99000 | #Constraints:      33730
c #Conflicts:     100000 | #Constraints:      34730
c INPROCESSING
c GARBAGE COLLECT
c #Conflicts:     101000 | #Constraints:      24243
c #Conflicts:     102000 | #Constraints:      25243
c #Conflicts:     103000 | #Constraints:      26243
c #Conflicts:     104000 | #Constraints:      27243
c #Conflicts:     105000 | #Constraints:      28243
c #Conflicts:     106000 | #Constraints:      29243
c #Conflicts:     107000 | #Constraints:      30243
c #Conflicts:     108000 | #Constraints:      31243
c bounds -1038 >= -2642 @ 267.15
c #Conflicts:     109000 | #Constraints:      32285
c #Conflicts:     110000 | #Constraints:      33285
c #Conflicts:     111000 | #Constraints:      34285
c #Conflicts:     112000 | #Constraints:      35285
c #Conflicts:     113000 | #Constraints:      36285
c #Conflicts:     114000 | #Constraints:      37285
c bounds -1038 >= -2639 @ 318.756
c #Conflicts:     115000 | #Constraints:      38315
c #Conflicts:     116000 | #Constraints:      39315
c #Conflicts:     117000 | #Constraints:      40315
c #Conflicts:     118000 | #Constraints:      41315
c #Conflicts:     119000 | #Constraints:      42315
c #Conflicts:     120000 | #Constraints:      43315
c #Conflicts:     121000 | #Constraints:      44315
c INPROCESSING
c GARBAGE COLLECT
c #Conflicts:     122000 | #Constraints:      28756
c #Conflicts:     123000 | #Constraints:      29756
c #Conflicts:     124000 | #Constraints:      30756
c #Conflicts:     125000 | #Constraints:      31756
c #Conflicts:     126000 | #Constraints:      32756
c #Conflicts:     127000 | #Constraints:      33756
c #Conflicts:     128000 | #Constraints:      34756
c #Conflicts:     129000 | #Constraints:      35756
c #Conflicts:     130000 | #Constraints:      36756
c bounds -1038 >= -2636 @ 420.96
c #Conflicts:     131000 | #Constraints:      37801
c #Conflicts:     132000 | #Constraints:      38801
c INPROCESSING
c GARBAGE COLLECT
c #Conflicts:     133000 | #Constraints:      26558
c bounds -1039 >= -2636 @ 437.383
c bounds -1040 >= -2636 @ 437.468
c #Conflicts:     134000 | #Constraints:      27560
c #Conflicts:     135000 | #Constraints:      28560
c #Conflicts:     136000 | #Constraints:      29560
c #Conflicts:     137000 | #Constraints:      30560
c #Conflicts:     138000 | #Constraints:      31560
c #Conflicts:     139000 | #Constraints:      32560
c #Conflicts:     140000 | #Constraints:      33560
c #Conflicts:     141000 | #Constraints:      34560
c #Conflicts:     142000 | #Constraints:      35560
c #Conflicts:     143000 | #Constraints:      36560
c #Conflicts:     144000 | #Constraints:      37560
c #Conflicts:     145000 | #Constraints:      38560
c #Conflicts:     146000 | #Constraints:      39560
c #Conflicts:     147000 | #Constraints:      40560
c #Conflicts:     148000 | #Constraints:      41560
c #Conflicts:     149000 | #Constraints:      42560
c #Conflicts:     150000 | #Constraints:      43560
c #Conflicts:     151000 | #Constraints:      44560
c #Conflicts:     152000 | #Constraints:      45560
c #Conflicts:     153000 | #Constraints:      46560
c #Conflicts:     154000 | #Constraints:      47560
c #Conflicts:     155000 | #Constraints:      48560
c #Conflicts:     156000 | #Constraints:      49560
c INPROCESSING
c GARBAGE COLLECT
c #Conflicts:     157000 | #Constraints:      31374
c #Conflicts:     158000 | #Constraints:      32374
c #Conflicts:     159000 | #Constraints:      33374
c #Conflicts:     160000 | #Constraints:      34374
c #Conflicts:     161000 | #Constraints:      35374
c #Conflicts:     162000 | #Constraints:      36374
c #Conflicts:     163000 | #Constraints:      37374
c #Conflicts:     164000 | #Constraints:      38374
c #Conflicts:     165000 | #Constraints:      39374
c #Conflicts:     166000 | #Constraints:      40374
c #Conflicts:     167000 | #Constraints:      41374
c #Conflicts:     168000 | #Constraints:      42374
c INPROCESSING
c GARBAGE COLLECT
c #Conflicts:     169000 | #Constraints:      28022
c #Conflicts:     170000 | #Constraints:      29022
c #Conflicts:     171000 | #Constraints:      30022
c #Conflicts:     172000 | #Constraints:      31022
c #Conflicts:     173000 | #Constraints:      32022
c #Conflicts:     174000 | #Constraints:      33022
c #Conflicts:     175000 | #Constraints:      34022
c #Conflicts:     176000 | #Constraints:      35022
c #Conflicts:     177000 | #Constraints:      36022
c #Conflicts:     178000 | #Constraints:      37022
c #Conflicts:     179000 | #Constraints:      38022
c #Conflicts:     180000 | #Constraints:      39022
c INPROCESSING
c GARBAGE COLLECT
c #Conflicts:     181000 | #Constraints:      27926
c #Conflicts:     182000 | #Constraints:      28926
c #Conflicts:     183000 | #Constraints:      29926
c #Conflicts:     184000 | #Constraints:      30926
c #Conflicts:     185000 | #Constraints:      31926
c #Conflicts:     186000 | #Constraints:      32926
c #Conflicts:     187000 | #Constraints:      33926
c #Conflicts:     188000 | #Constraints:      34926
c #Conflicts:     189000 | #Constraints:      35926
c #Conflicts:     190000 | #Constraints:      36926
c #Conflicts:     191000 | #Constraints:      37926
c #Conflicts:     192000 | #Constraints:      38926
c #Conflicts:     193000 | #Constraints:      39926
c #Conflicts:     194000 | #Constraints:      40926
c #Conflicts:     195000 | #Constraints:      41926
c #Conflicts:     196000 | #Constraints:      42926
c #Conflicts:     197000 | #Constraints:      43926
c #Conflicts:     198000 | #Constraints:      44926
c #Conflicts:     199000 | #Constraints:      45926
c #Conflicts:     200000 | #Constraints:      46926
c #Conflicts:     201000 | #Constraints:      47926
c #Conflicts:     202000 | #Constraints:      48926
c #Conflicts:     203000 | #Constraints:      49926
c #Conflicts:     204000 | #Constraints:      50926
c #Conflicts:     205000 | #Constraints:      51926
c #Conflicts:     206000 | #Constraints:      52926
c #Conflicts:     207000 | #Constraints:      53926
c #Conflicts:     208000 | #Constraints:      54926
c #Conflicts:     209000 | #Constraints:      55926
c INPROCESSING
c GARBAGE COLLECT
c #Conflicts:     210000 | #Constraints:      34979
c #Conflicts:     211000 | #Constraints:      35979
c #Conflicts:     212000 | #Constraints:      36979
c #Conflicts:     213000 | #Constraints:      37979
c #Conflicts:     214000 | #Constraints:      38979
c #Conflicts:     215000 | #Constraints:      39979
c #Conflicts:     216000 | #Constraints:      40979
c #Conflicts:     217000 | #Constraints:      41979
c #Conflicts:     218000 | #Constraints:      42979
c #Conflicts:     219000 | #Constraints:      43979
c #Conflicts:     220000 | #Constraints:      44979
c #Conflicts:     221000 | #Constraints:      45979
c #Conflicts:     222000 | #Constraints:      46979
c INPROCESSING
c GARBAGE COLLECT
c #Conflicts:     223000 | #Constraints:      30545
c #Conflicts:     224000 | #Constraints:      31545
c #Conflicts:     225000 | #Constraints:      32545
c #Conflicts:     226000 | #Constraints:      33545
c #Conflicts:     227000 | #Constraints:      34545
c #Conflicts:     228000 | #Constraints:      35545
c #Conflicts:     229000 | #Constraints:      36545
c #Conflicts:     230000 | #Constraints:      37545
c #Conflicts:     231000 | #Constraints:      38545
c #Conflicts:     232000 | #Constraints:      39545
c #Conflicts:     233000 | #Constraints:      40545
c #Conflicts:     234000 | #Constraints:      41545
c #Conflicts:     235000 | #Constraints:      42545
c INPROCESSING
c GARBAGE COLLECT
c #Conflicts:     236000 | #Constraints:      28398
c #Conflicts:     237000 | #Constraints:      29398
c #Conflicts:     238000 | #Constraints:      30398
c #Conflicts:     239000 | #Constraints:      31398
c #Conflicts:     240000 | #Constraints:      32398
c #Conflicts:     241000 | #Constraints:      33398
c #Conflicts:     242000 | #Constraints:      34398
c #Conflicts:     243000 | #Constraints:      35398
c #Conflicts:     244000 | #Constraints:      36398
c #Conflicts:     245000 | #Constraints:      37398
c #Conflicts:     246000 | #Constraints:      38398
c #Conflicts:     247000 | #Constraints:      39398
c #Conflicts:     248000 | #Constraints:      40398
c #Conflicts:     249000 | #Constraints:      41398
c #Conflicts:     250000 | #Constraints:      42398
c #Conflicts:     251000 | #Constraints:      43398
c #Conflicts:     252000 | #Constraints:      44398
c #Conflicts:     253000 | #Constraints:      45398
c #Conflicts:     254000 | #Constraints:      46398
c #Conflicts:     255000 | #Constraints:      47398
c #Conflicts:     256000 | #Constraints:      48398
c #Conflicts:     257000 | #Constraints:      49398
c #Conflicts:     258000 | #Constraints:      50398
c #Conflicts:     259000 | #Constraints:      51398
c #Conflicts:     260000 | #Constraints:      52398
c #Conflicts:     261000 | #Constraints:      53398
c #Conflicts:     262000 | #Constraints:      54398
c #Conflicts:     263000 | #Constraints:      55398
c #Conflicts:     264000 | #Constraints:      56398
c #Conflicts:     265000 | #Constraints:      57398
c #Conflicts:     266000 | #Constraints:      58398
c #Conflicts:     267000 | #Constraints:      59398
c #Conflicts:     268000 | #Constraints:      60398
c INPROCESSING
c GARBAGE COLLECT
c #Conflicts:     269000 | #Constraints:      37095
c #Conflicts:     270000 | #Constraints:      38095
c #Conflicts:     271000 | #Constraints:      39095
c #Conflicts:     272000 | #Constraints:      40095
c #Conflicts:     273000 | #Constraints:      41095
c #Conflicts:     274000 | #Constraints:      42095
c #Conflicts:     275000 | #Constraints:      43095
c #Conflicts:     276000 | #Constraints:      44095
c #Conflicts:     277000 | #Constraints:      45095
c #Conflicts:     278000 | #Constraints:      46095
c #Conflicts:     279000 | #Constraints:      47095
c #Conflicts:     280000 | #Constraints:      48095
c #Conflicts:     281000 | #Constraints:      49095
c #Conflicts:     282000 | #Constraints:      50095
c INPROCESSING
c GARBAGE COLLECT
c #Conflicts:     283000 | #Constraints:      31630
c #Conflicts:     284000 | #Constraints:      32630
c #Conflicts:     285000 | #Constraints:      33630
c #Conflicts:     286000 | #Constraints:      34630
c #Conflicts:     287000 | #Constraints:      35630
c #Conflicts:     288000 | #Constraints:      36630
c #Conflicts:     289000 | #Constraints:      37630
c #Conflicts:     290000 | #Constraints:      38630
c #Conflicts:     291000 | #Constraints:      39630
c #Conflicts:     292000 | #Constraints:      40630
c #Conflicts:     293000 | #Constraints:      41630
c #Conflicts:     294000 | #Constraints:      42630
c #Conflicts:     295000 | #Constraints:      43630
c #Conflicts:     296000 | #Constraints:      44630
c #Conflicts:     297000 | #Constraints:      45630
c INPROCESSING
c GARBAGE COLLECT
c #Conflicts:     298000 | #Constraints:      29570
c #Conflicts:     299000 | #Constraints:      30570
c #Conflicts:     300000 | #Constraints:      31570
c #Conflicts:     301000 | #Constraints:      32570
c #Conflicts:     302000 | #Constraints:      33570
c #Conflicts:     303000 | #Constraints:      34570
c #Conflicts:     304000 | #Constraints:      35570
c #Conflicts:     305000 | #Constraints:      36570
c #Conflicts:     306000 | #Constraints:      37570
c bounds -1041 >= -2636 @ 2129.96
c bounds -1041 >= -2634 @ 2129.97
c bounds -1041 >= -2632 @ 2129.98
c bounds -1041 >= -2630 @ 2131.49
c bounds -1041 >= -2628 @ 2132.63
c bounds -1041 >= -2626 @ 2134.48
c bounds -1041 >= -2624 @ 2137.12
c bounds -1041 >= -2622 @ 2139.05
c bounds -1041 >= -2620 @ 2141.4
c bounds -1041 >= -2618 @ 2147.47
c #Conflicts:     307000 | #Constraints:      38766
c bounds -1041 >= -2616 @ 2154.88
c bounds -1041 >= -2614 @ 2161.05
c bounds -1041 >= -2612 @ 2169.63
c #Conflicts:     308000 | #Constraints:      39865
c bounds -1041 >= -2610 @ 2178.38
c bounds -1041 >= -2608 @ 2192.8
c #Conflicts:     309000 | #Constraints:      40949
c bounds -1041 >= -2606 @ 2207.05
c #Conflicts:     310000 | #Constraints:      41994
c bounds -1041 >= -2604 @ 2229.31
c #Conflicts:     311000 | #Constraints:      43027
c #Conflicts:     312000 | #Constraints:      44027
c bounds -1041 >= -2602 @ 2268.55
c bounds -1147 >= -2602 @ 2269.47
c bounds -1148 >= -2602 @ 2269.56
c bounds -1149 >= -2602 @ 2269.65
c bounds -1150 >= -2602 @ 2269.74
c bounds -1151 >= -2602 @ 2269.83
c bounds -1155 >= -2602 @ 2269.92
c bounds -1159 >= -2602 @ 2270.01
c bounds -1163 >= -2602 @ 2270.1
c bounds -1164 >= -2602 @ 2270.38
c bounds -1165 >= -2602 @ 2270.65
c bounds -1166 >= -2602 @ 2270.76
c bounds -1167 >= -2602 @ 2270.87
c bounds -1168 >= -2602 @ 2270.98
c bounds -1169 >= -2602 @ 2271.09
c INPROCESSING
c GARBAGE COLLECT
c bounds -1170 >= -2602 @ 2271.37
c bounds -1171 >= -2602 @ 2271.39
c bounds -1172 >= -2602 @ 2271.44
c bounds -1173 >= -2602 @ 2271.46
c bounds -1174 >= -2602 @ 2271.49
c bounds -1175 >= -2602 @ 2271.51
c bounds -1179 >= -2602 @ 2271.57
c bounds -1180 >= -2602 @ 2271.74
c bounds -1181 >= -2602 @ 2271.78
c bounds -1182 >= -2602 @ 2271.82
c bounds -1183 >= -2602 @ 2271.85
c bounds -1184 >= -2602 @ 2271.88
c bounds -1185 >= -2602 @ 2271.91
c bounds -1186 >= -2602 @ 2271.94
c bounds -1187 >= -2602 @ 2271.97
c bounds -1188 >= -2602 @ 2272
c bounds -1189 >= -2602 @ 2272.03
c bounds -1190 >= -2602 @ 2272.06
c bounds -1191 >= -2602 @ 2272.09
c bounds -1192 >= -2602 @ 2272.12
c bounds -1194 >= -2602 @ 2272.16
c bounds -1196 >= -2602 @ 2272.21
c bounds -1198 >= -2602 @ 2272.24
c bounds -1200 >= -2602 @ 2272.27
c #Conflicts:     313000 | #Constraints:      30049
c #Conflicts:     314000 | #Constraints:      31049
c #Conflicts:     315000 | #Constraints:      32049
c #Conflicts:     316000 | #Constraints:      33049
c #Conflicts:     317000 | #Constraints:      34049
c #Conflicts:     318000 | #Constraints:      35049
c #Conflicts:     319000 | #Constraints:      36049
c #Conflicts:     320000 | #Constraints:      37049
c #Conflicts:     321000 | #Constraints:      38049
c #Conflicts:     322000 | #Constraints:      39049
c #Conflicts:     323000 | #Constraints:      40049
c #Conflicts:     324000 | #Constraints:      41049
c #Conflicts:     325000 | #Constraints:      42049
c #Conflicts:     326000 | #Constraints:      43049
c #Conflicts:     327000 | #Constraints:      44049
c #Conflicts:     328000 | #Constraints:      45049
c #Conflicts:     329000 | #Constraints:      46049
c #Conflicts:     330000 | #Constraints:      47049
c #Conflicts:     331000 | #Constraints:      48049
c #Conflicts:     332000 | #Constraints:      49049
c #Conflicts:     333000 | #Constraints:      50049
c #Conflicts:     334000 | #Constraints:      51049
c #Conflicts:     335000 | #Constraints:      52049
c #Conflicts:     336000 | #Constraints:      53049
c #Conflicts:     337000 | #Constraints:      54049
c #Conflicts:     338000 | #Constraints:      55049
c #Conflicts:     339000 | #Constraints:      56049
c #Conflicts:     340000 | #Constraints:      57049
c #Conflicts:     341000 | #Constraints:      58049
c #Conflicts:     342000 | #Constraints:      59049
c #Conflicts:     343000 | #Constraints:      60049
c #Conflicts:     344000 | #Constraints:      61049
c #Conflicts:     345000 | #Constraints:      62049
c #Conflicts:     346000 | #Constraints:      63049
c #Conflicts:     347000 | #Constraints:      64049
c #Conflicts:     348000 | #Constraints:      65049
c #Conflicts:     349000 | #Constraints:      66049
c #Conflicts:     350000 | #Constraints:      67049
c #Conflicts:     351000 | #Constraints:      68049
c INPROCESSING
c GARBAGE COLLECT
c #Conflicts:     352000 | #Constraints:      41221
c bounds -1200 >= -2600 @ 3157.94
c #Conflicts:     353000 | #Constraints:      42260
c #Conflicts:     354000 | #Constraints:      43260
c bounds -1200 >= -2598 @ 3208.74
c #Conflicts:     355000 | #Constraints:      44314
c #Conflicts:     356000 | #Constraints:      45314
c #Conflicts:     357000 | #Constraints:      46314
c #Conflicts:     358000 | #Constraints:      47314
c #Conflicts:     359000 | #Constraints:      48314
c #Conflicts:     360000 | #Constraints:      49314
c #Conflicts:     361000 | #Constraints:      50314
c #Conflicts:     362000 | #Constraints:      51314
c #Conflicts:     363000 | #Constraints:      52314
c #Conflicts:     364000 | #Constraints:      53314
c #Conflicts:     365000 | #Constraints:      54314
c #Conflicts:     366000 | #Constraints:      55314
c #Conflicts:     367000 | #Constraints:      56314
c INPROCESSING
c GARBAGE COLLECT
c #Conflicts:     368000 | #Constraints:      35287
c bounds -1200 >= -2596 @ 3408.39
c #Conflicts:     369000 | #Constraints:      36347
c #Conflicts:     370000 | #Constraints:      37347
c #Conflicts:     371000 | #Constraints:      38347
c #Conflicts:     372000 | #Constraints:      39347
c #Conflicts:     373000 | #Constraints:      40347
c #Conflicts:     374000 | #Constraints:      41347
c #Conflicts:     375000 | #Constraints:      42347
c #Conflicts:     376000 | #Constraints:      43347
c #Conflicts:     377000 | #Constraints:      44347
c #Conflicts:     378000 | #Constraints:      45347
c #Conflicts:     379000 | #Constraints:      46347
c #Conflicts:     380000 | #Constraints:      47347
c #Conflicts:     381000 | #Constraints:      48347
c #Conflicts:     382000 | #Constraints:      49347
c #Conflicts:     383000 | #Constraints:      50347
c INPROCESSING
c GARBAGE COLLECT
c #Conflicts:     384000 | #Constraints:      32118
c #Conflicts:     385000 | #Constraints:      33118
c #Conflicts:     386000 | #Constraints:      34118
c #Conflicts:     387000 | #Constraints:      35118
c #Conflicts:     388000 | #Constraints:      36118
c #Conflicts:     389000 | #Constraints:      37118
c #Conflicts:     390000 | #Constraints:      38118
c #Conflicts:     391000 | #Constraints:      39118
c #Conflicts:     392000 | #Constraints:      40118
c #Conflicts:     393000 | #Constraints:      41118
c #Conflicts:     394000 | #Constraints:      42118
c #Conflicts:     395000 | #Constraints:      43118
c #Conflicts:     396000 | #Constraints:      44118
c #Conflicts:     397000 | #Constraints:      45118
c #Conflicts:     398000 | #Constraints:      46118
c #Conflicts:     399000 | #Constraints:      47118
c #Conflicts:     400000 | #Constraints:      48118
c INPROCESSING
c GARBAGE COLLECT
c #Conflicts:     401000 | #Constraints:      31753
c #Conflicts:     402000 | #Constraints:      32753
c #Conflicts:     403000 | #Constraints:      33753
c #Conflicts:     404000 | #Constraints:      34753
c #Conflicts:     405000 | #Constraints:      35753
c #Conflicts:     406000 | #Constraints:      36753
c #Conflicts:     407000 | #Constraints:      37753
c #Conflicts:     408000 | #Constraints:      38753
c #Conflicts:     409000 | #Constraints:      39753
c #Conflicts:     410000 | #Constraints:      40753
c #Conflicts:     411000 | #Constraints:      41753
c #Conflicts:     412000 | #Constraints:      42753
c #Conflicts:     413000 | #Constraints:      43753
c #Conflicts:     414000 | #Constraints:      44753
c #Conflicts:     415000 | #Constraints:      45753
c #Conflicts:     416000 | #Constraints:      46753
c #Conflicts:     417000 | #Constraints:      47753
c #Conflicts:     418000 | #Constraints:      48753
c #Conflicts:     419000 | #Constraints:      49753
c #Conflicts:     420000 | #Constraints:      50753
c #Conflicts:     421000 | #Constraints:      51753
c #Conflicts:     422000 | #Constraints:      52753
c #Conflicts:     423000 | #Constraints:      53753
c #Conflicts:     424000 | #Constraints:      54753
c #Conflicts:     425000 | #Constraints:      55753
c #Conflicts:     426000 | #Constraints:      56753
c #Conflicts:     427000 | #Constraints:      57753
c #Conflicts:     428000 | #Constraints:      58753
c #Conflicts:     429000 | #Constraints:      59753
c #Conflicts:     430000 | #Constraints:      60753
c #Conflicts:     431000 | #Constraints:      61753
c #Conflicts:     432000 | #Constraints:      62753
c #Conflicts:     433000 | #Constraints:      63753
c #Conflicts:     434000 | #Constraints:      64753
c #Conflicts:     435000 | #Constraints:      65753
c #Conflicts:     436000 | #Constraints:      66753
c #Conflicts:     437000 | #Constraints:      67753
c #Conflicts:     438000 | #Constraints:      68753
c #Conflicts:     439000 | #Constraints:      69753
c #Conflicts:     440000 | #Constraints:      70753
c #Conflicts:     441000 | #Constraints:      71753
c #Conflicts:     442000 | #Constraints:      72753
c #Conflicts:     443000 | #Constraints:      73753
c #Conflicts:     444000 | #Constraints:      74753
c INPROCESSING
c GARBAGE COLLECT
c #Conflicts:     445000 | #Constraints:      44641
c #Conflicts:     446000 | #Constraints:      45641
c #Conflicts:     447000 | #Constraints:      46641
c #Conflicts:     448000 | #Constraints:      47641
c #Conflicts:     449000 | #Constraints:      48641
c #Conflicts:     450000 | #Constraints:      49641
c #Conflicts:     451000 | #Constraints:      50641
c #Conflicts:     452000 | #Constraints:      51641
c #Conflicts:     453000 | #Constraints:      52641
c #Conflicts:     454000 | #Constraints:      53641
c #Conflicts:     455000 | #Constraints:      54641
c #Conflicts:     456000 | #Constraints:      55641
c #Conflicts:     457000 | #Constraints:      56641
c #Conflicts:     458000 | #Constraints:      57641
c #Conflicts:     459000 | #Constraints:      58641
c #Conflicts:     460000 | #Constraints:      59641
c #Conflicts:     461000 | #Constraints:      60641
c INPROCESSING
c GARBAGE COLLECT
c #Conflicts:     462000 | #Constraints:      37121
c #Conflicts:     463000 | #Constraints:      38121
c #Conflicts:     464000 | #Constraints:      39121
c #Conflicts:     465000 | #Constraints:      40121
c #Conflicts:     466000 | #Constraints:      41121
c #Conflicts:     467000 | #Constraints:      42121
c #Conflicts:     468000 | #Constraints:      43121
c #Conflicts:     469000 | #Constraints:      44121
c #Conflicts:     470000 | #Constraints:      45121
c #Conflicts:     471000 | #Constraints:      46121
c #Conflicts:     472000 | #Constraints:      47121
c #Conflicts:     473000 | #Constraints:      48121
c #Conflicts:     474000 | #Constraints:      49121
c #Conflicts:     475000 | #Constraints:      50121
c #Conflicts:     476000 | #Constraints:      51121
c #Conflicts:     477000 | #Constraints:      52121
c #Conflicts:     478000 | #Constraints:      53121
c #Conflicts:     479000 | #Constraints:      54121
c #Conflicts:     480000 | #Constraints:      55121
c INPROCESSING
c GARBAGE COLLECT
c #Conflicts:     481000 | #Constraints:      34844
c #Conflicts:     482000 | #Constraints:      35844
c #Conflicts:     483000 | #Constraints:      36844
c #Conflicts:     484000 | #Constraints:      37844
c #Conflicts:     485000 | #Constraints:      38844
c #Conflicts:     486000 | #Constraints:      39844
c #Conflicts:     487000 | #Constraints:      40844
c #Conflicts:     488000 | #Constraints:      41844
c #Conflicts:     489000 | #Constraints:      42844
c #Conflicts:     490000 | #Constraints:      43844
c #Conflicts:     491000 | #Constraints:      44844
c #Conflicts:     492000 | #Constraints:      45844
c #Conflicts:     493000 | #Constraints:      46844
c #Conflicts:     494000 | #Constraints:      47844
c #Conflicts:     495000 | #Constraints:      48844
c #Conflicts:     496000 | #Constraints:      49844
c #Conflicts:     497000 | #Constraints:      50844
c #Conflicts:     498000 | #Constraints:      51844
c INPROCESSING
c GARBAGE COLLECT
c #Conflicts:     499000 | #Constraints:      33059
c #Conflicts:     500000 | #Constraints:      34059
c #Conflicts:     501000 | #Constraints:      35059
c #Conflicts:     502000 | #Constraints:      36059
c #Conflicts:     503000 | #Constraints:      37059
c #Conflicts:     504000 | #Constraints:      38059
c #Conflicts:     505000 | #Constraints:      39059
c #Conflicts:     506000 | #Constraints:      40059
c #Conflicts:     507000 | #Constraints:      41059
c #Conflicts:     508000 | #Constraints:      42059
c #Conflicts:     509000 | #Constraints:      43059
c #Conflicts:     510000 | #Constraints:      44059
c #Conflicts:     511000 | #Constraints:      45059
c #Conflicts:     512000 | #Constraints:      46059
c #Conflicts:     513000 | #Constraints:      47059
c #Conflicts:     514000 | #Constraints:      48059
c #Conflicts:     515000 | #Constraints:      49059
c #Conflicts:     516000 | #Constraints:      50059
c INPROCESSING
c GARBAGE COLLECT
c #Conflicts:     517000 | #Constraints:      31914
c #Conflicts:     518000 | #Constraints:      32914
c #Conflicts:     519000 | #Constraints:      33914
c #Conflicts:     520000 | #Constraints:      34914
c #Conflicts:     521000 | #Constraints:      35914
c #Conflicts:     522000 | #Constraints:      36914
c #Conflicts:     523000 | #Constraints:      37914
c #Conflicts:     524000 | #Constraints:      38914
c #Conflicts:     525000 | #Constraints:      39914
c #Conflicts:     526000 | #Constraints:      40914
c #Conflicts:     527000 | #Constraints:      41914
c #Conflicts:     528000 | #Constraints:      42914
c #Conflicts:     529000 | #Constraints:      43914
c #Conflicts:     530000 | #Constraints:      44914
c #Conflicts:     531000 | #Constraints:      45914
c #Conflicts:     532000 | #Constraints:      46914
c #Conflicts:     533000 | #Constraints:      47914
c #Conflicts:     534000 | #Constraints:      48914
c #Conflicts:     535000 | #Constraints:      49914
c #Conflicts:     536000 | #Constraints:      50914
c #Conflicts:     537000 | #Constraints:      51914
c #Conflicts:     538000 | #Constraints:      52914
c #Conflicts:     539000 | #Constraints:      53914
c #Conflicts:     540000 | #Constraints:      54914
c #Conflicts:     541000 | #Constraints:      55914
c #Conflicts:     542000 | #Constraints:      56914
c #Conflicts:     543000 | #Constraints:      57914
c #Conflicts:     544000 | #Constraints:      58914
c #Conflicts:     545000 | #Constraints:      59914
c #Conflicts:     546000 | #Constraints:      60914
c #Conflicts:     547000 | #Constraints:      61914
c #Conflicts:     548000 | #Constraints:      62914
c #Conflicts:     549000 | #Constraints:      63914
c #Conflicts:     550000 | #Constraints:      64914
c #Conflicts:     551000 | #Constraints:      65914
c #Conflicts:     552000 | #Constraints:      66914
c #Conflicts:     553000 | #Constraints:      67914
c #Conflicts:     554000 | #Constraints:      68914
c #Conflicts:     555000 | #Constraints:      69914
c #Conflicts:     556000 | #Constraints:      70914
c #Conflicts:     557000 | #Constraints:      71914
c #Conflicts:     558000 | #Constraints:      72914
c #Conflicts:     559000 | #Constraints:      73914
c #Conflicts:     560000 | #Constraints:      74914
c #Conflicts:     561000 | #Constraints:      75914
c #Conflicts:     562000 | #Constraints:      76914
c #Conflicts:     563000 | #Constraints:      77914
c #Conflicts:     564000 | #Constraints:      78914
c #Conflicts:     565000 | #Constraints:      79914
c #Conflicts:     566000 | #Constraints:      80914
c #Conflicts:     567000 | #Constraints:      81914
c INPROCESSING
c GARBAGE COLLECT
c #Conflicts:     568000 | #Constraints:      48240
c #Conflicts:     569000 | #Constraints:      49240
c #Conflicts:     570000 | #Constraints:      50240
c #Conflicts:     571000 | #Constraints:      51240
c #Conflicts:     572000 | #Constraints:      52240