c RoundingSat 2
c branch 
c commit 
c #variables 3150 #constraints 6171
c bounds - >= -5250 @ 0.027571
c bounds 0 >= -5250 @ 0.02935
c bounds 0 >= -5234 @ 0.029913
c bounds 0 >= -5218 @ 0.030136
c bounds 0 >= -5202 @ 0.030354
c bounds 0 >= -5186 @ 0.030572
c bounds 0 >= -5170 @ 0.030789
c bounds 0 >= -5154 @ 0.031008
c bounds 0 >= -5138 @ 0.031222
c bounds 0 >= -5122 @ 0.031438
c bounds 0 >= -5106 @ 0.03165
c bounds 0 >= -5090 @ 0.031865
c bounds 0 >= -5074 @ 0.03208
c bounds 0 >= -5058 @ 0.032296
c bounds 0 >= -5042 @ 0.032509
c bounds 0 >= -5026 @ 0.032726
c bounds 0 >= -5010 @ 0.032939
c bounds 0 >= -4994 @ 0.033158
c bounds 0 >= -4978 @ 0.033372
c bounds 0 >= -4962 @ 0.033582
c bounds 0 >= -4946 @ 0.033803
c bounds 0 >= -4930 @ 0.034015
c bounds 0 >= -4914 @ 0.03423
c bounds 0 >= -4898 @ 0.03444
c bounds 0 >= -4882 @ 0.034653
c bounds 0 >= -4866 @ 0.034864
c bounds 0 >= -4850 @ 0.035082
c bounds 0 >= -4834 @ 0.035296
c bounds 0 >= -4818 @ 0.035506
c bounds 0 >= -4802 @ 0.035721
c bounds 0 >= -4786 @ 0.035935
c bounds 0 >= -4770 @ 0.03615
c bounds 0 >= -4754 @ 0.036362
c bounds 0 >= -4738 @ 0.036577
c bounds 0 >= -4722 @ 0.036791
c bounds 0 >= -4706 @ 0.037004
c bounds 0 >= -4690 @ 0.037216
c bounds 0 >= -4674 @ 0.037427
c bounds 0 >= -4658 @ 0.037648
c bounds 0 >= -4642 @ 0.037859
c bounds 0 >= -4626 @ 0.038072
c bounds 0 >= -4610 @ 0.038282
c bounds 0 >= -4594 @ 0.038492
c bounds 0 >= -4578 @ 0.038703
c bounds 0 >= -4562 @ 0.038915
c bounds 0 >= -4546 @ 0.039126
c bounds -3 >= -4546 @ 0.089283
c bounds -3 >= -4530 @ 0.089574
c bounds -3 >= -4514 @ 0.089802
c bounds -3 >= -4494 @ 0.090022
c bounds -3 >= -4478 @ 0.09024
c bounds -3 >= -4462 @ 0.09046
c bounds -3 >= -4446 @ 0.090675
c bounds -3 >= -4430 @ 0.090888
c bounds -3 >= -4414 @ 0.091101
c bounds -3 >= -4398 @ 0.091314
c bounds -3 >= -4382 @ 0.091522
c bounds -3 >= -4366 @ 0.091731
c bounds -3 >= -4350 @ 0.091758
c bounds -3 >= -4334 @ 0.091758
c bounds -3 >= -4318 @ 0.091758
c bounds -3 >= -4302 @ 0.091758
c bounds -3 >= -4286 @ 0.091924
c bounds -3 >= -4270 @ 0.092108
c bounds -3 >= -4254 @ 0.092292
c bounds -3 >= -4238 @ 0.092478
c bounds -3 >= -4222 @ 0.092668
c bounds -3 >= -4206 @ 0.092875
c bounds -3 >= -4190 @ 0.093086
c bounds -3 >= -4174 @ 0.093294
c bounds -3 >= -4158 @ 0.093504
c bounds -3 >= -4138 @ 0.093716
c bounds -3 >= -4122 @ 0.093927
c bounds -3 >= -4106 @ 0.094137
c bounds -3 >= -4090 @ 0.094345
c bounds -3 >= -4074 @ 0.094557
c bounds -3 >= -4058 @ 0.09477
c bounds -3 >= -4042 @ 0.09498
c bounds -3 >= -4026 @ 0.095634
c bounds -3 >= -4010 @ 0.095844
c bounds -3 >= -3994 @ 0.096048
c bounds -3 >= -3978 @ 0.096251
c bounds -3 >= -3962 @ 0.096452
c bounds -3 >= -3946 @ 0.096658
c bounds -3 >= -3930 @ 0.09686
c bounds -3 >= -3914 @ 0.09706
c bounds -3 >= -3898 @ 0.097258
c bounds -3 >= -3882 @ 0.097465
c bounds -3 >= -3866 @ 0.097668
c bounds -3 >= -3850 @ 0.097869
c bounds -3 >= -3834 @ 0.098071
c bounds -3 >= -3818 @ 0.098275
c bounds -3 >= -3802 @ 0.098472
c bounds -3 >= -3786 @ 0.098672
c bounds -3 >= -3770 @ 0.098872
c bounds -3 >= -3754 @ 0.099074
c bounds -3 >= -3738 @ 0.099274
c bounds -3 >= -3722 @ 0.099474
c bounds -3 >= -3706 @ 0.099672
c bounds -3 >= -3690 @ 0.099872
c bounds -3 >= -3674 @ 0.100073
c bounds -3 >= -3658 @ 0.10027
c bounds -3 >= -3642 @ 0.100468
c bounds -3 >= -3626 @ 0.100667
c bounds -3 >= -3610 @ 0.10087
c bounds -3 >= -3594 @ 0.101073
c bounds -3 >= -3578 @ 0.101271
c bounds -3 >= -3562 @ 0.101474
c bounds -3 >= -3546 @ 0.101677
c bounds -3 >= -3530 @ 0.101875
c bounds -3 >= -3514 @ 0.102076
c bounds -3 >= -3498 @ 0.102275
c bounds -3 >= -3482 @ 0.102471
c bounds -3 >= -3466 @ 0.10267
c bounds -3 >= -3450 @ 0.102874
c bounds -3 >= -3434 @ 0.103074
c bounds -3 >= -3418 @ 0.103276
c bounds -3 >= -3402 @ 0.103476
c bounds -3 >= -3386 @ 0.103674
c bounds -3 >= -3370 @ 0.103881
c bounds -3 >= -3354 @ 0.104082
c bounds -3 >= -3338 @ 0.104287
c bounds -3 >= -3322 @ 0.104488
c bounds -3 >= -3306 @ 0.104689
c bounds -3 >= -3290 @ 0.104896
c bounds -3 >= -3274 @ 0.105097
c bounds -3 >= -3258 @ 0.105295
c bounds -3 >= -3242 @ 0.105493
c bounds -3 >= -3226 @ 0.105692
c bounds -3 >= -3210 @ 0.105903
c bounds -3 >= -3194 @ 0.106122
c bounds -3 >= -3178 @ 0.106329
c bounds -3 >= -3162 @ 0.106534
c bounds -3 >= -3146 @ 0.106733
c bounds -3 >= -3130 @ 0.106933
c bounds -3 >= -3114 @ 0.107136
c bounds -3 >= -3098 @ 0.107333
c bounds -3 >= -3082 @ 0.107531
c bounds -3 >= -3066 @ 0.107732
c bounds -3 >= -3050 @ 0.107933
c bounds -3 >= -3034 @ 0.108133
c bounds -3 >= -3018 @ 0.108332
c bounds -3 >= -3002 @ 0.10853
c bounds -3 >= -2986 @ 0.108733
c bounds -3 >= -2970 @ 0.108932
c bounds -3 >= -2954 @ 0.10913
c bounds -3 >= -2938 @ 0.109335
c bounds -3 >= -2922 @ 0.109534
c bounds -3 >= -2906 @ 0.109732
c bounds -3 >= -2890 @ 0.109932
c bounds -3 >= -2874 @ 0.110131
c bounds -3 >= -2858 @ 0.110355
c bounds -3 >= -2842 @ 0.11057
c bounds -7 >= -2842 @ 0.117144
c bounds -7 >= -2832 @ 0.11867
c bounds -7 >= -2822 @ 0.11867
c bounds -7 >= -2812 @ 0.120461
c bounds -7 >= -2802 @ 0.122689
c bounds -7 >= -2792 @ 0.125059
c bounds -7 >= -2782 @ 0.125884
c bounds -7 >= -2772 @ 0.127557
c bounds -7 >= -2762 @ 0.130229
c bounds -7 >= -2752 @ 0.133675
c bounds -7 >= -2742 @ 0.134923
c bounds -7 >= -2732 @ 0.139605
c bounds -7 >= -2722 @ 0.155856
c bounds -9 >= -2722 @ 0.159533
c bounds -10 >= -2722 @ 0.16128
c bounds -11 >= -2722 @ 0.163133
c bounds -15 >= -2722 @ 0.165464
c bounds -19 >= -2722 @ 0.166919
c bounds -20 >= -2722 @ 0.168622
c bounds -24 >= -2722 @ 0.170982
c bounds -28 >= -2722 @ 0.173278
c bounds -44 >= -2722 @ 0.174928
c bounds -45 >= -2722 @ 0.175786
c bounds -45 >= -2712 @ 0.185394
c bounds -61 >= -2712 @ 0.187993
c bounds -65 >= -2712 @ 0.189359
c bounds -66 >= -2712 @ 0.191276
c bounds -70 >= -2712 @ 0.192741
c bounds -74 >= -2712 @ 0.195041
c bounds -75 >= -2712 @ 0.196812
c bounds -79 >= -2712 @ 0.199191
c bounds -83 >= -2712 @ 0.200601
c bounds -87 >= -2712 @ 0.202895
c bounds -88 >= -2712 @ 0.204683
c bounds -92 >= -2712 @ 0.205385
c bounds -96 >= -2712 @ 0.207429
c bounds -100 >= -2712 @ 0.208862
c bounds -101 >= -2712 @ 0.210657
c bounds -101 >= -2702 @ 0.218577
c bounds -102 >= -2702 @ 0.220702
c bounds -106 >= -2702 @ 0.221334
c bounds -110 >= -2702 @ 0.223522
c bounds -114 >= -2702 @ 0.22532
c bounds -118 >= -2702 @ 0.227187
c bounds -122 >= -2702 @ 0.227632
c bounds -123 >= -2702 @ 0.22831
c bounds -127 >= -2702 @ 0.22872
c bounds -131 >= -2702 @ 0.229969
c #Conflicts:       1000 | #Constraints:       7727
c bounds -131 >= -2692 @ 0.232759
c bounds -135 >= -2692 @ 0.233293
c bounds -135 >= -2682 @ 0.233699
c bounds -139 >= -2682 @ 0.235198
c bounds -139 >= -2672 @ 0.237524
c bounds -143 >= -2672 @ 0.239975
c bounds -147 >= -2672 @ 0.242327
c bounds -147 >= -2662 @ 0.24617
c bounds -151 >= -2662 @ 0.246734
c bounds -152 >= -2662 @ 0.248497
c bounds -153 >= -2662 @ 0.249259
c bounds -153 >= -2652 @ 0.253954
c bounds -157 >= -2652 @ 0.256214
c bounds -161 >= -2652 @ 0.25858
c bounds -161 >= -2642 @ 0.263728
c bounds -165 >= -2642 @ 0.266541
c bounds -169 >= -2642 @ 0.26894
c bounds -173 >= -2642 @ 0.271377
c bounds -177 >= -2642 @ 0.272749
c bounds -178 >= -2642 @ 0.274657
c bounds -178 >= -2632 @ 0.277448
c bounds -182 >= -2632 @ 0.279146
c bounds -186 >= -2632 @ 0.281501
c bounds -186 >= -2622 @ 0.288885
c bounds -190 >= -2622 @ 0.291106
c bounds -194 >= -2622 @ 0.292127
c bounds -195 >= -2622 @ 0.293906
c bounds -199 >= -2622 @ 0.296312
c bounds -203 >= -2622 @ 0.298645
c bounds -207 >= -2622 @ 0.301048
c bounds -211 >= -2622 @ 0.303406
c bounds -211 >= -2612 @ 0.316884
c bounds -215 >= -2612 @ 0.317026
c bounds -219 >= -2612 @ 0.319493
c bounds -223 >= -2612 @ 0.321013
c bounds -224 >= -2612 @ 0.322012
c bounds -228 >= -2612 @ 0.322226
c bounds -232 >= -2612 @ 0.323497
c bounds -236 >= -2612 @ 0.325781
c bounds -252 >= -2612 @ 0.329327
c bounds -256 >= -2612 @ 0.330982
c bounds -260 >= -2612 @ 0.333021
c bounds -264 >= -2612 @ 0.334509
c bounds -265 >= -2612 @ 0.335204
c bounds -266 >= -2612 @ 0.336998
c bounds -270 >= -2612 @ 0.338429
c bounds -286 >= -2612 @ 0.340906
c bounds -302 >= -2612 @ 0.342501
c bounds -306 >= -2612 @ 0.343941
c bounds -310 >= -2612 @ 0.345182
c bounds -326 >= -2612 @ 0.348697
c bounds -326 >= -2602 @ 0.358404
c bounds -327 >= -2602 @ 0.360566
c bounds -331 >= -2602 @ 0.362125
c bounds -337 >= -2602 @ 0.364875
c bounds -341 >= -2602 @ 0.365421
c bounds -345 >= -2602 @ 0.368193
c bounds -349 >= -2602 @ 0.370114
c bounds -353 >= -2602 @ 0.370852
c bounds -357 >= -2602 @ 0.373688
c bounds -361 >= -2602 @ 0.375441
c #Conflicts:       2000 | #Constraints:       8829
c INPROCESSING
c GARBAGE COLLECT
c bounds -365 >= -2602 @ 0.401754
c bounds -369 >= -2602 @ 0.404461
c bounds -373 >= -2602 @ 0.407207
c bounds -377 >= -2602 @ 0.408969
c bounds -381 >= -2602 @ 0.410635
c bounds -385 >= -2602 @ 0.41272
c bounds -389 >= -2602 @ 0.414168
c bounds -405 >= -2602 @ 0.415711
c bounds -409 >= -2602 @ 0.417388
c bounds -413 >= -2602 @ 0.420071
c bounds -417 >= -2602 @ 0.421926
c bounds -418 >= -2602 @ 0.423883
c bounds -422 >= -2602 @ 0.426704
c bounds -438 >= -2602 @ 0.429364
c bounds -442 >= -2602 @ 0.432171
c bounds -446 >= -2602 @ 0.43293
c bounds -450 >= -2602 @ 0.435656
c bounds -451 >= -2602 @ 0.437778
c bounds -455 >= -2602 @ 0.439639
c bounds -459 >= -2602 @ 0.441633
c bounds -460 >= -2602 @ 0.442466
c bounds -464 >= -2602 @ 0.444623
c bounds -468 >= -2602 @ 0.446928
c bounds -472 >= -2602 @ 0.449651
c bounds -476 >= -2602 @ 0.451603
c bounds -480 >= -2602 @ 0.45396
c bounds -484 >= -2602 @ 0.45559
c bounds -488 >= -2602 @ 0.456193
c bounds -489 >= -2602 @ 0.458145
c bounds -493 >= -2602 @ 0.45958
c bounds -497 >= -2602 @ 0.461257
c bounds -501 >= -2602 @ 0.463665
c bounds -505 >= -2602 @ 0.465094
c bounds -509 >= -2602 @ 0.466557
c bounds -509 >= -2594 @ 0.485206
c bounds -513 >= -2594 @ 0.487037
c bounds -529 >= -2594 @ 0.489613
c bounds -530 >= -2594 @ 0.491418
c bounds -534 >= -2594 @ 0.493704
c bounds -538 >= -2594 @ 0.495465
c bounds -542 >= -2594 @ 0.49738
c bounds -558 >= -2594 @ 0.499457
c bounds -562 >= -2594 @ 0.501314
c bounds -566 >= -2594 @ 0.503608
c bounds -569 >= -2594 @ 0.50544
c bounds -575 >= -2594 @ 0.516405
c bounds -579 >= -2594 @ 0.888983
c bounds -579 >= -2586 @ 0.917313
c bounds -579 >= -2576 @ 0.933246
c bounds -579 >= -2566 @ 0.939978
c bounds -579 >= -2556 @ 0.945028
c bounds -579 >= -2548 @ 0.951215
c #Conflicts:       3000 | #Constraints:       8658
c bounds -579 >= -2540 @ 0.958606
c bounds -579 >= -2530 @ 0.962901
c bounds -579 >= -2520 @ 0.969546
c bounds -579 >= -2510 @ 0.978852
c bounds -579 >= -2500 @ 0.981842
c bounds -579 >= -2490 @ 0.985828
c bounds -579 >= -2480 @ 0.991631
c bounds -579 >= -2470 @ 0.998636
c bounds -579 >= -2460 @ 1.0257
c bounds -579 >= -2450 @ 1.02969
c bounds -579 >= -2440 @ 1.03202
c bounds -579 >= -2430 @ 1.03527
c bounds -579 >= -2420 @ 1.03788
c bounds -579 >= -2410 @ 1.0436
c bounds -579 >= -2400 @ 1.04764
c bounds -579 >= -2390 @ 1.05497
c #Conflicts:       4000 | #Constraints:       9715
c bounds -579 >= -2382 @ 1.11276
c INPROCESSING
c GARBAGE COLLECT
c bounds -579 >= -2372 @ 1.14531
c bounds -579 >= -2362 @ 1.15204
c bounds -580 >= -2362 @ 1.16079
c bounds -580 >= -2357 @ 1.16325
c bounds -580 >= -2352 @ 1.16576
c bounds -580 >= -2347 @ 1.16739
c bounds -580 >= -2342 @ 1.17215
c bounds -580 >= -2337 @ 1.17755
c bounds -580 >= -2332 @ 1.18351
c bounds -580 >= -2327 @ 1.19016
c #Conflicts:       5000 | #Constraints:       9053
c bounds -580 >= -2322 @ 1.1924
c bounds -580 >= -2317 @ 1.1984
c bounds -580 >= -2312 @ 1.20312
c bounds -580 >= -2307 @ 1.20467
c bounds -580 >= -2302 @ 1.20688
c bounds -580 >= -2297 @ 1.20907
c bounds -580 >= -2292 @ 1.2111
c bounds -580 >= -2287 @ 1.21449
c bounds -580 >= -2282 @ 1.21804
c bounds -580 >= -2277 @ 1.22309
c bounds -580 >= -2272 @ 1.22667
c bounds -580 >= -2267 @ 1.22805
c bounds -580 >= -2262 @ 1.23198
c bounds -580 >= -2257 @ 1.23206
c bounds -580 >= -2252 @ 1.23425
c bounds -580 >= -2247 @ 1.23641
c bounds -580 >= -2242 @ 1.23897
c bounds -580 >= -2237 @ 1.24201
c bounds -580 >= -2232 @ 1.24493
c bounds -580 >= -2227 @ 1.24618
c bounds -580 >= -2222 @ 1.24822
c bounds -580 >= -2217 @ 1.24998
c #Conflicts:       6000 | #Constraints:      10185
c bounds -580 >= -2212 @ 1.25336
c bounds -580 >= -2207 @ 1.25537
c bounds -580 >= -2202 @ 1.25796
c bounds -580 >= -2197 @ 1.2627
c bounds -580 >= -2192 @ 1.26538
c bounds -580 >= -2187 @ 1.27525
c INPROCESSING
c GARBAGE COLLECT
c bounds -580 >= -2182 @ 1.30195
c bounds -580 >= -2177 @ 1.31179
c #Conflicts:       7000 | #Constraints:       9233
c bounds -580 >= -2172 @ 1.31309
c bounds -580 >= -2167 @ 1.31704
c bounds -580 >= -2162 @ 1.32049
c bounds -580 >= -2157 @ 1.32176
c bounds -580 >= -2152 @ 1.32484
c bounds -580 >= -2147 @ 1.32973
c bounds -580 >= -2142 @ 1.33231
c bounds -580 >= -2137 @ 1.33591
c bounds -580 >= -2132 @ 1.33857
c bounds -580 >= -2127 @ 1.34188
c bounds -580 >= -2122 @ 1.34518
c bounds -580 >= -2117 @ 1.34861
c bounds -580 >= -2112 @ 1.3515
c bounds -580 >= -2107 @ 1.35561
c bounds -580 >= -2102 @ 1.35665
c bounds -580 >= -2097 @ 1.36304
c bounds -580 >= -2092 @ 1.36628
c bounds -580 >= -2087 @ 1.37099
c #Conflicts:       8000 | #Constraints:      10350
c bounds -580 >= -2082 @ 1.42072
c bounds -580 >= -2077 @ 1.43054
c bounds -580 >= -2072 @ 1.43477
c #Conflicts:       9000 | #Constraints:      11386
c bounds -580 >= -2067 @ 1.45483
c bounds -580 >= -2062 @ 1.49613
c bounds -580 >= -2057 @ 1.50073
c #Conflicts:      10000 | #Constraints:      12413
c bounds -580 >= -2052 @ 1.5332
c bounds -580 >= -2047 @ 1.59891
c bounds -580 >= -2042 @ 1.63568
c bounds -580 >= -2037 @ 1.63977
c bounds -580 >= -2032 @ 1.64095
c #Conflicts:      11000 | #Constraints:      13452
c #Conflicts:      12000 | #Constraints:      14452
c bounds -580 >= -2027 @ 1.78928
c INPROCESSING
c GARBAGE COLLECT
c bounds -580 >= -2022 @ 1.90107
c #Conflicts:      13000 | #Constraints:      11319
c bounds -581 >= -2022 @ 1.92213
c bounds -581 >= -2018 @ 1.9236
c bounds -581 >= -2014 @ 1.92401
c bounds -581 >= -2010 @ 1.92529
c bounds -581 >= -2006 @ 1.92582
c bounds -581 >= -1998 @ 1.926
c bounds -581 >= -1990 @ 1.92682
c bounds -581 >= -1986 @ 1.92768
c bounds -581 >= -1982 @ 1.92801
c bounds -581 >= -1978 @ 1.92881
c bounds -581 >= -1974 @ 1.92962
c bounds -581 >= -1970 @ 1.93092
c bounds -581 >= -1966 @ 1.9318
c bounds -581 >= -1958 @ 1.93256
c bounds -581 >= -1954 @ 1.93388
c bounds -581 >= -1950 @ 1.93519
c bounds -581 >= -1946 @ 1.93579
c bounds -581 >= -1942 @ 1.93597
c bounds -581 >= -1938 @ 1.93679
c bounds -581 >= -1934 @ 1.93744
c bounds -581 >= -1930 @ 1.93873
c bounds -581 >= -1926 @ 1.93978
c bounds -581 >= -1922 @ 1.93978
c bounds -581 >= -1918 @ 1.94089
c bounds -581 >= -1914 @ 1.94222
c bounds -581 >= -1910 @ 1.94354
c bounds -581 >= -1902 @ 1.94486
c bounds -581 >= -1894 @ 1.94617
c bounds -581 >= -1886 @ 1.94676
c bounds -581 >= -1882 @ 1.94694
c bounds -581 >= -1878 @ 1.9481
c bounds -581 >= -1870 @ 1.94876
c bounds -581 >= -1866 @ 1.94876
c bounds -581 >= -1862 @ 1.94975
c bounds -581 >= -1858 @ 1.95032
c bounds -581 >= -1854 @ 1.95075
c bounds -581 >= -1850 @ 1.9519
c bounds -581 >= -1842 @ 1.95322
c bounds -581 >= -1838 @ 1.95374
c bounds -581 >= -1834 @ 1.95392
c bounds -581 >= -1830 @ 1.95514
c bounds -581 >= -1826 @ 1.95646
c bounds -581 >= -1818 @ 1.95691
c bounds -581 >= -1814 @ 1.95806
c bounds -581 >= -1810 @ 1.95936
c bounds -581 >= -1806 @ 1.96064
c bounds -581 >= -1802 @ 1.96195
c bounds -581 >= -1798 @ 1.96324
c bounds -581 >= -1790 @ 1.96456
c bounds -581 >= -1786 @ 1.96497
c bounds -581 >= -1782 @ 1.9662
c bounds -581 >= -1778 @ 1.96749
c bounds -581 >= -1770 @ 1.96788
c bounds -581 >= -1766 @ 1.96906
c bounds -581 >= -1762 @ 1.96969
c bounds -581 >= -1758 @ 1.97068
c bounds -581 >= -1750 @ 1.97169
c bounds -581 >= -1746 @ 1.97228
c bounds -581 >= -1742 @ 1.97356
c bounds -581 >= -1734 @ 1.97486
c bounds -581 >= -1726 @ 1.97568
c bounds -581 >= -1722 @ 1.97643
c bounds -581 >= -1718 @ 1.97772
c bounds -581 >= -1710 @ 1.97899
c bounds -581 >= -1706 @ 1.98027
c bounds -581 >= -1702 @ 1.98153
c bounds -581 >= -1698 @ 1.98183
c bounds -581 >= -1690 @ 1.98303
c bounds -581 >= -1686 @ 1.98365
c bounds -581 >= -1682 @ 1.98466
c bounds -581 >= -1678 @ 1.9859
c bounds -581 >= -1674 @ 1.98719
c bounds -581 >= -1670 @ 1.98844
c bounds -581 >= -1666 @ 1.98882
c bounds -581 >= -1662 @ 1.98964
c bounds -581 >= -1658 @ 1.98964
c bounds -581 >= -1654 @ 1.99083
c bounds -581 >= -1650 @ 1.99163
c bounds -581 >= -1646 @ 1.99181
c bounds -581 >= -1642 @ 1.99263
c bounds -581 >= -1638 @ 1.99281
c bounds -581 >= -1634 @ 1.99362
c bounds -581 >= -1630 @ 1.99381
c bounds -581 >= -1626 @ 1.99462
c bounds -581 >= -1622 @ 1.99587
c bounds -581 >= -1618 @ 1.99662
c bounds -581 >= -1614 @ 1.99799
c bounds -581 >= -1610 @ 1.99958
c bounds -581 >= -1606 @ 2.0006
c bounds -581 >= -1602 @ 2.001
c bounds -581 >= -1598 @ 2.0016
c bounds -581 >= -1594 @ 2.0026
c bounds -581 >= -1590 @ 2.00284
c bounds -581 >= -1586 @ 2.00449
c bounds -581 >= -1582 @ 2.00536
c bounds -581 >= -1578 @ 2.0061
c bounds -581 >= -1574 @ 2.00695
c bounds -581 >= -1570 @ 2.00866
c bounds -581 >= -1566 @ 2.0104
c bounds -581 >= -1562 @ 2.01057
c bounds -581 >= -1558 @ 2.01098
c bounds -581 >= -1554 @ 2.01186
c bounds -581 >= -1550 @ 2.0129
c bounds -581 >= -1546 @ 2.01497
c bounds -581 >= -1542 @ 2.01727
c bounds -581 >= -1538 @ 2.01881
c bounds -581 >= -1534 @ 2.02171
c bounds -581 >= -1530 @ 2.02649
c bounds -581 >= -1526 @ 2.03007
c bounds -581 >= -1522 @ 2.03643
c bounds -581 >= -1518 @ 2.04367
c bounds -581 >= -1514 @ 2.06071
c bounds -581 >= -1510 @ 2.07407
c bounds -581 >= -1506 @ 2.08467
c bounds -581 >= -1502 @ 2.08703
c bounds -581 >= -1498 @ 2.0924
c bounds -581 >= -1494 @ 2.09459
c bounds -581 >= -1490 @ 2.09561
c bounds -581 >= -1486 @ 2.09673
c bounds -581 >= -1482 @ 2.1
c bounds -581 >= -1478 @ 2.10262
c bounds -581 >= -1474 @ 2.10363
c bounds -581 >= -1470 @ 2.11061
c bounds -581 >= -1466 @ 2.11513
c bounds -581 >= -1462 @ 2.12262
c #Conflicts:      14000 | #Constraints:      12879
c bounds -581 >= -1458 @ 2.15338
c bounds -581 >= -1454 @ 2.16679
c bounds -581 >= -1450 @ 2.17229
c bounds -581 >= -1446 @ 2.17544
c bounds -581 >= -1442 @ 2.17744
c bounds -581 >= -1438 @ 2.17994
c bounds -581 >= -1434 @ 2.18104
c bounds -581 >= -1430 @ 2.18294
c bounds -581 >= -1426 @ 2.18485
c bounds -581 >= -1422 @ 2.19089
c bounds -581 >= -1418 @ 2.19398
c bounds -581 >= -1414 @ 2.19599
c bounds -581 >= -1410 @ 2.21279
c bounds -581 >= -1406 @ 2.2296
c #Conflicts:      15000 | #Constraints:      14005
c bounds -581 >= -1402 @ 2.33647
c bounds -582 >= -1402 @ 2.3434
c #Conflicts:      16000 | #Constraints:      15021
c bounds -582 >= -1398 @ 2.55917
c bounds -583 >= -1398 @ 2.56321
c bounds -585 >= -1398 @ 2.56706
c bounds -589 >= -1398 @ 2.56926
c bounds -590 >= -1398 @ 2.57276
c bounds -592 >= -1398 @ 2.57638
c bounds -594 >= -1398 @ 2.57993
c bounds -596 >= -1398 @ 2.58272
c bounds -598 >= -1398 @ 2.58614
c bounds -600 >= -1398 @ 2.58873
c bounds -602 >= -1398 @ 2.59232
c bounds -604 >= -1398 @ 2.59607
c bounds -606 >= -1398 @ 2.59976
c bounds -608 >= -1398 @ 2.60347
c bounds -610 >= -1398 @ 2.60697
c bounds -614 >= -1398 @ 2.60989
c bounds -616 >= -1398 @ 2.61325
c bounds -620 >= -1398 @ 2.6161
c bounds -622 >= -1398 @ 2.6185
c bounds -624 >= -1398 @ 2.62002
c bounds -626 >= -1398 @ 2.62347
c bounds -628 >= -1398 @ 2.62617
c bounds -630 >= -1398 @ 2.62889
c bounds -632 >= -1398 @ 2.63152
c bounds -636 >= -1398 @ 2.63457
c bounds -640 >= -1398 @ 2.63862
c bounds -642 >= -1398 @ 2.64118
c bounds -644 >= -1398 @ 2.64483
c bounds -646 >= -1398 @ 2.64744
c bounds -648 >= -1398 @ 2.65104
c bounds -650 >= -1398 @ 2.6537
c bounds -652 >= -1398 @ 2.65708
c bounds -654 >= -1398 @ 2.65969
c bounds -656 >= -1398 @ 2.66301
c bounds -657 >= -1398 @ 2.66797
c bounds -661 >= -1398 @ 2.67159
c bounds -669 >= -1398 @ 2.67543
c bounds -673 >= -1398 @ 2.67954
c bounds -677 >= -1398 @ 2.68279
c bounds -678 >= -1398 @ 2.77318
c bounds -679 >= -1398 @ 2.77752
c #Conflicts:      17000 | #Constraints:      16088
c bounds -680 >= -1398 @ 4.37748
c bounds -680 >= -1394 @ 4.379
c #Conflicts:      18000 | #Constraints:      17101
c bounds -680 >= -1390 @ 4.95605
c #Conflicts:      19000 | #Constraints:      18131
c #Conflicts:      20000 | #Constraints:      19131
c bounds -680 >= -1386 @ 6.34609
c #Conflicts:      21000 | #Constraints:      20161
c INPROCESSING
c GARBAGE COLLECT
c bounds -680 >= -1382 @ 6.55777
c #Conflicts:      22000 | #Constraints:      14752
c #Conflicts:      23000 | #Constraints:      15752
c bounds -680 >= -1378 @ 7.67246
c #Conflicts:      24000 | #Constraints:      16788
c #Conflicts:      25000 | #Constraints:      17788
c #Conflicts:      26000 | #Constraints:      18788
c #Conflicts:      27000 | #Constraints:      19788
c #Conflicts:      28000 | #Constraints:      20788
c #Conflicts:      29000 | #Constraints:      21788
c bounds -680 >= -1374 @ 14.0657
c bounds -681 >= -1374 @ 14.0846
c bounds -682 >= -1374 @ 14.1041
c #Conflicts:      30000 | #Constraints:      22823
c bounds -686 >= -1374 @ 16.6485
c bounds -687 >= -1374 @ 17.0678
c bounds -688 >= -1374 @ 17.1097
c bounds -692 >= -1374 @ 17.28
c bounds -696 >= -1374 @ 17.3698
c #Conflicts:      31000 | #Constraints:      23828
c bounds -700 >= -1374 @ 17.5592
c INPROCESSING
c GARBAGE COLLECT
c bounds -700 >= -1370 @ 17.794
c bounds -700 >= -1366 @ 17.8002
c #Conflicts:      32000 | #Constraints:      16573
c bounds -700 >= -1362 @ 18.2157
c bounds -701 >= -1362 @ 18.2411
c bounds -702 >= -1362 @ 18.2584
c #Conflicts:      33000 | #Constraints:      17584
c bounds -706 >= -1362 @ 19.6905
c #Conflicts:      34000 | #Constraints:      18585
c bounds -706 >= -1358 @ 20.5296
c bounds -706 >= -1354 @ 20.6649
c #Conflicts:      35000 | #Constraints:      19621
c bounds -706 >= -1350 @ 21.1792
c #Conflicts:      36000 | #Constraints:      20672
c #Conflicts:      37000 | #Constraints:      21672
c INPROCESSING
c GARBAGE COLLECT
c #Conflicts:      38000 | #Constraints:      15600
c bounds -710 >= -1350 @ 24.3033
c bounds -710 >= -1347 @ 24.3708
c #Conflicts:      39000 | #Constraints:      16610
c bounds -710 >= -1344 @ 24.6043
c #Conflicts:      40000 | #Constraints:      17616
c bounds -710 >= -1341 @ 24.8397
c #Conflicts:      41000 | #Constraints:      18625
c bounds -710 >= -1338 @ 25.7872
c #Conflicts:      42000 | #Constraints:      19637
c bounds -711 >= -1338 @ 25.9479
c #Conflicts:      43000 | #Constraints:      20638
c #Conflicts:      44000 | #Constraints:      21638
c bounds -711 >= -1335 @ 27.8701
c bounds -712 >= -1335 @ 27.8907
c bounds -713 >= -1335 @ 27.9
c bounds -715 >= -1335 @ 27.9098
c bounds -717 >= -1335 @ 27.9179
c bounds -718 >= -1335 @ 27.9269
c bounds -719 >= -1335 @ 27.9363
c bounds -720 >= -1335 @ 27.9447
c bounds -722 >= -1335 @ 27.9534
c bounds -723 >= -1335 @ 27.96
c bounds -725 >= -1335 @ 27.9686
c bounds -726 >= -1335 @ 27.9781
c bounds -727 >= -1335 @ 27.9865
c bounds -729 >= -1335 @ 27.9943
c bounds -731 >= -1335 @ 28.0039
c bounds -732 >= -1335 @ 28.0123
c bounds -734 >= -1335 @ 28.0205
c bounds -735 >= -1335 @ 28.0862
c bounds -739 >= -1335 @ 28.428
c bounds -743 >= -1335 @ 28.5265
c bounds -744 >= -1335 @ 28.6219
c #Conflicts:      45000 | #Constraints:      22670
c bounds -745 >= -1335 @ 29.1634
c bounds -747 >= -1335 @ 29.1811
c bounds -748 >= -1335 @ 29.3529
c bounds -749 >= -1335 @ 29.3748
c bounds -750 >= -1335 @ 29.4568
c bounds -751 >= -1335 @ 30.5397
c #Conflicts:      46000 | #Constraints:      23676
c #Conflicts:      47000 | #Constraints:      24676
c #Conflicts:      48000 | #Constraints:      25676
c #Conflicts:      49000 | #Constraints:      26676
c #Conflicts:      50000 | #Constraints:      27676
c INPROCESSING
c GARBAGE COLLECT
c bounds -752 >= -1335 @ 35.8035
c #Conflicts:      51000 | #Constraints:      18493
c #Conflicts:      52000 | #Constraints:      19493
c bounds -753 >= -1335 @ 40.7181
c bounds -753 >= -1333 @ 40.7199
c bounds -753 >= -1331 @ 40.7217
c bounds -753 >= -1329 @ 40.7226
c bounds -753 >= -1327 @ 40.7244
c bounds -753 >= -1325 @ 40.7261
c bounds -753 >= -1323 @ 40.7277
c bounds -753 >= -1321 @ 40.7305
c bounds -753 >= -1319 @ 40.7329
c bounds -753 >= -1317 @ 40.7345
c bounds -753 >= -1315 @ 40.7361
c bounds -753 >= -1313 @ 40.7385
c bounds -753 >= -1311 @ 40.7389
c bounds -753 >= -1309 @ 40.7466
c #Conflicts:      53000 | #Constraints:      20591
c bounds -753 >= -1307 @ 40.8838
c bounds -753 >= -1305 @ 41.4027
c bounds -754 >= -1305 @ 41.6255
c bounds -756 >= -1305 @ 41.6443
c bounds -756 >= -1303 @ 41.6469
c bounds -756 >= -1301 @ 41.6508
c bounds -756 >= -1299 @ 41.6525
c bounds -756 >= -1297 @ 41.6545
c bounds -756 >= -1295 @ 41.6563
c #Conflicts:      54000 | #Constraints:      21668
c bounds -756 >= -1293 @ 41.6593
c bounds -756 >= -1291 @ 41.661
c bounds -756 >= -1289 @ 41.6629
c bounds -756 >= -1287 @ 41.665
c bounds -756 >= -1285 @ 41.6669
c bounds -756 >= -1283 @ 41.7816
c bounds -758 >= -1283 @ 42.2746
c bounds -758 >= -1281 @ 42.2803
c bounds -758 >= -1279 @ 42.2831
c bounds -758 >= -1277 @ 42.2887
c bounds -758 >= -1275 @ 42.2905
c bounds -758 >= -1273 @ 42.2914
c bounds -758 >= -1271 @ 42.2942
c bounds -758 >= -1269 @ 42.3031
c bounds -758 >= -1267 @ 42.3053
c bounds -758 >= -1265 @ 42.3116
c bounds -758 >= -1263 @ 42.3124
c #Conflicts:      55000 | #Constraints:      22771
c bounds -758 >= -1261 @ 43.1564
c #Conflicts:      56000 | #Constraints:      23786
c bounds -759 >= -1261 @ 46.0306
c #Conflicts:      57000 | #Constraints:      24787
c INPROCESSING
c GARBAGE COLLECT
c #Conflicts:      58000 | #Constraints:      17034
c #Conflicts:      59000 | #Constraints:      18034
c bounds -759 >= -1259 @ 48.8362
c #Conflicts:      60000 | #Constraints:      19049
c #Conflicts:      61000 | #Constraints:      20049
c bounds -759 >= -1257 @ 50.3719
c bounds -759 >= -1255 @ 50.9253
c bounds -760 >= -1255 @ 50.9343
c #Conflicts:      62000 | #Constraints:      21089
c #Conflicts:      63000 | #Constraints:      22089
c #Conflicts:      64000 | #Constraints:      23089
c #Conflicts:      65000 | #Constraints:      24089
c #Conflicts:      66000 | #Constraints:      25089
c #Conflicts:      67000 | #Constraints:      26089
c #Conflicts:      68000 | #Constraints:      27089
c #Conflicts:      69000 | #Constraints:      28089
c #Conflicts:      70000 | #Constraints:      29089
c #Conflicts:      71000 | #Constraints:      30089
c #Conflicts:      72000 | #Constraints:      31089
c #Conflicts:      73000 | #Constraints:      32089
c #Conflicts:      74000 | #Constraints:      33089
c INPROCESSING
c GARBAGE COLLECT
c bounds -760 >= -1253 @ 190.598
c bounds -760 >= -1251 @ 190.599
c bounds -760 >= -1249 @ 190.603
c bounds -760 >= -1247 @ 190.607
c bounds -760 >= -1245 @ 190.62
c bounds -760 >= -1243 @ 190.632
c bounds -760 >= -1241 @ 190.657
c bounds -760 >= -1239 @ 190.677
c #Conflicts:      75000 | #Constraints:      21679
c bounds -760 >= -1237 @ 190.706
c bounds -760 >= -1235 @ 190.711
c bounds -760 >= -1233 @ 190.79
c bounds -760 >= -1231 @ 190.895
c #Conflicts:      76000 | #Constraints:      22736
c #Conflicts:      77000 | #Constraints:      23736
c #Conflicts:      78000 | #Constraints:      24736
c #Conflicts:      79000 | #Constraints:      25736
c bounds -760 >= -1229 @ 195.066
c #Conflicts:      80000 | #Constraints:      26778
c #Conflicts:      81000 | #Constraints:      27778
c #Conflicts:      82000 | #Constraints:      28778
c INPROCESSING
c GARBAGE COLLECT
c #Conflicts:      83000 | #Constraints:      19196
c bounds -760 >= -1227 @ 198.428
c #Conflicts:      84000 | #Constraints:      20220
c #Conflicts:      85000 | #Constraints:      21220
c bounds -760 >= -1225 @ 199.455
c #Conflicts:      86000 | #Constraints:      22250
c #Conflicts:      87000 | #Constraints:      23250
c #Conflicts:      88000 | #Constraints:      24250
c bounds -760 >= -1223 @ 200.985
c #Conflicts:      89000 | #Constraints:      25283
c #Conflicts:      90000 | #Constraints:      26283
c #Conflicts:      91000 | #Constraints:      27283
c bounds -760 >= -1221 @ 203.834
c #Conflicts:      92000 | #Constraints:      28313
c bounds -760 >= -1219 @ 204.729
c #Conflicts:      93000 | #Constraints:      29316
c #Conflicts:      94000 | #Constraints:      30316
c #Conflicts:      95000 | #Constraints:      31316
c #Conflicts:      96000 | #Constraints:      32316
c #Conflicts:      97000 | #Constraints:      33316
c bounds -760 >= -1217 @ 211.375
c #Conflicts:      98000 | #Constraints:      34355
c #Conflicts:      99000 | #Constraints:      35355
c #Conflicts:     100000 | #Constraints:      36355
c #Conflicts:     101000 | #Constraints:      37355
c #Conflicts:     102000 | #Constraints:      38355
c INPROCESSING
c GARBAGE COLLECT
c #Conflicts:     103000 | #Constraints:      24277
c #Conflicts:     104000 | #Constraints:      25277
c #Conflicts:     105000 | #Constraints:      26277
c #Conflicts:     106000 | #Constraints:      27277
c bounds -760 >= -1215 @ 224.086
c #Conflicts:     107000 | #Constraints:      28313
c #Conflicts:     108000 | #Constraints:      29313
c #Conflicts:     109000 | #Constraints:      30313
c #Conflicts:     110000 | #Constraints:      31313
c #Conflicts:     111000 | #Constraints:      32313
c INPROCESSING
c GARBAGE COLLECT
c #Conflicts:     112000 | #Constraints:      22030
c #Conflicts:     113000 | #Constraints:      23030
c #Conflicts:     114000 | #Constraints:      24030
c #Conflicts:     115000 | #Constraints:      25030
c #Conflicts:     116000 | #Constraints:      26030
c #Conflicts:     117000 | #Constraints:      27030
c #Conflicts:     118000 | #Constraints:      28030
c #Conflicts:     119000 | #Constraints:      29030
c bounds -760 >= -1213 @ 240.997
c #Conflicts:     120000 | #Constraints:      30081
c #Conflicts:     121000 | #Constraints:      31081
c #Conflicts:     122000 | #Constraints:      32081
c #Conflicts:     123000 | #Constraints:      33081
c #Conflicts:     124000 | #Constraints:      34081
c #Conflicts:     125000 | #Constraints:      35081
c bounds -760 >= -1211 @ 250.726
c #Conflicts:     126000 | #Constraints:      36126
c #Conflicts:     127000 | #Constraints:      37126
c #Conflicts:     128000 | #Constraints:      38126
c #Conflicts:     129000 | #Constraints:      39126
c #Conflicts:     130000 | #Constraints:      40126
c #Conflicts:     131000 | #Constraints:      41126
c #Conflicts:     132000 | #Constraints:      42126
c #Conflicts:     133000 | #Constraints:      43126
c bounds -760 >= -1209 @ 270.555
c #Conflicts:     134000 | #Constraints:      44174
c INPROCESSING
c GARBAGE COLLECT
c #Conflicts:     135000 | #Constraints:      27031
c #Conflicts:     136000 | #Constraints:      28031
c #Conflicts:     137000 | #Constraints:      29031
c bounds -760 >= -1207 @ 277.688
c #Conflicts:     138000 | #Constraints:      30034
c #Conflicts:     139000 | #Constraints:      31034
c bounds -760 >= -1205 @ 280.431
c bounds -760 >= -1203 @ 280.433
c #Conflicts:     140000 | #Constraints:      32043
c #Conflicts:     141000 | #Constraints:      33043
c #Conflicts:     142000 | #Constraints:      34043
c bounds -760 >= -1201 @ 288.877
c #Conflicts:     143000 | #Constraints:      35094
c #Conflicts:     144000 | #Constraints:      36094
c #Conflicts:     145000 | #Constraints:      37094
c INPROCESSING
c GARBAGE COLLECT
c #Conflicts:     146000 | #Constraints:      24558
c #Conflicts:     147000 | #Constraints:      25558
c #Conflicts:     148000 | #Constraints:      26558
c #Conflicts:     149000 | #Constraints:      27558
c #Conflicts:     150000 | #Constraints:      28558
c #Conflicts:     151000 | #Constraints:      29558
c #Conflicts:     152000 | #Constraints:      30558
c #Conflicts:     153000 | #Constraints:      31558
c #Conflicts:     154000 | #Constraints:      32558
c #Conflicts:     155000 | #Constraints:      33558
c #Conflicts:     156000 | #Constraints:      34558
c #Conflicts:     157000 | #Constraints:      35558
c #Conflicts:     158000 | #Constraints:      36558
c bounds -760 >= -1199 @ 321.647
c #Conflicts:     159000 | #Constraints:      37633
c #Conflicts:     160000 | #Constraints:      38633
c #Conflicts:     161000 | #Constraints:      39633
c #Conflicts:     162000 | #Constraints:      40633
c #Conflicts:     163000 | #Constraints:      41633
c #Conflicts:     164000 | #Constraints:      42633
c #Conflicts:     165000 | #Constraints:      43633
c #Conflicts:     166000 | #Constraints:      44633
c #Conflicts:     167000 | #Constraints:      45633
c #Conflicts:     168000 | #Constraints:      46633
c #Conflicts:     169000 | #Constraints:      47633
c bounds -762 >= -1199 @ 360.428
c bounds -762 >= -1198 @ 360.428
c bounds -762 >= -1197 @ 360.429
c bounds -762 >= -1196 @ 360.431
c bounds -762 >= -1195 @ 360.433
c bounds -762 >= -1194 @ 360.434
c bounds -762 >= -1193 @ 360.434
c bounds -762 >= -1192 @ 360.435
c bounds -762 >= -1191 @ 360.437
c bounds -762 >= -1190 @ 360.439
c bounds -762 >= -1189 @ 360.44
c bounds -762 >= -1188 @ 360.44
c bounds -762 >= -1187 @ 360.44
c bounds -762 >= -1186 @ 360.441
c bounds -762 >= -1185 @ 360.442
c bounds -762 >= -1184 @ 360.444
c bounds -762 >= -1183 @ 360.444
c bounds -762 >= -1182 @ 360.446
c bounds -762 >= -1181 @ 360.447
c bounds -762 >= -1180 @ 360.449
c bounds -762 >= -1179 @ 360.451
c bounds -762 >= -1178 @ 360.454
c bounds -762 >= -1177 @ 360.456
c bounds -762 >= -1176 @ 360.457
c bounds -762 >= -1175 @ 360.458
c bounds -762 >= -1174 @ 360.459
c bounds -762 >= -1173 @ 360.462
c bounds -762 >= -1172 @ 360.464
c bounds -762 >= -1171 @ 360.465
c bounds -762 >= -1170 @ 360.468
c bounds -762 >= -1169 @ 360.469
c bounds -762 >= -1168 @ 360.47
c bounds -762 >= -1167 @ 360.471
c bounds -762 >= -1166 @ 360.473
c bounds -762 >= -1165 @ 360.475
c bounds -762 >= -1164 @ 360.478
c bounds -762 >= -1163 @ 360.48
c bounds -762 >= -1162 @ 360.483
c bounds -762 >= -1161 @ 360.485
c bounds -762 >= -1160 @ 360.487
c bounds -762 >= -1159 @ 360.488
c bounds -762 >= -1158 @ 360.489
c bounds -762 >= -1157 @ 360.491
c bounds -762 >= -1156 @ 360.493
c bounds -762 >= -1155 @ 360.495
c bounds -762 >= -1154 @ 360.495
c bounds -762 >= -1153 @ 360.497
c bounds -762 >= -1152 @ 360.5
c bounds -762 >= -1151 @ 360.503
c bounds -762 >= -1150 @ 360.505
c bounds -762 >= -1149 @ 360.508
c bounds -762 >= -1148 @ 360.513
c bounds -762 >= -1147 @ 360.516
c bounds -762 >= -1146 @ 360.517
c bounds -762 >= -1145 @ 360.52
c bounds -762 >= -1144 @ 360.524
c bounds -762 >= -1143 @ 360.53
c bounds -762 >= -1142 @ 360.541
c bounds -762 >= -1141 @ 360.552
c #Conflicts:     170000 | #Constraints:      49072
c bounds -762 >= -1140 @ 360.603
c bounds -762 >= -1139 @ 360.657
c bounds -762 >= -1138 @ 360.714
c #Conflicts:     171000 | #Constraints:      50135
c bounds -762 >= -1137 @ 360.807
c INPROCESSING
c GARBAGE COLLECT
c bounds -762 >= -1136 @ 360.99
c bounds -762 >= -1135 @ 361.06
c #Conflicts:     172000 | #Constraints:      30341
c bounds -762 >= -1134 @ 361.135
c bounds -762 >= -1133 @ 361.265
c #Conflicts:     173000 | #Constraints:      31392
c bounds -762 >= -1132 @ 361.481
c #Conflicts:     174000 | #Constraints:      32425
c bounds -762 >= -1131 @ 361.744
c #Conflicts:     175000 | #Constraints:      33446
c bounds -762 >= -1130 @ 362.076
c #Conflicts:     176000 | #Constraints:      34467
c bounds -762 >= -1129 @ 362.809
c #Conflicts:     177000 | #Constraints:      35521
c #Conflicts:     178000 | #Constraints:      36521
c bounds -762 >= -1128 @ 363.749
c #Conflicts:     179000 | #Constraints:      37548
c #Conflicts:     180000 | #Constraints:      38548
c bounds -762 >= -1127 @ 365.146
c #Conflicts:     181000 | #Constraints:      39575
c #Conflicts:     182000 | #Constraints:      40575
c #Conflicts:     183000 | #Constraints:      41575
c bounds -762 >= -1126 @ 367.407
c INPROCESSING
c GARBAGE COLLECT
c #Conflicts:     184000 | #Constraints:      27993
c bounds -762 >= -1125 @ 368.352
c #Conflicts:     185000 | #Constraints:      29041
c bounds -762 >= -1124 @ 368.979
c #Conflicts:     186000 | #Constraints:      30074
c bounds -762 >= -1123 @ 369.881
c #Conflicts:     187000 | #Constraints:      31098
c bounds -762 >= -1122 @ 371.448
c bounds -762 >= -1121 @ 371.685
c #Conflicts:     188000 | #Constraints:      32164
c bounds -762 >= -1120 @ 371.778
c bounds -762 >= -1119 @ 371.913
c bounds -762 >= -1118 @ 372.071
c bounds -762 >= -1117 @ 372.253
c #Conflicts:     189000 | #Constraints:      33263
c bounds -762 >= -1116 @ 372.474
c bounds -762 >= -1115 @ 372.697
c #Conflicts:     190000 | #Constraints:      34299
c bounds -762 >= -1114 @ 373.098
c #Conflicts:     191000 | #Constraints:      35329
c bounds -762 >= -1113 @ 373.661
c #Conflicts:     192000 | #Constraints:      36356
c bounds -762 >= -1112 @ 374.467
c #Conflicts:     193000 | #Constraints:      37398
c bounds -762 >= -1111 @ 375.479
c bounds -762 >= -1110 @ 376.439
c #Conflicts:     194000 | #Constraints:      38479
c bounds -762 >= -1109 @ 377.373
c #Conflicts:     195000 | #Constraints:      39518
c bounds -762 >= -1108 @ 378.617
c #Conflicts:     196000 | #Constraints:      40548
c bounds -762 >= -1107 @ 380.26
c #Conflicts:     197000 | #Constraints:      41590
c #Conflicts:     198000 | #Constraints:      42590
c bounds -762 >= -1106 @ 382.534
c #Conflicts:     199000 | #Constraints:      43635
c bounds -762 >= -1105 @ 385.076
c #Conflicts:     200000 | #Constraints:      44680
c #Conflicts:     201000 | #Constraints:      45680
c bounds -762 >= -1104 @ 388.397
c #Conflicts:     202000 | #Constraints:      46728
c bounds -762 >= -1103 @ 391.413
c #Conflicts:     203000 | #Constraints:      47770
c bounds -762 >= -1102 @ 394.045
c #Conflicts:     204000 | #Constraints:      48827
c #Conflicts:     205000 | #Constraints:      49827
c bounds -762 >= -1101 @ 397.703
c #Conflicts:     206000 | #Constraints:      50875
c bounds -762 >= -1100 @ 401.003
c #Conflicts:     207000 | #Constraints:      51911
c #Conflicts:     208000 | #Constraints:      52911
c bounds -762 >= -1099 @ 404.981
c #Conflicts:     209000 | #Constraints:      53968
c bounds -762 >= -1098 @ 409.377
c #Conflicts:     210000 | #Constraints:      55016
c #Conflicts:     211000 | #Constraints:      56016
c bounds -763 >= -1098 @ 410.742
c bounds -764 >= -1098 @ 410.769
c bounds -765 >= -1098 @ 410.792
c bounds -766 >= -1098 @ 410.816
c bounds -767 >= -1098 @ 410.915
c bounds -768 >= -1098 @ 410.938
c bounds -772 >= -1098 @ 411.034
c bounds -776 >= -1098 @ 411.088
c #Conflicts:     212000 | #Constraints:      57024
c INPROCESSING
c GARBAGE COLLECT
c bounds -776 >= -1097 @ 413.538
c bounds -776 >= -1096 @ 413.546
c bounds -776 >= -1095 @ 413.554
c #Conflicts:     213000 | #Constraints:      34092
c #Conflicts:     214000 | #Constraints:      35092
c bounds -776 >= -1094 @ 417.997
c bounds -777 >= -1094 @ 418.047
c bounds -778 >= -1094 @ 418.061
c #Conflicts:     215000 | #Constraints:      36154
c bounds -779 >= -1094 @ 419.223
c #Conflicts:     216000 | #Constraints:      37155
c #Conflicts:     217000 | #Constraints:      38155
c bounds -779 >= -1093 @ 424.193
c bounds -780 >= -1093 @ 424.235
c bounds -781 >= -1093 @ 424.286
c #Conflicts:     218000 | #Constraints:      39232
c bounds -782 >= -1093 @ 425.158
c bounds -783 >= -1093 @ 425.437
c bounds -784 >= -1093 @ 425.723
c #Conflicts:     219000 | #Constraints:      40235
c #Conflicts:     220000 | #Constraints:      41235
c #Conflicts:     221000 | #Constraints:      42235
c #Conflicts:     222000 | #Constraints:      43235
c #Conflicts:     223000 | #Constraints:      44235
c #Conflicts:     224000 | #Constraints:      45235
c #Conflicts:     225000 | #Constraints:      46235
c #Conflicts:     226000 | #Constraints:      47235
c INPROCESSING
c GARBAGE COLLECT
c #Conflicts:     227000 | #Constraints:      32277
c #Conflicts:     228000 | #Constraints:      33277
c #Conflicts:     229000 | #Constraints:      34277
c bounds -784 >= -1092 @ 482.371
c #Conflicts:     230000 | #Constraints:      35361
c #Conflicts:     231000 | #Constraints:      36361
c bounds -784 >= -1091 @ 487.584
c #Conflicts:     232000 | #Constraints:      37421
c #Conflicts:     233000 | #Constraints:      38421
c bounds -784 >= -1090 @ 492.701
c #Conflicts:     234000 | #Constraints:      39472
c #Conflicts:     235000 | #Constraints:      40472
c bounds -784 >= -1089 @ 497.999
c #Conflicts:     236000 | #Constraints:      41556
c #Conflicts:     237000 | #Constraints:      42556
c bounds -784 >= -1088 @ 504.228
c #Conflicts:     238000 | #Constraints:      43613
c #Conflicts:     239000 | #Constraints:      44613
c bounds -784 >= -1087 @ 511.878
c #Conflicts:     240000 | #Constraints:      45685
c #Conflicts:     241000 | #Constraints:      46685
c bounds -784 >= -1086 @ 518.939
c #Conflicts:     242000 | #Constraints:      47748
c #Conflicts:     243000 | #Constraints:      48748
c bounds -784 >= -1085 @ 525.743
c #Conflicts:     244000 | #Constraints:      49796
c #Conflicts:     245000 | #Constraints:      50796
c bounds -784 >= -1084 @ 533.311
c #Conflicts:     246000 | #Constraints:      51847
c #Conflicts:     247000 | #Constraints:      52847
c #Conflicts:     248000 | #Constraints:      53847
c bounds -784 >= -1083 @ 542.738
c #Conflicts:     249000 | #Constraints:      54919
c #Conflicts:     250000 | #Constraints:      55919
c bounds -784 >= -1082 @ 553.271
c #Conflicts:     251000 | #Constraints:      56976
c #Conflicts:     252000 | #Constraints:      57976
c #Conflicts:     253000 | #Constraints:      58976
c bounds -784 >= -1081 @ 564.255
c #Conflicts:     254000 | #Constraints:      60036
c #Conflicts:     255000 | #Constraints:      61036
c bounds -784 >= -1080 @ 575.03
c #Conflicts:     256000 | #Constraints:      62084
c #Conflicts:     257000 | #Constraints:      63084
c #Conflicts:     258000 | #Constraints:      64084
c INPROCESSING
c GARBAGE COLLECT
c #Conflicts:     259000 | #Constraints:      38013
c #Conflicts:     260000 | #Constraints:      39013
c #Conflicts:     261000 | #Constraints:      40013
c #Conflicts:     262000 | #Constraints:      41013
c #Conflicts:     263000 | #Constraints:      42013
c #Conflicts:     264000 | #Constraints:      43013
c #Conflicts:     265000 | #Constraints:      44013
c #Conflicts:     266000 | #Constraints:      45013
c #Conflicts:     267000 | #Constraints:      46013
c #Conflicts:     268000 | #Constraints:      47013
c #Conflicts:     269000 | #Constraints:      48013
c bounds -788 >= -1080 @ 689.774
c #Conflicts:     270000 | #Constraints:      49014
c #Conflicts:     271000 | #Constraints:      50014
c #Conflicts:     272000 | #Constraints:      51014
c #Conflicts:     273000 | #Constraints:      52014
c INPROCESSING
c GARBAGE COLLECT
c #Conflicts:     274000 | #Constraints:      34877
c #Conflicts:     275000 | #Constraints:      35877
c #Conflicts:     276000 | #Constraints:      36877
c bounds -788 >= -1079 @ 726.542
c #Conflicts:     277000 | #Constraints:      37976
c #Conflicts:     278000 | #Constraints:      38976
c #Conflicts:     279000 | #Constraints:      39976
c #Conflicts:     280000 | #Constraints:      40976
c #Conflicts:     281000 | #Constraints:      41976
c bounds -788 >= -1078 @ 745.003
c #Conflicts:     282000 | #Constraints:      43054
c #Conflicts:     283000 | #Constraints:      44054
c #Conflicts:     284000 | #Constraints:      45054
c #Conflicts:     285000 | #Constraints:      46054
c bounds -788 >= -1077 @ 759.525
c #Conflicts:     286000 | #Constraints:      47141
c #Conflicts:     287000 | #Constraints:      48141
c #Conflicts:     288000 | #Constraints:      49141
c bounds -788 >= -1076 @ 774.223
c #Conflicts:     289000 | #Constraints:      50219
c #Conflicts:     290000 | #Constraints:      51219
c #Conflicts:     291000 | #Constraints:      52219
c bounds -788 >= -1075 @ 788.255
c #Conflicts:     292000 | #Constraints:      53282
c #Conflicts:     293000 | #Constraints:      54282
c bounds -788 >= -1074 @ 801.245
c #Conflicts:     294000 | #Constraints:      55348
c #Conflicts:     295000 | #Constraints:      56348
c #Conflicts:     296000 | #Constraints:      57348
c bounds -788 >= -1073 @ 816.182
c #Conflicts:     297000 | #Constraints:      58417
c #Conflicts:     298000 | #Constraints:      59417
c #Conflicts:     299000 | #Constraints:      60417
c #Conflicts:     300000 | #Constraints:      61417
c bounds -788 >= -1072 @ 834.204
c #Conflicts:     301000 | #Constraints:      62456
c #Conflicts:     302000 | #Constraints:      63456
c #Conflicts:     303000 | #Constraints:      64456
c bounds -788 >= -1071 @ 852.709
c #Conflicts:     304000 | #Constraints:      65516
c #Conflicts:     305000 | #Constraints:      66516
c #Conflicts:     306000 | #Constraints:      67516
c bounds -788 >= -1070 @ 871.075
c #Conflicts:     307000 | #Constraints:      68576
c #Conflicts:     308000 | #Constraints:      69576
c INPROCESSING
c GARBAGE COLLECT
c #Conflicts:     309000 | #Constraints:      40901
c #Conflicts:     310000 | #Constraints:      41901
c #Conflicts:     311000 | #Constraints:      42901
c bounds -788 >= -1069 @ 897.817
c #Conflicts:     312000 | #Constraints:      43967
c #Conflicts:     313000 | #Constraints:      44967
c #Conflicts:     314000 | #Constraints:      45967
c #Conflicts:     315000 | #Constraints:      46967
c #Conflicts:     316000 | #Constraints:      47967
c #Conflicts:     317000 | #Constraints:      48967
c bounds -788 >= -1068 @ 926.657
c #Conflicts:     318000 | #Constraints:      50030
c #Conflicts:     319000 | #Constraints:      51030
c #Conflicts:     320000 | #Constraints:      52030
c #Conflicts:     321000 | #Constraints:      53030
c bounds -792 >= -1068 @ 933.428
c #Conflicts:     322000 | #Constraints:      54031
c #Conflicts:     323000 | #Constraints:      55031
c #Conflicts:     324000 | #Constraints:      56031
c INPROCESSING
c GARBAGE COLLECT
c #Conflicts:     325000 | #Constraints:      37627
c #Conflicts:     326000 | #Constraints:      38627
c #Conflicts:     327000 | #Constraints:      39627
c #Conflicts:     328000 | #Constraints:      40627
c #Conflicts:     329000 | #Constraints:      41627
c #Conflicts:     330000 | #Constraints:      42627
c #Conflicts:     331000 | #Constraints:      43627
c #Conflicts:     332000 | #Constraints:      44627
c #Conflicts:     333000 | #Constraints:      45627
c #Conflicts:     334000 | #Constraints:      46627
c #Conflicts:     335000 | #Constraints:      47627
c bounds -792 >= -1067 @ 992.562
c #Conflicts:     336000 | #Constraints:      48729
c #Conflicts:     337000 | #Constraints:      49729
c #Conflicts:     338000 | #Constraints:      50729
c #Conflicts:     339000 | #Constraints:      51729
c #Conflicts:     340000 | #Constraints:      52729
c #Conflicts:     341000 | #Constraints:      53729
c #Conflicts:     342000 | #Constraints:      54729
c #Conflicts:     343000 | #Constraints:      55729
c #Conflicts:     344000 | #Constraints:      56729
c #Conflicts:     345000 | #Constraints:      57729
c #Conflicts:     346000 | #Constraints:      58729
c #Conflicts:     347000 | #Constraints:      59729
c #Conflicts:     348000 | #Constraints:      60729
c #Conflicts:     349000 | #Constraints:      61729
c #Conflicts:     350000 | #Constraints:      62729
c #Conflicts:     351000 | #Constraints:      63729
c bounds -793 >= -1067 @ 1113.52
c #Conflicts:     352000 | #Constraints:      64730
c #Conflicts:     353000 | #Constraints:      65730
c #Conflicts:     354000 | #Constraints:      66730
c #Conflicts:     355000 | #Constraints:      67730
c #Conflicts:     356000 | #Constraints:      68730
c bounds -793 >= -1066 @ 1175.26
c #Conflicts:     357000 | #Constraints:      69817
c #Conflicts:     358000 | #Constraints:      70817
c #Conflicts:     359000 | #Constraints:      71817
c #Conflicts:     360000 | #Constraints:      72817
c bounds -793 >= -1065 @ 1226.97
c #Conflicts:     361000 | #Constraints:      73880
c #Conflicts:     362000 | #Constraints:      74880
c INPROCESSING
c GARBAGE COLLECT
c #Conflicts:     363000 | #Constraints:      43474
c #Conflicts:     364000 | #Constraints:      44474
c #Conflicts:     365000 | #Constraints:      45474
c bounds -793 >= -1064 @ 1268.18
c #Conflicts:     366000 | #Constraints:      46552
c #Conflicts:     367000 | #Constraints:      47552
c #Conflicts:     368000 | #Constraints:      48552
c #Conflicts:     369000 | #Constraints:      49552
c bounds -793 >= -1063 @ 1289.34
c #Conflicts:     370000 | #Constraints:      50615
c #Conflicts:     371000 | #Constraints:      51615
c #Conflicts:     372000 | #Constraints:      52615
c #Conflicts:     373000 | #Constraints:      53615
c #Conflicts:     374000 | #Constraints:      54615
c bounds -793 >= -1062 @ 1316.97
c #Conflicts:     375000 | #Constraints:      55696
c #Conflicts:     376000 | #Constraints:      56696
c #Conflicts:     377000 | #Constraints:      57696
c #Conflicts:     378000 | #Constraints:      58696
c bounds -793 >= -1061 @ 1343.51
c #Conflicts:     379000 | #Constraints:      59762
c #Conflicts:     380000 | #Constraints:      60762
c INPROCESSING
c GARBAGE COLLECT
c #Conflicts:     381000 | #Constraints:      40004
c #Conflicts:     382000 | #Constraints:      41004
c #Conflicts:     383000 | #Constraints:      42004
c #Conflicts:     384000 | #Constraints:      43004
c #Conflicts:     385000 | #Constraints:      44004
c #Conflicts:     386000 | #Constraints:      45004
c #Conflicts:     387000 | #Constraints:      46004
c bounds -793 >= -1060 @ 1390.75
c #Conflicts:     388000 | #Constraints:      47088
c #Conflicts:     389000 | #Constraints:      48088
c #Conflicts:     390000 | #Constraints:      49088
c #Conflicts:     391000 | #Constraints:      50088
c #Conflicts:     392000 | #Constraints:      51088
c #Conflicts:     393000 | #Constraints:      52088
c bounds -793 >= -1059 @ 1425.9
c #Conflicts:     394000 | #Constraints:      53202
c #Conflicts:     395000 | #Constraints:      54202
c #Conflicts:     396000 | #Constraints:      55202
c #Conflicts:     397000 | #Constraints:      56202
c #Conflicts:     398000 | #Constraints:      57202
c #Conflicts:     399000 | #Constraints:      58202
c #Conflicts:     400000 | #Constraints:      59202
c bounds -793 >= -1058 @ 1483.85
c #Conflicts:     401000 | #Constraints:      60277
c bounds -794 >= -1058 @ 1484.22
c bounds -795 >= -1058 @ 1484.38
c bounds -796 >= -1058 @ 1484.95
c bounds -798 >= -1058 @ 1485.8
c #Conflicts:     402000 | #Constraints:      61281
c #Conflicts:     403000 | #Constraints:      62281
c #Conflicts:     404000 | #Constraints:      63281
c #Conflicts:     405000 | #Constraints:      64281
c #Conflicts:     406000 | #Constraints:      65281
c #Conflicts:     407000 | #Constraints:      66281
c #Conflicts:     408000 | #Constraints:      67281
c #Conflicts:     409000 | #Constraints:      68281
c #Conflicts:     410000 | #Constraints:      69281
c #Conflicts:     411000 | #Constraints:      70281
c #Conflicts:     412000 | #Constraints:      71281
c #Conflicts:     413000 | #Constraints:      72281
c #Conflicts:     414000 | #Constraints:      73281
c #Conflicts:     415000 | #Constraints:      74281
c #Conflicts:     416000 | #Constraints:      75281
c #Conflicts:     417000 | #Constraints:      76281
c #Conflicts:     418000 | #Constraints:      77281
c #Conflicts:     419000 | #Constraints:      78281
c #Conflicts:     420000 | #Constraints:      79281
c #Conflicts:     421000 | #Constraints:      80281
c INPROCESSING
c GARBAGE COLLECT
c #Conflicts:     422000 | #Constraints:      46567
c #Conflicts:     423000 | #Constraints:      47567
c #Conflicts:     424000 | #Constraints:      48567
c #Conflicts:     425000 | #Constraints:      49567
c #Conflicts:     426000 | #Constraints:      50567
c #Conflicts:     427000 | #Constraints:      51567
c bounds -798 >= -1057 @ 1707.96
c #Conflicts:     428000 | #Constraints:      52648
c #Conflicts:     429000 | #Constraints:      53648
c #Conflicts:     430000 | #Constraints:      54648
c #Conflicts:     431000 | #Constraints:      55648
c #Conflicts:     432000 | #Constraints:      56648
c #Conflicts:     433000 | #Constraints:      57648
c #Conflicts:     434000 | #Constraints:      58648
c bounds -798 >= -1056 @ 1756.3
c #Conflicts:     435000 | #Constraints:      59735
c #Conflicts:     436000 | #Constraints:      60735
c #Conflicts:     437000 | #Constraints:      61735
c #Conflicts:     438000 | #Constraints:      62735
c #Conflicts:     439000 | #Constraints:      63735
c #Conflicts:     440000 | #Constraints:      64735
c INPROCESSING
c GARBAGE COLLECT
c #Conflicts:     441000 | #Constraints:      41889
c #Conflicts:     442000 | #Constraints:      42889
c bounds -798 >= -1055 @ 1809.26
c #Conflicts:     443000 | #Constraints:      43964
c #Conflicts:     444000 | #Constraints:      44964
c #Conflicts:     445000 | #Constraints:      45964
c #Conflicts:     446000 | #Constraints:      46964
c #Conflicts:     447000 | #Constraints:      47964
c #Conflicts:     448000 | #Constraints:      48964
c #Conflicts:     449000 | #Constraints:      49964
c #Conflicts:     450000 | #Constraints:      50964
c #Conflicts:     451000 | #Constraints:      51964
c #Conflicts:     452000 | #Constraints:      52964
c #Conflicts:     453000 | #Constraints:      53964
c #Conflicts:     454000 | #Constraints:      54964
c #Conflicts:     455000 | #Constraints:      55964
c #Conflicts:     456000 | #Constraints:      56964
c bounds -798 >= -1054 @ 1910.17
c #Conflicts:     457000 | #Constraints:      58060
c #Conflicts:     458000 | #Constraints:      59060
c #Conflicts:     459000 | #Constraints:      60060
c #Conflicts:     460000 | #Constraints:      61060
c #Conflicts:     461000 | #Constraints:      62060
c #Conflicts:     462000 | #Constraints:      63060
c #Conflicts:     463000 | #Constraints:      64060
c #Conflicts:     464000 | #Constraints:      65060
c bounds -798 >= -1053 @ 1979.16
c #Conflicts:     465000 | #Constraints:      66144
c #Conflicts:     466000 | #Constraints:      67144
c #Conflicts:     467000 | #Constraints:      68144
c #Conflicts:     468000 | #Constraints:      69144
c #Conflicts:     469000 | #Constraints:      70144
c #Conflicts:     470000 | #Constraints:      71144
c #Conflicts:     471000 | #Constraints:      72144
c #Conflicts:     472000 | #Constraints:      73144
c bounds -798 >= -1052 @ 2055.73
c #Conflicts:     473000 | #Constraints:      74195
c #Conflicts:     474000 | #Constraints:      75195
c #Conflicts:     475000 | #Constraints:      76195
c #Conflicts:     476000 | #Constraints:      77195
c #Conflicts:     477000 | #Constraints:      78195
c #Conflicts:     478000 | #Constraints:      79195
c #Conflicts:     479000 | #Constraints:      80195
c #Conflicts:     480000 | #Constraints:      81195
c #Conflicts:     481000 | #Constraints:      82195
c #Conflicts:     482000 | #Constraints:      83195
c bounds -798 >= -1051 @ 2158.85
c #Conflicts:     483000 | #Constraints:      84285
c bounds -799 >= -1051 @ 2161.7
c bounds -800 >= -1051 @ 2162.51
c #Conflicts:     484000 | #Constraints:      85287
c INPROCESSING
c GARBAGE COLLECT
c #Conflicts:     485000 | #Constraints:      49071
c #Conflicts:     486000 | #Constraints:      50071
c #Conflicts:     487000 | #Constraints:      51071
c #Conflicts:     488000 | #Constraints:      52071
c #Conflicts:     489000 | #Constraints:      53071
c #Conflicts:     490000 | #Constraints:      54071
c #Conflicts:     491000 | #Constraints:      55071
c #Conflicts:     492000 | #Constraints:      56071
c #Conflicts:     493000 | #Constraints:      57071
c #Conflicts:     494000 | #Constraints:      58071
c #Conflicts:     495000 | #Constraints:      59071
c #Conflicts:     496000 | #Constraints:      60071
c #Conflicts:     497000 | #Constraints:      61071
c #Conflicts:     498000 | #Constraints:      62071
c #Conflicts:     499000 | #Constraints:      63071
c #Conflicts:     500000 | #Constraints:      64071
c #Conflicts:     501000 | #Constraints:      65071
c #Conflicts:     502000 | #Constraints:      66071
c #Conflicts:     503000 | #Constraints:      67071
c #Conflicts:     504000 | #Constraints:      68071
c INPROCESSING
c GARBAGE COLLECT
c #Conflicts:     505000 | #Constraints:      43149
c #Conflicts:     506000 | #Constraints:      44149
c #Conflicts:     507000 | #Constraints:      45149
c #Conflicts:     508000 | #Constraints:      46149
c #Conflicts:     509000 | #Constraints:      47149
c #Conflicts:     510000 | #Constraints:      48149
c #Conflicts:     511000 | #Constraints:      49149
c #Conflicts:     512000 | #Constraints:      50149
c #Conflicts:     513000 | #Constraints:      51149
c #Conflicts:     514000 | #Constraints:      52149
c #Conflicts:     515000 | #Constraints:      53149
c #Conflicts:     516000 | #Constraints:      54149
c #Conflicts:     517000 | #Constraints:      55149
c #Conflicts:     518000 | #Constraints:      56149
c #Conflicts:     519000 | #Constraints:      57149
c #Conflicts:     520000 | #Constraints:      58149
c #Conflicts:     521000 | #Constraints:      59149
c bounds -800 >= -1050 @ 2421.82
c #Conflicts:     522000 | #Constraints:      60230
c #Conflicts:     523000 | #Constraints:      61230
c #Conflicts:     524000 | #Constraints:      62230
c #Conflicts:     525000 | #Constraints:      63230
c #Conflicts:     526000 | #Constraints:      64230
c #Conflicts:     527000 | #Constraints:      65230
c #Conflicts:     528000 | #Constraints:      66230
c #Conflicts:     529000 | #Constraints:      67230
c #Conflicts:     530000 | #Constraints:      68230
c #Conflicts:     531000 | #Constraints:      69230
c bounds -800 >= -1049 @ 2519.93
c #Conflicts:     532000 | #Constraints:      70317
c #Conflicts:     533000 | #Constraints:      71317
c #Conflicts:     534000 | #Constraints:      72317
c #Conflicts:     535000 | #Constraints:      73317
c #Conflicts:     536000 | #Constraints:      74317
c #Conflicts:     537000 | #Constraints:      75317
c #Conflicts:     538000 | #Constraints:      76317
c #Conflicts:     539000 | #Constraints:      77317
c #Conflicts:     540000 | #Constraints:      78317
c #Conflicts:     541000 | #Constraints:      79317
c #Conflicts:     542000 | #Constraints:      80317
c #Conflicts:     543000 | #Constraints:      81317
c #Conflicts:     544000 | #Constraints:      82317
c #Conflicts:     545000 | #Constraints:      83317
c #Conflicts:     546000 | #Constraints:      84317
c #Conflicts:     547000 | #Constraints:      85317
c #Conflicts:     548000 | #Constraints:      86317
c #Conflicts:     549000 | #Constraints:      87317
c #Conflicts:     550000 | #Constraints:      88317
c #Conflicts:     551000 | #Constraints:      89317
c #Conflicts:     552000 | #Constraints:      90317
c INPROCESSING
c GARBAGE COLLECT
c #Conflicts:     553000 | #Constraints:      51900
c #Conflicts:     554000 | #Constraints:      52900
c #Conflicts:     555000 | #Constraints:      53900
c #Conflicts:     556000 | #Constraints:      54900
c #Conflicts:     557000 | #Constraints:      55900
c #Conflicts:     558000 | #Constraints:      56900
c #Conflicts:     559000 | #Constraints:      57900
c #Conflicts:     560000 | #Constraints:      58900
c #Conflicts:     561000 | #Constraints:      59900
c #Conflicts:     562000 | #Constraints:      60900
c bounds -800 >= -1048 @ 2828.03
c #Conflicts:     563000 | #Constraints:      61987
c #Conflicts:     564000 | #Constraints:      62987
c #Conflicts:     565000 | #Constraints:      63987
c #Conflicts:     566000 | #Constraints:      64987
c #Conflicts:     567000 | #Constraints:      65987
c #Conflicts:     568000 | #Constraints:      66987
c #Conflicts:     569000 | #Constraints:      67987
c bounds -800 >= -1047 @ 2893.9
c #Conflicts:     570000 | #Constraints:      69080
c #Conflicts:     571000 | #Constraints:      70080
c #Conflicts:     572000 | #Constraints:      71080
c #Conflicts:     573000 | #Constraints:      72080
c INPROCESSING
c GARBAGE COLLECT
c #Conflicts:     574000 | #Constraints:      45049
c #Conflicts:     575000 | #Constraints:      46049
c #Conflicts:     576000 | #Constraints:      47049
c #Conflicts:     577000 | #Constraints:      48049
c #Conflicts:     578000 | #Constraints:      49049
c #Conflicts:     579000 | #Constraints:      50049
c #Conflicts:     580000 | #Constraints:      51049
c #Conflicts:     581000 | #Constraints:      52049
c #Conflicts:     582000 | #Constraints:      53049
c #Conflicts:     583000 | #Constraints:      54049
c #Conflicts:     584000 | #Constraints:      55049
c #Conflicts:     585000 | #Constraints:      56049
c #Conflicts:     586000 | #Constraints:      57049
c bounds -800 >= -1046 @ 3023.9
c #Conflicts:     587000 | #Constraints:      58139
c #Conflicts:     588000 | #Constraints:      59139
c #Conflicts:     589000 | #Constraints:      60139
c #Conflicts:     590000 | #Constraints:      61139
c #Conflicts:     591000 | #Constraints:      62139
c #Conflicts:     592000 | #Constraints:      63139
c #Conflicts:     593000 | #Constraints:      64139
c #Conflicts:     594000 | #Constraints:      65139
c #Conflicts:     595000 | #Constraints:      66139
c #Conflicts:     596000 | #Constraints:      67139
c #Conflicts:     597000 | #Constraints:      68139
c #Conflicts:     598000 | #Constraints:      69139
c bounds -800 >= -1045 @ 3146.83
c #Conflicts:     599000 | #Constraints:      70217
c #Conflicts:     600000 | #Constraints:      71217
c #Conflicts:     601000 | #Constraints:      72217
c #Conflicts:     602000 | #Constraints:      73217
c #Conflicts:     603000 | #Constraints:      74217
c #Conflicts:     604000 | #Constraints:      75217
c #Conflicts:     605000 | #Constraints:      76217
c #Conflicts:     606000 | #Constraints:      77217
c #Conflicts:     607000 | #Constraints:      78217
c #Conflicts:     608000 | #Constraints:      79217
c bounds -800 >= -1044 @ 3249.74
c #Conflicts:     609000 | #Constraints:      80304
c #Conflicts:     610000 | #Constraints:      81304
c #Conflicts:     611000 | #Constraints:      82304
c #Conflicts:     612000 | #Constraints:      83304
c #Conflicts:     613000 | #Constraints:      84304
c #Conflicts:     614000 | #Constraints:      85304
c #Conflicts:     615000 | #Constraints:      86304
c #Conflicts:     616000 | #Constraints:      87304
c #Conflicts:     617000 | #Constraints:      88304
c #Conflicts:     618000 | #Constraints:      89304
c #Conflicts:     619000 | #Constraints:      90304
c #Conflicts:     620000 | #Constraints:      91304
c #Conflicts:     621000 | #Constraints:      92304
c #Conflicts:     622000 | #Constraints:      93304
c #Conflicts:     623000 | #Constraints:      94304
c #Conflicts:     624000 | #Constraints:      95304
c INPROCESSING
c GARBAGE COLLECT
c #Conflicts:     625000 | #Constraints:      54512
c #Conflicts:     626000 | #Constraints:      55512
c #Conflicts:     627000 | #Constraints:      56512
c #Conflicts:     628000 | #Constraints:      57512
c #Conflicts:     629000 | #Constraints:      58512
c #Conflicts:     630000 | #Constraints:      59512
c #Conflicts:     631000 | #Constraints:      60512
c #Conflicts:     632000 | #Constraints:      61512
c bounds -800 >= -1043 @ 3434.89
c #Conflicts:     633000 | #Constraints:      62614
c #Conflicts:     634000 | #Constraints:      63614
c #Conflicts:     635000 | #Constraints:      64614
c #Conflicts:     636000 | #Constraints:      65614
c #Conflicts:     637000 | #Constraints:      66614
c #Conflicts:     638000 | #Constraints:      67614
c #Conflicts:     639000 | #Constraints:      68614
c bounds -800 >= -1042 @ 3510.54
c #Conflicts:     640000 | #Constraints:      69680
c #Conflicts:     641000 | #Constraints:      70680
c #Conflicts:     642000 | #Constraints:      71680
c #Conflicts:     643000 | #Constraints:      72680
c #Conflicts:     644000 | #Constraints:      73680
c #Conflicts:     645000 | #Constraints:      74680
c #Conflicts:     646000 | #Constraints:      75680
c INPROCESSING
c GARBAGE COLLECT
c #Conflicts:     647000 | #Constraints:      46957
c #Conflicts:     648000 | #Constraints:      47957
c #Conflicts:     649000 | #Constraints:      48957
c #Conflicts:     650000 | #Constraints:      49957
c #Conflicts:     651000 | #Constraints:      50957
c #Conflicts:     652000 | #Constraints:      51957
c #Conflicts:     653000 | #Constraints:      52957
c #Conflicts:     654000 | #Constraints:      53957
c #Conflicts:     655000 | #Constraints:      54957
c #Conflicts:     656000 | #Constraints:      55957
c #Conflicts:     657000 | #Constraints:      56957
c #Conflicts:     658000 | #Constraints:      57957
c #Conflicts:     659000 | #Constraints:      58957
c #Conflicts:     660000 | #Constraints:      59957
c #Conflicts:     661000 | #Constraints:      60957
c #Conflicts:     662000 | #Constraints:      61957
c #Conflicts:     663000 | #Constraints:      62957
c #Conflicts:     664000 | #Constraints:      63957
c #Conflicts:     665000 | #Constraints:      64957
c #Conflicts:     666000 | #Constraints:      65957
c #Conflicts:     667000 | #Constraints:      66957
c #Conflicts:     668000 | #Constraints:      67957
c #Conflicts:     669000 | #Constraints:      68957
c #Conflicts:     670000 | #Constraints:      69957
c #Conflicts:     671000 | #Constraints:      70957
c #Conflicts:     672000 | #Constraints:      71957
c #Conflicts:     673000 | #Constraints:      72957
c #Conflicts:     674000 | #Constraints:      73957
c #Conflicts:     675000 | #Constraints:      74957
c #Conflicts:     676000 | #Constraints:      75957
c #Conflicts:     677000 | #Constraints:      76957
c #Conflicts:     678000 | #Constraints:      77957
c #Conflicts:     679000 | #Constraints:      78957
c #Conflicts:     680000 | #Constraints:      79957
c #Conflicts:     681000 | #Constraints:      80957
c #Conflicts:     682000 | #Constraints:      81957
c #Conflicts:     683000 | #Constraints:      82957
c #Conflicts:     684000 | #Constraints:      83957
c #Conflicts:     685000 | #Constraints:      84957
c #Conflicts:     686000 | #Constraints:      85957
c #Conflicts:     687000 | #Constraints:      86957
c #Conflicts:     688000 | #Constraints:      87957
c #Conflicts:     689000 | #Constraints:      88957
c #Conflicts:     690000 | #Constraints:      89957
c #Conflicts:     691000 | #Constraints:      90957
c #Conflicts:     692000 | #Constraints:      91957
c #Conflicts:     693000 | #Constraints:      92957
c #Conflicts:     694000 | #Constraints:      93957
c #Conflicts:     695000 | #Constraints:      94957
c #Conflicts:     696000 | #Constraints:      95957
c #Conflicts:     697000 | #Constraints:      96957
c #Conflicts:     698000 | #Constraints:      97957
c #Conflicts:     699000 | #Constraints:      98957
c #Conflicts:     700000 | #Constraints:      99957
c INPROCESSING
c GARBAGE COLLECT
c #Conflicts:     701000 | #Constraints:      56712
c #Conflicts:     702000 | #Constraints:      57712
c #Conflicts:     703000 | #Constraints:      58712
c #Conflicts:     704000 | #Constraints:      59712
c #Conflicts:     705000 | #Constraints:      60712
c #Conflicts:     706000 | #Constraints:      61712
c #Conflicts:     707000 | #Constraints:      62712
c #Conflicts:     708000 | #Constraints:      63712
c #Conflicts:     709000 | #Constraints:      64712
c #Conflicts:     710000 | #Constraints:      65712
c #Conflicts:     711000 | #Constraints:      66712
c #Conflicts:     712000 | #Constraints:      67712
c #Conflicts:     713000 | #Constraints:      68712
c #Conflicts:     714000 | #Constraints:      69712
c bounds -800 >= -1041 @ 4774.11
c #Conflicts:     715000 | #Constraints:      70775
c #Conflicts:     716000 | #Constraints:      71775
c #Conflicts:     717000 | #Constraints:      72775
c #Conflicts:     718000 | #Constraints:      73775
c #Conflicts:     719000 | #Constraints:      74775
c #Conflicts:     720000 | #Constraints:      75775
c #Conflicts:     721000 | #Constraints:      76775
c #Conflicts:     722000 | #Constraints:      77775
c #Conflicts:     723000 | #Constraints:      78775
c #Conflicts:     724000 | #Constraints:      79775
c INPROCESSING
c GARBAGE COLLECT
c #Conflicts:     725000 | #Constraints:      48202
c #Conflicts:     726000 | #Constraints:      49202
c #Conflicts:     727000 | #Constraints:      50202
c #Conflicts:     728000 | #Constraints:      51202
c #Conflicts:     729000 | #Constraints:      52202
c #Conflicts:     730000 | #Constraints:      53202
c #Conflicts:     731000 | #Constraints:      54202
c #Conflicts:     732000 | #Constraints:      55202
c #Conflicts:     733000 | #Constraints:      56202
c #Conflicts:     734000 | #Constraints:      57202
c #Conflicts:     735000 | #Constraints:      58202
c #Conflicts:     736000 | #Constraints:      59202
c #Conflicts:     737000 | #Constraints:      60202
c bounds -800 >= -1040 @ 5016.63
c #Conflicts:     738000 | #Constraints:      61301
c #Conflicts:     739000 | #Constraints:      62301
c #Conflicts:     740000 | #Constraints:      63301
c #Conflicts:     741000 | #Constraints:      64301
c #Conflicts:     742000 | #Constraints:      65301
c #Conflicts:     743000 | #Constraints:      66301
c #Conflicts:     744000 | #Constraints:      67301
c #Conflicts:     745000 | #Constraints:      68301
c #Conflicts:     746000 | #Constraints:      69301
c #Conflicts:     747000 | #Constraints:      70301
c bounds -800 >= -1039 @ 5119.29
c #Conflicts:     748000 | #Constraints:      71379
c #Conflicts:     749000 | #Constraints:      72379
c #Conflicts:     750000 | #Constraints:      73379
c #Conflicts:     751000 | #Constraints:      74379
c #Conflicts:     752000 | #Constraints:      75379
c #Conflicts:     753000 | #Constraints:      76379
c #Conflicts:     754000 | #Constraints:      77379
c bounds -800 >= -1038 @ 5207.08
c #Conflicts:     755000 | #Constraints:      78475
c #Conflicts:     756000 | #Constraints:      79475
c #Conflicts:     757000 | #Constraints:      80475
c #Conflicts:     758000 | #Constraints:      81475
c #Conflicts:     759000 | #Constraints:      82475
c #Conflicts:     760000 | #Constraints:      83475
c #Conflicts:     761000 | #Constraints:      84475
c #Conflicts:     762000 | #Constraints:      85475
c #Conflicts:     763000 | #Constraints:      86475
c #Conflicts:     764000 | #Constraints:      87475
c bounds -800 >= -1037 @ 5334.91
c #Conflicts:     765000 | #Constraints:      88559
c #Conflicts:     766000 | #Constraints:      89559
c #Conflicts:     767000 | #Constraints:      90559
c #Conflicts:     768000 | #Constraints:      91559
c #Conflicts:     769000 | #Constraints:      92559
c #Conflicts:     770000 | #Constraints:      93559
c #Conflicts:     771000 | #Constraints:      94559
c #Conflicts:     772000 | #Constraints:      95559
c #Conflicts:     773000 | #Constraints:      96559
c bounds -800 >= -1036 @ 5470.6
c #Conflicts:     774000 | #Constraints:      97640
c #Conflicts:     775000 | #Constraints:      98640
c #Conflicts:     776000 | #Constraints:      99640
c #Conflicts:     777000 | #Constraints:     100640
c #Conflicts:     778000 | #Constraints:     101640
c #Conflicts:     779000 | #Constraints:     102640
c #Conflicts:     780000 | #Constraints:     103640
c #Conflicts:     781000 | #Constraints:     104640
c INPROCESSING
c GARBAGE COLLECT
c #Conflicts:     782000 | #Constraints:      59076
c #Conflicts:     783000 | #Constraints:      60076
c #Conflicts:     784000 | #Constraints:      61076
c #Conflicts:     785000 | #Constraints:      62076
c #Conflicts:     786000 | #Constraints:      63076
c #Conflicts:     787000 | #Constraints:      64076
c #Conflicts:     788000 | #Constraints:      65076
c #Conflicts:     789000 | #Constraints:      66076
c bounds -800 >= -1035 @ 5682.5
c #Conflicts:     790000 | #Constraints:      67133
c #Conflicts:     791000 | #Constraints:      68133
c #Conflicts:     792000 | #Constraints:      69133
c #Conflicts:     793000 | #Constraints:      70133
c #Conflicts:     794000 | #Constraints:      71133
c #Conflicts:     795000 | #Constraints:      72133
c #Conflicts:     796000 | #Constraints:      73133
c #Conflicts:     797000 | #Constraints:      74133
c bounds -800 >= -1034 @ 5766.21
c #Conflicts:     798000 | #Constraints:      75205
c #Conflicts:     799000 | #Constraints:      76205
c #Conflicts:     800000 | #Constraints:      77205
c #Conflicts:     801000 | #Constraints:      78205
c #Conflicts:     802000 | #Constraints:      79205
c #Conflicts:     803000 | #Constraints:      80205
c #Conflicts:     804000 | #Constraints:      81205
c #Conflicts:     805000 | #Constraints:      82205
c bounds -800 >= -1033 @ 5883.67
c #Conflicts:     806000 | #Constraints:      83280
c INPROCESSING
c GARBAGE COLLECT
c #Conflicts:     807000 | #Constraints:      51361
c #Conflicts:     808000 | #Constraints:      52361
c #Conflicts:     809000 | #Constraints:      53361
c #Conflicts:     810000 | #Constraints:      54361
c #Conflicts:     811000 | #Constraints:      55361
c #Conflicts:     812000 | #Constraints:      56361
c #Conflicts:     813000 | #Constraints:      57361
c #Conflicts:     814000 | #Constraints:      58361
c #Conflicts:     815000 | #Constraints:      59361
c #Conflicts:     816000 | #Constraints:      60361
c #Conflicts:     817000 | #Constraints:      61361
c #Conflicts:     818000 | #Constraints:      62361
c #Conflicts:     819000 | #Constraints:      63361
c #Conflicts:     820000 | #Constraints:      64361
c #Conflicts:     821000 | #Constraints:      65361
c #Conflicts:     822000 | #Constraints:      66361
c #Conflicts:     823000 | #Constraints:      67361
c #Conflicts:     824000 | #Constraints:      68361
c #Conflicts:     825000 | #Constraints:      69361
c #Conflicts:     826000 | #Constraints:      70361
c #Conflicts:     827000 | #Constraints:      71361
c bounds -800 >= -1032 @ 6124.72
c #Conflicts:     828000 | #Constraints:      72469
c #Conflicts:     829000 | #Constraints:      73469
c #Conflicts:     830000 | #Constraints:      74469
c #Conflicts:     831000 | #Constraints:      75469
c #Conflicts:     832000 | #Constraints:      76469
c #Conflicts:     833000 | #Constraints:      77469
c #Conflicts:     834000 | #Constraints:      78469
c #Conflicts:     835000 | #Constraints:      79469
c #Conflicts:     836000 | #Constraints:      80469
c #Conflicts:     837000 | #Constraints:      81469
c #Conflicts:     838000 | #Constraints:      82469
c #Conflicts:     839000 | #Constraints:      83469
c #Conflicts:     840000 | #Constraints:      84469
c #Conflicts:     841000 | #Constraints:      85469
c #Conflicts:     842000 | #Constraints:      86469
c #Conflicts:     843000 | #Constraints:      87469
c #Conflicts:     844000 | #Constraints:      88469
c #Conflicts:     845000 | #Constraints:      89469
c #Conflicts:     846000 | #Constraints:      90469
c bounds -800 >= -1031 @ 6428.69
c #Conflicts:     847000 | #Constraints:      91559
c #Conflicts:     848000 | #Constraints:      92559
c #Conflicts:     849000 | #Constraints:      93559
c #Conflicts:     850000 | #Constraints:      94559
c #Conflicts:     851000 | #Constraints:      95559
c #Conflicts:     852000 | #Constraints:      96559
c #Conflicts:     853000 | #Constraints:      97559
c #Conflicts:     854000 | #Constraints:      98559
c #Conflicts:     855000 | #Constraints:      99559
c #Conflicts:     856000 | #Constraints:     100559
c #Conflicts:     857000 | #Constraints:     101559
c bounds -800 >= -1030 @ 6596.94
c #Conflicts:     858000 | #Constraints:     102625
c #Conflicts:     859000 | #Constraints:     103625
c #Conflicts:     860000 | #Constraints:     104625
c #Conflicts:     861000 | #Constraints:     105625
c #Conflicts:     862000 | #Constraints:     106625
c #Conflicts:     863000 | #Constraints:     107625
c #Conflicts:     864000 | #Constraints:     108625
c #Conflicts:     865000 | #Constraints:     109625
c #Conflicts:     866000 | #Constraints:     110625
c bounds -800 >= -1029 @ 6734.33
c INPROCESSING
c GARBAGE COLLECT
c #Conflicts:     867000 | #Constraints:      62097
c #Conflicts:     868000 | #Constraints:      63097
c #Conflicts:     869000 | #Constraints:      64097
c #Conflicts:     870000 | #Constraints:      65097
c #Conflicts:     871000 | #Constraints:      66097
c #Conflicts:     872000 | #Constraints:      67097
c #Conflicts:     873000 | #Constraints:      68097
c #Conflicts:     874000 | #Constraints:      69097
c #Conflicts:     875000 | #Constraints:      70097
c #Conflicts:     876000 | #Constraints:      71097
c #Conflicts:     877000 | #Constraints:      72097
c #Conflicts:     878000 | #Constraints:      73097
c bounds -800 >= -1028 @ 6889.17
c #Conflicts:     879000 | #Constraints:      74160
c #Conflicts:     880000 | #Constraints:      75160
c #Conflicts:     881000 | #Constraints:      76160
c #Conflicts:     882000 | #Constraints:      77160
c #Conflicts:     883000 | #Constraints:      78160
c #Conflicts:     884000 | #Constraints:      79160
c #Conflicts:     885000 | #Constraints:      80160
c #Conflicts:     886000 | #Constraints:      81160
c #Conflicts:     887000 | #Constraints:      82160
c #Conflicts:     888000 | #Constraints:      83160
c #Conflicts:     889000 | #Constraints:      84160
c #Conflicts:     890000 | #Constraints:      85160
c #Conflicts:     891000 | #Constraints:      86160
c bounds -800 >= -1027 @ 7084.04
c #Conflicts:     892000 | #Constraints:      87229
c #Conflicts:     893000 | #Constraints:      88229
c INPROCESSING
c GARBAGE COLLECT
c #Conflicts:     894000 | #Constraints:      54626
c #Conflicts:     895000 | #Constraints:      55626
c #Conflicts:     896000 | #Constraints:      56626
c #Conflicts:     897000 | #Constraints:      57626
c #Conflicts:     898000 | #Constraints:      58626
c #Conflicts:     899000 | #Constraints:      59626
c #Conflicts:     900000 | #Constraints:      60626
c #Conflicts:     901000 | #Constraints:      61626
c #Conflicts:     902000 | #Constraints:      62626
c #Conflicts:     903000 | #Constraints:      63626
c #Conflicts:     904000 | #Constraints:      64626
c #Conflicts:     905000 | #Constraints:      65626
c #Conflicts:     906000 | #Constraints:      66626
c #Conflicts:     907000 | #Constraints:      67626
c #Conflicts:     908000 | #Constraints:      68626
c #Conflicts:     909000 | #Constraints:      69626
c #Conflicts:     910000 | #Constraints:      70626
c #Conflicts:     911000 | #Constraints:      71626
c #Conflicts:     912000 | #Constraints:      72626
c #Conflicts:     913000 | #Constraints:      73626
c #Conflicts:     914000 | #Constraints:      74626
c #Conflicts:     915000 | #Constraints:      75626
c #Conflicts:     916000 | #Constraints:      76626
c #Conflicts:     917000 | #Constraints:      77626
c #Conflicts:     918000 | #Constraints:      78626
c #Conflicts:     919000 | #Constraints:      79626
c #Conflicts:     920000 | #Constraints:      80626
c #Conflicts:     921000 | #Constraints:      81626
c #Conflicts:     922000 | #Constraints:      82626
c #Conflicts:     923000 | #Constraints:      83626
c #Conflicts:     924000 | #Constraints:      84626
c #Conflicts:     925000 | #Constraints:      85626
c #Conflicts:     926000 | #Constraints:      86626
c #Conflicts:     927000 | #Constraints:      87626
c #Conflicts:     928000 | #Constraints:      88626
c #Conflicts:     929000 | #Constraints:      89626
c #Conflicts:     930000 | #Constraints:      90626
c #Conflicts:     931000 | #Constraints:      91626
c #Conflicts:     932000 | #Constraints:      92626
c #Conflicts:     933000 | #Constraints:      93626
c #Conflicts:     934000 | #Constraints:      94626
c #Conflicts:     935000 | #Constraints:      95626
c #Conflicts:     936000 | #Constraints:      96626
c #Conflicts:     937000 | #Constraints:      97626
c #Conflicts:     938000 | #Constraints:      98626
c #Conflicts:     939000 | #Constraints:      99626
c #Conflicts:     940000 | #Constraints:     100626
c #Conflicts:     941000 | #Constraints:     101626
c #Conflicts:     942000 | #Constraints:     102626
c #Conflicts:     943000 | #Constraints:     103626
c #Conflicts:     944000 | #Constraints:     104626
c #Conflicts:     945000 | #Constraints:     105626
c #Conflicts:     946000 | #Constraints:     106626
c #Conflicts:     947000 | #Constraints:     107626
c #Conflicts:     948000 | #Constraints:     108626
c #Conflicts:     949000 | #Constraints:     109626
c #Conflicts:     950000 | #Constraints:     110626
c #Conflicts:     951000 | #Constraints:     111626
c #Conflicts:     952000 | #Constraints:     112626
c #Conflicts:     953000 | #Constraints:     113626
c #Conflicts:     954000 | #Constraints:     114626
c #Conflicts:     955000 | #Constraints:     115626
c #Conflicts:     956000 | #Constraints:     116626
c INPROCESSING
c GARBAGE COLLECT
c #Conflicts:     957000 | #Constraints:      65499
c #Conflicts:     958000 | #Constraints:      66499
c #Conflicts:     959000 | #Constraints:      67499
c #Conflicts:     960000 | #Constraints:      68499
c #Conflicts:     961000 | #Constraints:      69499
c #Conflicts:     962000 | #Constraints:      70499
c #Conflicts:     963000 | #Constraints:      71499
c #Conflicts:     964000 | #Constraints:      72499
c #Conflicts:     965000 | #Constraints:      73499
c #Conflicts:     966000 | #Constraints:      74499
c #Conflicts:     967000 | #Constraints:      75499
c #Conflicts:     968000 | #Constraints:      76499
c #Conflicts:     969000 | #Constraints:      77499
c #Conflicts:     970000 | #Constraints:      78499
c #Conflicts:     971000 | #Constraints:      79499
c #Conflicts:     972000 | #Constraints:      80499
c #Conflicts:     973000 | #Constraints:      81499
c #Conflicts:     974000 |