c RoundingSat 2
c branch 
c commit 
c #variables 1404732 #constraints 2668986
c bounds - >= -2151520 @ 11.4376
c #Conflicts:       1000 | #Constraints:    2669985
c #Conflicts:       2000 | #Constraints:    2670985
c INPROCESSING
c bounds - >= -2151504 @ 11.915
c bounds - >= -2151488 @ 12.037
c bounds - >= -2151472 @ 12.159
c bounds - >= -2151456 @ 12.2799
c bounds - >= -2151440 @ 12.4005
c bounds - >= -2151424 @ 12.5227
c bounds - >= -2151408 @ 12.6438
c bounds - >= -2151392 @ 12.7655
c bounds - >= -2151376 @ 12.8874
c bounds - >= -2151360 @ 13.0077
c bounds - >= -2151344 @ 13.1298
c bounds - >= -2151328 @ 13.2525
c bounds - >= -2151312 @ 13.3736
c bounds - >= -2151296 @ 13.4951
c bounds - >= -2151280 @ 13.6164
c bounds - >= -2151264 @ 13.7387
c bounds - >= -2151248 @ 13.8605
c bounds - >= -2151232 @ 13.9823
c bounds - >= -2151216 @ 14.104
c bounds - >= -2151200 @ 14.2261
c bounds - >= -2151184 @ 14.347
c bounds - >= -2151168 @ 14.4685
c bounds - >= -2151152 @ 14.5903
c bounds - >= -2151136 @ 14.7127
c bounds - >= -2151120 @ 14.8345
c bounds - >= -2151104 @ 14.9566
c bounds - >= -2151088 @ 15.0781
c bounds - >= -2151072 @ 15.2
c bounds - >= -2151056 @ 15.3216
c bounds - >= -2151040 @ 15.4434
c bounds - >= -2151024 @ 15.5659
c bounds - >= -2151008 @ 15.6882
c bounds - >= -2150992 @ 15.8101
c bounds - >= -2150976 @ 15.9315
c bounds - >= -2150960 @ 16.0535
c bounds - >= -2150944 @ 16.1745
c bounds - >= -2150928 @ 16.2966
c bounds - >= -2150912 @ 16.4183
c bounds - >= -2150896 @ 16.5392
c bounds - >= -2150880 @ 16.6615
c bounds - >= -2150864 @ 16.7832
c bounds - >= -2150848 @ 16.9059
c bounds - >= -2150832 @ 17.0283
c bounds - >= -2150816 @ 17.1507
c bounds - >= -2150800 @ 17.2733
c bounds - >= -2150784 @ 17.3955
c bounds - >= -2150768 @ 17.5175
c bounds - >= -2150752 @ 17.6395
c bounds - >= -2150736 @ 17.7612
c bounds - >= -2150720 @ 17.8828
c bounds - >= -2150704 @ 18.0043
c bounds - >= -2150688 @ 18.1253
c bounds - >= -2150672 @ 18.2473
c bounds - >= -2150656 @ 18.3688
c bounds - >= -2150640 @ 18.4891
c bounds - >= -2150624 @ 18.6106
c bounds - >= -2150608 @ 18.7321
c bounds - >= -2150592 @ 18.8534
c bounds - >= -2150576 @ 18.9737
c bounds - >= -2150560 @ 19.0943
c bounds - >= -2150544 @ 19.2148
c bounds - >= -2150528 @ 19.3361
c bounds - >= -2150512 @ 19.4576
c bounds - >= -2150496 @ 19.5792
c bounds - >= -2150480 @ 19.7011
c bounds - >= -2150464 @ 19.822
c bounds - >= -2150448 @ 19.9427
c bounds - >= -2150432 @ 20.0639
c bounds - >= -2150416 @ 20.1854
c bounds - >= -2150400 @ 20.3073
c bounds - >= -2150384 @ 20.4285
c bounds - >= -2150368 @ 20.5504
c bounds - >= -2150352 @ 20.6715
c bounds - >= -2150336 @ 20.7934
c bounds - >= -2150320 @ 20.915
c bounds - >= -2150304 @ 21.0353
c bounds - >= -2150288 @ 21.1567
c bounds - >= -2150272 @ 21.2783
c bounds - >= -2150256 @ 21.3991
c bounds - >= -2150240 @ 21.5209
c bounds - >= -2150224 @ 21.6427
c bounds - >= -2150208 @ 21.7643
c bounds - >= -2150192 @ 21.8847
c bounds - >= -2150176 @ 22.0052
c bounds - >= -2150160 @ 22.1259
c bounds - >= -2150144 @ 22.2466
c bounds - >= -2150128 @ 22.3686
c bounds - >= -2150112 @ 22.4898
c bounds - >= -2150096 @ 22.6118
c bounds - >= -2150080 @ 22.7321
c bounds - >= -2150064 @ 22.8527
c bounds - >= -2150048 @ 22.9733
c bounds - >= -2150032 @ 23.0948
c bounds - >= -2150016 @ 23.2157
c bounds - >= -2150000 @ 23.3376
c bounds - >= -2149984 @ 23.4588
c bounds - >= -2149968 @ 23.5808
c bounds - >= -2149952 @ 23.7027
c bounds - >= -2149936 @ 23.8236
c bounds - >= -2149920 @ 23.9442
c bounds - >= -2149904 @ 24.0649
c bounds - >= -2149888 @ 24.1863
c bounds - >= -2149872 @ 24.3075
c bounds - >= -2149856 @ 24.4295
c bounds - >= -2149840 @ 24.5503
c bounds - >= -2149824 @ 24.671
c bounds - >= -2149808 @ 24.7916
c bounds - >= -2149792 @ 24.9124
c bounds - >= -2149776 @ 25.0328
c bounds - >= -2149760 @ 25.1534
c bounds - >= -2149744 @ 25.2741
c bounds - >= -2149728 @ 25.395
c bounds - >= -2149712 @ 25.5154
c bounds - >= -2149696 @ 25.6369
c bounds - >= -2149680 @ 25.7585
c bounds - >= -2149664 @ 25.881
c bounds - >= -2149648 @ 26.0021
c bounds - >= -2149632 @ 26.1226
c bounds - >= -2149616 @ 26.2432
c bounds - >= -2149600 @ 26.3639
c bounds - >= -2149584 @ 26.4846
c bounds - >= -2149568 @ 26.6052
c bounds - >= -2149552 @ 26.7264
c bounds - >= -2149536 @ 26.8479
c bounds - >= -2149520 @ 26.9696
c bounds - >= -2149504 @ 27.0911
c bounds - >= -2149488 @ 27.2121
c bounds - >= -2149472 @ 27.333
c bounds - >= -2149456 @ 27.4552
c bounds - >= -2149440 @ 27.5761
c bounds - >= -2149424 @ 27.6975
c bounds - >= -2149408 @ 27.8182
c bounds - >= -2149392 @ 27.9403
c bounds - >= -2149376 @ 28.0614
c bounds - >= -2149360 @ 28.1822
c bounds - >= -2149344 @ 28.3043
c bounds - >= -2149328 @ 28.4261
c bounds - >= -2149312 @ 28.5478
c bounds - >= -2149296 @ 28.6692
c bounds - >= -2149280 @ 28.7908
c bounds - >= -2149264 @ 28.9123
c bounds - >= -2149248 @ 29.0327
c bounds - >= -2149232 @ 29.1534
c bounds - >= -2149216 @ 29.2751
c bounds - >= -2149200 @ 29.3972
c bounds - >= -2149184 @ 29.5195
c bounds - >= -2149168 @ 29.6407
c bounds - >= -2149152 @ 29.7615
c bounds - >= -2149136 @ 29.8838
c bounds - >= -2149120 @ 30.0055
c bounds - >= -2149104 @ 30.1264
c bounds - >= -2149088 @ 30.2469
c bounds - >= -2149072 @ 30.3689
c bounds - >= -2149056 @ 30.4905
c bounds - >= -2149040 @ 30.6127
c bounds - >= -2149024 @ 30.7348
c bounds - >= -2149008 @ 30.8569
c bounds - >= -2148992 @ 30.979
c bounds - >= -2148976 @ 31.1006
c bounds - >= -2148960 @ 31.2237
c bounds - >= -2148944 @ 31.3447
c bounds - >= -2148928 @ 31.4666
c bounds - >= -2148912 @ 31.588
c bounds - >= -2148896 @ 31.7098
c bounds - >= -2148880 @ 31.8325
c bounds - >= -2148864 @ 31.9551
c bounds - >= -2148848 @ 32.0765
c bounds - >= -2148832 @ 32.1981
c bounds - >= -2148816 @ 32.3198
c bounds - >= -2148800 @ 32.4418
c bounds - >= -2148784 @ 32.5629
c bounds - >= -2148768 @ 32.685
c bounds - >= -2148752 @ 32.8062
c bounds - >= -2148736 @ 32.9292
c bounds - >= -2148720 @ 33.0505
c bounds - >= -2148704 @ 33.1726
c bounds - >= -2148688 @ 33.2936
c bounds - >= -2148672 @ 33.4159
c bounds - >= -2148656 @ 33.5385
c bounds - >= -2148640 @ 33.661
c bounds - >= -2148624 @ 33.7828
c bounds - >= -2148608 @ 33.9055
c bounds - >= -2148592 @ 34.0275
c bounds - >= -2148576 @ 34.1503
c bounds - >= -2148560 @ 34.2733
c bounds - >= -2148544 @ 34.3959
c bounds - >= -2148528 @ 34.5197
c bounds - >= -2148512 @ 34.6416
c bounds - >= -2148496 @ 34.7645
c bounds - >= -2148480 @ 34.8861
c bounds - >= -2148464 @ 35.009
c bounds - >= -2148448 @ 35.1302
c bounds - >= -2148432 @ 35.2516
c bounds - >= -2148416 @ 35.3739
c bounds - >= -2148400 @ 35.4963
c bounds - >= -2148384 @ 35.6181
c bounds - >= -2148368 @ 35.7393
c bounds - >= -2148352 @ 35.8618
c bounds - >= -2148336 @ 35.985
c bounds - >= -2148320 @ 36.1071
c bounds - >= -2148304 @ 36.2301
c bounds - >= -2148288 @ 36.3514
c bounds - >= -2148272 @ 36.4732
c bounds - >= -2148256 @ 36.5947
c bounds - >= -2148240 @ 36.7169
c bounds - >= -2148224 @ 36.8397
c bounds - >= -2148208 @ 36.9623
c bounds - >= -2148192 @ 37.085
c bounds - >= -2148176 @ 37.2074
c bounds - >= -2148160 @ 37.3301
c bounds - >= -2148144 @ 37.4523
c bounds - >= -2148128 @ 37.5737
c bounds - >= -2148112 @ 37.6959
c bounds - >= -2148096 @ 37.8192
c bounds - >= -2148080 @ 37.9407
c bounds - >= -2148064 @ 38.0637
c bounds - >= -2148048 @ 38.1856
c bounds - >= -2148032 @ 38.3073
c bounds - >= -2148016 @ 38.4299
c bounds - >= -2148000 @ 38.5518
c bounds - >= -2147984 @ 38.6747
c bounds - >= -2147968 @ 38.7971
c bounds - >= -2147952 @ 38.9195
c bounds - >= -2147936 @ 39.0418
c bounds - >= -2147920 @ 39.1642
c bounds - >= -2147904 @ 39.2855
c bounds - >= -2147888 @ 39.4088
c bounds - >= -2147872 @ 39.5321
c bounds - >= -2147856 @ 39.6552
c bounds - >= -2147840 @ 39.7774
c bounds - >= -2147824 @ 39.8988
c bounds - >= -2147808 @ 40.0216
c bounds - >= -2147792 @ 40.1442
c bounds - >= -2147776 @ 40.2672
c bounds - >= -2147760 @ 40.3896
c bounds - >= -2147744 @ 40.5112
c bounds - >= -2147728 @ 40.6326
c bounds - >= -2147712 @ 40.7561
c bounds - >= -2147696 @ 40.878
c bounds - >= -2147680 @ 40.9995
c bounds - >= -2147664 @ 41.1211
c bounds - >= -2147648 @ 41.244
c bounds - >= -2147632 @ 41.3669
c bounds - >= -2147616 @ 41.4898
c bounds - >= -2147600 @ 41.612
c bounds - >= -2147584 @ 41.7339
c bounds - >= -2147568 @ 41.8548
c bounds - >= -2147552 @ 41.9769
c bounds - >= -2147536 @ 42.0995
c bounds - >= -2147520 @ 42.2215
c bounds - >= -2147504 @ 42.3443
c bounds - >= -2147488 @ 42.4674
c bounds - >= -2147472 @ 42.5902
c bounds - >= -2147456 @ 42.7125
c bounds - >= -2147440 @ 42.8352
c bounds - >= -2147424 @ 42.958
c bounds - >= -2147408 @ 43.081
c bounds - >= -2147392 @ 43.2028
c bounds - >= -2147376 @ 43.3244
c bounds - >= -2147360 @ 43.4461
c bounds - >= -2147344 @ 43.5686
c bounds - >= -2147328 @ 43.6919
c bounds - >= -2147312 @ 43.8152
c bounds - >= -2147296 @ 43.9378
c bounds - >= -2147280 @ 44.0606
c bounds - >= -2147264 @ 44.1825
c bounds - >= -2147248 @ 44.3056
c bounds - >= -2147232 @ 44.4286
c bounds - >= -2147216 @ 44.5504
c bounds - >= -2147200 @ 44.6735
c bounds - >= -2147184 @ 44.7958
c bounds - >= -2147168 @ 44.9189
c bounds - >= -2147152 @ 45.041
c bounds - >= -2147136 @ 45.1628
c bounds - >= -2147120 @ 45.2858
c bounds - >= -2147104 @ 45.408
c bounds - >= -2147088 @ 45.5309
c bounds - >= -2147072 @ 45.6537
c bounds - >= -2147056 @ 45.7767
c bounds - >= -2147040 @ 45.8985
c bounds - >= -2147024 @ 46.0217
c bounds - >= -2147008 @ 46.1438
c bounds - >= -2146992 @ 46.2655
c bounds - >= -2146976 @ 46.387
c bounds - >= -2146960 @ 46.5091
c bounds - >= -2146944 @ 46.6305
c bounds - >= -2146928 @ 46.7526
c bounds - >= -2146912 @ 46.875
c bounds - >= -2146896 @ 46.9967
c bounds - >= -2146880 @ 47.1194
c bounds - >= -2146864 @ 47.2424
c bounds - >= -2146848 @ 47.3645
c bounds - >= -2146832 @ 47.4876
c bounds - >= -2146816 @ 47.6105
c bounds - >= -2146800 @ 47.7329
c bounds - >= -2146784 @ 47.8556
c bounds - >= -2146768 @ 47.9778
c bounds - >= -2146752 @ 48.1014
c bounds - >= -2146736 @ 48.2246
c bounds - >= -2146720 @ 48.3473
c bounds - >= -2146704 @ 48.4697
c bounds - >= -2146688 @ 48.5924
c bounds - >= -2146672 @ 48.7146
c bounds - >= -2146656 @ 48.8371
c bounds - >= -2146640 @ 48.9602
c bounds - >= -2146624 @ 49.0826
c bounds - >= -2146608 @ 49.2055
c bounds - >= -2146592 @ 49.3284
c bounds - >= -2146576 @ 49.4511
c bounds - >= -2146560 @ 49.5731
c bounds - >= -2146544 @ 49.695
c bounds - >= -2146528 @ 49.8165
c bounds - >= -2146512 @ 49.9396
c bounds - >= -2146496 @ 50.0624
c bounds - >= -2146480 @ 50.185
c bounds - >= -2146464 @ 50.3077
c bounds - >= -2146448 @ 50.4297
c bounds - >= -2146432 @ 50.5529
c bounds - >= -2146416 @ 50.6751
c bounds - >= -2146400 @ 50.7981
c bounds - >= -2146384 @ 50.921
c bounds - >= -2146368 @ 51.0442
c bounds - >= -2146352 @ 51.1668
c bounds - >= -2146336 @ 51.2898
c bounds - >= -2146320 @ 51.4119
c bounds - >= -2146304 @ 51.5334
c bounds - >= -2146288 @ 51.6567
c bounds - >= -2146272 @ 51.7793
c bounds - >= -2146256 @ 51.9021
c bounds - >= -2146240 @ 52.0248
c bounds - >= -2146224 @ 52.146
c bounds - >= -2146208 @ 52.2688
c bounds - >= -2146192 @ 52.3919
c bounds - >= -2146176 @ 52.5146
c bounds - >= -2146160 @ 52.6362
c bounds - >= -2146144 @ 52.7582
c bounds - >= -2146128 @ 52.8821
c bounds - >= -2146112 @ 53.0067
c bounds - >= -2146096 @ 53.1293
c bounds - >= -2146080 @ 53.2519
c bounds - >= -2146064 @ 53.3741
c bounds - >= -2146048 @ 53.4963
c bounds - >= -2146032 @ 53.6188
c bounds - >= -2146016 @ 53.7405
c bounds - >= -2146000 @ 53.8646
c bounds - >= -2145984 @ 53.9857
c bounds - >= -2145968 @ 54.1086
c bounds - >= -2145952 @ 54.2317
c bounds - >= -2145936 @ 54.3543
c bounds - >= -2145920 @ 54.4774
c bounds - >= -2145904 @ 54.6015
c bounds - >= -2145888 @ 54.7252
c bounds - >= -2145872 @ 54.8479
c bounds - >= -2145856 @ 54.9706
c bounds - >= -2145840 @ 55.0926
c bounds - >= -2145824 @ 55.2142
c bounds - >= -2145808 @ 55.3359
c bounds - >= -2145792 @ 55.4582
c bounds - >= -2145776 @ 55.5813
c bounds - >= -2145760 @ 55.7036
c bounds - >= -2145744 @ 55.8269
c bounds - >= -2145728 @ 55.9497
c bounds - >= -2145712 @ 56.0721
c bounds - >= -2145696 @ 56.1949
c bounds - >= -2145680 @ 56.3182
c bounds - >= -2145664 @ 56.4405
c bounds - >= -2145648 @ 56.5637
c bounds - >= -2145632 @ 56.6874
c bounds - >= -2145616 @ 56.8113
c bounds - >= -2145600 @ 56.9331
c bounds - >= -2145584 @ 57.0564
c bounds - >= -2145568 @ 57.1785
c bounds - >= -2145552 @ 57.3016
c bounds - >= -2145536 @ 57.423
c bounds - >= -2145520 @ 57.546
c bounds - >= -2145504 @ 57.6681
c bounds - >= -2145488 @ 57.7912
c bounds - >= -2145472 @ 57.9139
c bounds - >= -2145456 @ 58.0369
c bounds - >= -2145440 @ 58.1586
c bounds - >= -2145424 @ 58.2818
c bounds - >= -2145408 @ 58.4042
c bounds - >= -2145392 @ 58.5266
c bounds - >= -2145376 @ 58.649
c bounds - >= -2145360 @ 58.7715
c bounds - >= -2145344 @ 58.8943
c bounds - >= -2145328 @ 59.0164
c bounds - >= -2145312 @ 59.138
c bounds - >= -2145296 @ 59.2595
c bounds - >= -2145280 @ 59.3826
c bounds - >= -2145264 @ 59.5055
c bounds - >= -2145248 @ 59.6276
c bounds - >= -2145232 @ 59.7495
c bounds - >= -2145216 @ 59.8725
c bounds - >= -2145200 @ 59.9946
c bounds - >= -2145184 @ 60.117
c bounds - >= -2145168 @ 60.2395
c bounds - >= -2145152 @ 60.3621
c bounds - >= -2145136 @ 60.4844
c bounds - >= -2145120 @ 60.6057
c bounds - >= -2145104 @ 60.7289
c bounds - >= -2145088 @ 60.8513
c bounds - >= -2145072 @ 60.9745
c bounds - >= -2145056 @ 61.0967
c bounds - >= -2145040 @ 61.2191
c bounds - >= -2145024 @ 61.3421
c bounds - >= -2145008 @ 61.4649
c bounds - >= -2144992 @ 61.5878
c bounds - >= -2144976 @ 61.7099
c bounds - >= -2144960 @ 61.8316
c bounds - >= -2144944 @ 61.9542
c bounds - >= -2144928 @ 62.0757
c bounds - >= -2144912 @ 62.1973
c bounds - >= -2144896 @ 62.3205
c bounds - >= -2144880 @ 62.4428
c bounds - >= -2144864 @ 62.565
c bounds - >= -2144848 @ 62.687
c bounds - >= -2144832 @ 62.8101
c bounds - >= -2144816 @ 62.933
c bounds - >= -2144800 @ 63.0556
c bounds - >= -2144784 @ 63.1783
c bounds - >= -2144768 @ 63.3002
c bounds - >= -2144752 @ 63.4235
c bounds - >= -2144736 @ 63.5453
c bounds - >= -2144720 @ 63.6673
c bounds - >= -2144704 @ 63.7906
c bounds - >= -2144688 @ 63.914
c bounds - >= -2144672 @ 64.0362
c bounds - >= -2144656 @ 64.1601
c bounds - >= -2144640 @ 64.2823
c bounds - >= -2144624 @ 64.4041
c bounds - >= -2144608 @ 64.5265
c bounds - >= -2144592 @ 64.6489
c bounds - >= -2144576 @ 64.7727
c bounds - >= -2144560 @ 64.8948
c bounds - >= -2144544 @ 65.0162
c bounds - >= -2144528 @ 65.1394
c bounds - >= -2144512 @ 65.2617
c bounds - >= -2144496 @ 65.3851
c bounds - >= -2144480 @ 65.507
c bounds - >= -2144464 @ 65.6298
c bounds - >= -2144448 @ 65.7518
c bounds - >= -2144432 @ 65.8745
c bounds - >= -2144416 @ 65.9971
c bounds - >= -2144400 @ 66.1181
c bounds - >= -2144384 @ 66.2388
c bounds - >= -2144368 @ 66.3604
c bounds - >= -2144352 @ 66.4823
c bounds - >= -2144336 @ 66.6048
c bounds - >= -2144320 @ 66.7278
c bounds - >= -2144304 @ 66.8496
c bounds - >= -2144288 @ 66.9726
c bounds - >= -2144272 @ 67.0947
c bounds - >= -2144256 @ 67.2161
c bounds - >= -2144240 @ 67.3381
c bounds - >= -2144224 @ 67.4602
c bounds - >= -2144208 @ 67.5812
c bounds - >= -2144192 @ 67.703
c bounds - >= -2144176 @ 67.825
c bounds - >= -2144160 @ 67.9473
c bounds - >= -2144144 @ 68.0686
c bounds - >= -2144128 @ 68.1911
c bounds - >= -2144112 @ 68.3133
c bounds - >= -2144096 @ 68.4359
c bounds - >= -2144080 @ 68.5578
c bounds - >= -2144064 @ 68.6803
c bounds - >= -2144048 @ 68.8023
c bounds - >= -2144032 @ 68.9234
c bounds - >= -2144016 @ 69.0454
c bounds - >= -2144000 @ 69.168
c bounds - >= -2143984 @ 69.291
c bounds - >= -2143968 @ 69.4129
c bounds - >= -2143952 @ 69.5345
c bounds - >= -2143936 @ 69.6571
c bounds - >= -2143920 @ 69.7788
c bounds - >= -2143904 @ 69.9017
c bounds - >= -2143888 @ 70.0245
c bounds - >= -2143872 @ 70.1467
c bounds - >= -2143856 @ 70.2688
c bounds - >= -2143840 @ 70.39
c bounds - >= -2143824 @ 70.5117
c bounds - >= -2143808 @ 70.6339
c bounds - >= -2143792 @ 70.7556
c bounds - >= -2143776 @ 70.8768
c bounds - >= -2143760 @ 70.999
c bounds - >= -2143744 @ 71.1208
c bounds - >= -2143728 @ 71.2419
c bounds - >= -2143712 @ 71.3657
c bounds - >= -2143696 @ 71.4872
c bounds - >= -2143680 @ 71.6089
c bounds - >= -2143664 @ 71.7305
c bounds - >= -2143648 @ 71.8534
c bounds - >= -2143632 @ 71.9755
c bounds - >= -2143616 @ 72.0966
c bounds - >= -2143600 @ 72.2193
c bounds - >= -2143584 @ 72.3416
c bounds - >= -2143568 @ 72.4635
c bounds - >= -2143552 @ 72.5878
c bounds - >= -2143536 @ 72.7097
c bounds - >= -2143520 @ 72.8327
c bounds - >= -2143504 @ 72.9541
c bounds - >= -2143488 @ 73.0758
c bounds - >= -2143472 @ 73.1972
c bounds - >= -2143456 @ 73.3195
c bounds - >= -2143440 @ 73.4421
c bounds - >= -2143424 @ 73.5645
c bounds - >= -2143408 @ 73.6873
c bounds - >= -2143392 @ 73.8102
c bounds - >= -2143376 @ 73.9314
c bounds - >= -2143360 @ 74.0528
c bounds - >= -2143344 @ 74.1755
c bounds - >= -2143328 @ 74.2981
c bounds - >= -2143312 @ 74.4204
c bounds - >= -2143296 @ 74.5417
c bounds - >= -2143280 @ 74.666
c bounds - >= -2143264 @ 74.7892
c bounds - >= -2143248 @ 74.9123
c bounds - >= -2143232 @ 75.0346
c bounds - >= -2143216 @ 75.156
c bounds - >= -2143200 @ 75.2774
c bounds - >= -2143184 @ 75.3999
c bounds - >= -2143168 @ 75.5219
c bounds - >= -2143152 @ 75.6436
c bounds - >= -2143136 @ 75.7653
c bounds - >= -2143120 @ 75.8868
c bounds - >= -2143104 @ 76.0085
c bounds - >= -2143088 @ 76.1311
c bounds - >= -2143072 @ 76.2528
c bounds - >= -2143056 @ 76.3761
c bounds - >= -2143040 @ 76.4987
c bounds - >= -2143024 @ 76.6208
c bounds - >= -2143008 @ 76.7424
c bounds - >= -2142992 @ 76.8655
c bounds - >= -2142976 @ 76.9868
c bounds - >= -2142960 @ 77.1096
c bounds - >= -2142944 @ 77.2324
c bounds - >= -2142928 @ 77.3537
c bounds - >= -2142912 @ 77.4755
c bounds - >= -2142896 @ 77.5978
c bounds - >= -2142880 @ 77.7203
c bounds - >= -2142864 @ 77.8427
c bounds - >= -2142848 @ 77.964
c bounds - >= -2142832 @ 78.0858
c bounds - >= -2142816 @ 78.2087
c bounds - >= -2142800 @ 78.3314
c bounds - >= -2142784 @ 78.4542
c bounds - >= -2142768 @ 78.578
c bounds - >= -2142752 @ 78.7006
c bounds - >= -2142736 @ 78.8232
c bounds - >= -2142720 @ 78.9458
c bounds - >= -2142704 @ 79.0683
c bounds - >= -2142688 @ 79.1908
c bounds - >= -2142672 @ 79.3121
c bounds - >= -2142656 @ 79.4339
c bounds - >= -2142640 @ 79.5562
c bounds - >= -2142624 @ 79.6782
c bounds - >= -2142608 @ 79.8014
c bounds - >= -2142592 @ 79.9237
c bounds - >= -2142576 @ 80.0454
c bounds - >= -2142560 @ 80.1682
c bounds - >= -2142544 @ 80.2909
c bounds - >= -2142528 @ 80.4136
c bounds - >= -2142512 @ 80.536
c bounds - >= -2142496 @ 80.6581
c bounds - >= -2142480 @ 80.7806
c bounds - >= -2142464 @ 80.9032
c bounds - >= -2142448 @ 81.0259
c bounds - >= -2142432 @ 81.1472
c bounds - >= -2142416 @ 81.2696
c bounds - >= -2142400 @ 81.3917
c bounds - >= -2142384 @ 81.5131
c bounds - >= -2142368 @ 81.6346
c bounds - >= -2142352 @ 81.756
c bounds - >= -2142336 @ 81.8788
c bounds - >= -2142320 @ 82.0023
c bounds - >= -2142304 @ 82.1246
c bounds - >= -2142288 @ 82.246
c bounds - >= -2142272 @ 82.3676
c bounds - >= -2142256 @ 82.4895
c bounds - >= -2142240 @ 82.6122
c bounds - >= -2142224 @ 82.7345
c bounds - >= -2142208 @ 82.8562
c bounds - >= -2142192 @ 82.978
c bounds - >= -2142176 @ 83.0999
c bounds - >= -2142160 @ 83.2225
c bounds - >= -2142144 @ 83.3457
c bounds - >= -2142128 @ 83.4689
c bounds - >= -2142112 @ 83.5914
c bounds - >= -2142096 @ 83.7128
c bounds - >= -2142080 @ 83.835
c bounds - >= -2142064 @ 83.9564
c bounds - >= -2142048 @ 84.0794
c bounds - >= -2142032 @ 84.2023
c bounds - >= -2142016 @ 84.3246
c bounds - >= -2142000 @ 84.4471
c bounds - >= -2141984 @ 84.5702
c bounds - >= -2141968 @ 84.6929
c bounds - >= -2141952 @ 84.8153
c bounds - >= -2141936 @ 84.9381
c bounds - >= -2141920 @ 85.0605
c bounds - >= -2141904 @ 85.1822
c bounds - >= -2141888 @ 85.3046
c bounds - >= -2141872 @ 85.4262
c bounds - >= -2141856 @ 85.5479
c bounds - >= -2141840 @ 85.67
c bounds - >= -2141824 @ 85.7928
c bounds - >= -2141808 @ 85.9152
c bounds - >= -2141792 @ 86.0378
c bounds - >= -2141776 @ 86.1593
c bounds - >= -2141760 @ 86.2808
c bounds - >= -2141744 @ 86.4025
c bounds - >= -2141728 @ 86.5241
c bounds - >= -2141712 @ 86.6456
c bounds - >= -2141696 @ 86.7676
c bounds - >= -2141680 @ 86.8906
c bounds - >= -2141664 @ 87.0122
c bounds - >= -2141648 @ 87.1347
c bounds - >= -2141632 @ 87.2568
c bounds - >= -2141616 @ 87.3794
c bounds - >= -2141600 @ 87.5016
c bounds - >= -2141584 @ 87.6242
c bounds - >= -2141568 @ 87.7474
c bounds - >= -2141552 @ 87.87
c bounds - >= -2141536 @ 87.992
c bounds - >= -2141520 @ 88.1135
c bounds - >= -2141504 @ 88.2351
c bounds - >= -2141488 @ 88.357
c bounds - >= -2141472 @ 88.4794
c bounds - >= -2141456 @ 88.6029
c bounds - >= -2141440 @ 88.7249
c bounds - >= -2141424 @ 88.8467
c bounds - >= -2141408 @ 88.9699
c bounds - >= -2141392 @ 89.0919
c bounds - >= -2141376 @ 89.2134
c bounds - >= -2141360 @ 89.3353
c bounds - >= -2141344 @ 89.4567
c bounds - >= -2141328 @ 89.5785
c bounds - >= -2141312 @ 89.7003
c bounds - >= -2141296 @ 89.822
c bounds - >= -2141280 @ 89.9451
c bounds - >= -2141264 @ 90.0671
c bounds - >= -2141248 @ 90.19
c bounds - >= -2141232 @ 90.3123
c bounds - >= -2141216 @ 90.4353
c bounds - >= -2141200 @ 90.558
c bounds - >= -2141184 @ 90.6795
c bounds - >= -2141168 @ 90.8019
c bounds - >= -2141152 @ 90.925
c bounds - >= -2141136 @ 91.0486
c bounds - >= -2141120 @ 91.1718
c bounds - >= -2141104 @ 91.2938
c bounds - >= -2141088 @ 91.4167
c bounds - >= -2141072 @ 91.5393
c bounds - >= -2141056 @ 91.6619
c bounds - >= -2141040 @ 91.7847
c bounds - >= -2141024 @ 91.9074
c bounds - >= -2141008 @ 92.0297
c bounds - >= -2140992 @ 92.1503
c bounds - >= -2140976 @ 92.2736
c bounds - >= -2140960 @ 92.3954
c bounds - >= -2140944 @ 92.5172
c bounds - >= -2140928 @ 92.6402
c bounds - >= -2140912 @ 92.7616
c bounds - >= -2140896 @ 92.8855
c bounds - >= -2140880 @ 93.0081
c bounds - >= -2140864 @ 93.1306
c bounds - >= -2140848 @ 93.2522
c bounds - >= -2140832 @ 93.3745
c bounds - >= -2140816 @ 93.4974
c bounds - >= -2140800 @ 93.6192
c bounds - >= -2140784 @ 93.7427
c bounds - >= -2140768 @ 93.8659
c bounds - >= -2140752 @ 93.988
c bounds - >= -2140736 @ 94.1113
c bounds - >= -2140720 @ 94.2336
c bounds - >= -2140704 @ 94.3569
c bounds - >= -2140688 @ 94.4806
c bounds - >= -2140672 @ 94.6036
c bounds - >= -2140656 @ 94.7266
c bounds - >= -2140640 @ 94.8499
c bounds - >= -2140624 @ 94.9723
c bounds - >= -2140608 @ 95.0953
c bounds - >= -2140592 @ 95.2179
c bounds - >= -2140576 @ 95.3402
c bounds - >= -2140560 @ 95.4623
c bounds - >= -2140544 @ 95.5853
c bounds - >= -2140528 @ 95.7071
c bounds - >= -2140512 @ 95.8288
c bounds - >= -2140496 @ 95.9507
c bounds - >= -2140480 @ 96.0724
c bounds - >= -2140464 @ 96.1952
c bounds - >= -2140448 @ 96.3181
c bounds - >= -2140432 @ 96.4401
c bounds - >= -2140416 @ 96.5635
c bounds - >= -2140400 @ 96.6854
c bounds - >= -2140384 @ 96.8086
c bounds - >= -2140368 @ 96.9307
c bounds - >= -2140352 @ 97.054
c bounds - >= -2140336 @ 97.1762
c bounds - >= -2140320 @ 97.2995
c bounds - >= -2140304 @ 97.4215
c bounds - >= -2140288 @ 97.5447
c bounds - >= -2140272 @ 97.6681
c bounds - >= -2140256 @ 97.7912
c bounds - >= -2140240 @ 97.9147
c bounds - >= -2140224 @ 98.0379
c bounds - >= -2140208 @ 98.161
c bounds - >= -2140192 @ 98.283
c bounds - >= -2140176 @ 98.4064
c bounds - >= -2140160 @ 98.5289
c bounds - >= -2140144 @ 98.6512
c bounds - >= -2140128 @ 98.7743
c bounds - >= -2140112 @ 98.8976
c bounds - >= -2140096 @ 99.0214
c bounds - >= -2140080 @ 99.145
c bounds - >= -2140064 @ 99.267
c bounds - >= -2140048 @ 99.3891
c bounds - >= -2140032 @ 99.5117
c bounds - >= -2140016 @ 99.6353
c bounds - >= -2140000 @ 99.7592
c bounds - >= -2139984 @ 99.8815
c bounds - >= -2139968 @ 100.006
c bounds - >= -2139952 @ 100.128
c bounds - >= -2139936 @ 100.25
c bounds - >= -2139920 @ 100.374
c bounds - >= -2139904 @ 100.496
c bounds - >= -2139888 @ 100.619
c bounds - >= -2139872 @ 100.741
c bounds - >= -2139856 @ 100.864
c bounds - >= -2139840 @ 100.987
c bounds - >= -2139824 @ 101.111
c bounds - >= -2139808 @ 101.234
c bounds - >= -2139792 @ 101.357
c bounds - >= -2139776 @ 101.48
c bounds - >= -2139760 @ 101.603
c bounds - >= -2139744 @ 101.726
c bounds - >= -2139728 @ 101.849
c bounds - >= -2139712 @ 101.971
c bounds - >= -2139696 @ 102.092
c bounds - >= -2139680 @ 102.216
c bounds - >= -2139664 @ 102.338
c bounds - >= -2139648 @ 102.461
c bounds - >= -2139632 @ 102.584
c bounds - >= -2139616 @ 102.706
c bounds - >= -2139600 @ 102.83
c bounds - >= -2139584 @ 102.952
c bounds - >= -2139568 @ 103.075
c bounds - >= -2139552 @ 103.197
c bounds - >= -2139536 @ 103.321
c bounds - >= -2139520 @ 103.445
c bounds - >= -2139504 @ 103.567
c bounds - >= -2139488 @ 103.691
c bounds - >= -2139472 @ 103.815
c bounds - >= -2139456 @ 103.938
c bounds - >= -2139440 @ 104.062
c bounds - >= -2139424 @ 104.185
c bounds - >= -2139408 @ 104.308
c bounds - >= -2139392 @ 104.432
c bounds - >= -2139376 @ 104.554
c bounds - >= -2139360 @ 104.677
c bounds - >= -2139344 @ 104.799
c bounds - >= -2139328 @ 104.923
c bounds - >= -2139312 @ 105.045
c bounds - >= -2139296 @ 105.169
c bounds - >= -2139280 @ 105.293
c bounds - >= -2139264 @ 105.415
c bounds - >= -2139248 @ 105.537
c bounds - >= -2139232 @ 105.66
c bounds - >= -2139216 @ 105.782
c bounds - >= -2139200 @ 105.905
c bounds - >= -2139184 @ 106.028
c bounds - >= -2139168 @ 106.151
c bounds - >= -2139152 @ 106.275
c bounds - >= -2139136 @ 106.397
c bounds - >= -2139120 @ 106.52
c bounds - >= -2139104 @ 106.643
c bounds - >= -2139088 @ 106.766
c bounds - >= -2139072 @ 106.89
c bounds - >= -2139056 @ 107.015
c bounds - >= -2139040 @ 107.139
c bounds - >= -2139024 @ 107.263
c bounds - >= -2139008 @ 107.387
c bounds - >= -2138992 @ 107.509
c bounds - >= -2138976 @ 107.631
c bounds - >= -2138960 @ 107.753
c bounds - >= -2138944 @ 107.877
c bounds - >= -2138928 @ 107.999
c bounds - >= -2138912 @ 108.123
c bounds - >= -2138896 @ 108.246
c bounds - >= -2138880 @ 108.368
c bounds - >= -2138864 @ 108.492
c bounds - >= -2138848 @ 108.615
c bounds - >= -2138832 @ 108.739
c bounds - >= -2138816 @ 108.862
c bounds - >= -2138800 @ 108.985
c bounds - >= -2138784 @ 109.108
c bounds - >= -2138768 @ 109.23
c bounds - >= -2138752 @ 109.352
c bounds - >= -2138736 @ 109.476
c bounds - >= -2138720 @ 109.599
c bounds - >= -2138704 @ 109.722
c bounds - >= -2138688 @ 109.845
c bounds - >= -2138672 @ 109.967
c bounds - >= -2138656 @ 110.09
c bounds - >= -2138640 @ 110.213
c bounds - >= -2138624 @ 110.337
c bounds - >= -2138608 @ 110.462
c bounds - >= -2138592 @ 110.584
c bounds - >= -2138576 @ 110.706
c bounds - >= -2138560 @ 110.828
c bounds - >= -2138544 @ 110.952
c bounds - >= -2138528 @ 111.076
c bounds - >= -2138512 @ 111.2
c bounds - >= -2138496 @ 111.322
c bounds - >= -2138480 @ 111.445
c bounds - >= -2138464 @ 111.567
c bounds - >= -2138448 @ 111.69
c bounds - >= -2138432 @ 111.813
c bounds - >= -2138416 @ 111.936
c bounds - >= -2138400 @ 112.059
c bounds - >= -2138384 @ 112.182
c bounds - >= -2138368 @ 112.304
c bounds - >= -2138352 @ 112.427
c bounds - >= -2138336 @ 112.55
c bounds - >= -2138320 @ 112.672
c bounds - >= -2138304 @ 112.795
c bounds - >= -2138288 @ 112.919
c bounds - >= -2138272 @ 113.041
c bounds - >= -2138256 @ 113.164
c bounds - >= -2138240 @ 113.287
c bounds - >= -2138224 @ 113.41
c bounds - >= -2138208 @ 113.531
c bounds - >= -2138192 @ 113.653
c bounds - >= -2138176 @ 113.777
c bounds - >= -2138160 @ 113.9
c bounds - >= -2138144 @ 114.022
c bounds - >= -2138128 @ 114.146
c bounds - >= -2138112 @ 114.269
c bounds - >= -2138096 @ 114.391
c bounds - >= -2138080 @ 114.513
c bounds - >= -2138064 @ 114.637
c bounds - >= -2138048 @ 114.759
c bounds - >= -2138032 @ 114.882
c bounds - >= -2138016 @ 115.004
c bounds - >= -2138000 @ 115.126
c bounds - >= -2137984 @ 115.248
c bounds - >= -2137968 @ 115.371
c bounds - >= -2137952 @ 115.493
c bounds - >= -2137936 @ 115.616
c bounds - >= -2137920 @ 115.74
c bounds - >= -2137904 @ 115.863
c bounds - >= -2137888 @ 115.986
c bounds - >= -2137872 @ 116.108
c bounds - >= -2137856 @ 116.231
c bounds - >= -2137840 @ 116.354
c bounds - >= -2137824 @ 116.478
c bounds - >= -2137808 @ 116.602
c bounds - >= -2137792 @ 116.726
c bounds - >= -2137776 @ 116.848
c bounds - >= -2137760 @ 116.971
c bounds - >= -2137744 @ 117.093
c bounds - >= -2137728 @ 117.215
c bounds - >= -2137712 @ 117.337
c bounds - >= -2137696 @ 117.458
c bounds - >= -2137680 @ 117.58
c bounds - >= -2137664 @ 117.703
c bounds - >= -2137648 @ 117.827
c bounds - >= -2137632 @ 117.952
c bounds - >= -2137616 @ 118.076
c bounds - >= -2137600 @ 118.198
c bounds - >= -2137584 @ 118.321
c bounds - >= -2137568 @ 118.444
c bounds - >= -2137552 @ 118.567
c bounds - >= -2137536 @ 118.691
c bounds - >= -2137520 @ 118.813
c bounds - >= -2137504 @ 118.936
c bounds - >= -2137488 @ 119.059
c bounds - >= -2137472 @ 119.18
c bounds - >= -2137456 @ 119.302
c bounds - >= -2137440 @ 119.425
c bounds - >= -2137424 @ 119.548
c bounds - >= -2137408 @ 119.67
c bounds - >= -2137392 @ 119.793
c bounds - >= -2137376 @ 119.915
c bounds - >= -2137360 @ 120.038
c bounds - >= -2137344 @ 120.162
c bounds - >= -2137328 @ 120.286
c bounds - >= -2137312 @ 120.409
c bounds - >= -2137296 @ 120.533
c bounds - >= -2137280 @ 120.656
c bounds - >= -2137264 @ 120.778
c bounds - >= -2137248 @ 120.9
c bounds - >= -2137232 @ 121.025
c bounds - >= -2137216 @ 121.149
c bounds - >= -2137200 @ 121.273
c bounds - >= -2137184 @ 121.396
c bounds - >= -2137168 @ 121.52
c bounds - >= -2137152 @ 121.643
c bounds - >= -2137136 @ 121.766
c bounds - >= -2137120 @ 121.889
c bounds - >= -2137104 @ 122.013
c bounds - >= -2137088 @ 122.137
c bounds - >= -2137072 @ 122.259
c bounds - >= -2137056 @ 122.383
c bounds - >= -2137040 @ 122.507
c bounds - >= -2137024 @ 122.63
c bounds - >= -2137008 @ 122.753
c bounds - >= -2136992 @ 122.878
c bounds - >= -2136976 @ 123.003
c bounds - >= -2136960 @ 123.124
c bounds - >= -2136944 @ 123.247
c bounds - >= -2136928 @ 123.37
c bounds - >= -2136912 @ 123.492
c bounds - >= -2136896 @ 123.615
c bounds - >= -2136880 @ 123.737
c bounds - >= -2136864 @ 123.859
c bounds - >= -2136848 @ 123.982
c bounds - >= -2136832 @ 124.105
c bounds - >= -2136816 @ 124.228
c bounds - >= -2136800 @ 124.352
c bounds - >= -2136784 @ 124.475
c bounds - >= -2136768 @ 124.598
c bounds - >= -2136752 @ 124.721
c bounds - >= -2136736 @ 124.844
c bounds - >= -2136720 @ 124.969
c bounds - >= -2136704 @ 125.093
c bounds - >= -2136688 @ 125.215
c bounds - >= -2136672 @ 125.338
c bounds - >= -2136656 @ 125.461
c bounds - >= -2136640 @ 125.585
c bounds - >= -2136624 @ 125.708
c bounds - >= -2136608 @ 125.832
c bounds - >= -2136592 @ 125.955
c bounds - >= -2136576 @ 126.079
c bounds - >= -2136560 @ 126.203
c bounds - >= -2136544 @ 126.326
c bounds - >= -2136528 @ 126.449
c bounds - >= -2136512 @ 126.573
c bounds - >= -2136496 @ 126.698
c bounds - >= -2136480 @ 126.82
c bounds - >= -2136464 @ 126.944
c bounds - >= -2136448 @ 127.068
c bounds - >= -2136432 @ 127.191
c bounds - >= -2136416 @ 127.314
c bounds - >= -2136400 @ 127.439
c bounds - >= -2136384 @ 127.562
c bounds - >= -2136368 @ 127.686
c bounds - >= -2136352 @ 127.808
c bounds - >= -2136336 @ 127.931
c bounds - >= -2136320 @ 128.054
c bounds - >= -2136304 @ 128.177
c bounds - >= -2136288 @ 128.299
c bounds - >= -2136272 @ 128.422
c bounds - >= -2136256 @ 128.546
c bounds - >= -2136240 @ 128.67
c bounds - >= -2136224 @ 128.792
c bounds - >= -2136208 @ 128.914
c bounds - >= -2136192 @ 129.038
c bounds - >= -2136176 @ 129.161
c bounds - >= -2136160 @ 129.285
c bounds - >= -2136144 @ 129.407
c bounds - >= -2136128 @ 129.531
c bounds - >= -2136112 @ 129.654
c bounds - >= -2136096 @ 129.778
c bounds - >= -2136080 @ 129.902
c bounds - >= -2136064 @ 130.026
c bounds - >= -2136048 @ 130.15
c bounds - >= -2136032 @ 130.273
c bounds - >= -2136016 @ 130.396
c bounds - >= -2136000 @ 130.519
c bounds - >= -2135984 @ 130.642
c bounds - >= -2135968 @ 130.765
c bounds - >= -2135952 @ 130.889
c bounds - >= -2135936 @ 131.013
c bounds - >= -2135920 @ 131.135
c bounds - >= -2135904 @ 131.258
c bounds - >= -2135888 @ 131.381
c bounds - >= -2135872 @ 131.504
c bounds - >= -2135856 @ 131.627
c bounds - >= -2135840 @ 131.749
c bounds - >= -2135824 @ 131.872
c bounds - >= -2135808 @ 131.996
c bounds - >= -2135792 @ 132.119
c bounds - >= -2135776 @ 132.243
c bounds - >= -2135760 @ 132.367
c bounds - >= -2135744 @ 132.49
c bounds - >= -2135728 @ 132.613
c bounds - >= -2135712 @ 132.736
c bounds - >= -2135696 @ 132.86
c bounds - >= -2135680 @ 132.984
c bounds - >= -2135664 @ 133.107
c bounds - >= -2135648 @ 133.23
c bounds - >= -2135632 @ 133.354
c bounds - >= -2135616 @ 133.478
c bounds - >= -2135600 @ 133.601
c bounds - >= -2135584 @ 133.724
c bounds - >= -2135568 @ 133.846
c bounds - >= -2135552 @ 133.969
c bounds - >= -2135536 @ 134.092
c bounds - >= -2135520 @ 134.215
c bounds - >= -2135504 @ 134.337
c bounds - >= -2135488 @ 134.461
c bounds - >= -2135472 @ 134.585
c bounds - >= -2135456 @ 134.708
c bounds - >= -2135440 @ 134.83
c bounds - >= -2135424 @ 134.953
c bounds - >= -2135408 @ 135.075
c bounds - >= -2135392 @ 135.199
c bounds - >= -2135376 @ 135.321
c bounds - >= -2135360 @ 135.445
c bounds - >= -2135344 @ 135.568
c bounds - >= -2135328 @ 135.692
c bounds - >= -2135312 @ 135.816
c bounds - >= -2135296 @ 135.94
c bounds - >= -2135280 @ 136.064
c bounds - >= -2135264 @ 136.188
c bounds - >= -2135248 @ 136.312
c bounds - >= -2135232 @ 136.434
c bounds - >= -2135216 @ 136.557
c bounds - >= -2135200 @ 136.681
c bounds - >= -2135184 @ 136.803
c bounds - >= -2135168 @ 136.927
c bounds - >= -2135152 @ 137.051
c bounds - >= -2135136 @ 137.174
c bounds - >= -2135120 @ 137.298
c bounds - >= -2135104 @ 137.422
c bounds - >= -2135088 @ 137.544
c bounds - >= -2135072 @ 137.667
c bounds - >= -2135056 @ 137.79
c bounds - >= -2135040 @ 137.914
c bounds - >= -2135024 @ 138.038
c bounds - >= -2135008 @ 138.161
c bounds - >= -2134992 @ 138.284
c bounds - >= -2134976 @ 138.407
c bounds - >= -2134960 @ 138.531
c bounds - >= -2134944 @ 138.654
c bounds - >= -2134928 @ 138.778
c bounds - >= -2134912 @ 138.901
c bounds - >= -2134896 @ 139.026
c bounds - >= -2134880 @ 139.149
c bounds - >= -2134864 @ 139.272
c bounds - >= -2134848 @ 139.396
c bounds - >= -2134832 @ 139.519
c bounds - >= -2134816 @ 139.643
c bounds - >= -2134800 @ 139.766
c bounds - >= -2134784 @ 139.888
c bounds - >= -2134768 @ 140.012
c bounds - >= -2134752 @ 140.134
c bounds - >= -2134736 @ 140.257
c bounds - >= -2134720 @ 140.381
c bounds - >= -2134704 @ 140.505
c bounds - >= -2134688 @ 140.628
c bounds - >= -2134672 @ 140.75
c bounds - >= -2134656 @ 140.873
c bounds - >= -2134640 @ 140.996
c bounds - >= -2134624 @ 141.119
c bounds - >= -2134608 @ 141.241
c bounds - >= -2134592 @ 141.364
c bounds - >= -2134576 @ 141.487
c bounds - >= -2134560 @ 141.611
c bounds - >= -2134544 @ 141.733
c bounds - >= -2134528 @ 141.856
c bounds - >= -2134512 @ 141.979
c bounds - >= -2134496 @ 142.103
c bounds - >= -2134480 @ 142.228
c bounds - >= -2134464 @ 142.35
c bounds - >= -2134448 @ 142.473
c bounds - >= -2134432 @ 142.594
c bounds - >= -2134416 @ 142.718
c bounds - >= -2134400 @ 142.84
c bounds - >= -2134384 @ 142.964
c bounds - >= -2134368 @ 143.088
c bounds - >= -2134352 @ 143.211
c bounds - >= -2134336 @ 143.333
c bounds - >= -2134320 @ 143.458
c bounds - >= -2134304 @ 143.581
c bounds - >= -2134288 @ 143.704
c bounds - >= -2134272 @ 143.828
c bounds - >= -2134256 @ 143.951
c bounds - >= -2134240 @ 144.075
c bounds - >= -2134224 @ 144.198
c bounds - >= -2134208 @ 144.322
c bounds - >= -2134192 @ 144.445
c bounds - >= -2134176 @ 144.567
c bounds - >= -2134160 @ 144.691
c bounds - >= -2134144 @ 144.814
c bounds - >= -2134128 @ 144.937
c bounds - >= -2134112 @ 145.06
c bounds - >= -2134096 @ 145.184
c bounds - >= -2134080 @ 145.307
c bounds - >= -2134064 @ 145.43
c bounds - >= -2134048 @ 145.554
c bounds - >= -2134032 @ 145.677
c bounds - >= -2134016 @ 145.801
c bounds - >= -2134000 @ 145.924
c bounds - >= -2133984 @ 146.047
c bounds - >= -2133968 @ 146.17
c bounds - >= -2133952 @ 146.292
c bounds - >= -2133936 @ 146.414
c bounds - >= -2133920 @ 146.537
c bounds - >= -2133904 @ 146.659
c bounds - >= -2133888 @ 146.782
c bounds - >= -2133872 @ 146.904
c bounds - >= -2133856 @ 147.026
c bounds - >= -2133840 @ 147.147
c bounds - >= -2133824 @ 147.27
c bounds - >= -2133808 @ 147.393
c bounds - >= -2133792 @ 147.516
c bounds - >= -2133776 @ 147.639
c bounds - >= -2133760 @ 147.764
c bounds - >= -2133744 @ 147.888
c bounds - >= -2133728 @ 148.012
c bounds - >= -2133712 @ 148.136
c bounds - >= -2133696 @ 148.259
c bounds - >= -2133680 @ 148.384
c bounds - >= -2133664 @ 148.508
c bounds - >= -2133648 @ 148.632
c bounds - >= -2133632 @ 148.755
c bounds - >= -2133616 @ 148.881
c bounds - >= -2133600 @ 149.005
c bounds - >= -2133584 @ 149.129
c bounds - >= -2133568 @ 149.252
c bounds - >= -2133552 @ 149.376
c bounds - >= -2133536 @ 149.499
c bounds - >= -2133520 @ 149.623
c bounds - >= -2133504 @ 149.746
c bounds - >= -2133488 @ 149.87
c bounds - >= -2133472 @ 149.994
c bounds - >= -2133456 @ 150.116
c bounds - >= -2133440 @ 150.24
c bounds - >= -2133424 @ 150.362
c bounds - >= -2133408 @ 150.485
c bounds - >= -2133392 @ 150.608
c bounds - >= -2133376 @ 150.731
c bounds - >= -2133360 @ 150.855
c bounds - >= -2133344 @ 150.979
c bounds - >= -2133328 @ 151.102
c bounds - >= -2133312 @ 151.225
c bounds - >= -2133296 @ 151.348
c bounds - >= -2133280 @ 151.47
c bounds - >= -2133264 @ 151.592
c bounds - >= -2133248 @ 151.715
c bounds - >= -2133232 @ 151.838
c bounds - >= -2133216 @ 151.961
c bounds - >= -2133200 @ 152.084
c bounds - >= -2133184 @ 152.207
c bounds - >= -2133168 @ 152.329
c bounds - >= -2133152 @ 152.452
c bounds - >= -2133136 @ 152.574
c bounds - >= -2133120 @ 152.697
c bounds - >= -2133104 @ 152.821
c bounds - >= -2133088 @ 152.943
c bounds - >= -2133072 @ 153.066
c bounds - >= -2133056 @ 153.189
c bounds - >= -2133040 @ 153.313
c bounds - >= -2133024 @ 153.436
c bounds - >= -2133008 @ 153.558
c bounds - >= -2132992 @ 153.68
c bounds - >= -2132976 @ 153.803
c bounds - >= -2132960 @ 153.926
c bounds - >= -2132944 @ 154.051
c bounds - >= -2132928 @ 154.175
c bounds - >= -2132912 @ 154.298
c bounds - >= -2132896 @ 154.421
c bounds - >= -2132880 @ 154.544
c bounds - >= -2132864 @ 154.666
c bounds - >= -2132848 @ 154.788
c bounds - >= -2132832 @ 154.91
c bounds - >= -2132816 @ 155.032
c bounds - >= -2132800 @ 155.155
c bounds - >= -2132784 @ 155.277
c bounds - >= -2132768 @ 155.401
c bounds - >= -2132752 @ 155.523
c bounds - >= -2132736 @ 155.646
c bounds - >= -2132720 @ 155.769
c bounds - >= -2132704 @ 155.892
c bounds - >= -2132688 @ 156.014
c bounds - >= -2132672 @ 156.136
c bounds - >= -2132656 @ 156.257
c bounds - >= -2132640 @ 156.381
c bounds - >= -2132624 @ 156.504
c bounds - >= -2132608 @ 156.627
c bounds - >= -2132592 @ 156.75
c bounds - >= -2132576 @ 156.872
c bounds - >= -2132560 @ 156.994
c bounds - >= -2132544 @ 157.117
c bounds - >= -2132528 @ 157.239
c bounds - >= -2132512 @ 157.362
c bounds - >= -2132496 @ 157.485
c bounds - >= -2132480 @ 157.607
c bounds - >= -2132464 @ 157.73
c bounds - >= -2132448 @ 157.852
c bounds - >= -2132432 @ 157.975
c bounds - >= -2132416 @ 158.097
c bounds - >= -2132400 @ 158.219
c bounds - >= -2132384 @ 158.342
c bounds - >= -2132368 @ 158.465
c bounds - >= -2132352 @ 158.587
c bounds - >= -2132336 @ 158.71
c bounds - >= -2132320 @ 158.832
c bounds - >= -2132304 @ 158.955
c bounds - >= -2132288 @ 159.078
c bounds - >= -2132272 @ 159.2
c bounds - >= -2132256 @ 159.323
c bounds - >= -2132240 @ 159.446
c bounds - >= -2132224 @ 159.567
c bounds - >= -2132208 @ 159.689
c bounds - >= -2132192 @ 159.812
c bounds - >= -2132176 @ 159.934
c bounds - >= -2132160 @ 160.057
c bounds - >= -2132144 @ 160.181
c bounds - >= -2132128 @ 160.303
c bounds - >= -2132112 @ 160.426
c bounds - >= -2132096 @ 160.548
c bounds - >= -2132080 @ 160.67
c bounds - >= -2132064 @ 160.793
c bounds - >= -2132048 @ 160.916
c bounds - >= -2132032 @ 161.039
c bounds - >= -2132016 @ 161.162
c bounds - >= -2132000 @ 161.284
c bounds - >= -2131984 @ 161.408
c bounds - >= -2131968 @ 161.531
c bounds - >= -2131952 @ 161.654
c bounds - >= -2131936 @ 161.776
c bounds - >= -2131920 @ 161.899
c bounds - >= -2131904 @ 162.022
c bounds - >= -2131888 @ 162.145
c bounds - >= -2131872 @ 162.268
c bounds - >= -2131856 @ 162.391
c bounds - >= -2131840 @ 162.514
c bounds - >= -2131824 @ 162.637
c bounds - >= -2131808 @ 162.76
c bounds - >= -2131792 @ 162.883
c bounds - >= -2131776 @ 163.005
c bounds - >= -2131760 @ 163.128
c bounds - >= -2131744 @ 163.25
c bounds - >= -2131728 @ 163.374
c bounds - >= -2131712 @ 163.498
c bounds - >= -2131696 @ 163.621
c bounds - >= -2131680 @ 163.743
c bounds - >= -2131664 @ 163.864
c bounds - >= -2131648 @ 163.987
c bounds - >= -2131632 @ 164.109
c bounds - >= -2131616 @ 164.232
c bounds - >= -2131600 @ 164.355
c bounds - >= -2131584 @ 164.478
c bounds - >= -2131568 @ 164.601
c bounds - >= -2131552 @ 164.724
c bounds - >= -2131536 @ 164.847
c bounds - >= -2131520 @ 164.969
c bounds - >= -2131504 @ 165.092
c bounds - >= -2131488 @ 165.214
c bounds - >= -2131472 @ 165.335
c bounds - >= -2131456 @ 165.458
c bounds - >= -2131440 @ 165.581
c bounds - >= -2131424 @ 165.703
c bounds - >= -2131408 @ 165.825
c bounds - >= -2131392 @ 165.949
c bounds - >= -2131376 @ 166.071
c bounds - >= -2131360 @ 166.194
c bounds - >= -2131344 @ 166.317
c bounds - >= -2131328 @ 166.44
c bounds - >= -2131312 @ 166.563
c bounds - >= -2131296 @ 166.687
c bounds - >= -2131280 @ 166.81
c bounds - >= -2131264 @ 166.932
c bounds - >= -2131248 @ 167.054
c bounds - >= -2131232 @ 167.177
c bounds - >= -2131216 @ 167.299
c bounds - >= -2131200 @ 167.421
c bounds - >= -2131184 @ 167.544
c bounds - >= -2131168 @ 167.667
c bounds - >= -2131152 @ 167.79
c bounds - >= -2131136 @ 167.914
c bounds - >= -2131120 @ 168.038
c bounds - >= -2131104 @ 168.161
c bounds - >= -2131088 @ 168.284
c bounds - >= -2131072 @ 168.405
c bounds - >= -2131056 @ 168.528
c bounds - >= -2131040 @ 168.65
c bounds - >= -2131024 @ 168.773
c bounds - >= -2131008 @ 168.896
c bounds - >= -2130992 @ 169.018
c bounds - >= -2130976 @ 169.142
c bounds - >= -2130960 @ 169.264
c bounds - >= -2130944 @ 169.386
c bounds - >= -2130928 @ 169.508
c bounds - >= -2130912 @ 169.631
c bounds - >= -2130896 @ 169.752
c bounds - >= -2130880 @ 169.875
c bounds - >= -2130864 @ 169.998
c bounds - >= -2130848 @ 170.121
c bounds - >= -2130832 @ 170.244
c bounds - >= -2130816 @ 170.366
c bounds - >= -2130800 @ 170.489
c bounds - >= -2130784 @ 170.612
c bounds - >= -2130768 @ 170.734
c bounds - >= -2130752 @ 170.856
c bounds - >= -2130736 @ 170.978
c bounds - >= -2130720 @ 171.099
c bounds - >= -2130704 @ 171.221
c bounds - >= -2130688 @ 171.344
c bounds - >= -2130672 @ 171.466
c bounds - >= -2130656 @ 171.588
c bounds - >= -2130640 @ 171.711
c bounds - >= -2130624 @ 171.832
c bounds - >= -2130608 @ 171.955
c bounds - >= -2130592 @ 172.078
c bounds - >= -2130576 @ 172.202
c bounds - >= -2130560 @ 172.324
c bounds - >= -2130544 @ 172.447
c bounds - >= -2130528 @ 172.57
c bounds - >= -2130512 @ 172.693
c bounds - >= -2130496 @ 172.815
c bounds - >= -2130480 @ 172.938
c bounds - >= -2130464 @ 173.062
c bounds - >= -2130448 @ 173.184
c bounds - >= -2130432 @ 173.306
c bounds - >= -2130416 @ 173.429
c bounds - >= -2130400 @ 173.551
c bounds - >= -2130384 @ 173.674
c bounds - >= -2130368 @ 173.797
c bounds - >= -2130352 @ 173.919
c bounds - >= -2130336 @ 174.042
c bounds - >= -2130320 @ 174.164
c bounds - >= -2130304 @ 174.287
c bounds - >= -2130288 @ 174.411
c bounds - >= -2130272 @ 174.535
c bounds - >= -2130256 @ 174.657
c bounds - >= -2130240 @ 174.78
c bounds - >= -2130224 @ 174.903
c bounds - >= -2130208 @ 175.025
c bounds - >= -2130192 @ 175.147
c bounds - >= -2130176 @ 175.269
c bounds - >= -2130160 @ 175.391
c bounds - >= -2130144 @ 175.514
c bounds - >= -2130128 @ 175.637
c bounds - >= -2130112 @ 175.76
c bounds - >= -2130096 @ 175.883
c bounds - >= -2130080 @ 176.005
c bounds - >= -2130064 @ 176.127
c bounds - >= -2130048 @ 176.25
c bounds - >= -2130032 @ 176.373
c bounds - >= -2130016 @ 176.494
c bounds - >= -2130000 @ 176.617
c bounds - >= -2129984 @ 176.74
c bounds - >= -2129968 @ 176.863
c bounds - >= -2129952 @ 176.985
c bounds - >= -2129936 @ 177.108
c bounds - >= -2129920 @ 177.23
c bounds - >= -2129904 @ 177.352
c bounds - >= -2129888 @ 177.475
c bounds - >= -2129872 @ 177.598
c bounds - >= -2129856 @ 177.72
c bounds - >= -2129840 @ 177.842
c bounds - >= -2129824 @ 177.964
c bounds - >= -2129808 @ 178.086
c bounds - >= -2129792 @ 178.209
c bounds - >= -2129776 @ 178.332
c bounds - >= -2129760 @ 178.455
c bounds - >= -2129744 @ 178.578
c bounds - >= -2129728 @ 178.701
c bounds - >= -2129712 @ 178.823
c bounds - >= -2129696 @ 178.947
c bounds - >= -2129680 @ 179.069
c bounds - >= -2129664 @ 179.191
c bounds - >= -2129648 @ 179.314
c bounds - >= -2129632 @ 179.436
c bounds - >= -2129616 @ 179.561
c bounds - >= -2129600 @ 179.683
c bounds - >= -2129584 @ 179.806
c bounds - >= -2129568 @ 179.929
c bounds - >= -2129552 @ 180.052
c bounds - >= -2129536 @ 180.175
c bounds - >= -2129520 @ 180.297
c bounds - >= -2129504 @ 180.419
c bounds - >= -2129488 @ 180.542
c bounds - >= -2129472 @ 180.665
c bounds - >= -2129456 @ 180.787
c bounds - >= -2129440 @ 180.91
c bounds - >= -2129424 @ 181.033
c bounds - >= -2129408 @ 181.156
c bounds - >= -2129392 @ 181.279
c bounds - >= -2129376 @ 181.402
c bounds - >= -2129360 @ 181.523
c bounds - >= -2129344 @ 181.646
c bounds - >= -2129328 @ 181.768
c bounds - >= -2129312 @ 181.89
c bounds - >= -2129296 @ 182.013
c bounds - >= -2129280 @ 182.136
c bounds - >= -2129264 @ 182.259
c bounds - >= -2129248 @ 182.381
c bounds - >= -2129232 @ 182.504
c bounds - >= -2129216 @ 182.628
c bounds - >= -2129200 @ 182.75
c bounds - >= -2129184 @ 182.873
c bounds - >= -2129168 @ 182.995
c bounds - >= -2129152 @ 183.118
c bounds - >= -2129136 @ 183.241
c bounds - >= -2129120 @ 183.363
c bounds - >= -2129104 @ 183.486
c bounds - >= -2129088 @ 183.609
c bounds - >= -2129072 @ 183.731
c bounds - >= -2129056 @ 183.853
c bounds - >= -2129040 @ 183.974
c bounds - >= -2129024 @ 184.097
c bounds - >= -2129008 @ 184.219
c bounds - >= -2128992 @ 184.34
c bounds - >= -2128976 @ 184.462
c bounds - >= -2128960 @ 184.585
c bounds - >= -2128944 @ 184.708
c bounds - >= -2128928 @ 184.83
c bounds - >= -2128912 @ 184.953
c bounds - >= -2128896 @ 185.076
c bounds - >= -2128880 @ 185.2
c bounds - >= -2128864 @ 185.322
c bounds - >= -2128848 @ 185.445
c bounds - >= -2128832 @ 185.568
c bounds - >= -2128816 @ 185.691
c bounds - >= -2128800 @ 185.813
c bounds - >= -2128784 @ 185.936
c bounds - >= -2128768 @ 186.06
c bounds - >= -2128752 @ 186.183
c bounds - >= -2128736 @ 186.306
c bounds - >= -2128720 @ 186.429
c bounds - >= -2128704 @ 186.552
c bounds - >= -2128688 @ 186.675
c bounds - >= -2128672 @ 186.798
c bounds - >= -2128656 @ 186.921
c bounds - >= -2128640 @ 187.045
c bounds - >= -2128624 @ 187.168
c bounds - >= -2128608 @ 187.29
c bounds - >= -2128592 @ 187.413
c bounds - >= -2128576 @ 187.536
c bounds - >= -2128560 @ 187.659
c bounds - >= -2128544 @ 187.783
c bounds - >= -2128528 @ 187.905
c bounds - >= -2128512 @ 188.027
c bounds - >= -2128496 @ 188.15
c bounds - >= -2128480 @ 188.272
c bounds - >= -2128464 @ 188.395
c bounds - >= -2128448 @ 188.518
c bounds - >= -2128432 @ 188.64
c bounds - >= -2128416 @ 188.764
c bounds - >= -2128400 @ 188.888
c bounds - >= -2128384 @ 189.013
c bounds - >= -2128368 @ 189.136
c bounds - >= -2128352 @ 189.258
c bounds - >= -2128336 @ 189.38
c bounds - >= -2128320 @ 189.503
c bounds - >= -2128304 @ 189.626
c bounds - >= -2128288 @ 189.749
c bounds - >= -2128272 @ 189.871
c bounds - >= -2128256 @ 189.995
c bounds - >= -2128240 @ 190.118
c bounds - >= -2128224 @ 190.24
c bounds - >= -2128208 @ 190.364
c bounds - >= -2128192 @ 190.488
c bounds - >= -2128176 @ 190.612
c bounds - >= -2128160 @ 190.734
c bounds - >= -2128144 @ 190.856
c bounds - >= -2128128 @ 190.979
c bounds - >= -2128112 @ 191.101
c bounds - >= -2128096 @ 191.225
c bounds - >= -2128080 @ 191.348
c bounds - >= -2128064 @ 191.472
c bounds - >= -2128048 @ 191.597
c bounds - >= -2128032 @ 191.723
c bounds - >= -2128016 @ 191.847
c bounds - >= -2128000 @ 191.972
c bounds - >= -2127984 @ 192.096
c bounds - >= -2127968 @ 192.22
c bounds - >= -2127952 @ 192.345
c bounds - >= -2127936 @ 192.469
c bounds - >= -2127920 @ 192.592
c bounds - >= -2127904 @ 192.715
c bounds - >= -2127888 @ 192.838
c bounds - >= -2127872 @ 192.96
c bounds - >= -2127856 @ 193.084
c bounds - >= -2127840 @ 193.207
c bounds - >= -2127824 @ 193.33
c bounds - >= -2127808 @ 193.454
c bounds - >= -2127792 @ 193.577
c bounds - >= -2127776 @ 193.699
c bounds - >= -2127760 @ 193.822
c bounds - >= -2127744 @ 193.945
c bounds - >= -2127728 @ 194.069
c bounds - >= -2127712 @ 194.191
c bounds - >= -2127696 @ 194.314
c bounds - >= -2127680 @ 194.437
c bounds - >= -2127664 @ 194.56
c bounds - >= -2127648 @ 194.682
c bounds - >= -2127632 @ 194.805
c bounds - >= -2127616 @ 194.928
c bounds - >= -2127600 @ 195.051
c bounds - >= -2127584 @ 195.174
c bounds - >= -2127568 @ 195.296
c bounds - >= -2127552 @ 195.42
c bounds - >= -2127536 @ 195.542
c bounds - >= -2127520 @ 195.665
c bounds - >= -2127504 @ 195.787
c bounds - >= -2127488 @ 195.91
c bounds - >= -2127472 @ 196.033
c bounds - >= -2127456 @ 196.154
c bounds - >= -2127440 @ 196.277
c bounds - >= -2127424 @ 196.4
c bounds - >= -2127408 @ 196.523
c bounds - >= -2127392 @ 196.644
c bounds - >= -2127376 @ 196.767
c bounds - >= -2127360 @ 196.888
c bounds - >= -2127344 @ 197.012
c bounds - >= -2127328 @ 197.135
c bounds - >= -2127312 @ 197.258
c bounds - >= -2127296 @ 197.38
c bounds - >= -2127280 @ 197.502
c bounds - >= -2127264 @ 197.625
c bounds - >= -2127248 @ 197.75
c bounds - >= -2127232 @ 197.875
c bounds - >= -2127216 @ 197.999
c bounds - >= -2127200 @ 198.121
c bounds - >= -2127184 @ 198.243
c bounds - >= -2127168 @ 198.366
c bounds - >= -2127152 @ 198.489
c bounds - >= -2127136 @ 198.613
c bounds - >= -2127120 @ 198.735
c bounds - >= -2127104 @ 198.859
c bounds - >= -2127088 @ 198.983
c bounds - >= -2127072 @ 199.107
c bounds - >= -2127056 @ 199.231
c bounds - >= -2127040 @ 199.354
c bounds - >= -2127024 @ 199.477
c bounds - >= -2127008 @ 199.599
c bounds - >= -2126992 @ 199.721
c bounds - >= -2126976 @ 199.845
c bounds - >= -2126960 @ 199.969
c bounds - >= -2126944 @ 200.092
c bounds - >= -2126928 @ 200.217
c bounds - >= -2126912 @ 200.342
c bounds - >= -2126896 @ 200.466
c bounds - >= -2126880 @ 200.59
c bounds - >= -2126864 @ 200.713
c bounds - >= -2126848 @ 200.836
c bounds - >= -2126832 @ 200.959
c bounds - >= -2126816 @ 201.082
c bounds - >= -2126800 @ 201.206
c bounds - >= -2126784 @ 201.33
c bounds - >= -2126768 @ 201.453
c bounds - >= -2126752 @ 201.577
c bounds - >= -2126736 @ 201.7
c bounds - >= -2126720 @ 201.822
c bounds - >= -2126704 @ 201.946
c bounds - >= -2126688 @ 202.069
c bounds - >= -2126672 @ 202.194
c bounds - >= -2126656 @ 202.318
c bounds - >= -2126640 @ 202.441
c bounds - >= -2126624 @ 202.565
c bounds - >= -2126608 @ 202.689
c bounds - >= -2126592 @ 202.813
c bounds - >= -2126576 @ 202.936
c bounds - >= -2126560 @ 203.059
c bounds - >= -2126544 @ 203.182
c bounds - >= -2126528 @ 203.306
c bounds - >= -2126512 @ 203.429
c bounds - >= -2126496 @ 203.552
c bounds - >= -2126480 @ 203.674
c bounds - >= -2126464 @ 203.797
c bounds - >= -2126448 @ 203.919
c bounds - >= -2126432 @ 204.041
c bounds - >= -2126416 @ 204.165
c bounds - >= -2126400 @ 204.287
c bounds - >= -2126384 @ 204.41
c bounds - >= -2126368 @ 204.533
c bounds - >= -2126352 @ 204.655
c bounds - >= -2126336 @ 204.779
c bounds - >= -2126320 @ 204.904
c bounds - >= -2126304 @ 205.028
c bounds - >= -2126288 @ 205.153
c bounds - >= -2126272 @ 205.277
c bounds - >= -2126256 @ 205.401
c bounds - >= -2126240 @ 205.523
c bounds - >= -2126224 @ 205.648
c bounds - >= -2126208 @ 205.771
c bounds - >= -2126192 @ 205.894
c bounds - >= -2126176 @ 206.016
c bounds - >= -2126160 @ 206.14
c bounds - >= -2126144 @ 206.263
c bounds - >= -2126128 @ 206.387
c bounds - >= -2126112 @ 206.51
c bounds - >= -2126096 @ 206.633
c bounds - >= -2126080 @ 206.757
c bounds - >= -2126064 @ 206.88
c bounds - >= -2126048 @ 207.003
c bounds - >= -2126032 @ 207.126
c bounds - >= -2126016 @ 207.251
c bounds - >= -2126000 @ 207.374
c bounds - >= -2125984 @ 207.498
c bounds - >= -2125968 @ 207.621
c bounds - >= -2125952 @ 207.743
c bounds - >= -2125936 @ 207.865
c bounds - >= -2125920 @ 207.988
c bounds - >= -2125904 @ 208.11
c bounds - >= -2125888 @ 208.233
c bounds - >= -2125872 @ 208.357
c bounds - >= -2125856 @ 208.479
c bounds - >= -2125840 @ 208.601
c bounds - >= -2125824 @ 208.723
c bounds - >= -2125808 @ 208.846
c bounds - >= -2125792 @ 208.969
c bounds - >= -2125776 @ 209.092
c bounds - >= -2125760 @ 209.215
c bounds - >= -2125744 @ 209.337
c bounds - >= -2125728 @ 209.46
c bounds - >= -2125712 @ 209.581
c bounds - >= -2125696 @ 209.704
c bounds - >= -2125680 @ 209.825
c bounds - >= -2125664 @ 209.948
c bounds - >= -2125648 @ 210.071
c bounds - >= -2125632 @ 210.194
c bounds - >= -2125616 @ 210.316
c bounds - >= -2125600 @ 210.439
c bounds - >= -2125584 @ 210.56
c bounds - >= -2125568 @ 210.682
c bounds - >= -2125552 @ 210.804
c bounds - >= -2125536 @ 210.928
c bounds - >= -2125520 @ 211.05
c bounds - >= -2125504 @ 211.174
c bounds - >= -2125488 @ 211.296
c bounds - >= -2125472 @ 211.42
c bounds - >= -2125456 @ 211.544
c bounds - >= -2125440 @ 211.666
c bounds - >= -2125424 @ 211.789
c bounds - >= -2125408 @ 211.911
c bounds - >= -2125392 @ 212.034
c bounds - >= -2125376 @ 212.158
c bounds - >= -2125360 @ 212.282
c bounds - >= -2125344 @ 212.405
c bounds - >= -2125328 @ 212.529
c bounds - >= -2125312 @ 212.653
c bounds - >= -2125296 @ 212.776
c bounds - >= -2125280 @ 212.9
c bounds - >= -2125264 @ 213.024
c bounds - >= -2125248 @ 213.148
c bounds - >= -2125232 @ 213.271
c bounds - >= -2125216 @ 213.395
c bounds - >= -2125200 @ 213.518
c bounds - >= -2125184 @ 213.642
c bounds - >= -2125168 @ 213.765
c bounds - >= -2125152 @ 213.89
c bounds - >= -2125136 @ 214.014
c bounds - >= -2125120 @ 214.137
c bounds - >= -2125104 @ 214.261
c bounds - >= -2125088 @ 214.384
c bounds - >= -2125072 @ 214.508
c bounds - >= -2125056 @ 214.631
c bounds - >= -2125040 @ 214.755
c bounds - >= -2125024 @ 214.876
c bounds - >= -2125008 @ 214.998
c bounds - >= -2124992 @ 215.122
c bounds - >= -2124976 @ 215.244
c bounds - >= -2124960 @ 215.368
c bounds - >= -2124944 @ 215.49
c bounds - >= -2124928 @ 215.613
c bounds - >= -2124912 @ 215.735
c bounds - >= -2124896 @ 215.858
c bounds - >= -2124880 @ 215.981
c bounds - >= -2124864 @ 216.103
c bounds - >= -2124848 @ 216.225
c bounds - >= -2124832 @ 216.348
c bounds - >= -2124816 @ 216.471
c bounds - >= -2124800 @ 216.594
c bounds - >= -2124784 @ 216.718
c bounds - >= -2124768 @ 216.84
c bounds - >= -2124752 @ 216.963
c bounds - >= -2124736 @ 217.086
c bounds - >= -2124720 @ 217.209
c bounds - >= -2124704 @ 217.332
c bounds - >= -2124688 @ 217.453
c bounds - >= -2124672 @ 217.576
c bounds - >= -2124656 @ 217.699
c bounds - >= -2124640 @ 217.821
c bounds - >= -2124624 @ 217.945
c bounds - >= -2124608 @ 218.07
c bounds - >= -2124592 @ 218.194
c bounds - >= -2124576 @ 218.318
c bounds - >= -2124560 @ 218.441
c bounds - >= -2124544 @ 218.563
c bounds - >= -2124528 @ 218.686
c bounds - >= -2124512 @ 218.81
c bounds - >= -2124496 @ 218.933
c bounds - >= -2124480 @ 219.057
c bounds - >= -2124464 @ 219.179
c bounds - >= -2124448 @ 219.301
c bounds - >= -2124432 @ 219.424
c bounds - >= -2124416 @ 219.547
c bounds - >= -2124400 @ 219.671
c bounds - >= -2124384 @ 219.796
c bounds - >= -2124368 @ 219.92
c bounds - >= -2124352 @ 220.043
c bounds - >= -2124336 @ 220.166
c bounds - >= -2124320 @ 220.29
c bounds - >= -2124304 @ 220.413
c bounds - >= -2124288 @ 220.537
c bounds - >= -2124272 @ 220.661
c bounds - >= -2124256 @ 220.786
c bounds - >= -2124240 @ 220.91
c bounds - >= -2124224 @ 221.033
c bounds - >= -2124208 @ 221.155
c bounds - >= -2124192 @ 221.278
c bounds - >= -2124176 @ 221.401
c bounds - >= -2124160 @ 221.525
c bounds - >= -2124144 @ 221.648
c bounds - >= -2124128 @ 221.772
c bounds - >= -2124112 @ 221.894
c bounds - >= -2124096 @ 222.017
c bounds - >= -2124080 @ 222.14
c bounds - >= -2124064 @ 222.262
c bounds - >= -2124048 @ 222.385
c bounds - >= -2124032 @ 222.508
c bounds - >= -2124016 @ 222.631
c bounds - >= -2124000 @ 222.754
c bounds - >= -2123984 @ 222.877
c bounds - >= -2123968 @ 223
c bounds - >= -2123952 @ 223.123
c bounds - >= -2123936 @ 223.245
c bounds - >= -2123920 @ 223.368
c bounds - >= -2123904 @ 223.491
c bounds - >= -2123888 @ 223.615
c bounds - >= -2123872 @ 223.741
c bounds - >= -2123856 @ 223.865
c bounds - >= -2123840 @ 223.99
c bounds - >= -2123824 @ 224.115
c bounds - >= -2123808 @ 224.238
c bounds - >= -2123792 @ 224.363
c bounds - >= -2123776 @ 224.486
c bounds - >= -2123760 @ 224.608
c bounds - >= -2123744 @ 224.732
c bounds - >= -2123728 @ 224.855
c bounds - >= -2123712 @ 224.977
c bounds - >= -2123696 @ 225.101
c bounds - >= -2123680 @ 225.225
c bounds - >= -2123664 @ 225.348
c bounds - >= -2123648 @ 225.472
c bounds - >= -2123632 @ 225.596
c bounds - >= -2123616 @ 225.72
c bounds - >= -2123600 @ 225.843
c bounds - >= -2123584 @ 225.967
c bounds - >= -2123568 @ 226.092
c bounds - >= -2123552 @ 226.216
c bounds - >= -2123536 @ 226.338
c bounds - >= -2123520 @ 226.461
c bounds - >= -2123504 @ 226.583
c bounds - >= -2123488 @ 226.707
c bounds - >= -2123472 @ 226.831
c bounds - >= -2123456 @ 226.955
c bounds - >= -2123440 @ 227.079
c bounds - >= -2123424 @ 227.203
c bounds - >= -2123408 @ 227.327
c bounds - >= -2123392 @ 227.449
c bounds - >= -2123376 @ 227.572
c bounds - >= -2123360 @ 227.695
c bounds - >= -2123344 @ 227.818
c bounds - >= -2123328 @ 227.941
c bounds - >= -2123312 @ 228.064
c bounds - >= -2123296 @ 228.186
c bounds - >= -2123280 @ 228.309
c bounds - >= -2123264 @ 228.432
c bounds - >= -2123248 @ 228.556
c bounds - >= -2123232 @ 228.679
c bounds - >= -2123216 @ 228.803
c bounds - >= -2123200 @ 228.927
c bounds - >= -2123184 @ 229.049
c bounds - >= -2123168 @ 229.173
c bounds - >= -2123152 @ 229.296
c bounds - >= -2123136 @ 229.419
c bounds - >= -2123120 @ 229.542
c bounds - >= -2123104 @ 229.666
c bounds - >= -2123088 @ 229.791
c bounds - >= -2123072 @ 229.915
c bounds - >= -2123056 @ 230.038
c bounds - >= -2123040 @ 230.163
c bounds - >= -2123024 @ 230.285
c bounds - >= -2123008 @ 230.409
c bounds - >= -2122992 @ 230.533
c bounds - >= -2122976 @ 230.657
c bounds - >= -2122960 @ 230.779
c bounds - >= -2122944 @ 230.903
c bounds - >= -2122928 @ 231.027
c bounds - >= -2122912 @ 231.151
c bounds - >= -2122896 @ 231.274
c bounds - >= -2122880 @ 231.397
c bounds - >= -2122864 @ 231.52
c bounds - >= -2122848 @ 231.644
c bounds - >= -2122832 @ 231.767
c bounds - >= -2122816 @ 231.89
c bounds - >= -2122800 @ 232.013
c bounds - >= -2122784 @ 232.136
c bounds - >= -2122768 @ 232.26
c bounds - >= -2122752 @ 232.383
c bounds - >= -2122736 @ 232.506
c bounds - >= -2122720 @ 232.628
c bounds - >= -2122704 @ 232.751
c bounds - >= -2122688 @ 232.876
c bounds - >= -2122672 @ 232.999
c bounds - >= -2122656 @ 233.122
c bounds - >= -2122640 @ 233.246
c bounds - >= -2122624 @ 233.369
c bounds - >= -2122608 @ 233.493
c bounds - >= -2122592 @ 233.616
c bounds - >= -2122576 @ 233.74
c bounds - >= -2122560 @ 233.862
c bounds - >= -2122544 @ 233.985
c bounds - >= -2122528 @ 234.108
c bounds - >= -2122512 @ 234.231
c bounds - >= -2122496 @ 234.354
c bounds - >= -2122480 @ 234.476
c bounds - >= -2122464 @ 234.599
c bounds - >= -2122448 @ 234.722
c bounds - >= -2122432 @ 234.845
c bounds - >= -2122416 @ 234.967
c bounds - >= -2122400 @ 235.09
c bounds - >= -2122384 @ 235.213
c bounds - >= -2122368 @ 235.335
c bounds - >= -2122352 @ 235.457
c bounds - >= -2122336 @ 235.58
c bounds - >= -2122320 @ 235.703
c bounds - >= -2122304 @ 235.827
c bounds - >= -2122288 @ 235.951
c bounds - >= -2122272 @ 236.075
c bounds - >= -2122256 @ 236.198
c bounds - >= -2122240 @ 236.321
c bounds - >= -2122224 @ 236.444
c bounds - >= -2122208 @ 236.567
c bounds - >= -2122192 @ 236.688
c bounds - >= -2122176 @ 236.811
c bounds - >= -2122160 @ 236.933
c bounds - >= -2122144 @ 237.057
c bounds - >= -2122128 @ 237.18
c bounds - >= -2122112 @ 237.302
c bounds - >= -2122096 @ 237.426
c bounds - >= -2122080 @ 237.55
c bounds - >= -2122064 @ 237.672
c bounds - >= -2122048 @ 237.796
c bounds - >= -2122032 @ 237.919
c bounds - >= -2122016 @ 238.041
c bounds - >= -2122000 @ 238.164
c bounds - >= -2121984 @ 238.286
c bounds - >= -2121968 @ 238.408
c bounds - >= -2121952 @ 238.531
c bounds - >= -2121936 @ 238.655
c bounds - >= -2121920 @ 238.778
c bounds - >= -2121904 @ 238.901
c bounds - >= -2121888 @ 239.024
c bounds - >= -2121872 @ 239.146
c bounds - >= -2121856 @ 239.268
c bounds - >= -2121840 @ 239.391
c bounds - >= -2121824 @ 239.513
c bounds - >= -2121808 @ 239.636
c bounds - >= -2121792 @ 239.76
c bounds - >= -2121776 @ 239.883
c bounds - >= -2121760 @ 240.007
c bounds - >= -2121744 @ 240.131
c bounds - >= -2121728 @ 240.255
c bounds - >= -2121712 @ 240.378
c bounds - >= -2121696 @ 240.501
c bounds - >= -2121680 @ 240.624
c bounds - >= -2121664 @ 240.747
c bounds - >= -2121648 @ 240.87
c bounds - >= -2121632 @ 240.993
c bounds - >= -2121616 @ 241.116
c bounds - >= -2121600 @ 241.239
c bounds - >= -2121584 @ 241.362
c bounds - >= -2121568 @ 241.483
c bounds - >= -2121552 @ 241.606
c bounds - >= -2121536 @ 241.729
c bounds - >= -2121520 @ 241.853
c bounds - >= -2121504 @ 241.977
c bounds - >= -2121488 @ 242.101
c bounds - >= -2121472 @ 242.223
c bounds - >= -2121456 @ 242.346
c bounds - >= -2121440 @ 242.47
c bounds - >= -2121424 @ 242.593
c bounds - >= -2121408 @ 242.716
c bounds - >= -2121392 @ 242.838
c bounds - >= -2121376 @ 242.962
c bounds - >= -2121360 @ 243.085
c bounds - >= -2121344 @ 243.207
c bounds - >= -2121328 @ 243.33
c bounds - >= -2121312 @ 243.452
c bounds - >= -2121296 @ 243.574
c bounds - >= -2121280 @ 243.697
c bounds - >= -2121264 @ 243.82
c bounds - >= -2121248 @ 243.944
c bounds - >= -2121232 @ 244.066
c bounds - >= -2121216 @ 244.189
c bounds - >= -2121200 @ 244.313
c bounds - >= -2121184 @ 244.435
c bounds - >= -2121168 @ 244.558
c bounds - >= -2121152 @ 244.68
c bounds - >= -2121136 @ 244.802
c bounds - >= -2121120 @ 244.925
c bounds - >= -2121104 @ 245.048
c bounds - >= -2121088 @ 245.171
c bounds - >= -2121072 @ 245.294
c bounds - >= -2121056 @ 245.418
c bounds - >= -2121040 @ 245.542
c bounds - >= -2121024 @ 245.664
c bounds - >= -2121008 @ 245.787
c bounds - >= -2120992 @ 245.911
c bounds - >= -2120976 @ 246.034
c bounds - >= -2120960 @ 246.158
c bounds - >= -2120944 @ 246.28
c bounds - >= -2120928 @ 246.404
c bounds - >= -2120912 @ 246.526
c bounds - >= -2120896 @ 246.65
c bounds - >= -2120880 @ 246.773
c bounds - >= -2120864 @ 246.897
c bounds - >= -2120848 @ 247.02
c bounds - >= -2120832 @ 247.141
c bounds - >= -2120816 @ 247.265
c bounds - >= -2120800 @ 247.388
c bounds - >= -2120784 @ 247.511
c bounds - >= -2120768 @ 247.633
c bounds - >= -2120752 @ 247.756
c bounds - >= -2120736 @ 247.88
c bounds - >= -2120720 @ 248.002
c bounds - >= -2120704 @ 248.125
c bounds - >= -2120688 @ 248.248
c bounds - >= -2120672 @ 248.371
c bounds - >= -2120656 @ 248.494
c bounds - >= -2120640 @ 248.618
c bounds - >= -2120624 @ 248.742
c bounds - >= -2120608 @ 248.865
c bounds - >= -2120592 @ 248.99
c bounds - >= -2120576 @ 249.112
c bounds - >= -2120560 @ 249.234
c bounds - >= -2120544 @ 249.358
c bounds - >= -2120528 @ 249.481
c bounds - >= -2120512 @ 249.603
c bounds - >= -2120496 @ 249.725
c bounds - >= -2120480 @ 249.848
c bounds - >= -2120464 @ 249.97
c bounds - >= -2120448 @ 250.092
c bounds - >= -2120432 @ 250.216
c bounds - >= -2120416 @ 250.339
c bounds - >= -2120400 @ 250.461
c bounds - >= -2120384 @ 250.585
c bounds - >= -2120368 @ 250.709
c bounds - >= -2120352 @ 250.832
c bounds - >= -2120336 @ 250.955
c bounds - >= -2120320 @ 251.078
c bounds - >= -2120304 @ 251.201
c bounds - >= -2120288 @ 251.325
c bounds - >= -2120272 @ 251.448
c bounds - >= -2120256 @ 251.571
c bounds - >= -2120240 @ 251.695
c bounds - >= -2120224 @ 251.818
c bounds - >= -2120208 @ 251.942
c bounds - >= -2120192 @ 252.066
c bounds - >= -2120176 @ 252.19
c bounds - >= -2120160 @ 252.313
c bounds - >= -2120144 @ 252.437
c bounds - >= -2120128 @ 252.56
c bounds - >= -2120112 @ 252.683
c bounds - >= -2120096 @ 252.807
c bounds - >= -2120080 @ 252.931
c bounds - >= -2120064 @ 253.055
c bounds - >= -2120048 @ 253.178
c bounds - >= -2120032 @ 253.301
c bounds - >= -2120016 @ 253.426
c bounds - >= -2120000 @ 253.548
c bounds - >= -2119984 @ 253.671
c bounds - >= -2119968 @ 253.794
c bounds - >= -2119952 @ 253.918
c bounds - >= -2119936 @ 254.041
c bounds - >= -2119920 @ 254.163
c bounds - >= -2119904 @ 254.287
c bounds - >= -2119888 @ 254.41
c bounds - >= -2119872 @ 254.533
c bounds - >= -2119856 @ 254.657
c bounds - >= -2119840 @ 254.782
c bounds - >= -2119824 @ 254.904
c bounds - >= -2119808 @ 255.027
c bounds - >= -2119792 @ 255.15
c bounds - >= -2119776 @ 255.273
c bounds - >= -2119760 @ 255.395
c bounds - >= -2119744 @ 255.517
c bounds - >= -2119728 @ 255.64
c bounds - >= -2119712 @ 255.764
c bounds - >= -2119696 @ 255.886
c bounds - >= -2119680 @ 256.01
c bounds - >= -2119664 @ 256.133
c bounds - >= -2119648 @ 256.255
c bounds - >= -2119632 @ 256.379
c bounds - >= -2119616 @ 256.504
c bounds - >= -2119600 @ 256.627
c bounds - >= -2119584 @ 256.75
c bounds - >= -2119568 @ 256.874
c bounds - >= -2119552 @ 256.996
c bounds - >= -2119536 @ 257.118
c bounds - >= -2119520 @ 257.242
c bounds - >= -2119504 @ 257.366
c bounds - >= -2119488 @ 257.489
c bounds - >= -2119472 @ 257.613
c bounds - >= -2119456 @ 257.736
c bounds - >= -2119440 @ 257.86
c bounds - >= -2119424 @ 257.982
c bounds - >= -2119408 @ 258.105
c bounds - >= -2119392 @ 258.226
c bounds - >= -2119376 @ 258.35
c bounds - >= -2119360 @ 258.472
c bounds - >= -2119344 @ 258.595
c bounds - >= -2119328 @ 258.717
c bounds - >= -2119312 @ 258.84
c bounds - >= -2119296 @ 258.962
c bounds - >= -2119280 @ 259.085
c bounds - >= -2119264 @ 259.207
c bounds - >= -2119248 @ 259.33
c bounds - >= -2119232 @ 259.453
c bounds - >= -2119216 @ 259.577
c bounds - >= -2119200 @ 259.699
c bounds - >= -2119184 @ 259.822
c bounds - >= -2119168 @ 259.946
c bounds - >= -2119152 @ 260.069
c bounds - >= -2119136 @ 260.192
c bounds - >= -2119120 @ 260.316
c bounds - >= -2119104 @ 260.44
c bounds - >= -2119088 @ 260.562
c bounds - >= -2119072 @ 260.685
c bounds - >= -2119056 @ 260.808
c bounds - >= -2119040 @ 260.932
c bounds - >= -2119024 @ 261.054
c bounds - >= -2119008 @ 261.177
c bounds - >= -2118992 @ 261.301
c bounds - >= -2118976 @ 261.425
c bounds - >= -2118960 @ 261.547
c bounds - >= -2118944 @ 261.669
c bounds - >= -2118928 @ 261.791
c bounds - >= -2118912 @ 261.914
c bounds - >= -2118896 @ 262.038
c bounds - >= -2118880 @ 262.163
c bounds - >= -2118864 @ 262.286
c bounds - >= -2118848 @ 262.408
c bounds - >= -2118832 @ 262.533
c bounds - >= -2118816 @ 262.656
c bounds - >= -2118800 @ 262.778
c bounds - >= -2118784 @ 262.902
c bounds - >= -2118768 @ 263.026
c bounds - >= -2118752 @ 263.149
c bounds - >= -2118736 @ 263.272
c bounds - >= -2118720 @ 263.395
c bounds - >= -2118704 @ 263.517
c bounds - >= -2118688 @ 263.639
c bounds - >= -2118672 @ 263.762
c bounds - >= -2118656 @ 263.884
c bounds - >= -2118640 @ 264.007
c bounds - >= -2118624 @ 264.131
c bounds - >= -2118608 @ 264.253
c bounds - >= -2118592 @ 264.377
c bounds - >= -2118576 @ 264.501
c bounds - >= -2118560 @ 264.627
c bounds - >= -2118544 @ 264.749
c bounds - >= -2118528 @ 264.873
c bounds - >= -2118512 @ 264.997
c bounds - >= -2118496 @ 265.121
c bounds - >= -2118480 @ 265.243
c bounds - >= -2118464 @ 265.366
c bounds - >= -2118448 @ 265.49
c bounds - >= -2118432 @ 265.614
c bounds - >= -2118416 @ 265.737
c bounds - >= -2118400 @ 265.86
c bounds - >= -2118384 @ 265.985
c bounds - >= -2118368 @ 266.109
c bounds - >= -2118352 @ 266.232
c bounds - >= -2118336 @ 266.356
c bounds - >= -2118320 @ 266.48
c bounds - >= -2118304 @ 266.602
c bounds - >= -2118288 @ 266.725
c bounds - >= -2118272 @ 266.847
c bounds - >= -2118256 @ 266.97
c bounds - >= -2118240 @ 267.092
c bounds - >= -2118224 @ 267.215
c bounds - >= -2118208 @ 267.338
c bounds - >= -2118192 @ 267.46
c bounds - >= -2118176 @ 267.583
c bounds - >= -2118160 @ 267.707
c bounds - >= -2118144 @ 267.83
c bounds - >= -2118128 @ 267.954
c bounds - >= -2118112 @ 268.076
c bounds - >= -2118096 @ 268.198
c bounds - >= -2118080 @ 268.319
c bounds - >= -2118064 @ 268.441
c bounds - >= -2118048 @ 268.563
c bounds - >= -2118032 @ 268.686
c bounds - >= -2118016 @ 268.81
c bounds - >= -2118000 @ 268.932
c bounds - >= -2117984 @ 269.056
c bounds - >= -2117968 @ 269.176
c bounds - >= -2117952 @ 269.299
c bounds - >= -2117936 @ 269.421
c bounds - >= -2117920 @ 269.544
c bounds - >= -2117904 @ 269.667
c bounds - >= -2117888 @ 269.791
c bounds - >= -2117872 @ 269.915
c bounds - >= -2117856 @ 270.039
c bounds - >= -2117840 @ 270.162
c bounds - >= -2117824 @ 270.285
c bounds - >= -2117808 @ 270.409
c bounds - >= -2117792 @ 270.532
c bounds - >= -2117776 @ 270.654
c bounds - >= -2117760 @ 270.778
c bounds - >= -2117744 @ 270.899
c bounds - >= -2117728 @ 271.02
c bounds - >= -2117712 @ 271.143
c bounds - >= -2117696 @ 271.265
c bounds - >= -2117680 @ 271.388
c bounds - >= -2117664 @ 271.51
c bounds - >= -2117648 @ 271.633
c bounds - >= -2117632 @ 271.755
c bounds - >= -2117616 @ 271.878
c bounds - >= -2117600 @ 272
c bounds - >= -2117584 @ 272.124
c bounds - >= -2117568 @ 272.246
c bounds - >= -2117552 @ 272.37
c bounds - >= -2117536 @ 272.492
c bounds - >= -2117520 @ 272.614
c bounds - >= -2117504 @ 272.737
c bounds - >= -2117488 @ 272.86
c bounds - >= -2117472 @ 272.982
c bounds - >= -2117456 @ 273.105
c bounds - >= -2117440 @ 273.228
c bounds - >= -2117424 @ 273.35
c bounds - >= -2117408 @ 273.471
c bounds - >= -2117392 @ 273.594
c bounds - >= -2117376 @ 273.717
c bounds - >= -2117360 @ 273.842
c bounds - >= -2117344 @ 273.964
c bounds - >= -2117328 @ 274.087
c bounds - >= -2117312 @ 274.21
c bounds - >= -2117296 @ 274.333
c bounds - >= -2117280 @ 274.457
c bounds - >= -2117264 @ 274.581
c bounds - >= -2117248 @ 274.703
c bounds - >= -2117232 @ 274.825
c bounds - >= -2117216 @ 274.947
c bounds - >= -2117200 @ 275.069
c bounds - >= -2117184 @ 275.192
c bounds - >= -2117168 @ 275.314
c bounds - >= -2117152 @ 275.436
c bounds - >= -2117136 @ 275.557
c bounds - >= -2117120 @ 275.679
c bounds - >= -2117104 @ 275.802
c bounds - >= -2117088 @ 275.924
c bounds - >= -2117072 @ 276.046
c bounds - >= -2117056 @ 276.168
c bounds - >= -2117040 @ 276.29
c bounds - >= -2117024 @ 276.414
c bounds - >= -2117008 @ 276.538
c bounds - >= -2116992 @ 276.66
c bounds - >= -2116976 @ 276.783
c bounds - >= -2116960 @ 276.906
c bounds - >= -2116944 @ 277.029
c bounds - >= -2116928 @ 277.152
c bounds - >= -2116912 @ 277.274
c bounds - >= -2116896 @ 277.397
c bounds - >= -2116880 @ 277.52
c bounds - >= -2116864 @ 277.643
c bounds - >= -2116848 @ 277.766
c bounds - >= -2116832 @ 277.889
c bounds - >= -2116816 @ 278.011
c bounds - >= -2116800 @ 278.135
c bounds - >= -2116784 @ 278.257
c bounds - >= -2116768 @ 278.38
c bounds - >= -2116752 @ 278.503
c bounds - >= -2116736 @ 278.626
c bounds - >= -2116720 @ 278.75
c bounds - >= -2116704 @ 278.874
c bounds - >= -2116688 @ 278.998
c bounds - >= -2116672 @ 279.121
c bounds - >= -2116656 @ 279.244
c bounds - >= -2116640 @ 279.366
c bounds - >= -2116624 @ 279.489
c bounds - >= -2116608 @ 279.612
c bounds - >= -2116592 @ 279.735
c bounds - >= -2116576 @ 279.857
c bounds - >= -2116560 @ 279.98
c bounds - >= -2116544 @ 280.103
c bounds - >= -2116528 @ 280.226
c bounds - >= -2116512 @ 280.349
c bounds - >= -2116496 @ 280.471
c bounds - >= -2116480 @ 280.594
c bounds - >= -2116464 @ 280.717
c bounds - >= -2116448 @ 280.84
c bounds - >= -2116432 @ 280.963
c bounds - >= -2116416 @ 281.085
c bounds - >= -2116400 @ 281.208
c bounds - >= -2116384 @ 281.332
c bounds - >= -2116368 @ 281.456
c bounds - >= -2116352 @ 281.58
c bounds - >= -2116336 @ 281.702
c bounds - >= -2116320 @ 281.825
c bounds - >= -2116304 @ 281.948
c bounds - >= -2116288 @ 282.072
c bounds - >= -2116272 @ 282.194
c bounds - >= -2116256 @ 282.317
c bounds - >= -2116240 @ 282.44
c bounds - >= -2116224 @ 282.563
c bounds - >= -2116208 @ 282.686
c bounds - >= -2116192 @ 282.809
c bounds - >= -2116176 @ 282.932
c bounds - >= -2116160 @ 283.054
c bounds - >= -2116144 @ 283.177
c bounds - >= -2116128 @ 283.299
c bounds - >= -2116112 @ 283.422
c bounds - >= -2116096 @ 283.546
c bounds - >= -2116080 @ 283.669
c bounds - >= -2116064 @ 283.793
c bounds - >= -2116048 @ 283.916
c bounds - >= -2116032 @ 284.039
c bounds - >= -2116016 @ 284.162
c bounds - >= -2116000 @ 284.283
c bounds - >= -2115984 @ 284.405
c bounds - >= -2115968 @ 284.526
c bounds - >= -2115952 @ 284.648
c bounds - >= -2115936 @ 284.77
c bounds - >= -2115920 @ 284.893
c bounds - >= -2115904 @ 285.015
c bounds - >= -2115888 @ 285.138
c bounds - >= -2115872 @ 285.261
c bounds - >= -2115856 @ 285.385
c bounds - >= -2115840 @ 285.508
c bounds - >= -2115824 @ 285.63
c bounds - >= -2115808 @ 285.754
c bounds - >= -2115792 @ 285.878
c bounds - >= -2115776 @ 286.001
c bounds - >= -2115760 @ 286.125
c bounds - >= -2115744 @ 286.248
c bounds - >= -2115728 @ 286.371
c bounds - >= -2115712 @ 286.495
c bounds - >= -2115696 @ 286.618
c bounds - >= -2115680 @ 286.741
c bounds - >= -2115664 @ 286.864
c bounds - >= -2115648 @ 286.988
c bounds - >= -2115632 @ 287.11
c bounds - >= -2115616 @ 287.232
c bounds - >= -2115600 @ 287.356
c bounds - >= -2115584 @ 287.479
c bounds - >= -2115568 @ 287.601
c bounds - >= -2115552 @ 287.723
c bounds - >= -2115536 @ 287.846
c bounds - >= -2115520 @ 287.969
c bounds - >= -2115504 @ 288.092
c bounds - >= -2115488 @ 288.214
c bounds - >= -2115472 @ 288.336
c bounds - >= -2115456 @ 288.46
c bounds - >= -2115440 @ 288.583
c bounds - >= -2115424 @ 288.704
c bounds - >= -2115408 @ 288.826
c bounds - >= -2115392 @ 288.949
c bounds - >= -2115376 @ 289.073
c bounds - >= -2115360 @ 289.197
c bounds - >= -2115344 @ 289.319
c bounds - >= -2115328 @ 289.443
c bounds - >= -2115312 @ 289.566
c bounds - >= -2115296 @ 289.689
c bounds - >= -2115280 @ 289.811
c bounds - >= -2115264 @ 289.934
c bounds - >= -2115248 @ 290.057
c bounds - >= -2115232 @ 290.18
c bounds - >= -2115216 @ 290.303
c bounds - >= -2115200 @ 290.426
c bounds - >= -2115184 @ 290.549
c bounds - >= -2115168 @ 290.672
c bounds - >= -2115152 @ 290.796
c bounds - >= -2115136 @ 290.919
c bounds - >= -2115120 @ 291.042
c bounds - >= -2115104 @ 291.164
c bounds - >= -2115088 @ 291.287
c bounds - >= -2115072 @ 291.41
c bounds - >= -2115056 @ 291.533
c bounds - >= -2115040 @ 291.656
c bounds - >= -2115024 @ 291.779
c bounds - >= -2115008 @ 291.902
c bounds - >= -2114992 @ 292.025
c bounds - >= -2114976 @ 292.148
c bounds - >= -2114960 @ 292.27
c bounds - >= -2114944 @ 292.393
c bounds - >= -2114928 @ 292.517
c bounds - >= -2114912 @ 292.641
c bounds - >= -2114896 @ 292.764
c bounds - >= -2114880 @ 292.888
c bounds - >= -2114864 @ 293.011
c bounds - >= -2114848 @ 293.132
c bounds - >= -2114832 @ 293.255
c bounds - >= -2114816 @ 293.378
c bounds - >= -2114800 @ 293.5
c bounds - >= -2114784 @ 293.624
c bounds - >= -2114768 @ 293.749
c bounds - >= -2114752 @ 293.872
c bounds - >= -2114736 @ 293.994
c bounds - >= -2114720 @ 294.117
c bounds - >= -2114704 @ 294.24
c bounds - >= -2114688 @ 294.364
c bounds - >= -2114672 @ 294.486
c bounds - >= -2114656 @ 294.608
c bounds - >= -2114640 @ 294.731
c bounds - >= -2114624 @ 294.854
c bounds - >= -2114608 @ 294.977
c bounds - >= -2114592 @ 295.102
c bounds - >= -2114576 @ 295.223
c bounds - >= -2114560 @ 295.345
c bounds - >= -2114544 @ 295.467
c bounds - >= -2114528 @ 295.59
c bounds - >= -2114512 @ 295.713
c bounds - >= -2114496 @ 295.835
c bounds - >= -2114480 @ 295.958
c bounds - >= -2114464 @ 296.08
c bounds - >= -2114448 @ 296.203
c bounds - >= -2114432 @ 296.326
c bounds - >= -2114416 @ 296.449
c bounds - >= -2114400 @ 296.572
c bounds - >= -2114384 @ 296.695
c bounds - >= -2114368 @ 296.818
c bounds - >= -2114352 @ 296.941
c bounds - >= -2114336 @ 297.064
c bounds - >= -2114320 @ 297.188
c bounds - >= -2114304 @ 297.31
c bounds - >= -2114288 @ 297.431
c bounds - >= -2114272 @ 297.553
c bounds - >= -2114256 @ 297.676
c bounds - >= -2114240 @ 297.8
c bounds - >= -2114224 @ 297.923
c bounds - >= -2114208 @ 298.046
c bounds - >= -2114192 @ 298.168
c bounds - >= -2114176 @ 298.291
c bounds - >= -2114160 @ 298.413
c bounds - >= -2114144 @ 298.537
c bounds - >= -2114128 @ 298.66
c bounds - >= -2114112 @ 298.782
c bounds - >= -2114096 @ 298.906
c bounds - >= -2114080 @ 299.029
c bounds - >= -2114064 @ 299.152
c bounds - >= -2114048 @ 299.275
c bounds - >= -2114032 @ 299.398
c bounds - >= -2114016 @ 299.522
c bounds - >= -2114000 @ 299.644
c bounds - >= -2113984 @ 299.767
c bounds - >= -2113968 @ 299.89
c bounds - >= -2113952 @ 300.013
c bounds - >= -2113936 @ 300.137
c bounds - >= -2113920 @ 300.26
c bounds - >= -2113904 @ 300.384
c bounds - >= -2113888 @ 300.508
c bounds - >= -2113872 @ 300.63
c bounds - >= -2113856 @ 300.753
c bounds - >= -2113840 @ 300.876
c bounds - >= -2113824 @ 301
c bounds - >= -2113808 @ 301.121
c bounds - >= -2113792 @ 301.244
c bounds - >= -2113776 @ 301.367
c bounds - >= -2113760 @ 301.491
c bounds - >= -2113744 @ 301.615
c bounds - >= -2113728 @ 301.737
c bounds - >= -2113712 @ 301.86
c bounds - >= -2113696 @ 301.983
c bounds - >= -2113680 @ 302.106
c bounds - >= -2113664 @ 302.228
c bounds - >= -2113648 @ 302.353
c bounds - >= -2113632 @ 302.477
c bounds - >= -2113616 @ 302.599
c bounds - >= -2113600 @ 302.722
c bounds - >= -2113584 @ 302.844
c bounds - >= -2113568 @ 302.968
c bounds - >= -2113552 @ 303.091
c bounds - >= -2113536 @ 303.215
c bounds - >= -2113520 @ 303.338
c bounds - >= -2113504 @ 303.463
c bounds - >= -2113488 @ 303.585
c bounds - >= -2113472 @ 303.708
c bounds - >= -2113456 @ 303.832
c bounds - >= -2113440 @ 303.956
c bounds - >= -2113424 @ 304.08
c bounds - >= -2113408 @ 304.204
c bounds - >= -2113392 @ 304.328
c bounds - >= -2113376 @ 304.451
c bounds - >= -2113360 @ 304.574
c bounds - >= -2113344 @ 304.697
c bounds - >= -2113328 @ 304.82
c bounds - >= -2113312 @ 304.943
c bounds - >= -2113296 @ 305.068
c bounds - >= -2113280 @ 305.191
c bounds - >= -2113264 @ 305.314
c bounds - >= -2113248 @ 305.437
c bounds - >= -2113232 @ 305.559
c bounds - >= -2113216 @ 305.682
c bounds - >= -2113200 @ 305.806
c bounds - >= -2113184 @ 305.928
c bounds - >= -2113168 @ 306.051
c bounds - >= -2113152 @ 306.174
c bounds - >= -2113136 @ 306.297
c bounds - >= -2113120 @ 306.421
c bounds - >= -2113104 @ 306.544
c bounds - >= -2113088 @ 306.666
c bounds - >= -2113072 @ 306.788
c bounds - >= -2113056 @ 306.911
c bounds - >= -2113040 @ 307.034
c bounds - >= -2113024 @ 307.158
c bounds - >= -2113008 @ 307.281
c bounds - >= -2112992 @ 307.403
c bounds - >= -2112976 @ 307.526
c bounds - >= -2112960 @ 307.648
c bounds - >= -2112944 @ 307.771
c bounds - >= -2112928 @ 307.894
c bounds - >= -2112912 @ 308.017
c bounds - >= -2112896 @ 308.14
c bounds - >= -2112880 @ 308.262
c bounds - >= -2112864 @ 308.385
c bounds - >= -2112848 @ 308.509
c bounds - >= -2112832 @ 308.632
c bounds - >= -2112816 @ 308.755
c bounds - >= -2112800 @ 308.879
c bounds - >= -2112784 @ 309.002
c bounds - >= -2112768 @ 309.125
c bounds - >= -2112752 @ 309.249
c bounds - >= -2112736 @ 309.371
c bounds - >= -2112720 @ 309.493
c bounds - >= -2112704 @ 309.617
c bounds - >= -2112688 @ 309.74
c bounds - >= -2112672 @ 309.864
c bounds - >= -2112656 @ 309.988
c bounds - >= -2112640 @ 310.11
c bounds - >= -2112624 @ 310.232
c bounds - >= -2112608 @ 310.356
c bounds - >= -2112592 @ 310.48
c bounds - >= -2112576 @ 310.603
c bounds - >= -2112560 @ 310.725
c bounds - >= -2112544 @ 310.848
c bounds - >= -2112528 @ 310.97
c bounds - >= -2112512 @ 311.094
c bounds - >= -2112496 @ 311.217
c bounds - >= -2112480 @ 311.342
c bounds - >= -2112464 @ 311.465
c bounds - >= -2112448 @ 311.589
c bounds - >= -2112432 @ 311.712
c bounds - >= -2112416 @ 311.835
c bounds - >= -2112400 @ 311.959
c bounds - >= -2112384 @ 312.081
c bounds - >= -2112368 @ 312.204
c bounds - >= -2112352 @ 312.327
c bounds - >= -2112336 @ 312.452
c bounds - >= -2112320 @ 312.574
c bounds - >= -2112304 @ 312.698
c bounds - >= -2112288 @ 312.821
c bounds - >= -2112272 @ 312.944
c bounds - >= -2112256 @ 313.067
c bounds - >= -2112240 @ 313.19
c bounds - >= -2112224 @ 313.312
c bounds - >= -2112208 @ 313.435
c bounds - >= -2112192 @ 313.558
c bounds - >= -2112176 @ 313.681
c bounds - >= -2112160 @ 313.803
c bounds - >= -2112144 @ 313.926
c bounds - >= -2112128 @ 314.049
c bounds - >= -2112112 @ 314.172
c bounds - >= -2112096 @ 314.297
c bounds - >= -2112080 @ 314.419
c bounds - >= -2112064 @ 314.54
c bounds - >= -2112048 @ 314.662
c bounds - >= -2112032 @ 314.784
c bounds - >= -2112016 @ 314.905
c bounds - >= -2112000 @ 315.028
c bounds - >= -2111984 @ 315.152
c bounds - >= -2111968 @ 315.275
c bounds - >= -2111952 @ 315.397
c bounds - >= -2111936 @ 315.521
c bounds - >= -2111920 @ 315.643
c bounds - >= -2111904 @ 315.765
c bounds - >= -2111888 @ 315.888
c bounds - >= -2111872 @ 316.011
c bounds - >= -2111856 @ 316.134
c bounds - >= -2111840 @ 316.255
c bounds - >= -2111824 @ 316.378
c bounds - >= -2111808 @ 316.502
c bounds - >= -2111792 @ 316.627
c bounds - >= -2111776 @ 316.75
c bounds - >= -2111760 @ 316.873
c bounds - >= -2111744 @ 316.996
c bounds - >= -2111728 @ 317.119
c bounds - >= -2111712 @ 317.243
c bounds - >= -2111696 @ 317.366
c bounds - >= -2111680 @ 317.49
c bounds - >= -2111664 @ 317.612
c bounds - >= -2111648 @ 317.733
c bounds - >= -2111632 @ 317.857
c bounds - >= -2111616 @ 317.98
c bounds - >= -2111600 @ 318.104
c bounds - >= -2111584 @ 318.226
c bounds - >= -2111568 @ 318.347
c bounds - >= -2111552 @ 318.469
c bounds - >= -2111536 @ 318.592
c bounds - >= -2111520 @ 318.715
c bounds - >= -2111504 @ 318.838
c bounds - >= -2111488 @ 318.96
c bounds - >= -2111472 @ 319.081
c bounds - >= -2111456 @ 319.204
c bounds - >= -2111440 @ 319.326
c bounds - >= -2111424 @ 319.447
c bounds - >= -2111408 @ 319.57
c bounds - >= -2111392 @ 319.692
c bounds - >= -2111376 @ 319.813
c bounds - >= -2111360 @ 319.935
c bounds - >= -2111344 @ 320.057
c bounds - >= -2111328 @ 320.178
c bounds - >= -2111312 @ 320.301
c bounds - >= -2111296 @ 320.423
c bounds - >= -2111280 @ 320.544
c bounds - >= -2111264 @ 320.666
c bounds - >= -2111248 @ 320.789
c bounds - >= -2111232 @ 320.91
c bounds - >= -2111216 @ 321.032
c bounds - >= -2111200 @ 321.155
c bounds - >= -2111184 @ 321.278
c bounds - >= -2111168 @ 321.401
c bounds - >= -2111152 @ 321.524
c bounds - >= -2111136 @ 321.646
c bounds - >= -2111120 @ 321.769
c bounds - >= -2111104 @ 321.893
c bounds - >= -2111088 @ 322.015
c bounds - >= -2111072 @ 322.138
c bounds - >= -2111056 @ 322.26
c bounds - >= -2111040 @ 322.383
c bounds - >= -2111024 @ 322.506
c bounds - >= -2111008 @ 322.629
c bounds - >= -2110992 @ 322.752
c bounds - >= -2110976 @ 322.874
c bounds - >= -2110960 @ 322.998
c bounds - >= -2110944 @ 323.119
c bounds - >= -2110928 @ 323.241
c bounds - >= -2110912 @ 323.363
c bounds - >= -2110896 @ 323.486
c bounds - >= -2110880 @ 323.609
c bounds - >= -2110864 @ 323.731
c bounds - >= -2110848 @ 323.853
c bounds - >= -2110832 @ 323.975
c bounds - >= -2110816 @ 324.099
c bounds - >= -2110800 @ 324.222
c bounds - >= -2110784 @ 324.345
c bounds - >= -2110768 @ 324.467
c bounds - >= -2110752 @ 324.589
c bounds - >= -2110736 @ 324.712
c bounds - >= -2110720 @ 324.834
c bounds - >= -2110704 @ 324.957
c bounds - >= -2110688 @ 325.079
c bounds - >= -2110672 @ 325.202
c bounds - >= -2110656 @ 325.325
c bounds - >= -2110640 @ 325.447
c bounds - >= -2110624 @ 325.57
c bounds - >= -2110608 @ 325.693
c bounds - >= -2110592 @ 325.816
c bounds - >= -2110576 @ 325.939
c bounds - >= -2110560 @ 326.061
c bounds - >= -2110544 @ 326.184
c bounds - >= -2110528 @ 326.306
c bounds - >= -2110512 @ 326.429
c bounds - >= -2110496 @ 326.551
c bounds - >= -2110480 @ 326.673
c bounds - >= -2110464 @ 326.796
c bounds - >= -2110448 @ 326.917
c bounds - >= -2110432 @ 327.04
c bounds - >= -2110416 @ 327.164
c bounds - >= -2110400 @ 327.286
c bounds - >= -2110384 @ 327.409
c bounds - >= -2110368 @ 327.532
c bounds - >= -2110352 @ 327.654
c bounds - >= -2110336 @ 327.777
c bounds - >= -2110320 @ 327.9
c bounds - >= -2110304 @ 328.021
c bounds - >= -2110288 @ 328.143
c bounds - >= -2110272 @ 328.266
c bounds - >= -2110256 @ 328.389
c bounds - >= -2110240 @ 328.512
c bounds - >= -2110224 @ 328.635
c bounds - >= -2110208 @ 328.757
c bounds - >= -2110192 @ 328.879
c bounds - >= -2110176 @ 329.001
c bounds - >= -2110160 @ 329.123
c bounds - >= -2110144 @ 329.245
c bounds - >= -2110128 @ 329.367
c bounds - >= -2110112 @ 329.49
c bounds - >= -2110096 @ 329.613
c bounds - >= -2110080 @ 329.734
c bounds - >= -2110064 @ 329.856
c bounds - >= -2110048 @ 329.979
c bounds - >= -2110032 @ 330.102
c bounds - >= -2110016 @ 330.224
c bounds - >= -2110000 @ 330.346
c bounds - >= -2109984 @ 330.467
c bounds - >= -2109968 @ 330.588
c bounds - >= -2109952 @ 330.71
c bounds - >= -2109936 @ 330.832
c bounds - >= -2109920 @ 330.955
c bounds - >= -2109904 @ 331.077
c bounds - >= -2109888 @ 331.199
c bounds - >= -2109872 @ 331.322
c bounds - >= -2109856 @ 331.443
c bounds - >= -2109840 @ 331.565
c bounds - >= -2109824 @ 331.687
c bounds - >= -2109808 @ 331.808
c bounds - >= -2109792 @ 331.932
c bounds - >= -2109776 @ 332.054
c bounds - >= -2109760 @ 332.177
c bounds - >= -2109744 @ 332.299terminate called after throwing an instance of 'rs::OutOfMemoryException'
