c RoundingSat 2
c branch 
c commit 
c #variables 5796 #constraints 65399
c bounds - >= -4760 @ 0.243241
c bounds 0 >= -4760 @ 0.248027
c bounds 0 >= -4744 @ 0.248968
c bounds 0 >= -4728 @ 0.249279
c bounds 0 >= -4712 @ 0.249588
c bounds 0 >= -4696 @ 0.249898
c bounds 0 >= -4680 @ 0.250203
c bounds 0 >= -4664 @ 0.25051
c bounds 0 >= -4648 @ 0.250816
c bounds 0 >= -4632 @ 0.251121
c bounds 0 >= -4616 @ 0.251426
c bounds 0 >= -4600 @ 0.251732
c bounds 0 >= -4584 @ 0.252038
c bounds 0 >= -4568 @ 0.252342
c bounds 0 >= -4552 @ 0.252647
c bounds 0 >= -4536 @ 0.252954
c bounds 0 >= -4520 @ 0.253258
c bounds 0 >= -4504 @ 0.253565
c bounds 0 >= -4488 @ 0.25387
c bounds 0 >= -4472 @ 0.254175
c bounds 0 >= -4456 @ 0.254479
c bounds 0 >= -4440 @ 0.254784
c bounds 0 >= -4424 @ 0.255087
c bounds 0 >= -4408 @ 0.255389
c bounds 0 >= -4392 @ 0.255693
c bounds 0 >= -4376 @ 0.255996
c bounds 0 >= -4360 @ 0.256299
c bounds 0 >= -4344 @ 0.256605
c bounds 0 >= -4328 @ 0.256908
c bounds 0 >= -4312 @ 0.257212
c bounds 0 >= -4296 @ 0.257491
c bounds 0 >= -4280 @ 0.257491
c bounds 0 >= -4264 @ 0.257491
c bounds 0 >= -4248 @ 0.257491
c bounds 0 >= -4232 @ 0.257743
c bounds 0 >= -4216 @ 0.258046
c bounds 0 >= -4200 @ 0.25835
c bounds 0 >= -4184 @ 0.258657
c bounds 0 >= -4168 @ 0.25896
c bounds 0 >= -4152 @ 0.259262
c bounds 0 >= -4136 @ 0.259565
c bounds 0 >= -4120 @ 0.259867
c bounds 0 >= -4104 @ 0.260169
c bounds 0 >= -4088 @ 0.260471
c bounds 0 >= -4072 @ 0.260774
c bounds 0 >= -4056 @ 0.261074
c bounds 0 >= -4040 @ 0.261376
c bounds 0 >= -4024 @ 0.261429
c bounds 0 >= -4008 @ 0.261429
c bounds 0 >= -3992 @ 0.261679
c bounds 0 >= -3976 @ 0.261961
c bounds 0 >= -3960 @ 0.262197
c bounds 0 >= -3944 @ 0.262433
c bounds 0 >= -3928 @ 0.262723
c bounds 0 >= -3912 @ 0.263027
c bounds 0 >= -3896 @ 0.263327
c bounds 0 >= -3880 @ 0.26363
c bounds 0 >= -3864 @ 0.263933
c bounds 0 >= -3848 @ 0.264236
c bounds 0 >= -3832 @ 0.26454
c bounds 0 >= -3816 @ 0.264842
c bounds 0 >= -3800 @ 0.265142
c bounds 0 >= -3784 @ 0.265445
c bounds 0 >= -3768 @ 0.265748
c bounds 0 >= -3752 @ 0.266054
c bounds 0 >= -3736 @ 0.266358
c bounds 0 >= -3720 @ 0.266662
c bounds 0 >= -3704 @ 0.266963
c bounds 0 >= -3688 @ 0.267264
c bounds 0 >= -3672 @ 0.267567
c bounds 0 >= -3656 @ 0.267867
c bounds 0 >= -3640 @ 0.268169
c bounds 0 >= -3624 @ 0.26847
c bounds 0 >= -3608 @ 0.26877
c bounds 0 >= -3592 @ 0.269071
c bounds 0 >= -3576 @ 0.26937
c bounds 0 >= -3560 @ 0.269683
c bounds 0 >= -3544 @ 0.269985
c bounds 0 >= -3528 @ 0.270285
c bounds 0 >= -3512 @ 0.270586
c bounds 0 >= -3496 @ 0.27089
c bounds 0 >= -3480 @ 0.27119
c bounds 0 >= -3464 @ 0.271242
c bounds 0 >= -3448 @ 0.271242
c bounds 0 >= -3432 @ 0.271242
c bounds 0 >= -3416 @ 0.271412
c bounds 0 >= -3400 @ 0.271708
c bounds 0 >= -3384 @ 0.272007
c bounds 0 >= -3368 @ 0.272303
c bounds 0 >= -3352 @ 0.273046
c bounds 0 >= -3336 @ 0.273332
c bounds 0 >= -3320 @ 0.273618
c bounds 0 >= -3304 @ 0.273909
c bounds 0 >= -3288 @ 0.274195
c bounds 0 >= -3272 @ 0.274481
c bounds 0 >= -3256 @ 0.274766
c bounds 0 >= -3240 @ 0.275048
c bounds 0 >= -3224 @ 0.275331
c bounds 0 >= -3208 @ 0.275616
c bounds 0 >= -3192 @ 0.275902
c bounds 0 >= -3176 @ 0.276186
c bounds 0 >= -3160 @ 0.276474
c bounds 0 >= -3144 @ 0.276759
c bounds 0 >= -3128 @ 0.277043
c bounds 0 >= -3112 @ 0.277329
c bounds 0 >= -3096 @ 0.277616
c bounds 0 >= -3080 @ 0.277903
c bounds 0 >= -3064 @ 0.278189
c bounds 0 >= -3048 @ 0.278478
c bounds 0 >= -3032 @ 0.278762
c bounds 0 >= -3016 @ 0.279046
c bounds 0 >= -3000 @ 0.279332
c bounds 0 >= -2984 @ 0.279619
c bounds 0 >= -2968 @ 0.279906
c bounds 0 >= -2952 @ 0.28019
c bounds 0 >= -2936 @ 0.28048
c bounds 0 >= -2920 @ 0.280763
c bounds 0 >= -2904 @ 0.281049
c bounds 0 >= -2888 @ 0.281335
c bounds 0 >= -2872 @ 0.281626
c bounds 0 >= -2856 @ 0.281912
c bounds 0 >= -2840 @ 0.282196
c bounds 0 >= -2824 @ 0.282484
c bounds 0 >= -2808 @ 0.282765
c bounds 0 >= -2792 @ 0.283047
c bounds 0 >= -2776 @ 0.283331
c bounds 0 >= -2760 @ 0.28362
c bounds 0 >= -2744 @ 0.283902
c bounds 0 >= -2728 @ 0.284188
c bounds 0 >= -2712 @ 0.284493
c bounds 0 >= -2696 @ 0.284774
c bounds 0 >= -2680 @ 0.285056
c bounds 0 >= -2664 @ 0.285347
c bounds 0 >= -2648 @ 0.285631
c bounds 0 >= -2632 @ 0.285911
c bounds 0 >= -2616 @ 0.286191
c bounds 0 >= -2600 @ 0.286478
c bounds 0 >= -2584 @ 0.286757
c bounds -4 >= -2584 @ 0.291416
c bounds -8 >= -2584 @ 0.296015
c bounds -8 >= -2574 @ 0.300654
c bounds -12 >= -2574 @ 0.304729
c bounds -16 >= -2574 @ 0.306245
c bounds -20 >= -2574 @ 0.309473
c bounds -24 >= -2574 @ 0.314645
c bounds -24 >= -2564 @ 0.396837
c bounds -28 >= -2564 @ 0.402379
c bounds -32 >= -2564 @ 0.405015
c bounds -36 >= -2564 @ 0.409088
c bounds -40 >= -2564 @ 0.413634
c bounds -44 >= -2564 @ 0.419344
c bounds -48 >= -2564 @ 0.422787
c bounds -52 >= -2564 @ 0.4284
c bounds -56 >= -2564 @ 0.430924
c bounds -60 >= -2564 @ 0.434618
c bounds -64 >= -2564 @ 0.4391
c bounds -68 >= -2564 @ 0.443886
c bounds -72 >= -2564 @ 0.448653
c bounds -78 >= -2564 @ 0.452415
c bounds -80 >= -2564 @ 0.458678
c bounds -84 >= -2564 @ 0.461483
c bounds -88 >= -2564 @ 0.465909
c bounds -90 >= -2564 @ 0.470673
c bounds -96 >= -2564 @ 0.476436
c bounds -100 >= -2564 @ 0.483237
c bounds -104 >= -2564 @ 0.48633
c bounds -108 >= -2564 @ 0.490604
c bounds -112 >= -2564 @ 0.493168
c bounds -116 >= -2564 @ 0.496674
c bounds -120 >= -2564 @ 0.500114
c bounds -124 >= -2564 @ 0.503316
c bounds -128 >= -2564 @ 0.508126
c bounds -131 >= -2564 @ 0.522663
c bounds -134 >= -2564 @ 0.546724
c bounds -138 >= -2564 @ 0.554499
c bounds -140 >= -2564 @ 0.558759
c bounds -144 >= -2564 @ 0.563087
c #Conflicts:       1000 | #Constraints:      66853
c bounds -265 >= -2564 @ 0.97659
c bounds -266 >= -2564 @ 0.982793
c bounds -267 >= -2564 @ 0.988113
c bounds -269 >= -2564 @ 0.994645
c bounds -270 >= -2564 @ 0.999749
c bounds -271 >= -2564 @ 1.00516
c bounds -272 >= -2564 @ 1.00969
c bounds -273 >= -2564 @ 1.01504
c bounds -274 >= -2564 @ 1.02124
c bounds -275 >= -2564 @ 1.0247
c bounds -276 >= -2564 @ 1.02783
c bounds -277 >= -2564 @ 1.03221
c bounds -278 >= -2564 @ 1.03734
c bounds -279 >= -2564 @ 1.04273
c bounds -280 >= -2564 @ 1.0491
c bounds -281 >= -2564 @ 1.05368
c bounds -282 >= -2564 @ 1.05986
c bounds -284 >= -2564 @ 1.06652
c bounds -285 >= -2564 @ 1.07259
c bounds -289 >= -2564 @ 1.07713
c bounds -291 >= -2564 @ 1.08143
c bounds -293 >= -2564 @ 1.08717
c bounds -295 >= -2564 @ 1.09257
c bounds -297 >= -2564 @ 1.09699
c bounds -299 >= -2564 @ 1.10251
c bounds -301 >= -2564 @ 1.10689
c bounds -303 >= -2564 @ 1.11319
c bounds -305 >= -2564 @ 1.1196
c bounds -307 >= -2564 @ 1.12262
c bounds -309 >= -2564 @ 1.12963
c bounds -311 >= -2564 @ 1.13546
c bounds -313 >= -2564 @ 1.14042
c bounds -315 >= -2564 @ 1.14526
c bounds -317 >= -2564 @ 1.15211
c bounds -319 >= -2564 @ 1.15793
c bounds -321 >= -2564 @ 1.16189
c bounds -323 >= -2564 @ 1.16768
c bounds -325 >= -2564 @ 1.17163
c bounds -327 >= -2564 @ 1.17641
c bounds -329 >= -2564 @ 1.18145
c bounds -331 >= -2564 @ 1.18717
c bounds -333 >= -2564 @ 1.19211
c bounds -335 >= -2564 @ 1.1969
c bounds -337 >= -2564 @ 1.20278
c bounds -339 >= -2564 @ 1.20847
c bounds -341 >= -2564 @ 1.2139
c bounds -343 >= -2564 @ 1.21866
c bounds -345 >= -2564 @ 1.2234
c bounds -347 >= -2564 @ 1.22806
c bounds -349 >= -2564 @ 1.23484
c bounds -351 >= -2564 @ 1.24011
c bounds -353 >= -2564 @ 1.24402
c bounds -355 >= -2564 @ 1.24938
c bounds -357 >= -2564 @ 1.25521
c bounds -359 >= -2564 @ 1.25994
c bounds -361 >= -2564 @ 1.26374
c bounds -363 >= -2564 @ 1.26727
c bounds -365 >= -2564 @ 1.27173
c bounds -367 >= -2564 @ 1.2767
c bounds -369 >= -2564 @ 1.28245
c bounds -371 >= -2564 @ 1.28794
c bounds -373 >= -2564 @ 1.29361
c bounds -375 >= -2564 @ 1.29806
c bounds -377 >= -2564 @ 1.30355
c bounds -379 >= -2564 @ 1.30686
c bounds -381 >= -2564 @ 1.31109
c bounds -382 >= -2564 @ 1.31509
c bounds -386 >= -2564 @ 1.31819
c bounds -390 >= -2564 @ 1.32283
c bounds -394 >= -2564 @ 1.32685
c bounds -398 >= -2564 @ 1.3316
c bounds -402 >= -2564 @ 1.33582
c bounds -406 >= -2564 @ 1.33983
c bounds -407 >= -2564 @ 1.34486
c bounds -415 >= -2564 @ 1.35268
c bounds -419 >= -2564 @ 1.35904
c bounds -423 >= -2564 @ 1.36322
c bounds -427 >= -2564 @ 1.36947
c bounds -431 >= -2564 @ 1.37373
c bounds -435 >= -2564 @ 1.3798
c bounds -439 >= -2564 @ 1.3847
c bounds -443 >= -2564 @ 1.3889
c bounds -447 >= -2564 @ 1.3924
c bounds -451 >= -2564 @ 1.39798
c bounds -455 >= -2564 @ 1.40283
c bounds -459 >= -2564 @ 1.40878
c bounds -463 >= -2564 @ 1.4145
c bounds -467 >= -2564 @ 1.4206
c bounds -471 >= -2564 @ 1.42556
c bounds -475 >= -2564 @ 1.42973
c bounds -479 >= -2564 @ 1.43417
c bounds -483 >= -2564 @ 1.43904
c bounds -487 >= -2564 @ 1.44365
c bounds -491 >= -2564 @ 1.44913
c bounds -495 >= -2564 @ 1.45428
c bounds -499 >= -2564 @ 1.46082
c bounds -503 >= -2564 @ 1.46399
c bounds -507 >= -2564 @ 1.46837
c bounds -508 >= -2564 @ 1.47211
c bounds -512 >= -2564 @ 1.47755
c bounds -520 >= -2564 @ 1.48306
c bounds -524 >= -2564 @ 1.48742
c bounds -532 >= -2564 @ 1.48997
c bounds -533 >= -2564 @ 1.4939
c bounds -541 >= -2564 @ 1.4982
c bounds -545 >= -2564 @ 1.50345
c bounds -553 >= -2564 @ 1.50783
c bounds -557 >= -2564 @ 1.51197
c bounds -561 >= -2564 @ 1.5169
c bounds -565 >= -2564 @ 1.52313
c bounds -569 >= -2564 @ 1.52797
c bounds -573 >= -2564 @ 1.53112
c bounds -577 >= -2564 @ 1.53689
c bounds -581 >= -2564 @ 1.54202
c bounds -582 >= -2564 @ 1.54645
c bounds -586 >= -2564 @ 1.55056
c bounds -594 >= -2564 @ 1.5561
c bounds -598 >= -2564 @ 1.56148
c bounds -606 >= -2564 @ 1.56574
c bounds -610 >= -2564 @ 1.57089
c bounds -614 >= -2564 @ 1.57722
c bounds -618 >= -2564 @ 1.58284
c bounds -622 >= -2564 @ 1.58775
c bounds -626 >= -2564 @ 1.59306
c bounds -627 >= -2564 @ 1.59863
c bounds -631 >= -2564 @ 1.60424
c bounds -635 >= -2564 @ 1.60855
c bounds -639 >= -2564 @ 1.61296
c bounds -643 >= -2564 @ 1.61638
c bounds -647 >= -2564 @ 1.62139
c bounds -651 >= -2564 @ 1.62485
c bounds -659 >= -2564 @ 1.62927
c bounds -663 >= -2564 @ 1.63344
c bounds -667 >= -2564 @ 1.63873
c bounds -671 >= -2564 @ 1.64307
c bounds -675 >= -2564 @ 1.64626
c bounds -679 >= -2564 @ 1.65042
c bounds -687 >= -2564 @ 1.65656
c bounds -691 >= -2564 @ 1.66001
c bounds -699 >= -2564 @ 1.66386
c bounds -703 >= -2564 @ 1.66814
c bounds -707 >= -2564 @ 1.67349
c bounds -708 >= -2564 @ 1.67703
c bounds -712 >= -2564 @ 1.67914
c bounds -716 >= -2564 @ 1.68323
c bounds -720 >= -2564 @ 1.68761
c bounds -724 >= -2564 @ 1.69271
c bounds -728 >= -2564 @ 1.69742
c bounds -732 >= -2564 @ 1.70091
c bounds -736 >= -2564 @ 1.70406
c bounds -740 >= -2564 @ 1.70694
c bounds -744 >= -2564 @ 1.71005
c bounds -748 >= -2564 @ 1.71301
c bounds -752 >= -2564 @ 1.71615
c bounds -756 >= -2564 @ 1.72094
c bounds -760 >= -2564 @ 1.72719
c bounds -764 >= -2564 @ 1.73116
c bounds -764 >= -2559 @ 1.73453
c bounds -768 >= -2559 @ 1.74025
c bounds -768 >= -2554 @ 1.74117
c bounds -768 >= -2549 @ 1.74321
c bounds -769 >= -2549 @ 1.74599
c bounds -769 >= -2544 @ 1.7528
c bounds -770 >= -2544 @ 1.75793
c bounds -774 >= -2544 @ 1.76191
c bounds -778 >= -2544 @ 1.7651
c bounds -778 >= -2539 @ 1.78049
c bounds -782 >= -2539 @ 1.78643
c bounds -786 >= -2539 @ 1.79029
c bounds -787 >= -2539 @ 1.79395
c bounds -791 >= -2539 @ 1.80088
c bounds -795 >= -2539 @ 1.80471
c bounds -796 >= -2539 @ 1.80854
c bounds -800 >= -2539 @ 1.8132
c bounds -800 >= -2534 @ 1.85675
c bounds -804 >= -2534 @ 1.86301
c #Conflicts:       2000 | #Constraints:      68077
c INPROCESSING
c GARBAGE COLLECT
c bounds -804 >= -2529 @ 2.16689
c bounds -804 >= -2524 @ 2.32026
c #Conflicts:       3000 | #Constraints:      25654
c bounds -806 >= -2524 @ 3.45022
c #Conflicts:       4000 | #Constraints:      26655
c bounds -806 >= -2519 @ 4.17451
c INPROCESSING
c GARBAGE COLLECT
c bounds -806 >= -2514 @ 4.58502
c #Conflicts:       5000 | #Constraints:      26082
c bounds -807 >= -2514 @ 4.5996
c bounds -808 >= -2514 @ 4.60482
c #Conflicts:       6000 | #Constraints:      27084
c INPROCESSING
c GARBAGE COLLECT
c #Conflicts:       7000 | #Constraints:      26106
c bounds -808 >= -2509 @ 7.82661
c #Conflicts:       8000 | #Constraints:      27139
c #Conflicts:       9000 | #Constraints:      28139
c INPROCESSING
c GARBAGE COLLECT
c #Conflicts:      10000 | #Constraints:      26819
c bounds -808 >= -2504 @ 9.40856
c #Conflicts:      11000 | #Constraints:      27837
c #Conflicts:      12000 | #Constraints:      28837
c INPROCESSING
c GARBAGE COLLECT
c #Conflicts:      13000 | #Constraints:      27298
c #Conflicts:      14000 | #Constraints:      28298
c #Conflicts:      15000 | #Constraints:      29298
c INPROCESSING
c GARBAGE COLLECT
c #Conflicts:      16000 | #Constraints:      27504
c #Conflicts:      17000 | #Constraints:      28504
c #Conflicts:      18000 | #Constraints:      29504
c INPROCESSING
c GARBAGE COLLECT
c bounds -808 >= -2499 @ 20.1933
c #Conflicts:      19000 | #Constraints:      27570
c bounds -808 >= -2494 @ 21.1346
c bounds -808 >= -2489 @ 21.136
c bounds -808 >= -2484 @ 21.1383
c #Conflicts:      20000 | #Constraints:      28579
c #Conflicts:      21000 | #Constraints:      29579
c bounds -808 >= -2479 @ 23.6352
c INPROCESSING
c GARBAGE COLLECT
c #Conflicts:      22000 | #Constraints:      27402
c #Conflicts:      23000 | #Constraints:      28402
c #Conflicts:      24000 | #Constraints:      29402
c #Conflicts:      25000 | #Constraints:      30402
c INPROCESSING
c GARBAGE COLLECT
c #Conflicts:      26000 | #Constraints:      27977
c #Conflicts:      27000 | #Constraints:      28977
c #Conflicts:      28000 | #Constraints:      29977
c #Conflicts:      29000 | #Constraints:      30977
c INPROCESSING
c GARBAGE COLLECT
c bounds -808 >= -2474 @ 38.0517
c #Conflicts:      30000 | #Constraints:      28452
c #Conflicts:      31000 | #Constraints:      29452
c #Conflicts:      32000 | #Constraints:      30452
c #Conflicts:      33000 | #Constraints:      31452
c INPROCESSING
c GARBAGE COLLECT
c #Conflicts:      34000 | #Constraints:      28626
c bounds -808 >= -2469 @ 42.8358
c #Conflicts:      35000 | #Constraints:      29659
c #Conflicts:      36000 | #Constraints:      30659
c #Conflicts:      37000 | #Constraints:      31659
c INPROCESSING
c GARBAGE COLLECT
c #Conflicts:      38000 | #Constraints:      28627
c #Conflicts:      39000 | #Constraints:      29627
c #Conflicts:      40000 | #Constraints:      30627
c #Conflicts:      41000 | #Constraints:      31627
c INPROCESSING
c GARBAGE COLLECT
c #Conflicts:      42000 | #Constraints:      28460
c #Conflicts:      43000 | #Constraints:      29460
c #Conflicts:      44000 | #Constraints:      30460
c #Conflicts:      45000 | #Constraints:      31460
c #Conflicts:      46000 | #Constraints:      32460
c INPROCESSING
c GARBAGE COLLECT
c #Conflicts:      47000 | #Constraints:      29040
c #Conflicts:      48000 | #Constraints:      30040
c #Conflicts:      49000 | #Constraints:      31040
c bounds -808 >= -2464 @ 69.7174
c #Conflicts:      50000 | #Constraints:      32079
c #Conflicts:      51000 | #Constraints:      33079
c INPROCESSING
c GARBAGE COLLECT
c #Conflicts:      52000 | #Constraints:      29457
c #Conflicts:      53000 | #Constraints:      30457
c #Conflicts:      54000 | #Constraints:      31457
c #Conflicts:      55000 | #Constraints:      32457
c #Conflicts:      56000 | #Constraints:      33457
c INPROCESSING
c GARBAGE COLLECT
c #Conflicts:      57000 | #Constraints:      29648
c #Conflicts:      58000 | #Constraints:      30648
c #Conflicts:      59000 | #Constraints:      31648
c #Conflicts:      60000 | #Constraints:      32648
c #Conflicts:      61000 | #Constraints:      33648
c INPROCESSING
c GARBAGE COLLECT
c #Conflicts:      62000 | #Constraints:      29710
c #Conflicts:      63000 | #Constraints:      30710
c #Conflicts:      64000 | #Constraints:      31710
c #Conflicts:      65000 | #Constraints:      32710
c #Conflicts:      66000 | #Constraints:      33710
c INPROCESSING
c GARBAGE COLLECT
c #Conflicts:      67000 | #Constraints:      29479
c #Conflicts:      68000 | #Constraints:      30479
c #Conflicts:      69000 | #Constraints:      31479
c #Conflicts:      70000 | #Constraints:      32479
c bounds -808 >= -2459 @ 113.146
c #Conflicts:      71000 | #Constraints:      33518
c #Conflicts:      72000 | #Constraints:      34518
c INPROCESSING
c GARBAGE COLLECT
c #Conflicts:      73000 | #Constraints:      30093
c #Conflicts:      74000 | #Constraints:      31093
c #Conflicts:      75000 | #Constraints:      32093
c #Conflicts:      76000 | #Constraints:      33093
c #Conflicts:      77000 | #Constraints:      34093
c #Conflicts:      78000 | #Constraints:      35093
c INPROCESSING
c GARBAGE COLLECT
c #Conflicts:      79000 | #Constraints:      30482
c #Conflicts:      80000 | #Constraints:      31482
c #Conflicts:      81000 | #Constraints:      32482
c #Conflicts:      82000 | #Constraints:      33482
c #Conflicts:      83000 | #Constraints:      34482
c #Conflicts:      84000 | #Constraints:      35482
c INPROCESSING
c GARBAGE COLLECT
c #Conflicts:      85000 | #Constraints:      30749
c #Conflicts:      86000 | #Constraints:      31749
c #Conflicts:      87000 | #Constraints:      32749
c #Conflicts:      88000 | #Constraints:      33749
c #Conflicts:      89000 | #Constraints:      34749
c #Conflicts:      90000 | #Constraints:      35749
c INPROCESSING
c GARBAGE COLLECT
c #Conflicts:      91000 | #Constraints:      30707
c #Conflicts:      92000 | #Constraints:      31707
c #Conflicts:      93000 | #Constraints:      32707
c #Conflicts:      94000 | #Constraints:      33707
c #Conflicts:      95000 | #Constraints:      34707
c bounds -809 >= -2459 @ 171.436
c bounds -809 >= -2455 @ 171.437
c bounds -809 >= -2451 @ 171.438
c bounds -809 >= -2447 @ 171.439
c bounds -809 >= -2443 @ 171.44
c bounds -809 >= -2439 @ 171.441
c bounds -809 >= -2435 @ 171.442
c bounds -809 >= -2431 @ 171.443
c bounds -809 >= -2427 @ 171.443
c bounds -809 >= -2423 @ 171.443
c bounds -809 >= -2419 @ 171.444
c bounds -809 >= -2415 @ 171.445
c bounds -809 >= -2411 @ 171.446
c bounds -809 >= -2407 @ 171.447
c bounds -809 >= -2403 @ 171.448
c bounds -809 >= -2399 @ 171.449
c bounds -809 >= -2395 @ 171.45
c bounds -809 >= -2391 @ 171.451
c bounds -809 >= -2387 @ 171.453
c bounds -809 >= -2383 @ 171.454
c bounds -809 >= -2379 @ 171.454
c bounds -809 >= -2375 @ 171.455
c bounds -809 >= -2371 @ 171.455
c bounds -809 >= -2367 @ 171.457
c bounds -809 >= -2363 @ 171.458
c bounds -809 >= -2359 @ 171.459
c bounds -809 >= -2355 @ 171.461
c bounds -809 >= -2351 @ 171.463
c bounds -809 >= -2347 @ 171.465
c bounds -809 >= -2343 @ 171.465
c bounds -809 >= -2339 @ 171.466
c bounds -809 >= -2335 @ 171.467
c bounds -809 >= -2331 @ 171.468
c bounds -809 >= -2327 @ 171.471
c bounds -809 >= -2323 @ 171.473
c bounds -809 >= -2319 @ 171.474
c bounds -809 >= -2315 @ 171.476
c bounds -809 >= -2311 @ 171.477
c bounds -809 >= -2307 @ 171.479
c bounds -809 >= -2303 @ 171.48
c bounds -809 >= -2299 @ 171.481
c bounds -809 >= -2295 @ 171.482
c bounds -809 >= -2291 @ 171.484
c bounds -809 >= -2287 @ 171.486
c bounds -809 >= -2283 @ 171.486
c bounds -809 >= -2279 @ 171.488
c bounds -809 >= -2275 @ 171.494
c bounds -809 >= -2271 @ 171.505
c bounds -809 >= -2267 @ 171.513
c bounds -809 >= -2263 @ 171.515
c bounds -809 >= -2259 @ 171.522
c bounds -809 >= -2255 @ 171.524
c bounds -809 >= -2251 @ 171.526
c bounds -809 >= -2247 @ 171.529
c bounds -809 >= -2243 @ 171.534
c bounds -809 >= -2239 @ 171.547
c bounds -809 >= -2235 @ 171.554
c bounds -809 >= -2231 @ 171.573
c bounds -809 >= -2227 @ 171.575
c bounds -809 >= -2223 @ 171.581
c bounds -809 >= -2219 @ 171.585
c bounds -809 >= -2215 @ 171.605
c bounds -809 >= -2211 @ 171.626
c bounds -809 >= -2207 @ 171.631
c bounds -809 >= -2203 @ 171.638
c bounds -809 >= -2199 @ 171.653
c bounds -809 >= -2195 @ 171.664
c bounds -809 >= -2191 @ 171.688
c bounds -809 >= -2187 @ 171.694
c bounds -809 >= -2183 @ 171.705
c bounds -809 >= -2179 @ 171.71
c bounds -809 >= -2175 @ 171.719
c bounds -809 >= -2171 @ 171.734
c bounds -809 >= -2167 @ 171.746
c bounds -809 >= -2163 @ 171.767
c bounds -809 >= -2159 @ 171.776
c bounds -809 >= -2155 @ 171.798
c bounds -809 >= -2151 @ 171.807
c bounds -809 >= -2147 @ 171.815
c bounds -809 >= -2143 @ 171.829
c bounds -809 >= -2139 @ 171.841
c bounds -809 >= -2135 @ 171.853
c bounds -809 >= -2131 @ 171.86
c bounds -809 >= -2127 @ 171.877
c bounds -809 >= -2123 @ 171.883
c bounds -809 >= -2119 @ 171.897
c bounds -809 >= -2115 @ 171.924
c bounds -809 >= -2111 @ 171.95
c bounds -809 >= -2107 @ 171.998
c #Conflicts:      96000 | #Constraints:      36045
c bounds -809 >= -2103 @ 172.095
c bounds -809 >= -2099 @ 172.41
c bounds -809 >= -2095 @ 172.854
c bounds -809 >= -2091 @ 173.798
c bounds -809 >= -2087 @ 175.381
c INPROCESSING
c GARBAGE COLLECT
c bounds -809 >= -2083 @ 177.076
c #Conflicts:      97000 | #Constraints:      30891
c bounds -809 >= -2079 @ 178.323
c #Conflicts:      98000 | #Constraints:      31942
c bounds -809 >= -2075 @ 181.285
c bounds -809 >= -2071 @ 181.957
c #Conflicts:      99000 | #Constraints:      33002
c bounds -809 >= -2067 @ 185.674
c #Conflicts:     100000 | #Constraints:      34047
c bounds -809 >= -2063 @ 189.442
c #Conflicts:     101000 | #Constraints:      35098
c #Conflicts:     102000 | #Constraints:      36098
c #Conflicts:     103000 | #Constraints:      37098
c INPROCESSING
c GARBAGE COLLECT
c bounds -810 >= -2063 @ 199.751
c #Conflicts:     104000 | #Constraints:      31593
c #Conflicts:     105000 | #Constraints:      32593
c #Conflicts:     106000 | #Constraints:      33593
c #Conflicts:     107000 | #Constraints:      34593
c #Conflicts:     108000 | #Constraints:      35593
c #Conflicts:     109000 | #Constraints:      36593
c #Conflicts:     110000 | #Constraints:      37593
c #Conflicts:     111000 | #Constraints:      38593
c #Conflicts:     112000 | #Constraints:      39593
c #Conflicts:     113000 | #Constraints:      40593
c #Conflicts:     114000 | #Constraints:      41593
c #Conflicts:     115000 | #Constraints:      42593
c #Conflicts:     116000 | #Constraints:      43593
c #Conflicts:     117000 | #Constraints:      44593
c #Conflicts:     118000 | #Constraints:      45593
c #Conflicts:     119000 | #Constraints:      46593
c #Conflicts:     120000 | #Constraints:      47593
c #Conflicts:     121000 | #Constraints:      48593
c #Conflicts:     122000 | #Constraints:      49593
c #Conflicts:     123000 | #Constraints:      50593
c #Conflicts:     124000 | #Constraints:      51593
c #Conflicts:     125000 | #Constraints:      52593
c #Conflicts:     126000 | #Constraints:      53593
c #Conflicts:     127000 | #Constraints:      54593
c #Conflicts:     128000 | #Constraints:      55593
c #Conflicts:     129000 | #Constraints:      56593
c #Conflicts:     130000 | #Constraints:      57593
c #Conflicts:     131000 | #Constraints:      58593
c #Conflicts:     132000 | #Constraints:      59593
c INPROCESSING
c GARBAGE COLLECT
c #Conflicts:     133000 | #Constraints:      42800
c #Conflicts:     134000 | #Constraints:      43800
c bounds -810 >= -2060 @ 507.601
c #Conflicts:     135000 | #Constraints:      44803
c #Conflicts:     136000 | #Constraints:      45803
c #Conflicts:     137000 | #Constraints:      46803
c #Conflicts:     138000 | #Constraints:      47803
c #Conflicts:     139000 | #Constraints:      48803
c #Conflicts:     140000 | #Constraints:      49803
c bounds -810 >= -2057 @ 574.657
c INPROCESSING
c GARBAGE COLLECT
c #Conflicts:     141000 | #Constraints:      37860
c #Conflicts:     142000 | #Constraints:      38860
c #Conflicts:     143000 | #Constraints:      39860
c bounds -810 >= -2054 @ 598.925
c #Conflicts:     144000 | #Constraints:      40869
c #Conflicts:     145000 | #Constraints:      41869
c #Conflicts:     146000 | #Constraints:      42869
c #Conflicts:     147000 | #Constraints:      43869
c #Conflicts:     148000 | #Constraints:      44869
c INPROCESSING
c GARBAGE COLLECT
c #Conflicts:     149000 | #Constraints:      35379
c #Conflicts:     150000 | #Constraints:      36379
c #Conflicts:     151000 | #Constraints:      37379
c #Conflicts:     152000 | #Constraints:      38379
c #Conflicts:     153000 | #Constraints:      39379
c #Conflicts:     154000 | #Constraints:      40379
c #Conflicts:     155000 | #Constraints:      41379
c bounds -810 >= -2051 @ 676.95
c #Conflicts:     156000 | #Constraints:      42391
c INPROCESSING
c GARBAGE COLLECT
c #Conflicts:     157000 | #Constraints:      33952
c #Conflicts:     158000 | #Constraints:      34952
c #Conflicts:     159000 | #Constraints:      35952
c #Conflicts:     160000 | #Constraints:      36952
c #Conflicts:     161000 | #Constraints:      37952
c #Conflicts:     162000 | #Constraints:      38952
c #Conflicts:     163000 | #Constraints:      39952
c #Conflicts:     164000 | #Constraints:      40952
c #Conflicts:     165000 | #Constraints:      41952
c INPROCESSING
c GARBAGE COLLECT
c #Conflicts:     166000 | #Constraints:      34022
c #Conflicts:     167000 | #Constraints:      35022
c #Conflicts:     168000 | #Constraints:      36022
c #Conflicts:     169000 | #Constraints:      37022
c #Conflicts:     170000 | #Constraints:      38022
c #Conflicts:     171000 | #Constraints:      39022
c #Conflicts:     172000 | #Constraints:      40022
c #Conflicts:     173000 | #Constraints:      41022
c #Conflicts:     174000 | #Constraints:      42022
c #Conflicts:     175000 | #Constraints:      43022
c #Conflicts:     176000 | #Constraints:      44022
c #Conflicts:     177000 | #Constraints:      45022
c #Conflicts:     178000 | #Constraints:      46022
c #Conflicts:     179000 | #Constraints:      47022
c #Conflicts:     180000 | #Constraints:      48022
c #Conflicts:     181000 | #Constraints:      49022
c #Conflicts:     182000 | #Constraints:      50022
c #Conflicts:     183000 | #Constraints:      51022
c #Conflicts:     184000 | #Constraints:      52022
c #Conflicts:     185000 | #Constraints:      53022
c #Conflicts:     186000 | #Constraints:      54022
c #Conflicts:     187000 | #Constraints:      55022
c #Conflicts:     188000 | #Constraints:      56022
c #Conflicts:     189000 | #Constraints:      57022
c #Conflicts:     190000 | #Constraints:      58022
c #Conflicts:     191000 | #Constraints:      59022
c #Conflicts:     192000 | #Constraints:      60022
c #Conflicts:     193000 | #Constraints:      61022
c #Conflicts:     194000 | #Constraints:      62022
c #Conflicts:     195000 | #Constraints:      63022
c #Conflicts:     196000 | #Constraints:      64022
c #Conflicts:     197000 | #Constraints:      65022
c #Conflicts:     198000 | #Constraints:      66022
c #Conflicts:     199000 | #Constraints:      67022
c #Conflicts:     200000 | #Constraints:      68022
c #Conflicts:     201000 | #Constraints:      69022
c INPROCESSING
c GARBAGE COLLECT
c #Conflicts:     202000 | #Constraints:      47735
c #Conflicts:     203000 | #Constraints:      48735
c #Conflicts:     204000 | #Constraints:      49735
c #Conflicts:     205000 | #Constraints:      50735
c #Conflicts:     206000 | #Constraints:      51735
c #Conflicts:     207000 | #Constraints:      52735
c #Conflicts:     208000 | #Constraints:      53735
c #Conflicts:     209000 | #Constraints:      54735
c #Conflicts:     210000 | #Constraints:      55735
c INPROCESSING
c GARBAGE COLLECT
c #Conflicts:     211000 | #Constraints:      40731
c #Conflicts:     212000 | #Constraints:      41731
c #Conflicts:     213000 | #Constraints:      42731
c #Conflicts:     214000 | #Constraints:      43731
c #Conflicts:     215000 | #Constraints:      44731
c #Conflicts:     216000 | #Constraints:      45731
c #Conflicts:     217000 | #Constraints:      46731
c #Conflicts:     218000 | #Constraints:      47731
c #Conflicts:     219000 | #Constraints:      48731
c #Conflicts:     220000 | #Constraints:      49731
c INPROCESSING
c GARBAGE COLLECT
c #Conflicts:     221000 | #Constraints:      37743
c #Conflicts:     222000 | #Constraints:      38743
c #Conflicts:     223000 | #Constraints:      39743
c #Conflicts:     224000 | #Constraints:      40743
c #Conflicts:     225000 | #Constraints:      41743
c #Conflicts:     226000 | #Constraints:      42743
c #Conflicts:     227000 | #Constraints:      43743
c #Conflicts:     228000 | #Constraints:      44743
c #Conflicts:     229000 | #Constraints:      45743
c #Conflicts:     230000 | #Constraints:      46743
c #Conflicts:     231000 | #Constraints:      47743
c INPROCESSING
c GARBAGE COLLECT
c #Conflicts:     232000 | #Constraints:      37137
c #Conflicts:     233000 | #Constraints:      38137
c #Conflicts:     234000 | #Constraints:      39137
c #Conflicts:     235000 | #Constraints:      40137
c #Conflicts:     236000 | #Constraints:      41137
c #Conflicts:     237000 | #Constraints:      42137
c #Conflicts:     238000 | #Constraints:      43137
c #Conflicts:     239000 | #Constraints:      44137
c #Conflicts:     240000 | #Constraints:      45137
c #Conflicts:     241000 | #Constraints:      46137
c INPROCESSING
c GARBAGE COLLECT
c #Conflicts:     242000 | #Constraints:      36140
c #Conflicts:     243000 | #Constraints:      37140
c #Conflicts:     244000 | #Constraints:      38140
c #Conflicts:     245000 | #Constraints:      39140
c #Conflicts:     246000 | #Constraints:      40140
c #Conflicts:     247000 | #Constraints:      41140
c #Conflicts:     248000 | #Constraints:      42140
c #Conflicts:     249000 | #Constraints:      43140
c #Conflicts:     250000 | #Constraints:      44140
c #Conflicts:     251000 | #Constraints:      45140
c #Conflicts:     252000 | #Constraints:      46140
c INPROCESSING
c GARBAGE COLLECT
c #Conflicts:     253000 | #Constraints:      36377
c #Conflicts:     254000 | #Constraints:      37377
c #Conflicts:     255000 | #Constraints:      38377
c #Conflicts:     256000 | #Constraints:      39377
c #Conflicts:     257000 | #Constraints:      40377
c #Conflicts:     258000 | #Constraints:      41377
c #Conflicts:     259000 | #Constraints:      42377
c #Conflicts:     260000 | #Constraints:      43377
c #Conflicts:     261000 | #Constraints:      44377
c #Conflicts:     262000 | #Constraints:      45377
c #Conflicts:     263000 | #Constraints:      46377
c #Conflicts:     264000 | #Constraints:      47377
c #Conflicts:     265000 | #Constraints:      48377
c #Conflicts:     266000 | #Constraints:      49377
c #Conflicts:     267000 | #Constraints:      50377
c #Conflicts:     268000 | #Constraints:      51377
c #Conflicts:     269000 | #Constraints:      52377
c #Conflicts:     270000 | #Constraints:      53377
c #Conflicts:     271000 | #Constraints:      54377
c #Conflicts:     272000 | #Constraints:      55377
c #Conflicts:     273000 | #Constraints:      56377
c #Conflicts:     274000 | #Constraints:      57377
c #Conflicts:     275000 | #Constraints:      58377
c #Conflicts:     276000 | #Constraints:      59377
c #Conflicts:     277000 | #Constraints:      60377
c #Conflicts:     278000 | #Constraints:      61377
c #Conflicts:     279000 | #Constraints:      62377
c #Conflicts:     280000 | #Constraints:      63377
c #Conflicts:     281000 | #Constraints:      64377
c #Conflicts:     282000 | #Constraints:      65377
c #Conflicts:     283000 | #Constraints:      66377
c #Conflicts:     284000 | #Constraints:      67377
c #Conflicts:     285000 | #Constraints:      68377
c #Conflicts:     286000 | #Constraints:      69377
c #Conflicts:     287000 | #Constraints:      70377
c #Conflicts:     288000 | #Constraints:      71377
c #Conflicts:     289000 | #Constraints:      72377
c #Conflicts:     290000 | #Constraints:      73377
c #Conflicts:     291000 | #Constraints:      74377
c #Conflicts:     292000 | #Constraints:      75377
c #Conflicts:     293000 | #Constraints:      76377
c #Conflicts:     294000 | #Constraints:      77377
c #Conflicts:     295000 | #Constraints:      78377
c INPROCESSING
c GARBAGE COLLECT
c #Conflicts:     296000 | #Constraints:      52382
c #Conflicts:     297000 | #Constraints:      53382
c #Conflicts:     298000 | #Constraints:      54382
c #Conflicts:     299000 | #Constraints:      55382
c #Conflicts:     300000 | #Constraints:      56382
c #Conflicts:     301000 | #Constraints:      57382
c #Conflicts:     302000 | #Constraints:      58382
c #Conflicts:     303000 | #Constraints:      59382
c #Conflicts:     304000 | #Constraints:      60382
c #Conflicts:     305000 | #Constraints:      61382
c #Conflicts:     306000 | #Constraints:      62382
c #Conflicts:     307000 | #Constraints:      63382
c INPROCESSING
c GARBAGE COLLECT
c #Conflicts:     308000 | #Constraints:      44864
c #Conflicts:     309000 | #Constraints:      45864
c #Conflicts:     310000 | #Constraints:      46864
c #Conflicts:     311000 | #Con