c RoundingSat 2
c branch 
c commit 
c #variables 1404732 #constraints 2672062
c bounds - >= -2155440 @ 11.5786
c #Conflicts:       1000 | #Constraints:    2673061
c #Conflicts:       2000 | #Constraints:    2674061
c INPROCESSING
c bounds - >= -2155424 @ 12.1285
c bounds - >= -2155408 @ 12.2566
c bounds - >= -2155392 @ 12.3856
c bounds - >= -2155376 @ 12.5134
c bounds - >= -2155360 @ 12.6395
c bounds - >= -2155344 @ 12.7669
c bounds - >= -2155328 @ 12.8948
c bounds - >= -2155312 @ 13.0233
c bounds - >= -2155296 @ 13.1515
c bounds - >= -2155280 @ 13.2793
c bounds - >= -2155264 @ 13.4067
c bounds - >= -2155248 @ 13.5324
c bounds - >= -2155232 @ 13.6603
c bounds - >= -2155216 @ 13.7878
c bounds - >= -2155200 @ 13.9169
c bounds - >= -2155184 @ 14.0463
c bounds - >= -2155168 @ 14.1754
c bounds - >= -2155152 @ 14.3027
c bounds - >= -2155136 @ 14.4318
c bounds - >= -2155120 @ 14.5583
c bounds - >= -2155104 @ 14.6886
c bounds - >= -2155088 @ 14.8173
c bounds - >= -2155072 @ 14.9455
c bounds - >= -2155056 @ 15.0736
c bounds - >= -2155040 @ 15.2015
c bounds - >= -2155024 @ 15.3306
c bounds - >= -2155008 @ 15.4589
c bounds - >= -2154992 @ 15.5883
c bounds - >= -2154976 @ 15.7176
c bounds - >= -2154960 @ 15.8458
c bounds - >= -2154944 @ 15.9734
c bounds - >= -2154928 @ 16.1008
c bounds - >= -2154912 @ 16.229
c bounds - >= -2154896 @ 16.3576
c bounds - >= -2154880 @ 16.4848
c bounds - >= -2154864 @ 16.6135
c bounds - >= -2154848 @ 16.7427
c bounds - >= -2154832 @ 16.8712
c bounds - >= -2154816 @ 17.0006
c bounds - >= -2154800 @ 17.1295
c bounds - >= -2154784 @ 17.2587
c bounds - >= -2154768 @ 17.3875
c bounds - >= -2154752 @ 17.5154
c bounds - >= -2154736 @ 17.6441
c bounds - >= -2154720 @ 17.7711
c bounds - >= -2154704 @ 17.8993
c bounds - >= -2154688 @ 18.0278
c bounds - >= -2154672 @ 18.1545
c bounds - >= -2154656 @ 18.2822
c bounds - >= -2154640 @ 18.4086
c bounds - >= -2154624 @ 18.5361
c bounds - >= -2154608 @ 18.6651
c bounds - >= -2154592 @ 18.7936
c bounds - >= -2154576 @ 18.9218
c bounds - >= -2154560 @ 19.0495
c bounds - >= -2154544 @ 19.1772
c bounds - >= -2154528 @ 19.3061
c bounds - >= -2154512 @ 19.4346
c bounds - >= -2154496 @ 19.5633
c bounds - >= -2154480 @ 19.6907
c bounds - >= -2154464 @ 19.8198
c bounds - >= -2154448 @ 19.948
c bounds - >= -2154432 @ 20.0746
c bounds - >= -2154416 @ 20.2013
c bounds - >= -2154400 @ 20.3288
c bounds - >= -2154384 @ 20.4582
c bounds - >= -2154368 @ 20.5876
c bounds - >= -2154352 @ 20.7158
c bounds - >= -2154336 @ 20.8445
c bounds - >= -2154320 @ 20.9719
c bounds - >= -2154304 @ 21.1021
c bounds - >= -2154288 @ 21.2304
c bounds - >= -2154272 @ 21.359
c bounds - >= -2154256 @ 21.4878
c bounds - >= -2154240 @ 21.6163
c bounds - >= -2154224 @ 21.7448
c bounds - >= -2154208 @ 21.8735
c bounds - >= -2154192 @ 22.0019
c bounds - >= -2154176 @ 22.1306
c bounds - >= -2154160 @ 22.2595
c bounds - >= -2154144 @ 22.3871
c bounds - >= -2154128 @ 22.5156
c bounds - >= -2154112 @ 22.6434
c bounds - >= -2154096 @ 22.7692
c bounds - >= -2154080 @ 22.897
c bounds - >= -2154064 @ 23.0239
c bounds - >= -2154048 @ 23.1514
c bounds - >= -2154032 @ 23.2787
c bounds - >= -2154016 @ 23.4066
c bounds - >= -2154000 @ 23.5332
c bounds - >= -2153984 @ 23.662
c bounds - >= -2153968 @ 23.7912
c bounds - >= -2153952 @ 23.9191
c bounds - >= -2153936 @ 24.0475
c bounds - >= -2153920 @ 24.1767
c bounds - >= -2153904 @ 24.3039
c bounds - >= -2153888 @ 24.4318
c bounds - >= -2153872 @ 24.5608
c bounds - >= -2153856 @ 24.6901
c bounds - >= -2153840 @ 24.819
c bounds - >= -2153824 @ 24.9476
c bounds - >= -2153808 @ 25.0747
c bounds - >= -2153792 @ 25.2035
c bounds - >= -2153776 @ 25.3326
c bounds - >= -2153760 @ 25.4604
c bounds - >= -2153744 @ 25.5884
c bounds - >= -2153728 @ 25.7156
c bounds - >= -2153712 @ 25.8436
c bounds - >= -2153696 @ 25.9707
c bounds - >= -2153680 @ 26.0978
c bounds - >= -2153664 @ 26.225
c bounds - >= -2153648 @ 26.352
c bounds - >= -2153632 @ 26.481
c bounds - >= -2153616 @ 26.6096
c bounds - >= -2153600 @ 26.7376
c bounds - >= -2153584 @ 26.8669
c bounds - >= -2153568 @ 26.9939
c bounds - >= -2153552 @ 27.1223
c bounds - >= -2153536 @ 27.2506
c bounds - >= -2153520 @ 27.3794
c bounds - >= -2153504 @ 27.5091
c bounds - >= -2153488 @ 27.6385
c bounds - >= -2153472 @ 27.7662
c bounds - >= -2153456 @ 27.8932
c bounds - >= -2153440 @ 28.0212
c bounds - >= -2153424 @ 28.15
c bounds - >= -2153408 @ 28.2789
c bounds - >= -2153392 @ 28.4071
c bounds - >= -2153376 @ 28.5343
c bounds - >= -2153360 @ 28.6624
c bounds - >= -2153344 @ 28.7903
c bounds - >= -2153328 @ 28.9198
c bounds - >= -2153312 @ 29.0494
c bounds - >= -2153296 @ 29.1769
c bounds - >= -2153280 @ 29.3059
c bounds - >= -2153264 @ 29.4352
c bounds - >= -2153248 @ 29.5633
c bounds - >= -2153232 @ 29.6909
c bounds - >= -2153216 @ 29.8183
c bounds - >= -2153200 @ 29.9461
c bounds - >= -2153184 @ 30.0738
c bounds - >= -2153168 @ 30.2006
c bounds - >= -2153152 @ 30.3282
c bounds - >= -2153136 @ 30.4572
c bounds - >= -2153120 @ 30.585
c bounds - >= -2153104 @ 30.7135
c bounds - >= -2153088 @ 30.8417
c bounds - >= -2153072 @ 30.9696
c bounds - >= -2153056 @ 31.0968
c bounds - >= -2153040 @ 31.2252
c bounds - >= -2153024 @ 31.3547
c bounds - >= -2153008 @ 31.4826
c bounds - >= -2152992 @ 31.6102
c bounds - >= -2152976 @ 31.7384
c bounds - >= -2152960 @ 31.8683
c bounds - >= -2152944 @ 32
c bounds - >= -2152928 @ 32.1286
c bounds - >= -2152912 @ 32.2583
c bounds - >= -2152896 @ 32.3877
c bounds - >= -2152880 @ 32.5163
c bounds - >= -2152864 @ 32.646
c bounds - >= -2152848 @ 32.7756
c bounds - >= -2152832 @ 32.9046
c bounds - >= -2152816 @ 33.0333
c bounds - >= -2152800 @ 33.1611
c bounds - >= -2152784 @ 33.2895
c bounds - >= -2152768 @ 33.4179
c bounds - >= -2152752 @ 33.5462
c bounds - >= -2152736 @ 33.6748
c bounds - >= -2152720 @ 33.8043
c bounds - >= -2152704 @ 33.9332
c bounds - >= -2152688 @ 34.0615
c bounds - >= -2152672 @ 34.1905
c bounds - >= -2152656 @ 34.3176
c bounds - >= -2152640 @ 34.4467
c bounds - >= -2152624 @ 34.5744
c bounds - >= -2152608 @ 34.7028
c bounds - >= -2152592 @ 34.8315
c bounds - >= -2152576 @ 34.9582
c bounds - >= -2152560 @ 35.0867
c bounds - >= -2152544 @ 35.215
c bounds - >= -2152528 @ 35.3435
c bounds - >= -2152512 @ 35.4717
c bounds - >= -2152496 @ 35.6003
c bounds - >= -2152480 @ 35.7278
c bounds - >= -2152464 @ 35.855
c bounds - >= -2152448 @ 35.9817
c bounds - >= -2152432 @ 36.1091
c bounds - >= -2152416 @ 36.237
c bounds - >= -2152400 @ 36.3659
c bounds - >= -2152384 @ 36.4957
c bounds - >= -2152368 @ 36.6252
c bounds - >= -2152352 @ 36.7532
c bounds - >= -2152336 @ 36.8824
c bounds - >= -2152320 @ 37.0102
c bounds - >= -2152304 @ 37.1384
c bounds - >= -2152288 @ 37.2659
c bounds - >= -2152272 @ 37.3951
c bounds - >= -2152256 @ 37.5237
c bounds - >= -2152240 @ 37.6532
c bounds - >= -2152224 @ 37.7805
c bounds - >= -2152208 @ 37.9089
c bounds - >= -2152192 @ 38.039
c bounds - >= -2152176 @ 38.1685
c bounds - >= -2152160 @ 38.2969
c bounds - >= -2152144 @ 38.4257
c bounds - >= -2152128 @ 38.5555
c bounds - >= -2152112 @ 38.6829
c bounds - >= -2152096 @ 38.811
c bounds - >= -2152080 @ 38.9387
c bounds - >= -2152064 @ 39.0666
c bounds - >= -2152048 @ 39.1952
c bounds - >= -2152032 @ 39.3251
c bounds - >= -2152016 @ 39.4551
c bounds - >= -2152000 @ 39.5844
c bounds - >= -2151984 @ 39.7116
c bounds - >= -2151968 @ 39.8381
c bounds - >= -2151952 @ 39.9661
c bounds - >= -2151936 @ 40.0949
c bounds - >= -2151920 @ 40.2227
c bounds - >= -2151904 @ 40.3519
c bounds - >= -2151888 @ 40.4792
c bounds - >= -2151872 @ 40.6085
c bounds - >= -2151856 @ 40.7355
c bounds - >= -2151840 @ 40.8635
c bounds - >= -2151824 @ 40.9922
c bounds - >= -2151808 @ 41.121
c bounds - >= -2151792 @ 41.2494
c bounds - >= -2151776 @ 41.378
c bounds - >= -2151760 @ 41.5069
c bounds - >= -2151744 @ 41.6355
c bounds - >= -2151728 @ 41.7652
c bounds - >= -2151712 @ 41.8923
c bounds - >= -2151696 @ 42.0209
c bounds - >= -2151680 @ 42.1497
c bounds - >= -2151664 @ 42.2783
c bounds - >= -2151648 @ 42.4059
c bounds - >= -2151632 @ 42.5346
c bounds - >= -2151616 @ 42.6634
c bounds - >= -2151600 @ 42.7905
c bounds - >= -2151584 @ 42.9208
c bounds - >= -2151568 @ 43.0501
c bounds - >= -2151552 @ 43.1792
c bounds - >= -2151536 @ 43.3066
c bounds - >= -2151520 @ 43.4335
c bounds - >= -2151504 @ 43.562
c bounds - >= -2151488 @ 43.6897
c bounds - >= -2151472 @ 43.8191
c bounds - >= -2151456 @ 43.9475
c bounds - >= -2151440 @ 44.0774
c bounds - >= -2151424 @ 44.2081
c bounds - >= -2151408 @ 44.3374
c bounds - >= -2151392 @ 44.4672
c bounds - >= -2151376 @ 44.5951
c bounds - >= -2151360 @ 44.7233
c bounds - >= -2151344 @ 44.8501
c bounds - >= -2151328 @ 44.9798
c bounds - >= -2151312 @ 45.1092
c bounds - >= -2151296 @ 45.2387
c bounds - >= -2151280 @ 45.3686
c bounds - >= -2151264 @ 45.4976
c bounds - >= -2151248 @ 45.6279
c bounds - >= -2151232 @ 45.757
c bounds - >= -2151216 @ 45.8853
c bounds - >= -2151200 @ 46.0151
c bounds - >= -2151184 @ 46.1434
c bounds - >= -2151168 @ 46.2714
c bounds - >= -2151152 @ 46.4001
c bounds - >= -2151136 @ 46.5273
c bounds - >= -2151120 @ 46.6563
c bounds - >= -2151104 @ 46.786
c bounds - >= -2151088 @ 46.9142
c bounds - >= -2151072 @ 47.0421
c bounds - >= -2151056 @ 47.1704
c bounds - >= -2151040 @ 47.2986
c bounds - >= -2151024 @ 47.4279
c bounds - >= -2151008 @ 47.5578
c bounds - >= -2150992 @ 47.6866
c bounds - >= -2150976 @ 47.8152
c bounds - >= -2150960 @ 47.9432
c bounds - >= -2150944 @ 48.0719
c bounds - >= -2150928 @ 48.2011
c bounds - >= -2150912 @ 48.3315
c bounds - >= -2150896 @ 48.4591
c bounds - >= -2150880 @ 48.5889
c bounds - >= -2150864 @ 48.7188
c bounds - >= -2150848 @ 48.8472
c bounds - >= -2150832 @ 48.975
c bounds - >= -2150816 @ 49.1024
c bounds - >= -2150800 @ 49.2304
c bounds - >= -2150784 @ 49.3589
c bounds - >= -2150768 @ 49.4848
c bounds - >= -2150752 @ 49.6138
c bounds - >= -2150736 @ 49.7426
c bounds - >= -2150720 @ 49.8705
c bounds - >= -2150704 @ 49.9994
c bounds - >= -2150688 @ 50.1284
c bounds - >= -2150672 @ 50.2565
c bounds - >= -2150656 @ 50.3855
c bounds - >= -2150640 @ 50.5139
c bounds - >= -2150624 @ 50.6449
c bounds - >= -2150608 @ 50.7755
c bounds - >= -2150592 @ 50.9046
c bounds - >= -2150576 @ 51.0354
c bounds - >= -2150560 @ 51.1632
c bounds - >= -2150544 @ 51.2915
c bounds - >= -2150528 @ 51.4188
c bounds - >= -2150512 @ 51.5463
c bounds - >= -2150496 @ 51.6746
c bounds - >= -2150480 @ 51.8023
c bounds - >= -2150464 @ 51.9311
c bounds - >= -2150448 @ 52.0601
c bounds - >= -2150432 @ 52.1882
c bounds - >= -2150416 @ 52.3155
c bounds - >= -2150400 @ 52.4421
c bounds - >= -2150384 @ 52.5709
c bounds - >= -2150368 @ 52.7001
c bounds - >= -2150352 @ 52.8286
c bounds - >= -2150336 @ 52.9582
c bounds - >= -2150320 @ 53.086
c bounds - >= -2150304 @ 53.2146
c bounds - >= -2150288 @ 53.3426
c bounds - >= -2150272 @ 53.4714
c bounds - >= -2150256 @ 53.6013
c bounds - >= -2150240 @ 53.7291
c bounds - >= -2150224 @ 53.8584
c bounds - >= -2150208 @ 53.9862
c bounds - >= -2150192 @ 54.1142
c bounds - >= -2150176 @ 54.2432
c bounds - >= -2150160 @ 54.3708
c bounds - >= -2150144 @ 54.4967
c bounds - >= -2150128 @ 54.6248
c bounds - >= -2150112 @ 54.7544
c bounds - >= -2150096 @ 54.883
c bounds - >= -2150080 @ 55.0119
c bounds - >= -2150064 @ 55.1417
c bounds - >= -2150048 @ 55.2708
c bounds - >= -2150032 @ 55.4
c bounds - >= -2150016 @ 55.5295
c bounds - >= -2150000 @ 55.6589
c bounds - >= -2149984 @ 55.7842
c bounds - >= -2149968 @ 55.9111
c bounds - >= -2149952 @ 56.0389
c bounds - >= -2149936 @ 56.166
c bounds - >= -2149920 @ 56.2935
c bounds - >= -2149904 @ 56.4203
c bounds - >= -2149888 @ 56.5478
c bounds - >= -2149872 @ 56.6758
c bounds - >= -2149856 @ 56.8023
c bounds - >= -2149840 @ 56.9275
c bounds - >= -2149824 @ 57.0546
c bounds - >= -2149808 @ 57.1844
c bounds - >= -2149792 @ 57.3144
c bounds - >= -2149776 @ 57.4439
c bounds - >= -2149760 @ 57.5743
c bounds - >= -2149744 @ 57.7042
c bounds - >= -2149728 @ 57.8335
c bounds - >= -2149712 @ 57.9609
c bounds - >= -2149696 @ 58.0898
c bounds - >= -2149680 @ 58.2197
c bounds - >= -2149664 @ 58.3465
c bounds - >= -2149648 @ 58.4755
c bounds - >= -2149632 @ 58.6026
c bounds - >= -2149616 @ 58.7321
c bounds - >= -2149600 @ 58.8602
c bounds - >= -2149584 @ 58.99
c bounds - >= -2149568 @ 59.1198
c bounds - >= -2149552 @ 59.2481
c bounds - >= -2149536 @ 59.3766
c bounds - >= -2149520 @ 59.5058
c bounds - >= -2149504 @ 59.6345
c bounds - >= -2149488 @ 59.7621
c bounds - >= -2149472 @ 59.8904
c bounds - >= -2149456 @ 60.0176
c bounds - >= -2149440 @ 60.1458
c bounds - >= -2149424 @ 60.2756
c bounds - >= -2149408 @ 60.4035
c bounds - >= -2149392 @ 60.5324
c bounds - >= -2149376 @ 60.6625
c bounds - >= -2149360 @ 60.792
c bounds - >= -2149344 @ 60.9198
c bounds - >= -2149328 @ 61.0492
c bounds - >= -2149312 @ 61.1764
c bounds - >= -2149296 @ 61.3046
c bounds - >= -2149280 @ 61.4328
c bounds - >= -2149264 @ 61.5618
c bounds - >= -2149248 @ 61.6888
c bounds - >= -2149232 @ 61.8163
c bounds - >= -2149216 @ 61.9463
c bounds - >= -2149200 @ 62.0749
c bounds - >= -2149184 @ 62.2041
c bounds - >= -2149168 @ 62.3338
c bounds - >= -2149152 @ 62.462
c bounds - >= -2149136 @ 62.5892
c bounds - >= -2149120 @ 62.717
c bounds - >= -2149104 @ 62.8456
c bounds - >= -2149088 @ 62.9735
c bounds - >= -2149072 @ 63.0996
c bounds - >= -2149056 @ 63.2264
c bounds - >= -2149040 @ 63.3552
c bounds - >= -2149024 @ 63.4851
c bounds - >= -2149008 @ 63.612
c bounds - >= -2148992 @ 63.7412
c bounds - >= -2148976 @ 63.8697
c bounds - >= -2148960 @ 63.9975
c bounds - >= -2148944 @ 64.1256
c bounds - >= -2148928 @ 64.2536
c bounds - >= -2148912 @ 64.3823
c bounds - >= -2148896 @ 64.5107
c bounds - >= -2148880 @ 64.6378
c bounds - >= -2148864 @ 64.7663
c bounds - >= -2148848 @ 64.8951
c bounds - >= -2148832 @ 65.0243
c bounds - >= -2148816 @ 65.1536
c bounds - >= -2148800 @ 65.2823
c bounds - >= -2148784 @ 65.4125
c bounds - >= -2148768 @ 65.5408
c bounds - >= -2148752 @ 65.6687
c bounds - >= -2148736 @ 65.7993
c bounds - >= -2148720 @ 65.9268
c bounds - >= -2148704 @ 66.0546
c bounds - >= -2148688 @ 66.1834
c bounds - >= -2148672 @ 66.3126
c bounds - >= -2148656 @ 66.4409
c bounds - >= -2148640 @ 66.5686
c bounds - >= -2148624 @ 66.6967
c bounds - >= -2148608 @ 66.8236
c bounds - >= -2148592 @ 66.9531
c bounds - >= -2148576 @ 67.0816
c bounds - >= -2148560 @ 67.2103
c bounds - >= -2148544 @ 67.3381
c bounds - >= -2148528 @ 67.4657
c bounds - >= -2148512 @ 67.595
c bounds - >= -2148496 @ 67.7242
c bounds - >= -2148480 @ 67.8525
c bounds - >= -2148464 @ 67.9815
c bounds - >= -2148448 @ 68.1117
c bounds - >= -2148432 @ 68.2385
c bounds - >= -2148416 @ 68.3667
c bounds - >= -2148400 @ 68.4958
c bounds - >= -2148384 @ 68.6225
c bounds - >= -2148368 @ 68.7499
c bounds - >= -2148352 @ 68.8792
c bounds - >= -2148336 @ 69.0075
c bounds - >= -2148320 @ 69.1386
c bounds - >= -2148304 @ 69.2673
c bounds - >= -2148288 @ 69.3963
c bounds - >= -2148272 @ 69.5237
c bounds - >= -2148256 @ 69.6527
c bounds - >= -2148240 @ 69.7799
c bounds - >= -2148224 @ 69.9069
c bounds - >= -2148208 @ 70.0342
c bounds - >= -2148192 @ 70.1616
c bounds - >= -2148176 @ 70.2911
c bounds - >= -2148160 @ 70.4201
c bounds - >= -2148144 @ 70.5478
c bounds - >= -2148128 @ 70.6753
c bounds - >= -2148112 @ 70.8056
c bounds - >= -2148096 @ 70.9343
c bounds - >= -2148080 @ 71.0624
c bounds - >= -2148064 @ 71.191
c bounds - >= -2148048 @ 71.3176
c bounds - >= -2148032 @ 71.4451
c bounds - >= -2148016 @ 71.5746
c bounds - >= -2148000 @ 71.7029
c bounds - >= -2147984 @ 71.8324
c bounds - >= -2147968 @ 71.9623
c bounds - >= -2147952 @ 72.0901
c bounds - >= -2147936 @ 72.2216
c bounds - >= -2147920 @ 72.3493
c bounds - >= -2147904 @ 72.4771
c bounds - >= -2147888 @ 72.6047
c bounds - >= -2147872 @ 72.7339
c bounds - >= -2147856 @ 72.8617
c bounds - >= -2147840 @ 72.9903
c bounds - >= -2147824 @ 73.1193
c bounds - >= -2147808 @ 73.2494
c bounds - >= -2147792 @ 73.3785
c bounds - >= -2147776 @ 73.5083
c bounds - >= -2147760 @ 73.6371
c bounds - >= -2147744 @ 73.7651
c bounds - >= -2147728 @ 73.8946
c bounds - >= -2147712 @ 74.0225
c bounds - >= -2147696 @ 74.1509
c bounds - >= -2147680 @ 74.2788
c bounds - >= -2147664 @ 74.407
c bounds - >= -2147648 @ 74.5352
c bounds - >= -2147632 @ 74.6634
c bounds - >= -2147616 @ 74.7915
c bounds - >= -2147600 @ 74.9198
c bounds - >= -2147584 @ 75.0473
c bounds - >= -2147568 @ 75.1735
c bounds - >= -2147552 @ 75.3019
c bounds - >= -2147536 @ 75.4286
c bounds - >= -2147520 @ 75.5565
c bounds - >= -2147504 @ 75.6853
c bounds - >= -2147488 @ 75.8133
c bounds - >= -2147472 @ 75.9414
c bounds - >= -2147456 @ 76.0684
c bounds - >= -2147440 @ 76.1954
c bounds - >= -2147424 @ 76.3228
c bounds - >= -2147408 @ 76.4503
c bounds - >= -2147392 @ 76.579
c bounds - >= -2147376 @ 76.7069
c bounds - >= -2147360 @ 76.8364
c bounds - >= -2147344 @ 76.9655
c bounds - >= -2147328 @ 77.0943
c bounds - >= -2147312 @ 77.2229
c bounds - >= -2147296 @ 77.3509
c bounds - >= -2147280 @ 77.4777
c bounds - >= -2147264 @ 77.6056
c bounds - >= -2147248 @ 77.7334
c bounds - >= -2147232 @ 77.8604
c bounds - >= -2147216 @ 77.9877
c bounds - >= -2147200 @ 78.1156
c bounds - >= -2147184 @ 78.243
c bounds - >= -2147168 @ 78.3715
c bounds - >= -2147152 @ 78.5002
c bounds - >= -2147136 @ 78.6283
c bounds - >= -2147120 @ 78.7583
c bounds - >= -2147104 @ 78.8878
c bounds - >= -2147088 @ 79.0177
c bounds - >= -2147072 @ 79.1448
c bounds - >= -2147056 @ 79.2724
c bounds - >= -2147040 @ 79.3986
c bounds - >= -2147024 @ 79.5261
c bounds - >= -2147008 @ 79.6538
c bounds - >= -2146992 @ 79.7819
c bounds - >= -2146976 @ 79.9098
c bounds - >= -2146960 @ 80.0376
c bounds - >= -2146944 @ 80.1674
c bounds - >= -2146928 @ 80.2968
c bounds - >= -2146912 @ 80.4247
c bounds - >= -2146896 @ 80.5513
c bounds - >= -2146880 @ 80.6792
c bounds - >= -2146864 @ 80.81
c bounds - >= -2146848 @ 80.9384
c bounds - >= -2146832 @ 81.067
c bounds - >= -2146816 @ 81.1962
c bounds - >= -2146800 @ 81.3243
c bounds - >= -2146784 @ 81.4536
c bounds - >= -2146768 @ 81.5816
c bounds - >= -2146752 @ 81.7089
c bounds - >= -2146736 @ 81.8367
c bounds - >= -2146720 @ 81.9647
c bounds - >= -2146704 @ 82.0936
c bounds - >= -2146688 @ 82.2213
c bounds - >= -2146672 @ 82.3506
c bounds - >= -2146656 @ 82.4801
c bounds - >= -2146640 @ 82.6063
c bounds - >= -2146624 @ 82.7344
c bounds - >= -2146608 @ 82.8615
c bounds - >= -2146592 @ 82.9883
c bounds - >= -2146576 @ 83.1161
c bounds - >= -2146560 @ 83.2439
c bounds - >= -2146544 @ 83.371
c bounds - >= -2146528 @ 83.4967
c bounds - >= -2146512 @ 83.6253
c bounds - >= -2146496 @ 83.7536
c bounds - >= -2146480 @ 83.8813
c bounds - >= -2146464 @ 84.0083
c bounds - >= -2146448 @ 84.1362
c bounds - >= -2146432 @ 84.2652
c bounds - >= -2146416 @ 84.3934
c bounds - >= -2146400 @ 84.5208
c bounds - >= -2146384 @ 84.6499
c bounds - >= -2146368 @ 84.7786
c bounds - >= -2146352 @ 84.9086
c bounds - >= -2146336 @ 85.0379
c bounds - >= -2146320 @ 85.1659
c bounds - >= -2146304 @ 85.2942
c bounds - >= -2146288 @ 85.422
c bounds - >= -2146272 @ 85.5492
c bounds - >= -2146256 @ 85.6766
c bounds - >= -2146240 @ 85.8032
c bounds - >= -2146224 @ 85.9295
c bounds - >= -2146208 @ 86.0565
c bounds - >= -2146192 @ 86.1846
c bounds - >= -2146176 @ 86.3123
c bounds - >= -2146160 @ 86.4407
c bounds - >= -2146144 @ 86.5679
c bounds - >= -2146128 @ 86.6958
c bounds - >= -2146112 @ 86.8234
c bounds - >= -2146096 @ 86.9523
c bounds - >= -2146080 @ 87.0781
c bounds - >= -2146064 @ 87.2057
c bounds - >= -2146048 @ 87.3314
c bounds - >= -2146032 @ 87.4561
c bounds - >= -2146016 @ 87.5822
c bounds - >= -2146000 @ 87.7096
c bounds - >= -2145984 @ 87.8375
c bounds - >= -2145968 @ 87.9638
c bounds - >= -2145952 @ 88.0901
c bounds - >= -2145936 @ 88.2178
c bounds - >= -2145920 @ 88.3461
c bounds - >= -2145904 @ 88.4756
c bounds - >= -2145888 @ 88.6024
c bounds - >= -2145872 @ 88.7287
c bounds - >= -2145856 @ 88.8567
c bounds - >= -2145840 @ 88.9839
c bounds - >= -2145824 @ 89.1115
c bounds - >= -2145808 @ 89.2393
c bounds - >= -2145792 @ 89.3677
c bounds - >= -2145776 @ 89.4936
c bounds - >= -2145760 @ 89.6196
c bounds - >= -2145744 @ 89.7468
c bounds - >= -2145728 @ 89.875
c bounds - >= -2145712 @ 90.002
c bounds - >= -2145696 @ 90.1294
c bounds - >= -2145680 @ 90.257
c bounds - >= -2145664 @ 90.3851
c bounds - >= -2145648 @ 90.5148
c bounds - >= -2145632 @ 90.6433
c bounds - >= -2145616 @ 90.772
c bounds - >= -2145600 @ 90.9009
c bounds - >= -2145584 @ 91.0282
c bounds - >= -2145568 @ 91.1533
c bounds - >= -2145552 @ 91.28
c bounds - >= -2145536 @ 91.4074
c bounds - >= -2145520 @ 91.5336
c bounds - >= -2145504 @ 91.6605
c bounds - >= -2145488 @ 91.7878
c bounds - >= -2145472 @ 91.9129
c bounds - >= -2145456 @ 92.0386
c bounds - >= -2145440 @ 92.1644
c bounds - >= -2145424 @ 92.2915
c bounds - >= -2145408 @ 92.4164
c bounds - >= -2145392 @ 92.5424
c bounds - >= -2145376 @ 92.6667
c bounds - >= -2145360 @ 92.7942
c bounds - >= -2145344 @ 92.9214
c bounds - >= -2145328 @ 93.0483
c bounds - >= -2145312 @ 93.1745
c bounds - >= -2145296 @ 93.3016
c bounds - >= -2145280 @ 93.4274
c bounds - >= -2145264 @ 93.5545
c bounds - >= -2145248 @ 93.6799
c bounds - >= -2145232 @ 93.807
c bounds - >= -2145216 @ 93.9336
c bounds - >= -2145200 @ 94.0603
c bounds - >= -2145184 @ 94.1868
c bounds - >= -2145168 @ 94.313
c bounds - >= -2145152 @ 94.4401
c bounds - >= -2145136 @ 94.566
c bounds - >= -2145120 @ 94.6921
c bounds - >= -2145104 @ 94.8175
c bounds - >= -2145088 @ 94.9445
c bounds - >= -2145072 @ 95.0719
c bounds - >= -2145056 @ 95.1975
c bounds - >= -2145040 @ 95.3235
c bounds - >= -2145024 @ 95.4501
c bounds - >= -2145008 @ 95.5781
c bounds - >= -2144992 @ 95.7052
c bounds - >= -2144976 @ 95.8317
c bounds - >= -2144960 @ 95.9578
c bounds - >= -2144944 @ 96.0829
c bounds - >= -2144928 @ 96.2085
c bounds - >= -2144912 @ 96.3353
c bounds - >= -2144896 @ 96.4633
c bounds - >= -2144880 @ 96.5901
c bounds - >= -2144864 @ 96.7177
c bounds - >= -2144848 @ 96.8438
c bounds - >= -2144832 @ 96.9693
c bounds - >= -2144816 @ 97.0948
c bounds - >= -2144800 @ 97.222
c bounds - >= -2144784 @ 97.3488
c bounds - >= -2144768 @ 97.4746
c bounds - >= -2144752 @ 97.6006
c bounds - >= -2144736 @ 97.7265
c bounds - >= -2144720 @ 97.8563
c bounds - >= -2144704 @ 97.9825
c bounds - >= -2144688 @ 98.1104
c bounds - >= -2144672 @ 98.2375
c bounds - >= -2144656 @ 98.3655
c bounds - >= -2144640 @ 98.4934
c bounds - >= -2144624 @ 98.6229
c bounds - >= -2144608 @ 98.7527
c bounds - >= -2144592 @ 98.8796
c bounds - >= -2144576 @ 99.0091
c bounds - >= -2144560 @ 99.1367
c bounds - >= -2144544 @ 99.2658
c bounds - >= -2144528 @ 99.3944
c bounds - >= -2144512 @ 99.521
c bounds - >= -2144496 @ 99.6477
c bounds - >= -2144480 @ 99.7766
c bounds - >= -2144464 @ 99.9052
c bounds - >= -2144448 @ 100.035
c bounds - >= -2144432 @ 100.163
c bounds - >= -2144416 @ 100.291
c bounds - >= -2144400 @ 100.417
c bounds - >= -2144384 @ 100.544
c bounds - >= -2144368 @ 100.674
c bounds - >= -2144352 @ 100.8
c bounds - >= -2144336 @ 100.926
c bounds - >= -2144320 @ 101.053
c bounds - >= -2144304 @ 101.181
c bounds - >= -2144288 @ 101.309
c bounds - >= -2144272 @ 101.435
c bounds - >= -2144256 @ 101.563
c bounds - >= -2144240 @ 101.692
c bounds - >= -2144224 @ 101.821
c bounds - >= -2144208 @ 101.95
c bounds - >= -2144192 @ 102.079
c bounds - >= -2144176 @ 102.207
c bounds - >= -2144160 @ 102.334
c bounds - >= -2144144 @ 102.462
c bounds - >= -2144128 @ 102.59
c bounds - >= -2144112 @ 102.719
c bounds - >= -2144096 @ 102.845
c bounds - >= -2144080 @ 102.974
c bounds - >= -2144064 @ 103.103
c bounds - >= -2144048 @ 103.232
c bounds - >= -2144032 @ 103.36
c bounds - >= -2144016 @ 103.486
c bounds - >= -2144000 @ 103.612
c bounds - >= -2143984 @ 103.737
c bounds - >= -2143968 @ 103.864
c bounds - >= -2143952 @ 103.991
c bounds - >= -2143936 @ 104.118
c bounds - >= -2143920 @ 104.243
c bounds - >= -2143904 @ 104.37
c bounds - >= -2143888 @ 104.497
c bounds - >= -2143872 @ 104.625
c bounds - >= -2143856 @ 104.752
c bounds - >= -2143840 @ 104.879
c bounds - >= -2143824 @ 105.005
c bounds - >= -2143808 @ 105.135
c bounds - >= -2143792 @ 105.262
c bounds - >= -2143776 @ 105.391
c bounds - >= -2143760 @ 105.52
c bounds - >= -2143744 @ 105.649
c bounds - >= -2143728 @ 105.779
c bounds - >= -2143712 @ 105.906
c bounds - >= -2143696 @ 106.035
c bounds - >= -2143680 @ 106.162
c bounds - >= -2143664 @ 106.291
c bounds - >= -2143648 @ 106.42
c bounds - >= -2143632 @ 106.549
c bounds - >= -2143616 @ 106.678
c bounds - >= -2143600 @ 106.807
c bounds - >= -2143584 @ 106.934
c bounds - >= -2143568 @ 107.061
c bounds - >= -2143552 @ 107.189
c bounds - >= -2143536 @ 107.318
c bounds - >= -2143520 @ 107.446
c bounds - >= -2143504 @ 107.576
c bounds - >= -2143488 @ 107.704
c bounds - >= -2143472 @ 107.83
c bounds - >= -2143456 @ 107.958
c bounds - >= -2143440 @ 108.085
c bounds - >= -2143424 @ 108.212
c bounds - >= -2143408 @ 108.341
c bounds - >= -2143392 @ 108.469
c bounds - >= -2143376 @ 108.595
c bounds - >= -2143360 @ 108.723
c bounds - >= -2143344 @ 108.851
c bounds - >= -2143328 @ 108.979
c bounds - >= -2143312 @ 109.109
c bounds - >= -2143296 @ 109.236
c bounds - >= -2143280 @ 109.365
c bounds - >= -2143264 @ 109.495
c bounds - >= -2143248 @ 109.623
c bounds - >= -2143232 @ 109.752
c bounds - >= -2143216 @ 109.88
c bounds - >= -2143200 @ 110.008
c bounds - >= -2143184 @ 110.134
c bounds - >= -2143168 @ 110.263
c bounds - >= -2143152 @ 110.391
c bounds - >= -2143136 @ 110.521
c bounds - >= -2143120 @ 110.651
c bounds - >= -2143104 @ 110.78
c bounds - >= -2143088 @ 110.908
c bounds - >= -2143072 @ 111.038
c bounds - >= -2143056 @ 111.166
c bounds - >= -2143040 @ 111.294
c bounds - >= -2143024 @ 111.423
c bounds - >= -2143008 @ 111.552
c bounds - >= -2142992 @ 111.679
c bounds - >= -2142976 @ 111.807
c bounds - >= -2142960 @ 111.937
c bounds - >= -2142944 @ 112.066
c bounds - >= -2142928 @ 112.193
c bounds - >= -2142912 @ 112.32
c bounds - >= -2142896 @ 112.449
c bounds - >= -2142880 @ 112.578
c bounds - >= -2142864 @ 112.706
c bounds - >= -2142848 @ 112.834
c bounds - >= -2142832 @ 112.964
c bounds - >= -2142816 @ 113.094
c bounds - >= -2142800 @ 113.223
c bounds - >= -2142784 @ 113.352
c bounds - >= -2142768 @ 113.48
c bounds - >= -2142752 @ 113.608
c bounds - >= -2142736 @ 113.736
c bounds - >= -2142720 @ 113.864
c bounds - >= -2142704 @ 113.991
c bounds - >= -2142688 @ 114.123
c bounds - >= -2142672 @ 114.252
c bounds - >= -2142656 @ 114.38
c bounds - >= -2142640 @ 114.507
c bounds - >= -2142624 @ 114.635
c bounds - >= -2142608 @ 114.763
c bounds - >= -2142592 @ 114.892
c bounds - >= -2142576 @ 115.021
c bounds - >= -2142560 @ 115.149
c bounds - >= -2142544 @ 115.278
c bounds - >= -2142528 @ 115.407
c bounds - >= -2142512 @ 115.535
c bounds - >= -2142496 @ 115.665
c bounds - >= -2142480 @ 115.793
c bounds - >= -2142464 @ 115.922
c bounds - >= -2142448 @ 116.049
c bounds - >= -2142432 @ 116.177
c bounds - >= -2142416 @ 116.306
c bounds - >= -2142400 @ 116.436
c bounds - >= -2142384 @ 116.564
c bounds - >= -2142368 @ 116.692
c bounds - >= -2142352 @ 116.82
c bounds - >= -2142336 @ 116.949
c bounds - >= -2142320 @ 117.078
c bounds - >= -2142304 @ 117.206
c bounds - >= -2142288 @ 117.333
c bounds - >= -2142272 @ 117.462
c bounds - >= -2142256 @ 117.591
c bounds - >= -2142240 @ 117.721
c bounds - >= -2142224 @ 117.85
c bounds - >= -2142208 @ 117.979
c bounds - >= -2142192 @ 118.108
c bounds - >= -2142176 @ 118.236
c bounds - >= -2142160 @ 118.364
c bounds - >= -2142144 @ 118.492
c bounds - >= -2142128 @ 118.621
c bounds - >= -2142112 @ 118.749
c bounds - >= -2142096 @ 118.877
c bounds - >= -2142080 @ 119.005
c bounds - >= -2142064 @ 119.134
c bounds - >= -2142048 @ 119.263
c bounds - >= -2142032 @ 119.392
c bounds - >= -2142016 @ 119.519
c bounds - >= -2142000 @ 119.647
c bounds - >= -2141984 @ 119.775
c bounds - >= -2141968 @ 119.904
c bounds - >= -2141952 @ 120.032
c bounds - >= -2141936 @ 120.159
c bounds - >= -2141920 @ 120.287
c bounds - >= -2141904 @ 120.415
c bounds - >= -2141888 @ 120.543
c bounds - >= -2141872 @ 120.671
c bounds - >= -2141856 @ 120.798
c bounds - >= -2141840 @ 120.925
c bounds - >= -2141824 @ 121.054
c bounds - >= -2141808 @ 121.183
c bounds - >= -2141792 @ 121.311
c bounds - >= -2141776 @ 121.44
c bounds - >= -2141760 @ 121.568
c bounds - >= -2141744 @ 121.697
c bounds - >= -2141728 @ 121.826
c bounds - >= -2141712 @ 121.953
c bounds - >= -2141696 @ 122.08
c bounds - >= -2141680 @ 122.206
c bounds - >= -2141664 @ 122.333
c bounds - >= -2141648 @ 122.46
c bounds - >= -2141632 @ 122.587
c bounds - >= -2141616 @ 122.716
c bounds - >= -2141600 @ 122.845
c bounds - >= -2141584 @ 122.974
c bounds - >= -2141568 @ 123.103
c bounds - >= -2141552 @ 123.232
c bounds - >= -2141536 @ 123.362
c bounds - >= -2141520 @ 123.49
c bounds - >= -2141504 @ 123.618
c bounds - >= -2141488 @ 123.746
c bounds - >= -2141472 @ 123.873
c bounds - >= -2141456 @ 124
c bounds - >= -2141440 @ 124.128
c bounds - >= -2141424 @ 124.257
c bounds - >= -2141408 @ 124.384
c bounds - >= -2141392 @ 124.513
c bounds - >= -2141376 @ 124.642
c bounds - >= -2141360 @ 124.771
c bounds - >= -2141344 @ 124.901
c bounds - >= -2141328 @ 125.027
c bounds - >= -2141312 @ 125.155
c bounds - >= -2141296 @ 125.281
c bounds - >= -2141280 @ 125.409
c bounds - >= -2141264 @ 125.538
c bounds - >= -2141248 @ 125.667
c bounds - >= -2141232 @ 125.794
c bounds - >= -2141216 @ 125.92
c bounds - >= -2141200 @ 126.048
c bounds - >= -2141184 @ 126.177
c bounds - >= -2141168 @ 126.305
c bounds - >= -2141152 @ 126.435
c bounds - >= -2141136 @ 126.564
c bounds - >= -2141120 @ 126.693
c bounds - >= -2141104 @ 126.822
c bounds - >= -2141088 @ 126.95
c bounds - >= -2141072 @ 127.08
c bounds - >= -2141056 @ 127.206
c bounds - >= -2141040 @ 127.335
c bounds - >= -2141024 @ 127.464
c bounds - >= -2141008 @ 127.592
c bounds - >= -2140992 @ 127.721
c bounds - >= -2140976 @ 127.849
c bounds - >= -2140960 @ 127.978
c bounds - >= -2140944 @ 128.108
c bounds - >= -2140928 @ 128.236
c bounds - >= -2140912 @ 128.366
c bounds - >= -2140896 @ 128.494
c bounds - >= -2140880 @ 128.621
c bounds - >= -2140864 @ 128.748
c bounds - >= -2140848 @ 128.877
c bounds - >= -2140832 @ 129.006
c bounds - >= -2140816 @ 129.133
c bounds - >= -2140800 @ 129.26
c bounds - >= -2140784 @ 129.389
c bounds - >= -2140768 @ 129.518
c bounds - >= -2140752 @ 129.646
c bounds - >= -2140736 @ 129.774
c bounds - >= -2140720 @ 129.902
c bounds - >= -2140704 @ 130.032
c bounds - >= -2140688 @ 130.161
c bounds - >= -2140672 @ 130.289
c bounds - >= -2140656 @ 130.417
c bounds - >= -2140640 @ 130.545
c bounds - >= -2140624 @ 130.673
c bounds - >= -2140608 @ 130.801
c bounds - >= -2140592 @ 130.929
c bounds - >= -2140576 @ 131.058
c bounds - >= -2140560 @ 131.186
c bounds - >= -2140544 @ 131.312
c bounds - >= -2140528 @ 131.439
c bounds - >= -2140512 @ 131.565
c bounds - >= -2140496 @ 131.693
c bounds - >= -2140480 @ 131.823
c bounds - >= -2140464 @ 131.952
c bounds - >= -2140448 @ 132.081
c bounds - >= -2140432 @ 132.21
c bounds - >= -2140416 @ 132.339
c bounds - >= -2140400 @ 132.468
c bounds - >= -2140384 @ 132.595
c bounds - >= -2140368 @ 132.724
c bounds - >= -2140352 @ 132.853
c bounds - >= -2140336 @ 132.981
c bounds - >= -2140320 @ 133.11
c bounds - >= -2140304 @ 133.236
c bounds - >= -2140288 @ 133.365
c bounds - >= -2140272 @ 133.493
c bounds - >= -2140256 @ 133.622
c bounds - >= -2140240 @ 133.75
c bounds - >= -2140224 @ 133.878
c bounds - >= -2140208 @ 134.006
c bounds - >= -2140192 @ 134.134
c bounds - >= -2140176 @ 134.265
c bounds - >= -2140160 @ 134.394
c bounds - >= -2140144 @ 134.524
c bounds - >= -2140128 @ 134.654
c bounds - >= -2140112 @ 134.781
c bounds - >= -2140096 @ 134.91
c bounds - >= -2140080 @ 135.036
c bounds - >= -2140064 @ 135.165
c bounds - >= -2140048 @ 135.291
c bounds - >= -2140032 @ 135.42
c bounds - >= -2140016 @ 135.55
c bounds - >= -2140000 @ 135.679
c bounds - >= -2139984 @ 135.807
c bounds - >= -2139968 @ 135.936
c bounds - >= -2139952 @ 136.065
c bounds - >= -2139936 @ 136.193
c bounds - >= -2139920 @ 136.319
c bounds - >= -2139904 @ 136.448
c bounds - >= -2139888 @ 136.578
c bounds - >= -2139872 @ 136.709
c bounds - >= -2139856 @ 136.838
c bounds - >= -2139840 @ 136.966
c bounds - >= -2139824 @ 137.094
c bounds - >= -2139808 @ 137.222
c bounds - >= -2139792 @ 137.35
c bounds - >= -2139776 @ 137.479
c bounds - >= -2139760 @ 137.608
c bounds - >= -2139744 @ 137.738
c bounds - >= -2139728 @ 137.866
c bounds - >= -2139712 @ 137.996
c bounds - >= -2139696 @ 138.122
c bounds - >= -2139680 @ 138.249
c bounds - >= -2139664 @ 138.376
c bounds - >= -2139648 @ 138.504
c bounds - >= -2139632 @ 138.632
c bounds - >= -2139616 @ 138.762
c bounds - >= -2139600 @ 138.89
c bounds - >= -2139584 @ 139.02
c bounds - >= -2139568 @ 139.15
c bounds - >= -2139552 @ 139.281
c bounds - >= -2139536 @ 139.409
c bounds - >= -2139520 @ 139.538
c bounds - >= -2139504 @ 139.667
c bounds - >= -2139488 @ 139.796
c bounds - >= -2139472 @ 139.924
c bounds - >= -2139456 @ 140.053
c bounds - >= -2139440 @ 140.181
c bounds - >= -2139424 @ 140.31
c bounds - >= -2139408 @ 140.439
c bounds - >= -2139392 @ 140.568
c bounds - >= -2139376 @ 140.697
c bounds - >= -2139360 @ 140.827
c bounds - >= -2139344 @ 140.955
c bounds - >= -2139328 @ 141.084
c bounds - >= -2139312 @ 141.214
c bounds - >= -2139296 @ 141.343
c bounds - >= -2139280 @ 141.472
c bounds - >= -2139264 @ 141.598
c bounds - >= -2139248 @ 141.728
c bounds - >= -2139232 @ 141.857
c bounds - >= -2139216 @ 141.984
c bounds - >= -2139200 @ 142.113
c bounds - >= -2139184 @ 142.239
c bounds - >= -2139168 @ 142.37
c bounds - >= -2139152 @ 142.498
c bounds - >= -2139136 @ 142.626
c bounds - >= -2139120 @ 142.754
c bounds - >= -2139104 @ 142.879
c bounds - >= -2139088 @ 143.005
c bounds - >= -2139072 @ 143.132
c bounds - >= -2139056 @ 143.261
c bounds - >= -2139040 @ 143.389
c bounds - >= -2139024 @ 143.518
c bounds - >= -2139008 @ 143.645
c bounds - >= -2138992 @ 143.774
c bounds - >= -2138976 @ 143.904
c bounds - >= -2138960 @ 144.033
c bounds - >= -2138944 @ 144.161
c bounds - >= -2138928 @ 144.288
c bounds - >= -2138912 @ 144.416
c bounds - >= -2138896 @ 144.544
c bounds - >= -2138880 @ 144.67
c bounds - >= -2138864 @ 144.799
c bounds - >= -2138848 @ 144.927
c bounds - >= -2138832 @ 145.054
c bounds - >= -2138816 @ 145.184
c bounds - >= -2138800 @ 145.311
c bounds - >= -2138784 @ 145.438
c bounds - >= -2138768 @ 145.565
c bounds - >= -2138752 @ 145.691
c bounds - >= -2138736 @ 145.818
c bounds - >= -2138720 @ 145.945
c bounds - >= -2138704 @ 146.072
c bounds - >= -2138688 @ 146.199
c bounds - >= -2138672 @ 146.328
c bounds - >= -2138656 @ 146.455
c bounds - >= -2138640 @ 146.582
c bounds - >= -2138624 @ 146.71
c bounds - >= -2138608 @ 146.838
c bounds - >= -2138592 @ 146.967
c bounds - >= -2138576 @ 147.094
c bounds - >= -2138560 @ 147.223
c bounds - >= -2138544 @ 147.352
c bounds - >= -2138528 @ 147.481
c bounds - >= -2138512 @ 147.608
c bounds - >= -2138496 @ 147.737
c bounds - >= -2138480 @ 147.866
c bounds - >= -2138464 @ 147.994
c bounds - >= -2138448 @ 148.122
c bounds - >= -2138432 @ 148.249
c bounds - >= -2138416 @ 148.377
c bounds - >= -2138400 @ 148.507
c bounds - >= -2138384 @ 148.636
c bounds - >= -2138368 @ 148.765
c bounds - >= -2138352 @ 148.894
c bounds - >= -2138336 @ 149.023
c bounds - >= -2138320 @ 149.152
c bounds - >= -2138304 @ 149.28
c bounds - >= -2138288 @ 149.409
c bounds - >= -2138272 @ 149.537
c bounds - >= -2138256 @ 149.665
c bounds - >= -2138240 @ 149.793
c bounds - >= -2138224 @ 149.92
c bounds - >= -2138208 @ 150.047
c bounds - >= -2138192 @ 150.173
c bounds - >= -2138176 @ 150.301
c bounds - >= -2138160 @ 150.431
c bounds - >= -2138144 @ 150.558
c bounds - >= -2138128 @ 150.688
c bounds - >= -2138112 @ 150.816
c bounds - >= -2138096 @ 150.946
c bounds - >= -2138080 @ 151.075
c bounds - >= -2138064 @ 151.205
c bounds - >= -2138048 @ 151.334
c bounds - >= -2138032 @ 151.465
c bounds - >= -2138016 @ 151.595
c bounds - >= -2138000 @ 151.724
c bounds - >= -2137984 @ 151.853
c bounds - >= -2137968 @ 151.983
c bounds - >= -2137952 @ 152.111
c bounds - >= -2137936 @ 152.242
c bounds - >= -2137920 @ 152.369
c bounds - >= -2137904 @ 152.498
c bounds - >= -2137888 @ 152.628
c bounds - >= -2137872 @ 152.756
c bounds - >= -2137856 @ 152.886
c bounds - >= -2137840 @ 153.016
c bounds - >= -2137824 @ 153.143
c bounds - >= -2137808 @ 153.272
c bounds - >= -2137792 @ 153.402
c bounds - >= -2137776 @ 153.531
c bounds - >= -2137760 @ 153.659
c bounds - >= -2137744 @ 153.789
c bounds - >= -2137728 @ 153.918
c bounds - >= -2137712 @ 154.048
c bounds - >= -2137696 @ 154.177
c bounds - >= -2137680 @ 154.304
c bounds - >= -2137664 @ 154.434
c bounds - >= -2137648 @ 154.562
c bounds - >= -2137632 @ 154.69
c bounds - >= -2137616 @ 154.818
c bounds - >= -2137600 @ 154.949
c bounds - >= -2137584 @ 155.076
c bounds - >= -2137568 @ 155.206
c bounds - >= -2137552 @ 155.334
c bounds - >= -2137536 @ 155.463
c bounds - >= -2137520 @ 155.59
c bounds - >= -2137504 @ 155.72
c bounds - >= -2137488 @ 155.849
c bounds - >= -2137472 @ 155.978
c bounds - >= -2137456 @ 156.109
c bounds - >= -2137440 @ 156.239
c bounds - >= -2137424 @ 156.367
c bounds - >= -2137408 @ 156.495
c bounds - >= -2137392 @ 156.624
c bounds - >= -2137376 @ 156.753
c bounds - >= -2137360 @ 156.881
c bounds - >= -2137344 @ 157.011
c bounds - >= -2137328 @ 157.14
c bounds - >= -2137312 @ 157.269
c bounds - >= -2137296 @ 157.397
c bounds - >= -2137280 @ 157.525
c bounds - >= -2137264 @ 157.652
c bounds - >= -2137248 @ 157.783
c bounds - >= -2137232 @ 157.913
c bounds - >= -2137216 @ 158.043
c bounds - >= -2137200 @ 158.17
c bounds - >= -2137184 @ 158.299
c bounds - >= -2137168 @ 158.425
c bounds - >= -2137152 @ 158.552
c bounds - >= -2137136 @ 158.68
c bounds - >= -2137120 @ 158.809
c bounds - >= -2137104 @ 158.937
c bounds - >= -2137088 @ 159.066
c bounds - >= -2137072 @ 159.196
c bounds - >= -2137056 @ 159.324
c bounds - >= -2137040 @ 159.453
c bounds - >= -2137024 @ 159.582
c bounds - >= -2137008 @ 159.71
c bounds - >= -2136992 @ 159.836
c bounds - >= -2136976 @ 159.965
c bounds - >= -2136960 @ 160.092
c bounds - >= -2136944 @ 160.221
c bounds - >= -2136928 @ 160.349
c bounds - >= -2136912 @ 160.476
c bounds - >= -2136896 @ 160.604
c bounds - >= -2136880 @ 160.732
c bounds - >= -2136864 @ 160.858
c bounds - >= -2136848 @ 160.985
c bounds - >= -2136832 @ 161.11
c bounds - >= -2136816 @ 161.238
c bounds - >= -2136800 @ 161.366
c bounds - >= -2136784 @ 161.495
c bounds - >= -2136768 @ 161.624
c bounds - >= -2136752 @ 161.754
c bounds - >= -2136736 @ 161.883
c bounds - >= -2136720 @ 162.013
c bounds - >= -2136704 @ 162.142
c bounds - >= -2136688 @ 162.267
c bounds - >= -2136672 @ 162.392
c bounds - >= -2136656 @ 162.519
c bounds - >= -2136640 @ 162.648
c bounds - >= -2136624 @ 162.778
c bounds - >= -2136608 @ 162.907
c bounds - >= -2136592 @ 163.035
c bounds - >= -2136576 @ 163.162
c bounds - >= -2136560 @ 163.291
c bounds - >= -2136544 @ 163.416
c bounds - >= -2136528 @ 163.543
c bounds - >= -2136512 @ 163.673
c bounds - >= -2136496 @ 163.802
c bounds - >= -2136480 @ 163.932
c bounds - >= -2136464 @ 164.059
c bounds - >= -2136448 @ 164.186
c bounds - >= -2136432 @ 164.314
c bounds - >= -2136416 @ 164.442
c bounds - >= -2136400 @ 164.571
c bounds - >= -2136384 @ 164.7
c bounds - >= -2136368 @ 164.829
c bounds - >= -2136352 @ 164.959
c bounds - >= -2136336 @ 165.087
c bounds - >= -2136320 @ 165.216
c bounds - >= -2136304 @ 165.343
c bounds - >= -2136288 @ 165.472
c bounds - >= -2136272 @ 165.602
c bounds - >= -2136256 @ 165.731
c bounds - >= -2136240 @ 165.858
c bounds - >= -2136224 @ 165.985
c bounds - >= -2136208 @ 166.115
c bounds - >= -2136192 @ 166.244
c bounds - >= -2136176 @ 166.372
c bounds - >= -2136160 @ 166.499
c bounds - >= -2136144 @ 166.627
c bounds - >= -2136128 @ 166.754
c bounds - >= -2136112 @ 166.882
c bounds - >= -2136096 @ 167.011
c bounds - >= -2136080 @ 167.14
c bounds - >= -2136064 @ 167.268
c bounds - >= -2136048 @ 167.398
c bounds - >= -2136032 @ 167.525
c bounds - >= -2136016 @ 167.65
c bounds - >= -2136000 @ 167.777
c bounds - >= -2135984 @ 167.907
c bounds - >= -2135968 @ 168.035
c bounds - >= -2135952 @ 168.164
c bounds - >= -2135936 @ 168.293
c bounds - >= -2135920 @ 168.421
c bounds - >= -2135904 @ 168.55
c bounds - >= -2135888 @ 168.68
c bounds - >= -2135872 @ 168.81
c bounds - >= -2135856 @ 168.938
c bounds - >= -2135840 @ 169.066
c bounds - >= -2135824 @ 169.194
c bounds - >= -2135808 @ 169.321
c bounds - >= -2135792 @ 169.45
c bounds - >= -2135776 @ 169.578
c bounds - >= -2135760 @ 169.706
c bounds - >= -2135744 @ 169.835
c bounds - >= -2135728 @ 169.964
c bounds - >= -2135712 @ 170.092
c bounds - >= -2135696 @ 170.22
c bounds - >= -2135680 @ 170.346
c bounds - >= -2135664 @ 170.475
c bounds - >= -2135648 @ 170.603
c bounds - >= -2135632 @ 170.73
c bounds - >= -2135616 @ 170.858
c bounds - >= -2135600 @ 170.986
c bounds - >= -2135584 @ 171.114
c bounds - >= -2135568 @ 171.243
c bounds - >= -2135552 @ 171.372
c bounds - >= -2135536 @ 171.5
c bounds - >= -2135520 @ 171.628
c bounds - >= -2135504 @ 171.754
c bounds - >= -2135488 @ 171.882
c bounds - >= -2135472 @ 172.008
c bounds - >= -2135456 @ 172.135
c bounds - >= -2135440 @ 172.264
c bounds - >= -2135424 @ 172.392
c bounds - >= -2135408 @ 172.519
c bounds - >= -2135392 @ 172.648
c bounds - >= -2135376 @ 172.774
c bounds - >= -2135360 @ 172.906
c bounds - >= -2135344 @ 173.035
c bounds - >= -2135328 @ 173.164
c bounds - >= -2135312 @ 173.293
c bounds - >= -2135296 @ 173.422
c bounds - >= -2135280 @ 173.55
c bounds - >= -2135264 @ 173.68
c bounds - >= -2135248 @ 173.809
c bounds - >= -2135232 @ 173.939
c bounds - >= -2135216 @ 174.067
c bounds - >= -2135200 @ 174.197
c bounds - >= -2135184 @ 174.326
c bounds - >= -2135168 @ 174.455
c bounds - >= -2135152 @ 174.583
c bounds - >= -2135136 @ 174.713
c bounds - >= -2135120 @ 174.842
c bounds - >= -2135104 @ 174.97
c bounds - >= -2135088 @ 175.099
c bounds - >= -2135072 @ 175.228
c bounds - >= -2135056 @ 175.356
c bounds - >= -2135040 @ 175.485
c bounds - >= -2135024 @ 175.615
c bounds - >= -2135008 @ 175.743
c bounds - >= -2134992 @ 175.872
c bounds - >= -2134976 @ 176
c bounds - >= -2134960 @ 176.13
c bounds - >= -2134944 @ 176.257
c bounds - >= -2134928 @ 176.384
c bounds - >= -2134912 @ 176.512
c bounds - >= -2134896 @ 176.64
c bounds - >= -2134880 @ 176.767
c bounds - >= -2134864 @ 176.894
c bounds - >= -2134848 @ 177.023
c bounds - >= -2134832 @ 177.15
c bounds - >= -2134816 @ 177.278
c bounds - >= -2134800 @ 177.408
c bounds - >= -2134784 @ 177.536
c bounds - >= -2134768 @ 177.665
c bounds - >= -2134752 @ 177.792
c bounds - >= -2134736 @ 177.92
c bounds - >= -2134720 @ 178.048
c bounds - >= -2134704 @ 178.174
c bounds - >= -2134688 @ 178.301
c bounds - >= -2134672 @ 178.427
c bounds - >= -2134656 @ 178.553
c bounds - >= -2134640 @ 178.68
c bounds - >= -2134624 @ 178.807
c bounds - >= -2134608 @ 178.934
c bounds - >= -2134592 @ 179.061
c bounds - >= -2134576 @ 179.191
c bounds - >= -2134560 @ 179.318
c bounds - >= -2134544 @ 179.446
c bounds - >= -2134528 @ 179.573
c bounds - >= -2134512 @ 179.704
c bounds - >= -2134496 @ 179.832
c bounds - >= -2134480 @ 179.959
c bounds - >= -2134464 @ 180.086
c bounds - >= -2134448 @ 180.214
c bounds - >= -2134432 @ 180.341
c bounds - >= -2134416 @ 180.468
c bounds - >= -2134400 @ 180.595
c bounds - >= -2134384 @ 180.723
c bounds - >= -2134368 @ 180.85
c bounds - >= -2134352 @ 180.978
c bounds - >= -2134336 @ 181.103
c bounds - >= -2134320 @ 181.231
c bounds - >= -2134304 @ 181.358
c bounds - >= -2134288 @ 181.485
c bounds - >= -2134272 @ 181.613
c bounds - >= -2134256 @ 181.74
c bounds - >= -2134240 @ 181.868
c bounds - >= -2134224 @ 181.996
c bounds - >= -2134208 @ 182.123
c bounds - >= -2134192 @ 182.251
c bounds - >= -2134176 @ 182.379
c bounds - >= -2134160 @ 182.508
c bounds - >= -2134144 @ 182.639
c bounds - >= -2134128 @ 182.768
c bounds - >= -2134112 @ 182.895
c bounds - >= -2134096 @ 183.02
c bounds - >= -2134080 @ 183.146
c bounds - >= -2134064 @ 183.273
c bounds - >= -2134048 @ 183.399
c bounds - >= -2134032 @ 183.526
c bounds - >= -2134016 @ 183.653
c bounds - >= -2134000 @ 183.781
c bounds - >= -2133984 @ 183.91
c bounds - >= -2133968 @ 184.038
c bounds - >= -2133952 @ 184.164
c bounds - >= -2133936 @ 184.291
c bounds - >= -2133920 @ 184.417
c bounds - >= -2133904 @ 184.545
c bounds - >= -2133888 @ 184.673
c bounds - >= -2133872 @ 184.8
c bounds - >= -2133856 @ 184.929
c bounds - >= -2133840 @ 185.058
c bounds - >= -2133824 @ 185.185
c bounds - >= -2133808 @ 185.313
c bounds - >= -2133792 @ 185.442
c bounds - >= -2133776 @ 185.569
c bounds - >= -2133760 @ 185.697
c bounds - >= -2133744 @ 185.824
c bounds - >= -2133728 @ 185.953
c bounds - >= -2133712 @ 186.081
c bounds - >= -2133696 @ 186.21
c bounds - >= -2133680 @ 186.337
c bounds - >= -2133664 @ 186.466
c bounds - >= -2133648 @ 186.594
c bounds - >= -2133632 @ 186.722
c bounds - >= -2133616 @ 186.852
c bounds - >= -2133600 @ 186.979
c bounds - >= -2133584 @ 187.106
c bounds - >= -2133568 @ 187.234
c bounds - >= -2133552 @ 187.361
c bounds - >= -2133536 @ 187.489
c bounds - >= -2133520 @ 187.617
c bounds - >= -2133504 @ 187.746
c bounds - >= -2133488 @ 187.875
c bounds - >= -2133472 @ 188.003
c bounds - >= -2133456 @ 188.13
c bounds - >= -2133440 @ 188.257
c bounds - >= -2133424 @ 188.385
c bounds - >= -2133408 @ 188.51
c bounds - >= -2133392 @ 188.64
c bounds - >= -2133376 @ 188.768
c bounds - >= -2133360 @ 188.896
c bounds - >= -2133344 @ 189.024
c bounds - >= -2133328 @ 189.151
c bounds - >= -2133312 @ 189.279
c bounds - >= -2133296 @ 189.407
c bounds - >= -2133280 @ 189.535
c bounds - >= -2133264 @ 189.662
c bounds - >= -2133248 @ 189.789
c bounds - >= -2133232 @ 189.916
c bounds - >= -2133216 @ 190.046
c bounds - >= -2133200 @ 190.173
c bounds - >= -2133184 @ 190.301
c bounds - >= -2133168 @ 190.429
c bounds - >= -2133152 @ 190.555
c bounds - >= -2133136 @ 190.682
c bounds - >= -2133120 @ 190.81
c bounds - >= -2133104 @ 190.939
c bounds - >= -2133088 @ 191.066
c bounds - >= -2133072 @ 191.194
c bounds - >= -2133056 @ 191.322
c bounds - >= -2133040 @ 191.451
c bounds - >= -2133024 @ 191.579
c bounds - >= -2133008 @ 191.705
c bounds - >= -2132992 @ 191.831
c bounds - >= -2132976 @ 191.958
c bounds - >= -2132960 @ 192.085
c bounds - >= -2132944 @ 192.212
c bounds - >= -2132928 @ 192.339
c bounds - >= -2132912 @ 192.465
c bounds - >= -2132896 @ 192.593
c bounds - >= -2132880 @ 192.72
c bounds - >= -2132864 @ 192.847
c bounds - >= -2132848 @ 192.975
c bounds - >= -2132832 @ 193.102
c bounds - >= -2132816 @ 193.228
c bounds - >= -2132800 @ 193.356
c bounds - >= -2132784 @ 193.482
c bounds - >= -2132768 @ 193.608
c bounds - >= -2132752 @ 193.734
c bounds - >= -2132736 @ 193.862
c bounds - >= -2132720 @ 193.988
c bounds - >= -2132704 @ 194.116
c bounds - >= -2132688 @ 194.241
c bounds - >= -2132672 @ 194.368
c bounds - >= -2132656 @ 194.498
c bounds - >= -2132640 @ 194.627
c bounds - >= -2132624 @ 194.756
c bounds - >= -2132608 @ 194.885
c bounds - >= -2132592 @ 195.013
c bounds - >= -2132576 @ 195.142
c bounds - >= -2132560 @ 195.27
c bounds - >= -2132544 @ 195.399
c bounds - >= -2132528 @ 195.526
c bounds - >= -2132512 @ 195.654
c bounds - >= -2132496 @ 195.784
c bounds - >= -2132480 @ 195.914
c bounds - >= -2132464 @ 196.043
c bounds - >= -2132448 @ 196.172
c bounds - >= -2132432 @ 196.3
c bounds - >= -2132416 @ 196.427
c bounds - >= -2132400 @ 196.555
c bounds - >= -2132384 @ 196.682
c bounds - >= -2132368 @ 196.81
c bounds - >= -2132352 @ 196.938
c bounds - >= -2132336 @ 197.067
c bounds - >= -2132320 @ 197.198
c bounds - >= -2132304 @ 197.328
c bounds - >= -2132288 @ 197.456
c bounds - >= -2132272 @ 197.583
c bounds - >= -2132256 @ 197.713
c bounds - >= -2132240 @ 197.842
c bounds - >= -2132224 @ 197.972
c bounds - >= -2132208 @ 198.099
c bounds - >= -2132192 @ 198.228
c bounds - >= -2132176 @ 198.358
c bounds - >= -2132160 @ 198.486
c bounds - >= -2132144 @ 198.614
c bounds - >= -2132128 @ 198.744
c bounds - >= -2132112 @ 198.871
c bounds - >= -2132096 @ 198.998
c bounds - >= -2132080 @ 199.126
c bounds - >= -2132064 @ 199.255
c bounds - >= -2132048 @ 199.385
c bounds - >= -2132032 @ 199.514
c bounds - >= -2132016 @ 199.644
c bounds - >= -2132000 @ 199.774
c bounds - >= -2131984 @ 199.902
c bounds - >= -2131968 @ 200.03
c bounds - >= -2131952 @ 200.156
c bounds - >= -2131936 @ 200.283
c bounds - >= -2131920 @ 200.411
c bounds - >= -2131904 @ 200.537
c bounds - >= -2131888 @ 200.664
c bounds - >= -2131872 @ 200.792
c bounds - >= -2131856 @ 200.92
c bounds - >= -2131840 @ 201.047
c bounds - >= -2131824 @ 201.173
c bounds - >= -2131808 @ 201.299
c bounds - >= -2131792 @ 201.426
c bounds - >= -2131776 @ 201.552
c bounds - >= -2131760 @ 201.681
c bounds - >= -2131744 @ 201.807
c bounds - >= -2131728 @ 201.934
c bounds - >= -2131712 @ 202.063
c bounds - >= -2131696 @ 202.191
c bounds - >= -2131680 @ 202.318
c bounds - >= -2131664 @ 202.446
c bounds - >= -2131648 @ 202.574
c bounds - >= -2131632 @ 202.703
c bounds - >= -2131616 @ 202.83
c bounds - >= -2131600 @ 202.959
c bounds - >= -2131584 @ 203.087
c bounds - >= -2131568 @ 203.216
c bounds - >= -2131552 @ 203.342
c bounds - >= -2131536 @ 203.469
c bounds - >= -2131520 @ 203.594
c bounds - >= -2131504 @ 203.721
c bounds - >= -2131488 @ 203.848
c bounds - >= -2131472 @ 203.977
c bounds - >= -2131456 @ 204.105
c bounds - >= -2131440 @ 204.234
c bounds - >= -2131424 @ 204.36
c bounds - >= -2131408 @ 204.487
c bounds - >= -2131392 @ 204.615
c bounds - >= -2131376 @ 204.742
c bounds - >= -2131360 @ 204.87
c bounds - >= -2131344 @ 204.997
c bounds - >= -2131328 @ 205.124
c bounds - >= -2131312 @ 205.253
c bounds - >= -2131296 @ 205.382
c bounds - >= -2131280 @ 205.51
c bounds - >= -2131264 @ 205.638
c bounds - >= -2131248 @ 205.765
c bounds - >= -2131232 @ 205.893
c bounds - >= -2131216 @ 206.018
c bounds - >= -2131200 @ 206.147
c bounds - >= -2131184 @ 206.274
c bounds - >= -2131168 @ 206.402
c bounds - >= -2131152 @ 206.529
c bounds - >= -2131136 @ 206.658
c bounds - >= -2131120 @ 206.787
c bounds - >= -2131104 @ 206.916
c bounds - >= -2131088 @ 207.044
c bounds - >= -2131072 @ 207.171
c bounds - >= -2131056 @ 207.3
c bounds - >= -2131040 @ 207.427
c bounds - >= -2131024 @ 207.554
c bounds - >= -2131008 @ 207.682
c bounds - >= -2130992 @ 207.81
c bounds - >= -2130976 @ 207.937
c bounds - >= -2130960 @ 208.065
c bounds - >= -2130944 @ 208.192
c bounds - >= -2130928 @ 208.32
c bounds - >= -2130912 @ 208.449
c bounds - >= -2130896 @ 208.577
c bounds - >= -2130880 @ 208.706
c bounds - >= -2130864 @ 208.834
c bounds - >= -2130848 @ 208.962
c bounds - >= -2130832 @ 209.09
c bounds - >= -2130816 @ 209.218
c bounds - >= -2130800 @ 209.345
c bounds - >= -2130784 @ 209.472
c bounds - >= -2130768 @ 209.598
c bounds - >= -2130752 @ 209.726
c bounds - >= -2130736 @ 209.856
c bounds - >= -2130720 @ 209.983
c bounds - >= -2130704 @ 210.111
c bounds - >= -2130688 @ 210.241
c bounds - >= -2130672 @ 210.372
c bounds - >= -2130656 @ 210.501
c bounds - >= -2130640 @ 210.627
c bounds - >= -2130624 @ 210.754
c bounds - >= -2130608 @ 210.882
c bounds - >= -2130592 @ 211.01
c bounds - >= -2130576 @ 211.138
c bounds - >= -2130560 @ 211.268
c bounds - >= -2130544 @ 211.397
c bounds - >= -2130528 @ 211.526
c bounds - >= -2130512 @ 211.653
c bounds - >= -2130496 @ 211.781
c bounds - >= -2130480 @ 211.91
c bounds - >= -2130464 @ 212.04
c bounds - >= -2130448 @ 212.17
c bounds - >= -2130432 @ 212.298
c bounds - >= -2130416 @ 212.427
c bounds - >= -2130400 @ 212.556
c bounds - >= -2130384 @ 212.684
c bounds - >= -2130368 @ 212.814
c bounds - >= -2130352 @ 212.943
c bounds - >= -2130336 @ 213.072
c bounds - >= -2130320 @ 213.2
c bounds - >= -2130304 @ 213.327
c bounds - >= -2130288 @ 213.455
c bounds - >= -2130272 @ 213.586
c bounds - >= -2130256 @ 213.714
c bounds - >= -2130240 @ 213.844
c bounds - >= -2130224 @ 213.973
c bounds - >= -2130208 @ 214.103
c bounds - >= -2130192 @ 214.234
c bounds - >= -2130176 @ 214.362
c bounds - >= -2130160 @ 214.491
c bounds - >= -2130144 @ 214.617
c bounds - >= -2130128 @ 214.745
c bounds - >= -2130112 @ 214.873
c bounds - >= -2130096 @ 215.001
c bounds - >= -2130080 @ 215.128
c bounds - >= -2130064 @ 215.256
c bounds - >= -2130048 @ 215.382
c bounds - >= -2130032 @ 215.509
c bounds - >= -2130016 @ 215.637
c bounds - >= -2130000 @ 215.767
c bounds - >= -2129984 @ 215.896
c bounds - >= -2129968 @ 216.024
c bounds - >= -2129952 @ 216.151
c bounds - >= -2129936 @ 216.284
c bounds - >= -2129920 @ 216.411
c bounds - >= -2129904 @ 216.537
c bounds - >= -2129888 @ 216.663
c bounds - >= -2129872 @ 216.789
c bounds - >= -2129856 @ 216.914
c bounds - >= -2129840 @ 217.042
c bounds - >= -2129824 @ 217.169
c bounds - >= -2129808 @ 217.296
c bounds - >= -2129792 @ 217.422
c bounds - >= -2129776 @ 217.548
c bounds - >= -2129760 @ 217.674
c bounds - >= -2129744 @ 217.801
c bounds - >= -2129728 @ 217.928
c bounds - >= -2129712 @ 218.055
c bounds - >= -2129696 @ 218.183
c bounds - >= -2129680 @ 218.309
c bounds - >= -2129664 @ 218.437
c bounds - >= -2129648 @ 218.564
c bounds - >= -2129632 @ 218.69
c bounds - >= -2129616 @ 218.816
c bounds - >= -2129600 @ 218.943
c bounds - >= -2129584 @ 219.069
c bounds - >= -2129568 @ 219.195
c bounds - >= -2129552 @ 219.321
c bounds - >= -2129536 @ 219.447
c bounds - >= -2129520 @ 219.574
c bounds - >= -2129504 @ 219.699
c bounds - >= -2129488 @ 219.826
c bounds - >= -2129472 @ 219.951
c bounds - >= -2129456 @ 220.078
c bounds - >= -2129440 @ 220.204
c bounds - >= -2129424 @ 220.331
c bounds - >= -2129408 @ 220.458
c bounds - >= -2129392 @ 220.585
c bounds - >= -2129376 @ 220.712
c bounds - >= -2129360 @ 220.839
c bounds - >= -2129344 @ 220.965
c bounds - >= -2129328 @ 221.091
c bounds - >= -2129312 @ 221.216
c bounds - >= -2129296 @ 221.343
c bounds - >= -2129280 @ 221.47
c bounds - >= -2129264 @ 221.597
c bounds - >= -2129248 @ 221.723
c bounds - >= -2129232 @ 221.849
c bounds - >= -2129216 @ 221.975
c bounds - >= -2129200 @ 222.1
c bounds - >= -2129184 @ 222.226
c bounds - >= -2129168 @ 222.351
c bounds - >= -2129152 @ 222.477
c bounds - >= -2129136 @ 222.604
c bounds - >= -2129120 @ 222.732
c bounds - >= -2129104 @ 222.859
c bounds - >= -2129088 @ 222.986
c bounds - >= -2129072 @ 223.114
c bounds - >= -2129056 @ 223.24
c bounds - >= -2129040 @ 223.367
c bounds - >= -2129024 @ 223.493
c bounds - >= -2129008 @ 223.62
c bounds - >= -2128992 @ 223.748
c bounds - >= -2128976 @ 223.875
c bounds - >= -2128960 @ 224.002
c bounds - >= -2128944 @ 224.127
c bounds - >= -2128928 @ 224.253
c bounds - >= -2128912 @ 224.38
c bounds - >= -2128896 @ 224.507
c bounds - >= -2128880 @ 224.633
c bounds - >= -2128864 @ 224.76
c bounds - >= -2128848 @ 224.887
c bounds - >= -2128832 @ 225.014
c bounds - >= -2128816 @ 225.141
c bounds - >= -2128800 @ 225.268
c bounds - >= -2128784 @ 225.394
c bounds - >= -2128768 @ 225.52
c bounds - >= -2128752 @ 225.646
c bounds - >= -2128736 @ 225.773
c bounds - >= -2128720 @ 225.9
c bounds - >= -2128704 @ 226.026
c bounds - >= -2128688 @ 226.154
c bounds - >= -2128672 @ 226.28
c bounds - >= -2128656 @ 226.406
c bounds - >= -2128640 @ 226.533
c bounds - >= -2128624 @ 226.66
c bounds - >= -2128608 @ 226.785
c bounds - >= -2128592 @ 226.911
c bounds - >= -2128576 @ 227.038
c bounds - >= -2128560 @ 227.167
c bounds - >= -2128544 @ 227.295
c bounds - >= -2128528 @ 227.421
c bounds - >= -2128512 @ 227.547
c bounds - >= -2128496 @ 227.674
c bounds - >= -2128480 @ 227.8
c bounds - >= -2128464 @ 227.926
c bounds - >= -2128448 @ 228.053
c bounds - >= -2128432 @ 228.18
c bounds - >= -2128416 @ 228.306
c bounds - >= -2128400 @ 228.432
c bounds - >= -2128384 @ 228.559
c bounds - >= -2128368 @ 228.685
c bounds - >= -2128352 @ 228.814
c bounds - >= -2128336 @ 228.941
c bounds - >= -2128320 @ 229.071
c bounds - >= -2128304 @ 229.199
c bounds - >= -2128288 @ 229.326
c bounds - >= -2128272 @ 229.453
c bounds - >= -2128256 @ 229.582
c bounds - >= -2128240 @ 229.709
c bounds - >= -2128224 @ 229.837
c bounds - >= -2128208 @ 229.965
c bounds - >= -2128192 @ 230.092
c bounds - >= -2128176 @ 230.22
c bounds - >= -2128160 @ 230.348
c bounds - >= -2128144 @ 230.477
c bounds - >= -2128128 @ 230.605
c bounds - >= -2128112 @ 230.733
c bounds - >= -2128096 @ 230.861
c bounds - >= -2128080 @ 230.988
c bounds - >= -2128064 @ 231.117
c bounds - >= -2128048 @ 231.245
c bounds - >= -2128032 @ 231.373
c bounds - >= -2128016 @ 231.5
c bounds - >= -2128000 @ 231.629
c bounds - >= -2127984 @ 231.758
c bounds - >= -2127968 @ 231.89
c bounds - >= -2127952 @ 232.022
c bounds - >= -2127936 @ 232.154
c bounds - >= -2127920 @ 232.285
c bounds - >= -2127904 @ 232.416
c bounds - >= -2127888 @ 232.546
c bounds - >= -2127872 @ 232.673
c bounds - >= -2127856 @ 232.801
c bounds - >= -2127840 @ 232.931
c bounds - >= -2127824 @ 233.061
c bounds - >= -2127808 @ 233.19
c bounds - >= -2127792 @ 233.321
c bounds - >= -2127776 @ 233.451
c bounds - >= -2127760 @ 233.58
c bounds - >= -2127744 @ 233.708
c bounds - >= -2127728 @ 233.836
c bounds - >= -2127712 @ 233.964
c bounds - >= -2127696 @ 234.091
c bounds - >= -2127680 @ 234.219
c bounds - >= -2127664 @ 234.348
c bounds - >= -2127648 @ 234.477
c bounds - >= -2127632 @ 234.607
c bounds - >= -2127616 @ 234.735
c bounds - >= -2127600 @ 234.865
c bounds - >= -2127584 @ 234.993
c bounds - >= -2127568 @ 235.122
c bounds - >= -2127552 @ 235.248
c bounds - >= -2127536 @ 235.377
c bounds - >= -2127520 @ 235.506
c bounds - >= -2127504 @ 235.636
c bounds - >= -2127488 @ 235.764
c bounds - >= -2127472 @ 235.894
c bounds - >= -2127456 @ 236.024
c bounds - >= -2127440 @ 236.153
c bounds - >= -2127424 @ 236.283
c bounds - >= -2127408 @ 236.413
c bounds - >= -2127392 @ 236.543
c bounds - >= -2127376 @ 236.675
c bounds - >= -2127360 @ 236.805
c bounds - >= -2127344 @ 236.934
c bounds - >= -2127328 @ 237.063
c bounds - >= -2127312 @ 237.193
c bounds - >= -2127296 @ 237.322
c bounds - >= -2127280 @ 237.451
c bounds - >= -2127264 @ 237.58
c bounds - >= -2127248 @ 237.711
c bounds - >= -2127232 @ 237.842
c bounds - >= -2127216 @ 237.972
c bounds - >= -2127200 @ 238.101
c bounds - >= -2127184 @ 238.23
c bounds - >= -2127168 @ 238.356
c bounds - >= -2127152 @ 238.484
c bounds - >= -2127136 @ 238.612
c bounds - >= -2127120 @ 238.739
c bounds - >= -2127104 @ 238.866
c bounds - >= -2127088 @ 238.995
c bounds - >= -2127072 @ 239.124
c bounds - >= -2127056 @ 239.251
c bounds - >= -2127040 @ 239.38
c bounds - >= -2127024 @ 239.508
c bounds - >= -2127008 @ 239.637
c bounds - >= -2126992 @ 239.764
c bounds - >= -2126976 @ 239.893
c bounds - >= -2126960 @ 240.022
c bounds - >= -2126944 @ 240.151
c bounds - >= -2126928 @ 240.28
c bounds - >= -2126912 @ 240.409
c bounds - >= -2126896 @ 240.538
c bounds - >= -2126880 @ 240.665
c bounds - >= -2126864 @ 240.792
c bounds - >= -2126848 @ 240.92
c bounds - >= -2126832 @ 241.048
c bounds - >= -2126816 @ 241.175
c bounds - >= -2126800 @ 241.303
c bounds - >= -2126784 @ 241.432
c bounds - >= -2126768 @ 241.562
c bounds - >= -2126752 @ 241.693
c bounds - >= -2126736 @ 241.824
c bounds - >= -2126720 @ 241.954
c bounds - >= -2126704 @ 242.083
c bounds - >= -2126688 @ 242.212
c bounds - >= -2126672 @ 242.34
c bounds - >= -2126656 @ 242.47
c bounds - >= -2126640 @ 242.599
c bounds - >= -2126624 @ 242.729
c bounds - >= -2126608 @ 242.856
c bounds - >= -2126592 @ 242.985
c bounds - >= -2126576 @ 243.116
c bounds - >= -2126560 @ 243.246
c bounds - >= -2126544 @ 243.376
c bounds - >= -2126528 @ 243.506
c bounds - >= -2126512 @ 243.633
c bounds - >= -2126496 @ 243.761
c bounds - >= -2126480 @ 243.891
c bounds - >= -2126464 @ 244.021
c bounds - >= -2126448 @ 244.149
c bounds - >= -2126432 @ 244.278
c bounds - >= -2126416 @ 244.408
c bounds - >= -2126400 @ 244.535
c bounds - >= -2126384 @ 244.663
c bounds - >= -2126368 @ 244.793
c bounds - >= -2126352 @ 244.921
c bounds - >= -2126336 @ 245.048
c bounds - >= -2126320 @ 245.178
c bounds - >= -2126304 @ 245.306
c bounds - >= -2126288 @ 245.435
c bounds - >= -2126272 @ 245.563
c bounds - >= -2126256 @ 245.693
c bounds - >= -2126240 @ 245.819
c bounds - >= -2126224 @ 245.948
c bounds - >= -2126208 @ 246.076
c bounds - >= -2126192 @ 246.203
c bounds - >= -2126176 @ 246.331
c bounds - >= -2126160 @ 246.463
c bounds - >= -2126144 @ 246.594
c bounds - >= -2126128 @ 246.725
c bounds - >= -2126112 @ 246.855
c bounds - >= -2126096 @ 246.986
c bounds - >= -2126080 @ 247.117
c bounds - >= -2126064 @ 247.247
c bounds - >= -2126048 @ 247.379
c bounds - >= -2126032 @ 247.508
c bounds - >= -2126016 @ 247.637
c bounds - >= -2126000 @ 247.767
c bounds - >= -2125984 @ 247.896
c bounds - >= -2125968 @ 248.024
c bounds - >= -2125952 @ 248.152
c bounds - >= -2125936 @ 248.281
c bounds - >= -2125920 @ 248.409
c bounds - >= -2125904 @ 248.538
c bounds - >= -2125888 @ 248.667
c bounds - >= -2125872 @ 248.796
c bounds - >= -2125856 @ 248.927
c bounds - >= -2125840 @ 249.056
c bounds - >= -2125824 @ 249.184
c bounds - >= -2125808 @ 249.312
c bounds - >= -2125792 @ 249.44
c bounds - >= -2125776 @ 249.568
c bounds - >= -2125760 @ 249.697
c bounds - >= -2125744 @ 249.825
c bounds - >= -2125728 @ 249.954
c bounds - >= -2125712 @ 250.082
c bounds - >= -2125696 @ 250.211
c bounds - >= -2125680 @ 250.34
c bounds - >= -2125664 @ 250.468
c bounds - >= -2125648 @ 250.597
c bounds - >= -2125632 @ 250.727
c bounds - >= -2125616 @ 250.858
c bounds - >= -2125600 @ 250.989
c bounds - >= -2125584 @ 251.118
c bounds - >= -2125568 @ 251.247
c bounds - >= -2125552 @ 251.377
c bounds - >= -2125536 @ 251.505
c bounds - >= -2125520 @ 251.636
c bounds - >= -2125504 @ 251.767
c bounds - >= -2125488 @ 251.896
c bounds - >= -2125472 @ 252.026
c bounds - >= -2125456 @ 252.156
c bounds - >= -2125440 @ 252.286
c bounds - >= -2125424 @ 252.413
c bounds - >= -2125408 @ 252.542
c bounds - >= -2125392 @ 252.671
c bounds - >= -2125376 @ 252.8
c bounds - >= -2125360 @ 252.93
c bounds - >= -2125344 @ 253.059
c bounds - >= -2125328 @ 253.188
c bounds - >= -2125312 @ 253.316
c bounds - >= -2125296 @ 253.446
c bounds - >= -2125280 @ 253.575
c bounds - >= -2125264 @ 253.704
c bounds - >= -2125248 @ 253.834
c bounds - >= -2125232 @ 253.963
c bounds - >= -2125216 @ 254.092
c bounds - >= -2125200 @ 254.22
c bounds - >= -2125184 @ 254.348
c bounds - >= -2125168 @ 254.477
c bounds - >= -2125152 @ 254.606
c bounds - >= -2125136 @ 254.735
c bounds - >= -2125120 @ 254.864
c bounds - >= -2125104 @ 254.991
c bounds - >= -2125088 @ 255.12
c bounds - >= -2125072 @ 255.249
c bounds - >= -2125056 @ 255.381
c bounds - >= -2125040 @ 255.512
c bounds - >= -2125024 @ 255.644
c bounds - >= -2125008 @ 255.775
c bounds - >= -2124992 @ 255.906
c bounds - >= -2124976 @ 256.036
c bounds - >= -2124960 @ 256.164
c bounds - >= -2124944 @ 256.294
c bounds - >= -2124928 @ 256.424
c bounds - >= -2124912 @ 256.554
c bounds - >= -2124896 @ 256.685
c bounds - >= -2124880 @ 256.815
c bounds - >= -2124864 @ 256.942
c bounds - >= -2124848 @ 257.072
c bounds - >= -2124832 @ 257.199
c bounds - >= -2124816 @ 257.328
c bounds - >= -2124800 @ 257.457
c bounds - >= -2124784 @ 257.584
c bounds - >= -2124768 @ 257.712
c bounds - >= -2124752 @ 257.841
c bounds - >= -2124736 @ 257.969
c bounds - >= -2124720 @ 258.098
c bounds - >= -2124704 @ 258.227
c bounds - >= -2124688 @ 258.355
c bounds - >= -2124672 @ 258.485
c bounds - >= -2124656 @ 258.614
c bounds - >= -2124640 @ 258.744
c bounds - >= -2124624 @ 258.871
c bounds - >= -2124608 @ 259
c bounds - >= -2124592 @ 259.129
c bounds - >= -2124576 @ 259.256
c bounds - >= -2124560 @ 259.383
c bounds - >= -2124544 @ 259.512
c bounds - >= -2124528 @ 259.64
c bounds - >= -2124512 @ 259.768
c bounds - >= -2124496 @ 259.896
c bounds - >= -2124480 @ 260.024
c bounds - >= -2124464 @ 260.152
c bounds - >= -2124448 @ 260.281
c bounds - >= -2124432 @ 260.412
c bounds - >= -2124416 @ 260.541
c bounds - >= -2124400 @ 260.673
c bounds - >= -2124384 @ 260.802
c bounds - >= -2124368 @ 260.933
c bounds - >= -2124352 @ 261.064
c bounds - >= -2124336 @ 261.194
c bounds - >= -2124320 @ 261.322
c bounds - >= -2124304 @ 261.451
c bounds - >= -2124288 @ 261.58
c bounds - >= -2124272 @ 261.709
c bounds - >= -2124256 @ 261.839
c bounds - >= -2124240 @ 261.969
c bounds - >= -2124224 @ 262.098
c bounds - >= -2124208 @ 262.225
c bounds - >= -2124192 @ 262.354
c bounds - >= -2124176 @ 262.484
c bounds - >= -2124160 @ 262.612
c bounds - >= -2124144 @ 262.741
c bounds - >= -2124128 @ 262.869
c bounds - >= -2124112 @ 262.997
c bounds - >= -2124096 @ 263.126
c bounds - >= -2124080 @ 263.253
c bounds - >= -2124064 @ 263.381
c bounds - >= -2124048 @ 263.508
c bounds - >= -2124032 @ 263.636
c bounds - >= -2124016 @ 263.765
c bounds - >= -2124000 @ 263.892
c bounds - >= -2123984 @ 264.021
c bounds - >= -2123968 @ 264.151
c bounds - >= -2123952 @ 264.279
c bounds - >= -2123936 @ 264.408
c bounds - >= -2123920 @ 264.536
c bounds - >= -2123904 @ 264.664
c bounds - >= -2123888 @ 264.793
c bounds - >= -2123872 @ 264.919
c bounds - >= -2123856 @ 265.046
c bounds - >= -2123840 @ 265.175
c bounds - >= -2123824 @ 265.305
c bounds - >= -2123808 @ 265.437
c bounds - >= -2123792 @ 265.567
c bounds - >= -2123776 @ 265.697
c bounds - >= -2123760 @ 265.828
c bounds - >= -2123744 @ 265.958
c bounds - >= -2123728 @ 266.088
c bounds - >= -2123712 @ 266.216
c bounds - >= -2123696 @ 266.346
c bounds - >= -2123680 @ 266.478
c bounds - >= -2123664 @ 266.609
c bounds - >= -2123648 @ 266.739
c bounds - >= -2123632 @ 266.869
c bounds - >= -2123616 @ 266.998
c bounds - >= -2123600 @ 267.126
c bounds - >= -2123584 @ 267.252
c bounds - >= -2123568 @ 267.379
c bounds - >= -2123552 @ 267.508
c bounds - >= -2123536 @ 267.634
c bounds - >= -2123520 @ 267.762
c bounds - >= -2123504 @ 267.891
c bounds - >= -2123488 @ 268.019
c bounds - >= -2123472 @ 268.148
c bounds - >= -2123456 @ 268.277
c bounds - >= -2123440 @ 268.404
c bounds - >= -2123424 @ 268.534
c bounds - >= -2123408 @ 268.66
c bounds - >= -2123392 @ 268.789
c bounds - >= -2123376 @ 268.917
c bounds - >= -2123360 @ 269.045
c bounds - >= -2123344 @ 269.172
c bounds - >= -2123328 @ 269.299
c bounds - >= -2123312 @ 269.425
c bounds - >= -2123296 @ 269.554
c bounds - >= -2123280 @ 269.683
c bounds - >= -2123264 @ 269.812
c bounds - >= -2123248 @ 269.939
c bounds - >= -2123232 @ 270.067
c bounds - >= -2123216 @ 270.193
c bounds - >= -2123200 @ 270.32
c bounds - >= -2123184 @ 270.448
c bounds - >= -2123168 @ 270.578
c bounds - >= -2123152 @ 270.71
c bounds - >= -2123136 @ 270.841
c bounds - >= -2123120 @ 270.973
c bounds - >= -2123104 @ 271.102
c bounds - >= -2123088 @ 271.23
c bounds - >= -2123072 @ 271.359
c bounds - >= -2123056 @ 271.487
c bounds - >= -2123040 @ 271.615
c bounds - >= -2123024 @ 271.742
c bounds - >= -2123008 @ 271.871
c bounds - >= -2122992 @ 272.001
c bounds - >= -2122976 @ 272.131
c bounds - >= -2122960 @ 272.258
c bounds - >= -2122944 @ 272.386
c bounds - >= -2122928 @ 272.514
c bounds - >= -2122912 @ 272.641
c bounds - >= -2122896 @ 272.768
c bounds - >= -2122880 @ 272.894
c bounds - >= -2122864 @ 273.024
c bounds - >= -2122848 @ 273.152
c bounds - >= -2122832 @ 273.28
c bounds - >= -2122816 @ 273.408
c bounds - >= -2122800 @ 273.536
c bounds - >= -2122784 @ 273.662
c bounds - >= -2122768 @ 273.792
c bounds - >= -2122752 @ 273.92
c bounds - >= -2122736 @ 274.051
c bounds - >= -2122720 @ 274.18
c bounds - >= -2122704 @ 274.309
c bounds - >= -2122688 @ 274.437
c bounds - >= -2122672 @ 274.564
c bounds - >= -2122656 @ 274.692
c bounds - >= -2122640 @ 274.819
c bounds - >= -2122624 @ 274.949
c bounds - >= -2122608 @ 275.079
c bounds - >= -2122592 @ 275.208
c bounds - >= -2122576 @ 275.336
c bounds - >= -2122560 @ 275.464
c bounds - >= -2122544 @ 275.591
c bounds - >= -2122528 @ 275.719
c bounds - >= -2122512 @ 275.847
c bounds - >= -2122496 @ 275.977
c bounds - >= -2122480 @ 276.107
c bounds - >= -2122464 @ 276.239
c bounds - >= -2122448 @ 276.371
c bounds - >= -2122432 @ 276.501
c bounds - >= -2122416 @ 276.632
c bounds - >= -2122400 @ 276.763
c bounds - >= -2122384 @ 276.892
c bounds - >= -2122368 @ 277.022
c bounds - >= -2122352 @ 277.153
c bounds - >= -2122336 @ 277.284
c bounds - >= -2122320 @ 277.411
c bounds - >= -2122304 @ 277.542
c bounds - >= -2122288 @ 277.67
c bounds - >= -2122272 @ 277.797
c bounds - >= -2122256 @ 277.925
c bounds - >= -2122240 @ 278.053
c bounds - >= -2122224 @ 278.18
c bounds - >= -2122208 @ 278.306
c bounds - >= -2122192 @ 278.435
c bounds - >= -2122176 @ 278.564
c bounds - >= -2122160 @ 278.692
c bounds - >= -2122144 @ 278.821
c bounds - >= -2122128 @ 278.949
c bounds - >= -2122112 @ 279.079
c bounds - >= -2122096 @ 279.21
c bounds - >= -2122080 @ 279.339
c bounds - >= -2122064 @ 279.466
c bounds - >= -2122048 @ 279.593
c bounds - >= -2122032 @ 279.722
c bounds - >= -2122016 @ 279.851
c bounds - >= -2122000 @ 279.979
c bounds - >= -2121984 @ 280.108
c bounds - >= -2121968 @ 280.237
c bounds - >= -2121952 @ 280.365
c bounds - >= -2121936 @ 280.494
c bounds - >= -2121920 @ 280.619
c bounds - >= -2121904 @ 280.748
c bounds - >= -2121888 @ 280.878
c bounds - >= -2121872 @ 281.008
c bounds - >= -2121856 @ 281.139
c bounds - >= -2121840 @ 281.271
c bounds - >= -2121824 @ 281.402
c bounds - >= -2121808 @ 281.532
c bounds - >= -2121792 @ 281.663
c bounds - >= -2121776 @ 281.793
c bounds - >= -2121760 @ 281.923
c bounds - >= -2121744 @ 282.052
c bounds - >= -2121728 @ 282.182
c bounds - >= -2121712 @ 282.313
c bounds - >= -2121696 @ 282.442
c bounds - >= -2121680 @ 282.571
c bounds - >= -2121664 @ 282.7
c bounds - >= -2121648 @ 282.828
c bounds - >= -2121632 @ 282.957
c bounds - >= -2121616 @ 283.084
c bounds - >= -2121600 @ 283.211
c bounds - >= -2121584 @ 283.339
c bounds - >= -2121568 @ 283.466
c bounds - >= -2121552 @ 283.594
c bounds - >= -2121536 @ 283.724
c bounds - >= -2121520 @ 283.853
c bounds - >= -2121504 @ 283.983
c bounds - >= -2121488 @ 284.112
c bounds - >= -2121472 @ 284.241
c bounds - >= -2121456 @ 284.37
c bounds - >= -2121440 @ 284.499
c bounds - >= -2121424 @ 284.626
c bounds - >= -2121408 @ 284.755
c bounds - >= -2121392 @ 284.883
c bounds - >= -2121376 @ 285.011
c bounds - >= -2121360 @ 285.138
c bounds - >= -2121344 @ 285.266
c bounds - >= -2121328 @ 285.396
c bounds - >= -2121312 @ 285.526
c bounds - >= -2121296 @ 285.656
c bounds - >= -2121280 @ 285.785
c bounds - >= -2121264 @ 285.915
c bounds - >= -2121248 @ 286.044
c bounds - >= -2121232 @ 286.174
c bounds - >= -2121216 @ 286.303
c bounds - >= -2121200 @ 286.434
c bounds - >= -2121184 @ 286.565
c bounds - >= -2121168 @ 286.697
c bounds - >= -2121152 @ 286.827
c bounds - >= -2121136 @ 286.955
c bounds - >= -2121120 @ 287.084
c bounds - >= -2121104 @ 287.211
c bounds - >= -2121088 @ 287.338
c bounds - >= -2121072 @ 287.464
c bounds - >= -2121056 @ 287.59
c bounds - >= -2121040 @ 287.718
c bounds - >= -2121024 @ 287.846
c bounds - >= -2121008 @ 287.975
c bounds - >= -2120992 @ 288.105
c bounds - >= -2120976 @ 288.235
c bounds - >= -2120960 @ 288.364
c bounds - >= -2120944 @ 288.492
c bounds - >= -2120928 @ 288.621
c bounds - >= -2120912 @ 288.748
c bounds - >= -2120896 @ 288.876
c bounds - >= -2120880 @ 289.003
c bounds - >= -2120864 @ 289.13
c bounds - >= -2120848 @ 289.261
c bounds - >= -2120832 @ 289.39
c bounds - >= -2120816 @ 289.519
c bounds - >= -2120800 @ 289.646
c bounds - >= -2120784 @ 289.774
c bounds - >= -2120768 @ 289.901
c bounds - >= -2120752 @ 290.03
c bounds - >= -2120736 @ 290.158
c bounds - >= -2120720 @ 290.287
c bounds - >= -2120704 @ 290.418
c bounds - >= -2120688 @ 290.547
c bounds - >= -2120672 @ 290.678
c bounds - >= -2120656 @ 290.807
c bounds - >= -2120640 @ 290.936
c bounds - >= -2120624 @ 291.064
c bounds - >= -2120608 @ 291.192
c bounds - >= -2120592 @ 291.321
c bounds - >= -2120576 @ 291.45
c bounds - >= -2120560 @ 291.58
c bounds - >= -2120544 @ 291.709
c bounds - >= -2120528 @ 291.838
c bounds - >= -2120512 @ 291.965
c bounds - >= -2120496 @ 292.092
c bounds - >= -2120480 @ 292.22
c bounds - >= -2120464 @ 292.347
c bounds - >= -2120448 @ 292.475
c bounds - >= -2120432 @ 292.604
c bounds - >= -2120416 @ 292.732
c bounds - >= -2120400 @ 292.86
c bounds - >= -2120384 @ 292.989
c bounds - >= -2120368 @ 293.118
c bounds - >= -2120352 @ 293.247
c bounds - >= -2120336 @ 293.376
c bounds - >= -2120320 @ 293.504
c bounds - >= -2120304 @ 293.632
c bounds - >= -2120288 @ 293.761
c bounds - >= -2120272 @ 293.889
c bounds - >= -2120256 @ 294.018
c bounds - >= -2120240 @ 294.145
c bounds - >= -2120224 @ 294.274
c bounds - >= -2120208 @ 294.401
c bounds - >= -2120192 @ 294.529
c bounds - >= -2120176 @ 294.656
c bounds - >= -2120160 @ 294.784
c bounds - >= -2120144 @ 294.913
c bounds - >= -2120128 @ 295.04
c bounds - >= -2120112 @ 295.167
c bounds - >= -2120096 @ 295.295
c bounds - >= -2120080 @ 295.425
c bounds - >= -2120064 @ 295.558
c bounds - >= -2120048 @ 295.688
c bounds - >= -2120032 @ 295.819
c bounds - >= -2120016 @ 295.947
c bounds - >= -2120000 @ 296.077
c bounds - >= -2119984 @ 296.207
c bounds - >= -2119968 @ 296.338
c bounds - >= -2119952 @ 296.469
c bounds - >= -2119936 @ 296.599
c bounds - >= -2119920 @ 296.73
c bounds - >= -2119904 @ 296.86
c bounds - >= -2119888 @ 296.99
c bounds - >= -2119872 @ 297.119
c bounds - >= -2119856 @ 297.248
c bounds - >= -2119840 @ 297.375
c bounds - >= -2119824 @ 297.503
c bounds - >= -2119808 @ 297.631
c bounds - >= -2119792 @ 297.759
c bounds - >= -2119776 @ 297.888
c bounds - >= -2119760 @ 298.017
c bounds - >= -2119744 @ 298.144
c bounds - >= -2119728 @ 298.273
c bounds - >= -2119712 @ 298.402
c bounds - >= -2119696 @ 298.529
c bounds - >= -2119680 @ 298.658
c bounds - >= -2119664 @ 298.785
c bounds - >= -2119648 @ 298.913
c bounds - >= -2119632 @ 299.041
c bounds - >= -2119616 @ 299.168
c bounds - >= -2119600 @ 299.296
c bounds - >= -2119584 @ 299.424
c bounds - >= -2119568 @ 299.551
c bounds - >= -2119552 @ 299.677
c bounds - >= -2119536 @ 299.806
c bounds - >= -2119520 @ 299.934
c bounds - >= -2119504 @ 300.066
c bounds - >= -2119488 @ 300.196
c bounds - >= -2119472 @ 300.324
c bounds - >= -2119456 @ 300.452
c bounds - >= -2119440 @ 300.581
c bounds - >= -2119424 @ 300.711
c bounds - >= -2119408 @ 300.84
c bounds - >= -2119392 @ 300.971
c bounds - >= -2119376 @ 301.1
c bounds - >= -2119360 @ 301.231
c bounds - >= -2119344 @ 301.359
c bounds - >= -2119328 @ 301.489
c bounds - >= -2119312 @ 301.617
c bounds - >= -2119296 @ 301.744
c bounds - >= -2119280 @ 301.872
c bounds - >= -2119264 @ 302
c bounds - >= -2119248 @ 302.129
c bounds - >= -2119232 @ 302.257
c bounds - >= -2119216 @ 302.386
c bounds - >= -2119200 @ 302.516
c bounds - >= -2119184 @ 302.645
c bounds - >= -2119168 @ 302.773
c bounds - >= -2119152 @ 302.902
c bounds - >= -2119136 @ 303.033
c bounds - >= -2119120 @ 303.162
c bounds - >= -2119104 @ 303.291
c bounds - >= -2119088 @ 303.419
c bounds - >= -2119072 @ 303.546
c bounds - >= -2119056 @ 303.674
c bounds - >= -2119040 @ 303.803
c bounds - >= -2119024 @ 303.93
c bounds - >= -2119008 @ 304.057
c bounds - >= -2118992 @ 304.184
c bounds - >= -2118976 @ 304.312
c bounds - >= -2118960 @ 304.441
c bounds - >= -2118944 @ 304.573
c bounds - >= -2118928 @ 304.705
c bounds - >= -2118912 @ 304.836
c bounds - >= -2118896 @ 304.967
c bounds - >= -2118880 @ 305.094
c bounds - >= -2118864 @ 305.224
c bounds - >= -2118848 @ 305.353
c bounds - >= -2118832 @ 305.485
c bounds - >= -2118816 @ 305.616
c bounds - >= -2118800 @ 305.746
c bounds - >= -2118784 @ 305.875
c bounds - >= -2118768 @ 306.006
c bounds - >= -2118752 @ 306.135
c bounds - >= -2118736 @ 306.264
c bounds - >= -2118720 @ 306.393
c bounds - >= -2118704 @ 306.52
c bounds - >= -2118688 @ 306.648
c bounds - >= -2118672 @ 306.775
c bounds - >= -2118656 @ 306.905
c bounds - >= -2118640 @ 307.035
c bounds - >= -2118624 @ 307.164
c bounds - >= -2118608 @ 307.294
c bounds - >= -2118592 @ 307.421
c bounds - >= -2118576 @ 307.55
c bounds - >= -2118560 @ 307.679
c bounds - >= -2118544 @ 307.808
c bounds - >= -2118528 @ 307.937
c bounds - >= -2118512 @ 308.067
c bounds - >= -2118496 @ 308.197
c bounds - >= -2118480 @ 308.324
c bounds - >= -2118464 @ 308.452
c bounds - >= -2118448 @ 308.58
c bounds - >= -2118432 @ 308.708
c bounds - >= -2118416 @ 308.837
c bounds - >= -2118400 @ 308.969
c bounds - >= -2118384 @ 309.1
c bounds - >= -2118368 @ 309.23
c bounds - >= -2118352 @ 309.358
c bounds - >= -2118336 @ 309.485
c bounds - >= -2118320 @ 309.613
c bounds - >= -2118304 @ 309.743
c bounds - >= -2118288 @ 309.874
c bounds - >= -2118272 @ 310.004
c bounds - >= -2118256 @ 310.132
c bounds - >= -2118240 @ 310.26
c bounds - >= -2118224 @ 310.388
c bounds - >= -2118208 @ 310.516
c bounds - >= -2118192 @ 310.644
c bounds - >= -2118176 @ 310.771
c bounds - >= -2118160 @ 310.9
c bounds - >= -2118144 @ 311.028
c bounds - >= -2118128 @ 311.157
c bounds - >= -2118112 @ 311.287
c bounds - >= -2118096 @ 311.415
c bounds - >= -2118080 @ 311.544
c bounds - >= -2118064 @ 311.673
c bounds - >= -2118048 @ 311.803
c bounds - >= -2118032 @ 311.932
c bounds - >= -2118016 @ 312.059
c bounds - >= -2118000 @ 312.185
c bounds - >= -2117984 @ 312.313
c bounds - >= -2117968 @ 312.443
c bounds - >= -2117952 @ 312.572
c bounds - >= -2117936 @ 312.701
c bounds - >= -2117920 @ 312.829
c bounds - >= -2117904 @ 312.955
c bounds - >= -2117888 @ 313.081
c bounds - >= -2117872 @ 313.209
c bounds - >= -2117856 @ 313.339
c bounds - >= -2117840 @ 313.468
c bounds - >= -2117824 @ 313.597
c bounds - >= -2117808 @ 313.726
c bounds - >= -2117792 @ 313.854
c bounds - >= -2117776 @ 313.983
c bounds - >= -2117760 @ 314.113
c bounds - >= -2117744 @ 314.244
c bounds - >= -2117728 @ 314.373
c bounds - >= -2117712 @ 314.502
c bounds - >= -2117696 @ 314.629
c bounds - >= -2117680 @ 314.754
c bounds - >= -2117664 @ 314.882
c bounds - >= -2117648 @ 315.008
c bounds - >= -2117632 @ 315.134
c bounds - >= -2117616 @ 315.261
c bounds - >= -2117600 @ 315.387
c bounds - >= -2117584 @ 315.513
c bounds - >= -2117568 @ 315.641
c bounds - >= -2117552 @ 315.769
c bounds - >= -2117536 @ 315.899
c bounds - >= -2117520 @ 316.029
c bounds - >= -2117504 @ 316.159
c bounds - >= -2117488 @ 316.287
c bounds - >= -2117472 @ 316.416
c bounds - >= -2117456 @ 316.543
c bounds - >= -2117440 @ 316.673
c bounds - >= -2117424 @ 316.8
c bounds - >= -2117408 @ 316.926
c bounds - >= -2117392 @ 317.053
c bounds - >= -2117376 @ 317.181
c bounds - >= -2117360 @ 317.311
c bounds - >= -2117344 @ 317.44
c bounds - >= -2117328 @ 317.568
c bounds - >= -2117312 @ 317.699
c bounds - >= -2117296 @ 317.828
c bounds - >= -2117280 @ 317.958
c bounds - >= -2117264 @ 318.085
c bounds - >= -2117248 @ 318.214
c bounds - >= -2117232 @ 318.343
c bounds - >= -2117216 @ 318.477
c bounds - >= -2117200 @ 318.609
c bounds - >= -2117184 @ 318.739
c bounds - >= -2117168 @ 318.871
c bounds - >= -2117152 @ 319
c bounds - >= -2117136 @ 319.128
c bounds - >= -2117120 @ 319.259
c bounds - >= -2117104 @ 319.389
c bounds - >= -2117088 @ 319.519
c bounds - >= -2117072 @ 319.647
c bounds - >= -2117056 @ 319.779
c bounds - >= -2117040 @ 319.908
c bounds - >= -2117024 @ 320.035
c bounds - >= -2117008 @ 320.164
c bounds - >= -2116992 @ 320.293
c bounds - >= -2116976 @ 320.42
c bounds - >= -2116960 @ 320.548
c bounds - >= -2116944 @ 320.678
c bounds - >= -2116928 @ 320.809
c bounds - >= -2116912 @ 320.938
c bounds - >= -2116896 @ 321.068
c bounds - >= -2116880 @ 321.198
c bounds - >= -2116864 @ 321.326
c bounds - >= -2116848 @ 321.456
c bounds - >= -2116832 @ 321.586
c bounds - >= -2116816 @ 321.716
c bounds - >= -2116800 @ 321.845
c bounds - >= -2116784 @ 321.975
c bounds - >= -2116768 @ 322.103
c bounds - >= -2116752 @ 322.232
c bounds - >= -2116736 @ 322.364
c bounds - >= -2116720 @ 322.494
c bounds - >= -2116704 @ 322.624
c bounds - >= -2116688 @ 322.754
c bounds - >= -2116672 @ 322.883
c bounds - >= -2116656 @ 323.009
c bounds - >= -2116640 @ 323.137
c bounds - >= -2116624 @ 323.264
c bounds - >= -2116608 @ 323.391
c bounds - >= -2116592 @ 323.521
c bounds - >= -2116576 @ 323.652
c bounds - >= -2116560 @ 323.785
c bounds - >= -2116544 @ 323.915
c bounds - >= -2116528 @ 324.044
c bounds - >= -2116512 @ 324.174
c bounds - >= -2116496 @ 324.303
c bounds - >= -2116480 @ 324.433
c bounds - >= -2116464 @ 324.561
c bounds - >= -2116448 @ 324.69
c bounds - >= -2116432 @ 324.818
c bounds - >= -2116416 @ 324.948
c bounds - >= -2116400 @ 325.078
c bounds - >= -2116384 @ 325.207
c bounds - >= -2116368 @ 325.336
c bounds - >= -2116352 @ 325.467
c bounds - >= -2116336 @ 325.597
c bounds - >= -2116320 @ 325.727
c bounds - >= -2116304 @ 325.856
c bounds - >= -2116288 @ 325.982
c bounds - >= -2116272 @ 326.113
c bounds - >= -2116256 @ 326.243
c bounds - >= -2116240 @ 326.375
c bounds - >= -2116224 @ 326.505
c bounds - >= -2116208 @ 326.634
c bounds - >= -2116192 @ 326.762
c bounds - >= -2116176 @ 326.891
c bounds - >= -2116160 @ 327.02
c bounds - >= -2116144 @ 327.149
c bounds - >= -2116128 @ 327.279
c bounds - >= -2116112 @ 327.41
c bounds - >= -2116096 @ 327.539
c bounds - >= -2116080 @ 327.669
c bounds - >= -2116064 @ 327.796
c bounds - >= -2116048 @ 327.924
c bounds - >= -2116032 @ 328.051
c bounds - >= -2116016 @ 328.179
c bounds - >= -2116000 @ 328.308
c bounds - >= -2115984 @ 328.437
c bounds - >= -2115968 @ 328.567
c bounds - >= -2115952 @ 328.694
c bounds - >= -2115936 @ 328.822
c bounds - >= -2115920 @ 328.952
c bounds - >= -2115904 @ 329.081
c bounds - >= -2115888 @ 329.211
c bounds - >= -2115872 @ 329.34
c bounds - >= -2115856 @ 329.469
c bounds - >= -2115840 @ 329.598
c bounds - >= -2115824 @ 329.726
c bounds - >= -2115808 @ 329.853
c bounds - >= -2115792 @ 329.983
c bounds - >= -2115776 @ 330.11
c bounds - >= -2115760 @ 330.237
c bounds - >= -2115744 @ 330.364
c bounds - >= -2115728 @ 330.494
c bounds - >= -2115712 @ 330.625
c bounds - >= -2115696 @ 330.755
c bounds - >= -2115680 @ 330.887
c bounds - >= -2115664 @ 331.016
c bounds - >= -2115648 @ 331.146
c bounds - >= -2115632 @ 331.274
c bounds - >= -2115616 @ 331.403
c bounds - >= -2115600 @ 331.535
c bounds - >= -2115584 @ 331.665
c bounds - >= -2115568 @ 331.794
c bounds - >= -2115552 @ 331.923
c bounds - >= -2115536 @ 332.052
c bounds - >= -2115520 @ 332.182
c bounds - >= -2115504 @ 332.31
c bounds - >= -2115488 @ 332.437
c bounds - >= -2115472 @ 332.565
c bounds - >= -2115456 @ 332.694
c bounds - >= -2115440 @ 332.822
c bounds - >= -2115424 @ 332.951
c bounds - >= -2115408 @ 333.079
c bounds - >= -2115392 @ 333.208
c bounds - >= -2115376 @ 333.337
c bounds - >= -2115360 @ 333.466
c bounds - >= -2115344 @ 333.594
c bounds - >= -2115328 @ 333.721
c bounds - >= -2115312 @ 333.848
c bounds - >= -2115296 @ 333.977
c bounds - >= -2115280 @ 334.106
c bounds - >= -2115264 @ 334.236
c bounds - >= -2115248 @ 334.367
c bounds - >= -2115232 @ 334.5
c bounds - >= -2115216 @ 334.629
c bounds - >= -2115200 @ 334.757
c bounds - >= -2115184 @ 334.886
c bounds - >= -2115168 @ 335.015
c bounds - >= -2115152 @ 335.145
c bounds - >= -2115136 @ 335.274
c bounds - >= -2115120 @ 335.406
c bounds - >= -2115104 @ 335.537
c bounds - >= -2115088 @ 335.668
c bounds - >= -2115072 @ 335.798
c bounds - >= -2115056 @ 335.927
c bounds - >= -2115040 @ 336.055
c bounds - >= -2115024 @ 336.184
c bounds - >= -2115008 @ 336.313
c bounds - >= -2114992 @ 336.442
c bounds - >= -2114976 @ 336.57
c bounds - >= -2114960 @ 336.7
c bounds - >= -2114944 @ 336.828
c bounds - >= -2114928 @ 336.958
c bounds - >= -2114912 @ 337.088
c bounds - >= -2114896 @ 337.217
c bounds - >= -2114880 @ 337.344
c bounds - >= -2114864 @ 337.471
c bounds - >= -2114848 @ 337.599
c bounds - >= -2114832 @ 337.728
c bounds - >= -2114816 @ 337.858
c bounds - >= -2114800 @ 337.987
c bounds - >= -2114784 @ 338.115
c bounds - >= -2114768 @ 338.245
c bounds - >= -2114752 @ 338.376
c bounds - >= -2114736 @ 338.506
c bounds - >= -2114720 @ 338.636
c bounds - >= -2114704 @ 338.767
c bounds - >= -2114688 @ 338.896
c bounds - >= -2114672 @ 339.025
c bounds - >= -2114656 @ 339.156
c bounds - >= -2114640 @ 339.288
c bounds - >= -2114624 @ 339.418
c bounds - >= -2114608 @ 339.547
c bounds - >= -2114592 @ 339.676
c bounds - >= -2114576 @ 339.804
c bounds - >= -2114560 @ 339.933
c bounds - >= -2114544 @ 340.061
c bounds - >= -2114528 @ 340.19
c bounds - >= -2114512 @ 340.319
c bounds - >= -2114496 @ 340.446
c bounds - >= -2114480 @ 340.575
c bounds - >= -2114464 @ 340.702
c bounds - >= -2114448 @ 340.831
c bounds - >= -2114432 @ 340.96
c bounds - >= -2114416 @ 341.088
c bounds - >= -2114400 @ 341.216
c bounds - >= -2114384 @ 341.346
c bounds - >= -2114368 @ 341.474
c bounds - >= -2114352 @ 341.602
c bounds - >= -2114336 @ 341.731
c bounds - >= -2114320 @ 341.858
c bounds - >= -2114304 @ 341.985
c bounds - >= -2114288 @ 342.113
c bounds - >= -2114272 @ 342.24
c bounds - >= -2114256 @ 342.368
c bounds - >= -2114240 @ 342.497
c bounds - >= -2114224 @ 342.627
c bounds - >= -2114208 @ 342.756
c bounds - >= -2114192 @ 342.883
c bounds - >= -2114176 @ 343.012
c bounds - >= -2114160 @ 343.142
c bounds - >= -2114144 @ 343.273
c bounds - >= -2114128 @ 343.404
c bounds - >= -2114112 @ 343.536
c bounds - >= -2114096 @ 343.663
c bounds - >= -2114080 @ 343.791
c bounds - >= -2114064 @ 343.919
c bounds - >= -2114048 @ 344.047
c bounds - >= -2114032 @ 344.176
c bounds - >= -2114016 @ 344.306
c bounds - >= -2114000 @ 344.436
c bounds - >= -2113984 @ 344.565
c bounds - >= -2113968 @ 344.697
c bounds - >= -2113952 @ 344.826
c bounds - >= -2113936 @ 344.957
c bounds - >= -2113920 @ 345.084
c bounds - >= -2113904 @ 345.211
c bounds - >= -2113888 @ 345.338
c bounds - >= -2113872 @ 345.466
c bounds - >= -2113856 @ 345.595
c bounds - >= -2113840 @ 345.725
c bounds - >= -2113824 @ 345.853
c bounds - >= -2113808 @ 345.981
c bounds - >= -2113792 @ 346.109
c bounds - >= -2113776 @ 346.239
c bounds - >= -2113760 @ 346.37
c bounds - >= -2113744 @ 346.499
c bounds - >= -2113728 @ 346.628
c bounds - >= -2113712 @ 346.755
c bounds - >= -2113696 @ 346.884
c bounds - >= -2113680 @ 347.013
c bounds - >terminate called after throwing an instance of 'rs::OutOfMemoryException'
