c RoundingSat 2
c branch 
c commit 
c #variables 2352 #constraints 5532
c bounds - >= -3920 @ 0.02357
c bounds 0 >= -3920 @ 0.026434
c bounds 0 >= -3904 @ 0.026434
c bounds 0 >= -3888 @ 0.026557
c bounds 0 >= -3872 @ 0.026719
c bounds 0 >= -3856 @ 0.026879
c bounds 0 >= -3840 @ 0.027034
c bounds 0 >= -3824 @ 0.027191
c bounds 0 >= -3808 @ 0.027347
c bounds 0 >= -3792 @ 0.027504
c bounds 0 >= -3776 @ 0.027662
c bounds 0 >= -3760 @ 0.027816
c bounds 0 >= -3744 @ 0.027968
c bounds 0 >= -3728 @ 0.028122
c bounds 0 >= -3712 @ 0.028274
c bounds 0 >= -3696 @ 0.028395
c bounds 0 >= -3680 @ 0.028525
c bounds 0 >= -3664 @ 0.028678
c bounds 0 >= -3648 @ 0.028827
c bounds 0 >= -3632 @ 0.028981
c bounds 0 >= -3616 @ 0.029132
c bounds 0 >= -3600 @ 0.02928
c bounds 0 >= -3584 @ 0.029317
c bounds 0 >= -3568 @ 0.029317
c bounds 0 >= -3552 @ 0.029317
c bounds 0 >= -3536 @ 0.029317
c bounds 0 >= -3520 @ 0.029317
c bounds 0 >= -3504 @ 0.029324
c bounds 0 >= -3488 @ 0.029374
c bounds 0 >= -3472 @ 0.029501
c bounds 0 >= -3456 @ 0.029651
c bounds 0 >= -3440 @ 0.0298
c bounds 0 >= -3424 @ 0.029949
c bounds 0 >= -3408 @ 0.030099
c bounds 0 >= -3392 @ 0.030247
c bounds 0 >= -3376 @ 0.030375
c bounds 0 >= -3360 @ 0.030381
c bounds 0 >= -3344 @ 0.030381
c bounds 0 >= -3328 @ 0.030381
c bounds 0 >= -3312 @ 0.030381
c bounds 0 >= -3296 @ 0.030381
c bounds 0 >= -3280 @ 0.030381
c bounds 0 >= -3264 @ 0.030492
c bounds 0 >= -3248 @ 0.03064
c bounds 0 >= -3232 @ 0.030787
c bounds 0 >= -3216 @ 0.030933
c bounds 0 >= -3200 @ 0.031081
c bounds 0 >= -3184 @ 0.031231
c bounds 0 >= -3168 @ 0.031342
c bounds 0 >= -3152 @ 0.031468
c bounds 0 >= -3136 @ 0.031616
c bounds 0 >= -3120 @ 0.031761
c bounds 0 >= -3104 @ 0.031909
c bounds 0 >= -3088 @ 0.032056
c bounds 0 >= -3072 @ 0.0322
c bounds 0 >= -3056 @ 0.032338
c bounds 0 >= -3040 @ 0.032463
c bounds 0 >= -3024 @ 0.03261
c bounds 0 >= -3008 @ 0.032759
c bounds 0 >= -2992 @ 0.032906
c bounds -8 >= -2992 @ 0.035879
c bounds -8 >= -2976 @ 0.036052
c bounds -8 >= -2960 @ 0.036213
c bounds -8 >= -2944 @ 0.03637
c bounds -8 >= -2928 @ 0.03652
c bounds -8 >= -2912 @ 0.036677
c bounds -8 >= -2896 @ 0.036828
c bounds -8 >= -2880 @ 0.036975
c bounds -8 >= -2864 @ 0.037125
c bounds -8 >= -2848 @ 0.037272
c bounds -8 >= -2832 @ 0.0374
c bounds -8 >= -2816 @ 0.037546
c bounds -8 >= -2800 @ 0.037692
c bounds -8 >= -2784 @ 0.037841
c bounds -8 >= -2768 @ 0.037987
c bounds -8 >= -2752 @ 0.038132
c bounds -8 >= -2736 @ 0.038271
c bounds -8 >= -2720 @ 0.0384
c bounds -8 >= -2704 @ 0.038546
c bounds -8 >= -2688 @ 0.038694
c bounds -8 >= -2672 @ 0.038839
c bounds -8 >= -2656 @ 0.038988
c bounds -8 >= -2640 @ 0.03913
c bounds -8 >= -2624 @ 0.039269
c bounds -8 >= -2608 @ 0.039415
c bounds -8 >= -2592 @ 0.039557
c bounds -8 >= -2576 @ 0.039701
c bounds -8 >= -2560 @ 0.039849
c bounds -8 >= -2544 @ 0.03999
c bounds -8 >= -2528 @ 0.040135
c bounds -8 >= -2512 @ 0.040271
c bounds -8 >= -2496 @ 0.040413
c bounds -8 >= -2480 @ 0.040556
c bounds -8 >= -2464 @ 0.0407
c bounds -8 >= -2448 @ 0.040841
c bounds -8 >= -2432 @ 0.040986
c bounds -8 >= -2416 @ 0.041128
c bounds -8 >= -2400 @ 0.041271
c bounds -8 >= -2384 @ 0.041415
c bounds -8 >= -2368 @ 0.041554
c bounds -8 >= -2352 @ 0.041697
c bounds -8 >= -2336 @ 0.041839
c bounds -8 >= -2320 @ 0.041976
c bounds -8 >= -2304 @ 0.04212
c bounds -8 >= -2288 @ 0.042245
c bounds -8 >= -2272 @ 0.042386
c bounds -8 >= -2256 @ 0.042527
c bounds -8 >= -2240 @ 0.042668
c bounds -8 >= -2224 @ 0.042807
c bounds -8 >= -2208 @ 0.042952
c bounds -8 >= -2192 @ 0.043092
c bounds -8 >= -2176 @ 0.043214
c bounds -8 >= -2160 @ 0.043214
c bounds -8 >= -2144 @ 0.043214
c bounds -8 >= -2128 @ 0.043214
c bounds -95 >= -2128 @ 0.059027
c bounds -99 >= -2128 @ 0.060255
c bounds -101 >= -2128 @ 0.062073
c bounds -103 >= -2128 @ 0.064969
c bounds -107 >= -2128 @ 0.066847
c bounds -108 >= -2128 @ 0.067423
c bounds -109 >= -2128 @ 0.068066
c bounds -111 >= -2128 @ 0.069067
c bounds -113 >= -2128 @ 0.070063
c bounds -117 >= -2128 @ 0.071674
c bounds -456 >= -2128 @ 0.081777
c bounds -457 >= -2128 @ 0.082985
c bounds -458 >= -2128 @ 0.084975
c bounds -460 >= -2128 @ 0.087971
c bounds -461 >= -2128 @ 0.090928
c bounds -463 >= -2128 @ 0.093105
c bounds -464 >= -2128 @ 0.094911
c bounds -464 >= -2123 @ 0.120639
c bounds -465 >= -2123 @ 0.121775
c bounds -467 >= -2123 @ 0.124523
c bounds -469 >= -2123 @ 0.126411
c bounds -471 >= -2123 @ 0.126758
c bounds -473 >= -2123 @ 0.128751
c bounds -477 >= -2123 @ 0.129256
c bounds -481 >= -2123 @ 0.130751
c bounds -485 >= -2123 @ 0.133778
c bounds -489 >= -2123 @ 0.136757
c bounds -493 >= -2123 @ 0.139749
c bounds -497 >= -2123 @ 0.141732
c bounds -501 >= -2123 @ 0.143686
c bounds -505 >= -2123 @ 0.144043
c bounds -509 >= -2123 @ 0.145684
c bounds -510 >= -2123 @ 0.147753
c bounds -514 >= -2123 @ 0.14931
c bounds -518 >= -2123 @ 0.151837
c bounds -522 >= -2123 @ 0.153389
c bounds -526 >= -2123 @ 0.155
c bounds -530 >= -2123 @ 0.157457
c bounds -534 >= -2123 @ 0.157637
c bounds -538 >= -2123 @ 0.15958
c bounds -542 >= -2123 @ 0.161111
c bounds -546 >= -2123 @ 0.163645
c bounds -550 >= -2123 @ 0.164608
c bounds -554 >= -2123 @ 0.165692
c bounds -558 >= -2123 @ 0.167597
c bounds -562 >= -2123 @ 0.167765
c bounds -566 >= -2123 @ 0.170242
c bounds -567 >= -2123 @ 0.172385
c bounds -571 >= -2123 @ 0.174882
c bounds -575 >= -2123 @ 0.177443
c bounds -579 >= -2123 @ 0.179543
c bounds -583 >= -2123 @ 0.180542
c bounds -587 >= -2123 @ 0.180953
c bounds -591 >= -2123 @ 0.182451
c bounds -592 >= -2123 @ 0.184576
c bounds -596 >= -2123 @ 0.186064
c bounds -600 >= -2123 @ 0.188552
c bounds -604 >= -2123 @ 0.190502
c bounds -608 >= -2123 @ 0.191498
c bounds -612 >= -2123 @ 0.19388
c bounds -613 >= -2123 @ 0.19493
c bounds -617 >= -2123 @ 0.197463
c bounds -621 >= -2123 @ 0.198848
c bounds -625 >= -2123 @ 0.200378
c bounds -626 >= -2123 @ 0.201462
c bounds -630 >= -2123 @ 0.202815
c bounds -634 >= -2123 @ 0.203459
c bounds -635 >= -2123 @ 0.205221
c bounds -639 >= -2123 @ 0.207581
c bounds -643 >= -2123 @ 0.208439
c bounds -647 >= -2123 @ 0.209324
c bounds -648 >= -2123 @ 0.210435
c bounds -652 >= -2123 @ 0.212716
c bounds -656 >= -2123 @ 0.214417
c bounds -660 >= -2123 @ 0.215408
c bounds -664 >= -2123 @ 0.217717
c bounds -668 >= -2123 @ 0.219366
c bounds -672 >= -2123 @ 0.221694
c #Conflicts:       1000 | #Constraints:       6949
c #Conflicts:       2000 | #Constraints:       7949
c INPROCESSING
c GARBAGE COLLECT
c bounds -672 >= -2118 @ 0.984101
c bounds -672 >= -2113 @ 1.07842
c #Conflicts:       3000 | #Constraints:       7786
c #Conflicts:       4000 | #Constraints:       8786
c bounds -672 >= -2108 @ 7.59877
c INPROCESSING
c GARBAGE COLLECT
c #Conflicts:       5000 | #Constraints:       8215
c #Conflicts:       6000 | #Constraints:       9215
c INPROCESSING
c GARBAGE COLLECT
c #Conflicts:       7000 | #Constraints:       8234
c #Conflicts:       8000 | #Constraints:       9234
c #Conflicts:       9000 | #Constraints:      10234
c INPROCESSING
c GARBAGE COLLECT
c #Conflicts:      10000 | #Constraints:       8968
c #Conflicts:      11000 | #Constraints:       9968
c #Conflicts:      12000 | #Constraints:      10968
c INPROCESSING
c GARBAGE COLLECT
c #Conflicts:      13000 | #Constraints:       9433
c #Conflicts:      14000 | #Constraints:      10433
c #Conflicts:      15000 | #Constraints:      11433
c INPROCESSING
c GARBAGE COLLECT
c #Conflicts:      16000 | #Constraints:       9652
c #Conflicts:      17000 | #Constraints:      10652
c #Conflicts:      18000 | #Constraints:      11652
c INPROCESSING
c GARBAGE COLLECT
c #Conflicts:      19000 | #Constraints:       9623
c #Conflicts:      20000 | #Constraints:      10623
c #Conflicts:      21000 | #Constraints:      11623
c INPROCESSING
c GARBAGE COLLECT
c #Conflicts:      22000 | #Constraints:       9438
c #Conflicts:      23000 | #Constraints:      10438
c #Conflicts:      24000 | #Constraints:      11438
c #Conflicts:      25000 | #Constraints:      12438
c INPROCESSING
c GARBAGE COLLECT
c #Conflicts:      26000 | #Constraints:      10055
c #Conflicts:      27000 | #Constraints:      11055
c #Conflicts:      28000 | #Constraints:      12055
c #Conflicts:      29000 | #Constraints:      13055
c INPROCESSING
c GARBAGE COLLECT
c #Conflicts:      30000 | #Constraints:      10473
c #Conflicts:      31000 | #Constraints:      11473
c #Conflicts:      32000 | #Constraints:      12473
c #Conflicts:      33000 | #Constraints:      13473
c INPROCESSING
c GARBAGE COLLECT
c #Conflicts:      34000 | #Constraints:      10690
c #Conflicts:      35000 | #Constraints:      11690
c #Conflicts:      36000 | #Constraints:      12690
c #Conflicts:      37000 | #Constraints:      13690
c INPROCESSING
c GARBAGE COLLECT
c #Conflicts:      38000 | #Constraints:      10690
c #Conflicts:      39000 | #Constraints:      11690
c bounds -672 >= -2103 @ 63.3185
c #Conflicts:      40000 | #Constraints:      12705
c #Conflicts:      41000 | #Constraints:      13705
c INPROCESSING
c GARBAGE COLLECT
c #Conflicts:      42000 | #Constraints:      10497
c #Conflicts:      43000 | #Constraints:      11497
c #Conflicts:      44000 | #Constraints:      12497
c #Conflicts:      45000 | #Constraints:      13497
c #Conflicts:      46000 | #Constraints:      14497
c INPROCESSING
c GARBAGE COLLECT
c #Conflicts:      47000 | #Constraints:      11070
c #Conflicts:      48000 | #Constraints:      12070
c #Conflicts:      49000 | #Constraints:      13070
c #Conflicts:      50000 | #Constraints:      14070
c #Conflicts:      51000 | #Constraints:      15070
c INPROCESSING
c GARBAGE COLLECT
c #Conflicts:      52000 | #Constraints:      11483
c #Conflicts:      53000 | #Constraints:      12483
c #Conflicts:      54000 | #Constraints:      13483
c #Conflicts:      55000 | #Constraints:      14483
c #Conflicts:      56000 | #Constraints:      15483
c INPROCESSING
c GARBAGE COLLECT
c #Conflicts:      57000 | #Constraints:      11679
c #Conflicts:      58000 | #Constraints:      12679
c #Conflicts:      59000 | #Constraints:      13679
c #Conflicts:      60000 | #Constraints:      14679
c #Conflicts:      61000 | #Constraints:      15679
c INPROCESSING
c GARBAGE COLLECT
c #Conflicts:      62000 | #Constraints:      11634
c #Conflicts:      63000 | #Constraints:      12634
c #Conflicts:      64000 | #Constraints:      13634
c #Conflicts:      65000 | #Constraints:      14634
c #Conflicts:      66000 | #Constraints:      15634
c INPROCESSING
c GARBAGE COLLECT
c #Conflicts:      67000 | #Constraints:      11450
c #Conflicts:      68000 | #Constraints:      12450
c #Conflicts:      69000 | #Constraints:      13450
c #Conflicts:      70000 | #Constraints:      14450
c #Conflicts:      71000 | #Constraints:      15450
c #Conflicts:      72000 | #Constraints:      16450
c INPROCESSING
c GARBAGE COLLECT
c #Conflicts:      73000 | #Constraints:      12076
c #Conflicts:      74000 | #Constraints:      13076
c #Conflicts:      75000 | #Constraints:      14076
c #Conflicts:      76000 | #Constraints:      15076
c #Conflicts:      77000 | #Constraints:      16076
c #Conflicts:      78000 | #Constraints:      17076
c INPROCESSING
c GARBAGE COLLECT
c #Conflicts:      79000 | #Constraints:      12516
c #Conflicts:      80000 | #Constraints:      13516
c #Conflicts:      81000 | #Constraints:      14516
c #Conflicts:      82000 | #Constraints:      15516
c #Conflicts:      83000 | #Constraints:      16516
c #Conflicts:      84000 | #Constraints:      17516
c INPROCESSING
c GARBAGE COLLECT
c #Conflicts:      85000 | #Constraints:      12715
c #Conflicts:      86000 | #Constraints:      13715
c #Conflicts:      87000 | #Constraints:      14715
c #Conflicts:      88000 | #Constraints:      15715
c #Conflicts:      89000 | #Constraints:      16715
c #Conflicts:      90000 | #Constraints:      17715
c INPROCESSING
c GARBAGE COLLECT
c #Conflicts:      91000 | #Constraints:      12705
c #Conflicts:      92000 | #Constraints:      13705
c #Conflicts:      93000 | #Constraints:      14705
c #Conflicts:      94000 | #Constraints:      15705
c #Conflicts:      95000 | #Constraints:      16705
c #Conflicts:      96000 | #Constraints:      17705
c INPROCESSING
c GARBAGE COLLECT
c #Conflicts:      97000 | #Constraints:      12453
c #Conflicts:      98000 | #Constraints:      13453
c #Conflicts:      99000 | #Constraints:      14453
c #Conflicts:     100000 | #Constraints:      15453
c #Conflicts:     101000 | #Constraints:      16453
c #Conflicts:     102000 | #Constraints:      17453
c #Conflicts:     103000 | #Constraints:      18453
c INPROCESSING
c GARBAGE COLLECT
c #Conflicts:     104000 | #Constraints:      13062
c #Conflicts:     105000 | #Constraints:      14062
c #Conflicts:     106000 | #Constraints:      15062
c #Conflicts:     107000 | #Constraints:      16062
c #Conflicts:     108000 | #Constraints:      17062
c #Conflicts:     109000 | #Constraints:      18062
c #Conflicts:     110000 | #Constraints:      19062
c INPROCESSING
c GARBAGE COLLECT
c #Conflicts:     111000 | #Constraints:      13471
c #Conflicts:     112000 | #Constraints:      14471
c #Conflicts:     113000 | #Constraints:      15471
c #Conflicts:     114000 | #Constraints:      16471
c #Conflicts:     115000 | #Constraints:      17471
c #Conflicts:     116000 | #Constraints:      18471
c #Conflicts:     117000 | #Constraints:      19471
c INPROCESSING
c GARBAGE COLLECT
c #Conflicts:     118000 | #Constraints:      13678
c #Conflicts:     119000 | #Constraints:      14678
c #Conflicts:     120000 | #Constraints:      15678
c #Conflicts:     121000 | #Constraints:      16678
c #Conflicts:     122000 | #Constraints:      17678
c #Conflicts:     123000 | #Constraints:      18678
c #Conflicts:     124000 | #Constraints:      19678
c INPROCESSING
c GARBAGE COLLECT
c #Conflicts:     125000 | #Constraints:      13682
c #Conflicts:     126000 | #Constraints:      14682
c #Conflicts:     127000 | #Constraints:      15682
c #Conflicts:     128000 | #Constraints:      16682
c #Conflicts:     129000 | #Constraints:      17682
c #Conflicts:     130000 | #Constraints:      18682
c #Conflicts:     131000 | #Constraints:      19682
c INPROCESSING
c GARBAGE COLLECT
c #Conflicts:     132000 | #Constraints:      13485
c #Conflicts:     133000 | #Constraints:      14485
c #Conflicts:     134000 | #Constraints:      15485
c #Conflicts:     135000 | #Constraints:      16485
c #Conflicts:     136000 | #Constraints:      17485
c #Conflicts:     137000 | #Constraints:      18485
c #Conflicts:     138000 | #Constraints:      19485
c #Conflicts:     139000 | #Constraints:      20485
c INPROCESSING
c GARBAGE COLLECT
c #Conflicts:     140000 | #Constraints:      14080
c #Conflicts:     141000 | #Constraints:      15080
c #Conflicts:     142000 | #Constraints:      16080
c #Conflicts:     143000 | #Constraints:      17080
c #Conflicts:     144000 | #Constraints:      18080
c #Conflicts:     145000 | #Constraints:      19080
c #Conflicts:     146000 | #Constraints:      20080
c #Conflicts:     147000 | #Constraints:      21080
c INPROCESSING
c GARBAGE COLLECT
c #Conflicts:     148000 | #Constraints:      14439
c #Conflicts:     149000 | #Constraints:      15439
c #Conflicts:     150000 | #Constraints:      16439
c #Conflicts:     151000 | #Constraints:      17439
c #Conflicts:     152000 | #Constraints:      18439
c #Conflicts:     153000 | #Constraints:      19439
c #Conflicts:     154000 | #Constraints:      20439
c #Conflicts:     155000 | #Constraints:      21439
c INPROCESSING
c GARBAGE COLLECT
c #Conflicts:     156000 | #Constraints:      14666
c #Conflicts:     157000 | #Constraints:      15666
c #Conflicts:     158000 | #Constraints:      16666
c #Conflicts:     159000 | #Constraints:      17666
c #Conflicts:     160000 | #Constraints:      18666
c #Conflicts:     161000 | #Constraints:      19666
c #Conflicts:     162000 | #Constraints:      20666
c #Conflicts:     163000 | #Constraints:      21666
c INPROCESSING
c GARBAGE COLLECT
c #Conflicts:     164000 | #Constraints:      14682
c #Conflicts:     165000 | #Constraints:      15682
c #Conflicts:     166000 | #Constraints:      16682
c #Conflicts:     167000 | #Constraints:      17682
c #Conflicts:     168000 | #Constraints:      18682
c #Conflicts:     169000 | #Constraints:      19682
c #Conflicts:     170000 | #Constraints:      20682
c #Conflicts:     171000 | #Constraints:      21682
c INPROCESSING
c GARBAGE COLLECT
c #Conflicts:     172000 | #Constraints:      14473
c #Conflicts:     173000 | #Constraints:      15473
c #Conflicts:     174000 | #Constraints:      16473
c #Conflicts:     175000 | #Constraints:      17473
c #Conflicts:     176000 | #Constraints:      18473
c #Conflicts:     177000 | #Constraints:      19473
c #Conflicts:     178000 | #Constraints:      20473
c #Conflicts:     179000 | #Constraints:      21473
c #Conflicts:     180000 | #Constraints:      22473
c INPROCESSING
c GARBAGE COLLECT
c #Conflicts:     181000 | #Constraints:      15099
c #Conflicts:     182000 | #Constraints:      16099
c #Conflicts:     183000 | #Constraints:      17099
c #Conflicts:     184000 | #Constraints:      18099
c #Conflicts:     185000 | #Constraints:      19099
c #Conflicts:     186000 | #Constraints:      20099
c #Conflicts:     187000 | #Constraints:      21099
c #Conflicts:     188000 | #Constraints:      22099
c #Conflicts:     189000 | #Constraints:      23099
c INPROCESSING
c GARBAGE COLLECT
c #Conflicts:     190000 | #Constraints:      15498
c #Conflicts:     191000 | #Constraints:      16498
c #Conflicts:     192000 | #Constraints:      17498
c #Conflicts:     193000 | #Constraints:      18498
c #Conflicts:     194000 | #Constraints:      19498
c #Conflicts:     195000 | #Constraints:      20498
c #Conflicts:     196000 | #Constraints:      21498
c #Conflicts:     197000 | #Constraints:      22498
c #Conflicts:     198000 | #Constraints:      23498
c INPROCESSING
c GARBAGE COLLECT
c #Conflicts:     199000 | #Constraints:      15660
c #Conflicts:     200000 | #Constraints:      16660
c #Conflicts:     201000 | #Constraints:      17660
c #Conflicts:     202000 | #Constraints:      18660
c #Conflicts:     203000 | #Constraints:      19660
c #Conflicts:     204000 | #Constraints:      20660
c #Conflicts:     205000 | #Constraints:      21660
c #Conflicts:     206000 | #Constraints:      22660
c #Conflicts:     207000 | #Constraints:      23660
c INPROCESSING
c GARBAGE COLLECT
c #Conflicts:     208000 | #Constraints:      15636
c #Conflicts:     209000 | #Constraints:      16636
c #Conflicts:     210000 | #Constraints:      17636
c #Conflicts:     211000 | #Constraints:      18636
c #Conflicts:     212000 | #Constraints:      19636
c #Conflicts:     213000 | #Constraints:      20636
c #Conflicts:     214000 | #Constraints:      21636
c #Conflicts:     215000 | #Constraints:      22636
c #Conflicts:     216000 | #Constraints:      23636
c INPROCESSING
c GARBAGE COLLECT
c #Conflicts:     217000 | #Constraints:      15449
c #Conflicts:     218000 | #Constraints:      16449
c #Conflicts:     219000 | #Constraints:      17449
c #Conflicts:     220000 | #Constraints:      18449
c #Conflicts:     221000 | #Constraints:      19449
c #Conflicts:     222000 | #Constraints:      20449
c #Conflicts:     223000 | #Constraints:      21449
c #Conflicts:     224000 | #Constraints:      22449
c #Conflicts:     225000 | #Constraints:      23449
c #Conflicts:     226000 | #Constraints:      24449
c INPROCESSING
c GARBAGE COLLECT
c #Conflicts:     227000 | #Constraints:      16031
c #Conflicts:     228000 | #Constraints:      17031
c #Conflicts:     229000 | #Constraints:      18031
c #Conflicts:     230000 | #Constraints:      19031
c #Conflicts:     231000 | #Constraints:      20031
c #Conflicts:     232000 | #Constraints:      21031
c #Conflicts:     233000 | #Constraints:      22031
c #Conflicts:     234000 | #Constraints:      23031
c #Conflicts:     235000 | #Constraints:      24031
c #Conflicts:     236000 | #Constraints:      25031
c INPROCESSING
c GARBAGE COLLECT
c #Conflicts:     237000 | #Constraints:      16451
c #Conflicts:     238000 | #Constraints:      17451
c #Conflicts:     239000 | #Constraints:      18451
c #Conflicts:     240000 | #Constraints:      19451
c #Conflicts:     241000 | #Constraints:      20451
c #Conflicts:     242000 | #Constraints:      21451
c #Conflicts:     243000 | #Constraints:      22451
c #Conflicts:     244000 | #Constraints:      23451
c #Conflicts:     245000 | #Constraints:      24451
c #Conflicts:     246000 | #Constraints:      25451
c INPROCESSING
c GARBAGE COLLECT
c #Conflicts:     247000 | #Constraints:      16668
c #Conflicts:     248000 | #Constraints:      17668
c #Conflicts:     249000 | #Constraints:      18668
c #Conflicts:     250000 | #Constraints:      19668
c #Conflicts:     251000 | #Constraints:      20668
c #Conflicts:     252000 | #Constraints:      21668
c #Conflicts:     253000 | #Constraints:      22668
c #Conflicts:     254000 | #Constraints:      23668
c #Conflicts:     255000 | #Constraints:      24668
c #Conflicts:     256000 | #Constraints:      25668
c INPROCESSING
c GARBAGE COLLECT
c #Conflicts:     257000 | #Constraints:      16694
c #Conflicts:     258000 | #Constraints:      17694
c #Conflicts:     259000 | #Constraints:      18694
c #Conflicts:     260000 | #Constraints:      19694
c #Conflicts:     261000 | #Constraints:      20694
c #Conflicts:     262000 | #Constraints:      21694
c #Conflicts:     263000 | #Constraints:      22694
c #Conflicts:     264000 | #Constraints:      23694
c #Conflicts:     265000 | #Constraints:      24694
c #Conflicts:     266000 | #Constraints:      25694
c INPROCESSING
c GARBAGE COLLECT
c #Conflicts:     267000 | #Constraints:      16469
c #Conflicts:     268000 | #Constraints:      17469
c #Conflicts:     269000 | #Constraints:      18469
c #Conflicts:     270000 | #Constraints:      19469
c #Conflicts:     271000 | #Constraints:      20469
c #Conflicts:     272000 | #Constraints:      21469
c #Conflicts:     273000 | #Constraints:      22469
c #Conflicts:     274000 | #Constraints:      23469
c #Conflicts:     275000 | #Constraints:      24469
c #Conflicts:     276000 | #Constraints:      25469
c #Conflicts:     277000 | #Constraints:      26469
c INPROCESSING
c GARBAGE COLLECT
c #Conflicts:     278000 | #Constraints:      17068
c #Conflicts:     279000 | #Constraints:      18068
c #Conflicts:     280000 | #Constraints:      19068
c #Conflicts:     281000 | #Constraints:      20068
c #Conflicts:     282000 | #Constraints:      21068
c #Conflicts:     283000 | #Constraints:      22068
c #Conflicts:     284000 | #Constraints:      23068
c #Conflicts:     285000 | #Constraints:      24068
c #Conflicts:     286000 | #Constraints:      25068
c #Conflicts:     287000 | #Constraints:      26068
c #Conflicts:     288000 | #Constraints:      27068
c INPROCESSING
c GARBAGE COLLECT
c #Conflicts:     289000 | #Constraints:      17437
c #Conflicts:     290000 | #Constraints:      18437
c #Conflicts:     291000 | #Constraints:      19437
c #Conflicts:     292000 | #Constraints:      20437
c #Conflicts:     293000 | #Constraints:      21437
c #Conflicts:     294000 | #Constraints:      22437
c #Conflicts:     295000 | #Constraints:      23437
c #Conflicts:     296000 | #Constraints:      24437
c #Conflicts:     297000 | #Constraints:      25437
c #Conflicts:     298000 | #Constraints:      26437
c #Conflicts:     299000 | #Constraints:      27437
c INPROCESSING
c GARBAGE COLLECT
c #Conflicts:     300000 | #Constraints:      17666
c #Conflicts:     301000 | #Constraints:      18666
c #Conflicts:     302000 | #Constraints:      19666
c #Conflicts:     303000 | #Constraints:      20666
c #Conflicts:     304000 | #Constraints:      21666
c #Conflicts:     305000 | #Constraints:      22666
c #Conflicts:     306000 | #Constraints:      23666
c #Conflicts:     307000 | #Constraints:      24666
c #Conflicts:     308000 | #Constraints:      25666
c #Conflicts:     309000 | #Constraints:      26666
c #Conflicts:     310000 | #Constraints:      27666
c INPROCESSING
c GARBAGE COLLECT
c #Conflicts:     311000 | #Constraints:      17676
c #Conflicts:     312000 | #Constraints:      18676
c #Conflicts:     313000 | #Constraints:      19676
c #Conflicts:     314000 | #Constraints:      20676
c #Conflicts:     315000 | #Constraints:      21676
c #Conflicts:     316000 | #Constraints:      22676
c #Conflicts:     317000 | #Constraints:      23676
c #Conflicts:     318000 | #Constraints:      24676
c #Conflicts:     319000 | #Constraints:      25676
c #Conflicts:     320000 | #Constraints:      26676
c #Conflicts:     321000 | #Constraints:      27676
c INPROCESSING
c GARBAGE COLLECT
c #Conflicts:     322000 | #Constraints:      17478
c #Conflicts:     323000 | #Constraints:      18478
c #Conflicts:     324000 | #Constraints:      19478
c #Conflicts:     325000 | #Constraints:      20478
c #Conflicts:     326000 | #Constraints:      21478
c #Conflicts:     327000 | #Constraints:      22478
c #Conflicts:     328000 | #Constraints:      23478
c #Conflicts:     329000 | #Constraints:      24478
c #Conflicts:     330000 | #Constraints:      25478
c #Conflicts:     331000 | #Constraints:      26478
c #Conflicts:     332000 | #Constraints:      27478
c #Conflicts:     333000 | #Constraints:      28478
c INPROCESSING
c GARBAGE COLLECT
c #Conflicts:     334000 | #Constraints:      18083
c #Conflicts:     335000 | #Constraints:      19083
c #Conflicts:     336000 | #Constraints:      20083
c #Conflicts:     337000 | #Constraints:      21083
c #Conflicts:     338000 | #Constraints:      22083
c #Conflicts:     339000 | #Constraints:      23083
c #Conflicts:     340000 | #Constraints:      24083
c #Conflicts:     341000 | #Constraints:      25083
c #Conflicts:     342000 | #Constraints:      26083
c #Conflicts:     343000 | #Constraints:      27083
c #Conflicts:     344000 | #Constraints:      28083
c #Conflicts:     345000 | #Constraints:      29083
c INPROCESSING
c GARBAGE COLLECT
c #Conflicts:     346000 | #Constraints:      18457
c #Conflicts:     347000 | #Constraints:      19457
c #Conflicts:     348000 | #Constraints:      20457
c #Conflicts:     349000 | #Constraints:      21457
c #Conflicts:     350000 | #Constraints:      22457
c #Conflicts:     351000 | #Constraints:      23457
c #Conflicts:     352000 | #Constraints:      24457
c #Conflicts:     353000 | #Constraints:      25457
c #Conflicts:     354000 | #Constraints:      26457
c #Conflicts:     355000 | #Constraints:      27457
c #Conflicts:     356000 | #Constraints:      28457
c #Conflicts:     357000 | #Constraints:      29457
c INPROCESSING
c GARBAGE COLLECT
c #Conflicts:     358000 | #Constraints:      18662
c #Conflicts:     359000 | #Constraints:      19662
c #Conflicts:     360000 | #Constraints:      20662
c #Conflicts:     361000 | #Constraints:      21662
c #Conflicts:     362000 | #Constraints:      22662
c #Conflicts:     363000 | #Constraints:      23662
c #Conflicts:     364000 | #Constraints:      24662
c #Conflicts:     365000 | #Constraints:      25662
c #Conflicts:     366000 | #Constraints:      26662
c #Conflicts:     367000 | #Constraints:      27662
c #Conflicts:     368000 | #Constraints:      28662
c #Conflicts:     369000 | #Constraints:      29662
c INPROCESSING
c GARBAGE COLLECT
c #Conflicts:     370000 | #Constraints:      18674
c #Conflicts:     371000 | #Constraints:      19674
c #Conflicts:     372000 | #Constraints:      20674
c #Conflicts:     373000 | #Constraints:      21674
c #Conflicts:     374000 | #Constraints:      22674
c #Conflicts:     375000 | #Constraints:      23674
c #Conflicts:     376000 | #Constraints:      24674
c #Conflicts:     377000 | #Constraints:      25674
c #Conflicts:     378000 | #Constraints:      26674
c #Conflicts:     379000 | #Constraints:      27674
c #Conflicts:     380000 | #Constraints:      28674
c #Conflicts:     381000 | #Constraints:      29674
c INPROCESSING
c GARBAGE COLLECT
c #Conflicts:     382000 | #Constraints:      18465
c #Conflicts:     383000 | #Constraints:      19465
c #Conflicts:     384000 | #Constraints:      20465
c #Conflicts:     385000 | #Constraints:      21465
c #Conflicts:     386000 | #Constraints:      22465
c #Conflicts:     387000 | #Constraints:      23465
c #Conflicts:     388000 | #Constraints:      24465
c #Conflicts:     389000 | #Constraints:      25465
c #Conflicts:     390000 | #Constraints:      26465
c #Conflicts:     391000 | #Constraints:      27465
c #Conflicts:     392000 | #Constraints:      28465
c #Conflicts:     393000 | #Constraints:      29465
c #Conflicts:     394000 | #Constraints:      30465
c INPROCESSING
c GARBAGE COLLECT
c #Conflicts:     395000 | #Constraints:      19039
c #Conflicts:     396000 | #Constraints:      20039
c #Conflicts:     397000 | #Constraints:      21039
c #Conflicts:     398000 | #Constraints:      22039
c #Conflicts:     399000 | #Constraints:      23039
c #Conflicts:     400000 | #Constraints:      24039
c #Conflicts:     401000 | #Constraints:      25039
c #Conflicts:     402000 | #Constraints:      26039
c #Conflicts:     403000 | #Constraints:      27039
c #Conflicts:     404000 | #Constraints:      28039
c #Conflicts:     405000 | #Constraints:      29039
c #Conflicts:     406000 | #Constraints:      30039
c #Conflicts:     407000 | #Constraints:      31039
c INPROCESSING
c GARBAGE COLLECT
c #Conflicts:     408000 | #Constraints:      19475
c #Conflicts:     409000 | #Constraints:      20475
c #Conflicts:     410000 | #Constraints:      21475
c #Conflicts:     411000 | #Constraints:      22475
c #Conflicts:     412000 | #Constraints:      23475
c #Conflicts:     413000 | #Constraints:      24475
c #Conflicts:     414000 | #Constraints:      25475
c #Conflicts:     415000 | #Constraints:      26475
c #Conflicts:     416000 | #Constraints:      27475
c #Conflicts:     417000 | #Constraints:      28475
c #Conflicts:     418000 | #Constraints:      29475
c #Conflicts:     419000 | #Constraints:      30475
c #Conflicts:     420000 | #Constraints:      31475
c INPROCESSING
c GARBAGE COLLECT
c #Conflicts:     421000 | #Constraints:      19676
c #Conflicts:     422000 | #Constraints:      20676
c #Conflicts:     423000 | #Constraints:      21676
c #Conflicts:     424000 | #Constraints:      22676
c #Conflicts:     425000 | #Constraints:      23676
c #Conflicts:     426000 | #Constraints:      24676
c #Conflicts:     427000 | #Constraints:      25676
c #Conflicts:     428000 | #Constraints:      26676
c #Conflicts:     429000 | #Constraints:      27676
c #Conflicts:     430000 | #Constraints:      28676
c #Conflicts:     431000 | #Constraints:      29676
c #Conflicts:     432000 | #Constraints:      30676
c #Conflicts:     433000 | #Constraints:      31676
c INPROCESSING
c GARBAGE COLLECT
c #Conflicts:     434000 | #Constraints:      19684
c #Conflicts:     435000 | #Constraints:      20684
c #Conflicts:     436000 | #Constraints:      21684
c #Conflicts:     437000 | #Constraints:      22684
c #Conflicts:     438000 | #Constraints:      23684
c #Conflicts:     439000 | #Constraints:      24684
c #Conflicts:     440000 | #Constraints:      25684
c #Conflicts:     441000 | #Constraints:      26684
c #Conflicts:     442000 | #Constraints:      27684
c #Conflicts:     443000 | #Constraints:      28684
c #Conflicts:     444000 | #Constraints:      29684
c #Conflicts:     445000 | #Constraints:      30684
c #Conflicts:     446000 | #Constraints:      31684
c INPROCESSING
c GARBAGE COLLECT
c #Conflicts:     447000 | #Constraints:      19498
c #Conflicts:     448000 | #Constraints:      20498
c #Conflicts:     449000 | #Constraints:      21498
c #Conflicts:     450000 | #Constraints:      22498
c #Conflicts:     451000 | #Constraints:      23498
c #Conflicts:     452000 | #Constraints:      24498
c #Conflicts:     453000 | #Constraints:      25498
c #Conflicts:     454000 | #Constraints:      26498
c #Conflicts:     455000 | #Constraints:      27498
c #Conflicts:     456000 | #Constraints:      28498
c #Conflicts:     457000 | #Constraints:      29498
c #Conflicts:     458000 | #Constraints:      30498
c #Conflicts:     459000 | #Constraints:      31498
c #Conflicts:     460000 | #Constraints:      32498
c INPROCESSING
c GARBAGE COLLECT
c #Conflicts:     461000 | #Constraints:      20092
c #Conflicts:     462000 | #Constraints:      21092
c #Conflicts:     463000 | #Constraints:      22092
c #Conflicts:     464000 | #Constraints:      23092
c #Conflicts:     465000 | #Constraints:      24092
c #Conflicts:     466000 | #Constraints:      25092
c #Conflicts:     467000 | #Constraints:      26092
c #Conflicts:     468000 | #Constraints:      27092
c #Conflicts:     469000 | #Constraints:      28092
c #Conflicts:     470000 | #Constraints:      29092
c #Conflicts:     471000 | #Constraints:      30092
c #Conflicts:     472000 | #Constraints:      31092
c #Conflicts:     473000 | #Constraints:      32092
c #Conflicts:     474000 | #Constraints:      33092
c INPROCESSING
c GARBAGE COLLECT
c #Conflicts:     475000 | #Constraints:      20502
c #Conflicts:     476000 | #Constraints:      21502
c #Conflicts:     477000 | #Constraints:      22502
c #Conflicts:     478000 | #Constraints:      23502
c #Conflicts:     479000 | #Constraints:      24502
c #Conflicts:     480000 | #Constraints:      25502
c #Conflicts:     481000 | #Constraints:      26502
c #Conflicts:     482000 | #Constraints:      27502
c #Conflicts:     483000 | #Constraints:      28502
c #Conflicts:     484000 | #Constraints:      29502
c #Conflicts:     485000 | #Constraints:      30502
c #Conflicts:     486000 | #Constraints:      31502
c #Conflicts:     487000 | #Constraints:      32502
c #Conflicts:     488000 | #Constraints:      33502
c INPROCESSING
c GARBAGE COLLECT
c #Conflicts:     489000 | #Constraints:      20708
c #Conflicts:     490000 | #Constraints:      21708
c #Conflicts:     491000 | #Constraints:      22708
c #Conflicts:     492000 | #Constraints:      23708
c #Conflicts:     493000 | #Constraints:      24708
c #Conflicts:     494000 | #Constraints:      25708
c #Conflicts:     495000 | #Constraints:      26708
c #Conflicts:     496000 | #Constraints:      27708
c #Conflicts:     497000 | #Constraints:      28708
c #Conflicts:     498000 | #Constraints:      29708
c #Conflicts:     499000 | #Constraints:      30708
c #Conflicts:     500000 | #Constraints:      31708
c #Conflicts:     501000 | #Constraints:      32708
c #Conflicts:     502000 | #Constraints:      33708
c INPROCESSING
c GARBAGE COLLECT
c #Conflicts:     503000 | #Constraints:      20705
c #Conflicts:     504000 | #Constraints:      21705
c #Conflicts:     505000 | #Constraints:      22705
c #Conflicts:     506000 | #Constraints:      23705
c #Conflicts:     507000 | #Constraints:      24705
c #Conflicts:     508000 | #Constraints:      25705
c #Conflicts:     509000 | #Constraints:      26705
c #Conflicts:     510000 | #Constraints:      27705
c #Conflicts:     511000 | #Constraints:      28705
c #Conflicts:     512000 | #Constraints:      29705
c #Conflicts:     513000 | #Constraints:      30705
c #Conflicts:     514000 | #Constraints:      31705
c #Conflicts:     515000 | #Constraints:      32705
c #Conflicts:     516000 | #Constraints:      33705
c INPROCESSING
c GARBAGE COLLECT
c #Conflicts:     517000 | #Constraints:      20462
c #Conflicts:     518000 | #Constraints:      21462
c #Conflicts:     519000 | #Constraints:      22462
c #Conflicts:     520000 | #Constraints:      23462
c #Conflicts:     521000 | #Constraints:      24462
c #Conflicts:     522000 | #Constraints:      25462
c #Conflicts:     523000 | #Constraints:      26462
c #Conflicts:     524000 | #Constraints:      27462
c #Conflicts:     525000 | #Constraints:      28462
c #Conflicts:     526000 | #Constraints:      29462
c #Conflicts:     527000 | #Constraints:      30462
c #Conflicts:     528000 | #Constraints:      31462
c #Conflicts:     529000 | #Constraints:      32462
c #Conflicts:     530000 | #Constraints:      33462
c #Conflicts:     531000 | #Constraints:      34462
c INPROCESSING
c GARBAGE COLLECT
c #Conflicts:     532000 | #Constraints:      21056
c #Conflicts:     533000 | #Constraints:      22056
c #Conflicts:     534000 | #Constraints:      23056
c #Conflicts:     535000 | #Constraints:      24056
c #Conflicts:     536000 | #Constraints:      25056
c #Conflicts:     537000 | #Constraints:      26056
c #Conflicts:     538000 | #Constraints:      27056
c #Conflicts:     539000 | #Constraints:      28056
c #Conflicts:     540000 | #Constraints:      29056
c #Conflicts:     541000 | #Constraints:      30056
c #Conflicts:     542000 | #Constraints:      31056
c #Conflicts:     543000 | #Constraints:      32056
c #Conflicts:     544000 | #Constraints:      33056
c #Conflicts:     545000 | #Constraints:      34056
c #Conflicts:     546000 | #Constraints:      35056
c INPROCESSING
c GARBAGE COLLECT
c #Conflicts:     547000 | #Constraints:      21476
c #Conflicts:     548000 | #Constraints:      22476
c #Conflicts:     549000 | #Constraints:      23476
c #Conflicts:     550000 | #Constraints:      24476
c #Conflicts:     551000 | #Constraints:      25476
c #Conflicts:     552000 | #Constraints:      26476
c #Conflicts:     553000 | #Constraints:      27476
c #Conflicts:     554000 | #Constraints:      28476
c #Conflicts:     555000 | #Constraints:      29476
c #Conflicts:     556000 | #Constraints:      30476
c #Conflicts:     557000 | #Constraints:      31476
c #Conflicts:     558000 | #Constraints:      32476
c #Conflicts:     559000 | #Constraints:      33476
c #Conflicts:     560000 | #Constraints:      34476
c #Conflicts:     561000 | #Constraints:      35476
c INPROCESSING
c GARBAGE COLLECT
c #Conflicts:     562000 | #Constraints:      21675
c #Conflicts:     563000 | #Constraints:      22675
c #Conflicts:     564000 | #Constraints:      23675
c #Conflicts:     565000 | #Constraints:      24675
c #Conflicts:     566000 | #Constraints:      25675
c #Conflicts:     567000 | #Constraints:      26675
c #Conflicts:     568000 | #Constraints:      27675
c #Conflicts:     569000 | #Constraints:      28675
c #Conflicts:     570000 | #Constraints:      29675
c #Conflicts:     571000 | #Constraints:      30675
c #Conflicts:     572000 | #Constraints:      31675
c #Conflicts:     573000 | #Constraints:      32675
c #Conflicts:     574000 | #Constraints:      33675
c #Conflicts:     575000 | #Constraints:      34675
c #Conflicts:     576000 | #Constraints:      35675
c INPROCESSING
c GARBAGE COLLECT
c #Conflicts:     577000 | #Constraints:      21669
c #Conflicts:     578000 | #Constraints:      22669
c #Conflicts:     579000 | #Constraints:      23669
c #Conflicts:     580000 | #Constraints:      24669
c #Conflicts:     581000 | #Constraints:      25669
c #Conflicts:     582000 | #Constraints:      26669
c #Conflicts:     583000 | #Constraints:      27669
c #Conflicts:     584000 | #Constraints:      28669
c #Conflicts:     585000 | #Constraints:      29669
c #Conflicts:     586000 | #Constraints:      30669
c #Conflicts:     587000 | #Constraints:      31669
c #Conflicts:     588000 | #Constraints:      32669
c #Conflicts:     589000 | #Constraints:      33669
c #Conflicts:     590000 | #Constraints:      34669
c #Conflicts:     591000 | #Constraints:      35669
c INPROCESSING
c GARBAGE COLLECT
c #Conflicts:     592000 | #Constraints:      21475
c #Conflicts:     593000 | #Constraints:      22475
c #Conflicts:     594000 | #Constraints:      23475
c #Conflicts:     595000 | #Constraints:      24475
c #Conflicts:     596000 | #Constraints:      25475
c #Conflicts:     597000 | #Constraints:      26475
c #Conflicts:     598000 | #Constraints:      27475
c #Conflicts:     599000 | #Constraints:      28475
c #Conflicts:     600000 | #Constraints:      29475
c #Conflicts:     601000 | #Constraints:      30475
c #Conflicts:     602000 | #Constraints:      31475
c #Conflicts:     603000 | #Constraints:      32475
c #Conflicts:     604000 | #Constraints:      33475
c #Conflicts:     605000 | #Constraints:      34475
c #Conflicts:     606000 | #Constraints:      35475
c #Conflicts:     607000 | #Constraints:      36475
c INPROCESSING
c GARBAGE COLLECT
c #Conflicts:     608000 | #Constraints:      22047
c #Conflicts:     609000 | #Constraints:      23047
c #Conflicts:     610000 | #Constraints:      24047
c #Conflicts:     611000 | #Constraints:      25047
c #Conflicts:     612000 | #Constraints:      26047
c #Conflicts:     613000 | #Constraints:      27047
c #Conflicts:     614000 | #Constraints:      28047
c #Conflicts:     615000 | #Constraints:      29047
c #Conflicts:     616000 | #Constraints:      30047
c #Conflicts:     617000 | #Constraints:      31047
c #Conflicts:     618000 | #Constraints:      32047
c #Conflicts:     619000 | #Constraints:      33047
c #Conflicts:     620000 | #Constraints:      34047
c #Conflicts:     621000 | #Constraints:      35047
c #Conflicts:     622000 | #Constraints:      36047
c #Conflicts:     623000 | #Constraints:      37047
c INPROCESSING
c GARBAGE COLLECT
c #Conflicts:     624000 | #Constraints:      22452
c #Conflicts:     625000 | #Constraints:      23452
c #Conflicts:     626000 | #Constraints:      24452
c #Conflicts:     627000 | #Constraints:      25452
c #Conflicts:     628000 | #Constraints:      26452
c #Conflicts:     629000 | #Constraints:      27452
c #Conflicts:     630000 | #Constraints:      28452
c #Conflicts:     631000 | #Constraints:      29452
c #Conflicts:     632000 | #Constraints:      30452
c #Conflicts:     633000 | #Constraints:      31452
c #Conflicts:     634000 | #Constraints:      32452
c #Conflicts:     635000 | #Constraints:      33452
c #Conflicts:     636000 | #Constraints:      34452
c #Conflicts:     637000 | #Constraints:      35452
c #Conflicts:     638000 | #Constraints:      36452
c #Conflicts:     639000 | #Constraints:      37452
c INPROCESSING
c GARBAGE COLLECT
c #Conflicts:     640000 | #Constraints:      22669
c #Conflicts:     641000 | #Constraints:      23669
c #Conflicts:     642000 | #Constraints:      24669
c #Conflicts:     643000 | #Constraints:      25669
c #Conflicts:     644000 | #Constraints:      26669
c #Conflicts:     645000 | #Constraints:      27669
c #Conflicts:     646000 | #Constraints:      28669
c #Conflicts:     647000 | #Constraints:      29669
c #Conflicts:     648000 | #Constraints:      30669
c #Conflicts:     649000 | #Constraints:      31669
c #Conflicts:     650000 | #Constraints:      32669
c #Conflicts:     651000 | #Constraints:      33669
c #Conflicts:     652000 | #Constraints:      34669
c #Conflicts:     653000 | #Constraints:      35669
c #Conflicts:     654000 | #Constraints:      36669
c #Conflicts:     655000 | #Constraints:      37669
c INPROCESSING
c GARBAGE COLLECT
c #Conflicts:     656000 | #Constraints:      22691
c #Conflicts:     657000 | #Constraints:      23691
c #Conflicts:     658000 | #Constraints:      24691
c #Conflicts:     659000 | #Constraints:      25691
c #Conflicts:     660000 | #Constraints:      26691
c #Conflicts:     661000 | #Constraints:      27691
c #Conflicts:     662000 | #Constraints:      28691
c #Conflicts:     663000 | #Constraints:      29691
c #Conflicts:     664000 | #Constraints:      30691
c #Conflicts:     665000 | #Constraints:      31691
c #Conflicts:     666000 | #Constraints:      32691
c #Conflicts:     667000 | #Constraints:      33691
c #Conflicts:     668000 | #Constraints:      34691
c #Conflicts:     669000 | #Constraints:      35691
c #Conflicts:     670000 | #Constraints:      36691
c #Conflicts:     671000 | #Constraints:      37691
c INPROCESSING
c GARBAGE COLLECT
c #Conflicts:     672000 | #Constraints:      22467
c #Conflicts:     673000 | #Constraints:      23467
c #Conflicts:     674000 | #Constraints:      24467
c #Conflicts:     675000 | #Constraints:      25467
c #Conflicts:     676000 | #Constraints:      26467
c #Conflicts:     677000 | #Constraints:      27467
c #Conflicts:     678000 | #Constraints:      28467
c #Conflicts:     679000 | #Constraints:      29467
c #Conflicts:     680000 | #Constraints:      30467
c #Conflicts:     681000 | #Constraints:      31467
c #Conflicts:     682000 | #Constraints:      32467
c #Conflicts:     683000 | #Constraints:      33467
c #Conflicts:     684000 | #Constraints:      34467
c #Conflicts:     685000 | #Constraints:      35467
c #Conflicts:     686000 | #Constraints:      36467
c #Conflicts:     687000 | #Constraints:      37467
c #Conflicts:     688000 | #Constraints:      38467
c INPROCESSING
c GARBAGE COLLECT
c #Conflicts:     689000 | #Constraints:      23046
c #Conflicts:     690000 | #Constraints:      24046
c #Conflicts:     691000 | #Constraints:      25046
c #Conflicts:     692000 | #Constraints:      26046
c #Conflicts:     693000 | #Constraints:      27046
c #Conflicts:     694000 | #Constraints:      28046
c #Conflicts:     695000 | #Constraints:      29046
c #Conflicts:     696000 | #Constraints:      30046
c #Conflicts:     697000 | #Constraints:      31046
c #Conflicts:     698000 | #Constraints:      32046
c #Conflicts:     699000 | #Constraints:      33046
c #Conflicts:     700000 | #Constraints:      34046
c #Conflicts:     701000 | #Constraints:      35046
c #Conflicts:     702000 | #Constraints:      36046
c #Conflicts:     703000 | #Constraints:      37046
c #Conflicts:     704000 | #Constraints:      38046
c #Conflicts:     705000 | #Constraints:      39046
c INPROCESSING
c GARBAGE COLLECT
c #Conflicts:     706000 | #Constraints:      23462
c #Conflicts:     707000 | #Constraints:      24462
c #Conflicts:     708000 | #Constraints:      25462
c #Conflicts:     709000 | #Constraints:      26462
c #Conflicts:     710000 | #Constraints:      27462
c #Conflicts:     711000 | #Constraints:      28462
c #Conflicts:     712000 | #Constraints:      29462
c #Conflicts:     713000 | #Constraints:      30462
c #Conflicts:     714000 | #Constraints:      31462
c #Conflicts:     715000 | #Constraints:      32462
c #Conflicts:     716000 | #Constraints:      33462
c #Conflicts:     717000 | #Constraints:      34462
c #Conflicts:     718000 | #Constraints:      35462
c #Conflicts:     719000 | #Constraints:      36462
c #Conflicts:     720000 | #Constraints:      37462
c #Conflicts:     721000 | #Constraints:      38462
c #Conflicts:     722000 | #Constraints:      39462
c INPROCESSING
c GARBAGE COLLECT
c #Conflicts:     723000 | #Constraints:      23673
c #Conflicts:     724000 | #Constraints:      24673
c #Conflicts:     725000 | #Constraints:      25673
c #Conflicts:     726000 | #Constraints:      26673
c #Conflicts:     727000 | #Constraints:      27673
c #Conflicts:     728000 | #Constraints:      28673
c #Conflicts:     729000 | #Constraints:      29673
c #Conflicts:     730000 | #Constraints:      30673
c #Conflicts:     731000 | #Constraints:      31673
c #Conflicts:     732000 | #Constraints:      32673
c #Conflicts:     733000 | #Constraints:      33673
c #Conflicts:     734000 | #Constraints:      34673
c #Conflicts:     735000 | #Constraints:      35673
c #Conflicts:     736000 | #Constraints:      36673
c #Conflicts:     737000 | #Constraints:      37673
c #Conflicts:     738000 | #Constraints:      38673
c #Conflicts:     739000 | #Constraints:      39673
c INPROCESSING
c GARBAGE COLLECT
c #Conflicts:     740000 | #Constraints:      23686
c #Conflicts:     741000 | #Constraints:      24686
c #Conflicts:     742000 | #Constraints:      25686
c #Conflicts:     743000 | #Constraints:      26686
c #Conflicts:     744000 | #Constraints:      27686
c #Conflicts:     745000 | #Constraints:      28686
c #Conflicts:     746000 | #Constraints:      29686
c #Conflicts:     747000 | #Constraints:      30686
c #Conflicts:     748000 | #Constraints:      31686
c #Conflicts:     749000 | #Constraints:      32686
c #Conflicts:     750000 | #Constraints:      33686
c #Conflicts:     751000 | #Constraints:      34686
c #Conflicts:     752000 | #Constraints:      35686
c #Conflicts:     753000 | #Constraints:      36686
c #Conflicts:     754000 | #Constraints:      37686
c #Conflicts:     755000 | #Constraints:      38686
c #Conflicts:     756000 | #Constraints:      39686
c INPROCESSING
c GARBAGE COLLECT
c #Conflicts:     757000 | #Constraints:      23488
c #Conflicts:     758000 | #Constraints:      24488
c #Conflicts:     759000 | #Constraints:      25488
c #Conflicts:     760000 | #Constraints:      26488
c #Conflicts:     761000 | #Constraints:      27488
c #Conflicts:     762000 | #Constraints:      28488
c #Conflicts:     763000 | #Constraints:      29488
c #Conflicts:     764000 | #Constraints:      30488
c #Conflicts:     765000 | #Constraints:      31488
c #Conflicts:     766000 | #Constraints:      32488
c #Conflicts:     767000 | #Constraints:      33488
c #Conflicts:     768000 | #Constraints:      34488
c #Conflicts:     769000 | #Constraints:      35488
c #Conflicts:     770000 | #Constraints:      36488
c #Conflicts:     771000 | #Constraints:      37488
c #Conflicts:     772000 | #Constraints:      38488
c #Conflicts:     773000 | #Constraints:      39488
c #Conflicts:     774000 | #Constraints:      40488
c INPROCESSING
c GARBAGE COLLECT
c #Conflicts:     775000 | #Constraints:      24081
c #Conflicts:     776000 | #Constraints:      25081
c #Conflicts:     777000 | #Constraints:      26081
c #Conflicts:     778000 | #Constraints:      27081
c #Conflicts:     779000 | #Constraints:      28081
c #Conflicts:     780000 | #Constraints:      29081
c #Conflicts:     781000 | #Constraints:      30081
c #Conflicts:     782000 | #Constraints:      31081
c #Conflicts:     783000 | #Constraints:      32081
c #Conflicts:     784000 | #Constraints:      33081
c #Conflicts:     785000 | #Constraints:      34081
c #Conflicts:     786000 | #Constraints:      35081
c #Conflicts:     787000 | #Constraints:      36081
c #Conflicts:     788000 | #Constraints:      37081
c #Conflicts:     789000 | #Constraints:      38081
c #Conflicts:     790000 | #Constraints:      39081
c #Conflicts:     791000 | #Constraints:      40081
c #Conflicts:     792000 | #Constraints:      41081
c INPROCESSING
c GARBAGE COLLECT
c #Conflicts:     793000 | #Constraints:      24489
c #Conflicts:     794000 | #Constraints:      25489
c #Conflicts:     795000 | #Constraints:      26489
c #Conflicts:     796000 | #Constraints:      27489
c #Conflicts:     797000 | #Constraints:      28489
c #Conflicts:     798000 | #Constraints:      29489
c #Conflicts:     799000 | #Constraints:      30489
c #Conflicts:     800000 | #Constraints:      31489
c #Conflicts:     801000 | #Constraints:      32489
c #Conflicts:     802000 | #Constraints:      33489
c #Conflicts:     803000 | #Constraints:      34489
c #Conflicts:     804000 | #Constraints:      35489
c #Conflicts:     805000 | #Constraints:      36489
c #Conflicts:     806000 | #Constraints:      37489
c #Conflicts:     807000 | #Constraints:      38489
c #Conflicts:     808000 | #Constraints:      39489
c #Conflicts:     809000 | #Constraints:      40489
c #Conflicts:     810000 | #Constraints:      41489
c INPROCESSING
c GARBAGE COLLECT
c #Conflicts:     811000 | #Constraints:      24648
c #Conflicts:     812000 | #Constraints:      25648
c #Conflicts:     813000 | #Constraints:      26648
c #Conflicts:     814000 | #Constraints:      27648
c #Conflicts:     815000 | #Constraints:      28648
c #Conflicts:     816000 | #Constraints:      29648
c #Conflicts:     817000 | #Constraints:      30648
c #Conflicts:     818000 | #Constraints:      31648
c #Conflicts:     819000 | #Constraints:      32648
c #Conflicts:     820000 | #Constraints:      33648
c #Conflicts:     821000 | #Constraints:      34648
c #Conflicts:     822000 | #Constraints:      35648
c #Conflicts:     823000 | #Constraints:      36648
c #Conflicts:     824000 | #Constraints:      37648
c #Conflicts:     825000 | #Constraints:      38648
c #Conflicts:     826000 | #Constraints:      39648
c #Conflicts:     827000 | #Constraints:      40648
c #Conflicts:     828000 | #Constraints:      41648
c INPROCESSING
c GARBAGE COLLECT
c #Conflicts:     829000 | #Constraints:      24670
c #Conflicts:     830000 | #Constraints:      25670
c #Conflicts:     831000 | #Constraints:      26670
c #Conflicts:     832000 | #Constraints:      27670
c #Conflicts:     833000 | #Constraints:      28670
c #Conflicts:     834000 | #Constraints:      29670
c #Conflicts:     835000 | #Constraints:      30670
c #Conflicts:     836000 | #Constraints:      31670
c #Conflicts:     837000 | #Constraints:      32670
c #Conflicts:     838000 | #Constraints:      33670
c #Conflicts:     839000 | #Constraints:      34670
c #Conflicts:     840000 | #Constraints:      35670
c #Conflicts:     841000 | #Constraints:      36670
c #Conflicts:     842000 | #Constraints:      37670
c #Conflicts:     843000 | #Constraints:      38670
c #Conflicts:     844000 | #Constraints:      39670
c #Conflicts:     845000 | #Constraints:      40670
c #Conflicts:     846000 | #Constraints:      41670
c INPROCESSING
c GARBAGE COLLECT
c #Conflicts:     847000 | #Constraints:      24465
c #Conflicts:     848000 | #Constraints:      25465
c #Conflicts:     849000 | #Constraints:      26465
c #Conflicts:     850000 | #Constraints:      27465
c #Conflicts:     851000 | #Constraints:      28465
c #Conflicts:     852000 | #Constraints:      29465
c #Conflicts:     853000 | #Constraints:      30465
c #Conflicts:     854000 | #Constraints:      31465
c #Conflicts:     855000 | #Constraints:      32465
c #Conflicts:     856000 | #Constraints:      33465
c #Conflicts:     857000 | #Constraints:      34465
c #Conflicts:     858000 | #Constraints:      35465
c #Conflicts:     859000 | #Constraints:      36465
c #Conflicts:     860000 | #Constraints:      37465
c #Conflicts:     861000 | #Constraints:      38465
c #Conflicts:     862000 | #Constraints:      39465
c #Conflicts:     863000 | #Constraints:      40465
c #Conflicts:     864000 | #Constraints:      41465
c #Conflicts:     865000 | #Constraints:      42465
c INPROCESSING
c GARBAGE COLLECT
c #Conflicts:     866000 | #Constraints:      25065
c #Conflicts:     867000 | #Constraints:      26065
c #Conflicts:     868000 | #Constraints:      27065
c #Conflicts:     869000 | #Constraints:      28065
c #Conflicts:     870000 | #Constraints:      29065
c #Conflicts:     871000 | #Constraints:      30065
c #Conflicts:     872000 | #Constraints:      31065
c #Conflicts:     873000 | #Constraints:      32065
c #Conflicts:     874000 | #Constraints:      33065
c #Conflicts:     875000 | #Constraints:      34065
c #Conflicts:     876000 | #Constraints:      35065
c #Conflicts:     877000 | #Constraints:      36065
c #Conflicts:     878000 | #Constraints:      37065
c #Conflicts:     879000 | #Constraints:      38065
c #Conflicts:     880000 | #Constraints:      39065
c #Conflicts:     881000 | #Constraints:      40065
c #Conflicts:     882000 | #Constraints:      41065
c #Conflicts:     883000 | #Constraints:      42065
c #Conflicts:     884000 | #Constraints:      43065
c INPROCESSING
c GARBAGE COLLECT
c #Conflicts:     885000 | #Constraints:      25472
c #Conflicts:     886000 | #Constraints:      26472
c #Conflicts:     887000 | #Constraints:      27472
c #Conflicts:     888000 | #Constraints:      28472
c #Conflicts:     889000 | #Constraints:      29472
c #Conflicts:     890000 | #Constraints:      30472
c #Conflicts:     891000 | #Constraints:      31472
c #Conflicts:     892000 | #Constraints:      32472
c #Conflicts:     893000 | #Constraints:      33472
c #Conflicts:     894000 | #Constraints:      34472
c #Conflicts:     895000 | #Constraints:      35472
c #Conflicts:     896000 | #Constraints:      36472
c #Conflicts:     897000 | #Constraints:      37472
c #Conflicts:     898000 | #Constraints:      38472
c #Conflicts:     899000 | #Constraints:      39472
c #Conflicts:     900000 | #Constraints:      40472
c #Conflicts:     901000 | #Constraints:      41472
c #Conflicts:     902000 | #Constraints:      42472
c #Conflicts:     903000 | #Constraints:      43472
c INPROCESSING
c GARBAGE COLLECT
c #Conflicts:     904000 | #Constraints:      25664
c #Conflicts:     905000 | #Constraints:      26664
c #Conflicts:     906000 | #Constraints:      27664
c #Conflicts:     907000 | #Constraints:      28664
c #Conflicts:     908000 | #Constraints:      29664
c #Conflicts:     909000 | #Constraints:      30664
c #Conflicts:     910000 | #Constraints:      31664
c #Conflicts:     911000 | #Constraints:      32664
c #Conflicts:     912000 | #Constraints:      33664
c #Conflicts:     913000 | #Constraints:      34664
c #Conflicts:     914000 | #Constraints:      35664
c #Conflicts:     915000 | #Constraints:      36664
c #Conflicts:     916000 | #Constraints:      37664
c #Conflicts:     917000 | #Constraints:      38664
c #Conflicts:     918000 | #Constraints:      39664
c #Conflicts:     919000 | #Constraints:      40664
c #Conflicts:     920000 | #Constraints:      41664
c #Conflicts:     921000 | #Constraints:      42664
c #Conflicts:     922000 | #Constraints:      43664
c INPROCESSING
c GARBAGE COLLECT
c #Conflicts:     923000 | #Constraints:      25664
c #Conflicts:     924000 | #Constraints:      26664
c #Conflicts:     925000 | #Constraints:      27664
c #Conflicts:     926000 | #Constraints:      28664
c #Conflicts:     927000 | #Constraints:      29664
c #Conflicts:     928000 | #Constraints:      30664
c #Conflicts:     929000 | #Constraints:      31664
c #Conflicts:     930000 | #Constraints:      32664
c #Conflicts:     931000 | #Constraints:      33664
c #Conflicts:     932000 | #Constraints:      34664
c #Conflicts:     933000 | #Constraints:      35664
c #Conflicts:     934000 | #Constraints:      36664
c #Conflicts:     935000 | #Constraints:      37664
c #Conflicts:     936000 | #Constraints:      38664
c #Conflicts:     937000 | #Constraints:      39664
c #Conflicts:     938000 | #Constraints:      40664
c #Conflicts:     939000 | #Constraints:      41664
c #Conflicts:     940000 | #Constraints:      42664
c #Conflicts:     941000 | #Constraints:      43664
c INPROCESSING
c GARBAGE COLLECT
c #Conflicts:     942000 | #Constraints:      25466
c #Conflicts:     943000 | #Constraints:      26466
c #Conflicts:     944000 | #Constraints:      27466
c #Conflicts:     945000 | #Constraints:      28466
c #Conflicts:     946000 | #Constraints:      29466
c #Conflicts:     947000 | #Constraints:      30466
c #Conflicts:     948000 | #Constraints:      31466
c #Conflicts:     949000 | #Constraints:      32466
c #Conflicts:     950000 | #Constraints:      33466
c #Conflicts:     951000 | #Constraints:      34466
c #Conflicts:     952000 | #Constraints:      35466
c #Conflicts:     953000 | #Constraints:      36466
c #Conflicts:     954000 | #Constraints:      37466
c #Conflicts:     955000 | #Constraints:      38466
c #Conflicts:     956000 | #Constraints:      39466
c #Conflicts:     957000 | #Constraints:      40466
c #Conflicts:     958000 | #Constraints:      41466
c #Conflicts:     959000 | #Constraints:      42466
c #Conflicts:     960000 | #Constraints:      43466
c #Conflicts:     961000 | #Constraints:      44466
c INPROCESSING
c GARBAGE COLLECT
c #Conflicts:     962000 | #Constraints:      26044
c #Conflicts:     963000 | #Constraints:      27044
c #Conflicts:     964000 | #Constraints:      28044
c #Conflicts:     965000 | #Constraints:      29044
c #Conflicts:     966000 | #Constraints:      30044
c #Conflicts:     967000 | #Constraints:      31044
c #Conflicts:     968000 | #Constraints:      32044
c #Conflicts:     969000 | #Constraints:      33044
c #Conflicts:     970000 | #Constraints:      34044
c #Conflicts:     971000 | #Constraints:      35044
c #Conflicts:     972000 | #Constraints:      36044
c #Conflicts:     973000 | #Constraints:      37044
c #Conflicts:     974000 | #Constraints:      38044
c #Conflicts:     975000 | #Constraints:      39044
c #Conflicts:     976000 | #Constraints:      40044
c #Conflicts:     977000 | #Constraints:      41044
c #Conflicts:     978000 | #Constraints:      42044
c #Conflicts:     979000 | #Constraints:      43044
c #Conflicts:     980000 | #Constraints:      44044
c #Conflicts:     981000 | #Constraints:      45044
c INPROCESSING
c GARBAGE COLLECT
c #Conflicts:     982000 | #Constraints:      26470
c #Conflicts:     983000 | #Constraints:      27470
c #Conflicts:     984000 | #Constraints:      28470
c #Conflicts:     985000 | #Constraints:      29470
c #Conflicts:     986000 | #Constraints:      30470
c #Conflicts:     987000 | #Constraints:      31470
c #Conflicts:     988000 | #Constraints:      32470
c #Conflicts:     989000 | #Constraints:      33470
c #Conflicts:     990000 | #Constraints:      34470
c #Conflicts:     991000 | #Constraints:      35470
c #Conflicts:     992000 | #Constraints:      36470
c #Conflicts:     993000 | #Constraints:      37470
c #Conflicts:     994000 | #Constraints:      38470
c #Conflicts:     995000 | #Constraints:      39470
c #Conflicts:     996000 | #Constraints:      40470
c #Conflicts:     997000 | #Constraints:      41470
c #Conflicts:     998000 | #Constraints:      42470
c #Conflicts:     999000 | #Constraints:      43470
c #Conflicts:    1000000 | #Constraints:      44470
c #Conflicts:    1001000 | #Constraints:      45470
c INPROCESSING
c GARBAGE COLLECT
c #Conflicts:    1002000 | #Constraints:      26673
c #Conflicts:    1003000 | #Constraints:      27673
c #Conflicts:    1004000 | #Constraints:      28673
c #Conflicts:    1005000 | #Constraints:      29673
c #Conflicts:    1006000 | #Constraints:      30673
c #Conflicts:    1007000 | #Constraints:      31673
c #Conflicts:    1008000 | #Constraints:      32673
c #Conflicts:    1009000 | #Constraints:      33673
c #Conflicts:    1010000 | #Constraints:      34673
c #Conflicts:    1011000 | #Constraints:      35673
c #Conflicts:    1012000 | #Constraints:      36673
c #Conflicts:    1013000 | #Constraints:      37673
c #Conflicts:    1014000 | #Constraints:      38673
c #Conflicts:    1015000 | #Constraints:      39673
c #Conflicts:    1016000 | #Constraints:      40673
c #Conflicts:    1017000 | #Constraints:      41673
c #Conflicts:    1018000 | #Constraints:      42673
c #Conflicts:    1019000 | #Constraints:      43673
c #Conflicts:    1020000 | #Constraints:      44673
c #Conflicts:    1021000 | #Constraints:      45673
c INPROCESSING
c GARBAGE COLLECT
c #Conflicts:    1022000 | #Constraints:      26685
c #Conflicts:    1023000 | #Constraints:      27685
c #Conflicts:    1024000 | #Constraints:      28685
c #Conflicts:    1025000 | #Constraints:      29685
c #Conflicts:    1026000 | #Constraints:      30685
c #Conflicts:    1027000 | #Constraints:      31685
c #Conflicts:    1028000 | #Constraints:      32685
c #Conflicts:    1029000 | #Constraints:      33685
c #Conflicts:    1030000 | #Constraints:      34685
c #Conflicts:    1031000 | #Constraints:      35685
c #Conflicts:    1032000 | #Constraints:      36685
c #Conflicts:    1033000 | #Constraints:      37685
c #Conflicts:    1034000 | #Constraints:      38685
c #Conflicts:    1035000 | #Constraints:      39685
c #Conflicts:    1036000 | #Constraints:      40685
c #Conflicts:    1037000 | #Constraints:      41685
c #Conflicts:    1038000 | #Constraints:      42685
c #Conflicts:    1039000 | #Constraints:      43685
c #Conflicts:    1040000 | #Constraints:      44685
c #Conflicts:    1041000 | #Constraints:      45685
c INPROCESSING
c GARBAGE COLLECT
c #Conflicts:    1042000 | #Constraints:      26452
c #Conflicts:    1043000 | #Constraints:      27452
c #Conflicts:    1044000 | #Constraints:      28452
c #Conflicts:    1045000 | #Constraints:      29452
c #Conflicts:    1046000 | #Constraints:      30452
c #Conflicts:    1047000 | #Constraints:      31452
c #Conflicts:    1048000 | #Constraints:      32452
c #Conflicts:    1049000 | #Constraints:      33452
c #Conflicts:    1050000 | #Constraints:      34452
c #Conflicts:    1051000 | #Constraints:      35452
c #Conflicts:    1052000 | #Constraints:      36452
c #Conflicts:    1053000 | #Constraints:      37452
c #Conflicts:    1054000 | #Constraints:      38452
c #Conflicts:    1055000 | #Constraints:      39452
c #Conflicts:    1056000 | #Constraints:      40452
c #Conflicts:    1057000 | #Constraints:      41452
c #Conflicts:    1058000 | #Constraints:      42452
c #Conflicts:    1059000 | #Constraints:      43452
c #Conflicts:    1060000 | #Constraints:      44452
c #Conflicts:    1061000 | #Constraints:      45452
c #Conflicts:    1062000 | #Constraints:      46452
c INPROCESSING
c GARBAGE COLLECT
c #Conflicts:    1063000 | #Constraints:      27085
c #Conflicts:    1064000 | #Constraints:      28085
c #Conflicts:    1065000 | #Constraints:      29085
c #Conflicts:    1066000 | #Constraints:      30085
c #Conflicts:    1067000 | #Constraints:      31085
c #Conflicts:    1068000 | #Constraints:      32085
c #Conflicts:    1069000 | #Constraints:      33085
c #Conflicts:    1070000 | #Constraints:      34085
c #Conflicts:    1071000 | #Constraints:      35085
c #Conflicts:    1072000 | #Constraints:      36085
c #Conflicts:    1073000 | #Constraints:      37085
c #Conflicts:    1074000 | #Constraints:      38085
c #Conflicts:    1075000 | #Constraints:      39085
c #Conflicts:    1076000 | #Constraints:      40085
c #Conflicts:    1077000 | #Constraints:      41085
c #Conflicts:    1078000 | #Constraints:      42085
c #Conflicts:    1079000 | #Constraints:      43085
c #Conflicts:    1080000 | #Constraints:      44085
c #Conflicts:    1081000 | #Constraints:      45085
c #Conflicts:    1082000 | #Constraints:      46085
c #Conflicts:    1083000 | #Constraints:      47085
c INPROCESSING
c GARBAGE COLLECT
c #Conflicts:    1084000 | #Constraints:      27499
c #Conflicts:    1085000 | #Constraints:      28499
c #Conflicts:    1086000 | #Constraints:      29499
c #Conflicts:    1087000 | #Constraints:      30499
c #Conflicts:    1088000 | #Constraints:      31499
c #Conflicts:    1089000 | #Constraints:      32499
c #Conflicts:    1090000 | #Constraints:      33499
c #Conflicts:    1091000 | #Constraints:      34499
c #Conflicts:    1092000 | #Constraints:      35499
c #Conflicts:    1093000 | #Constraints:      36499
c #Conflicts:    1094000 | #Constraints:      37499
c #Conflicts:    1095000 | #Constraints:      38499
c #Conflicts:    1096000 | #Constraints:      39499
c #Conflicts:    1097000 | #Constraints:      40499
c #Conflicts:    1098000 | #Constraints:      41499
c #Conflicts:    1099000 | #Constraints:      42499
c #Conflicts:    1100000 | #Constraints:      43499
c #Conflicts:    1101000 | #Constraints:      44499
c #Conflicts:    1102000 | #Constraints:      45499
c #Conflicts:    1103000 | #Constraints:      46499
c #Conflicts:    1104000 | #Constraints:      47499
c INPROCESSING
c GARBAGE COLLECT
c #Conflicts:    1105000 | #Constraints:      27717
c #Conflicts:    1106000 | #Constraints:      28717
c #Conflicts:    1107000 | #Constraints:      29717
c #Conflicts:    1108000 | #Constraints:      30717
c #Conflicts:    1109000 | #Constraints:      31717
c #Conflicts:    1110000 | #Constraints:      32717
c #Conflicts:    1111000 | #Constraints:      33717
c #Conflicts:    1112000 | #Constraints:      34717
c #Conflicts:    1113000 | #Constraints:      35717
c #Conflicts:    1114000 | #Constraints:      36717
c #Conflicts:    1115000 | #Constraints:      37717
c #Conflicts:    1116000 | #Constraints:      38717
c #Conflicts:    1117000 | #Constraints:      39717
c #Conflicts:    1118000 | #Constraints:      40717
c #Conflicts:    1119000 | #Constraints:      41717
c #Conflicts:    1120000 | #Constraints:      42717
c #Conflicts:    1121000 | #Constraints:      43717
c #Conflicts:    1122000 | #Constraints:      44717
c #Conflicts:    1123000 | #Constraints:      45717
c #Conflicts:    1124000 | #Constraints:      46717
c #Conflicts:    1125000 | #Constraints:      47717
c INPROCESSING
c GARBAGE COLLECT
c #Conflicts:    1126000 | #Constraints:      27711
c #Conflicts:    1127000 | #Constraints:      28711
c #Conflicts:    1128000 | #Constraints:      29711
c #Conflicts:    1129000 | #Constraints:      30711
c #Conflicts:    1130000 | #Constraints:      31711
c #Conflicts:    1131000 | #Constraints:      32711
c #Conflicts:    1132000 | #Constraints:      33711
c #Conflicts:    1133000 | #Constraints:      34711
c #Conflicts:    1134000 | #Constraints:      35711
c #Conflicts:    1135000 | #Constraints:      36711
c #Conflicts:    1136000 | #Constraints:      37711
c #Conflicts:    1137000 | #Constraints:      38711
c #Conflicts:    1138000 | #Constraints:      39711
c #Conflicts:    1139000 | #Constraints:      40711
c #Conflicts:    1140000 | #Constraints:      41711
c #Conflicts:    1141000 | #Constraints:      42711
c #Conflicts:    1142000 | #Constraints:      43711
c #Conflicts:    1143000 | #Constraints:      44711
c #Conflicts:    1144000 | #Constraints:      45711
c #Conflicts:    1145000 | #Constraints:      46711
c #Conflicts:    1146000 | #Constraints:      47711
c INPROCESSING
c GARBAGE COLLECT
c #Conflicts:    1147000 | #Constraints:      27515
c #Conflicts:    1148000 | #Constraints:      28515
c #Conflicts:    1149000 | #Constraints:      29515
c #Conflicts:    1150000 | #Constraints:      30515
c #Conflicts:    1151000 | #Constraints:      31515
c #Conflicts:    1152000 | #Constraints:      32515
c #Conflicts:    1153000 | #Constraints:      33515
c #Conflicts:    1154000 | #Constraints:      34515
c #Conflicts: