c RoundingSat 2
c branch 
c commit 
c #variables 1764 #constraints 4168
c bounds - >= -2940 @ 0.015038
c bounds 0 >= -2940 @ 0.015415
c bounds 0 >= -2924 @ 0.015509
c bounds 0 >= -2908 @ 0.015635
c bounds 0 >= -2892 @ 0.015757
c bounds 0 >= -2876 @ 0.015877
c bounds 0 >= -2860 @ 0.015996
c bounds 0 >= -2844 @ 0.016114
c bounds 0 >= -2828 @ 0.016231
c bounds 0 >= -2812 @ 0.016313
c bounds 0 >= -2796 @ 0.016412
c bounds 0 >= -2780 @ 0.016526
c bounds 0 >= -2764 @ 0.016639
c bounds 0 >= -2748 @ 0.01675
c bounds 0 >= -2732 @ 0.016863
c bounds 0 >= -2716 @ 0.016975
c bounds 0 >= -2700 @ 0.017086
c bounds 0 >= -2684 @ 0.017199
c bounds 0 >= -2668 @ 0.01731
c bounds 0 >= -2652 @ 0.017423
c bounds 0 >= -2636 @ 0.017533
c bounds 0 >= -2620 @ 0.017645
c bounds 0 >= -2604 @ 0.017754
c bounds 0 >= -2588 @ 0.017864
c bounds 0 >= -2572 @ 0.017973
c bounds 0 >= -2556 @ 0.018081
c bounds 0 >= -2540 @ 0.01819
c bounds 0 >= -2524 @ 0.018299
c bounds 0 >= -2508 @ 0.01833
c bounds 0 >= -2492 @ 0.01833
c bounds 0 >= -2476 @ 0.01833
c bounds 0 >= -2460 @ 0.01833
c bounds 0 >= -2444 @ 0.01833
c bounds 0 >= -2428 @ 0.01833
c bounds 0 >= -2412 @ 0.01833
c bounds 0 >= -2396 @ 0.01833
c bounds 0 >= -2380 @ 0.01835
c bounds 0 >= -2364 @ 0.018365
c bounds 0 >= -2348 @ 0.018365
c bounds 0 >= -2332 @ 0.018365
c bounds 0 >= -2316 @ 0.018365
c bounds 0 >= -2300 @ 0.018365
c bounds 0 >= -2284 @ 0.018365
c bounds 0 >= -2268 @ 0.018365
c bounds 0 >= -2252 @ 0.018365
c bounds 0 >= -2236 @ 0.018365
c bounds 0 >= -2220 @ 0.018378
c bounds 0 >= -2204 @ 0.018487
c bounds 0 >= -2188 @ 0.018597
c bounds 0 >= -2172 @ 0.018704
c bounds 0 >= -2156 @ 0.018812
c bounds 0 >= -2140 @ 0.018919
c bounds 0 >= -2124 @ 0.019026
c bounds 0 >= -2108 @ 0.019132
c bounds 0 >= -2092 @ 0.019242
c bounds 0 >= -2076 @ 0.019348
c bounds 0 >= -2060 @ 0.019455
c bounds 0 >= -2044 @ 0.019563
c bounds -8 >= -2044 @ 0.022454
c bounds -8 >= -2028 @ 0.022594
c bounds -8 >= -2012 @ 0.022723
c bounds -8 >= -1996 @ 0.022839
c bounds -8 >= -1980 @ 0.022953
c bounds -8 >= -1964 @ 0.023063
c bounds -8 >= -1948 @ 0.023174
c bounds -8 >= -1932 @ 0.023288
c bounds -8 >= -1916 @ 0.023397
c bounds -8 >= -1900 @ 0.023509
c bounds -8 >= -1884 @ 0.023618
c bounds -8 >= -1868 @ 0.023726
c bounds -8 >= -1852 @ 0.024282
c bounds -8 >= -1836 @ 0.024385
c bounds -8 >= -1820 @ 0.024489
c bounds -8 >= -1804 @ 0.024591
c bounds -8 >= -1788 @ 0.024691
c bounds -8 >= -1772 @ 0.02479
c bounds -8 >= -1756 @ 0.024889
c bounds -8 >= -1740 @ 0.024988
c bounds -8 >= -1724 @ 0.025088
c bounds -8 >= -1708 @ 0.025187
c bounds -8 >= -1692 @ 0.025287
c bounds -8 >= -1676 @ 0.025387
c bounds -8 >= -1660 @ 0.025492
c bounds -8 >= -1644 @ 0.025593
c bounds -8 >= -1628 @ 0.025692
c bounds -8 >= -1612 @ 0.025791
c bounds -8 >= -1596 @ 0.025891
c bounds -96 >= -1596 @ 0.040303
c bounds -98 >= -1596 @ 0.041899
c bounds -102 >= -1596 @ 0.04434
c bounds -104 >= -1596 @ 0.046546
c bounds -106 >= -1596 @ 0.047618
c bounds -108 >= -1596 @ 0.0499
c bounds -110 >= -1596 @ 0.051599
c bounds -111 >= -1596 @ 0.05377
c bounds -115 >= -1596 @ 0.055606
c bounds -347 >= -1596 @ 0.057882
c bounds -348 >= -1596 @ 0.059875
c bounds -350 >= -1596 @ 0.061605
c bounds -351 >= -1596 @ 0.062615
c bounds -353 >= -1596 @ 0.06405
c bounds -357 >= -1596 @ 0.065096
c bounds -358 >= -1596 @ 0.066356
c bounds -362 >= -1596 @ 0.068376
c #Conflicts:       1000 | #Constraints:       5438
c #Conflicts:       2000 | #Constraints:       6438
c INPROCESSING
c GARBAGE COLLECT
c bounds -363 >= -1596 @ 0.192281
c bounds -365 >= -1596 @ 0.192556
c bounds -367 >= -1596 @ 0.193276
c bounds -368 >= -1596 @ 0.194166
c bounds -370 >= -1596 @ 0.195148
c bounds -372 >= -1596 @ 0.195519
c bounds -373 >= -1596 @ 0.196499
c bounds -375 >= -1596 @ 0.197901
c bounds -377 >= -1596 @ 0.199787
c bounds -378 >= -1596 @ 0.2016
c bounds -380 >= -1596 @ 0.202475
c bounds -382 >= -1596 @ 0.203137
c bounds -383 >= -1596 @ 0.203468
c bounds -387 >= -1596 @ 0.203754
c bounds -389 >= -1596 @ 0.204443
c bounds -391 >= -1596 @ 0.205434
c bounds -392 >= -1596 @ 0.206689
c bounds -396 >= -1596 @ 0.208481
c bounds -400 >= -1596 @ 0.210281
c bounds -401 >= -1596 @ 0.210842
c bounds -405 >= -1596 @ 0.212639
c bounds -409 >= -1596 @ 0.214397
c bounds -413 >= -1596 @ 0.214403
c bounds -417 >= -1596 @ 0.214913
c bounds -421 >= -1596 @ 0.216638
c bounds -425 >= -1596 @ 0.217372
c bounds -429 >= -1596 @ 0.218369
c bounds -433 >= -1596 @ 0.219362
c bounds -437 >= -1596 @ 0.22049
c bounds -441 >= -1596 @ 0.222163
c bounds -445 >= -1596 @ 0.222927
c bounds -449 >= -1596 @ 0.223667
c bounds -453 >= -1596 @ 0.225349
c bounds -454 >= -1596 @ 0.226324
c bounds -458 >= -1596 @ 0.227492
c bounds -462 >= -1596 @ 0.228318
c bounds -466 >= -1596 @ 0.228318
c bounds -470 >= -1596 @ 0.229505
c bounds -474 >= -1596 @ 0.230298
c bounds -478 >= -1596 @ 0.230298
c bounds -482 >= -1596 @ 0.230595
c bounds -486 >= -1596 @ 0.232076
c bounds -487 >= -1596 @ 0.233493
c bounds -491 >= -1596 @ 0.235095
c bounds -495 >= -1596 @ 0.235734
c bounds -499 >= -1596 @ 0.237327
c bounds -503 >= -1596 @ 0.238245
c bounds -504 >= -1596 @ 0.238374
c #Conflicts:       3000 | #Constraints:       6385
c #Conflicts:       4000 | #Constraints:       7385
c INPROCESSING
c GARBAGE COLLECT
c bounds -504 >= -1592 @ 1.69111
c bounds -504 >= -1588 @ 1.69146
c bounds -504 >= -1584 @ 1.69183
c bounds -504 >= -1580 @ 1.69216
c bounds -504 >= -1576 @ 1.69226
c bounds -504 >= -1572 @ 1.69226
c bounds -504 >= -1568 @ 1.69226
c bounds -504 >= -1564 @ 1.69248
c bounds -504 >= -1560 @ 1.6928
c bounds -504 >= -1556 @ 1.69313
c bounds -504 >= -1552 @ 1.69325
c bounds -504 >= -1548 @ 1.69325
c bounds -504 >= -1544 @ 1.69325
c bounds -504 >= -1540 @ 1.69325
c bounds -504 >= -1536 @ 1.69325
c bounds -504 >= -1532 @ 1.69325
c bounds -504 >= -1528 @ 1.69325
c bounds -504 >= -1524 @ 1.69325
c bounds -504 >= -1520 @ 1.69325
c bounds -504 >= -1516 @ 1.69345
c bounds -504 >= -1512 @ 1.69378
c bounds -504 >= -1508 @ 1.69412
c bounds -504 >= -1504 @ 1.69445
c bounds -504 >= -1500 @ 1.69478
c bounds -504 >= -1496 @ 1.69511
c bounds -504 >= -1492 @ 1.69544
c bounds -504 >= -1488 @ 1.69578
c bounds -504 >= -1484 @ 1.6961
c bounds -504 >= -1480 @ 1.69644
c bounds -504 >= -1476 @ 1.69677
c bounds -504 >= -1472 @ 1.69711
c bounds -504 >= -1468 @ 1.69744
c bounds -504 >= -1464 @ 1.69777
c bounds -504 >= -1460 @ 1.6981
c bounds -504 >= -1456 @ 1.69844
c bounds -504 >= -1452 @ 1.69877
c bounds -504 >= -1448 @ 1.6991
c bounds -504 >= -1444 @ 1.69923
c bounds -504 >= -1440 @ 1.69923
c bounds -504 >= -1436 @ 1.69923
c bounds -504 >= -1432 @ 1.69944
c bounds -504 >= -1428 @ 1.69977
c bounds -504 >= -1424 @ 1.70009
c bounds -504 >= -1420 @ 1.70046
c bounds -504 >= -1416 @ 1.70079
c bounds -504 >= -1412 @ 1.70112
c bounds -504 >= -1408 @ 1.70146
c bounds -504 >= -1404 @ 1.70179
c bounds -504 >= -1400 @ 1.70213
c bounds -504 >= -1396 @ 1.70246
c bounds -504 >= -1392 @ 1.70279
c bounds -504 >= -1388 @ 1.70312
c bounds -504 >= -1384 @ 1.70321
c bounds -504 >= -1380 @ 1.70321
c bounds -504 >= -1376 @ 1.70321
c bounds -504 >= -1372 @ 1.70321
c bounds -504 >= -1368 @ 1.70321
c bounds -504 >= -1364 @ 1.70321
c bounds -504 >= -1360 @ 1.70355
c bounds -504 >= -1356 @ 1.70386
c bounds -504 >= -1352 @ 1.70418
c bounds -504 >= -1348 @ 1.7045
c bounds -504 >= -1344 @ 1.70483
c bounds -504 >= -1340 @ 1.70515
c bounds -504 >= -1336 @ 1.70549
c bounds -504 >= -1332 @ 1.70582
c bounds -504 >= -1328 @ 1.70615
c bounds -504 >= -1324 @ 1.70648
c bounds -504 >= -1320 @ 1.70681
c bounds -504 >= -1316 @ 1.70714
c bounds -504 >= -1312 @ 1.70747
c bounds -504 >= -1308 @ 1.70781
c bounds -504 >= -1304 @ 1.70814
c bounds -504 >= -1300 @ 1.70847
c bounds -504 >= -1296 @ 1.7088
c bounds -504 >= -1292 @ 1.70913
c bounds -504 >= -1288 @ 1.70918
c bounds -504 >= -1284 @ 1.70918
c bounds -504 >= -1280 @ 1.70918
c bounds -504 >= -1276 @ 1.70918
c bounds -504 >= -1272 @ 1.70918
c bounds -504 >= -1268 @ 1.70918
c bounds -504 >= -1264 @ 1.70918
c bounds -504 >= -1260 @ 1.70918
c bounds -504 >= -1256 @ 1.70943
c bounds -504 >= -1252 @ 1.71007
c bounds -504 >= -1248 @ 1.71018
c bounds -504 >= -1244 @ 1.71018
c bounds -504 >= -1240 @ 1.71018
c bounds -504 >= -1236 @ 1.71018
c bounds -504 >= -1232 @ 1.71018
c bounds -504 >= -1228 @ 1.71018
c bounds -504 >= -1224 @ 1.71018
c bounds -504 >= -1220 @ 1.71027
c bounds -504 >= -1216 @ 1.71091
c bounds -504 >= -1212 @ 1.71117
c bounds -504 >= -1208 @ 1.71126
c bounds -504 >= -1204 @ 1.71186
c bounds -504 >= -1200 @ 1.71248
c bounds -504 >= -1196 @ 1.71313
c bounds -504 >= -1192 @ 1.71378
c bounds -504 >= -1188 @ 1.71442
c bounds -504 >= -1184 @ 1.71507
c bounds -504 >= -1180 @ 1.71515
c bounds -504 >= -1176 @ 1.71515
c bounds -504 >= -1172 @ 1.71515
c bounds -504 >= -1168 @ 1.71515
c bounds -504 >= -1164 @ 1.71532
c bounds -504 >= -1160 @ 1.71596
c bounds -504 >= -1156 @ 1.71661
c bounds -504 >= -1152 @ 1.71725
c bounds -504 >= -1148 @ 1.7179
c bounds -504 >= -1144 @ 1.71855
c bounds -504 >= -1140 @ 1.71919
c bounds -504 >= -1136 @ 1.71984
c bounds -504 >= -1132 @ 1.72013
c bounds -504 >= -1128 @ 1.72014
c bounds -504 >= -1124 @ 1.72079
c bounds -504 >= -1120 @ 1.72112
c bounds -504 >= -1116 @ 1.72112
c bounds -504 >= -1112 @ 1.72177
c bounds -504 >= -1108 @ 1.72212
c bounds -504 >= -1104 @ 1.72212
c bounds -504 >= -1100 @ 1.72212
c bounds -504 >= -1096 @ 1.72212
c bounds -504 >= -1092 @ 1.72212
c bounds -504 >= -1088 @ 1.72212
c bounds -504 >= -1084 @ 1.72212
c bounds -504 >= -1080 @ 1.72212
c bounds -504 >= -1076 @ 1.72212
c bounds -504 >= -1072 @ 1.72222
c bounds -504 >= -1068 @ 1.72287
c bounds -504 >= -1064 @ 1.72311
c bounds -504 >= -1060 @ 1.7232
c bounds -504 >= -1056 @ 1.72381
c bounds -504 >= -1052 @ 1.72443
c bounds -504 >= -1048 @ 1.72507
c bounds -504 >= -1044 @ 1.72571
c bounds -504 >= -1040 @ 1.72635
c bounds -504 >= -1036 @ 1.727
c bounds -504 >= -1032 @ 1.72709
c bounds -504 >= -1028 @ 1.72729
c bounds -504 >= -1024 @ 1.72793
c bounds -504 >= -1020 @ 1.72857
c bounds -504 >= -1016 @ 1.72909
c bounds -504 >= -1012 @ 1.72909
c bounds -504 >= -1008 @ 1.72951
c bounds -504 >= -1004 @ 1.73015
c bounds -504 >= -1000 @ 1.73079
c bounds -504 >= -996 @ 1.73108
c bounds -504 >= -992 @ 1.73108
c bounds -504 >= -988 @ 1.73172
c bounds -504 >= -984 @ 1.73207
c bounds -504 >= -980 @ 1.73207
c bounds -504 >= -976 @ 1.73265
c bounds -504 >= -972 @ 1.73329
c bounds -504 >= -968 @ 1.73393
c bounds -504 >= -964 @ 1.73457
c bounds -504 >= -960 @ 1.73506
c bounds -504 >= -956 @ 1.73506
c bounds -504 >= -952 @ 1.73549
c bounds -504 >= -948 @ 1.73612
c bounds -504 >= -944 @ 1.73676
c bounds -504 >= -940 @ 1.73705
c bounds -504 >= -936 @ 1.73705
c bounds -504 >= -932 @ 1.73769
c bounds -504 >= -928 @ 1.73805
c bounds -504 >= -924 @ 1.73805
c bounds -504 >= -920 @ 1.74362
c bounds -504 >= -916 @ 3.31571
c #Conflicts:       5000 | #Constraints:       7269
c #Conflicts:       6000 | #Constraints:       8269
c INPROCESSING
c GARBAGE COLLECT
c #Conflicts:       7000 | #Constraints:       7097
c #Conflicts:       8000 | #Constraints:       8097
c #Conflicts:       9000 | #Constraints:       9097
c INPROCESSING
c GARBAGE COLLECT
c #Conflicts:      10000 | #Constraints:       7829
c #Conflicts:      11000 | #Constraints:       8829
c #Conflicts:      12000 | #Constraints:       9829
c INPROCESSING
c GARBAGE COLLECT
c #Conflicts:      13000 | #Constraints:       8286
c #Conflicts:      14000 | #Constraints:       9286
c #Conflicts:      15000 | #Constraints:      10286
c INPROCESSING
c GARBAGE COLLECT
c #Conflicts:      16000 | #Constraints:       8522
c #Conflicts:      17000 | #Constraints:       9522
c #Conflicts:      18000 | #Constraints:      10522
c INPROCESSING
c GARBAGE COLLECT
c #Conflicts:      19000 | #Constraints:       8544
c #Conflicts:      20000 | #Constraints:       9544
c #Conflicts:      21000 | #Constraints:      10544
c INPROCESSING
c GARBAGE COLLECT
c #Conflicts:      22000 | #Constraints:       8334
c #Conflicts:      23000 | #Constraints:       9334
c #Conflicts:      24000 | #Constraints:      10334
c #Conflicts:      25000 | #Constraints:      11334
c INPROCESSING
c GARBAGE COLLECT
c #Conflicts:      26000 | #Constraints:       8966
c #Conflicts:      27000 | #Constraints:       9966
c #Conflicts:      28000 | #Constraints:      10966
c #Conflicts:      29000 | #Constraints:      11966
c INPROCESSING
c GARBAGE COLLECT
c #Conflicts:      30000 | #Constraints:       9351
c #Conflicts:      31000 | #Constraints:      10351
c #Conflicts:      32000 | #Constraints:      11351
c #Conflicts:      33000 | #Constraints:      12351
c INPROCESSING
c GARBAGE COLLECT
c #Conflicts:      34000 | #Constraints:       9568
c #Conflicts:      35000 | #Constraints:      10568
c #Conflicts:      36000 | #Constraints:      11568
c #Conflicts:      37000 | #Constraints:      12568
c INPROCESSING
c GARBAGE COLLECT
c #Conflicts:      38000 | #Constraints:       9564
c #Conflicts:      39000 | #Constraints:      10564
c #Conflicts:      40000 | #Constraints:      11564
c #Conflicts:      41000 | #Constraints:      12564
c INPROCESSING
c GARBAGE COLLECT
c #Conflicts:      42000 | #Constraints:       9352
c #Conflicts:      43000 | #Constraints:      10352
c #Conflicts:      44000 | #Constraints:      11352
c #Conflicts:      45000 | #Constraints:      12352
c #Conflicts:      46000 | #Constraints:      13352
c INPROCESSING
c GARBAGE COLLECT
c #Conflicts:      47000 | #Constraints:       9967
c #Conflicts:      48000 | #Constraints:      10967
c #Conflicts:      49000 | #Constraints:      11967
c #Conflicts:      50000 | #Constraints:      12967
c #Conflicts:      51000 | #Constraints:      13967
c INPROCESSING
c GARBAGE COLLECT
c #Conflicts:      52000 | #Constraints:      10373
c #Conflicts:      53000 | #Constraints:      11373
c #Conflicts:      54000 | #Constraints:      12373
c #Conflicts:      55000 | #Constraints:      13373
c #Conflicts:      56000 | #Constraints:      14373
c INPROCESSING
c GARBAGE COLLECT
c #Conflicts:      57000 | #Constraints:      10536
c #Conflicts:      58000 | #Constraints:      11536
c #Conflicts:      59000 | #Constraints:      12536
c #Conflicts:      60000 | #Constraints:      13536
c #Conflicts:      61000 | #Constraints:      14536
c INPROCESSING
c GARBAGE COLLECT
c #Conflicts:      62000 | #Constraints:      10541
c #Conflicts:      63000 | #Constraints:      11541
c #Conflicts:      64000 | #Constraints:      12541
c #Conflicts:      65000 | #Constraints:      13541
c #Conflicts:      66000 | #Constraints:      14541
c INPROCESSING
c GARBAGE COLLECT
c #Conflicts:      67000 | #Constraints:      10373
c #Conflicts:      68000 | #Constraints:      11373
c #Conflicts:      69000 | #Constraints:      12373
c #Conflicts:      70000 | #Constraints:      13373
c #Conflicts:      71000 | #Constraints:      14373
c #Conflicts:      72000 | #Constraints:      15373
c INPROCESSING
c GARBAGE COLLECT
c #Conflicts:      73000 | #Constraints:      10956
c #Conflicts:      74000 | #Constraints:      11956
c #Conflicts:      75000 | #Constraints:      12956
c #Conflicts:      76000 | #Constraints:      13956
c #Conflicts:      77000 | #Constraints:      14956
c #Conflicts:      78000 | #Constraints:      15956
c INPROCESSING
c GARBAGE COLLECT
c #Conflicts:      79000 | #Constraints:      11348
c #Conflicts:      80000 | #Constraints:      12348
c #Conflicts:      81000 | #Constraints:      13348
c #Conflicts:      82000 | #Constraints:      14348
c #Conflicts:      83000 | #Constraints:      15348
c #Conflicts:      84000 | #Constraints:      16348
c INPROCESSING
c GARBAGE COLLECT
c #Conflicts:      85000 | #Constraints:      11552
c #Conflicts:      86000 | #Constraints:      12552
c #Conflicts:      87000 | #Constraints:      13552
c #Conflicts:      88000 | #Constraints:      14552
c #Conflicts:      89000 | #Constraints:      15552
c #Conflicts:      90000 | #Constraints:      16552
c INPROCESSING
c GARBAGE COLLECT
c #Conflicts:      91000 | #Constraints:      11550
c #Conflicts:      92000 | #Constraints:      12550
c #Conflicts:      93000 | #Constraints:      13550
c #Conflicts:      94000 | #Constraints:      14550
c #Conflicts:      95000 | #Constraints:      15550
c #Conflicts:      96000 | #Constraints:      16550
c INPROCESSING
c GARBAGE COLLECT
c #Conflicts:      97000 | #Constraints:      11344
c #Conflicts:      98000 | #Constraints:      12344
c #Conflicts:      99000 | #Constraints:      13344
c #Conflicts:     100000 | #Constraints:      14344
c #Conflicts:     101000 | #Constraints:      15344
c #Conflicts:     102000 | #Constraints:      16344
c #Conflicts:     103000 | #Constraints:      17344
c INPROCESSING
c GARBAGE COLLECT
c #Conflicts:     104000 | #Constraints:      11944
c #Conflicts:     105000 | #Constraints:      12944
c #Conflicts:     106000 | #Constraints:      13944
c #Conflicts:     107000 | #Constraints:      14944
c #Conflicts:     108000 | #Constraints:      15944
c #Conflicts:     109000 | #Constraints:      16944
c #Conflicts:     110000 | #Constraints:      17944
c INPROCESSING
c GARBAGE COLLECT
c #Conflicts:     111000 | #Constraints:      12345
c #Conflicts:     112000 | #Constraints:      13345
c #Conflicts:     113000 | #Constraints:      14345
c #Conflicts:     114000 | #Constraints:      15345
c #Conflicts:     115000 | #Constraints:      16345
c #Conflicts:     116000 | #Constraints:      17345
c #Conflicts:     117000 | #Constraints:      18345
c INPROCESSING
c GARBAGE COLLECT
c #Conflicts:     118000 | #Constraints:      12554
c #Conflicts:     119000 | #Constraints:      13554
c #Conflicts:     120000 | #Constraints:      14554
c #Conflicts:     121000 | #Constraints:      15554
c #Conflicts:     122000 | #Constraints:      16554
c #Conflicts:     123000 | #Constraints:      17554
c #Conflicts:     124000 | #Constraints:      18554
c INPROCESSING
c GARBAGE COLLECT
c #Conflicts:     125000 | #Constraints:      12554
c #Conflicts:     126000 | #Constraints:      13554
c #Conflicts:     127000 | #Constraints:      14554
c #Conflicts:     128000 | #Constraints:      15554
c #Conflicts:     129000 | #Constraints:      16554
c #Conflicts:     130000 | #Constraints:      17554
c #Conflicts:     131000 | #Constraints:      18554
c INPROCESSING
c GARBAGE COLLECT
c #Conflicts:     132000 | #Constraints:      12347
c #Conflicts:     133000 | #Constraints:      13347
c #Conflicts:     134000 | #Constraints:      14347
c #Conflicts:     135000 | #Constraints:      15347
c #Conflicts:     136000 | #Constraints:      16347
c #Conflicts:     137000 | #Constraints:      17347
c #Conflicts:     138000 | #Constraints:      18347
c #Conflicts:     139000 | #Constraints:      19347
c INPROCESSING
c GARBAGE COLLECT
c #Conflicts:     140000 | #Constraints:      12931
c #Conflicts:     141000 | #Constraints:      13931
c #Conflicts:     142000 | #Constraints:      14931
c #Conflicts:     143000 | #Constraints:      15931
c #Conflicts:     144000 | #Constraints:      16931
c #Conflicts:     145000 | #Constraints:      17931
c #Conflicts:     146000 | #Constraints:      18931
c #Conflicts:     147000 | #Constraints:      19931
c INPROCESSING
c GARBAGE COLLECT
c #Conflicts:     148000 | #Constraints:      13352
c #Conflicts:     149000 | #Constraints:      14352
c #Conflicts:     150000 | #Constraints:      15352
c #Conflicts:     151000 | #Constraints:      16352
c #Conflicts:     152000 | #Constraints:      17352
c #Conflicts:     153000 | #Constraints:      18352
c #Conflicts:     154000 | #Constraints:      19352
c #Conflicts:     155000 | #Constraints:      20352
c INPROCESSING
c GARBAGE COLLECT
c #Conflicts:     156000 | #Constraints:      13557
c #Conflicts:     157000 | #Constraints:      14557
c #Conflicts:     158000 | #Constraints:      15557
c #Conflicts:     159000 | #Constraints:      16557
c #Conflicts:     160000 | #Constraints:      17557
c #Conflicts:     161000 | #Constraints:      18557
c #Conflicts:     162000 | #Constraints:      19557
c #Conflicts:     163000 | #Constraints:      20557
c INPROCESSING
c GARBAGE COLLECT
c #Conflicts:     164000 | #Constraints:      13553
c #Conflicts:     165000 | #Constraints:      14553
c #Conflicts:     166000 | #Constraints:      15553
c #Conflicts:     167000 | #Constraints:      16553
c #Conflicts:     168000 | #Constraints:      17553
c #Conflicts:     169000 | #Constraints:      18553
c #Conflicts:     170000 | #Constraints:      19553
c #Conflicts:     171000 | #Constraints:      20553
c INPROCESSING
c GARBAGE COLLECT
c #Conflicts:     172000 | #Constraints:      13350
c #Conflicts:     173000 | #Constraints:      14350
c #Conflicts:     174000 | #Constraints:      15350
c #Conflicts:     175000 | #Constraints:      16350
c #Conflicts:     176000 | #Constraints:      17350
c #Conflicts:     177000 | #Constraints:      18350
c #Conflicts:     178000 | #Constraints:      19350
c #Conflicts:     179000 | #Constraints:      20350
c #Conflicts:     180000 | #Constraints:      21350
c INPROCESSING
c GARBAGE COLLECT
c #Conflicts:     181000 | #Constraints:      13958
c #Conflicts:     182000 | #Constraints:      14958
c #Conflicts:     183000 | #Constraints:      15958
c #Conflicts:     184000 | #Constraints:      16958
c #Conflicts:     185000 | #Constraints:      17958
c #Conflicts:     186000 | #Constraints:      18958
c #Conflicts:     187000 | #Constraints:      19958
c #Conflicts:     188000 | #Constraints:      20958
c #Conflicts:     189000 | #Constraints:      21958
c INPROCESSING
c GARBAGE COLLECT
c #Conflicts:     190000 | #Constraints:      14357
c #Conflicts:     191000 | #Constraints:      15357
c #Conflicts:     192000 | #Constraints:      16357
c #Conflicts:     193000 | #Constraints:      17357
c #Conflicts:     194000 | #Constraints:      18357
c #Conflicts:     195000 | #Constraints:      19357
c #Conflicts:     196000 | #Constraints:      20357
c #Conflicts:     197000 | #Constraints:      21357
c #Conflicts:     198000 | #Constraints:      22357
c INPROCESSING
c GARBAGE COLLECT
c #Conflicts:     199000 | #Constraints:      14556
c #Conflicts:     200000 | #Constraints:      15556
c #Conflicts:     201000 | #Constraints:      16556
c #Conflicts:     202000 | #Constraints:      17556
c #Conflicts:     203000 | #Constraints:      18556
c #Conflicts:     204000 | #Constraints:      19556
c #Conflicts:     205000 | #Constraints:      20556
c #Conflicts:     206000 | #Constraints:      21556
c #Conflicts:     207000 | #Constraints:      22556
c INPROCESSING
c GARBAGE COLLECT
c #Conflicts:     208000 | #Constraints:      14563
c #Conflicts:     209000 | #Constraints:      15563
c #Conflicts:     210000 | #Constraints:      16563
c #Conflicts:     211000 | #Constraints:      17563
c #Conflicts:     212000 | #Constraints:      18563
c #Conflicts:     213000 | #Constraints:      19563
c #Conflicts:     214000 | #Constraints:      20563
c #Conflicts:     215000 | #Constraints:      21563
c #Conflicts:     216000 | #Constraints:      22563
c INPROCESSING
c GARBAGE COLLECT
c #Conflicts:     217000 | #Constraints:      14343
c #Conflicts:     218000 | #Constraints:      15343
c #Conflicts:     219000 | #Constraints:      16343
c #Conflicts:     220000 | #Constraints:      17343
c #Conflicts:     221000 | #Constraints:      18343
c #Conflicts:     222000 | #Constraints:      19343
c #Conflicts:     223000 | #Constraints:      20343
c #Conflicts:     224000 | #Constraints:      21343
c #Conflicts:     225000 | #Constraints:      22343
c #Conflicts:     226000 | #Constraints:      23343
c INPROCESSING
c GARBAGE COLLECT
c #Conflicts:     227000 | #Constraints:      14919
c #Conflicts:     228000 | #Constraints:      15919
c #Conflicts:     229000 | #Constraints:      16919
c #Conflicts:     230000 | #Constraints:      17919
c #Conflicts:     231000 | #Constraints:      18919
c #Conflicts:     232000 | #Constraints:      19919
c #Conflicts:     233000 | #Constraints:      20919
c #Conflicts:     234000 | #Constraints:      21919
c #Conflicts:     235000 | #Constraints:      22919
c #Conflicts:     236000 | #Constraints:      23919
c INPROCESSING
c GARBAGE COLLECT
c #Conflicts:     237000 | #Constraints:      15336
c #Conflicts:     238000 | #Constraints:      16336
c #Conflicts:     239000 | #Constraints:      17336
c #Conflicts:     240000 | #Constraints:      18336
c #Conflicts:     241000 | #Constraints:      19336
c #Conflicts:     242000 | #Constraints:      20336
c #Conflicts:     243000 | #Constraints:      21336
c #Conflicts:     244000 | #Constraints:      22336
c #Conflicts:     245000 | #Constraints:      23336
c #Conflicts:     246000 | #Constraints:      24336
c INPROCESSING
c GARBAGE COLLECT
c #Conflicts:     247000 | #Constraints:      15543
c #Conflicts:     248000 | #Constraints:      16543
c #Conflicts:     249000 | #Constraints:      17543
c #Conflicts:     250000 | #Constraints:      18543
c #Conflicts:     251000 | #Constraints:      19543
c #Conflicts:     252000 | #Constraints:      20543
c #Conflicts:     253000 | #Constraints:      21543
c #Conflicts:     254000 | #Constraints:      22543
c #Conflicts:     255000 | #Constraints:      23543
c #Conflicts:     256000 | #Constraints:      24543
c INPROCESSING
c GARBAGE COLLECT
c #Conflicts:     257000 | #Constraints:      15549
c #Conflicts:     258000 | #Constraints:      16549
c #Conflicts:     259000 | #Constraints:      17549
c #Conflicts:     260000 | #Constraints:      18549
c #Conflicts:     261000 | #Constraints:      19549
c #Conflicts:     262000 | #Constraints:      20549
c #Conflicts:     263000 | #Constraints:      21549
c #Conflicts:     264000 | #Constraints:      22549
c #Conflicts:     265000 | #Constraints:      23549
c #Conflicts:     266000 | #Constraints:      24549
c INPROCESSING
c GARBAGE COLLECT
c #Conflicts:     267000 | #Constraints:      15348
c #Conflicts:     268000 | #Constraints:      16348
c #Conflicts:     269000 | #Constraints:      17348
c #Conflicts:     270000 | #Constraints:      18348
c #Conflicts:     271000 | #Constraints:      19348
c #Conflicts:     272000 | #Constraints:      20348
c #Conflicts:     273000 | #Constraints:      21348
c #Conflicts:     274000 | #Constraints:      22348
c #Conflicts:     275000 | #Constraints:      23348
c #Conflicts:     276000 | #Constraints:      24348
c #Conflicts:     277000 | #Constraints:      25348
c INPROCESSING
c GARBAGE COLLECT
c #Conflicts:     278000 | #Constraints:      15941
c #Conflicts:     279000 | #Constraints:      16941
c #Conflicts:     280000 | #Constraints:      17941
c #Conflicts:     281000 | #Constraints:      18941
c #Conflicts:     282000 | #Constraints:      19941
c #Conflicts:     283000 | #Constraints:      20941
c #Conflicts:     284000 | #Constraints:      21941
c #Conflicts:     285000 | #Constraints:      22941
c #Conflicts:     286000 | #Constraints:      23941
c #Conflicts:     287000 | #Constraints:      24941
c #Conflicts:     288000 | #Constraints:      25941
c INPROCESSING
c GARBAGE COLLECT
c #Conflicts:     289000 | #Constraints:      16333
c #Conflicts:     290000 | #Constraints:      17333
c #Conflicts:     291000 | #Constraints:      18333
c #Conflicts:     292000 | #Constraints:      19333
c #Conflicts:     293000 | #Constraints:      20333
c #Conflicts:     294000 | #Constraints:      21333
c #Conflicts:     295000 | #Constraints:      22333
c #Conflicts:     296000 | #Constraints:      23333
c #Conflicts:     297000 | #Constraints:      24333
c #Conflicts:     298000 | #Constraints:      25333
c #Conflicts:     299000 | #Constraints:      26333
c INPROCESSING
c GARBAGE COLLECT
c #Conflicts:     300000 | #Constraints:      16555
c #Conflicts:     301000 | #Constraints:      17555
c #Conflicts:     302000 | #Constraints:      18555
c #Conflicts:     303000 | #Constraints:      19555
c #Conflicts:     304000 | #Constraints:      20555
c #Conflicts:     305000 | #Constraints:      21555
c #Conflicts:     306000 | #Constraints:      22555
c #Conflicts:     307000 | #Constraints:      23555
c #Conflicts:     308000 | #Constraints:      24555
c #Conflicts:     309000 | #Constraints:      25555
c #Conflicts:     310000 | #Constraints:      26555
c INPROCESSING
c GARBAGE COLLECT
c #Conflicts:     311000 | #Constraints:      16542
c #Conflicts:     312000 | #Constraints:      17542
c #Conflicts:     313000 | #Constraints:      18542
c #Conflicts:     314000 | #Constraints:      19542
c #Conflicts:     315000 | #Constraints:      20542
c #Conflicts:     316000 | #Constraints:      21542
c #Conflicts:     317000 | #Constraints:      22542
c #Conflicts:     318000 | #Constraints:      23542
c #Conflicts:     319000 | #Constraints:      24542
c #Conflicts:     320000 | #Constraints:      25542
c #Conflicts:     321000 | #Constraints:      26542
c INPROCESSING
c GARBAGE COLLECT
c #Conflicts:     322000 | #Constraints:      16337
c #Conflicts:     323000 | #Constraints:      17337
c #Conflicts:     324000 | #Constraints:      18337
c #Conflicts:     325000 | #Constraints:      19337
c #Conflicts:     326000 | #Constraints:      20337
c #Conflicts:     327000 | #Constraints:      21337
c #Conflicts:     328000 | #Constraints:      22337
c #Conflicts:     329000 | #Constraints:      23337
c #Conflicts:     330000 | #Constraints:      24337
c #Conflicts:     331000 | #Constraints:      25337
c #Conflicts:     332000 | #Constraints:      26337
c #Conflicts:     333000 | #Constraints:      27337
c INPROCESSING
c GARBAGE COLLECT
c #Conflicts:     334000 | #Constraints:      16938
c #Conflicts:     335000 | #Constraints:      17938
c #Conflicts:     336000 | #Constraints:      18938
c #Conflicts:     337000 | #Constraints:      19938
c #Conflicts:     338000 | #Constraints:      20938
c #Conflicts:     339000 | #Constraints:      21938
c #Conflicts:     340000 | #Constraints:      22938
c #Conflicts:     341000 | #Constraints:      23938
c #Conflicts:     342000 | #Constraints:      24938
c #Conflicts:     343000 | #Constraints:      25938
c #Conflicts:     344000 | #Constraints:      26938
c #Conflicts:     345000 | #Constraints:      27938
c INPROCESSING
c GARBAGE COLLECT
c #Conflicts:     346000 | #Constraints:      17343
c #Conflicts:     347000 | #Constraints:      18343
c #Conflicts:     348000 | #Constraints:      19343
c #Conflicts:     349000 | #Constraints:      20343
c #Conflicts:     350000 | #Constraints:      21343
c #Conflicts:     351000 | #Constraints:      22343
c #Conflicts:     352000 | #Constraints:      23343
c #Conflicts:     353000 | #Constraints:      24343
c #Conflicts:     354000 | #Constraints:      25343
c #Conflicts:     355000 | #Constraints:      26343
c #Conflicts:     356000 | #Constraints:      27343
c #Conflicts:     357000 | #Constraints:      28343
c INPROCESSING
c GARBAGE COLLECT
c #Conflicts:     358000 | #Constraints:      17541
c #Conflicts:     359000 | #Constraints:      18541
c #Conflicts:     360000 | #Constraints:      19541
c #Conflicts:     361000 | #Constraints:      20541
c #Conflicts:     362000 | #Constraints:      21541
c #Conflicts:     363000 | #Constraints:      22541
c #Conflicts:     364000 | #Constraints:      23541
c #Conflicts:     365000 | #Constraints:      24541
c #Conflicts:     366000 | #Constraints:      25541
c #Conflicts:     367000 | #Constraints:      26541
c #Conflicts:     368000 | #Constraints:      27541
c #Conflicts:     369000 | #Constraints:      28541
c INPROCESSING
c GARBAGE COLLECT
c #Conflicts:     370000 | #Constraints:      17545
c #Conflicts:     371000 | #Constraints:      18545
c #Conflicts:     372000 | #Constraints:      19545
c #Conflicts:     373000 | #Constraints:      20545
c #Conflicts:     374000 | #Constraints:      21545
c #Conflicts:     375000 | #Constraints:      22545
c #Conflicts:     376000 | #Constraints:      23545
c #Conflicts:     377000 | #Constraints:      24545
c #Conflicts:     378000 | #Constraints:      25545
c #Conflicts:     379000 | #Constraints:      26545
c #Conflicts:     380000 | #Constraints:      27545
c #Conflicts:     381000 | #Constraints:      28545
c INPROCESSING
c GARBAGE COLLECT
c #Conflicts:     382000 | #Constraints:      17350
c #Conflicts:     383000 | #Constraints:      18350
c #Conflicts:     384000 | #Constraints:      19350
c #Conflicts:     385000 | #Constraints:      20350
c #Conflicts:     386000 | #Constraints:      21350
c #Conflicts:     387000 | #Constraints:      22350
c #Conflicts:     388000 | #Constraints:      23350
c #Conflicts:     389000 | #Constraints:      24350
c #Conflicts:     390000 | #Constraints:      25350
c #Conflicts:     391000 | #Constraints:      26350
c #Conflicts:     392000 | #Constraints:      27350
c #Conflicts:     393000 | #Constraints:      28350
c #Conflicts:     394000 | #Constraints:      29350
c INPROCESSING
c GARBAGE COLLECT
c #Conflicts:     395000 | #Constraints:      17954
c #Conflicts:     396000 | #Constraints:      18954
c #Conflicts:     397000 | #Constraints:      19954
c #Conflicts:     398000 | #Constraints:      20954
c #Conflicts:     399000 | #Constraints:      21954
c #Conflicts:     400000 | #Constraints:      22954
c #Conflicts:     401000 | #Constraints:      23954
c #Conflicts:     402000 | #Constraints:      24954
c #Conflicts:     403000 | #Constraints:      25954
c #Conflicts:     404000 | #Constraints:      26954
c #Conflicts:     405000 | #Constraints:      27954
c #Conflicts:     406000 | #Constraints:      28954
c #Conflicts:     407000 | #Constraints:      29954
c INPROCESSING
c GARBAGE COLLECT
c #Conflicts:     408000 | #Constraints:      18359
c #Conflicts:     409000 | #Constraints:      19359
c #Conflicts:     410000 | #Constraints:      20359
c #Conflicts:     411000 | #Constraints:      21359
c #Conflicts:     412000 | #Constraints:      22359
c #Conflicts:     413000 | #Constraints:      23359
c #Conflicts:     414000 | #Constraints:      24359
c #Conflicts:     415000 | #Constraints:      25359
c #Conflicts:     416000 | #Constraints:      26359
c #Conflicts:     417000 | #Constraints:      27359
c #Conflicts:     418000 | #Constraints:      28359
c #Conflicts:     419000 | #Constraints:      29359
c #Conflicts:     420000 | #Constraints:      30359
c INPROCESSING
c GARBAGE COLLECT
c #Conflicts:     421000 | #Constraints:      18558
c #Conflicts:     422000 | #Constraints:      19558
c #Conflicts:     423000 | #Constraints:      20558
c #Conflicts:     424000 | #Constraints:      21558
c #Conflicts:     425000 | #Constraints:      22558
c #Conflicts:     426000 | #Constraints:      23558
c #Conflicts:     427000 | #Constraints:      24558
c #Conflicts:     428000 | #Constraints:      25558
c #Conflicts:     429000 | #Constraints:      26558
c #Conflicts:     430000 | #Constraints:      27558
c #Conflicts:     431000 | #Constraints:      28558
c #Conflicts:     432000 | #Constraints:      29558
c #Conflicts:     433000 | #Constraints:      30558
c INPROCESSING
c GARBAGE COLLECT
c #Conflicts:     434000 | #Constraints:      18564
c #Conflicts:     435000 | #Constraints:      19564
c #Conflicts:     436000 | #Constraints:      20564
c #Conflicts:     437000 | #Constraints:      21564
c #Conflicts:     438000 | #Constraints:      22564
c #Conflicts:     439000 | #Constraints:      23564
c #Conflicts:     440000 | #Constraints:      24564
c #Conflicts:     441000 | #Constraints:      25564
c #Conflicts:     442000 | #Constraints:      26564
c #Conflicts:     443000 | #Constraints:      27564
c #Conflicts:     444000 | #Constraints:      28564
c #Conflicts:     445000 | #Constraints:      29564
c #Conflicts:     446000 | #Constraints:      30564
c INPROCESSING
c GARBAGE COLLECT
c #Conflicts:     447000 | #Constraints:      18381
c #Conflicts:     448000 | #Constraints:      19381
c #Conflicts:     449000 | #Constraints:      20381
c #Conflicts:     450000 | #Constraints:      21381
c #Conflicts:     451000 | #Constraints:      22381
c #Conflicts:     452000 | #Constraints:      23381
c #Conflicts:     453000 | #Constraints:      24381
c #Conflicts:     454000 | #Constraints:      25381
c #Conflicts:     455000 | #Constraints:      26381
c #Conflicts:     456000 | #Constraints:      27381
c #Conflicts:     457000 | #Constraints:      28381
c #Conflicts:     458000 | #Constraints:      29381
c #Conflicts:     459000 | #Constraints:      30381
c #Conflicts:     460000 | #Constraints:      31381
c INPROCESSING
c GARBAGE COLLECT
c #Conflicts:     461000 | #Constraints:      18981
c #Conflicts:     462000 | #Constraints:      19981
c #Conflicts:     463000 | #Constraints:      20981
c #Conflicts:     464000 | #Constraints:      21981
c #Conflicts:     465000 | #Constraints:      22981
c #Conflicts:     466000 | #Constraints:      23981
c #Conflicts:     467000 | #Constraints:      24981
c #Conflicts:     468000 | #Constraints:      25981
c #Conflicts:     469000 | #Constraints:      26981
c #Conflicts:     470000 | #Constraints:      27981
c #Conflicts:     471000 | #Constraints:      28981
c #Conflicts:     472000 | #Constraints:      29981
c #Conflicts:     473000 | #Constraints:      30981
c #Conflicts:     474000 | #Constraints:      31981
c INPROCESSING
c GARBAGE COLLECT
c #Conflicts:     475000 | #Constraints:      19379
c #Conflicts:     476000 | #Constraints:      20379
c #Conflicts:     477000 | #Constraints:      21379
c #Conflicts:     478000 | #Constraints:      22379
c #Conflicts:     479000 | #Constraints:      23379
c #Conflicts:     480000 | #Constraints:      24379
c #Conflicts:     481000 | #Constraints:      25379
c #Conflicts:     482000 | #Constraints:      26379
c #Conflicts:     483000 | #Constraints:      27379
c #Conflicts:     484000 | #Constraints:      28379
c #Conflicts:     485000 | #Constraints:      29379
c #Conflicts:     486000 | #Constraints:      30379
c #Conflicts:     487000 | #Constraints:      31379
c #Conflicts:     488000 | #Constraints:      32379
c INPROCESSING
c GARBAGE COLLECT
c #Conflicts:     489000 | #Constraints:      19566
c #Conflicts:     490000 | #Constraints:      20566
c #Conflicts:     491000 | #Constraints:      21566
c #Conflicts:     492000 | #Constraints:      22566
c #Conflicts:     493000 | #Constraints:      23566
c #Conflicts:     494000 | #Constraints:      24566
c #Conflicts:     495000 | #Constraints:      25566
c #Conflicts:     496000 | #Constraints:      26566
c #Conflicts:     497000 | #Constraints:      27566
c #Conflicts:     498000 | #Constraints:      28566
c #Conflicts:     499000 | #Constraints:      29566
c #Conflicts:     500000 | #Constraints:      30566
c #Conflicts:     501000 | #Constraints:      31566
c #Conflicts:     502000 | #Constraints:      32566
c INPROCESSING
c GARBAGE COLLECT
c #Conflicts:     503000 | #Constraints:      19562
c #Conflicts:     504000 | #Constraints:      20562
c #Conflicts:     505000 | #Constraints:      21562
c #Conflicts:     506000 | #Constraints:      22562
c #Conflicts:     507000 | #Constraints:      23562
c #Conflicts:     508000 | #Constraints:      24562
c #Conflicts:     509000 | #Constraints:      25562
c #Conflicts:     510000 | #Constraints:      26562
c #Conflicts:     511000 | #Constraints:      27562
c #Conflicts:     512000 | #Constraints:      28562
c #Conflicts:     513000 | #Constraints:      29562
c #Conflicts:     514000 | #Constraints:      30562
c #Conflicts:     515000 | #Constraints:      31562
c #Conflicts:     516000 | #Constraints:      32562
c INPROCESSING
c GARBAGE COLLECT
c #Conflicts:     517000 | #Constraints:      19361
c #Conflicts:     518000 | #Constraints:      20361
c #Conflicts:     519000 | #Constraints:      21361
c #Conflicts:     520000 | #Constraints:      22361
c #Conflicts:     521000 | #Constraints:      23361
c #Conflicts:     522000 | #Constraints:      24361
c #Conflicts:     523000 | #Constraints:      25361
c #Conflicts:     524000 | #Constraints:      26361
c #Conflicts:     525000 | #Constraints:      27361
c #Conflicts:     526000 | #Constraints:      28361
c #Conflicts:     527000 | #Constraints:      29361
c #Conflicts:     528000 | #Constraints:      30361
c #Conflicts:     529000 | #Constraints:      31361
c #Conflicts:     530000 | #Constraints:      32361
c #Conflicts:     531000 | #Constraints:      33361
c INPROCESSING
c GARBAGE COLLECT
c #Conflicts:     532000 | #Constraints:      19963
c #Conflicts:     533000 | #Constraints:      20963
c #Conflicts:     534000 | #Constraints:      21963
c #Conflicts:     535000 | #Constraints:      22963
c #Conflicts:     536000 | #Constraints:      23963
c #Conflicts:     537000 | #Constraints:      24963
c #Conflicts:     538000 | #Constraints:      25963
c #Conflicts:     539000 | #Constraints:      26963
c #Conflicts:     540000 | #Constraints:      27963
c #Conflicts:     541000 | #Constraints:      28963
c #Conflicts:     542000 | #Constraints:      29963
c #Conflicts:     543000 | #Constraints:      30963
c #Conflicts:     544000 | #Constraints:      31963
c #Conflicts:     545000 | #Constraints:      32963
c #Conflicts:     546000 | #Constraints:      33963
c INPROCESSING
c GARBAGE COLLECT
c #Conflicts:     547000 | #Constraints:      20350
c #Conflicts:     548000 | #Constraints:      21350
c #Conflicts:     549000 | #Constraints:      22350
c #Conflicts:     550000 | #Constraints:      23350
c #Conflicts:     551000 | #Constraints:      24350
c #Conflicts:     552000 | #Constraints:      25350
c #Conflicts:     553000 | #Constraints:      26350
c #Conflicts:     554000 | #Constraints:      27350
c #Conflicts:     555000 | #Constraints:      28350
c #Conflicts:     556000 | #Constraints:      29350
c bounds -504 >= -912 @ 4422.53
c #Conflicts:     557000 | #Constraints:      30359
c #Conflicts:     558000 | #Constraints:      31359
c #Conflicts:     559000 | #Constraints:      32359
c #Conflicts:     560000 | #Constraints:      33359
c #Conflicts:     561000 | #Constraints:      34359
c INPROCESSING
c GARBAGE COLLECT
c #Conflicts:     562000 | #Constraints:      20572
c #Conflicts:     563000 | #Constraints:      21572
c #Conflicts:     564000 | #Constraints:      22572
c #Conflicts:     565000 | #Constraints:      23572
c #Conflicts:     566000 | #Constraints:      24572
c #Conflicts:     567000 | #Constraints:      25572
c #Conflicts:     568000 | #Constraints:      26572
c #Conflicts:     569000 | #Constraints:      27572
c #Conflicts:     570000 | #Constraints:      28572
c #Conflicts:     571000 | #Constraints:      29572
c #Conflicts:     572000 | #Constraints:      30572
c #Conflicts:     573000 | #Constraints:      31572
c #Conflicts:     574000 | #Constraints:      32572
c #Conflicts:     575000 | #Constraints:      33572
c #Conflicts:     576000 | #Constraints:      34572
c INPROCESSING
c GARBAGE COLLECT
c #Conflicts:     577000 | #Constraints:      20560
c #Conflicts:     578000 | #Constraints:      21560
c #Conflicts:     579000 | #Constraints:      22560
c #Conflicts:     580000 | #Constraints:      23560
c #Conflicts:     581000 | #Constraints:      24560
c #Conflicts:     582000 | #Constraints:      25560
c #Conflicts:     583000 | #Constraints:      26560
c #Conflicts:     584000 | #Constraints:      27560
c #Conflicts:     585000 | #Constraints:      28560
c #Conflicts:     586000 | #Constraints:      29560
c #Conflicts:     587000 | #Constraints:      30560
c #Conflicts:     588000 | #Constraints:      31560
c #Conflicts:     589000 | #Constraints:      32560
c #Conflicts:     590000 | #Constraints:      33560
c #Conflicts:     591000 | #Constraints:      34560
c INPROCESSING
c GARBAGE COLLECT
c #Conflicts:     592000 | #Constraints:      20357
c #Conflicts:     593000 | #Constraints:      21357
c #Conflicts:     594000 | #Constraints:      22357
c #Conflicts:     595000 | #Constraints:      23357
c #Conflicts:     596000 | #Constraints:      24357
c #Conflicts:     597000 | #Constraints:      25357
c #Conflicts:     598000 | #Constraints:      26357
c #Conflicts:     599000 | #Constraints:      27357
c #Conflicts:     600000 | #Constraints:      28357
c #Conflicts:     601000 | #Constraints:      29357
c #Conflicts:     602000 | #Constraints:      30357
c #Conflicts:     603000 | #Constraints:      31357
c #Conflicts:     604000 | #Constraints:      32357
c #Conflicts:     605000 | #Constraints:      33357
c #Conflicts:     606000 | #Constraints:      34357
c #Conflicts:     607000 | #Constraints:      35357
c INPROCESSING
c GARBAGE COLLECT
c #Conflicts:     608000 | #Constraints:      20973
c #Conflicts:     609000 | #Constraints:      21973
c #Conflicts:     610000 | #Constraints:      22973
c #Conflicts:     611000 | #Constraints:      23973
c #Conflicts:     612000 | #Constraints:      24973
c #Conflicts:     613000 | #Constraints:      25973
c #Conflicts:     614000 | #Constraints:      26973
c #Conflicts:     615000 | #Constraints:      27973
c #Conflicts:     616000 | #Constraints:      28973
c #Conflicts:     617000 | #Constraints:      29973
c #Conflicts:     618000 | #Constraints:      30973
c #Conflicts:     619000 | #Constraints:      31973
c #Conflicts:     620000 | #Constraints:      32973
c #Conflicts:     621000 | #Constraints:      33973
c #Conflicts:     622000 | #Constraints:      34973
c #Conflicts:     623000 | #Constraints:      35973
c INPROCESSING
c GARBAGE COLLECT
c #Conflicts:     624000 | #Constraints:      21367
c #Conflicts:     625000 | #Constraints:      22367
c #Conflicts:     626000 | #Constraints:      23367
c #Conflicts:     627000 | #Constraints:      24367
c #Conflicts:     628000 | #Constraints:      25367
c #Conflicts:     629000 | #Constraints:      26367
c #Conflicts:     630000 | #Constraints:      27367
c #Conflicts:     631000 | #Constraints:      28367
c #Conflicts:     632000 | #Constraints:      29367
c #Conflicts:     633000 | #Constraints:      30367
c #Conflicts:     634000 | #Constraints:      31367
c #Conflicts:     635000 | #Constraints:      32367
c #Conflicts:     636000 | #Constraints:      33367
c #Conflicts:     637000 | #Constraints:      34367
c #Conflicts:     638000 | #Constraints:      35367
c #Conflicts:     639000 | #Constraints:      36367
c INPROCESSING
c GARBAGE COLLECT
c #Conflicts:     640000 | #Constraints:      21587
c #Conflicts:     641000 | #Constraints:      22587
c #Conflicts:     642000 | #Constraints:      23587
c #Conflicts:     643000 | #Constraints:      24587
c #Conflicts:     644000 | #Constraints:      25587
c #Conflicts:     645000 | #Constraints:      26587
c #Conflicts:     646000 | #Constraints:      27587
c #Conflicts:     647000 | #Constraints:      28587
c #Conflicts:     648000 | #Constraints:      29587
c #Conflicts:     649000 | #Constraints:      30587
c #Conflicts:     650000 | #Constraints:      31587
c #Conflicts:     651000 | #Constraints:      32587
c #Conflicts:     652000 | #Constraints:      33587
c #Conflicts:     653000 | #Constraints:      34587
c #Conflicts:     654000 | #Constraints:      35587
c #Conflicts:     655000 | #Constraints:      36587
c INPROCESSING
c GARBAGE COLLECT
c #Conflicts:     656000 | #Constraints:      21586
c #Conflicts:     657000 | #Constraints:      22586
c #Conflicts:     658000 | #Constraints:      23586
c #Conflicts:     659000 | #Constraints:      24586
c #Conflicts:     660000 | #Constraints:      25586
c #Conflicts:     661000 | #Constraints:      26586
c #Conflicts:     662000 | #Constraints:      27586
c #Conflicts:     663000 | #Constraints:      28586
c #Conflicts:     664000 | #Constraints:      29586
c #Conflicts:     665000 | #Constraints:      30586
c #Conflicts:     666000 | #Constraints:      31586
c #Conflicts:     667000 | #Constraints:      32586
c #Conflicts:     668000 | #Constraints:      33586
c #Conflicts:     669000 | #Constraints:      34586
c #Conflicts:     670000 | #Constraints:      35586
c #Conflicts:     671000 | #Constraints:      36586
c INPROCESSING
c GARBAGE COLLECT
c #Conflicts:     672000 | #Constraints:      21374
c #Conflicts:     673000 | #Constraints:      22374
c #Conflicts:     674000 | #Constraints:      23374
c #Conflicts:     675000 | #Constraints:      24374
c #Conflicts:     676000 | #Constraints:      25374
c #Conflicts:     677000 | #Constraints:      26374
c #Conflicts:     678000 | #Constraints:      27374
c #Conflicts:     679000 | #Constraints:      28374
c #Conflicts:     680000 | #Constraints:      29374
c #Conflicts:     681000 | #Constraints:      30374
c #Conflicts:     682000 | #Constraints:      31374
c #Conflicts:     683000 | #Constraints:      32374
c #Conflicts:     684000 | #Constraints:      33374
c #Conflicts:     685000 | #Constraints:      34374
c #Conflicts:     686000 | #Constraints:      35374
c #Conflicts:     687000 | #Constraints:      36374
c #Conflicts:     688000 | #Constraints:      37374
c INPROCESSING
c GARBAGE COLLECT
c #Conflicts:     689000 | #Constraints:      21977
c #Conflicts:     690000 | #Constraints:      22977
c #Conflicts:     691000 | #Constraints:      23977
c #Conflicts:     692000 | #Constraints:      24977
c #Conflicts:     693000 | #Constraints:      25977
c #Conflicts:     694000 | #Constraints:      26977
c #Conflicts:     695000 | #Constraints:      27977
c #Conflicts:     696000 | #Constraints:      28977
c #Conflicts:     697000 | #Constraints:      29977
c #Conflicts:     698000 | #Constraints:      30977
c #Conflicts:     699000 | #Constraints:      31977
c #Conflicts:     700000 | #Constraints:      32977
c #Conflicts:     701000 | #Constraints:      33977
c #Conflicts:     702000 | #Constraints:      34977
c #Conflicts:     703000 | #Constraints:      35977
c #Conflicts:     704000 | #Constraints:      36977
c #Conflicts:     705000 | #Constraints:      37977
c INPROCESSING
c GARBAGE COLLECT
c #Conflicts:     706000 | #Constraints:      22368
c #Conflicts:     707000 | #Constraints:      23368
c #Conflicts:     708000 | #Constraints:      24368
c #Conflicts:     709000 | #Constraints:      25368
c #Conflicts:     710000 | #Constraints:      26368
c #Conflicts:     711000 | #Constraints:      27368
c #Conflicts:     712000 | #Constraints:      28368
c #Conflicts:     713000 | #Constraints:      29368
c #Conflicts:     714000 | #Constraints:      30368
c #Conflicts:     715000 | #Constraints:      31368
c #Conflicts:     716000 | #Constraints:      32368
c #Conflicts:     717000 | #Constraints:      33368
c #Conflicts:     718000 | #Constraints:      34368
c #Conflicts:     719000 | #Constraints:      35368
c #Conflicts:     720000 | #Constraints:      36368
c #Conflicts:     721000 | #Constraints:      37368
c #Conflicts:     722000 | #Constraints:      38368
c INPROCESSING
c GARBAGE COLLECT
c #Conflicts:     723000 | #Constraints:      22574
c #Conflicts:     724000 | #Constraints:      23574
c #Conflicts:     725000 | #Constraints:      24574
c #Conflicts:     726000 | #Constraints:      25574
c #Conflicts:     727000 | #Constraints:      26574
c #Conflicts:     728000 | #Constraints:      27574
c #Conflicts:     729000 | #Constraints:      28574
c #Conflicts:     730000 | #Constraints:      29574
c #Conflicts:     731000 | #Constraints:      30574
c #Conflicts:     732000 | #Constraints:      31574
c #Conflicts:     733000 | #Constraints:      32574
c #Conflicts:     734000 | #Constraints:      33574
c #Conflicts:     735000 | #Constraints:      34574
c #Conflicts:     736000 | #Constraints:      35574
c #Conflicts:     737000 | #Constraints:      36574
c #Conflicts:     738000 | #Constraints:      37574
c #Conflicts:     739000 | #Constraints:      38574
c #Conflicts:     740000 | #Constraints:      39574
c #Conflicts:     741000 | #Constraints:      40574
c #Conflicts:     742000 | #Constraints:      41574
c #Conflicts:     743000 | #Constraints:      42574
c #Conflicts:     744000 | #Constraints:      43574
c #Conflicts:     745000 | #Constraints:      44574
c #Conflicts:     746000 | #Constraints:      45574
c #Conflicts:     747000 | #Constraints:      46574
c #Conflicts:     748000 | #Constraints:      47574
c #Conflicts:     749000 | #Constraints:      48574
c #Conflicts:     750000 | #Constraints:      49574
c #Conflicts:     751000 | #Constraints:      50574
c #Conflicts:     752000 | #Constraints:      51574
c #Conflicts:     753000 | #Constraints:      52574
c #Conflicts:     754000 | #Constraints:      53574
c #Conflicts:     755000 | #Constraints:      54574
c #Conflicts:     756000 | #Constraints:      55574
c #Conflicts:     757000 | #Constraints:      56574
c #Conflicts:     758000 | #Constraints:      57574
c #Conflicts:     759000 | #Constraints:      58574
c #Conflicts:     760000 | #Constraints:      59574
c #Conflicts:     761000 | #Constraints:      60574
c #Conflicts:     762000 | #Constraints:      61574
c #Conflicts:     763000 | #Constraints:      62574
c #Conflicts:     764000 | #Constraints:      63574
c #Conflicts:     765000 | #Constraints:      64574
c #Conflicts:     766000 | #Constraints:      65574
c #Conflicts:     767000 | #Constraints:      66574
c #Conflicts:     768000 | #Constraints:      67574
c #Conflicts:     769000 | #Constraints:      68574
c #Conflicts:     770000 | #Constraints:      69574
c #Conflicts:     771000 | #Constraints:      70574
c #Conflicts:     772000 | #Constraints:      71574
c #Conflicts:     773000 | #Constraints:      72574
c #Conflicts:     774000 | #Constraints:      73574
c #Conflicts:     775000 | #Constraints:      74574
c #Conflicts:     776000 | #Constraints:      75574
c #Conflicts:     777000 | #Constraints:      76574
c #Conflicts:     778000 | #Constraints:      77574
c #Conflicts:     779000 | #Constraints:      78574
c #Conflicts:     780000 | #Constraints:      79574
c #Conflicts:     781000 | #Constraints:      80574
c #Conflicts:     782000 | #Constraints:      81574
c #Conflicts:     783000 | #Constraints:      82574
c #Conflicts:     784000 | #Constraints:      83574
c #Conflicts:     785000 | #Constraints:      84574
c #Conflicts:     786000 | #Constraints:      85574
c #Conflicts:     787000 | #Constraints:      86574
c #Conflicts:     788000 | #Constraints:      87574
c #Conflicts:     789000 | #Constraints:      88574
c #Conflicts:     790000 | #Constraints:      89574
c #Conflicts:     791000 | #Constraints:      90574
c #Conflicts:     792000 | #Constraints:      91574
c #Conflicts:     793000 | #Constraints:      92574
c #Conflicts:     794000 | #Constraints:      93574
c #Conflicts:     795000 | #Constraints:      94574
c #Conflicts:     796000 | #Constraints:      95574
c #Conflicts:     797000 | #Constraints:      96574
c #Conflicts:     798000 | #Constraints:      97574
c #Conflicts:     799000 | #Constraints:      98574
c #Conflicts:     800000 | #Constraints:      99574
c #Conflicts:     801000 | #Constraints:     100574
c #Conflicts:     802000 | #Constraints:     101574
c #Conflicts:     803000 | #Constraints:     102574
c #Conflicts:     804000 | #Constraints:     103574
c #Conflicts:     805000 | #Constraints:     104574
c #Conflicts:     806000 | #Constraints:     105574
c #Conflicts:     807000 | #Constraints:     106574
c #Conflicts:     808000 | #Constraints:     107574
c INPROCESSING
c GARBAGE COLLECT
c #Conflicts:     809000 | #Constraints:      56915
c #Conflicts:     810000 | #Constraints:      57915
c #Conflicts:     811000 | #Constraints:      58915
c #Conflicts:     812000 | #Constraints:      59915
c #Conflicts:     813000 | #Constraints:      60915
c #Conflicts:     814000 | #Constraints:      61915
c #Conflicts:     815000 | #Constraints:      62915
c #Conflicts:     816000 | #Constraints:      63915
c #Conflicts:     817000 | #Constraints:      64915
c #Conflicts:     818000 | #Constraints:      65915
c #Conflicts:     819000 | #Constraints:      66915
c #Conflicts:     820000 | #Constraints:      67915
c #Conflicts:     821000 | #Constraints:      68915
c #Conflicts:     822000 | #Constraints:      69915
c #Conflicts:     823000 | #Constraints:      70915
c #Conflicts:     824000 | #Constraints:      71915
c #Conflicts:     825000 | #Constraints:      72915
c #Conflicts:     826000 | #Constraints:      73915
c INPROCESSING
c GARBAGE COLLECT
c #Conflicts:     827000 | #Constraints:      39930
c #Conflicts:     828000 | #Constraints:      40930
c #Conflicts:     829000 | #Constraints:      41930
c #Conflicts:     830000 | #Constraints:      42930
c #Conflicts:     831000 | #Constraints:      43930
c #Conflicts:     832000 | #Constraints:      44930
c #Conflicts:     833000 | #Constraints:      45930
c #Conflicts:     834000 | #Constraints:      46930
c #Conflicts:     835000 | #Constraints:      47930
c #Conflicts:     836000 | #Constraints:      48930
c #Conflicts:     837000 | #Constraints:      49930
c #Conflicts:     838000 | #Constraints:      50930
c #Conflicts:     839000 | #Constraints:      51930
c #Conflicts:     840000 | #Constraints:      52930
c #Conflicts:     841000 | #Constraints:      53930
c #Conflicts:     842000 | #Constraints:      54930
c #Conflicts:     843000 | #Constraints:      55930
c #Conflicts:     844000 | #Constraints:      56930
c #Conflicts:     845000 | #Constraints:      57930
c INPROCESSING
c GARBAGE COLLECT
c #Conflicts:     846000 | #Constraints:      32182
c #Conflicts:     847000 | #Constraints:      33182
c #Conflicts:     848000 | #Constraints:      34182
c #Conflicts:     849000 | #Constraints:      35182
c #Conflicts:     850000 | #Constraints:      36182
c #Conflicts:     851000 | #Constraints:      37182
c #Conflicts:     852000 | #Constraints:      38182
c #Conflicts:     853000 | #Constraints:      39182
c #Conflicts:     854000 | #Constraints:      40182
c #Conflicts:     855000 | #Constraints:      41182
c #Conflicts:     856000 | #Constraints:      42182
c #Conflicts:     857000 | #Constraints:      43182
c #Conflicts:     858000 | #Constraints:      44182
c #Conflicts:     859000 | #Constraints:      45182
c #Conflicts:     860000 | #Constraints:      46182
c #Conflicts:     861000 | #Constraints:      47182
c #Conflicts:     862000 | #Constraints:      48182
c #Conflicts:     863000 | #Constraints:      49182
c #Conflicts:     864000 | #Constraints:      50182
c INPROCESSING
c GARBAGE COLLECT
c #Conflicts:     865000 | #Constraints:      28473
c #Conflicts:     866000 | #Constraints:      29473
c #Conflicts:     867000 | #Constraints:      30473
c #Conflicts:     868000 | #Constraints:      31473
c #Conflicts:     869000 | #Constraints:      32473
c #Conflicts:     870000 | #Constraints:      33473
c #Conflicts:     871000 | #Constraints:      34473
c #Conflicts:     872000 | #Constraints:      35473
c #Conflicts:     873000 | #Constraints:      36473
c #Conflicts:     874000 | #Constraints:      37473
c #Conflicts:     875000 | #Constraints:      38473
c #Conflicts:     876000 | #Constraints:      39473
c #Conflicts:     877000 | #Constraints:      40473
c #Conflicts:     878000 | #Constraints:      41473
c #Conflicts:     879000 | #Constraints:      42473
c #Conflicts:     880000 | #Constraints:      43473
c #Conflicts:     881000 | #Constraints:      44473
c #Conflicts:     882000 | #Constraints:      45473
c INPROCESSING
c GARBAGE COLLECT
c #Conflicts:     883000 | #Constraints:      25671
c #Conflicts:     884000 | #Constraints:      26671
c #Conflicts:     885000 | #Constraints:      27671
c #Conflicts:     886000 | #Constraints:      28671
c #Conflicts:     887000 | #Constraints:      29671
c #Conflicts:     888000 | #Constraints:      30671
c #Conflicts:     889000 | #Constraints:      31671
c #Conflicts:     890000 | #Constraints:      32671
c #Conflicts:     891000 | #Constraints:      33671
c #Conflicts:     892000 | #Constraints:      34671
c #Conflicts:     893000 | #Constraints:      35671
c #Conflicts:     894000 | #Constraints:      36671
c #Conflicts:     895000 | #Constraints:      37671
c #Conflicts:     896000 | #Constraints:      38671
c #Conflicts:     897000 | #Constraints:      39671
c #Conflicts:     898000 | #Constraints:      40671
c #Conflicts:     899000 | #Constraints:      41671
c #Conflicts:     900000 | #Constraints:      42671
c #Conflicts:     901000 | #Constraints:      43671
c #Conflicts:     902000 | #Constraints:      44671
c INPROCESSING
c GARBAGE COLLECT
c #Conflicts:     903000 | #Constraints:      25719
c #Conflicts:     904000 | #Constraints:      26719
c #Conflicts:     905000 | #Constraints:      27719
c #Conflicts:     906000 | #Constraints:      28719
c #Conflicts:     907000 | #Constraints:      29719
c #Conflicts:     908000 | #Constraints:      30719
c #Conflicts:     909000 | #Constraints:      31719
c #Conflicts:     910000 | #Constraints:      32719
c #Conflicts:     911000 | #Constraints:      33719
c #Conflicts:     912000 | #Constraints:      34719
c #Conflicts:     913000 | #Constraints:      35719
c #Conflicts:     914000 | #Constraints:      36719
c #Conflicts:     915000 | #Constraints:      37719
c #Conflicts:     916000 | #Constraints:      38719
c #Conflicts:     917000 | #Constraints:      39719
c #Conflicts:     918000 | #Constraints:      40719
c #Conflicts:     919000 | #Constraints:      41719
c #Conflicts:     920000 | #Constraints:      42719
c #Conflicts:     921000 | #Constraints:      43719
c INPROCESSING
c GARBAGE COLLECT
c #Conflicts:     922000 | #Constraints:      25086
c #Conflicts:     923000 | #Constraints:      26086
c #Conflicts:     924000 | #Constraints:      27086
c #Conflicts:     925000 | #Constraints:      28086
c #Conflicts:     926000 | #Constraints:      29086
c #Conflicts:     927000 | #Constraints:      30086
c #Conflicts:     928000 | #Constraints:      31086
c #Conflicts:     929000 | #Constraints:      32086
c #Conflicts:     930000 | #Constraints:      33086
c #Conflicts:     931000 | #Constraints:      34086
c #Conflicts:     932000 | #Constraints:      35086
c #Conflicts:     933000 | #Constraints:      36086
c #Conflicts:     934000 | #Constraints:      37086
c #Conflicts:     935000 | #Constraints:      38086
c #Conflicts:     936000 | #Constraints:      39086
c #Conflicts:     937000 | #Constraints:      40086
c #Conflicts:     938000 | #Constraints:      41086
c #Conflicts:     939000 | #Constraints:      42086
c #Conflicts:     940000 | #Constraints:      43086
c INPROCESSING
c GARBAGE COLLECT
c #Conflicts:     941000 | #Constraints:      24521
c #Conflicts:     942000 | #Constraints:      25521
c #Conflicts:     943000 | #Constraints:      26521
c #Conflicts:     944000 | #Constraints:      27521
c #Conflicts:     945000 | #Constraints:      28521
c #Conflicts:     946000 | #Constraints:      29521
c #Conflicts:     947000 | #Constraints:      30521
c #Conflicts:     948000 | #Constraints:      31521
c #Conflicts:     949000 | #Constraints:      32521
c #Conflicts:     950000 | #Constraints:      33521
c #Conflicts:     951000 | #Constraints:      34521
c #Conflicts:     952000 | #Constraints:      35521
c #Conflicts:     953000 | #Constraints:      36521
c #Conflicts:     954000 | #Constraints:      37521
c #Conflicts:     955000 | #Constraints:      38521
c #Conflicts:     956000 | #Constraints:      39521
c #Conflicts:     957000 | #Constraints:      40521
c #Conflicts:     958000 | #Constraints:      41521
c #Conflicts:     959000 | #Constraints:      42521
c #Conflicts:     960000 | #Constraints:      43521
c INPROCESSING
c GARBAGE COLLECT
c #Conflicts:     961000 | #Constraints:      24896
c #Conflicts:     962000 | #Constraints:      25896
c #Conflicts:     963000 | #Constraints:      26896
c #Conflicts:     964000 | #Constraints:      27896
c #Conflicts:     965000 | #Constraints:      28896
c #Conflicts:     966000 | #Constraints:      29896
c #Conflicts:     967000 | #Constraints:      30896
c #Conflicts:     968000 | #Constraints:      31896
c #Conflicts:     969000 | #Constraints:      32896
c #Conflicts:     970000 | #Constraints:      33896
c #Conflicts:     971000 | #Constraints:      34896
c #Conflicts:     972000 | #Constraints:      35896
c #Conflicts:     973000 | #Constraints:      36896
c #Conflicts:     974000 | #Constraints:      37896
c #Conflicts:     975000 | #Constraints:      38896
c #Conflicts:     976000 | #Constraints:      39896
c #Conflicts:     977000 | #Constraints:      40896
c #Conflicts:     978000 | #Constraints:      41896
c #Conflicts:     979000 | #Constraints:      42896
c #Conflicts:     980000 | #Constraints:      43896
c INPROCESSING
c GARBAGE COLLECT
c #Conflicts:     981000 | #Constraints:      25138
c #Conflicts:     982000 | #Constraints:      26138
c #Conflicts:     983000 | #Constraints:      27138
c #Conflicts:     984000 | #Constraints:      28138
c #Conflicts:     985000 | #Constraints:      29138
c #Conflicts:     986000 | #Constraints:      30138
c #Conflicts:     987000 | #Constraints:      31138
c #Conflicts:     988000 | #Constraints:      32138
c #Conflicts:     989000 | #Constraints:      33138
c #Conflicts:     990000 | #Constraints:      34138
c #Conflicts:     991000 | #Constraints:      35138
c #Conflicts:     992000 | #Constraints:      36138
c #Conflicts:     993000 | #Constraints:      37138
c #Conflicts:     994000 | #Constraints:      38138
c #Conflicts:     995000 | #Constraints:      39138
c #Conflicts:     996000 | #Constraints:      40138
c #Conflicts:     997000 | #Constraints:      41138
c #Conflicts:     998000 | #Constraints:      42138
c #Conflicts:     999000 | #Constraints:      43138
c #Conflicts:    1000000 | #Constraints:      44138
c INPROCESSING
c GARBAGE COLLECT
c #Conflicts:    1001000 | #Constraints:      25227
c #Conflicts:    1002000 | #Constraints:      26227
c #Conflicts:    1003000 | #Constraints:      27227
c #Conflicts:    1004000 | #Constraints:      28227
c #Conflicts:    1005000 | #Constraints:      29227
c #Conflicts:    1006000 | #Constraints:      30227
c #Conflicts:    1007000 | #Constraints:      31227
c #Conflicts:    1008000 | #Constraints:      32227
c #Conflicts:    1009000 | #Constraints:      33227
c #Conflicts:    1010000 | #Constraints:      34227
c #Conflicts:    1011000 | #Constraints:      35227
c #Conflicts:    1012000 | #Constraints:      36227
c #Conflicts:    1013000 | #Constraints:      37227
c #Conflicts:    1014000 | #Constraints:      38227
c #Conflicts:    1015000 | #Constraints:      39227
c #Conflicts:    1016000 | #Constraints:      40227
c #Conflicts:    1017000 | #Constraints:      41227
c #Conflicts:    1018000 | #Constraints:      42227
c #Conflicts:    1019000 | #Constraints:      43227
c #Conflicts:    1020000 | #Constraints:      44227
c INPROCESSING
c GARBAGE COLLECT
c #Conflicts:    1021000 | #Constraints:      25101
c #Conflicts:    1022000 | #Constraints:      26101
c #Conflicts:    1023000 | #Constraints:      27101
c #Conflicts:    1024000 | #Constraints:      28101
c #Conflicts:    1025000 | #Constraints:      29101
c #Conflicts:    1026000 | #Constraints:      30101
c #Conflicts:    1027000 | #Constraints:      31101
c #Conflicts:    1028000 | #Constraints:      32101
c #Conflicts:    1029000 | #Constraints:      33101
c #Conflicts:    1030000 | #Constraints:      34101
c #Conflicts:    1031000 | #Constraints:      35101
c #Conflicts:    1032000 | #Constraints:      36101
c #Conflicts:    1033000 | #Constraints:      37101
c #Conflicts:    1034000 | #Constraints:      38101
c #Conflicts:    1035000 | #Constraints:      39101
c #Conflicts:    1036000 | #Constraints:      40101
c #Conflicts:    1037000 | #Constraints:      41101
c #Conflicts:    1038000 | #Constraints:      42101
c #Conflicts:    1039000 | #Constraints:      43101
c #Conflicts:    1040000 | #Constraints:      44101
c #Conflicts:    1041000 | #Constraints:      45101
c INPROCESSING
c GARBAGE COLLECT
c #Conflicts:    1042000 | #Constraints:      25789
c #Conflicts:    1043000 | #Constraints:      26789
c #Conflicts:    1044000 | #Constraints:      27789
c #Conflicts:    1045000 | #Constraints:      28789
c #Conflicts:    1046000 | #Constraints:      29789
c #Conflicts:    1047000 | #Constraints:      30789
c #Conflicts:    1048000 | #Constraints:      31789
c #Conflicts:    1049000 | #Constraints:      32789
c #Conflicts:    1050000 | #Constraints:      33789
c #Conflicts:    1051000 | #Constraints:      34789
c #Conflicts:    1052000 | #Constraints:      35789
c #Conflicts:    1053000 | #Constraints:      36789
c #Conflicts:    1054000 | #Constraints:      37789
c #Conflicts:    1055000 | #Constraints:      38789
c #Conflicts:    1056000 | #Constraints:      39789
c #Conflicts:    1057000 | #Constraints:      40789
c #Conflicts:    1058000 | #Constraints:      41789
c #Conflicts:    1059000 | #Constraints:      42789
c #Conflicts:    1060000 | #Constraints:      43789
c #Conflicts:    1061000 | #Constraints:      44789
c #Conflicts:    1062000 | #Constraints:      45789
c INPROCESSING
c GARBAGE COLLECT
c #Conflicts:    1063000 | #Constraints:      26286
c #Conflicts:    1064000 | #Constraints:      27286
c #Conflicts:    1065000 | #Constraints:      28286
c #Conflicts:    1066000 | #Constraints:      29286
c #Conflicts:    1067000 | #Constraints:      30286
c #Conflicts:    1068000 | #Constraints:      31286
c #Conflicts:    1069000 | #Constraints:      32286
c #Conflicts:    1070000 | #Constraints:      33286
c #Conflicts:    1071000 | #Constraints:      34286
c #Conflicts:    1072000 | #Constraints:      35286
c #Conflicts:    1073000 | #Constraints:      36286
c #Conflicts:    1074000 | #Constraints:      37286
c #Conflicts:    1075000 | #Constraints:      38286
c #Conflicts:    1076000 | #Constraints:      39286
c #Conflicts:    1077000 | #Constraints:      40286
c #Conflicts:    1078000 | #Constraints:      41286
c #Conflicts:    1079000 | #Constraints:      42286
c #Conflicts:    1080000 | #Co