c RoundingSat 2
c branch 
c commit 
c #variables 2851506 #constraints 5388254
c bounds - >= -4751460 @ 21.2416
c #Conflicts:       1000 | #Constraints:    5389253
c #Conflicts:       2000 | #Constraints:    5390253
c INPROCESSING
c bounds - >= -4751444 @ 26.8188
c bounds - >= -4751428 @ 27.1057
c bounds - >= -4751412 @ 27.394
c bounds - >= -4751396 @ 27.6875
c bounds - >= -4751380 @ 27.9734
c bounds - >= -4751364 @ 28.2633
c bounds - >= -4751348 @ 28.5526
c bounds - >= -4751332 @ 28.8435
c bounds - >= -4751316 @ 29.1368
c bounds - >= -4751300 @ 29.4269
c bounds - >= -4751284 @ 29.72
c bounds - >= -4751268 @ 30.0123
c bounds - >= -4751252 @ 30.3054
c bounds - >= -4751236 @ 30.5956
c bounds - >= -4751220 @ 30.8815
c bounds - >= -4751204 @ 31.1711
c bounds - >= -4751188 @ 31.458
c bounds - >= -4751172 @ 31.7481
c bounds - >= -4751156 @ 32.0417
c bounds - >= -4751140 @ 32.3322
c bounds - >= -4751124 @ 32.6219
c bounds - >= -4751108 @ 32.9132
c bounds - >= -4751092 @ 33.2039
c bounds - >= -4751076 @ 33.4984
c bounds - >= -4751060 @ 33.7906
c bounds - >= -4751044 @ 34.0869
c bounds - >= -4751028 @ 34.3786
c bounds - >= -4751012 @ 34.6722
c bounds - >= -4750996 @ 34.9629
c bounds - >= -4750980 @ 35.2517
c bounds - >= -4750964 @ 35.5405
c bounds - >= -4750948 @ 35.8255
c bounds - >= -4750932 @ 36.1114
c bounds - >= -4750916 @ 36.3983
c bounds - >= -4750900 @ 36.6864
c bounds - >= -4750884 @ 36.9745
c bounds - >= -4750868 @ 37.2631
c bounds - >= -4750852 @ 37.556
c bounds - >= -4750836 @ 37.8422
c bounds - >= -4750820 @ 38.13
c bounds - >= -4750804 @ 38.4225
c bounds - >= -4750788 @ 38.7127
c bounds - >= -4750772 @ 39.0017
c bounds - >= -4750756 @ 39.2913
c bounds - >= -4750740 @ 39.5803
c bounds - >= -4750724 @ 39.8699
c bounds - >= -4750708 @ 40.1608
c bounds - >= -4750692 @ 40.4497
c bounds - >= -4750676 @ 40.7394
c bounds - >= -4750660 @ 41.027
c bounds - >= -4750644 @ 41.3167
c bounds - >= -4750628 @ 41.6076
c bounds - >= -4750612 @ 41.8956
c bounds - >= -4750596 @ 42.1827
c bounds - >= -4750580 @ 42.4767
c bounds - >= -4750564 @ 42.7654
c bounds - >= -4750548 @ 43.0527
c bounds - >= -4750532 @ 43.3439
c bounds - >= -4750516 @ 43.6361
c bounds - >= -4750500 @ 43.9256
c bounds - >= -4750484 @ 44.2156
c bounds - >= -4750468 @ 44.5037
c bounds - >= -4750452 @ 44.7965
c bounds - >= -4750436 @ 45.0865
c bounds - >= -4750420 @ 45.3753
c bounds - >= -4750404 @ 45.6692
c bounds - >= -4750388 @ 45.9587
c bounds - >= -4750372 @ 46.2463
c bounds - >= -4750356 @ 46.5351
c bounds - >= -4750340 @ 46.8216
c bounds - >= -4750324 @ 47.1114
c bounds - >= -4750308 @ 47.4022
c bounds - >= -4750292 @ 47.693
c bounds - >= -4750276 @ 47.9806
c bounds - >= -4750260 @ 48.2678
c bounds - >= -4750244 @ 48.5563
c bounds - >= -4750228 @ 48.8458
c bounds - >= -4750212 @ 49.1364
c bounds - >= -4750196 @ 49.4276
c bounds - >= -4750180 @ 49.7192
c bounds - >= -4750164 @ 50.0105
c bounds - >= -4750148 @ 50.2998
c bounds - >= -4750132 @ 50.5923
c bounds - >= -4750116 @ 50.8845
c bounds - >= -4750100 @ 51.1773
c bounds - >= -4750084 @ 51.467
c bounds - >= -4750068 @ 51.755
c bounds - >= -4750052 @ 52.043
c bounds - >= -4750036 @ 52.3362
c bounds - >= -4750020 @ 52.6238
c bounds - >= -4750004 @ 52.9116
c bounds - >= -4749988 @ 53.1986
c bounds - >= -4749972 @ 53.4885
c bounds - >= -4749956 @ 53.7808
c bounds - >= -4749940 @ 54.0692
c bounds - >= -4749924 @ 54.3628
c bounds - >= -4749908 @ 54.6509
c bounds - >= -4749892 @ 54.9408
c bounds - >= -4749876 @ 55.2311
c bounds - >= -4749860 @ 55.5222
c bounds - >= -4749844 @ 55.812
c bounds - >= -4749828 @ 56.1036
c bounds - >= -4749812 @ 56.3897
c bounds - >= -4749796 @ 56.6814
c bounds - >= -4749780 @ 56.9724
c bounds - >= -4749764 @ 57.2643
c bounds - >= -4749748 @ 57.5487
c bounds - >= -4749732 @ 57.8355
c bounds - >= -4749716 @ 58.1201
c bounds - >= -4749700 @ 58.41
c bounds - >= -4749684 @ 58.6983
c bounds - >= -4749668 @ 58.9846
c bounds - >= -4749652 @ 59.2764
c bounds - >= -4749636 @ 59.567
c bounds - >= -4749620 @ 59.8554
c bounds - >= -4749604 @ 60.1423
c bounds - >= -4749588 @ 60.428
c bounds - >= -4749572 @ 60.7198
c bounds - >= -4749556 @ 61.0094
c bounds - >= -4749540 @ 61.2985
c bounds - >= -4749524 @ 61.5925
c bounds - >= -4749508 @ 61.8813
c bounds - >= -4749492 @ 62.1755
c bounds - >= -4749476 @ 62.4632
c bounds - >= -4749460 @ 62.7509
c bounds - >= -4749444 @ 63.0444
c bounds - >= -4749428 @ 63.337
c bounds - >= -4749412 @ 63.6279
c bounds - >= -4749396 @ 63.9171
c bounds - >= -4749380 @ 64.2088
c bounds - >= -4749364 @ 64.4979
c bounds - >= -4749348 @ 64.7893
c bounds - >= -4749332 @ 65.0794
c bounds - >= -4749316 @ 65.3698
c bounds - >= -4749300 @ 65.6569
c bounds - >= -4749284 @ 65.9454
c bounds - >= -4749268 @ 66.24
c bounds - >= -4749252 @ 66.53
c bounds - >= -4749236 @ 66.8235
c bounds - >= -4749220 @ 67.1175
c bounds - >= -4749204 @ 67.4123
c bounds - >= -4749188 @ 67.7072
c bounds - >= -4749172 @ 67.9974
c bounds - >= -4749156 @ 68.2888
c bounds - >= -4749140 @ 68.5833
c bounds - >= -4749124 @ 68.8764
c bounds - >= -4749108 @ 69.1668
c bounds - >= -4749092 @ 69.4551
c bounds - >= -4749076 @ 69.7478
c bounds - >= -4749060 @ 70.041
c bounds - >= -4749044 @ 70.332
c bounds - >= -4749028 @ 70.6241
c bounds - >= -4749012 @ 70.9171
c bounds - >= -4748996 @ 71.2076
c bounds - >= -4748980 @ 71.5021
c bounds - >= -4748964 @ 71.7932
c bounds - >= -4748948 @ 72.0888
c bounds - >= -4748932 @ 72.3772
c bounds - >= -4748916 @ 72.6738
c bounds - >= -4748900 @ 72.9635
c bounds - >= -4748884 @ 73.2563
c bounds - >= -4748868 @ 73.548
c bounds - >= -4748852 @ 73.837
c bounds - >= -4748836 @ 74.1245
c bounds - >= -4748820 @ 74.4147
c bounds - >= -4748804 @ 74.7057
c bounds - >= -4748788 @ 75
c bounds - >= -4748772 @ 75.2943
c bounds - >= -4748756 @ 75.5867
c bounds - >= -4748740 @ 75.8782
c bounds - >= -4748724 @ 76.17
c bounds - >= -4748708 @ 76.4622
c bounds - >= -4748692 @ 76.7534
c bounds - >= -4748676 @ 77.0405
c bounds - >= -4748660 @ 77.3299
c bounds - >= -4748644 @ 77.6158
c bounds - >= -4748628 @ 77.9061
c bounds - >= -4748612 @ 78.1952
c bounds - >= -4748596 @ 78.4829
c bounds - >= -4748580 @ 78.7734
c bounds - >= -4748564 @ 79.0609
c bounds - >= -4748548 @ 79.3521
c bounds - >= -4748532 @ 79.6389
c bounds - >= -4748516 @ 79.9268
c bounds - >= -4748500 @ 80.2156
c bounds - >= -4748484 @ 80.5064
c bounds - >= -4748468 @ 80.7958
c bounds - >= -4748452 @ 81.0826
c bounds - >= -4748436 @ 81.3723
c bounds - >= -4748420 @ 81.656
c bounds - >= -4748404 @ 81.9417
c bounds - >= -4748388 @ 82.2281
c bounds - >= -4748372 @ 82.5174
c bounds - >= -4748356 @ 82.807
c bounds - >= -4748340 @ 83.0946
c bounds - >= -4748324 @ 83.3832
c bounds - >= -4748308 @ 83.6721
c bounds - >= -4748292 @ 83.9563
c bounds - >= -4748276 @ 84.2409
c bounds - >= -4748260 @ 84.5245
c bounds - >= -4748244 @ 84.8096
c bounds - >= -4748228 @ 85.0965
c bounds - >= -4748212 @ 85.3808
c bounds - >= -4748196 @ 85.6715
c bounds - >= -4748180 @ 85.9589
c bounds - >= -4748164 @ 86.2463
c bounds - >= -4748148 @ 86.5359
c bounds - >= -4748132 @ 86.8201
c bounds - >= -4748116 @ 87.1128
c bounds - >= -4748100 @ 87.4051
c bounds - >= -4748084 @ 87.6979
c bounds - >= -4748068 @ 87.9871
c bounds - >= -4748052 @ 88.274
c bounds - >= -4748036 @ 88.5629
c bounds - >= -4748020 @ 88.8512
c bounds - >= -4748004 @ 89.1384
c bounds - >= -4747988 @ 89.4317
c bounds - >= -4747972 @ 89.7262
c bounds - >= -4747956 @ 90.0185
c bounds - >= -4747940 @ 90.3124
c bounds - >= -4747924 @ 90.6
c bounds - >= -4747908 @ 90.8908
c bounds - >= -4747892 @ 91.1834
c bounds - >= -4747876 @ 91.4711
c bounds - >= -4747860 @ 91.7626
c bounds - >= -4747844 @ 92.0517
c bounds - >= -4747828 @ 92.3395
c bounds - >= -4747812 @ 92.6279
c bounds - >= -4747796 @ 92.9139
c bounds - >= -4747780 @ 93.2033
c bounds - >= -4747764 @ 93.4929
c bounds - >= -4747748 @ 93.7838
c bounds - >= -4747732 @ 94.0718
c bounds - >= -4747716 @ 94.3609
c bounds - >= -4747700 @ 94.6499
c bounds - >= -4747684 @ 94.9404
c bounds - >= -4747668 @ 95.2309
c bounds - >= -4747652 @ 95.5221
c bounds - >= -4747636 @ 95.8103
c bounds - >= -4747620 @ 96.0985
c bounds - >= -4747604 @ 96.3875
c bounds - >= -4747588 @ 96.6719
c bounds - >= -4747572 @ 96.9587
c bounds - >= -4747556 @ 97.2478
c bounds - >= -4747540 @ 97.538
c bounds - >= -4747524 @ 97.835
c bounds - >= -4747508 @ 98.1236
c bounds - >= -4747492 @ 98.4164
c bounds - >= -4747476 @ 98.7044
c bounds - >= -4747460 @ 98.9946
c bounds - >= -4747444 @ 99.2916
c bounds - >= -4747428 @ 99.5842
c bounds - >= -4747412 @ 99.8793
c bounds - >= -4747396 @ 100.173
c bounds - >= -4747380 @ 100.468
c bounds - >= -4747364 @ 100.761
c bounds - >= -4747348 @ 101.055
c bounds - >= -4747332 @ 101.349
c bounds - >= -4747316 @ 101.642
c bounds - >= -4747300 @ 101.928
c bounds - >= -4747284 @ 102.224
c bounds - >= -4747268 @ 102.518
c bounds - >= -4747252 @ 102.81
c bounds - >= -4747236 @ 103.104
c bounds - >= -4747220 @ 103.404
c bounds - >= -4747204 @ 103.698
c bounds - >= -4747188 @ 103.989
c bounds - >= -4747172 @ 104.281
c bounds - >= -4747156 @ 104.577
c bounds - >= -4747140 @ 104.874
c bounds - >= -4747124 @ 105.168
c bounds - >= -4747108 @ 105.462
c bounds - >= -4747092 @ 105.757
c bounds - >= -4747076 @ 106.052
c bounds - >= -4747060 @ 106.345
c bounds - >= -4747044 @ 106.642
c bounds - >= -4747028 @ 106.936
c bounds - >= -4747012 @ 107.235
c bounds - >= -4746996 @ 107.532
c bounds - >= -4746980 @ 107.829
c bounds - >= -4746964 @ 108.124
c bounds - >= -4746948 @ 108.419
c bounds - >= -4746932 @ 108.711
c bounds - >= -4746916 @ 109.007
c bounds - >= -4746900 @ 109.301
c bounds - >= -4746884 @ 109.597
c bounds - >= -4746868 @ 109.891
c bounds - >= -4746852 @ 110.183
c bounds - >= -4746836 @ 110.478
c bounds - >= -4746820 @ 110.769
c bounds - >= -4746804 @ 111.064
c bounds - >= -4746788 @ 111.358
c bounds - >= -4746772 @ 111.653
c bounds - >= -4746756 @ 111.95
c bounds - >= -4746740 @ 112.245
c bounds - >= -4746724 @ 112.536
c bounds - >= -4746708 @ 112.827
c bounds - >= -4746692 @ 113.12
c bounds - >= -4746676 @ 113.416
c bounds - >= -4746660 @ 113.715
c bounds - >= -4746644 @ 114.003
c bounds - >= -4746628 @ 114.294
c bounds - >= -4746612 @ 114.589
c bounds - >= -4746596 @ 114.882
c bounds - >= -4746580 @ 115.18
c bounds - >= -4746564 @ 115.477
c bounds - >= -4746548 @ 115.772
c bounds - >= -4746532 @ 116.067
c bounds - >= -4746516 @ 116.367
c bounds - >= -4746500 @ 116.666
c bounds - >= -4746484 @ 116.961
c bounds - >= -4746468 @ 117.254
c bounds - >= -4746452 @ 117.548
c bounds - >= -4746436 @ 117.842
c bounds - >= -4746420 @ 118.138
c bounds - >= -4746404 @ 118.431
c bounds - >= -4746388 @ 118.724
c bounds - >= -4746372 @ 119.018
c bounds - >= -4746356 @ 119.317
c bounds - >= -4746340 @ 119.611
c bounds - >= -4746324 @ 119.905
c bounds - >= -4746308 @ 120.201
c bounds - >= -4746292 @ 120.5
c bounds - >= -4746276 @ 120.797
c bounds - >= -4746260 @ 121.095
c bounds - >= -4746244 @ 121.392
c bounds - >= -4746228 @ 121.69
c bounds - >= -4746212 @ 121.986
c bounds - >= -4746196 @ 122.279
c bounds - >= -4746180 @ 122.57
c bounds - >= -4746164 @ 122.86
c bounds - >= -4746148 @ 123.15
c bounds - >= -4746132 @ 123.434
c bounds - >= -4746116 @ 123.728
c bounds - >= -4746100 @ 124.02
c bounds - >= -4746084 @ 124.313
c bounds - >= -4746068 @ 124.605
c bounds - >= -4746052 @ 124.897
c bounds - >= -4746036 @ 125.19
c bounds - >= -4746020 @ 125.491
c bounds - >= -4746004 @ 125.781
c bounds - >= -4745988 @ 126.068
c bounds - >= -4745972 @ 126.363
c bounds - >= -4745956 @ 126.661
c bounds - >= -4745940 @ 126.953
c bounds - >= -4745924 @ 127.25
c bounds - >= -4745908 @ 127.544
c bounds - >= -4745892 @ 127.837
c bounds - >= -4745876 @ 128.128
c bounds - >= -4745860 @ 128.418
c bounds - >= -4745844 @ 128.715
c bounds - >= -4745828 @ 129.006
c bounds - >= -4745812 @ 129.296
c bounds - >= -4745796 @ 129.587
c bounds - >= -4745780 @ 129.877
c bounds - >= -4745764 @ 130.166
c bounds - >= -4745748 @ 130.459
c bounds - >= -4745732 @ 130.758
c bounds - >= -4745716 @ 131.047
c bounds - >= -4745700 @ 131.341
c bounds - >= -4745684 @ 131.636
c bounds - >= -4745668 @ 131.933
c bounds - >= -4745652 @ 132.224
c bounds - >= -4745636 @ 132.522
c bounds - >= -4745620 @ 132.816
c bounds - >= -4745604 @ 133.116
c bounds - >= -4745588 @ 133.409
c bounds - >= -4745572 @ 133.704
c bounds - >= -4745556 @ 134.001
c bounds - >= -4745540 @ 134.3
c bounds - >= -4745524 @ 134.598
c bounds - >= -4745508 @ 134.893
c bounds - >= -4745492 @ 135.193
c bounds - >= -4745476 @ 135.49
c bounds - >= -4745460 @ 135.781
c bounds - >= -4745444 @ 136.075
c bounds - >= -4745428 @ 136.368
c bounds - >= -4745412 @ 136.661
c bounds - >= -4745396 @ 136.956
c bounds - >= -4745380 @ 137.256
c bounds - >= -4745364 @ 137.553
c bounds - >= -4745348 @ 137.846
c bounds - >= -4745332 @ 138.138
c bounds - >= -4745316 @ 138.432
c bounds - >= -4745300 @ 138.725
c bounds - >= -4745284 @ 139.014
c bounds - >= -4745268 @ 139.31
c bounds - >= -4745252 @ 139.608
c bounds - >= -4745236 @ 139.903
c bounds - >= -4745220 @ 140.196
c bounds - >= -4745204 @ 140.497
c bounds - >= -4745188 @ 140.791
c bounds - >= -4745172 @ 141.085
c bounds - >= -4745156 @ 141.381
c bounds - >= -4745140 @ 141.671
c bounds - >= -4745124 @ 141.965
c bounds - >= -4745108 @ 142.255
c bounds - >= -4745092 @ 142.549
c bounds - >= -4745076 @ 142.841
c bounds - >= -4745060 @ 143.134
c bounds - >= -4745044 @ 143.437
c bounds - >= -4745028 @ 143.731
c bounds - >= -4745012 @ 144.023
c bounds - >= -4744996 @ 144.319
c bounds - >= -4744980 @ 144.614
c bounds - >= -4744964 @ 144.907
c bounds - >= -4744948 @ 145.206
c bounds - >= -4744932 @ 145.5
c bounds - >= -4744916 @ 145.793
c bounds - >= -4744900 @ 146.087
c bounds - >= -4744884 @ 146.386
c bounds - >= -4744868 @ 146.677
c bounds - >= -4744852 @ 146.968
c bounds - >= -4744836 @ 147.261
c bounds - >= -4744820 @ 147.552
c bounds - >= -4744804 @ 147.849
c bounds - >= -4744788 @ 148.147
c bounds - >= -4744772 @ 148.441
c bounds - >= -4744756 @ 148.731
c bounds - >= -4744740 @ 149.024
c bounds - >= -4744724 @ 149.32
c bounds - >= -4744708 @ 149.61
c bounds - >= -4744692 @ 149.901
c bounds - >= -4744676 @ 150.195
c bounds - >= -4744660 @ 150.488
c bounds - >= -4744644 @ 150.779
c bounds - >= -4744628 @ 151.071
c bounds - >= -4744612 @ 151.369
c bounds - >= -4744596 @ 151.66
c bounds - >= -4744580 @ 151.953
c bounds - >= -4744564 @ 152.244
c bounds - >= -4744548 @ 152.543
c bounds - >= -4744532 @ 152.839
c bounds - >= -4744516 @ 153.133
c bounds - >= -4744500 @ 153.426
c bounds - >= -4744484 @ 153.72
c bounds - >= -4744468 @ 154.013
c bounds - >= -4744452 @ 154.307
c bounds - >= -4744436 @ 154.6
c bounds - >= -4744420 @ 154.897
c bounds - >= -4744404 @ 155.185
c bounds - >= -4744388 @ 155.482
c bounds - >= -4744372 @ 155.781
c bounds - >= -4744356 @ 156.078
c bounds - >= -4744340 @ 156.375
c bounds - >= -4744324 @ 156.672
c bounds - >= -4744308 @ 156.963
c bounds - >= -4744292 @ 157.254
c bounds - >= -4744276 @ 157.547
c bounds - >= -4744260 @ 157.838
c bounds - >= -4744244 @ 158.133
c bounds - >= -4744228 @ 158.428
c bounds - >= -4744212 @ 158.719
c bounds - >= -4744196 @ 159.011
c bounds - >= -4744180 @ 159.304
c bounds - >= -4744164 @ 159.6
c bounds - >= -4744148 @ 159.894
c bounds - >= -4744132 @ 160.187
c bounds - >= -4744116 @ 160.479
c bounds - >= -4744100 @ 160.774
c bounds - >= -4744084 @ 161.066
c bounds - >= -4744068 @ 161.356
c bounds - >= -4744052 @ 161.645
c bounds - >= -4744036 @ 161.935
c bounds - >= -4744020 @ 162.226
c bounds - >= -4744004 @ 162.518
c bounds - >= -4743988 @ 162.807
c bounds - >= -4743972 @ 163.099
c bounds - >= -4743956 @ 163.392
c bounds - >= -4743940 @ 163.688
c bounds - >= -4743924 @ 163.985
c bounds - >= -4743908 @ 164.281
c bounds - >= -4743892 @ 164.572
c bounds - >= -4743876 @ 164.865
c bounds - >= -4743860 @ 165.159
c bounds - >= -4743844 @ 165.453
c bounds - >= -4743828 @ 165.751
c bounds - >= -4743812 @ 166.043
c bounds - >= -4743796 @ 166.337
c bounds - >= -4743780 @ 166.628
c bounds - >= -4743764 @ 166.924
c bounds - >= -4743748 @ 167.219
c bounds - >= -4743732 @ 167.513
c bounds - >= -4743716 @ 167.804
c bounds - >= -4743700 @ 168.097
c bounds - >= -4743684 @ 168.387
c bounds - >= -4743668 @ 168.683
c bounds - >= -4743652 @ 168.977
c bounds - >= -4743636 @ 169.277
c bounds - >= -4743620 @ 169.57
c bounds - >= -4743604 @ 169.864
c bounds - >= -4743588 @ 170.164
c bounds - >= -4743572 @ 170.464
c bounds - >= -4743556 @ 170.768
c bounds - >= -4743540 @ 171.067
c bounds - >= -4743524 @ 171.361
c bounds - >= -4743508 @ 171.652
c bounds - >= -4743492 @ 171.948
c bounds - >= -4743476 @ 172.245
c bounds - >= -4743460 @ 172.539
c bounds - >= -4743444 @ 172.837
c bounds - >= -4743428 @ 173.133
c bounds - >= -4743412 @ 173.43
c bounds - >= -4743396 @ 173.721
c bounds - >= -4743380 @ 174.017
c bounds - >= -4743364 @ 174.32
c bounds - >= -4743348 @ 174.616
c bounds - >= -4743332 @ 174.913
c bounds - >= -4743316 @ 175.208
c bounds - >= -4743300 @ 175.508
c bounds - >= -4743284 @ 175.8
c bounds - >= -4743268 @ 176.101
c bounds - >= -4743252 @ 176.399
c bounds - >= -4743236 @ 176.692
c bounds - >= -4743220 @ 176.988
c bounds - >= -4743204 @ 177.285
c bounds - >= -4743188 @ 177.581
c bounds - >= -4743172 @ 177.867
c bounds - >= -4743156 @ 178.156
c bounds - >= -4743140 @ 178.443
c bounds - >= -4743124 @ 178.731
c bounds - >= -4743108 @ 179.021
c bounds - >= -4743092 @ 179.318
c bounds - >= -4743076 @ 179.616
c bounds - >= -4743060 @ 179.905
c bounds - >= -4743044 @ 180.2
c bounds - >= -4743028 @ 180.494
c bounds - >= -4743012 @ 180.788
c bounds - >= -4742996 @ 181.084
c bounds - >= -4742980 @ 181.375
c bounds - >= -4742964 @ 181.664
c bounds - >= -4742948 @ 181.951
c bounds - >= -4742932 @ 182.24
c bounds - >= -4742916 @ 182.531
c bounds - >= -4742900 @ 182.818
c bounds - >= -4742884 @ 183.112
c bounds - >= -4742868 @ 183.409
c bounds - >= -4742852 @ 183.7
c bounds - >= -4742836 @ 183.994
c bounds - >= -4742820 @ 184.292
c bounds - >= -4742804 @ 184.587
c bounds - >= -4742788 @ 184.877
c bounds - >= -4742772 @ 185.166
c bounds - >= -4742756 @ 185.464
c bounds - >= -4742740 @ 185.756
c bounds - >= -4742724 @ 186.043
c bounds - >= -4742708 @ 186.329
c bounds - >= -4742692 @ 186.626
c bounds - >= -4742676 @ 186.913
c bounds - >= -4742660 @ 187.203
c bounds - >= -4742644 @ 187.496
c bounds - >= -4742628 @ 187.783
c bounds - >= -4742612 @ 188.071
c bounds - >= -4742596 @ 188.36
c bounds - >= -4742580 @ 188.656
c bounds - >= -4742564 @ 188.943
c bounds - >= -4742548 @ 189.237
c bounds - >= -4742532 @ 189.527
c bounds - >= -4742516 @ 189.811
c bounds - >= -4742500 @ 190.103
c bounds - >= -4742484 @ 190.4
c bounds - >= -4742468 @ 190.701
c bounds - >= -4742452 @ 190.993
c bounds - >= -4742436 @ 191.29
c bounds - >= -4742420 @ 191.58
c bounds - >= -4742404 @ 191.87
c bounds - >= -4742388 @ 192.161
c bounds - >= -4742372 @ 192.454
c bounds - >= -4742356 @ 192.752
c bounds - >= -4742340 @ 193.041
c bounds - >= -4742324 @ 193.33
c bounds - >= -4742308 @ 193.62
c bounds - >= -4742292 @ 193.914
c bounds - >= -4742276 @ 194.205
c bounds - >= -4742260 @ 194.495
c bounds - >= -4742244 @ 194.787
c bounds - >= -4742228 @ 195.073
c bounds - >= -4742212 @ 195.361
c bounds - >= -4742196 @ 195.649
c bounds - >= -4742180 @ 195.939
c bounds - >= -4742164 @ 196.226
c bounds - >= -4742148 @ 196.513
c bounds - >= -4742132 @ 196.805
c bounds - >= -4742116 @ 197.09
c bounds - >= -4742100 @ 197.381
c bounds - >= -4742084 @ 197.672
c bounds - >= -4742068 @ 197.969
c bounds - >= -4742052 @ 198.264
c bounds - >= -4742036 @ 198.561
c bounds - >= -4742020 @ 198.859
c bounds - >= -4742004 @ 199.151
c bounds - >= -4741988 @ 199.441
c bounds - >= -4741972 @ 199.726
c bounds - >= -4741956 @ 200.015
c bounds - >= -4741940 @ 200.303
c bounds - >= -4741924 @ 200.591
c bounds - >= -4741908 @ 200.88
c bounds - >= -4741892 @ 201.173
c bounds - >= -4741876 @ 201.461
c bounds - >= -4741860 @ 201.75
c bounds - >= -4741844 @ 202.039
c bounds - >= -4741828 @ 202.326
c bounds - >= -4741812 @ 202.614
c bounds - >= -4741796 @ 202.903
c bounds - >= -4741780 @ 203.192
c bounds - >= -4741764 @ 203.482
c bounds - >= -4741748 @ 203.77
c bounds - >= -4741732 @ 204.058
c bounds - >= -4741716 @ 204.348
c bounds - >= -4741700 @ 204.634
c bounds - >= -4741684 @ 204.925
c bounds - >= -4741668 @ 205.211
c bounds - >= -4741652 @ 205.498
c bounds - >= -4741636 @ 205.787
c bounds - >= -4741620 @ 206.078
c bounds - >= -4741604 @ 206.367
c bounds - >= -4741588 @ 206.655
c bounds - >= -4741572 @ 206.941
c bounds - >= -4741556 @ 207.231
c bounds - >= -4741540 @ 207.522
c bounds - >= -4741524 @ 207.815
c bounds - >= -4741508 @ 208.107
c bounds - >= -4741492 @ 208.396
c bounds - >= -4741476 @ 208.689
c bounds - >= -4741460 @ 208.977
c bounds - >= -4741444 @ 209.263
c bounds - >= -4741428 @ 209.55
c bounds - >= -4741412 @ 209.839
c bounds - >= -4741396 @ 210.13
c bounds - >= -4741380 @ 210.416
c bounds - >= -4741364 @ 210.705
c bounds - >= -4741348 @ 210.994
c bounds - >= -4741332 @ 211.279
c bounds - >= -4741316 @ 211.567
c bounds - >= -4741300 @ 211.858
c bounds - >= -4741284 @ 212.152
c bounds - >= -4741268 @ 212.444
c bounds - >= -4741252 @ 212.731
c bounds - >= -4741236 @ 213.017
c bounds - >= -4741220 @ 213.309
c bounds - >= -4741204 @ 213.599
c bounds - >= -4741188 @ 213.889
c bounds - >= -4741172 @ 214.174
c bounds - >= -4741156 @ 214.463
c bounds - >= -4741140 @ 214.752
c bounds - >= -4741124 @ 215.043
c bounds - >= -4741108 @ 215.332
c bounds - >= -4741092 @ 215.622
c bounds - >= -4741076 @ 215.91
c bounds - >= -4741060 @ 216.203
c bounds - >= -4741044 @ 216.497
c bounds - >= -4741028 @ 216.786
c bounds - >= -4741012 @ 217.077
c bounds - >= -4740996 @ 217.368
c bounds - >= -4740980 @ 217.655
c bounds - >= -4740964 @ 217.946
c bounds - >= -4740948 @ 218.237
c bounds - >= -4740932 @ 218.526
c bounds - >= -4740916 @ 218.813
c bounds - >= -4740900 @ 219.102
c bounds - >= -4740884 @ 219.389
c bounds - >= -4740868 @ 219.68
c bounds - >= -4740852 @ 219.97
c bounds - >= -4740836 @ 220.259
c bounds - >= -4740820 @ 220.549
c bounds - >= -4740804 @ 220.841
c bounds - >= -4740788 @ 221.127
c bounds - >= -4740772 @ 221.415
c bounds - >= -4740756 @ 221.704
c bounds - >= -4740740 @ 221.994
c bounds - >= -4740724 @ 222.282
c bounds - >= -4740708 @ 222.574
c bounds - >= -4740692 @ 222.862
c bounds - >= -4740676 @ 223.149
c bounds - >= -4740660 @ 223.437
c bounds - >= -4740644 @ 223.73
c bounds - >= -4740628 @ 224.019
c bounds - >= -4740612 @ 224.307
c bounds - >= -4740596 @ 224.596
c bounds - >= -4740580 @ 224.884
c bounds - >= -4740564 @ 225.172
c bounds - >= -4740548 @ 225.461
c bounds - >= -4740532 @ 225.75
c bounds - >= -4740516 @ 226.04
c bounds - >= -4740500 @ 226.326
c bounds - >= -4740484 @ 226.612
c bounds - >= -4740468 @ 226.898
c bounds - >= -4740452 @ 227.188
c bounds - >= -4740436 @ 227.478
c bounds - >= -4740420 @ 227.768
c bounds - >= -4740404 @ 228.056
c bounds - >= -4740388 @ 228.344
c bounds - >= -4740372 @ 228.63
c bounds - >= -4740356 @ 228.921
c bounds - >= -4740340 @ 229.214
c bounds - >= -4740324 @ 229.504
c bounds - >= -4740308 @ 229.791
c bounds - >= -4740292 @ 230.077
c bounds - >= -4740276 @ 230.367
c bounds - >= -4740260 @ 230.657
c bounds - >= -4740244 @ 230.948
c bounds - >= -4740228 @ 231.238
c bounds - >= -4740212 @ 231.53
c bounds - >= -4740196 @ 231.824
c bounds - >= -4740180 @ 232.114
c bounds - >= -4740164 @ 232.406
c bounds - >= -4740148 @ 232.699
c bounds - >= -4740132 @ 232.99
c bounds - >= -4740116 @ 233.281
c bounds - >= -4740100 @ 233.576
c bounds - >= -4740084 @ 233.864
c bounds - >= -4740068 @ 234.156
c bounds - >= -4740052 @ 234.445
c bounds - >= -4740036 @ 234.738
c bounds - >= -4740020 @ 235.027
c bounds - >= -4740004 @ 235.317
c bounds - >= -4739988 @ 235.608
c bounds - >= -4739972 @ 235.901
c bounds - >= -4739956 @ 236.193
c bounds - >= -4739940 @ 236.483
c bounds - >= -4739924 @ 236.772
c bounds - >= -4739908 @ 237.066
c bounds - >= -4739892 @ 237.353
c bounds - >= -4739876 @ 237.642
c bounds - >= -4739860 @ 237.933
c bounds - >= -4739844 @ 238.219
c bounds - >= -4739828 @ 238.511
c bounds - >= -4739812 @ 238.801
c bounds - >= -4739796 @ 239.09
c bounds - >= -4739780 @ 239.376
c bounds - >= -4739764 @ 239.667
c bounds - >= -4739748 @ 239.952
c bounds - >= -4739732 @ 240.24
c bounds - >= -4739716 @ 240.53
c bounds - >= -4739700 @ 240.821
c bounds - >= -4739684 @ 241.111
c bounds - >= -4739668 @ 241.399
c bounds - >= -4739652 @ 241.689
c bounds - >= -4739636 @ 241.977
c bounds - >= -4739620 @ 242.264
c bounds - >= -4739604 @ 242.55
c bounds - >= -4739588 @ 242.842
c bounds - >= -4739572 @ 243.133
c bounds - >= -4739556 @ 243.423
c bounds - >= -4739540 @ 243.72
c bounds - >= -4739524 @ 244.009
c bounds - >= -4739508 @ 244.3
c bounds - >= -4739492 @ 244.593
c bounds - >= -4739476 @ 244.889
c bounds - >= -4739460 @ 245.177
c bounds - >= -4739444 @ 245.472
c bounds - >= -4739428 @ 245.762
c bounds - >= -4739412 @ 246.051
c bounds - >= -4739396 @ 246.346
c bounds - >= -4739380 @ 246.636
c bounds - >= -4739364 @ 246.927
c bounds - >= -4739348 @ 247.215
c bounds - >= -4739332 @ 247.503
c bounds - >= -4739316 @ 247.79
c bounds - >= -4739300 @ 248.081
c bounds - >= -4739284 @ 248.375
c bounds - >= -4739268 @ 248.664
c bounds - >= -4739252 @ 248.95
c bounds - >= -4739236 @ 249.246
c bounds - >= -4739220 @ 249.541
c bounds - >= -4739204 @ 249.826
c bounds - >= -4739188 @ 250.115
c bounds - >= -4739172 @ 250.404
c bounds - >= -4739156 @ 250.697
c bounds - >= -4739140 @ 250.99
c bounds - >= -4739124 @ 251.278
c bounds - >= -4739108 @ 251.567
c bounds - >= -4739092 @ 251.859
c bounds - >= -4739076 @ 252.151
c bounds - >= -4739060 @ 252.442
c bounds - >= -4739044 @ 252.731
c bounds - >= -4739028 @ 253.017
c bounds - >= -4739012 @ 253.306
c bounds - >= -4738996 @ 253.598
c bounds - >= -4738980 @ 253.885
c bounds - >= -4738964 @ 254.177
c bounds - >= -4738948 @ 254.463
c bounds - >= -4738932 @ 254.753
c bounds - >= -4738916 @ 255.043
c bounds - >= -4738900 @ 255.333
c bounds - >= -4738884 @ 255.618
c bounds - >= -4738868 @ 255.905
c bounds - >= -4738852 @ 256.188
c bounds - >= -4738836 @ 256.479
c bounds - >= -4738820 @ 256.769
c bounds - >= -4738804 @ 257.063
c bounds - >= -4738788 @ 257.353
c bounds - >= -4738772 @ 257.643
c bounds - >= -4738756 @ 257.934
c bounds - >= -4738740 @ 258.226
c bounds - >= -4738724 @ 258.519
c bounds - >= -4738708 @ 258.814
c bounds - >= -4738692 @ 259.108
c bounds - >= -4738676 @ 259.4
c bounds - >= -4738660 @ 259.693
c bounds - >= -4738644 @ 259.988
c bounds - >= -4738628 @ 260.281
c bounds - >= -4738612 @ 260.575
c bounds - >= -4738596 @ 260.867
c bounds - >= -4738580 @ 261.154
c bounds - >= -4738564 @ 261.444
c bounds - >= -4738548 @ 261.73
c bounds - >= -4738532 @ 262.013
c bounds - >= -4738516 @ 262.301
c bounds - >= -4738500 @ 262.587
c bounds - >= -4738484 @ 262.88
c bounds - >= -4738468 @ 263.175
c bounds - >= -4738452 @ 263.47
c bounds - >= -4738436 @ 263.76
c bounds - >= -4738420 @ 264.046
c bounds - >= -4738404 @ 264.337
c bounds - >= -4738388 @ 264.627
c bounds - >= -4738372 @ 264.916
c bounds - >= -4738356 @ 265.205
c bounds - >= -4738340 @ 265.494
c bounds - >= -4738324 @ 265.784
c bounds - >= -4738308 @ 266.07
c bounds - >= -4738292 @ 266.358
c bounds - >= -4738276 @ 266.649
c bounds - >= -4738260 @ 266.935
c bounds - >= -4738244 @ 267.229
c bounds - >= -4738228 @ 267.52
c bounds - >= -4738212 @ 267.813
c bounds - >= -4738196 @ 268.099
c bounds - >= -4738180 @ 268.39
c bounds - >= -4738164 @ 268.679
c bounds - >= -4738148 @ 268.967
c bounds - >= -4738132 @ 269.252
c bounds - >= -4738116 @ 269.539
c bounds - >= -4738100 @ 269.825
c bounds - >= -4738084 @ 270.122
c bounds - >= -4738068 @ 270.41
c bounds - >= -4738052 @ 270.702
c bounds - >= -4738036 @ 270.992
c bounds - >= -4738020 @ 271.277
c bounds - >= -4738004 @ 271.564
c bounds - >= -4737988 @ 271.855
c bounds - >= -4737972 @ 272.145
c bounds - >= -4737956 @ 272.436
c bounds - >= -4737940 @ 272.729
c bounds - >= -4737924 @ 273.025
c bounds - >= -4737908 @ 273.318
c bounds - >= -4737892 @ 273.609
c bounds - >= -4737876 @ 273.896
c bounds - >= -4737860 @ 274.186
c bounds - >= -4737844 @ 274.481
c bounds - >= -4737828 @ 274.771
c bounds - >= -4737812 @ 275.063
c bounds - >= -4737796 @ 275.347
c bounds - >= -4737780 @ 275.637
c bounds - >= -4737764 @ 275.927
c bounds - >= -4737748 @ 276.214
c bounds - >= -4737732 @ 276.509
c bounds - >= -4737716 @ 276.798
c bounds - >= -4737700 @ 277.09
c bounds - >= -4737684 @ 277.384
c bounds - >= -4737668 @ 277.684
c bounds - >= -4737652 @ 277.98
c bounds - >= -4737636 @ 278.278
c bounds - >= -4737620 @ 278.577
c bounds - >= -4737604 @ 278.871
c bounds - >= -4737588 @ 279.162
c bounds - >= -4737572 @ 279.453
c bounds - >= -4737556 @ 279.747
c bounds - >= -4737540 @ 280.043
c bounds - >= -4737524 @ 280.329
c bounds - >= -4737508 @ 280.616
c bounds - >= -4737492 @ 280.912
c bounds - >= -4737476 @ 281.202
c bounds - >= -4737460 @ 281.49
c bounds - >= -4737444 @ 281.775
c bounds - >= -4737428 @ 282.068
c bounds - >= -4737412 @ 282.359
c bounds - >= -4737396 @ 282.648
c bounds - >= -4737380 @ 282.941
c bounds - >= -4737364 @ 283.237
c bounds - >= -4737348 @ 283.527
c bounds - >= -4737332 @ 283.815
c bounds - >= -4737316 @ 284.105
c bounds - >= -4737300 @ 284.395
c bounds - >= -4737284 @ 284.689
c bounds - >= -4737268 @ 284.975
c bounds - >= -4737252 @ 285.269
c bounds - >= -4737236 @ 285.564
c bounds - >= -4737220 @ 285.858
c bounds - >= -4737204 @ 286.149
c bounds - >= -4737188 @ 286.439
c bounds - >= -4737172 @ 286.729
c bounds - >= -4737156 @ 287.015
c bounds - >= -4737140 @ 287.302
c bounds - >= -4737124 @ 287.592
c bounds - >= -4737108 @ 287.882
c bounds - >= -4737092 @ 288.174
c bounds - >= -4737076 @ 288.464
c bounds - >= -4737060 @ 288.754
c bounds - >= -4737044 @ 289.047
c bounds - >= -4737028 @ 289.342
c bounds - >= -4737012 @ 289.639
c bounds - >= -4736996 @ 289.933
c bounds - >= -4736980 @ 290.226
c bounds - >= -4736964 @ 290.518
c bounds - >= -4736948 @ 290.816
c bounds - >= -4736932 @ 291.112
c bounds - >= -4736916 @ 291.406
c bounds - >= -4736900 @ 291.698
c bounds - >= -4736884 @ 291.989
c bounds - >= -4736868 @ 292.288
c bounds - >= -4736852 @ 292.582
c bounds - >= -4736836 @ 292.879
c bounds - >= -4736820 @ 293.177
c bounds - >= -4736804 @ 293.469
c bounds - >= -4736788 @ 293.764
c bounds - >= -4736772 @ 294.058
c bounds - >= -4736756 @ 294.349
c bounds - >= -4736740 @ 294.649
c bounds - >= -4736724 @ 294.949
c bounds - >= -4736708 @ 295.242
c bounds - >= -4736692 @ 295.536
c bounds - >= -4736676 @ 295.825
c bounds - >= -4736660 @ 296.116
c bounds - >= -4736644 @ 296.407
c bounds - >= -4736628 @ 296.698
c bounds - >= -4736612 @ 296.985
c bounds - >= -4736596 @ 297.268
c bounds - >= -4736580 @ 297.556
c bounds - >= -4736564 @ 297.847
c bounds - >= -4736548 @ 298.138
c bounds - >= -4736532 @ 298.429
c bounds - >= -4736516 @ 298.723
c bounds - >= -4736500 @ 299.014
c bounds - >= -4736484 @ 299.304
c bounds - >= -4736468 @ 299.593
c bounds - >= -4736452 @ 299.883
c bounds - >= -4736436 @ 300.178
c bounds - >= -4736420 @ 300.47
c bounds - >= -4736404 @ 300.762
c bounds - >= -4736388 @ 301.058
c bounds - >= -4736372 @ 301.353
c bounds - >= -4736356 @ 301.641
c bounds - >= -4736340 @ 301.934
c bounds - >= -4736324 @ 302.225
c bounds - >= -4736308 @ 302.518
c bounds - >= -4736292 @ 302.805
c bounds - >= -4736276 @ 303.095
c bounds - >= -4736260 @ 303.383
c bounds - >= -4736244 @ 303.673
c bounds - >= -4736228 @ 303.964
c bounds - >= -4736212 @ 304.257
c bounds - >= -4736196 @ 304.549
c bounds - >= -4736180 @ 304.843
c bounds - >= -4736164 @ 305.134
c bounds - >= -4736148 @ 305.428
c bounds - >= -4736132 @ 305.718
c bounds - >= -4736116 @ 306.01
c bounds - >= -4736100 @ 306.303
c bounds - >= -4736084 @ 306.594
c bounds - >= -4736068 @ 306.884
c bounds - >= -4736052 @ 307.173
c bounds - >= -4736036 @ 307.461
c bounds - >= -4736020 @ 307.749
c bounds - >= -4736004 @ 308.042
c bounds - >= -4735988 @ 308.331
c bounds - >= -4735972 @ 308.619
c bounds - >= -4735956 @ 308.909
c bounds - >= -4735940 @ 309.198
c bounds - >= -4735924 @ 309.487
c bounds - >= -4735908 @ 309.774
c bounds - >= -4735892 @ 310.062
c bounds - >= -4735876 @ 310.353
c bounds - >= -4735860 @ 310.639
c bounds - >= -4735844 @ 310.933
c bounds - >= -4735828 @ 311.225
c bounds - >= -4735812 @ 311.517
c bounds - >= -4735796 @ 311.814
c bounds - >= -4735780 @ 312.104
c bounds - >= -4735764 @ 312.401
c bounds - >= -4735748 @ 312.7
c bounds - >= -4735732 @ 312.996
c bounds - >= -4735716 @ 313.284
c bounds - >= -4735700 @ 313.576
c bounds - >= -4735684 @ 313.864
c bounds - >= -4735668 @ 314.155
c bounds - >= -4735652 @ 314.442
c bounds - >= -4735636 @ 314.729
c bounds - >= -4735620 @ 315.021
c bounds - >= -4735604 @ 315.313
c bounds - >= -4735588 @ 315.602
c bounds - >= -4735572 @ 315.894
c bounds - >= -4735556 @ 316.186
c bounds - >= -4735540 @ 316.474
c bounds - >= -4735524 @ 316.761
c bounds - >= -4735508 @ 317.058
c bounds - >= -4735492 @ 317.345
c bounds - >= -4735476 @ 317.63
c bounds - >= -4735460 @ 317.915
c bounds - >= -4735444 @ 318.206
c bounds - >= -4735428 @ 318.495
c bounds - >= -4735412 @ 318.783
c bounds - >= -4735396 @ 319.078
c bounds - >= -4735380 @ 319.371
c bounds - >= -4735364 @ 319.659
c bounds - >= -4735348 @ 319.954
c bounds - >= -4735332 @ 320.241
c bounds - >= -4735316 @ 320.525
c bounds - >= -4735300 @ 320.814
c bounds - >= -4735284 @ 321.108
c bounds - >= -4735268 @ 321.399
c bounds - >= -4735252 @ 321.687
c bounds - >= -4735236 @ 321.982
c bounds - >= -4735220 @ 322.271
c bounds - >= -4735204 @ 322.56
c bounds - >= -4735188 @ 322.852
c bounds - >= -4735172 @ 323.145
c bounds - >= -4735156 @ 323.432
c bounds - >= -4735140 @ 323.723
c bounds - >= -4735124 @ 324.014
c bounds - >= -4735108 @ 324.308
c bounds - >= -4735092 @ 324.598
c bounds - >= -4735076 @ 324.89
c bounds - >= -4735060 @ 325.183
c bounds - >= -4735044 @ 325.472
c bounds - >= -4735028 @ 325.764
c bounds - >= -4735012 @ 326.058
c bounds - >= -4734996 @ 326.35
c bounds - >= -4734980 @ 326.637
c bounds - >= -4734964 @ 326.926
c bounds - >= -4734948 @ 327.213
c bounds - >= -4734932 @ 327.505
c bounds - >= -4734916 @ 327.794
c bounds - >= -4734900 @ 328.079
c bounds - >= -4734884 @ 328.369
c bounds - >= -4734868 @ 328.654
c bounds - >= -4734852 @ 328.946
c bounds - >= -4734836 @ 329.232
c bounds - >= -4734820 @ 329.523
c bounds - >= -4734804 @ 329.813
c bounds - >= -4734788 @ 330.1
c bounds - >= -4734772 @ 330.386
c bounds - >= -4734756 @ 330.672
c bounds - >= -4734740 @ 330.964
c bounds - >= -4734724 @ 331.261
c bounds - >= -4734708 @ 331.555
c bounds - >= -4734692 @ 331.846
c bounds - >= -4734676 @ 332.137
c bounds - >= -4734660 @ 332.421
c bounds - >= -4734644 @ 332.702
c bounds - >= -4734628 @ 332.989
c bounds - >= -4734612 @ 333.279
c bounds - >= -4734596 @ 333.562
c bounds - >= -4734580 @ 333.847
c bounds - >= -4734564 @ 334.139
c bounds - >= -4734548 @ 334.425
c bounds - >= -4734532 @ 334.712
c bounds - >= -4734516 @ 334.984
c bounds - >= -4734500 @ 335.267
c bounds - >= -4734484 @ 335.557
c bounds - >= -4734468 @ 335.845
c bounds - >= -4734452 @ 336.132
c bounds - >= -4734436 @ 336.409
c bounds - >= -4734420 @ 336.699
c bounds - >= -4734404 @ 336.993
c bounds - >= -4734388 @ 337.282
c bounds - >= -4734372 @ 337.575
c bounds - >= -4734356 @ 337.866
c bounds - >= -4734340 @ 338.151
c bounds - >= -4734324 @ 338.44
c bounds - >= -4734308 @ 338.729
c bounds - >= -4734292 @ 339.017
c bounds - >= -4734276 @ 339.305
c bounds - >= -4734260 @ 339.593
c bounds - >= -4734244 @ 339.883
c bounds - >= -4734228 @ 340.166
c bounds - >= -4734212 @ 340.45
c bounds - >= -4734196 @ 340.736
c bounds - >= -4734180 @ 341.026
c bounds - >= -4734164 @ 341.316
c bounds - >= -4734148 @ 341.602
c bounds - >= -4734132 @ 341.89
c bounds - >= -4734116 @ 342.181
c bounds - >= -4734100 @ 342.471
c bounds - >= -4734084 @ 342.753
c bounds - >= -4734068 @ 343.041
c bounds - >= -4734052 @ 343.329
c bounds - >= -4734036 @ 343.616
c bounds - >= -4734020 @ 343.905
c bounds - >= -4734004 @ 344.194
c bounds - >= -4733988 @ 344.488
c bounds - >= -4733972 @ 344.782
c bounds - >= -4733956 @ 345.068
c bounds - >= -4733940 @ 345.36
c bounds - >= -4733924 @ 345.645
c bounds - >= -4733908 @ 345.937
c bounds - >= -4733892 @ 346.223
c bounds - >= -4733876 @ 346.51
c bounds - >= -4733860 @ 346.8
c bounds - >= -4733844 @ 347.088
c bounds - >= -4733828 @ 347.377
c bounds - >= -4733812 @ 347.662
c bounds - >= -4733796 @ 347.951
c bounds - >= -4733780 @ 348.232
c bounds - >= -4733764 @ 348.517
c bounds - >= -4733748 @ 348.801
c bounds - >= -4733732 @ 349.085
c bounds - >= -4733716 @ 349.371
c bounds - >= -4733700 @ 349.663
c bounds - >= -4733684 @ 349.954
c bounds - >= -4733668 @ 350.243
c bounds - >= -4733652 @ 350.533
c bounds - >= -4733636 @ 350.82
c bounds - >= -4733620 @ 351.106
c bounds - >= -4733604 @ 351.39
c bounds - >= -4733588 @ 351.675
c bounds - >= -4733572 @ 351.962
c bounds - >= -4733556 @ 352.245
c bounds - >= -4733540 @ 352.531
c bounds - >= -4733524 @ 352.82
c bounds - >= -4733508 @ 353.106
c bounds - >= -4733492 @ 353.395
c bounds - >= -4733476 @ 353.68
c bounds - >= -4733460 @ 353.966
c bounds - >= -4733444 @ 354.251
c bounds - >= -4733428 @ 354.534
c bounds - >= -4733412 @ 354.822
c bounds - >= -4733396 @ 355.112
c bounds - >= -4733380 @ 355.401
c bounds - >= -4733364 @ 355.694
c bounds - >= -4733348 @ 355.992
c bounds - >= -4733332 @ 356.284
c bounds - >= -4733316 @ 356.573
c bounds - >= -4733300 @ 356.863
c bounds - >= -4733284 @ 357.152
c bounds - >= -4733268 @ 357.44
c bounds - >= -4733252 @ 357.729
c bounds - >= -4733236 @ 358.019
c bounds - >= -4733220 @ 358.313
c bounds - >= -4733204 @ 358.606
c bounds - >= -4733188 @ 358.897
c bounds - >= -4733172 @ 359.184
c bounds - >= -4733156 @ 359.471
c bounds - >= -4733140 @ 359.76
c bounds - >= -4733124 @ 360.048
c bounds - >= -4733108 @ 360.329
c bounds - >= -4733092 @ 360.621
c bounds - >= -4733076 @ 360.912
c bounds - >= -4733060 @ 361.201
c bounds - >= -4733044 @ 361.489
c bounds - >= -4733028 @ 361.78
c bounds - >= -4733012 @ 362.074
c bounds - >= -4732996 @ 362.362
c bounds - >= -4732980 @ 362.653
c bounds - >= -4732964 @ 362.945
c bounds - >= -4732948 @ 363.232
c bounds - >= -4732932 @ 363.521
c bounds - >= -4732916 @ 363.811
c bounds - >= -4732900 @ 364.102
c bounds - >= -4732884 @ 364.384
c bounds - >= -4732868 @ 364.667
c bounds - >= -4732852 @ 364.954
c bounds - >= -4732836 @ 365.246
c bounds - >= -4732820 @ 365.531
c bounds - >= -4732804 @ 365.817
c bounds - >= -4732788 @ 366.101
c bounds - >= -4732772 @ 366.387
c bounds - >= -4732756 @ 366.67
c bounds - >= -4732740 @ 366.96
c bounds - >= -4732724 @ 367.251
c bounds - >= -4732708 @ 367.548
c bounds - >= -4732692 @ 367.836
c bounds - >= -4732676 @ 368.128
c bounds - >= -4732660 @ 368.422
c bounds - >= -4732644 @ 368.712
c bounds - >= -4732628 @ 369.004
c bounds - >= -4732612 @ 369.301
c bounds - >= -4732596 @ 369.595
c bounds - >= -4732580 @ 369.883
c bounds - >= -4732564 @ 370.175
c bounds - >= -4732548 @ 370.461
c bounds - >= -4732532 @ 370.753
c bounds - >= -4732516 @ 371.045
c bounds - >= -4732500 @ 371.336
c bounds - >= -4732484 @ 371.616
c bounds - >= -4732468 @ 371.903
c bounds - >= -4732452 @ 372.193
c bounds - >= -4732436 @ 372.48
c bounds - >= -4732420 @ 372.768
c bounds - >= -4732404 @ 373.06
c bounds - >= -4732388 @ 373.354
c bounds - >= -4732372 @ 373.642
c bounds - >= -4732356 @ 373.93
c bounds - >= -4732340 @ 374.221
c bounds - >= -4732324 @ 374.508
c bounds - >= -4732308 @ 374.799
c bounds - >= -4732292 @ 375.088
c bounds - >= -4732276 @ 375.379
c bounds - >= -4732260 @ 375.673
c bounds - >= -4732244 @ 375.97
c bounds - >= -4732228 @ 376.263
c bounds - >= -4732212 @ 376.551
c bounds - >= -4732196 @ 376.836
c bounds - >= -4732180 @ 377.12
c bounds - >= -4732164 @ 377.404
c bounds - >= -4732148 @ 377.689
c bounds - >= -4732132 @ 377.973
c bounds - >= -4732116 @ 378.26
c bounds - >= -4732100 @ 378.541
c bounds - >= -4732084 @ 378.83
c bounds - >= -4732068 @ 379.117
c bounds - >= -4732052 @ 379.405
c bounds - >= -4732036 @ 379.685
c bounds - >= -4732020 @ 379.967
c bounds - >= -4732004 @ 380.247
c bounds - >= -4731988 @ 380.528
c bounds - >= -4731972 @ 380.817
c bounds - >= -4731956 @ 381.104
c bounds - >= -4731940 @ 381.397
c bounds - >= -4731924 @ 381.691
c bounds - >= -4731908 @ 381.974
c bounds - >= -4731892 @ 382.266
c bounds - >= -4731876 @ 382.555
c bounds - >= -4731860 @ 382.851
c bounds - >= -4731844 @ 383.137
c bounds - >= -4731828 @ 383.423
c bounds - >= -4731812 @ 383.703
c bounds - >= -4731796 @ 383.987
c bounds - >= -4731780 @ 384.275
c bounds - >= -4731764 @ 384.561
c bounds - >= -4731748 @ 384.841
c bounds - >= -4731732 @ 385.132
c bounds - >= -4731716 @ 385.425
c bounds - >= -4731700 @ 385.713
c bounds - >= -4731684 @ 386.003
c bounds - >= -4731668 @ 386.291
c bounds - >= -4731652 @ 386.579
c bounds - >= -4731636 @ 386.861
c bounds - >= -4731620 @ 387.151
c bounds - >= -4731604 @ 387.443
c bounds - >terminate called after throwing an instance of 'rs::OutOfMemoryException'
