c RoundingSat 2
c branch 
c commit 
c #variables 4052118 #constraints 5946412
c bounds - >= -4838645 @ 26.297
c #Conflicts:       1000 | #Constraints:    5947411
c #Conflicts:       2000 | #Constraints:    5948411
c INPROCESSING
c bounds - >= -4733485 @ 66.5657
c bounds - >= -4733469 @ 67.0015
c bounds - >= -4733453 @ 67.409
c bounds - >= -4733437 @ 67.8244
c bounds - >= -4733421 @ 68.2464
c bounds - >= -4733401 @ 68.6538
c bounds - >= -4733381 @ 69.0597
c bounds - >= -4733361 @ 69.4741
c bounds - >= -4733341 @ 69.8837
c bounds - >= -4733321 @ 70.2842
c bounds - >= -4733301 @ 70.6834
c bounds - >= -4733281 @ 71.0815
c bounds - >= -4733261 @ 71.4811
c bounds - >= -4733241 @ 71.893
c bounds - >= -4733221 @ 72.2998
c bounds - >= -4733201 @ 72.6993
c bounds - >= -4733181 @ 73.094
c bounds - >= -4733161 @ 73.5172
c bounds - >= -4733141 @ 73.9368
c bounds - >= -4733121 @ 74.3301
c bounds - >= -4733101 @ 74.7216
c bounds - >= -4733081 @ 75.1225
c bounds - >= -4733061 @ 75.5197
c bounds - >= -4733045 @ 75.9155
c bounds - >= -4733029 @ 76.3088
c bounds - >= -4733009 @ 76.7208
c bounds - >= -4732989 @ 77.1324
c bounds - >= -4732969 @ 77.553
c bounds - >= -4732949 @ 77.9754
c bounds - >= -4732929 @ 78.3977
c bounds - >= -4732909 @ 78.8212
c bounds - >= -4732889 @ 79.2057
c bounds - >= -4732869 @ 79.6059
c bounds - >= -4732849 @ 80.0227
c bounds - >= -4732829 @ 80.4442
c bounds - >= -4732813 @ 80.8637
c bounds - >= -4732797 @ 81.2819
c bounds - >= -4732781 @ 81.6939
c bounds - >= -4732765 @ 82.1002
c bounds - >= -4732749 @ 82.5124
c bounds - >= -4732733 @ 82.9248
c bounds - >= -4732717 @ 83.3366
c bounds - >= -4732701 @ 83.7523
c bounds - >= -4732685 @ 84.1644
c bounds - >= -4732669 @ 84.578
c bounds - >= -4732653 @ 84.9976
c bounds - >= -4732637 @ 85.4094
c bounds - >= -4732621 @ 85.819
c bounds - >= -4732605 @ 86.2367
c bounds - >= -4732589 @ 86.6501
c bounds - >= -4732573 @ 87.0668
c bounds - >= -4732557 @ 87.4765
c bounds - >= -4732541 @ 87.888
c bounds - >= -4732525 @ 88.3085
c bounds - >= -4732509 @ 88.731
c bounds - >= -4732493 @ 89.152
c bounds - >= -4732477 @ 89.5706
c bounds - >= -4732461 @ 89.9772
c bounds - >= -4732445 @ 90.389
c bounds - >= -4732429 @ 90.8076
c bounds - >= -4732413 @ 91.2351
c bounds - >= -4732397 @ 91.6561
c bounds - >= -4732381 @ 92.0768
c bounds - >= -4732365 @ 92.499
c bounds - >= -4732349 @ 92.9212
c bounds - >= -4732333 @ 93.3457
c bounds - >= -4732317 @ 93.7638
c bounds - >= -4732301 @ 94.1858
c bounds - >= -4732285 @ 94.6061
c bounds - >= -4732269 @ 95.029
c bounds - >= -4732253 @ 95.4437
c bounds - >= -4732237 @ 95.8583
c bounds - >= -4732221 @ 96.2789
c bounds - >= -4732205 @ 96.7003
c bounds - >= -4732189 @ 97.1257
c bounds - >= -4732173 @ 97.5409
c bounds - >= -4732157 @ 97.9666
c bounds - >= -4732141 @ 98.3925
c bounds - >= -4732125 @ 98.8107
c bounds - >= -4732109 @ 99.2228
c bounds - >= -4732093 @ 99.6465
c bounds - >= -4732077 @ 100.063
c bounds - >= -4732061 @ 100.482
c bounds - >= -4732045 @ 100.902
c bounds - >= -4732029 @ 101.313
c bounds - >= -4732013 @ 101.735
c bounds - >= -4731997 @ 102.158
c bounds - >= -4731981 @ 102.576
c bounds - >= -4731965 @ 102.998
c bounds - >= -4731949 @ 103.415
c bounds - >= -4731933 @ 103.839
c bounds - >= -4731917 @ 104.256
c bounds - >= -4731901 @ 104.672
c bounds - >= -4731885 @ 105.088
c bounds - >= -4731869 @ 105.505
c bounds - >= -4731853 @ 105.926
c bounds - >= -4731837 @ 106.345
c bounds - >= -4731821 @ 106.762
c bounds - >= -4731805 @ 107.183
c bounds - >= -4731789 @ 107.593
c bounds - >= -4731773 @ 108.01
c bounds - >= -4731757 @ 108.432
c bounds - >= -4731741 @ 108.854
c bounds - >= -4731725 @ 109.274
c bounds - >= -4731709 @ 109.693
c bounds - >= -4731693 @ 110.129
c bounds - >= -4731677 @ 110.549
c bounds - >= -4731661 @ 110.972
c bounds - >= -4731645 @ 111.39
c bounds - >= -4731629 @ 111.811
c bounds - >= -4731613 @ 112.234
c bounds - >= -4731597 @ 112.661
c bounds - >= -4731581 @ 113.085
c bounds - >= -4731565 @ 113.509
c bounds - >= -4731549 @ 113.933
c bounds - >= -4731533 @ 114.359
c bounds - >= -4731517 @ 114.784
c bounds - >= -4731501 @ 115.21
c bounds - >= -4731485 @ 115.631
c bounds - >= -4731469 @ 116.049
c bounds - >= -4731453 @ 116.471
c bounds - >= -4731437 @ 116.893
c bounds - >= -4731421 @ 117.32
c bounds - >= -4731405 @ 117.746
c bounds - >= -4731389 @ 118.17
c bounds - >= -4731373 @ 118.594
c bounds - >= -4731357 @ 119.015
c bounds - >= -4731341 @ 119.438
c bounds - >= -4731325 @ 119.867
c bounds - >= -4731309 @ 120.281
c bounds - >= -4731293 @ 120.7
c bounds - >= -4731277 @ 121.12
c bounds - >= -4731261 @ 121.542
c bounds - >= -4731245 @ 121.966
c bounds - >= -4731229 @ 122.39
c bounds - >= -4731213 @ 122.81
c bounds - >= -4731197 @ 123.232
c bounds - >= -4731181 @ 123.662
c bounds - >= -4731165 @ 124.086
c bounds - >= -4731149 @ 124.507
c bounds - >= -4731133 @ 124.934
c bounds - >= -4731117 @ 125.359
c bounds - >= -4731101 @ 125.79
c bounds - >= -4731085 @ 126.213
c bounds - >= -4731069 @ 126.64
c bounds - >= -4731049 @ 127.053
c bounds - >= -4731029 @ 127.47
c bounds - >= -4731009 @ 127.874
c bounds - >= -4730989 @ 128.28
c bounds - >= -4730969 @ 128.692
c bounds - >= -4730949 @ 129.102
c bounds - >= -4730929 @ 129.503
c bounds - >= -4730909 @ 129.91
c bounds - >= -4730889 @ 130.336
c bounds - >= -4730869 @ 130.757
c bounds - >= -4730849 @ 131.17
c bounds - >= -4730829 @ 131.571
c bounds - >= -4730809 @ 131.968
c bounds - >= -4730789 @ 132.363
c bounds - >= -4730769 @ 132.766
c bounds - >= -4730749 @ 133.167
c bounds - >= -4730733 @ 133.568
c bounds - >= -4730717 @ 133.968
c bounds - >= -4730701 @ 134.368
c bounds - >= -4730685 @ 134.765
c bounds - >= -4730669 @ 135.167
c bounds - >= -4730653 @ 135.583
c bounds - >= -4730637 @ 135.996
c bounds - >= -4730621 @ 136.405
c bounds - >= -4730605 @ 136.812
c bounds - >= -4730589 @ 137.223
c bounds - >= -4730573 @ 137.634
c bounds - >= -4730557 @ 138.038
c bounds - >= -4730541 @ 138.441
c bounds - >= -4730525 @ 138.843
c bounds - >= -4730509 @ 139.247
c bounds - >= -4730493 @ 139.654
c bounds - >= -4730477 @ 140.055
c bounds - >= -4730461 @ 140.46
c bounds - >= -4730445 @ 140.868
c bounds - >= -4730429 @ 141.273
c bounds - >= -4730413 @ 141.674
c bounds - >= -4730397 @ 142.085
c bounds - >= -4730381 @ 142.496
c bounds - >= -4730365 @ 142.901
c bounds - >= -4730349 @ 143.308
c bounds - >= -4730333 @ 143.713
c bounds - >= -4730317 @ 144.123
c bounds - >= -4730301 @ 144.53
c bounds - >= -4730285 @ 144.934
c bounds - >= -4730269 @ 145.335
c bounds - >= -4730253 @ 145.732
c bounds - >= -4730237 @ 146.134
c bounds - >= -4730221 @ 146.538
c bounds - >= -4730205 @ 146.95
c bounds - >= -4730189 @ 147.355
c bounds - >= -4730173 @ 147.755
c bounds - >= -4730157 @ 148.16
c bounds - >= -4730141 @ 148.56
c bounds - >= -4730125 @ 148.966
c bounds - >= -4730109 @ 149.375
c bounds - >= -4730093 @ 149.784
c bounds - >= -4730077 @ 150.189
c bounds - >= -4730061 @ 150.589
c bounds - >= -4730045 @ 150.999
c bounds - >= -4730029 @ 151.407
c bounds - >= -4730013 @ 151.819
c bounds - >= -4729997 @ 152.222
c bounds - >= -4729981 @ 152.63
c bounds - >= -4729961 @ 153.033
c bounds - >= -4729941 @ 153.436
c bounds - >= -4729921 @ 153.845
c bounds - >= -4729901 @ 154.253
c bounds - >= -4729881 @ 154.639
c bounds - >= -4729861 @ 155.041
c bounds - >= -4729841 @ 155.458
c bounds - >= -4729821 @ 155.856
c bounds - >= -4729801 @ 156.259
c bounds - >= -4729781 @ 156.663
c bounds - >= -4729761 @ 157.06
c bounds - >= -4729741 @ 157.463
c bounds - >= -4729721 @ 157.867
c bounds - >= -4729701 @ 158.274
c bounds - >= -4729681 @ 158.674
c bounds - >= -4729661 @ 159.071
c bounds - >= -4729645 @ 159.467
c bounds - >= -4729629 @ 159.858
c bounds - >= -4729613 @ 160.25
c bounds - >= -4729597 @ 160.642
c bounds - >= -4729581 @ 161.034
c bounds - >= -4729565 @ 161.436
c bounds - >= -4729549 @ 161.829
c bounds - >= -4729533 @ 162.225
c bounds - >= -4729517 @ 162.62
c bounds - >= -4729501 @ 163.019
c bounds - >= -4729485 @ 163.415
c bounds - >= -4729469 @ 163.81
c bounds - >= -4729453 @ 164.205
c bounds - >= -4729437 @ 164.596
c bounds - >= -4729421 @ 164.987
c bounds - >= -4729405 @ 165.38
c bounds - >= -4729389 @ 165.778
c bounds - >= -4729373 @ 166.179
c bounds - >= -4729357 @ 166.577
c bounds - >= -4729341 @ 166.977
c bounds - >= -4729325 @ 167.374
c bounds - >= -4729309 @ 167.773
c bounds - >= -4729293 @ 168.174
c bounds - >= -4729277 @ 168.569
c bounds - >= -4729261 @ 168.967
c bounds - >= -4729245 @ 169.366
c bounds - >= -4729229 @ 169.763
c bounds - >= -4729213 @ 170.164
c bounds - >= -4729197 @ 170.562
c bounds - >= -4729181 @ 170.96
c bounds - >= -4729165 @ 171.355
c bounds - >= -4729149 @ 171.753
c bounds - >= -4729133 @ 172.153
c bounds - >= -4729117 @ 172.553
c bounds - >= -4729101 @ 172.95
c bounds - >= -4729085 @ 173.349
c bounds - >= -4729069 @ 173.751
c bounds - >= -4729053 @ 174.154
c bounds - >= -4729037 @ 174.564
c bounds - >= -4729021 @ 174.962
c bounds - >= -4729005 @ 175.36
c bounds - >= -4728989 @ 175.762
c bounds - >= -4728973 @ 176.169
c bounds - >= -4728957 @ 176.571
c bounds - >= -4728937 @ 176.997
c bounds - >= -4728917 @ 177.419
c bounds - >= -4728897 @ 177.827
c bounds - >= -4728877 @ 178.242
c bounds - >= -4728857 @ 178.655
c bounds - >= -4728837 @ 179.071
c bounds - >= -4728817 @ 179.49
c bounds - >= -4728797 @ 179.904
c bounds - >= -4728777 @ 180.323
c bounds - >= -4728757 @ 180.742
c bounds - >= -4728737 @ 181.147
c bounds - >= -4728717 @ 181.55
c bounds - >= -4728697 @ 181.948
c bounds - >= -4728677 @ 182.348
c bounds - >= -4728657 @ 182.754
c bounds - >= -4728637 @ 183.155
c bounds - >= -4728617 @ 183.551
c bounds - >= -4728597 @ 183.944
c bounds - >= -4728581 @ 184.338
c bounds - >= -4728565 @ 184.731
c bounds - >= -4728545 @ 185.152
c bounds - >= -4728525 @ 185.572
c bounds - >= -4728505 @ 185.973
c bounds - >= -4728485 @ 186.368
c bounds - >= -4728465 @ 186.764
c bounds - >= -4728445 @ 187.163
c bounds - >= -4728425 @ 187.576
c bounds - >= -4728405 @ 187.99
c bounds - >= -4728385 @ 188.399
c bounds - >= -4728365 @ 188.807
c bounds - >= -4728345 @ 189.222
c bounds - >= -4728325 @ 189.638
c bounds - >= -4728305 @ 190.045
c bounds - >= -4728285 @ 190.459
c bounds - >= -4728265 @ 190.873
c bounds - >= -4728245 @ 191.299
c bounds - >= -4728229 @ 191.733
c bounds - >= -4728213 @ 192.162
c bounds - >= -4728197 @ 192.592
c bounds - >= -4728181 @ 193.02
c bounds - >= -4728165 @ 193.449
c bounds - >= -4728149 @ 193.877
c bounds - >= -4728133 @ 194.307
c bounds - >= -4728117 @ 194.731
c bounds - >= -4728101 @ 195.159
c bounds - >= -4728085 @ 195.579
c bounds - >= -4728069 @ 196.007
c bounds - >= -4728053 @ 196.436
c bounds - >= -4728037 @ 196.86
c bounds - >= -4728021 @ 197.286
c bounds - >= -4728005 @ 197.716
c bounds - >= -4727989 @ 198.142
c bounds - >= -4727973 @ 198.568
c bounds - >= -4727957 @ 198.996
c bounds - >= -4727941 @ 199.425
c bounds - >= -4727925 @ 199.856
c bounds - >= -4727909 @ 200.284
c bounds - >= -4727893 @ 200.709
c bounds - >= -4727877 @ 201.131
c bounds - >= -4727861 @ 201.56
c bounds - >= -4727845 @ 201.986
c bounds - >= -4727829 @ 202.411
c bounds - >= -4727813 @ 202.842
c bounds - >= -4727797 @ 203.27
c bounds - >= -4727781 @ 203.7
c bounds - >= -4727765 @ 204.132
c bounds - >= -4727749 @ 204.561
c bounds - >= -4727733 @ 204.982
c bounds - >= -4727717 @ 205.409
c bounds - >= -4727701 @ 205.839
c bounds - >= -4727685 @ 206.271
c bounds - >= -4727669 @ 206.702
c bounds - >= -4727653 @ 207.126
c bounds - >= -4727637 @ 207.554
c bounds - >= -4727621 @ 207.985
c bounds - >= -4727605 @ 208.413
c bounds - >= -4727589 @ 208.84
c bounds - >= -4727573 @ 209.272
c bounds - >= -4727557 @ 209.696
c bounds - >= -4727541 @ 210.121
c bounds - >= -4727525 @ 210.547
c bounds - >= -4727509 @ 210.972
c bounds - >= -4727493 @ 211.395
c bounds - >= -4727477 @ 211.81
c bounds - >= -4727461 @ 212.227
c bounds - >= -4727445 @ 212.644
c bounds - >= -4727429 @ 213.06
c bounds - >= -4727413 @ 213.48
c bounds - >= -4727397 @ 213.894
c bounds - >= -4727381 @ 214.316
c bounds - >= -4727365 @ 214.739
c bounds - >= -4727349 @ 215.158
c bounds - >= -4727333 @ 215.58
c bounds - >= -4727317 @ 215.995
c bounds - >= -4727301 @ 216.422
c bounds - >= -4727285 @ 216.85
c bounds - >= -4727269 @ 217.277
c bounds - >= -4727253 @ 217.706
c bounds - >= -4727237 @ 218.133
c bounds - >= -4727221 @ 218.562
c bounds - >= -4727205 @ 218.987
c bounds - >= -4727189 @ 219.416
c bounds - >= -4727173 @ 219.842
c bounds - >= -4727157 @ 220.268
c bounds - >= -4727141 @ 220.701
c bounds - >= -4727125 @ 221.128
c bounds - >= -4727109 @ 221.562
c bounds - >= -4727093 @ 221.996
c bounds - >= -4727077 @ 222.422
c bounds - >= -4727061 @ 222.846
c bounds - >= -4727045 @ 223.276
c bounds - >= -4727029 @ 223.705
c bounds - >= -4727013 @ 224.136
c bounds - >= -4726997 @ 224.562
c bounds - >= -4726981 @ 224.988
c bounds - >= -4726965 @ 225.418
c bounds - >= -4726949 @ 225.847
c bounds - >= -4726933 @ 226.275
c bounds - >= -4726917 @ 226.706
c bounds - >= -4726901 @ 227.136
c bounds - >= -4726885 @ 227.566
c bounds - >= -4726869 @ 227.998
c bounds - >= -4726853 @ 228.43
c bounds - >= -4726837 @ 228.861
c bounds - >= -4726821 @ 229.289
c bounds - >= -4726805 @ 229.72
c bounds - >= -4726789 @ 230.148
c bounds - >= -4726773 @ 230.578
c bounds - >= -4726757 @ 231.003
c bounds - >= -4726741 @ 231.433
c bounds - >= -4726725 @ 231.86
c bounds - >= -4726709 @ 232.289
c bounds - >= -4726693 @ 232.718
c bounds - >= -4726677 @ 233.149
c bounds - >= -4726661 @ 233.573
c bounds - >= -4726645 @ 233.999
c bounds - >= -4726629 @ 234.431
c bounds - >= -4726613 @ 234.86
c bounds - >= -4726597 @ 235.288
c bounds - >= -4726581 @ 235.718
c bounds - >= -4726565 @ 236.145
c bounds - >= -4726549 @ 236.569
c bounds - >= -4726533 @ 236.994
c bounds - >= -4726517 @ 237.421
c bounds - >= -4726501 @ 237.853
c bounds - >= -4726485 @ 238.285
c bounds - >= -4726469 @ 238.718
c bounds - >= -4726453 @ 239.141
c bounds - >= -4726437 @ 239.566
c bounds - >= -4726421 @ 239.994
c bounds - >= -4726405 @ 240.419
c bounds - >= -4726389 @ 240.84
c bounds - >= -4726373 @ 241.271
c bounds - >= -4726357 @ 241.705
c bounds - >= -4726341 @ 242.139
c bounds - >= -4726325 @ 242.564
c bounds - >= -4726309 @ 242.994
c bounds - >= -4726293 @ 243.433
c bounds - >= -4726277 @ 243.861
c bounds - >= -4726261 @ 244.287
c bounds - >= -4726245 @ 244.716
c bounds - >= -4726229 @ 245.147
c bounds - >= -4726213 @ 245.575
c bounds - >= -4726197 @ 246.006
c bounds - >= -4726181 @ 246.441
c bounds - >= -4726165 @ 246.871
c bounds - >= -4726149 @ 247.297
c bounds - >= -4726133 @ 247.724
c bounds - >= -4726117 @ 248.155
c bounds - >= -4726101 @ 248.584
c bounds - >= -4726085 @ 249.011
c bounds - >= -4726069 @ 249.44
c bounds - >= -4726053 @ 249.871
c bounds - >= -4726037 @ 250.3
c bounds - >= -4726021 @ 250.726
c bounds - >= -4726005 @ 251.159
c bounds - >= -4725989 @ 251.584
c bounds - >= -4725973 @ 252.014
c bounds - >= -4725957 @ 252.44
c bounds - >= -4725941 @ 252.866
c bounds - >= -4725925 @ 253.289
c bounds - >= -4725909 @ 253.722
c bounds - >= -4725893 @ 254.152
c bounds - >= -4725877 @ 254.582
c bounds - >= -4725861 @ 254.997
c bounds - >= -4725845 @ 255.416
c bounds - >= -4725829 @ 255.835
c bounds - >= -4725813 @ 256.246
c bounds - >= -4725797 @ 256.657
c bounds - >= -4725781 @ 257.079
c bounds - >= -4725765 @ 257.495
c bounds - >= -4725749 @ 257.914
c bounds - >= -4725733 @ 258.332
c bounds - >= -4725717 @ 258.755
c bounds - >= -4725701 @ 259.179
c bounds - >= -4725685 @ 259.605
c bounds - >= -4725669 @ 260.027
c bounds - >= -4725653 @ 260.449
c bounds - >= -4725637 @ 260.866
c bounds - >= -4725621 @ 261.288
c bounds - >= -4725605 @ 261.714
c bounds - >= -4725589 @ 262.147
c bounds - >= -4725573 @ 262.571
c bounds - >= -4725557 @ 262.994
c bounds - >= -4725541 @ 263.418
c bounds - >= -4725525 @ 263.843
c bounds - >= -4725509 @ 264.265
c bounds - >= -4725493 @ 264.688
c bounds - >= -4725477 @ 265.114
c bounds - >= -4725461 @ 265.538
c bounds - >= -4725445 @ 265.961
c bounds - >= -4725429 @ 266.384
c bounds - >= -4725413 @ 266.806
c bounds - >= -4725397 @ 267.227
c bounds - >= -4725381 @ 267.644
c bounds - >= -4725365 @ 268.063
c bounds - >= -4725349 @ 268.483
c bounds - >= -4725333 @ 268.898
c bounds - >= -4725317 @ 269.327
c bounds - >= -4725301 @ 269.751
c bounds - >= -4725285 @ 270.172
c bounds - >= -4725269 @ 270.6
c bounds - >= -4725253 @ 271.027
c bounds - >= -4725237 @ 271.459
c bounds - >= -4725221 @ 271.883
c bounds - >= -4725205 @ 272.31
c bounds - >= -4725189 @ 272.732
c bounds - >= -4725173 @ 273.16
c bounds - >= -4725157 @ 273.596
c bounds - >= -4725141 @ 274.027
c bounds - >= -4725125 @ 274.453
c bounds - >= -4725109 @ 274.88
c bounds - >= -4725093 @ 275.309
c bounds - >= -4725077 @ 275.734
c bounds - >= -4725061 @ 276.163
c bounds - >= -4725045 @ 276.59
c bounds - >= -4725029 @ 277.017
c bounds - >= -4725013 @ 277.44
c bounds - >= -4724997 @ 277.867
c bounds - >= -4724981 @ 278.29
c bounds - >= -4724965 @ 278.711
c bounds - >= -4724949 @ 279.138
c bounds - >= -4724933 @ 279.566
c bounds - >= -4724917 @ 279.986
c bounds - >= -4724901 @ 280.41
c bounds - >= -4724885 @ 280.831
c bounds - >= -4724869 @ 281.247
c bounds - >= -4724853 @ 281.67
c bounds - >= -4724837 @ 282.092
c bounds - >= -4724821 @ 282.517
c bounds - >= -4724805 @ 282.937
c bounds - >= -4724789 @ 283.363
c bounds - >= -4724773 @ 283.789
c bounds - >= -4724757 @ 284.214
c bounds - >= -4724741 @ 284.639
c bounds - >= -4724725 @ 285.062
c bounds - >= -4724709 @ 285.484
c bounds - >= -4724693 @ 285.907
c bounds - >= -4724677 @ 286.331
c bounds - >= -4724661 @ 286.752
c bounds - >= -4724645 @ 287.174
c bounds - >= -4724629 @ 287.591
c bounds - >= -4724613 @ 288.011
c bounds - >= -4724597 @ 288.433
c bounds - >= -4724581 @ 288.862
c bounds - >= -4724565 @ 289.288
c bounds - >= -4724549 @ 289.714
c bounds - >= -4724533 @ 290.141
c bounds - >= -4724517 @ 290.568
c bounds - >= -4724501 @ 290.998
c bounds - >= -4724485 @ 291.422
c bounds - >= -4724469 @ 291.848
c bounds - >= -4724453 @ 292.275
c bounds - >= -4724437 @ 292.707
c bounds - >= -4724421 @ 293.129
c bounds - >= -4724405 @ 293.55
c bounds - >= -4724389 @ 293.977
c bounds - >= -4724373 @ 294.405
c bounds - >= -4724357 @ 294.832
c bounds - >= -4724341 @ 295.254
c bounds - >= -4724325 @ 295.683
c bounds - >= -4724309 @ 296.107
c bounds - >= -4724293 @ 296.526
c bounds - >= -4724277 @ 296.953
c bounds - >= -4724261 @ 297.377
c bounds - >= -4724245 @ 297.806
c bounds - >= -4724229 @ 298.244
c bounds - >= -4724213 @ 298.68
c bounds - >= -4724197 @ 299.106
c bounds - >= -4724181 @ 299.53
c bounds - >= -4724165 @ 299.954
c bounds - >= -4724149 @ 300.383
c bounds - >= -4724133 @ 300.812
c bounds - >= -4724117 @ 301.242
c bounds - >= -4724101 @ 301.667
c bounds - >= -4724085 @ 302.093
c bounds - >= -4724069 @ 302.517
c bounds - >= -4724053 @ 302.942
c bounds - >= -4724037 @ 303.371
c bounds - >= -4724021 @ 303.797
c bounds - >= -4724005 @ 304.227
c bounds - >= -4723989 @ 304.655
c bounds - >= -4723973 @ 305.087
c bounds - >= -4723957 @ 305.511
c bounds - >= -4723941 @ 305.935
c bounds - >= -4723925 @ 306.358
c bounds - >= -4723909 @ 306.784
c bounds - >= -4723893 @ 307.212
c bounds - >= -4723877 @ 307.646
c bounds - >= -4723861 @ 308.069
c bounds - >= -4723845 @ 308.5
c bounds - >= -4723829 @ 308.921
c bounds - >= -4723813 @ 309.346
c bounds - >= -4723797 @ 309.773
c bounds - >= -4723781 @ 310.199
c bounds - >= -4723765 @ 310.628
c bounds - >= -4723749 @ 311.062
c bounds - >= -4723733 @ 311.49
c bounds - >= -4723717 @ 311.919
c bounds - >= -4723701 @ 312.347
c bounds - >= -4723685 @ 312.775
c bounds - >= -4723669 @ 313.201
c bounds - >= -4723653 @ 313.622
c bounds - >= -4723637 @ 314.045
c bounds - >= -4723621 @ 314.466
c bounds - >= -4723605 @ 314.892
c bounds - >= -4723589 @ 315.316
c bounds - >= -4723573 @ 315.741
c bounds - >= -4723557 @ 316.164
c bounds - >= -4723541 @ 316.593
c bounds - >= -4723525 @ 317.017
c bounds - >= -4723509 @ 317.444
c bounds - >= -4723493 @ 317.871
c bounds - >= -4723477 @ 318.292
c bounds - >= -4723461 @ 318.719
c bounds - >= -4723445 @ 319.146
c bounds - >= -4723429 @ 319.579
c bounds - >= -4723413 @ 320.006
c bounds - >= -4723397 @ 320.433
c bounds - >= -4723381 @ 320.862
c bounds - >= -4723365 @ 321.285
c bounds - >= -4723349 @ 321.714
c bounds - >= -4723333 @ 322.136
c bounds - >= -4723317 @ 322.565
c bounds - >= -4723301 @ 322.988
c bounds - >= -4723285 @ 323.411
c bounds - >= -4723269 @ 323.827
c bounds - >= -4723253 @ 324.242
c bounds - >= -4723237 @ 324.661
c bounds - >= -4723221 @ 325.078
c bounds - >= -4723205 @ 325.498
c bounds - >= -4723189 @ 325.923
c bounds - >= -4723173 @ 326.348
c bounds - >= -4723157 @ 326.772
c bounds - >= -4723141 @ 327.2
c bounds - >= -4723125 @ 327.624
c bounds - >= -4723109 @ 328.049
c bounds - >= -4723093 @ 328.475
c bounds - >= -4723077 @ 328.901
c bounds - >= -4723061 @ 329.327
c bounds - >= -4723045 @ 329.755
c bounds - >= -4723029 @ 330.187
c bounds - >= -4723013 @ 330.612
c bounds - >= -4722997 @ 331.036
c bounds - >= -4722981 @ 331.454
c bounds - >= -4722965 @ 331.867
c bounds - >= -4722949 @ 332.284
c bounds - >= -4722933 @ 332.7
c bounds - >= -4722917 @ 333.116
c bounds - >= -4722901 @ 333.523
c bounds - >= -4722885 @ 333.942
c bounds - >= -4722869 @ 334.358
c bounds - >= -4722853 @ 334.777
c bounds - >= -4722837 @ 335.194
c bounds - >= -4722821 @ 335.614
c bounds - >= -4722805 @ 336.036
c bounds - >= -4722789 @ 336.457
c bounds - >= -4722773 @ 336.876
c bounds - >= -4722757 @ 337.287
c bounds - >= -4722741 @ 337.698
c bounds - >= -4722725 @ 338.12
c bounds - >= -4722709 @ 338.544
c bounds - >= -4722693 @ 338.964
c bounds - >= -4722677 @ 339.383
c bounds - >= -4722661 @ 339.8
c bounds - >= -4722645 @ 340.225
c bounds - >= -4722629 @ 340.647
c bounds - >= -4722613 @ 341.069
c bounds - >= -4722597 @ 341.489
c bounds - >= -4722581 @ 341.909
c bounds - >= -4722565 @ 342.331
c bounds - >= -4722549 @ 342.759
c bounds - >= -4722533 @ 343.184
c bounds - >= -4722517 @ 343.609
c bounds - >= -4722501 @ 344.031
c bounds - >= -4722485 @ 344.457
c bounds - >= -4722469 @ 344.882
c bounds - >= -4722453 @ 345.304
c bounds - >= -4722437 @ 345.733
c bounds - >= -4722421 @ 346.16
c bounds - >= -4722405 @ 346.583
c bounds - >= -4722389 @ 347.007
c bounds - >= -4722373 @ 347.425
c bounds - >= -4722357 @ 347.843
c bounds - >= -4722341 @ 348.264
c bounds - >= -4722325 @ 348.684
c bounds - >= -4722309 @ 349.11
c bounds - >= -4722293 @ 349.538
c bounds - >= -4722277 @ 349.961
c bounds - >= -4722261 @ 350.382
c bounds - >= -4722245 @ 350.809
c bounds - >= -4722229 @ 351.235
c bounds - >= -4722213 @ 351.662
c bounds - >= -4722197 @ 352.09
c bounds - >= -4722181 @ 352.512
c bounds - >= -4722165 @ 352.931
c bounds - >= -4722149 @ 353.353
c bounds - >= -4722133 @ 353.779
c bounds - >= -4722117 @ 354.204
c bounds - >= -4722101 @ 354.626
c bounds - >= -4722085 @ 355.057
c bounds - >= -4722069 @ 355.489
c bounds - >= -4722053 @ 355.918
c bounds - >= -4722037 @ 356.35
c bounds - >= -4722021 @ 356.777
c bounds - >= -4722005 @ 357.197
c bounds - >= -4721989 @ 357.625
c bounds - >= -4721973 @ 358.052
c bounds - >= -4721957 @ 358.481
c bounds - >= -4721941 @ 358.907
c bounds - >= -4721925 @ 359.339
c bounds - >= -4721909 @ 359.762
c bounds - >= -4721893 @ 360.185
c bounds - >= -4721877 @ 360.604
c bounds - >= -4721861 @ 361.026
c bounds - >= -4721845 @ 361.446
c bounds - >= -4721829 @ 361.868
c bounds - >= -4721813 @ 362.29
c bounds - >= -4721797 @ 362.714
c bounds - >= -4721781 @ 363.133
c bounds - >= -4721765 @ 363.553
c bounds - >= -4721749 @ 363.97
c bounds - >= -4721733 @ 364.391
c bounds - >= -4721717 @ 364.813
c bounds - >= -4721701 @ 365.234
c bounds - >= -4721685 @ 365.651
c bounds - >= -4721669 @ 366.073
c bounds - >= -4721653 @ 366.498
c bounds - >= -4721637 @ 366.923
c bounds - >= -4721621 @ 367.349
c bounds - >= -4721605 @ 367.773
c bounds - >= -4721589 @ 368.189
c bounds - >= -4721573 @ 368.616
c bounds - >= -4721557 @ 369.043
c bounds - >= -4721541 @ 369.465
c bounds - >= -4721525 @ 369.881
c bounds - >= -4721509 @ 370.299
c bounds - >= -4721493 @ 370.718
c bounds - >= -4721477 @ 371.14
c bounds - >= -4721461 @ 371.565
c bounds - >= -4721445 @ 371.987
c bounds - >= -4721429 @ 372.408
c bounds - >= -4721413 @ 372.834
c bounds - >= -4721397 @ 373.258
c bounds - >= -4721381 @ 373.686
c bounds - >= -4721365 @ 374.116
c bounds - >= -4721349 @ 374.543
c bounds - >= -4721333 @ 374.97
c bounds - >= -4721317 @ 375.399
c bounds - >= -4721301 @ 375.827
c bounds - >= -4721285 @ 376.241
c bounds - >= -4721269 @ 376.66
c bounds - >= -4721253 @ 377.096
c bounds - >= -4721237 @ 377.527
c bounds - >= -4721221 @ 377.955
c bounds - >= -4721205 @ 378.385
c bounds - >= -4721189 @ 378.809
c bounds - >= -4721173 @ 379.242
c bounds - >= -4721157 @ 379.666
c bounds - >= -4721141 @ 380.094
c bounds - >= -4721125 @ 380.515
c bounds - >= -4721109 @ 380.928
c bounds - >= -4721093 @ 381.34
c bounds - >= -4721077 @ 381.76
c bounds - >= -4721061 @ 382.181
c bounds - >= -4721045 @ 382.607
c bounds - >= -4721029 @ 383.033
c bounds - >= -4721013 @ 383.456
c bounds - >= -4720997 @ 383.879
c bounds - >= -4720981 @ 384.301
c bounds - >= -4720965 @ 384.723
c bounds - >= -4720949 @ 385.143
c bounds - >= -4720933 @ 385.57
c bounds - >= -4720917 @ 385.995
c bounds - >= -4720901 @ 386.422
c bounds - >= -4720885 @ 386.843
c bounds - >= -4720869 @ 387.258
c bounds - >= -4720853 @ 387.681
c bounds - >= -4720837 @ 388.107
c bounds - >= -4720821 @ 388.533
c bounds - >= -4720805 @ 388.96
c bounds - >= -4720789 @ 389.381
c bounds - >= -4720773 @ 389.805
c bounds - >= -4720757 @ 390.233
c bounds - >= -4720741 @ 390.653
c bounds - >= -4720725 @ 391.072
c bounds - >= -4720709 @ 391.488
c bounds - >= -4720693 @ 391.904
c bounds - >= -4720677 @ 392.322
c bounds - >= -4720661 @ 392.742
c bounds - >= -4720645 @ 393.161
c bounds - >= -4720629 @ 393.587
c bounds - >= -4720613 @ 394.013
c bounds - >= -4720597 @ 394.437
c bounds - >= -4720581 @ 394.866
c bounds - >= -4720565 @ 395.298
c bounds - >= -4720549 @ 395.722
c bounds - >= -4720533 @ 396.153
c bounds - >= -4720517 @ 396.585
c bounds - >= -4720501 @ 397.018
c bounds - >= -4720485 @ 397.443
c bounds - >= -4720469 @ 397.873
c bounds - >= -4720453 @ 398.304
c bounds - >= -4720437 @ 398.735
c bounds - >= -4720421 @ 399.16
c bounds - >= -4720405 @ 399.588
c bounds - >= -4720389 @ 400.016
c bounds - >= -4720373 @ 400.434
c bounds - >= -4720357 @ 400.861
c bounds - >= -4720341 @ 401.288
c bounds - >= -4720325 @ 401.721
c bounds - >= -4720309 @ 402.15
c bounds - >= -4720293 @ 402.577
c bounds - >= -4720277 @ 403.002
c bounds - >= -4720261 @ 403.433
c bounds - >= -4720245 @ 403.865
c bounds - >= -4720229 @ 404.297
c bounds - >= -4720213 @ 404.729
c bounds - >= -4720197 @ 405.158
c bounds - >= -4720181 @ 405.586
c bounds - >= -4720165 @ 406.017
c bounds - >= -4720149 @ 406.457
c bounds - >= -4720133 @ 406.896
c bounds - >= -4720117 @ 407.339
c bounds - >= -4720101 @ 407.774
c bounds - >= -4720085 @ 408.209
c bounds - >= -4720069 @ 408.644
c bounds - >= -4720053 @ 409.084
c bounds - >= -4720037 @ 409.521
c bounds - >= -4720021 @ 409.958
c bounds - >= -4720005 @ 410.384
c bounds - >= -4719989 @ 410.816
c bounds - >= -4719973 @ 411.253
c bounds - >= -4719957 @ 411.677
c bounds - >= -4719941 @ 412.111
c bounds - >= -4719925 @ 412.544
c bounds - >= -4719909 @ 412.973
c bounds - >= -4719893 @ 413.403
c bounds - >= -4719877 @ 413.831
c bounds - >= -4719861 @ 414.257
c bounds - >= -4719845 @ 414.685
c bounds - >= -4719829 @ 415.111
c bounds - >= -4719813 @ 415.537
c bounds - >= -4719797 @ 415.966
c bounds - >= -4719781 @ 416.395
c bounds - >= -4719765 @ 416.821
c bounds - >= -4719749 @ 417.252
c bounds - >= -4719733 @ 417.674
c bounds - >= -4719717 @ 418.092
c bounds - >= -4719701 @ 418.508
c bounds - >= -4719685 @ 418.929
c bounds - >= -4719669 @ 419.354
c bounds - >= -4719653 @ 419.783
c bounds - >= -4719637 @ 420.204
c bounds - >= -4719621 @ 420.627
c bounds - >= -4719605 @ 421.047
c bounds - >= -4719589 @ 421.46
c bounds - >= -4719573 @ 421.877
c bounds - >= -4719557 @ 422.301
c bounds - >= -4719541 @ 422.723
c bounds - >= -4719521 @ 423.118
c bounds - >= -4719501 @ 423.521
c bounds - >= -4719481 @ 423.913
c bounds - >= -4719461 @ 424.307
c bounds - >= -4719441 @ 424.703
c bounds - >= -4719421 @ 425.103
c bounds - >= -4719405 @ 425.494
c bounds - >= -4719389 @ 425.884
c bounds - >= -4719373 @ 426.275
c bounds - >= -4719357 @ 426.673
c bounds - >= -4719341 @ 427.072
c bounds - >= -4719325 @ 427.469
c bounds - >= -4719309 @ 427.865
c bounds - >= -4719293 @ 428.258
c bounds - >= -4719277 @ 428.651
c bounds - >= -4719261 @ 429.048
c bounds - >= -4719245 @ 429.445
c bounds - >= -4719229 @ 429.845
c bounds - >= -terminate called after throwing an instance of 'rs::OutOfMemoryException'
