c RoundingSat 2
c branch 
c commit 
c #variables 4306260 #constraints 8788768
c bounds - >= -6995590 @ 36.1192
c #Conflicts:       1000 | #Constraints:    8789767
c #Conflicts:       2000 | #Constraints:    8790767
c INPROCESSING
c bounds - >= -6995574 @ 39.1948
c bounds - >= -6995558 @ 39.6888
c bounds - >= -6995542 @ 40.1409
c bounds - >= -6995526 @ 40.5898
c bounds - >= -6995510 @ 41.0458
c bounds - >= -6995494 @ 41.4852
c bounds - >= -6995478 @ 41.93
c bounds - >= -6995462 @ 42.3852
c bounds - >= -6995446 @ 42.8458
c bounds - >= -6995430 @ 43.3015
c bounds - >= -6995414 @ 43.7552
c bounds - >= -6995398 @ 44.211
c bounds - >= -6995382 @ 44.6652
c bounds - >= -6995366 @ 45.122
c bounds - >= -6995350 @ 45.58
c bounds - >= -6995334 @ 46.0329
c bounds - >= -6995318 @ 46.4849
c bounds - >= -6995302 @ 46.935
c bounds - >= -6995286 @ 47.3869
c bounds - >= -6995270 @ 47.8384
c bounds - >= -6995254 @ 48.2923
c bounds - >= -6995238 @ 48.7484
c bounds - >= -6995222 @ 49.2057
c bounds - >= -6995206 @ 49.6544
c bounds - >= -6995190 @ 50.1092
c bounds - >= -6995174 @ 50.5668
c bounds - >= -6995158 @ 51.0249
c bounds - >= -6995142 @ 51.482
c bounds - >= -6995126 @ 51.9419
c bounds - >= -6995110 @ 52.4042
c bounds - >= -6995094 @ 52.8591
c bounds - >= -6995078 @ 53.3155
c bounds - >= -6995062 @ 53.7768
c bounds - >= -6995046 @ 54.2398
c bounds - >= -6995030 @ 54.6977
c bounds - >= -6995014 @ 55.1485
c bounds - >= -6994998 @ 55.5962
c bounds - >= -6994982 @ 56.0489
c bounds - >= -6994966 @ 56.4992
c bounds - >= -6994950 @ 56.9473
c bounds - >= -6994934 @ 57.4032
c bounds - >= -6994918 @ 57.86
c bounds - >= -6994902 @ 58.3214
c bounds - >= -6994886 @ 58.7829
c bounds - >= -6994870 @ 59.2249
c bounds - >= -6994854 @ 59.6748
c bounds - >= -6994838 @ 60.1333
c bounds - >= -6994822 @ 60.5874
c bounds - >= -6994806 @ 61.0422
c bounds - >= -6994790 @ 61.4909
c bounds - >= -6994774 @ 61.9415
c bounds - >= -6994758 @ 62.4014
c bounds - >= -6994742 @ 62.8681
c bounds - >= -6994726 @ 63.3217
c bounds - >= -6994710 @ 63.7793
c bounds - >= -6994694 @ 64.2357
c bounds - >= -6994678 @ 64.6814
c bounds - >= -6994662 @ 65.1571
c bounds - >= -6994646 @ 65.6215
c bounds - >= -6994630 @ 66.0784
c bounds - >= -6994614 @ 66.5411
c bounds - >= -6994598 @ 66.9849
c bounds - >= -6994582 @ 67.4316
c bounds - >= -6994566 @ 67.8725
c bounds - >= -6994550 @ 68.3188
c bounds - >= -6994534 @ 68.7808
c bounds - >= -6994518 @ 69.2376
c bounds - >= -6994502 @ 69.7069
c bounds - >= -6994486 @ 70.1499
c bounds - >= -6994470 @ 70.5975
c bounds - >= -6994454 @ 71.0491
c bounds - >= -6994438 @ 71.4901
c bounds - >= -6994422 @ 71.9351
c bounds - >= -6994406 @ 72.3786
c bounds - >= -6994390 @ 72.8247
c bounds - >= -6994374 @ 73.2726
c bounds - >= -6994358 @ 73.7282
c bounds - >= -6994342 @ 74.1764
c bounds - >= -6994326 @ 74.6348
c bounds - >= -6994310 @ 75.102
c bounds - >= -6994294 @ 75.5682
c bounds - >= -6994278 @ 76.0333
c bounds - >= -6994262 @ 76.4988
c bounds - >= -6994246 @ 76.9546
c bounds - >= -6994230 @ 77.4153
c bounds - >= -6994214 @ 77.8682
c bounds - >= -6994198 @ 78.327
c bounds - >= -6994182 @ 78.7819
c bounds - >= -6994166 @ 79.2463
c bounds - >= -6994150 @ 79.7152
c bounds - >= -6994134 @ 80.1967
c bounds - >= -6994118 @ 80.654
c bounds - >= -6994102 @ 81.1203
c bounds - >= -6994086 @ 81.5955
c bounds - >= -6994070 @ 82.0716
c bounds - >= -6994054 @ 82.5296
c bounds - >= -6994038 @ 82.9818
c bounds - >= -6994022 @ 83.4348
c bounds - >= -6994006 @ 83.8971
c bounds - >= -6993990 @ 84.3517
c bounds - >= -6993974 @ 84.8013
c bounds - >= -6993958 @ 85.2552
c bounds - >= -6993942 @ 85.7127
c bounds - >= -6993926 @ 86.1732
c bounds - >= -6993910 @ 86.6319
c bounds - >= -6993894 @ 87.091
c bounds - >= -6993878 @ 87.5474
c bounds - >= -6993862 @ 88.005
c bounds - >= -6993846 @ 88.4688
c bounds - >= -6993830 @ 88.9352
c bounds - >= -6993814 @ 89.3888
c bounds - >= -6993798 @ 89.844
c bounds - >= -6993782 @ 90.3013
c bounds - >= -6993766 @ 90.7569
c bounds - >= -6993750 @ 91.2241
c bounds - >= -6993734 @ 91.6754
c bounds - >= -6993718 @ 92.1197
c bounds - >= -6993702 @ 92.5562
c bounds - >= -6993686 @ 92.9947
c bounds - >= -6993670 @ 93.4339
c bounds - >= -6993654 @ 93.8688
c bounds - >= -6993638 @ 94.3014
c bounds - >= -6993622 @ 94.733
c bounds - >= -6993606 @ 95.1764
c bounds - >= -6993590 @ 95.6095
c bounds - >= -6993574 @ 96.0384
c bounds - >= -6993558 @ 96.4719
c bounds - >= -6993542 @ 96.9003
c bounds - >= -6993526 @ 97.3268
c bounds - >= -6993510 @ 97.7583
c bounds - >= -6993494 @ 98.1951
c bounds - >= -6993478 @ 98.6276
c bounds - >= -6993462 @ 99.0602
c bounds - >= -6993446 @ 99.4932
c bounds - >= -6993430 @ 99.9312
c bounds - >= -6993414 @ 100.36
c bounds - >= -6993398 @ 100.79
c bounds - >= -6993382 @ 101.221
c bounds - >= -6993366 @ 101.656
c bounds - >= -6993350 @ 102.102
c bounds - >= -6993334 @ 102.543
c bounds - >= -6993318 @ 102.984
c bounds - >= -6993302 @ 103.419
c bounds - >= -6993286 @ 103.86
c bounds - >= -6993270 @ 104.292
c bounds - >= -6993254 @ 104.725
c bounds - >= -6993238 @ 105.162
c bounds - >= -6993222 @ 105.597
c bounds - >= -6993206 @ 106.037
c bounds - >= -6993190 @ 106.472
c bounds - >= -6993174 @ 106.924
c bounds - >= -6993158 @ 107.369
c bounds - >= -6993142 @ 107.81
c bounds - >= -6993126 @ 108.247
c bounds - >= -6993110 @ 108.694
c bounds - >= -6993094 @ 109.14
c bounds - >= -6993078 @ 109.586
c bounds - >= -6993062 @ 110.027
c bounds - >= -6993046 @ 110.465
c bounds - >= -6993030 @ 110.91
c bounds - >= -6993014 @ 111.352
c bounds - >= -6992998 @ 111.796
c bounds - >= -6992982 @ 112.24
c bounds - >= -6992966 @ 112.69
c bounds - >= -6992950 @ 113.131
c bounds - >= -6992934 @ 113.573
c bounds - >= -6992918 @ 114.011
c bounds - >= -6992902 @ 114.45
c bounds - >= -6992886 @ 114.895
c bounds - >= -6992870 @ 115.337
c bounds - >= -6992854 @ 115.785
c bounds - >= -6992838 @ 116.235
c bounds - >= -6992822 @ 116.682
c bounds - >= -6992806 @ 117.127
c bounds - >= -6992790 @ 117.57
c bounds - >= -6992774 @ 118.019
c bounds - >= -6992758 @ 118.47
c bounds - >= -6992742 @ 118.911
c bounds - >= -6992726 @ 119.354
c bounds - >= -6992710 @ 119.789
c bounds - >= -6992694 @ 120.227
c bounds - >= -6992678 @ 120.665
c bounds - >= -6992662 @ 121.109
c bounds - >= -6992646 @ 121.543
c bounds - >= -6992630 @ 121.985
c bounds - >= -6992614 @ 122.414
c bounds - >= -6992598 @ 122.842
c bounds - >= -6992582 @ 123.277
c bounds - >= -6992566 @ 123.718
c bounds - >= -6992550 @ 124.16
c bounds - >= -6992534 @ 124.6
c bounds - >= -6992518 @ 125.049
c bounds - >= -6992502 @ 125.492
c bounds - >= -6992486 @ 125.934
c bounds - >= -6992470 @ 126.375
c bounds - >= -6992454 @ 126.808
c bounds - >= -6992438 @ 127.246
c bounds - >= -6992422 @ 127.686
c bounds - >= -6992406 @ 128.137
c bounds - >= -6992390 @ 128.578
c bounds - >= -6992374 @ 129.019
c bounds - >= -6992358 @ 129.465
c bounds - >= -6992342 @ 129.906
c bounds - >= -6992326 @ 130.345
c bounds - >= -6992310 @ 130.785
c bounds - >= -6992294 @ 131.227
c bounds - >= -6992278 @ 131.677
c bounds - >= -6992262 @ 132.126
c bounds - >= -6992246 @ 132.581
c bounds - >= -6992230 @ 133.022
c bounds - >= -6992214 @ 133.477
c bounds - >= -6992198 @ 133.923
c bounds - >= -6992182 @ 134.383
c bounds - >= -6992166 @ 134.842
c bounds - >= -6992150 @ 135.305
c bounds - >= -6992134 @ 135.755
c bounds - >= -6992118 @ 136.207
c bounds - >= -6992102 @ 136.653
c bounds - >= -6992086 @ 137.107
c bounds - >= -6992070 @ 137.563
c bounds - >= -6992054 @ 138.003
c bounds - >= -6992038 @ 138.451
c bounds - >= -6992022 @ 138.906
c bounds - >= -6992006 @ 139.354
c bounds - >= -6991990 @ 139.796
c bounds - >= -6991974 @ 140.236
c bounds - >= -6991958 @ 140.678
c bounds - >= -6991942 @ 141.117
c bounds - >= -6991926 @ 141.569
c bounds - >= -6991910 @ 142.006
c bounds - >= -6991894 @ 142.448
c bounds - >= -6991878 @ 142.901
c bounds - >= -6991862 @ 143.339
c bounds - >= -6991846 @ 143.78
c bounds - >= -6991830 @ 144.225
c bounds - >= -6991814 @ 144.673
c bounds - >= -6991798 @ 145.119
c bounds - >= -6991782 @ 145.563
c bounds - >= -6991766 @ 146.01
c bounds - >= -6991750 @ 146.47
c bounds - >= -6991734 @ 146.927
c bounds - >= -6991718 @ 147.377
c bounds - >= -6991702 @ 147.834
c bounds - >= -6991686 @ 148.271
c bounds - >= -6991670 @ 148.706
c bounds - >= -6991654 @ 149.158
c bounds - >= -6991638 @ 149.605
c bounds - >= -6991622 @ 150.045
c bounds - >= -6991606 @ 150.488
c bounds - >= -6991590 @ 150.939
c bounds - >= -6991574 @ 151.38
c bounds - >= -6991558 @ 151.819
c bounds - >= -6991542 @ 152.251
c bounds - >= -6991526 @ 152.682
c bounds - >= -6991510 @ 153.121
c bounds - >= -6991494 @ 153.558
c bounds - >= -6991478 @ 153.99
c bounds - >= -6991462 @ 154.422
c bounds - >= -6991446 @ 154.852
c bounds - >= -6991430 @ 155.289
c bounds - >= -6991414 @ 155.723
c bounds - >= -6991398 @ 156.15
c bounds - >= -6991382 @ 156.583
c bounds - >= -6991366 @ 157.013
c bounds - >= -6991350 @ 157.45
c bounds - >= -6991334 @ 157.882
c bounds - >= -6991318 @ 158.32
c bounds - >= -6991302 @ 158.756
c bounds - >= -6991286 @ 159.19
c bounds - >= -6991270 @ 159.63
c bounds - >= -6991254 @ 160.059
c bounds - >= -6991238 @ 160.492
c bounds - >= -6991222 @ 160.926
c bounds - >= -6991206 @ 161.365
c bounds - >= -6991190 @ 161.802
c bounds - >= -6991174 @ 162.246
c bounds - >= -6991158 @ 162.69
c bounds - >= -6991142 @ 163.138
c bounds - >= -6991126 @ 163.585
c bounds - >= -6991110 @ 164.026
c bounds - >= -6991094 @ 164.462
c bounds - >= -6991078 @ 164.902
c bounds - >= -6991062 @ 165.338
c bounds - >= -6991046 @ 165.775
c bounds - >= -6991030 @ 166.213
c bounds - >= -6991014 @ 166.658
c bounds - >= -6990998 @ 167.112
c bounds - >= -6990982 @ 167.552
c bounds - >= -6990966 @ 167.984
c bounds - >= -6990950 @ 168.423
c bounds - >= -6990934 @ 168.86
c bounds - >= -6990918 @ 169.302
c bounds - >= -6990902 @ 169.751
c bounds - >= -6990886 @ 170.201
c bounds - >= -6990870 @ 170.658
c bounds - >= -6990854 @ 171.113
c bounds - >= -6990838 @ 171.552
c bounds - >= -6990822 @ 172.001
c bounds - >= -6990806 @ 172.443
c bounds - >= -6990790 @ 172.889
c bounds - >= -6990774 @ 173.337
c bounds - >= -6990758 @ 173.787
c bounds - >= -6990742 @ 174.226
c bounds - >= -6990726 @ 174.692
c bounds - >= -6990710 @ 175.146
c bounds - >= -6990694 @ 175.603
c bounds - >= -6990678 @ 176.055
c bounds - >= -6990662 @ 176.499
c bounds - >= -6990646 @ 176.938
c bounds - >= -6990630 @ 177.375
c bounds - >= -6990614 @ 177.814
c bounds - >= -6990598 @ 178.249
c bounds - >= -6990582 @ 178.68
c bounds - >= -6990566 @ 179.126
c bounds - >= -6990550 @ 179.561
c bounds - >= -6990534 @ 179.995
c bounds - >= -6990518 @ 180.424
c bounds - >= -6990502 @ 180.858
c bounds - >= -6990486 @ 181.291
c bounds - >= -6990470 @ 181.723
c bounds - >= -6990454 @ 182.169
c bounds - >= -6990438 @ 182.612
c bounds - >= -6990422 @ 183.061
c bounds - >= -6990406 @ 183.498
c bounds - >= -6990390 @ 183.94
c bounds - >= -6990374 @ 184.385
c bounds - >= -6990358 @ 184.834
c bounds - >= -6990342 @ 185.278
c bounds - >= -6990326 @ 185.725
c bounds - >= -6990310 @ 186.172
c bounds - >= -6990294 @ 186.624
c bounds - >= -6990278 @ 187.072
c bounds - >= -6990262 @ 187.525
c bounds - >= -6990246 @ 187.968
c bounds - >= -6990230 @ 188.404
c bounds - >= -6990214 @ 188.842
c bounds - >= -6990198 @ 189.278
c bounds - >= -6990182 @ 189.717
c bounds - >= -6990166 @ 190.152
c bounds - >= -6990150 @ 190.594
c bounds - >= -6990134 @ 191.039
c bounds - >= -6990118 @ 191.481
c bounds - >= -6990102 @ 191.93
c bounds - >= -6990086 @ 192.371
c bounds - >= -6990070 @ 192.81
c bounds - >= -6990054 @ 193.258
c bounds - >= -6990038 @ 193.707
c bounds - >= -6990022 @ 194.153
c bounds - >= -6990006 @ 194.604
c bounds - >= -6989990 @ 195.045
c bounds - >= -6989974 @ 195.494
c bounds - >= -6989958 @ 195.94
c bounds - >= -6989942 @ 196.383
c bounds - >= -6989926 @ 196.84
c bounds - >= -6989910 @ 197.283
c bounds - >= -6989894 @ 197.747
c bounds - >= -6989878 @ 198.198
c bounds - >= -6989862 @ 198.646
c bounds - >= -6989846 @ 199.089
c bounds - >= -6989830 @ 199.538
c bounds - >= -6989814 @ 199.991
c bounds - >= -6989798 @ 200.433
c bounds - >= -6989782 @ 200.877
c bounds - >= -6989766 @ 201.322
c bounds - >= -6989750 @ 201.768
c bounds - >= -6989734 @ 202.217
c bounds - >= -6989718 @ 202.674
c bounds - >= -6989702 @ 203.122
c bounds - >= -6989686 @ 203.57
c bounds - >= -6989670 @ 204.027
c bounds - >= -6989654 @ 204.485
c bounds - >= -6989638 @ 204.936
c bounds - >= -6989622 @ 205.374
c bounds - >= -6989606 @ 205.815
c bounds - >= -6989590 @ 206.255
c bounds - >= -6989574 @ 206.694
c bounds - >= -6989558 @ 207.134
c bounds - >= -6989542 @ 207.581
c bounds - >= -6989526 @ 208.036
c bounds - >= -6989510 @ 208.497
c bounds - >= -6989494 @ 208.945
c bounds - >= -6989478 @ 209.394
c bounds - >= -6989462 @ 209.841
c bounds - >= -6989446 @ 210.305
c bounds - >= -6989430 @ 210.758
c bounds - >= -6989414 @ 211.209
c bounds - >= -6989398 @ 211.664
c bounds - >= -6989382 @ 212.128
c bounds - >= -6989366 @ 212.586
c bounds - >= -6989350 @ 213.046
c bounds - >= -6989334 @ 213.515
c bounds - >= -6989318 @ 213.978
c bounds - >= -6989302 @ 214.434
c bounds - >= -6989286 @ 214.895
c bounds - >= -6989270 @ 215.362
c bounds - >= -6989254 @ 215.819
c bounds - >= -6989238 @ 216.27
c bounds - >= -6989222 @ 216.729
c bounds - >= -6989206 @ 217.186
c bounds - >= -6989190 @ 217.65
c bounds - >= -6989174 @ 218.103
c bounds - >= -6989158 @ 218.556
c bounds - >= -6989142 @ 219.011
c bounds - >= -6989126 @ 219.465
c bounds - >= -6989110 @ 219.919
c bounds - >= -6989094 @ 220.364
c bounds - >= -6989078 @ 220.819
c bounds - >= -6989062 @ 221.285
c bounds - >= -6989046 @ 221.742
c bounds - >= -6989030 @ 222.193
c bounds - >= -6989014 @ 222.649
c bounds - >= -6988998 @ 223.111
c bounds - >= -6988982 @ 223.569
c bounds - >= -6988966 @ 224.016
c bounds - >= -6988950 @ 224.488
c bounds - >= -6988934 @ 224.937
c bounds - >= -6988918 @ 225.385
c bounds - >= -6988902 @ 225.844
c bounds - >= -6988886 @ 226.312
c bounds - >= -6988870 @ 226.773
c bounds - >= -6988854 @ 227.243
c bounds - >= -6988838 @ 227.692
c bounds - >= -6988822 @ 228.167
c bounds - >= -6988806 @ 228.641
c bounds - >= -6988790 @ 229.105
c bounds - >= -6988774 @ 229.564
c bounds - >= -6988758 @ 230.024
c bounds - >= -6988742 @ 230.501
c bounds - >= -6988726 @ 230.97
c bounds - >= -6988710 @ 231.423
c bounds - >= -6988694 @ 231.881
c bounds - >= -6988678 @ 232.348
c bounds - >= -6988662 @ 232.816
c bounds - >= -6988646 @ 233.276
c bounds - >= -6988630 @ 233.738
c bounds - >= -6988614 @ 234.203
c bounds - >= -6988598 @ 234.675
c bounds - >= -6988582 @ 235.138
c bounds - >= -6988566 @ 235.596
c bounds - >= -6988550 @ 236.053
c bounds - >= -6988534 @ 236.514
c bounds - >= -6988518 @ 236.978
c bounds - >= -6988502 @ 237.447
c bounds - >= -6988486 @ 237.905
c bounds - >= -6988470 @ 238.349
c bounds - >= -6988454 @ 238.822
c bounds - >= -6988438 @ 239.281
c bounds - >= -6988422 @ 239.744
c bounds - >= -6988406 @ 240.207
c bounds - >= -6988390 @ 240.669
c bounds - >= -6988374 @ 241.122
c bounds - >= -6988358 @ 241.586
c bounds - >= -6988342 @ 242.053
c bounds - >= -6988326 @ 242.519
c bounds - >= -6988310 @ 242.981
c bounds - >= -6988294 @ 243.44
c bounds - >= -6988278 @ 243.91
c bounds - >= -6988262 @ 244.372
c bounds - >= -6988246 @ 244.813
c bounds - >= -6988230 @ 245.262
c bounds - >= -6988214 @ 245.721
c bounds - >= -6988198 @ 246.183
c bounds - >= -6988182 @ 246.654
c bounds - >= -6988166 @ 247.112
c bounds - >= -6988150 @ 247.568
c bounds - >= -6988134 @ 248.039
c bounds - >= -6988118 @ 248.507
c bounds - >= -6988102 @ 248.956
c bounds - >= -6988086 @ 249.41
c bounds - >= -6988070 @ 249.877
c bounds - >= -6988054 @ 250.355
c bounds - >= -6988038 @ 250.823
c bounds - >= -6988022 @ 251.288
c bounds - >= -6988006 @ 251.756
c bounds - >= -6987990 @ 252.23
c bounds - >= -6987974 @ 252.692
c bounds - >= -6987958 @ 253.159
c bounds - >= -6987942 @ 253.628
c bounds - >= -6987926 @ 254.091
c bounds - >= -6987910 @ 254.537
c bounds - >= -6987894 @ 255.009
c bounds - >= -6987878 @ 255.466
c bounds - >= -6987862 @ 255.93
c bounds - >= -6987846 @ 256.399
c bounds - >= -6987830 @ 256.859
c bounds - >= -6987814 @ 257.321
c bounds - >= -6987798 @ 257.786
c bounds - >= -6987782 @ 258.257
c bounds - >= -6987766 @ 258.705
c bounds - >= -6987750 @ 259.158
c bounds - >= -6987734 @ 259.619
c bounds - >= -6987718 @ 260.079
c bounds - >= -6987702 @ 260.542
c bounds - >= -6987686 @ 261.013
c bounds - >= -6987670 @ 261.485
c bounds - >= -6987654 @ 261.959
c bounds - >= -6987638 @ 262.422
c bounds - >= -6987622 @ 262.883
c bounds - >= -6987606 @ 263.35
c bounds - >= -6987590 @ 263.824
c bounds - >= -6987574 @ 264.29
c bounds - >= -6987558 @ 264.755
c bounds - >= -6987542 @ 265.219
c bounds - >= -6987526 @ 265.689
c bounds - >= -6987510 @ 266.153
c bounds - >= -6987494 @ 266.624
c bounds - >= -6987478 @ 267.094
c bounds - >= -6987462 @ 267.571
c bounds - >= -6987446 @ 268.042
c bounds - >= -6987430 @ 268.493
c bounds - >= -6987414 @ 268.945
c bounds - >= -6987398 @ 269.405
c bounds - >= -6987382 @ 269.872
c bounds - >= -6987366 @ 270.342
c bounds - >= -6987350 @ 270.816
c bounds - >= -6987334 @ 271.287
c bounds - >= -6987318 @ 271.754
c bounds - >= -6987302 @ 272.225
c bounds - >= -6987286 @ 272.698
c bounds - >= -6987270 @ 273.173
c bounds - >= -6987254 @ 273.64
c bounds - >= -6987238 @ 274.098
c bounds - >= -6987222 @ 274.569
c bounds - >= -6987206 @ 275.032
c bounds - >= -6987190 @ 275.493
c bounds - >= -6987174 @ 275.95
c bounds - >= -6987158 @ 276.413
c bounds - >= -6987142 @ 276.864
c bounds - >= -6987126 @ 277.312
c bounds - >= -6987110 @ 277.753
c bounds - >= -6987094 @ 278.203
c bounds - >= -6987078 @ 278.649
c bounds - >= -6987062 @ 279.092
c bounds - >= -6987046 @ 279.536
c bounds - >= -6987030 @ 279.979
c bounds - >= -6987014 @ 280.424
c bounds - >= -6986998 @ 280.867
c bounds - >= -6986982 @ 281.308
c bounds - >= -6986966 @ 281.753
c bounds - >= -6986950 @ 282.204
c bounds - >= -6986934 @ 282.647
c bounds - >= -6986918 @ 283.092
c bounds - >= -6986902 @ 283.556
c bounds - >= -6986886 @ 284.007
c bounds - >= -6986870 @ 284.455
c bounds - >= -6986854 @ 284.901
c bounds - >= -6986838 @ 285.344
c bounds - >= -6986822 @ 285.791
c bounds - >= -6986806 @ 286.234
c bounds - >= -6986790 @ 286.684
c bounds - >= -6986774 @ 287.125
c bounds - >= -6986758 @ 287.568
c bounds - >= -6986742 @ 288.013
c bounds - >= -6986726 @ 288.468
c bounds - >= -6986710 @ 288.91
c bounds - >= -6986694 @ 289.36
c bounds - >= -6986678 @ 289.805
c bounds - >= -6986662 @ 290.252
c bounds - >= -6986646 @ 290.7
c bounds - >= -6986630 @ 291.146
c bounds - >= -6986614 @ 291.605
c bounds - >= -6986598 @ 292.052
c bounds - >= -6986582 @ 292.492
c bounds - >= -6986566 @ 292.932
c bounds - >= -6986550 @ 293.381
c bounds - >= -6986534 @ 293.831
c bounds - >= -6986518 @ 294.286
c bounds - >= -6986502 @ 294.737
c bounds - >= -6986486 @ 295.188
c bounds - >= -6986470 @ 295.644
c bounds - >= -6986454 @ 296.101
c bounds - >= -6986438 @ 296.546
c bounds - >= -6986422 @ 296.994
c bounds - >= -6986406 @ 297.445
c bounds - >= -6986390 @ 297.905
c bounds - >= -6986374 @ 298.357
c bounds - >= -6986358 @ 298.824
c bounds - >= -6986342 @ 299.283
c bounds - >= -6986326 @ 299.733
c bounds - >= -6986310 @ 300.182
c bounds - >= -6986294 @ 300.637
c bounds - >= -6986278 @ 301.083
c bounds - >= -6986262 @ 301.53
c bounds - >= -6986246 @ 301.987
c bounds - >= -6986230 @ 302.445
c bounds - >= -6986214 @ 302.887
c bounds - >= -6986198 @ 303.33
c bounds - >= -6986182 @ 303.777
c bounds - >= -6986166 @ 304.225
c bounds - >= -6986150 @ 304.675
c bounds - >= -6986134 @ 305.129
c bounds - >= -6986118 @ 305.58
c bounds - >= -6986102 @ 306.031
c bounds - >= -6986086 @ 306.484
c bounds - >= -6986070 @ 306.945
c bounds - >= -6986054 @ 307.407
c bounds - >= -6986038 @ 307.86
c bounds - >= -6986022 @ 308.319
c bounds - >= -6986006 @ 308.771
c bounds - >= -6985990 @ 309.221
c bounds - >= -6985974 @ 309.67
c bounds - >= -6985958 @ 310.126
c bounds - >= -6985942 @ 310.589
c bounds - >= -6985926 @ 311.047
c bounds - >= -6985910 @ 311.499
c bounds - >= -6985894 @ 311.95
c bounds - >= -6985878 @ 312.399
c bounds - >= -6985862 @ 312.865
c bounds - >= -6985846 @ 313.324
c bounds - >= -6985830 @ 313.774
c bounds - >= -6985814 @ 314.225
c bounds - >= -6985798 @ 314.687
c bounds - >= -6985782 @ 315.154
c bounds - >= -6985766 @ 315.604
c bounds - >= -6985750 @ 316.053
c bounds - >= -6985734 @ 316.511
c bounds - >= -6985718 @ 316.967
c bounds - >= -6985702 @ 317.424
c bounds - >= -6985686 @ 317.883
c bounds - >= -6985670 @ 318.343
c bounds - >= -6985654 @ 318.797
c bounds - >= -6985638 @ 319.248
c bounds - >= -6985622 @ 319.693
c bounds - >= -6985606 @ 320.137
c bounds - >= -6985590 @ 320.593
c bounds - >= -6985574 @ 321.047
c bounds - >= -6985558 @ 321.491
c bounds - >= -6985542 @ 321.931
c bounds - >= -6985526 @ 322.376
c bounds - >= -6985510 @ 322.819
c bounds - >= -6985494 @ 323.267
c bounds - >= -6985478 @ 323.719
c bounds - >= -6985462 @ 324.181
c bounds - >= -6985446 @ 324.627
c bounds - >= -6985430 @ 325.075
c bounds - >= -6985414 @ 325.531
c bounds - >= -6985398 @ 325.989
c bounds - >= -6985382 @ 326.444
c bounds - >= -6985366 @ 326.884
c bounds - >= -6985350 @ 327.338
c bounds - >= -6985334 @ 327.786
c bounds - >= -6985318 @ 328.241
c bounds - >= -6985302 @ 328.699
c bounds - >= -6985286 @ 329.127
c bounds - >= -6985270 @ 329.545
c bounds - >= -6985254 @ 329.956
c bounds - >= -6985238 @ 330.378
c bounds - >= -6985222 @ 330.8
c bounds - >= -6985206 @ 331.219
c bounds - >= -6985190 @ 331.636
c bounds - >= -6985174 @ 332.056
c bounds - >= -6985158 @ 332.474
c bounds - >= -6985142 @ 332.889
c bounds - >= -6985126 @ 333.306
c bounds - >= -6985110 @ 333.724
c bounds - >= -6985094 @ 334.143
c bounds - >= -6985078 @ 334.565
c bounds - >= -6985062 @ 334.99
c bounds - >= -6985046 @ 335.411
c bounds - >= -6985030 @ 335.831
c bounds - >= -6985014 @ 336.249
c bounds - >= -6984998 @ 336.664
c bounds - >= -6984982 @ 337.083
c bounds - >= -6984966 @ 337.506
c bounds - >= -6984950 @ 337.933
c bounds - >= -6984934 @ 338.355
c bounds - >= -6984918 @ 338.778
c bounds - >= -6984902 @ 339.198
c bounds - >= -6984886 @ 339.616
c bounds - >= -6984870 @ 340.034
c bounds - >= -6984854 @ 340.451
c bounds - >= -6984838 @ 340.873
c bounds - >= -6984822 @ 341.299
c bounds - >= -6984806 @ 341.726
c bounds - >= -6984790 @ 342.151
c bounds - >= -6984774 @ 342.569
c bounds - >= -6984758 @ 342.988
c bounds - >= -6984742 @ 343.408
c bounds - >= -6984726 @ 343.828
c bounds - >= -6984710 @ 344.256
c bounds - >= -6984694 @ 344.679
c bounds - >= -6984678 @ 345.099
c bounds - >= -6984662 @ 345.521
c bounds - >= -6984646 @ 345.946
c bounds - >= -6984630 @ 346.367
c bounds - >= -6984614 @ 346.79
c bounds - >= -6984598 @ 347.21
c bounds - >= -6984582 @ 347.63
c bounds - >= -6984566 @ 348.051
c bounds - >= -6984550 @ 348.473
c bounds - >= -6984534 @ 348.897
c bounds - >= -6984518 @ 349.321
c bounds - >= -6984502 @ 349.742
c bounds - >= -6984486 @ 350.172
c bounds - >= -6984470 @ 350.596
c bounds - >= -6984454 @ 351.02
c bounds - >= -6984438 @ 351.445
c bounds - >= -6984422 @ 351.87
c bounds - >= -6984406 @ 352.293
c bounds - >= -6984390 @ 352.715
c bounds - >= -6984374 @ 353.137
c bounds - >= -6984358 @ 353.56
c bounds - >= -6984342 @ 353.981
c bounds - >= -6984326 @ 354.404
c bounds - >= -6984310 @ 354.824
c bounds - >= -6984294 @ 355.244
c bounds - >= -6984278 @ 355.675
c bounds - >= -6984262 @ 356.095
c bounds - >= -6984246 @ 356.521
c bounds - >= -6984230 @ 356.948
c bounds - >= -6984214 @ 357.371
c bounds - >= -6984198 @ 357.796
c bounds - >= -6984182 @ 358.224
c bounds - >= -6984166 @ 358.649
c bounds - >= -6984150 @ 359.074
c bounds - >= -6984134 @ 359.495
c bounds - >= -6984118 @ 359.923
c bounds - >= -6984102 @ 360.349
c bounds - >= -6984086 @ 360.769
c bounds - >= -6984070 @ 361.196
c bounds - >= -6984054 @ 361.619
c bounds - >= -6984038 @ 362.044
c bounds - >= -6984022 @ 362.468
c bounds - >= -6984006 @ 362.896
c bounds - >= -6983990 @ 363.321
c bounds - >= -6983974 @ 363.747
c bounds - >= -6983958 @ 364.17
c bounds - >= -6983942 @ 364.597
c bounds - >= -6983926 @ 365.018
c bounds - >= -6983910 @ 365.442
c bounds - >= -6983894 @ 365.867
c bounds - >= -6983878 @ 366.291
c bounds - >= -6983862 @ 366.711
c bounds - >= -6983846 @ 367.123
c bounds - >= -6983830 @ 367.539
c bounds - >= -6983814 @ 367.957
c bounds - >= -6983798 @ 368.367
c bounds - >= -6983782 @ 368.783
c bounds - >= -6983766 @ 369.198
c bounds - >= -6983750 @ 369.615
c bounds - >= -6983734 @ 370.03
c bounds - >= -6983718 @ 370.448
c bounds - >= -698370terminate called after throwing an instance of 'rs::OutOfMemoryException'
