c RoundingSat 2
c branch 
c commit 
c #variables 3510 #constraints 7041
c bounds - >= -13500 @ 0.023215
c bounds 0 >= -13500 @ 0.024051
c bounds 0 >= -13436 @ 0.02466
c bounds 0 >= -13372 @ 0.024878
c bounds 0 >= -13308 @ 0.025089
c bounds 0 >= -13244 @ 0.025299
c bounds 0 >= -13180 @ 0.025506
c bounds 0 >= -13116 @ 0.025716
c bounds 0 >= -13052 @ 0.025926
c bounds 0 >= -12988 @ 0.02613
c bounds 0 >= -12924 @ 0.026336
c bounds 0 >= -12860 @ 0.026378
c bounds 0 >= -12796 @ 0.026378
c bounds 0 >= -12732 @ 0.026471
c bounds 0 >= -12668 @ 0.026577
c bounds 0 >= -12604 @ 0.026767
c bounds 0 >= -12540 @ 0.026962
c bounds 0 >= -12476 @ 0.027158
c bounds 0 >= -12412 @ 0.027354
c bounds 0 >= -12348 @ 0.027549
c bounds 0 >= -12284 @ 0.027744
c bounds 0 >= -12220 @ 0.027941
c bounds 0 >= -12156 @ 0.028136
c bounds 0 >= -12092 @ 0.028332
c bounds 0 >= -12028 @ 0.028528
c bounds 0 >= -11964 @ 0.02872
c bounds 0 >= -11900 @ 0.028917
c bounds 0 >= -11836 @ 0.029112
c bounds 0 >= -11772 @ 0.029307
c bounds 0 >= -11708 @ 0.029503
c bounds 0 >= -11644 @ 0.029702
c bounds 0 >= -11580 @ 0.029898
c bounds 0 >= -11516 @ 0.030093
c bounds 0 >= -11452 @ 0.030289
c bounds 0 >= -11388 @ 0.030485
c bounds 0 >= -11324 @ 0.030684
c bounds 0 >= -11260 @ 0.030881
c bounds 0 >= -11196 @ 0.031077
c bounds 0 >= -11132 @ 0.031276
c bounds 0 >= -11068 @ 0.031468
c bounds 0 >= -11004 @ 0.031664
c bounds 0 >= -10940 @ 0.031859
c bounds 0 >= -10876 @ 0.032052
c bounds 0 >= -10812 @ 0.032248
c bounds 0 >= -10748 @ 0.032444
c bounds 0 >= -10684 @ 0.03264
c bounds 0 >= -10620 @ 0.032837
c bounds 0 >= -10556 @ 0.033034
c bounds 0 >= -10492 @ 0.03323
c bounds 0 >= -10428 @ 0.033425
c bounds 0 >= -10364 @ 0.033623
c bounds 0 >= -10300 @ 0.03382
c bounds 0 >= -10236 @ 0.034013
c bounds 0 >= -10172 @ 0.034207
c bounds 0 >= -10108 @ 0.034399
c bounds 0 >= -10044 @ 0.034596
c bounds 0 >= -9980 @ 0.034793
c bounds 0 >= -9916 @ 0.034988
c bounds 0 >= -9852 @ 0.035185
c bounds 0 >= -9788 @ 0.03538
c bounds 0 >= -9724 @ 0.035577
c bounds 0 >= -9660 @ 0.035772
c bounds 0 >= -9596 @ 0.035966
c bounds 0 >= -9532 @ 0.036161
c bounds 0 >= -9468 @ 0.036357
c bounds 0 >= -9404 @ 0.036516
c bounds 0 >= -9340 @ 0.03671
c bounds 0 >= -9276 @ 0.036903
c bounds 0 >= -9212 @ 0.037096
c bounds 0 >= -9148 @ 0.037287
c bounds 0 >= -9084 @ 0.03748
c bounds 0 >= -9020 @ 0.037667
c bounds 0 >= -8956 @ 0.037861
c bounds 0 >= -8892 @ 0.038056
c bounds 0 >= -8828 @ 0.038251
c bounds 0 >= -8764 @ 0.038447
c bounds 0 >= -8700 @ 0.03864
c bounds 0 >= -8636 @ 0.038832
c bounds 0 >= -8572 @ 0.039024
c bounds 0 >= -8508 @ 0.039215
c bounds 0 >= -8444 @ 0.039409
c bounds 0 >= -8380 @ 0.039602
c bounds 0 >= -8316 @ 0.039795
c bounds -14 >= -8316 @ 0.063135
c bounds -14 >= -8252 @ 0.063384
c bounds -14 >= -8188 @ 0.063588
c bounds -14 >= -8124 @ 0.063792
c bounds -14 >= -8060 @ 0.06399
c bounds -14 >= -7996 @ 0.064186
c bounds -14 >= -7932 @ 0.064377
c bounds -14 >= -7868 @ 0.064572
c bounds -14 >= -7804 @ 0.064766
c bounds -14 >= -7740 @ 0.064961
c bounds -30 >= -7740 @ 0.069322
c bounds -30 >= -7700 @ 0.090079
c bounds -46 >= -7700 @ 0.091458
c bounds -62 >= -7700 @ 0.092438
c bounds -78 >= -7700 @ 0.09573
c bounds -94 >= -7700 @ 0.114713
c bounds -106 >= -7700 @ 0.137267
c bounds -110 >= -7700 @ 0.159925
c bounds -110 >= -7660 @ 0.179685
c bounds -114 >= -7660 @ 0.181422
c bounds -118 >= -7660 @ 0.182734
c bounds -134 >= -7660 @ 0.184886
c bounds -138 >= -7660 @ 0.185997
c bounds -154 >= -7660 @ 0.188141
c bounds -158 >= -7660 @ 0.189372
c bounds -162 >= -7660 @ 0.190356
c bounds -178 >= -7660 @ 0.192511
c bounds -194 >= -7660 @ 0.193872
c bounds -210 >= -7660 @ 0.194892
c bounds -214 >= -7660 @ 0.196058
c bounds -230 >= -7660 @ 0.19811
c bounds -246 >= -7660 @ 0.201236
c bounds -262 >= -7660 @ 0.204418
c bounds -278 >= -7660 @ 0.20584
c bounds -282 >= -7660 @ 0.207633
c bounds -298 >= -7660 @ 0.209729
c bounds -314 >= -7660 @ 0.211302
c bounds -318 >= -7660 @ 0.213224
c bounds -334 >= -7660 @ 0.215391
c bounds -350 >= -7660 @ 0.218579
c bounds -354 >= -7660 @ 0.218805
c bounds -370 >= -7660 @ 0.22082
c bounds -374 >= -7660 @ 0.224509
c #Conflicts:       1000 | #Constraints:       8349
c bounds -390 >= -7660 @ 0.271047
c bounds -390 >= -7620 @ 0.272616
c bounds -390 >= -7580 @ 0.287338
c bounds -390 >= -7540 @ 0.317934
c #Conflicts:       2000 | #Constraints:       9360
c INPROCESSING
c GARBAGE COLLECT
c bounds -390 >= -7500 @ 0.337581
c bounds -406 >= -7500 @ 0.339385
c bounds -408 >= -7500 @ 0.347824
c bounds -408 >= -7460 @ 0.364125
c bounds -424 >= -7460 @ 0.366901
c bounds -428 >= -7460 @ 0.369124
c bounds -444 >= -7460 @ 0.3715
c bounds -448 >= -7460 @ 0.373726
c bounds -464 >= -7460 @ 0.375727
c bounds -480 >= -7460 @ 0.379573
c bounds -484 >= -7460 @ 0.381634
c bounds -500 >= -7460 @ 0.384854
c bounds -500 >= -7420 @ 0.392316
c bounds -516 >= -7420 @ 0.394902
c bounds -520 >= -7420 @ 0.396207
c bounds -536 >= -7420 @ 0.398315
c bounds -536 >= -7380 @ 0.405027
c bounds -552 >= -7380 @ 0.408682
c bounds -568 >= -7380 @ 0.410983
c bounds -584 >= -7380 @ 0.413343
c #Conflicts:       3000 | #Constraints:       9278
c bounds -584 >= -7340 @ 0.442832
c bounds -600 >= -7340 @ 0.445671
c bounds -604 >= -7340 @ 0.447038
c bounds -608 >= -7340 @ 0.448224
c bounds -624 >= -7340 @ 0.450417
c bounds -640 >= -7340 @ 0.452753
c bounds -656 >= -7340 @ 0.455035
c bounds -660 >= -7340 @ 0.457231
c bounds -672 >= -7340 @ 0.460578
c bounds -688 >= -7340 @ 0.463888
c bounds -698 >= -7340 @ 0.4668
c bounds -708 >= -7340 @ 0.474165
c bounds -718 >= -7340 @ 0.491426
c bounds -730 >= -7340 @ 0.504276
c bounds -730 >= -7300 @ 0.522077
c bounds -734 >= -7300 @ 0.526785
c bounds -750 >= -7300 @ 0.528221
c bounds -751 >= -7300 @ 0.537562
c bounds -751 >= -7260 @ 0.553241
c bounds -755 >= -7260 @ 0.610122
c #Conflicts:       4000 | #Constraints:      10304
c bounds -755 >= -7220 @ 0.621487
c INPROCESSING
c GARBAGE COLLECT
c bounds -755 >= -7180 @ 0.652945
c bounds -757 >= -7180 @ 0.666314
c bounds -759 >= -7180 @ 0.669333
c bounds -760 >= -7180 @ 0.672992
c bounds -762 >= -7180 @ 0.675797
c bounds -764 >= -7180 @ 0.721424
c #Conflicts:       5000 | #Constraints:       9683
c bounds -764 >= -7140 @ 0.748793
c bounds -780 >= -7140 @ 0.751703
c bounds -796 >= -7140 @ 0.765968
c #Conflicts:       6000 | #Constraints:      10694
c bounds -796 >= -7100 @ 0.921232
c bounds -823 >= -7100 @ 0.940058
c bounds -824 >= -7100 @ 0.942802
c bounds -832 >= -7100 @ 0.987079
c bounds -836 >= -7100 @ 0.990103
c bounds -840 >= -7100 @ 0.99228
c bounds -856 >= -7100 @ 0.99328
c bounds -858 >= -7100 @ 1.01848
c bounds -874 >= -7100 @ 1.02417
c bounds -886 >= -7100 @ 1.14903
c INPROCESSING
c GARBAGE COLLECT
c #Conflicts:       7000 | #Constraints:       9708
c bounds -886 >= -7060 @ 1.19862
c bounds -886 >= -7020 @ 1.21856
c #Conflicts:       8000 | #Constraints:      10714
c bounds -886 >= -6980 @ 1.27972
c bounds -902 >= -6980 @ 1.28635
c bounds -906 >= -6980 @ 1.28951
c bounds -908 >= -6980 @ 1.29359
c bounds -912 >= -6980 @ 1.29816
c bounds -913 >= -6980 @ 1.30217
c bounds -914 >= -6980 @ 1.30355
c bounds -922 >= -6980 @ 1.30743
c bounds -923 >= -6980 @ 1.34496
c bounds -924 >= -6980 @ 1.34883
c bounds -928 >= -6980 @ 1.42151
c #Conflicts:       9000 | #Constraints:      11727
c INPROCESSING
c GARBAGE COLLECT
c bounds -929 >= -6980 @ 1.53637
c bounds -933 >= -6980 @ 1.5401
c bounds -934 >= -6980 @ 1.54149
c bounds -942 >= -6980 @ 1.54387
c bounds -958 >= -6980 @ 1.56419
c bounds -970 >= -6980 @ 1.66399
c bounds -974 >= -6980 @ 1.66661
c bounds -984 >= -6980 @ 1.71305
c #Conflicts:      10000 | #Constraints:      10447
c #Conflicts:      11000 | #Constraints:      11447
c #Conflicts:      12000 | #Constraints:      12447
c INPROCESSING
c GARBAGE COLLECT
c bounds -985 >= -6980 @ 2.18456
c bounds -986 >= -6980 @ 2.18576
c bounds -990 >= -6980 @ 2.18728
c bounds -1001 >= -6980 @ 2.29855
c bounds -1002 >= -6980 @ 2.30024
c bounds -1003 >= -6980 @ 2.30514
c bounds -1007 >= -6980 @ 2.30976
c bounds -1011 >= -6980 @ 2.31153
c bounds -1012 >= -6980 @ 2.31477
c bounds -1013 >= -6980 @ 2.36706
c bounds -1014 >= -6980 @ 2.47539
c bounds -1016 >= -6980 @ 2.52127
c bounds -1017 >= -6980 @ 2.62284
c bounds -1019 >= -6980 @ 2.62936
c bounds -1020 >= -6980 @ 2.63417
c bounds -1022 >= -6980 @ 2.63775
c bounds -1023 >= -6980 @ 2.64124
c bounds -1024 >= -6980 @ 2.7318
c bounds -1024 >= -6960 @ 2.73355
c bounds -1024 >= -6940 @ 2.7349
c bounds -1024 >= -6920 @ 2.73652
c bounds -1024 >= -6900 @ 2.74344
c bounds -1024 >= -6880 @ 2.74509
c bounds -1024 >= -6860 @ 2.74834
c bounds -1024 >= -6840 @ 2.75024
c bounds -1024 >= -6820 @ 2.7628
c bounds -1024 >= -6800 @ 2.80182
c bounds -1026 >= -6800 @ 2.82583
c #Conflicts:      13000 | #Constraints:      10995
c bounds -1026 >= -6780 @ 2.86848
c bounds -1030 >= -6780 @ 2.89596
c bounds -1030 >= -6760 @ 2.89802
c bounds -1030 >= -6740 @ 2.95967
c bounds -1034 >= -6740 @ 2.99886
c #Conflicts:      14000 | #Constraints:      12036
c bounds -1034 >= -6720 @ 3.10972
c bounds -1038 >= -6720 @ 3.11781
c bounds -1044 >= -6720 @ 3.20008
c bounds -1044 >= -6700 @ 3.20416
c #Conflicts:      15000 | #Constraints:      13053
c INPROCESSING
c GARBAGE COLLECT
c bounds -1048 >= -6700 @ 3.45854
c bounds -1056 >= -6700 @ 3.4854
c bounds -1064 >= -6700 @ 3.50223
c bounds -1065 >= -6700 @ 3.66906
c bounds -1065 >= -6684 @ 3.66965
c bounds -1065 >= -6668 @ 3.67008
c bounds -1065 >= -6652 @ 3.6705
c bounds -1065 >= -6636 @ 3.67092
c bounds -1065 >= -6620 @ 3.67134
c bounds -1065 >= -6604 @ 3.67176
c bounds -1065 >= -6588 @ 3.67218
c bounds -1065 >= -6572 @ 3.67261
c bounds -1065 >= -6556 @ 3.67302
c bounds -1065 >= -6540 @ 3.67344
c bounds -1065 >= -6524 @ 3.67387
c bounds -1065 >= -6508 @ 3.67429
c bounds -1065 >= -6492 @ 3.67447
c bounds -1065 >= -6476 @ 3.67447
c bounds -1065 >= -6460 @ 3.67463
c bounds -1065 >= -6428 @ 3.67501
c bounds -1065 >= -6412 @ 3.67539
c bounds -1065 >= -6396 @ 3.67547
c bounds -1065 >= -6380 @ 3.67547
c bounds -1065 >= -6348 @ 3.67565
c bounds -1065 >= -6316 @ 3.67607
c bounds -1065 >= -6300 @ 3.67646
c bounds -1065 >= -6284 @ 3.67663
c bounds -1065 >= -6268 @ 3.67737
c bounds -1065 >= -6252 @ 3.67746
c bounds -1065 >= -6236 @ 3.67789
c bounds -1065 >= -6220 @ 3.67866
c bounds -1065 >= -6204 @ 3.67942
c bounds -1065 >= -6188 @ 3.68019
c bounds -1065 >= -6172 @ 3.68095
c bounds -1065 >= -6156 @ 3.68171
c bounds -1065 >= -6140 @ 3.68248
c bounds -1065 >= -6124 @ 3.68324
c bounds -1065 >= -6108 @ 3.68401
c bounds -1065 >= -6092 @ 3.68478
c bounds -1065 >= -6076 @ 3.68553
c bounds -1065 >= -6060 @ 3.68641
c bounds -1065 >= -6044 @ 3.68723
c bounds -1065 >= -6028 @ 3.68805
c bounds -1065 >= -6012 @ 3.68843
c bounds -1065 >= -5996 @ 3.68873
c bounds -1065 >= -5980 @ 3.68957
c bounds -1065 >= -5964 @ 3.69044
c bounds -1065 >= -5948 @ 3.69131
c bounds -1065 >= -5932 @ 3.69218
c bounds -1065 >= -5916 @ 3.69242
c bounds -1065 >= -5900 @ 3.69242
c bounds -1065 >= -5884 @ 3.69285
c bounds -1065 >= -5852 @ 3.69341
c bounds -1065 >= -5836 @ 3.69378
c bounds -1065 >= -5804 @ 3.69491
c bounds -1065 >= -5788 @ 3.69541
c bounds -1065 >= -5756 @ 3.69541
c bounds -1065 >= -5740 @ 3.69541
c bounds -1065 >= -5724 @ 3.69541
c bounds -1065 >= -5708 @ 3.69599
c bounds -1065 >= -5692 @ 3.69696
c bounds -1065 >= -5660 @ 3.6974
c bounds -1065 >= -5628 @ 3.6974
c bounds -1065 >= -5612 @ 3.69773
c bounds -1065 >= -5596 @ 3.69861
c bounds -1065 >= -5564 @ 3.69953
c bounds -1065 >= -5548 @ 3.70046
c bounds -1065 >= -5532 @ 3.70135
c bounds -1065 >= -5516 @ 3.7023
c bounds -1065 >= -5500 @ 3.70322
c bounds -1065 >= -5484 @ 3.70338
c bounds -1065 >= -5468 @ 3.70338
c bounds -1065 >= -5452 @ 3.70338
c bounds -1065 >= -5436 @ 3.70338
c bounds -1065 >= -5420 @ 3.70389
c bounds -1065 >= -5404 @ 3.70438
c bounds -1065 >= -5388 @ 3.70469
c bounds -1065 >= -5372 @ 3.70559
c bounds -1065 >= -5356 @ 3.70651
c bounds -1065 >= -5340 @ 3.70739
c bounds -1065 >= -5308 @ 3.7083
c bounds -1065 >= -5276 @ 3.70837
c bounds -1065 >= -5260 @ 3.70837
c bounds -1065 >= -5228 @ 3.70903
c bounds -1065 >= -5212 @ 3.70995
c bounds -1065 >= -5196 @ 3.71036
c bounds -1065 >= -5180 @ 3.71089
c bounds -1065 >= -5164 @ 3.71195
c bounds -1065 >= -5148 @ 3.71235
c bounds -1065 >= -5132 @ 3.71236
c bounds -1065 >= -5116 @ 3.71236
c bounds -1065 >= -5100 @ 3.71236
c bounds -1065 >= -5084 @ 3.71236
c bounds -1065 >= -5068 @ 3.71318
c bounds -1065 >= -5052 @ 3.71335
c bounds -1065 >= -5036 @ 3.71467
c bounds -1065 >= -5020 @ 3.71535
c bounds -1065 >= -5004 @ 3.71547
c bounds -1065 >= -4988 @ 3.71691
c bounds -1065 >= -4972 @ 3.71828
c bounds -1065 >= -4956 @ 3.71961
c bounds -1065 >= -4940 @ 3.72096
c bounds -1065 >= -4924 @ 3.72178
c bounds -1065 >= -4908 @ 3.72232
c bounds -1065 >= -4892 @ 3.7233
c bounds -1065 >= -4876 @ 3.72432
c bounds -1065 >= -4860 @ 3.72477
c bounds -1065 >= -4844 @ 3.7255
c bounds -1065 >= -4828 @ 3.72631
c bounds -1065 >= -4812 @ 3.72649
c bounds -1065 >= -4796 @ 3.73007
c bounds -1065 >= -4780 @ 3.73325
c bounds -1065 >= -4764 @ 3.73827
c bounds -1065 >= -4748 @ 3.74343
c #Conflicts:      16000 | #Constraints:      11677
c bounds -1065 >= -4732 @ 3.74679
c bounds -1065 >= -4716 @ 3.76262
c bounds -1065 >= -4700 @ 3.81803
c #Conflicts:      17000 | #Constraints:      12716
c bounds -1065 >= -4684 @ 3.95099
c bounds -1066 >= -4684 @ 3.98097
c bounds -1068 >= -4684 @ 3.98449
c bounds -1084 >= -4684 @ 3.98769
c bounds -1100 >= -4684 @ 3.99287
c bounds -1101 >= -4684 @ 3.99547
c bounds -1105 >= -4684 @ 3.99913
c bounds -1109 >= -4684 @ 4.00294
c bounds -1113 >= -4684 @ 4.00752
c bounds -1117 >= -4684 @ 4.01042
c bounds -1118 >= -4684 @ 4.0146
c bounds -1134 >= -4684 @ 4.01748
c bounds -1138 >= -4684 @ 4.02015
c bounds -1142 >= -4684 @ 4.02288
c bounds -1146 >= -4684 @ 4.06734
c bounds -1146 >= -4668 @ 4.06943
c bounds -1146 >= -4652 @ 4.07022
c bounds -1146 >= -4636 @ 4.07062
c bounds -1146 >= -4620 @ 4.07239
c #Conflicts:      18000 | #Constraints:      13799
c bounds -1146 >= -4604 @ 4.26104
c INPROCESSING
c GARBAGE COLLECT
c bounds -1150 >= -4604 @ 4.32781
c bounds -1166 >= -4604 @ 4.33853
c bounds -1170 >= -4604 @ 4.3465
c bounds -1234 >= -4604 @ 4.3537
c bounds -1298 >= -4604 @ 4.36026
c bounds -1314 >= -4604 @ 4.36545
c #Conflicts:      19000 | #Constraints:      11615
c bounds -1330 >= -4604 @ 4.49646
c bounds -1330 >= -4588 @ 4.49814
c bounds -1330 >= -4572 @ 4.5016
c bounds -1330 >= -4556 @ 4.50392
c #Conflicts:      20000 | #Constraints:      12646
c bounds -1330 >= -4540 @ 4.81351
c bounds -1341 >= -4540 @ 4.82075
c bounds -1345 >= -4540 @ 5.13439
c bounds -1345 >= -4524 @ 5.13686
c bounds -1345 >= -4508 @ 5.13987
c bounds -1345 >= -4492 @ 5.14314
c #Conflicts:      21000 | #Constraints:      13713
c INPROCESSING
c GARBAGE COLLECT
c bounds -1346 >= -4492 @ 5.45245
c bounds -1350 >= -4492 @ 5.55241
c bounds -1350 >= -4482 @ 5.55727
c #Conflicts:      22000 | #Constraints:      11490
c #Conflicts:      23000 | #Constraints:      12490
c bounds -1350 >= -4472 @ 6.38332
c bounds -1351 >= -4472 @ 6.49251
c bounds -1371 >= -4472 @ 6.56805
c bounds -1377 >= -4472 @ 6.63532
c #Conflicts:      24000 | #Constraints:      13496
c bounds -1379 >= -4472 @ 6.72154
c bounds -1383 >= -4472 @ 6.72717
c bounds -1384 >= -4472 @ 6.73155
c bounds -1392 >= -4472 @ 6.73521
c bounds -1394 >= -4472 @ 6.73934
c bounds -1395 >= -4472 @ 6.82292
c #Conflicts:      25000 | #Constraints:      14502
c #Conflicts:      26000 | #Constraints:      15502
c bounds -1395 >= -4462 @ 8.6917
c bounds -1399 >= -4462 @ 8.78207
c bounds -1400 >= -4462 @ 8.79065
c bounds -1402 >= -4462 @ 8.83162
c #Conflicts:      27000 | #Constraints:      16511
c bounds -1409 >= -4462 @ 9.51905
c bounds -1417 >= -4462 @ 9.53371
c bounds -1418 >= -4462 @ 9.57724
c bounds -1419 >= -4462 @ 9.58638
c bounds -1423 >= -4462 @ 9.59248
c bounds -1424 >= -4462 @ 9.64909
c bounds -1425 >= -4462 @ 9.78314
c bounds -1426 >= -4462 @ 9.95821
c bounds -1426 >= -4452 @ 9.96278
c bounds -1426 >= -4442 @ 9.96962
c bounds -1426 >= -4432 @ 9.97584
c bounds -1426 >= -4422 @ 9.97828
c #Conflicts:      28000 | #Constraints:      17534
c bounds -1426 >= -4412 @ 9.98304
c bounds -1426 >= -4402 @ 10.0068
c bounds -1426 >= -4392 @ 10.0128
c #Conflicts:      29000 | #Constraints:      18549
c bounds -1426 >= -4382 @ 10.1306
c bounds -1426 >= -4372 @ 10.1386
c bounds -1426 >= -4362 @ 10.146
c #Conflicts:      30000 | #Constraints:      19567
c #Conflicts:      31000 | #Constraints:      20567
c bounds -1426 >= -4352 @ 10.2508
c #Conflicts:      32000 | #Constraints:      21573
c #Conflicts:      33000 | #Constraints:      22573
c INPROCESSING
c GARBAGE COLLECT
c #Conflicts:      34000 | #Constraints:      16079
c bounds -1427 >= -4352 @ 11.0249
c bounds -1428 >= -4352 @ 11.0508
c bounds -1429 >= -4352 @ 11.1475
c bounds -1429 >= -4344 @ 11.1487
c bounds -1429 >= -4336 @ 11.1497
c bounds -1429 >= -4328 @ 11.1507
c bounds -1429 >= -4320 @ 11.1517
c bounds -1429 >= -4312 @ 11.1527
c bounds -1429 >= -4304 @ 11.1538
c bounds -1429 >= -4296 @ 11.1554
c bounds -1429 >= -4288 @ 11.1557
c bounds -1429 >= -4280 @ 11.1565
c bounds -1429 >= -4272 @ 11.1565
c bounds -1429 >= -4264 @ 11.1575
c bounds -1429 >= -4256 @ 11.1585
c bounds -1429 >= -4248 @ 11.1607
c bounds -1429 >= -4240 @ 11.1627
c bounds -1429 >= -4232 @ 11.1654
c bounds -1429 >= -4224 @ 11.1681
c bounds -1429 >= -4216 @ 11.181
c bounds -1429 >= -4208 @ 11.1846
c bounds -1429 >= -4200 @ 11.1868
c bounds -1429 >= -4192 @ 11.1894
c bounds -1429 >= -4184 @ 11.1903
c bounds -1429 >= -4176 @ 11.1917
c bounds -1429 >= -4168 @ 11.1944
c bounds -1429 >= -4160 @ 11.201
c bounds -1429 >= -4152 @ 11.2142
c #Conflicts:      35000 | #Constraints:      17222
c #Conflicts:      36000 | #Constraints:      18222
c #Conflicts:      37000 | #Constraints:      19222
c bounds -1429 >= -4144 @ 11.6888
c bounds -1430 >= -4144 @ 11.7005
c bounds -1434 >= -4144 @ 11.7182
c bounds -1436 >= -4144 @ 11.9155
c bounds -1440 >= -4144 @ 11.9227
c bounds -1442 >= -4144 @ 12.0235
c bounds -1446 >= -4144 @ 12.0356
c bounds -1447 >= -4144 @ 12.1028
c bounds -1447 >= -4136 @ 12.1253
c #Conflicts:      38000 | #Constraints:      20271
c INPROCESSING
c GARBAGE COLLECT
c bounds -1447 >= -4128 @ 12.1611
c #Conflicts:      39000 | #Constraints:      15149
c bounds -1447 >= -4120 @ 12.3215
c bounds -1448 >= -4120 @ 12.3273
c bounds -1450 >= -4120 @ 12.431
c #Conflicts:      40000 | #Constraints:      16157
c bounds -1452 >= -4120 @ 12.7178
c bounds -1452 >= -4112 @ 12.7191
c bounds -1452 >= -4104 @ 12.7212
c bounds -1452 >= -4096 @ 12.7233
c bounds -1452 >= -4088 @ 12.7376
c #Conflicts:      41000 | #Constraints:      17200
c #Conflicts:      42000 | #Constraints:      18200
c INPROCESSING
c GARBAGE COLLECT
c bounds -1453 >= -4088 @ 13.2378
c #Conflicts:      43000 | #Constraints:      13695
c bounds -1455 >= -4088 @ 13.5812
c bounds -1455 >= -4082 @ 13.5832
c bounds -1455 >= -4076 @ 13.5839
c bounds -1455 >= -4070 @ 13.5854
c bounds -1455 >= -4064 @ 13.5875
c bounds -1455 >= -4058 @ 13.5885
c bounds -1455 >= -4052 @ 13.5905
c bounds -1455 >= -4046 @ 13.5927
c bounds -1455 >= -4040 @ 13.5969
c bounds -1455 >= -4034 @ 13.5989
c bounds -1455 >= -4028 @ 13.6006
c bounds -1455 >= -4022 @ 13.6016
c bounds -1455 >= -4016 @ 13.6041
c bounds -1455 >= -4008 @ 13.6066
c bounds -1455 >= -4002 @ 13.6457
c bounds -1455 >= -3996 @ 13.7827
c bounds -1455 >= -3990 @ 13.7857
c #Conflicts:      44000 | #Constraints:      14819
c #Conflicts:      45000 | #Constraints:      15819
c #Conflicts:      46000 | #Constraints:      16819
c #Conflicts:      47000 | #Constraints:      17819
c #Conflicts:      48000 | #Constraints:      18819
c INPROCESSING
c GARBAGE COLLECT
c bounds -1457 >= -3990 @ 15.4425
c bounds -1458 >= -3990 @ 15.446
c bounds -1462 >= -3990 @ 15.4504
c #Conflicts:      49000 | #Constraints:      14478
c #Conflicts:      50000 | #Constraints:      15478
c bounds -1463 >= -3990 @ 18.6172
c bounds -1463 >= -3986 @ 18.6179
c bounds -1463 >= -3982 @ 18.6196
c bounds -1463 >= -3978 @ 18.6212
c bounds -1463 >= -3974 @ 18.6223
c bounds -1463 >= -3970 @ 18.6228
c bounds -1463 >= -3966 @ 18.6243
c bounds -1463 >= -3962 @ 18.6259
c bounds -1463 >= -3958 @ 18.6268
c bounds -1463 >= -3954 @ 18.627
c bounds -1463 >= -3950 @ 18.6278
c bounds -1463 >= -3946 @ 18.6291
c bounds -1463 >= -3942 @ 18.6306
c bounds -1463 >= -3938 @ 18.6318
c bounds -1463 >= -3934 @ 18.6327
c bounds -1463 >= -3930 @ 18.6338
c bounds -1463 >= -3926 @ 18.634
c bounds -1463 >= -3922 @ 18.6348
c bounds -1463 >= -3918 @ 18.6358
c bounds -1463 >= -3914 @ 18.6367
c bounds -1463 >= -3910 @ 18.6378
c bounds -1463 >= -3906 @ 18.6379
c bounds -1463 >= -3902 @ 18.6394
c bounds -1463 >= -3898 @ 18.6401
c bounds -1463 >= -3894 @ 18.6418
c bounds -1463 >= -3890 @ 18.6428
c bounds -1463 >= -3886 @ 18.643
c bounds -1463 >= -3882 @ 18.6438
c bounds -1463 >= -3878 @ 18.6438
c bounds -1463 >= -3874 @ 18.6438
c bounds -1463 >= -3870 @ 18.6442
c bounds -1463 >= -3866 @ 18.6449
c bounds -1463 >= -3862 @ 18.6464
c bounds -1463 >= -3858 @ 18.647
c bounds -1463 >= -3854 @ 18.6478
c bounds -1463 >= -3850 @ 18.6494
c bounds -1463 >= -3846 @ 18.65
c bounds -1463 >= -3842 @ 18.6516
c bounds -1463 >= -3838 @ 18.6517
c bounds -1463 >= -3834 @ 18.6529
c bounds -1463 >= -3830 @ 18.6537
c bounds -1463 >= -3826 @ 18.654
c bounds -1463 >= -3822 @ 18.6556
c bounds -1463 >= -3818 @ 18.6567
c bounds -1463 >= -3814 @ 18.657
c bounds -1463 >= -3810 @ 18.6577
c bounds -1463 >= -3806 @ 18.6587
c bounds -1463 >= -3802 @ 18.6599
c bounds -1463 >= -3798 @ 18.6622
c bounds -1463 >= -3794 @ 18.6641
c bounds -1463 >= -3790 @ 18.6651
c bounds -1463 >= -3786 @ 18.666
c bounds -1463 >= -3782 @ 18.667
c bounds -1463 >= -3778 @ 18.6688
c bounds -1463 >= -3774 @ 18.6709
c bounds -1463 >= -3770 @ 18.6718
c bounds -1463 >= -3766 @ 18.6727
c bounds -1463 >= -3762 @ 18.6748
c bounds -1463 >= -3758 @ 18.6767
c bounds -1463 >= -3754 @ 18.6791
c bounds -1463 >= -3750 @ 18.6807
c bounds -1463 >= -3746 @ 18.6807
c bounds -1463 >= -3742 @ 18.6821
c bounds -1463 >= -3738 @ 18.6836
c bounds -1463 >= -3734 @ 18.6842
c bounds -1463 >= -3730 @ 18.6856
c bounds -1463 >= -3726 @ 18.6881
c bounds -1463 >= -3722 @ 18.6959
c bounds -1463 >= -3718 @ 18.6986
c bounds -1463 >= -3714 @ 18.7055
c bounds -1463 >= -3710 @ 18.709
c bounds -1463 >= -3706 @ 18.7155
c bounds -1463 >= -3702 @ 18.7216
c bounds -1463 >= -3698 @ 18.7288
c bounds -1463 >= -3694 @ 18.7395
c bounds -1463 >= -3690 @ 18.7523
c bounds -1463 >= -3686 @ 18.7653
c bounds -1463 >= -3682 @ 18.7831
c bounds -1463 >= -3678 @ 18.7911
c bounds -1463 >= -3674 @ 18.8194
c bounds -1463 >= -3670 @ 18.8371
c bounds -1463 >= -3666 @ 18.8596
c #Conflicts:      51000 | #Constraints:      17026
c bounds -1463 >= -3662 @ 18.8745
c bounds -1463 >= -3658 @ 18.9027
c bounds -1463 >= -3654 @ 18.9597
c bounds -1463 >= -3650 @ 19.0489
c #Conflicts:      52000 | #Constraints:      18110
c bounds -1463 >= -3646 @ 19.1675
c #Conflicts:      53000 | #Constraints:      19137
c bounds -1463 >= -3642 @ 19.3215
c bounds -1463 >= -3638 @ 19.5935
c #Conflicts:      54000 | #Constraints:      20200
c #Conflicts:      55000 | #Constraints:      21200
c bounds -1463 >= -3634 @ 20.0175
c #Conflicts:      56000 | #Constraints:      22239
c bounds -1463 >= -3630 @ 20.7061
c #Conflicts:      57000 | #Constraints:      23284
c #Conflicts:      58000 | #Constraints:      24284
c bounds -1463 >= -3626 @ 21.8368
c #Conflicts:      59000 | #Constraints:      25326
c #Conflicts:      60000 | #Constraints:      26326
c bounds -1464 >= -3626 @ 25.9354
c bounds -1464 >= -3622 @ 25.9397
c bounds -1464 >= -3618 @ 25.94
c bounds -1464 >= -3614 @ 25.9409
c bounds -1464 >= -3610 @ 25.9436
c bounds -1464 >= -3606 @ 25.946
c bounds -1464 >= -3602 @ 25.9504
c bounds -1464 >= -3598 @ 25.9559
c bounds -1464 >= -3594 @ 25.9582
c bounds -1464 >= -3590 @ 25.9609
c bounds -1464 >= -3586 @ 25.9624
c bounds -1464 >= -3582 @ 25.9643
c #Conflicts:      61000 | #Constraints:      27436
c bounds -1464 >= -3578 @ 25.9689
c bounds -1464 >= -3574 @ 25.9739
c bounds -1464 >= -3570 @ 25.9788
c bounds -1464 >= -3566 @ 25.9891
c bounds -1464 >= -3562 @ 25.9954
c bounds -1464 >= -3558 @ 26.0233
c #Conflicts:      62000 | #Constraints:      28520
c bounds -1464 >= -3554 @ 26.0971
c bounds -1464 >= -3550 @ 26.1466
c bounds -1464 >= -3546 @ 26.157
c #Conflicts:      63000 | #Constraints:      29583
c bounds -1464 >= -3542 @ 26.2501
c bounds -1464 >= -3538 @ 26.2518
c #Conflicts:      64000 | #Constraints:      30595
c #Conflicts:      65000 | #Constraints:      31595
c INPROCESSING
c GARBAGE COLLECT
c bounds -1464 >= -3534 @ 26.588
c bounds -1464 >= -3530 @ 26.5888
c bounds -1464 >= -3526 @ 26.6077
c bounds -1464 >= -3522 @ 26.6107
c bounds -1464 >= -3518 @ 26.6121
c bounds -1464 >= -3514 @ 26.6138
c bounds -1464 >= -3510 @ 26.6171
c bounds -1464 >= -3506 @ 26.6214
c bounds -1464 >= -3502 @ 26.6288
c bounds -1464 >= -3498 @ 26.6365
c bounds -1464 >= -3494 @ 26.6696
c #Conflicts:      66000 | #Constraints:      21298
c #Conflicts:      67000 | #Constraints:      22298
c bounds -1464 >= -3490 @ 27.2602
c #Conflicts:      68000 | #Constraints:      23337
c #Conflicts:      69000 | #Constraints:      24337
c #Conflicts:      70000 | #Constraints:      25337
c bounds -1464 >= -3486 @ 29.8211
c #Conflicts:      71000 | #Constraints:      26373
c INPROCESSING
c GARBAGE COLLECT
c #Conflicts:      72000 | #Constraints:      18473
c #Conflicts:      73000 | #Constraints:      19473
c #Conflicts:      74000 | #Constraints:      20473
c #Conflicts:      75000 | #Constraints:      21473
c #Conflicts:      76000 | #Constraints:      22473
c bounds -1464 >= -3482 @ 36.607
c #Conflicts:      77000 | #Constraints:      23530
c bounds -1465 >= -3482 @ 38.1272
c bounds -1466 >= -3482 @ 38.141
c #Conflicts:      78000 | #Constraints:      24532
c bounds -1467 >= -3482 @ 38.9874
c bounds -1468 >= -3482 @ 39.001
c bounds -1492 >= -3482 @ 39.3688
c bounds -1492 >= -3478 @ 39.3766
c bounds -1492 >= -3474 @ 39.3784
c #Conflicts:      79000 | #Constraints:      25556
c #Conflicts:      80000 | #Constraints:      26556
c #Conflicts:      81000 | #Constraints:      27556
c #Conflicts:      82000 | #Constraints:      28556
c #Conflicts:      83000 | #Constraints:      29556
c #Conflicts:      84000 | #Constraints:      30556
c bounds -1492 >= -3470 @ 48.1598
c #Conflicts:      85000 | #Constraints:      31601
c #Conflicts:      86000 | #Constraints:      32601
c bounds -1493 >= -3470 @ 49.966
c bounds -1497 >= -3470 @ 49.9858
c bounds -1498 >= -3470 @ 50.0053
c #Conflicts:      87000 | #Constraints:      33604
c #Conflicts:      88000 | #Constraints:      34604
c #Conflicts:      89000 | #Constraints:      35604
c #Conflicts:      90000 | #Constraints:      36604
c #Conflicts:      91000 | #Constraints:      37604
c bounds -1499 >= -3470 @ 78.4675
c INPROCESSING
c GARBAGE COLLECT
c #Conflicts:      92000 | #Constraints:      24080
c #Conflicts:      93000 | #Constraints:      25080
c #Conflicts:      94000 | #Constraints:      26080
c #Conflicts:      95000 | #Constraints:      27080
c #Conflicts:      96000 | #Constraints:      28080
c #Conflicts:      97000 | #Constraints:      29080
c #Conflicts:      98000 | #Constraints:      30080
c #Conflicts:      99000 | #Constraints:      31080
c INPROCESSING
c GARBAGE COLLECT
c #Conflicts:     100000 | #Constraints:      20967
c #Conflicts:     101000 | #Constraints:      21967
c #Conflicts:     102000 | #Constraints:      22967
c #Conflicts:     103000 | #Constraints:      23967
c #Conflicts:     104000 | #Constraints:      24967
c #Conflicts:     105000 | #Constraints:      25967
c bounds -1499 >= -3466 @ 96.0536
c #Conflicts:     106000 | #Constraints:      27045
c #Conflicts:     107000 | #Constraints:      28045
c INPROCESSING
c GARBAGE COLLECT
c #Conflicts:     108000 | #Constraints:      19509
c #Conflicts:     109000 | #Constraints:      20509
c #Conflicts:     110000 | #Constraints:      21509
c #Conflicts:     111000 | #Constraints:      22509
c #Conflicts:     112000 | #Constraints:      23509
c #Conflicts:     113000 | #Constraints:      24509
c #Conflicts:     114000 | #Constraints:      25509
c bounds -1499 >= -3462 @ 108.54
c #Conflicts:     115000 | #Constraints:      26572
c #Conflicts:     116000 | #Constraints:      27572
c #Conflicts:     117000 | #Constraints:      28572
c #Conflicts:     118000 | #Constraints:      29572
c #Conflicts:     119000 | #Constraints:      30572
c bounds -1499 >= -3458 @ 115.368
c #Conflicts:     120000 | #Constraints:      31611
c #Conflicts:     121000 | #Constraints:      32611
c #Conflicts:     122000 | #Constraints:      33611
c bounds -1499 >= -3454 @ 120.866
c #Conflicts:     123000 | #Constraints:      34656
c #Conflicts:     124000 | #Constraints:      35656
c #Conflicts:     125000 | #Constraints:      36656
c #Conflicts:     126000 | #Constraints:      37656
c bounds -1499 >= -3450 @ 126.769
c bounds -1500 >= -3450 @ 127.016
c bounds -1504 >= -3450 @ 127.124
c #Conflicts:     127000 | #Constraints:      38688
c #Conflicts:     128000 | #Constraints:      39688
c #Conflicts:     129000 | #Constraints:      40688
c bounds -1507 >= -3450 @ 140.358
c #Conflicts:     130000 | #Constraints:      41689
c #Conflicts:     131000 | #Constraints:      42689
c INPROCESSING
c GARBAGE COLLECT
c #Conflicts:     132000 | #Constraints:      26702
c #Conflicts:     133000 | #Constraints:      27702
c #Conflicts:     134000 | #Constraints:      28702
c #Conflicts:     135000 | #Constraints:      29702
c bounds -1507 >= -3446 @ 149.94
c #Conflicts:     136000 | #Constraints:      30753
c #Conflicts:     137000 | #Constraints:      31753
c #Conflicts:     138000 | #Constraints:      32753
c #Conflicts:     139000 | #Constraints:      33753
c #Conflicts:     140000 | #Constraints:      34753
c INPROCESSING
c GARBAGE COLLECT
c bounds -1508 >= -3446 @ 159.767
c #Conflicts:     141000 | #Constraints:      22670
c #Conflicts:     142000 | #Constraints:      23670
c #Conflicts:     143000 | #Constraints:      24670
c #Conflicts:     144000 | #Constraints:      25670
c #Conflicts:     145000 | #Constraints:      26670
c #Conflicts:     146000 | #Constraints:      27670
c #Conflicts:     147000 | #Constraints:      28670
c #Conflicts:     148000 | #Constraints:      29670
c #Conflicts:     149000 | #Constraints:      30670
c #Conflicts:     150000 | #Constraints:      31670
c INPROCESSING
c GARBAGE COLLECT
c bounds -1508 >= -3444 @ 205.75
c bounds -1508 >= -3442 @ 205.752
c bounds -1508 >= -3440 @ 205.754
c bounds -1508 >= -3438 @ 205.755
c bounds -1508 >= -3436 @ 205.756
c bounds -1508 >= -3434 @ 205.758
c bounds -1508 >= -3432 @ 205.759
c bounds -1508 >= -3430 @ 205.76
c bounds -1508 >= -3428 @ 205.762
c bounds -1508 >= -3426 @ 205.763
c bounds -1508 >= -3424 @ 205.766
c bounds -1508 >= -3422 @ 205.768
c bounds -1508 >= -3420 @ 205.771
c bounds -1508 >= -3418 @ 205.773
c bounds -1508 >= -3416 @ 205.775
c bounds -1508 >= -3414 @ 205.781
c bounds -1508 >= -3412 @ 205.782
c bounds -1508 >= -3410 @ 205.784
c bounds -1508 >= -3408 @ 205.787
c bounds -1508 >= -3406 @ 205.791
c bounds -1508 >= -3404 @ 205.795
c bounds -1508 >= -3402 @ 205.799
c bounds -1508 >= -3400 @ 205.806
c bounds -1508 >= -3398 @ 205.812
c bounds -1508 >= -3396 @ 205.817
c bounds -1508 >= -3394 @ 205.83
c bounds -1508 >= -3392 @ 205.835
c bounds -1508 >= -3390 @ 205.846
c bounds -1508 >= -3388 @ 205.847
c bounds -1508 >= -3386 @ 205.851
c bounds -1508 >= -3384 @ 205.881
c bounds -1508 >= -3382 @ 205.925
c #Conflicts:     151000 | #Constraints:      21871
c #Conflicts:     152000 | #Constraints:      22871
c #Conflicts:     153000 | #Constraints:      23871
c bounds -1508 >= -3380 @ 208.994
c #Conflicts:     154000 | #Constraints:      24907
c bounds -1508 >= -3378 @ 209.646
c #Conflicts:     155000 | #Constraints:      25934
c bounds -1508 >= -3376 @ 210.411
c #Conflicts:     156000 | #Constraints:      26961
c bounds -1508 >= -3374 @ 211.04
c #Conflicts:     157000 | #Constraints:      27994
c bounds -1508 >= -3372 @ 212.146
c #Conflicts:     158000 | #Constraints:      29018
c bounds -1508 >= -3370 @ 213.237
c #Conflicts:     159000 | #Constraints:      30048
c bounds -1508 >= -3368 @ 214.412
c #Conflicts:     160000 | #Constraints:      31087
c #Conflicts:     161000 | #Constraints:      32087
c bounds -1508 >= -3366 @ 215.337
c bounds -1508 >= -3364 @ 216.076
c #Conflicts:     162000 | #Constraints:      33135
c #Conflicts:     163000 | #Constraints:      34135
c bounds -1508 >= -3362 @ 217.711
c #Conflicts:     164000 | #Constraints:      35177
c bounds -1508 >= -3360 @ 219.514
c #Conflicts:     165000 | #Constraints:      36222
c #Conflicts:     166000 | #Constraints:      37222
c #Conflicts:     167000 | #Constraints:      38222
c bounds -1508 >= -3358 @ 223.366
c #Conflicts:     168000 | #Constraints:      39285
c #Conflicts:     169000 | #Constraints:      40285
c bounds -1508 >= -3356 @ 226.536
c #Conflicts:     170000 | #Constraints:      41318
c #Conflicts:     171000 | #Constraints:      42318
c #Conflicts:     172000 | #Constraints:      43318
c #Conflicts:     173000 | #Constraints:      44318
c bounds -1508 >= -3354 @ 232.692
c #Conflicts:     174000 | #Constraints:      45387
c #Conflicts:     175000 | #Constraints:      46387
c bounds -1508 >= -3352 @ 235.437
c #Conflicts:     176000 | #Constraints:      47432
c #Conflicts:     177000 | #Constraints:      48432
c bounds -1508 >= -3350 @ 239.047
c #Conflicts:     178000 | #Constraints:      49474
c INPROCESSING
c GARBAGE COLLECT
c #Conflicts:     179000 | #Constraints:      30310
c #Conflicts:     180000 | #Constraints:      31310
c bounds -1508 >= -3348 @ 243.759
c #Conflicts:     181000 | #Constraints:      32349
c #Conflicts:     182000 | #Constraints:      33349
c #Conflicts:     183000 | #Constraints:      34349
c bounds -1508 >= -3346 @ 249.176
c #Conflicts:     184000 | #Constraints:      35388
c #Conflicts:     185000 | #Constraints:      36388
c #Conflicts:     186000 | #Constraints:      37388
c bounds -1508 >= -3344 @ 255.115
c #Conflicts:     187000 | #Constraints:      38430
c #Conflicts:     188000 | #Constraints:      39430
c #Conflicts:     189000 | #Constraints:      40430
c INPROCESSING
c GARBAGE COLLECT
c #Conflicts:     190000 | #Constraints:      26013
c #Conflicts:     191000 | #Constraints:      27013
c #Conflicts:     192000 | #Constraints:      28013
c #Conflicts:     193000 | #Constraints:      29013
c bounds -1508 >= -3342 @ 265.93
c bounds -1508 >= -3340 @ 266.531
c bounds -1508 >= -3338 @ 266.535
c bounds -1508 >= -3336 @ 266.536
c bounds -1508 >= -3334 @ 266.537
c bounds -1508 >= -3332 @ 266.538
c bounds -1508 >= -3330 @ 266.542
c bounds -1508 >= -3328 @ 266.546
c bounds -1508 >= -3326 @ 266.558
c bounds -1508 >= -3324 @ 266.564
c bounds -1508 >= -3322 @ 266.571
c bounds -1508 >= -3320 @ 266.576
c #Conflicts:     194000 | #Constraints:      30241
c bounds -1508 >= -3318 @ 266.594
c bounds -1508 >= -3316 @ 266.596
c bounds -1508 >= -3314 @ 266.599
c bounds -1508 >= -3312 @ 266.6
c bounds -1508 >= -3310 @ 266.605
c bounds -1508 >= -3308 @ 266.607
c bounds -1508 >= -3306 @ 266.608
c bounds -1508 >= -3304 @ 266.609
c bounds -1508 >= -3302 @ 266.613
c bounds -1508 >= -3300 @ 266.618
c bounds -1508 >= -3298 @ 266.627
c bounds -1508 >= -3296 @ 266.64
c bounds -1508 >= -3294 @ 266.66
c #Conflicts:     195000 | #Constraints:      31427
c bounds -1508 >= -3292 @ 266.703
c bounds -1508 >= -3290 @ 266.782
c #Conflicts:     196000 | #Constraints:      32490
c bounds -1508 >= -3288 @ 266.915
c bounds -1508 >= -3286 @ 267.036
c #Conflicts:     197000 | #Constraints:      33571
c bounds -1508 >= -3284 @ 267.297
c #Conflicts:     198000 | #Constraints:      34604
c #Conflicts:     199000 | #Constraints:      35604
c bounds -1508 >= -3282 @ 267.713
c #Conflicts:     200000 | #Constraints:      36646
c bounds -1508 >= -3280 @ 268.198
c #Conflicts:     201000 | #Constraints:      37670
c #Conflicts:     202000 | #Constraints:      38670
c bounds -1508 >= -3278 @ 268.807
c #Conflicts:     203000 | #Constraints:      39691
c #Conflicts:     204000 | #Constraints:      40691
c bounds -1508 >= -3276 @ 269.804
c #Conflicts:     205000 | #Constraints:      41736
c #Conflicts:     206000 | #Constraints:      42736
c #Conflicts:     207000 | #Constraints:      43736
c bounds -1508 >= -3274 @ 271.724
c #Conflicts:     208000 | #Constraints:      44775
c #Conflicts:     209000 | #Constraints:      45775
c #Conflicts:     210000 | #Constraints:      46775
c #Conflicts:     211000 | #Constraints:      47775
c bounds -1508 >= -3272 @ 274.498
c #Conflicts:     212000 | #Constraints:      48808
c #Conflicts:     213000 | #Constraints:      49808
c #Conflicts:     214000 | #Constraints:      50808
c #Conflicts:     215000 | #Constraints:      51808
c #Conflicts:     216000 | #Constraints:      52808
c bounds -1508 >= -3270 @ 277.98
c #Conflicts:     217000 | #Constraints:      53847
c #Conflicts:     218000 | #Constraints:      54847
c #Conflicts:     219000 | #Constraints:      55847
c #Conflicts:     220000 | #Constraints:      56847
c INPROCESSING
c GARBAGE COLLECT
c #Conflicts:     221000 | #Constraints:      34120
c #Conflicts:     222000 | #Constraints:      35120
c #Conflicts:     223000 | #Constraints:      36120
c #Conflicts:     224000 | #Constraints:      37120
c #Conflicts:     225000 | #Constraints:      38120
c bounds -1508 >= -3268 @ 286.423
c #Conflicts:     226000 | #Constraints:      39147
c #Conflicts:     227000 | #Constraints:      40147
c #Conflicts:     228000 | #Constraints:      41147
c #Conflicts:     229000 | #Constraints:      42147
c #Conflicts:     230000 | #Constraints:      43147
c #Conflicts:     231000 | #Constraints:      44147
c #Conflicts:     232000 | #Constraints:      45147
c INPROCESSING
c GARBAGE COLLECT
c #Conflicts:     233000 | #Constraints:      28293
c #Conflicts:     234000 | #Constraints:      29293
c #Conflicts:     235000 | #Constraints:      30293
c #Conflicts:     236000 | #Constraints:      31293
c #Conflicts:     237000 | #Constraints:      32293
c bounds -1540 >= -3268 @ 309.691
c bounds -1540 >= -3267 @ 309.693
c bounds -1540 >= -3266 @ 309.694
c bounds -1540 >= -3265 @ 309.696
c bounds -1540 >= -3264 @ 309.697
c bounds -1540 >= -3263 @ 309.699
c bounds -1540 >= -3262 @ 309.7
c bounds -1540 >= -3261 @ 309.701
c bounds -1540 >= -3260 @ 309.702
c bounds -1540 >= -3259 @ 309.703
c bounds -1540 >= -3258 @ 309.704
c bounds -1540 >= -3257 @ 309.707
c bounds -1540 >= -3256 @ 309.709
c bounds -1540 >= -3255 @ 309.71
c bounds -1540 >= -3254 @ 309.718
c bounds -1540 >= -3253 @ 309.72
c bounds -1540 >= -3252 @ 309.724
c bounds -1540 >= -3251 @ 309.726
c bounds -1540 >= -3250 @ 309.728
c bounds -1540 >= -3249 @ 309.732
c bounds -1540 >= -3248 @ 309.733
c bounds -1540 >= -3247 @ 309.737
c bounds -1540 >= -3246 @ 309.74
c bounds -1540 >= -3245 @ 309.745
c bounds -1540 >= -3244 @ 309.749
c bounds -1540 >= -3243 @ 309.759
c bounds -1540 >= -3242 @ 309.772
c bounds -1540 >= -3241 @ 309.779
c bounds -1540 >= -3240 @ 309.786
c bounds -1540 >= -3239 @ 309.795
c bounds -1540 >= -3238 @ 309.807
c bounds -1540 >= -3237 @ 309.828
c bounds -1540 >= -3236 @ 309.861
c #Conflicts:     238000 | #Constraints:      33565
c bounds -1540 >= -3235 @ 309.901
c bounds -1540 >= -3234 @ 309.963
c bounds -1540 >= -3233 @ 310.035
c bounds -1540 >= -3232 @ 310.127
c #Conflicts:     239000 | #Constraints:      34682
c bounds -1540 >= -3231 @ 310.225
c bounds -1540 >= -3230 @ 310.335
c #Conflicts:     240000 | #Constraints:      35748
c bounds -1540 >= -3229 @ 310.544
c #Conflicts:     241000 | #Constraints:      36787
c bounds -1540 >= -3228 @ 310.798
c #Conflicts:     242000 | #Constraints:      37829
c bounds -1540 >= -3227 @ 311.202
c #Conflicts:     243000 | #Constraints:      38865
c bounds -1540 >= -3226 @ 311.746
c #Conflicts:     244000 | #Constraints:      39916
c bounds -1540 >= -3225 @ 312.41
c #Conflicts:     245000 | #Constraints:      40946
c #Conflicts:     246000 | #Constraints:      41946
c bounds -1540 >= -3224 @ 313.181
c #Conflicts:     247000 | #Constraints:      42994
c bounds -1540 >= -3223 @ 314.223
c #Conflicts:     248000 | #Constraints:      44045
c #Conflicts:     249000 | #Constraints:      45045
c #Conflicts:     250000 | #Constraints:      46045
c bounds -1540 >= -3222 @ 315.803
c #Conflicts:     251000 | #Constraints:      47081
c #Conflicts:     252000 | #Constraints:      48081
c #Conflicts:     253000 | #Constraints:      49081
c bounds -1540 >= -3221 @ 318.329
c #Conflicts:     254000 | #Constraints:      50111
c #Conflicts:     255000 | #Constraints:      51111
c #Conflicts:     256000 | #Constraints:      52111
c bounds -1540 >= -3220 @ 321.544
c #Conflicts:     257000 | #Constraints:      53138
c #Conflicts:     258000 | #Constraints:      54138
c #Conflicts:     259000 | #Constraints:      55138
c #Conflicts:     260000 | #Constraints:      56138
c #Conflicts:     261000 | #Constraints:      57138
c bounds -1540 >= -3219 @ 326.369
c #Conflicts:     262000 | #Constraints:      58186
c #Conflicts:     263000 | #Constraints:      59186
c #Conflicts:     264000 | #Constraints:      60186
c #Conflicts:     265000 | #Constraints:      61186
c #Conflicts:     266000 | #Constraints:      62186
c #Conflicts:     267000 | #Constraints:      63186
c bounds -1540 >= -3218 @ 334.168
c INPROCESSING
c GARBAGE COLLECT
c #Conflicts:     268000 | #Constraints:      37766
c #Conflicts:     269000 | #Constraints:      38766
c #Conflicts:     270000 | #Constraints:      39766
c #Conflicts:     271000 | #Constraints:      40766
c #Conflicts:     272000 | #Constraints:      41766
c #Conflicts:     273000 | #Constraints:      42766
c #Conflicts:     274000 | #Constraints:      43766
c #Conflicts:     275000 | #Constraints:      44766
c bounds -1540 >= -3217 @ 343.799
c bounds -1544 >= -3217 @ 343.978
c bounds -1552 >= -3217 @ 344.01
c bounds -1560 >= -3217 @ 344.041
c bounds -1561 >= -3217 @ 344.561
c bounds -1562 >= -3217 @ 344.591
c #Conflicts:     276000 | #Constraints:      45828
c bounds -1563 >= -3217 @ 344.856
c bounds -1567 >= -3217 @ 345.053
c bounds -1569 >= -3217 @ 345.185
c bounds -1570 >= -3217 @ 345.458
c bounds -1572 >= -3217 @ 345.492
c bounds -1573 >= -3217 @ 345.596
c bounds -1577 >= -3217 @ 346.004
c bounds -1578 >= -3217 @ 346.6
c bounds -1584 >= -3217 @ 346.874
c #Conflicts:     277000 | #Constraints:      46837
c #Conflicts:     278000 | #Constraints:      47837
c #Conflicts:     279000 | #Constraints:      48837
c #Conflicts:     280000 | #Constraints:      49837
c INPROCESSING
c GARBAGE COLLECT
c bounds -1584 >= -3216 @ 384.271
c bounds -1584 >= -3215 @ 384.273
c bounds -1584 >= -3214 @ 384.276
c bounds -1584 >= -3213 @ 384.278
c bounds -1584 >= -3212 @ 384.279
c bounds -1584 >= -3211 @ 384.28
c bounds -1584 >= -3210 @ 384.284
c bounds -1584 >= -3209 @ 384.286
c bounds -1584 >= -3208 @ 384.288
c bounds -1584 >= -3207 @ 384.29
c bounds -1584 >= -3206 @ 384.292
c bounds -1584 >= -3205 @ 384.298
c bounds -1584 >= -3204 @ 384.302
c #Conflicts:     281000 | #Constraints:      31259
c bounds -1584 >= -3203 @ 384.307
c bounds -1584 >= -3202 @ 384.314
c bounds -1584 >= -3201 @ 384.32
c bounds -1584 >= -3200 @ 384.331
c bounds -1584 >= -3199 @ 384.346
c bounds -1584 >= -3198 @ 384.367
c bounds -1584 >= -3197 @ 384.389
c bounds -1584 >= -3196 @ 384.42
c #Conflicts:     282000 | #Constraints:      32478
c bounds -1584 >= -3195 @ 384.448
c bounds -1584 >= -3194 @ 384.482
c bounds -1584 >= -3193 @ 384.516
c bounds -1584 >= -3192 @ 384.538
c bounds -1584 >= -3191 @ 384.562
c #Conflicts:     283000 | #Constraints:      33628
c bounds -1584 >= -3190 @ 384.615
c bounds -1584 >= -3189 @ 384.667
c bounds -1584 >= -3188 @ 384.723
c bounds -1584 >= -3187 @ 384.837
c #Conflicts:     284000 | #Constraints:      34757
c bounds -1584 >= -3186 @ 384.932
c bounds -1584 >= -3185 @ 385.002
c bounds -1584 >= -3184 @ 385.092
c #Conflicts:     285000 | #Constraints:      35856
c bounds -1584 >= -3183 @ 385.311
c #Conflicts:     286000 | #Constraints:      36895
c bounds -1584 >= -3182 @ 385.653
c #Conflicts:     287000 | #Constraints:      37928
c bounds -1584 >= -3181 @ 385.967
c #Conflicts:     288000 | #Constraints:      38964
c bounds -1584 >= -3180 @ 386.326
c #Conflicts:     289000 | #Constraints:      39997
c bounds -1584 >= -3179 @ 386.848
c #Conflicts:     290000 | #Constraints:      41024
c #Conflicts:     291000 | #Constraints:      42024
c bounds -1584 >= -3178 @ 387.672
c #Conflicts:     292000 | #Constraints:      43066
c bounds -1584 >= -3177 @ 387.839
c bounds -1584 >= -3176 @ 387.844
c bounds -1584 >= -3175 @ 387.848
c bounds -1584 >= -3174 @ 387.853
c bounds -1584 >= -3173 @ 387.857
c bounds -1584 >= -3172 @ 387.863
c bounds -1584 >= -3171 @ 387.864
c bounds -1584 >= -3170 @ 387.865
c bounds -1584 >= -3169 @ 387.867
c bounds -1584 >= -3168 @ 387.87
c bounds -1584 >= -3167 @ 387.872
c bounds -1584 >= -3166 @ 387.875
c bounds -1584 >= -3165 @ 387.881
c bounds -1584 >= -3164 @ 387.89
c bounds -1584 >= -3163 @ 387.898
c bounds -1584 >= -3162 @ 387.917
c bounds -1584 >= -3161 @ 387.941
c bounds -1584 >= -3160 @ 387.966
c bounds -1584 >= -3159 @ 387.98
c bounds -1584 >= -3158 @ 388.006
c #Conflicts:     293000 | #Constraints:      44360
c bounds -1584 >= -3157 @ 388.106
c bounds -1584 >= -3156 @ 388.177
c bounds -1584 >= -3155 @ 388.244
c #Conflicts:     294000 | #Constraints:      45435
c bounds -1584 >= -3154 @ 388.392
c bounds -1584 >= -3153 @ 388.667
c #Conflicts:     295000 | #Constraints:      46495
c bounds -1584 >= -3152 @ 389.134
c #Conflicts:     296000 | #Constraints:      47528
c #Conflicts:     297000 | #Constraints:      48528
c bounds -1584 >= -3151 @ 389.942
c #Conflicts:     298000 | #Constraints:      49558
c bounds -1584 >= -3150 @ 391.064
c #Conflicts:     299000 | #Constraints:      50588
c #Conflicts:     300000 | #Constraints:      51588
c #Conflicts:     301000 | #Constraints:      52588
c bounds -1584 >= -3149 @ 394.115
c #Conflicts:     302000 | #Constraints:      53630
c #Conflicts:     303000 | #Constraints:      54630
c #Conflicts:     304000 | #Constraints:      55630
c #Conflicts:     305000 | #Constraints:      56630
c #Conflicts:     306000 | #Constraints:      57630
c #Conflicts:     307000 | #Constraints:      58630
c #Conflicts:     308000 | #Constraints:      59630
c bounds -1584 >= -3148 @ 404.525
c #Conflicts:     309000 | #Constraints:      60672
c #Conflicts:     310000 | #Constraints:      61672
c #Conflicts:     311000 | #Constraints:      62672
c #Conflicts:     312000 | #Constraints:      63672
c #Conflicts:     313000 | #Constraints:      64672
c #Conflicts:     314000 | #Constraints:      65672
c #Conflicts:     315000 | #Constraints:      66672
c #Conflicts:     316000 | #Constraints:      67672
c bounds -1584 >= -3147 @ 424.469
c #Conflicts:     317000 | #Constraints:      68717
c #Conflicts:     318000 | #Constraints:      69717
c INPROCESSING
c GARBAGE COLLECT
c #Conflicts:     319000 | #Constraints:      41466
c #Conflicts:     320000 | #Constraints:      42466
c #Conflicts:     321000 | #Constraints:      43466
c #Conflicts:     322000 | #Constraints:      44466
c #Conflicts:     323000 | #Constraints:      45466
c #Conflicts:     324000 | #Constraints:      46466
c #Conflicts:     325000 | #Constraints:      47466
c #Conflicts:     326000 | #Constraints:      48466
c bounds -1584 >= -3146 @ 444.269
c #Conflicts:     327000 | #Constraints:      49511
c #Conflicts:     328000 | #Constraints:      50511
c #Conflicts:     329000 | #Constraints:      51511
c #Conflicts:     330000 | #Constraints:      52511
c #Conflicts:     331000 | #Constraints:      53511
c #Conflicts:     332000 | #Constraints:      54511
c #Conflicts:     333000 | #Constraints:      55511
c INPROCESSING
c GARBAGE COLLECT
c #Conflicts:     334000 | #Constraints:      36558
c #Conflicts:     335000 | #Constraints:      37558
c #Conflicts:     336000 | #Constraints:      38558
c #Conflicts:     337000 | #Constraints:      39558
c #Conflicts:     338000 | #Constraints:      40558
c #Conflicts:     339000 | #Constraints:      41558
c bounds -1584 >= -3145 @ 469.565
c #Conflicts:     340000 | #Constraints:      42609
c #Conflicts:     341000 | #Constraints:      43609
c #Conflicts:     342000 | #Constraints:      44609
c #Conflicts:     343000 | #Constraints:      45609
c #Conflicts:     344000 | #Constraints:      46609
c #Conflicts:     345000 | #Constraints:      47609
c bounds -1594 >= -3145 @ 523.631
c bounds -1594 >= -3144 @ 523.641
c bounds -1594 >= -3143 @ 523.642
c bounds -1594 >= -3142 @ 523.644
c bounds -1594 >= -3141 @ 523.646
c #Conflicts:     346000 | #Constraints:      48646
c #Conflicts:     347000 | #Constraints:      49646
c #Conflicts:     348000 | #Constraints:      50646
c #Conflicts:     349000 | #Constraints:      51646
c #Conflicts:     350000 | #Constraints:      52646
c #Conflicts:     351000 | #Constraints:      53646
c #Conflicts:     352000 | #Constraints:      54646
c #Conflicts:     353000 | #Constraints:      55646
c #Conflicts:     354000 | #Constraints:      56646
c #Conflicts:     355000 | #Constraints:      57646
c #Conflicts:     356000 | #Constraints:      58646
c #Conflicts:     357000 | #Constraints:      59646
c #Conflicts:     358000 | #Constraints:      60646
c #Conflicts:     359000 | #Constraints:      61646
c bounds -1594 >= -3140 @ 566.078
c #Conflicts:     360000 | #Constraints:      62703
c #Conflicts:     361000 | #Constraints:      63703
c #Conflicts:     362000 | #Constraints:      64703
c #Conflicts:     363000 | #Constraints:      65703
c #Conflicts:     364000 | #Constraints:      66703
c #Conflicts:     365000 | #Constraints:      67703
c #Conflicts:     366000 | #Constraints:      68703
c #Conflicts:     367000 | #Constraints:      69703
c #Conflicts:     368000 | #Constraints:      70703
c #Conflicts:     369000 | #Constraints:      71703
c #Conflicts:     370000 | #Constraints:      72703
c #Conflicts:     371000 | #Constraints:      73703
c #Conflicts:     372000 | #Constraints:      74703
c #Conflicts:     373000 | #Constraints:      75703
c bounds -1594 >= -3139 @ 647.033
c bounds -1595 >= -3139 @ 647.271
c bounds -1596 >= -3139 @ 648.032
c bounds -1597 >= -3139 @ 648.324
c bounds -1598 >= -3139 @ 648.442
c bounds -1599 >= -3139 @ 648.547
c bounds -1600 >= -3139 @ 648.652
c bounds -1601 >= -3139 @ 648.753
c bounds -1602 >= -3139 @ 648.856
c #Conflicts:     374000 | #Constraints:      76741
c INPROCESSING
c GARBAGE COLLECT
c #Conflicts:     375000 | #Constraints:      45425
c #Conflicts:     376000 | #Constraints:      46425
c bounds -1604 >= -3139 @ 670.836
c #Conflicts:     377000 | #Constraints:      47426
c bounds -1606 >= -3139 @ 675.942
c #Conflicts:     378000 | #Constraints:      48427
c #Conflicts:     379000 | #Constraints:      49427
c #Conflicts:     380000 | #Constraints:      50427
c #Conflicts:     381000 | #Constraints:      51427
c #Conflicts:     382000 | #Constraints:      52427
c #Conflicts:     383000 | #Constraints:      53427
c bounds -1628 >= -3139 @ 799.103
c #Conflicts:     384000 | #Constraints:      54428
c #Conflicts:     385000 | #Constraints:      55428
c #Conflicts:     386000 | #Constraints:      56428
c #Conflicts:     387000 | #Constraints:      57428
c #Conflicts:     388000 | #Constraints:      58428
c #Conflicts:     389000 | #Constraints:      59428
c #Conflicts:     390000 | #Constraints:      60428
c INPROCESSING
c GARBAGE COLLECT
c #Conflicts:     391000 | #Constraints:      39437
c #Conflicts:     392000 | #Constraints:      40437
c #Conflicts:     393000 | #Constraints:      41437
c #Conflicts:     394000 | #Constraints:      42437
c #Conflicts:     395000 | #Constraints:      43437
c #Conflicts:     396000 | #Constraints:      44437
c bounds -1628 >= -3138 @ 833.078
c #Conflicts:     397000 | #Constraints:      45503
c #Conflicts:     398000 | #Constraints:      46503
c #Conflicts:     399000 | #Constraints:      47503
c #Conflicts:     400000 | #Constraints:      48503
c #Conflicts:     401000 | #Constraints:      49503
c bounds -1628 >= -3137 @ 849.317
c #Conflicts:     402000 | #Constraints:      50578
c #Conflicts:     403000 | #Constraints:      51578
c #Conflicts:     404000 | #Constraints:      52578
c #Conflicts:     405000 | #Constraints:      53578
c #Conflicts:     406000 | #Constraints:      54578
c #Conflicts:     407000 | #Constraints:      55578
c #Conflicts:     408000 | #Constraints:      56578
c bounds -1628 >= -3136 @ 880.172
c #Conflicts:     409000 | #Constraints:      57644
c #Conflicts:     410000 | #Constraints:      58644
c #Conflicts:     411000 | #Constraints:      59644
c #Conflicts:     412000 | #Constraints:      60644
c #Conflicts:     413000 | #Constraints:      61644
c #Conflicts:     414000 | #Constraints:      62644
c #Conflicts:     415000 | #Constraints:      63644
c #Conflicts:     416000 | #Constraints:      64644
c #Conflicts:     417000 | #Constraints:      65644
c #Conflicts:     418000 | #Constraints:      66644
c bounds -1628 >= -3135 @ 943.866
c #Conflicts:     419000 | #Constraints:      67686
c #Conflicts:     420000 | #Constraints:      68686
c bounds -1632 >= -3135 @ 945.268
c bounds -1633 >= -3135 @ 945.337
c bounds -1635 >= -3135 @ 945.398
c bounds -1636 >= -3135 @ 945.456
c bounds -1638 >= -3135 @ 945.513
c bounds -1639 >= -3135 @ 945.571
c bounds -1643 >= -3135 @ 945.628
c bounds -1645 >= -3135 @ 945.685
c bounds -1646 >= -3135 @ 945.741
c bounds -1650 >= -3135 @ 945.798
c bounds -1654 >= -3135 @ 945.855
c bounds -1656 >= -3135 @ 945.91
c #Conflicts:     421000 | #Constraints:      69698
c bounds -1658 >= -3135 @ 946.436
c #Conflicts:     422000 | #Constraints:      70699
c bounds -1660 >= -3135 @ 956.692
c #Conflicts:     423000 | #Constraints:      71700
c #Conflicts:     424000 | #Constraints:      72700
c #Conflicts:     425000 | #Constraints:      73700
c #Conflicts:     426000 | #Constraints:      74700
c #Conflicts:     427000 | #Constraints:      75700
c #Conflicts:     428000 | #Constraints:      76700
c #Conflicts:     429000 | #Constraints:      77700
c #Conflicts:     430000 | #Constraints:      78700
c #Conflicts:     431000 | #Constraints:      79700
c #Conflicts:     432000 | #Constraints:      80700
c #Conflicts:     433000 | #Constraints:      81700
c #Conflicts:     434000 | #Constraints:      82700
c INPROCESSING
c GARBAGE COLLECT
c bounds -1660 >= -3134 @ 1102.2
c bounds -1660 >= -3133 @ 1102.22
c bounds -1660 >= -3132 @ 1102.24
c bounds -1660 >= -3131 @ 1102.26
c bounds -1660 >= -3130 @ 1102.29
c bounds -1660 >= -3129 @ 1102.38
c #Conflicts:     435000 | #Constraints:      48618
c bounds -1660 >= -3128 @ 1102.56
c #Conflicts:     436000 | #Constraints:      49645
c bounds -1660 >= -3127 @ 1102.97
c #Conflicts:     437000 | #Constraints:      50672
c bounds -1660 >= -3126 @ 1103.19
c #Conflicts:     438000 | #Constraints:      51696
c #Conflicts:     439000 | #Constraints:      52696
c bounds -1660 >= -3125 @ 1103.85
c #Conflicts:     440000 | #Constraints:      53726
c #Conflicts:     441000 | #Constraints:      54726
c bounds -1660 >= -3124 @ 1104.86
c #Conflicts:     442000 | #Constraints:      55759
c #Conflicts:     443000 | #Constraints:      56759
c #Conflicts:     444000 | #Constraints:      57759
c bounds -1660 >= -3123 @ 1106.79
c #Conflicts:     445000 | #Constraints:      58795
c #Conflicts:     446000 | #Constraints:      59795
c #Conflicts:     447000 | #Constraints:      60795
c bounds -1660 >= -3122 @ 1108.77
c #Conflicts:     448000 | #Constraints:      61837
c #Conflicts:     449000 | #Constraints:      62837
c #Conflicts:     450000 | #Constraints:      63837
c #Conflicts:     451000 | #Constraints:      64837
c INPROCESSING
c GARBAGE COLLECT
c #Conflicts:     452000 | #Constraints:      42504
c #Conflicts:     453000 | #Constraints:      43504
c #Conflicts:     454000 | #Constraints:      44504
c #Conflicts:     455000 | #Constraints:      45504
c bounds -1660 >= -3121 @ 1113
c #Conflicts:     456000 | #Constraints:      46567
c #Conflicts:     457000 | #Constraints:      47567
c #Conflicts:     458000 | #Constraints:      48567
c #Conflicts:     459000 | #Constraints:      49567
c bounds -1660 >= -3120 @ 1115.25
c #Conflicts:     460000 | #Constraints:      50603
c #Conflicts:     461000 | #Constraints:      51603
c #Conflicts:     462000 | #Constraints:      52603
c #Conflicts:     463000 | #Constraints:      53603
c #Conflicts:     464000 | #Constraints:      54603
c bounds -1660 >= -3119 @ 1118.92
c #Conflicts:     465000 | #Constraints:      55651
c #Conflicts:     466000 | #Constraints:      56651
c #Conflicts:     467000 | #Constraints:      57651
c #Conflicts:     468000 | #Constraints:      58651
c #Conflicts:     469000 | #Constraints:      59651
c #Conflicts:     470000 | #Constraints:      60651
c #Conflicts:     471000 | #Constraints:      61651
c bounds -1660 >= -3118 @ 1124.97
c #Conflicts:     472000 | #Constraints:      62699
c #Conflicts:     473000 | #Constraints:      63699
c #Conflicts:     474000 | #Constraints:      64699
c #Conflicts:     475000 | #Constraints:      65699
c #Conflicts:     476000 | #Constraints:      66699
c #Conflicts:     477000 | #Constraints:      67699
c #Conflicts:     478000 | #Constraints:      68699
c bounds -1660 >= -3117 @ 1133.6
c #Conflicts:     479000 | #Constraints:      69747
c #Conflicts:     480000 | #Constraints:      70747
c #Conflicts:     481000 | #Constraints:      71747
c #Conflicts:     482000 | #Constraints:      72747
c #Conflicts:     483000 | #Constraints:      73747
c #Conflicts:     484000 | #Constraints:      74747
c #Conflicts:     485000 | #Constraints:      75747
c #Conflicts:     486000 | #Constraints:      76747
c #Conflicts:     487000 | #Constraints:      77747
c #Conflicts:     488000 | #Constraints:      78747
c #Conflicts:     489000 | #Constraints:      79747
c #Conflicts:     490000 | #Constraints:      80747
c #Conflicts:     491000 | #Constraints:      81747
c #Conflicts:     492000 | #Constraints:      82747
c #Conflicts:     493000 | #Constraints:      83747
c #Conflicts:     494000 | #Constraints:      84747
c #Conflicts:     495000 | #Constraints:      85747
c #Conflicts:     496000 | #Constraints:      86747
c #Conflicts:     497000 | #Constraints:      87747
c #Conflicts:     498000 | #Constraints:      88747
c INPROCESSING
c GARBAGE COLLECT
c #Conflicts:     499000 | #Constraints:      51438
c #Conflicts:     500000 | #Constraints:      52438
c bounds -1660 >= -3116 @ 1216.54
c #Conflicts:     501000 | #Constraints:      53486
c #Conflicts:     502000 | #Constraints:      54486
c #Conflicts:     503000 | #Constraints:      55486
c #Conflicts:     504000 | #Constraints:      56486
c #Conflicts:     505000 | #Constraints:      57486
c #Conflicts:     506000 | #Constraints:      58486
c #Conflicts:     507000 | #Constraints:      59486
c #Conflicts:     508000 | #Constraints:      60486
c #Conflicts:     509000 | #Constraints:      61486
c #Conflicts:     510000 | #Constraints:      62486
c #Conflicts:     511000 | #Constraints:      63486
c #Conflicts:     512000 | #Constraints:      64486
c #Conflicts:     513000 | #Constraints:      65486
c #Conflicts:     514000 | #Constraints:      66486
c #Conflicts:     515000 | #Constraints:      67486
c #Conflicts:     516000 | #Constraints:      68486
c INPROCESSING
c GARBAGE COLLECT
c #Conflicts:     517000 | #Constraints:      45967
c #Conflicts:     518000 | #Constraints:      46967
c #Conflicts:     519000 | #Constraints:      47967
c #Conflicts:     520000 | #Constraints:      48967
c #Conflicts:     521000 | #Constraints:      49967
c #Conflicts:     522000 | #Constraints:      50967
c #Conflicts:     523000 | #Constraints:      51967
c #Conflicts:     524000 | #Constraints:      52967
c #Conflicts:     525000 | #Constraints:      53967
c #Conflicts:     526000 | #Constraints:      54967
c #Conflicts:     527000 | #Constraints:      55967
c #Conflicts:     528000 | #Constraints:      56967
c #Conflicts:     529000 | #Constraints:      57967
c #Conflicts:     530000 | #Constraints:      58967
c #Conflicts:     531000 | #Constraints:      59967
c #Conflicts:     532000 | #Constraints:      60967
c #Conflicts:     533000 | #Constraints:      61967
c #Conflicts:     534000 | #Constraints:      62967
c #Conflicts:     535000 | #Constraints:      63967
c #Conflicts:     536000 | #Constraints:      64967
c #Conflicts:     537000 | #Constraints:      65967
c #Conflicts:     538000 | #Constraints:      66967
c #Conflicts:     539000 | #Constraints:      67967
c #Conflicts:     540000 | #Constraints:      68967
c #Conflicts:     541000 | #Constraints:      69967
c #Conflicts:     542000 | #Constraints:      70967
c #Conflicts:     543000 | #Constraints:      71967
c #Conflicts:     544000 | #Constraints:      72967
c #Conflicts:     545000 | #Constraints:      73967
c #Conflicts:     546000 | #Constraints:      74967
c bounds -1660 >= -3115 @ 1510.13
c #Conflicts:     547000 | #Constraints:      76075
c #Conflicts:     548000 | #Constraints:      77075
c #Conflicts:     549000 | #Constraints:      78075
c #Conflicts:     550000 | #Constraints:      79075
c #Conflicts:     551000 | #Constraints:      80075
c #Conflicts:     552000 | #Constraints:      81075
c #Conflicts:     553000 | #Constraints:      82075
c #Conflicts:     554000 | #Constraints:      83075
c #Conflicts:     555000 | #Constraints:      84075
c #Conflicts:     556000 | #Constraints:      85075
c #Conflicts:     557000 | #Constraints:      86075
c #Conflicts:     558000 | #Constraints:      87075
c #Conflicts:     559000 | #Constraints:      88075
c #Conflicts:     560000 | #Constraints:      89075
c #Conflicts:     561000 | #Constraints:      90075
c #Conflicts:     562000 | #Constraints:      91075
c #Conflicts:     563000 | #Constraints:      92075
c #Conflicts:     564000 | #Constraints:      93075
c #Conflicts:     565000 | #Constraints:      94075
c #Conflicts:     566000 | #Constraints:      95075
c #Conflicts:     567000 | #Constraints:      96075
c INPROCESSING
c GARBAGE COLLECT
c #Conflicts:     568000 | #Constraints:      55486
c #Conflicts:     569000 | #Constraints:      56486
c #Conflicts:     570000 | #Constraints:      57486
c #Conflicts:     571000 | #Constraints:      58486
c #Conflicts:     572000 | #Constraints:      59486
c #Conflicts:     573000 | #Constraints:      60486
c #Conflicts:     574000 | #Constraints:      61486
c #Conflicts:     575000 | #Constraints:      62486
c #Conflicts:     576000 | #Constraints:      63486
c #Conflicts:     577000 | #Constraints:      64486
c #Conflicts:     578000 | #Constraints:      65486
c #Conflicts:     579000 | #Constraints:      66486
c #Conflicts:     580000 | #Constraints:      67486
c #Conflicts:     581000 | #Constraints:      68486
c #Conflicts:     582000 | #Constraints:      69486
c #Conflicts:     583000 | #Constraints:      70486
c #Conflicts:     584000 | #Constraints:      71486
c #Conflicts:     585000 | #Constraints:      72486
c #Conflicts:     586000 | #Constraints:      73486
c INPROCESSING
c GARBAGE COLLECT
c #Conflicts:     587000 | #Constraints:      49352
c #Conflicts:     588000 | #Constraints:      50352
c #Conflicts:     589000 | #Constraints:      51352
c #Conflicts:     590000 | #Constraints:      52352
c #Conflicts:     591000 | #Constraints:      53352
c #Conflicts:     592000 | #Constraints:      54352
c #Conflicts:     593000 | #Constraints:      55352
c #Conflicts:     594000 | #Constraints:      56352
c #Conflicts:     595000 | #Constraints:      57352
c #Conflicts:     596000 | #Constraints:      58352
c #Conflicts:     597000 | #Constraints:      59352
c #Conflicts:     598000 | #Constraints:      60352
c #Conflicts:     599000 | #Constraints:      61352
c #Conflicts:     600000 | #Constraints:      62352
c #Conflicts:     601000 | #Constraints:      63352
c #Conflicts:     602000 | #Constraints:      64352
c #Conflicts:     603000 | #Constraints:      65352
c #Conflicts:     604000 | #Constraints:      66352
c #Conflicts:     605000 | #Constraints:      67352
c #Conflicts:     606000 | #Constraints:      68352
c #Conflicts:     607000 | #Constraints:      69352
c #Conflicts:     608000 | #Constraints:      70352
c #Conflicts:     609000 | #Constraints:      71352
c #Conflicts:     610000 | #Constraints:      72352
c #Conflicts:     611000 | #Constraints:      73352
c #Conflicts:     612000 | #Constraints:      74352
c #Conflicts:     613000 | #Constraints:      75352
c #Conflicts:     614000 | #Constraints:      76352
c #Conflicts:     615000 | #Constraints:      77352
c #Conflicts:     616000 | #Constraints:      78352
c #Conflicts:     617000 | #Constraints:      79352
c #Conflicts:     618000 | #Constraints:      80352
c #Conflicts:     619000 | #Constraints:      81352
c #Conflicts:     620000 | #Constraints:      82352
c #Conflicts:     621000 | #Constraints:      83352
c bounds -1660 >= -3114 @ 2365.91
c #Conflicts:     622000 | #Constraints:      84412
c #Conflicts:     623000 | #Constraints:      85412
c #Conflicts:     624000 | #Constraints:      86412
c #Conflicts:     625000 | #Constraints:      87412
c #Conflicts:     626000 | #Constraints:      88412
c #Conflicts:     627000 | #Constraints:      89412
c #Conflicts:     628000 | #Constraints:      90412
c #Conflicts:     629000 | #Constraints:      91412
c #Conflicts:     630000 | #Constraints:      92412
c #Conflicts:     631000 | #Constraints:      93412
c #Conflicts:     632000 | #Constraints:      94412
c #Conflicts:     633000 | #Constraints:      95412
c #Conflicts:     634000 | #Constraints:      96412
c #Conflicts:     635000 | #Constraints:      97412
c #Conflicts:     636000 | #Constraints:      98412
c #Conflicts:     637000 | #Constraints:      99412
c #Conflicts:     638000 | #Constraints:     100412
c #Conflicts:     639000 | #Constraints:     101412
c #Conflicts:     640000 | #Constraints:     102412
c INPROCESSING
c GARBAGE COLLECT
c #Conflicts:     641000 | #Constraints:      58437
c #Conflicts:     642000 | #Constraints:      59437
c #Conflicts:     643000 | #Constraints:      60437
c #Conflicts:     644000 | #Constraints:      61437
c #Conflicts:     645000 | #Constraints:      62437
c #Conflicts:     646000 | #Constraints:      63437
c #Conflicts:     647000 | #Constraints:      64437
c #Conflicts:     648000 | #Constraints:      65437
c #Conflicts:     649000 | #Constraints:      66437
c #Conflicts:     650000 | #Constraints:      67437
c #Conflicts:     651000 | #Constraints:      68437
c #Conflicts:     652000 | #Constraints:      69437
c #Conflicts:     653000 | #Constraints:      70437
c #Conflicts:     654000 | #Constraints:      71437
c #Conflicts:     655000 | #Constraints:      72437
c #Conflicts:     656000 | #Constraints:      73437
c #Conflicts:     657000 | #Constraints:      74437
c #Conflicts:     658000 | #Constraints:      75437
c #Conflicts:     659000 | #Constraints:      76437
c #Conflicts:     660000 | #Constraints:      77437
c #Conflicts:     661000 | #Constraints:      78437
c INPROCESSING
c GARBAGE COLLECT
c #Conflicts:     662000 | #Constraints:      54413
c #Conflicts:     663000 | #Constraints:      55413
c #Conflicts:     664000 | #Constraints:      56413
c #Conflicts:     665000 | #Constraints:      57413
c #Conflicts:     666000 | #Constraints:      58413
c #Conflicts:     667000 | #Constraints:      59413
c #Conflicts:     668000 | #Constraints:      60413
c #Conflicts:     669000 | #Constraints:      61413
c #Conflicts:     670000 | #Constraints:      62413
c #Conflicts:     671000 | #Constraints:      63413
c #Conflicts:     672000 | #Constraints:      64413
c #Conflicts:     673000 | #Constraints:      65413
c #Conflicts:     674000 | #Constraints:      66413
c #Conflicts:     675000 | #Constraints:      67413
c #Conflicts:     676000 | #Constraints:      68413
c #Conflicts:     677000 | #Constraints:      69413
c #Conflicts:     678000 | #Constraints:      70413
c #Conflicts:     679000 | #Constraints:      71413
c #Conflicts:     680000 | #Constraints:      72413
c #Conflicts:     681000 | #Constraints:      73413
c #Conflicts:     682000 | #Constraints:      74413
c #Conflicts:     683000 | #Constraints:      75413
c #Conflicts:     684000 | #Constraints:      76413
c #Conflicts:     685000 | #Constraints:      77413
c bounds -1660 >= -3113 @ 2827.83
c #Conflicts:     686000 | #Constraints:      78509
c #Conflicts:     687000 | #Constraints:      79509
c #Conflicts:     688000 | #Constraints:      80509
c #Conflicts:     689000 | #Constraints:      81509
c #Conflicts:     690000 | #Constraints:      82509
c #Conflicts:     691000 | #Constraints:      83509
c #Conflicts:     692000 | #Constraints:      84509
c #Conflicts:     693000 | #Constraints:      85509
c #Conflicts:     694000 | #Constraints:      86509
c #Conflicts:     695000 | #Constraints:      87509
c #Conflicts:     696000 | #Constraints:      88509
c #Conflicts:     697000 | #Constraints:      89509
c #Conflicts:     698000 | #Constraints:      90509
c #Conflicts:     699000 | #Constraints:      91509
c #Conflicts:     700000 | #Constraints:      92509
c #Conflicts:     701000 | #Constraints:      93509
c #Conflicts:     702000 | #Constraints:      94509
c #Conflicts:     703000 | #Constraints:      95509
c #Conflicts:     704000 | #Constraints:      96509
c #Conflicts:     705000 | #Constraints:      97509
c #Conflicts:     706000 | #Constraints:      98509
c #Conflicts:     707000 | #Constraints:      99509
c #Conflicts:     708000 | #Constraints:     100509
c #Conflicts:     709000 | #Constraints:     101509
c #Conflicts:     710000 | #Constraints:     102509
c #Conflicts:     711000 | #Constraints:     103509
c #Conflicts:     712000 | #Constraints:     104509
c #Conflicts:     713000 | #Constraints:     105509
c #Conflicts:     714000 | #Constraints:     106509
c #Conflicts:     715000 | #Constraints:     107509
c #Conflicts:     716000 | #Constraints:     108509
c #Conflicts:     717000 | #Constraints:     109509
c INPROCESSING
c GARBAGE COLLECT
c #Conflicts:     718000 | #Constraints:      61933
c #Conflicts:     719000 | #Constraints:      62933
c #Conflicts:     720000 | #Constraints:      63933
c #Conflicts:     721000 | #Constraints:      64933
c #Conflicts:     722000 | #Constraints:      65933
c #Conflicts:     723000 | #Constraints:      66933
c #Conflicts:     724000 | #Constraints:      67933
c #Conflicts:     725000 | #Constraints:      68933
c #Conflicts:     726000 | #Constraints:      69933
c #Conflicts:     727000 | #Constraints:      70933
c #Conflicts:     728000 | #Constraints:      71933
c #Conflicts:     729000 | #Constraints:      72933
c #Conflicts:     730000 | #Constraints:      73933
c #Conflicts:     731000 | #Constraints:      74933
c #Conflicts:     732000 | #Constraints:      75933
c #Conflicts:     733000 | #Constraints:      76933
c #Conflicts:     734000 | #Constraints:      77933
c #Conflicts:     735000 | #Constraints:      78933
c #Conflicts:     736000 | #Constraints:      79933
c #Conflicts:     737000 | #Constraints:      80933
c #Conflicts:     738000 | #Constraints:      81933
c #Conflicts:     739000 | #Constraints:      82933
c #Conflicts:     740000 | #Constraints:      83933
c INPROCESSING
c GARBAGE COLLECT
c #Conflicts:     741000 | #Constraints:      57033
c #Conflicts:     742000 | #Constraints:      58033
c #Conflicts:     743000 | #Constraints:      59033
c #Conflicts:     744000 | #Constraints:      60033
c #Conflicts:     745000 | #Constraints:      61033
c #Conflicts:     746000 | #Constraints:      62033
c #Conflicts:     747000 | #Constraints:      63033
c #Conflicts:     748000 | #Constraints:      64033
c #Conflicts:     749000 | #Constraints:      65033
c #Conflicts:     750000 | #Constraints:      66033
c #Conflicts:     751000 | #Constraints:      67033
c #Conflicts:     752000 | #Constraints:      68033
c #Conflicts:     753000 | #Constraints:      69033
c #Conflicts:     754000 | #Constraints:      70033
c #Conflicts:     755000 | #Constraints:      71033
c #Conflicts:     756000 | #Constraints:      72033
c #Conflicts:     757000 | #Constraints:      73033
c #Conflicts:     758000 | #Constraints:      74033
c #Conflicts:     759000 | #Constraints:      75033
c #Conflicts:     760000 | #Constraints:      76033
c #Conflicts:     761000 | #Constraints:      77033
c #Conflicts:     762000 | #Constraints:      78033
c #Conflicts:     763000 | #Constraints:      79033
c #Conflicts:     764000 | #Constraints:      80033
c #Conflicts:     765000 | #Constraints:      81033
c #Conflicts:     766000 | #Constraints:      82033
c #Conflicts:     767000 | #Constraints:      83033
c #Conflicts:     768000 | #Constraints:      84033
c #Conflicts:     769000 | #Constraints:      85033
c #Conflicts:     770000 | #Constraints:      86033
c #Conflicts:     771000 | #Constraints:      87033
c #Conflicts:     772000 | #Constraints:      88033
c #Conflicts:     773000 | #Constraints:      89033
c #Conflicts:     774000 | #Constraints:      90033
c #Conflicts:     775000 | #Constraints:      91033
c #Conflicts:     776000 | #Constraints:      92033
c #Conflicts:     777000 | #Constraints:      93033
c #Conflicts:     778000 | #Constraints:      94033
c #Conflicts:     779000 | #Constraints:      95033
c #Conflicts:     780000 | #Constraints:      96033
c #Conflicts:     781000 | #Constraints:      97033
c #Conflicts:     782000 | #Constraints:      98033
c #Conflicts:     783000 | #Constraints:      99033
c #Conflicts:     784000 | #Constraints:     100033
c #Conflicts:     785000 | #Constraints:     101033
c #Conflicts:     786000 | #Constraints:     102033
c #Conflicts:     787000 | #Constraints:     103033
c #Conflicts:     788000 | #Constraints:     104033
c #Conflicts:     789000 | #Constraints:     105033
c #Conflicts:     790000 | #Constraints:     106033
c #Conflicts:     791000 | #Constraints:     107033
c #Conflicts:     792000 | #Constraints:     108033
c #Conflicts:     793000 | #Constraints:     109033
c #Conflicts:     794000 | #Constraints:     110033
c #Conflicts:     795000 | #Constraints:     111033
c #Conflicts:     796000 | #Constraints:     112033
c #Conflicts:     797000 | #Constraints:     113033
c #Conflicts:     798000 | #Constraints:     114033
c #Conflicts:     799000 | #Constraints:     115033
c INPROCESSING
c GARBAGE COLLECT
c #Conflicts:     800000 | #Constraints:      64546
c #Conflicts:     801000 | #Constraints:      65546
c #Conflicts:     802000 | #Constraints:      66546
c #Conflicts:     803000 | #Constraints:      67546
c #Conflicts:     804000 | #Constraints:      68546
c #Conflicts:     805000 | #Constraints:      69546
c #Conflicts:     806000 | #Constraints:      70546
c #Conflicts:     807000 | #Constraints:      71546
c #Conflicts:     808000 | #Constraints:      72546
c #Conflicts:     809000 | #Constraints:      73546
c #Conflicts:     810000 | #Constraints:      74546
c #Conflicts:     811000 | #Constraints:      75546
c #Conflicts:     812000 | #Constraints:      76546
c #Conflicts:     813000 | #Constraints:      77546
c #Conflicts:     814000 | #Constraints:      78546
c #Conflicts:     815000 | #Constraints:      79546
c #Conflicts:     816000 | #Constraints:      80546
c #Conflicts:     817000 | #Constraints:      81546
c #Conflicts:     818000 | #Constraints:      82546
c #Conflicts:     819000 | #Constraints:      83546
c #Conflicts:     820000 | #Constraints:      84546
c #Conflicts:     821000 | #Constraints:      85546
c #Conflicts:     822000 | #Constraints:      86546
c #Conflicts:     823000 | #Constraints:      87546
c INPROCESSING
c GARBAGE COLLECT
c #Conflicts:     824000 | #Constraints:      59405
c #Conflicts:     825000 | #Constraints:      60405
c #Conflicts:     826000 | #Constraints:      61405
c #Conflicts:     827000 | #Constraints:      62405
c #Conflicts:     828000 | #Constraints:      63405
c #Conflicts:     829000 | #Constraints:      64405
c #Conflicts:     830000 | #Constraints:      65405
c #Conflicts:     831000 | #Constraints:      66405
c #Conflicts:     832000 | #Constraints:      67405
c #Conflicts:     833000 | #Constraints:      68405
c #Conflicts:     834000 | #Constraints:      69405
c #Conflicts:     835000 | #Constraints:      70405
c #Conflicts:     836000 | #Constraints:      71405
c #Conflicts:     837000 | #Constraints:      72405
c #Conflicts:     838000 | #Constraints:      73405
c #Conflicts:     839000 | #Constraints:      74405
c #Conflicts:     840000 | #Constraints:      75405
c #Conflicts:     841000 | #Constraints:      76405
c #Conflicts:     842000 | #Constraints:      77405
c #Conflicts:     843000 | #Constraints:      78405
c #Conflicts:     844000 | #Constraints:      79405
c #Conflicts:     845000 | #Constraints:      80405
c #Conflicts:     846000 | #Constraints:      81405
c #Conflicts:     847000 | #Constraints:      82405
c #Conflicts:     848000 | #Constraints:      83405
c #Conflicts:     849000 | #Constraints:      84405
c #Conflicts:     850000 | #Constraints:      85405
c #Conflicts:     851000 | #Constraints:      86405
c #Conflicts:     852000 | #Constraints:      87405
c #Conflicts:     853000 | #Constraints:      88405
c #Conflicts:     854000 | #Constraints:      89405
c #Conflicts:     855000 | #Constraints:      90405
c #Conflicts:     856000 | #Constraints:      91405
c #Conflicts:     857000 | #Constraints:      92405
c #Conflicts:     858000 | #Constraints:      93405
c #Conflicts:     859000 | #Constraints:      94405
c #Conflicts:     860000 | #Constraints:      95405
c #Conflicts:     861000 | #Constraints:      96405
c #Conflicts:     862000 | #Constraints:      97405
c #Conflicts:     863000 | #Constraints:      98405
c #Conflicts:     864000 | #Constraints:      99405
c #Conflicts:     865000 | #Constraints:     100405
c #Conflicts:     866000 | #Constraints:     101405
c #Conflicts:     867000 | #Constraints:     102405
c #Conflicts:     868000 | #Constraints:     103405
c #Conflicts:     869000 | #Constraints:     104405
c #Conflicts:     870000 | #Constraints:     105405
c #Conflicts:     871000 | #Constraints:     106405
c bounds -1660 >= -3112 @ 5332.64
c #Conflicts:     872000 | #Constraints:     107465
c #Conflicts:     873000 | #Constraints:     108465
c #Conflicts:     874000 | #Constraints:     109465
c #Conflicts:     875000 | #Constraints:     110465
c #Conflicts:     876000 | #Constraints:     111465
c #Conflicts:     877000 | #Constraints:     112465
c #Conflicts:     878000 | #Constraints:     113465
c #Conflicts:     879000 | #Constraints:     114465
c #Conflicts:     880000 | #Constraints:     115465
c #Conflicts:     881000 | #Constraints:     116465
c #Conflicts:     882000 | #Constraints:     117465
c #Conflicts:     883000 | #Constraints:     118465
c #Conflicts:     884000 | #Constraints:     119465
c #Conflicts:     885000 | #Constraints:     120465
c INPROCESSING
c GARBAGE COLLECT
c #Conflicts:     886000 | #Constraints:      67137
c #Conflicts:     887000 | #Constraints:      68137
c #Conflicts:     888000 | #Constraints:      69137
c #Conflicts:     889000 | #Constraints:      70137
c #Conflicts:     890000 | #Constraints:      71137
c #Conflicts:     891000 | #Constraints:      72137
c bounds -1661 >= -3112 @ 5545.85
c bounds -1663 >= -3112 @ 5546.05
c bounds -1667 >= -3112 @ 5546.28
c bounds -1669 >= -3112 @ 5546.48
c bounds -1670 >= -3112 @ 5546.6
c bounds -1672 >= -3112 @ 5546.72
c bounds -1680 >= -3112 @ 5546.88
c bounds -1684 >= -3112 @ 5547.17
c #Conflicts:     892000 | #Constraints:      73145
c #Conflicts:     893000 | #Constraints:      74145
c #Conflicts:     894000 | #Constraints:      75145
c #Conflicts:     895000 | #Constraints:      76145
c #Conflicts:     896000 | #Constraints:      77145
c #Conflicts:     897000 | #Constraints:      78145
c #Conflicts:     898000 | #Constraints:      79145
c #Conflicts:     899000 | #Constraints:      80145
c #Conflicts:     900000 | #Constraints:      81145
c #Conflicts:     901000 | #Constraints:      82145
c #Conflicts:     902000 | #Constraints:      83145
c #Conflicts:     903000 | #Constraints:      84145
c #Conflicts:     904000 | #Constraints:      85145
c #Conflicts:     905000 | #Constraints:      86145
c #Conflicts:     906000 | #Constraints:      87145
c #Conflicts:     907000 | #Constraints:      88145
c #Conflicts:     908000 | #Constraints:      89145
c #Conflicts:     909000 | #Constraints:      90145
c #Conflicts:     910000 | #Constraints:      91145
c INPROCESSING
c GARBAGE COLLECT
c #Conflicts:     911000 | #Constraints:      61066
c #Conflicts:     912000 | #Constraints:      62066
c #Conflicts:     913000 | #Constraints:      63066
c #Conflicts:     914000 | #Constraints:      64066
c #Conflicts:     915000 | #Constraints:      65066
c #Conflicts:     916000 | #Constraints:      66066
c #Conflicts:     917000 | #Constraints:      67066
c #Conflicts:     918000 | #Constraints:      68066
c #Conflicts:     919000 | #Constraints:      69066
c #Conflicts:     920000 | #Constraints:      70066
c #Conflicts:     921000 | #Constraints:      71066
c #Conflicts:     922000 | #Constraints:      72066
c #Conflicts:     923000 | #Constraints:      73066
c #Conflicts:     924000 | #Constraints:      74066
c #Conflicts:     925000 | #Constraints:      75066
c #Conflicts:     926000 | #Constraints:      76066
c #Conflicts:     927000 | #Constraints:      77066
c #Conflicts:     928000 | #Constraints:      78066
c #Conflicts:     929000 | #Constraints:      79066
c #Conflicts:     930000 | #Constraints:      80066
c #Conflicts:     931000 | #Constraints:      81066
c #Conflicts:     932000 | #Constraints:      82066
c #Conflicts:     933000 | #Constraints:      83066
c #Conflicts:     934000 | #Constraints:      84066
c #Conflicts:     935000 | #Constraints:      85066
c #Conflicts:     936000 | #Constraints:      86066
c #Conflicts:     937000 | #Constraints:      87066
c #Conflicts:     938000 | #Constraints:      88066
c #Conflicts:     939000 | #Constraints:      89066
c #Conflicts:     940000 | #Constraints:      90066
c #Conflicts:     941000 | #Constraints:      91066
c #Conflicts:     942000 | #Constraints:      92066
c #Conflicts:     943000 | #Constraints:      93066
c #Conflicts:     944000 | #Constraints:      94066
c #Conflicts:     945000 | #Constraints:      95066
c #Conflicts:     946000 | #Constraints:      96066
c #Conflicts:     947000 | #Constraints:      97066
c #Conflicts:     948000 | #Constraints:      98066
c #Conflicts:     949000 | #Constraints:      99066
c #Conflicts:     950000 | #Constraints:     100066
c #Conflicts:     951000 | #Constraints:     101066
c #Conflicts:     952000 | #Constraints:     102066
c #Conflicts:     953000 | #Constraints:     103066
c #Conflicts:     954000 | #Constraints:     104066
c #Conflicts:     955000 | #Constraints:     105066
c #Conflicts:     956000 | #Constraints:     106066
c #Conflicts:     957000 | #Constraints:     107066
c #Conflicts:     958000 | #Constraints:     108066
c #Conflicts:     959000 | #Constraints:     109066
c #Conflicts:     960000 | #Constraints:     110066
c #Conflicts:     961000 | #Constraints:     111066
c #Conflicts:     962000 | #Constraints:     112066
c #Conflicts:     963000 | #Constraints:     113066
c #Conflicts:     964000 | #Constraints:     114066
c #Conflicts:     965000 | #Constraints:     115066
c #Conflicts:     966000 | #Constraints:     116066
c #Conflicts:     967000 | #Constraints:     117066
c #Conflicts:     968000 | #Constraints:     118066
c #Conflicts:     969000 | #Constraints:     119066
c #Conflicts:     970000 | #Constraints:     120066
c #Conflicts:     971000 | #Constraints:     121066
c #Conflicts:     972000 | #Constraints:     122066
c #Conflicts:     973000 | #Constraints:     123066
c #Conflicts:     974000 | #Constraints:     124066
c #Conflicts:     975000 | #Constraints:     125066
c #Conflicts:     976000 | #Constraints:     126066
c INPROCESSING
c GARBAGE COLLECT
c #Conflicts:     977000 | #Constraints:      70113
c #Conflicts:     978000 | #Constraints:      71113
c #Conflicts:     979000 | #Constraints:      72113
c #Conflicts:     980000 | #Constraints:      73113
c #Conflicts:     981000 | #Constraints:      74113
c #Conflicts:     982000 | #Constraints:      75113
c #Conflicts:     983000 | #Constraints:      76113
c #Conflicts:     984000 | #Constraints:      77113
c #Conflicts:     985000 | #Constraints:      78113
c #Conflicts:     986000 | #Constraints:      79113
c #Conflicts:     987000 | #Constraints:      80113
c #Conflicts:     988000 | #Constraints:      81113
c #Conflicts:     989000 | #Constraints:      82113
c #Conflicts:     990000 | #Constraints:      83113
c #Conflicts:     991000 | #Constraints:      84113
c #Conflicts:     992000 | #Constraints:      85113
c bounds -1684 >= -3111 @ 6960.68
c #Conflicts:     993000 | #Constraints:      86191
c #Conflicts:     994000 | #Constraints:      87191
c #Conflicts:     995000 | #Constraints:      88191
c #Conflicts:     996000 | #Constraints:      89191
c #Conflicts:     997000 | #Constraints:      90191
c #Conflicts:     998000 | #Constraints:      91191
c #Conflicts:     999000 | #Constraints:      92191
c #Conflicts:    1000000 | #Constraints:      93191
c #Conflicts:    1001000 | #Constraints:      94191
c #Conflicts:    1002000 | #Constraints:      95191
c INPROCESSING
c GARBAGE COLLECT
c #Conflicts:    1003000 | #Constraints:      63838
c #Conflicts:    1004000 | #Constraints:      64838
c #Conflicts:    1005000 | #Constraints:      65838
c #Conflicts:    1006000 | #Constraints:      66838
c #Conflicts:    1007000 | #Constraints:      67838
c #Conflicts:    1008000 | #Constraints:      68838
c #Conflicts:    1009000 | #Constraints:      69838
c #Conflicts:    1010000 | #Constraints:      70838
c #Conflicts:    1011000 | #Constraints:      71838
c #Conflicts:    1012000 | #Constraints:      72838
c #Conflicts:    1013000 | #Constraints:      73838
c #Conflicts:    1014000 | #Constraints:      74838
c #Conflicts:    1015000 | #Constraints:      75838
c #Conflicts:    1016000 | #Constraints:      76838
c #Conflicts:    1017000 | #Constraints:      77838
c #Conflicts:    1018000 | #Constraints:      78838
c #Conflicts:    1019000 | #Constraints:      79838
c #Conflicts:    1020000 | #Constraints:      80838
c #Conflicts:    1021000 | #Constraints:      81838
c #Conflicts:    1022000 | #Constraints:      82838
c #Conflicts:    1023000 | #Constraints:      83838
c #Conflicts:    1024000 | #Constraints:      84838
c #Conflicts:    1025000 | #Constraints:      85838
c #Conflicts:    1026000 | #Constraints:      86838
c #Conflicts:    1027000 | #Constraints:      87838
c #Conflicts:    1028000 | #Constraints:      88838
c #Conflicts:    1029000 | #Constraints:      89838
c #Conflicts:    1030000 | #Constraints:      90838
c #Conflicts:    1031000 | #Constraints:      91838
c #Conflicts:    1032000 | #Constraints:      92838
c #Conflicts:    1033000 | #Constraints:      93838
c #Conflicts:    1034000 | #Constraints:      94838
c #Conflicts:    1035000 | #Constraints:      95838
c #Conflicts:    1036000 | #Constraints:      96838
c #Conflicts:    1037000 | #Constraints:      97838
c #Conflicts:    1038000 | #Constraints:      98838
c #Conflicts:    1039000 | #Constraints:      99838
c #Conflicts:    1040000 | #Constraints:     100838
c #Conflicts:    1041000 | #Constraints:     101838
c #Conflicts:    1042000 | #Constraints:     102838
c #Conflicts:    1043000 | #Constraints:     103838
c #Conflicts:    1044000 | #Constraints:     104838
c #Conflicts:    1045000 | #Constraints:     105838
c #Conflicts:    1046000 | #Constraints:     106838
c #Conflicts:    1047000 | #Constraints:     107838
c #Conflicts:    1048000 | #Constraints:     108838
c #Conflicts:    1049000 | #Constraints:     109838
c #Conflicts:    1050000 | #Constraints:     110838
c #Conflicts:    1051000 | #Constraints:     111838
c #Conflicts:    1052000 | #Constraints:     112838
c #Conflicts:    1053000 | #Constraints:     113838
c #Conflicts:    1054000 | #Constraints:     114838
c #Conflicts:    1055000 | #Constraints:     115838
c #Conflicts:    1056000 | #Constraints:     116838
c #Conflicts:    1057000 | #Constraints:     117838
c #Conflicts:    1058000 | #Constraints:     118838
c #Conflicts:    1059000 | #Constraints:     119838
c #Conflicts:    1060000 | #Constraints:     120838
c #Conflicts:    1061000 | #Constraints:     121838
c #Conflicts:    1062000 | #Constraints:     122838
c #Conflicts:    1063000 | #Constraints:     123838
c #Conflicts:    1064000 | #Constraints:     124838
c #Conflicts:    1065000 | #Constraints:     125838
c #Conflicts:    1066000 | #Constraints:     126838
c #Conflicts:    1067000 | #Constraints:     127838
c #Conflicts:    1068000 | #Constraints:     128838
c #Conflicts:    1069000 | #Constraints:     129838
c #Conflicts:    1070000 | #Constraints:     130838
c #Conflicts:    1071000 | #Constraints:     131838
c INPROCESSING
c GARBAGE COLLECT
c #Conflicts:    1072000 | #Constraints:      72974
c #Conflicts:    1073000 | #Constraints:      73974
c #Conflicts:    1074000 | #Constraints:      74974
c #Conflicts:    1075000 | #Constraints:      75974
c #Conflicts:    1076000 | #Constraints:      76974
c #Conflicts:    1077000 | #Constraints:      77974
c #Conflicts:    1078000 | #Constraints:      78974
c #Conflicts:    1079000 | #Constraints:      79974
c #Conflicts:    1080000 | #Constraints:      80974
c #Conflicts:    1081000 | #Constraints:      81974
c #Conflicts:    1082000 | #Constraints:      82974
c #Conflicts:    1083000 | #Constraints:      83974
c #Conflicts:    1084000 | #Constraints:      84974
c #Conflicts:    1085000 | #Constraints:      85974
c #Conflicts:    1086000 | #Constraints:      86974
c #Conflicts:    1087000 | #Constraints:      87974
c #Conflicts:    1088000 | #Constraints:      88974
c #Conflicts:    1089000 | #Constraints:      89974
c #Conflicts:    1090000 | #Constraints:      90974
c #Conflicts:    1091000 | #Constraints:      91974
c #Conflicts:    1092000 | #Constraints:      92974
c #Conflicts:    1093000 | #Constraints:      93974
c #Conflicts:    1094000 | #Constraints:      94974
c #Conflicts:    1095000 | #Constraints:      95974
c #Conflicts:    1096000 | #Constraints:      96974
c #Conflicts:    1097000 | #Constraints:      97974
c #Conflicts:    1098000 | #Constraints:      98974
c #Conflicts:    1099000 | #Constraints:      99974
c INPROCESSING
c GARBAGE COLLECT
c bounds -1684 >= -3110 @ 8564.98
c bounds -1684 >= -3109 @ 8564.99
c bounds -1684 >= -3108 @ 8565
c #Conflicts:    1100000 | #Constraints:      66673
c #Conflicts:    1101000 | #Constraints:      67673
c #Conflicts:    1102000 | #Constraints:      68673
c #Conflicts:    1103000 | #Constraints:      69673
c #Conflicts:    1104000 | #Constraints:      70673
c #Conflicts:    1105000 | #Constraints:      71673
c #Conflicts:    1106000 | #Constraints:      72673
c #Conflicts:    1107000 | #Constraints:      73673
c #Conflicts:    1108000 | #Constraints:      74673
c #Conflicts:    1109000 | #Constraints:      75673
c #Conflicts:    1110000 | #Constraints:      76673
c #Conflicts:    1111000 | #Constraints:      77673
c #Conflicts:    1112000 | #Constraints:      78673
c #Conflicts:    1113000 | #Constraints:      79673
c #Conflicts:    1114000 | #Constraints:      80673
c #Conflicts:    1115000 | #Constraints:      81673
c #Conflicts:    1116000 | #Constraints:      82673
c #Conflicts:    1117000 | #Constraints:      83673
c #Conflicts:    1118000 | #Constraints:      84673
c #Conflicts:    1119000 | #Constraints:      85673
c #Conflicts:    1120000 | #Constraints:      86673
c #Conflicts:    1121000 | #Constraints:      87673
c #Conflicts:    1122000 | #Constraints:      88673
c #Conflicts:    1123000 | #Constraints:      89673
c #Conflicts:    1124000 | #Constraints:      90673
c #Conflicts:    1125000 | #Constraints:      91673
c #Conflicts:    1126000 | #Constraints:      92673
c #Conflicts:    1127000 | #Constraints:      93673
c #Conflicts:    1128000 | #Constraints:      94673
c #Conflicts:    1129000 | #Constraints:      95673
c #Conflicts:    1130000 | #Constraints:      96673
c #Conflicts:    1131000 | #Constraints:      97673
c #Conflicts:    1132000 | #Constraints:      98673
c #Conflicts:    1133000 | #Constraints:      99673
c #Conflicts:    1134000 | #Constraints:     100673
c #Conflicts:    1135000 | #Constraints:     101673
c #Conflicts:    1136000 | #Constraints:     102673
c #Conflicts:    1137000 | #Constraints:     103673
c #Conflicts:    1138000 | #Constraints:     104673
c #Conflicts:    1139000 | #Constraints:     105673
c #Conflicts:    1140000 | #Constraints:     106673
c #Conflicts:    1141000 | #Constraints:     107673
c #Conflicts:    1142000 | #Constraints:     108673
c #Conflicts:    1143000 | #Constraints:     109673
c #Conflicts:    1144000 | #Constraints:     110673
c #Conflicts:    1145000 | #Constraints:     111673
c #Conflicts:    1146000 | #Constraints:     112673
c #Conflicts:    1147000 | #Constraints:     113673
c #Conflicts:    1148000 | #Constraints:     114673
c #Conflicts:    1149000 | #Constraints:     115673
c #Conflicts:    1150000 | #Constraints:     116673
c #Conflicts:    1151000 | #Constraints:     117673
c #Conflicts:    1152000 | #Constraints:     118673
c #Conflicts:    1153000 | #Constraints:     119673
c #Conflicts:    1154000 | #Constraints:     120673
c #Conflicts:    1155000 | #Constraints:     121673
c #Conflicts:    1156000 | #Constraints:     122673
c #Conflicts:    1157000 | #Constraints:     123673
c #Conflicts:    1158000 | #Constraints:     124673
c #Conflicts:    1159000 | #Constraints:     125673
c #Conflicts:    1160000 | #Constraints:     126673
c #Conflicts:    1161000 | #Constraints:     127673
c #Conflicts:    1162000 | #Constraints:     128673
c #Conflicts:    1163000 | #Constraints:     129673
c #Conflicts:    1164000 | #Constraints:     130673
c #Conflicts:    1165000 | #Con