c RoundingSat 2
c branch 
c commit 
c #variables 8775 #constraints 18516
c bounds - >= -33750 @ 0.071474
c bounds 0 >= -33750 @ 0.077155
c bounds 0 >= -33686 @ 0.077656
c bounds 0 >= -33622 @ 0.078133
c bounds 0 >= -33558 @ 0.07867
c bounds 0 >= -33494 @ 0.079185
c bounds 0 >= -33430 @ 0.079721
c bounds 0 >= -33366 @ 0.080236
c bounds 0 >= -33302 @ 0.080777
c bounds 0 >= -33238 @ 0.081313
c bounds 0 >= -33174 @ 0.081803
c bounds 0 >= -33110 @ 0.081803
c bounds 0 >= -33046 @ 0.082189
c bounds 0 >= -32982 @ 0.08256
c bounds 0 >= -32918 @ 0.083074
c bounds 0 >= -32854 @ 0.083619
c bounds 0 >= -32790 @ 0.084134
c bounds 0 >= -32726 @ 0.084671
c bounds 0 >= -32662 @ 0.085188
c bounds 0 >= -32598 @ 0.085721
c bounds 0 >= -32534 @ 0.086237
c bounds 0 >= -32470 @ 0.086775
c bounds 0 >= -32406 @ 0.087317
c bounds 0 >= -32342 @ 0.087396
c bounds 0 >= -32278 @ 0.088115
c bounds 0 >= -32214 @ 0.088476
c bounds 0 >= -32150 @ 0.088968
c bounds 0 >= -32086 @ 0.089482
c bounds 0 >= -32022 @ 0.089985
c bounds 0 >= -31958 @ 0.090494
c bounds 0 >= -31894 @ 0.09101
c bounds 0 >= -31830 @ 0.091522
c bounds 0 >= -31766 @ 0.092031
c bounds 0 >= -31702 @ 0.092544
c bounds 0 >= -31638 @ 0.093054
c bounds 0 >= -31574 @ 0.093565
c bounds 0 >= -31510 @ 0.094074
c bounds 0 >= -31446 @ 0.094587
c bounds 0 >= -31382 @ 0.0951
c bounds 0 >= -31318 @ 0.095612
c bounds 0 >= -31254 @ 0.096129
c bounds 0 >= -31190 @ 0.096643
c bounds 0 >= -31126 @ 0.097157
c bounds 0 >= -31062 @ 0.09767
c bounds 0 >= -30998 @ 0.098184
c bounds 0 >= -30934 @ 0.098694
c bounds 0 >= -30870 @ 0.09921
c bounds 0 >= -30806 @ 0.099721
c bounds 0 >= -30742 @ 0.100233
c bounds 0 >= -30678 @ 0.100742
c bounds 0 >= -30614 @ 0.101253
c bounds 0 >= -30550 @ 0.101762
c bounds 0 >= -30486 @ 0.102273
c bounds 0 >= -30422 @ 0.102784
c bounds 0 >= -30358 @ 0.103295
c bounds 0 >= -30294 @ 0.103806
c bounds 0 >= -30230 @ 0.104316
c bounds 0 >= -30166 @ 0.104847
c bounds 0 >= -30102 @ 0.105364
c bounds 0 >= -30038 @ 0.105884
c bounds 0 >= -29974 @ 0.106394
c bounds 0 >= -29910 @ 0.106915
c bounds 0 >= -29846 @ 0.107425
c bounds 0 >= -29782 @ 0.107945
c bounds 0 >= -29718 @ 0.108462
c bounds 0 >= -29654 @ 0.10898
c bounds 0 >= -29590 @ 0.10949
c bounds 0 >= -29526 @ 0.110009
c bounds 0 >= -29462 @ 0.110519
c bounds 0 >= -29398 @ 0.111039
c bounds 0 >= -29334 @ 0.111547
c bounds 0 >= -29270 @ 0.112063
c bounds 0 >= -29206 @ 0.112571
c bounds 0 >= -29142 @ 0.113086
c bounds 0 >= -29078 @ 0.113592
c bounds 0 >= -29014 @ 0.114111
c bounds 0 >= -28950 @ 0.114619
c bounds 0 >= -28886 @ 0.115136
c bounds 0 >= -28822 @ 0.115644
c bounds 0 >= -28758 @ 0.116153
c bounds 0 >= -28694 @ 0.116662
c bounds 0 >= -28630 @ 0.117171
c bounds 0 >= -28566 @ 0.117696
c bounds 0 >= -28502 @ 0.118229
c bounds 0 >= -28438 @ 0.118304
c bounds 0 >= -28374 @ 0.118443
c bounds 0 >= -28310 @ 0.118957
c bounds 0 >= -28246 @ 0.119497
c bounds 0 >= -28182 @ 0.120011
c bounds 0 >= -28118 @ 0.120546
c bounds 0 >= -28054 @ 0.121063
c bounds 0 >= -27990 @ 0.121593
c bounds 0 >= -27926 @ 0.122111
c bounds 0 >= -27862 @ 0.122644
c bounds 0 >= -27798 @ 0.12317
c bounds 0 >= -27734 @ 0.123701
c bounds 0 >= -27670 @ 0.124227
c bounds 0 >= -27606 @ 0.12476
c bounds 0 >= -27542 @ 0.125289
c bounds 0 >= -27478 @ 0.125823
c bounds 0 >= -27414 @ 0.12636
c bounds 0 >= -27350 @ 0.126893
c bounds -2 >= -27350 @ 0.134843
c bounds -2 >= -27286 @ 0.135411
c bounds -2 >= -27222 @ 0.135943
c bounds -2 >= -27158 @ 0.136478
c bounds -2 >= -27094 @ 0.137008
c bounds -2 >= -27030 @ 0.137544
c bounds -2 >= -26966 @ 0.138071
c bounds -2 >= -26902 @ 0.138598
c bounds -2 >= -26838 @ 0.139124
c bounds -2 >= -26774 @ 0.139651
c bounds -2 >= -26710 @ 0.14018
c bounds -2 >= -26646 @ 0.140707
c bounds -2 >= -26582 @ 0.141242
c bounds -2 >= -26518 @ 0.141772
c bounds -2 >= -26454 @ 0.142302
c bounds -2 >= -26390 @ 0.142829
c bounds -2 >= -26326 @ 0.143357
c bounds -2 >= -26262 @ 0.143887
c bounds -2 >= -26198 @ 0.144412
c bounds -2 >= -26134 @ 0.14495
c bounds -2 >= -26070 @ 0.145479
c bounds -2 >= -26006 @ 0.146009
c bounds -2 >= -25942 @ 0.146543
c bounds -2 >= -25878 @ 0.14707
c bounds -2 >= -25814 @ 0.147597
c bounds -2 >= -25750 @ 0.148134
c bounds -2 >= -25686 @ 0.148673
c bounds -2 >= -25622 @ 0.149201
c bounds -2 >= -25558 @ 0.149741
c bounds -2 >= -25494 @ 0.150273
c bounds -2 >= -25430 @ 0.150798
c bounds -2 >= -25366 @ 0.151327
c bounds -2 >= -25302 @ 0.151855
c bounds -2 >= -25238 @ 0.152393
c bounds -2 >= -25174 @ 0.152921
c bounds -2 >= -25110 @ 0.15345
c bounds -2 >= -25046 @ 0.153975
c bounds -2 >= -24982 @ 0.154502
c bounds -2 >= -24918 @ 0.154565
c bounds -2 >= -24854 @ 0.154626
c bounds -2 >= -24790 @ 0.155155
c bounds -2 >= -24726 @ 0.155689
c bounds -2 >= -24662 @ 0.156214
c bounds -2 >= -24598 @ 0.156742
c bounds -2 >= -24534 @ 0.157269
c bounds -2 >= -24470 @ 0.157795
c bounds -2 >= -24406 @ 0.158321
c bounds -2 >= -24342 @ 0.158849
c bounds -2 >= -24278 @ 0.15938
c bounds -2 >= -24214 @ 0.159907
c bounds -2 >= -24150 @ 0.160436
c bounds -2 >= -24086 @ 0.160965
c bounds -2 >= -24022 @ 0.161488
c bounds -2 >= -23958 @ 0.162012
c bounds -2 >= -23894 @ 0.16254
c bounds -2 >= -23830 @ 0.163077
c bounds -2 >= -23766 @ 0.163605
c bounds -2 >= -23702 @ 0.164128
c bounds -2 >= -23638 @ 0.164193
c bounds -2 >= -23574 @ 0.164271
c bounds -2 >= -23510 @ 0.164788
c bounds -2 >= -23446 @ 0.165318
c bounds -2 >= -23382 @ 0.16584
c bounds -2 >= -23318 @ 0.166367
c bounds -2 >= -23254 @ 0.166881
c bounds -2 >= -23190 @ 0.167405
c bounds -2 >= -23126 @ 0.167921
c bounds -2 >= -23062 @ 0.168449
c bounds -2 >= -22998 @ 0.168966
c bounds -2 >= -22934 @ 0.169496
c bounds -2 >= -22870 @ 0.17001
c bounds -2 >= -22806 @ 0.170534
c bounds -2 >= -22742 @ 0.171058
c bounds -2 >= -22678 @ 0.171583
c bounds -2 >= -22614 @ 0.172109
c bounds -2 >= -22550 @ 0.172174
c bounds -2 >= -22486 @ 0.172252
c bounds -2 >= -22422 @ 0.172768
c bounds -2 >= -22358 @ 0.173297
c bounds -2 >= -22294 @ 0.173815
c bounds -2 >= -22230 @ 0.174343
c bounds -2 >= -22166 @ 0.17486
c bounds -2 >= -22102 @ 0.175386
c bounds -2 >= -22038 @ 0.175912
c bounds -2 >= -21974 @ 0.176442
c bounds -2 >= -21910 @ 0.176959
c bounds -2 >= -21846 @ 0.177488
c bounds -2 >= -21782 @ 0.178004
c bounds -2 >= -21718 @ 0.178527
c bounds -18 >= -21718 @ 0.185567
c bounds -18 >= -21654 @ 0.186145
c bounds -18 >= -21590 @ 0.186674
c bounds -18 >= -21526 @ 0.187213
c bounds -18 >= -21462 @ 0.187754
c bounds -18 >= -21398 @ 0.188281
c bounds -18 >= -21334 @ 0.188812
c bounds -18 >= -21270 @ 0.188921
c bounds -18 >= -21206 @ 0.189329
c bounds -18 >= -21142 @ 0.189826
c bounds -18 >= -21078 @ 0.190332
c bounds -18 >= -21014 @ 0.190837
c bounds -18 >= -20950 @ 0.191347
c bounds -18 >= -20886 @ 0.191856
c bounds -18 >= -20822 @ 0.19236
c bounds -18 >= -20758 @ 0.192867
c bounds -18 >= -20694 @ 0.193374
c bounds -18 >= -20630 @ 0.193882
c bounds -18 >= -20566 @ 0.194389
c bounds -18 >= -20502 @ 0.194904
c bounds -18 >= -20438 @ 0.195409
c bounds -18 >= -20374 @ 0.195919
c bounds -18 >= -20310 @ 0.196426
c bounds -18 >= -20246 @ 0.19693
c bounds -18 >= -20182 @ 0.197433
c bounds -18 >= -20118 @ 0.197941
c bounds -18 >= -20054 @ 0.198448
c bounds -18 >= -19990 @ 0.198953
c bounds -18 >= -19926 @ 0.19946
c bounds -18 >= -19862 @ 0.199966
c bounds -18 >= -19798 @ 0.20047
c bounds -18 >= -19734 @ 0.200975
c bounds -18 >= -19670 @ 0.20148
c bounds -18 >= -19606 @ 0.201984
c bounds -18 >= -19542 @ 0.202492
c bounds -18 >= -19478 @ 0.202995
c bounds -18 >= -19414 @ 0.2035
c bounds -18 >= -19350 @ 0.204006
c bounds -30 >= -19350 @ 0.219102
c bounds -34 >= -19350 @ 0.221109
c bounds -50 >= -19350 @ 0.226438
c bounds -50 >= -19310 @ 0.244074
c bounds -66 >= -19310 @ 0.251557
c bounds -82 >= -19310 @ 0.2575
c bounds -86 >= -19310 @ 0.262135
c bounds -102 >= -19310 @ 0.267225
c bounds -118 >= -19310 @ 0.271878
c bounds -128 >= -19310 @ 0.277877
c bounds -144 >= -19310 @ 0.286394
c bounds -156 >= -19310 @ 0.548636
c bounds -156 >= -19270 @ 0.569058
c bounds -156 >= -19230 @ 0.571747
c bounds -156 >= -19190 @ 0.574394
c bounds -156 >= -19150 @ 0.57825
c #Conflicts:       1000 | #Constraints:      20223
c bounds -156 >= -19110 @ 0.607372
c bounds -156 >= -19070 @ 0.616552
c bounds -156 >= -19030 @ 0.631317
c bounds -156 >= -18990 @ 0.65723
c #Conflicts:       2000 | #Constraints:      21259
c INPROCESSING
c GARBAGE COLLECT
c bounds -156 >= -18950 @ 0.704901
c bounds -172 >= -18950 @ 0.728085
c bounds -188 >= -18950 @ 0.735685
c bounds -192 >= -18950 @ 0.741128
c bounds -208 >= -18950 @ 0.748718
c bounds -224 >= -18950 @ 0.754018
c bounds -240 >= -18950 @ 0.760279
c bounds -256 >= -18950 @ 0.76806
c bounds -272 >= -18950 @ 0.773931
c bounds -288 >= -18950 @ 0.781262
c bounds -304 >= -18950 @ 0.787777
c bounds -304 >= -18910 @ 0.796991
c bounds -320 >= -18910 @ 0.801913
c bounds -332 >= -18910 @ 1.18561
c #Conflicts:       3000 | #Constraints:      21044
c bounds -332 >= -18870 @ 1.20762
c bounds -332 >= -18830 @ 1.24625
c #Conflicts:       4000 | #Constraints:      22050
c INPROCESSING
c GARBAGE COLLECT
c bounds -332 >= -18790 @ 1.29556
c bounds -332 >= -18750 @ 1.32716
c #Conflicts:       5000 | #Constraints:      21465
c bounds -332 >= -18710 @ 1.35207
c bounds -332 >= -18670 @ 1.36378
c bounds -332 >= -18630 @ 1.39232
c #Conflicts:       6000 | #Constraints:      22474
c bounds -332 >= -18590 @ 1.42007
c bounds -332 >= -18550 @ 1.44621
c INPROCESSING
c GARBAGE COLLECT
c #Conflicts:       7000 | #Constraints:      21488
c bounds -332 >= -18510 @ 1.4975
c bounds -332 >= -18470 @ 1.5288
c bounds -332 >= -18430 @ 1.55147
c #Conflicts:       8000 | #Constraints:      22503
c bounds -332 >= -18390 @ 1.57526
c bounds -332 >= -18350 @ 1.63869
c bounds -332 >= -18310 @ 1.68132
c bounds -332 >= -18270 @ 1.70504
c #Conflicts:       9000 | #Constraints:      23542
c INPROCESSING
c GARBAGE COLLECT
c bounds -348 >= -18270 @ 1.75216
c bounds -352 >= -18270 @ 1.75524
c bounds -364 >= -18270 @ 1.77403
c bounds -368 >= -18270 @ 1.78035
c bounds -384 >= -18270 @ 1.78952
c bounds -394 >= -18270 @ 1.81367
c bounds -394 >= -18230 @ 1.84021
c bounds -394 >= -18198 @ 1.86442
c bounds -396 >= -18198 @ 1.96098
c #Conflicts:      10000 | #Constraints:      22300
c bounds -396 >= -18166 @ 2.02811
c bounds -396 >= -18134 @ 2.19537
c bounds -404 >= -18134 @ 2.49742
c #Conflicts:      11000 | #Constraints:      23313
c bounds -404 >= -18094 @ 2.52068
c bounds -404 >= -18054 @ 2.59986
c #Conflicts:      12000 | #Constraints:      24319
c INPROCESSING
c GARBAGE COLLECT
c bounds -404 >= -18022 @ 2.71346
c #Conflicts:      13000 | #Constraints:      22810
c bounds -404 >= -17990 @ 2.86304
c bounds -404 >= -17958 @ 2.92998
c bounds -404 >= -17926 @ 3.02189
c #Conflicts:      14000 | #Constraints:      23840
c bounds -404 >= -17894 @ 3.25135
c #Conflicts:      15000 | #Constraints:      24858
c INPROCESSING
c GARBAGE COLLECT
c bounds -408 >= -17894 @ 3.43676
c bounds -424 >= -17894 @ 3.44282
c bounds -440 >= -17894 @ 3.44868
c bounds -456 >= -17894 @ 3.45612
c bounds -460 >= -17894 @ 3.46088
c bounds -470 >= -17894 @ 3.48225
c bounds -472 >= -17894 @ 3.496
c bounds -474 >= -17894 @ 3.50015
c bounds -476 >= -17894 @ 3.55499
c bounds -476 >= -17874 @ 3.5566
c bounds -476 >= -17854 @ 3.55885
c bounds -476 >= -17834 @ 3.56007
c bounds -476 >= -17814 @ 3.56141
c bounds -476 >= -17794 @ 3.56167
c bounds -476 >= -17774 @ 3.56289
c bounds -476 >= -17754 @ 3.5644
c bounds -476 >= -17734 @ 3.57506
c bounds -476 >= -17714 @ 3.58293
c bounds -476 >= -17694 @ 3.62047
c bounds -482 >= -17694 @ 3.69431
c bounds -482 >= -17674 @ 3.69733
c bounds -482 >= -17654 @ 3.70227
c #Conflicts:      16000 | #Constraints:      23161
c bounds -482 >= -17634 @ 3.73144
c bounds -482 >= -17614 @ 3.73524
c bounds -482 >= -17594 @ 3.77436
c bounds -482 >= -17574 @ 3.83506
c bounds -484 >= -17574 @ 4.01097
c #Conflicts:      17000 | #Constraints:      24207
c bounds -484 >= -17554 @ 4.19376
c bounds -484 >= -17534 @ 4.35424
c bounds -486 >= -17534 @ 4.36859
c bounds -487 >= -17534 @ 4.56211
c #Conflicts:      18000 | #Constraints:      25248
c bounds -487 >= -17514 @ 4.83714
c bounds -499 >= -17514 @ 4.87399
c bounds -499 >= -17494 @ 4.96926
c bounds -515 >= -17494 @ 4.98663
c bounds -527 >= -17494 @ 5.02375
c bounds -528 >= -17494 @ 5.19758
c #Conflicts:      19000 | #Constraints:      26276
c bounds -528 >= -17474 @ 5.5764
c bounds -532 >= -17474 @ 5.65584
c bounds -548 >= -17474 @ 5.72958
c bounds -548 >= -17454 @ 5.8047
c bounds -552 >= -17454 @ 5.84375
c bounds -562 >= -17454 @ 5.9493
c #Conflicts:      20000 | #Constraints:      27307
c bounds -562 >= -17434 @ 6.67949
c bounds -578 >= -17434 @ 6.90687
c bounds -582 >= -17434 @ 6.9633
c bounds -583 >= -17434 @ 6.99554
c bounds -591 >= -17434 @ 8.12811
c #Conflicts:      21000 | #Constraints:      28332
c bounds -591 >= -17414 @ 8.76941
c #Conflicts:      22000 | #Constraints:      29347
c bounds -591 >= -17394 @ 9.06
c bounds -591 >= -17374 @ 9.6907
c bounds -599 >= -17374 @ 9.74229
c bounds -603 >= -17374 @ 9.75375
c bounds -604 >= -17374 @ 9.76445
c bounds -608 >= -17374 @ 9.77509
c #Conflicts:      23000 | #Constraints:      30381
c bounds -610 >= -17374 @ 10.1118
c #Conflicts:      24000 | #Constraints:      31382
c INPROCESSING
c GARBAGE COLLECT
c bounds -612 >= -17374 @ 11.5273
c bounds -613 >= -17374 @ 11.7552
c bounds -615 >= -17374 @ 11.788
c bounds -616 >= -17374 @ 12.0761
c bounds -620 >= -17374 @ 12.3478
c bounds -630 >= -17374 @ 12.4543
c #Conflicts:      25000 | #Constraints:      26213
c bounds -632 >= -17374 @ 12.9443
c bounds -634 >= -17374 @ 13.2912
c bounds -635 >= -17374 @ 13.3026
c bounds -639 >= -17374 @ 13.3145
c bounds -643 >= -17374 @ 13.3264
c bounds -647 >= -17374 @ 13.3375
c bounds -651 >= -17374 @ 13.3492
c bounds -667 >= -17374 @ 13.3619
c bounds -671 >= -17374 @ 13.3721
c bounds -687 >= -17374 @ 13.3833
c bounds -703 >= -17374 @ 13.3935
c bounds -719 >= -17374 @ 13.4055
c bounds -723 >= -17374 @ 13.4155
c bounds -739 >= -17374 @ 13.4264
c bounds -743 >= -17374 @ 13.4375
c bounds -759 >= -17374 @ 13.4485
c bounds -775 >= -17374 @ 13.4601
c bounds -791 >= -17374 @ 13.4692
c bounds -795 >= -17374 @ 13.4779
c bounds -811 >= -17374 @ 13.4906
c bounds -815 >= -17374 @ 13.5016
c bounds -831 >= -17374 @ 13.5135
c bounds -847 >= -17374 @ 13.5235
c bounds -863 >= -17374 @ 13.5375
c bounds -867 >= -17374 @ 13.5464
c bounds -883 >= -17374 @ 13.5582
c bounds -887 >= -17374 @ 13.5692
c bounds -903 >= -17374 @ 13.5812
c bounds -903 >= -17358 @ 13.5826
c bounds -903 >= -17342 @ 13.5837
c bounds -903 >= -17326 @ 13.5847
c bounds -903 >= -17310 @ 13.5858
c bounds -903 >= -17294 @ 13.5869
c bounds -903 >= -17278 @ 13.5879
c bounds -903 >= -17262 @ 13.589
c bounds -903 >= -17246 @ 13.59
c bounds -903 >= -17230 @ 13.5906
c bounds -903 >= -17214 @ 13.5906
c bounds -903 >= -17198 @ 13.5912
c bounds -903 >= -17182 @ 13.5923
c bounds -903 >= -17166 @ 13.5933
c bounds -903 >= -17150 @ 13.5944
c bounds -903 >= -17134 @ 13.5945
c bounds -903 >= -17118 @ 13.5955
c bounds -903 >= -17102 @ 13.5966
c bounds -903 >= -17086 @ 13.5977
c bounds -903 >= -17070 @ 13.5987
c bounds -903 >= -17054 @ 13.5998
c bounds -903 >= -17038 @ 13.6009
c bounds -903 >= -17022 @ 13.6019
c bounds -903 >= -16990 @ 13.603
c bounds -903 >= -16974 @ 13.605
c bounds -903 >= -16958 @ 13.6069
c bounds -903 >= -16942 @ 13.6088
c bounds -903 >= -16926 @ 13.6107
c bounds -903 >= -16910 @ 13.6126
c bounds -903 >= -16894 @ 13.6136
c bounds -903 >= -16878 @ 13.6145
c bounds -903 >= -16862 @ 13.6164
c bounds -903 >= -16846 @ 13.6175
c bounds -903 >= -16830 @ 13.6175
c bounds -903 >= -16814 @ 13.6191
c bounds -903 >= -16798 @ 13.621
c bounds -903 >= -16782 @ 13.622
c bounds -903 >= -16766 @ 13.6239
c bounds -903 >= -16750 @ 13.6248
c bounds -903 >= -16734 @ 13.6267
c bounds -903 >= -16718 @ 13.6277
c bounds -903 >= -16702 @ 13.6295
c bounds -903 >= -16686 @ 13.6305
c bounds -903 >= -16670 @ 13.6323
c bounds -903 >= -16654 @ 13.6334
c bounds -903 >= -16638 @ 13.6334
c bounds -903 >= -16622 @ 13.6334
c bounds -903 >= -16606 @ 13.6334
c bounds -903 >= -16590 @ 13.6351
c bounds -903 >= -16574 @ 13.6361
c bounds -903 >= -16558 @ 13.6381
c bounds -903 >= -16542 @ 13.6394
c bounds -903 >= -16526 @ 13.6404
c bounds -903 >= -16494 @ 13.6404
c bounds -903 >= -16478 @ 13.6414
c bounds -903 >= -16462 @ 13.6424
c bounds -903 >= -16446 @ 13.6424
c bounds -903 >= -16430 @ 13.6434
c bounds -903 >= -16414 @ 13.6452
c bounds -903 >= -16398 @ 13.6464
c bounds -903 >= -16382 @ 13.6474
c bounds -903 >= -16366 @ 13.6474
c bounds -903 >= -16350 @ 13.6482
c bounds -903 >= -16318 @ 13.6494
c bounds -903 >= -16302 @ 13.6505
c bounds -903 >= -16270 @ 13.6525
c bounds -903 >= -16254 @ 13.6537
c bounds -903 >= -16238 @ 13.6557
c bounds -903 >= -16222 @ 13.6569
c bounds -903 >= -16206 @ 13.6583
c bounds -903 >= -16190 @ 13.66
c bounds -903 >= -16174 @ 13.6613
c bounds -903 >= -16142 @ 13.6632
c bounds -903 >= -16110 @ 13.6643
c bounds -903 >= -16094 @ 13.6665
c bounds -903 >= -16078 @ 13.6687
c bounds -903 >= -16062 @ 13.6693
c bounds -903 >= -16046 @ 13.6703
c bounds -903 >= -16030 @ 13.6716
c bounds -903 >= -16014 @ 13.6737
c bounds -903 >= -15998 @ 13.6749
c bounds -903 >= -15982 @ 13.6753
c bounds -903 >= -15966 @ 13.6763
c bounds -903 >= -15950 @ 13.6775
c bounds -903 >= -15918 @ 13.6786
c bounds -903 >= -15902 @ 13.6799
c bounds -903 >= -15886 @ 13.6802
c bounds -903 >= -15870 @ 13.6812
c bounds -903 >= -15854 @ 13.6824
c bounds -903 >= -15822 @ 13.6846
c bounds -903 >= -15806 @ 13.6867
c bounds -903 >= -15790 @ 13.6882
c bounds -903 >= -15774 @ 13.6902
c bounds -903 >= -15742 @ 13.6915
c bounds -903 >= -15726 @ 13.6926
c bounds -903 >= -15710 @ 13.6942
c bounds -903 >= -15678 @ 13.695
c bounds -903 >= -15662 @ 13.6954
c bounds -903 >= -15630 @ 13.6976
c bounds -903 >= -15614 @ 13.6982
c bounds -903 >= -15598 @ 13.699
c bounds -903 >= -15582 @ 13.7001
c bounds -919 >= -15582 @ 13.7164
c bounds -919 >= -15566 @ 13.7181
c bounds -919 >= -15550 @ 13.7191
c bounds -919 >= -15534 @ 13.7213
c bounds -919 >= -15518 @ 13.7235
c bounds -919 >= -15502 @ 13.7256
c bounds -919 >= -15486 @ 13.7278
c bounds -919 >= -15470 @ 13.73
c bounds -919 >= -15454 @ 13.7322
c bounds -919 >= -15438 @ 13.7334
c bounds -919 >= -15422 @ 13.7345
c bounds -919 >= -15406 @ 13.736
c bounds -919 >= -15390 @ 13.736
c bounds -919 >= -15374 @ 13.737
c bounds -919 >= -15358 @ 13.7392
c bounds -919 >= -15326 @ 13.7405
c bounds -919 >= -15310 @ 13.742
c bounds -919 >= -15294 @ 13.7438
c bounds -919 >= -15278 @ 13.744
c bounds -919 >= -15246 @ 13.7462
c bounds -919 >= -15230 @ 13.7474
c bounds -919 >= -15198 @ 13.7497
c bounds -919 >= -15182 @ 13.7509
c bounds -919 >= -15166 @ 13.753
c bounds -919 >= -15150 @ 13.7542
c bounds -919 >= -15118 @ 13.7554
c bounds -919 >= -15102 @ 13.7565
c bounds -919 >= -15086 @ 13.7576
c bounds -919 >= -15070 @ 13.7588
c bounds -919 >= -15054 @ 13.7591
c bounds -919 >= -15038 @ 13.7614
c bounds -919 >= -15022 @ 13.7626
c bounds -919 >= -15006 @ 13.7651
c bounds -919 >= -14990 @ 13.7673
c bounds -919 >= -14974 @ 13.7695
c bounds -919 >= -14958 @ 13.7717
c bounds -919 >= -14926 @ 13.7729
c bounds -919 >= -14910 @ 13.7742
c bounds -919 >= -14894 @ 13.7754
c bounds -919 >= -14878 @ 13.7759
c bounds -919 >= -14862 @ 13.7769
c bounds -919 >= -14846 @ 13.7781
c bounds -919 >= -14830 @ 13.7803
c bounds -919 >= -14814 @ 13.7825
c bounds -919 >= -14798 @ 13.7838
c bounds -919 >= -14782 @ 13.7861
c bounds -919 >= -14766 @ 13.7883
c bounds -919 >= -14750 @ 13.7898
c bounds -919 >= -14734 @ 13.791
c bounds -919 >= -14718 @ 13.7924
c bounds -919 >= -14702 @ 13.7938
c bounds -919 >= -14686 @ 13.794
c bounds -919 >= -14670 @ 13.7953
c bounds -919 >= -14654 @ 13.7966
c bounds -919 >= -14638 @ 13.7993
c bounds -919 >= -14622 @ 13.8009
c bounds -935 >= -14622 @ 13.8184
c bounds -935 >= -14606 @ 13.8208
c bounds -935 >= -14590 @ 13.8226
c bounds -935 >= -14574 @ 13.8239
c bounds -935 >= -14558 @ 13.8256
c bounds -935 >= -14542 @ 13.8279
c bounds -935 >= -14526 @ 13.8286
c bounds -935 >= -14510 @ 13.8303
c bounds -935 >= -14494 @ 13.8329
c bounds -935 >= -14478 @ 13.8346
c bounds -935 >= -14462 @ 13.8364
c bounds -935 >= -14446 @ 13.8383
c bounds -935 >= -14430 @ 13.8409
c bounds -935 >= -14414 @ 13.8425
c bounds -935 >= -14398 @ 13.8451
c bounds -935 >= -14382 @ 13.846
c bounds -935 >= -14366 @ 13.8466
c bounds -935 >= -14350 @ 13.849
c bounds -935 >= -14334 @ 13.852
c bounds -935 >= -14318 @ 13.8529
c bounds -935 >= -14302 @ 13.8548
c bounds -935 >= -14286 @ 13.8566
c bounds -935 >= -14270 @ 13.8585
c bounds -935 >= -14254 @ 13.8595
c bounds -935 >= -14238 @ 13.8645
c bounds -935 >= -14222 @ 13.8665
c bounds -935 >= -14206 @ 13.8705
c bounds -935 >= -14190 @ 13.8725
c bounds -935 >= -14174 @ 13.8761
c bounds -935 >= -14158 @ 13.8765
c bounds -935 >= -14142 @ 13.8777
c bounds -935 >= -14126 @ 13.8799
c bounds -935 >= -14110 @ 13.8821
c bounds -935 >= -14094 @ 13.884
c bounds -935 >= -14078 @ 13.8867
c bounds -939 >= -14078 @ 13.9026
c bounds -939 >= -14062 @ 13.9065
c bounds -939 >= -14046 @ 13.9108
c bounds -939 >= -14030 @ 13.9129
c bounds -939 >= -14014 @ 13.9158
c bounds -939 >= -13998 @ 13.9188
c bounds -939 >= -13982 @ 13.9272
c bounds -939 >= -13966 @ 13.9422
c bounds -955 >= -13966 @ 13.9643
c bounds -955 >= -13950 @ 13.9716
c bounds -955 >= -13934 @ 13.976
c bounds -955 >= -13918 @ 13.9789
c bounds -955 >= -13902 @ 13.9821
c bounds -955 >= -13886 @ 13.9874
c bounds -955 >= -13870 @ 13.9888
c bounds -955 >= -13854 @ 13.9931
c bounds -959 >= -13854 @ 14.0087
c bounds -959 >= -13838 @ 14.0141
c bounds -959 >= -13822 @ 14.0218
c bounds -959 >= -13806 @ 14.0322
c bounds -959 >= -13790 @ 14.0481
c bounds -975 >= -13790 @ 14.0668
c bounds -975 >= -13774 @ 14.1179
c bounds -991 >= -13774 @ 14.1362
c bounds -1007 >= -13774 @ 14.1491
c bounds -1011 >= -13774 @ 14.161
c bounds -1027 >= -13774 @ 14.1729
c bounds -1027 >= -13758 @ 14.2278
c bounds -1031 >= -13758 @ 14.2432
c bounds -1047 >= -13758 @ 14.2545
c bounds -1051 >= -13758 @ 14.265
c bounds -1067 >= -13758 @ 14.2762
c bounds -1067 >= -13742 @ 14.3683
c bounds -1071 >= -13742 @ 14.3871
c bounds -1087 >= -13742 @ 14.401
c bounds -1103 >= -13742 @ 14.4146
c bounds -1119 >= -13742 @ 14.4261
c bounds -1123 >= -13742 @ 14.4378
c bounds -1139 >= -13742 @ 14.4495
c bounds -1143 >= -13742 @ 14.4589
c bounds -1143 >= -13726 @ 14.4609
c bounds -1143 >= -13710 @ 14.4883
c bounds -1159 >= -13710 @ 14.5042
c bounds -1163 >= -13710 @ 14.5148
c bounds -1163 >= -13694 @ 14.5472
c bounds -1179 >= -13694 @ 14.5661
c bounds -1179 >= -13678 @ 14.5904
c bounds -1195 >= -13678 @ 14.6085
c bounds -1199 >= -13678 @ 14.6189
c bounds -1199 >= -13662 @ 14.6443
c bounds -1215 >= -13662 @ 14.6641
c #Conflicts:      26000 | #Constraints:      28278
c bounds -1215 >= -13646 @ 14.7394
c bounds -1231 >= -13646 @ 14.7583
c bounds -1247 >= -13646 @ 14.7699
c bounds -1251 >= -13646 @ 14.7793
c bounds -1267 >= -13646 @ 14.7906
c bounds -1271 >= -13646 @ 14.7989
c bounds -1271 >= -13630 @ 14.8305
c bounds -1287 >= -13630 @ 14.8477
c bounds -1287 >= -13614 @ 14.8946
c bounds -1303 >= -13614 @ 14.9114
c bounds -1319 >= -13614 @ 14.9248
c bounds -1323 >= -13614 @ 14.9323
c bounds -1323 >= -13598 @ 14.9619
c bounds -1339 >= -13598 @ 14.9807
c bounds -1339 >= -13582 @ 15.1296
c bounds -1343 >= -13582 @ 15.1475
c bounds -1359 >= -13582 @ 15.1584
c bounds -1363 >= -13582 @ 15.1704
c bounds -1379 >= -13582 @ 15.183
c bounds -1395 >= -13582 @ 15.1957
c bounds -1411 >= -13582 @ 15.2053
c bounds -1415 >= -13582 @ 15.2142
c bounds -1431 >= -13582 @ 15.2281
c bounds -1435 >= -13582 @ 15.24
c bounds -1451 >= -13582 @ 15.2538
c bounds -1467 >= -13582 @ 15.2647
c bounds -1467 >= -13566 @ 15.3245
c bounds -1483 >= -13566 @ 15.3432
c bounds -1487 >= -13566 @ 15.3543
c bounds -1503 >= -13566 @ 15.3675
c bounds -1507 >= -13566 @ 15.3786
c bounds -1523 >= -13566 @ 15.3917
c bounds -1523 >= -13550 @ 15.6179
c bounds -1527 >= -13550 @ 15.6381
c bounds -1531 >= -13550 @ 15.6492
c bounds -1535 >= -13550 @ 15.6592
c bounds -1539 >= -13550 @ 15.6702
c bounds -1543 >= -13550 @ 15.6819
c bounds -1547 >= -13550 @ 15.691
c bounds -1563 >= -13550 @ 15.7081
c bounds -1567 >= -13550 @ 15.718
c bounds -1571 >= -13550 @ 15.7342
c bounds -1587 >= -13550 @ 15.7499
c bounds -1603 >= -13550 @ 15.7615
c bounds -1607 >= -13550 @ 15.7739
c bounds -1623 >= -13550 @ 15.7871
c bounds -1639 >= -13550 @ 15.8
c bounds -1640 >= -13550 @ 15.8128
c bounds -1641 >= -13550 @ 15.8267
c bounds -1657 >= -13550 @ 15.8421
c bounds -1661 >= -13550 @ 15.8554
c bounds -1677 >= -13550 @ 15.8695
c bounds -1678 >= -13550 @ 15.8795
c bounds -1694 >= -13550 @ 15.8926
c #Conflicts:      27000 | #Constraints:      29493
c bounds -1694 >= -13534 @ 16.1519
c bounds -1698 >= -13534 @ 16.1719
c bounds -1714 >= -13534 @ 16.184
c bounds -1718 >= -13534 @ 16.1958
c bounds -1734 >= -13534 @ 16.209
c bounds -1750 >= -13534 @ 16.2202
c bounds -1752 >= -13534 @ 16.2574
c bounds -1756 >= -13534 @ 16.294
c bounds -1772 >= -13534 @ 16.4997
c #Conflicts:      28000 | #Constraints:      30519
c bounds -1772 >= -13518 @ 17.2827
c bounds -1788 >= -13518 @ 17.3148
c bounds -1789 >= -13518 @ 17.3275
c bounds -1790 >= -13518 @ 17.341
c bounds -1794 >= -13518 @ 17.355
c bounds -1798 >= -13518 @ 17.368
c bounds -1800 >= -13518 @ 17.38
c bounds -1804 >= -13518 @ 17.3938
c bounds -1828 >= -13518 @ 17.4111
c bounds -1838 >= -13518 @ 18.1822
c bounds -1838 >= -13502 @ 18.1855
c INPROCESSING
c GARBAGE COLLECT
c #Conflicts:      29000 | #Constraints:      25875
c #Conflicts:      30000 | #Constraints:      26875
c bounds -1838 >= -13486 @ 19.7279
c bounds -1839 >= -13486 @ 19.7395
c bounds -1840 >= -13486 @ 19.7475
c bounds -1842 >= -13486 @ 19.8342
c bounds -1858 >= -13486 @ 20.3311
c #Conflicts:      31000 | #Constraints:      27924
c bounds -1874 >= -13486 @ 20.6441
c bounds -1874 >= -13470 @ 21.5511
c #Conflicts:      32000 | #Constraints:      28964
c bounds -1875 >= -13470 @ 21.6759
c bounds -1891 >= -13470 @ 22.9491
c #Conflicts:      33000 | #Constraints:      29966
c bounds -1891 >= -13454 @ 23.8445
c #Conflicts:      34000 | #Constraints:      30999
c bounds -1891 >= -13438 @ 25.2529
c bounds -1892 >= -13438 @ 25.3716
c bounds -1894 >= -13438 @ 25.3915
c bounds -1910 >= -13438 @ 26.2718
c #Conflicts:      35000 | #Constraints:      32047
c bounds -1910 >= -13422 @ 27.8631
c #Conflicts:      36000 | #Constraints:      33086
c #Conflicts:      37000 | #Constraints:      34086
c bounds -1910 >= -13406 @ 30.96
c #Conflicts:      38000 | #Constraints:      35128
c bounds -1921 >= -13406 @ 32.1498
c bounds -1922 >= -13406 @ 32.1661
c bounds -1938 >= -13406 @ 32.4757
c #Conflicts:      39000 | #Constraints:      36131
c bounds -1938 >= -13390 @ 34.0289
c bounds -1941 >= -13390 @ 37.5796
c #Conflicts:      40000 | #Constraints:      37162
c bounds -1941 >= -13374 @ 39.3471
c #Conflicts:      41000 | #Constraints:      38195
c INPROCESSING
c GARBAGE COLLECT
c bounds -1941 >= -13358 @ 41.1131
c #Conflicts:      42000 | #Constraints:      30164
c #Conflicts:      43000 | #Constraints:      31164
c bounds -1941 >= -13342 @ 42.9406
c #Conflicts:      44000 | #Constraints:      32218
c #Conflicts:      45000 | #Constraints:      33218
c bounds -1941 >= -13326 @ 46.0278
c bounds -1942 >= -13326 @ 46.0617
c bounds -1944 >= -13326 @ 46.0931
c bounds -1945 >= -13326 @ 46.1114
c bounds -1946 >= -13326 @ 46.1258
c bounds -1950 >= -13326 @ 46.1423
c bounds -1952 >= -13326 @ 46.153
c bounds -1954 >= -13326 @ 46.1655
c bounds -1970 >= -13326 @ 47.2666
c #Conflicts:      46000 | #Constraints:      34256
c bounds -1970 >= -13310 @ 49.6875
c bounds -1972 >= -13310 @ 49.8623
c #Conflicts:      47000 | #Constraints:      35302
c INPROCESSING
c GARBAGE COLLECT
c bounds -1988 >= -13310 @ 50.4944
c bounds -2004 >= -13310 @ 50.548
c bounds -2005 >= -13310 @ 51.2482
c bounds -2006 >= -13310 @ 51.2664
c bounds -2010 >= -13310 @ 52.3998
c bounds -2014 >= -13310 @ 52.7072
c #Conflicts:      48000 | #Constraints:      28934
c #Conflicts:      49000 | #Constraints:      29934
c #Conflicts:      50000 | #Constraints:      30934
c #Conflicts:      51000 | #Constraints:      31934
c bounds -2014 >= -13294 @ 58.4568
c bounds -2022 >= -13294 @ 58.496
c bounds -2030 >= -13294 @ 58.5154
c bounds -2034 >= -13294 @ 58.5322
c bounds -2038 >= -13294 @ 58.547
c #Conflicts:      52000 | #Constraints:      33010
c #Conflicts:      53000 | #Constraints:      34010
c #Conflicts:      54000 | #Constraints:      35010
c #Conflicts:      55000 | #Constraints:      36010
c #Conflicts:      56000 | #Constraints:      37010
c bounds -2042 >= -13294 @ 130.795
c #Conflicts:      57000 | #Constraints:      38011
c #Conflicts:      58000 | #Constraints:      39011
c bounds -2042 >= -13278 @ 138.17
c #Conflicts:      59000 | #Constraints:      40053
c #Conflicts:      60000 | #Constraints:      41053
c bounds -2042 >= -13262 @ 145.356
c #Conflicts:      61000 | #Constraints:      42080
c #Conflicts:      62000 | #Constraints:      43080
c INPROCESSING
c GARBAGE COLLECT
c #Conflicts:      63000 | #Constraints:      32325
c bounds -2042 >= -13246 @ 157.388
c #Conflicts:      64000 | #Constraints:      33361
c #Conflicts:      65000 | #Constraints:      34361
c #Conflicts:      66000 | #Constraints:      35361
c bounds -2042 >= -13230 @ 165.908
c #Conflicts:      67000 | #Constraints:      36418
c #Conflicts:      68000 | #Constraints:      37418
c #Conflicts:      69000 | #Constraints:      38418
c INPROCESSING
c GARBAGE COLLECT
c #Conflicts:      70000 | #Constraints:      30215
c #Conflicts:      71000 | #Constraints:      31215
c #Conflicts:      72000 | #Constraints:      32215
c #Conflicts:      73000 | #Constraints:      33215
c bounds -2042 >= -13214 @ 185.166
c #Conflicts:      74000 | #Constraints:      34290
c #Conflicts:      75000 | #Constraints:      35290
c #Conflicts:      76000 | #Constraints:      36290
c bounds -2042 >= -13198 @ 194.302
c #Conflicts:      77000 | #Constraints:      37353
c #Conflicts:      78000 | #Constraints:      38353
c #Conflicts:      79000 | #Constraints:      39353
c bounds -2042 >= -13182 @ 202.663
c #Conflicts:      80000 | #Constraints:      40395
c #Conflicts:      81000 | #Constraints:      41395
c bounds -2042 >= -13166 @ 209.822
c #Conflicts:      82000 | #Constraints:      42428
c #Conflicts:      83000 | #Constraints:      43428
c #Conflicts:      84000 | #Constraints:      44428
c #Conflicts:      85000 | #Constraints:      45428
c #Conflicts:      86000 | #Constraints:      46428
c #Conflicts:      87000 | #Constraints:      47428
c bounds -2042 >= -13150 @ 236.809
c #Conflicts:      88000 | #Constraints:      48497
c INPROCESSING
c GARBAGE COLLECT
c #Conflicts:      89000 | #Constraints:      35283
c #Conflicts:      90000 | #Constraints:      36283
c #Conflicts:      91000 | #Constraints:      37283
c #Conflicts:      92000 | #Constraints:      38283
c #Conflicts:      93000 | #Constraints:      39283
c #Conflicts:      94000 | #Constraints:      40283
c #Conflicts:      95000 | #Constraints:      41283
c #Conflicts:      96000 | #Constraints:      42283
c bounds -2042 >= -13134 @ 278.937
c INPROCESSING
c GARBAGE COLLECT
c #Conflicts:      97000 | #Constraints:      32223
c #Conflicts:      98000 | #Constraints:      33223
c #Conflicts:      99000 | #Constraints:      34223
c #Conflicts:     100000 | #Constraints:      35223
c #Conflicts:     101000 | #Constraints:      36223
c #Conflicts:     102000 | #Constraints:      37223
c #Conflicts:     103000 | #Constraints:      38223
c #Conflicts:     104000 | #Constraints:      39223
c #Conflicts:     105000 | #Constraints:      40223
c #Conflicts:     106000 | #Constraints:      41223
c bounds -2042 >= -13118 @ 329.287
c bounds -2044 >= -13118 @ 329.623
c bounds -2054 >= -13118 @ 330.762
c #Conflicts:     107000 | #Constraints:      42312
c bounds -2056 >= -13118 @ 331.659
c bounds -2060 >= -13118 @ 333.066
c bounds -2068 >= -13118 @ 335.919
c #Conflicts:     108000 | #Constraints:      43315
c bounds -2072 >= -13118 @ 338.138
c bounds -2074 >= -13118 @ 338.643
c bounds -2076 >= -13118 @ 338.923
c #Conflicts:     109000 | #Constraints:      44318
c #Conflicts:     110000 | #Constraints:      45318
c #Conflicts:     111000 | #Constraints:      46318
c #Conflicts:     112000 | #Constraints:      47318
c #Conflicts:     113000 | #Constraints:      48318
c #Conflicts:     114000 | #Constraints:      49318
c #Conflicts:     115000 | #Constraints:      50318
c #Conflicts:     116000 | #Constraints:      51318
c bounds -2077 >= -13118 @ 553.3
c #Conflicts:     117000 | #Constraints:      52319
c #Conflicts:     118000 | #Constraints:      53319
c INPROCESSING
c GARBAGE COLLECT
c #Conflicts:     119000 | #Constraints:      37880
c #Conflicts:     120000 | #Constraints:      38880
c #Conflicts:     121000 | #Constraints:      39880
c #Conflicts:     122000 | #Constraints:      40880
c #Conflicts:     123000 | #Constraints:      41880
c #Conflicts:     124000 | #Constraints:      42880
c #Conflicts:     125000 | #Constraints:      43880
c bounds -2077 >= -13102 @ 613.522
c #Conflicts:     126000 | #Constraints:      44970
c #Conflicts:     127000 | #Constraints:      45970
c #Conflicts:     128000 | #Constraints:      46970
c INPROCESSING
c GARBAGE COLLECT
c #Conflicts:     129000 | #Constraints:      34977
c #Conflicts:     130000 | #Constraints:      35977
c #Conflicts:     131000 | #Constraints:      36977
c #Conflicts:     132000 | #Constraints:      37977
c #Conflicts:     133000 | #Constraints:      38977
c #Conflicts:     134000 | #Constraints:      39977
c #Conflicts:     135000 | #Constraints:      40977
c #Conflicts:     136000 | #Constraints:      41977
c #Conflicts:     137000 | #Constraints:      42977
c bounds -2077 >= -13086 @ 688.587
c #Conflicts:     138000 | #Constraints:      44061
c #Conflicts:     139000 | #Constraints:      45061
c #Conflicts:     140000 | #Constraints:      46061
c #Conflicts:     141000 | #Constraints:      47061
c #Conflicts:     142000 | #Constraints:      48061
c #Conflicts:     143000 | #Constraints:      49061
c #Conflicts:     144000 | #Constraints:      50061
c #Conflicts:     145000 | #Constraints:      51061
c #Conflicts:     146000 | #Constraints:      52061
c #Conflicts:     147000 | #Constraints:      53061
c bounds -2077 >= -13070 @ 793.252
c #Conflicts:     148000 | #Constraints:      54139
c #Conflicts:     149000 | #Constraints:      55139
c #Conflicts:     150000 | #Constraints:      56139
c #Conflicts:     151000 | #Constraints:      57139
c #Conflicts:     152000 | #Constraints:      58139
c #Conflicts:     153000 | #Constraints:      59139
c INPROCESSING
c GARBAGE COLLECT
c #Conflicts:     154000 | #Constraints:      40943
c #Conflicts:     155000 | #Constraints:      41943
c #Conflicts:     156000 | #Constraints:      42943
c #Conflicts:     157000 | #Constraints:      43943
c #Conflicts:     158000 | #Constraints:      44943
c #Conflicts:     159000 | #Constraints:      45943
c #Conflicts:     160000 | #Constraints:      46943
c #Conflicts:     161000 | #Constraints:      47943
c bounds -2077 >= -13054 @ 940.592
c #Conflicts:     162000 | #Constraints:      49009
c #Conflicts:     163000 | #Constraints:      50009
c INPROCESSING
c GARBAGE COLLECT
c #Conflicts:     164000 | #Constraints:      35949
c #Conflicts:     165000 | #Constraints:      36949
c #Conflicts:     166000 | #Constraints:      37949
c #Conflicts:     167000 | #Constraints:      38949
c #Conflicts:     168000 | #Constraints:      39949
c #Conflicts:     169000 | #Constraints:      40949
c #Conflicts:     170000 | #Constraints:      41949
c #Conflicts:     171000 | #Constraints:      42949
c #Conflicts:     172000 | #Constraints:      43949
c #Conflicts:     173000 | #Constraints:      44949
c #Conflicts:     174000 | #Constraints:      45949
c #Conflicts:     175000 | #Constraints:      46949
c #Conflicts:     176000 | #Constraints:      47949
c #Conflicts:     177000 | #Constraints:      48949
c #Conflicts:     178000 | #Constraints:      49949
c bounds -2077 >= -13038 @ 1097.62
c bounds -2079 >= -13038 @ 1098.35
c bounds -2080 >= -13038 @ 1098.42
c bounds -2081 >= -13038 @ 1098.51
c bounds -2082 >= -13038 @ 1098.55
c bounds -2083 >= -13038 @ 1101.53
c #Conflicts:     179000 | #Constraints:      51026
c bounds -2084 >= -13038 @ 1102.44
c bounds -2085 >= -13038 @ 1103.99
c #Conflicts:     180000 | #Constraints:      52028
c #Conflicts:     181000 | #Constraints:      53028
c #Conflicts:     182000 | #Constraints:      54028
c #Conflicts:     183000 | #Constraints:      55028
c #Conflicts:     184000 | #Constraints:      56028
c #Conflicts:     185000 | #Constraints:      57028
c #Conflicts:     186000 | #Constraints:      58028
c #Conflicts:     187000 | #Constraints:      59028
c #Conflicts:     188000 | #Constraints:      60028
c #Conflicts:     189000 | #Constraints:      61028
c #Conflicts:     190000 | #Constraints:      62028
c #Conflicts:     191000 | #Constraints:      63028
c INPROCESSING
c GARBAGE COLLECT
c #Conflicts:     192000 | #Constraints:      42511
c bounds -2087 >= -13038 @ 1299.72
c bounds -2091 >= -13038 @ 1299.78
c bounds -2092 >= -13038 @ 1299.86
c bounds -2095 >= -13038 @ 1300.83
c bounds -2099 >= -13038 @ 1300.87
c bounds -2103 >= -13038 @ 1300.9
c bounds -2107 >= -13038 @ 1300.93
c bounds -2111 >= -13038 @ 1300.96
c bounds -2115 >= -13038 @ 1300.98
c bounds -2119 >= -13038 @ 1301.01
c bounds -2123 >= -13038 @ 1301.04
c bounds -2127 >= -13038 @ 1301.07
c bounds -2131 >= -13038 @ 1301.1
c bounds -2135 >= -13038 @ 1301.13
c bounds -2139 >= -13038 @ 1301.15
c bounds -2143 >= -13038 @ 1301.18
c bounds -2147 >= -13038 @ 1301.21
c bounds -2151 >= -13038 @ 1301.23
c bounds -2155 >= -13038 @ 1301.26
c bounds -2159 >= -13038 @ 1301.28
c bounds -2163 >= -13038 @ 1301.31
c bounds -2167 >= -13038 @ 1301.33
c bounds -2171 >= -13038 @ 1301.36
c bounds -2187 >= -13038 @ 1301.38
c bounds -2203 >= -13038 @ 1301.41
c bounds -2219 >= -13038 @ 1301.44
c bounds -2223 >= -13038 @ 1301.46
c bounds -2239 >= -13038 @ 1301.49
c bounds -2255 >= -13038 @ 1301.52
c bounds -2271 >= -13038 @ 1301.54
c bounds -2287 >= -13038 @ 1301.57
c bounds -2303 >= -13038 @ 1301.6
c bounds -2319 >= -13038 @ 1301.63
c bounds -2335 >= -13038 @ 1301.65
c bounds -2351 >= -13038 @ 1301.68
c bounds -2367 >= -13038 @ 1301.7
c bounds -2383 >= -13038 @ 1301.73
c bounds -2399 >= -13038 @ 1301.76
c bounds -2415 >= -13038 @ 1301.82
c bounds -2431 >= -13038 @ 1301.96
c bounds -2447 >= -13038 @ 1302
c bounds -2463 >= -13038 @ 1302.02
c bounds -2479 >= -13038 @ 1302.05
c bounds -2495 >= -13038 @ 1302.07
c bounds -2511 >= -13038 @ 1302.1
c bounds -2527 >= -13038 @ 1302.13
c bounds -2543 >= -13038 @ 1302.16
c bounds -2559 >= -13038 @ 1302.18
c bounds -2575 >= -13038 @ 1302.22
c bounds -2591 >= -13038 @ 1302.26
c bounds -2607 >= -13038 @ 1302.29
c bounds -2623 >= -13038 @ 1302.31
c bounds -2639 >= -13038 @ 1302.34
c bounds -2655 >= -13038 @ 1302.37
c bounds -2671 >= -13038 @ 1302.39
c bounds -2687 >= -13038 @ 1302.42
c bounds -2688 >= -13038 @ 1302.45
c bounds -2704 >= -13038 @ 1302.49
c bounds -2707 >= -13038 @ 1302.55
c bounds -2711 >= -13038 @ 1302.57
c bounds -2712 >= -13038 @ 1302.6
c bounds -2728 >= -13038 @ 1302.63
c bounds -2744 >= -13038 @ 1302.65
c bounds -2760 >= -13038 @ 1302.78
c bounds -2776 >= -13038 @ 1302.82
c bounds -2792 >= -13038 @ 1302.84
c bounds -2808 >= -13038 @ 1302.87
c bounds -2824 >= -13038 @ 1302.89
c bounds -2827 >= -13038 @ 1303.03
c bounds -2831 >= -13038 @ 1303.16
c bounds -2832 >= -13038 @ 1303.2
c bounds -2833 >= -13038 @ 1303.23
c bounds -2834 >= -13038 @ 1303.78
c bounds -2837 >= -13038 @ 1303.9
c bounds -2838 >= -13038 @ 1303.94
c #Conflicts:     193000 | #Constraints:      43586
c #Conflicts:     194000 | #Constraints:      44586
c bounds -2842 >= -13038 @ 1309.53
c bounds -2843 >= -13038 @ 1310.15
c bounds -2844 >= -13038 @ 1310.18
c bounds -2846 >= -13038 @ 1312.4
c bounds -2850 >= -13038 @ 1312.44
c bounds -2854 >= -13038 @ 1312.47
c bounds -2858 >= -13038 @ 1312.51
c bounds -2862 >= -13038 @ 1312.59
c bounds -2866 >= -13038 @ 1312.64
c bounds -2870 >= -13038 @ 1312.69
c bounds -2874 >= -13038 @ 1312.73
c bounds -2878 >= -13038 @ 1312.77
c bounds -2882 >= -13038 @ 1312.8
c bounds -2886 >= -13038 @ 1312.83
c bounds -2890 >= -13038 @ 1312.86
c bounds -2894 >= -13038 @ 1312.89
c bounds -2898 >= -13038 @ 1312.92
c bounds -2902 >= -13038 @ 1312.94
c bounds -2906 >= -13038 @ 1312.97
c bounds -2910 >= -13038 @ 1313
c bounds -2914 >= -13038 @ 1313.03
c bounds -2918 >= -13038 @ 1313.06
c bounds -2922 >= -13038 @ 1313.08
c bounds -2926 >= -13038 @ 1313.11
c bounds -2930 >= -13038 @ 1313.14
c bounds -2934 >= -13038 @ 1313.16
c bounds -2938 >= -13038 @ 1313.19
c bounds -2942 >= -13038 @ 1313.22
c bounds -2946 >= -13038 @ 1313.24
c bounds -2949 >= -13038 @ 1313.39
c bounds -2953 >= -13038 @ 1313.42
c bounds -2954 >= -13038 @ 1313.44
c bounds -2962 >= -13038 @ 1313.7
c bounds -2970 >= -13038 @ 1313.73
c bounds -2974 >= -13038 @ 1313.76
c #Conflicts:     195000 | #Constraints:      45621
c bounds -2975 >= -13038 @ 1316.22
c bounds -2979 >= -13038 @ 1316.26
c bounds -2980 >= -13038 @ 1316.3
c #Conflicts:     196000 | #Constraints:      46624
c #Conflicts:     197000 | #Constraints:      47624
c #Conflicts:     198000 | #Constraints:      48624
c #Conflicts:     199000 | #Constraints:      49624
c #Conflicts:     200000 | #Constraints:      50624
c #Conflicts:     201000 | #Constraints:      51624
c #Conflicts:     202000 | #Constraints:      52624
c #Conflicts:     203000 | #Constraints:      53624
c #Conflicts:     204000 | #Constraints:      54624
c INPROCESSING
c GARBAGE COLLECT
c #Conflicts:     205000 | #Constraints:      38919
c #Conflicts:     206000 | #Constraints:      39919
c #Conflicts:     207000 | #Constraints:      40919
c #Conflicts:     208000 | #Constraints:      41919
c #Conflicts:     209000 | #Constraints:      42919
c #Conflicts:     210000 | #Constraints:      43919
c bounds -2981 >= -13038 @ 1428.02
c #Conflicts:     211000 | #Constraints:      44920
c bounds -2981 >= -13026 @ 1428.54
c bounds -2981 >= -13014 @ 1429.75
c bounds -2981 >= -13002 @ 1433.54
c #Conflicts:     212000 | #Constraints:      45962
c #Conflicts:     213000 | #Constraints:      46962
c bounds -2981 >= -12990 @ 1440.36
c #Conflicts:     214000 | #Constraints:      47974
c bounds -2981 >= -12978 @ 1449.97
c #Conflicts:     215000 | #Constraints:      48986
c #Conflicts:     216000 | #Constraints:      49986
c #Conflicts:     217000 | #Constraints:      50986
c bounds -2981 >= -12966 @ 1464.26
c #Conflicts:     218000 | #Constraints:      52001
c #Conflicts:     219000 | #Constraints:      53001
c #Conflicts:     220000 | #Constraints:      54001
c bounds -2981 >= -12954 @ 1487.27
c #Conflicts:     221000 | #Constraints:      55022
c #Conflicts:     222000 | #Constraints:      56022
c #Conflicts:     223000 | #Constraints:      57022
c #Conflicts:     224000 | #Constraints:      58022
c #Conflicts:     225000 | #Constraints:      59022
c bounds -2981 >= -12942 @ 1529.07
c bounds -2982 >= -12942 @ 1529.62
c #Conflicts:     226000 | #Constraints:      60044
c bounds -2986 >= -12942 @ 1534
c #Conflicts:     227000 | #Constraints:      61045
c #Conflicts:     228000 | #Constraints:      62045
c #Conflicts:     229000 | #Constraints:      63045
c #Conflicts:     230000 | #Constraints:      64045
c #Conflicts:     231000 | #Constraints:      65045
c #Conflicts:     232000 | #Constraints:      66045
c #Conflicts:     233000 | #Constraints:      67045
c #Conflicts:     234000 | #Constraints:      68045
c #Conflicts:     235000 | #Constraints:      69045
c INPROCESSING
c GARBAGE COLLECT
c bounds -2987 >= -12942 @ 1616.17
c bounds -2988 >= -12942 @ 1616.2
c bounds -2989 >= -12942 @ 1616.6
c bounds -2990 >= -12942 @ 1616.63
c #Conflicts:     236000 | #Constraints:      46059
c #Conflicts:     237000 | #Constraints:      47059
c #Conflicts:     238000 | #Constraints:      48059
c #Conflicts:     239000 | #Constraints:      49059
c #Conflicts:     240000 | #Constraints:      50059
c #Conflicts:     241000 | #Constraints:      51059
c #Conflicts:     242000 | #Constraints:      52059
c #Conflicts:     243000 | #Constraints:      53059
c #Conflicts:     244000 | #Constraints:      54059
c #Conflicts:     245000 | #Constraints:      55059
c #Conflicts:     246000 | #Constraints:      56059
c #Conflicts:     247000 | #Constraints:      57059
c #Conflicts:     248000 | #Constraints:      58059
c INPROCESSING
c GARBAGE COLLECT
c bounds -2990 >= -12932 @ 1966.61
c bounds -2990 >= -12922 @ 1966.68
c bounds -2990 >= -12912 @ 1966.92
c #Conflicts:     249000 | #Constraints:      40444
c bounds -2990 >= -12902 @ 1967.36
c #Conflicts:     250000 | #Constraints:      41456
c #Conflicts:     251000 | #Constraints:      42456
c bounds -2990 >= -12892 @ 1974.68
c #Conflicts:     252000 | #Constraints:      43468
c #Conflicts:     253000 | #Constraints:      44468
c #Conflicts:     254000 | #Constraints:      45468
c #Conflicts:     255000 | #Constraints:      46468
c bounds -2990 >= -12882 @ 1996.38
c #Conflicts:     256000 | #Constraints:      47486
c #Conflicts:     257000 | #Constraints:      48486
c #Conflicts:     258000 | #Constraints:      49486
c #Conflicts:     259000 | #Constraints:      50486
c #Conflicts:     260000 | #Constraints:      51486
c #Conflicts:     261000 | #Constraints:      52486
c #Conflicts:     262000 | #Constraints:      53486
c bounds -2990 >= -12872 @ 2039.15
c #Conflicts:     263000 | #Constraints:      54507
c #Conflicts:     264000 | #Constraints:      55507
c #Conflicts:     265000 | #Constraints:      56507
c #Conflicts:     266000 | #Constraints:      57507
c #Conflicts:     267000 | #Constraints:      58507
c #Conflicts:     268000 | #Constraints:      59507
c #Conflicts:     269000 | #Constraints:      60507
c bounds -2990 >= -12862 @ 2086.07
c #Conflicts:     270000 | #Constraints:      61525
c #Conflicts:     271000 | #Constraints:      62525
c #Conflicts:     272000 | #Constraints:      63525
c #Conflicts:     273000 | #Constraints:      64525
c #Conflicts:     274000 | #Constraints:      65525
c #Conflicts:     275000 | #Constraints:      66525
c #Conflicts:     276000 | #Constraints:      67525
c #Conflicts:     277000 | #Constraints:      68525
c bounds -2990 >= -12852 @ 2148.68
c #Conflicts:     278000 | #Constraints:      69549
c #Conflicts:     279000 | #Constraints:      70549
c #Conflicts:     280000 | #Constraints:      71549
c #Conflicts:     281000 | #Constraints:      72549
c #Conflicts:     282000 | #Constraints:      73549
c INPROCESSING
c GARBAGE COLLECT
c #Conflicts:     283000 | #Constraints:      48018
c #Conflicts:     284000 | #Constraints:      49018
c #Conflicts:     285000 | #Constraints:      50018
c #Conflicts:     286000 | #Constraints:      51018
c #Conflicts:     287000 | #Constraints:      52018
c #Conflicts:     288000 | #Constraints:      53018
c #Conflicts:     289000 | #Constraints:      54018
c bounds -2990 >= -12842 @ 2244.79
c #Conflicts:     290000 | #Constraints:      55039
c #Conflicts:     291000 | #Constraints:      56039
c #Conflicts:     292000 | #Constraints:      57039
c #Conflicts:     293000 | #Constraints:      58039
c #Conflicts:     294000 | #Constraints:      59039
c #Conflicts:     295000 | #Constraints:      60039
c #Conflicts:     296000 | #Constraints:      61039
c bounds -2990 >= -12832 @ 2298.18
c #Conflicts:     297000 | #Constraints:      62063
c INPROCESSING
c GARBAGE COLLECT
c #Conflicts:     298000 | #Constraints:      42516
c #Conflicts:     299000 | #Constraints:      43516
c #Conflicts:     300000 | #Constraints:      44516
c #Conflicts:     301000 | #Constraints:      45516
c bounds -2990 >= -12822 @ 2332.71
c #Conflicts:     302000 | #Constraints:      46546
c #Conflicts:     303000 | #Constraints:      47546
c bounds -2990 >= -12812 @ 2346.52
c #Conflicts:     304000 | #Constraints:      48567
c bounds -2990 >= -12802 @ 2354.82
c #Conflicts:     305000 | #Constraints:      49597
c #Conflicts:     306000 | #Constraints:      50597
c bounds -2990 >= -12792 @ 2365.03
c #Conflicts:     307000 | #Constraints:      51636
c bounds -2990 >= -12782 @ 2376.75
c #Conflicts:     308000 | #Constraints:      52669
c bounds -2990 >= -12772 @ 2385.42
c #Conflicts:     309000 | #Constraints:      53690
c bounds -2990 >= -12762 @ 2397.28
c #Conflicts:     310000 | #Constraints:      54726
c #Conflicts:     311000 | #Constraints:      55726
c bounds -2990 >= -12752 @ 2408.55
c #Conflicts:     312000 | #Constraints:      56759
c bounds -2990 >= -12742 @ 2422.71
c #Conflicts:     313000 | #Constraints:      57789
c #Conflicts:     314000 | #Constraints:      58789
c bounds -2990 >= -12732 @ 2440.64
c #Conflicts:     315000 | #Constraints:      59825
c bounds -2990 >= -12722 @ 2463.07
c #Conflicts:     316000 | #Constraints:      60864
c #Conflicts:     317000 | #Constraints:      61864
c bounds -2990 >= -12712 @ 2486.61
c #Conflicts:     318000 | #Constraints:      62894
c #Conflicts:     319000 | #Constraints:      63894
c bounds -2990 >= -12702 @ 2511.15
c #Conflicts:     320000 | #Constraints:      64930
c #Conflicts:     321000 | #Constraints:      65930
c bounds -2990 >= -12692 @ 2538.81
c #Conflicts:     322000 | #Constraints:      66972
c #Conflicts:     323000 | #Constraints:      67972
c bounds -2990 >= -12682 @ 2564.28
c #Conflicts:     324000 | #Constraints:      69011
c #Conflicts:     325000 | #Constraints:      70011
c bounds -2990 >= -12672 @ 2590.23
c #Conflicts:     326000 | #Constraints:      71047
c #Conflicts:     327000 | #Constraints:      72047
c bounds -2990 >= -12662 @ 2622.5
c #Conflicts:     328000 | #Constraints:      73083
c #Conflicts:     329000 | #Constraints:      74083
c #Conflicts:     330000 | #Constraints:      75083
c bounds -2990 >= -12652 @ 2667.74
c #Conflicts:     331000 | #Constraints:      76122
c #Conflicts:     332000 | #Constraints:      77122
c bounds -2990 >= -12642 @ 2697.46
c #Conflicts:     333000 | #Constraints:      78164
c #Conflicts:     334000 | #Constraints:      79164
c bounds -2990 >= -12632 @ 2734.72
c #Conflicts:     335000 | #Constraints:      80206
c INPROCESSING
c GARBAGE COLLECT
c #Conflicts:     336000 | #Constraints:      52168
c #Conflicts:     337000 | #Constraints:      53168
c #Conflicts:     338000 | #Constraints:      54168
c bounds -2990 >= -12622 @ 2788.52
c #Conflicts:     339000 | #Constraints:      55219
c #Conflicts:     340000 | #Constraints:      56219
c #Conflicts:     341000 | #Constraints:      57219
c #Conflicts:     342000 | #Constraints:      58219
c bounds -2990 >= -12612 @ 2838.06
c #Conflicts:     343000 | #Constraints:      59273
c #Conflicts:     344000 | #Constraints:      60273
c #Conflicts:     345000 | #Constraints:      61273
c #Conflicts:     346000 | #Constraints:      62273
c bounds -2990 >= -12602 @ 2891.39
c #Conflicts:     347000 | #Constraints:      63303
c #Conflicts:     348000 | #Constraints:      64303
c #Conflicts:     349000 | #Constraints:      65303
c bounds -2990 >= -12592 @ 2930.61
c #Conflicts:     350000 | #Constraints:      66339
c #Conflicts:     351000 | #Constraints:      67339
c INPROCESSING
c GARBAGE COLLECT
c #Conflicts:     352000 | #Constraints:      46746
c #Conflicts:     353000 | #Constraints:      47746
c #Conflicts:     354000 | #Constraints:      48746
c bounds -2990 >= -12582 @ 2993.3
c #Conflicts:     355000 | #Constraints:      49803
c #Conflicts:     356000 | #Constraints:      50803
c #Conflicts:     357000 | #Constraints:      51803
c #Conflicts:     358000 | #Constraints:      52803
c #Conflicts:     359000 | #Constraints:      53803
c #Conflicts:     360000 | #Constraints:      54803
c #Conflicts:     361000 | #Constraints:      55803
c #Conflicts:     362000 | #Constraints:      56803
c #Conflicts:     363000 | #Constraints:      57803
c #Conflicts:     364000 | #Constraints:      58803
c #Conflicts:     365000 | #Constraints:      59803
c #Conflicts:     366000 | #Constraints:      60803
c #Conflicts:     367000 | #Constraints:      61803
c #Conflicts:     368000 | #Constraints:      62803
c #Conflicts:     369000 | #Constraints:      63803
c #Conflicts:     370000 | #Constraints:      64803
c #Conflicts:     371000 | #Constraints:      65803
c #Conflicts:     372000 | #Constraints:      66803
c #Conflicts:     373000 | #Constraints:      67803
c bounds -2991 >= -12582 @ 3693.99
c bounds -2991 >= -12572 @ 3694
c #Conflicts:     374000 | #Constraints:      68807
c bounds -2991 >= -12562 @ 3694.35
c #Conflicts:     375000 | #Constraints:      69813
c #Conflicts:     376000 | #Constraints:      70813
c #Conflicts:     377000 | #Constraints:      71813
c #Conflicts:     378000 | #Constraints:      72813
c #Conflicts:     379000 | #Constraints:      73813
c #Conflicts:     380000 | #Constraints:      74813
c #Conflicts:     381000 | #Constraints:      75813
c bounds -2991 >= -12552 @ 3898.24
c #Conflicts:     382000 | #Constraints:      76855
c #Conflicts:     383000 | #Constraints:      77855
c #Conflicts:     384000 | #Constraints:      78855
c #Conflicts:     385000 | #Constraints:      79855
c bounds -2991 >= -12542 @ 4020.34
c #Conflicts:     386000 | #Constraints:      80906
c #Conflicts:     387000 | #Constraints:      81906
c #Conflicts:     388000 | #Constraints:      82906
c #Conflicts:     389000 | #Constraints:      83906
c #Conflicts:     390000 | #Constraints:      84906
c bounds -2991 >= -12532 @ 4166.15
c #Conflicts:     391000 | #Constraints:      85957
c INPROCESSING
c GARBAGE COLLECT
c #Conflicts:     392000 | #Constraints:      54893
c #Conflicts:     393000 | #Constraints:      55893
c bounds -2991 >= -12522 @ 4219.73
c #Conflicts:     394000 | #Constraints:      56935
c #Conflicts:     395000 | #Constraints:      57935
c #Conflicts:     396000 | #Constraints:      58935
c #Conflicts:     397000 | #Constraints:      59935
c #Conflicts:     398000 | #Constraints:      60935
c bounds -2991 >= -12512 @ 4298.33
c #Conflicts:     399000 | #Constraints:      61983
c #Conflicts:     400000 | #Constraints:      62983
c #Conflicts:     401000 | #Constraints:      63983
c #Conflicts:     402000 | #Constraints:      64983
c #Conflicts:     403000 | #Constraints:      65983
c bounds -2991 >= -12502 @ 4370.15
c #Conflicts:     404000 | #Constraints:      67028
c #Conflicts:     405000 | #Constraints:      68028
c #Conflicts:     406000 | #Constraints:      69028
c #Conflicts:     407000 | #Constraints:      70028
c bounds -2991 >= -12492 @ 4448.73
c #Conflicts:     408000 | #Constraints:      71073
c INPROCESSING
c GARBAGE COLLECT
c #Conflicts:     409000 | #Constraints:      48267
c #Conflicts:     410000 | #Constraints:      49267
c #Conflicts:     411000 | #Constraints:      50267
c #Conflicts:     412000 | #Constraints:      51267
c #Conflicts:     413000 | #Constraints:      52267
c bounds -2991 >= -12482 @ 4545.13
c #Conflicts:     414000 | #Constraints:      53318
c #Conflicts:     415000 | #Constraints:      54318
c #Conflicts:     416000 | #Constraints:      55318
c #Conflicts:     417000 | #Constraints:      56318
c #Conflicts:     418000 | #Constraints:      57318
c #Conflicts:     419000 | #Constraints:      58318
c bounds -2991 >= -12472 @ 4630.92
c #Conflicts:     420000 | #Constraints:      59366
c #Conflicts:     421000 | #Constraints:      60366
c #Conflicts:     422000 | #Constraints:      61366
c #Conflicts:     423000 | #Constraints:      62366
c #Conflicts:     424000 | #Constraints:      63366
c #Conflicts:     425000 | #Constraints:      64366
c #Conflicts:     426000 | #Constraints:      65366
c bounds -2991 >= -12462 @ 4759.06
c #Conflicts:     427000 | #Constraints:      66411
c #Conflicts:     428000 | #Constraints:      67411
c #Conflicts:     429000 | #Constraints:      68411
c #Conflicts:     430000 | #Constraints:      69411
c bounds -2991 >= -12452 @ 4864.68
c #Conflicts:     431000 | #Constraints:      70459
c #Conflicts:     432000 | #Constraints:      71459
c #Conflicts:     433000 | #Constraints:      72459
c #Conflicts:     434000 | #Constraints:      73459
c #Conflicts:     435000 | #Constraints:      74459
c bounds -2991 >= -12442 @ 4974.15
c #Conflicts:     436000 | #Constraints:      75501
c #Conflicts:     437000 | #Constraints:      76501
c #Conflicts:     438000 | #Constraints:      77501
c #Conflicts:     439000 | #Constraints:      78501
c #Conflicts:     440000 | #Constraints:      79501
c #Conflicts:     441000 | #Constraints:      80501
c #Conflicts:     442000 | #Constraints:      81501
c bounds -2991 >= -12432 @ 5157.38
c #Conflicts:     443000 | #Constraints:      82555
c #Conflicts:     444000 | #Constraints:      83555
c #Conflicts:     445000 | #Constraints:      84555
c #Conflicts:     446000 | #Constraints:      85555
c #Conflicts:     447000 | #Constraints:      86555
c bounds -2991 >= -12422 @ 5280.94
c #Conflicts:     448000 | #Constraints:      87585
c #Conflicts:     449000 | #Constraints:      88585
c #Conflicts:     450000 | #Constraints:      89585
c #Conflicts:     451000 | #Constraints:      90585
c #Conflicts:     452000 | #Constraints:      91585
c INPROCESSING
c GARBAGE COLLECT
c #Conflicts:     453000 | #Constraints:      57951
c #Conflicts:     454000 | #Constraints:      58951
c #Conflicts:     455000 | #Constraints:      59951
c #Conflicts:     456000 | #Constraints:      60951
c #Conflicts:     457000 | #Constraints:      61951
c #Conflicts:     458000 | #Constraints:      62951
c #Conflicts:     459000 | #Constraints:      63951
c bounds -2991 >= -12412 @ 5548.97
c #Conflicts:     460000 | #Constraints:      65002
c #Conflicts:     461000 | #Constraints:      66002
c #Conflicts:     462000 | #Constraints:      67002
c #Conflicts:     463000 | #Constraints:      68002
c #Conflicts:     464000 | #Constraints:      69002
c #Conflicts:     465000 | #Constraints:      70002
c #Conflicts:     466000 | #Constraints:      71002
c #Conflicts:     467000 | #Constraints:      72002
c bounds -2991 >= -12402 @ 5718.83
c #Conflicts:     468000 | #Constraints:      73047
c #Conflicts:     469000 | #Constraints:      74047
c #Conflicts:     470000 | #Constraints:      75047
c #Conflicts:     471000 | #Constraints:      76047
c INPROCESSING
c GARBAGE COLLECT
c #Conflicts:     472000 | #Constraints:      52098
c #Conflicts:     473000 | #Constraints:      53098
c #Conflicts:     474000 | #Constraints:      54098
c #Conflicts:     475000 | #Constraints:      55098
c #Conflicts:     476000 | #Constraints:      56098
c #Conflicts:     477000 | #Constraints:      57098
c #Conflicts:     478000 | #Constraints:      58098
c #Conflicts:     479000 | #Constraints:      59098
c #Conflicts:     480000 | #Constraints:      60098
c #Conflicts:     481000 | #Constraints:      61098
c #Conflicts:     482000 | #Constraints:      62098
c bounds -2991 >= -12392 @ 6032.06
c #Conflicts:     483000 | #Constraints:      63158
c #Conflicts:     484000 | #Constraints:      64158
c #Conflicts:     485000 | #Constraints:      65158
c #Conflicts:     486000 | #Constraints:      66158
c #Conflicts:     487000 | #Constraints:      67158
c #Conflicts:     488000 | #Constraints:      68158
c #Conflicts:     489000 | #Constraints:      69158
c #Conflicts:     490000 | #Constraints:      70158
c #Conflicts:     491000 | #Constraints:      71158
c #Conflicts:     492000 | #Constraints:      72158
c #Conflicts:     493000 | #Constraints:      73158
c #Conflicts:     494000 | #Constraints:      74158
c #Conflicts:     495000 | #Constraints:      75158
c #Conflicts:     496000 | #Constraints:      76158
c #Conflicts:     497000 | #Constraints:      77158
c #Conflicts:     498000 | #Constraints:      78158
c #Conflicts:     499000 | #Constraints:      79158
c #Conflicts:     500000 | #Constraints:      80158
c #Conflicts:     501000 | #Constraints:      81158
c #Conflicts:     502000 | #Constraints:      82158
c bounds -2991 >= -12382 @ 6489.58
c #Conflicts:     503000 | #Constraints:      83230
c bounds -2992 >= -12382 @ 6490.56
c bounds -2993 >= -12382 @ 6490.65
c bounds -2994 >= -12382 @ 6490.72
c bounds -2998 >= -12382 @ 6490.79
c bounds -3014 >= -12382 @ 6490.88
c bounds -3030 >= -12382 @ 6490.96
c bounds -3046 >= -12382 @ 6491.15
c bounds -3062 >= -12382 @ 6491.37
c bounds -3078 >= -12382 @ 6491.48
c bounds -3080 >= -12382 @ 6491.59
c bounds -3096 >= -12382 @ 6491.73
c bounds -3097 >= -12382 @ 6491.81
c bounds -3113 >= -12382 @ 6491.91
c bounds -3114 >= -12382 @ 6492.71
c bounds -3116 >= -12382 @ 6492.79
c bounds -3117 >= -12382 @ 6492.85
c bounds -3120 >= -12382 @ 6493.04
c bounds -3121 >= -12382 @ 6493.13
c bounds -3125 >= -12382 @ 6493.22
c bounds -3127 >= -12382 @ 6493.74
c bounds -3128 >= -12382 @ 6493.87
c bounds -3132 >= -12382 @ 6493.95
c bounds -3136 >= -12382 @ 6494.12
c bounds -3137 >= -12382 @ 6494.22
c bounds -3139 >= -12382 @ 6494.31
c bounds -3141 >= -12382 @ 6494.39
c bounds -3142 >= -12382 @ 6494.47
c bounds -3143 >= -12382 @ 6494.58
c bounds -3144 >= -12382 @ 6494.69
c bounds -3147 >= -12382 @ 6494.8
c bounds -3151 >= -12382 @ 6495.67
c bounds -3152 >= -12382 @ 6495.77
c bounds -3154 >= -12382 @ 6495.93
c bounds -3155 >= -12382 @ 6496.2
c bounds -3156 >= -12382 @ 6496.28
c bounds -3158 >= -12382 @ 6496.35
c bounds -3159 >= -12382 @ 6496.55
c bounds -3160 >= -12382 @ 6496.63
c bounds -3164 >= -12382 @ 6496.7
c bounds -3166 >= -12382 @ 6497.24
c bounds -3170 >= -12382 @ 6497.34
c bounds -3174 >= -12382 @ 6497.48
c bounds -3175 >= -12382 @ 6497.7
c bounds -3176 >= -12382 @ 6497.8
c #Conflicts:     504000 | #Constraints:      84274
c bounds -3180 >= -12382 @ 6498.15
c bounds -3184 >= -12382 @ 6498.24
c bounds -3188 >= -12382 @ 6498.54
c bounds -3189 >= -12382 @ 6498.65
c bounds -3190 >= -12382 @ 6498.72
c bounds -3191 >= -12382 @ 6499.28
c bounds -3192 >= -12382 @ 6499.53
c bounds -3193 >= -12382 @ 6500
c bounds -3194 >= -12382 @ 6500.09
c #Conflicts:     505000 | #Constraints:      85283
c #Conflicts:     506000 | #Constraints:      86283
c bounds -3196 >= -12382 @ 6504.95
c bounds -3200 >= -12382 @ 6505.09
c bounds -3203 >= -12382 @ 6505.33
c bounds -3204 >= -12382 @ 6505.45
c #Conflicts:     507000 | #Constraints:      87287
c #Conflicts:     508000 | #Constraints:      88287
c #Conflicts:     509000 | #Constraints:      89287
c #Conflicts:     510000 | #Constraints:      90287
c #Conflicts:     511000 | #Constraints:      91287
c #Conflicts:     512000 | #Constraints:      92287
c #Conflicts:     513000 | #Constraints:      93287
c #Conflicts:     514000 | #Constraints:      94287
c #Conflicts:     515000 | #Constraints:      95287
c #Conflicts:     516000 | #Constraints:      96287
c bounds -3205 >= -12382 @ 6666.07
c #Conflicts:     517000 | #Constraints:      97288
c INPROCESSING
c GARBAGE COLLECT
c #Conflicts:     518000 | #Constraints:      60738
c #Conflicts:     519000 | #Constraints:      61738
c #Conflicts:     520000 | #Constraints:      62738
c #Conflicts:     521000 | #Constraints:      63738
c #Conflicts:     522000 | #Constraints:      64738
c #Conflicts:     523000 | #Constraints:      65738
c #Conflicts:     524000 | #Constraints:      66738
c #Conflicts:     525000 | #Constraints:      67738
c #Conflicts:     526000 | #Constraints:      68738
c #Conflicts:     527000 | #Constraints:      69738
c bounds -3205 >= -12372 @ 6944.69
c #Conflicts:     528000 | #Constraints:      70795
c #Conflicts:     529000 | #Constraints:      71795
c #Conflicts:     530000 | #Constraints:      72795
c #Conflicts:     531000 | #Constraints:      73795
c #Conflicts:     532000 | #Constraints:      74795
c #Conflicts:     533000 | #Constraints:      75795
c #Conflicts:     534000 | #Constraints:      76795
c #Conflicts:     535000 | #Constraints:      77795
c #Conflicts:     536000 | #Constraints:      78795
c bounds -3205 >= -12362 @ 7196.71
c bounds -3206 >= -12362 @ 7196.86
c bounds -3207 >= -12362 @ 7196.98
c bounds -3208 >= -12362 @ 7197.07
c bounds -3209 >= -12362 @ 7197.16
c bounds -3210 >= -12362 @ 7197.24
c bounds -3211 >= -12362 @ 7197.33
c bounds -3212 >= -12362 @ 7197.42
c bounds -3213 >= -12362 @ 7197.51
c bounds -3214 >= -12362 @ 7197.6
c bounds -3215 >= -12362 @ 7197.69
c bounds -3216 >= -12362 @ 7197.78
c bounds -3217 >= -12362 @ 7197.87
c bounds -3218 >= -12362 @ 7197.96
c bounds -3219 >= -12362 @ 7198.05
c bounds -3220 >= -12362 @ 7198.14
c bounds -3221 >= -12362 @ 7198.23
c bounds -3222 >= -12362 @ 7198.32
c bounds -3223 >= -12362 @ 7198.41
c bounds -3224 >= -12362 @ 7198.5
c bounds -3225 >= -12362 @ 7198.59
c bounds -3226 >= -12362 @ 7198.68
c bounds -3227 >= -12362 @ 7198.76
c bounds -3228 >= -12362 @ 7198.85
c bounds -3229 >= -12362 @ 7198.94
c bounds -3230 >= -12362 @ 7199.03
c bounds -3231 >= -12362 @ 7199.12
c bounds -3232 >= -12362 @ 7199.21
c bounds -3233 >= -12362 @ 7199.3
c bounds -3234 >= -12362 @ 7199.4
c bounds -3235 >= -12362 @ 7199.49
c bounds -3236 >= -12362 @ 7199.58
c bounds -3237 >= -12362 @ 7199.66
c bounds -3238 >= -12362 @ 7199.75
c bounds -3239 >= -12362 @ 7199.84
c bounds -3240 >= -12362 @ 7199.93
c bounds -3241 >= -12362 @ 7200.02
c bounds -3242 >= -12362 @ 7200.11
c bounds -3243 >= -12362 @ 7200.19
c bounds -3244 >= -12362 @ 7200.28
c bounds -3308 >= -12362 @ 7200.37
c bounds -3372 >= -12362 @ 7200.46
c #Conflicts:     537000 | #Constraints:      79905
c bounds -3374 >= -12362 @ 7200.67
c bounds -3377 >= -12362 @ 7201
c bounds -3378 >= -12362 @ 7201.11
c INPROCESSING
c GARBAGE COLLECT
c bounds -3380 >= -12362 @ 7225.57
c bounds -3382 >= -12362 @ 7225.73
c bounds -3384 >= -12362 @ 7227.89
c #Conflicts:     538000 | #Constraints:      53367
c bounds -3386 >= -12362 @ 7230.63
c bounds -3388 >= -12362 @ 7233.63
c #Conflicts:     539000 | #Constraints:      54369
c #Conflicts:     540000 | #Constraints:      55369
c #Conflicts:     541000 | #Constraints:      56369
c #Conflicts:     542000 | #Constraints:      57369
c #Conflicts:     543000 | #Constraints:      58369
c #Conflicts:     544000 | #Constraints:      59369
c #Conflicts:     545000 | #Constraints:      60369
c #Conflicts:     546000 | #Constraints:      61369
c #Conflicts:     547000 | #Constraints:      62369
c #Conflicts:     548000 | #Constraints:      63369
c bounds -3389 >= -12362 @ 7505.31
c #Conflicts:     549000 | #Constraints:      64370
c #Conflicts:     550000 | #Constraints:      65370
c #Conflicts:     551000 | #Constraints:      66370
c #Conflicts:     552000 | #Constraints:      67370
c #Conflicts:     553000 | #Constraints:      68370
c #Conflicts:     554000 | #Constraints:      69370
c #Conflicts:     555000 | #Constraints:      70370
c #Conflicts:     556000 | #Constraints:      71370
c #Conflicts:     557000 | #Constraints:      72370
c #Conflicts:     558000 | #Constraints:      73370
c #Conflicts:     559000 | #Constraints:      74370
c #Conflicts:     560000 | #Constraints:      75370
c #Conflicts:     561000 | #Constraints:      76370
c #Conflicts:     562000 | #Constraints:      77370
c #Conflicts:     563000 | #Constraints:      78370
c #Conflicts:     564000 | #Constraints:      79370
c bounds -3389 >= -12352 @ 8360.15
c bounds -3390 >= -12352 @ 8361.22
c bounds -3392 >= -12352 @ 8361.71
c bounds -3393 >= -12352 @ 8361.89
c bounds -3395 >= -12352 @ 8362.11
c bounds -3397 >= -12352 @ 8362.29
c bounds -3399 >= -12352 @ 8362.43
c bounds -3400 >= -12352 @ 8362.55
c bounds -3402 >= -12352 @ 8362.68
c bounds -3404 >= -12352 @ 8362.81
c bounds -3406 >= -12352 @ 8362.93
c bounds -3407 >= -12352 @ 8363.08
c bounds -3408 >= -12352 @ 8363.22
c bounds -3410 >= -12352 @ 8363.33
c bounds -3412 >= -12352 @ 8363.45
c bounds -3414 >= -12352 @ 8363.57
c bounds -3416 >= -12352 @ 8363.69
c bounds -3418 >= -12352 @ 8363.8
c bounds -3419 >= -12352 @ 8363.92
c bounds -3421 >= -12352 @ 8364.04
c bounds -3422 >= -12352 @ 8364.15
c bounds -3424 >= -12352 @ 8364.27
c bounds -3426 >= -12352 @ 8364.38
c bounds -3427 >= -12352 @ 8364.5
c bounds -3429 >= -12352 @ 8364.61
c bounds -3431 >= -12352 @ 8364.73
c bounds -3433 >= -12352 @ 8364.85
c bounds -3435 >= -12352 @ 8364.96
c bounds -3436 >= -12352 @ 8365.07
c bounds -3440 >= -12352 @ 8365.19
c bounds -3441 >= -12352 @ 8365.3
c bounds -3442 >= -12352 @ 8365.41
c bounds -3444 >= -12352 @ 8365.53
c bounds -3446 >= -12352 @ 8365.64
c bounds -3448 >= -12352 @ 8365.76
c bounds -3449 >= -12352 @ 8365.87
c bounds -3451 >= -12352 @ 8365.98
c bounds -3453 >= -12352 @ 8366.09
c bounds -3454 >= -12352 @ 8366.21
c bounds -3456 >= -12352 @ 8366.32
c bounds -3457 >= -12352 @ 8366.43
c bounds -3459 >= -12352 @ 8366.54
c bounds -3461 >= -12352 @ 8366.65
c bounds -3463 >= -12352 @ 8366.76
c bounds -3465 >= -12352 @ 8366.87
c bounds -3467 >= -12352 @ 8366.98
c bounds -3469 >= -12352 @ 8367.09
c bounds -3470 >= -12352 @ 8367.2
c bounds -3471 >= -12352 @ 8367.31
c bounds -3473 >= -12352 @ 8367.42
c bounds -3475 >= -12352 @ 8367.52
c bounds -3479 >= -12352 @ 8367.63
c bounds -3481 >= -12352 @ 8367.74
c bounds -3482 >= -12352 @ 8367.84
c bounds -3484 >= -12352 @ 8367.95
c bounds -3486 >= -12352 @ 8368.05
c bounds -3488 >= -12352 @ 8368.16
c bounds -3492 >= -12352 @ 8368.26
c bounds -3493 >= -12352 @ 8368.37
c bounds -3497 >= -12352 @ 8368.47
c bounds -3498 >= -12352 @ 8368.57
c bounds -3500 >= -12352 @ 8368.68
c bounds -3502 >= -12352 @ 8368.78
c bounds -3503 >= -12352 @ 8368.88
c bounds -3505 >= -12352 @ 8368.98
c bounds -3506 >= -12352 @ 8369.09
c bounds -3508 >= -12352 @ 8369.19
c #Conflicts:     565000 | #Constraints:      80487
c bounds -3509 >= -12352 @ 8383.75
c bounds -3513 >= -12352 @ 8384
c bounds -3517 >= -12352 @ 8384.13
c bounds -3521 >= -12352 @ 8384.25
c bounds -3525 >= -12352 @ 8384.36
c bounds -3529 >= -12352 @ 8384.48
c bounds -3533 >= -12352 @ 8384.59
c bounds -3537 >= -12352 @ 8384.71
c bounds -3541 >= -12352 @ 8384.83
c bounds -3545 >= -12352 @ 8384.94
c bounds -3547 >= -12352 @ 8385.06
c bounds -3551 >= -12352 @ 8385.17
c bounds -3552 >= -12352 @ 8385.28
c bounds -3553 >= -12352 @ 8385.39
c bounds -3555 >= -12352 @ 8385.51
c bounds -3559 >= -12352 @ 8385.62
c bounds -3561 >= -12352 @ 8385.74
c bounds -3565 >= -12352 @ 8385.85
c bounds -3569 >= -12352 @ 8385.96
c bounds -3573 >= -12352 @ 8386.07
c bounds -3577 >= -12352 @ 8386.19
c bounds -3581 >= -12352 @ 8386.3
c bounds -3585 >= -12352 @ 8386.41
c bounds -3589 >= -12352 @ 8386.53
c bounds -3593 >= -12352 @ 8386.64
c bounds -3597 >= -12352 @ 8386.75
c bounds -3601 >= -12352 @ 8386.86
c bounds -3605 >= -12352 @ 8386.97
c bounds -3609 >= -12352 @ 8387.08
c bounds -3613 >= -12352 @ 8387.19
c bounds -3617 >= -12352 @ 8387.3
c bounds -3621 >= -12352 @ 8387.41
c bounds -3625 >= -12352 @ 8387.51
c bounds -3626 >= -12352 @ 8387.62
c bounds -3627 >= -12352 @ 8387.73
c bounds -3628 >= -12352 @ 8387.84
c bounds -3630 >= -12352 @ 8387.95
c bounds -3634 >= -12352 @ 8388.06
c bounds -3636 >= -12352 @ 8388.16
c bounds -3640 >= -12352 @ 8388.27
c bounds -3642 >= -12352 @ 8388.38
c bounds -3646 >= -12352 @ 8388.49
c bounds -3648 >= -12352 @ 8388.6
c bounds -3652 >= -12352 @ 8388.71
c bounds -3653 >= -12352 @ 8388.82
c bounds -3657 >= -12352 @ 8388.93
c bounds -3659 >= -12352 @ 8389.03
c bounds -3661 >= -12352 @ 8389.14
c bounds -3665 >= -12352 @ 8389.25
c bounds -3666 >= -12352 @ 8389.36
c bounds -3667 >= -12352 @ 8389.47
c bounds -3669 >= -12352 @ 8389.57
c bounds -3671 >= -12352 @ 8389.68
c bounds -3675 >= -12352 @ 8389.79
c bounds -3679 >= -12352 @ 8389.9
c bounds -3683 >= -12352 @ 8390.01
c bounds -3685 >= -12352 @ 8390.12
c bounds -3687 >= -12352 @ 8390.23
c bounds -3691 >= -12352 @ 8390.34
c bounds -3692 >= -12352 @ 8390.45
c bounds -3693 >= -12352 @ 8390.56
c bounds -3695 >= -12352 @ 8390.66
c bounds -3697 >= -12352 @ 8390.77
c bounds -3701 >= -12352 @ 8390.88
c bounds -3705 >= -12352 @ 8390.99
c bounds -3707 >= -12352 @ 8391.1
c bounds -3709 >= -12352 @ 8391.21
c bounds -3713 >= -12352 @ 8391.32
c bounds -3717 >= -12352 @ 8391.43
c bounds -3718 >= -12352 @ 8391.54
c bounds -3720 >= -12352 @ 8391.65
c bounds -3722 >= -12352 @ 8391.76
c bounds -3726 >= -12352 @ 8391.87
c bounds -3730 >= -12352 @ 8391.98
c bounds -3731 >= -12352 @ 8392.08
c bounds -3735 >= -12352 @ 8392.19
c bounds -3737 >= -12352 @ 8392.3
c bounds -3739 >= -12352 @ 8392.4
c bounds -3743 >= -12352 @ 8392.51
c bounds -3745 >= -12352 @ 8392.62
c bounds -3747 >= -12352 @ 8392.73
c bounds -3751 >= -12352 @ 8392.84
c bounds -3755 >= -12352 @ 8392.95
c bounds -3756 >= -12352 @ 8393.05
c bounds -3757 >= -12352 @ 8393.16
c bounds -3761 >= -12352 @ 8393.27
c bounds -3763 >= -12352 @ 8393.38
c bounds -3765 >= -12352 @ 8393.48
c bounds -3769 >= -12352 @ 8393.59
c bounds -3773 >= -12352 @ 8393.69
c bounds -3775 >= -12352 @ 8393.8
c bounds -3777 >= -12352 @ 8393.9
c bounds -3781 >= -12352 @ 8394.01
c bounds -3782 >= -12352 @ 8394.11
c bounds -3783 >= -12352 @ 8394.22
c bounds -3787 >= -12352 @ 8394.32
c bounds -3789 >= -12352 @ 8394.43
c bounds -3791 >= -12352 @ 8394.54
c bounds -3795 >= -12352 @ 8394.64
c bounds -3796 >= -12352 @ 8394.75
c bounds -3798 >= -12352 @ 8394.85
c bounds -3802 >= -12352 @ 8394.96
c bounds -3804 >= -12352 @ 8395.06
c bounds -3808 >= -12352 @ 8395.17
c bounds -3810 >= -12352 @ 8395.28
c bounds -3814 >= -12352 @ 8395.38
c bounds -3816 >= -12352 @ 8395.49
c bounds -3820 >= -12352 @ 8395.6
c bounds -3821 >= -12352 @ 8395.7
c bounds -3825 >= -12352 @ 8395.81
c bounds -3827 >= -12352 @ 8395.91
c bounds -3829 >= -12352 @ 8396.02
c bounds -3833 >= -12352 @ 8396.12
c bounds -3834 >= -12352 @ 8396.23
c bounds -3838 >= -12352 @ 8396.33
c #Conflicts:     566000 | #Constraints:      81602
c bounds -3840 >= -12352 @ 8406.38
c bounds -3842 >= -12352 @ 8417.74
c #Conflicts:     567000 | #Constraints:      82604
c #Conflicts:    