c RoundingSat 2
c branch 
c commit 
c #variables 3510 #constraints 7041
c bounds - >= -13500 @ 0.024083
c bounds 0 >= -13500 @ 0.026771
c bounds 0 >= -13436 @ 0.026771
c bounds 0 >= -13372 @ 0.026771
c bounds 0 >= -13308 @ 0.026771
c bounds 0 >= -13244 @ 0.026771
c bounds 0 >= -13180 @ 0.026932
c bounds 0 >= -13116 @ 0.027135
c bounds 0 >= -13052 @ 0.027336
c bounds 0 >= -12988 @ 0.027536
c bounds 0 >= -12924 @ 0.027685
c bounds 0 >= -12860 @ 0.027868
c bounds 0 >= -12796 @ 0.028068
c bounds 0 >= -12732 @ 0.028268
c bounds 0 >= -12668 @ 0.028467
c bounds 0 >= -12604 @ 0.028672
c bounds 0 >= -12540 @ 0.028874
c bounds 0 >= -12476 @ 0.029074
c bounds 0 >= -12412 @ 0.029273
c bounds 0 >= -12348 @ 0.02947
c bounds 0 >= -12284 @ 0.029669
c bounds 0 >= -12220 @ 0.02987
c bounds 0 >= -12156 @ 0.030069
c bounds 0 >= -12092 @ 0.030269
c bounds 0 >= -12028 @ 0.030469
c bounds 0 >= -11964 @ 0.030668
c bounds 0 >= -11900 @ 0.030866
c bounds 0 >= -11836 @ 0.031067
c bounds 0 >= -11772 @ 0.031265
c bounds 0 >= -11708 @ 0.031466
c bounds 0 >= -11644 @ 0.031666
c bounds 0 >= -11580 @ 0.031865
c bounds 0 >= -11516 @ 0.032061
c bounds 0 >= -11452 @ 0.032259
c bounds 0 >= -11388 @ 0.032458
c bounds 0 >= -11324 @ 0.032654
c bounds 0 >= -11260 @ 0.032852
c bounds 0 >= -11196 @ 0.033049
c bounds 0 >= -11132 @ 0.033247
c bounds 0 >= -11068 @ 0.033445
c bounds 0 >= -11004 @ 0.033649
c bounds 0 >= -10940 @ 0.033847
c bounds 0 >= -10876 @ 0.034044
c bounds 0 >= -10812 @ 0.03424
c bounds 0 >= -10748 @ 0.034437
c bounds 0 >= -10684 @ 0.034635
c bounds 0 >= -10620 @ 0.034829
c bounds 0 >= -10556 @ 0.035027
c bounds 0 >= -10492 @ 0.035222
c bounds 0 >= -10428 @ 0.035419
c bounds 0 >= -10364 @ 0.035616
c bounds 0 >= -10300 @ 0.035815
c bounds 0 >= -10236 @ 0.036012
c bounds 0 >= -10172 @ 0.036208
c bounds 0 >= -10108 @ 0.036404
c bounds 0 >= -10044 @ 0.0366
c bounds 0 >= -9980 @ 0.036799
c bounds 0 >= -9916 @ 0.036993
c bounds 0 >= -9852 @ 0.037189
c bounds 0 >= -9788 @ 0.037383
c bounds 0 >= -9724 @ 0.03758
c bounds 0 >= -9660 @ 0.037777
c bounds 0 >= -9596 @ 0.037972
c bounds 0 >= -9532 @ 0.038167
c bounds 0 >= -9468 @ 0.038368
c bounds 0 >= -9404 @ 0.038563
c bounds 0 >= -9340 @ 0.038758
c bounds 0 >= -9276 @ 0.038954
c bounds 0 >= -9212 @ 0.03915
c bounds 0 >= -9148 @ 0.039345
c bounds 0 >= -9084 @ 0.039537
c bounds 0 >= -9020 @ 0.039729
c bounds 0 >= -8956 @ 0.039926
c bounds 0 >= -8892 @ 0.040121
c bounds 0 >= -8828 @ 0.040312
c bounds 0 >= -8764 @ 0.040508
c bounds 0 >= -8700 @ 0.040701
c bounds 0 >= -8636 @ 0.040718
c bounds 0 >= -8572 @ 0.040718
c bounds 0 >= -8508 @ 0.040718
c bounds 0 >= -8444 @ 0.040718
c bounds 0 >= -8380 @ 0.040783
c bounds 0 >= -8316 @ 0.040965
c bounds 0 >= -8252 @ 0.041159
c bounds -10 >= -8252 @ 0.046679
c bounds -10 >= -8188 @ 0.046921
c bounds -10 >= -8124 @ 0.047126
c bounds -10 >= -8060 @ 0.047329
c bounds -10 >= -7996 @ 0.047525
c bounds -10 >= -7932 @ 0.047721
c bounds -10 >= -7868 @ 0.047918
c bounds -10 >= -7804 @ 0.048113
c bounds -10 >= -7740 @ 0.048304
c bounds -545 >= -7740 @ 0.052653
c bounds -553 >= -7740 @ 0.053791
c bounds -561 >= -7740 @ 0.056211
c bounds -569 >= -7740 @ 0.058976
c bounds -573 >= -7740 @ 0.061487
c bounds -573 >= -7700 @ 0.062748
c bounds -577 >= -7700 @ 0.064727
c bounds -579 >= -7700 @ 0.06777
c bounds -579 >= -7660 @ 0.073956
c bounds -587 >= -7660 @ 0.076238
c bounds -589 >= -7660 @ 0.078678
c bounds -591 >= -7660 @ 0.081361
c bounds -595 >= -7660 @ 0.083125
c bounds -596 >= -7660 @ 0.084675
c bounds -598 >= -7660 @ 0.087802
c #Conflicts:       1000 | #Constraints:       8334
c bounds -598 >= -7620 @ 0.160413
c bounds -606 >= -7620 @ 0.163845
c bounds -610 >= -7620 @ 0.165748
c bounds -614 >= -7620 @ 0.16961
c bounds -622 >= -7620 @ 0.172366
c bounds -630 >= -7620 @ 0.173493
c bounds -638 >= -7620 @ 0.173996
c bounds -642 >= -7620 @ 0.177384
c bounds -646 >= -7620 @ 0.178934
c bounds -654 >= -7620 @ 0.181374
c bounds -655 >= -7620 @ 0.182636
c bounds -659 >= -7620 @ 0.184919
c bounds -660 >= -7620 @ 0.187041
c bounds -668 >= -7620 @ 0.190641
c bounds -672 >= -7620 @ 0.191911
c bounds -676 >= -7620 @ 0.194388
c bounds -684 >= -7620 @ 0.196046
c bounds -692 >= -7620 @ 0.197372
c bounds -708 >= -7620 @ 0.199822
c bounds -724 >= -7620 @ 0.201816
c bounds -740 >= -7620 @ 0.204895
c bounds -756 >= -7620 @ 0.207333
c bounds -772 >= -7620 @ 0.209353
c bounds -788 >= -7620 @ 0.211644
c bounds -804 >= -7620 @ 0.213806
c bounds -820 >= -7620 @ 0.214316
c bounds -836 >= -7620 @ 0.217233
c bounds -852 >= -7620 @ 0.217762
c bounds -868 >= -7620 @ 0.22066
c bounds -872 >= -7620 @ 0.22297
c bounds -888 >= -7620 @ 0.225263
c bounds -904 >= -7620 @ 0.22739
c bounds -908 >= -7620 @ 0.229551
c bounds -924 >= -7620 @ 0.231874
c bounds -940 >= -7620 @ 0.234
c bounds -956 >= -7620 @ 0.237246
c bounds -972 >= -7620 @ 0.239431
c bounds -988 >= -7620 @ 0.241714
c bounds -1004 >= -7620 @ 0.244804
c bounds -1020 >= -7620 @ 0.247096
c bounds -1036 >= -7620 @ 0.249208
c bounds -1052 >= -7620 @ 0.252451
c bounds -1068 >= -7620 @ 0.254673
c bounds -1084 >= -7620 @ 0.256865
c bounds -1100 >= -7620 @ 0.259951
c bounds -1116 >= -7620 @ 0.262364
c bounds -1132 >= -7620 @ 0.264364
c bounds -1148 >= -7620 @ 0.267545
c bounds -1164 >= -7620 @ 0.270659
c bounds -1168 >= -7620 @ 0.272987
c bounds -1172 >= -7620 @ 0.274417
c bounds -1188 >= -7620 @ 0.276821
c bounds -1204 >= -7620 @ 0.278125
c bounds -1220 >= -7620 @ 0.279321
c bounds -1236 >= -7620 @ 0.281575
c bounds -1252 >= -7620 @ 0.283102
c bounds -1268 >= -7620 @ 0.284094
c bounds -1284 >= -7620 @ 0.286912
c bounds -1300 >= -7620 @ 0.289072
c bounds -1316 >= -7620 @ 0.290272
c bounds -1332 >= -7620 @ 0.293317
c bounds -1348 >= -7620 @ 0.295559
c bounds -1364 >= -7620 @ 0.297625
c bounds -1380 >= -7620 @ 0.299038
c bounds -1384 >= -7620 @ 0.300953
c bounds -1400 >= -7620 @ 0.303224
c bounds -1416 >= -7620 @ 0.306289
c bounds -1432 >= -7620 @ 0.308497
c bounds -1448 >= -7620 @ 0.311559
c bounds -1452 >= -7620 @ 0.312995
c bounds -1456 >= -7620 @ 0.313996
c bounds -1472 >= -7620 @ 0.316063
c bounds -1488 >= -7620 @ 0.318118
c bounds -1504 >= -7620 @ 0.321304
c bounds -1520 >= -7620 @ 0.324328
c bounds -1524 >= -7620 @ 0.325556
c bounds -1540 >= -7620 @ 0.328557
c bounds -1556 >= -7620 @ 0.331739
c bounds -1572 >= -7620 @ 0.333928
c bounds -1588 >= -7620 @ 0.334928
c bounds -1592 >= -7620 @ 0.335915
c bounds -1608 >= -7620 @ 0.338055
c bounds -1624 >= -7620 @ 0.340069
c bounds -1640 >= -7620 @ 0.342376
c bounds -1656 >= -7620 @ 0.344379
c bounds -1660 >= -7620 @ 0.345373
c bounds -1664 >= -7620 @ 0.346364
c bounds -1680 >= -7620 @ 0.348877
c bounds -1696 >= -7620 @ 0.35144
c bounds -1712 >= -7620 @ 0.353576
c bounds -1728 >= -7620 @ 0.35557
c bounds -1744 >= -7620 @ 0.358672
c bounds -1760 >= -7620 @ 0.36064
c bounds -1761 >= -7620 @ 0.375319
c bounds -1763 >= -7620 @ 0.759143
c bounds -1763 >= -7580 @ 0.78105
c #Conflicts:       2000 | #Constraints:       9440
c INPROCESSING
c GARBAGE COLLECT
c bounds -1763 >= -7540 @ 0.81073
c bounds -1763 >= -7500 @ 0.835359
c #Conflicts:       3000 | #Constraints:       9259
c bounds -1763 >= -7460 @ 0.872383
c bounds -1763 >= -7420 @ 0.89534
c bounds -1763 >= -7380 @ 0.908344
c #Conflicts:       4000 | #Constraints:      10268
c bounds -1763 >= -7340 @ 0.936974
c INPROCESSING
c GARBAGE COLLECT
c bounds -1763 >= -7300 @ 0.996445
c #Conflicts:       5000 | #Constraints:       9698
c #Conflicts:       6000 | #Constraints:      10698
c bounds -1763 >= -7260 @ 1.2737
c INPROCESSING
c GARBAGE COLLECT
c bounds -1763 >= -7220 @ 1.30471
c #Conflicts:       7000 | #Constraints:       9720
c bounds -1763 >= -7180 @ 1.327
c bounds -1763 >= -7140 @ 1.35985
c #Conflicts:       8000 | #Constraints:      10726
c bounds -1763 >= -7100 @ 1.38003
c bounds -1763 >= -7060 @ 1.40473
c bounds -1763 >= -7020 @ 1.42381
c #Conflicts:       9000 | #Constraints:      11735
c INPROCESSING
c GARBAGE COLLECT
c bounds -1763 >= -6980 @ 1.46417
c bounds -1763 >= -6940 @ 1.48468
c #Conflicts:      10000 | #Constraints:      10445
c bounds -1763 >= -6900 @ 1.50896
c bounds -1763 >= -6860 @ 1.56774
c #Conflicts:      11000 | #Constraints:      11451
c bounds -1763 >= -6820 @ 1.67418
c #Conflicts:      12000 | #Constraints:      12460
c INPROCESSING
c GARBAGE COLLECT
c bounds -1763 >= -6780 @ 1.76393
c #Conflicts:      13000 | #Constraints:      10932
c bounds -1763 >= -6740 @ 1.84753
c #Conflicts:      14000 | #Constraints:      11950
c bounds -1763 >= -6700 @ 1.97642
c bounds -1764 >= -6700 @ 1.98072
c bounds -1768 >= -6700 @ 2.10958
c bounds -1770 >= -6700 @ 2.16285
c bounds -1770 >= -6660 @ 2.19526
c bounds -1772 >= -6660 @ 2.20087
c bounds -1776 >= -6660 @ 2.21284
c #Conflicts:      15000 | #Constraints:      12961
c INPROCESSING
c GARBAGE COLLECT
c bounds -1784 >= -6660 @ 2.24744
c bounds -1785 >= -6660 @ 2.25321
c bounds -1787 >= -6660 @ 2.25629
c bounds -1788 >= -6660 @ 2.25831
c bounds -1792 >= -6660 @ 3.19515
c #Conflicts:      16000 | #Constraints:      11175
c bounds -1792 >= -6620 @ 3.29724
c #Conflicts:      17000 | #Constraints:      12178
c bounds -1792 >= -6580 @ 3.33586
c bounds -1792 >= -6540 @ 3.38194
c bounds -1793 >= -6540 @ 3.43492
c bounds -1793 >= -6520 @ 3.43966
c bounds -1793 >= -6500 @ 3.44997
c bounds -1793 >= -6480 @ 3.45136
c #Conflicts:      18000 | #Constraints:      13194
c INPROCESSING
c GARBAGE COLLECT
c bounds -1793 >= -6460 @ 3.49993
c bounds -1793 >= -6440 @ 3.50486
c bounds -1793 >= -6420 @ 3.53625
c #Conflicts:      19000 | #Constraints:      11243
c bounds -1793 >= -6400 @ 3.54022
c bounds -1793 >= -6380 @ 3.5421
c bounds -1793 >= -6360 @ 3.55929
c bounds -1793 >= -6340 @ 3.56837
c bounds -1793 >= -6320 @ 3.58324
c bounds -1793 >= -6300 @ 3.58815
c #Conflicts:      20000 | #Constraints:      12285
c bounds -1793 >= -6280 @ 3.61881
c bounds -1793 >= -6260 @ 3.62282
c bounds -1793 >= -6240 @ 3.63536
c bounds -1793 >= -6220 @ 3.65655
c bounds -1793 >= -6200 @ 3.68243
c bounds -1793 >= -6180 @ 3.72828
c #Conflicts:      21000 | #Constraints:      13354
c bounds -1793 >= -6160 @ 3.76188
c bounds -1793 >= -6140 @ 3.78587
c INPROCESSING
c GARBAGE COLLECT
c bounds -1793 >= -6120 @ 3.8123
c #Conflicts:      22000 | #Constraints:      11167
c bounds -1793 >= -6100 @ 3.96432
c #Conflicts:      23000 | #Constraints:      12182
c #Conflicts:      24000 | #Constraints:      13182
c bounds -1793 >= -6080 @ 4.31743
c #Conflicts:      25000 | #Constraints:      14206
c #Conflicts:      26000 | #Constraints:      15206
c #Conflicts:      27000 | #Constraints:      16206
c bounds -1793 >= -6060 @ 5.48816
c #Conflicts:      28000 | #Constraints:      17221
c #Conflicts:      29000 | #Constraints:      18221
c #Conflicts:      30000 | #Constraints:      19221
c #Conflicts:      31000 | #Constraints:      20221
c #Conflicts:      32000 | #Constraints:      21221
c bounds -1793 >= -6040 @ 8.16149
c #Conflicts:      33000 | #Constraints:      22245
c bounds -1794 >= -6040 @ 8.34928
c bounds -1796 >= -6040 @ 8.35374
c bounds -1798 >= -6040 @ 8.35784
c bounds -1800 >= -6040 @ 8.36191
c bounds -1801 >= -6040 @ 8.36493
c bounds -1802 >= -6040 @ 8.36795
c bounds -1803 >= -6040 @ 8.37541
c bounds -1805 >= -6040 @ 8.58586
c INPROCESSING
c GARBAGE COLLECT
c bounds -1809 >= -6040 @ 8.71421
c bounds -1810 >= -6040 @ 8.71869
c bounds -1814 >= -6040 @ 8.73921
c bounds -1816 >= -6040 @ 8.87036
c bounds -1820 >= -6040 @ 8.93203
c #Conflicts:      34000 | #Constraints:      15743
c bounds -1824 >= -6040 @ 10.2165
c #Conflicts:      35000 | #Constraints:      16744
c #Conflicts:      36000 | #Constraints:      17744
c #Conflicts:      37000 | #Constraints:      18744
c #Conflicts:      38000 | #Constraints:      19744
c INPROCESSING
c GARBAGE COLLECT
c bounds -1825 >= -6040 @ 12.3163
c bounds -1826 >= -6040 @ 12.335
c bounds -1830 >= -6040 @ 12.3462
c bounds -1831 >= -6040 @ 12.7039
c bounds -1832 >= -6040 @ 12.7291
c bounds -1834 >= -6040 @ 13.1695
c bounds -1834 >= -6008 @ 13.17
c bounds -1834 >= -5976 @ 13.1703
c bounds -1834 >= -5944 @ 13.1714
c bounds -1834 >= -5912 @ 13.1723
c bounds -1834 >= -5880 @ 13.1731
c bounds -1834 >= -5864 @ 13.1748
c bounds -1834 >= -5848 @ 13.1751
c bounds -1834 >= -5832 @ 13.1762
c bounds -1834 >= -5816 @ 13.1773
c bounds -1834 >= -5800 @ 13.1783
c bounds -1834 >= -5768 @ 13.179
c bounds -1834 >= -5752 @ 13.1795
c bounds -1834 >= -5736 @ 13.18
c bounds -1834 >= -5720 @ 13.1808
c bounds -1834 >= -5704 @ 13.181
c bounds -1834 >= -5672 @ 13.1811
c bounds -1834 >= -5640 @ 13.1822
c bounds -1834 >= -5608 @ 13.1833
c bounds -1834 >= -5592 @ 13.1844
c bounds -1834 >= -5576 @ 13.1849
c bounds -1834 >= -5560 @ 13.1856
c bounds -1834 >= -5528 @ 13.1859
c bounds -1834 >= -5512 @ 13.1869
c bounds -1834 >= -5496 @ 13.1879
c bounds -1834 >= -5464 @ 13.1889
c bounds -1834 >= -5448 @ 13.1891
c bounds -1834 >= -5432 @ 13.1902
c bounds -1834 >= -5416 @ 13.1913
c bounds -1834 >= -5400 @ 13.1922
c bounds -1834 >= -5368 @ 13.1929
c bounds -1834 >= -5352 @ 13.1929
c bounds -1834 >= -5336 @ 13.1935
c bounds -1834 >= -5320 @ 13.1939
c bounds -1834 >= -5304 @ 13.1945
c bounds -1834 >= -5272 @ 13.1956
c bounds -1834 >= -5224 @ 13.1967
c bounds -1834 >= -5208 @ 13.197
c bounds -1834 >= -5192 @ 13.198
c bounds -1834 >= -5176 @ 13.1991
c bounds -1834 >= -5144 @ 13.2004
c bounds -1834 >= -5128 @ 13.2015
c bounds -1834 >= -5112 @ 13.2034
c bounds -1834 >= -5080 @ 13.2045
c bounds -1834 >= -5064 @ 13.2049
c bounds -1834 >= -5048 @ 13.2049
c bounds -1834 >= -5032 @ 13.2058
c bounds -1834 >= -5016 @ 13.2061
c bounds -1834 >= -5000 @ 13.2074
c bounds -1834 >= -4984 @ 13.2093
c bounds -1834 >= -4968 @ 13.2104
c bounds -1834 >= -4952 @ 13.2108
c bounds -1834 >= -4936 @ 13.2108
c bounds -1834 >= -4920 @ 13.211
c bounds -1834 >= -4904 @ 13.2118
c bounds -1834 >= -4888 @ 13.2123
c bounds -1834 >= -4872 @ 13.2135
c bounds -1834 >= -4856 @ 13.2139
c bounds -1834 >= -4840 @ 13.2156
c bounds -1834 >= -4824 @ 13.216
c bounds -1834 >= -4808 @ 13.2173
c bounds -1834 >= -4792 @ 13.2187
c bounds -1834 >= -4776 @ 13.2189
c bounds -1834 >= -4760 @ 13.2198
c bounds -1834 >= -4744 @ 13.2204
c bounds -1834 >= -4728 @ 13.2208
c bounds -1834 >= -4712 @ 13.2219
c bounds -1834 >= -4696 @ 13.2233
c bounds -1834 >= -4680 @ 13.2247
c bounds -1834 >= -4664 @ 13.2253
c bounds -1834 >= -4648 @ 13.2287
c #Conflicts:      39000 | #Constraints:      14982
c bounds -1834 >= -4632 @ 13.2331
c bounds -1834 >= -4616 @ 13.2365
c bounds -1834 >= -4600 @ 13.2378
c bounds -1834 >= -4584 @ 13.2433
c bounds -1834 >= -4568 @ 13.252
c bounds -1834 >= -4552 @ 13.2593
c bounds -1834 >= -4536 @ 13.2771
c bounds -1834 >= -4520 @ 13.3167
c bounds -1834 >= -4504 @ 13.3478
c bounds -1834 >= -4488 @ 13.4159
c #Conflicts:      40000 | #Constraints:      16109
c bounds -1834 >= -4472 @ 13.5583
c #Conflicts:      41000 | #Constraints:      17139
c bounds -1834 >= -4456 @ 13.8494
c #Conflicts:      42000 | #Constraints:      18163
c INPROCESSING
c GARBAGE COLLECT
c bounds -1834 >= -4440 @ 14.7315
c bounds -1834 >= -4424 @ 14.734
c bounds -1834 >= -4408 @ 14.7356
c bounds -1834 >= -4392 @ 14.738
c bounds -1834 >= -4376 @ 14.7403
c bounds -1834 >= -4360 @ 14.7422
c bounds -1834 >= -4344 @ 14.7439
c bounds -1834 >= -4328 @ 14.7442
c #Conflicts:      43000 | #Constraints:      13605
c bounds -1834 >= -4312 @ 14.7475
c bounds -1834 >= -4296 @ 14.7524
c bounds -1834 >= -4280 @ 14.7542
c bounds -1834 >= -4264 @ 14.7542
c bounds -1834 >= -4248 @ 14.7556
c bounds -1834 >= -4232 @ 14.7596
c bounds -1834 >= -4216 @ 14.8286
c bounds -1834 >= -4200 @ 14.8299
c #Conflicts:      44000 | #Constraints:      14675
c #Conflicts:      45000 | #Constraints:      15675
c bounds -1834 >= -4184 @ 15.3079
c #Conflicts:      46000 | #Constraints:      16705
c bounds -1834 >= -4168 @ 16.1554
c #Conflicts:      47000 | #Constraints:      17729
c #Conflicts:      48000 | #Constraints:      18729
c #Conflicts:      49000 | #Constraints:      19729
c bounds -1836 >= -4168 @ 18.8781
c #Conflicts:      50000 | #Constraints:      20730
c #Conflicts:      51000 | #Constraints:      21730
c bounds -1836 >= -4152 @ 20.5784
c #Conflicts:      52000 | #Constraints:      22757
c #Conflicts:      53000 | #Constraints:      23757
c #Conflicts:      54000 | #Constraints:      24757
c #Conflicts:      55000 | #Constraints:      25757
c bounds -1836 >= -4136 @ 23.8526
c bounds -1838 >= -4136 @ 24.0708
c bounds -1838 >= -4120 @ 24.0731
c #Conflicts:      56000 | #Constraints:      26788
c #Conflicts:      57000 | #Constraints:      27788
c #Conflicts:      58000 | #Constraints:      28788
c INPROCESSING
c GARBAGE COLLECT
c bounds -1839 >= -4120 @ 27.4316
c bounds -1840 >= -4120 @ 27.4385
c #Conflicts:      59000 | #Constraints:      18962
c bounds -1841 >= -4120 @ 27.5019
c bounds -1845 >= -4120 @ 28.8929
c bounds -1846 >= -4120 @ 28.9891
c bounds -1848 >= -4120 @ 29.1013
c #Conflicts:      60000 | #Constraints:      19966
c bounds -1850 >= -4120 @ 29.5547
c bounds -1851 >= -4120 @ 29.625
c bounds -1852 >= -4120 @ 29.6366
c #Conflicts:      61000 | #Constraints:      20969
c #Conflicts:      62000 | #Constraints:      21969
c #Conflicts:      63000 | #Constraints:      22969
c bounds -1854 >= -4120 @ 44.6987
c #Conflicts:      64000 | #Constraints:      23970
c #Conflicts:      65000 | #Constraints:      24970
c INPROCESSING
c GARBAGE COLLECT
c #Conflicts:      66000 | #Constraints:      17545
c #Conflicts:      67000 | #Constraints:      18545
c bounds -1854 >= -4104 @ 47.3018
c #Conflicts:      68000 | #Constraints:      19569
c #Conflicts:      69000 | #Constraints:      20569
c #Conflicts:      70000 | #Constraints:      21569
c #Conflicts:      71000 | #Constraints:      22569
c INPROCESSING
c GARBAGE COLLECT
c #Conflicts:      72000 | #Constraints:      16160
c #Conflicts:      73000 | #Constraints:      17160
c #Conflicts:      74000 | #Constraints:      18160
c #Conflicts:      75000 | #Constraints:      19160
c bounds -1854 >= -4088 @ 52.9685
c #Conflicts:      76000 | #Constraints:      20187
c #Conflicts:      77000 | #Constraints:      21187
c #Conflicts:      78000 | #Constraints:      22187
c #Conflicts:      79000 | #Constraints:      23187
c #Conflicts:      80000 | #Constraints:      24187
c #Conflicts:      81000 | #Constraints:      25187
c bounds -1854 >= -4076 @ 59.5115
c #Conflicts:      82000 | #Constraints:      26190
c #Conflicts:      83000 | #Constraints:      27190
c #Conflicts:      84000 | #Constraints:      28190
c #Conflicts:      85000 | #Constraints:      29190
c #Conflicts:      86000 | #Constraints:      30190
c #Conflicts:      87000 | #Constraints:      31190
c #Conflicts:      88000 | #Constraints:      32190
c #Conflicts:      89000 | #Constraints:      33190
c #Conflicts:      90000 | #Constraints:      34190
c bounds -1854 >= -4064 @ 72.396
c bounds -1855 >= -4064 @ 72.823
c bounds -1856 >= -4064 @ 72.8839
c bounds -1857 >= -4064 @ 72.9184
c bounds -1858 >= -4064 @ 73.6321
c #Conflicts:      91000 | #Constraints:      35200
c INPROCESSING
c GARBAGE COLLECT
c #Conflicts:      92000 | #Constraints:      22429
c #Conflicts:      93000 | #Constraints:      23429
c #Conflicts:      94000 | #Constraints:      24429
c bounds -1860 >= -4064 @ 82.2142
c #Conflicts:      95000 | #Constraints:      25430
c #Conflicts:      96000 | #Constraints:      26430
c #Conflicts:      97000 | #Constraints:      27430
c #Conflicts:      98000 | #Constraints:      28430
c #Conflicts:      99000 | #Constraints:      29430
c INPROCESSING
c GARBAGE COLLECT
c #Conflicts:     100000 | #Constraints:      19698
c #Conflicts:     101000 | #Constraints:      20698
c #Conflicts:     102000 | #Constraints:      21698
c #Conflicts:     103000 | #Constraints:      22698
c #Conflicts:     104000 | #Constraints:      23698
c #Conflicts:     105000 | #Constraints:      24698
c #Conflicts:     106000 | #Constraints:      25698
c bounds -1860 >= -4048 @ 98.2826
c #Conflicts:     107000 | #Constraints:      26707
c bounds -1862 >= -4048 @ 98.6409
c bounds -1863 >= -4048 @ 98.6499
c bounds -1864 >= -4048 @ 98.6581
c INPROCESSING
c GARBAGE COLLECT
c #Conflicts:     108000 | #Constraints:      18391
c bounds -1866 >= -4048 @ 100.608
c bounds -1869 >= -4048 @ 102.168
c bounds -1870 >= -4048 @ 102.239
c #Conflicts:     109000 | #Constraints:      19394
c bounds -1872 >= -4048 @ 106.995
c #Conflicts:     110000 | #Constraints:      20395
c #Conflicts:     111000 | #Constraints:      21395
c #Conflicts:     112000 | #Constraints:      22395
c #Conflicts:     113000 | #Constraints:      23395
c #Conflicts:     114000 | #Constraints:      24395
c #Conflicts:     115000 | #Constraints:      25395
c #Conflicts:     116000 | #Constraints:      26395
c #Conflicts:     117000 | #Constraints:      27395
c bounds -1872 >= -4032 @ 116.647
c bounds -1873 >= -4032 @ 116.71
c bounds -1874 >= -4032 @ 116.729
c #Conflicts:     118000 | #Constraints:      28409
c bounds -1875 >= -4032 @ 120.205
c #Conflicts:     119000 | #Constraints:      29410
c bounds -1875 >= -4016 @ 120.622
c bounds -1875 >= -4000 @ 120.688
c bounds -1875 >= -3984 @ 120.756
c #Conflicts:     120000 | #Constraints:      30440
c bounds -1875 >= -3968 @ 121.176
c #Conflicts:     121000 | #Constraints:      31452
c #Conflicts:     122000 | #Constraints:      32452
c #Conflicts:     123000 | #Constraints:      33452
c #Conflicts:     124000 | #Constraints:      34452
c #Conflicts:     125000 | #Constraints:      35452
c #Conflicts:     126000 | #Constraints:      36452
c #Conflicts:     127000 | #Constraints:      37452
c #Conflicts:     128000 | #Constraints:      38452
c #Conflicts:     129000 | #Constraints:      39452
c #Conflicts:     130000 | #Constraints:      40452
c #Conflicts:     131000 | #Constraints:      41452
c INPROCESSING
c GARBAGE COLLECT
c bounds -1876 >= -3968 @ 141.516
c #Conflicts:     132000 | #Constraints:      25643
c bounds -1878 >= -3968 @ 145.137
c bounds -1879 >= -3968 @ 145.156
c bounds -1883 >= -3968 @ 145.171
c bounds -1884 >= -3968 @ 145.186
c bounds -1885 >= -3968 @ 145.201
c bounds -1886 >= -3968 @ 145.216
c #Conflicts:     133000 | #Constraints:      26649
c bounds -1887 >= -3968 @ 148.536
c bounds -1888 >= -3968 @ 148.561
c bounds -1889 >= -3968 @ 148.789
c bounds -1890 >= -3968 @ 148.868
c #Conflicts:     134000 | #Constraints:      27653
c bounds -1892 >= -3968 @ 153.899
c bounds -1893 >= -3968 @ 153.928
c bounds -1894 >= -3968 @ 153.949
c #Conflicts:     135000 | #Constraints:      28656
c bounds -1901 >= -3968 @ 157.097
c bounds -1901 >= -3958 @ 157.112
c bounds -1901 >= -3948 @ 157.148
c bounds -1901 >= -3938 @ 157.343
c #Conflicts:     136000 | #Constraints:      29669
c #Conflicts:     137000 | #Constraints:      30669
c bounds -1901 >= -3928 @ 157.957
c #Conflicts:     138000 | #Constraints:      31675
c bounds -1901 >= -3918 @ 158.52
c #Conflicts:     139000 | #Constraints:      32678
c #Conflicts:     140000 | #Constraints:      33678
c INPROCESSING
c GARBAGE COLLECT
c #Conflicts:     141000 | #Constraints:      21674
c #Conflicts:     142000 | #Constraints:      22674
c bounds -1901 >= -3908 @ 159.175
c bounds -1901 >= -3898 @ 159.185
c #Conflicts:     143000 | #Constraints:      23683
c #Conflicts:     144000 | #Constraints:      24683
c #Conflicts:     145000 | #Constraints:      25683
c bounds -1901 >= -3888 @ 159.825
c bounds -1901 >= -3878 @ 159.848
c #Conflicts:     146000 | #Constraints:      26692
c #Conflicts:     147000 | #Constraints:      27692
c #Conflicts:     148000 | #Constraints:      28692
c #Conflicts:     149000 | #Constraints:      29692
c bounds -1901 >= -3868 @ 160.545
c #Conflicts:     150000 | #Constraints:      30698
c INPROCESSING
c GARBAGE COLLECT
c #Conflicts:     151000 | #Constraints:      20459
c #Conflicts:     152000 | #Constraints:      21459
c #Conflicts:     153000 | #Constraints:      22459
c #Conflicts:     154000 | #Constraints:      23459
c #Conflicts:     155000 | #Constraints:      24459
c #Conflicts:     156000 | #Constraints:      25459
c #Conflicts:     157000 | #Constraints:      26459
c #Conflicts:     158000 | #Constraints:      27459
c #Conflicts:     159000 | #Constraints:      28459
c #Conflicts:     160000 | #Constraints:      29459
c #Conflicts:     161000 | #Constraints:      30459
c #Conflicts:     162000 | #Constraints:      31459
c #Conflicts:     163000 | #Constraints:      32459
c bounds -1901 >= -3858 @ 166.743
c #Conflicts:     164000 | #Constraints:      33468
c bounds -1902 >= -3858 @ 166.856
c bounds -1906 >= -3858 @ 167.118
c #Conflicts:     165000 | #Constraints:      34470
c #Conflicts:     166000 | #Constraints:      35470
c #Conflicts:     167000 | #Constraints:      36470
c #Conflicts:     168000 | #Constraints:      37470
c bounds -1907 >= -3858 @ 183.499
c #Conflicts:     169000 | #Constraints:      38471
c bounds -1907 >= -3848 @ 183.617
c #Conflicts:     170000 | #Constraints:      39477
c #Conflicts:     171000 | #Constraints:      40477
c #Conflicts:     172000 | #Constraints:      41477
c bounds -1907 >= -3838 @ 184.626
c #Conflicts:     173000 | #Constraints:      42486
c #Conflicts:     174000 | #Constraints:      43486
c #Conflicts:     175000 | #Constraints:      44486
c #Conflicts:     176000 | #Constraints:      45486
c #Conflicts:     177000 | #Constraints:      46486
c bounds -1907 >= -3828 @ 186.439
c #Conflicts:     178000 | #Constraints:      47495
c bounds -1907 >= -3818 @ 187.107
c INPROCESSING
c GARBAGE COLLECT
c #Conflicts:     179000 | #Constraints:      28649
c #Conflicts:     180000 | #Constraints:      29649
c #Conflicts:     181000 | #Constraints:      30649
c bounds -1907 >= -3808 @ 188.268
c #Conflicts:     182000 | #Constraints:      31661
c #Conflicts:     183000 | #Constraints:      32661
c #Conflicts:     184000 | #Constraints:      33661
c bounds -1907 >= -3798 @ 188.842
c #Conflicts:     185000 | #Constraints:      34667
c #Conflicts:     186000 | #Constraints:      35667
c #Conflicts:     187000 | #Constraints:      36667
c #Conflicts:     188000 | #Constraints:      37667
c #Conflicts:     189000 | #Constraints:      38667
c INPROCESSING
c GARBAGE COLLECT
c #Conflicts:     190000 | #Constraints:      24354
c #Conflicts:     191000 | #Constraints:      25354
c #Conflicts:     192000 | #Constraints:      26354
c #Conflicts:     193000 | #Constraints:      27354
c #Conflicts:     194000 | #Constraints:      28354
c bounds -1907 >= -3788 @ 198.84
c bounds -1908 >= -3788 @ 198.861
c #Conflicts:     195000 | #Constraints:      29367
c #Conflicts:     196000 | #Constraints:      30367
c bounds -1910 >= -3788 @ 202.393
c #Conflicts:     197000 | #Constraints:      31368
c #Conflicts:     198000 | #Constraints:      32368
c #Conflicts:     199000 | #Constraints:      33368
c #Conflicts:     200000 | #Constraints:      34368
c INPROCESSING
c GARBAGE COLLECT
c #Conflicts:     201000 | #Constraints:      22277
c #Conflicts:     202000 | #Constraints:      23277
c #Conflicts:     203000 | #Constraints:      24277
c bounds -1910 >= -3778 @ 206.628
c bounds -1911 >= -3778 @ 206.64
c bounds -1912 >= -3778 @ 206.647
c bounds -1916 >= -3778 @ 206.658
c #Conflicts:     204000 | #Constraints:      25286
c bounds -1917 >= -3778 @ 210.834
c #Conflicts:     205000 | #Constraints:      26287
c #Conflicts:     206000 | #Constraints:      27287
c #Conflicts:     207000 | #Constraints:      28287
c #Conflicts:     208000 | #Constraints:      29287
c #Conflicts:     209000 | #Constraints:      30287
c #Conflicts:     210000 | #Constraints:      31287
c #Conflicts:     211000 | #Constraints:      32287
c #Conflicts:     212000 | #Constraints:      33287
c #Conflicts:     213000 | #Constraints:      34287
c #Conflicts:     214000 | #Constraints:      35287
c #Conflicts:     215000 | #Constraints:      36287
c #Conflicts:     216000 | #Constraints:      37287
c #Conflicts:     217000 | #Constraints:      38287
c #Conflicts:     218000 | #Constraints:      39287
c #Conflicts:     219000 | #Constraints:      40287
c #Conflicts:     220000 | #Constraints:      41287
c #Conflicts:     221000 | #Constraints:      42287
c #Conflicts:     222000 | #Constraints:      43287
c #Conflicts:     223000 | #Constraints:      44287
c #Conflicts:     224000 | #Constraints:      45287
c #Conflicts:     225000 | #Constraints:      46287
c #Conflicts:     226000 | #Constraints:      47287
c bounds -1917 >= -3768 @ 295.378
c bounds -1921 >= -3768 @ 295.448
c bounds -1922 >= -3768 @ 295.476
c bounds -1926 >= -3768 @ 295.504
c #Conflicts:     227000 | #Constraints:      48305
c #Conflicts:     228000 | #Constraints:      49305
c #Conflicts:     229000 | #Constraints:      50305
c #Conflicts:     230000 | #Constraints:      51305
c #Conflicts:     231000 | #Constraints:      52305
c #Conflicts:     232000 | #Constraints:      53305
c bounds -1927 >= -3768 @ 331.357
c bounds -1928 >= -3768 @ 331.42
c INPROCESSING
c GARBAGE COLLECT
c #Conflicts:     233000 | #Constraints:      31443
c #Conflicts:     234000 | #Constraints:      32443
c #Conflicts:     235000 | #Constraints:      33443
c #Conflicts:     236000 | #Constraints:      34443
c #Conflicts:     237000 | #Constraints:      35443
c #Conflicts:     238000 | #Constraints:      36443
c bounds -1929 >= -3768 @ 371.767
c #Conflicts:     239000 | #Constraints:      37444
c #Conflicts:     240000 | #Constraints:      38444
c #Conflicts:     241000 | #Constraints:      39444
c #Conflicts:     242000 | #Constraints:      40444
c #Conflicts:     243000 | #Constraints:      41444
c #Conflicts:     244000 | #Constraints:      42444
c #Conflicts:     245000 | #Constraints:      43444
c INPROCESSING
c GARBAGE COLLECT
c #Conflicts:     246000 | #Constraints:      26901
c #Conflicts:     247000 | #Constraints:      27901
c #Conflicts:     248000 | #Constraints:      28901
c #Conflicts:     249000 | #Constraints:      29901
c #Conflicts:     250000 | #Constraints:      30901
c #Conflicts:     251000 | #Constraints:      31901
c #Conflicts:     252000 | #Constraints:      32901
c #Conflicts:     253000 | #Constraints:      33901
c #Conflicts:     254000 | #Constraints:      34901
c #Conflicts:     255000 | #Constraints:      35901
c #Conflicts:     256000 | #Constraints:      36901
c #Conflicts:     257000 | #Constraints:      37901
c #Conflicts:     258000 | #Constraints:      38901
c #Conflicts:     259000 | #Constraints:      39901
c #Conflicts:     260000 | #Constraints:      40901
c #Conflicts:     261000 | #Constraints:      41901
c #Conflicts:     262000 | #Constraints:      42901
c #Conflicts:     263000 | #Constraints:      43901
c #Conflicts:     264000 | #Constraints:      44901
c bounds -1929 >= -3758 @ 425.482
c #Conflicts:     265000 | #Constraints:      45910
c #Conflicts:     266000 | #Constraints:      46910
c #Conflicts:     267000 | #Constraints:      47910
c #Conflicts:     268000 | #Constraints:      48910
c #Conflicts:     269000 | #Constraints:      49910
c #Conflicts:     270000 | #Constraints:      50910
c #Conflicts:     271000 | #Constraints:      51910
c #Conflicts:     272000 | #Constraints:      52910
c #Conflicts:     273000 | #Constraints:      53910
c #Conflicts:     274000 | #Constraints:      54910
c #Conflicts:     275000 | #Constraints:      55910
c #Conflicts:     276000 | #Constraints:      56910
c #Conflicts:     277000 | #Constraints:      57910
c #Conflicts:     278000 | #Constraints:      58910
c #Conflicts:     279000 | #Constraints:      59910
c #Conflicts:     280000 | #Constraints:      60910
c INPROCESSING
c GARBAGE COLLECT
c bounds -1930 >= -3758 @ 467.289
c bounds -1932 >= -3758 @ 467.309
c bounds -1933 >= -3758 @ 467.329
c bounds -1937 >= -3758 @ 467.349
c bounds -1941 >= -3758 @ 467.373
c bounds -1942 >= -3758 @ 467.395
c #Conflicts:     281000 | #Constraints:      35228
c #Conflicts:     282000 | #Constraints:      36228
c bounds -1943 >= -3758 @ 470.017
c bounds -1945 >= -3758 @ 470.049
c #Conflicts:     283000 | #Constraints:      37230
c bounds -1946 >= -3758 @ 470.891
c bounds -1950 >= -3758 @ 470.927
c #Conflicts:     284000 | #Constraints:      38232
c #Conflicts:     285000 | #Constraints:      39232
c #Conflicts:     286000 | #Constraints:      40232
c #Conflicts:     287000 | #Constraints:      41232
c #Conflicts:     288000 | #Constraints:      42232
c #Conflicts:     289000 | #Constraints:      43232
c bounds -1951 >= -3758 @ 498.771
c bounds -1951 >= -3750 @ 498.777
c bounds -1951 >= -3742 @ 499.571
c #Conflicts:     290000 | #Constraints:      44245
c #Conflicts:     291000 | #Constraints:      45245
c #Conflicts:     292000 | #Constraints:      46245
c #Conflicts:     293000 | #Constraints:      47245
c #Conflicts:     294000 | #Constraints:      48245
c INPROCESSING
c GARBAGE COLLECT
c #Conflicts:     295000 | #Constraints:      29168
c #Conflicts:     296000 | #Constraints:      30168
c #Conflicts:     297000 | #Constraints:      31168
c #Conflicts:     298000 | #Constraints:      32168
c #Conflicts:     299000 | #Constraints:      33168
c #Conflicts:     300000 | #Constraints:      34168
c bounds -1951 >= -3734 @ 515.391
c #Conflicts:     301000 | #Constraints:      35180
c #Conflicts:     302000 | #Constraints:      36180
c #Conflicts:     303000 | #Constraints:      37180
c bounds -1951 >= -3726 @ 523.744
c #Conflicts:     304000 | #Constraints:      38186
c #Conflicts:     305000 | #Constraints:      39186
c #Conflicts:     306000 | #Constraints:      40186
c #Conflicts:     307000 | #Constraints:      41186
c #Conflicts:     308000 | #Constraints:      42186
c bounds -1951 >= -3718 @ 536.254
c bounds -1952 >= -3718 @ 536.436
c #Conflicts:     309000 | #Constraints:      43199
c bounds -1953 >= -3718 @ 536.669
c bounds -1954 >= -3718 @ 536.7
c #Conflicts:     310000 | #Constraints:      44201
c #Conflicts:     311000 | #Constraints:      45201
c #Conflicts:     312000 | #Constraints:      46201
c #Conflicts:     313000 | #Constraints:      47201
c #Conflicts:     314000 | #Constraints:      48201
c #Conflicts:     315000 | #Constraints:      49201
c #Conflicts:     316000 | #Constraints:      50201
c #Conflicts:     317000 | #Constraints:      51201
c #Conflicts:     318000 | #Constraints:      52201
c bounds -1955 >= -3718 @ 599.303
c bounds -1955 >= -3710 @ 599.309
c #Conflicts:     319000 | #Constraints:      53214
c #Conflicts:     320000 | #Constraints:      54214
c #Conflicts:     321000 | #Constraints:      55214
c #Conflicts:     322000 | #Constraints:      56214
c #Conflicts:     323000 | #Constraints:      57214
c #Conflicts:     324000 | #Constraints:      58214
c #Conflicts:     325000 | #Constraints:      59214
c #Conflicts:     326000 | #Constraints:      60214
c #Conflicts:     327000 | #Constraints:      61214
c #Conflicts:     328000 | #Constraints:      62214
c #Conflicts:     329000 | #Constraints:      63214
c #Conflicts:     330000 | #Constraints:      64214
c #Conflicts:     331000 | #Constraints:      65214
c #Conflicts:     332000 | #Constraints:      66214
c #Conflicts:     333000 | #Constraints:      67214
c INPROCESSING
c GARBAGE COLLECT
c #Conflicts:     334000 | #Constraints:      38715
c bounds -1955 >= -3702 @ 660.867
c #Conflicts:     335000 | #Constraints:      39727
c #Conflicts:     336000 | #Constraints:      40727
c #Conflicts:     337000 | #Constraints:      41727
c #Conflicts:     338000 | #Constraints:      42727
c #Conflicts:     339000 | #Constraints:      43727
c #Conflicts:     340000 | #Constraints:      44727
c #Conflicts:     341000 | #Constraints:      45727
c #Conflicts:     342000 | #Constraints:      46727
c #Conflicts:     343000 | #Constraints:      47727
c #Conflicts:     344000 | #Constraints:      48727
c #Conflicts:     345000 | #Constraints:      49727
c #Conflicts:     346000 | #Constraints:      50727
c bounds -1955 >= -3694 @ 705.403
c bounds -1956 >= -3694 @ 705.455
c bounds -1958 >= -3694 @ 705.485
c #Conflicts:     347000 | #Constraints:      51735
c bounds -1959 >= -3694 @ 707.968
c #Conflicts:     348000 | #Constraints:      52736
c INPROCESSING
c GARBAGE COLLECT
c bounds -1960 >= -3694 @ 708.147
c bounds -1961 >= -3694 @ 708.751
c bounds -1963 >= -3694 @ 708.777
c bounds -1964 >= -3694 @ 708.797
c bounds -1968 >= -3694 @ 708.82
c #Conflicts:     349000 | #Constraints:      33562
c bounds -1969 >= -3694 @ 712.381
c #Conflicts:     350000 | #Constraints:      34563
c #Conflicts:     351000 | #Constraints:      35563
c #Conflicts:     352000 | #Constraints:      36563
c #Conflicts:     353000 | #Constraints:      37563
c #Conflicts:     354000 | #Constraints:      38563
c #Conflicts:     355000 | #Constraints:      39563
c #Conflicts:     356000 | #Constraints:      40563
c #Conflicts:     357000 | #Constraints:      41563
c #Conflicts:     358000 | #Constraints:      42563
c #Conflicts:     359000 | #Constraints:      43563
c #Conflicts:     360000 | #Constraints:      44563
c #Conflicts:     361000 | #Constraints:      45563
c #Conflicts:     362000 | #Constraints:      46563
c #Conflicts:     363000 | #Constraints:      47563
c #Conflicts:     364000 | #Constraints:      48563
c #Conflicts:     365000 | #Constraints:      49563
c #Conflicts:     366000 | #Constraints:      50563
c #Conflicts:     367000 | #Constraints:      51563
c #Conflicts:     368000 | #Constraints:      52563
c #Conflicts:     369000 | #Constraints:      53563
c #Conflicts:     370000 | #Constraints:      54563
c #Conflicts:     371000 | #Constraints:      55563
c #Conflicts:     372000 | #Constraints:      56563
c #Conflicts:     373000 | #Constraints:      57563
c bounds -1969 >= -3686 @ 797.177
c bounds -1970 >= -3686 @ 797.239
c bounds -1972 >= -3686 @ 797.27
c bounds -1976 >= -3686 @ 797.302
c #Conflicts:     374000 | #Constraints:      58575
c bounds -1978 >= -3686 @ 800.134
c #Conflicts:     375000 | #Constraints:      59576
c #Conflicts:     376000 | #Constraints:      60576
c #Conflicts:     377000 | #Constraints:      61576
c #Conflicts:     378000 | #Constraints:      62576
c #Conflicts:     379000 | #Constraints:      63576
c #Conflicts:     380000 | #Constraints:      64576
c #Conflicts:     381000 | #Constraints:      65576
c #Conflicts:     382000 | #Constraints:      66576
c #Conflicts:     383000 | #Constraints:      67576
c #Conflicts:     384000 | #Constraints:      68576
c #Conflicts:     385000 | #Constraints:      69576
c #Conflicts:     386000 | #Constraints:      70576
c #Conflicts:     387000 | #Constraints:      71576
c #Conflicts:     388000 | #Constraints:      72576
c #Conflicts:     389000 | #Constraints:      73576
c #Conflicts:     390000 | #Constraints:      74576
c INPROCESSING
c GARBAGE COLLECT
c bounds -1978 >= -3678 @ 982.133
c bounds -1978 >= -3670 @ 982.19
c bounds -1978 >= -3662 @ 982.236
c #Conflicts:     391000 | #Constraints:      42588
c #Conflicts:     392000 | #Constraints:      43588
c #Conflicts:     393000 | #Constraints:      44588
c bounds -1978 >= -3654 @ 983.051
c #Conflicts:     394000 | #Constraints:      45600
c #Conflicts:     395000 | #Constraints:      46600
c #Conflicts:     396000 | #Constraints:      47600
c #Conflicts:     397000 | #Constraints:      48600
c #Conflicts:     398000 | #Constraints:      49600
c #Conflicts:     399000 | #Constraints:      50600
c #Conflicts:     400000 | #Constraints:      51600
c #Conflicts:     401000 | #Constraints:      52600
c #Conflicts:     402000 | #Constraints:      53600
c #Conflicts:     403000 | #Constraints:      54600
c #Conflicts:     404000 | #Constraints:      55600
c #Conflicts:     405000 | #Constraints:      56600
c #Conflicts:     406000 | #Constraints:      57600
c INPROCESSING
c GARBAGE COLLECT
c #Conflicts:     407000 | #Constraints:      37483
c #Conflicts:     408000 | #Constraints:      38483
c #Conflicts:     409000 | #Constraints:      39483
c #Conflicts:     410000 | #Constraints:      40483
c #Conflicts:     411000 | #Constraints:      41483
c #Conflicts:     412000 | #Constraints:      42483
c #Conflicts:     413000 | #Constraints:      43483
c #Conflicts:     414000 | #Constraints:      44483
c #Conflicts:     415000 | #Constraints:      45483
c #Conflicts:     416000 | #Constraints:      46483
c #Conflicts:     417000 | #Constraints:      47483
c #Conflicts:     418000 | #Constraints:      48483
c #Conflicts:     419000 | #Constraints:      49483
c #Conflicts:     420000 | #Constraints:      50483
c #Conflicts:     421000 | #Constraints:      51483
c #Conflicts:     422000 | #Constraints:      52483
c #Conflicts:     423000 | #Constraints:      53483
c #Conflicts:     424000 | #Constraints:      54483
c #Conflicts:     425000 | #Constraints:      55483
c #Conflicts:     426000 | #Constraints:      56483
c #Conflicts:     427000 | #Constraints:      57483
c #Conflicts:     428000 | #Constraints:      58483
c #Conflicts:     429000 | #Constraints:      59483
c #Conflicts:     430000 | #Constraints:      60483
c #Conflicts:     431000 | #Constraints:      61483
c #Conflicts:     432000 | #Constraints:      62483
c #Conflicts:     433000 | #Constraints:      63483
c bounds -1978 >= -3646 @ 1167.48
c #Conflicts:     434000 | #Constraints:      64489
c #Conflicts:     435000 | #Constraints:      65489
c #Conflicts:     436000 | #Constraints:      66489
c #Conflicts:     437000 | #Constraints:      67489
c #Conflicts:     438000 | #Constraints:      68489
c #Conflicts:     439000 | #Constraints:      69489
c #Conflicts:     440000 | #Constraints:      70489
c #Conflicts:     441000 | #Constraints:      71489
c #Conflicts:     442000 | #Constraints:      72489
c #Conflicts:     443000 | #Constraints:      73489
c #Conflicts:     444000 | #Constraints:      74489
c #Conflicts:     445000 | #Constraints:      75489
c #Conflicts:     446000 | #Constraints:      76489
c #Conflicts:     447000 | #Constraints:      77489
c #Conflicts:     448000 | #Constraints:      78489
c #Conflicts:     449000 | #Constraints:      79489
c #Conflicts:     450000 | #Constraints:      80489
c bounds -1978 >= -3638 @ 1177.89
c #Conflicts:     451000 | #Constraints:      81492
c INPROCESSING
c GARBAGE COLLECT
c #Conflicts:     452000 | #Constraints:      45914
c #Conflicts:     453000 | #Constraints:      46914
c #Conflicts:     454000 | #Constraints:      47914
c #Conflicts:     455000 | #Constraints:      48914
c #Conflicts:     456000 | #Constraints:      49914
c #Conflicts:     457000 | #Constraints:      50914
c #Conflicts:     458000 | #Constraints:      51914
c #Conflicts:     459000 | #Constraints:      52914
c #Conflicts:     460000 | #Constraints:      53914
c #Conflicts:     461000 | #Constraints:      54914
c #Conflicts:     462000 | #Constraints:      55914
c #Conflicts:     463000 | #Constraints:      56914
c #Conflicts:     464000 | #Constraints:      57914
c #Conflicts:     465000 | #Constraints:      58914
c #Conflicts:     466000 | #Constraints:      59914
c #Conflicts:     467000 | #Constraints:      60914
c #Conflicts:     468000 | #Constraints:      61914
c INPROCESSING
c GARBAGE COLLECT
c #Conflicts:     469000 | #Constraints:      40315
c #Conflicts:     470000 | #Constraints:      41315
c #Conflicts:     471000 | #Constraints:      42315
c #Conflicts:     472000 | #Constraints:      43315
c #Conflicts:     473000 | #Constraints:      44315
c #Conflicts:     474000 | #Constraints:      45315
c #Conflicts:     475000 | #Constraints:      46315
c #Conflicts:     476000 | #Constraints:      47315
c #Conflicts:     477000 | #Constraints:      48315
c #Conflicts:     478000 | #Constraints:      49315
c #Conflicts:     479000 | #Constraints:      50315
c bounds -1978 >= -3630 @ 1278.38
c #Conflicts:     480000 | #Constraints:      51336
c #Conflicts:     481000 | #Constraints:      52336
c #Conflicts:     482000 | #Constraints:      53336
c #Conflicts:     483000 | #Constraints:      54336
c #Conflicts:     484000 | #Constraints:      55336
c #Conflicts:     485000 | #Constraints:      56336
c #Conflicts:     486000 | #Constraints:      57336
c #Conflicts:     487000 | #Constraints:      58336
c #Conflicts:     488000 | #Constraints:      59336
c #Conflicts:     489000 | #Constraints:      60336
c #Conflicts:     490000 | #Constraints:      61336
c #Conflicts:     491000 | #Constraints:      62336
c #Conflicts:     492000 | #Constraints:      63336
c #Conflicts:     493000 | #Constraints:      64336
c #Conflicts:     494000 | #Constraints:      65336
c #Conflicts:     495000 | #Constraints:      66336
c #Conflicts:     496000 | #Constraints:      67336
c #Conflicts:     497000 | #Constraints:      68336
c #Conflicts:     498000 | #Constraints:      69336
c #Conflicts:     499000 | #Constraints:      70336
c #Conflicts:     500000 | #Constraints:      71336
c #Conflicts:     501000 | #Constraints:      72336
c #Conflicts:     502000 | #Constraints:      73336
c #Conflicts:     503000 | #Constraints:      74336
c #Conflicts:     504000 | #Constraints:      75336
c #Conflicts:     505000 | #Constraints:      76336
c #Conflicts:     506000 | #Constraints:      77336
c #Conflicts:     507000 | #Constraints:      78336
c #Conflicts:     508000 | #Constraints:      79336
c #Conflicts:     509000 | #Constraints:      80336
c #Conflicts:     510000 | #Constraints:      81336
c #Conflicts:     511000 | #Constraints:      82336
c #Conflicts:     512000 | #Constraints:      83336
c #Conflicts:     513000 | #Constraints:      84336
c #Conflicts:     514000 | #Constraints:      85336
c #Conflicts:     515000 | #Constraints:      86336
c #Conflicts:     516000 | #Constraints:      87336
c INPROCESSING
c GARBAGE COLLECT
c #Conflicts:     517000 | #Constraints:      48560
c #Conflicts:     518000 | #Constraints:      49560
c #Conflicts:     519000 | #Constraints:      50560
c #Conflicts:     520000 | #Constraints:      51560
c #Conflicts:     521000 | #Constraints:      52560
c #Conflicts:     522000 | #Constraints:      53560
c #Conflicts:     523000 | #Constraints:      54560
c #Conflicts:     524000 | #Constraints:      55560
c #Conflicts:     525000 | #Constraints:      56560
c #Conflicts:     526000 | #Constraints:      57560
c #Conflicts:     527000 | #Constraints:      58560
c #Conflicts:     528000 | #Constraints:      59560
c #Conflicts:     529000 | #Constraints:      60560
c #Conflicts:     530000 | #Constraints:      61560
c #Conflicts:     531000 | #Constraints:      62560
c #Conflicts:     532000 | #Constraints:      63560
c #Conflicts:     533000 | #Constraints:      64560
c #Conflicts:     534000 | #Constraints:      65560
c #Conflicts:     535000 | #Constraints:      66560
c INPROCESSING
c GARBAGE COLLECT
c #Conflicts:     536000 | #Constraints:      43645
c #Conflicts:     537000 | #Constraints:      44645
c #Conflicts:     538000 | #Constraints:      45645
c #Conflicts:     539000 | #Constraints:      46645
c #Conflicts:     540000 | #Constraints:      47645
c #Conflicts:     541000 | #Constraints:      48645
c #Conflicts:     542000 | #Constraints:      49645
c #Conflicts:     543000 | #Constraints:      50645
c #Conflicts:     544000 | #Constraints:      51645
c #Conflicts:     545000 | #Constraints:      52645
c #Conflicts:     546000 | #Constraints:      53645
c #Conflicts:     547000 | #Constraints:      54645
c #Conflicts:     548000 | #Constraints:      55645
c #Conflicts:     549000 | #Constraints:      56645
c #Conflicts:     550000 | #Constraints:      57645
c #Conflicts:     551000 | #Constraints:      58645
c bounds -1978 >= -3622 @ 2251.43
c #Conflicts:     552000 | #Constraints:      59660
c #Conflicts:     553000 | #Constraints:      60660
c #Conflicts:     554000 | #Constraints:      61660
c #Conflicts:     555000 | #Constraints:      62660
c #Conflicts:     556000 | #Constraints:      63660
c #Conflicts:     557000 | #Constraints:      64660
c #Conflicts:     558000 | #Constraints:      65660
c #Conflicts:     559000 | #Constraints:      66660
c #Conflicts:     560000 | #Constraints:      67660
c #Conflicts:     561000 | #Constraints:      68660
c #Conflicts:     562000 | #Constraints:      69660
c #Conflicts:     563000 | #Constraints:      70660
c #Conflicts:     564000 | #Constraints:      71660
c #Conflicts:     565000 | #Constraints:      72660
c #Conflicts:     566000 | #Constraints:      73660
c #Conflicts:     567000 | #Constraints:      74660
c #Conflicts:     568000 | #Constraints:      75660
c #Conflicts:     569000 | #Constraints:      76660
c #Conflicts:     570000 | #Constraints:      77660
c #Conflicts:     571000 | #Constraints:      78660
c #Conflicts:     572000 | #Constraints:      79660
c #Conflicts:     573000 | #Constraints:      80660
c #Conflicts:     574000 | #Constraints:      81660
c #Conflicts:     575000 | #Constraints:      82660
c #Conflicts:     576000 | #Constraints:      83660
c #Conflicts:     577000 | #Constraints:      84660
c #Conflicts:     578000 | #Constraints:      85660
c #Conflicts:     579000 | #Constraints:      86660
c #Conflicts:     580000 | #Constraints:      87660
c #Conflicts:     581000 | #Constraints:      88660
c #Conflicts:     582000 | #Constraints:      89660
c #Conflicts:     583000 | #Constraints:      90660
c #Conflicts:     584000 | #Constraints:      91660
c #Conflicts:     585000 | #Constraints:      92660
c bounds -1978 >= -3614 @ 2494.67
c #Conflicts:     586000 | #Constraints:      93669
c INPROCESSING
c GARBAGE COLLECT
c #Conflicts:     587000 | #Constraints:      51705
c #Conflicts:     588000 | #Constraints:      52705
c bounds -1978 >= -3606 @ 2495.45
c #Conflicts:     589000 | #Constraints:      53723
c #Conflicts:     590000 | #Constraints:      54723
c #Conflicts:     591000 | #Constraints:      55723
c #Conflicts:     592000 | #Constraints:      56723
c #Conflicts:     593000 | #Constraints:      57723
c #Conflicts:     594000 | #Constraints:      58723
c #Conflicts:     595000 | #Constraints:      59723
c #Conflicts:     596000 | #Constraints:      60723
c #Conflicts:     597000 | #Constraints:      61723
c #Conflicts:     598000 | #Constraints:      62723
c #Conflicts:     599000 | #Constraints:      63723
c #Conflicts:     600000 | #Constraints:      64723
c #Conflicts:     601000 | #Constraints:      65723
c #Conflicts:     602000 | #Constraints:      66723
c #Conflicts:     603000 | #Constraints:      67723
c #Conflicts:     604000 | #Constraints:      68723
c #Conflicts:     605000 | #Constraints:      69723
c #Conflicts:     606000 | #Constraints:      70723
c INPROCESSING
c GARBAGE COLLECT
c #Conflicts:     607000 | #Constraints:      49219
c #Conflicts:     608000 | #Constraints:      50219
c #Conflicts:     609000 | #Constraints:      51219
c #Conflicts:     610000 | #Constraints:      52219
c #Conflicts:     611000 | #Constraints:      53219
c #Conflicts:     612000 | #Constraints:      54219
c #Conflicts:     613000 | #Constraints:      55219
c #Conflicts:     614000 | #Constraints:      56219
c #Conflicts:     615000 | #Constraints:      57219
c #Conflicts:     616000 | #Constraints:      58219
c #Conflicts:     617000 | #Constraints:      59219
c #Conflicts:     618000 | #Constraints:      60219
c #Conflicts:     619000 | #Constraints:      61219
c #Conflicts:     620000 | #Constraints:      62219
c #Conflicts:     621000 | #Constraints:      63219
c #Conflicts:     622000 | #Constraints:      64219
c #Conflicts:     623000 | #Constraints:      65219
c #Conflicts:     624000 | #Constraints:      66219
c #Conflicts:     625000 | #Constraints:      67219
c #Conflicts:     626000 | #Constraints:      68219
c #Conflicts:     627000 | #Constraints:      69219
c #Conflicts:     628000 | #Constraints:      70219
c #Conflicts:     629000 | #Constraints:      71219
c #Conflicts:     630000 | #Constraints:      72219
c #Conflicts:     631000 | #Constraints:      73219
c #Conflicts:     632000 | #Constraints:      74219
c #Conflicts:     633000 | #Constraints:      75219
c #Conflicts:     634000 | #Constraints:      76219
c #Conflicts:     635000 | #Constraints:      77219
c #Conflicts:     636000 | #Constraints:      78219
c #Conflicts:     637000 | #Constraints:      79219
c #Conflicts:     638000 | #Constraints:      80219
c #Conflicts:     639000 | #Constraints:      81219
c #Conflicts:     640000 | #Constraints:      82219
c #Conflicts:     641000 | #Constraints:      83219
c #Conflicts:     642000 | #Constraints:      84219
c #Conflicts:     643000 | #Constraints:      85219
c #Conflicts:     644000 | #Constraints:      86219
c #Conflicts:     645000 | #Constraints:      87219
c #Conflicts:     646000 | #Constraints:      88219
c #Conflicts:     647000 | #Constraints:      89219
c #Conflicts:     648000 | #Constraints:      90219
c #Conflicts:     649000 | #Constraints:      91219
c #Conflicts:     650000 | #Constraints:      92219
c #Conflicts:     651000 | #Constraints:      93219
c #Conflicts:     652000 | #Constraints:      94219
c #Conflicts:     653000 | #Constraints:      95219
c #Conflicts:     654000 | #Constraints:      96219
c #Conflicts:     655000 | #Constraints:      97219
c #Conflicts:     656000 | #Constraints:      98219
c #Conflicts:     657000 | #Constraints:      99219
c #Conflicts:     658000 | #Constraints:     100219
c #Conflicts:     659000 | #Constraints:     101219
c #Conflicts:     660000 | #Constraints:     102219
c #Conflicts:     661000 | #Constraints:     103219
c INPROCESSING
c GARBAGE COLLECT
c #Conflicts:     662000 | #Constraints:      56822
c #Conflicts:     663000 | #Constraints:      57822
c #Conflicts:     664000 | #Constraints:      58822
c #Conflicts:     665000 | #Constraints:      59822
c #Conflicts:     666000 | #Constraints:      60822
c #Conflicts:     667000 | #Constraints:      61822
c #Conflicts:     668000 | #Constraints:      62822
c #Conflicts:     669000 | #Constraints:      63822
c #Conflicts:     670000 | #Constraints:      64822
c #Conflicts:     671000 | #Constraints:      65822
c #Conflicts:     672000 | #Constraints:      66822
c #Conflicts:     673000 | #Constraints:      67822
c #Conflicts:     674000 | #Constraints:      68822
c #Conflicts:     675000 | #Constraints:      69822
c #Conflicts:     676000 | #Constraints:      70822
c #Conflicts:     677000 | #Constraints:      71822
c #Conflicts:     678000 | #Constraints:      72822
c #Conflicts:     679000 | #Constraints:      73822
c #Conflicts:     680000 | #Constraints:      74822
c #Conflicts:     681000 | #Constraints:      75822
c #Conflicts:     682000 | #Constraints:      76822
c INPROCESSING
c GARBAGE COLLECT
c #Conflicts:     683000 | #Constraints:      53421
c #Conflicts:     684000 | #Constraints:      54421
c #Conflicts:     685000 | #Constraints:      55421
c #Conflicts:     686000 | #Constraints:      56421
c #Conflicts:     687000 | #Constraints:      57421
c #Conflicts:     688000 | #Constraints:      58421
c #Conflicts:     689000 | #Constraints:      59421
c #Conflicts:     690000 | #Constraints:      60421
c #Conflicts:     691000 | #Constraints:      61421
c #Conflicts:     692000 | #Constraints:      62421
c #Conflicts:     693000 | #Constraints:      63421
c #Conflicts:     694000 | #Constraints:      64421
c #Conflicts:     695000 | #Constraints:      65421
c #Conflicts:     696000 | #Constraints:      66421
c #Conflicts:     697000 | #Constraints:      67421
c #Conflicts:     698000 | #Constraints:      68421
c #Conflicts:     699000 | #Constraints:      69421
c #Conflicts:     700000 | #Constraints:      70421
c #Conflicts:     701000 | #Constraints:      71421
c #Conflicts:     702000 | #Constraints:      72421
c #Conflicts:     703000 | #Constraints:      73421
c #Conflicts:     704000 | #Constraints:      74421
c #Conflicts:     705000 | #Constraints:      75421
c #Conflicts:     706000 | #Constraints:      76421
c #Conflicts:     707000 | #Constraints:      77421
c #Conflicts:     708000 | #Constraints:      78421
c #Conflicts:     709000 | #Constraints:      79421
c #Conflicts:     710000 | #Constraints:      80421
c #Conflicts:     711000 | #Constraints:      81421
c #Conflicts:     712000 | #Constraints:      82421
c #Conflicts:     713000 | #Constraints:      83421
c #Conflicts:     714000 | #Constraints:      84421
c #Conflicts:     715000 | #Constraints:      85421
c #Conflicts:     716000 | #Constraints:      86421
c #Conflicts:     717000 | #Constraints:      87421
c #Conflicts:     718000 | #Constraints:      88421
c #Conflicts:     719000 | #Constraints:      89421
c #Conflicts:     720000 | #Constraints:      90421
c #Conflicts:     721000 | #Constraints:      91421
c #Conflicts:     722000 | #Constraints:      92421
c #Conflicts:     723000 | #Constraints:      93421
c #Conflicts:     724000 | #Constraints:      94421
c #Conflicts:     725000 | #Constraints:      95421
c #Conflicts:     726000 | #Constraints:      96421
c #Conflicts:     727000 | #Constraints:      97421
c #Conflicts:     728000 | #Constraints:      98421
c #Conflicts:     729000 | #Constraints:      99421
c #Conflicts:     730000 | #Constraints:     100421
c bounds -1978 >= -3598 @ 3283.71
c #Conflicts:     731000 | #Constraints:     101430
c #Conflicts:     732000 | #Constraints:     102430
c #Conflicts:     733000 | #Constraints:     103430
c bounds -1978 >= -3590 @ 3284.44
c #Conflicts:     734000 | #Constraints:     104445
c #Conflicts:     735000 | #Constraints:     105445
c #Conflicts:     736000 | #Constraints:     106445
c #Conflicts:     737000 | #Constraints:     107445
c #Conflicts:     738000 | #Constraints:     108445
c #Conflicts:     739000 | #Constraints:     109445
c #Conflicts:     740000 | #Constraints:     110445
c INPROCESSING
c GARBAGE COLLECT
c #Conflicts:     741000 | #Constraints:      60564
c #Conflicts:     742000 | #Constraints:      61564
c #Conflicts:     743000 | #Constraints:      62564
c #Conflicts:     744000 | #Constraints:      63564
c #Conflicts:     745000 | #Constraints:      64564
c #Conflicts:     746000 | #Constraints:      65564
c #Conflicts:     747000 | #Constraints:      66564
c #Conflicts:     748000 | #Constraints:      67564
c #Conflicts:     749000 | #Constraints:      68564
c #Conflicts:     750000 | #Constraints:      69564
c #Conflicts:     751000 | #Constraints:      70564
c #Conflicts:     752000 | #Constraints:      71564
c #Conflicts:     753000 | #Constraints:      72564
c #Conflicts:     754000 | #Constraints:      73564
c #Conflicts:     755000 | #Constraints:      74564
c #Conflicts:     756000 | #Constraints:      75564
c #Conflicts:     757000 | #Constraints:      76564
c #Conflicts:     758000 | #Constraints:      77564
c #Conflicts:     759000 | #Constraints:      78564
c #Conflicts:     760000 | #Constraints:      79564
c #Conflicts:     761000 | #Constraints:      80564
c #Conflicts:     762000 | #Constraints:      81564
c INPROCESSING
c GARBAGE COLLECT
c #Conflicts:     763000 | #Constraints:      57259
c #Conflicts:     764000 | #Constraints:      58259
c #Conflicts:     765000 | #Constraints:      59259
c #Conflicts:     766000 | #Constraints:      60259
c #Conflicts:     767000 | #Constraints:      61259
c #Conflicts:     768000 | #Constraints:      62259
c #Conflicts:     769000 | #Constraints:      63259
c #Conflicts:     770000 | #Constraints:      64259
c #Conflicts:     771000 | #Constraints:      65259
c #Conflicts:     772000 | #Constraints:      66259
c #Conflicts:     773000 | #Constraints:      67259
c #Conflicts:     774000 | #Constraints:      68259
c #Conflicts:     775000 | #Constraints:      69259
c #Conflicts:     776000 | #Constraints:      70259
c #Conflicts:     777000 | #Constraints:      71259
c #Conflicts:     778000 | #Constraints:      72259
c #Conflicts:     779000 | #Constraints:      73259
c #Conflicts:     780000 | #Constraints:      74259
c #Conflicts:     781000 | #Constraints:      75259
c #Conflicts:     782000 | #Constraints:      76259
c #Conflicts:     783000 | #Constraints:      77259
c #Conflicts:     784000 | #Constraints:      78259
c #Conflicts:     785000 | #Constraints:      79259
c #Conflicts:     786000 | #Constraints:      80259
c #Conflicts:     787000 | #Constraints:      81259
c #Conflicts:     788000 | #Constraints:      82259
c #Conflicts:     789000 | #Constraints:      83259
c #Conflicts:     790000 | #Constraints:      84259
c #Conflicts:     791000 | #Constraints:      85259
c #Conflicts:     792000 | #Constraints:      86259
c #Conflicts:     793000 | #Constraints:      87259
c #Conflicts:     794000 | #Constraints:      88259
c #Conflicts:     795000 | #Constraints:      89259
c #Conflicts:     796000 | #Constraints:      90259
c #Conflicts:     797000 | #Constraints:      91259
c #Conflicts:     798000 | #Constraints:      92259
c #Conflicts:     799000 | #Constraints:      93259
c #Conflicts:     800000 | #Constraints:      94259
c #Conflicts:     801000 | #Constraints:      95259
c #Conflicts:     802000 | #Constraints:      96259
c #Conflicts:     803000 | #Constraints:      97259
c #Conflicts:     804000 | #Constraints:      98259
c #Conflicts:     805000 | #Constraints:      99259
c #Conflicts:     806000 | #Constraints:     100259
c #Conflicts:     807000 | #Constraints:     101259
c #Conflicts:     808000 | #Constraints:     102259
c #Conflicts:     809000 | #Constraints:     103259
c #Conflicts:     810000 | #Constraints:     104259
c #Conflicts:     811000 | #Constraints:     105259
c #Conflicts:     812000 | #Constraints:     106259
c #Conflicts:     813000 | #Constraints:     107259
c #Conflicts:     814000 | #Constraints:     108259
c #Conflicts:     815000 | #Constraints:     109259
c #Conflicts:     816000 | #Constraints:     110259
c #Conflicts:     817000 | #Constraints:     111259
c #Conflicts:     818000 | #Constraints:     112259
c #Conflicts:     819000 | #Constraints:     113259
c #Conflicts:     820000 | #Constraints:     114259
c #Conflicts:     821000 | #Constraints:     115259
c #Conflicts:     822000 | #Constraints:     116259
c #Conflicts:     823000 | #Constraints:     117259
c INPROCESSING
c GARBAGE COLLECT
c #Conflicts:     824000 | #Constraints:      63897
c #Conflicts:     825000 | #Constraints:      64897
c #Conflicts:     826000 | #Constraints:      65897
c #Conflicts:     827000 | #Constraints:      66897
c #Conflicts:     828000 | #Constraints:      67897
c #Conflicts:     829000 | #Constraints:      68897
c #Conflicts:     830000 | #Constraints:      69897
c #Conflicts:     831000 | #Constraints:      70897
c #Conflicts:     832000 | #Constraints:      71897
c #Conflicts:     833000 | #Constraints:      72897
c #Conflicts:     834000 | #Constraints:      73897
c #Conflicts:     835000 | #Constraints:      74897
c #Conflicts:     836000 | #Constraints:      75897
c #Conflicts:     837000 | #Constraints:      76897
c #Conflicts:     838000 | #Constraints:      77897
c #Conflicts:     839000 | #Constraints:      78897
c #Conflicts:     840000 | #Constraints:      79897
c #Conflicts:     841000 | #Constraints:      80897
c #Conflicts:     842000 | #Constraints:      81897
c #Conflicts:     843000 | #Constraints:      82897
c #Conflicts:     844000 | #Constraints:      83897
c #Conflicts:     845000 | #Constraints:      84897
c #Conflicts:     846000 | #Constraints:      85897
c #Conflicts:     847000 | #Constraints:      86897
c INPROCESSING
c GARBAGE COLLECT
c #Conflicts:     848000 | #Constraints:      60886
c #Conflicts:     849000 | #Constraints:      61886
c #Conflicts:     850000 | #Constraints:      62886
c #Conflicts:     851000 | #Constraints:      63886
c #Conflicts:     852000 | #Constraints:      64886
c #Conflicts:     853000 | #Constraints:      65886
c #Conflicts:     854000 | #Constraints:      66886
c #Conflicts:     855000 | #Constraints:      67886
c #Conflicts:     856000 | #Constraints:      68886
c #Conflicts:     857000 | #Constraints:      69886
c #Conflicts:     858000 | #Constraints:      70886
c #Conflicts:     859000 | #Constraints:      71886
c #Conflicts:     860000 | #Constraints:      72886
c #Conflicts:     861000 | #Constraints:      73886
c #Conflicts:     862000 | #Constraints:      74886
c #Conflicts:     863000 | #Constraints:      75886
c #Conflicts:     864000 | #Constraints:      76886
c #Conflicts:     865000 | #Constraints:      77886
c #Conflicts:     866000 | #Constraints:      78886
c #Conflicts:     867000 | #Constraints:      79886
c #Conflicts:     868000 | #Constraints:      80886
c #Conflicts:     869000 | #Constraints:      81886
c #Conflicts:     870000 | #Constraints:      82886
c #Conflicts:     871000 | #Constraints:      83886
c #Conflicts:     872000 | #Constraints:      84886
c #Conflicts:     873000 | #Constraints:      85886
c #Conflicts:     874000 | #Constraints:      86886
c #Conflicts:     875000 | #Constraints:      87886
c #Conflicts:     876000 | #Constraints:      88886
c #Conflicts:     877000 | #Constraints:      89886
c #Conflicts:     878000 | #Constraints:      90886
c #Conflicts:     879000 | #Constraints:      91886
c #Conflicts:     880000 | #Constraints:      92886
c #Conflicts:     881000 | #Constraints:      93886
c #Conflicts:     882000 | #Constraints:      94886
c #Conflicts:     883000 | #Constraints:      95886
c #Conflicts:     884000 | #Constraints:      96886
c #Conflicts:     885000 | #Constraints:      97886
c #Conflicts:     886000 | #Constraints:      98886
c #Conflicts:     887000 | #Constraints:      99886
c #Conflicts:     888000 | #Constraints:     100886
c #Conflicts:     889000 | #Constraints:     101886
c #Conflicts:     890000 | #Constraints:     102886
c #Conflicts:     891000 | #Constraints:     103886
c #Conflicts:     892000 | #Constraints:     104886
c #Conflicts:     893000 | #Constraints:     105886
c #Conflicts:     894000 | #Constraints:     106886
c #Conflicts:     895000 | #Constraints:     107886
c #Conflicts:     896000 | #Constraints:     108886
c #Conflicts:     897000 | #Constraints:     109886
c #Conflicts:     898000 | #Constraints:     110886
c #Conflicts:     899000 | #Constraints:     111886
c #Conflicts:     900000 | #Constraints:     112886
c #Conflicts:     901000 | #Constraints:     113886
c #Conflicts:     902000 | #Constraints:     114886
c #Conflicts:     903000 | #Constraints:     115886
c #Conflicts:     904000 | #Constraints:     116886
c #Conflicts:     905000 | #Constraints:     117886
c #Conflicts:     906000 | #Constraints:     118886
c #Conflicts:     907000 | #Constraints:     119886
c #Conflicts:     908000 | #Constraints:     120886
c #Conflicts:     909000 | #Constraints:     121886
c #Conflicts:     910000 | #Constraints:     122886
c INPROCESSING
c GARBAGE COLLECT
c #Conflicts:     911000 | #Constraints:      66428
c #Conflicts:     912000 | #Constraints:      67428
c #Conflicts:     913000 | #Constraints:      68428
c #Conflicts:     914000 | #Constraints:      69428
c #Conflicts:     915000 | #Constraints:      70428
c #Conflicts:     916000 | #Constraints:      71428
c #Conflicts:     917000 | #Constraints:      72428
c #Conflicts:     918000 | #Constraints:      73428
c #Conflicts:     919000 | #Constraints:      74428
c #Conflicts:     920000 | #Constraints:      75428
c #Conflicts:     921000 | #Constraints:      76428
c #Conflicts:     922000 | #Constraints:      77428
c #Conflicts:     923000 | #Constraints:      78428
c #Conflicts:     924000 | #Constraints:      79428
c #Conflicts:     925000 | #Constraints:      80428
c #Conflicts:     926000 | #Constraints:      81428
c #Conflicts:     927000 | #Constraints:      82428
c #Conflicts:     928000 | #Constraints:      83428
c #Conflicts:     929000 | #Constraints:      84428
c #Conflicts:     930000 | #Constraints:      85428
c #Conflicts:     931000 | #Constraints:      86428
c #Conflicts:     932000 | #Constraints:      87428
c #Conflicts:     933000 | #Constraints:      88428
c #Conflicts:     934000 | #Constraints:      89428
c #Conflicts:     935000 | #Constraints:      90428
c #Conflicts:     936000 | #Constraints:      91428
c INPROCESSING
c GARBAGE COLLECT
c #Conflicts:     937000 | #Constraints:      64429
c #Conflicts:     938000 | #Constraints:      65429
c #Conflicts:     939000 | #Constraints:      66429
c #Conflicts:     940000 | #Constraints:      67429
c #Conflicts:     941000 | #Constraints:      68429
c #Conflicts:     942000 | #Constraints:      69429
c #Conflicts:     943000 | #Constraints:      70429
c #Conflicts:     944000 | #Constraints:      71429
c #Conflicts:     945000 | #Constraints:      72429
c #Conflicts:     946000 | #Constraints:      73429
c #Conflicts:     947000 | #Constraints:      74429
c #Conflicts:     948000 | #Constraints:      75429
c #Conflicts:     949000 | #Constraints:      76429
c #Conflicts:     950000 | #Constraints:      77429
c #Conflicts:     951000 | #Constraints:      78429
c #Conflicts:     952000 | #Constraints:      79429
c #Conflicts:     953000 | #Constraints:      80429
c #Conflicts:     954000 | #Constraints:      81429
c #Conflicts:     955000 | #Constraints:      82429
c #Conflicts:     956000 | #Constraints:      83429
c #Conflicts:     957000 | #Constraints:      84429
c #Conflicts:     958000 | #Constraints:      85429
c #Conflicts:     959000 | #Constraints:      86429
c #Conflicts:     960000 | #Constraints:      87429
c #Conflicts:     961000 | #Constraints:      88429
c #Conflicts:     962000 | #Constraints:      89429
c #Conflicts:     963000 | #Constraints:      90429
c #Conflicts:     964000 | #Constraints:      91429
c #Conflicts:     965000 | #Constraints:      92429
c #Conflicts:     966000 | #Constraints:      93429
c #Conflicts:     967000 | #Constraints:      94429
c #Conflicts:     968000 | #Constraints:      95429
c #Conflicts:     969000 | #Constraints:      96429
c #Conflicts:     970000 | #Constraints:      97429
c #Conflicts:     971000 | #Constraints:      98429
c #Conflicts:     972000 | #Constraints:      99429
c #Conflicts:     973000 | #Constraints:     100429
c #Conflicts:     974000 | #Constraints:     101429
c #Conflicts:     975000 | #Constraints:     102429
c #Conflicts:     976000 | #Constraints:     103429
c #Conflicts:     977000 | #Constraints:     104429
c #Conflicts:     978000 | #Constraints:     105429
c #Conflicts:     979000 | #Constraints:     106429
c #Conflicts:     980000 | #Constraints:     107429
c #Conflicts:     981000 | #Constraints:     108429
c #Conflicts:     982000 | #Constraints:     109429
c #Conflicts:     983000 | #Constraints:     110429
c #Conflicts:     984000 | #Constraints:     111429
c #Conflicts:     985000 | #Constraints:     112429
c #Conflicts:     986000 | #Constraints:     113429
c #Conflicts:     987000 | #Constraints:     114429
c #Conflicts:     988000 | #Constraints:     115429
c #Conflicts:     989000 | #Constraints:     116429
c #Conflicts:     990000 | #Constraints:     117429
c #Conflicts:     991000 | #Constraints:     118429
c #Conflicts:     992000 | #Constraints:     119429
c #Conflicts:     993000 | #Constraints:     120429
c #Conflicts:     994000 | #Constraints:     121429
c #Conflicts:     995000 | #Constraints:     122429
c #Conflicts:     996000 | #Constraints:     123429
c #Conflicts:     997000 | #Constraints:     124429
c #Conflicts:     998000 | #Constraints:     125429
c #Conflicts:     999000 | #Constraints:     126429
c #Conflicts:    1000000 | #Constraints:     127429
c #Conflicts:    1001000 | #Constraints:     128429
c #Conflicts:    1002000 | #Constraints:     129429
c INPROCESSING
c GARBAGE COLLECT
c #Conflicts:    1003000 | #Constraints:      69671
c #Conflicts:    1004000 | #Constraints:      70671
c #Conflicts:    1005000 | #Constraints:      71671
c #Conflicts:    1006000 | #Constraints:      72671
c #Conflicts:    1007000 | #Constraints:      73671
c #Conflicts:    1008000 | #Constraints:      74671
c #Conflicts:    1009000 | #Constraints:      75671
c #Conflicts:    1010000 | #Constraints:      76671
c #Conflicts:    1011000 | #Constraints:      77671
c #Conflicts:    1012000 | #Constraints:      78671
c #Conflicts:    1013000 | #Constraints:      79671
c #Conflicts:    1014000 | #Constraints:      80671
c #Conflicts:    1015000 | #Constraints:      81671
c #Conflicts:    1016000 | #Constraints:      82671
c #Conflicts:    1017000 | #Constraints:      83671
c #Conflicts:    1018000 | #Constraints:      84671
c #Conflicts:    1019000 | #Constraints:      85671
c #Conflicts:    1020000 | #Constraints:      86671
c #Conflicts:    1021000 | #Constraints:      87671
c #Conflicts:    1022000 | #Constraints:      88671
c #Conflicts:    1023000 | #Constraints:      89671
c #Conflicts:    1024000 | #Constraints:      90671
c #Conflicts:    1025000 | #Constraints:      91671
c #Conflicts:    1026000 | #Constraints:      92671
c #Conflicts:    1027000 | #Constraints:      93671
c #Conflicts:    1028000 | #Constraints:      94671
c #Conflicts:    1029000 | #Constraints:      95671
c INPROCESSING
c GARBAGE COLLECT
c #Conflicts:    1030000 | #Constraints:      67870
c #Conflicts:    1031000 | #Constraints:      68870
c #Conflicts:    1032000 | #Constraints:      69870
c bounds -1979 >= -3590 @ 6256.49
c #Conflicts:    1033000 | #Constraints:      70871
c #Conflicts:    1034000 | #Constraints:      71871
c #Conflicts:    1035000 | #Constraints:      72871
c #Conflicts:    1036000 | #Constraints:      73871
c #Conflicts:    1037000 | #Constraints:      74871
c #Conflicts:    1038000 | #Constraints:      75871
c bounds -1980 >= -3590 @ 6295.07
c #Conflicts:    1039000 | #Constraints:      76872
c #Conflicts:    1040000 | #Constraints:      77872
c #Conflicts:    1041000 | #Constraints:      78872
c #Conflicts:    1042000 | #Constraints:      79872
c #Conflicts:    1043000 | #Constraints:      80872
c #Conflicts:    1044000 | #Constraints:      81872
c #Conflicts:    1045000 | #Constraints:      82872
c #Conflicts:    1046000 | #Constraints:      83872
c #Conflicts:    1047000 | #Constraints:      84872
c #Conflicts:    1048000 | #Constraints:      85872
c #Conflicts:    1049000 | #Constraints:      86872
c #Conflicts:    1050000 | #Constraints:      87872
c #Conflicts:    1051000 | #Constraints:      88872
c #Conflicts:    1052000 | #Constraints:      89872
c #Conflicts:    1053000 | #Constraints:      90872
c #Conflicts:    1054000 | #Constraints:      91872
c #Conflicts:    1055000 | #Constraints:      92872
c #Conflicts:    1056000 | #Constraints:      93872
c #Conflicts:    1057000 | #Constraints:      94872
c #Conflicts:    1058000 | #Constraints:      95872
c #Conflicts:    1059000 | #Constraints:      96872
c #Conflicts:    1060000 | #Constraints:      97872
c #Conflicts:    1061000 | #Constraints:      98872
c #Conflicts:    1062000 | #Constraints:      99872
c #Conflicts:    1063000 | #Constraints:     100872
c #Conflicts:    1064000 | #Constraints:     101872
c #Conflicts:    1065000 | #Constraints:     102872
c #Conflicts:    1066000 | #Constraints:     103872
c #Conflicts:    1067000 | #Constraints:     104872
c #Conflicts:    1068000 | #Constraints:     105872
c #Conflicts:    1069000 | #Constraints:     106872
c #Conflicts:    1070000 | #Constraints:     107872
c #Conflicts:    1071000 | #Constraints:     108872
c #Conflicts:    1072000 | #Constraints:     109872
c #Conflicts:    1073000 | #Constraints:     110872
c #Conflicts:    1074000 | #Constraints:     111872
c #Conflicts:    1075000 | #Constraints:     112872
c #Conflicts:    1076000 | #Constraints:     113872
c #Conflicts:    1077000 | #Constraints:     114872
c #Conflicts:    1078000 | #Constraints:     115872
c #Conflicts:    1079000 | #Constraints:     116872
c #Conflicts:    1080000 | #Constraints:     117872
c #Conflicts:    1081000 | #Constraints:     118872
c #Conflicts:    1082000 | #Constraints:     119872
c #Conflicts:    1083000 | #Constraints:     120872
c #Conflicts:    1084000 | #Constraints:     121872
c #Conflicts:    1085000 | #Constraints:     122872
c #Conflicts:    1086000 | #Constraints:     123872
c #Conflicts:    1087000 | #Constraints:     124872
c #Conflicts:    1088000 | #Constraints:     125872
c #Conflicts:    1089000 | #Constraints:     126872
c #Conflicts:    1090000 | #Constraints:     127872
c #Conflicts:    1091000 | #Constraints:     128872
c #Conflicts:    1092000 | #Constraints:     129872
c #Conflicts:    1093000 | #Constraints:     130872
c #Conflicts:    1094000 | #Constraints:     131872
c #Conflicts:    1095000 | #Constraints:     132872
c #Conflicts:    1096000 | #Constraints:     133872
c #Conflicts:    1097000 | #Constraints:     134872
c #Conflicts:    1098000 | #Constraints:     135872
c #Conflicts:    1099000 | #Constraints:     136872
c INPROCESSING
c GARBAGE COLLECT
c bounds -1980 >= -3584 @ 8575.17
c bounds -1980 >= -3578 @ 8575.25
c bounds -1980 >= -3572 @ 8575.27
c bounds -1980 >= -3566 @ 8575.53
c #Conflicts:    1100000 | #Constraints:      73783
c #Conflicts:    1101000 | #Constraints:      74783
c #Conflicts:    1102000 | #Constraints:      75783
c bounds -1980 >= -3560 @ 8590.02
c #Conflicts:    1103000 | #Constraints:      76810
c #Conflicts:    1104000 | #Constraints:      77810
c #Conflicts:    1105000 | #Constraints:      78810
c #Conflicts:    1106000 | #Constraints:      79810
c #Conflicts:    1107000 | #Constraints:      80810
c #Conflicts:    1108000 | #Constraints:      81810
c #Conflicts:    1109000 | #Constraints:      82810
c #Conflicts:    1110000 | #Constraints:      83810
c #Conflicts:    1111000 | #Constraints:      84810
c #Conflicts:    1112000 | #Constraints:      85810
c #Conflicts:    1113000 | #Constraints:      86810
c bounds -1980 >= -3554 @ 8660.76
c #Conflicts:    1114000 | #Constraints:      87828
c #Conflicts:    1115000 | #Constraints:      88828
c bounds -1980 >= -3548 @ 8663.66
c #Conflicts:    1116000 | #Constraints:      89846
c #Conflicts:    1117000 | #Constraints:      90846
c #Conflicts:    1118000 | #Constraints:      91846
c #Conflicts:    1119000 | #Constraints:      92846
c #Conflicts:    1120000 | #Constraints:      93846
c #Conflicts:    1121000 | #Constraints:      94846
c #Conflicts:    1122000 | #Constraints:      95846
c #Conflicts:    1123000 | #Constraints:      96846
c #Conflicts:    1124000 | #Constraints:      97846
c #Conflicts:    1125000 | #Constraints:      98846
c #Conflicts:    1126000 | #Constraints:      99846
c #Conflicts:    1127000 | #Constraints:     100846
c INPROCESSING
c GARBAGE COLLECT
c #Conflicts:    1128000 | #Constraints:      70305
c #Conflicts:    1129000 | #Constraints:      71305
c #Conflicts:    1130000 | #Constraints:      72305
c #Conflicts:    1131000 | #Constraints:      73305
c #Conflicts:    1132000 | #Constraints:      74305
c #Conflicts:    1133000 | #Constraints:      75305
c #Conflicts:    1134000 | #Constraints:      76305
c #Conflicts:    1135000 | #Constraints:      77305
c #Conflicts:    1136000 | #Constraints:      78305
c #Conflicts:    1137000 | #Constraints:      79305
c #Conflicts:    1138000 | #Constraints:      80305
c #Conflicts:    1139000 | #Constraints:      81305
c #Conflicts:    1140000 | #Constraints:      82305
c #Conflicts:    1141000 | #Constraints:      83305
c #Conflicts:    1142000 | #Constraints:      84305
c #Conflicts:    1143000 | #Constraints:      85305
c #Conflicts:    1144000 | #Constraints:      86305
c #Conflicts:    1145000 | #Constraints:      87305
c #Conflicts:    1146000 | #Constraints:      88305
c #Conflicts:    1147000 | #Constraints:      89305
c #Conflicts:    1148000 | #Constraints:      90305
c #Conflicts:    1149000 | #Constraints:      91305
c #Conflicts:    1150000 | #Constraints:      92305
c #Conflicts:    1151000 | #Constraints:      93305
c #Conflicts:    1152000 | #Constraints:      94305
c #Conflicts:    1153000 | #Constraints:      95305
c #Conflicts:    1154000 | #Constraints:      96305
c #Conflicts:    1155000 | #Constraints:      97305
c #Conflicts:    1156000 | #Constraints:      98305
c #Conflicts:    1157000 | #Constraints:      99305
c #Conflicts:    1158000 | #Constraints:     100305
c #Conflicts:    1159000 | #Constraints:     101305
c #Conflicts:    1160000 | #Constraints:     102305
c #Conflicts:    1161000 | #Constraints:     103305
c #Conflicts:    1162000 | #Constraints:     104305
c #Conflicts:    1163000 | #Constraints:     105305
c #Conflicts:    1164000 | #Constraints:     106305
c #Conflicts:    1165000 | #Constraints:     107305
c #Conflicts:    1166000 | #Constraints:     108305
c #Conflicts:    1167000 | #Constraints:     109305
c #Conflicts:    1168000 | #Constraints:     110305
c bounds -1980 >= -3542 @ 9035.01
c #Conflicts:    1169000 | #Constraints:     111341
c #Conflicts:    1170000 | #Constraints:     112341
c #Conflicts:    1171000 | #Constraints:     113341
c #Conflicts:    1172000 | #Constraints:     114341
c #Conflicts:    1173000 | #Constraints:     115341
c #Conflicts:    1174000 | #Constraints:     116341
c #Conflicts:    1175000 | #Constraints:     117341
c #Conflicts:    1176000 | #Constraints:     118341
c #Conflicts:    1177000 | #Constraints:     119341
c #Conflicts:    1178000 | #Constraints:     120341
c #Conflicts:    1179000 | #Constraints:     121341
c #Conflicts:    1180000 | #Constraints:     122341
c #Conflicts:    1181000 | #Constraints:     123341
c #Conflicts:    1182000 | #Constraints:     124341
c #Conflicts:    1183000 | #Constraints:     125341
c #Conflicts:    1184000 | #Constraints:     126341
c #Conflicts:    1185000 | #Constraints:     127341
c #Conflicts:    1186000 | #Constraints:     128341
c #Conflicts:    1187000 | #Constraints:     129341
c #Conflicts:    1188000 | #Constraints:     130341
c #Conflicts:    1189000 | #Constraints:     131341
c #Conflicts:    1190000 | #Constraints:     132341
c #Conflicts:    1191000 | #Constraints:     133341
c #Conflicts:    1192000 | #Constraints:     134341
c #Conflicts:    1193000 | #Constraints:     135341
c #Conflicts:    1194000 | #Constraints:     136341
c #Conflicts:    1195000 | #Constraints:     137341
c #Conflicts:    1196000 | #Constraints:     138341
c #Conflicts:    1197000 | #Constraints:     139341
c #Conflicts:    1198000 | #