c RoundingSat 2
c branch 
c commit 
c #variables 8775 #constraints 18516
c bounds - >= -33750 @ 0.068712
c bounds 0 >= -33750 @ 0.074945
c bounds 0 >= -33686 @ 0.076154
c bounds 0 >= -33622 @ 0.076813
c bounds 0 >= -33558 @ 0.07735
c bounds 0 >= -33494 @ 0.077899
c bounds 0 >= -33430 @ 0.078437
c bounds 0 >= -33366 @ 0.079399
c bounds 0 >= -33302 @ 0.079915
c bounds 0 >= -33238 @ 0.08043
c bounds 0 >= -33174 @ 0.080942
c bounds 0 >= -33110 @ 0.081455
c bounds 0 >= -33046 @ 0.081967
c bounds 0 >= -32982 @ 0.082481
c bounds 0 >= -32918 @ 0.082994
c bounds 0 >= -32854 @ 0.083509
c bounds 0 >= -32790 @ 0.08402
c bounds 0 >= -32726 @ 0.084539
c bounds 0 >= -32662 @ 0.085054
c bounds 0 >= -32598 @ 0.085572
c bounds 0 >= -32534 @ 0.086088
c bounds 0 >= -32470 @ 0.086605
c bounds 0 >= -32406 @ 0.087119
c bounds 0 >= -32342 @ 0.08764
c bounds 0 >= -32278 @ 0.088154
c bounds 0 >= -32214 @ 0.088678
c bounds 0 >= -32150 @ 0.089193
c bounds 0 >= -32086 @ 0.089715
c bounds 0 >= -32022 @ 0.09023
c bounds 0 >= -31958 @ 0.090733
c bounds 0 >= -31894 @ 0.09125
c bounds 0 >= -31830 @ 0.091761
c bounds 0 >= -31766 @ 0.092274
c bounds 0 >= -31702 @ 0.092788
c bounds 0 >= -31638 @ 0.093302
c bounds 0 >= -31574 @ 0.093815
c bounds 0 >= -31510 @ 0.094326
c bounds 0 >= -31446 @ 0.094839
c bounds 0 >= -31382 @ 0.095361
c bounds 0 >= -31318 @ 0.095873
c bounds 0 >= -31254 @ 0.096394
c bounds 0 >= -31190 @ 0.096906
c bounds 0 >= -31126 @ 0.09743
c bounds 0 >= -31062 @ 0.097943
c bounds 0 >= -30998 @ 0.098466
c bounds 0 >= -30934 @ 0.098976
c bounds 0 >= -30870 @ 0.099498
c bounds 0 >= -30806 @ 0.100009
c bounds 0 >= -30742 @ 0.100529
c bounds 0 >= -30678 @ 0.101041
c bounds 0 >= -30614 @ 0.101563
c bounds 0 >= -30550 @ 0.102074
c bounds 0 >= -30486 @ 0.102596
c bounds 0 >= -30422 @ 0.103107
c bounds 0 >= -30358 @ 0.103629
c bounds 0 >= -30294 @ 0.104139
c bounds 0 >= -30230 @ 0.104658
c bounds 0 >= -30166 @ 0.105177
c bounds 0 >= -30102 @ 0.105689
c bounds 0 >= -30038 @ 0.106201
c bounds 0 >= -29974 @ 0.106714
c bounds 0 >= -29910 @ 0.107225
c bounds 0 >= -29846 @ 0.107739
c bounds 0 >= -29782 @ 0.108248
c bounds 0 >= -29718 @ 0.108764
c bounds 0 >= -29654 @ 0.109297
c bounds 0 >= -29590 @ 0.109834
c bounds 0 >= -29526 @ 0.110369
c bounds 0 >= -29462 @ 0.110904
c bounds 0 >= -29398 @ 0.111441
c bounds 0 >= -29334 @ 0.111985
c bounds 0 >= -29270 @ 0.112518
c bounds 0 >= -29206 @ 0.113052
c bounds 0 >= -29142 @ 0.113587
c bounds 0 >= -29078 @ 0.114119
c bounds 0 >= -29014 @ 0.114643
c bounds 0 >= -28950 @ 0.115176
c bounds 0 >= -28886 @ 0.115717
c bounds 0 >= -28822 @ 0.116253
c bounds 0 >= -28758 @ 0.116786
c bounds 0 >= -28694 @ 0.117323
c bounds 0 >= -28630 @ 0.117856
c bounds 0 >= -28566 @ 0.118388
c bounds 0 >= -28502 @ 0.118919
c bounds 0 >= -28438 @ 0.119454
c bounds 0 >= -28374 @ 0.119995
c bounds 0 >= -28310 @ 0.12053
c bounds 0 >= -28246 @ 0.121064
c bounds 0 >= -28182 @ 0.121602
c bounds 0 >= -28118 @ 0.122136
c bounds 0 >= -28054 @ 0.122673
c bounds 0 >= -27990 @ 0.123205
c bounds 0 >= -27926 @ 0.123748
c bounds 0 >= -27862 @ 0.12428
c bounds 0 >= -27798 @ 0.124809
c bounds 0 >= -27734 @ 0.125343
c bounds 0 >= -27670 @ 0.125873
c bounds 0 >= -27606 @ 0.126406
c bounds -2 >= -27606 @ 0.132559
c bounds -2 >= -27542 @ 0.133003
c bounds -2 >= -27478 @ 0.133528
c bounds -2 >= -27414 @ 0.134063
c bounds -2 >= -27350 @ 0.134584
c bounds -2 >= -27286 @ 0.135113
c bounds -2 >= -27222 @ 0.135644
c bounds -2 >= -27158 @ 0.135714
c bounds -2 >= -27094 @ 0.135792
c bounds -2 >= -27030 @ 0.136304
c bounds -2 >= -26966 @ 0.136833
c bounds -2 >= -26902 @ 0.137346
c bounds -2 >= -26838 @ 0.137876
c bounds -2 >= -26774 @ 0.138402
c bounds -2 >= -26710 @ 0.138932
c bounds -2 >= -26646 @ 0.139449
c bounds -2 >= -26582 @ 0.139979
c bounds -2 >= -26518 @ 0.140495
c bounds -2 >= -26454 @ 0.141025
c bounds -2 >= -26390 @ 0.141549
c bounds -2 >= -26326 @ 0.142084
c bounds -2 >= -26262 @ 0.142613
c bounds -2 >= -26198 @ 0.143142
c bounds -2 >= -26134 @ 0.143669
c bounds -2 >= -26070 @ 0.144201
c bounds -2 >= -26006 @ 0.144735
c bounds -2 >= -25942 @ 0.145265
c bounds -2 >= -25878 @ 0.145802
c bounds -2 >= -25814 @ 0.146329
c bounds -2 >= -25750 @ 0.146872
c bounds -2 >= -25686 @ 0.147408
c bounds -2 >= -25622 @ 0.147935
c bounds -2 >= -25558 @ 0.148477
c bounds -2 >= -25494 @ 0.149005
c bounds -2 >= -25430 @ 0.14953
c bounds -2 >= -25366 @ 0.150057
c bounds -2 >= -25302 @ 0.150585
c bounds -2 >= -25238 @ 0.150653
c bounds -2 >= -25174 @ 0.15072
c bounds -2 >= -25110 @ 0.151235
c bounds -2 >= -25046 @ 0.151758
c bounds -2 >= -24982 @ 0.152283
c bounds -2 >= -24918 @ 0.152809
c bounds -2 >= -24854 @ 0.153325
c bounds -2 >= -24790 @ 0.153853
c bounds -2 >= -24726 @ 0.154367
c bounds -2 >= -24662 @ 0.154894
c bounds -2 >= -24598 @ 0.155412
c bounds -2 >= -24534 @ 0.155941
c bounds -2 >= -24470 @ 0.156457
c bounds -2 >= -24406 @ 0.156982
c bounds -2 >= -24342 @ 0.157504
c bounds -2 >= -24278 @ 0.158031
c bounds -2 >= -24214 @ 0.158558
c bounds -2 >= -24150 @ 0.158625
c bounds -2 >= -24086 @ 0.158696
c bounds -2 >= -24022 @ 0.159218
c bounds -2 >= -23958 @ 0.159741
c bounds -2 >= -23894 @ 0.160257
c bounds -2 >= -23830 @ 0.160788
c bounds -2 >= -23766 @ 0.161303
c bounds -2 >= -23702 @ 0.161834
c bounds -2 >= -23638 @ 0.16235
c bounds -2 >= -23574 @ 0.162881
c bounds -2 >= -23510 @ 0.163399
c bounds -2 >= -23446 @ 0.163928
c bounds -2 >= -23382 @ 0.164451
c bounds -2 >= -23318 @ 0.164971
c bounds -2 >= -23254 @ 0.165503
c bounds -2 >= -23190 @ 0.166027
c bounds -2 >= -23126 @ 0.16656
c bounds -2 >= -23062 @ 0.167088
c bounds -2 >= -22998 @ 0.167616
c bounds -2 >= -22934 @ 0.168146
c bounds -2 >= -22870 @ 0.168672
c bounds -2 >= -22806 @ 0.169195
c bounds -2 >= -22742 @ 0.169725
c bounds -2 >= -22678 @ 0.170254
c bounds -2 >= -22614 @ 0.170782
c bounds -2 >= -22550 @ 0.171318
c bounds -2 >= -22486 @ 0.171845
c bounds -2 >= -22422 @ 0.172371
c bounds -2 >= -22358 @ 0.172896
c bounds -2 >= -22294 @ 0.173886
c bounds -2 >= -22230 @ 0.174394
c bounds -2 >= -22166 @ 0.174899
c bounds -2 >= -22102 @ 0.17493
c bounds -2 >= -22038 @ 0.17493
c bounds -2 >= -21974 @ 0.175443
c bounds -2 >= -21910 @ 0.175928
c bounds -18 >= -21910 @ 0.184981
c bounds -18 >= -21846 @ 0.185526
c bounds -18 >= -21782 @ 0.186039
c bounds -18 >= -21718 @ 0.18655
c bounds -18 >= -21654 @ 0.187062
c bounds -18 >= -21590 @ 0.187562
c bounds -18 >= -21526 @ 0.188071
c bounds -18 >= -21462 @ 0.188572
c bounds -18 >= -21398 @ 0.18908
c bounds -18 >= -21334 @ 0.189582
c bounds -18 >= -21270 @ 0.190093
c bounds -18 >= -21206 @ 0.190593
c bounds -18 >= -21142 @ 0.191104
c bounds -18 >= -21078 @ 0.19161
c bounds -18 >= -21014 @ 0.192125
c bounds -18 >= -20950 @ 0.192631
c bounds -18 >= -20886 @ 0.193149
c bounds -18 >= -20822 @ 0.193654
c bounds -18 >= -20758 @ 0.194168
c bounds -18 >= -20694 @ 0.194668
c bounds -18 >= -20630 @ 0.195188
c bounds -18 >= -20566 @ 0.195691
c bounds -18 >= -20502 @ 0.196203
c bounds -18 >= -20438 @ 0.196703
c bounds -18 >= -20374 @ 0.197214
c bounds -18 >= -20310 @ 0.197714
c bounds -18 >= -20246 @ 0.198224
c bounds -18 >= -20182 @ 0.198721
c bounds -18 >= -20118 @ 0.199233
c bounds -18 >= -20054 @ 0.199734
c bounds -18 >= -19990 @ 0.200245
c bounds -18 >= -19926 @ 0.200744
c bounds -18 >= -19862 @ 0.201251
c bounds -18 >= -19798 @ 0.201748
c bounds -18 >= -19734 @ 0.20225
c bounds -18 >= -19670 @ 0.20275
c bounds -18 >= -19606 @ 0.203253
c bounds -18 >= -19542 @ 0.203748
c bounds -18 >= -19478 @ 0.204249
c bounds -18 >= -19414 @ 0.204747
c bounds -18 >= -19350 @ 0.205245
c bounds -20 >= -19350 @ 0.214222
c bounds -36 >= -19350 @ 0.219445
c bounds -52 >= -19350 @ 0.226505
c bounds -52 >= -19310 @ 0.245367
c bounds -68 >= -19310 @ 0.25231
c bounds -84 >= -19310 @ 0.260379
c bounds -96 >= -19310 @ 0.271195
c bounds -112 >= -19310 @ 0.279496
c bounds -116 >= -19310 @ 0.312732
c bounds -116 >= -19270 @ 0.339469
c bounds -132 >= -19270 @ 0.428589
c bounds -132 >= -19230 @ 0.433278
c #Conflicts:       1000 | #Constraints:      20211
c bounds -148 >= -19230 @ 0.526446
c bounds -148 >= -19190 @ 0.555912
c bounds -148 >= -19150 @ 0.582069
c #Conflicts:       2000 | #Constraints:      21218
c INPROCESSING
c GARBAGE COLLECT
c bounds -148 >= -19110 @ 0.616808
c bounds -148 >= -19070 @ 0.638013
c #Conflicts:       3000 | #Constraints:      20990
c bounds -148 >= -19030 @ 0.704362
c bounds -164 >= -19030 @ 0.797815
c bounds -180 >= -19030 @ 0.804301
c bounds -196 >= -19030 @ 0.819566
c bounds -208 >= -19030 @ 1.06319
c bounds -208 >= -18990 @ 1.08327
c #Conflicts:       4000 | #Constraints:      22000
c bounds -208 >= -18950 @ 1.10808
c INPROCESSING
c GARBAGE COLLECT
c bounds -208 >= -18910 @ 1.14751
c bounds -208 >= -18870 @ 1.1798
c #Conflicts:       5000 | #Constraints:      21421
c bounds -208 >= -18830 @ 1.19232
c bounds -208 >= -18790 @ 1.19557
c bounds -208 >= -18750 @ 1.20002
c bounds -208 >= -18710 @ 1.2084
c bounds -208 >= -18670 @ 1.23091
c bounds -208 >= -18630 @ 1.24822
c #Conflicts:       6000 | #Constraints:      22454
c bounds -208 >= -18590 @ 1.27262
c INPROCESSING
c GARBAGE COLLECT
c bounds -208 >= -18550 @ 1.31474
c #Conflicts:       7000 | #Constraints:      21472
c bounds -208 >= -18510 @ 1.34861
c bounds -212 >= -18510 @ 1.36468
c bounds -224 >= -18510 @ 1.37652
c bounds -228 >= -18510 @ 1.38737
c bounds -244 >= -18510 @ 1.3957
c bounds -260 >= -18510 @ 1.40388
c bounds -260 >= -18470 @ 1.45026
c bounds -262 >= -18470 @ 1.47212
c bounds -274 >= -18470 @ 1.53295
c #Conflicts:       8000 | #Constraints:      22485
c bounds -274 >= -18430 @ 1.55051
c bounds -290 >= -18430 @ 1.55744
c bounds -290 >= -18390 @ 1.57668
c bounds -294 >= -18390 @ 1.58252
c bounds -310 >= -18390 @ 1.59465
c bounds -312 >= -18390 @ 1.65608
c #Conflicts:       9000 | #Constraints:      23495
c bounds -312 >= -18350 @ 1.69367
c INPROCESSING
c GARBAGE COLLECT
c bounds -312 >= -18310 @ 1.73954
c bounds -328 >= -18310 @ 1.74563
c bounds -340 >= -18310 @ 1.81145
c bounds -340 >= -18270 @ 1.83849
c #Conflicts:      10000 | #Constraints:      22211
c bounds -340 >= -18230 @ 1.85716
c bounds -340 >= -18190 @ 1.8863
c bounds -356 >= -18190 @ 1.89917
c bounds -360 >= -18190 @ 1.90626
c bounds -376 >= -18190 @ 1.91403
c bounds -392 >= -18190 @ 1.91939
c bounds -408 >= -18190 @ 2.03832
c #Conflicts:      11000 | #Constraints:      23222
c bounds -408 >= -18150 @ 2.08774
c bounds -408 >= -18110 @ 2.10983
c bounds -408 >= -18070 @ 2.13358
c bounds -424 >= -18070 @ 2.17378
c #Conflicts:      12000 | #Constraints:      24232
c INPROCESSING
c GARBAGE COLLECT
c bounds -424 >= -18030 @ 2.22641
c bounds -440 >= -18030 @ 2.38189
c #Conflicts:      13000 | #Constraints:      22675
c bounds -440 >= -17990 @ 2.42595
c bounds -440 >= -17950 @ 2.50441
c #Conflicts:      14000 | #Constraints:      23687
c bounds -444 >= -17950 @ 2.68975
c bounds -444 >= -17910 @ 2.72058
c #Conflicts:      15000 | #Constraints:      24691
c INPROCESSING
c GARBAGE COLLECT
c #Conflicts:      16000 | #Constraints:      22935
c #Conflicts:      17000 | #Constraints:      23935
c #Conflicts:      18000 | #Constraints:      24935
c INPROCESSING
c GARBAGE COLLECT
c bounds -452 >= -17910 @ 4.04321
c bounds -453 >= -17910 @ 4.0477
c bounds -454 >= -17910 @ 4.05169
c bounds -458 >= -17910 @ 4.56661
c bounds -466 >= -17910 @ 4.58004
c bounds -478 >= -17910 @ 4.64367
c bounds -480 >= -17910 @ 4.65299
c bounds -482 >= -17910 @ 4.65948
c bounds -484 >= -17910 @ 4.71225
c bounds -494 >= -17910 @ 4.79694
c bounds -498 >= -17910 @ 5.61797
c bounds -500 >= -17910 @ 5.71708
c bounds -502 >= -17910 @ 6.22589
c #Conflicts:      19000 | #Constraints:      22976
c bounds -502 >= -17870 @ 6.28553
c bounds -502 >= -17830 @ 6.31528
c bounds -502 >= -17790 @ 6.34585
c #Conflicts:      20000 | #Constraints:      23985
c bounds -502 >= -17750 @ 6.37209
c bounds -502 >= -17710 @ 6.41013
c #Conflicts:      21000 | #Constraints:      24991
c bounds -502 >= -17670 @ 6.44174
c bounds -502 >= -17630 @ 6.4838
c bounds -514 >= -17630 @ 6.69897
c INPROCESSING
c GARBAGE COLLECT
c #Conflicts:      22000 | #Constraints:      22789
c bounds -514 >= -17590 @ 6.79316
c bounds -514 >= -17550 @ 6.84942
c #Conflicts:      23000 | #Constraints:      23795
c bounds -514 >= -17510 @ 6.88205
c bounds -514 >= -17470 @ 6.92041
c #Conflicts:      24000 | #Constraints:      24801
c bounds -514 >= -17430 @ 6.96755
c bounds -514 >= -17390 @ 7.01347
c bounds -514 >= -17350 @ 7.04344
c #Conflicts:      25000 | #Constraints:      25810
c INPROCESSING
c GARBAGE COLLECT
c bounds -514 >= -17310 @ 7.10114
c bounds -514 >= -17270 @ 7.13135
c #Conflicts:      26000 | #Constraints:      23428
c bounds -514 >= -17230 @ 7.16486
c bounds -514 >= -17190 @ 7.22648
c #Conflicts:      27000 | #Constraints:      24434
c bounds -514 >= -17150 @ 7.26284
c bounds -514 >= -17110 @ 7.30415
c #Conflicts:      28000 | #Constraints:      25443
c bounds -514 >= -17070 @ 7.35639
c bounds -514 >= -17030 @ 7.38567
c bounds -530 >= -17030 @ 7.56069
c #Conflicts:      29000 | #Constraints:      26450
c INPROCESSING
c GARBAGE COLLECT
c bounds -530 >= -16990 @ 7.61865
c bounds -530 >= -16950 @ 7.65721
c bounds -530 >= -16910 @ 7.69247
c #Conflicts:      30000 | #Constraints:      23859
c bounds -530 >= -16870 @ 7.73439
c bounds -532 >= -16870 @ 7.97215
c #Conflicts:      31000 | #Constraints:      24863
c bounds -532 >= -16830 @ 8.07783
c bounds -532 >= -16790 @ 8.1719
c #Conflicts:      32000 | #Constraints:      25872
c bounds -532 >= -16750 @ 8.27184
c bounds -536 >= -16750 @ 9.42979
c #Conflicts:      33000 | #Constraints:      26876
c INPROCESSING
c GARBAGE COLLECT
c bounds -536 >= -16710 @ 9.53947
c #Conflicts:      34000 | #Constraints:      24130
c bounds -536 >= -16678 @ 9.67995
c bounds -536 >= -16646 @ 9.76697
c #Conflicts:      35000 | #Constraints:      25136
c bounds -536 >= -16614 @ 9.86554
c #Conflicts:      36000 | #Constraints:      26142
c bounds -536 >= -16574 @ 10.0459
c bounds -536 >= -16534 @ 10.0779
c #Conflicts:      37000 | #Constraints:      27148
c INPROCESSING
c GARBAGE COLLECT
c bounds -536 >= -16494 @ 10.1299
c bounds -536 >= -16454 @ 10.1731
c #Conflicts:      38000 | #Constraints:      24161
c bounds -536 >= -16414 @ 10.3002
c bounds -537 >= -16414 @ 10.3215
c bounds -537 >= -16394 @ 10.3271
c bounds -537 >= -16374 @ 10.3384
c bounds -537 >= -16354 @ 10.3477
c bounds -537 >= -16334 @ 10.3709
c #Conflicts:      39000 | #Constraints:      25201
c bounds -537 >= -16314 @ 10.4059
c bounds -537 >= -16294 @ 10.4321
c bounds -537 >= -16274 @ 10.5197
c #Conflicts:      40000 | #Constraints:      26258
c bounds -537 >= -16254 @ 10.6983
c bounds -537 >= -16234 @ 10.7394
c bounds -537 >= -16214 @ 10.7518
c bounds -537 >= -16194 @ 10.7823
c bounds -537 >= -16174 @ 10.7923
c #Conflicts:      41000 | #Constraints:      27303
c bounds -537 >= -16154 @ 10.8201
c bounds -537 >= -16134 @ 10.8256
c bounds -537 >= -16114 @ 10.8431
c bounds -537 >= -16094 @ 10.8479
c bounds -537 >= -16074 @ 10.8528
c bounds -537 >= -16054 @ 10.8655
c #Conflicts:      42000 | #Constraints:      28336
c bounds -537 >= -16034 @ 10.8995
c bounds -537 >= -16014 @ 10.9082
c bounds -537 >= -15994 @ 10.9349
c bounds -537 >= -15974 @ 10.9412
c bounds -537 >= -15954 @ 10.9551
c #Conflicts:      43000 | #Constraints:      29366
c bounds -537 >= -15934 @ 10.9582
c bounds -537 >= -15914 @ 10.9694
c bounds -537 >= -15894 @ 10.9736
c bounds -537 >= -15874 @ 10.9948
c bounds -537 >= -15854 @ 11.0047
c #Conflicts:      44000 | #Constraints:      30399
c bounds -537 >= -15834 @ 11.0416
c bounds -537 >= -15814 @ 11.0462
c bounds -537 >= -15794 @ 11.0616
c bounds -537 >= -15774 @ 11.0687
c bounds -537 >= -15754 @ 11.0978
c bounds -537 >= -15734 @ 11.1015
c #Conflicts:      45000 | #Constraints:      31435
c bounds -537 >= -15714 @ 11.1386
c bounds -537 >= -15694 @ 11.1459
c bounds -537 >= -15674 @ 11.171
c bounds -537 >= -15654 @ 11.1788
c bounds -537 >= -15634 @ 11.1852
c #Conflicts:      46000 | #Constraints:      32462
c bounds -537 >= -15614 @ 11.2031
c bounds -537 >= -15594 @ 11.2058
c bounds -537 >= -15574 @ 11.2316
c bounds -537 >= -15554 @ 11.2428
c bounds -537 >= -15534 @ 11.2612
c bounds -537 >= -15514 @ 11.2654
c #Conflicts:      47000 | #Constraints:      33498
c bounds -537 >= -15494 @ 11.2808
c bounds -537 >= -15474 @ 11.2965
c bounds -537 >= -15454 @ 11.3107
c bounds -537 >= -15434 @ 11.3289
c bounds -537 >= -15414 @ 11.3821
c bounds -537 >= -15394 @ 11.4194
c #Conflicts:      48000 | #Constraints:      34549
c bounds -537 >= -15374 @ 11.4525
c bounds -537 >= -15354 @ 11.5389
c bounds -537 >= -15334 @ 11.5625
c #Conflicts:      49000 | #Constraints:      35570
c bounds -537 >= -15314 @ 11.5826
c bounds -537 >= -15294 @ 11.5947
c bounds -537 >= -15274 @ 11.8857
c bounds -545 >= -15274 @ 11.9666
c bounds -546 >= -15274 @ 11.9804
c bounds -550 >= -15274 @ 11.989
c bounds -552 >= -15274 @ 12.0015
c bounds -560 >= -15274 @ 12.0116
c bounds -562 >= -15274 @ 12.0184
c bounds -563 >= -15274 @ 12.0268
c bounds -567 >= -15274 @ 12.0384
c bounds -571 >= -15274 @ 12.049
c bounds -572 >= -15274 @ 12.0608
c bounds -588 >= -15274 @ 12.0724
c bounds -604 >= -15274 @ 12.082
c #Conflicts:      50000 | #Constraints:      36624
c bounds -604 >= -15254 @ 12.3084
c bounds -608 >= -15254 @ 12.3213
c bounds -612 >= -15254 @ 12.3312
c bounds -616 >= -15254 @ 12.3439
c bounds -620 >= -15254 @ 12.3557
c bounds -636 >= -15254 @ 12.3673
c bounds -644 >= -15254 @ 12.3771
c bounds -645 >= -15254 @ 12.3864
c bounds -649 >= -15254 @ 12.3961
c bounds -657 >= -15254 @ 12.4064
c bounds -661 >= -15254 @ 12.4174
c bounds -665 >= -15254 @ 12.4284
c bounds -673 >= -15254 @ 12.4414
c bounds -681 >= -15254 @ 12.4507
c bounds -685 >= -15254 @ 12.4615
c bounds -689 >= -15254 @ 12.4713
c bounds -690 >= -15254 @ 12.4813
c bounds -694 >= -15254 @ 12.4909
c bounds -698 >= -15254 @ 12.5018
c bounds -714 >= -15254 @ 12.5125
c bounds -715 >= -15254 @ 12.5223
c bounds -716 >= -15254 @ 12.5316
c bounds -732 >= -15254 @ 12.5425
c bounds -736 >= -15254 @ 12.5552
c bounds -740 >= -15254 @ 12.5679
c bounds -744 >= -15254 @ 12.5788
c bounds -748 >= -15254 @ 12.5919
c bounds -756 >= -15254 @ 12.601
c bounds -772 >= -15254 @ 12.6141
c bounds -780 >= -15254 @ 12.6233
c bounds -784 >= -15254 @ 12.6342
c bounds -788 >= -15254 @ 12.643
c bounds -792 >= -15254 @ 12.6558
c bounds -808 >= -15254 @ 12.6673
c bounds -812 >= -15254 @ 12.6781
c bounds -828 >= -15254 @ 12.6888
c bounds -844 >= -15254 @ 12.7027
c bounds -845 >= -15254 @ 12.713
c bounds -849 >= -15254 @ 12.7268
c bounds -853 >= -15254 @ 12.7355
c bounds -857 >= -15254 @ 12.7492
c bounds -857 >= -15234 @ 12.8999
c bounds -859 >= -15234 @ 12.9116
c bounds -860 >= -15234 @ 12.9227
c bounds -862 >= -15234 @ 12.9362
c bounds -878 >= -15234 @ 12.9464
c bounds -882 >= -15234 @ 12.9572
c bounds -886 >= -15234 @ 12.9683
c bounds -887 >= -15234 @ 12.9777
c bounds -888 >= -15234 @ 12.9877
c bounds -892 >= -15234 @ 12.9966
c bounds -896 >= -15234 @ 13.0096
c bounds -900 >= -15234 @ 13.0174
c bounds -904 >= -15234 @ 13.0285
c bounds -920 >= -15234 @ 13.0404
c bounds -924 >= -15234 @ 13.0512
c bounds -928 >= -15234 @ 13.0641
c bounds -929 >= -15234 @ 13.0759
c bounds -945 >= -15234 @ 13.0847
c bounds -949 >= -15234 @ 13.0967
c bounds -953 >= -15234 @ 13.1096
c bounds -969 >= -15234 @ 13.1219
c bounds -973 >= -15234 @ 13.1329
c bounds -981 >= -15234 @ 13.1469
c bounds -997 >= -15234 @ 13.1617
c bounds -1001 >= -15234 @ 13.1748
c bounds -1002 >= -15234 @ 13.1883
c bounds -1006 >= -15234 @ 13.2032
c bounds -1006 >= -15214 @ 13.2579
c bounds -1010 >= -15214 @ 13.2703
c bounds -1011 >= -15214 @ 13.2812
c bounds -1015 >= -15214 @ 13.2909
c bounds -1031 >= -15214 @ 13.3017
c bounds -1047 >= -15214 @ 13.3112
c bounds -1055 >= -15214 @ 13.322
c bounds -1056 >= -15214 @ 13.3308
c bounds -1060 >= -15214 @ 13.3416
c bounds -1064 >= -15214 @ 13.3511
c #Conflicts:      51000 | #Constraints:      37750
c bounds -1064 >= -15194 @ 13.3702
c bounds -1068 >= -15194 @ 13.3798
c bounds -1072 >= -15194 @ 13.3933
c bounds -1088 >= -15194 @ 13.4032
c bounds -1088 >= -15174 @ 13.4132
c bounds -1104 >= -15174 @ 13.4281
c bounds -1104 >= -15154 @ 13.4392
c bounds -1108 >= -15154 @ 13.4488
c bounds -1108 >= -15134 @ 13.4593
c bounds -1109 >= -15134 @ 13.4704
c #Conflicts:      52000 | #Constraints:      38786
c bounds -1109 >= -15114 @ 13.5092
c bounds -1113 >= -15114 @ 13.5242
c bounds -1129 >= -15114 @ 13.5383
c bounds -1145 >= -15114 @ 13.5536
c bounds -1146 >= -15114 @ 13.561
c bounds -1150 >= -15114 @ 13.5721
c bounds -1154 >= -15114 @ 13.5838
c bounds -1154 >= -15094 @ 13.7182
c bounds -1155 >= -15094 @ 13.7325
c bounds -1163 >= -15094 @ 13.7449
c bounds -1179 >= -15094 @ 13.7554
c bounds -1195 >= -15094 @ 13.7675
c bounds -1211 >= -15094 @ 13.7818
c bounds -1215 >= -15094 @ 13.7929
c bounds -1219 >= -15094 @ 13.8074
c bounds -1223 >= -15094 @ 13.8174
c bounds -1224 >= -15094 @ 13.8275
c bounds -1232 >= -15094 @ 13.839
c bounds -1248 >= -15094 @ 13.8515
c bounds -1264 >= -15094 @ 13.8636
c bounds -1265 >= -15094 @ 13.8789
c bounds -1266 >= -15094 @ 13.8884
c bounds -1282 >= -15094 @ 13.9018
c bounds -1286 >= -15094 @ 13.913
c bounds -1302 >= -15094 @ 13.9255
c bounds -1306 >= -15094 @ 13.9386
c bounds -1310 >= -15094 @ 13.9508
c bounds -1314 >= -15094 @ 13.9598
c bounds -1315 >= -15094 @ 13.9714
c bounds -1316 >= -15094 @ 13.9824
c bounds -1316 >= -15074 @ 14.1646
c bounds -1332 >= -15074 @ 14.1783
c bounds -1336 >= -15074 @ 14.1886
c bounds -1344 >= -15074 @ 14.2031
c bounds -1345 >= -15074 @ 14.2148
c bounds -1349 >= -15074 @ 14.2263
c bounds -1353 >= -15074 @ 14.2374
c bounds -1357 >= -15074 @ 14.2519
c bounds -1373 >= -15074 @ 14.2631
c bounds -1377 >= -15074 @ 14.2756
c bounds -1381 >= -15074 @ 14.2856
c bounds -1389 >= -15074 @ 14.297
c bounds -1393 >= -15074 @ 14.3079
c bounds -1394 >= -15074 @ 14.319
c bounds -1410 >= -15074 @ 14.33
c bounds -1426 >= -15074 @ 14.3435
c bounds -1427 >= -15074 @ 14.3559
c bounds -1431 >= -15074 @ 14.3662
c bounds -1435 >= -15074 @ 14.3775
c bounds -1439 >= -15074 @ 14.3895
c bounds -1443 >= -15074 @ 14.4015
c bounds -1459 >= -15074 @ 14.4148
c bounds -1475 >= -15074 @ 14.4269
c bounds -1479 >= -15074 @ 14.4369
c bounds -1483 >= -15074 @ 14.4477
c bounds -1484 >= -15074 @ 14.4568
c bounds -1500 >= -15074 @ 14.469
c bounds -1516 >= -15074 @ 14.4814
c bounds -1520 >= -15074 @ 14.4933
c #Conflicts:      53000 | #Constraints:      39890
c bounds -1520 >= -15054 @ 14.7545
c bounds -1524 >= -15054 @ 14.772
c bounds -1528 >= -15054 @ 14.786
c bounds -1529 >= -15054 @ 14.798
c bounds -1545 >= -15054 @ 14.8092
c bounds -1549 >= -15054 @ 14.8204
c bounds -1550 >= -15054 @ 14.8337
c bounds -1554 >= -15054 @ 14.8458
c bounds -1555 >= -15054 @ 14.8601
c bounds -1556 >= -15054 @ 14.8719
c bounds -1560 >= -15054 @ 14.8841
c bounds -1576 >= -15054 @ 14.8946
c bounds -1584 >= -15054 @ 14.9043
c bounds -1586 >= -15054 @ 14.9174
c bounds -1590 >= -15054 @ 14.9288
c bounds -1592 >= -15054 @ 14.9399
c bounds -1596 >= -15054 @ 14.9541
c bounds -1612 >= -15054 @ 14.9695
c bounds -1620 >= -15054 @ 14.9831
c bounds -1624 >= -15054 @ 14.9942
c bounds -1625 >= -15054 @ 15.006
c bounds -1626 >= -15054 @ 15.015
c bounds -1630 >= -15054 @ 15.0271
c bounds -1646 >= -15054 @ 15.0413
c bounds -1662 >= -15054 @ 15.0556
c bounds -1666 >= -15054 @ 15.0688
c bounds -1670 >= -15054 @ 15.0792
c bounds -1678 >= -15054 @ 15.0894
c bounds -1682 >= -15054 @ 15.0996
c bounds -1686 >= -15054 @ 15.1116
c bounds -1688 >= -15054 @ 15.1235
c bounds -1692 >= -15054 @ 15.1367
c bounds -1694 >= -15054 @ 15.1495
c bounds -1696 >= -15054 @ 15.1616
c bounds -1712 >= -15054 @ 15.1737
c bounds -1714 >= -15054 @ 15.1867
c bounds -1715 >= -15054 @ 15.1985
c INPROCESSING
c GARBAGE COLLECT
c bounds -1716 >= -15054 @ 15.3017
c bounds -1720 >= -15054 @ 15.3137
c bounds -1728 >= -15054 @ 15.3228
c bounds -1732 >= -15054 @ 15.3328
c bounds -1736 >= -15054 @ 15.3425
c bounds -1738 >= -15054 @ 15.3542
c bounds -1754 >= -15054 @ 15.3655
c bounds -1756 >= -15054 @ 15.3743
c bounds -1764 >= -15054 @ 15.3812
c bounds -1780 >= -15054 @ 15.3901
c bounds -1784 >= -15054 @ 15.4
c bounds -1785 >= -15054 @ 15.4094
c bounds -1789 >= -15054 @ 15.4183
c bounds -1793 >= -15054 @ 15.427
c bounds -1809 >= -15054 @ 15.4382
c bounds -1813 >= -15054 @ 15.4462
c bounds -1821 >= -15054 @ 15.4572
c bounds -1825 >= -15054 @ 15.4679
c bounds -1825 >= -15022 @ 15.4696
c bounds -1825 >= -15006 @ 15.4706
c bounds -1825 >= -14990 @ 15.4711
c bounds -1825 >= -14958 @ 15.4717
c bounds -1825 >= -14942 @ 15.4737
c bounds -1825 >= -14910 @ 15.4741
c bounds -1825 >= -14894 @ 15.4741
c bounds -1825 >= -14862 @ 15.4751
c bounds -1825 >= -14846 @ 15.4768
c bounds -1825 >= -14814 @ 15.4778
c bounds -1825 >= -14798 @ 15.4788
c bounds -1825 >= -14782 @ 15.482
c bounds -1825 >= -14766 @ 15.4839
c bounds -1825 >= -14750 @ 15.4861
c bounds -1825 >= -14734 @ 15.4883
c bounds -1825 >= -14718 @ 15.4896
c bounds -1829 >= -14718 @ 15.5013
c bounds -1829 >= -14702 @ 15.5037
c bounds -1829 >= -14670 @ 15.5049
c bounds -1829 >= -14654 @ 15.5072
c bounds -1829 >= -14638 @ 15.5084
c bounds -1829 >= -14622 @ 15.51
c bounds -1829 >= -14606 @ 15.511
c bounds -1829 >= -14590 @ 15.5122
c bounds -1829 >= -14574 @ 15.5143
c bounds -1829 >= -14558 @ 15.5155
c bounds -1829 >= -14542 @ 15.5159
c bounds -1829 >= -14526 @ 15.5159
c bounds -1829 >= -14510 @ 15.5172
c bounds -1829 >= -14478 @ 15.5184
c bounds -1829 >= -14462 @ 15.5189
c bounds -1829 >= -14430 @ 15.5208
c bounds -1829 >= -14398 @ 15.5231
c bounds -1829 >= -14382 @ 15.5243
c bounds -1829 >= -14366 @ 15.5255
c bounds -1829 >= -14350 @ 15.5267
c bounds -1829 >= -14334 @ 15.5283
c bounds -1829 >= -14318 @ 15.5304
c bounds -1829 >= -14302 @ 15.5309
c bounds -1829 >= -14286 @ 15.5319
c bounds -1829 >= -14270 @ 15.5331
c bounds -1829 >= -14254 @ 15.5352
c bounds -1829 >= -14238 @ 15.5364
c bounds -1829 >= -14206 @ 15.5377
c bounds -1829 >= -14190 @ 15.5389
c bounds -1829 >= -14174 @ 15.5411
c bounds -1829 >= -14158 @ 15.5433
c bounds -1845 >= -14158 @ 15.555
c bounds -1845 >= -14142 @ 15.5565
c bounds -1845 >= -14110 @ 15.5568
c bounds -1845 >= -14094 @ 15.558
c bounds -1845 >= -14078 @ 15.5601
c bounds -1845 >= -14062 @ 15.5613
c bounds -1845 >= -14046 @ 15.5627
c bounds -1845 >= -14030 @ 15.5637
c bounds -1845 >= -14014 @ 15.5659
c bounds -1845 >= -13998 @ 15.5681
c bounds -1845 >= -13982 @ 15.5703
c bounds -1845 >= -13966 @ 15.5707
c bounds -1845 >= -13950 @ 15.5717
c bounds -1845 >= -13934 @ 15.573
c bounds -1845 >= -13902 @ 15.5751
c bounds -1845 >= -13886 @ 15.5757
c bounds -1845 >= -13870 @ 15.5766
c bounds -1845 >= -13854 @ 15.5779
c bounds -1845 >= -13838 @ 15.58
c bounds -1845 >= -13806 @ 15.5813
c bounds -1845 >= -13790 @ 15.5817
c bounds -1845 >= -13758 @ 15.5827
c bounds -1845 >= -13726 @ 15.5849
c bounds -1845 >= -13710 @ 15.5861
c bounds -1845 >= -13694 @ 15.5866
c bounds -1845 >= -13678 @ 15.5885
c bounds -1845 >= -13662 @ 15.5898
c bounds -1845 >= -13646 @ 15.591
c bounds -1845 >= -13614 @ 15.5932
c bounds -1845 >= -13598 @ 15.5954
c bounds -1845 >= -13582 @ 15.5966
c bounds -1849 >= -13582 @ 15.6063
c bounds -1849 >= -13566 @ 15.6079
c bounds -1849 >= -13534 @ 15.6092
c bounds -1849 >= -13518 @ 15.6095
c bounds -1849 >= -13502 @ 15.6116
c bounds -1849 >= -13486 @ 15.6138
c bounds -1849 >= -13470 @ 15.616
c bounds -1849 >= -13454 @ 15.6175
c bounds -1849 >= -13422 @ 15.6185
c bounds -1849 >= -13406 @ 15.6199
c bounds -1849 >= -13390 @ 15.622
c bounds -1849 >= -13374 @ 15.6235
c bounds -1849 >= -13342 @ 15.6235
c bounds -1849 >= -13326 @ 15.6256
c bounds -1849 >= -13310 @ 15.6269
c bounds -1849 >= -13294 @ 15.628
c bounds -1849 >= -13262 @ 15.6285
c bounds -1849 >= -13246 @ 15.6304
c bounds -1849 >= -13214 @ 15.6326
c bounds -1849 >= -13198 @ 15.6339
c bounds -1849 >= -13182 @ 15.6344
c bounds -1849 >= -13166 @ 15.6354
c bounds -1849 >= -13150 @ 15.6375
c bounds -1849 >= -13134 @ 15.6388
c bounds -1849 >= -13118 @ 15.64
c bounds -1849 >= -13086 @ 15.6412
c bounds -1849 >= -13070 @ 15.6423
c bounds -1857 >= -13070 @ 15.6543
c bounds -1857 >= -13054 @ 15.6558
c bounds -1857 >= -13022 @ 15.658
c bounds -1857 >= -13006 @ 15.6583
c bounds -1857 >= -12974 @ 15.6596
c bounds -1857 >= -12958 @ 15.6608
c bounds -1857 >= -12942 @ 15.6621
c bounds -1857 >= -12926 @ 15.6634
c bounds -1857 >= -12910 @ 15.6651
c bounds -1857 >= -12894 @ 15.6653
c bounds -1857 >= -12878 @ 15.6667
c bounds -1857 >= -12862 @ 15.6683
c bounds -1857 >= -12846 @ 15.6693
c bounds -1857 >= -12830 @ 15.6715
c bounds -1857 >= -12814 @ 15.6728
c bounds -1857 >= -12798 @ 15.6753
c bounds -1857 >= -12782 @ 15.6768
c bounds -1857 >= -12766 @ 15.6783
c bounds -1857 >= -12750 @ 15.6808
c bounds -1857 >= -12734 @ 15.6824
c bounds -1857 >= -12718 @ 15.6839
c bounds -1857 >= -12702 @ 15.6866
c bounds -1857 >= -12686 @ 15.6873
c bounds -1857 >= -12670 @ 15.6882
c bounds -1857 >= -12654 @ 15.6896
c bounds -1857 >= -12638 @ 15.6924
c bounds -1861 >= -12638 @ 15.7033
c bounds -1861 >= -12622 @ 15.7054
c bounds -1861 >= -12606 @ 15.7082
c bounds -1861 >= -12590 @ 15.7091
c bounds -1861 >= -12574 @ 15.7118
c bounds -1861 >= -12558 @ 15.7138
c bounds -1861 >= -12542 @ 15.7157
c bounds -1861 >= -12526 @ 15.7167
c bounds -1861 >= -12510 @ 15.7187
c bounds -1861 >= -12494 @ 15.7211
c bounds -1861 >= -12478 @ 15.7217
c bounds -1861 >= -12462 @ 15.7246
c bounds -1861 >= -12446 @ 15.7266
c bounds -1861 >= -12430 @ 15.7296
c bounds -1861 >= -12414 @ 15.7307
c bounds -1861 >= -12398 @ 15.731
c bounds -1861 >= -12382 @ 15.7319
c bounds -1861 >= -12366 @ 15.7341
c bounds -1861 >= -12350 @ 15.7372
c bounds -1861 >= -12334 @ 15.7395
c bounds -1861 >= -12318 @ 15.7426
c bounds -1865 >= -12318 @ 15.754
c bounds -1865 >= -12302 @ 15.7576
c bounds -1865 >= -12286 @ 15.7599
c bounds -1865 >= -12270 @ 15.7631
c bounds -1865 >= -12254 @ 15.7654
c bounds -1865 >= -12238 @ 15.7659
c bounds -1865 >= -12222 @ 15.7691
c bounds -1865 >= -12206 @ 15.7705
c bounds -1865 >= -12190 @ 15.7728
c bounds -1865 >= -12174 @ 15.7742
c bounds -1865 >= -12158 @ 15.7764
c bounds -1865 >= -12142 @ 15.7789
c bounds -1865 >= -12126 @ 15.7809
c bounds -1865 >= -12110 @ 15.7851
c bounds -1867 >= -12110 @ 15.7938
c bounds -1867 >= -12094 @ 15.7964
c bounds -1867 >= -12078 @ 15.7996
c bounds -1867 >= -12062 @ 15.8056
c bounds -1867 >= -12046 @ 15.8106
c bounds -1883 >= -12046 @ 15.8236
c bounds -1883 >= -12030 @ 15.8289
c bounds -1885 >= -12030 @ 15.8397
c bounds -1885 >= -12014 @ 15.8441
c bounds -1885 >= -11998 @ 15.8478
c bounds -1885 >= -11982 @ 15.8514
c bounds -1885 >= -11966 @ 15.8543
c bounds -1886 >= -11966 @ 15.8657
c bounds -1886 >= -11950 @ 15.8718
c bounds -1886 >= -11934 @ 15.8771
c bounds -1890 >= -11934 @ 15.8893
c bounds -1890 >= -11918 @ 15.8997
c bounds -1906 >= -11918 @ 15.9099
c bounds -1908 >= -11918 @ 15.9181
c bounds -1908 >= -11902 @ 15.922
c bounds -1908 >= -11886 @ 15.9298
c bounds -1912 >= -11886 @ 15.9437
c bounds -1912 >= -11870 @ 15.9579
c bounds -1914 >= -11870 @ 15.9673
c bounds -1915 >= -11870 @ 15.977
c bounds -1919 >= -11870 @ 15.9855
c bounds -1919 >= -11854 @ 16.0114
c bounds -1923 >= -11854 @ 16.0241
c bounds -1931 >= -11854 @ 16.0327
c bounds -1939 >= -11854 @ 16.0444
c bounds -1940 >= -11854 @ 16.0534
c bounds -1941 >= -11854 @ 16.0618
c bounds -1941 >= -11838 @ 16.0988
c bounds -1945 >= -11838 @ 16.1097
c bounds -1949 >= -11838 @ 16.1179
c bounds -1957 >= -11838 @ 16.1243
c bounds -1961 >= -11838 @ 16.1334
c bounds -1965 >= -11838 @ 16.1441
c bounds -1965 >= -11822 @ 16.1796
c bounds -1973 >= -11822 @ 16.1879
c bounds -1977 >= -11822 @ 16.1939
c bounds -1993 >= -11822 @ 16.205
c bounds -2001 >= -11822 @ 16.2156
c bounds -2002 >= -11822 @ 16.2242
c bounds -2018 >= -11822 @ 16.234
c bounds -2022 >= -11822 @ 16.2435
c bounds -2022 >= -11806 @ 16.2877
c bounds -2026 >= -11806 @ 16.2983
c bounds -2034 >= -11806 @ 16.3064
c bounds -2035 >= -11806 @ 16.3167
c bounds -2051 >= -11806 @ 16.3282
c bounds -2067 >= -11806 @ 16.3391
c bounds -2071 >= -11806 @ 16.3496
c bounds -2075 >= -11806 @ 16.3609
c bounds -2091 >= -11806 @ 16.3733
c #Conflicts:      54000 | #Constraints:      31581
c bounds -2091 >= -11790 @ 16.5045
c bounds -2092 >= -11790 @ 16.5154
c bounds -2094 >= -11790 @ 16.5237
c bounds -2098 >= -11790 @ 16.5339
c bounds -2100 >= -11790 @ 16.5441
c bounds -2104 >= -11790 @ 16.5544
c bounds -2108 >= -11790 @ 16.5639
c bounds -2109 >= -11790 @ 16.5718
c bounds -2117 >= -11790 @ 16.5807
c bounds -2118 >= -11790 @ 16.588
c bounds -2120 >= -11790 @ 16.5949
c bounds -2124 >= -11790 @ 16.604
c bounds -2126 >= -11790 @ 16.614
c bounds -2134 >= -11790 @ 16.6239
c bounds -2138 >= -11790 @ 16.6323
c bounds -2142 >= -11790 @ 16.6415
c bounds -2143 >= -11790 @ 16.6512
c bounds -2147 >= -11790 @ 16.6612
c bounds -2151 >= -11790 @ 16.6727
c bounds -2152 >= -11790 @ 16.684
c bounds -2153 >= -11790 @ 16.6937
c bounds -2157 >= -11790 @ 16.7047
c bounds -2161 >= -11790 @ 16.7153
c bounds -2165 >= -11790 @ 16.7244
c bounds -2165 >= -11774 @ 16.9732
c bounds -2181 >= -11774 @ 16.9837
c bounds -2197 >= -11774 @ 16.9959
c bounds -2213 >= -11774 @ 17.0074
c bounds -2217 >= -11774 @ 17.0159
c bounds -2218 >= -11774 @ 17.0258
c bounds -2219 >= -11774 @ 17.0353
c bounds -2221 >= -11774 @ 17.0434
c bounds -2225 >= -11774 @ 17.0506
c bounds -2227 >= -11774 @ 17.0608
c bounds -2235 >= -11774 @ 17.07
c bounds -2239 >= -11774 @ 17.0786
c bounds -2243 >= -11774 @ 17.0877
c bounds -2259 >= -11774 @ 17.0971
c bounds -2260 >= -11774 @ 17.1076
c bounds -2268 >= -11774 @ 17.116
c bounds -2272 >= -11774 @ 17.1263
c bounds -2274 >= -11774 @ 17.1374
c bounds -2276 >= -11774 @ 17.1479
c bounds -2280 >= -11774 @ 17.1576
c bounds -2288 >= -11774 @ 17.1695
c bounds -2292 >= -11774 @ 17.1801
c bounds -2293 >= -11774 @ 17.1866
c bounds -2301 >= -11774 @ 17.1966
c bounds -2305 >= -11774 @ 17.2048
c bounds -2307 >= -11774 @ 17.2139
c bounds -2311 >= -11774 @ 17.2232
c bounds -2313 >= -11774 @ 17.2322
c bounds -2314 >= -11774 @ 17.2415
c bounds -2322 >= -11774 @ 17.2512
c bounds -2326 >= -11774 @ 17.2604
c bounds -2342 >= -11774 @ 17.2718
c bounds -2343 >= -11774 @ 17.2793
c bounds -2347 >= -11774 @ 17.288
c bounds -2351 >= -11774 @ 17.2961
c bounds -2355 >= -11774 @ 17.3067
c bounds -2359 >= -11774 @ 17.3159
c bounds -2367 >= -11774 @ 17.3264
c bounds -2383 >= -11774 @ 17.3357
c bounds -2399 >= -11774 @ 17.3473
c bounds -2400 >= -11774 @ 17.3538
c bounds -2404 >= -11774 @ 17.3634
c bounds -2412 >= -11774 @ 17.3743
c bounds -2420 >= -11774 @ 17.3876
c bounds -2424 >= -11774 @ 17.3969
c bounds -2425 >= -11774 @ 17.4059
c bounds -2433 >= -11774 @ 17.4148
c bounds -2433 >= -11758 @ 17.6529
c bounds -2437 >= -11758 @ 17.6644
c bounds -2445 >= -11758 @ 17.6746
c bounds -2449 >= -11758 @ 17.6833
c bounds -2453 >= -11758 @ 17.6945
c bounds -2457 >= -11758 @ 17.7052
c bounds -2461 >= -11758 @ 17.7164
c bounds -2465 >= -11758 @ 17.7271
c bounds -2466 >= -11758 @ 17.7386
c bounds -2470 >= -11758 @ 17.7456
c bounds -2474 >= -11758 @ 17.7549
c bounds -2475 >= -11758 @ 17.7655
c bounds -2476 >= -11758 @ 17.7751
c bounds -2480 >= -11758 @ 17.7848
c bounds -2496 >= -11758 @ 17.7958
c bounds -2500 >= -11758 @ 17.8054
c bounds -2504 >= -11758 @ 17.8123
c bounds -2506 >= -11758 @ 17.8222
c bounds -2508 >= -11758 @ 17.8329
c bounds -2516 >= -11758 @ 17.8414
c bounds -2520 >= -11758 @ 17.8499
c bounds -2528 >= -11758 @ 17.8594
c bounds -2529 >= -11758 @ 17.8696
c bounds -2533 >= -11758 @ 17.8783
c bounds -2537 >= -11758 @ 17.8874
c bounds -2541 >= -11758 @ 17.8971
c bounds -2542 >= -11758 @ 17.9073
c bounds -2558 >= -11758 @ 17.9178
c bounds -2566 >= -11758 @ 17.9264
c bounds -2570 >= -11758 @ 17.9358
c bounds -2578 >= -11758 @ 17.9467
c bounds -2582 >= -11758 @ 17.9561
c bounds -2586 >= -11758 @ 17.9661
c bounds -2594 >= -11758 @ 17.9762
c bounds -2598 >= -11758 @ 17.985
c bounds -2599 >= -11758 @ 17.9953
c bounds -2603 >= -11758 @ 18.0033
c bounds -2607 >= -11758 @ 18.0154
c bounds -2608 >= -11758 @ 18.0244
c bounds -2612 >= -11758 @ 18.0317
c bounds -2628 >= -11758 @ 18.0448
c bounds -2632 >= -11758 @ 18.0551
c bounds -2636 >= -11758 @ 18.064
c bounds -2644 >= -11758 @ 18.075
c bounds -2648 >= -11758 @ 18.0849
c #Conflicts:      55000 | #Constraints:      32775
c bounds -2648 >= -11742 @ 18.1374
c bounds -2656 >= -11742 @ 18.1496
c bounds -2657 >= -11742 @ 18.1587
c bounds -2673 >= -11742 @ 18.1696
c bounds -2677 >= -11742 @ 18.1787
c bounds -2678 >= -11742 @ 18.1884
c bounds -2694 >= -11742 @ 18.1998
c bounds -2698 >= -11742 @ 18.2091
c bounds -2702 >= -11742 @ 18.2193
c bounds -2710 >= -11742 @ 18.2306
c bounds -2714 >= -11742 @ 18.2396
c bounds -2714 >= -11726 @ 18.6595
c bounds -2730 >= -11726 @ 18.674
c bounds -2734 >= -11726 @ 18.6814
c bounds -2735 >= -11726 @ 18.6884
c bounds -2737 >= -11726 @ 18.6986
c bounds -2739 >= -11726 @ 18.7094
c bounds -2741 >= -11726 @ 18.7197
c bounds -2743 >= -11726 @ 18.7285
c bounds -2759 >= -11726 @ 18.7399
c bounds -2763 >= -11726 @ 18.7478
c bounds -2767 >= -11726 @ 18.758
c bounds -2771 >= -11726 @ 18.7696
c bounds -2787 >= -11726 @ 18.7812
c bounds -2791 >= -11726 @ 18.7908
c bounds -2799 >= -11726 @ 18.8017
c bounds -2803 >= -11726 @ 18.8121
c bounds -2807 >= -11726 @ 18.8211
c bounds -2823 >= -11726 @ 18.8339
c bounds -2824 >= -11726 @ 18.8419
c bounds -2832 >= -11726 @ 18.8502
c bounds -2836 >= -11726 @ 18.8592
c bounds -2838 >= -11726 @ 18.869
c bounds -2840 >= -11726 @ 18.8781
c bounds -2844 >= -11726 @ 18.8886
c bounds -2848 >= -11726 @ 18.8986
c bounds -2849 >= -11726 @ 18.9072
c bounds -2850 >= -11726 @ 18.9175
c bounds -2858 >= -11726 @ 18.9301
c bounds -2862 >= -11726 @ 18.9423
c bounds -2870 >= -11726 @ 18.9518
c bounds -2874 >= -11726 @ 18.9625
c bounds -2876 >= -11726 @ 18.9743
c bounds -2878 >= -11726 @ 18.9847
c bounds -2879 >= -11726 @ 18.9941
c bounds -2895 >= -11726 @ 19.0046
c bounds -2899 >= -11726 @ 19.0151
c bounds -2907 >= -11726 @ 19.0271
c bounds -2923 >= -11726 @ 19.0408
c bounds -2931 >= -11726 @ 19.0518
c bounds -2935 >= -11726 @ 19.0592
c bounds -2939 >= -11726 @ 19.0711
c bounds -2943 >= -11726 @ 19.0805
c bounds -2951 >= -11726 @ 19.0897
c bounds -2955 >= -11726 @ 19.0993
c bounds -2963 >= -11726 @ 19.1082
c bounds -2967 >= -11726 @ 19.1203
c bounds -2983 >= -11726 @ 19.1326
c bounds -2999 >= -11726 @ 19.1442
c bounds -3000 >= -11726 @ 19.1531
c bounds -3004 >= -11726 @ 19.1625
c bounds -3008 >= -11726 @ 19.1712
c bounds -3010 >= -11726 @ 19.181
c bounds -3012 >= -11726 @ 19.1893
c bounds -3013 >= -11726 @ 19.1977
c bounds -3017 >= -11726 @ 19.2063
c bounds -3019 >= -11726 @ 19.2149
c bounds -3035 >= -11726 @ 19.2242
c bounds -3037 >= -11726 @ 19.2338
c bounds -3041 >= -11726 @ 19.2436
c bounds -3045 >= -11726 @ 19.253
c bounds -3046 >= -11726 @ 19.2616
c bounds -3062 >= -11726 @ 19.2729
c bounds -3066 >= -11726 @ 19.2829
c bounds -3070 >= -11726 @ 19.2933
c bounds -3071 >= -11726 @ 19.3023
c bounds -3075 >= -11726 @ 19.3124
c bounds -3076 >= -11726 @ 19.3213
c bounds -3080 >= -11726 @ 19.3297
c bounds -3084 >= -11726 @ 19.3396
c bounds -3085 >= -11726 @ 19.3475
c bounds -3089 >= -11726 @ 19.3569
c bounds -3093 >= -11726 @ 19.3654
c bounds -3097 >= -11726 @ 19.3773
c bounds -3105 >= -11726 @ 19.3885
c bounds -3121 >= -11726 @ 19.4018
c bounds -3137 >= -11726 @ 19.4155
c bounds -3138 >= -11726 @ 19.4232
c bounds -3146 >= -11726 @ 19.4355
c bounds -3154 >= -11726 @ 19.4474
c bounds -3158 >= -11726 @ 19.4567
c #Conflicts:      56000 | #Constraints:      33897
c bounds -3158 >= -11710 @ 19.9103
c bounds -3162 >= -11710 @ 19.9241
c bounds -3166 >= -11710 @ 19.9364
c bounds -3167 >= -11710 @ 19.9442
c bounds -3175 >= -11710 @ 19.9555
c bounds -3179 >= -11710 @ 19.9645
c bounds -3187 >= -11710 @ 19.9737
c bounds -3191 >= -11710 @ 19.9845
c bounds -3192 >= -11710 @ 19.9946
c bounds -3193 >= -11710 @ 20.0012
c bounds -3194 >= -11710 @ 20.0122
c bounds -3198 >= -11710 @ 20.0212
c bounds -3202 >= -11710 @ 20.0328
c bounds -3206 >= -11710 @ 20.0419
c bounds -3222 >= -11710 @ 20.0535
c bounds -3223 >= -11710 @ 20.0613
c bounds -3225 >= -11710 @ 20.0716
c bounds -3241 >= -11710 @ 20.083
c bounds -3243 >= -11710 @ 20.0919
c bounds -3247 >= -11710 @ 20.1017
c bounds -3255 >= -11710 @ 20.1102
c bounds -3259 >= -11710 @ 20.1182
c bounds -3275 >= -11710 @ 20.1319
c bounds -3276 >= -11710 @ 20.1417
c bounds -3280 >= -11710 @ 20.1527
c bounds -3284 >= -11710 @ 20.1629
c bounds -3292 >= -11710 @ 20.174
c bounds -3296 >= -11710 @ 20.1839
c bounds -3312 >= -11710 @ 20.1948
c bounds -3316 >= -11710 @ 20.2056
c bounds -3332 >= -11710 @ 20.2135
c bounds -3336 >= -11710 @ 20.2253
c bounds -3337 >= -11710 @ 20.2331
c bounds -3341 >= -11710 @ 20.2427
c bounds -3345 >= -11710 @ 20.2518
c bounds -3361 >= -11710 @ 20.2614
c bounds -3369 >= -11710 @ 20.2715
c bounds -3373 >= -11710 @ 20.2811
c bounds -3389 >= -11710 @ 20.2929
c bounds -3397 >= -11710 @ 20.3017
c bounds -3398 >= -11710 @ 20.3117
c bounds -3402 >= -11710 @ 20.3214
c bounds -3406 >= -11710 @ 20.3293
c bounds -3407 >= -11710 @ 20.3389
c bounds -3423 >= -11710 @ 20.3477
c bounds -3424 >= -11710 @ 20.3568
c bounds -3425 >= -11710 @ 20.3654
c bounds -3441 >= -11710 @ 20.3766
c bounds -3445 >= -11710 @ 20.3867
c bounds -3461 >= -11710 @ 20.3968
c bounds -3462 >= -11710 @ 20.4067
c bounds -3466 >= -11710 @ 20.4153
c bounds -3474 >= -11710 @ 20.4274
c bounds -3482 >= -11710 @ 20.4362
c bounds -3486 >= -11710 @ 20.4461
c bounds -3494 >= -11710 @ 20.4578
c bounds -3495 >= -11710 @ 20.4656
c bounds -3499 >= -11710 @ 20.475
c bounds -3515 >= -11710 @ 20.4875
c bounds -3523 >= -11710 @ 20.4951
c bounds -3527 >= -11710 @ 20.505
c bounds -3543 >= -11710 @ 20.5162
c bounds -3547 >= -11710 @ 20.5269
c bounds -3551 >= -11710 @ 20.5376
c bounds -3552 >= -11710 @ 20.5452
c bounds -3568 >= -11710 @ 20.5564
c bounds -3584 >= -11710 @ 20.5649
c bounds -3592 >= -11710 @ 20.5755
c bounds -3593 >= -11710 @ 20.5851
c bounds -3609 >= -11710 @ 20.5942
c bounds -3613 >= -11710 @ 20.6041
c bounds -3617 >= -11710 @ 20.6111
c bounds -3621 >= -11710 @ 20.6211
c bounds -3625 >= -11710 @ 20.6306
c bounds -3629 >= -11710 @ 20.6423
c bounds -3645 >= -11710 @ 20.6525
c bounds -3653 >= -11710 @ 20.6636
c bounds -3657 >= -11710 @ 20.6732
c bounds -3661 >= -11710 @ 20.6842
c bounds -3677 >= -11710 @ 20.6963
c bounds -3681 >= -11710 @ 20.7072
c bounds -3682 >= -11710 @ 20.7152
c bounds -3682 >= -11694 @ 21.2123
c bounds -3686 >= -11694 @ 21.2268
c bounds -3688 >= -11694 @ 21.2357
c bounds -3690 >= -11694 @ 21.244
c bounds -3694 >= -11694 @ 21.2519
c bounds -3695 >= -11694 @ 21.2618
c bounds -3696 >= -11694 @ 21.2704
c bounds -3712 >= -11694 @ 21.2823
c bounds -3716 >= -11694 @ 21.2931
c bounds -3724 >= -11694 @ 21.3025
c bounds -3728 >= -11694 @ 21.3112
c bounds -3732 >= -11694 @ 21.3203
c bounds -3736 >= -11694 @ 21.3282
c bounds -3744 >= -11694 @ 21.3404
c bounds -3760 >= -11694 @ 21.349
c bounds -3764 >= -11694 @ 21.3591
c bounds -3772 >= -11694 @ 21.3708
c bounds -3776 >= -11694 @ 21.382
c bounds -3777 >= -11694 @ 21.3913
c bounds -3785 >= -11694 @ 21.4015
c bounds -3789 >= -11694 @ 21.4123
c bounds -3793 >= -11694 @ 21.4214
c bounds -3797 >= -11694 @ 21.4303
c bounds -3813 >= -11694 @ 21.4431
c bounds -3814 >= -11694 @ 21.4514
c bounds -3818 >= -11694 @ 21.4575
c bounds -3822 >= -11694 @ 21.4652
c bounds -3838 >= -11694 @ 21.4772
c bounds -3842 >= -11694 @ 21.4887
c bounds -3846 >= -11694 @ 21.5001
c bounds -3847 >= -11694 @ 21.5085
c bounds -3851 >= -11694 @ 21.5177
c bounds -3867 >= -11694 @ 21.5295
c bounds -3883 >= -11694 @ 21.5423
c bounds -3887 >= -11694 @ 21.5519
c bounds -3888 >= -11694 @ 21.5605
c bounds -3889 >= -11694 @ 21.5694
c bounds -3897 >= -11694 @ 21.5815
c bounds -3901 >= -11694 @ 21.5917
c bounds -3909 >= -11694 @ 21.6006
c bounds -3913 >= -11694 @ 21.61
c bounds -3915 >= -11694 @ 21.6182
c bounds -3917 >= -11694 @ 21.6266
c bounds -3921 >= -11694 @ 21.6354
c bounds -3925 >= -11694 @ 21.6448
c bounds -3929 >= -11694 @ 21.6558
c bounds -3930 >= -11694 @ 21.6649
c bounds -3934 >= -11694 @ 21.6749
c bounds -3938 >= -11694 @ 21.6864
c bounds -3942 >= -11694 @ 21.6974
c bounds -3958 >= -11694 @ 21.7068
c bounds -3974 >= -11694 @ 21.7189
c bounds -3975 >= -11694 @ 21.7278
c bounds -3979 >= -11694 @ 21.7387
c bounds -3987 >= -11694 @ 21.7481
c bounds -3991 >= -11694 @ 21.7577
c bounds -3995 >= -11694 @ 21.7675
c bounds -3996 >= -11694 @ 21.776
c bounds -4004 >= -11694 @ 21.7887
c bounds -4005 >= -11694 @ 21.7974
c bounds -4013 >= -11694 @ 21.8092
c bounds -4015 >= -11694 @ 21.8195
c bounds -4017 >= -11694 @ 21.829
c bounds -4021 >= -11694 @ 21.84
c bounds -4029 >= -11694 @ 21.85
c bounds -4033 >= -11694 @ 21.8609
c bounds -4037 >= -11694 @ 21.8713
c bounds -4038 >= -11694 @ 21.8808
c bounds -4046 >= -11694 @ 21.8907
c bounds -4048 >= -11694 @ 21.8996
c bounds -4050 >= -11694 @ 21.9088
c bounds -4054 >= -11694 @ 21.9183
c bounds -4062 >= -11694 @ 21.9301
c bounds -4066 >= -11694 @ 21.939
c bounds -4068 >= -11694 @ 21.9464
c bounds -4070 >= -11694 @ 21.9542
c bounds -4074 >= -11694 @ 21.9637
c bounds -4075 >= -11694 @ 21.9713
c bounds -4077 >= -11694 @ 21.9789
c bounds -4079 >= -11694 @ 21.9869
c bounds -4083 >= -11694 @ 21.9975
c bounds -4087 >= -11694 @ 22.0086
c bounds -4095 >= -11694 @ 22.0204
c bounds -4099 >= -11694 @ 22.0325
c bounds -4107 >= -11694 @ 22.0434
c bounds -4108 >= -11694 @ 22.0525
c bounds -4116 >= -11694 @ 22.0635
c bounds -4117 >= -11694 @ 22.0721
c bounds -4119 >= -11694 @ 22.0811
c bounds -4121 >= -11694 @ 22.0892
c #Conflicts:      57000 | #Constraints:      35142
c bounds -4121 >= -11678 @ 22.6988
c bounds -4129 >= -11678 @ 22.7122
c bounds -4131 >= -11678 @ 22.7223
c bounds -4133 >= -11678 @ 22.731
c bounds -4137 >= -11678 @ 22.7409
c bounds -4145 >= -11678 @ 22.7508
c bounds -4149 >= -11678 @ 22.761
c bounds -4153 >= -11678 @ 22.7726
c bounds -4154 >= -11678 @ 22.7822
c bounds -4162 >= -11678 @ 22.7933
c bounds -4170 >= -11678 @ 22.8036
c bounds -4174 >= -11678 @ 22.8121
c bounds -4178 >= -11678 @ 22.8221
c bounds -4186 >= -11678 @ 22.8329
c bounds -4190 >= -11678 @ 22.8412
c bounds -4192 >= -11678 @ 22.8511
c bounds -4194 >= -11678 @ 22.8604
c bounds -4198 >= -11678 @ 22.8723
c bounds -4206 >= -11678 @ 22.8838
c bounds -4210 >= -11678 @ 22.8947
c bounds -4218 >= -11678 @ 22.907
c bounds -4219 >= -11678 @ 22.9174
c bounds -4220 >= -11678 @ 22.9272
c bounds -4223 >= -11678 @ 22.9773
c bounds -4227 >= -11678 @ 22.991
c bounds -4228 >= -11678 @ 23.0009
c bounds -4244 >= -11678 @ 23.0158
c bounds -4247 >= -11678 @ 23.1109
c bounds -4248 >= -11678 @ 23.1336
c bounds -4252 >= -11678 @ 23.144
c bounds -4255 >= -11678 @ 23.377
c bounds -4255 >= -11662 @ 23.3802
c bounds -4255 >= -11646 @ 23.3829
c #Conflicts:      58000 | #Constraints:      36212
c bounds -4255 >= -11630 @ 23.3895
c bounds -4255 >= -11614 @ 23.3922
c bounds -4255 >= -11598 @ 23.4144
c bounds -4271 >= -11598 @ 23.5047
c bounds -4271 >= -11582 @ 23.5068
c bounds -4271 >= -11566 @ 23.5121
c bounds -4271 >= -11550 @ 23.5144
c bounds -4271 >= -11534 @ 23.5161
c bounds -4271 >= -11518 @ 23.5189
c bounds -4271 >= -11502 @ 23.56
c INPROCESSING
c GARBAGE COLLECT
c bounds -4272 >= -11502 @ 24.1051
c bounds -4276 >= -11502 @ 24.168
c bounds -4277 >= -11502 @ 24.4073
c bounds -4277 >= -11490 @ 24.4115
c bounds -4277 >= -11474 @ 24.4143
c #Conflicts:      59000 | #Constraints:      28678
c bounds -4277 >= -11462 @ 24.4963
c bounds -4277 >= -11450 @ 24.7346
c bounds -4278 >= -11450 @ 24.75
c bounds -4282 >= -11450 @ 24.8268
c bounds -4282 >= -11438 @ 25.109
c bounds -4286 >= -11438 @ 25.1643
c #Conflicts:      60000 | #Constraints:      29705
c bounds -4288 >= -11438 @ 25.2491
c bounds -4288 >= -11422 @ 25.2526
c bounds -4288 >= -11410 @ 25.6314
c bounds -4291 >= -11410 @ 25.6598
c bounds -4307 >= -11410 @ 25.8782
c #Conflicts:      61000 | #Constraints:      30732
c bounds -4307 >= -11398 @ 26.6232
c bounds -4311 >= -11398 @ 26.6835
c bounds -4314 >= -11398 @ 26.7955
c bounds -4330 >= -11398 @ 27.1165
c bounds -4330 >= -11382 @ 27.1329
c #Conflicts:      62000 | #Constraints:      31753
c bounds -4330 >= -11366 @ 27.1442
c bounds -4330 >= -11350 @ 27.1914
c bounds -4330 >= -11334 @ 27.1965
c #Conflicts:      63000 | #Constraints:      32768
c bounds -4330 >= -11322 @ 28.5927
c bounds -4334 >= -11322 @ 28.6185
c bounds -4335 >= -11322 @ 28.6286
c bounds -4336 >= -11322 @ 28.6481
c bounds -4338 >= -11322 @ 29.939
c #Conflicts:      64000 | #Constraints:      33784
c bounds -4338 >= -11310 @ 31.3294
c #Conflicts:      65000 | #Constraints:      34805
c #Conflicts:      66000 | #Constraints:      35805
c bounds -4338 >= -11298 @ 33.6641
c bounds -4344 >= -11298 @ 33.7799
c #Conflicts:      67000 | #Constraints:      36824
c bounds -4348 >= -11298 @ 35.0972
c bounds -4348 >= -11282 @ 35.1612
c bounds -4348 >= -11266 @ 35.3495
c #Conflicts:      68000 | #Constraints:      37855
c #Conflicts:      69000 | #Constraints:      38855
c bounds -4348 >= -11254 @ 39.1022
c bounds -4352 >= -11254 @ 39.1624
c bounds -4360 >= -11254 @ 39.1797
c bounds -4361 >= -11254 @ 39.3998
c bounds -4362 >= -11254 @ 39.4249
c bounds -4363 >= -11254 @ 39.5291
c #Conflicts:      70000 | #Constraints:      39881
c bounds -4379 >= -11254 @ 40.4817
c #Conflicts:      71000 | #Constraints:      40882
c bounds -4379 >= -11242 @ 42.9772
c bounds -4380 >= -11242 @ 43.207
c bounds -4384 >= -11242 @ 43.2702
c bounds -4385 >= -11242 @ 43.3227
c bounds -4387 >= -11242 @ 43.8198
c bounds -4387 >= -11226 @ 43.9819
c #Conflicts:      72000 | #Constraints:      41910
c #Conflicts:      73000 | #Constraints:      42910
c bounds -4387 >= -11214 @ 47.6068
c bounds -4388 >= -11214 @ 49.354
c #Conflicts:      74000 | #Constraints:      43929
c bounds -4388 >= -11202 @ 50.6662
c #Conflicts:      75000 | #Constraints:      44947
c #Conflicts:      76000 | #Constraints:      45947
c bounds -4388 >= -11190 @ 55.8635
c bounds -4390 >= -11190 @ 56.8094
c bounds -4391 >= -11190 @ 57.3249
c #Conflicts:      77000 | #Constraints:      46979
c #Conflicts:      78000 | #Constraints:      47979
c INPROCESSING
c GARBAGE COLLECT
c bounds -4392 >= -11190 @ 61.4022
c bounds -4396 >= -11190 @ 61.4591
c bounds -4400 >= -11190 @ 62.3456
c bounds -4404 >= -11190 @ 62.4898
c bounds -4405 >= -11190 @ 62.5084
c bounds -4406 >= -11190 @ 62.5277
c bounds -4422 >= -11190 @ 62.859
c bounds -4438 >= -11190 @ 62.9045
c #Conflicts:      79000 | #Constraints:      35148
c bounds -4454 >= -11190 @ 63.0089
c bounds -4470 >= -11190 @ 63.1293
c bounds -4486 >= -11190 @ 63.279
c bounds -4502 >= -11190 @ 63.3956
c bounds -4518 >= -11190 @ 63.5089
c bounds -4518 >= -11180 @ 63.5791
c bounds -4518 >= -11170 @ 63.6272
c bounds -4518 >= -11160 @ 63.7422
c bounds -4522 >= -11160 @ 64.1534
c bounds -4522 >= -11150 @ 64.409
c bounds -4522 >= -11140 @ 64.6589
c #Conflicts:      80000 | #Constraints:      36196
c bounds -4522 >= -11130 @ 65.2187
c bounds -4538 >= -11130 @ 65.2661
c bounds -4554 >= -11130 @ 65.3276
c bounds -4570 >= -11130 @ 65.6249
c bounds -4570 >= -11120 @ 66.1812
c #Conflicts:      81000 | #Constraints:      37232
c bounds -4570 >= -11110 @ 66.7634
c bounds -4586 >= -11110 @ 66.8121
c bounds -4602 >= -11110 @ 66.8305
c bounds -4618 >= -11110 @ 66.8459
c bounds -4634 >= -11110 @ 66.8638
c bounds -4650 >= -11110 @ 66.878
c bounds -4666 >= -11110 @ 66.8946
c bounds -4670 >= -11110 @ 69.7439
c bounds -4670 >= -11100 @ 69.7629
c #Conflicts:      82000 | #Constraints:      38257
c bounds -4670 >= -11090 @ 69.8414
c bounds -4670 >= -11080 @ 69.8494
c #Conflicts:      83000 | #Constraints:      39266
c #Conflicts:      84000 | #Constraints:      40266
c INPROCESSING
c GARBAGE COLLECT
c #Conflicts:      85000 | #Constraints:      31182
c #Conflicts:      86000 | #Constraints:      32182
c bounds -4670 >= -11070 @ 70.3616
c bounds -4670 >= -11060 @ 70.4185
c #Conflicts:      87000 | #Constraints:      33194
c bounds -4670 >= -11050 @ 71.1858
c #Conflicts:      88000 | #Constraints:      34221
c bounds -4670 >= -11040 @ 72.4165
c bounds -4670 >= -11030 @ 73.7121
c #Conflicts:      89000 | #Constraints:      35263
c #Conflicts:      90000 | #Constraints:      36263
c bounds -4670 >= -11020 @ 76.5951
c #Conflicts:      91000 | #Constraints:      37296
c #Conflicts:      92000 | #Constraints:      38296
c bounds -4670 >= -11010 @ 79.4809
c bounds -4674 >= -11010 @ 79.603
c bounds -4678 >= -11010 @ 79.6203
c bounds -4680 >= -11010 @ 79.658
c bounds -4682 >= -11010 @ 80.072
c #Conflicts:      93000 | #Constraints:      39321
c bounds -4698 >= -11010 @ 80.9308
c #Conflicts:      94000 | #Constraints:      40322
c #Conflicts:      95000 | #Constraints:      41322
c bounds -4698 >= -11000 @ 85.377
c bounds -4700 >= -11000 @ 85.7726
c #Conflicts:      96000 | #Constraints:      42353
c bounds -4716 >= -11000 @ 86.8085
c #Conflicts:      97000 | #Constraints:      43354
c bounds -4716 >= -10990 @ 90.3134
c #Conflicts:      98000 | #Constraints:      44381
c #Conflicts:      99000 | #Constraints:      45381
c #Conflicts:     100000 | #Constraints:      46381
c #Conflicts:     101000 | #Constraints:      47381
c #Conflicts:     102000 | #Constraints:      48381
c #Conflicts:     103000 | #Constraints:      49381
c bounds -4732 >= -10990 @ 149.793
c bounds -4732 >= -10980 @ 152.966
c #Conflicts:     104000 | #Constraints:      50412
c bounds -4732 >= -10970 @ 158.718
c #Conflicts:     105000 | #Constraints:      51442
c bounds -4732 >= -10960 @ 167.522
c bounds -4732 >= -10950 @ 171.319
c #Conflicts:     106000 | #Constraints:      52499
c bounds -4732 >= -10940 @ 176.278
c #Conflicts:     107000 | #Constraints:      53532
c INPROCESSING
c GARBAGE COLLECT
c bounds -4732 >= -10930 @ 182.647
c #Conflicts:     108000 | #Constraints:      38300
c bounds -4732 >= -10920 @ 186.609
c #Conflicts:     109000 | #Constraints:      39339
c #Conflicts:     110000 | #Constraints:      40339
c #Conflicts:     111000 | #Constraints:      41339
c bounds -4732 >= -10910 @ 187.988
c #Conflicts:     112000 | #Constraints:      42342
c bounds -4732 >= -10900 @ 191.686
c #Conflicts:     113000 | #Constraints:      43381
c bounds -4732 >= -10890 @ 195.828
c #Conflicts:     114000 | #Constraints:      44414
c bounds -4732 >= -10880 @ 199.819
c #Conflicts:     115000 | #Constraints:      45444
c INPROCESSING
c GARBAGE COLLECT
c #Conflicts:     116000 | #Constraints:      35058
c #Conflicts:     117000 | #Constraints:      36058
c bounds -4732 >= -10870 @ 206.198
c #Conflicts:     118000 | #Constraints:      37106
c #Conflicts:     119000 | #Constraints:      38106
c bounds -4732 >= -10860 @ 213.135
c #Conflicts:     120000 | #Constraints:      39157
c bounds -4732 >= -10850 @ 218.822
c #Conflicts:     121000 | #Constraints:      40190
c bounds -4732 >= -10840 @ 222.421
c #Conflicts:     122000 | #Constraints:      41217
c bounds -4732 >= -10830 @ 228.946
c #Conflicts:     123000 | #Constraints:      42265
c #Conflicts:     124000 | #Constraints:      43265
c bounds -4732 >= -10820 @ 237.561
c #Conflicts:     125000 | #Constraints:      44313
c #Conflicts:     126000 | #Constraints:      45313
c bounds -4732 >= -10810 @ 246.315
c #Conflicts:     127000 | #Constraints:      46361
c #Conflicts:     128000 | #Constraints:      47361
c bounds -4732 >= -10800 @ 259.304
c #Conflicts:     129000 | #Constraints:      48406
c #Conflicts:     130000 | #Constraints:      49406
c bounds -4732 >= -10790 @ 271.196
c #Conflicts:     131000 | #Constraints:      50454
c #Conflicts:     132000 | #Constraints:      51454
c bounds -4732 >= -10780 @ 284.168
c #Conflicts:     133000 | #Constraints:      52499
c #Conflicts:     134000 | #Constraints:      53499
c bounds -4732 >= -10770 @ 295.184
c #Conflicts:     135000 | #Constraints:      54529
c #Conflicts:     136000 | #Constraints:      55529
c bounds -4732 >= -10760 @ 313.558
c #Conflicts:     137000 | #Constraints:      56562
c #Conflicts:     138000 | #Constraints:      57562
c #Conflicts:     139000 | #Constraints:      58562
c #Conflicts:     140000 | #Constraints:      59562
c bounds -4732 >= -10750 @ 344.424
c INPROCESSING
c GARBAGE COLLECT
c #Conflicts:     141000 | #Constraints:      41345
c #Conflicts:     142000 | #Constraints:      42345
c #Conflicts:     143000 | #Constraints:      43345
c #Conflicts:     144000 | #Constraints:      44345
c bounds -4732 >= -10740 @ 366.881
c #Conflicts:     145000 | #Constraints:      45390
c #Conflicts:     146000 | #Constraints:      46390
c #Conflicts:     147000 | #Constraints:      47390
c #Conflicts:     148000 | #Constraints:      48390
c bounds -4732 >= -10730 @ 393.585
c #Conflicts:     149000 | #Constraints:      49453
c #Conflicts:     150000 | #Constraints:      50453
c INPROCESSING
c GARBAGE COLLECT
c #Conflicts:     151000 | #Constraints:      39066
c #Conflicts:     152000 | #Constraints:      40066
c #Conflicts:     153000 | #Constraints:      41066
c #Conflicts:     154000 | #Constraints:      42066
c #Conflicts:     155000 | #Constraints:      43066
c #Conflicts:     156000 | #Constraints:      44066
c #Conflicts:     157000 | #Constraints:      45066
c #Conflicts:     158000 | #Constraints:      46066
c bounds -4732 >= -10720 @ 457.755
c #Conflicts:     159000 | #Constraints:      47129
c #Conflicts:     160000 | #Constraints:      48129
c #Conflicts:     161000 | #Constraints:      49129
c #Conflicts:     162000 | #Constraints:      50129
c #Conflicts:     163000 | #Constraints:      51129
c #Conflicts:     164000 | #Constraints:      52129
c #Conflicts:     165000 | #Constraints:      53129
c #Conflicts:     166000 | #Constraints:      54129
c #Conflicts:     167000 | #Constraints:      55129
c bounds -4732 >= -10710 @ 541.544
c bounds -4748 >= -10710 @ 542.413
c bounds -4764 >= -10710 @ 542.514
c bounds -4780 >= -10710 @ 542.915
c #Conflicts:     168000 | #Constraints:      56222
c bounds -4796 >= -10710 @ 543.682
c bounds -4812 >= -10710 @ 544.196
c #Conflicts:     169000 | #Constraints:      57224
c bounds -4814 >= -10710 @ 547.473
c #Conflicts:     170000 | #Constraints:      58225
c bounds -4815 >= -10710 @ 558.038
c bounds -4816 >= -10710 @ 558.136
c #Conflicts:     171000 | #Constraints:      59227
c bounds -4818 >= -10710 @ 559.683
c bounds -4820 >= -10710 @ 563.464
c #Conflicts:     172000 | #Constraints:      60229
c bounds -4822 >= -10710 @ 569.682
c #Conflicts:     173000 | #Constraints:      61230
c #Conflicts:     174000 | #Constraints:      62230
c #Conflicts:     175000 | #Constraints:      63230
c #Conflicts:     176000 | #Constraints:      64230
c #Conflicts:     177000 | #Constraints:      65230
c #Conflicts:     178000 | #Constraints:      66230
c INPROCESSING
c GARBAGE COLLECT
c bounds -4824 >= -10710 @ 653.633
c #Conflicts:     179000 | #Constraints:      44784
c bounds -4826 >= -10710 @ 656.663
c #Conflicts:     180000 | #Constraints:      45785
c #Conflicts:     181000 | #Constraints:      46785
c #Conflicts:     182000 | #Constraints:      47785
c #Conflicts:     183000 | #Constraints:      48785
c #Conflicts:     184000 | #Constraints:      49785
c #Conflicts:     185000 | #Constraints:      50785
c #Conflicts:     186000 | #Constraints:      51785
c #Conflicts:     187000 | #Constraints:      52785
c #Conflicts:     188000 | #Constraints:      53785
c #Conflicts:     189000 | #Constraints:      54785
c INPROCESSING
c GARBAGE COLLECT
c bounds -4826 >= -10702 @ 750.37
c bounds -4826 >= -10694 @ 750.372
c bounds -4826 >= -10686 @ 750.374
c bounds -4826 >= -10678 @ 750.376
c bounds -4826 >= -10670 @ 750.38
c bounds -4826 >= -10662 @ 750.384
c bounds -4826 >= -10654 @ 750.508
c bounds -4826 >= -10646 @ 750.881
c bounds -4826 >= -10638 @ 751.675
c bounds -4826 >= -10630 @ 752.706
c #Conflicts:     190000 | #Constraints:      40672
c bounds -4826 >= -10622 @ 754.805
c bounds -4826 >= -10614 @ 758.373
c #Conflicts:     191000 | #Constraints:      41717
c bounds -4826 >= -10606 @ 762.438
c #Conflicts:     192000 | #Constraints:      42738
c bounds -4826 >= -10598 @ 766.21
c #Conflicts:     193000 | #Constraints:      43768
c bounds -4826 >= -10590 @ 773.271
c #Conflicts:     194000 | #Constraints:      44792
c bounds -4826 >= -10582 @ 787.364
c #Conflicts:     195000 | #Constraints:      45825
c #Conflicts:     196000 | #Constraints:      46825
c #Conflicts:     197000 | #Constraints:      47825
c bounds -4826 >= -10574 @ 811.533
c #Conflicts:     198000 | #Constraints:      48852
c #Conflicts:     199000 | #Constraints:      49852
c #Conflicts:     200000 | #Constraints:      50852
c bounds -4826 >= -10566 @ 846.32
c #Conflicts:     201000 | #Constraints:      51894
c #Conflicts:     202000 | #Constraints:      52894
c #Conflicts:     203000 | #Constraints:      53894
c #Conflicts:     204000 | #Constraints:      54894
c bounds -4826 >= -10558 @ 896.137
c #Conflicts:     205000 | #Constraints:      55933
c #Conflicts:     206000 | #Constraints:      56933
c #Conflicts:     207000 | #Constraints:      57933
c #Conflicts:     208000 | #Constraints:      58933
c bounds -4826 >= -10550 @ 954.21
c #Conflicts:     209000 | #Constraints:      59937
c #Conflicts:     210000 | #Constraints:      60937
c bounds -4826 >= -10542 @ 986.76
c #Conflicts:     211000 | #Constraints:      61979
c #Conflicts:     212000 | #Constraints:      62979
c #Conflicts:     213000 | #Constraints:      63979
c #Conflicts:     214000 | #Constraints:      64979
c #Conflicts:     215000 | #Constraints:      65979
c bounds -4826 >= -10534 @ 1094.74
c #Conflicts:     216000 | #Constraints:      67021
c #Conflicts:     217000 | #Constraints:      68021
c #Conflicts:     218000 | #Constraints:      69021
c #Conflicts:     219000 | #Constraints:      70021
c #Conflicts:     220000 | #Constraints:      71021
c INPROCESSING
c GARBAGE COLLECT
c bounds -4826 >= -10526 @ 1137.31
c bounds -4826 >= -10518 @ 1137.31
c bounds -4826 >= -10510 @ 1137.32
c #Conflicts:     221000 | #Constraints:      47270
c #Conflicts:     222000 | #Constraints:      48270
c #Conflicts:     223000 | #Constraints:      49270
c #Conflicts:     224000 | #Constraints:      50270
c bounds -4826 >= -10502 @ 1137.93
c bounds -4826 >= -10494 @ 1137.94
c #Conflicts:     225000 | #Constraints:      51291
c #Conflicts:     226000 | #Constraints:      52291
c #Conflicts:     227000 | #Constraints:      53291
c #Conflicts:     228000 | #Constraints:      54291
c #Conflicts:     229000 | #Constraints:      55291
c #Conflicts:     230000 | #Constraints:      56291
c #Conflicts:     231000 | #Constraints:      57291
c bounds -4826 >= -10486 @ 1215
c #Conflicts:     232000 | #Constraints:      58336
c INPROCESSING
c GARBAGE COLLECT
c #Conflicts:     233000 | #Constraints:      42823
c #Conflicts:     234000 | #Constraints:      43823
c #Conflicts:     235000 | #Constraints:      44823
c #Conflicts:     236000 | #Constraints:      45823
c #Conflicts:     237000 | #Constraints:      46823
c #Conflicts:     238000 | #Constraints:      47823
c #Conflicts:     239000 | #Constraints:      48823
c #Conflicts:     240000 | #Constraints:      49823
c #Conflicts:     241000 | #Constraints:      50823
c #Conflicts:     242000 | #Constraints:      51823
c #Conflicts:     243000 | #Constraints:      52823
c bounds -4826 >= -10478 @ 1349.13
c #Conflicts:     244000 | #Constraints:      53877
c #Conflicts:     245000 | #Constraints:      54877
c #Conflicts:     246000 | #Constraints:      55877
c #Conflicts:     247000 | #Constraints:      56877
c #Conflicts:     248000 | #Constraints:      57877
c #Conflicts:     249000 | #Constraints:      58877
c #Conflicts:     250000 | #Constraints:      59877
c #Conflicts:     251000 | #Constraints:      60877
c #Conflicts:     252000 | #Constraints:      61877
c #Conflicts:     253000 | #Constraints:      62877
c #Conflicts:     254000 | #Constraints:      63877
c #Conflicts:     255000 | #Constraints:      64877
c #Conflicts:     256000 | #Constraints:      65877
c #Conflicts:     257000 | #Constraints:      66877
c #Conflicts:     258000 | #Constraints:      67877
c #Conflicts:     259000 | #Constraints:      68877
c #Conflicts:     260000 | #Constraints:      69877
c #Conflicts:     261000 | #Constraints:      70877
c #Conflicts:     262000 | #Constraints:      71877
c #Conflicts:     263000 | #Constraints:      72877
c #Conflicts:     264000 | #Constraints:      73877
c #Conflicts:     265000 | #Constraints:      74877
c #Conflicts:     266000 | #Constraints:      75877
c #Conflicts:     267000 | #Constraints:      76877
c INPROCESSING
c GARBAGE COLLECT
c #Conflicts:     268000 | #Constraints:      50550
c #Conflicts:     269000 | #Constraints:      51550
c #Conflicts:     270000 | #Constraints:      52550
c #Conflicts:     271000 | #Constraints:      53550
c #Conflicts:     272000 | #Constraints:      54550
c #Conflicts:     273000 | #Constraints:      55550
c #Conflicts:     274000 | #Constraints:      56550
c #Conflicts:     275000 | #Constraints:      57550
c bounds -4826 >= -10470 @ 2018.93
c #Conflicts:     276000 | #Constraints:      58598
c #Conflicts:     277000 | #Constraints:      59598
c #Conflicts:     278000 | #Constraints:      60598
c #Conflicts:     279000 | #Constraints:      61598
c #Conflicts:     280000 | #Constraints:      62598
c INPROCESSING
c GARBAGE COLLECT
c #Conflicts:     281000 | #Constraints:      44022
c #Conflicts:     282000 | #Constraints:      45022
c #Conflicts:     283000 | #Constraints:      46022
c bounds -4826 >= -10462 @ 2131.69
c #Conflicts:     284000 | #Constraints:      47076
c #Conflicts:     285000 | #Constraints:      48076
c #Conflicts:     286000 | #Constraints:      49076
c #Conflicts:     287000 | #Constraints:      50076
c #Conflicts:     288000 | #Constraints:      51076
c #Conflicts:     289000 | #Constraints:      52076
c #Conflicts:     290000 | #Constraints:      53076
c #Conflicts:     291000 | #Constraints:      54076
c bounds -4826 >= -10454 @ 2233.13
c #Conflicts:     292000 | #Constraints:      55142
c #Conflicts:     293000 | #Constraints:      56142
c #Conflicts:     294000 | #Constraints:      57142
c #Conflicts:     295000 | #Constraints:      58142
c #Conflicts:     296000 | #Constraints:      59142
c #Conflicts:     297000 | #Constraints:      60142
c #Conflicts:     298000 | #Constraints:      61142
c bounds -4826 >= -10446 @ 2357.65
c #Conflicts:     299000 | #Constraints:      62196
c #Conflicts:     300000 | #Constraints:      63196
c #Conflicts:     301000 | #Constraints:      64196
c #Conflicts:     302000 | #Constraints:      65196
c #Conflicts:     303000 | #Constraints:      66196
c #Conflicts:     304000 | #Constraints:      67196
c #Conflicts:     305000 | #Constraints:      68196
c bounds -4826 >= -10438 @ 2480.63
c #Conflicts:     306000 | #Constraints:      69256
c #Conflicts:     307000 | #Constraints:      70256
c #Conflicts:     308000 | #Constraints:      71256
c #Conflicts:     309000 | #Constraints:      72256
c #Conflicts:     310000 | #Constraints:      73256
c #Conflicts:     311000 | #Constraints:      74256
c #Conflicts:     312000 | #Constraints:      75256
c bounds -4826 >= -10430 @ 2663.1
c #Conflicts:     313000 | #Constraints:      76319
c #Conflicts:     314000 | #Constraints:      77319
c #Conflicts:     315000 | #Constraints:      78319
c #Conflicts:     316000 | #Constraints:      79319
c #Conflicts:     317000 | #Constraints:      80319
c #Conflicts:     318000 | #Constraints:      81319
c INPROCESSING
c GARBAGE COLLECT
c #Conflicts:     319000 | #Constraints:      52765
c #Conflicts:     320000 | #Constraints:      53765
c #Conflicts:     321000 | #Constraints:      54765
c #Conflicts:     322000 | #Constraints:      55765
c #Conflicts:     323000 | #Constraints:      56765
c #Conflicts:     324000 | #Constraints:      57765
c #Conflicts:     325000 | #Constraints:      58765
c bounds -4826 >= -10422 @ 2910.59
c #Conflicts:     326000 | #Constraints:      59816
c #Conflicts:     327000 | #Constraints:      60816
c #Conflicts:     328000 | #Constraints:      61816
c #Conflicts:     329000 | #Constraints:      62816
c #Conflicts:     330000 | #Constraints:      63816
c #Conflicts:     331000 | #Constraints:      64816
c #Conflicts:     332000 | #Constraints:      65816
c #Conflicts:     333000 | #Constraints:      66816
c INPROCESSING
c GARBAGE COLLECT
c #Conflicts:     334000 | #Constraints:      48445
c #Conflicts:     335000 | #Constraints:      49445
c #Conflicts:     336000 | #Constraints:      50445
c #Conflicts:     337000 | #Constraints:      51445
c #Conflicts:     338000 | #Constraints:      52445
c bounds -4826 >= -10414 @ 3063.84
c #Conflicts:     339000 | #Constraints:      53514
c #Conflicts:     340000 | #Constraints:      54514
c #Conflicts:     341000 | #Constraints:      55514
c #Conflicts:     342000 | #Constraints:      56514
c #Conflicts:     343000 | #Constraints:      57514
c #Conflicts:     344000 | #Constraints:      58514
c #Conflicts:     345000 | #Constraints:      59514
c #Conflicts:     346000 | #Constraints:      60514
c #Conflicts:     347000 | #Constraints:      61514
c #Conflicts:     348000 | #Constraints:      62514
c #Conflicts:     349000 | #Constraints:      63514
c #Conflicts:     350000 | #Constraints:      64514
c #Conflicts:     351000 | #Constraints:      65514
c #Conflicts:     352000 | #Constraints:      66514
c bounds -4826 >= -10406 @ 3251.22
c #Conflicts:     353000 | #Constraints:      67574
c #Conflicts:     354000 | #Constraints:      68574
c #Conflicts:     355000 | #Constraints:      69574
c #Conflicts:     356000 | #Constraints:      70574
c #Conflicts:     357000 | #Constraints:      71574
c #Conflicts:     358000 | #Constraints:      72574
c #Conflicts:     359000 | #Constraints:      73574
c #Conflicts:     360000 | #Constraints:      74574
c #Conflicts:     361000 | #Constraints:      75574
c #Conflicts:     362000 | #Constraints:      76574
c #Conflicts:     363000 | #Constraints:      77574
c #Conflicts:     364000 | #Constraints:      78574
c #Conflicts:     365000 | #Constraints:      79574
c #Conflicts:     366000 | #Constraints:      80574
c #Conflicts:     367000 | #Constraints:      81574
c #Conflicts:     368000 | #Constraints:      82574
c #Conflicts:     369000 | #Constraints:      83574
c #Conflicts:     370000 | #Constraints:      84574
c #Conflicts:     371000 | #Constraints:      85574
c #Conflicts:     372000 | #Constraints:      86574
c #Conflicts:     373000 | #Constraints:      87574
c #Conflicts:     374000 | #Constraints:      88574
c INPROCESSING
c GARBAGE COLLECT
c #Conflicts:     375000 | #Constraints:      56730
c #Conflicts:     376000 | #Constraints:      57730
c #Conflicts:     377000 | #Constraints:      58730
c #Conflicts:     378000 | #Constraints:      59730
c #Conflicts:     379000 | #Constraints:      60730
c #Conflicts:     380000 | #Constraints:      61730
c #Conflicts:     381000 | #Constraints:      62730
c #Conflicts:     382000 | #Constraints:      63730
c #Conflicts:     383000 | #Constraints:      64730
c #Conflicts:     384000 | #Constraints:      65730
c #Conflicts:     385000 | #Constraints:      66730
c #Conflicts:     386000 | #Constraints:      67730
c #Conflicts:     387000 | #Constraints:      68730
c #Conflicts:     388000 | #Constraints:      69730
c #Conflicts:     389000 | #Constraints:      70730
c #Conflicts:     390000 | #Constraints:      71730
c INPROCESSING
c GARBAGE COLLECT
c #Conflicts:     391000 | #Constraints:      51719
c #Conflicts:     392000 | #Constraints:      52719
c #Conflicts:     393000 | #Constraints:      53719
c #Conflicts:     394000 | #Constraints:      54719
c #Conflicts:     395000 | #Constraints:      55719
c #Conflicts:     396000 | #Constraints:      56719
c #Conflicts:     397000 | #Constraints:      57719
c #Conflicts:     398000 | #Constraints:      58719
c #Conflicts:     399000 | #Constraints:      59719
c #Conflicts:     400000 | #Constraints:      60719
c #Conflicts:     401000 | #Constraints:      61719
c #Conflicts:     402000 | #Constraints:      62719
c #Conflicts:     403000 | #Constraints:      63719
c #Conflicts:     404000 | #Constraints:      64719
c #Conflicts:     405000 | #Constraints:      65719
c #Conflicts:     406000 | #Constraints:      66719
c #Conflicts:     407000 | #Constraints:      67719
c #Conflicts:     408000 | #Constraints:      68719
c #Conflicts:     409000 | #Constraints:      69719
c #Conflicts:     410000 | #Constraints:      70719
c #Conflicts:     411000 | #Constraints:      71719
c #Conflicts:     412000 | #Constraints:      72719
c #Conflicts:     413000 | #Constraints:      73719
c #Conflicts:     414000 | #Constraints:      74719
c #Conflicts:     415000 | #Constraints:      75719
c #Conflicts:     416000 | #Constraints:      76719
c #Conflicts:     417000 | #Constraints:      77719
c #Conflicts:     418000 | #Constraints:      78719
c #Conflicts:     419000 | #Constraints:      79719
c #Conflicts:     420000 | #Constraints:      80719
c #Conflicts:     421000 | #Constraints:      81719
c #Conflicts:     422000 | #Constraints:      82719
c #Conflicts:     423000 | #Constraints:      83719
c #Conflicts:     424000 | #Constraints:      84719
c #Conflicts:     425000 | #Constraints:      85719
c #Conflicts:     426000 | #Constraints:      86719
c #Conflicts:     427000 | #Constraints:      87719
c #Conflicts:     428000 | #Constraints:      88719
c #Conflicts:     429000 | #Constraints:      89719
c #Conflicts:     430000 | #Constraints:      90719
c #Conflicts:     431000 | #Constraints:      91719
c #Conflicts:     432000 | #Constraints:      92719
c #Conflicts:     433000 | #Constraints:      93719
c #Conflicts:     434000 | #Constraints:      94719
c INPROCESSING
c GARBAGE COLLECT
c #Conflicts:     435000 | #Constraints:      59900
c #Conflicts:     436000 | #Constraints:      60900
c #Conflicts:     437000 | #Constraints:      61900
c #Conflicts:     438000 | #Constraints:      62900
c #Conflicts:     439000 | #Constraints:      63900
c #Conflicts:     440000 | #Constraints:      64900
c #Conflicts:     441000 | #Constraints:      65900
c #Conflicts:     442000 | #Constraints:      66900
c #Conflicts:     443000 | #Constraints:      67900
c #Conflicts:     444000 | #Constraints:      68900
c #Conflicts:     445000 | #Constraints:      69900
c #Conflicts:     446000 | #Constraints:      70900
c #Conflicts:     447000 | #Constraints:      71900
c #Conflicts:     448000 | #Constraints:      72900
c #Conflicts:     449000 | #Constraints:      73900
c #Conflicts:     450000 | #Constraints:      74900
c #Conflicts:     451000 | #Constraints:      75900
c INPROCESSING
c GARBAGE COLLECT
c #Conflicts:     452000 | #Constraints:      52399
c #Conflicts:     453000 | #Constraints:      53399
c #Conflicts:     454000 | #Constraints:      54399
c #Conflicts:     455000 | #Constraints:      55399
c #Conflicts:     456000 | #Constraints:      56399
c #Conflicts:     457000 | #Constraints:      57399
c #Conflicts:     458000 | #Constraints:      58399
c #Conflicts:     459000 | #Constraints:      59399
c #Conflicts:     460000 | #Constraints:      60399
c #Conflicts:     461000 | #Constraints:      61399
c #Conflicts:     462000 | #Constraints:      62399
c #Conflicts:     463000 | #Constraints:      63399
c #Conflicts:     464000 | #Constraints:      64399
c #Conflicts:     465000 | #Constraints:      65399
c #Conflicts:     466000 | #Constraints:      66399
c #Conflicts:     467000 | #Constraints:      67399
c #Conflicts:     468000 | #Constraints:      68399
c #Conflicts:     469000 | #Constraints:      69399
c #Conflicts:     470000 | #Constraints:      70399
c #Conflicts:     471000 | #Constraints:      71399
c #Conflicts:     472000 | #Constraints:      72399
c #Conflicts:     473000 | #Constraints:      73399
c #Conflicts:     474000 | #Constraints:      74399
c #Conflicts:     475000 | #Constraints:      75399
c #Conflicts:     476000 | #Constraints:      76399
c #Conflicts:     477000 | #Constraints:      77399
c #Conflicts:     478000 | #Constraints:      78399
c #Conflicts:     479000 | #Constraints:      79399
c #Conflicts:     480000 | #Constraints:      80399
c #Conflicts:     481000 | #Constraints:      81399
c #Conflicts:     482000 | #Constraints:      82399
c #Conflicts:     483000 | #Constraints:      83399
c #Conflicts:     484000 | #Constraints:      84399
c #Conflicts:     485000 | #Constraints:      85399
c #Conflicts:     486000 | #Constraints:      86399
c #Conflicts:     487000 | #Constraints:      87399
c #Conflicts:     488000 | #Constraints:      88399
c #Conflicts:     489000 | #Constraints:      89399
c #Conflicts:     490000 | #Constraints:      90399
c #Conflicts:     491000 | #Constraints:      91399
c #Conflicts:     492000 | #Constraints:      92399
c #Conflicts:     493000 | #Constraints:      93399
c #Conflicts:     494000 | #Constraints:      94399
c #Conflicts:     495000 | #Constraints:      95399
c #Conflicts:     496000 | #Constraints:      96399
c #Conflicts:     497000 | #Constraints:      97399
c #Conflicts:     498000 | #Constraints:      98399
c INPROCESSING
c GARBAGE COLLECT
c #Conflicts:     499000 | #Constraints:      61627
c #Conflicts:     500000 | #Constraints:      62627
c #Conflicts:     501000 | #Constraints:      63627
c #Conflicts:     502000 | #Constraints:      64627
c #Conflicts:     503000 | #Constraints:      65627
c #Conflicts:     504000 | #Constraints:      66627
c #Conflicts:     505000 | #Constraints:      67627
c #Conflicts:     506000 | #Constraints:      68627
c #Conflicts:     507000 | #Constraints:      69627
c #Conflicts:     508000 | #Constraints:      70627
c #Conflicts:     509000 | #Constraints:      71627
c #Conflicts:     510000 | #Constraints:      72627
c bounds -4826 >= -10398 @ 8313.58
c #Conflicts:     511000 | #Constraints:      73708
c #Conflicts:     512000 | #Constraints:      74708
c #Conflicts:     513000 | #Constraints:      75708
c