c RoundingSat 2
c branch 
c commit 
c #variables 1494519 #constraints 3230476
c bounds - >= -5571750 @ 13.16
c #Conflicts:       1000 | #Constraints:    3231475
c #Conflicts:       2000 | #Constraints:    3232475
c INPROCESSING
c bounds - >= -5571686 @ 14.0796
c bounds - >= -5571622 @ 14.197
c bounds - >= -5571558 @ 14.3146
c bounds - >= -5571494 @ 14.4332
c bounds - >= -5571430 @ 14.5512
c bounds - >= -5571366 @ 14.67
c bounds - >= -5571302 @ 14.7871
c bounds - >= -5571238 @ 14.905
c bounds - >= -5571174 @ 15.0227
c bounds - >= -5571110 @ 15.1401
c bounds - >= -5571046 @ 15.257
c bounds - >= -5570982 @ 15.3751
c bounds - >= -5570918 @ 15.4922
c bounds - >= -5570854 @ 15.6097
c bounds - >= -5570790 @ 15.7264
c bounds - >= -5570726 @ 15.8443
c bounds - >= -5570662 @ 15.9617
c bounds - >= -5570598 @ 16.0804
c bounds - >= -5570534 @ 16.1988
c bounds - >= -5570470 @ 16.3157
c bounds - >= -5570406 @ 16.4337
c bounds - >= -5570342 @ 16.5536
c bounds - >= -5570278 @ 16.6713
c bounds - >= -5570214 @ 16.789
c bounds - >= -5570150 @ 16.9082
c bounds - >= -5570086 @ 17.0264
c bounds - >= -5570022 @ 17.1461
c bounds - >= -5569958 @ 17.2636
c bounds - >= -5569894 @ 17.3813
c bounds - >= -5569830 @ 17.4982
c bounds - >= -5569766 @ 17.6167
c bounds - >= -5569702 @ 17.7338
c bounds - >= -5569638 @ 17.8528
c bounds - >= -5569574 @ 17.9732
c bounds - >= -5569510 @ 18.0922
c bounds - >= -5569446 @ 18.211
c bounds - >= -5569382 @ 18.3281
c bounds - >= -5569318 @ 18.446
c bounds - >= -5569254 @ 18.5645
c bounds - >= -5569190 @ 18.6831
c bounds - >= -5569126 @ 18.8018
c bounds - >= -5569062 @ 18.9206
c bounds - >= -5568998 @ 19.0413
c bounds - >= -5568934 @ 19.1607
c bounds - >= -5568870 @ 19.2787
c bounds - >= -5568806 @ 19.3978
c bounds - >= -5568742 @ 19.5158
c bounds - >= -5568678 @ 19.6335
c bounds - >= -5568614 @ 19.7516
c bounds - >= -5568550 @ 19.8682
c bounds - >= -5568486 @ 19.985
c bounds - >= -5568422 @ 20.1023
c bounds - >= -5568358 @ 20.219
c bounds - >= -5568294 @ 20.3358
c bounds - >= -5568230 @ 20.4533
c bounds - >= -5568166 @ 20.5726
c bounds - >= -5568102 @ 20.6908
c bounds - >= -5568038 @ 20.808
c bounds - >= -5567974 @ 20.9253
c bounds - >= -5567910 @ 21.0434
c bounds - >= -5567846 @ 21.1614
c bounds - >= -5567782 @ 21.2805
c bounds - >= -5567718 @ 21.3987
c bounds - >= -5567654 @ 21.5168
c bounds - >= -5567590 @ 21.635
c bounds - >= -5567526 @ 21.7549
c bounds - >= -5567462 @ 21.872
c bounds - >= -5567398 @ 21.9909
c bounds - >= -5567334 @ 22.1097
c bounds - >= -5567270 @ 22.228
c bounds - >= -5567206 @ 22.3467
c bounds - >= -5567142 @ 22.4645
c bounds - >= -5567078 @ 22.584
c bounds - >= -5567014 @ 22.7021
c bounds - >= -5566950 @ 22.8201
c bounds - >= -5566886 @ 22.9372
c bounds - >= -5566822 @ 23.0544
c bounds - >= -5566758 @ 23.1734
c bounds - >= -5566694 @ 23.2922
c bounds - >= -5566630 @ 23.4089
c bounds - >= -5566566 @ 23.5282
c bounds - >= -5566502 @ 23.6483
c bounds - >= -5566438 @ 23.7688
c bounds - >= -5566374 @ 23.8871
c bounds - >= -5566310 @ 24.0073
c bounds - >= -5566246 @ 24.1267
c bounds - >= -5566182 @ 24.2462
c bounds - >= -5566118 @ 24.3643
c bounds - >= -5566054 @ 24.4836
c bounds - >= -5565990 @ 24.6031
c bounds - >= -5565926 @ 24.7224
c bounds - >= -5565862 @ 24.8396
c bounds - >= -5565798 @ 24.9573
c bounds - >= -5565734 @ 25.0734
c bounds - >= -5565670 @ 25.1916
c bounds - >= -5565606 @ 25.3104
c bounds - >= -5565542 @ 25.4299
c bounds - >= -5565478 @ 25.5495
c bounds - >= -5565414 @ 25.6682
c bounds - >= -5565350 @ 25.7867
c bounds - >= -5565286 @ 25.905
c bounds - >= -5565222 @ 26.022
c bounds - >= -5565158 @ 26.1396
c bounds - >= -5565094 @ 26.2573
c bounds - >= -5565030 @ 26.3748
c bounds - >= -5564966 @ 26.4922
c bounds - >= -5564902 @ 26.6101
c bounds - >= -5564838 @ 26.7279
c bounds - >= -5564774 @ 26.8463
c bounds - >= -5564710 @ 26.9647
c bounds - >= -5564646 @ 27.0827
c bounds - >= -5564582 @ 27.2018
c bounds - >= -5564518 @ 27.32
c bounds - >= -5564454 @ 27.4391
c bounds - >= -5564390 @ 27.5589
c bounds - >= -5564326 @ 27.6782
c bounds - >= -5564262 @ 27.7964
c bounds - >= -5564198 @ 27.9149
c bounds - >= -5564134 @ 28.0348
c bounds - >= -5564070 @ 28.1535
c bounds - >= -5564006 @ 28.2726
c bounds - >= -5563942 @ 28.3909
c bounds - >= -5563878 @ 28.5092
c bounds - >= -5563814 @ 28.6281
c bounds - >= -5563750 @ 28.7456
c bounds - >= -5563686 @ 28.8633
c bounds - >= -5563622 @ 28.983
c bounds - >= -5563558 @ 29.1028
c bounds - >= -5563494 @ 29.2232
c bounds - >= -5563430 @ 29.3416
c bounds - >= -5563366 @ 29.4598
c bounds - >= -5563302 @ 29.5782
c bounds - >= -5563238 @ 29.696
c bounds - >= -5563174 @ 29.8153
c bounds - >= -5563110 @ 29.9331
c bounds - >= -5563046 @ 30.053
c bounds - >= -5562982 @ 30.1736
c bounds - >= -5562918 @ 30.2941
c bounds - >= -5562854 @ 30.4135
c bounds - >= -5562790 @ 30.5317
c bounds - >= -5562726 @ 30.6507
c bounds - >= -5562662 @ 30.7704
c bounds - >= -5562598 @ 30.8891
c bounds - >= -5562534 @ 31.0077
c bounds - >= -5562470 @ 31.1255
c bounds - >= -5562406 @ 31.244
c bounds - >= -5562342 @ 31.3639
c bounds - >= -5562278 @ 31.4823
c bounds - >= -5562214 @ 31.6028
c bounds - >= -5562150 @ 31.7237
c bounds - >= -5562086 @ 31.8426
c bounds - >= -5562022 @ 31.9612
c bounds - >= -5561958 @ 32.0802
c bounds - >= -5561894 @ 32.1999
c bounds - >= -5561830 @ 32.3188
c bounds - >= -5561766 @ 32.4373
c bounds - >= -5561702 @ 32.5557
c bounds - >= -5561638 @ 32.6745
c bounds - >= -5561574 @ 32.7942
c bounds - >= -5561510 @ 32.9142
c bounds - >= -5561446 @ 33.0339
c bounds - >= -5561382 @ 33.1534
c bounds - >= -5561318 @ 33.2734
c bounds - >= -5561254 @ 33.3907
c bounds - >= -5561190 @ 33.5098
c bounds - >= -5561126 @ 33.6292
c bounds - >= -5561062 @ 33.7479
c bounds - >= -5560998 @ 33.8673
c bounds - >= -5560934 @ 33.987
c bounds - >= -5560870 @ 34.1049
c bounds - >= -5560806 @ 34.2233
c bounds - >= -5560742 @ 34.3409
c bounds - >= -5560678 @ 34.4586
c bounds - >= -5560614 @ 34.5761
c bounds - >= -5560550 @ 34.6943
c bounds - >= -5560486 @ 34.8136
c bounds - >= -5560422 @ 34.9309
c bounds - >= -5560358 @ 35.0485
c bounds - >= -5560294 @ 35.1666
c bounds - >= -5560230 @ 35.2848
c bounds - >= -5560166 @ 35.4034
c bounds - >= -5560102 @ 35.5206
c bounds - >= -5560038 @ 35.6389
c bounds - >= -5559974 @ 35.7572
c bounds - >= -5559910 @ 35.8757
c bounds - >= -5559846 @ 35.9942
c bounds - >= -5559782 @ 36.1125
c bounds - >= -5559718 @ 36.231
c bounds - >= -5559654 @ 36.3494
c bounds - >= -5559590 @ 36.4688
c bounds - >= -5559526 @ 36.5879
c bounds - >= -5559462 @ 36.7061
c bounds - >= -5559398 @ 36.8253
c bounds - >= -5559334 @ 36.9447
c bounds - >= -5559270 @ 37.0635
c bounds - >= -5559206 @ 37.1813
c bounds - >= -5559142 @ 37.2982
c bounds - >= -5559078 @ 37.4156
c bounds - >= -5559014 @ 37.5357
c bounds - >= -5558950 @ 37.6543
c bounds - >= -5558886 @ 37.772
c bounds - >= -5558822 @ 37.8897
c bounds - >= -5558758 @ 38.0084
c bounds - >= -5558694 @ 38.126
c bounds - >= -5558630 @ 38.2433
c bounds - >= -5558566 @ 38.3627
c bounds - >= -5558502 @ 38.4806
c bounds - >= -5558438 @ 38.5981
c bounds - >= -5558374 @ 38.7157
c bounds - >= -5558310 @ 38.8364
c bounds - >= -5558246 @ 38.9561
c bounds - >= -5558182 @ 39.0751
c bounds - >= -5558118 @ 39.195
c bounds - >= -5558054 @ 39.3135
c bounds - >= -5557990 @ 39.4332
c bounds - >= -5557926 @ 39.5539
c bounds - >= -5557862 @ 39.6734
c bounds - >= -5557798 @ 39.7935
c bounds - >= -5557734 @ 39.9122
c bounds - >= -5557670 @ 40.0324
c bounds - >= -5557606 @ 40.1513
c bounds - >= -5557542 @ 40.2722
c bounds - >= -5557478 @ 40.3906
c bounds - >= -5557414 @ 40.5093
c bounds - >= -5557350 @ 40.628
c bounds - >= -5557286 @ 40.7464
c bounds - >= -5557222 @ 40.8647
c bounds - >= -5557158 @ 40.9837
c bounds - >= -5557094 @ 41.1031
c bounds - >= -5557030 @ 41.2229
c bounds - >= -5556966 @ 41.3421
c bounds - >= -5556902 @ 41.4621
c bounds - >= -5556838 @ 41.5799
c bounds - >= -5556774 @ 41.6987
c bounds - >= -5556710 @ 41.817
c bounds - >= -5556646 @ 41.9361
c bounds - >= -5556582 @ 42.0549
c bounds - >= -5556518 @ 42.1736
c bounds - >= -5556454 @ 42.2929
c bounds - >= -5556390 @ 42.4123
c bounds - >= -5556326 @ 42.5318
c bounds - >= -5556262 @ 42.651
c bounds - >= -5556198 @ 42.7698
c bounds - >= -5556134 @ 42.8895
c bounds - >= -5556070 @ 43.0083
c bounds - >= -5556006 @ 43.127
c bounds - >= -5555942 @ 43.245
c bounds - >= -5555878 @ 43.3637
c bounds - >= -5555814 @ 43.4806
c bounds - >= -5555750 @ 43.5982
c bounds - >= -5555686 @ 43.7158
c bounds - >= -5555622 @ 43.8335
c bounds - >= -5555558 @ 43.9508
c bounds - >= -5555494 @ 44.0685
c bounds - >= -5555430 @ 44.1859
c bounds - >= -5555366 @ 44.3047
c bounds - >= -5555302 @ 44.4231
c bounds - >= -5555238 @ 44.542
c bounds - >= -5555174 @ 44.6604
c bounds - >= -5555110 @ 44.7793
c bounds - >= -5555046 @ 44.8971
c bounds - >= -5554982 @ 45.0158
c bounds - >= -5554918 @ 45.1346
c bounds - >= -5554854 @ 45.2529
c bounds - >= -5554790 @ 45.3715
c bounds - >= -5554726 @ 45.4911
c bounds - >= -5554662 @ 45.6095
c bounds - >= -5554598 @ 45.7278
c bounds - >= -5554534 @ 45.8476
c bounds - >= -5554470 @ 45.9659
c bounds - >= -5554406 @ 46.0862
c bounds - >= -5554342 @ 46.2054
c bounds - >= -5554278 @ 46.3249
c bounds - >= -5554214 @ 46.443
c bounds - >= -5554150 @ 46.5616
c bounds - >= -5554086 @ 46.6806
c bounds - >= -5554022 @ 46.8002
c bounds - >= -5553958 @ 46.9188
c bounds - >= -5553894 @ 47.0366
c bounds - >= -5553830 @ 47.1551
c bounds - >= -5553766 @ 47.2729
c bounds - >= -5553702 @ 47.3908
c bounds - >= -5553638 @ 47.5086
c bounds - >= -5553574 @ 47.6281
c bounds - >= -5553510 @ 47.7468
c bounds - >= -5553446 @ 47.8682
c bounds - >= -5553382 @ 47.987
c bounds - >= -5553318 @ 48.1056
c bounds - >= -5553254 @ 48.2241
c bounds - >= -5553190 @ 48.3433
c bounds - >= -5553126 @ 48.4625
c bounds - >= -5553062 @ 48.5806
c bounds - >= -5552998 @ 48.6998
c bounds - >= -5552934 @ 48.819
c bounds - >= -5552870 @ 48.9379
c bounds - >= -5552806 @ 49.0564
c bounds - >= -5552742 @ 49.1754
c bounds - >= -5552678 @ 49.2946
c bounds - >= -5552614 @ 49.4125
c bounds - >= -5552550 @ 49.5314
c bounds - >= -5552486 @ 49.6494
c bounds - >= -5552422 @ 49.7689
c bounds - >= -5552358 @ 49.8881
c bounds - >= -5552294 @ 50.0076
c bounds - >= -5552230 @ 50.1267
c bounds - >= -5552166 @ 50.2458
c bounds - >= -5552102 @ 50.3653
c bounds - >= -5552038 @ 50.4849
c bounds - >= -5551974 @ 50.6029
c bounds - >= -5551910 @ 50.7227
c bounds - >= -5551846 @ 50.8413
c bounds - >= -5551782 @ 50.9607
c bounds - >= -5551718 @ 51.0793
c bounds - >= -5551654 @ 51.1975
c bounds - >= -5551590 @ 51.3162
c bounds - >= -5551526 @ 51.4372
c bounds - >= -5551462 @ 51.5566
c bounds - >= -5551398 @ 51.676
c bounds - >= -5551334 @ 51.7941
c bounds - >= -5551270 @ 51.9138
c bounds - >= -5551206 @ 52.0328
c bounds - >= -5551142 @ 52.1532
c bounds - >= -5551078 @ 52.2737
c bounds - >= -5551014 @ 52.3929
c bounds - >= -5550950 @ 52.5113
c bounds - >= -5550886 @ 52.6303
c bounds - >= -5550822 @ 52.7498
c bounds - >= -5550758 @ 52.8694
c bounds - >= -5550694 @ 52.9891
c bounds - >= -5550630 @ 53.1072
c bounds - >= -5550566 @ 53.2274
c bounds - >= -5550502 @ 53.347
c bounds - >= -5550438 @ 53.467
c bounds - >= -5550374 @ 53.5865
c bounds - >= -5550310 @ 53.7064
c bounds - >= -5550246 @ 53.8257
c bounds - >= -5550182 @ 53.9439
c bounds - >= -5550118 @ 54.0623
c bounds - >= -5550054 @ 54.1812
c bounds - >= -5549990 @ 54.3004
c bounds - >= -5549926 @ 54.4198
c bounds - >= -5549862 @ 54.539
c bounds - >= -5549798 @ 54.6584
c bounds - >= -5549734 @ 54.7776
c bounds - >= -5549670 @ 54.8984
c bounds - >= -5549606 @ 55.0177
c bounds - >= -5549542 @ 55.1369
c bounds - >= -5549478 @ 55.256
c bounds - >= -5549414 @ 55.3741
c bounds - >= -5549350 @ 55.4933
c bounds - >= -5549286 @ 55.6119
c bounds - >= -5549222 @ 55.7317
c bounds - >= -5549158 @ 55.8494
c bounds - >= -5549094 @ 55.9683
c bounds - >= -5549030 @ 56.087
c bounds - >= -5548966 @ 56.2059
c bounds - >= -5548902 @ 56.325
c bounds - >= -5548838 @ 56.4443
c bounds - >= -5548774 @ 56.5633
c bounds - >= -5548710 @ 56.6812
c bounds - >= -5548646 @ 56.7995
c bounds - >= -5548582 @ 56.9187
c bounds - >= -5548518 @ 57.0377
c bounds - >= -5548454 @ 57.1579
c bounds - >= -5548390 @ 57.2774
c bounds - >= -5548326 @ 57.3973
c bounds - >= -5548262 @ 57.5178
c bounds - >= -5548198 @ 57.6383
c bounds - >= -5548134 @ 57.7575
c bounds - >= -5548070 @ 57.8769
c bounds - >= -5548006 @ 57.9959
c bounds - >= -5547942 @ 58.1149
c bounds - >= -5547878 @ 58.2345
c bounds - >= -5547814 @ 58.3538
c bounds - >= -5547750 @ 58.4736
c bounds - >= -5547686 @ 58.5918
c bounds - >= -5547622 @ 58.7102
c bounds - >= -5547558 @ 58.8294
c bounds - >= -5547494 @ 58.9496
c bounds - >= -5547430 @ 59.0687
c bounds - >= -5547366 @ 59.1882
c bounds - >= -5547302 @ 59.3065
c bounds - >= -5547238 @ 59.4248
c bounds - >= -5547174 @ 59.5447
c bounds - >= -5547110 @ 59.6653
c bounds - >= -5547046 @ 59.7859
c bounds - >= -5546982 @ 59.9054
c bounds - >= -5546918 @ 60.0257
c bounds - >= -5546854 @ 60.1467
c bounds - >= -5546790 @ 60.266
c bounds - >= -5546726 @ 60.3858
c bounds - >= -5546662 @ 60.5047
c bounds - >= -5546598 @ 60.6247
c bounds - >= -5546534 @ 60.7426
c bounds - >= -5546470 @ 60.8613
c bounds - >= -5546406 @ 60.9814
c bounds - >= -5546342 @ 61.1001
c bounds - >= -5546278 @ 61.2205
c bounds - >= -5546214 @ 61.3394
c bounds - >= -5546150 @ 61.4591
c bounds - >= -5546086 @ 61.5798
c bounds - >= -5546022 @ 61.7006
c bounds - >= -5545958 @ 61.8197
c bounds - >= -5545894 @ 61.9392
c bounds - >= -5545830 @ 62.0602
c bounds - >= -5545766 @ 62.1804
c bounds - >= -5545702 @ 62.2999
c bounds - >= -5545638 @ 62.4205
c bounds - >= -5545574 @ 62.5404
c bounds - >= -5545510 @ 62.6606
c bounds - >= -5545446 @ 62.779
c bounds - >= -5545382 @ 62.8979
c bounds - >= -5545318 @ 63.0169
c bounds - >= -5545254 @ 63.1366
c bounds - >= -5545190 @ 63.2575
c bounds - >= -5545126 @ 63.3766
c bounds - >= -5545062 @ 63.4961
c bounds - >= -5544998 @ 63.6155
c bounds - >= -5544934 @ 63.7358
c bounds - >= -5544870 @ 63.8557
c bounds - >= -5544806 @ 63.9753
c bounds - >= -5544742 @ 64.0945
c bounds - >= -5544678 @ 64.2135
c bounds - >= -5544614 @ 64.3335
c bounds - >= -5544550 @ 64.4538
c bounds - >= -5544486 @ 64.5735
c bounds - >= -5544422 @ 64.6939
c bounds - >= -5544358 @ 64.8119
c bounds - >= -5544294 @ 64.9311
c bounds - >= -5544230 @ 65.0519
c bounds - >= -5544166 @ 65.1734
c bounds - >= -5544102 @ 65.2939
c bounds - >= -5544038 @ 65.4137
c bounds - >= -5543974 @ 65.534
c bounds - >= -5543910 @ 65.6529
c bounds - >= -5543846 @ 65.773
c bounds - >= -5543782 @ 65.8927
c bounds - >= -5543718 @ 66.0115
c bounds - >= -5543654 @ 66.1328
c bounds - >= -5543590 @ 66.252
c bounds - >= -5543526 @ 66.3711
c bounds - >= -5543462 @ 66.4906
c bounds - >= -5543398 @ 66.6093
c bounds - >= -5543334 @ 66.728
c bounds - >= -5543270 @ 66.8462
c bounds - >= -5543206 @ 66.9667
c bounds - >= -5543142 @ 67.0856
c bounds - >= -5543078 @ 67.2059
c bounds - >= -5543014 @ 67.3257
c bounds - >= -5542950 @ 67.4458
c bounds - >= -5542886 @ 67.5648
c bounds - >= -5542822 @ 67.6842
c bounds - >= -5542758 @ 67.8038
c bounds - >= -5542694 @ 67.9237
c bounds - >= -5542630 @ 68.0448
c bounds - >= -5542566 @ 68.1642
c bounds - >= -5542502 @ 68.283
c bounds - >= -5542438 @ 68.4024
c bounds - >= -5542374 @ 68.5224
c bounds - >= -5542310 @ 68.6422
c bounds - >= -5542246 @ 68.7604
c bounds - >= -5542182 @ 68.8787
c bounds - >= -5542118 @ 68.9983
c bounds - >= -5542054 @ 69.117
c bounds - >= -5541990 @ 69.2367
c bounds - >= -5541926 @ 69.356
c bounds - >= -5541862 @ 69.4758
c bounds - >= -5541798 @ 69.595
c bounds - >= -5541734 @ 69.715
c bounds - >= -5541670 @ 69.8351
c bounds - >= -5541606 @ 69.9529
c bounds - >= -5541542 @ 70.0713
c bounds - >= -5541478 @ 70.1902
c bounds - >= -5541414 @ 70.3098
c bounds - >= -5541350 @ 70.4303
c bounds - >= -5541286 @ 70.5514
c bounds - >= -5541222 @ 70.6717
c bounds - >= -5541158 @ 70.7907
c bounds - >= -5541094 @ 70.9103
c bounds - >= -5541030 @ 71.03
c bounds - >= -5540966 @ 71.1485
c bounds - >= -5540902 @ 71.2668
c bounds - >= -5540838 @ 71.3865
c bounds - >= -5540774 @ 71.5065
c bounds - >= -5540710 @ 71.6256
c bounds - >= -5540646 @ 71.7457
c bounds - >= -5540582 @ 71.8653
c bounds - >= -5540518 @ 71.9851
c bounds - >= -5540454 @ 72.1051
c bounds - >= -5540390 @ 72.225
c bounds - >= -5540326 @ 72.344
c bounds - >= -5540262 @ 72.464
c bounds - >= -5540198 @ 72.5837
c bounds - >= -5540134 @ 72.7025
c bounds - >= -5540070 @ 72.8229
c bounds - >= -5540006 @ 72.9432
c bounds - >= -5539942 @ 73.0611
c bounds - >= -5539878 @ 73.1813
c bounds - >= -5539814 @ 73.301
c bounds - >= -5539750 @ 73.4199
c bounds - >= -5539686 @ 73.5412
c bounds - >= -5539622 @ 73.6616
c bounds - >= -5539558 @ 73.7812
c bounds - >= -5539494 @ 73.9009
c bounds - >= -5539430 @ 74.0195
c bounds - >= -5539366 @ 74.1396
c bounds - >= -5539302 @ 74.2589
c bounds - >= -5539238 @ 74.379
c bounds - >= -5539174 @ 74.4979
c bounds - >= -5539110 @ 74.617
c bounds - >= -5539046 @ 74.7377
c bounds - >= -5538982 @ 74.8567
c bounds - >= -5538918 @ 74.9757
c bounds - >= -5538854 @ 75.0951
c bounds - >= -5538790 @ 75.2132
c bounds - >= -5538726 @ 75.3332
c bounds - >= -5538662 @ 75.4523
c bounds - >= -5538598 @ 75.5722
c bounds - >= -5538534 @ 75.6911
c bounds - >= -5538470 @ 75.8104
c bounds - >= -5538406 @ 75.9302
c bounds - >= -5538342 @ 76.0497
c bounds - >= -5538278 @ 76.1691
c bounds - >= -5538214 @ 76.2884
c bounds - >= -5538150 @ 76.4075
c bounds - >= -5538086 @ 76.5278
c bounds - >= -5538022 @ 76.6468
c bounds - >= -5537958 @ 76.7653
c bounds - >= -5537894 @ 76.885
c bounds - >= -5537830 @ 77.0025
c bounds - >= -5537766 @ 77.1217
c bounds - >= -5537702 @ 77.2414
c bounds - >= -5537638 @ 77.3602
c bounds - >= -5537574 @ 77.4805
c bounds - >= -5537510 @ 77.5998
c bounds - >= -5537446 @ 77.7178
c bounds - >= -5537382 @ 77.8356
c bounds - >= -5537318 @ 77.9543
c bounds - >= -5537254 @ 78.0732
c bounds - >= -5537190 @ 78.193
c bounds - >= -5537126 @ 78.3131
c bounds - >= -5537062 @ 78.4312
c bounds - >= -5536998 @ 78.5498
c bounds - >= -5536934 @ 78.6693
c bounds - >= -5536870 @ 78.7885
c bounds - >= -5536806 @ 78.9072
c bounds - >= -5536742 @ 79.025
c bounds - >= -5536678 @ 79.1444
c bounds - >= -5536614 @ 79.2638
c bounds - >= -5536550 @ 79.3832
c bounds - >= -5536486 @ 79.5028
c bounds - >= -5536422 @ 79.622
c bounds - >= -5536358 @ 79.7414
c bounds - >= -5536294 @ 79.8611
c bounds - >= -5536230 @ 79.9813
c bounds - >= -5536166 @ 80.1
c bounds - >= -5536102 @ 80.2185
c bounds - >= -5536038 @ 80.3385
c bounds - >= -5535974 @ 80.458
c bounds - >= -5535910 @ 80.5773
c bounds - >= -5535846 @ 80.6983
c bounds - >= -5535782 @ 80.8189
c bounds - >= -5535718 @ 80.938
c bounds - >= -5535654 @ 81.0571
c bounds - >= -5535590 @ 81.1769
c bounds - >= -5535526 @ 81.2964
c bounds - >= -5535462 @ 81.416
c bounds - >= -5535398 @ 81.535
c bounds - >= -5535334 @ 81.6549
c bounds - >= -5535270 @ 81.7744
c bounds - >= -5535206 @ 81.8938
c bounds - >= -5535142 @ 82.0131
c bounds - >= -5535078 @ 82.1331
c bounds - >= -5535014 @ 82.2527
c bounds - >= -5534950 @ 82.3735
c bounds - >= -5534886 @ 82.4923
c bounds - >= -5534822 @ 82.6109
c bounds - >= -5534758 @ 82.73
c bounds - >= -5534694 @ 82.8481
c bounds - >= -5534630 @ 82.9656
c bounds - >= -5534566 @ 83.083
c bounds - >= -5534502 @ 83.2022
c bounds - >= -5534438 @ 83.3203
c bounds - >= -5534374 @ 83.4393
c bounds - >= -5534310 @ 83.5579
c bounds - >= -5534246 @ 83.6772
c bounds - >= -5534182 @ 83.7967
c bounds - >= -5534118 @ 83.9159
c bounds - >= -5534054 @ 84.0349
c bounds - >= -5533990 @ 84.1531
c bounds - >= -5533926 @ 84.2719
c bounds - >= -5533862 @ 84.3907
c bounds - >= -5533798 @ 84.51
c bounds - >= -5533734 @ 84.6308
c bounds - >= -5533670 @ 84.7503
c bounds - >= -5533606 @ 84.8707
c bounds - >= -5533542 @ 84.9896
c bounds - >= -5533478 @ 85.11
c bounds - >= -5533414 @ 85.2304
c bounds - >= -5533350 @ 85.3498
c bounds - >= -5533286 @ 85.4705
c bounds - >= -5533222 @ 85.5911
c bounds - >= -5533158 @ 85.7107
c bounds - >= -5533094 @ 85.8311
c bounds - >= -5533030 @ 85.9507
c bounds - >= -5532966 @ 86.0703
c bounds - >= -5532902 @ 86.1896
c bounds - >= -5532838 @ 86.3095
c bounds - >= -5532774 @ 86.4287
c bounds - >= -5532710 @ 86.548
c bounds - >= -5532646 @ 86.6667
c bounds - >= -5532582 @ 86.7855
c bounds - >= -5532518 @ 86.9043
c bounds - >= -5532454 @ 87.0225
c bounds - >= -5532390 @ 87.1408
c bounds - >= -5532326 @ 87.2588
c bounds - >= -5532262 @ 87.3777
c bounds - >= -5532198 @ 87.4961
c bounds - >= -5532134 @ 87.6136
c bounds - >= -5532070 @ 87.7306
c bounds - >= -5532006 @ 87.8484
c bounds - >= -5531942 @ 87.9685
c bounds - >= -5531878 @ 88.0876
c bounds - >= -5531814 @ 88.2077
c bounds - >= -5531750 @ 88.3253
c bounds - >= -5531686 @ 88.4445
c bounds - >= -5531622 @ 88.5631
c bounds - >= -5531558 @ 88.6817
c bounds - >= -5531494 @ 88.8007
c bounds - >= -5531430 @ 88.9205
c bounds - >= -5531366 @ 89.0397
c bounds - >= -5531302 @ 89.159
c bounds - >= -5531238 @ 89.2784
c bounds - >= -5531174 @ 89.3967
c bounds - >= -5531110 @ 89.515
c bounds - >= -5531046 @ 89.6324
c bounds - >= -5530982 @ 89.7519
c bounds - >= -5530918 @ 89.8711
c bounds - >= -5530854 @ 89.9894
c bounds - >= -5530790 @ 90.1079
c bounds - >= -5530726 @ 90.2262
c bounds - >= -5530662 @ 90.3455
c bounds - >= -5530598 @ 90.4652
c bounds - >= -5530534 @ 90.5848
c bounds - >= -5530470 @ 90.7053
c bounds - >= -5530406 @ 90.8247
c bounds - >= -5530342 @ 90.9455
c bounds - >= -5530278 @ 91.0643
c bounds - >= -5530214 @ 91.183
c bounds - >= -5530150 @ 91.3031
c bounds - >= -5530086 @ 91.422
c bounds - >= -5530022 @ 91.5403
c bounds - >= -5529958 @ 91.6597
c bounds - >= -5529894 @ 91.7788
c bounds - >= -5529830 @ 91.8979
c bounds - >= -5529766 @ 92.0175
c bounds - >= -5529702 @ 92.1363
c bounds - >= -5529638 @ 92.2553
c bounds - >= -5529574 @ 92.3739
c bounds - >= -5529510 @ 92.492
c bounds - >= -5529446 @ 92.6122
c bounds - >= -5529382 @ 92.7315
c bounds - >= -5529318 @ 92.8513
c bounds - >= -5529254 @ 92.9691
c bounds - >= -5529190 @ 93.0873
c bounds - >= -5529126 @ 93.2061
c bounds - >= -5529062 @ 93.3253
c bounds - >= -5528998 @ 93.445
c bounds - >= -5528934 @ 93.5642
c bounds - >= -5528870 @ 93.6827
c bounds - >= -5528806 @ 93.8015
c bounds - >= -5528742 @ 93.9211
c bounds - >= -5528678 @ 94.0397
c bounds - >= -5528614 @ 94.1579
c bounds - >= -5528550 @ 94.2768
c bounds - >= -5528486 @ 94.3961
c bounds - >= -5528422 @ 94.5155
c bounds - >= -5528358 @ 94.6355
c bounds - >= -5528294 @ 94.7537
c bounds - >= -5528230 @ 94.8722
c bounds - >= -5528166 @ 94.9905
c bounds - >= -5528102 @ 95.1106
c bounds - >= -5528038 @ 95.2297
c bounds - >= -5527974 @ 95.3498
c bounds - >= -5527910 @ 95.4691
c bounds - >= -5527846 @ 95.5881
c bounds - >= -5527782 @ 95.7069
c bounds - >= -5527718 @ 95.8258
c bounds - >= -5527654 @ 95.9449
c bounds - >= -5527590 @ 96.0642
c bounds - >= -5527526 @ 96.183
c bounds - >= -5527462 @ 96.3017
c bounds - >= -5527398 @ 96.4211
c bounds - >= -5527334 @ 96.5403
c bounds - >= -5527270 @ 96.6598
c bounds - >= -5527206 @ 96.7779
c bounds - >= -5527142 @ 96.8958
c bounds - >= -5527078 @ 97.0159
c bounds - >= -5527014 @ 97.1352
c bounds - >= -5526950 @ 97.2556
c bounds - >= -5526886 @ 97.3755
c bounds - >= -5526822 @ 97.496
c bounds - >= -5526758 @ 97.6148
c bounds - >= -5526694 @ 97.7352
c bounds - >= -5526630 @ 97.8551
c bounds - >= -5526566 @ 97.974
c bounds - >= -5526502 @ 98.0931
c bounds - >= -5526438 @ 98.2134
c bounds - >= -5526374 @ 98.3324
c bounds - >= -5526310 @ 98.4522
c bounds - >= -5526246 @ 98.5721
c bounds - >= -5526182 @ 98.6917
c bounds - >= -5526118 @ 98.8096
c bounds - >= -5526054 @ 98.9294
c bounds - >= -5525990 @ 99.0492
c bounds - >= -5525926 @ 99.1681
c bounds - >= -5525862 @ 99.2874
c bounds - >= -5525798 @ 99.4061
c bounds - >= -5525734 @ 99.5254
c bounds - >= -5525670 @ 99.6449
c bounds - >= -5525606 @ 99.7631
c bounds - >= -5525542 @ 99.8821
c bounds - >= -5525478 @ 100
c bounds - >= -5525414 @ 100.12
c bounds - >= -5525350 @ 100.239
c bounds - >= -5525286 @ 100.358
c bounds - >= -5525222 @ 100.478
c bounds - >= -5525158 @ 100.597
c bounds - >= -5525094 @ 100.715
c bounds - >= -5525030 @ 100.834
c bounds - >= -5524966 @ 100.953
c bounds - >= -5524902 @ 101.07
c bounds - >= -5524838 @ 101.19
c bounds - >= -5524774 @ 101.31
c bounds - >= -5524710 @ 101.428
c bounds - >= -5524646 @ 101.547
c bounds - >= -5524582 @ 101.666
c bounds - >= -5524518 @ 101.786
c bounds - >= -5524454 @ 101.904
c bounds - >= -5524390 @ 102.024
c bounds - >= -5524326 @ 102.143
c bounds - >= -5524262 @ 102.262
c bounds - >= -5524198 @ 102.382
c bounds - >= -5524134 @ 102.501
c bounds - >= -5524070 @ 102.62
c bounds - >= -5524006 @ 102.739
c bounds - >= -5523942 @ 102.858
c bounds - >= -5523878 @ 102.977
c bounds - >= -5523814 @ 103.097
c bounds - >= -5523750 @ 103.217
c bounds - >= -5523686 @ 103.338
c bounds - >= -5523622 @ 103.457
c bounds - >= -5523558 @ 103.578
c bounds - >= -5523494 @ 103.699
c bounds - >= -5523430 @ 103.819
c bounds - >= -5523366 @ 103.939
c bounds - >= -5523302 @ 104.058
c bounds - >= -5523238 @ 104.178
c bounds - >= -5523174 @ 104.298
c bounds - >= -5523110 @ 104.418
c bounds - >= -5523046 @ 104.539
c bounds - >= -5522982 @ 104.66
c bounds - >= -5522918 @ 104.781
c bounds - >= -5522854 @ 104.899
c bounds - >= -5522790 @ 105.018
c bounds - >= -5522726 @ 105.136
c bounds - >= -5522662 @ 105.257
c bounds - >= -5522598 @ 105.378
c bounds - >= -5522534 @ 105.498
c bounds - >= -5522470 @ 105.618
c bounds - >= -5522406 @ 105.738
c bounds - >= -5522342 @ 105.86
c bounds - >= -5522278 @ 105.98
c bounds - >= -5522214 @ 106.101
c bounds - >= -5522150 @ 106.22
c bounds - >= -5522086 @ 106.338
c bounds - >= -5522022 @ 106.457
c bounds - >= -5521958 @ 106.577
c bounds - >= -5521894 @ 106.698
c bounds - >= -5521830 @ 106.818
c bounds - >= -5521766 @ 106.937
c bounds - >= -5521702 @ 107.059
c bounds - >= -5521638 @ 107.179
c bounds - >= -5521574 @ 107.299
c bounds - >= -5521510 @ 107.419
c bounds - >= -5521446 @ 107.539
c bounds - >= -5521382 @ 107.659
c bounds - >= -5521318 @ 107.778
c bounds - >= -5521254 @ 107.898
c bounds - >= -5521190 @ 108.019
c bounds - >= -5521126 @ 108.14
c bounds - >= -5521062 @ 108.26
c bounds - >= -5520998 @ 108.378
c bounds - >= -5520934 @ 108.498
c bounds - >= -5520870 @ 108.617
c bounds - >= -5520806 @ 108.737
c bounds - >= -5520742 @ 108.858
c bounds - >= -5520678 @ 108.978
c bounds - >= -5520614 @ 109.098
c bounds - >= -5520550 @ 109.219
c bounds - >= -5520486 @ 109.339
c bounds - >= -5520422 @ 109.46
c bounds - >= -5520358 @ 109.583
c bounds - >= -5520294 @ 109.704
c bounds - >= -5520230 @ 109.823
c bounds - >= -5520166 @ 109.942
c bounds - >= -5520102 @ 110.061
c bounds - >= -5520038 @ 110.182
c bounds - >= -5519974 @ 110.304
c bounds - >= -5519910 @ 110.424
c bounds - >= -5519846 @ 110.546
c bounds - >= -5519782 @ 110.666
c bounds - >= -5519718 @ 110.787
c bounds - >= -5519654 @ 110.907
c bounds - >= -5519590 @ 111.026
c bounds - >= -5519526 @ 111.147
c bounds - >= -5519462 @ 111.265
c bounds - >= -5519398 @ 111.385
c bounds - >= -5519334 @ 111.504
c bounds - >= -5519270 @ 111.625
c bounds - >= -5519206 @ 111.743
c bounds - >= -5519142 @ 111.864
c bounds - >= -5519078 @ 111.983
c bounds - >= -5519014 @ 112.101
c bounds - >= -5518950 @ 112.22
c bounds - >= -5518886 @ 112.339
c bounds - >= -5518822 @ 112.458
c bounds - >= -5518758 @ 112.577
c bounds - >= -5518694 @ 112.697
c bounds - >= -5518630 @ 112.815
c bounds - >= -5518566 @ 112.934
c bounds - >= -5518502 @ 113.053
c bounds - >= -5518438 @ 113.173
c bounds - >= -5518374 @ 113.292
c bounds - >= -5518310 @ 113.411
c bounds - >= -5518246 @ 113.532
c bounds - >= -5518182 @ 113.652
c bounds - >= -5518118 @ 113.769
c bounds - >= -5518054 @ 113.889
c bounds - >= -5517990 @ 114.01
c bounds - >= -5517926 @ 114.13
c bounds - >= -5517862 @ 114.251
c bounds - >= -5517798 @ 114.372
c bounds - >= -5517734 @ 114.492
c bounds - >= -5517670 @ 114.609
c bounds - >= -5517606 @ 114.728
c bounds - >= -5517542 @ 114.847
c bounds - >= -5517478 @ 114.966
c bounds - >= -5517414 @ 115.086
c bounds - >= -5517350 @ 115.206
c bounds - >= -5517286 @ 115.325
c bounds - >= -5517222 @ 115.445
c bounds - >= -5517158 @ 115.566
c bounds - >= -5517094 @ 115.685
c bounds - >= -5517030 @ 115.803
c bounds - >= -5516966 @ 115.921
c bounds - >= -5516902 @ 116.041
c bounds - >= -5516838 @ 116.159
c bounds - >= -5516774 @ 116.279
c bounds - >= -5516710 @ 116.398
c bounds - >= -5516646 @ 116.518
c bounds - >= -5516582 @ 116.637
c bounds - >= -5516518 @ 116.757
c bounds - >= -5516454 @ 116.876
c bounds - >= -5516390 @ 116.995
c bounds - >= -5516326 @ 117.116
c bounds - >= -5516262 @ 117.235
c bounds - >= -5516198 @ 117.356
c bounds - >= -5516134 @ 117.476
c bounds - >= -5516070 @ 117.596
c bounds - >= -5516006 @ 117.716
c bounds - >= -5515942 @ 117.838
c bounds - >= -5515878 @ 117.956
c bounds - >= -5515814 @ 118.074
c bounds - >= -5515750 @ 118.194
c bounds - >= -5515686 @ 118.314
c bounds - >= -5515622 @ 118.432
c bounds - >= -5515558 @ 118.553
c bounds - >= -5515494 @ 118.673
c bounds - >= -5515430 @ 118.791
c bounds - >= -5515366 @ 118.911
c bounds - >= -5515302 @ 119.031
c bounds - >= -5515238 @ 119.151
c bounds - >= -5515174 @ 119.27
c bounds - >= -5515110 @ 119.389
c bounds - >= -5515046 @ 119.51
c bounds - >= -5514982 @ 119.628
c bounds - >= -5514918 @ 119.747
c bounds - >= -5514854 @ 119.867
c bounds - >= -5514790 @ 119.985
c bounds - >= -5514726 @ 120.102
c bounds - >= -5514662 @ 120.222
c bounds - >= -5514598 @ 120.342
c bounds - >= -5514534 @ 120.46
c bounds - >= -5514470 @ 120.58
c bounds - >= -5514406 @ 120.698
c bounds - >= -5514342 @ 120.818
c bounds - >= -5514278 @ 120.939
c bounds - >= -5514214 @ 121.058
c bounds - >= -5514150 @ 121.177
c bounds - >= -5514086 @ 121.296
c bounds - >= -5514022 @ 121.416
c bounds - >= -5513958 @ 121.535
c bounds - >= -5513894 @ 121.655
c bounds - >= -5513830 @ 121.775
c bounds - >= -5513766 @ 121.896
c bounds - >= -5513702 @ 122.015
c bounds - >= -5513638 @ 122.136
c bounds - >= -5513574 @ 122.256
c bounds - >= -5513510 @ 122.375
c bounds - >= -5513446 @ 122.494
c bounds - >= -5513382 @ 122.614
c bounds - >= -5513318 @ 122.732
c bounds - >= -5513254 @ 122.85
c bounds - >= -5513190 @ 122.969
c bounds - >= -5513126 @ 123.089
c bounds - >= -5513062 @ 123.207
c bounds - >= -5512998 @ 123.325
c bounds - >= -5512934 @ 123.445
c bounds - >= -5512870 @ 123.564
c bounds - >= -5512806 @ 123.684
c bounds - >= -5512742 @ 123.804
c bounds - >= -5512678 @ 123.924
c bounds - >= -5512614 @ 124.042
c bounds - >= -5512550 @ 124.161
c bounds - >= -5512486 @ 124.281
c bounds - >= -5512422 @ 124.4
c bounds - >= -5512358 @ 124.518
c bounds - >= -5512294 @ 124.637
c bounds - >= -5512230 @ 124.756
c bounds - >= -5512166 @ 124.876
c bounds - >= -5512102 @ 124.993
c bounds - >= -5512038 @ 125.112
c bounds - >= -5511974 @ 125.231
c bounds - >= -5511910 @ 125.352
c bounds - >= -5511846 @ 125.471
c bounds - >= -5511782 @ 125.591
c bounds - >= -5511718 @ 125.71
c bounds - >= -5511654 @ 125.829
c bounds - >= -5511590 @ 125.948
c bounds - >= -5511526 @ 126.068
c bounds - >= -5511462 @ 126.188
c bounds - >= -5511398 @ 126.308
c bounds - >= -5511334 @ 126.428
c bounds - >= -5511270 @ 126.547
c bounds - >= -5511206 @ 126.667
c bounds - >= -5511142 @ 126.787
c bounds - >= -5511078 @ 126.908
c bounds - >= -5511014 @ 127.028
c bounds - >= -5510950 @ 127.149
c bounds - >= -5510886 @ 127.268
c bounds - >= -5510822 @ 127.388
c bounds - >= -5510758 @ 127.509
c bounds - >= -5510694 @ 127.631
c bounds - >= -5510630 @ 127.751
c bounds - >= -5510566 @ 127.871
c bounds - >= -5510502 @ 127.993
c bounds - >= -5510438 @ 128.114
c bounds - >= -5510374 @ 128.236
c bounds - >= -5510310 @ 128.357
c bounds - >= -5510246 @ 128.477
c bounds - >= -5510182 @ 128.599
c bounds - >= -5510118 @ 128.719
c bounds - >= -5510054 @ 128.84
c bounds - >= -5509990 @ 128.96
c bounds - >= -5509926 @ 129.082
c bounds - >= -5509862 @ 129.202
c bounds - >= -5509798 @ 129.321
c bounds - >= -5509734 @ 129.443
c bounds - >= -5509670 @ 129.562
c bounds - >= -5509606 @ 129.683
c bounds - >= -5509542 @ 129.805
c bounds - >= -5509478 @ 129.925
c bounds - >= -5509414 @ 130.046
c bounds - >= -5509350 @ 130.166
c bounds - >= -5509286 @ 130.287
c bounds - >= -5509222 @ 130.407
c bounds - >= -5509158 @ 130.529
c bounds - >= -5509094 @ 130.65
c bounds - >= -5509030 @ 130.77
c bounds - >= -5508966 @ 130.892
c bounds - >= -5508902 @ 131.011
c bounds - >= -5508838 @ 131.132
c bounds - >= -5508774 @ 131.251
c bounds - >= -5508710 @ 131.371
c bounds - >= -5508646 @ 131.49
c bounds - >= -5508582 @ 131.613
c bounds - >= -5508518 @ 131.734
c bounds - >= -5508454 @ 131.855
c bounds - >= -5508390 @ 131.976
c bounds - >= -5508326 @ 132.095
c bounds - >= -5508262 @ 132.215
c bounds - >= -5508198 @ 132.336
c bounds - >= -5508134 @ 132.455
c bounds - >= -5508070 @ 132.575
c bounds - >= -5508006 @ 132.694
c bounds - >= -5507942 @ 132.815
c bounds - >= -5507878 @ 132.934
c bounds - >= -5507814 @ 133.055
c bounds - >= -5507750 @ 133.175
c bounds - >= -5507686 @ 133.295
c bounds - >= -5507622 @ 133.416
c bounds - >= -5507558 @ 133.537
c bounds - >= -5507494 @ 133.656
c bounds - >= -5507430 @ 133.776
c bounds - >= -5507366 @ 133.897
c bounds - >= -5507302 @ 134.016
c bounds - >= -5507238 @ 134.137
c bounds - >= -5507174 @ 134.257
c bounds - >= -5507110 @ 134.378
c bounds - >= -5507046 @ 134.5
c bounds - >= -5506982 @ 134.621
c bounds - >= -5506918 @ 134.742
c bounds - >= -5506854 @ 134.861
c bounds - >= -5506790 @ 134.98
c bounds - >= -5506726 @ 135.102
c bounds - >= -5506662 @ 135.222
c bounds - >= -5506598 @ 135.342
c bounds - >= -5506534 @ 135.462
c bounds - >= -5506470 @ 135.582
c bounds - >= -5506406 @ 135.703
c bounds - >= -5506342 @ 135.823
c bounds - >= -5506278 @ 135.943
c bounds - >= -5506214 @ 136.062
c bounds - >= -5506150 @ 136.181
c bounds - >= -5506086 @ 136.302
c bounds - >= -5506022 @ 136.423
c bounds - >= -5505958 @ 136.543
c bounds - >= -5505894 @ 136.663
c bounds - >= -5505830 @ 136.784
c bounds - >= -5505766 @ 136.904
c bounds - >= -5505702 @ 137.025
c bounds - >= -5505638 @ 137.146
c bounds - >= -5505574 @ 137.268
c bounds - >= -5505510 @ 137.387
c bounds - >= -5505446 @ 137.508
c bounds - >= -5505382 @ 137.628
c bounds - >= -5505318 @ 137.748
c bounds - >= -5505254 @ 137.869
c bounds - >= -5505190 @ 137.99
c bounds - >= -5505126 @ 138.111
c bounds - >= -5505062 @ 138.232
c bounds - >= -5504998 @ 138.352
c bounds - >= -5504934 @ 138.472
c bounds - >= -5504870 @ 138.593
c bounds - >= -5504806 @ 138.712
c bounds - >= -5504742 @ 138.831
c bounds - >= -5504678 @ 138.95
c bounds - >= -5504614 @ 139.07
c bounds - >= -5504550 @ 139.189
c bounds - >= -5504486 @ 139.309
c bounds - >= -5504422 @ 139.429
c bounds - >= -5504358 @ 139.549
c bounds - >= -5504294 @ 139.671
c bounds - >= -5504230 @ 139.791
c bounds - >= -5504166 @ 139.91
c bounds - >= -5504102 @ 140.03
c bounds - >= -5504038 @ 140.151
c bounds - >= -5503974 @ 140.271
c bounds - >= -5503910 @ 140.391
c bounds - >= -5503846 @ 140.512
c bounds - >= -5503782 @ 140.631
c bounds - >= -5503718 @ 140.751
c bounds - >= -5503654 @ 140.872
c bounds - >= -5503590 @ 140.994
c bounds - >= -5503526 @ 141.115
c bounds - >= -5503462 @ 141.236
c bounds - >= -5503398 @ 141.358
c bounds - >= -5503334 @ 141.48
c bounds - >= -5503270 @ 141.6
c bounds - >= -5503206 @ 141.719
c bounds - >= -5503142 @ 141.838
c bounds - >= -5503078 @ 141.957
c bounds - >= -5503014 @ 142.078
c bounds - >= -5502950 @ 142.198
c bounds - >= -5502886 @ 142.319
c bounds - >= -5502822 @ 142.439
c bounds - >= -5502758 @ 142.559
c bounds - >= -5502694 @ 142.68
c bounds - >= -5502630 @ 142.8
c bounds - >= -5502566 @ 142.92
c bounds - >= -5502502 @ 143.04
c bounds - >= -5502438 @ 143.16
c bounds - >= -5502374 @ 143.28
c bounds - >= -5502310 @ 143.401
c bounds - >= -5502246 @ 143.521
c bounds - >= -5502182 @ 143.642
c bounds - >= -5502118 @ 143.762
c bounds - >= -5502054 @ 143.883
c bounds - >= -5501990 @ 144.004
c bounds - >= -5501926 @ 144.124
c bounds - >= -5501862 @ 144.244
c bounds - >= -5501798 @ 144.364
c bounds - >= -5501734 @ 144.484
c bounds - >= -5501670 @ 144.604
c bounds - >= -5501606 @ 144.725
c bounds - >= -5501542 @ 144.846
c bounds - >= -5501478 @ 144.967
c bounds - >= -5501414 @ 145.089
c bounds - >= -5501350 @ 145.209
c bounds - >= -5501286 @ 145.33
c bounds - >= -5501222 @ 145.45
c bounds - >= -5501158 @ 145.57
c bounds - >= -5501094 @ 145.69
c bounds - >= -5501030 @ 145.811
c bounds - >= -5500966 @ 145.932
c bounds - >= -5500902 @ 146.052
c bounds - >= -5500838 @ 146.172
c bounds - >= -5500774 @ 146.293
c bounds - >= -5500710 @ 146.414
c bounds - >= -5500646 @ 146.534
c bounds - >= -5500582 @ 146.655
c bounds - >= -5500518 @ 146.775
c bounds - >= -5500454 @ 146.895
c bounds - >= -5500390 @ 147.016
c bounds - >= -5500326 @ 147.138
c bounds - >= -5500262 @ 147.259
c bounds - >= -5500198 @ 147.38
c bounds - >= -5500134 @ 147.503
c bounds - >= -5500070 @ 147.624
c bounds - >= -5500006 @ 147.745
c bounds - >= -5499942 @ 147.866
c bounds - >= -5499878 @ 147.986
c bounds - >= -5499814 @ 148.107
c bounds - >= -5499750 @ 148.228
c bounds - >= -5499686 @ 148.346
c bounds - >= -5499622 @ 148.466
c bounds - >= -5499558 @ 148.585
c bounds - >= -5499494 @ 148.706
c bounds - >= -5499430 @ 148.826
c bounds - >= -5499366 @ 148.946
c bounds - >= -5499302 @ 149.067
c bounds - >= -5499238 @ 149.186
c bounds - >= -5499174 @ 149.307
c bounds - >= -5499110 @ 149.426
c bounds - >= -5499046 @ 149.546
c bounds - >= -5498982 @ 149.668
c bounds - >= -5498918 @ 149.788
c bounds - >= -5498854 @ 149.908
c bounds - >= -5498790 @ 150.029
c bounds - >= -5498726 @ 150.149
c bounds - >= -5498662 @ 150.269
c bounds - >= -5498598 @ 150.388
c bounds - >= -5498534 @ 150.507
c bounds - >= -5498470 @ 150.626
c bounds - >= -5498406 @ 150.745
c bounds - >= -5498342 @ 150.864
c bounds - >= -5498278 @ 150.984
c bounds - >= -5498214 @ 151.103
c bounds - >= -5498150 @ 151.221
c bounds - >= -5498086 @ 151.341
c bounds - >= -5498022 @ 151.461
c bounds - >= -5497958 @ 151.581
c bounds - >= -5497894 @ 151.7
c bounds - >= -5497830 @ 151.819
c bounds - >= -5497766 @ 151.938
c bounds - >= -5497702 @ 152.056
c bounds - >= -5497638 @ 152.174
c bounds - >= -5497574 @ 152.294
c bounds - >= -5497510 @ 152.415
c bounds - >= -5497446 @ 152.535
c bounds - >= -5497382 @ 152.654
c bounds - >= -5497318 @ 152.773
c bounds - >= -5497254 @ 152.892
c bounds - >= -5497190 @ 153.011
c bounds - >= -5497126 @ 153.131
c bounds - >= -5497062 @ 153.25
c bounds - >= -5496998 @ 153.369
c bounds - >= -5496934 @ 153.489
c bounds - >= -5496870 @ 153.608
c bounds - >= -5496806 @ 153.728
c bounds - >= -5496742 @ 153.847
c bounds - >= -5496678 @ 153.967
c bounds - >= -5496614 @ 154.087
c bounds - >= -5496550 @ 154.206
c bounds - >= -5496486 @ 154.325
c bounds - >= -5496422 @ 154.445
c bounds - >= -5496358 @ 154.567
c bounds - >= -5496294 @ 154.688
c bounds - >= -5496230 @ 154.807
c bounds - >= -5496166 @ 154.925
c bounds - >= -5496102 @ 155.045
c bounds - >= -5496038 @ 155.164
c bounds - >= -5495974 @ 155.284
c bounds - >= -5495910 @ 155.405
c bounds - >= -5495846 @ 155.525
c bounds - >= -5495782 @ 155.647
c bounds - >= -5495718 @ 155.767
c bounds - >= -5495654 @ 155.888
c bounds - >= -5495590 @ 156.009
c bounds - >= -5495526 @ 156.129
c bounds - >= -5495462 @ 156.249
c bounds - >= -5495398 @ 156.368
c bounds - >= -5495334 @ 156.487
c bounds - >= -5495270 @ 156.606
c bounds - >= -5495206 @ 156.724
c bounds - >= -5495142 @ 156.845
c bounds - >= -5495078 @ 156.962
c bounds - >= -5495014 @ 157.08
c bounds - >= -5494950 @ 157.2
c bounds - >= -5494886 @ 157.32
c bounds - >= -5494822 @ 157.439
c bounds - >= -5494758 @ 157.557
c bounds - >= -5494694 @ 157.677
c bounds - >= -5494630 @ 157.797
c bounds - >= -5494566 @ 157.917
c bounds - >= -5494502 @ 158.038
c bounds - >= -5494438 @ 158.159
c bounds - >= -5494374 @ 158.28
c bounds - >= -5494310 @ 158.4
c bounds - >= -5494246 @ 158.519
c bounds - >= -5494182 @ 158.639
c bounds - >= -5494118 @ 158.758
c bounds - >= -5494054 @ 158.878
c bounds - >= -5493990 @ 158.998
c bounds - >= -5493926 @ 159.117
c bounds - >= -5493862 @ 159.237
c bounds - >= -5493798 @ 159.357
c bounds - >= -5493734 @ 159.477
c bounds - >= -5493670 @ 159.599
c bounds - >= -5493606 @ 159.719
c bounds - >= -5493542 @ 159.839
c bounds - >= -5493478 @ 159.958
c bounds - >= -5493414 @ 160.079
c bounds - >= -5493350 @ 160.199
c bounds - >= -5493286 @ 160.318
c bounds - >= -5493222 @ 160.438
c bounds - >= -5493158 @ 160.557
c bounds - >= -5493094 @ 160.677
c bounds - >= -5493030 @ 160.797
c bounds - >= -5492966 @ 160.917
c bounds - >= -5492902 @ 161.038
c bounds - >= -5492838 @ 161.158
c bounds - >= -5492774 @ 161.279
c bounds - >= -5492710 @ 161.4
c bounds - >= -5492646 @ 161.52
c bounds - >= -5492582 @ 161.641
c bounds - >= -5492518 @ 161.761
c bounds - >= -5492454 @ 161.882
c bounds - >= -5492390 @ 162.001
c bounds - >= -5492326 @ 162.122
c bounds - >= -5492262 @ 162.242
c bounds - >= -5492198 @ 162.362
c bounds - >= -5492134 @ 162.481
c bounds - >= -5492070 @ 162.603
c bounds - >= -5492006 @ 162.723
c bounds - >= -5491942 @ 162.843
c bounds - >= -5491878 @ 162.965
c bounds - >= -5491814 @ 163.086
c bounds - >= -5491750 @ 163.207
c bounds - >= -5491686 @ 163.326
c bounds - >= -5491622 @ 163.447
c bounds - >= -5491558 @ 163.567
c bounds - >= -5491494 @ 163.687
c bounds - >= -5491430 @ 163.806
c bounds - >= -5491366 @ 163.926
c bounds - >= -5491302 @ 164.047
c bounds - >= -5491238 @ 164.167
c bounds - >= -5491174 @ 164.287
c bounds - >= -5491110 @ 164.407
c bounds - >= -5491046 @ 164.528
c bounds - >= -5490982 @ 164.648
c bounds - >= -5490918 @ 164.766
c bounds - >= -5490854 @ 164.883
c bounds - >= -5490790 @ 165.003
c bounds - >= -5490726 @ 165.123
c bounds - >= -5490662 @ 165.242
c bounds - >= -5490598 @ 165.362
c bounds - >= -5490534 @ 165.482
c bounds - >= -5490470 @ 165.601
c bounds - >= -5490406 @ 165.721
c bounds - >= -5490342 @ 165.843
c bounds - >= -5490278 @ 165.962
c bounds - >= -5490214 @ 166.082
c bounds - >= -5490150 @ 166.202
c bounds - >= -5490086 @ 166.322
c bounds - >= -5490022 @ 166.442
c bounds - >= -5489958 @ 166.562
c bounds - >= -5489894 @ 166.682
c bounds - >= -5489830 @ 166.802
c bounds - >= -5489766 @ 166.921
c bounds - >= -5489702 @ 167.042
c bounds - >= -5489638 @ 167.16
c bounds - >= -5489574 @ 167.279
c bounds - >= -5489510 @ 167.399
c bounds - >= -5489446 @ 167.519
c bounds - >= -5489382 @ 167.638
c bounds - >= -5489318 @ 167.759
c bounds - >= -5489254 @ 167.878
c bounds - >= -5489190 @ 167.997
c bounds - >= -5489126 @ 168.116
c bounds - >= -5489062 @ 168.236
c bounds - >= -5488998 @ 168.356
c bounds - >= -5488934 @ 168.476
c bounds - >= -5488870 @ 168.596
c bounds - >= -5488806 @ 168.718
c bounds - >= -5488742 @ 168.841
c bounds - >= -5488678 @ 168.96
c bounds - >= -5488614 @ 169.079
c bounds - >= -5488550 @ 169.199
c bounds - >= -5488486 @ 169.321
c bounds - >= -5488422 @ 169.442
c bounds - >= -5488358 @ 169.564
c bounds - >= -5488294 @ 169.684
c bounds - >= -5488230 @ 169.803
c bounds - >= -5488166 @ 169.923
c bounds - >= -5488102 @ 170.044
c bounds - >= -5488038 @ 170.164
c bounds - >= -5487974 @ 170.284
c bounds - >= -5487910 @ 170.404
c bounds - >= -5487846 @ 170.525
c bounds - >= -5487782 @ 170.645
c bounds - >= -5487718 @ 170.765
c bounds - >= -5487654 @ 170.884
c bounds - >= -5487590 @ 171.003
c bounds - >= -5487526 @ 171.123
c bounds - >= -5487462 @ 171.243
c bounds - >= -5487398 @ 171.362
c bounds - >= -5487334 @ 171.48
c bounds - >= -5487270 @ 171.599
c bounds - >= -5487206 @ 171.72
c bounds - >= -5487142 @ 171.839
c bounds - >= -5487078 @ 171.958
c bounds - >= -5487014 @ 172.077
c bounds - >= -5486950 @ 172.195
c bounds - >= -5486886 @ 172.314
c bounds - >= -5486822 @ 172.434
c bounds - >= -5486758 @ 172.554
c bounds - >= -5486694 @ 172.673
c bounds - >= -5486630 @ 172.792
c bounds - >= -5486566 @ 172.912
c bounds - >= -5486502 @ 173.031
c bounds - >= -5486438 @ 173.15
c bounds - >= -5486374 @ 173.271
c bounds - >= -5486310 @ 173.391
c bounds - >= -5486246 @ 173.513
c bounds - >= -5486182 @ 173.635
c bounds - >= -5486118 @ 173.755
c bounds - >= -5486054 @ 173.874
c bounds - >= -5485990 @ 173.992
c bounds - >= -5485926 @ 174.111
c bounds - >= -5485862 @ 174.231
c bounds - >= -5485798 @ 174.349
c bounds - >= -5485734 @ 174.469
c bounds - >= -5485670 @ 174.589
c bounds - >= -5485606 @ 174.71
c bounds - >= -5485542 @ 174.83
c bounds - >= -5485478 @ 174.951
c bounds - >= -5485414 @ 175.072
c bounds - >= -5485350 @ 175.192
c bounds - >= -5485286 @ 175.313
c bounds - >= -5485222 @ 175.434
c bounds - >= -5485158 @ 175.554
c bounds - >= -5485094 @ 175.675
c bounds - >= -5485030 @ 175.796
c bounds - >= -5484966 @ 175.917
c bounds - >= -5484902 @ 176.038
c bounds - >= -5484838 @ 176.157
c bounds - >= -5484774 @ 176.277
c bounds - >= -5484710 @ 176.398
c bounds - >= -5484646 @ 176.518
c bounds - >= -5484582 @ 176.639
c bounds - >= -5484518 @ 176.76
c bounds - >= -5484454 @ 176.879
c bounds - >= -5484390 @ 177
c bounds - >= -5484326 @ 177.118
c bounds - >= -5484262 @ 177.237
c bounds - >= -5484198 @ 177.356
c bounds - >= -5484134 @ 177.476
c bounds - >= -5484070 @ 177.594
c bounds - >= -5484006 @ 177.714
c bounds - >= -5483942 @ 177.835
c bounds - >= -5483878 @ 177.955
c bounds - >= -5483814 @ 178.076
c bounds - >= -5483750 @ 178.196
c bounds - >= -5483686 @ 178.317
c bounds - >= -5483622 @ 178.437
c bounds - >= -5483558 @ 178.558
c bounds - >= -5483494 @ 178.676
c bounds - >= -5483430 @ 178.795
c bounds - >= -5483366 @ 178.915
c bounds - >= -5483302 @ 179.035
c bounds - >= -5483238 @ 179.155
c bounds - >= -5483174 @ 179.273
c bounds - >= -5483110 @ 179.393
c bounds - >= -5483046 @ 179.513
c bounds - >= -5482982 @ 179.634
c bounds - >= -5482918 @ 179.753
c bounds - >= -5482854 @ 179.874
c bounds - >= -5482790 @ 179.993
c bounds - >= -5482726 @ 180.112
c bounds - >= -5482662 @ 180.23
c bounds - >= -5482598 @ 180.35
c bounds - >= -5482534 @ 180.471
c bounds - >= -5482470 @ 180.592
c bounds - >= -5482406 @ 180.711
c bounds - >= -5482342 @ 180.831
c bounds - >= -5482278 @ 180.951
c bounds - >= -5482214 @ 181.071
c bounds - >= -5482150 @ 181.192
c bounds - >= -5482086 @ 181.313
c bounds - >= -5482022 @ 181.433
c bounds - >= -5481958 @ 181.553
c bounds - >= -5481894 @ 181.673
c bounds - >= -5481830 @ 181.794
c bounds - >= -5481766 @ 181.912
c bounds - >= -5481702 @ 182.032
c bounds - >= -5481638 @ 182.153
c bounds - >= -5481574 @ 182.273
c bounds - >= -5481510 @ 182.393
c bounds - >= -5481446 @ 182.513
c bounds - >= -5481382 @ 182.635
c bounds - >= -5481318 @ 182.756
c bounds - >= -5481254 @ 182.876
c bounds - >= -5481190 @ 182.996
c bounds - >= -5481126 @ 183.116
c bounds - >= -5481062 @ 183.236
c bounds - >= -5480998 @ 183.356
c bounds - >= -5480934 @ 183.477
c bounds - >= -5480870 @ 183.598
c bounds - >= -5480806 @ 183.719
c bounds - >= -5480742 @ 183.839
c bounds - >= -5480678 @ 183.96
c bounds - >= -5480614 @ 184.081
c bounds - >= -5480550 @ 184.202
c bounds - >= -5480486 @ 184.323
c bounds - >= -5480422 @ 184.442
c bounds - >= -5480358 @ 184.562
c bounds - >= -5480294 @ 184.682
c bounds - >= -5480230 @ 184.803
c bounds - >= -5480166 @ 184.923
c bounds - >= -5480102 @ 185.043
c bounds - >= -5480038 @ 185.162
c bounds - >= -5479974 @ 185.282
c bounds - >= -5479910 @ 185.402
c bounds - >= -5479846 @ 185.523
c bounds - >= -5479782 @ 185.643
c bounds - >= -5479718 @ 185.765
c bounds - >= -5479654 @ 185.885
c bounds - >= -5479590 @ 186.005
c bounds - >= -5479526 @ 186.126
c bounds - >= -5479462 @ 186.246
c bounds - >= -5479398 @ 186.366
c bounds - >= -5479334 @ 186.486
c bounds - >= -5479270 @ 186.608
c bounds - >= -5479206 @ 186.729
c bounds - >= -5479142 @ 186.849
c bounds - >= -5479078 @ 186.969
c bounds - >= -5479014 @ 187.09
c bounds - >= -5478950 @ 187.21
c bounds - >= -5478886 @ 187.329
c bounds - >= -5478822 @ 187.45
c bounds - >= -5478758 @ 187.57
c bounds - >= -5478694 @ 187.691
c bounds - >= -5478630 @ 187.811
c bounds - >= -5478566 @ 187.932
c bounds - >= -5478502 @ 188.053
c bounds - >= -5478438 @ 188.173
c bounds - >= -5478374 @ 188.295
c bounds - >= -5478310 @ 188.415
c bounds - >= -5478246 @ 188.535
c bounds - >= -5478182 @ 188.656
c bounds - >= -5478118 @ 188.776
c bounds - >= -5478054 @ 188.896
c bounds - >= -5477990 @ 189.015
c bounds - >= -5477926 @ 189.135
c bounds - >= -5477862 @ 189.253
c bounds - >= -5477798 @ 189.372
c bounds - >= -5477734 @ 189.492
c bounds - >= -5477670 @ 189.611
c bounds - >= -5477606 @ 189.732
c bounds - >= -5477542 @ 189.852
c bounds - >= -5477478 @ 189.972
c bounds - >= -5477414 @ 190.092
c bounds - >= -5477350 @ 190.213
c bounds - >= -5477286 @ 190.333
c bounds - >= -5477222 @ 190.453
c bounds - >= -5477158 @ 190.572
c bounds - >= -5477094 @ 190.692
c bounds - >= -5477030 @ 190.812
c bounds - >= -5476966 @ 190.931
c bounds - >= -5476902 @ 191.052
c bounds - >= -5476838 @ 191.171
c bounds - >= -5476774 @ 191.291
c bounds - >= -5476710 @ 191.41
c bounds - >= -5476646 @ 191.529
c bounds - >= -5476582 @ 191.648
c bounds - >= -5476518 @ 191.767
c bounds - >= -5476454 @ 191.885
c bounds - >= -5476390 @ 192.005
c bounds - >= -5476326 @ 192.125
c bounds - >= -5476262 @ 192.244
c bounds - >= -5476198 @ 192.364
c bounds - >= -5476134 @ 192.483
c bounds - >= -5476070 @ 192.603
c bounds - >= -5476006 @ 192.722
c bounds - >= -5475942 @ 192.841
c bounds - >= -5475878 @ 192.96
c bounds - >= -5475814 @ 193.079
c bounds - >= -5475750 @ 193.198
c bounds - >= -5475686 @ 193.316
c bounds - >= -5475622 @ 193.436
c bounds - >= -5475558 @ 193.554
c bounds - >= -5475494 @ 193.674
c bounds - >= -5475430 @ 193.794
c bounds - >= -5475366 @ 193.912
c bounds - >= -5475302 @ 194.031
c bounds - >= -5475238 @ 194.152
c bounds - >= -5475174 @ 194.27
c bounds - >= -5475110 @ 194.392
c bounds - >= -5475046 @ 194.512
c bounds - >= -5474982 @ 194.634
c bounds - >= -5474918 @ 194.754
c bounds - >= -5474854 @ 194.873
c bounds - >= -5474790 @ 194.994
c bounds - >= -5474726 @ 195.113
c bounds - >= -5474662 @ 195.234
c bounds - >= -5474598 @ 195.353
c bounds - >= -5474534 @ 195.471
c bounds - >= -5474470 @ 195.59
c bounds - >= -5474406 @ 195.711
c bounds - >= -5474342 @ 195.831
c bounds - >= -5474278 @ 195.95
c bounds - >= -5474214 @ 196.07
c bounds - >= -5474150 @ 196.188
c bounds - >= -5474086 @ 196.309
c bounds - >= -5474022 @ 196.426
c bounds - >= -5473958 @ 196.545
c bounds - >= -5473894 @ 196.664
c bounds - >= -5473830 @ 196.781
c bounds - >= -5473766 @ 196.899
c bounds - >= -5473702 @ 197.019
c bounds - >= -5473638 @ 197.137
c bounds - >= -5473574 @ 197.256
c bounds - >= -5473510 @ 197.374
c bounds - >= -5473446 @ 197.494
c bounds - >= -5473382 @ 197.614
c bounds - >= -5473318 @ 197.732
c bounds - >= -5473254 @ 197.851
c bounds - >= -5473190 @ 197.968
c bounds - >= -5473126 @ 198.086
c bounds - >= -5473062 @ 198.207
c bounds - >= -5472998 @ 198.325
c bounds - >= -5472934 @ 198.444
c bounds - >= -5472870 @ 198.563
c bounds - >= -5472806 @ 198.682
c bounds - >= -5472742 @ 198.801
c bounds - >= -5472678 @ 198.921
c bounds - >= -5472614 @ 199.04
c bounds - >= -5472550 @ 199.16
c bounds - >= -5472486 @ 199.279
c bounds - >= -5472422 @ 199.398
c bounds - >= -5472358 @ 199.516
c bounds - >= -5472294 @ 199.636
c bounds - >= -5472230 @ 199.755
c bounds - >= -5472166 @ 199.875
c bounds - >= -5472102 @ 199.997
c bounds - >= -5472038 @ 200.117
c bounds - >= -5471974 @ 200.237
c bounds - >= -5471910 @ 200.356
c bounds - >= -5471846 @ 200.474
c bounds - >= -5471782 @ 200.592
c bounds - >= -5471718 @ 200.711
c bounds - >= -5471654 @ 200.831
c bounds - >= -5471590 @ 200.95
c bounds - >= -5471526 @ 201.07
c bounds - >= -5471462 @ 201.189
c bounds - >= -5471398 @ 201.308
c bounds - >= -5471334 @ 201.428
c bounds - >= -5471270 @ 201.549
c bounds - >= -5471206 @ 201.67
c bounds - >= -5471142 @ 201.789
c bounds - >= -5471078 @ 201.909
c bounds - >= -5471014 @ 202.03
c bounds - >= -5470950 @ 202.151
c bounds - >= -5470886 @ 202.269
c bounds - >= -5470822 @ 202.39
c bounds - >= -5470758 @ 202.51
c bounds - >= -5470694 @ 202.63
c bounds - >= -5470630 @ 202.748
c bounds - >= -5470566 @ 202.867
c bounds - >= -5470502 @ 202.987
c bounds - >= -5470438 @ 203.108
c bounds - >= -5470374 @ 203.228
c bounds - >= -5470310 @ 203.349
c bounds - >= -5470246 @ 203.468
c bounds - >= -5470182 @ 203.587
c bounds - >= -5470118 @ 203.707
c bounds - >= -5470054 @ 203.826
c bounds - >= -5469990 @ 203.944
c bounds - >= -5469926 @ 204.062
c bounds - >= -5469862 @ 204.18
c bounds - >= -5469798 @ 204.299
c bounds - >= -5469734 @ 204.419
c bounds - >= -5469670 @ 204.537
c bounds - >= -5469606 @ 204.655
c bounds - >= -5469542 @ 204.775
c bounds - >= -5469478 @ 204.896
c bounds - >= -5469414 @ 205.014
c bounds - >= -5469350 @ 205.132
c bounds - >= -5469286 @ 205.251
c bounds - >= -5469222 @ 205.371
c bounds - >= -5469158 @ 205.491
c bounds - >= -5469094 @ 205.611
c bounds - >= -5469030 @ 205.73
c bounds - >= -5468966 @ 205.85
c bounds - >= -5468902 @ 205.971
c bounds - >= -5468838 @ 206.092
c bounds - >= -5468774 @ 206.213
c bounds - >= -5468710 @ 206.334
c bounds - >= -5468646 @ 206.453
c bounds - >= -5468582 @ 206.572
c bounds - >= -5468518 @ 206.692
c bounds - >= -5468454 @ 206.813
c bounds - >= -5468390 @ 206.933
c bounds - >= -5468326 @ 207.053
c bounds - >= -5468262 @ 207.172
c bounds - >= -5468198 @ 207.292
c bounds - >= -5468134 @ 207.414
c bounds - >= -5468070 @ 207.534
c bounds - >= -5468006 @ 207.653
c bounds - >= -5467942 @ 207.772
c bounds - >= -5467878 @ 207.891
c bounds - >= -5467814 @ 208.01
c bounds - >= -5467750 @ 208.129
c bounds - >= -5467686 @ 208.246
c bounds - >= -5467622 @ 208.364
c bounds - >= -5467558 @ 208.481
c bounds - >= -5467494 @ 208.599
c bounds - >= -5467430 @ 208.717
c bounds - >= -5467366 @ 208.834
c bounds - >= -5467302 @ 208.951
c bounds - >= -5467238 @ 209.069
c bounds - >= -5467174 @ 209.187
c bounds - >= -5467110 @ 209.304
c bounds - >= -5467046 @ 209.421
c bounds - >= -5466982 @ 209.538
c bounds - >= -5466918 @ 209.656
c bounds - >= -5466854 @ 209.774
c bounds - >= -5466790 @ 209.893
c bounds - >= -5466726 @ 210.012
c bounds - >= -5466662 @ 210.13
c bounds - >= -5466598 @ 210.248
c bounds - >= -5466534 @ 210.366
c bounds - >= -5466470 @ 210.483
c bounds - >= -5466406 @ 210.602
c bounds - >= -5466342 @ 210.72
c bounds - >= -5466278 @ 210.839
c bounds - >= -5466214 @ 210.956
c bounds - >= -5466150 @ 211.074
c bounds - >= -5466086 @ 211.192
c bounds - >= -5466022 @ 211.31
c bounds - >= -5465958 @ 211.429
c bounds - >= -5465894 @ 211.548
c bounds - >= -5465830 @ 211.666
c bounds - >= -5465766 @ 211.785
c bounds - >= -5465702 @ 211.903
c bounds - >= -5465638 @ 212.022
c bounds - >= -5465574 @ 212.141
c bounds - >= -5465510 @ 212.26
c bounds - >= -5465446 @ 212.379
c bounds - >= -5465382 @ 212.498
c bounds - >= -5465318 @ 212.618
c bounds - >= -5465254 @ 212.738
c bounds - >= -5465190 @ 212.858
c bounds - >= -5465126 @ 212.978
c bounds - >= -5465062 @ 213.097
c bounds - >= -5464998 @ 213.217
c bounds - >= -5464934 @ 213.336
c bounds - >= -5464870 @ 213.456
c bounds - >= -5464806 @ 213.576
c bounds - >= -5464742 @ 213.696
c bounds - >= -5464678 @ 213.816
c bounds - >= -5464614 @ 213.935
c bounds - >= -5464550 @ 214.054
c bounds - >= -5464486 @ 214.173
c bounds - >= -5464422 @ 214.293
c bounds - >= -5464358 @ 214.414
c bounds - >= -5464294 @ 214.533
c bounds - >= -5464230 @ 214.653
c bounds - >= -5464166 @ 214.773
c bounds - >= -5464102 @ 214.893
c bounds - >= -5464038 @ 215.013
c bounds - >= -5463974 @ 215.132
c bounds - >= -5463910 @ 215.251
c bounds - >= -5463846 @ 215.372
c bounds - >= -5463782 @ 215.491
c bounds - >= -5463718 @ 215.611
c bounds - >= -5463654 @ 215.732
c bounds - >= -5463590 @ 215.851
c bounds - >= -5463526 @ 215.972
c bounds - >= -5463462 @ 216.091
c bounds - >= -5463398 @ 216.21
c bounds - >= -5463334 @ 216.33
c bounds - >= -5463270 @ 216.448
c bounds - >= -5463206 @ 216.568
c bounds - >= -5463142 @ 216.687
c bounds - >= -5463078 @ 216.807
c bounds - >= -5463014 @ 216.926
c bounds - >= -5462950 @ 217.044
c bounds - >= -5462886 @ 217.164
c bounds - >= -5462822 @ 217.283
c bounds - >= -5462758 @ 217.403
c bounds - >= -5462694 @ 217.522
c bounds - >= -5462630 @ 217.642
c bounds - >= -5462566 @ 217.764
c bounds - >= -5462502 @ 217.884
c bounds - >= -5462438 @ 218.003
c bounds - >= -5462374 @ 218.123
c bounds - >= -5462310 @ 218.242
c bounds - >= -5462246 @ 218.361
c bounds - >= -5462182 @ 218.481
c bounds - >= -5462118 @ 218.6
c bounds - >= -5462054 @ 218.719
c bounds - >= -5461990 @ 218.837
c bounds - >= -5461926 @ 218.955
c bounds - >= -5461862 @ 219.074
c bounds - >= -5461798 @ 219.193
c bounds - >= -5461734 @ 219.311
c bounds - >= -5461670 @ 219.43
c bounds - >= -5461606 @ 219.55
c bounds - >= -5461542 @ 219.67
c bounds - >= -5461478 @ 219.788
c bounds - >= -5461414 @ 219.906
c bounds - >= -5461350 @ 220.026
c bounds - >= -5461286 @ 220.144
c bounds - >= -5461222 @ 220.263
c bounds - >= -5461158 @ 220.381
c bounds - >= -5461094 @ 220.5
c bounds - >= -5461030 @ 220.618
c bounds - >= -5460966 @ 220.739
c bounds - >= -5460902 @ 220.859
c bounds - >= -5460838 @ 220.98
c bounds - >= -5460774 @ 221.1
c bounds - >= -5460710 @ 221.219
c bounds - >= -5460646 @ 221.34
c bounds - >= -5460582 @ 221.46
c bounds - >= -5460518 @ 221.578
c bounds - >= -5460454 @ 221.694
c bounds - >= -5460390 @ 221.814
c bounds - >= -5460326 @ 221.932
c bounds - >= -5460262 @ 222.051
c bounds - >= -5460198 @ 222.17
c bounds - >= -5460134 @ 222.288
c bounds - >= -5460070 @ 222.407
c bounds - >= -5460006 @ 222.527
c bounds - >= -5459942 @ 222.646
c bounds - >= -5459878 @ 222.766
c bounds - >= -5459814 @ 222.884
c bounds - >= -5459750 @ 223.002
c bounds - >= -5459686 @ 223.123
c bounds - >= -5459622 @ 223.242
c bounds - >= -5459558 @ 223.362
c bounds - >= -5459494 @ 223.48
c bounds - >= -5459430 @ 223.598
c bounds - >= -5459366 @ 223.717
c bounds - >= -5459302 @ 223.837
c bounds - >= -5459238 @ 223.957
c bounds - >= -5459174 @ 224.077
c bounds - >= -5459110 @ 224.196
c bounds - >= -5459046 @ 224.315
c bounds - >= -5458982 @ 224.435
c bounds - >= -5458918 @ 224.554
c bounds - >= -5458854 @ 224.674
c bounds - >= -5458790 @ 224.793
c bounds - >= -5458726 @ 224.911
c bounds - >= -5458662 @ 225.032
c bounds - >= -5458598 @ 225.15
c bounds - >= -5458534 @ 225.271
c bounds - >= -5458470 @ 225.39
c bounds - >= -5458406 @ 225.51
c bounds - >= -5458342 @ 225.629
c bounds - >= -5458278 @ 225.749
c bounds - >= -5458214 @ 225.868
c bounds - >= -5458150 @ 225.987
c bounds - >= -5458086 @ 226.107
c bounds - >= -5458022 @ 226.224
c bounds - >= -5457958 @ 226.343
c bounds - >= -5457894 @ 226.462
c bounds - >= -5457830 @ 226.58
c bounds - >= -5457766 @ 226.7
c bounds - >= -5457702 @ 226.818
c bounds - >= -5457638 @ 226.937
c bounds - >= -5457574 @ 227.057
c bounds - >= -5457510 @ 227.176
c bounds - >= -5457446 @ 227.294
c bounds - >= -5457382 @ 227.414
c bounds - >= -5457318 @ 227.533
c bounds - >= -5457254 @ 227.652
c bounds - >= -5457190 @ 227.773
c bounds - >= -5457126 @ 227.892
c bounds - >= -5457062 @ 228.011
c bounds - >= -5456998 @ 228.13
c bounds - >= -5456934 @ 228.249
c bounds - >= -5456870 @ 228.37
c bounds - >= -5456806 @ 228.49
c bounds - >= -5456742 @ 228.61
c bounds - >= -5456678 @ 228.731
c bounds - >= -5456614 @ 228.85
c bounds - >= -5456550 @ 228.969
c bounds - >= -5456486 @ 229.088
c bounds - >= -5456422 @ 229.207
c bounds - >= -5456358 @ 229.324
c bounds - >= -5456294 @ 229.443
c bounds - >= -5456230 @ 229.56
c bounds - >= -5456166 @ 229.679
c bounds - >= -5456102 @ 229.799
c bounds - >= -5456038 @ 229.918
c bounds - >= -5455974 @ 230.036
c bounds - >= -5455910 @ 230.157
c bounds - >= -5455846 @ 230.277
c bounds - >= -5455782 @ 230.397
c bounds - >= -5455718 @ 230.515
c bounds - >= -5455654 @ 230.632
c bounds - >= -5455590 @ 230.751
c bounds - >= -5455526 @ 230.869
c bounds - >= -5455462 @ 230.989
c bounds - >= -5455398 @ 231.109
c bounds - >= -5455334 @ 231.229
c bounds - >= -5455270 @ 231.348
c bounds - >= -5455206 @ 231.467
c bounds - >= -5455142 @ 231.587
c bounds - >= -5455078 @ 231.706
c bounds - >= -5455014 @ 231.825
c bounds - >= -5454950 @ 231.944
c bounds - >= -5454886 @ 232.062
c bounds - >= -5454822 @ 232.181
c bounds - >= -5454758 @ 232.299
c bounds - >= -5454694 @ 232.417
c bounds - >= -5454630 @ 232.537
c bounds - >= -5454566 @ 232.656
c bounds - >= -5454502 @ 232.775
c bounds - >= -5454438 @ 232.894
c bounds - >= -5454374 @ 233.013
c bounds - >= -5454310 @ 233.133
c bounds - >= -5454246 @ 233.253
c bounds - >= -5454182 @ 233.373
c bounds - >= -5454118 @ 233.492
c bounds - >= -5454054 @ 233.612
c bounds - >= -5453990 @ 233.731
c bounds - >= -5453926 @ 233.851
c bounds - >= -5453862 @ 233.97
c bounds - >= -5453798 @ 234.09
c bounds - >= -5453734 @ 234.209
c bounds - >= -5453670 @ 234.329
c bounds - >= -5453606 @ 234.448
c bounds - >= -5453542 @ 234.568
c bounds - >= -5453478 @ 234.689
c bounds - >= -5453414 @ 234.809
c bounds - >= -5453350 @ 234.929
c bounds - >= -5453286 @ 235.049
c bounds - >= -5453222 @ 235.169
c bounds - >= -5453158 @ 235.289
c bounds - >= -5453094 @ 235.406
c bounds - >= -5453030 @ 235.527
c bounds - >= -5452966 @ 235.646
c bounds - >= -5452902 @ 235.765
c bounds - >= -5452838 @ 235.883
c bounds - >= -5452774 @ 236.003
c bounds - >= -5452710 @ 236.123
c bounds - >= -5452646 @ 236.243
c bounds - >= -5452582 @ 236.363
c bounds - >= -5452518 @ 236.482
c bounds - >= -5452454 @ 236.601
c bounds - >= -5452390 @ 236.72
c bounds - >= -5452326 @ 236.84
c bounds - >= -5452262 @ 236.959
c bounds - >= -5452198 @ 237.079
c bounds - >= -5452134 @ 237.198
c bounds - >= -5452070 @ 237.319
c bounds - >= -5452006 @ 237.439
c bounds - >= -5451942 @ 237.559
c bounds - >= -5451878 @ 237.679
c bounds - >= -5451814 @ 237.798
c bounds - >= -5451750 @ 237.918
c bounds - >= -5451686 @ 238.036
c bounds - >= -5451622 @ 238.156
c bounds - >= -5451558 @ 238.275
c bounds - >= -5451494 @ 238.395
c bounds - >= -5451430 @ 238.514
c bounds - >= -5451366 @ 238.633
c bounds - >= -5451302 @ 238.753
c bounds - >= -5451238 @ 238.874
c bounds - >= -5451174 @ 238.995
c bounds - >= -5451110 @ 239.114
c bounds - >= -5451046 @ 239.234
c bounds - >= -5450982 @ 239.353
c bounds - >= -5450918 @ 239.473
c bounds - >= -5450854 @ 239.592
c bounds - >= -5450790 @ 239.712
c bounds - >= -5450726 @ 239.832
c bounds - >= -5450662 @ 239.953
c bounds - >= -5450598 @ 240.073
c bounds - >= -5450534 @ 240.193
c bounds - >= -5450470 @ 240.311
c bounds - >= -5450406 @ 240.431
c bounds - >= -5450342 @ 240.551
c bounds - >= -5450278 @ 240.67
c bounds - >= -5450214 @ 240.791
c bounds - >= -5450150 @ 240.91
c bounds - >= -5450086 @ 241.03
c bounds - >= -5450022 @ 241.148
c bounds - >= -5449958 @ 241.268
c bounds - >= -5449894 @ 241.388
c bounds - >= -5449830 @ 241.507
c bounds - >= -5449766 @ 241.627
c bounds - >= -5449702 @ 241.747
c bounds - >= -5449638 @ 241.869
c bounds - >= -5449574 @ 241.988
c bounds - >= -5449510 @ 242.108
c bounds - >= -5449446 @ 242.229
c bounds - >= -5449382 @ 242.348
c bounds - >= -5449318 @ 242.467
c bounds - >= -5449254 @ 242.588
c bounds - >= -5449190 @ 242.706
c bounds - >= -5449126 @ 242.826
c bounds - >= -5449062 @ 242.945
c bounds - >= -5448998 @ 243.064
c bounds - >= -5448934 @ 243.182
c bounds - >= -5448870 @ 243.302
c bounds - >= -5448806 @ 243.421
c bounds - >= -5448742 @ 243.541
c bounds - >= -5448678 @ 243.66
c bounds - >= -5448614 @ 243.781
c bounds - >= -5448550 @ 243.902
c bounds - >= -5448486 @ 244.021
c bounds - >= -5448422 @ 244.14
c bounds - >= -5448358 @ 244.259
c bounds - >= -5448294 @ 244.38
c bounds - >= -5448230 @ 244.5
c bounds - >= -5448166 @ 244.619
c bounds - >= -5448102 @ 244.737
c bounds - >= -5448038 @ 244.857
c bounds - >= -5447974 @ 244.976
c bounds - >= -5447910 @ 245.095
c bounds - >= -5447846 @ 245.215
c bounds - >= -5447782 @ 245.334
c bounds - >= -5447718 @ 245.453
c bounds - >= -5447654 @ 245.572
c bounds - >= -5447590 @ 245.692
c bounds - >= -5447526 @ 245.81
c bounds - >= -5447462 @ 245.928
c bounds - >= -5447398 @ 246.045
c bounds - >= -5447334 @ 246.163
c bounds - >= -5447270 @ 246.281
c bounds - >= -5447206 @ 246.4
c bounds - >= -5447142 @ 246.517
c bounds - >= -5447078 @ 246.636
c bounds - >= -5447014 @ 246.756
c bounds - >= -5446950 @ 246.874
c bounds - >= -5446886 @ 246.994
c bounds - >= -5446822 @ 247.112
c bounds - >= -5446758 @ 247.231
c bounds - >= -5446694 @ 247.349
c bounds - >= -5446630 @ 247.468
c bounds - >= -5446566 @ 247.586
c bounds - >= -5446502 @ 247.706
c bounds - >= -5446438 @ 247.824
c bounds - >= -5446374 @ 247.943
c bounds - >= -5446310 @ 248.062
c bounds - >= -5446246 @ 248.18
c bounds - >= -5446182 @ 248.301
c bounds - >= -5446118 @ 248.422
c bounds - >= -5446054 @ 248.541
c bounds - >= -5445990 @ 248.66
c bounds - >= -5445926 @ 248.779
c bounds - >= -5445862 @ 248.896
c bounds - >= -5445798 @ 249.015
c bounds - >= -5445734 @ 249.135
c bounds - >= -5445670 @ 249.255
c bounds - >= -5445606 @ 249.374
c bounds - >= -5445542 @ 249.493
c bounds - >= -5445478 @ 249.613
c bounds - >= -5445414 @ 249.733
c bounds - >= -5445350 @ 249.852
c bounds - >= -5445286 @ 249.972
c bounds - >= -5445222 @ 250.091
c bounds - >= -5445158 @ 250.212
c bounds - >= -5445094 @ 250.332
c bounds - >= -5445030 @ 250.451
c bounds - >= -5444966 @ 250.572
c bounds - >= -5444902 @ 250.693
c bounds - >= -5444838 @ 250.813
c bounds - >= -5444774 @ 250.933
c bounds - >= -5444710 @ 251.053
c bounds - >= -5444646 @ 251.172
c bounds - >= -5444582 @ 251.292
c bounds - >= -5444518 @ 251.413
c bounds - >= -5444454 @ 251.532
c bounds - >= -5444390 @ 251.65
c bounds - >= -5444326 @ 251.769
c bounds - >= -5444262 @ 251.887
c bounds - >= -5444198 @ 252.009
c bounds - >= -5444134 @ 252.128
c bounds - >= -5444070 @ 252.249
c bounds - >= -5444006 @ 252.368
c bounds - >= -5443942 @ 252.487
c bounds - >= -5443878 @ 252.606
c bounds - >= -5443814 @ 252.726
c bounds - >= -5443750 @ 252.844
c bounds - >= -5443686 @ 252.962
c bounds - >= -5443622 @ 253.081
c bounds - >= -5443558 @ 253.2
c bounds - >= -5443494 @ 253.319
c bounds - >= -5443430 @ 253.438
c bounds - >= -5443366 @ 253.558
c bounds - >= -5443302 @ 253.678
c bounds - >= -5443238 @ 253.796
c bounds - >= -5443174 @ 253.916
c bounds - >= -5443110 @ 254.035
c bounds - >= -5443046 @ 254.155
c bounds - >= -5442982 @ 254.274
c bounds - >= -5442918 @ 254.394
c bounds - >= -5442854 @ 254.513
c bounds - >= -5442790 @ 254.633
c bounds - >= -5442726 @ 254.752
c bounds - >= -5442662 @ 254.871
c bounds - >= -5442598 @ 254.992
c bounds - >= -5442534 @ 255.111
c bounds - >= -5442470 @ 255.228
c bounds - >= -5442406 @ 255.347
c bounds - >= -5442342 @ 255.467
c bounds - >= -5442278 @ 255.585
c bounds - >= -5442214 @ 255.704
c bounds - >= -5442150 @ 255.822
c bounds - >= -5442086 @ 255.943
c bounds - >= -5442022 @ 256.061
c bounds - >= -5441958 @ 256.181
c bounds - >= -5441894 @ 256.3
c bounds - >= -5441830 @ 256.419
c bounds - >= -5441766 @ 256.537
c bounds - >= -5441702 @ 256.659
c bounds - >= -5441638 @ 256.778
c bounds - >= -5441574 @ 256.898
c bounds - >= -5441510 @ 257.017
c bounds - >= -5441446 @ 257.137
c bounds - >= -5441382 @ 257.257
c bounds - >= -5441318 @ 257.377
c bounds - >= -5441254 @ 257.496
c bounds - >= -5441190 @ 257.616
c bounds - >= -5441126 @ 257.735
c bounds - >= -5441062 @ 257.855
c bounds - >= -5440998 @ 257.973
c bounds - >= -5440934 @ 258.092
c bounds - >= -5440870 @ 258.21
c bounds - >= -5440806 @ 258.329
c bounds - >= -5440742 @ 258.446
c bounds - >= -5440678 @ 258.564
c bounds - >= -5440614 @ 258.681
c bounds - >= -5440550 @ 258.799
c bounds - >= -5440486 @ 258.916
c bounds - >= -5440422 @ 259.034
c bounds - >= -5440358 @ 259.153
c bounds - >= -5440294 @ 259.271
c bounds - >= -5440230 @ 259.39
c bounds - >= -5440166 @ 259.507
c bounds - >= -5440102 @ 259.626
c bounds - >= -5440038 @ 259.744
c bounds - >= -5439974 @ 259.862
c bounds - >= -5439910 @ 259.98
c bounds - >= -5439846 @ 260.097
c bounds - >= -5439782 @ 260.215
c bounds - >= -5439718 @ 260.332
c bounds - >= -5439654 @ 260.45
c bounds - >= -5439590 @ 260.567
c bounds - >= -5439526 @ 260.685
c bounds - >= -5439462 @ 260.803
c bounds - >= -5439398 @ 260.921
c bounds - >= -5439334 @ 261.037
c bounds - >= -5439270 @ 261.154
c bounds - >= -5439206 @ 261.273
c bounds - >= -5439142 @ 261.39
c bounds - >= -5439078 @ 261.508
c bounds - >= -5439014 @ 261.627
c bounds - >= -5438950 @ 261.744
c bounds - >= -5438886 @ 261.862
c bounds - >= -5438822 @ 261.981
c bounds - >= -5438758 @ 262.099
c bounds - >= -5438694 @ 262.217
c bounds - >= -5438630 @ 262.334
c bounds - >= -5438566 @ 262.453
c bounds - >= -5438502 @ 262.57
c bounds - >= -5438438 @ 262.687
c bounds - >= -5438374 @ 262.805
c bounds - >= -5438310 @ 262.922
c bounds - >= -5438246 @ 263.04
c bounds - >= -5438182 @ 263.159
c bounds - >= -5438118 @ 263.277
c bounds - >= -5438054 @ 263.396
c bounds - >= -5437990 @ 263.513
c bounds - >= -5437926 @ 263.63
c bounds - >= -5437862 @ 263.748
c bounds - >= -5437798 @ 263.867
c bounds - >= -5437734 @ 263.986
c bounds - >= -5437670 @ 264.105
c bounds - >= -5437606 @ 264.223
c bounds - >= -5437542 @ 264.341
c bounds - >= -5437478 @ 264.46
c bounds - >= -5437414 @ 264.579
c bounds - >= -5437350 @ 264.696
c bounds - >= -5437286 @ 264.815
c bounds - >= -5437222 @ 264.934
c bounds - >= -5437158 @ 265.052
c bounds - >= -5437094 @ 265.17
c bounds - >= -5437030 @ 265.289
c bounds - >= -5436966 @ 265.408
c bounds - >= -5436902 @ 265.526
c bounds - >= -5436838 @ 265.644
c bounds - >= -5436774 @ 265.764
c bounds - >= -5436710 @ 265.883
c bounds - >= -5436646 @ 266.001
c bounds - >= -5436582 @ 266.119
c bounds - >= -5436518 @ 266.237
c bounds - >= -5436454 @ 266.355
c bounds - >= -5436390 @ 266.474
c bounds - >= -5436326 @ 266.591
c bounds - >= -5436262 @ 266.71
c bounds - >= -5436198 @ 266.828
c bounds - >= -5436134 @ 266.944
c bounds - >= -5436070 @ 267.062
c bounds - >= -5436006 @ 267.18
c bounds - >= -5435942 @ 267.299
c bounds - >= -5435878 @ 267.417
c bounds - >= -5435814 @ 267.535
c bounds - >= -5435750 @ 267.654
c bounds - >= -5435686 @ 267.772
c bounds - >= -5435622 @ 267.89
c bounds - >= -5435558 @ 268.008
c bounds - >= -5435494 @ 268.126
c bounds - >= -5435430 @ 268.243
c bounds - >= -5435366 @ 268.363
c bounds - >= -5435302 @ 268.481
c bounds - >= -5435238 @ 268.6
c bounds - >= -5435174 @ 268.718
c bounds - >= -5435110 @ 268.835
c bounds - >= -5435046 @ 268.953
c bounds - >= -5434982 @ 269.072
c bounds - >= -5434918 @ 269.191
c bounds - >= -5434854 @ 269.309
c bounds - >= -5434790 @ 269.427
c bounds - >= -5434726 @ 269.547
c bounds - >= -5434662 @ 269.666
c bounds - >= -5434598 @ 269.785
c bounds - >= -5434534 @ 269.905
c bounds - >= -5434470 @ 270.023
c bounds - >= -5434406 @ 270.142
c bounds - >= -5434342 @ 270.261
c bounds - >= -5434278 @ 270.38
c bounds - >= -5434214 @ 270.499
c bounds - >= -5434150 @ 270.618
c bounds - >= -5434086 @ 270.738
c bounds - >= -5434022 @ 270.857
c bounds - >= -5433958 @ 270.977
c bounds - >= -5433894 @ 271.096
c bounds - >= -5433830 @ 271.214
c bounds - >= -5433766 @ 271.333
c bounds - >= -5433702 @ 271.452
c bounds - >= -5433638 @ 271.572
c bounds - >= -5433574 @ 271.691
c bounds - >= -5433510 @ 271.809
c bounds - >= -5433446 @ 271.929
c bounds - >= -5433382 @ 272.047
c bounds - >= -5433318 @ 272.166
c bounds - >= -5433254 @ 272.285
c bounds - >= -5433190 @ 272.403
c bounds - >= -5433126 @ 272.521
c bounds - >= -5433062 @ 272.64
c bounds - >= -5432998 @ 272.76
c bounds - >= -5432934 @ 272.878
c bounds - >= -5432870 @ 272.997
c bounds - >= -5432806 @ 273.114
c bounds - >= -5432742 @ 273.232
c bounds - >= -5432678 @ 273.353
c bounds - >= -5432614 @ 273.474
c bounds - >= -5432550 @ 273.593
c bounds - >= -5432486 @ 273.711
c bounds - >= -5432422 @ 273.83
c bounds - >= -5432358 @ 273.949
c bounds - >= -5432294 @ 274.069
c bounds - >= -5432230 @ 274.187
c bounds - >= -5432166 @ 274.304
c bounds - >= -5432102 @ 274.422
c bounds - >= -5432038 @ 274.539
c bounds - >= -5431974 @ 274.657
c bounds - >= -5431910 @ 274.775
c bounds - >= -5431846 @ 274.893
c bounds - >= -5431782 @ 275.011
c bounds - >= -5431718 @ 275.129
c bounds - >= -5431654 @ 275.248
c bounds - >= -5431590 @ 275.366
c bounds - >= -5431526 @ 275.485
c bounds - >= -5431462 @ 275.605
c bounds - >= -5431398 @ 275.724
c bounds - >= -5431334 @ 275.842
c bounds - >= -5431270 @ 275.962
c bounds - >= -5431206 @ 276.082
c bounds - >= -5431142 @ 276.202
c bounds - >= -5431078 @ 276.321
c bounds - >= -5431014 @ 276.441
c bounds - >= -5430950 @ 276.561
c bounds - >= -5430886 @ 276.68
c bounds - >= -5430822 @ 276.799
c bounds - >= -5430758 @ 276.919
c bounds - >= -5430694 @ 277.038
c bounds - >= -5430630 @ 277.157
c bounds - >= -5430566 @ 277.276
c bounds - >= -5430502 @ 277.393
c bounds - >= -5430438 @ 277.511
c bounds - >= -5430374 @ 277.631
c bounds - >= -5430310 @ 277.751
c bounds - >= -5430246 @ 277.869
c bounds - >= -5430182 @ 277.987
c bounds - >= -5430118 @ 278.108
c bounds - >= -5430054 @ 278.227
c bounds - >= -5429990 @ 278.347
c bounds - >= -5429926 @ 278.466
c bounds - >= -5429862 @ 278.586
c bounds - >= -5429798 @ 278.703
c bounds - >= -5429734 @ 278.824
c bounds - >= -5429670 @ 278.944
c bounds - >= -5429606 @ 279.062
c bounds - >= -5429542 @ 279.184
c bounds - >= -5429478 @ 279.303
c bounds - >= -5429414 @ 279.422
c bounds - >= -5429350 @ 279.542
c bounds - >= -5429286 @ 279.662
c bounds - >= -5429222 @ 279.78
c bounds - >= -5429158 @ 279.898
c bounds - >= -5429094 @ 280.015
c bounds - >= -5429030 @ 280.134
c bounds - >= -5428966 @ 280.253
c bounds - >= -5428902 @ 280.372
c bounds - >= -5428838 @ 280.491
c bounds - >= -5428774 @ 280.61
c bounds - >= -5428710 @ 280.73
c bounds - >= -5428646 @ 280.851
c bounds - >= -5428582 @ 280.971
c bounds - >= -5428518 @ 281.092
c bounds - >= -5428454 @ 281.212
c bounds - >= -5428390 @ 281.334
c bounds - >= -5428326 @ 281.453
c bounds - >= -5428262 @ 281.572
c bounds - >= -5428198 @ 281.691
c bounds - >= -5428134 @ 281.811
c bounds - >= -5428070 @ 281.93
c bounds - >= -5428006 @ 282.049
c bounds - >= -5427942 @ 282.167
c bounds - >= -5427878 @ 282.286
c bounds - >= -5427814 @ 282.406
c bounds - >= -5427750 @ 282.523
c bounds - >= -5427686 @ 282.642
c bounds - >= -5427622 @ 282.761
c bounds - >= -5427558 @ 282.88
c bounds - >= -5427494 @ 282.998
c bounds - >= -5427430 @ 283.117
c bounds - >= -5427366 @ 283.235
c bounds - >= -5427302 @ 283.354
c bounds - >= -5427238 @ 283.473
c bounds - >= -5427174 @ 283.59
c bounds - >= -5427110 @ 283.707
c bounds - >= -5427046 @ 283.825
c bounds - >= -5426982 @ 283.944
c bounds - >= -5426918 @ 284.062
c bounds - >= -5426854 @ 284.181
c bounds - >= -5426790 @ 284.3
c bounds - >= -5426726 @ 284.42
c bounds - >= -5426662 @ 284.541
c bounds - >= -5426598 @ 284.661
c bounds - >= -5426534 @ 284.779
c bounds - >= -5426470 @ 284.898
c bounds - >= -5426406 @ 285.016
c bounds - >= -5426342 @ 285.135
c bounds - >= -5426278 @ 285.253
c bounds - >= -5426214 @ 285.372
c bounds - >= -5426150 @ 285.491
c bounds - >= -5426086 @ 285.61
c bounds - >= -5426022 @ 285.728
c bounds - >= -5425958 @ 285.847
c bounds - >= -5425894 @ 285.966
c bounds - >= -5425830 @ 286.085
c bounds - >= -5425766 @ 286.205
c bounds - >= -5425702 @ 286.324
c bounds - >= -5425638 @ 286.442
c bounds - >= -5425574 @ 286.562
c bounds - >= -5425510 @ 286.681
c bounds - >= -5425446 @ 286.801
c bounds - >= -5425382 @ 286.92
c bounds - >= -5425318 @ 287.041
c bounds - >= -5425254 @ 287.162
c bounds - >= -5425190 @ 287.281
c bounds - >= -5425126 @ 287.401
c bounds - >= -5425062 @ 287.519
c bounds - >= -5424998 @ 287.64
c bounds - >= -5424934 @ 287.76
c bounds - >= -5424870 @ 287.88
c bounds - >= -5424806 @ 287.999
c bounds - >= -5424742 @ 288.121
c bounds - >= -5424678 @ 288.24
c bounds - >= -5424614 @ 288.36
c bounds - >= -5424550 @ 288.479
c bounds - >= -5424486 @ 288.6
c bounds - >= -5424422 @ 288.72
c bounds - >= -5424358 @ 288.84
c bounds - >= -5424294 @ 288.959
c bounds - >= -5424230 @ 289.078
c bounds - >= -5424166 @ 289.197
c bounds - >= -5424102 @ 289.317
c bounds - >= -5424038 @ 289.436
c bounds - >= -5423974 @ 289.558
c bounds - >= -5423910 @ 289.677
c bounds - >= -5423846 @ 289.798
c bounds - >= -5423782 @ 289.918
c bounds - >= -5423718 @ 290.038
c bounds - >= -5423654 @ 290.161
c bounds - >= -5423590 @ 290.282
c bounds - >= -5423526 @ 290.402
c bounds - >= -5423462 @ 290.521
c bounds - >= -5423398 @ 290.641
c bounds - >= -5423334 @ 290.762
c bounds - >= -5423270 @ 290.881
c bounds - >= -5423206 @ 291.001
c bounds - >= -5423142 @ 291.12
c bounds - >= -5423078 @ 291.239
c bounds - >= -5423014 @ 291.358
c bounds - >= -5422950 @ 291.478
c bounds - >= -5422886 @ 291.599
c bounds - >= -5422822 @ 291.718
c bounds - >= -5422758 @ 291.838
c bounds - >= -5422694 @ 291.957
c bounds - >= -5422630 @ 292.077
c bounds - >= -5422566 @ 292.198
c bounds - >= -5422502 @ 292.318
c bounds - >= -5422438 @ 292.437
c bounds - >= -5422374 @ 292.557
c bounds - >= -5422310 @ 292.676
c bounds - >= -5422246 @ 292.794
c bounds - >= -5422182 @ 292.912
c bounds - >= -5422118 @ 293.032
c bounds - >= -5422054 @ 293.151
c bounds - >= -5421990 @ 293.271
c bounds - >= -5421926 @ 293.39
c bounds - >= -5421862 @ 293.508
c bounds - >= -5421798 @ 293.628
c bounds - >= -5421734 @ 293.747
c bounds - >= -5421670 @ 293.866
c bounds - >= -5421606 @ 293.985
c bounds - >= -5421542 @ 294.105
c bounds - >= -5421478 @ 294.224
c bounds - >= -5421414 @ 294.343
c bounds - >= -5421350 @ 294.461
c bounds - >= -5421286 @ 294.579
c bounds - >= -5421222 @ 294.697
c bounds - >= -5421158 @ 294.814
c bounds - >= -5421094 @ 294.933
c bounds - >= -5421030 @ 295.051
c bounds - >= -5420966 @ 295.168
c bounds - >= -5420902 @ 295.287
c bounds - >= -5420838 @ 295.408
c bounds - >= -5420774 @ 295.527
c bounds - >= -5420710 @ 295.647
c bounds - >= -5420646 @ 295.766
c bounds - >= -5420582 @ 295.885
c bounds - >= -5420518 @ 296.003
c bounds - >= -5420454 @ 296.122
c bounds - >= -5420390 @ 296.24
c bounds - >= -5420326 @ 296.359
c bounds - >= -5420262 @ 296.478
c bounds - >= -5420198 @ 296.598
c bounds - >= -5420134 @ 296.716
c bounds - >= -5420070 @ 296.834
c bounds - >= -5420006 @ 296.953
c bounds - >= -5419942 @ 297.072
c bounds - >= -5419878 @ 297.19
c bounds - >= -5419814 @ 297.309
c bounds - >= -5419750 @ 297.427
c bounds - >= -5419686 @ 297.546
c bounds - >= -5419622 @ 297.666
c bounds - >= -5419558 @ 297.785
c bounds - >= -5419494 @ 297.904
c bounds - >= -5419430 @ 298.024
c bounds - >= -5419366 @ 298.143
c bounds - >= -5419302 @ 298.262
c bounds - >= -5419238 @ 298.381
c bounds - >= -5419174 @ 298.502
c bounds - >= -5419110 @ 298.62
c bounds - >= -5419046 @ 298.739
c bounds - >= -5418982 @ 298.859
c bounds - >= -5418918 @ 298.978
c bounds - >= -5418854 @ 299.096
c bounds - >= -5418790 @ 299.215
c bounds - >= -5418726 @ 299.333
c bounds - >= -5418662 @ 299.452
c bounds - >= -5418598 @ 299.571
c bounds - >= -5418534 @ 299.69
c bounds - >= -5418470 @ 299.808
c bounds - >= -5418406 @ 299.927
c bounds - >= -5418342 @ 300.046
c bounds - >= -5418278 @ 300.164
c bounds - >= -5418214 @ 300.282
c bounds - >= -5418150 @ 300.4
c bounds - >= -5418086 @ 300.519
c bounds - >= -5418022 @ 300.638
c bounds - >= -5417958 @ 300.758
c bounds - >= -5417894 @ 300.878
c bounds - >= -5417830 @ 300.997
c bounds - >= -5417766 @ 301.115
c bounds - >= -5417702 @ 301.235
c bounds - >= -5417638 @ 301.354
c bounds - >= -5417574 @ 301.473
c bounds - >= -5417510 @ 301.593
c bounds - >= -5417446 @ 301.712
c bounds - >= -5417382 @ 301.831
c bounds - >= -5417318 @ 301.95
c bounds - >= -5417254 @ 302.07
c bounds - >= -5417190 @ 302.188
c bounds - >= -5417126 @ 302.308
c bounds - >= -5417062 @ 302.427
c bounds - >= -5416998 @ 302.545
c bounds - >= -5416934 @ 302.665
c bounds - >= -5416870 @ 302.785
c bounds - >= -5416806 @ 302.905
c bounds - >= -5416742 @ 303.023
c bounds - >= -5416678 @ 303.142
c bounds - >= -5416614 @ 303.261
c bounds - >= -5416550 @ 303.379
c bounds - >= -5416486 @ 303.498
c bounds - >= -5416422 @ 303.616
c bounds - >= -5416358 @ 303.735
c bounds - >= -5416294 @ 303.854
c bounds - >= -5416230 @ 303.972
c bounds - >= -5416166 @ 304.092
c bounds - >= -5416102 @ 304.211
c bounds - >= -5416038 @ 304.331
c bounds - >= -5415974 @ 304.452
c bounds - >= -5415910 @ 304.572
c bounds - >= -5415846 @ 304.692
c bounds - >= -5415782 @ 304.812
c bounds - >= -5415718 @ 304.931
c bounds - >= -5415654 @ 305.049
c bounds - >= -5415590 @ 305.167
c bounds - >= -5415526 @ 305.286
c bounds - >= -5415462 @ 305.406
c bounds - >= -5415398 @ 305.524
c bounds - >= -5415334 @ 305.641
c bounds - >= -5415270 @ 305.761
c bounds - >= -5415206 @ 305.879
c bounds - >= -5415142 @ 305.998
c bounds - >= -5415078 @ 306.116
c bounds - >= -5415014 @ 306.233
c bounds - >= -5414950 @ 306.352
c bounds - >= -5414886 @ 306.473
c bounds - >= -5414822 @ 306.592
c bounds - >= -5414758 @ 306.712
c bounds - >= -5414694 @ 306.83
c bounds - >= -5414630 @ 306.949
c bounds - >= -5414566 @ 307.067
c bounds - >= -5414502 @ 307.187
c bounds - >= -5414438 @ 307.305
c bounds - >= -5414374 @ 307.425
c bounds - >= -5414310 @ 307.544
c bounds - >= -5414246 @ 307.662
c bounds - >= -5414182 @ 307.78
c bounds - >= -5414118 @ 307.901
c bounds - >= -5414054 @ 308.019
c bounds - >= -5413990 @ 308.139
c bounds - >= -5413926 @ 308.259
c bounds - >= -5413862 @ 308.378
c bounds - >= -5413798 @ 308.497
c bounds - >= -5413734 @ 308.616
c bounds - >= -5413670 @ 308.735
c bounds - >= -5413606 @ 308.854
c bounds - >= -5413542 @ 308.974
c bounds - >= -5413478 @ 309.094
c bounds - >= -5413414 @ 309.214
c bounds - >= -5413350 @ 309.333
c bounds - >= -5413286 @ 309.452
c bounds - >= -5413222 @ 309.57
c bounds - >= -5413158 @ 309.689
c bounds - >= -5413094 @ 309.809
c bounds - >= -5413030 @ 309.928
c bounds - >= -5412966 @ 310.047
c bounds - >= -5412902 @ 310.166
c bounds - >= -5412838 @ 310.287
c bounds - >= -5412774 @ 310.406
c bounds - >= -5412710 @ 310.524
c bounds - >= -5412646 @ 310.643
c bounds - >= -5412582 @ 310.762
c bounds - >= -5412518 @ 310.882
c bounds - >= -5412454 @ 311.001
c bounds - >= -5412390 @ 311.12
c bounds - >= -5412326 @ 311.24
c bounds - >= -5412262 @ 311.359
c bounds - >= -5412198 @ 311.478
c bounds - >= -5412134 @ 311.595
c bounds - >= -5412070 @ 311.713
c bounds - >= -5412006 @ 311.832
c bounds - >= -5411942 @ 311.95
c bounds - >= -5411878 @ 312.069
c bounds - >= -5411814 @ 312.187
c bounds - >= -5411750 @ 312.307
c bounds - >= -5411686 @ 312.427
c bounds - >= -5411622 @ 312.546
c bounds - >= -5411558 @ 312.666
c bounds - >= -5411494 @ 312.784
c bounds - >= -5411430 @ 312.903
c bounds - >= -5411366 @ 313.022
c bounds - >= -5411302 @ 313.141
c bounds - >= -5411238 @ 313.26
c bounds - >= -5411174 @ 313.378
c bounds - >= -5411110 @ 313.497
c bounds - >= -5411046 @ 313.615
c bounds - >= -5410982 @ 313.734
c bounds - >= -5410918 @ 313.851
c bounds - >= -5410854 @ 313.969
c bounds - >= -5410790 @ 314.088
c bounds - >= -5410726 @ 314.206
c bounds - >= -5410662 @ 314.325
c bounds - >= -5410598 @ 314.443
c bounds - >= -5410534 @ 314.562
c bounds - >= -5410470 @ 314.68
c bounds - >= -5410406 @ 314.799
c bounds - >= -5410342 @ 314.917
c bounds - >= -5410278 @ 315.035
c bounds - >= -5410214 @ 315.154
c bounds - >= -5410150 @ 315.273
c bounds - >= -5410086 @ 315.391
c bounds - >= -5410022 @ 315.51
c bounds - >= -5409958 @ 315.63
c bounds - >= -5409894 @ 315.749
c bounds - >= -5409830 @ 315.869
c bounds - >= -5409766 @ 315.989
c bounds - >= -5409702 @ 316.108
c bounds - >= -5409638 @ 316.227
c bounds - >= -5409574 @ 316.346
c bounds - >= -5409510 @ 316.465
c bounds - >= -5409446 @ 316.584
c bounds - >= -5409382 @ 316.703
c bounds - >= -5409318 @ 316.822
c bounds - >= -5409254 @ 316.94
c bounds - >= -5409190 @ 317.059
c bounds - >= -5409126 @ 317.177
c bounds - >= -5409062 @ 317.296
c bounds - >= -5408998 @ 317.415
c bounds - >= -5408934 @ 317.533
c bounds - >= -5408870 @ 317.654
c bounds - >= -5408806 @ 317.773
c bounds - >= -5408742 @ 317.892
c bounds - >= -5408678 @ 318.011
c bounds - >= -5408614 @ 318.13
c bounds - >= -5408550 @ 318.251
c bounds - >= -5408486 @ 318.371
c bounds - >= -5408422 @ 318.492
c bounds - >= -5408358 @ 318.612
c bounds - >= -5408294 @ 318.73
c bounds - >= -5408230 @ 318.85
c bounds - >= -5408166 @ 318.969
c bounds - >= -5408102 @ 319.089
c bounds - >= -5408038 @ 319.208
c bounds - >= -5407974 @ 319.327
c bounds - >= -5407910 @ 319.446
c bounds - >= -5407846 @ 319.565
c bounds - >= -5407782 @ 319.685
c bounds - >= -5407718 @ 319.804
c bounds - >= -5407654 @ 319.923
c bounds - >= -5407590 @ 320.042
c bounds - >= -5407526 @ 320.161
c bounds - >= -5407462 @ 320.28
c bounds - >= -5407398 @ 320.4
c bounds - >= -5407334 @ 320.518
c bounds - >= -5407270 @ 320.637
c bounds - >= -5407206 @ 320.757
c bounds - >= -5407142 @ 320.876
c bounds - >= -5407078 @ 320.995
c bounds - >= -5407014 @ 321.113
c bounds - >= -5406950 @ 321.231
c bounds - >= -5406886 @ 321.349
c bounds - >= -5406822 @ 321.468
c bounds - >= -5406758 @ 321.586
c bounds - >= -5406694 @ 321.705
c bounds - >= -5406630 @ 321.825
c bounds - >= -5406566 @ 321.944
c bounds - >= -5406502 @ 322.061
c bounds - >= -5406438 @ 322.18
c bounds - >= -5406374 @ 322.298
c bounds - >= -5406310 @ 322.416
c bounds - >= -5406246 @ 322.535
c bounds - >= -5406182 @ 322.654
c bounds - >= -5406118 @ 322.774
c bounds - >= -5406054 @ 322.893
c bounds - >= -5405990 @ 323.013
c bounds - >= -5405926 @ 323.132
c bounds - >= -5405862 @ 323.25
c bounds - >= -5405798 @ 323.369
c bounds - >= -5405734 @ 323.488
c bounds - >= -5405670 @ 323.606
c bounds - >= -5405606 @ 323.725
c bounds - >= -5405542 @ 323.843
c bounds - >= -5405478 @ 323.961
c bounds - >= -5405414 @ 324.081
c bounds - >= -5405350 @ 324.202
c bounds - >= -5405286 @ 324.322
c bounds - >= -5405222 @ 324.441
c bounds - >= -5405158 @ 324.558
c bounds - >= -5405094 @ 324.677
c bounds - >= -5405030 @ 324.796
c bounds - >= -5404966 @ 324.917
c bounds - >= -5404902 @ 325.035
c bounds - >= -5404838 @ 325.154
c bounds - >= -5404774 @ 325.273
c bounds - >= -5404710 @ 325.392
c bounds - >= -5404646 @ 325.512
c bounds - >= -5404582 @ 325.632
c bounds - >= -5404518 @ 325.75
c bounds - >= -5404454 @ 325.869
c bounds - >= -5404390 @ 325.987
c bounds - >= -5404326 @ 326.107
c bounds - >= -5404262 @ 326.225
c bounds - >= -5404198 @ 326.344
c bounds - >= -5404134 @ 326.462
c bounds - >= -5404070 @ 326.58
c bounds - >= -5404006 @ 326.698
c bounds - >= -5403942 @ 326.816
c bounds - >= -5403878 @ 326.935
c bounds - >= -5403814 @ 327.053
c bounds - >= -5403750 @ 327.17
c bounds - >= -5403686 @ 327.288
c bounds - >= -5403622 @ 327.406
c bounds - >= -5403558 @ 327.525
c bounds - >= -5403494 @ 327.643
c bounds - >= -5403430 @ 327.761
c bounds - >= -5403366 @ 327.879
c bounds - >= -5403302 @ 327.997
c bounds - >= -5403238 @ 328.116
c bounds - >= -5403174 @ 328.234
c bounds - >= -5403110 @ 328.352
c bounds - >= -5403046 @ 328.471
c bounds - >= -5402982 @ 328.591
c bounds - >= -5402918 @ 328.711
c bounds - >= -5402854 @ 328.831
c bounds - >= -5402790 @ 328.95
c bounds - >= -5402726 @ 329.07
c bounds - >= -5402662 @ 329.188
c bounds - >= -5402598 @ 329.305
c bounds - >= -5402534 @ 329.423
c bounds - >= -5402470 @ 329.542
c bounds - >= -5402406 @ 329.66
c bounds - >= -5402342 @ 329.78
c bounds - >= -5402278 @ 329.901
c bounds - >= -5402214 @ 330.02
c bounds - >= -5402150 @ 330.139
c bounds - >= -5402086 @ 330.257
c bounds - >= -5402022 @ 330.375
c bounds - >= -5401958 @ 330.495
c bounds - >= -5401894 @ 330.615
c bounds - >= -5401830 @ 330.735
c bounds - >= -5401766 @ 330.855
c bounds - >= -5401702 @ 330.974
c bounds - >= -5401638 @ 331.094
c bounds - >= -5401574 @ 331.214
c bounds - >= -5401510 @ 331.333
c bounds - >= -5401446 @ 331.452
c bounds - >= -5401382 @ 331.57
c bounds - >= -5401318 @ 331.691
c bounds - >= -5401254 @ 331.811
c bounds - >= -5401190 @ 331.931
c bounds - >= -5401126 @ 332.052
c bounds - >= -5401062 @ 332.17
c bounds - >= -5400998 @ 332.289
c bounds - >= -5400934 @ 332.408
c bounds - >= -5400870 @ 332.527
c bounds - >= -5400806 @ 332.647
c bounds - >= -5400742 @ 332.768
c bounds - >= -5400678 @ 332.888
c bounds - >= -5400614 @ 333.007
c bounds - >= -5400550 @ 333.126
c bounds - >= -5400486 @ 333.246
c bounds - >= -5400422 @ 333.365
c bounds - >= -5400358 @ 333.484
c bounds - >= -5400294 @ 333.603
c bounds - >= -5400230 @ 333.722
c bounds - >= -5400166 @ 333.842
c bounds - >= -5400102 @ 333.96
c bounds - >= -5400038 @ 334.08
c bounds - >= -5399974 @ 334.202
c bounds - >= -5399910 @ 334.322
c bounds - >= -5399846 @ 334.44
c bounds - >= -5399782 @ 334.56
c bounds - >= -5399718 @ 334.678
c bounds - >= -5399654 @ 334.798
c bounds - >= -5399590 @ 334.917
c bounds - >= -5399526 @ 335.037
c bounds - >= -5399462 @ 335.156
c bounds - >= -5399398 @ 335.275
c bounds - >= -5399334 @ 335.396
c bounds - >= -5399270 @ 335.515
c bounds - >= -5399206 @ 335.636
c bounds - >= -5399142 @ 335.757
c bounds - >= -5399078 @ 335.877
c bounds - >= -5399014 @ 335.995
c bounds - >= -5398950 @ 336.114
c bounds - >= -5398886 @ 336.234
c bounds - >= -5398822 @ 336.354
c bounds - >= -5398758 @ 336.474
c bounds - >= -5398694 @ 336.594
c bounds - >= -5398630 @ 336.713
c bounds - >= -5398566 @ 336.834
c bounds - >= -5398502 @ 336.953
c bounds - >= -5398438 @ 337.072
c bounds - >= -5398374 @ 337.192
c bounds - >= -5398310 @ 337.311
c bounds - >= -5398246 @ 337.431
c bounds - >= -5398182 @ 337.549
c bounds - >= -5398118 @ 337.668
c bounds - >= -5398054 @ 337.787
c bounds - >= -5397990 @ 337.909
c bounds - >= -5397926 @ 338.028
c bounds - >= -5397862 @ 338.149
c bounds - >= -5397798 @ 338.268
c bounds - >= -5397734 @ 338.389
c bounds - >= -5397670 @ 338.509
c bounds - >= -5397606 @ 338.628
c bounds - >= -5397542 @ 338.747
c bounds - >= -5397478 @ 338.866
c bounds - >= -5397414 @ 338.986
c bounds - >= -5397350 @ 339.106
c bounds - >= -5397286 @ 339.228
c bounds - >= -5397222 @ 339.35
c bounds - >= -5397158 @ 339.469
c bounds - >= -5397094 @ 339.589
c bounds - >= -5397030 @ 339.711
c bounds - >= -5396966 @ 339.831
c bounds - >= -5396902 @ 339.95
c bounds - >= -5396838 @ 340.07
c bounds - >= -5396774 @ 340.19
c bounds - >= -5396710 @ 340.309
c bounds - >= -5396646 @ 340.429
c bounds - >terminate called after throwing an instance of 'rs::OutOfMemoryException'
