c RoundingSat 2
c branch 
c commit 
c #variables 19968 #constraints 609991
c bounds - >= -76800 @ 1.93663
c #Conflicts:       1000 | #Constraints:     610990
c #Conflicts:       2000 | #Constraints:     611990
c INPROCESSING
c bounds - >= -76736 @ 2.16667
c bounds - >= -76672 @ 2.16812
c bounds - >= -76608 @ 2.16928
c bounds - >= -76544 @ 2.17046
c bounds - >= -76480 @ 2.17162
c bounds - >= -76416 @ 2.17279
c bounds - >= -76352 @ 2.17395
c bounds - >= -76288 @ 2.17511
c bounds - >= -76224 @ 2.17627
c bounds - >= -76160 @ 2.17745
c bounds - >= -76096 @ 2.17861
c bounds - >= -76032 @ 2.17977
c bounds - >= -75968 @ 2.18093
c bounds - >= -75904 @ 2.18209
c bounds - >= -75840 @ 2.18326
c bounds - >= -75776 @ 2.18443
c bounds - >= -75712 @ 2.18605
c bounds - >= -75648 @ 2.18722
c bounds - >= -75584 @ 2.18838
c bounds - >= -75520 @ 2.18954
c bounds - >= -75456 @ 2.19069
c bounds - >= -75392 @ 2.19185
c bounds - >= -75328 @ 2.19301
c bounds - >= -75264 @ 2.19416
c bounds - >= -75200 @ 2.19532
c bounds - >= -75136 @ 2.19648
c bounds - >= -75072 @ 2.19764
c bounds - >= -75008 @ 2.1988
c bounds - >= -74944 @ 2.19996
c bounds - >= -74880 @ 2.20112
c bounds - >= -74816 @ 2.20228
c bounds - >= -74752 @ 2.20343
c bounds - >= -74688 @ 2.20459
c bounds - >= -74624 @ 2.20574
c bounds - >= -74560 @ 2.2069
c bounds - >= -74496 @ 2.20806
c bounds - >= -74432 @ 2.20922
c bounds - >= -74368 @ 2.21038
c bounds - >= -74304 @ 2.21154
c bounds - >= -74240 @ 2.2127
c bounds - >= -74176 @ 2.21386
c bounds - >= -74112 @ 2.21502
c bounds - >= -74048 @ 2.21623
c bounds - >= -73984 @ 2.21744
c bounds - >= -73920 @ 2.21865
c bounds - >= -73856 @ 2.21985
c bounds - >= -73792 @ 2.22105
c bounds - >= -73728 @ 2.2215
c bounds - >= -73664 @ 2.22266
c bounds - >= -73600 @ 2.22381
c bounds - >= -73536 @ 2.22498
c bounds - >= -73472 @ 2.22613
c bounds - >= -73408 @ 2.22654
c bounds - >= -73344 @ 2.2277
c bounds - >= -73280 @ 2.22886
c bounds - >= -73216 @ 2.23001
c bounds - >= -73152 @ 2.2312
c bounds - >= -73088 @ 2.23241
c bounds - >= -73024 @ 2.23363
c bounds - >= -72960 @ 2.23485
c bounds - >= -72896 @ 2.23605
c bounds - >= -72832 @ 2.23646
c bounds - >= -72768 @ 2.23762
c bounds - >= -72704 @ 2.23879
c bounds - >= -72640 @ 2.23994
c bounds - >= -72576 @ 2.24112
c bounds - >= -72512 @ 2.24232
c bounds - >= -72448 @ 2.24396
c bounds - >= -72384 @ 2.24512
c bounds - >= -72320 @ 2.24628
c bounds - >= -72256 @ 2.24743
c bounds - >= -72192 @ 2.24859
c bounds - >= -72128 @ 2.24974
c bounds - >= -72064 @ 2.2509
c bounds - >= -72000 @ 2.25205
c bounds - >= -71936 @ 2.25321
c bounds - >= -71872 @ 2.25437
c bounds - >= -71808 @ 2.25554
c bounds - >= -71744 @ 2.25669
c bounds - >= -71680 @ 2.25785
c bounds - >= -71616 @ 2.259
c bounds - >= -71552 @ 2.26017
c bounds - >= -71488 @ 2.26132
c bounds - >= -71424 @ 2.26248
c bounds - >= -71360 @ 2.26363
c bounds - >= -71296 @ 2.26479
c bounds - >= -71232 @ 2.26594
c bounds - >= -71168 @ 2.2671
c bounds - >= -71104 @ 2.26825
c bounds - >= -71040 @ 2.26942
c bounds - >= -70976 @ 2.27057
c bounds - >= -70912 @ 2.27172
c bounds - >= -70848 @ 2.27288
c bounds - >= -70784 @ 2.2736
c bounds - >= -70720 @ 2.27472
c bounds - >= -70656 @ 2.27583
c bounds - >= -70592 @ 2.27695
c bounds - >= -70528 @ 2.27811
c bounds - >= -70464 @ 2.27926
c bounds - >= -70400 @ 2.28041
c bounds - >= -70336 @ 2.28156
c bounds - >= -70272 @ 2.28272
c bounds - >= -70208 @ 2.28387
c bounds - >= -70144 @ 2.28503
c bounds - >= -70080 @ 2.28619
c bounds - >= -70016 @ 2.28734
c bounds - >= -69952 @ 2.2885
c bounds - >= -69888 @ 2.28965
c bounds - >= -69824 @ 2.2908
c bounds - >= -69760 @ 2.29195
c bounds - >= -69696 @ 2.29311
c bounds - >= -69632 @ 2.29426
c bounds - >= -69568 @ 2.29541
c bounds - >= -69504 @ 2.29656
c bounds - >= -69440 @ 2.29772
c bounds - >= -69376 @ 2.29877
c bounds - >= -69312 @ 2.29923
c bounds - >= -69248 @ 2.30034
c bounds - >= -69184 @ 2.30179
c bounds - >= -69120 @ 2.30196
c bounds - >= -69056 @ 2.3031
c bounds - >= -68992 @ 2.30426
c bounds - >= -68928 @ 2.30541
c bounds - >= -68864 @ 2.30656
c bounds - >= -68800 @ 2.30771
c bounds - >= -68736 @ 2.30883
c bounds - >= -68672 @ 2.31
c bounds - >= -68608 @ 2.31115
c bounds - >= -68544 @ 2.31233
c bounds - >= -68480 @ 2.31348
c bounds - >= -68416 @ 2.31463
c bounds - >= -68352 @ 2.31578
c bounds - >= -68288 @ 2.31693
c bounds - >= -68224 @ 2.31809
c bounds - >= -68160 @ 2.31925
c bounds - >= -68096 @ 2.3204
c bounds - >= -68032 @ 2.32155
c bounds - >= -67968 @ 2.3227
c bounds - >= -67904 @ 2.32385
c bounds - >= -67840 @ 2.325
c bounds - >= -67776 @ 2.32615
c bounds - >= -67712 @ 2.32731
c bounds - >= -67648 @ 2.32846
c bounds - >= -67584 @ 2.32961
c bounds - >= -67520 @ 2.33035
c bounds - >= -67456 @ 2.33147
c bounds - >= -67392 @ 2.33258
c bounds - >= -67328 @ 2.3337
c bounds - >= -67264 @ 2.33486
c bounds - >= -67200 @ 2.336
c bounds - >= -67136 @ 2.33715
c bounds - >= -67072 @ 2.3383
c bounds - >= -67008 @ 2.33945
c bounds - >= -66944 @ 2.34059
c bounds - >= -66880 @ 2.34174
c bounds - >= -66816 @ 2.34289
c bounds - >= -66752 @ 2.34403
c bounds - >= -66688 @ 2.34518
c bounds - >= -66624 @ 2.34633
c bounds - >= -66560 @ 2.34748
c bounds - >= -66496 @ 2.34863
c bounds - >= -66432 @ 2.34979
c bounds - >= -66368 @ 2.35093
c bounds - >= -66304 @ 2.35208
c bounds - >= -66240 @ 2.35324
c bounds - >= -66176 @ 2.35438
c bounds - >= -66112 @ 2.35553
c bounds - >= -66048 @ 2.35667
c bounds - >= -65984 @ 2.35782
c bounds - >= -65920 @ 2.35941
c bounds - >= -65856 @ 2.36055
c bounds - >= -65792 @ 2.36168
c bounds - >= -65728 @ 2.36282
c bounds - >= -65664 @ 2.36397
c bounds - >= -65600 @ 2.36511
c bounds - >= -65536 @ 2.36626
c bounds - >= -65472 @ 2.36741
c bounds - >= -65408 @ 2.36855
c bounds - >= -65344 @ 2.36972
c bounds - >= -65280 @ 2.37087
c bounds - >= -65216 @ 2.37201
c bounds - >= -65152 @ 2.37316
c bounds - >= -65088 @ 2.37431
c bounds - >= -65024 @ 2.37546
c bounds - >= -64960 @ 2.3766
c bounds - >= -64896 @ 2.37774
c bounds - >= -64832 @ 2.37888
c bounds - >= -64768 @ 2.38003
c bounds - >= -64704 @ 2.38118
c bounds - >= -64640 @ 2.38232
c bounds - >= -64576 @ 2.38346
c bounds - >= -64512 @ 2.38461
c bounds - >= -64448 @ 2.38575
c bounds - >= -64384 @ 2.38689
c bounds - >= -64320 @ 2.38804
c bounds - >= -64256 @ 2.38885
c bounds - >= -64192 @ 2.38995
c bounds - >= -64128 @ 2.39106
c bounds - >= -64064 @ 2.39217
c bounds - >= -64000 @ 2.39328
c bounds - >= -63936 @ 2.39439
c bounds - >= -63872 @ 2.39552
c bounds - >= -63808 @ 2.39666
c bounds - >= -63744 @ 2.39781
c bounds - >= -63680 @ 2.39897
c bounds - >= -63616 @ 2.40013
c bounds - >= -63552 @ 2.40129
c bounds - >= -63488 @ 2.40245
c bounds - >= -63424 @ 2.40362
c bounds - >= -63360 @ 2.40478
c bounds - >= -63296 @ 2.40594
c bounds - >= -63232 @ 2.40709
c bounds - >= -63168 @ 2.40826
c bounds - >= -63104 @ 2.40941
c bounds - >= -63040 @ 2.41058
c bounds - >= -62976 @ 2.41174
c bounds - >= -62912 @ 2.41289
c bounds - >= -62848 @ 2.41405
c bounds - >= -62784 @ 2.4152
c bounds - >= -62720 @ 2.41635
c bounds - >= -62656 @ 2.41797
c bounds - >= -62592 @ 2.41911
c bounds - >= -62528 @ 2.42024
c bounds - >= -62464 @ 2.42138
c bounds - >= -62400 @ 2.42252
c bounds - >= -62336 @ 2.42366
c bounds - >= -62272 @ 2.42481
c bounds - >= -62208 @ 2.42596
c bounds - >= -62144 @ 2.4271
c bounds - >= -62080 @ 2.42823
c bounds - >= -62016 @ 2.42937
c bounds - >= -61952 @ 2.43052
c bounds - >= -61888 @ 2.43167
c bounds - >= -61824 @ 2.43281
c bounds - >= -61760 @ 2.43395
c bounds - >= -61696 @ 2.43508
c bounds - >= -61632 @ 2.43622
c bounds - >= -61568 @ 2.43736
c bounds - >= -61504 @ 2.4385
c bounds - >= -61440 @ 2.43963
c bounds - >= -61376 @ 2.44077
c bounds - >= -61312 @ 2.4419
c bounds - >= -61248 @ 2.44304
c bounds - >= -61184 @ 2.44418
c bounds - >= -61120 @ 2.44532
c bounds - >= -61056 @ 2.44646
c bounds - >= -60992 @ 2.44805
c bounds - >= -60928 @ 2.44919
c bounds - >= -60864 @ 2.45033
c bounds - >= -60800 @ 2.45147
c bounds - >= -60736 @ 2.45261
c bounds - >= -60672 @ 2.45375
c bounds - >= -60608 @ 2.45488
c bounds - >= -60544 @ 2.45602
c bounds - >= -60480 @ 2.45717
c bounds - >= -60416 @ 2.45831
c bounds - >= -60352 @ 2.45944
c bounds - >= -60288 @ 2.46059
c bounds - >= -60224 @ 2.46172
c bounds - >= -60160 @ 2.46286
c bounds - >= -60096 @ 2.46401
c bounds - >= -60032 @ 2.46515
c bounds - >= -59968 @ 2.46629
c bounds - >= -59904 @ 2.46743
c bounds - >= -59840 @ 2.46857
c bounds - >= -59776 @ 2.46972
c bounds - >= -59712 @ 2.47088
c bounds - >= -59648 @ 2.47203
c bounds - >= -59584 @ 2.47319
c bounds - >= -59520 @ 2.47435
c bounds - >= -59456 @ 2.47553
c bounds - >= -59392 @ 2.47671
c bounds - >= -59328 @ 2.4779
c bounds - >= -59264 @ 2.4791
c bounds - >= -59200 @ 2.48028
c bounds - >= -59136 @ 2.48147
c bounds - >= -59072 @ 2.48267
c bounds - >= -59008 @ 2.48386
c bounds - >= -58944 @ 2.48504
c bounds - >= -58880 @ 2.48624
c bounds - >= -58816 @ 2.48742
c bounds - >= -58752 @ 2.48861
c bounds - >= -58688 @ 2.48981
c bounds - >= -58624 @ 2.49099
c bounds - >= -58560 @ 2.4922
c bounds - >= -58496 @ 2.49339
c bounds - >= -58432 @ 2.49458
c bounds - >= -58368 @ 2.49576
c bounds - >= -58304 @ 2.49696
c bounds - >= -58240 @ 2.49814
c bounds - >= -58176 @ 2.49932
c bounds - >= -58112 @ 2.50051
c bounds - >= -58048 @ 2.5017
c bounds - >= -57984 @ 2.50288
c bounds - >= -57920 @ 2.50408
c bounds - >= -57856 @ 2.50527
c bounds - >= -57792 @ 2.50645
c bounds - >= -57728 @ 2.50806
c bounds - >= -57664 @ 2.50919
c bounds - >= -57600 @ 2.51033
c bounds - >= -57536 @ 2.51146
c bounds - >= -57472 @ 2.5126
c bounds - >= -57408 @ 2.51374
c bounds - >= -57344 @ 2.51488
c bounds - >= -57280 @ 2.51601
c bounds - >= -57216 @ 2.51716
c bounds - >= -57152 @ 2.51829
c bounds - >= -57088 @ 2.51943
c bounds - >= -57024 @ 2.52056
c bounds - >= -56960 @ 2.5217
c bounds - >= -56896 @ 2.52284
c bounds - >= -56832 @ 2.52398
c bounds - >= -56768 @ 2.52513
c bounds - >= -56704 @ 2.52626
c bounds - >= -56640 @ 2.5274
c bounds - >= -56576 @ 2.52854
c bounds - >= -56512 @ 2.52968
c bounds - >= -56448 @ 2.53081
c bounds - >= -56384 @ 2.53098
c bounds - >= -56320 @ 2.53212
c bounds - >= -56256 @ 2.53326
c bounds - >= -56192 @ 2.53439
c bounds - >= -56128 @ 2.53597
c bounds - >= -56064 @ 2.5371
c bounds - >= -56000 @ 2.53823
c bounds - >= -55936 @ 2.53936
c bounds - >= -55872 @ 2.54049
c bounds - >= -55808 @ 2.54162
c bounds - >= -55744 @ 2.54276
c bounds - >= -55680 @ 2.54389
c bounds - >= -55616 @ 2.54503
c bounds - >= -55552 @ 2.54616
c bounds - >= -55488 @ 2.54729
c bounds - >= -55424 @ 2.54843
c bounds - >= -55360 @ 2.54957
c bounds - >= -55296 @ 2.55071
c bounds - >= -55232 @ 2.55184
c bounds - >= -55168 @ 2.55299
c bounds - >= -55104 @ 2.55413
c bounds - >= -55040 @ 2.55526
c bounds - >= -54976 @ 2.55639
c bounds - >= -54912 @ 2.55752
c bounds - >= -54848 @ 2.55865
c bounds - >= -54784 @ 2.55978
c bounds - >= -54720 @ 2.56092
c bounds - >= -54656 @ 2.56204
c bounds - >= -54592 @ 2.56318
c bounds - >= -54528 @ 2.56431
c bounds - >= -54464 @ 2.5659
c bounds - >= -54400 @ 2.56703
c bounds - >= -54336 @ 2.56816
c bounds - >= -54272 @ 2.56929
c bounds - >= -54208 @ 2.57043
c bounds - >= -54144 @ 2.57156
c bounds - >= -54080 @ 2.57269
c bounds - >= -54016 @ 2.57382
c bounds - >= -53952 @ 2.57495
c bounds - >= -53888 @ 2.57608
c bounds - >= -53824 @ 2.57721
c bounds - >= -53760 @ 2.57833
c bounds - >= -53696 @ 2.57946
c bounds - >= -53632 @ 2.58059
c bounds - >= -53568 @ 2.58173
c bounds - >= -53504 @ 2.58286
c bounds - >= -53440 @ 2.584
c bounds - >= -53376 @ 2.58513
c bounds - >= -53312 @ 2.58627
c bounds - >= -53248 @ 2.58741
c bounds - >= -53184 @ 2.58854
c bounds - >= -53120 @ 2.58967
c bounds - >= -53056 @ 2.59081
c bounds - >= -52992 @ 2.59195
c bounds - >= -52928 @ 2.59308
c bounds - >= -52864 @ 2.59422
c bounds - >= -52800 @ 2.59579
c bounds - >= -52736 @ 2.59693
c bounds - >= -52672 @ 2.59806
c bounds - >= -52608 @ 2.59919
c bounds - >= -52544 @ 2.60032
c bounds - >= -52480 @ 2.60146
c bounds - >= -52416 @ 2.60258
c bounds - >= -52352 @ 2.60372
c bounds - >= -52288 @ 2.60486
c bounds - >= -52224 @ 2.606
c bounds - >= -52160 @ 2.60713
c bounds - >= -52096 @ 2.60826
c bounds - >= -52032 @ 2.60939
c bounds - >= -51968 @ 2.61053
c bounds - >= -51904 @ 2.61166
c bounds - >= -51840 @ 2.61279
c bounds - >= -51776 @ 2.61392
c bounds - >= -51712 @ 2.61506
c bounds - >= -51648 @ 2.61619
c bounds - >= -51584 @ 2.61733
c bounds - >= -51520 @ 2.61847
c bounds - >= -51456 @ 2.6196
c bounds - >= -51392 @ 2.62074
c bounds - >= -51328 @ 2.62188
c bounds - >= -51264 @ 2.62301
c bounds - >= -51200 @ 2.6246
c bounds - >= -51136 @ 2.62573
c bounds - >= -51072 @ 2.62687
c bounds - >= -51008 @ 2.628
c bounds - >= -50944 @ 2.62913
c bounds - >= -50880 @ 2.63026
c bounds - >= -50816 @ 2.63139
c bounds - >= -50752 @ 2.63252
c bounds - >= -50688 @ 2.63365
c bounds - >= -50624 @ 2.63478
c bounds - >= -50560 @ 2.6359
c bounds - >= -50496 @ 2.63703
c bounds - >= -50432 @ 2.63816
c bounds - >= -50368 @ 2.63929
c bounds - >= -50304 @ 2.64042
c bounds - >= -50240 @ 2.64155
c bounds - >= -50176 @ 2.64268
c bounds - >= -50112 @ 2.6438
c bounds - >= -50048 @ 2.64494
c bounds - >= -49984 @ 2.64607
c bounds - >= -49920 @ 2.64721
c bounds - >= -49856 @ 2.64833
c bounds - >= -49792 @ 2.64946
c bounds - >= -49728 @ 2.6506
c bounds - >= -49664 @ 2.65172
c bounds - >= -49600 @ 2.65285
c bounds - >= -49536 @ 2.65443
c bounds - >= -49472 @ 2.65556
c bounds - >= -49408 @ 2.65669
c bounds - >= -49344 @ 2.65782
c bounds - >= -49280 @ 2.65894
c bounds - >= -49216 @ 2.66007
c bounds - >= -49152 @ 2.66119
c bounds - >= -49088 @ 2.66232
c bounds - >= -49024 @ 2.66345
c bounds - >= -48960 @ 2.66458
c bounds - >= -48896 @ 2.66571
c bounds - >= -48832 @ 2.66684
c bounds - >= -48768 @ 2.66799
c bounds - >= -48704 @ 2.66912
c bounds - >= -48640 @ 2.67026
c bounds - >= -48576 @ 2.67138
c bounds - >= -48512 @ 2.67252
c bounds - >= -48448 @ 2.67365
c bounds - >= -48384 @ 2.67477
c bounds - >= -48320 @ 2.67589
c bounds - >= -48256 @ 2.67702
c bounds - >= -48192 @ 2.67815
c bounds - >= -48128 @ 2.67927
c bounds - >= -48064 @ 2.6804
c bounds - >= -48000 @ 2.68153
c bounds - >= -47936 @ 2.68311
c bounds - >= -47872 @ 2.68424
c bounds - >= -47808 @ 2.68537
c bounds - >= -47744 @ 2.6865
c bounds - >= -47680 @ 2.68763
c bounds - >= -47616 @ 2.68876
c bounds - >= -47552 @ 2.68989
c bounds - >= -47488 @ 2.69101
c bounds - >= -47424 @ 2.69214
c bounds - >= -47360 @ 2.69327
c bounds - >= -47296 @ 2.6944
c bounds - >= -47232 @ 2.69552
c bounds - >= -47168 @ 2.69664
c bounds - >= -47104 @ 2.69777
c bounds - >= -47040 @ 2.6989
c bounds - >= -46976 @ 2.70002
c bounds - >= -46912 @ 2.70115
c bounds - >= -46848 @ 2.70227
c bounds - >= -46784 @ 2.70339
c bounds - >= -46720 @ 2.70451
c bounds - >= -46656 @ 2.70566
c bounds - >= -46592 @ 2.7068
c bounds - >= -46528 @ 2.70794
c bounds - >= -46464 @ 2.70908
c bounds - >= -46400 @ 2.71022
c bounds - >= -46336 @ 2.71136
c bounds - >= -46272 @ 2.71295
c bounds - >= -46208 @ 2.71407
c bounds - >= -46144 @ 2.71519
c bounds - >= -46080 @ 2.7163
c bounds - >= -46016 @ 2.71742
c bounds - >= -45952 @ 2.71854
c bounds - >= -45888 @ 2.71966
c bounds - >= -45824 @ 2.72078
c bounds - >= -45760 @ 2.7219
c bounds - >= -45696 @ 2.72302
c bounds - >= -45632 @ 2.72414
c bounds - >= -45568 @ 2.72526
c bounds - >= -45504 @ 2.72638
c bounds - >= -45440 @ 2.7275
c bounds - >= -45376 @ 2.72862
c bounds - >= -45312 @ 2.72976
c bounds - >= -45248 @ 2.73088
c bounds - >= -45184 @ 2.73201
c bounds - >= -45120 @ 2.73313
c bounds - >= -45056 @ 2.73426
c bounds - >= -44992 @ 2.73538
c bounds - >= -44928 @ 2.73651
c bounds - >= -44864 @ 2.73762
c bounds - >= -44800 @ 2.73875
c bounds - >= -44736 @ 2.73986
c bounds - >= -44672 @ 2.74058
c bounds - >= -44608 @ 2.74167
c bounds - >= -44544 @ 2.74277
c bounds - >= -44480 @ 2.74386
c bounds - >= -44416 @ 2.74495
c bounds - >= -44352 @ 2.74605
c bounds - >= -44288 @ 2.74716
c bounds - >= -44224 @ 2.74828
c bounds - >= -44160 @ 2.7494
c bounds - >= -44096 @ 2.75053
c bounds - >= -44032 @ 2.75166
c bounds -363 >= -44032 @ 2.83649
c bounds -363 >= -43992 @ 2.84706
c bounds -363 >= -43952 @ 2.85353
c bounds -363 >= -43912 @ 2.86501
c bounds -363 >= -43872 @ 2.88249
c #Conflicts:       3000 | #Constraints:     613548
c bounds -363 >= -43832 @ 2.91992
c bounds -363 >= -43792 @ 2.98836
c bounds -364 >= -43792 @ 3.0117
c bounds -365 >= -43792 @ 3.02665
c bounds -366 >= -43792 @ 3.04131
c bounds -367 >= -43792 @ 3.05072
c bounds -368 >= -43792 @ 3.06775
c bounds -369 >= -43792 @ 3.0783
c bounds -370 >= -43792 @ 3.09228
c bounds -371 >= -43792 @ 3.10565
c bounds -375 >= -43792 @ 3.12114
c bounds -376 >= -43792 @ 3.13509
c bounds -380 >= -43792 @ 3.14574
c bounds -396 >= -43792 @ 3.16219
c bounds -397 >= -43792 @ 3.17415
c bounds -413 >= -43792 @ 3.19161
c bounds -414 >= -43792 @ 3.2031
c bounds -418 >= -43792 @ 3.21518
c bounds -418 >= -43752 @ 3.26017
c bounds -419 >= -43752 @ 3.27101
c bounds -420 >= -43752 @ 3.28519
c bounds -421 >= -43752 @ 3.29748
c bounds -425 >= -43752 @ 3.31297
c bounds -426 >= -43752 @ 3.32443
c bounds -428 >= -43752 @ 3.3378
c bounds -429 >= -43752 @ 3.34939
c bounds -433 >= -43752 @ 3.36287
c bounds -434 >= -43752 @ 3.37591
c bounds -436 >= -43752 @ 3.38825
c bounds -437 >= -43752 @ 3.39905
c bounds -438 >= -43752 @ 3.41188
c bounds -439 >= -43752 @ 3.42344
c bounds -455 >= -43752 @ 3.43645
c bounds -459 >= -43752 @ 3.44868
c #Conflicts:       4000 | #Constraints:     614600
c INPROCESSING
c GARBAGE COLLECT
c bounds -475 >= -43752 @ 3.71442
c bounds -476 >= -43752 @ 3.72451
c bounds -477 >= -43752 @ 3.7343
c bounds -485 >= -43752 @ 3.74544
c bounds -486 >= -43752 @ 3.75621
c bounds -502 >= -43752 @ 3.77058
c bounds -518 >= -43752 @ 3.78729
c bounds -526 >= -43752 @ 3.7968
c bounds -534 >= -43752 @ 3.80742
c bounds -550 >= -43752 @ 3.82265
c bounds -558 >= -43752 @ 3.83392
c bounds -559 >= -43752 @ 3.8689
c bounds -560 >= -43752 @ 3.8813
c #Conflicts:       5000 | #Constraints:     613481
c bounds -564 >= -43752 @ 12.2153
c bounds -564 >= -43712 @ 12.2786
c #Conflicts:       6000 | #Constraints:     614485
c bounds -564 >= -43672 @ 12.3818
c INPROCESSING
c GARBAGE COLLECT
c #Conflicts:       7000 | #Constraints:     613498
c bounds -564 >= -43632 @ 12.963
c #Conflicts:       8000 | #Constraints:     614507
c #Conflicts:       9000 | #Constraints:     615507
c INPROCESSING
c #Conflicts:      10000 | #Constraints:     614234
c #Conflicts:      11000 | #Constraints:     615234
c bounds -564 >= -43592 @ 14.3104
c #Conflicts:      12000 | #Constraints:     616249
c INPROCESSING
c #Conflicts:      13000 | #Constraints:     614705
c #Conflicts:      14000 | #Constraints:     615705
c bounds -564 >= -43552 @ 16.1869
c #Conflicts:      15000 | #Constraints:     616717
c INPROCESSING
c #Conflicts:      16000 | #Constraints:     614952
c bounds -564 >= -43512 @ 17.9717
c #Conflicts:      17000 | #Constraints:     615961
c #Conflicts:      18000 | #Constraints:     616961
c INPROCESSING
c #Conflicts:      19000 | #Constraints:     614983
c #Conflicts:      20000 | #Constraints:     615983
c #Conflicts:      21000 | #Constraints:     616983
c INPROCESSING
c #Conflicts:      22000 | #Constraints:     614793
c #Conflicts:      23000 | #Constraints:     615793
c bounds -564 >= -43472 @ 23.3894
c #Conflicts:      24000 | #Constraints:     616805
c bounds -564 >= -43432 @ 23.9915
c #Conflicts:      25000 | #Constraints:     617811
c #Conflicts:      26000 | #Constraints:     618811
c bounds -564 >= -43392 @ 25.6222
c #Conflicts:      27000 | #Constraints:     619820
c #Conflicts:      28000 | #Constraints:     620820
c bounds -564 >= -43352 @ 26.7837
c #Conflicts:      29000 | #Constraints:     621826
c bounds -564 >= -43312 @ 27.2738
c bounds -564 >= -43272 @ 27.3684
c #Conflicts:      30000 | #Constraints:     622835
c bounds -564 >= -43232 @ 27.7198
c #Conflicts:      31000 | #Constraints:     623841
c #Conflicts:      32000 | #Constraints:     624841
c bounds -564 >= -43192 @ 28.8144
c #Conflicts:      33000 | #Constraints:     625850
c INPROCESSING
c GARBAGE COLLECT
c bounds -564 >= -43152 @ 29.7107
c #Conflicts:      34000 | #Constraints:     619348
c bounds -564 >= -43112 @ 30.0025
c #Conflicts:      35000 | #Constraints:     620354
c #Conflicts:      36000 | #Constraints:     621354
c bounds -564 >= -43072 @ 30.9897
c bounds -568 >= -43072 @ 31.0213
c bounds -576 >= -43072 @ 31.051
c bounds -580 >= -43072 @ 31.0701
c bounds -588 >= -43072 @ 31.0899
c #Conflicts:      37000 | #Constraints:     622367
c bounds -589 >= -43072 @ 33.213
c bounds -589 >= -43032 @ 33.3383
c #Conflicts:      38000 | #Constraints:     623371
c INPROCESSING
c GARBAGE COLLECT
c bounds -589 >= -42992 @ 34.0324
c #Conflicts:      39000 | #Constraints:     618275
c bounds -589 >= -42952 @ 34.4029
c #Conflicts:      40000 | #Constraints:     619284
c bounds -589 >= -42912 @ 34.951
c #Conflicts:      41000 | #Constraints:     620293
c #Conflicts:      42000 | #Constraints:     621293
c bounds -589 >= -42872 @ 36.001
c bounds -590 >= -42872 @ 36.0168
c INPROCESSING
c #Conflicts:      43000 | #Constraints:     616798
c bounds -590 >= -42832 @ 36.7441
c #Conflicts:      44000 | #Constraints:     617801
c bounds -590 >= -42792 @ 37.1633
c bounds -591 >= -42792 @ 40.2939
c #Conflicts:      45000 | #Constraints:     618808
c bounds -591 >= -42752 @ 40.4073
c #Conflicts:      46000 | #Constraints:     619811
c bounds -591 >= -42712 @ 40.8237
c #Conflicts:      47000 | #Constraints:     620817
c #Conflicts:      48000 | #Constraints:     621817
c bounds -591 >= -42672 @ 42.0161
c #Conflicts:      49000 | #Constraints:     622826
c #Conflicts:      50000 | #Constraints:     623826
c #Conflicts:      51000 | #Constraints:     624826
c bounds -591 >= -42632 @ 45.1255
c #Conflicts:      52000 | #Constraints:     625841
c bounds -592 >= -42632 @ 45.2818
c bounds -596 >= -42632 @ 45.3404
c #Conflicts:      53000 | #Constraints:     626843
c bounds -597 >= -42632 @ 52.9415
c #Conflicts:      54000 | #Constraints:     627844
c bounds -597 >= -42592 @ 53.2522
c bounds -597 >= -42552 @ 53.4327
c bounds -597 >= -42512 @ 53.506
c #Conflicts:      55000 | #Constraints:     628859
c bounds -597 >= -42472 @ 53.6646
c bounds -597 >= -42432 @ 54.1605
c #Conflicts:      56000 | #Constraints:     629874
c #Conflicts:      57000 | #Constraints:     630874
c bounds -597 >= -42392 @ 55.3781
c #Conflicts:      58000 | #Constraints:     631883
c bounds -597 >= -42352 @ 55.5315
c INPROCESSING
c GARBAGE COLLECT
c #Conflicts:      59000 | #Constraints:     622212
c bounds -597 >= -42312 @ 56.1644
c bounds -597 >= -42272 @ 56.4768
c #Conflicts:      60000 | #Constraints:     623224
c #Conflicts:      61000 | #Constraints:     624224
c bounds -597 >= -42232 @ 56.9609
c #Conflicts:      62000 | #Constraints:     625233
c #Conflicts:      63000 | #Constraints:     626233
c #Conflicts:      64000 | #Constraints:     627233
c bounds -597 >= -42192 @ 59.1793
c #Conflicts:      65000 | #Constraints:     628242
c INPROCESSING
c #Conflicts:      66000 | #Constraints:     620819
c #Conflicts:      67000 | #Constraints:     621819
c #Conflicts:      68000 | #Constraints:     622819
c #Conflicts:      69000 | #Constraints:     623819
c #Conflicts:      70000 | #Constraints:     624819
c #Conflicts:      71000 | #Constraints:     625819
c bounds -597 >= -42152 @ 62.9897
c #Conflicts:      72000 | #Constraints:     626831
c #Conflicts:      73000 | #Constraints:     627831
c #Conflicts:      74000 | #Constraints:     628831
c #Conflicts:      75000 | #Constraints:     629831
c #Conflicts:      76000 | #Constraints:     630831
c #Conflicts:      77000 | #Constraints:     631831
c #Conflicts:      78000 | #Constraints:     632831
c #Conflicts:      79000 | #Constraints:     633831
c #Conflicts:      80000 | #Constraints:     634831
c #Conflicts:      81000 | #Constraints:     635831
c #Conflicts:      82000 | #Constraints:     636831
c #Conflicts:      83000 | #Constraints:     637831
c #Conflicts:      84000 | #Constraints:     638831
c INPROCESSING
c #Conflicts:      85000 | #Constraints:     626128
c #Conflicts:      86000 | #Constraints:     627128
c #Conflicts:      87000 | #Constraints:     628128
c #Conflicts:      88000 | #Constraints:     629128
c #Conflicts:      89000 | #Constraints:     630128
c bounds -598 >= -42152 @ 80.7174
c bounds -599 >= -42152 @ 81.594
c bounds -601 >= -42152 @ 82.294
c #Conflicts:      90000 | #Constraints:     631131
c bounds -603 >= -42152 @ 83.033
c bounds -604 >= -42152 @ 83.8042
c #Conflicts:      91000 | #Constraints:     632133
c bounds -605 >= -42152 @ 91.1012
c INPROCESSING
c GARBAGE COLLECT
c bounds -605 >= -42132 @ 91.4213
c bounds -605 >= -42112 @ 91.4498
c #Conflicts:      92000 | #Constraints:     622514
c bounds -605 >= -42092 @ 91.5367
c bounds -605 >= -42072 @ 91.6536
c #Conflicts:      93000 | #Constraints:     623538
c #Conflicts:      94000 | #Constraints:     624538
c bounds -605 >= -42052 @ 92.1992
c bounds -605 >= -42032 @ 92.246
c bounds -605 >= -42012 @ 92.2643
c bounds -605 >= -41992 @ 92.2689
c bounds -605 >= -41972 @ 92.2953
c bounds -605 >= -41952 @ 92.3282
c bounds -605 >= -41932 @ 92.3573
c bounds -605 >= -41912 @ 92.3949
c bounds -605 >= -41892 @ 92.4915
c #Conflicts:      95000 | #Constraints:     625652
c bounds -605 >= -41872 @ 92.6583
c bounds -605 >= -41852 @ 92.74
c #Conflicts:      96000 | #Constraints:     626682
c bounds -605 >= -41832 @ 93.125
c #Conflicts:      97000 | #Constraints:     627700
c #Conflicts:      98000 | #Constraints:     628700
c bounds -605 >= -41812 @ 94.2685
c #Conflicts:      99000 | #Constraints:     629721
c #Conflicts:     100000 | #Constraints:     630721
c #Conflicts:     101000 | #Constraints:     631721
c #Conflicts:     102000 | #Constraints:     632721
c bounds -605 >= -41792 @ 96.962
c bounds -605 >= -41772 @ 97.1478
c bounds -605 >= -41752 @ 97.1591
c bounds -605 >= -41732 @ 97.18
c bounds -605 >= -41712 @ 97.1982
c bounds -605 >= -41692 @ 97.2208
c #Conflicts:     103000 | #Constraints:     633781
c bounds -605 >= -41672 @ 97.261
c bounds -605 >= -41652 @ 97.3426
c bounds -605 >= -41632 @ 97.5221
c #Conflicts:     104000 | #Constraints:     634826
c bounds -605 >= -41612 @ 97.7615
c #Conflicts:     105000 | #Constraints:     635844
c bounds -605 >= -41592 @ 98.0846
c #Conflicts:     106000 | #Constraints:     636859
c bounds -605 >= -41572 @ 98.826
c #Conflicts:     107000 | #Constraints:     637883
c bounds -605 >= -41552 @ 99.4068
c #Conflicts:     108000 | #Constraints:     638910
c #Conflicts:     109000 | #Constraints:     639910
c bounds -605 >= -41532 @ 100.43
c bounds -605 >= -41512 @ 100.49
c bounds -605 >= -41492 @ 100.5
c bounds -605 >= -41472 @ 100.509
c bounds -605 >= -41452 @ 100.532
c bounds -605 >= -41432 @ 100.572
c #Conflicts:     110000 | #Constraints:     640961
c bounds -605 >= -41412 @ 100.699
c bounds -605 >= -41392 @ 100.855
c bounds -606 >= -41392 @ 100.947
c bounds -607 >= -41392 @ 100.974
c bounds -609 >= -41392 @ 100.999
c bounds -610 >= -41392 @ 101.022
c bounds -614 >= -41392 @ 101.05
c bounds -616 >= -41392 @ 101.086
c #Conflicts:     111000 | #Constraints:     641988
c #Conflicts:     112000 | #Constraints:     642988
c #Conflicts:     113000 | #Constraints:     643988
c INPROCESSING
c GARBAGE COLLECT
c bounds -616 >= -41372 @ 124.536
c bounds -616 >= -41352 @ 124.546
c bounds -616 >= -41332 @ 124.554
c bounds -616 >= -41312 @ 124.564
c bounds -616 >= -41292 @ 124.573
c bounds -616 >= -41272 @ 124.587
c bounds -616 >= -41252 @ 124.622
c bounds -616 >= -41232 @ 124.648
c bounds -616 >= -41212 @ 124.667
c #Conflicts:     114000 | #Constraints:     628563
c bounds -616 >= -41192 @ 124.681
c bounds -616 >= -41172 @ 124.698
c bounds -616 >= -41152 @ 124.705
c bounds -616 >= -41132 @ 124.802
c bounds -616 >= -41112 @ 124.886
c bounds -616 >= -41092 @ 124.932
c #Conflicts:     115000 | #Constraints:     629617
c bounds -616 >= -41072 @ 125.09
c #Conflicts:     116000 | #Constraints:     630641
c bounds -616 >= -41052 @ 125.527
c #Conflicts:     117000 | #Constraints:     631665
c #Conflicts:     118000 | #Constraints:     632665
c bounds -616 >= -41032 @ 126.616
c #Conflicts:     119000 | #Constraints:     633683
c #Conflicts:     120000 | #Constraints:     634683
c #Conflicts:     121000 | #Constraints:     635683
c #Conflicts:     122000 | #Constraints:     636683
c INPROCESSING
c #Conflicts:     123000 | #Constraints:     625020
c #Conflicts:     124000 | #Constraints:     626020
c #Conflicts:     125000 | #Constraints:     627020
c #Conflicts:     126000 | #Constraints:     628020
c #Conflicts:     127000 | #Constraints:     629020
c bounds -616 >= -41012 @ 132.151
c #Conflicts:     128000 | #Constraints:     630047
c #Conflicts:     129000 | #Constraints:     631047
c #Conflicts:     130000 | #Constraints:     632047
c #Conflicts:     131000 | #Constraints:     633047
c #Conflicts:     132000 | #Constraints:     634047
c #Conflicts:     133000 | #Constraints:     635047
c #Conflicts:     134000 | #Constraints:     636047
c #Conflicts:     135000 | #Constraints:     637047
c #Conflicts:     136000 | #Constraints:     638047
c bounds -616 >= -40992 @ 143.287
c #Conflicts:     137000 | #Constraints:     639077
c #Conflicts:     138000 | #Constraints:     640077
c #Conflicts:     139000 | #Constraints:     641077
c #Conflicts:     140000 | #Constraints:     642077
c #Conflicts:     141000 | #Constraints:     643077
c #Conflicts:     142000 | #Constraints:     644077
c #Conflicts:     143000 | #Constraints:     645077
c #Conflicts:     144000 | #Constraints:     646077
c #Conflicts:     145000 | #Constraints:     647077
c #Conflicts:     146000 | #Constraints:     648077
c #Conflicts:     147000 | #Constraints:     649077
c INPROCESSING
c GARBAGE COLLECT
c #Conflicts:     148000 | #Constraints:     631147
c #Conflicts:     149000 | #Constraints:     632147
c #Conflicts:     150000 | #Constraints:     633147
c #Conflicts:     151000 | #Constraints:     634147
c #Conflicts:     152000 | #Constraints:     635147
c #Conflicts:     153000 | #Constraints:     636147
c bounds -617 >= -40992 @ 234.96
c bounds -617 >= -40976 @ 234.965
c bounds -617 >= -40960 @ 234.968
c bounds -617 >= -40944 @ 234.971
c bounds -617 >= -40928 @ 234.973
c bounds -617 >= -40912 @ 234.976
c bounds -617 >= -40896 @ 234.98
c bounds -617 >= -40880 @ 234.982
c bounds -617 >= -40864 @ 234.984
c bounds -617 >= -40848 @ 234.988
c bounds -617 >= -40832 @ 234.993
c bounds -617 >= -40816 @ 234.996
c bounds -617 >= -40800 @ 234.999
c bounds -617 >= -40784 @ 235.004
c bounds -617 >= -40768 @ 235.008
c bounds -617 >= -40752 @ 235.01
c bounds -617 >= -40736 @ 235.014
c bounds -617 >= -40720 @ 235.017
c bounds -617 >= -40704 @ 235.022
c bounds -617 >= -40688 @ 235.026
c bounds -617 >= -40672 @ 235.029
c bounds -617 >= -40656 @ 235.032
c bounds -617 >= -40640 @ 235.035
c bounds -617 >= -40624 @ 235.038
c bounds -617 >= -40608 @ 235.041
c bounds -617 >= -40592 @ 235.045
c bounds -617 >= -40576 @ 235.048
c bounds -617 >= -40560 @ 235.051
c bounds -617 >= -40544 @ 235.056
c bounds -617 >= -40528 @ 235.067
c bounds -617 >= -40512 @ 235.071
c bounds -617 >= -40496 @ 235.075
c bounds -617 >= -40480 @ 235.077
c bounds -617 >= -40464 @ 235.083
c bounds -617 >= -40448 @ 235.086
c bounds -617 >= -40416 @ 235.093
c bounds -617 >= -40384 @ 235.099
c bounds -617 >= -40368 @ 235.104
c bounds -617 >= -40336 @ 235.108
c bounds -617 >= -40320 @ 235.114
c bounds -617 >= -40288 @ 235.122
c bounds -617 >= -40272 @ 235.126
c bounds -617 >= -40256 @ 235.132
c bounds -617 >= -40240 @ 235.136
c bounds -617 >= -40224 @ 235.14
c bounds -617 >= -40208 @ 235.145
c bounds -617 >= -40192 @ 235.148
c bounds -617 >= -40160 @ 235.153
c bounds -617 >= -40128 @ 235.16
c bounds -617 >= -40112 @ 235.164
c bounds -617 >= -40080 @ 235.171
c bounds -617 >= -40048 @ 235.178
c bounds -617 >= -40016 @ 235.181
c bounds -617 >= -39984 @ 235.188
c bounds -617 >= -39952 @ 235.193
c bounds -617 >= -39936 @ 235.199
c bounds -617 >= -39920 @ 235.203
c bounds -617 >= -39888 @ 235.208
c bounds -617 >= -39856 @ 235.213
c bounds -617 >= -39824 @ 235.216
c bounds -617 >= -39792 @ 235.222
c bounds -617 >= -39776 @ 235.226
c bounds -617 >= -39760 @ 235.232
c bounds -617 >= -39744 @ 235.236
c bounds -617 >= -39728 @ 235.241
c bounds -617 >= -39696 @ 235.249
c bounds -617 >= -39664 @ 235.258
c bounds -617 >= -39632 @ 235.262
c bounds -617 >= -39616 @ 235.267
c bounds -617 >= -39584 @ 235.273
c bounds -617 >= -39552 @ 235.278
c bounds -617 >= -39520 @ 235.283
c bounds -617 >= -39488 @ 235.29
c bounds -617 >= -39456 @ 235.293
c bounds -617 >= -39424 @ 235.299
c bounds -617 >= -39408 @ 235.303
c bounds -617 >= -39376 @ 235.31
c bounds -617 >= -39344 @ 235.314
c bounds -617 >= -39328 @ 235.317
c bounds -617 >= -39296 @ 235.324
c bounds -617 >= -39280 @ 235.328
c bounds -617 >= -39248 @ 235.334
c bounds -617 >= -39232 @ 235.337
c bounds -617 >= -39200 @ 235.342
c bounds -617 >= -39184 @ 235.345
c bounds -617 >= -39168 @ 235.35
c bounds -617 >= -39152 @ 235.356
c bounds -617 >= -39136 @ 235.36
c bounds -617 >= -39104 @ 235.365
c bounds -617 >= -39088 @ 235.369
c bounds -617 >= -39072 @ 235.373
c bounds -617 >= -39056 @ 235.376
c bounds -617 >= -39040 @ 235.381
c bounds -617 >= -39008 @ 235.389
c bounds -617 >= -38992 @ 235.395
c bounds -617 >= -38976 @ 235.399
c bounds -617 >= -38960 @ 235.405
c bounds -617 >= -38928 @ 235.412
c bounds -617 >= -38912 @ 235.415
c bounds -617 >= -38880 @ 235.419
c bounds -617 >= -38848 @ 235.426
c bounds -617 >= -38816 @ 235.431
c bounds -617 >= -38784 @ 235.437
c bounds -617 >= -38768 @ 235.442
c bounds -617 >= -38752 @ 235.446
c bounds -617 >= -38720 @ 235.454
c bounds -617 >= -38704 @ 235.46
c bounds -617 >= -38688 @ 235.463
c bounds -617 >= -38656 @ 235.47
c bounds -617 >= -38624 @ 235.473
c bounds -617 >= -38608 @ 235.479
c bounds -617 >= -38592 @ 235.483
c bounds -617 >= -38560 @ 235.488
c bounds -617 >= -38528 @ 235.493
c bounds -617 >= -38496 @ 235.5
c bounds -617 >= -38480 @ 235.504
c bounds -617 >= -38448 @ 235.508
c bounds -617 >= -38416 @ 235.514
c bounds -617 >= -38384 @ 235.52
c bounds -617 >= -38368 @ 235.523
c bounds -617 >= -38336 @ 235.527
c bounds -617 >= -38304 @ 235.533
c bounds -617 >= -38272 @ 235.54
c bounds -617 >= -38240 @ 235.545
c bounds -617 >= -38208 @ 235.552
c bounds -617 >= -38176 @ 235.56
c bounds -617 >= -38160 @ 235.565
c bounds -617 >= -38128 @ 235.571
c bounds -617 >= -38112 @ 235.576
c bounds -617 >= -38096 @ 235.58
c bounds -617 >= -38080 @ 235.584
c bounds -617 >= -38064 @ 235.586
c bounds -617 >= -38048 @ 235.59
c bounds -617 >= -38032 @ 235.593
c bounds -617 >= -38000 @ 235.6
c bounds -617 >= -37968 @ 235.607
c bounds -617 >= -37952 @ 235.612
c bounds -617 >= -37920 @ 235.618
c bounds -617 >= -37904 @ 235.622
c bounds -617 >= -37872 @ 235.628
c bounds -617 >= -37840 @ 235.632
c bounds -617 >= -37824 @ 235.638
c bounds -617 >= -37808 @ 235.641
c bounds -617 >= -37792 @ 235.644
c bounds -617 >= -37760 @ 235.651
c bounds -617 >= -37744 @ 235.656
c bounds -617 >= -37712 @ 235.662
c bounds -617 >= -37696 @ 235.666
c bounds -617 >= -37680 @ 235.669
c bounds -617 >= -37664 @ 235.671
c bounds -617 >= -37632 @ 235.676
c bounds -617 >= -37616 @ 235.68
c bounds -617 >= -37584 @ 235.687
c bounds -617 >= -37552 @ 235.693
c bounds -617 >= -37520 @ 235.697
c bounds -617 >= -37504 @ 235.7
c bounds -617 >= -37488 @ 235.706
c bounds -617 >= -37472 @ 235.709
c bounds -617 >= -37456 @ 235.71
c bounds -617 >= -37424 @ 235.716
c bounds -617 >= -37408 @ 235.719
c bounds -617 >= -37392 @ 235.724
c bounds -617 >= -37376 @ 235.729
c bounds -617 >= -37360 @ 235.733
c bounds -617 >= -37328 @ 235.739
c bounds -617 >= -37296 @ 235.744
c bounds -617 >= -37264 @ 235.75
c bounds -617 >= -37248 @ 235.752
c bounds -617 >= -37232 @ 235.757
c bounds -617 >= -37200 @ 235.763
c bounds -617 >= -37184 @ 235.768
c bounds -617 >= -37168 @ 235.775
c bounds -617 >= -37152 @ 235.779
c bounds -617 >= -37136 @ 235.784
c bounds -617 >= -37120 @ 235.788
c bounds -617 >= -37104 @ 235.789
c bounds -617 >= -37088 @ 235.795
c bounds -617 >= -37056 @ 235.802
c bounds -617 >= -37040 @ 235.806
c bounds -617 >= -37008 @ 235.814
c bounds -617 >= -36976 @ 235.818
c bounds -617 >= -36960 @ 235.824
c bounds -617 >= -36928 @ 235.829
c bounds -617 >= -36896 @ 235.836
c bounds -617 >= -36880 @ 235.84
c bounds -617 >= -36848 @ 235.847
c bounds -617 >= -36816 @ 235.853
c bounds -617 >= -36800 @ 235.855
c bounds -617 >= -36784 @ 235.861
c bounds -617 >= -36752 @ 235.866
c bounds -617 >= -36736 @ 235.873
c bounds -617 >= -36704 @ 235.877
c bounds -617 >= -36688 @ 235.88
c bounds -617 >= -36672 @ 235.884
c bounds -617 >= -36640 @ 235.89
c bounds -617 >= -36624 @ 235.895
c bounds -617 >= -36592 @ 235.901
c bounds -617 >= -36576 @ 235.905
c bounds -617 >= -36560 @ 235.909
c bounds -617 >= -36544 @ 235.911
c bounds -617 >= -36528 @ 235.915
c bounds -617 >= -36496 @ 235.922
c bounds -617 >= -36464 @ 235.926
c bounds -617 >= -36448 @ 235.931
c bounds -617 >= -36432 @ 235.937
c bounds -617 >= -36400 @ 235.943
c bounds -617 >= -36384 @ 235.947
c bounds -617 >= -36352 @ 235.952
c bounds -617 >= -36320 @ 235.958
c bounds -617 >= -36288 @ 235.962
c bounds -617 >= -36272 @ 235.966
c bounds -617 >= -36256 @ 235.97
c bounds -617 >= -36224 @ 235.976
c bounds -617 >= -36208 @ 235.98
c bounds -617 >= -36192 @ 235.983
c bounds -617 >= -36176 @ 235.989
c bounds -617 >= -36160 @ 235.992
c bounds -617 >= -36128 @ 235.997
c bounds -617 >= -36096 @ 236.003
c bounds -617 >= -36080 @ 236.009
c bounds -617 >= -36064 @ 236.012
c bounds -617 >= -36048 @ 236.016
c bounds -617 >= -36032 @ 236.022
c bounds -617 >= -36000 @ 236.027
c bounds -617 >= -35984 @ 236.03
c bounds -617 >= -35952 @ 236.038
c bounds -617 >= -35920 @ 236.043
c bounds -617 >= -35904 @ 236.047
c bounds -617 >= -35872 @ 236.052
c bounds -617 >= -35840 @ 236.057
c bounds -617 >= -35808 @ 236.063
c bounds -617 >= -35792 @ 236.066
c bounds -617 >= -35760 @ 236.071
c bounds -617 >= -35744 @ 236.073
c bounds -617 >= -35728 @ 236.078
c bounds -617 >= -35696 @ 236.084
c bounds -617 >= -35680 @ 236.092
c bounds -617 >= -35648 @ 236.096
c bounds -617 >= -35632 @ 236.102
c bounds -617 >= -35600 @ 236.107
c bounds -617 >= -35584 @ 236.11
c bounds -617 >= -35552 @ 236.116
c bounds -617 >= -35520 @ 236.121
c bounds -617 >= -35504 @ 236.125
c bounds -617 >= -35488 @ 236.13
c bounds -617 >= -35456 @ 236.135
c bounds -617 >= -35440 @ 236.14
c bounds -617 >= -35424 @ 236.144
c bounds -617 >= -35392 @ 236.151
c bounds -617 >= -35376 @ 236.156
c bounds -617 >= -35360 @ 236.16
c bounds -617 >= -35344 @ 236.164
c bounds -617 >= -35312 @ 236.169
c bounds -617 >= -35296 @ 236.173
c bounds -617 >= -35264 @ 236.178
c bounds -617 >= -35232 @ 236.184
c bounds -617 >= -35216 @ 236.186
c bounds -617 >= -35200 @ 236.192
c bounds -617 >= -35184 @ 236.196
c bounds -617 >= -35168 @ 236.202
c bounds -617 >= -35136 @ 236.209
c bounds -617 >= -35120 @ 236.215
c bounds -617 >= -35104 @ 236.22
c bounds -617 >= -35088 @ 236.225
c bounds -617 >= -35072 @ 236.23
c bounds -617 >= -35040 @ 236.235
c bounds -617 >= -35024 @ 236.24
c bounds -617 >= -34992 @ 236.245
c bounds -617 >= -34976 @ 236.251
c bounds -617 >= -34960 @ 236.255
c bounds -617 >= -34944 @ 236.261
c bounds -617 >= -34928 @ 236.266
c bounds -617 >= -34912 @ 236.271
c bounds -617 >= -34896 @ 236.275
c bounds -617 >= -34880 @ 236.279
c bounds -617 >= -34864 @ 236.285
c bounds -617 >= -34848 @ 236.289
c bounds -617 >= -34832 @ 236.295
c bounds -617 >= -34816 @ 236.301
c bounds -617 >= -34800 @ 236.304
c bounds -617 >= -34784 @ 236.311
c bounds -617 >= -34768 @ 236.314
c bounds -617 >= -34752 @ 236.319
c bounds -617 >= -34736 @ 236.324
c bounds -617 >= -34720 @ 236.334
c bounds -617 >= -34704 @ 236.338
c bounds -617 >= -34688 @ 236.342
c bounds -617 >= -34672 @ 236.346
c bounds -617 >= -34656 @ 236.349
c bounds -617 >= -34640 @ 236.357
c bounds -617 >= -34624 @ 236.362
c bounds -617 >= -34608 @ 236.371
c bounds -617 >= -34592 @ 236.375
c bounds -617 >= -34576 @ 236.381
c bounds -617 >= -34560 @ 236.384
c bounds -617 >= -34544 @ 236.388
c bounds -617 >= -34528 @ 236.393
c bounds -617 >= -34512 @ 236.397
c bounds -617 >= -34496 @ 236.4
c bounds -617 >= -34480 @ 236.403
c bounds -617 >= -34464 @ 236.408
c bounds -617 >= -34448 @ 236.414
c bounds -617 >= -34432 @ 236.417
c bounds -617 >= -34416 @ 236.422
c bounds -617 >= -34400 @ 236.427
c bounds -617 >= -34384 @ 236.434
c bounds -617 >= -34368 @ 236.44
c bounds -617 >= -34352 @ 236.445
c bounds -617 >= -34336 @ 236.45
c bounds -617 >= -34320 @ 236.454
c bounds -617 >= -34304 @ 236.464
c bounds -617 >= -34288 @ 236.47
c bounds -617 >= -34272 @ 236.474
c bounds -617 >= -34256 @ 236.48
c bounds -617 >= -34240 @ 236.485
c bounds -617 >= -34224 @ 236.491
c bounds -617 >= -34208 @ 236.495
c bounds -617 >= -34192 @ 236.499
c bounds -617 >= -34176 @ 236.504
c bounds -617 >= -34160 @ 236.508
c bounds -617 >= -34144 @ 236.514
c bounds -617 >= -34128 @ 236.519
c bounds -617 >= -34112 @ 236.525
c bounds -617 >= -34096 @ 236.53
c bounds -617 >= -34080 @ 236.536
c bounds -617 >= -34064 @ 236.542
c bounds -617 >= -34048 @ 236.547
c bounds -617 >= -34032 @ 236.553
c bounds -617 >= -34016 @ 236.557
c bounds -617 >= -34000 @ 236.561
c bounds -617 >= -33984 @ 236.566
c bounds -617 >= -33968 @ 236.569
c bounds -617 >= -33952 @ 236.575
c bounds -617 >= -33936 @ 236.581
c bounds -617 >= -33920 @ 236.587
c bounds -617 >= -33904 @ 236.592
c bounds -617 >= -33888 @ 236.598
c bounds -617 >= -33872 @ 236.603
c bounds -617 >= -33856 @ 236.607
c bounds -617 >= -33840 @ 236.611
c bounds -617 >= -33824 @ 236.615
c bounds -617 >= -33808 @ 236.62
c bounds -617 >= -33792 @ 236.626
c bounds -617 >= -33776 @ 236.631
c bounds -617 >= -33760 @ 236.636
c bounds -617 >= -33744 @ 236.642
c bounds -617 >= -33728 @ 236.649
c bounds -617 >= -33712 @ 236.655
c bounds -617 >= -33696 @ 236.659
c bounds -617 >= -33680 @ 236.669
c bounds -617 >= -33664 @ 236.673
c bounds -617 >= -33648 @ 236.679
c bounds -617 >= -33632 @ 236.684
c bounds -617 >= -33616 @ 236.69
c bounds -617 >= -33600 @ 236.696
c bounds -617 >= -33584 @ 236.702
c bounds -617 >= -33568 @ 236.71
c bounds -617 >= -33552 @ 236.719
c bounds -617 >= -33536 @ 236.724
c bounds -617 >= -33520 @ 236.732
c bounds -617 >= -33504 @ 236.736
c bounds -617 >= -33488 @ 236.743
c bounds -617 >= -33472 @ 236.751
c bounds -617 >= -33456 @ 236.76
c bounds -617 >= -33440 @ 236.765
c bounds -617 >= -33424 @ 236.77
c bounds -617 >= -33408 @ 236.779
c bounds -617 >= -33392 @ 236.785
c bounds -617 >= -33376 @ 236.795
c bounds -617 >= -33360 @ 236.804
c bounds -617 >= -33344 @ 236.811
c bounds -617 >= -33328 @ 236.831
c bounds -617 >= -33312 @ 236.85
c bounds -617 >= -33296 @ 236.864
c bounds -617 >= -33280 @ 236.899
c #Conflicts:     154000 | #Constraints:     638542
c bounds -617 >= -33264 @ 236.99
c bounds -617 >= -33248 @ 237.02
c bounds -617 >= -33232 @ 237.065
c bounds -617 >= -33216 @ 237.077
c bounds -617 >= -33200 @ 237.094
c bounds -617 >= -33184 @ 237.162
c #Conflicts:     155000 | #Constraints:     639674
c bounds -617 >= -33168 @ 237.325
c bounds -617 >= -33152 @ 237.569
c #Conflicts:     156000 | #Constraints:     640755
c bounds -617 >= -33136 @ 238.24
c #Conflicts:     157000 | #Constraints:     641800
c INPROCESSING
c GARBAGE COLLECT
c #Conflicts:     158000 | #Constraints:     627910
c #Conflicts:     159000 | #Constraints:     628910
c bounds -617 >= -33120 @ 240.205
c #Conflicts:     160000 | #Constraints:     629955
c bounds -617 >= -33104 @ 240.591
c #Conflicts:     161000 | #Constraints:     630961
c #Conflicts:     162000 | #Constraints:     631961
c bounds -617 >= -33088 @ 243.052
c bounds -617 >= -33072 @ 243.377
c bounds -617 >= -33056 @ 243.464
c #Conflicts:     163000 | #Constraints:     633060
c bounds -617 >= -33040 @ 243.598
c bounds -617 >= -33024 @ 243.802
c #Conflicts:     164000 | #Constraints:     634102
c bounds -617 >= -33008 @ 244.224
c #Conflicts:     165000 | #Constraints:     635126
c bounds -617 >= -32992 @ 245.196
c bounds -617 >= -32976 @ 245.975
c bounds -617 >= -32960 @ 246.008
c #Conflicts:     166000 | #Constraints:     636171
c bounds -617 >= -32944 @ 246.759
c #Conflicts:     167000 | #Constraints:     637216
c bounds -617 >= -32928 @ 247.295
c #Conflicts:     168000 | #Constraints:     638246
c #Conflicts:     169000 | #Constraints:     639246
c #Conflicts:     170000 | #Constraints:     640246
c bounds -617 >= -32912 @ 251.117
c #Conflicts:     171000 | #Constraints:     641312
c #Conflicts:     172000 | #Constraints:     642312
c #Conflicts:     173000 | #Constraints:     643312
c #Conflicts:     174000 | #Constraints:     644312
c bounds -617 >= -32896 @ 258.122
c bounds -617 >= -32880 @ 258.162
c bounds -617 >= -32864 @ 258.177
c bounds -617 >= -32848 @ 258.186
c bounds -617 >= -32832 @ 258.205
c bounds -617 >= -32816 @ 258.228
c bounds -617 >= -32800 @ 258.246
c bounds -617 >= -32784 @ 258.299
c bounds -617 >= -32768 @ 258.335
c bounds -617 >= -32752 @ 258.41
c #Conflicts:     175000 | #Constraints:     645413
c bounds -617 >= -32736 @ 258.61
c #Conflicts:     176000 | #Constraints:     646458
c bounds -617 >= -32720 @ 259.189
c bounds -617 >= -32704 @ 259.587
c bounds -617 >= -32688 @ 259.836
c #Conflicts:     177000 | #Constraints:     647533
c bounds -617 >= -32672 @ 260.31
c #Conflicts:     178000 | #Constraints:     648569
c #Conflicts:     179000 | #Constraints:     649569
c bounds -617 >= -32656 @ 261.833
c #Conflicts:     180000 | #Constraints:     650605
c bounds -617 >= -32640 @ 262.915
c #Conflicts:     181000 | #Constraints:     651647
c bounds -617 >= -32624 @ 264.156
c #Conflicts:     182000 | #Constraints:     652671
c #Conflicts:     183000 | #Constraints:     653671
c bounds -617 >= -32608 @ 266.469
c #Conflicts:     184000 | #Constraints:     654716
c #Conflicts:     185000 | #Constraints:     655716
c #Conflicts:     186000 | #Constraints:     656716
c INPROCESSING
c GARBAGE COLLECT
c bounds -617 >= -32592 @ 271.094
c #Conflicts:     187000 | #Constraints:     634603
c #Conflicts:     188000 | #Constraints:     635603
c #Conflicts:     189000 | #Constraints:     636603
c bounds -617 >= -32576 @ 274.235
c #Conflicts:     190000 | #Constraints:     637645
c bounds -617 >= -32560 @ 275.709
c bounds -617 >= -32544 @ 275.739
c bounds -617 >= -32528 @ 275.751
c bounds -617 >= -32512 @ 275.792
c #Conflicts:     191000 | #Constraints:     638678
c bounds -617 >= -32496 @ 275.902
c #Conflicts:     192000 | #Constraints:     639726
c #Conflicts:     193000 | #Constraints:     640726
c bounds -617 >= -32480 @ 277.448
c #Conflicts:     194000 | #Constraints:     641891
c #Conflicts:     195000 | #Constraints:     642891
c #Conflicts:     196000 | #Constraints:     643891
c #Conflicts:     197000 | #Constraints:     644891
c #Conflicts:     198000 | #Constraints:     645891
c bounds -617 >= -32464 @ 285.579
c #Conflicts:     199000 | #Constraints:     646990
c #Conflicts:     200000 | #Constraints:     647990
c #Conflicts:     201000 | #Constraints:     648990
c #Conflicts:     202000 | #Constraints:     649990
c #Conflicts:     203000 | #Constraints:     650990
c #Conflicts:     204000 | #Constraints:     651990
c #Conflicts:     205000 | #Constraints:     652990
c #Conflicts:     206000 | #Constraints:     653990
c #Conflicts:     207000 | #Constraints:     654990
c #Conflicts:     208000 | #Constraints:     655990
c #Conflicts:     209000 | #Constraints:     656990
c bounds -617 >= -32448 @ 315.588
c #Conflicts:     210000 | #Constraints:     658059
c #Conflicts:     211000 | #Constraints:     659059
c #Conflicts:     212000 | #Constraints:     660059
c #Conflicts:     213000 | #Constraints:     661059
c #Conflicts:     214000 | #Constraints:     662059
c #Conflicts:     215000 | #Constraints:     663059
c #Conflicts:     216000 | #Constraints:     664059
c INPROCESSING
c GARBAGE COLLECT
c #Conflicts:     217000 | #Constraints:     639674
c #Conflicts:     218000 | #Constraints:     640674
c #Conflicts:     219000 | #Constraints:     641674
c #Conflicts:     220000 | #Constraints:     642674
c #Conflicts:     221000 | #Constraints:     643674
c #Conflicts:     222000 | #Constraints:     644674
c #Conflicts:     223000 | #Constraints:     645674
c #Conflicts:     224000 | #Constraints:     646674
c #Conflicts:     225000 | #Constraints:     647674
c #Conflicts:     226000 | #Constraints:     648674
c bounds -617 >= -32432 @ 370.212
c #Conflicts:     227000 | #Constraints:     649728
c #Conflicts:     228000 | #Constraints:     650728
c INPROCESSING
c GARBAGE COLLECT
c bounds -618 >= -32432 @ 371.611
c #Conflicts:     229000 | #Constraints:     635919
c #Conflicts:     230000 | #Constraints:     636919
c #Conflicts:     231000 | #Constraints:     637919
c bounds -626 >= -32432 @ 379.289
c #Conflicts:     232000 | #Constraints:     638920
c bounds -627 >= -32432 @ 392.982
c #Conflicts:     233000 | #Constraints:     639921
c #Conflicts:     234000 | #Constraints:     640921
c #Conflicts:     235000 | #Constraints:     641921
c #Conflicts:     236000 | #Constraints:     642921
c #Conflicts:     237000 | #Constraints:     643921
c #Conflicts:     238000 | #Constraints:     644921
c #Conflicts:     239000 | #Constraints:     645921
c #Conflicts:     240000 | #Constraints:     646921
c #Conflicts:     241000 | #Constraints:     647921
c #Conflicts:     242000 | #Constraints:     648921
c bounds -627 >= -32416 @ 407.761
c #Conflicts:     243000 | #Constraints:     650035
c #Conflicts:     244000 | #Constraints:     651035
c #Conflicts:     245000 | #Constraints:     652035
c #Conflicts:     246000 | #Constraints:     653035
c #Conflicts:     247000 | #Constraints:     654035
c #Conflicts:     248000 | #Constraints:     655035
c #Conflicts:     249000 | #Constraints:     656035
c #Conflicts:     250000 | #Constraints:     657035
c #Conflicts:     251000 | #Constraints:     658035
c #Conflicts:     252000 | #Constraints:     659035
c #Conflicts:     253000 | #Constraints:     660035
c #Conflicts:     254000 | #Constraints:     661035
c #Conflicts:     255000 | #Constraints:     662035
c #Conflicts:     256000 | #Constraints:     663035
c bounds -627 >= -32400 @ 488.425
c #Conflicts:     257000 | #Constraints:     664098
c bounds -631 >= -32400 @ 489.795
c bounds -635 >= -32400 @ 489.902
c bounds -636 >= -32400 @ 490.097
c #Conflicts:     258000 | #Constraints:     665101
c #Conflicts:     259000 | #Constraints:     666101
c #Conflicts:     260000 | #Constraints:     667101
c #Conflicts:     261000 | #Constraints:     668101
c #Conflicts:     262000 | #Constraints:     669101
c INPROCESSING
c GARBAGE COLLECT
c #Conflicts:     263000 | #Constraints:     642301
c #Conflicts:     264000 | #Constraints:     643301
c #Conflicts:     265000 | #Constraints:     644301
c #Conflicts:     266000 | #Constraints:     645301
c #Conflicts:     267000 | #Constraints:     646301
c #Conflicts:     268000 | #Constraints:     647301
c #Conflicts:     269000 | #Constraints:     648301
c #Conflicts:     270000 | #Constraints:     649301
c #Conflicts:     271000 | #Constraints:     650301
c #Conflicts:     272000 | #Constraints:     651301
c #Conflicts:     273000 | #Constraints:     652301
c bounds -636 >= -32384 @ 594.71
c #Conflicts:     274000 | #Constraints:     653376
c #Conflicts:     275000 | #Constraints:     654376
c #Conflicts:     276000 | #Constraints:     655376
c INPROCESSING
c GARBAGE COLLECT
c #Conflicts:     277000 | #Constraints:     640851
c #Conflicts:     278000 | #Constraints:     641851
c #Conflicts:     279000 | #Constraints:     642851
c #Conflicts:     280000 | #Constraints:     643851
c #Conflicts:     281000 | #Constraints:     644851
c #Conflicts:     282000 | #Constraints:     645851
c #Conflicts:     283000 | #Constraints:     646851
c #Conflicts:     284000 | #Constraints:     647851
c #Conflicts:     285000 | #Constraints:     648851
c #Conflicts:     286000 | #Constraints:     649851
c #Conflicts:     287000 | #Constraints:     650851
c #Conflicts:     288000 | #Constraints:     651851
c #Conflicts:     289000 | #Constraints:     652851
c #Conflicts:     290000 | #Constraints:     653851
c #Conflicts:     291000 | #Constraints:     654851
c #Conflicts:     292000 | #Constraints:     655851
c #Conflicts:     293000 | #Constraints:     656851
c #Conflicts:     294000 | #Constraints:     657851
c #Conflicts:     295000 | #Constraints:     658851
c #Conflicts:     296000 | #Constraints:     659851
c #Conflicts:     297000 | #Constraints:     660851
c #Conflicts:     298000 | #Constraints:     661851
c #Conflicts:     299000 | #Constraints:     662851
c #Conflicts:     300000 | #Constraints:     663851
c #Conflicts:     301000 | #Constraints:     664851
c #Conflicts:     302000 | #Constraints:     665851
c #Conflicts:     303000 | #Constraints:     666851
c #Conflicts:     304000 | #Constraints:     667851
c #Conflicts:     305000 | #Constraints:     668851
c #Conflicts:     306000 | #Constraints:     669851
c #Conflicts:     307000 | #Constraints:     670851
c #Conflicts:     308000 | #Constraints:     671851
c #Conflicts:     309000 | #Constraints:     672851
c #Conflicts:     310000 | #Constraints:     673851
c #Conflicts:     311000 | #Constraints:     674851
c #Conflicts:     312000 | #Constraints:     675851
c INPROCESSING
c GARBAGE COLLECT
c bounds -637 >= -32384 @ 702.047
c bounds -638 >= -32384 @ 702.105
c #Conflicts:     313000 | #Constraints:     645558
c #Conflicts:     314000 | #Constraints:     646558
c #Conflicts:     315000 | #Constraints:     647558
c #Conflicts:     316000 | #Constraints:     648558
c #Conflicts:     317000 | #Constraints:     649558
c #Conflicts:     318000 | #Constraints:     650558
c #Conflicts:     319000 | #Constraints:     651558
c #Conflicts:     320000 | #Constraints:     652558
c #Conflicts:     321000 | #Constraints:     653558
c #Conflicts:     322000 | #Constraints:     654558
c #Conflicts:     323000 | #Constraints:     655558
c #Conflicts:     324000 | #Constraints:     656558
c #Conflicts:     325000 | #Constraints:     657558
c #Conflicts:     326000 | #Constraints:     658558
c #Conflicts:     327000 | #Constraints:     659558
c INPROCESSING
c GARBAGE COLLECT
c #Conflicts:     328000 | #Constraints:     641327
c #Conflicts:     329000 | #Constraints:     642327
c #Conflicts:     330000 | #Constraints:     643327
c bounds -638 >= -32374 @ 943.728
c #Conflicts:     331000 | #Constraints:     644330
c #Conflicts:     332000 | #Constraints:     645330
c #Conflicts:     333000 | #Constraints:     646330
c #Conflicts:     334000 | #Constraints:     647330
c #Conflicts:     335000 | #Constraints:     648330
c #Conflicts:     336000 | #Constraints:     649330
c #Conflicts:     337000 | #Constraints:     650330
c #Conflicts:     338000 | #Constraints:     651330
c #Conflicts:     339000 | #Constraints:     652330
c #Conflicts:     340000 | #Constraints:     653330
c #Conflicts:     341000 | #Constraints:     654330
c #Conflicts:     342000 | #Constraints:     655330
c #Conflicts:     343000 | #Constraints:     656330
c #Conflicts:     344000 | #Constraints:     657330
c bounds -638 >= -32364 @ 1059.59
c #Conflicts:     345000 | #Constraints:     658336
c #Conflicts:     346000 | #Constraints:     659336
c #Conflicts:     347000 | #Constraints:     660336
c #Conflicts:     348000 | #Constraints:     661336
c #Conflicts:     349000 | #Constraints:     662336
c #Conflicts:     350000 | #Constraints:     663336
c #Conflicts:     351000 | #Constraints:     664336
c bounds -638 >= -32354 @ 1097.11
c #Conflicts:     352000 | #Constraints:     665345
c #Conflicts:     353000 | #Constraints:     666345
c #Conflicts:     354000 | #Constraints:     667345
c #Conflicts:     355000 | #Constraints:     668345
c #Conflicts:     356000 | #Constraints:     669345
c #Conflicts:     357000 | #Constraints:     670345
c bounds -638 >= -32344 @ 1116.56
c #Conflicts:     358000 | #Constraints:     671354
c #Conflicts:     359000 | #Constraints:     672354
c #Conflicts:     360000 | #Constraints:     673354
c #Conflicts:     361000 | #Constraints:     674354
c #Conflicts:     362000 | #Constraints:     675354
c #Conflicts:     363000 | #Constraints:     676354
c #Conflicts:     364000 | #Constraints:     677354
c #Conflicts:     365000 | #Constraints:     678354
c #Conflicts:     366000 | #Constraints:     679354
c bounds -638 >= -32334 @ 1169.21
c #Conflicts:     367000 | #Constraints:     680366
c INPROCESSING
c GARBAGE COLLECT
c #Conflicts:     368000 | #Constraints:     647987
c #Conflicts:     369000 | #Constraints:     648987
c #Conflicts:     370000 | #Constraints:     649987
c #Conflicts:     371000 | #Constraints:     650987
c #Conflicts:     372000 | #Constraints:     651987
c #Conflicts:     373000 | #Constraints:     652987
c #Conflicts:     374000 | #Constraints:     653987
c #Conflicts:     375000 | #Constraints:     654987
c #Conflicts:     376000 | #Constraints:     655987
c #Conflicts:     377000 | #Constraints:     656987
c #Conflicts:     378000 | #Constraints:     657987
c #Conflicts:     379000 | #Constraints:     658987
c #Conflicts:     380000 | #Constraints:     659987
c bounds -638 >= -32324 @ 1207.99
c #Conflicts:     381000 | #Constraints:     660990
c bounds -638 >= -32314 @ 1213.79
c #Conflicts:     382000 | #Constraints:     662008
c #Conflicts:     383000 | #Constraints:     663008
c INPROCESSING
c GARBAGE COLLECT
c #Conflicts:     384000 | #Constraints:     647127
c #Conflicts:     385000 | #Constraints:     648127
c #Conflicts:     386000 | #Constraints:     649127
c #Conflicts:     387000 | #Constraints:     650127
c #Conflicts:     388000 | #Constraints:     651127
c #Conflicts:     389000 | #Constraints:     652127
c #Conflicts:     390000 | #Constraints:     653127
c #Conflicts:     391000 | #Constraints:     654127
c #Conflicts:     392000 | #Constraints:     655127
c bounds -638 >= -32304 @ 1241.43
c #Conflicts:     393000 | #Constraints:     656130
c #Conflicts:     394000 | #Constraints:     657130
c #Conflicts:     395000 | #Constraints:     658130
c #Conflicts:     396000 | #Constraints:     659130
c #Conflicts:     397000 | #Constraints:     660130
c #Conflicts:     398000 | #Constraints:     661130
c #Conflicts:     399000 | #Constraints:     662130
c #Conflicts:     400000 | #Constraints:     663130
c #Conflicts:     401000 | #Constraints:     664130
c #Conflicts:     402000 | #Constraints:     665130
c #Conflicts:     403000 | #Constraints:     666130
c bounds -638 >= -32294 @ 1259.17
c #Conflicts:     404000 | #Constraints:     667145
c #Conflicts:     405000 | #Constraints:     668145
c #Conflicts:     406000 | #Constraints:     669145
c #Conflicts:     407000 | #Constraints:     670145
c bounds -638 >= -32284 @ 1264.4
c #Conflicts:     408000 | #Constraints:     671148
c #Conflicts:     409000 | #Constraints:     672148
c #Conflicts:     410000 | #Constraints:     673148
c #Conflicts:     411000 | #Constraints:     674148
c #Conflicts:     412000 | #Constraints:     675148
c #Conflicts:     413000 | #Constraints:     676148
c #Conflicts:     414000 | #Constraints:     677148
c #Conflicts:     415000 | #Constraints:     678148
c #Conflicts:     416000 | #Constraints:     679148
c #Conflicts:     417000 | #Constraints:     680148
c #Conflicts:     418000 | #Constraints:     681148
c #Conflicts:     419000 | #Constraints:     682148
c #Conflicts:     420000 | #Constraints:     683148
c #Conflicts:     421000 | #Constraints:     684148
c #Conflicts:     422000 | #Constraints:     685148
c #Conflicts:     423000 | #Constraints:     686148
c #Conflicts:     424000 | #Constraints:     687148
c #Conflicts:     425000 | #Constraints:     688148
c #Conflicts:     426000 | #Constraints:     689148
c INPROCESSING
c GARBAGE COLLECT
c #Conflicts:     427000 | #Constraints:     652324
c #Conflicts:     428000 | #Constraints:     653324
c #Conflicts:     429000 | #Constraints:     654324
c #Conflicts:     430000 | #Constraints:     655324
c #Conflicts:     431000 | #Constraints:     656324
c #Conflicts:     432000 | #Constraints:     657324
c #Conflicts:     433000 | #Constraints:     658324
c #Conflicts:     434000 | #Constraints:     659324
c #Conflicts:     435000 | #Constraints:     660324
c #Conflicts:     436000 | #Constraints:     661324
c #Conflicts:     437000 | #Constraints:     662324
c #Conflicts:     438000 | #Constraints:     663324
c #Conflicts:     439000 | #Constraints:     664324
c #Conflicts:     440000 | #Constraints:     665324
c #Conflicts:     441000 | #Constraints:     666324
c #Conflicts:     442000 | #Constraints:     667324
c #Conflicts:     443000 | #Constraints:     668324
c #Conflicts:     444000 | #Constraints:     669324
c INPROCESSING
c #Conflicts:     445000 | #Constraints:     650770
c #Conflicts:     446000 | #Constraints:     651770
c #Conflicts:     447000 | #Constraints:     652770
c #Conflicts:     448000 | #Constraints:     653770
c #Conflicts:     449000 | #Constraints:     654770
c #Conflicts:     450000 | #Constraints:     655770
c #Conflicts:     451000 | #Constraints:     656770
c #Conflicts:     452000 | #Constraints:     657770
c #Conflicts:     453000 | #Constraints:     658770
c #Conflicts:     454000 | #Constraints:     659770
c #Conflicts:     455000 | #Constraints:     660770
c #Conflicts:     456000 | #Constraints:     661770
c #Conflicts:     457000 | #Constraints:     662770
c #Conflicts:     458000 | #Constraints:     663770
c #Conflicts:     459000 | #Constraints:     664770
c #Conflicts:     460000 | #Constraints:     665770
c #Conflicts:     461000 | #Constraints:     666770
c bounds -645 >= -32284 @ 1599.13
c bounds -645 >= -32276 @ 1599.13
c bounds -645 >= -32268 @ 1599.15
c bounds -645 >= -32260 @ 1599.16
c bounds -645 >= -32252 @ 1599.21
c bounds -645 >= -32244 @ 1599.26
c bounds -645 >= -32236 @ 1599.27
c bounds -645 >= -32228 @ 1599.3
c bounds -645 >= -32220 @ 1599.32
c bounds -645 >= -32212 @ 1599.35
c bounds -645 >= -32204 @ 1599.38
c bounds -645 >= -32196 @ 1599.4
c bounds -645 >= -32188 @ 1599.46
c bounds -645 >= -32180 @ 1599.53
c bounds -645 >= -32172 @ 1599.64
c #Conflicts:     462000 | #Constraints:     668000
c bounds -645 >= -32164 @ 1599.83
c bounds -645 >= -32156 @ 1600.03
c bounds -645 >= -32148 @ 1600.22
c bounds -645 >= -32140 @ 1600.22
c bounds -645 >= -32132 @ 1600.24
c bounds -645 >= -32124 @ 1600.25
c bounds -645 >= -32116 @ 1600.25
c bounds -645 >= -32108 @ 1600.26
c #Conflicts:     463000 | #Constraints:     669116
c bounds -645 >= -32100 @ 1600.51
c #Conflicts:     464000 | #Constraints:     670152
c bounds -645 >= -32092 @ 1601.11
c #Conflicts:     465000 | #Constraints:     671194
c bounds -645 >= -32084 @ 1602.42
c #Conflicts:     466000 | #Constraints:     672227
c #Conflicts:     467000 | #Constraints:     673227
c #Conflicts:     468000 | #Constraints:     674227
c bounds -645 >= -32076 @ 1605.33
c #Conflicts:     469000 | #Constraints:     675260
c #Conflicts:     470000 | #Constraints:     676260
c #Conflicts:     471000 | #Constraints:     677260
c #Conflicts:     472000 | #Constraints:     678260
c bounds -645 >= -32068 @ 1609.93
c #Conflicts:     473000 | #Constraints:     679293
c #Conflicts:     474000 | #Constraints:     680293
c #Conflicts:     475000 | #Constraints:     681293
c bounds -645 >= -32060 @ 1616.44
c #Conflicts:     476000 | #Constraints:     682329
c #Conflicts:     477000 | #Constraints:     683329
c #Conflicts:     478000 | #Constraints:     684329
c #Conflicts:     479000 | #Constraints:     685329
c #Conflicts:     480000 | #Constraints:     686329
c #Conflicts:     481000 | #Constraints:     687329
c bounds -645 >= -32052 @ 1627.48
c #Conflicts:     482000 | #Constraints:     688368
c #Conflicts:     483000 | #Constraints:     689368
c #Conflicts:     484000 | #Constraints:     690368
c #Conflicts:     485000 | #Constraints:     691368
c #Conflicts:     486000 | #Constraints:     692368
c #Conflicts:     487000 | #Constraints:     693368
c #Conflicts:     488000 | #Constraints:     694368
c bounds -645 >= -32044 @ 1647.22
c #Conflicts:     489000 | #Constraints:     695410
c INPROCESSING
c GARBAGE COLLECT
c #Conflicts:     490000 | #Constraints:     655346
c #Conflicts:     491000 | #Constraints:     656346
c #Conflicts:     492000 | #Constraints:     657346
c #Conflicts:     493000 | #Constraints:     658346
c #Conflicts:     494000 | #Constraints:     659346
c #Conflicts:     495000 | #Constraints:     660346
c #Conflicts:     496000 | #Constraints:     661346
c #Conflicts:     497000 | #Constraints:     662346
c bounds -645 >= -32036 @ 1664.53
c #Conflicts:     498000 | #Constraints:     663400
c #Conflicts:     499000 | #Constraints:     664400
c #Conflicts:     500000 | #Constraints:     665400
c #Conflicts:     501000 | #Constraints:     666400
c #Conflicts:     502000 | #Constraints:     667400
c #Conflicts:     503000 | #Constraints:     668400
c #Conflicts:     504000 | #Constraints:     669400
c #Conflicts:     505000 | #Constraints:     670400
c #Conflicts:     506000 | #Constraints:     671400
c bounds -645 >= -32028 @ 1685.89
c #Conflicts:     507000 | #Constraints:     672460
c #Conflicts:     508000 | #Constraints:     673460
c #Conflicts:     509000 | #Constraints:     674460
c #Conflicts:     510000 | #Constraints:     675460
c #Conflicts:     511000 | #Constraints:     676460
c #Conflicts:     512000 | #Constraints:     677460
c #Conflicts:     513000 | #Constraints:     678460
c #Conflicts:     514000 | #Constraints:     679460
c #Conflicts:     515000 | #Constraints:     680460
c #Conflicts:     516000 | #Constraints:     681460
c #Conflicts:     517000 | #Constraints:     682460
c #Conflicts:     518000 | #Constraints:     683460
c bounds -645 >= -32020 @ 1725.21
c #Conflicts:     519000 | #Constraints:     684505
c #Conflicts:     520000 | #Constraints:     685505
c #Conflicts:     521000 | #Constraints:     686505
c #Conflicts:     522000 | #Constraints:     687505
c #Conflicts:     523000 | #Constraints:     688505
c #Conflicts:     524000 | #Constraints:     689505
c #Conflicts:     525000 | #Constraints:     690505
c #Conflicts:     526000 | #Constraints:     691505
c #Conflicts:     527000 | #Constraints:     692505
c #Conflicts:     528000 | #Constraints:     693505
c #Conflicts:     529000 | #Constraints:     694505
c #Conflicts:     530000 | #Constraints:     695505
c #Conflicts:     531000 | #Constraints:     696505
c #Conflicts:     532000 | #Constraints:     697505
c #Conflicts:     533000 | #Constraints:     698505
c bounds -645 >= -32012 @ 1789.69
c #Conflicts:     534000 | #Constraints:     699559
c #Conflicts:     535000 | #Constraints:     700559
c bounds -646 >= -32012 @ 1792.81
c bounds -648 >= -32012 @ 1792.93
c bounds -650 >= -32012 @ 1793.06
c bounds -654 >= -32012 @ 1793.18
c #Conflicts:     536000 | #Constraints:     701563
c #Conflicts:     537000 | #Constraints:     702563
c INPROCESSING
c GARBAGE COLLECT
c bounds -654 >= -32004 @ 1822.84
c #Conflicts:     538000 | #Constraints:     659111
c #Conflicts:     539000 | #Constraints:     660111
c bounds -654 >= -31996 @ 1825.84
c #Conflicts:     540000 | #Constraints:     661132
c #Conflicts:     541000 | #Constraints:     662132
c #Conflicts:     542000 | #Constraints:     663132
c #Conflicts:     543000 | #Constraints:     664132
c #Conflicts:     544000 | #Constraints:     665132
c bounds -654 >= -31988 @ 1842.4
c #Conflicts:     545000 | #Constraints:     666177
c #Conflicts:     546000 | #Constraints:     667177
c #Conflicts:     547000 | #Constraints:     668177
c #Conflicts:     548000 | #Constraints:     669177
c #Conflicts:     549000 | #Constraints:     670177
c #Conflicts:     550000 | #Constraints:     671177
c #Conflicts:     551000 | #Constraints:     672177
c #Conflicts:     552000 | #Constraints:     673177
c #Conflicts:     553000 | #Constraints:     674177
c #Conflicts:     554000 | #Constraints:     675177
c #Conflicts:     555000 | #Constraints:     676177
c #Conflicts:     556000 | #Constraints:     677177
c #Conflicts:     557000 | #Constraints:     678177
c INPROCESSING
c GARBAGE COLLECT
c #Conflicts:     558000 | #Constraints:     657026
c #Conflicts:     559000 | #Constraints:     658026
c #Conflicts:     560000 | #Constraints:     659026
c #Conflicts:     561000 | #Constraints:     660026
c #Conflicts:     562000 | #Constraints:     661026
c #Conflicts:     563000 | #Constraints:     662026
c bounds -656 >= -31988 @ 1998.77
c bounds -656 >= -31980 @ 1998.8
c bounds -656 >= -31972 @ 1998.8
c bounds -656 >= -31966 @ 1998.82
c bounds -656 >= -31960 @ 1998.84
c bounds -656 >= -31954 @ 1998.85
c bounds -656 >= -31944 @ 1998.87
c bounds -656 >= -31938 @ 1998.91
c bounds -656 >= -31932 @ 1998.93
c bounds -656 >= -31926 @ 1998.95
c bounds -656 >= -31920 @ 1999
c bounds -656 >= -31914 @ 1999.22
c #Conflicts:     564000 | #Constraints:     663161
c bounds -656 >= -31908 @ 1999.35
c bounds -656 >= -31902 @ 1999.64
c bounds -656 >= -31896 @ 2000.01
c bounds -656 >= -31890 @ 2000.28
c #Conflicts:     565000 | #Constraints:     664272
c bounds -656 >= -31884 @ 2000.66
c bounds -656 >= -31878 @ 2001.3
c #Conflicts:     566000 | #Constraints:     665326
c bounds -656 >= -31872 @ 2002.55
c #Conflicts:     567000 | #Constraints:     666347
c bounds -656 >= -31866 @ 2004.04
c #Conflicts:     568000 | #Constraints:     667371
c bounds -656 >= -31860 @ 2005.68
c #Conflicts:     569000 | #Constraints:     668398
c bounds -656 >= -31854 @ 2007.42
c #Conflicts:     570000 | #Constraints:     669437
c #Conflicts:     571000 | #Constraints:     670437
c bounds -656 >= -31848 @ 2010.33
c #Conflicts:     572000 | #Constraints:     671467
c bounds -656 >= -31842 @ 2013.82
c #Conflicts:     573000 | #Constraints:     672506
c #Conflicts:     574000 | #Constraints:     673506
c #Conflicts:     575000 | #Constraints:     674506
c bounds -656 >= -31836 @ 2020.55
c #Conflicts:     576000 | #Constraints:     675578
c #Conflicts:     577000 | #Constraints:     676578
c #Conflicts:     578000 | #Constraints:     677578
c #Conflicts:     579000 | #Constraints:     678578
c bounds -656 >= -31830 @ 2031.79
c bounds -657 >= -31830 @ 2034.59
c bounds -658 >= -31830 @ 2034.77
c bounds -662 >= -31830 @ 2034.94
c bounds -670 >= -31830 @ 2035.13
c #Conflicts:     580000 | #Constraints:     679627
c #Conflicts:     581000 | #Constraints:     680627
c #Conflicts:     582000 | #Constraints:     681627
c #Conflicts:     583000 | #Constraints:     682627
c #Conflicts:     584000 | #Constraints:     683627
c #Conflicts:     585000 | #Constraints:     684627
c #Conflicts:     586000 | #Constraints:     685627
c #Conflicts:     587000 | #Constraints:     686627
c #Conflicts:     588000 | #Constraints:     687627
c #Conflicts:     589000 | #Constraints:     688627
c #Conflicts:     590000 | #Constraints:     689627
c #Conflicts:     591000 | #Constraints:     690627
c #Conflicts:     592000 | #Constraints:     691627
c bounds -671 >= -31830 @ 2666.93
c #Conflicts:     593000 | #Constraints:     692628
c #Conflicts:     594000 | #Constraints:     693628
c bounds -671 >= -31824 @ 2669.74
c #Conflicts:     595000 | #Constraints:     694661
c bounds -671 >= -31818 @ 2670.63
c bounds -671 >= -31812 @ 2671.33
c #Conflicts:     596000 | #Constraints:     695697
c bounds -671 >= -31806 @ 2672.02
c #Conflicts:     597000 | #Constraints:     696715
c bounds -671 >= -31800 @ 2673.3
c #Conflicts:     598000 | #Constraints:     697730
c bounds -671 >= -31794 @ 2675.79
c #Conflicts:     599000 | #Constraints:     698760
c bounds -671 >= -31788 @ 2677.54
c #Conflicts:     600000 | #Constraints:     699796
c bounds -671 >= -31782 @ 2678.56
c bounds -671 >= -31774 @ 2678.58
c bounds -671 >= -31768 @ 2678.58
c bounds -671 >= -31762 @ 2678.6
c bounds -671 >= -31756 @ 2678.74
c #Conflicts:     601000 | #Constraints:     700844
c bounds -671 >= -31750 @ 2679.3
c #Conflicts:     602000 | #Constraints:     701856
c bounds -671 >= -31744 @ 2679.85
c #Conflicts:     603000 | #Constraints:     702874
c bounds -671 >= -31738 @ 2680.38
c #Conflicts:     604000 | #Constraints:     703889
c #Conflicts:     605000 | #Constraints:     704889
c bounds -671 >= -31732 @ 2685.45
c #Conflicts:     606000 | #Constraints:     705928
c #Conflicts:     607000 | #Constraints:     706928
c #Conflicts:     608000 | #Constraints:     707928
c INPROCESSING
c GARBAGE COLLECT
c #Conflicts:     609000 | #Constraints:     661995
c bounds -671 >= -31726 @ 2695.43
c #Conflicts:     610000 | #Constraints:     663025
c #Conflicts:     611000 | #Constraints:     664025
c bounds -671 >= -31720 @ 2700.67
c #Conflicts:     612000 | #Constraints:     665070
c #Conflicts:     613000 | #Constraints:     666070
c #Conflicts:     614000 | #Constraints:     667070
c #Conflicts:     615000 | #Constraints:     668070
c bounds -671 >= -31714 @ 2709.23
c #Conflicts:     616000 | #Constraints:     669112
c #Conflicts:     617000 | #Constraints:     670112
c #Conflicts:     618000 | #Constraints:     671112
c #Conflicts:     619000 | #Constraints:     672112
c #Conflicts:     620000 | #Constraints:     673112
c bounds -671 >= -31708 @ 2728.17
c #Conflicts:     621000 | #Constraints:     674148
c #Conflicts:     622000 | #Constraints:     675148
c #Conflicts:     623000 | #Constraints:     676148
c #Conflicts:     624000 | #Constraints:     677148
c #Conflicts:     625000 | #Constraints:     678148
c #Conflicts:     626000 | #Constraints:     679148
c #Conflicts:     627000 | #Constraints:     680148
c bounds -671 >= -31702 @ 2758.98
c #Conflicts:     628000 | #Constraints:     681193
c #Conflicts:     629000 | #Constraints:     682193
c #Conflicts:     630000 | #Constraints:     683193
c #Conflicts:     631000 | #Constraints:     684193
c #Conflicts:     632000 | #Constraints:     685193
c #Conflicts:     633000 | #Constraints:     686193
c #Conflicts:     634000 | #Constraints:     687193
c bounds -671 >= -31696 @ 2797.29
c #Conflicts:     635000 | #Constraints:     688232
c #Conflicts:     636000 | #Constraints:     689232
c #Conflicts:     637000 | #Constraints:     690232
c #Conflicts:     638000 | #Constraints:     691232
c #Conflicts:     639000 | #Constraints:     692232
c #Conflicts:     640000 | #Constraints:     693232
c #Conflicts:     641000 | #Constraints:     694232
c #Conflicts:     642000 | #Constraints:     695232
c #Conflicts:     643000 | #Constraints:     696232
c #Conflicts:     644000 | #Constraints:     697232
c bounds -671 >= -31690 @ 2876.48
c #Conflicts:     645000 | #Constraints:     698274
c #Conflicts:     646000 | #Constraints:     699274
c #Conflicts:     647000 | #Constraints:     700274
c #Conflicts:     648000 | #Constraints:     701274
c #Conflicts:     649000 | #Constraints:     702274
c #Conflicts:     650000 | #Constraints:     703274
c #Conflicts:     651000 | #Constraints:     704274
c #Conflicts:     652000 | #Constraints:     705274
c #Conflicts:     653000 | #Constraints:     706274
c #Conflicts:     654000 | #Constraints:     707274
c #Conflicts:     655000 | #Constraints:     708274
c #Conflicts:     656000 | #Constraints:     709274
c #Conflicts:     657000 | #Constraints:     710274
c #Conflicts:     658000 | #Constraints:     711274
c #Conflicts:     659000 | #Constraints:     712274
c bounds -671 >= -31684 @ 3048.69
c #Conflicts:     660000 | #Constraints:     713319
c #Conflicts:     661000 | #Constraints:     714319
c INPROCESSING
c GARBAGE COLLECT
c #Conflicts:     662000 | #Constraints:     665415
c #Conflicts:     663000 | #Constraints:     666415
c #Conflicts:     664000 | #Constraints:     667415
c #Conflicts:     665000 | #Constraints:     668415
c #Conflicts:     666000 | #Constraints:     669415
c #Conflicts:     667000 | #Constraints:     670415
c #Conflicts:     668000 | #Constraints:     671415
c #Conflicts:     669000 | #Constraints:     672415
c #Conflicts:     670000 | #Constraints:     673415
c #Conflicts:     671000 | #Constraints:     674415
c #Conflicts:     672000 | #Constraints:     675415
c #Conflicts:     673000 | #Constraints:     676415
c #Conflicts:     674000 | #Constraints:     677415
c #Conflicts:     675000 | #Constraints:     678415
c #Conflicts:     676000 | #Constraints:     679415
c #Conflicts:     677000 | #Constraints:     680415
c #Conflicts:     678000 | #Constraints:     681415
c bounds -671 >= -31678 @ 3146.09
c #Conflicts:     679000 | #Constraints:     682499
c #Conflicts:     680000 | #Constraints:     683499
c #Conflicts:     681000 | #Constraints:     684499
c #Conflicts:     682000 | #Constraints:     685499
c #Conflicts:     683000 | #Constraints:     686499
c #Conflicts:     684000 | #Constraints:     687499
c #Conflicts:     685000 | #Constraints:     688499
c #Conflicts:     686000 | #Constraints:     689499
c #Conflicts:     687000 | #Constraints:     690499
c #Conflicts:     688000 | #Constraints:     691499
c #Conflicts:     689000 | #Constraints:     692499
c #Conflicts:     690000 | #Constraints:     693499
c #Conflicts:     691000 | #Constraints:     694499
c #Conflicts:     692000 | #Constraints:     695499
c #Conflicts:     693000 | #Constraints:     696499
c #Conflicts:     694000 | #Constraints:     697499
c #Conflicts:     695000 | #Constraints:     698499
c bounds -671 >= -31672 @ 3302.52
c #Conflicts:     696000 | #Constraints:     699559
c #Conflicts:     697000 | #Constraints:     700559
c #Conflicts:     698000 | #Constraints:     701559
c #Conflicts:     699000 | #Constraints:     702559
c #Conflicts:     700000 | #Constraints:     703559
c #Conflicts:     701000 | #Constraints:     704559
c #Conflicts:     702000 | #Constraints:     705559
c #Conflicts:     703000 | #Constraints:     706559
c #Conflicts:     704000 | #Constraints:     707559
c #Conflicts:     705000 | #Constraints:     708559
c #Conflicts:     706000 | #Constraints:     709559
c #Conflicts:     707000 | #Constraints:     710559
c #Conflicts:     708000 | #Constraints:     711559
c #Conflicts:     709000 | #Constraints:     712559
c #Conflicts:     710000 | #Constraints:     713559
c #Conflicts:     711000 | #Constraints:     714559
c #Conflicts:     712000 | #Constraints:     715559
c #Conflicts:     713000 | #Constraints:     716559
c #Conflicts:     714000 | #Constraints:     717559
c #Conflicts:     715000 | #Constraints:     718559
c #Conflicts:     716000 | #Constraints:     719559
c INPROCESSING
c GARBAGE COLLECT
c #Conflicts:     717000 | #Constraints:     668266
c #Conflicts:     718000 | #Constraints:     669266
c #Conflicts:     719000 | #Constraints:     670266
c #Conflicts:     720000 | #Constraints:     671266
c #Conflicts:     721000 | #Constraints:     672266
c #Conflicts:     722000 | #Constraints:     673266
c #Conflicts:     723000 | #Constraints:     674266
c #Conflicts:     724000 | #Constraints:     675266
c #Conflicts:     725000 | #Constraints:     676266
c #Conflicts:     726000 | #Constraints:     677266
c #Conflicts:     727000 | #Constraints:     678266
c #Conflicts:     728000 | #Constraints:     679266
c #Conflicts:     729000 | #Constraints:     680266
c #Conflicts:     730000 | #Constraints:     681266
c #Conflicts:     731000 | #Constraints:     682266
c #Conflicts:     732000 | #Constraints:     683266
c #Conflicts:     733000 | #Constraints:     684266
c #Conflicts:     734000 | #Constraints:     685266
c #Conflicts:     735000 | #Constraints:     686266
c #Conflicts:     736000 | #Constraints:     687266
c bounds -671 >= -31666 @ 3882.09
c #Conflicts:     737000 | #Constraints:     688323
c #Conflicts:     738000 | #Constraints:     689323
c #Conflicts:     739000 | #Constraints:     690323
c #Conflicts:     740000 | #Constraints:     691323
c #Conflicts:     741000 | #Constraints:     692323
c #Conflicts:     742000 | #Constraints:     693323
c #Conflicts:     743000 | #Constraints:     694323
c #Conflicts:     744000 | #Constraints:     695323
c #Conflicts:     745000 | #Constraints:     696323
c #Conflicts:     746000 | #Constraints:     697323
c #Conflicts:     747000 | #Constraints:     698323
c #Conflicts:     748000 | #Constraints:     699323
c #Conflicts:     749000 | #Constraints:     700323
c #Conflicts:     750000 | #Constraints:     701323
c #Conflicts:     751000 | #Constraints:     702323
c #Conflicts:     752000 | #Constraints:     703323
c #Conflicts:     753000 | #Constraints:     704323
c #Conflicts:     754000 | #Constraints:     705323
c #Conflicts:     755000 | #Constraints:     706323
c #Conflicts:     756000 | #Constraints:     707323
c #Conflicts:     757000 | #Constraints:     708323
c #Conflicts:     758000 | #Constraints:     709323
c #Conflicts:     759000 | #Constraints:     710323
c #Conflicts:     760000 | #Constraints:     711323
c #Conflicts:     761000 | #Constraints:     712323
c #Conflicts:     762000 | #Constraints:     713323
c bounds -671 >= -31660 @ 4385.73
c #Conflicts:     763000 | #Constraints:     714374
c #Conflicts:     764000 | #Constraints:     715374
c bounds -672 >= -31660 @ 4391.6
c #Conflicts:     765000 | #Constraints:     716375
c #Conflicts:     766000 | #Constraints:     717375
c #Conflicts:     767000 | #Constraints:     718375
c #Conflicts:     768000 | #Constraints:     719375
c #Conflicts:     769000 | #Constraints:     720375
c #Conflicts:     770000 | #Constraints:     721375
c #Conflicts:     771000 | #Constraints:     722375
c #Conflicts:     772000 | #Constraints:     723375
c #Conflicts:     773000 | #Constraints:     724375
c INPROCESSING
c GARBAGE COLLECT
c #Conflicts:     774000 | #Constraints:     670593
c #Conflicts:     775000 | #Constraints:     671593
c #Conflicts:     776000 | #Constraints:     672593
c #Conflicts:     777000 | #Constraints:     673593
c #Conflicts:     778000 | #Constraints:     674593
c #Conflicts:     779000 | #Constraints:     675593
c #Conflicts:     780000 | #Const