c RoundingSat 2
c branch 
c commit 
c #variables 6864 #constraints 21991
c bounds - >= -26400 @ 0.096675
c #Conflicts:       1000 | #Constraints:      22990
c #Conflicts:       2000 | #Constraints:      23990
c INPROCESSING
c bounds - >= -26336 @ 0.140313
c bounds - >= -26272 @ 0.140701
c bounds - >= -26208 @ 0.141093
c bounds - >= -26144 @ 0.141457
c bounds - >= -26080 @ 0.141833
c bounds - >= -26016 @ 0.14222
c bounds - >= -25952 @ 0.142617
c bounds - >= -25888 @ 0.143013
c bounds - >= -25824 @ 0.143405
c bounds - >= -25760 @ 0.143801
c bounds - >= -25696 @ 0.144188
c bounds - >= -25632 @ 0.144579
c bounds - >= -25568 @ 0.144973
c bounds - >= -25504 @ 0.145361
c bounds - >= -25440 @ 0.145757
c bounds - >= -25376 @ 0.146144
c bounds - >= -25312 @ 0.146534
c bounds - >= -25248 @ 0.146921
c bounds - >= -25184 @ 0.147306
c bounds - >= -25120 @ 0.147698
c bounds - >= -25056 @ 0.148084
c bounds - >= -24992 @ 0.148472
c bounds - >= -24928 @ 0.148862
c bounds - >= -24864 @ 0.149254
c bounds - >= -24800 @ 0.14965
c bounds - >= -24736 @ 0.150037
c bounds - >= -24672 @ 0.15042
c bounds - >= -24608 @ 0.150809
c bounds - >= -24544 @ 0.151196
c bounds - >= -24480 @ 0.151594
c bounds - >= -24416 @ 0.151982
c bounds - >= -24352 @ 0.152368
c bounds - >= -24288 @ 0.152762
c bounds - >= -24224 @ 0.153148
c bounds - >= -24160 @ 0.153543
c bounds - >= -24096 @ 0.15393
c bounds - >= -24032 @ 0.154315
c bounds - >= -23968 @ 0.154707
c bounds - >= -23904 @ 0.155093
c bounds - >= -23840 @ 0.15548
c bounds - >= -23776 @ 0.155867
c bounds - >= -23712 @ 0.156252
c bounds - >= -23648 @ 0.156645
c bounds - >= -23584 @ 0.15703
c bounds - >= -23520 @ 0.157416
c bounds - >= -23456 @ 0.157803
c bounds - >= -23392 @ 0.158196
c bounds - >= -23328 @ 0.158594
c bounds - >= -23264 @ 0.158979
c bounds - >= -23200 @ 0.159363
c bounds - >= -23136 @ 0.159756
c bounds - >= -23072 @ 0.160142
c bounds - >= -23008 @ 0.160535
c bounds - >= -22944 @ 0.160919
c bounds - >= -22880 @ 0.161311
c bounds - >= -22816 @ 0.161712
c bounds - >= -22752 @ 0.162105
c bounds - >= -22688 @ 0.162506
c bounds - >= -22624 @ 0.162898
c bounds - >= -22560 @ 0.163303
c bounds - >= -22496 @ 0.163716
c bounds - >= -22432 @ 0.164119
c bounds - >= -22368 @ 0.164524
c bounds - >= -22304 @ 0.164929
c bounds - >= -22240 @ 0.165332
c bounds - >= -22176 @ 0.165733
c bounds - >= -22112 @ 0.166136
c bounds - >= -22048 @ 0.16654
c bounds - >= -21984 @ 0.16695
c bounds - >= -21920 @ 0.16735
c bounds - >= -21856 @ 0.167754
c bounds - >= -21792 @ 0.168156
c bounds - >= -21728 @ 0.168562
c bounds - >= -21664 @ 0.168961
c bounds - >= -21600 @ 0.169362
c bounds - >= -21536 @ 0.169766
c bounds - >= -21472 @ 0.170166
c bounds - >= -21408 @ 0.170569
c bounds - >= -21344 @ 0.170975
c bounds - >= -21280 @ 0.171377
c bounds - >= -21216 @ 0.171377
c bounds - >= -21152 @ 0.171377
c bounds - >= -21088 @ 0.171721
c bounds - >= -21024 @ 0.172125
c bounds - >= -20960 @ 0.172478
c bounds - >= -20896 @ 0.172882
c bounds - >= -20832 @ 0.173283
c bounds - >= -20768 @ 0.173694
c bounds - >= -20704 @ 0.174096
c bounds - >= -20640 @ 0.174496
c bounds - >= -20576 @ 0.1749
c bounds - >= -20512 @ 0.1753
c bounds - >= -20448 @ 0.175703
c bounds - >= -20384 @ 0.176103
c bounds - >= -20320 @ 0.176506
c bounds - >= -20256 @ 0.176907
c bounds - >= -20192 @ 0.17731
c bounds - >= -20128 @ 0.177711
c bounds - >= -20064 @ 0.178112
c bounds - >= -20000 @ 0.17817
c bounds - >= -19936 @ 0.17817
c bounds - >= -19872 @ 0.178355
c bounds - >= -19808 @ 0.178742
c bounds - >= -19744 @ 0.179144
c bounds - >= -19680 @ 0.179545
c bounds - >= -19616 @ 0.17995
c bounds - >= -19552 @ 0.180347
c bounds - >= -19488 @ 0.180751
c bounds - >= -19424 @ 0.181147
c bounds - >= -19360 @ 0.181547
c bounds - >= -19296 @ 0.181943
c bounds - >= -19232 @ 0.182346
c bounds - >= -19168 @ 0.182745
c bounds - >= -19104 @ 0.183146
c bounds - >= -19040 @ 0.183549
c bounds - >= -18976 @ 0.183953
c bounds - >= -18912 @ 0.184353
c bounds - >= -18848 @ 0.184753
c bounds - >= -18784 @ 0.185151
c bounds - >= -18720 @ 0.185547
c bounds - >= -18656 @ 0.185946
c bounds - >= -18592 @ 0.186346
c bounds - >= -18528 @ 0.186748
c bounds - >= -18464 @ 0.18715
c bounds - >= -18400 @ 0.187561
c bounds - >= -18336 @ 0.18796
c bounds - >= -18272 @ 0.188359
c bounds - >= -18208 @ 0.188757
c bounds - >= -18144 @ 0.189164
c bounds - >= -18080 @ 0.189565
c bounds - >= -18016 @ 0.189962
c bounds - >= -17952 @ 0.190358
c bounds - >= -17888 @ 0.190761
c bounds - >= -17824 @ 0.190816
c bounds - >= -17760 @ 0.191089
c bounds - >= -17696 @ 0.191386
c bounds - >= -17632 @ 0.191754
c bounds - >= -17568 @ 0.192132
c bounds - >= -17504 @ 0.192512
c bounds - >= -17440 @ 0.192892
c bounds - >= -17376 @ 0.193272
c bounds - >= -17312 @ 0.193651
c bounds - >= -17248 @ 0.194028
c bounds - >= -17184 @ 0.194408
c bounds - >= -17120 @ 0.194435
c bounds - >= -17056 @ 0.194435
c bounds - >= -16992 @ 0.194737
c bounds - >= -16928 @ 0.195033
c bounds - >= -16864 @ 0.19533
c bounds - >= -16800 @ 0.195698
c bounds - >= -16736 @ 0.196077
c bounds - >= -16672 @ 0.196448
c bounds - >= -16608 @ 0.196824
c bounds - >= -16544 @ 0.197205
c bounds - >= -16480 @ 0.197586
c bounds - >= -16416 @ 0.197963
c bounds - >= -16352 @ 0.19834
c bounds - >= -16288 @ 0.19872
c bounds - >= -16224 @ 0.199098
c bounds - >= -16160 @ 0.199475
c bounds - >= -16096 @ 0.199852
c bounds - >= -16032 @ 0.200226
c bounds - >= -15968 @ 0.200607
c bounds - >= -15904 @ 0.200982
c bounds - >= -15840 @ 0.201356
c bounds - >= -15776 @ 0.201734
c bounds - >= -15712 @ 0.20211
c bounds - >= -15648 @ 0.202487
c bounds - >= -15584 @ 0.202862
c bounds - >= -15520 @ 0.203237
c bounds - >= -15456 @ 0.203618
c bounds - >= -15392 @ 0.203995
c bounds - >= -15328 @ 0.204369
c bounds - >= -15264 @ 0.204745
c bounds - >= -15200 @ 0.205135
c bounds - >= -15136 @ 0.205517
c #Conflicts:       3000 | #Constraints:      24548
c #Conflicts:       4000 | #Constraints:      25548
c #Conflicts:       5000 | #Constraints:      26548
c #Conflicts:       6000 | #Constraints:      27548
c INPROCESSING
c GARBAGE COLLECT
c #Conflicts:       7000 | #Constraints:      25938
c #Conflicts:       8000 | #Constraints:      26938
c #Conflicts:       9000 | #Constraints:      27938
c #Conflicts:      10000 | #Constraints:      28938
c #Conflicts:      11000 | #Constraints:      29938
c #Conflicts:      12000 | #Constraints:      30938
c INPROCESSING
c #Conflicts:      13000 | #Constraints:      27728
c #Conflicts:      14000 | #Constraints:      28728
c #Conflicts:      15000 | #Constraints:      29728
c #Conflicts:      16000 | #Constraints:      30728
c #Conflicts:      17000 | #Constraints:      31728
c #Conflicts:      18000 | #Constraints:      32728
c #Conflicts:      19000 | #Constraints:      33728
c #Conflicts:      20000 | #Constraints:      34728
c INPROCESSING
c GARBAGE COLLECT
c #Conflicts:      21000 | #Constraints:      29724
c #Conflicts:      22000 | #Constraints:      30724
c #Conflicts:      23000 | #Constraints:      31724
c #Conflicts:      24000 | #Constraints:      32724
c #Conflicts:      25000 | #Constraints:      33724
c #Conflicts:      26000 | #Constraints:      34724
c #Conflicts:      27000 | #Constraints:      35724
c #Conflicts:      28000 | #Constraints:      36724
c #Conflicts:      29000 | #Constraints:      37724
c #Conflicts:      30000 | #Constraints:      38724
c INPROCESSING
c GARBAGE COLLECT
c #Conflicts:      31000 | #Constraints:      31710
c #Conflicts:      32000 | #Constraints:      32710
c #Conflicts:      33000 | #Constraints:      33710
c #Conflicts:      34000 | #Constraints:      34710
c #Conflicts:      35000 | #Constraints:      35710
c #Conflicts:      36000 | #Constraints:      36710
c #Conflicts:      37000 | #Constraints:      37710
c #Conflicts:      38000 | #Constraints:      38710
c #Conflicts:      39000 | #Constraints:      39710
c #Conflicts:      40000 | #Constraints:      40710
c #Conflicts:      41000 | #Constraints:      41710
c #Conflicts:      42000 | #Constraints:      42710
c INPROCESSING
c GARBAGE COLLECT
c #Conflicts:      43000 | #Constraints:      33750
c #Conflicts:      44000 | #Constraints:      34750
c #Conflicts:      45000 | #Constraints:      35750
c #Conflicts:      46000 | #Constraints:      36750
c #Conflicts:      47000 | #Constraints:      37750
c #Conflicts:      48000 | #Constraints:      38750
c #Conflicts:      49000 | #Constraints:      39750
c #Conflicts:      50000 | #Constraints:      40750
c #Conflicts:      51000 | #Constraints:      41750
c #Conflicts:      52000 | #Constraints:      42750
c #Conflicts:      53000 | #Constraints:      43750
c #Conflicts:      54000 | #Constraints:      44750
c #Conflicts:      55000 | #Constraints:      45750
c #Conflicts:      56000 | #Constraints:      46750
c INPROCESSING
c GARBAGE COLLECT
c #Conflicts:      57000 | #Constraints:      35979
c #Conflicts:      58000 | #Constraints:      36979
c #Conflicts:      59000 | #Constraints:      37979
c #Conflicts:      60000 | #Constraints:      38979
c #Conflicts:      61000 | #Constraints:      39979
c #Conflicts:      62000 | #Constraints:      40979
c #Conflicts:      63000 | #Constraints:      41979
c #Conflicts:      64000 | #Constraints:      42979
c #Conflicts:      65000 | #Constraints:      43979
c #Conflicts:      66000 | #Constraints:      44979
c #Conflicts:      67000 | #Constraints:      45979
c #Conflicts:      68000 | #Constraints:      46979
c #Conflicts:      69000 | #Constraints:      47979
c #Conflicts:      70000 | #Constraints:      48979
c #Conflicts:      71000 | #Constraints:      49979
c #Conflicts:      72000 | #Constraints:      50979
c INPROCESSING
c GARBAGE COLLECT
c #Conflicts:      73000 | #Constraints:      39163
c #Conflicts:      74000 | #Constraints:      40163
c #Conflicts:      75000 | #Constraints:      41163
c #Conflicts:      76000 | #Constraints:      42163
c #Conflicts:      77000 | #Constraints:      43163
c #Conflicts:      78000 | #Constraints:      44163
c #Conflicts:      79000 | #Constraints:      45163
c #Conflicts:      80000 | #Constraints:      46163
c #Conflicts:      81000 | #Constraints:      47163
c #Conflicts:      82000 | #Constraints:      48163
c #Conflicts:      83000 | #Constraints:      49163
c #Conflicts:      84000 | #Constraints:      50163
c #Conflicts:      85000 | #Constraints:      51163
c #Conflicts:      86000 | #Constraints:      52163
c #Conflicts:      87000 | #Constraints:      53163
c #Conflicts:      88000 | #Constraints:      54163
c #Conflicts:      89000 | #Constraints:      55163
c #Conflicts:      90000 | #Constraints:      56163
c INPROCESSING
c GARBAGE COLLECT
c #Conflicts:      91000 | #Constraints:      42557
c #Conflicts:      92000 | #Constraints:      43557
c #Conflicts:      93000 | #Constraints:      44557
c #Conflicts:      94000 | #Constraints:      45557
c #Conflicts:      95000 | #Constraints:      46557
c #Conflicts:      96000 | #Constraints:      47557
c #Conflicts:      97000 | #Constraints:      48557
c #Conflicts:      98000 | #Constraints:      49557
c #Conflicts:      99000 | #Constraints:      50557
c #Conflicts:     100000 | #Constraints:      51557
c #Conflicts:     101000 | #Constraints:      52557
c #Conflicts:     102000 | #Constraints:      53557
c #Conflicts:     103000 | #Constraints:      54557
c #Conflicts:     104000 | #Constraints:      55557
c #Conflicts:     105000 | #Constraints:      56557
c #Conflicts:     106000 | #Constraints:      57557
c #Conflicts:     107000 | #Constraints:      58557
c #Conflicts:     108000 | #Constraints:      59557
c #Conflicts:     109000 | #Constraints:      60557
c #Conflicts:     110000 | #Constraints:      61557
c INPROCESSING
c GARBAGE COLLECT
c #Conflicts:     111000 | #Constraints:      46258
c #Conflicts:     112000 | #Constraints:      47258
c #Conflicts:     113000 | #Constraints:      48258
c #Conflicts:     114000 | #Constraints:      49258
c #Conflicts:     115000 | #Constraints:      50258
c #Conflicts:     116000 | #Constraints:      51258
c #Conflicts:     117000 | #Constraints:      52258
c #Conflicts:     118000 | #Constraints:      53258
c #Conflicts:     119000 | #Constraints:      54258
c #Conflicts:     120000 | #Constraints:      55258
c #Conflicts:     121000 | #Constraints:      56258
c bounds 1390 >= -15136 @ 4.85297
c #Conflicts:     122000 | #Constraints:      57259
c #Conflicts:     123000 | #Constraints:      58259
c #Conflicts:     124000 | #Constraints:      59259
c #Conflicts:     125000 | #Constraints:      60259
c #Conflicts:     126000 | #Constraints:      61259
c #Conflicts:     127000 | #Constraints:      62259
c #Conflicts:     128000 | #Constraints:      63259
c #Conflicts:     129000 | #Constraints:      64259
c #Conflicts:     130000 | #Constraints:      65259
c #Conflicts:     131000 | #Constraints:      66259
c #Conflicts:     132000 | #Constraints:      67259
c INPROCESSING
c GARBAGE COLLECT
c bounds 1386 >= -15136 @ 5.2576
c bounds 1370 >= -15136 @ 5.26009
c bounds 1362 >= -15136 @ 5.26561
c bounds 1354 >= -15136 @ 5.26712
c bounds 1350 >= -15136 @ 5.27456
c bounds 1346 >= -15136 @ 5.27708
c bounds 1338 >= -15136 @ 5.28243
c bounds 1330 >= -15136 @ 5.28507
c bounds 1314 >= -15136 @ 5.29041
c bounds 1310 >= -15136 @ 5.2958
c bounds 1302 >= -15136 @ 5.30132
c bounds 1298 >= -15136 @ 5.30364
c bounds 1290 >= -15136 @ 5.30903
c bounds 1288 >= -15136 @ 5.31643
c bounds 1287 >= -15136 @ 5.3229
c bounds 1286 >= -15136 @ 5.32941
c bounds 1284 >= -15136 @ 5.33312
c bounds 1280 >= -15136 @ 5.33937
c bounds 1276 >= -15136 @ 5.34288
c bounds 1274 >= -15136 @ 5.3463
c bounds 1272 >= -15136 @ 5.35167
c bounds 1268 >= -15136 @ 5.35807
c bounds 1264 >= -15136 @ 5.36253
c bounds 1256 >= -15136 @ 5.36791
c bounds 1254 >= -15136 @ 5.37143
c bounds 1238 >= -15136 @ 5.37379
c bounds 1236 >= -15136 @ 5.37726
c bounds 1234 >= -15136 @ 5.38276
c bounds 1226 >= -15136 @ 5.38806
c bounds 1218 >= -15136 @ 5.39171
c bounds 1214 >= -15136 @ 5.39608
c bounds 1210 >= -15136 @ 5.39971
c bounds 1202 >= -15136 @ 5.40616
c bounds 1198 >= -15136 @ 5.41053
c bounds 1190 >= -15136 @ 5.41604
c bounds 1188 >= -15136 @ 5.42231
c bounds 1180 >= -15136 @ 5.42984
c bounds 1179 >= -15136 @ 5.4351
c bounds 1177 >= -15136 @ 5.43848
c bounds 1169 >= -15136 @ 5.44291
c bounds 1165 >= -15136 @ 5.44922
c bounds 1157 >= -15136 @ 5.45572
c bounds 1149 >= -15136 @ 5.46
c bounds 1141 >= -15136 @ 5.46635
c bounds 1133 >= -15136 @ 5.47377
c bounds 1129 >= -15136 @ 5.47812
c bounds 1127 >= -15136 @ 5.48267
c bounds 1125 >= -15136 @ 5.48693
c bounds 1117 >= -15136 @ 5.49029
c bounds 1109 >= -15136 @ 5.49277
c bounds 1101 >= -15136 @ 5.49411
c bounds 1099 >= -15136 @ 5.49942
c bounds 1098 >= -15136 @ 5.50486
c bounds 1090 >= -15136 @ 5.51116
c bounds 1086 >= -15136 @ 5.51566
c bounds 1082 >= -15136 @ 5.52
c bounds 1080 >= -15136 @ 5.52336
c bounds 1078 >= -15136 @ 5.5287
c bounds 1070 >= -15136 @ 5.53505
c bounds 1062 >= -15136 @ 5.53954
c bounds 1060 >= -15136 @ 5.54481
c bounds 1058 >= -15136 @ 5.55035
c bounds 1054 >= -15136 @ 5.55589
c bounds 1050 >= -15136 @ 5.55929
c bounds 1042 >= -15136 @ 5.56415
c bounds 1041 >= -15136 @ 5.56921
c bounds 1037 >= -15136 @ 5.5766
c bounds 1029 >= -15136 @ 5.57915
c bounds 1021 >= -15136 @ 5.58544
c bounds 1013 >= -15136 @ 5.59161
c bounds 1005 >= -15136 @ 5.59514
c bounds 997 >= -15136 @ 5.59844
c bounds 993 >= -15136 @ 5.60075
c bounds 989 >= -15136 @ 5.60503
c bounds 981 >= -15136 @ 5.61149
c bounds 979 >= -15136 @ 5.61571
c bounds 971 >= -15136 @ 5.62208
c bounds 963 >= -15136 @ 5.62742
c bounds 959 >= -15136 @ 5.63102
c bounds 957 >= -15136 @ 5.63807
c bounds 949 >= -15136 @ 5.64347
c bounds 941 >= -15136 @ 5.64876
c bounds 925 >= -15136 @ 5.65517
c bounds 917 >= -15136 @ 5.66146
c bounds 909 >= -15136 @ 5.66692
c bounds 905 >= -15136 @ 5.67023
c bounds 903 >= -15136 @ 5.67552
c bounds 901 >= -15136 @ 5.68088
c bounds 893 >= -15136 @ 5.68623
c bounds 891 >= -15136 @ 5.68939
c bounds 889 >= -15136 @ 5.69177
c bounds 881 >= -15136 @ 5.69807
c bounds 873 >= -15136 @ 5.70245
c bounds 869 >= -15136 @ 5.70872
c bounds 865 >= -15136 @ 5.7151
c bounds 857 >= -15136 @ 5.72039
c bounds 849 >= -15136 @ 5.72492
c bounds 845 >= -15136 @ 5.73201
c bounds 837 >= -15136 @ 5.73738
c bounds 835 >= -15136 @ 5.74369
c bounds 833 >= -15136 @ 5.74795
c bounds 829 >= -15136 @ 5.75122
c bounds 827 >= -15136 @ 5.75466
c bounds 825 >= -15136 @ 5.7609
c bounds 821 >= -15136 @ 5.76525
c bounds 820 >= -15136 @ 5.76858
c bounds 812 >= -15136 @ 5.77271
c bounds 804 >= -15136 @ 5.77604
c bounds 796 >= -15136 @ 5.78137
c bounds 788 >= -15136 @ 5.78577
c bounds 786 >= -15136 @ 5.79299
c bounds 778 >= -15136 @ 5.79719
c bounds 776 >= -15136 @ 5.80251
c bounds 772 >= -15136 @ 5.80682
c bounds 768 >= -15136 @ 5.81405
c bounds 766 >= -15136 @ 5.82025
c bounds 758 >= -15136 @ 5.82471
c bounds 750 >= -15136 @ 5.82984
c bounds 742 >= -15136 @ 5.8344
c bounds 741 >= -15136 @ 5.8394
c bounds 740 >= -15136 @ 5.84564
c bounds 736 >= -15136 @ 5.85
c bounds 732 >= -15136 @ 5.85527
c bounds 730 >= -15136 @ 5.86065
c bounds 728 >= -15136 @ 5.86595
c bounds 720 >= -15136 @ 5.86932
c bounds 718 >= -15136 @ 5.87662
c bounds 714 >= -15136 @ 5.88132
c bounds 710 >= -15136 @ 5.88642
c bounds 702 >= -15136 @ 5.89063
c bounds 700 >= -15136 @ 5.89389
c bounds 696 >= -15136 @ 5.90116
c bounds 688 >= -15136 @ 5.90552
c bounds 686 >= -15136 @ 5.91181
c bounds 682 >= -15136 @ 5.91709
c bounds 678 >= -15136 @ 5.92146
c bounds 677 >= -15136 @ 5.92676
c bounds 675 >= -15136 @ 5.93112
c bounds 671 >= -15136 @ 5.93646
c bounds 670 >= -15136 @ 5.9386
c bounds 668 >= -15136 @ 5.94405
c bounds 660 >= -15136 @ 5.95036
c bounds 656 >= -15136 @ 5.95682
c bounds 640 >= -15136 @ 5.96318
c bounds 632 >= -15136 @ 5.96762
c bounds 624 >= -15136 @ 5.97293
c bounds 623 >= -15136 @ 5.97932
c bounds 619 >= -15136 @ 5.98561
c bounds 615 >= -15136 @ 5.99301
c bounds 607 >= -15136 @ 5.99738
c bounds 605 >= -15136 @ 6.00076
c bounds 597 >= -15136 @ 6.00517
c bounds 589 >= -15136 @ 6.00852
c bounds 585 >= -15136 @ 6.01674
c bounds 583 >= -15136 @ 6.02417
c bounds 575 >= -15136 @ 6.02946
c bounds 567 >= -15136 @ 6.03287
c bounds 563 >= -15136 @ 6.03713
c bounds 559 >= -15136 @ 6.04359
c bounds 557 >= -15136 @ 6.04897
c bounds 553 >= -15136 @ 6.05538
c bounds 545 >= -15136 @ 6.05775
c bounds 537 >= -15136 @ 6.06313
c bounds 535 >= -15136 @ 6.06825
c bounds 527 >= -15136 @ 6.07271
c bounds 523 >= -15136 @ 6.07804
c bounds 521 >= -15136 @ 6.08232
c bounds 520 >= -15136 @ 6.08567
c bounds 518 >= -15136 @ 6.08899
c bounds 510 >= -15136 @ 6.09512
c bounds 506 >= -15136 @ 6.10063
c bounds 498 >= -15136 @ 6.10689
c bounds 490 >= -15136 @ 6.11125
c #Conflicts:     133000 | #Constraints:      50288
c #Conflicts:     134000 | #Constraints:      51288
c #Conflicts:     135000 | #Constraints:      52288
c #Conflicts:     136000 | #Constraints:      53288
c #Conflicts:     137000 | #Constraints:      54288
c #Conflicts:     138000 | #Constraints:      55288
c #Conflicts:     139000 | #Constraints:      56288
c #Conflicts:     140000 | #Constraints:      57288
c #Conflicts:     141000 | #Constraints:      58288
c #Conflicts:     142000 | #Constraints:      59288
c #Conflicts:     143000 | #Constraints:      60288
c #Conflicts:     144000 | #Constraints:      61288
c #Conflicts:     145000 | #Constraints:      62288
c #Conflicts:     146000 | #Constraints:      63288
c #Conflicts:     147000 | #Constraints:      64288
c #Conflicts:     148000 | #Constraints:      65288
c #Conflicts:     149000 | #Constraints:      66288
c #Conflicts:     150000 | #Constraints:      67288
c #Conflicts:     151000 | #Constraints:      68288
c #Conflicts:     152000 | #Constraints:      69288
c #Conflicts:     153000 | #Constraints:      70288
c #Conflicts:     154000 | #Constraints:      71288
c #Conflicts:     155000 | #Constraints:      72288
c #Conflicts:     156000 | #Constraints:      73288
c INPROCESSING
c GARBAGE COLLECT
c bounds 486 >= -15136 @ 7.0864
c bounds 478 >= -15136 @ 7.08985
c bounds 476 >= -15136 @ 7.09407
c bounds 475 >= -15136 @ 7.10249
c bounds 471 >= -15136 @ 7.10876
c bounds 467 >= -15136 @ 7.1143
c bounds 465 >= -15136 @ 7.11847
c bounds 461 >= -15136 @ 7.12598
c bounds 460 >= -15136 @ 7.13122
c bounds 458 >= -15136 @ 7.13571
c bounds 450 >= -15136 @ 7.13723
c bounds 442 >= -15136 @ 7.14354
c bounds 438 >= -15136 @ 7.14884
c bounds 434 >= -15136 @ 7.15332
c bounds 426 >= -15136 @ 7.15778
c bounds 422 >= -15136 @ 7.16212
c bounds 418 >= -15136 @ 7.16639
c bounds 416 >= -15136 @ 7.17083
c bounds 414 >= -15136 @ 7.1761
c bounds 413 >= -15136 @ 7.18345
c bounds 409 >= -15136 @ 7.1907
c bounds 405 >= -15136 @ 7.19714
c bounds 403 >= -15136 @ 7.20236
c bounds 395 >= -15136 @ 7.20882
c bounds 394 >= -15136 @ 7.217
c bounds 378 >= -15136 @ 7.22059
c bounds 370 >= -15136 @ 7.22495
c bounds 366 >= -15136 @ 7.22921
c bounds 362 >= -15136 @ 7.23435
c bounds 354 >= -15136 @ 7.2409
c bounds 346 >= -15136 @ 7.24503
c bounds 342 >= -15136 @ 7.24836
c bounds 338 >= -15136 @ 7.24984
c bounds 322 >= -15136 @ 7.25318
c bounds 320 >= -15136 @ 7.25734
c bounds 312 >= -15136 @ 7.26365
c bounds 308 >= -15136 @ 7.26803
c bounds 304 >= -15136 @ 7.27324
c bounds 302 >= -15136 @ 7.27839
c bounds 294 >= -15136 @ 7.28277
c bounds 293 >= -15136 @ 7.28706
c bounds 289 >= -15136 @ 7.29421
c bounds 281 >= -15136 @ 7.29973
c bounds 273 >= -15136 @ 7.30398
c bounds 269 >= -15136 @ 7.30917
c bounds 253 >= -15136 @ 7.31556
c bounds 245 >= -15136 @ 7.31996
c bounds 241 >= -15136 @ 7.32513
c bounds 225 >= -15136 @ 7.33063
c bounds 223 >= -15136 @ 7.3358
c bounds 221 >= -15136 @ 7.34097
c bounds 220 >= -15136 @ 7.34524
c bounds 212 >= -15136 @ 7.34857
c bounds 204 >= -15136 @ 7.35486
c bounds 196 >= -15136 @ 7.36117
c bounds 194 >= -15136 @ 7.36651
c bounds 190 >= -15136 @ 7.37065
c bounds 182 >= -15136 @ 7.37601
c bounds 178 >= -15136 @ 7.38048
c bounds 174 >= -15136 @ 7.38656
c bounds 172 >= -15136 @ 7.39084
c bounds 168 >= -15136 @ 7.39406
c bounds 167 >= -15136 @ 7.40122
c bounds 159 >= -15136 @ 7.40868
c bounds 151 >= -15136 @ 7.41337
c bounds 143 >= -15136 @ 7.41763
c bounds 135 >= -15136 @ 7.42329
c bounds 134 >= -15136 @ 7.42933
c bounds 130 >= -15136 @ 7.43577
c bounds 128 >= -15136 @ 7.43902
c bounds 126 >= -15136 @ 7.44555
c bounds 122 >= -15136 @ 7.44889
c bounds 120 >= -15136 @ 7.4535
c bounds 118 >= -15136 @ 7.45864
c bounds 114 >= -15136 @ 7.46323
c bounds 110 >= -15136 @ 7.46744
c bounds 108 >= -15136 @ 7.47282
c bounds 104 >= -15136 @ 7.47706
c bounds 103 >= -15136 @ 7.48353
c bounds 95 >= -15136 @ 7.48782
c bounds 91 >= -15136 @ 7.49344
c bounds 89 >= -15136 @ 7.49754
c bounds 87 >= -15136 @ 7.50398
c bounds 85 >= -15136 @ 7.51111
c bounds 77 >= -15136 @ 7.51662
c bounds 69 >= -15136 @ 7.52191
c bounds 65 >= -15136 @ 7.5284
c bounds 63 >= -15136 @ 7.53353
c bounds 55 >= -15136 @ 7.5362
c bounds 51 >= -15136 @ 7.53835
c bounds 49 >= -15136 @ 7.54393
c bounds 48 >= -15136 @ 7.54996
c bounds 46 >= -15136 @ 7.55623
c bounds 44 >= -15136 @ 7.56039
c bounds 28 >= -15136 @ 7.56507
c bounds 24 >= -15136 @ 7.57025
c bounds 16 >= -15136 @ 7.5756
c bounds 14 >= -15136 @ 7.58177
c bounds -2 >= -15136 @ 7.59024
c bounds -10 >= -15136 @ 7.59678
c bounds -18 >= -15136 @ 7.6
c bounds -20 >= -15136 @ 7.60321
c bounds -24 >= -15136 @ 7.60859
c bounds -32 >= -15136 @ 7.61484
c bounds -48 >= -15136 @ 7.61933
c bounds -52 >= -15136 @ 7.62454
c bounds -60 >= -15136 @ 7.63201
c bounds -68 >= -15136 @ 7.63631
c bounds -76 >= -15136 @ 7.64172
c bounds -84 >= -15136 @ 7.64606
c bounds -88 >= -15136 @ 7.65163
c bounds -90 >= -15136 @ 7.65752
c bounds -106 >= -15136 @ 7.66499
c bounds -110 >= -15136 @ 7.67116
c bounds -126 >= -15136 @ 7.67777
c bounds -134 >= -15136 @ 7.68287
c bounds -142 >= -15136 @ 7.68751
c bounds -144 >= -15136 @ 7.69237
c bounds -148 >= -15136 @ 7.69573
c bounds -156 >= -15136 @ 7.69898
c bounds -164 >= -15136 @ 7.70438
c bounds -172 >= -15136 @ 7.71163
c bounds -176 >= -15136 @ 7.71707
c bounds -184 >= -15136 @ 7.72223
c bounds -192 >= -15136 @ 7.72961
c bounds -196 >= -15136 @ 7.73378
c bounds -200 >= -15136 @ 7.73938
c bounds -202 >= -15136 @ 7.74236
c bounds -210 >= -15136 @ 7.74779
c bounds -211 >= -15136 @ 7.75183
c bounds -213 >= -15136 @ 7.75533
c bounds -215 >= -15136 @ 7.75994
c bounds -217 >= -15136 @ 7.76623
c bounds -225 >= -15136 @ 7.77091
c bounds -233 >= -15136 @ 7.77518
c bounds -237 >= -15136 @ 7.78076
c bounds -241 >= -15136 @ 7.78524
c bounds -245 >= -15136 @ 7.78866
c bounds -253 >= -15136 @ 7.79222
c bounds -261 >= -15136 @ 7.79761
c bounds -263 >= -15136 @ 7.80189
c bounds -264 >= -15136 @ 7.80654
c bounds -266 >= -15136 @ 7.81371
c bounds -270 >= -15136 @ 7.81628
c bounds -278 >= -15136 @ 7.81976
c bounds -280 >= -15136 @ 7.82419
c bounds -288 >= -15136 @ 7.8286
c bounds -290 >= -15136 @ 7.8331
c bounds -294 >= -15136 @ 7.83941
c bounds -298 >= -15136 @ 7.84396
c bounds -300 >= -15136 @ 7.85024
c bounds -308 >= -15136 @ 7.85501
c bounds -310 >= -15136 @ 7.85891
c bounds -314 >= -15136 @ 7.86449
c bounds -322 >= -15136 @ 7.86692
c bounds -330 >= -15136 @ 7.8733
c bounds -338 >= -15136 @ 7.88039
c bounds -342 >= -15136 @ 7.88494
c bounds -346 >= -15136 @ 7.88891
c bounds -348 >= -15136 @ 7.89443
c bounds -350 >= -15136 @ 7.89936
c bounds -351 >= -15136 @ 7.90587
c bounds -352 >= -15136 @ 7.9118
c bounds -360 >= -15136 @ 7.91808
c bounds -364 >= -15136 @ 7.92383
c bounds -366 >= -15136 @ 7.93034
c bounds -368 >= -15136 @ 7.9348
c bounds -372 >= -15136 @ 7.9394
c bounds -376 >= -15136 @ 7.94303
c bounds -384 >= -15136 @ 7.94669
c bounds -386 >= -15136 @ 7.9499
c bounds -387 >= -15136 @ 7.95539
c bounds -391 >= -15136 @ 7.96007
c bounds -393 >= -15136 @ 7.96369
c bounds -394 >= -15136 @ 7.96886
c bounds -396 >= -15136 @ 7.97561
c bounds -398 >= -15136 @ 7.97992
c bounds -402 >= -15136 @ 7.98331
c bounds -410 >= -15136 @ 7.98904
c bounds -411 >= -15136 @ 7.99261
c bounds -427 >= -15136 @ 7.99762
c bounds -429 >= -15136 @ 8.0052
c bounds -437 >= -15136 @ 8.00986
c bounds -441 >= -15136 @ 8.01416
c bounds -445 >= -15136 @ 8.01683
c bounds -453 >= -15136 @ 8.02399
c bounds -461 >= -15136 @ 8.0307
c bounds -463 >= -15136 @ 8.03249
c bounds -467 >= -15136 @ 8.03784
c bounds -471 >= -15136 @ 8.04233
c bounds -479 >= -15136 @ 8.04798
c bounds -487 >= -15136 @ 8.05167
c bounds -495 >= -15136 @ 8.05443
c bounds -503 >= -15136 @ 8.06003
c bounds -507 >= -15136 @ 8.06461
c bounds -509 >= -15136 @ 8.06974
c bounds -511 >= -15136 @ 8.07603
c bounds -519 >= -15136 @ 8.08172
c bounds -521 >= -15136 @ 8.08698
c bounds -525 >= -15136 @ 8.09145
c bounds -533 >= -15136 @ 8.09512
c bounds -535 >= -15136 @ 8.09954
c bounds -539 >= -15136 @ 8.10191
c bounds -547 >= -15136 @ 8.10649
c bounds -549 >= -15136 @ 8.11273
c bounds -557 >= -15136 @ 8.1144
c bounds -565 >= -15136 @ 8.11905
c bounds -569 >= -15136 @ 8.1226
c bounds -573 >= -15136 @ 8.12818
c bounds -577 >= -15136 @ 8.13536
c bounds -579 >= -15136 @ 8.13866
c bounds -587 >= -15136 @ 8.14227
c bounds -588 >= -15136 @ 8.14646
c bounds -590 >= -15136 @ 8.15371
c bounds -598 >= -15136 @ 8.15932
c bounds -599 >= -15136 @ 8.16353
c bounds -601 >= -15136 @ 8.16873
c bounds -603 >= -15136 @ 8.17207
c bounds -611 >= -15136 @ 8.17668
c bounds -615 >= -15136 @ 8.18012
c bounds -619 >= -15136 @ 8.18452
c bounds -627 >= -15136 @ 8.18919
c bounds -629 >= -15136 @ 8.1954
c bounds -637 >= -15136 @ 8.20201
c bounds -641 >= -15136 @ 8.20939
c bounds -649 >= -15136 @ 8.21503
c bounds -650 >= -15136 @ 8.22115
c bounds -658 >= -15136 @ 8.22392
c bounds -660 >= -15136 @ 8.22721
c bounds -664 >= -15136 @ 8.23151
c bounds -668 >= -15136 @ 8.23693
c bounds -670 >= -15136 @ 8.24214
c bounds -672 >= -15136 @ 8.24541
c bounds -674 >= -15136 @ 8.2506
c bounds -682 >= -15136 @ 8.25528
c bounds -690 >= -15136 @ 8.25986
c bounds -706 >= -15136 @ 8.26205
c bounds -710 >= -15136 @ 8.26841
c bounds -714 >= -15136 @ 8.27377
c bounds -715 >= -15136 @ 8.28
c bounds -723 >= -15136 @ 8.28351
c bounds -725 >= -15136 @ 8.28672
c bounds -729 >= -15136 @ 8.29014
c bounds -733 >= -15136 @ 8.29455
c bounds -741 >= -15136 @ 8.29915
c bounds -743 >= -15136 @ 8.30639
c bounds -747 >= -15136 @ 8.31374
c bounds -755 >= -15136 @ 8.31863
c bounds -763 >= -15136 @ 8.32297
c bounds -771 >= -15136 @ 8.32761
c bounds -773 >= -15136 @ 8.33175
c bounds -775 >= -15136 @ 8.33692
c bounds -777 >= -15136 @ 8.3431
c bounds -785 >= -15136 @ 8.34968
c bounds -801 >= -15136 @ 8.35693
c bounds -805 >= -15136 @ 8.35869
c bounds -813 >= -15136 @ 8.36384
c bounds -815 >= -15136 @ 8.36905
c bounds -819 >= -15136 @ 8.37245
c bounds -827 >= -15136 @ 8.37901
c bounds -835 >= -15136 @ 8.38272
c bounds -843 >= -15136 @ 8.38717
c bounds -847 >= -15136 @ 8.39167
c bounds -851 >= -15136 @ 8.39587
c bounds -867 >= -15136 @ 8.40089
c bounds -869 >= -15136 @ 8.40532
c bounds -877 >= -15136 @ 8.40771
c bounds -881 >= -15136 @ 8.41198
c bounds -885 >= -15136 @ 8.41631
c bounds -887 >= -15136 @ 8.42157
c bounds -895 >= -15136 @ 8.42697
c bounds -896 >= -15136 @ 8.43206
c bounds -900 >= -15136 @ 8.43851
c bounds -908 >= -15136 @ 8.44223
c bounds -912 >= -15136 @ 8.44649
c bounds -914 >= -15136 @ 8.45069
c bounds -916 >= -15136 @ 8.45576
c bounds -918 >= -15136 @ 8.46217
c bounds -922 >= -15136 @ 8.46451
c bounds -930 >= -15136 @ 8.47015
c bounds -932 >= -15136 @ 8.47622
c bounds -936 >= -15136 @ 8.48168
c bounds -937 >= -15136 @ 8.48679
c bounds -945 >= -15136 @ 8.49151
c bounds -961 >= -15136 @ 8.49445
c bounds -965 >= -15136 @ 8.50092
c bounds -973 >= -15136 @ 8.50751
c bounds -975 >= -15136 @ 8.51103
c bounds -991 >= -15136 @ 8.51684
c bounds -999 >= -15136 @ 8.52251
c bounds -1003 >= -15136 @ 8.52598
c bounds -1007 >= -15136 @ 8.53331
c bounds -1009 >= -15136 @ 8.53645
c bounds -1011 >= -15136 @ 8.53795
c bounds -1019 >= -15136 @ 8.54236
c bounds -1020 >= -15136 @ 8.54747
c bounds -1022 >= -15136 @ 8.55357
c bounds -1030 >= -15136 @ 8.55921
c bounds -1034 >= -15136 @ 8.56353
c bounds -1038 >= -15136 @ 8.56812
c bounds -1039 >= -15136 @ 8.573
c bounds -1047 >= -15136 @ 8.57685
c bounds -1055 >= -15136 @ 8.58024
c bounds -1057 >= -15136 @ 8.58653
c bounds -1061 >= -15136 @ 8.59286
c bounds -1063 >= -15136 @ 8.59912
c bounds -1065 >= -15136 @ 8.60225
c bounds -1081 >= -15136 @ 8.60537
c bounds -1085 >= -15136 @ 8.61165
c bounds -1093 >= -15136 @ 8.61434
c bounds -1094 >= -15136 @ 8.61737
c bounds -1102 >= -15136 @ 8.62012
c bounds -1106 >= -15136 @ 8.62532
c bounds -1122 >= -15136 @ 8.63066
c bounds -1130 >= -15136 @ 8.63693
c bounds -1134 >= -15136 @ 8.64063
c bounds -1136 >= -15136 @ 8.64364
c bounds -1144 >= -15136 @ 8.64812
c bounds -1148 >= -15136 @ 8.65262
c bounds -1150 >= -15136 @ 8.65685
c bounds -1152 >= -15136 @ 8.65992
c bounds -1160 >= -15136 @ 8.66547
c bounds -1164 >= -15136 @ 8.67087
c bounds -1166 >= -15136 @ 8.67601
c bounds -1168 >= -15136 @ 8.68208
c bounds -1176 >= -15136 @ 8.68783
c bounds -1177 >= -15136 @ 8.69372
c bounds -1181 >= -15136 @ 8.69741
c bounds -1189 >= -15136 @ 8.70368
c bounds -1190 >= -15136 @ 8.70984
c bounds -1194 >= -15136 @ 8.71604
c bounds -1196 >= -15136 @ 8.72042
c bounds -1200 >= -15136 @ 8.72569
c bounds -1204 >= -15136 @ 8.73217
c bounds -1212 >= -15136 @ 8.73676
c bounds -1214 >= -15136 @ 8.74196
c bounds -1216 >= -15136 @ 8.74506
c bounds -1224 >= -15136 @ 8.75075
c bounds -1225 >= -15136 @ 8.7558
c bounds -1241 >= -15136 @ 8.76084
c bounds -1243 >= -15136 @ 8.76329
c bounds -1251 >= -15136 @ 8.76687
c bounds -1255 >= -15136 @ 8.7705
c bounds -1263 >= -15136 @ 8.77503
c bounds -1279 >= -15136 @ 8.78114
c bounds -1283 >= -15136 @ 8.7866
c bounds -1291 >= -15136 @ 8.78846
c bounds -1307 >= -15136 @ 8.7944
c bounds -1311 >= -15136 @ 8.79917
c bounds -1315 >= -15136 @ 8.80529
c bounds -1331 >= -15136 @ 8.80851
c bounds -1339 >= -15136 @ 8.81213
c bounds -1347 >= -15136 @ 8.81572
c bounds -1349 >= -15136 @ 8.8191
c bounds -1351 >= -15136 @ 8.8221
c bounds -1359 >= -15136 @ 8.82658
c bounds -1367 >= -15136 @ 8.82933
c bounds -1371 >= -15136 @ 8.8343
c bounds -1379 >= -15136 @ 8.84004
c bounds -1381 >= -15136 @ 8.84398
c bounds -1385 >= -15136 @ 8.84801
c bounds -1386 >= -15136 @ 8.85271
c bounds -1390 >= -15136 @ 8.85875
c bounds -1391 >= -15136 @ 8.86349
c bounds -1393 >= -15136 @ 8.86533
c bounds -1394 >= -15136 @ 8.87188
c bounds -1396 >= -15136 @ 8.8756
c bounds -1398 >= -15136 @ 8.87936
c bounds -1402 >= -15136 @ 8.88342
c bounds -1406 >= -15136 @ 8.8874
c bounds -1407 >= -15136 @ 8.89201
c bounds -1411 >= -15136 @ 8.89706
c bounds -1415 >= -15136 @ 8.90108
c bounds -1423 >= -15136 @ 8.90546
c bounds -1431 >= -15136 @ 8.90983
c bounds -1433 >= -15136 @ 8.913
c bounds -1441 >= -15136 @ 8.91912
c bounds -1449 >= -15136 @ 8.92341
c bounds -1451 >= -15136 @ 8.92818
c bounds -1459 >= -15136 @ 8.93339
c bounds -1467 >= -15136 @ 8.93773
c bounds -1483 >= -15136 @ 8.94172
c bounds -1499 >= -15136 @ 8.94665
c bounds -1503 >= -15136 @ 8.95237
c bounds -1507 >= -15136 @ 8.95633
c bounds -1515 >= -15136 @ 8.9596
c bounds -1523 >= -15136 @ 8.96299
c bounds -1539 >= -15136 @ 8.96873
c bounds -1555 >= -15136 @ 8.97362
c bounds -1559 >= -15136 @ 8.97955
c bounds -1563 >= -15136 @ 8.98159
c bounds -1571 >= -15136 @ 8.9869
c bounds -1579 >= -15136 @ 8.99203
c bounds -1587 >= -15136 @ 8.99531
c bounds -1595 >= -15136 @ 9.00057
c bounds -1611 >= -15136 @ 9.00552
c bounds -1627 >= -15136 @ 9.00951
c bounds -1635 >= -15136 @ 9.01354
c bounds -1643 >= -15136 @ 9.0198
c bounds -1659 >= -15136 @ 9.0238
c bounds -1663 >= -15136 @ 9.02862
c bounds -1667 >= -15136 @ 9.0316
c bounds -1683 >= -15136 @ 9.03741
c bounds -1691 >= -15136 @ 9.04079
c bounds -1699 >= -15136 @ 9.04593
c bounds -1715 >= -15136 @ 9.05184
c bounds -1731 >= -15136 @ 9.05661
c bounds -1732 >= -15136 @ 9.06019
c bounds -1748 >= -15136 @ 9.06603
c bounds -1752 >= -15136 @ 9.07094
c bounds -1760 >= -15136 @ 9.07513
c bounds -1762 >= -15136 @ 9.07878
c bounds -1778 >= -15136 @ 9.08559
c bounds -1786 >= -15136 @ 9.09088
c bounds -1790 >= -15136 @ 9.0957
c bounds -1792 >= -15136 @ 9.09831
c bounds -1808 >= -15136 @ 9.10222
c bounds -1816 >= -15136 @ 9.10636
c bounds -1824 >= -15136 @ 9.11236
c bounds -1840 >= -15136 @ 9.11699
c bounds -1856 >= -15136 @ 9.12265
c bounds -1860 >= -15136 @ 9.12732
c bounds -1868 >= -15136 @ 9.13131
c bounds -1876 >= -15136 @ 9.13631
c bounds -1880 >= -15136 @ 9.13911
c bounds -1896 >= -15136 @ 9.14361
c bounds -1897 >= -15136 @ 9.14694
c bounds -1905 >= -15136 @ 9.15194
c bounds -1909 >= -15136 @ 9.15661
c bounds -1925 >= -15136 @ 9.16225
c bounds -1927 >= -15136 @ 9.16563
c bounds -1931 >= -15136 @ 9.16831
c bounds -1933 >= -15136 @ 9.17172
c bounds -1941 >= -15136 @ 9.17597
c bounds -1949 >= -15136 @ 9.18169
c bounds -1953 >= -15136 @ 9.18736
c bounds -1957 >= -15136 @ 9.19202
c bounds -1965 >= -15136 @ 9.19617
c bounds -1969 >= -15136 @ 9.20068
c bounds -1971 >= -15136 @ 9.20607
c bounds -1979 >= -15136 @ 9.21306
c bounds -1987 >= -15136 @ 9.21617
c bounds -1995 >= -15136 @ 9.22
c bounds -1997 >= -15136 @ 9.22546
c bounds -2013 >= -15136 @ 9.22998
c bounds -2017 >= -15136 @ 9.23466
c bounds -2033 >= -15136 @ 9.23928
c bounds -2034 >= -15136 @ 9.24279
c bounds -2042 >= -15136 @ 9.24652
c bounds -2050 >= -15136 @ 9.24906
c bounds -2052 >= -15136 @ 9.25337
c bounds -2054 >= -15136 @ 9.25663
c bounds -2058 >= -15136 @ 9.26125
c bounds -2066 >= -15136 @ 9.2652
c bounds -2082 >= -15136 @ 9.26977
c bounds -2084 >= -15136 @ 9.27415
c bounds -2092 >= -15136 @ 9.27902
c bounds -2100 >= -15136 @ 9.28494
c bounds -2104 >= -15136 @ 9.28852
c bounds -2108 >= -15136 @ 9.29113
c bounds -2109 >= -15136 @ 9.2953
c bounds -2113 >= -15136 @ 9.30088
c bounds -2115 >= -15136 @ 9.30615
c bounds -2123 >= -15136 @ 9.30907
c bounds -2127 >= -15136 @ 9.31461
c bounds -2135 >= -15136 @ 9.3215
c bounds -2143 >= -15136 @ 9.32639
c bounds -2145 >= -15136 @ 9.32881
c bounds -2147 >= -15136 @ 9.33093
c bounds -2155 >= -15136 @ 9.33482
c bounds -2159 >= -15136 @ 9.33936
c bounds -2163 >= -15136 @ 9.34395
c bounds -2164 >= -15136 @ 9.34804
c bounds -2166 >= -15136 @ 9.35329
c bounds -2170 >= -15136 @ 9.35781
c bounds -2174 >= -15136 @ 9.36133
c bounds -2176 >= -15136 @ 9.36469
c bounds -2184 >= -15136 @ 9.36761
c bounds -2188 >= -15136 @ 9.37198
c bounds -2196 >= -15136 @ 9.37786
c bounds -2204 >= -15136 @ 9.38177
c bounds -2220 >= -15136 @ 9.38726
c bounds -2222 >= -15136 @ 9.39058
c bounds -2226 >= -15136 @ 9.39294
c bounds -2234 >= -15136 @ 9.39776
c bounds -2236 >= -15136 @ 9.39994
c bounds -2244 >= -15136 @ 9.40575
c bounds -2252 >= -15136 @ 9.40869
c bounds -2254 >= -15136 @ 9.41276
c bounds -2258 >= -15136 @ 9.41488
c bounds -2266 >= -15136 @ 9.41806
c bounds -2270 >= -15136 @ 9.42153
c bounds -2274 >= -15136 @ 9.425
c bounds -2276 >= -15136 @ 9.42914
c bounds -2284 >= -15136 @ 9.4312
c bounds -2285 >= -15136 @ 9.4342
c bounds -2289 >= -15136 @ 9.43946
c bounds -2297 >= -15136 @ 9.44528
c bounds -2313 >= -15136 @ 9.44981
c bounds -2317 >= -15136 @ 9.45524
c bounds -2325 >= -15136 @ 9.45813
c bounds -2329 >= -15136 @ 9.46349
c #Conflicts:     157000 | #Constraints:      54555
c #Conflicts:     158000 | #Constraints:      55555
c #Conflicts:     159000 | #Constraints:      56555
c #Conflicts:     160000 | #Constraints:      57555
c #Conflicts:     161000 | #Constraints:      58555
c #Conflicts:     162000 | #Constraints:      59555
c #Conflicts:     163000 | #Constraints:      60555
c #Conflicts:     164000 | #Constraints:      61555
c #Conflicts:     165000 | #Constraints:      62555
c #Conflicts:     166000 | #Constraints:      63555
c #Conflicts:     167000 | #Constraints:      64555
c #Conflicts:     168000 | #Constraints:      65555
c #Conflicts:     169000 | #Constraints:      66555
c #Conflicts:     170000 | #Constraints:      67555
c #Conflicts:     171000 | #Constraints:      68555
c #Conflicts:     172000 | #Constraints:      69555
c #Conflicts:     173000 | #Constraints:      70555
c #Conflicts:     174000 | #Constraints:      71555
c #Conflicts:     175000 | #Constraints:      72555
c #Conflicts:     176000 | #Constraints:      73555
c #Conflicts:     177000 | #Constraints:      74555
c #Conflicts:     178000 | #Constraints:      75555
c #Conflicts:     179000 | #Constraints:      76555
c #Conflicts:     180000 | #Constraints:      77555
c #Conflicts:     181000 | #Constraints:      78555
c #Conflicts:     182000 | #Constraints:      79555
c INPROCESSING
c GARBAGE COLLECT
c bounds -2345 >= -15136 @ 18.1995
c bounds -2349 >= -15136 @ 18.2021
c bounds -2357 >= -15136 @ 18.2081
c bounds -2365 >= -15136 @ 18.2131
c bounds -2367 >= -15136 @ 18.2175
c bounds -2371 >= -15136 @ 18.223
c bounds -2373 >= -15136 @ 18.2283
c bounds -2375 >= -15136 @ 18.2327
c bounds -2383 >= -15136 @ 18.2367
c bounds -2387 >= -15136 @ 18.2404
c bounds -2395 >= -15136 @ 18.2452
c bounds -2397 >= -15136 @ 18.2496
c bounds -2401 >= -15136 @ 18.2531
c bounds -2402 >= -15136 @ 18.2564
c bounds -2403 >= -15136 @ 18.2615
c bounds -2407 >= -15136 @ 18.2651
c bounds -2411 >= -15136 @ 18.2688
c bounds -2419 >= -15136 @ 18.2727
c bounds -2421 >= -15136 @ 18.2769
c bounds -2423 >= -15136 @ 18.2812
c bounds -2427 >= -15136 @ 18.2847
c bounds -2435 >= -15136 @ 18.2887
c bounds -2437 >= -15136 @ 18.2921
c bounds -2445 >= -15136 @ 18.2979
c bounds -2449 >= -15136 @ 18.3015
c bounds -2453 >= -15136 @ 18.3081
c bounds -2454 >= -15136 @ 18.3132
c bounds -2458 >= -15136 @ 18.3169
c bounds -2460 >= -15136 @ 18.321
c bounds -2468 >= -15136 @ 18.327
c bounds -2469 >= -15136 @ 18.3321
c bounds -2471 >= -15136 @ 18.3383
c bounds -2473 >= -15136 @ 18.3425
c bounds -2481 >= -15136 @ 18.3465
c bounds -2485 >= -15136 @ 18.352
c bounds -2489 >= -15136 @ 18.3565
c bounds -2497 >= -15136 @ 18.3624
c bounds -2501 >= -15136 @ 18.3651
c bounds -2505 >= -15136 @ 18.3705
c bounds -2513 >= -15136 @ 18.3734
c bounds -2529 >= -15136 @ 18.3761
c bounds -2531 >= -15136 @ 18.3793
c bounds -2539 >= -15136 @ 18.3852
c bounds -2541 >= -15136 @ 18.3904
c bounds -2549 >= -15136 @ 18.3952
c bounds -2553 >= -15136 @ 18.4007
c bounds -2557 >= -15136 @ 18.4052
c bounds -2558 >= -15136 @ 18.4083
c bounds -2562 >= -15136 @ 18.4119
c bounds -2570 >= -15136 @ 18.4157
c bounds -2578 >= -15136 @ 18.4226
c bounds -2582 >= -15136 @ 18.427
c bounds -2586 >= -15136 @ 18.4315
c bounds -2588 >= -15136 @ 18.4356
c bounds -2596 >= -15136 @ 18.4395
c bounds -2597 >= -15136 @ 18.4435
c bounds -2599 >= -15136 @ 18.4487
c bounds -2600 >= -15136 @ 18.4527
c bounds -2602 >= -15136 @ 18.4549
c bounds -2606 >= -15136 @ 18.4603
c bounds -2610 >= -15136 @ 18.4657
c bounds -2612 >= -15136 @ 18.4709
c bounds -2620 >= -15136 @ 18.4757
c bounds -2624 >= -15136 @ 18.4801
c bounds -2632 >= -15136 @ 18.486
c bounds -2636 >= -15136 @ 18.4914
c bounds -2644 >= -15136 @ 18.4944
c bounds -2660 >= -15136 @ 18.5009
c bounds -2664 >= -15136 @ 18.5034
c bounds -2672 >= -15136 @ 18.5082
c bounds -2674 >= -15136 @ 18.5123
c bounds -2682 >= -15136 @ 18.5171
c bounds -2686 >= -15136 @ 18.5205
c bounds -2690 >= -15136 @ 18.525
c bounds -2691 >= -15136 @ 18.5279
c bounds -2699 >= -15136 @ 18.5328
c bounds -2703 >= -15136 @ 18.5371
c bounds -2711 >= -15136 @ 18.5429
c bounds -2719 >= -15136 @ 18.5477
c bounds -2727 >= -15136 @ 18.5515
c bounds -2729 >= -15136 @ 18.5546
c bounds -2737 >= -15136 @ 18.5594
c bounds -2745 >= -15136 @ 18.5631
c bounds -2747 >= -15136 @ 18.5682
c bounds -2755 >= -15136 @ 18.5739
c bounds -2757 >= -15136 @ 18.5778
c bounds -2765 >= -15136 @ 18.5846
c bounds -2769 >= -15136 @ 18.5879
c bounds -2771 >= -15136 @ 18.5919
c bounds -2773 >= -15136 @ 18.5959
c bounds -2777 >= -15136 @ 18.5993
c bounds -2785 >= -15136 @ 18.605
c bounds -2787 >= -15136 @ 18.609
c bounds -2791 >= -15136 @ 18.6152
c bounds -2792 >= -15136 @ 18.618
c bounds -2796 >= -15136 @ 18.6213
c bounds -2798 >= -15136 @ 18.6252
c bounds -2800 >= -15136 @ 18.6292
c bounds -2801 >= -15136 @ 18.633
c bounds -2805 >= -15136 @ 18.6363
c bounds -2807 >= -15136 @ 18.6412
c bounds -2809 >= -15136 @ 18.6431
c bounds -2813 >= -15136 @ 18.6484
c bounds -2814 >= -15136 @ 18.6542
c bounds -2822 >= -15136 @ 18.6588
c bounds -2824 >= -15136 @ 18.6638
c bounds -2826 >= -15136 @ 18.6657
c bounds -2830 >= -15136 @ 18.671
c bounds -2838 >= -15136 @ 18.6757
c bounds -2842 >= -15136 @ 18.6799
c bounds -2846 >= -15136 @ 18.6852
c bounds -2850 >= -15136 @ 18.6875
c bounds -2852 >= -15136 @ 18.6933
c bounds -2854 >= -15136 @ 18.6962
c bounds -2858 >= -15136 @ 18.6987
c bounds -2859 >= -15136 @ 18.7003
c bounds -2860 >= -15136 @ 18.7041
c bounds -2862 >= -15136 @ 18.7089
c bounds -2866 >= -15136 @ 18.7132
c bounds -2874 >= -15136 @ 18.7159
c bounds -2882 >= -15136 @ 18.7206
c bounds -2886 >= -15136 @ 18.7258
c bounds -2894 >= -15136 @ 18.7267
c bounds -2898 >= -15136 @ 18.7328
c bounds -2914 >= -15136 @ 18.7353
c bounds -2922 >= -15136 @ 18.7391
c bounds -2926 >= -15136 @ 18.7443
c bounds -2928 >= -15136 @ 18.7491
c bounds -2936 >= -15136 @ 18.7549
c bounds -2938 >= -15136 @ 18.7587
c bounds -2942 >= -15136 @ 18.7619
c bounds -2946 >= -15136 @ 18.7652
c bounds -2954 >= -15136 @ 18.7689
c bounds -2962 >= -15136 @ 18.7725
c bounds -2978 >= -15136 @ 18.779
c bounds -2986 >= -15136 @ 18.7857
c bounds -2990 >= -15136 @ 18.7909
c bounds -2992 >= -15136 @ 18.7947
c bounds -3000 >= -15136 @ 18.7965
c bounds -3004 >= -15136 @ 18.7986
c bounds -3012 >= -15136 @ 18.8024
c bounds -3013 >= -15136 @ 18.807
c bounds -3017 >= -15136 @ 18.8102
c bounds -3021 >= -15136 @ 18.8145
c bounds -3022 >= -15136 @ 18.8171
c bounds -3030 >= -15136 @ 18.8218
c bounds -3034 >= -15136 @ 18.8279
c bounds -3036 >= -15136 @ 18.8308
c bounds -3038 >= -15136 @ 18.8355
c bounds -3046 >= -15136 @ 18.8393
c bounds -3048 >= -15136 @ 18.8428
c bounds -3052 >= -15136 @ 18.8479
c bounds -3054 >= -15136 @ 18.8527
c bounds -3062 >= -15136 @ 18.8572
c bounds -3066 >= -15136 @ 18.8613
c bounds -3068 >= -15136 @ 18.8641
c bounds -3076 >= -15136 @ 18.8696
c bounds -3077 >= -15136 @ 18.8732
c bounds -3081 >= -15136 @ 18.8773
c bounds -3083 >= -15136 @ 18.882
c bounds -3091 >= -15136 @ 18.8865
c bounds -3095 >= -15136 @ 18.8906
c bounds -3103 >= -15136 @ 18.8961
c bounds -3105 >= -15136 @ 18.8998
c bounds -3113 >= -15136 @ 18.9034
c bounds -3121 >= -15136 @ 18.9058
c bounds -3123 >= -15136 @ 18.9115
c bounds -3127 >= -15136 @ 18.9156
c bounds -3135 >= -15136 @ 18.9191
c bounds -3143 >= -15136 @ 18.9256
c bounds -3151 >= -15136 @ 18.9292
c bounds -3155 >= -15136 @ 18.9312
c bounds -3159 >= -15136 @ 18.9362
c bounds -3161 >= -15136 @ 18.94
c bounds -3169 >= -15136 @ 18.9434
c bounds -3170 >= -15136 @ 18.948
c bounds -3174 >= -15136 @ 18.951
c bounds -3178 >= -15136 @ 18.956
c bounds -3180 >= -15136 @ 18.9606
c bounds -3188 >= -15136 @ 18.9642
c bounds -3189 >= -15136 @ 18.9687
c bounds -3191 >= -15136 @ 18.9714
c bounds -3199 >= -15136 @ 18.9768
c bounds -3207 >= -15136 @ 18.9823
c bounds -3211 >= -15136 @ 18.9854
c bounds -3215 >= -15136 @ 18.9904
c bounds -3223 >= -15136 @ 18.9928
c bounds -3225 >= -15136 @ 18.9975
c bounds -3229 >= -15136 @ 18.9995
c bounds -3230 >= -15136 @ 19.0029
c bounds -3232 >= -15136 @ 19.0074
c bounds -3236 >= -15136 @ 19.0125
c bounds -3244 >= -15136 @ 19.0158
c bounds -3245 >= -15136 @ 19.0183
c bounds -3249 >= -15136 @ 19.0233
c bounds -3253 >= -15136 @ 19.0253
c bounds -3261 >= -15136 @ 19.0278
c bounds -3269 >= -15136 @ 19.0312
c bounds -3271 >= -15136 @ 19.0348
c bounds -3279 >= -15136 @ 19.0411
c bounds -3281 >= -15136 @ 19.0437
c bounds -3285 >= -15136 @ 19.0477
c bounds -3301 >= -15136 @ 19.052
c bounds -3309 >= -15136 @ 19.0557
c bounds -3317 >= -15136 @ 19.06
c bounds -3325 >= -15136 @ 19.0654
c bounds -3333 >= -15136 @ 19.0689
c bounds -3337 >= -15136 @ 19.0728
c bounds -3353 >= -15136 @ 19.0772
c bounds -3357 >= -15136 @ 19.0812
c bounds -3361 >= -15136 @ 19.0861
c bounds -3369 >= -15136 @ 19.0905
c bounds -3371 >= -15136 @ 19.096
c bounds -3373 >= -15136 @ 19.0987
c bounds -3377 >= -15136 @ 19.1036
c bounds -3385 >= -15136 @ 19.106
c bounds -3386 >= -15136 @ 19.1095
c bounds -3387 >= -15136 @ 19.1129
c bounds -3395 >= -15136 @ 19.1182
c bounds -3397 >= -15136 @ 19.1218
c bounds -3401 >= -15136 @ 19.1258
c bounds -3405 >= -15136 @ 19.1287
c bounds -3407 >= -15136 @ 19.1322
c bounds -3409 >= -15136 @ 19.1358
c bounds -3417 >= -15136 @ 19.1411
c bounds -3421 >= -15136 @ 19.1461
c bounds -3425 >= -15136 @ 19.15
c bounds -3433 >= -15136 @ 19.1524
c bounds -3435 >= -15136 @ 19.1549
c bounds -3437 >= -15136 @ 19.1574
c bounds -3438 >= -15136 @ 19.1628
c bounds -3446 >= -15136 @ 19.1663
c bounds -3448 >= -15136 @ 19.1707
c bounds -3456 >= -15136 @ 19.1761
c bounds -3460 >= -15136 @ 19.1802
c bounds -3464 >= -15136 @ 19.1839
c bounds -3466 >= -15136 @ 19.1864
c bounds -3482 >= -15136 @ 19.1918
c bounds -3486 >= -15136 @ 19.1967
c bounds -3494 >= -15136 @ 19.2011
c bounds -3496 >= -15136 @ 19.2055
c bounds -3504 >= -15136 @ 19.2109
c bounds -3505 >= -15136 @ 19.2142
c bounds -3513 >= -15136 @ 19.2196
c bounds -3517 >= -15136 @ 19.2225
c bounds -3521 >= -15136 @ 19.2282
c bounds -3525 >= -15136 @ 19.2312
c bounds -3533 >= -15136 @ 19.2363
c bounds -3541 >= -15136 @ 19.2427
c bounds -3549 >= -15136 @ 19.249
c bounds -3550 >= -15136 @ 19.2542
c bounds -3554 >= -15136 @ 19.26
c bounds -3556 >= -15136 @ 19.2624
c bounds -3560 >= -15136 @ 19.2652
c bounds -3564 >= -15136 @ 19.27
c bounds -3572 >= -15136 @ 19.2724
c bounds -3580 >= -15136 @ 19.2769
c bounds -3588 >= -15136 @ 19.2803
c bounds -3590 >= -15136 @ 19.2836
c bounds -3592 >= -15136 @ 19.2871
c bounds -3594 >= -15136 @ 19.2923
c bounds -3595 >= -15136 @ 19.2956
c bounds -3599 >= -15136 @ 19.3003
c bounds -3607 >= -15136 @ 19.3058
c bounds -3615 >= -15136 @ 19.3109
c bounds -3619 >= -15136 @ 19.3147
c bounds -3627 >= -15136 @ 19.32
c bounds -3631 >= -15136 @ 19.3219
c bounds -3633 >= -15136 @ 19.3261
c bounds -3641 >= -15136 @ 19.3294
c bounds -3642 >= -15136 @ 19.3325
c bounds -3646 >= -15136 @ 19.3373
c bounds -3654 >= -15136 @ 19.3415
c bounds -3662 >= -15136 @ 19.3469
c bounds -3666 >= -15136 @ 19.3506
c bounds -3670 >= -15136 @ 19.3534
c bounds -3672 >= -15136 @ 19.3556
c bounds -3680 >= -15136 @ 19.3599
c bounds -3688 >= -15136 @ 19.3622
c bounds -3689 >= -15136 @ 19.3653
c bounds -3693 >= -15136 @ 19.371
c bounds -3697 >= -15136 @ 19.3768
c bounds -3699 >= -15136 @ 19.3801
c bounds -3707 >= -15136 @ 19.3823
c bounds -3709 >= -15136 @ 19.3865
c bounds -3717 >= -15136 @ 19.3898
c bounds -3721 >= -15136 @ 19.3935
c bounds -3725 >= -15136 @ 19.3963
c bounds -3726 >= -15136 @ 19.4003
c bounds -3728 >= -15136 @ 19.4036
c bounds -3736 >= -15136 @ 19.4077
c bounds -3740 >= -15136 @ 19.4115
c bounds -3742 >= -15136 @ 19.4158
c bounds -3750 >= -15136 @ 19.419
c bounds -3754 >= -15136 @ 19.4226
c bounds -3762 >= -15136 @ 19.4268
c bounds -3770 >= -15136 @ 19.432
c bounds -3774 >= -15136 @ 19.4377
c bounds -3782 >= -15136 @ 19.4399
c bounds -3790 >= -15136 @ 19.4441
c bounds -3792 >= -15136 @ 19.4483
c bounds -3793 >= -15136 @ 19.4533
c bounds -3797 >= -15136 @ 19.457
c bounds -3798 >= -15136 @ 19.459
c bounds -3802 >= -15136 @ 19.4617
c bounds -3806 >= -15136 @ 19.4643
c bounds -3808 >= -15136 @ 19.4666
c bounds -3810 >= -15136 @ 19.4697
c bounds -3818 >= -15136 @ 19.4749
c bounds -3822 >= -15136 @ 19.4775
c bounds -3830 >= -15136 @ 19.4817
c bounds -3832 >= -15136 @ 19.4848
c bounds -3836 >= -15136 @ 19.4895
c bounds -3837 >= -15136 @ 19.4934
c bounds -3841 >= -15136 @ 19.497
c bounds -3849 >= -15136 @ 19.5003
c bounds -3851 >= -15136 @ 19.5023
c bounds -3855 >= -15136 @ 19.5079
c bounds -3857 >= -15136 @ 19.51
c bounds -3865 >= -15136 @ 19.5143
c bounds -3873 >= -15136 @ 19.5194
c bounds -3881 >= -15136 @ 19.5235
c bounds -3889 >= -15136 @ 19.5257
c bounds -3893 >= -15136 @ 19.5302
c bounds -3909 >= -15136 @ 19.5335
c bounds -3917 >= -15136 @ 19.5366
c bounds -3921 >= -15136 @ 19.5402
c bounds -3923 >= -15136 @ 19.5452
c bounds -3925 >= -15136 @ 19.5464
c bounds -3929 >= -15136 @ 19.5508
c bounds -3937 >= -15136 @ 19.5531
c bounds -3945 >= -15136 @ 19.558
c bounds -3949 >= -15136 @ 19.5616
c bounds -3951 >= -15136 @ 19.5666
c bounds -3953 >= -15136 @ 19.5696
c bounds -3957 >= -15136 @ 19.5733
c bounds -3961 >= -15136 @ 19.5767
c bounds -3969 >= -15136 @ 19.5798
c bounds -3971 >= -15136 @ 19.581
c bounds -3973 >= -15136 @ 19.5849
c bounds -3974 >= -15136 @ 19.5877
c bounds -3978 >= -15136 @ 19.5932
c bounds -3980 >= -15136 @ 19.5962
c bounds -3981 >= -15136 @ 19.5982
c bounds -3983 >= -15136 @ 19.6022
c bounds -3987 >= -15136 @ 19.6066
c bounds -3995 >= -15136 @ 19.6117
c bounds -3997 >= -15136 @ 19.6147
c bounds -4005 >= -15136 @ 19.6199
c bounds -4009 >= -15136 @ 19.6242
c bounds -4010 >= -15136 @ 19.6261
c bounds -4014 >= -15136 @ 19.6295
c bounds -4016 >= -15136 @ 19.6315
c bounds -4018 >= -15136 @ 19.6355
c bounds -4020 >= -15136 @ 19.6375
c bounds -4022 >= -15136 @ 19.6425
c bounds -4026 >= -15136 @ 19.646
c bounds -4034 >= -15136 @ 19.6491
c bounds -4038 >= -15136 @ 19.6535
c bounds -4040 >= -15136 @ 19.6557
c bounds -4048 >= -15136 @ 19.6605
c bounds -4056 >= -15136 @ 19.6638
c bounds -4060 >= -15136 @ 19.6681
c bounds -4064 >= -15136 @ 19.6715
c bounds -4068 >= -15136 @ 19.675
c bounds -4076 >= -15136 @ 19.68
c bounds -4078 >= -15136 @ 19.685
c bounds -4080 >= -15136 @ 19.689
c bounds -4082 >= -15136 @ 19.693
c bounds -4084 >= -15136 @ 19.6969
c bounds -4092 >= -15136 @ 19.699
c bounds -4093 >= -15136 @ 19.7151
c #Conflicts:     183000 | #Constraints:      56362
c #Conflicts:     184000 | #Constraints:      57362
c bounds -4094 >= -15136 @ 24.7911
c bounds -4094 >= -15120 @ 24.7924
c bounds -4094 >= -15104 @ 24.7933
c bounds -4094 >= -15088 @ 24.7941
c bounds -4094 >= -15072 @ 24.7951
c bounds -4094 >= -15056 @ 24.7959
c bounds -4094 >= -15040 @ 24.7969
c bounds -4094 >= -15024 @ 24.7971
c bounds -4094 >= -15008 @ 24.7972
c bounds -4094 >= -14992 @ 24.798
c bounds -4094 >= -14976 @ 24.7989
c bounds -4094 >= -14960 @ 24.7991
c bounds -4094 >= -14944 @ 24.7991
c bounds -4094 >= -14928 @ 24.7995
c bounds -4094 >= -14912 @ 24.8003
c bounds -4094 >= -14896 @ 24.8012
c bounds -4094 >= -14880 @ 24.802
c bounds -4094 >= -14864 @ 24.8029
c bounds -4094 >= -14848 @ 24.8031
c bounds -4094 >= -14832 @ 24.8031
c bounds -4094 >= -14816 @ 24.8035
c bounds -4094 >= -14800 @ 24.8044
c bounds -4094 >= -14784 @ 24.8052
c bounds -4094 >= -14768 @ 24.8061
c bounds -4094 >= -14752 @ 24.807
c bounds -4094 >= -14736 @ 24.8078
c bounds -4094 >= -14720 @ 24.8087
c bounds -4094 >= -14704 @ 24.8096
c bounds -4094 >= -14688 @ 24.8104
c bounds -4094 >= -14672 @ 24.8114
c bounds -4094 >= -14656 @ 24.8123
c bounds -4094 >= -14640 @ 24.8132
c bounds -4094 >= -14624 @ 24.8141
c bounds -4094 >= -14608 @ 24.815
c bounds -4094 >= -14592 @ 24.8159
c bounds -4094 >= -14576 @ 24.816
c bounds -4094 >= -14560 @ 24.816
c bounds -4094 >= -14544 @ 24.8165
c bounds -4094 >= -14528 @ 24.8173
c bounds -4094 >= -14512 @ 24.8183
c bounds -4094 >= -14496 @ 24.8191
c bounds -4094 >= -14480 @ 24.82
c bounds -4094 >= -14464 @ 24.8209
c bounds -4094 >= -14448 @ 24.821
c bounds -4094 >= -14432 @ 24.821
c bounds -4094 >= -14416 @ 24.822
c bounds -4094 >= -14400 @ 24.8228
c bounds -4094 >= -14384 @ 24.8236
c bounds -4094 >= -14368 @ 24.824
c bounds -4094 >= -14352 @ 24.8244
c bounds -4094 >= -14336 @ 24.8252
c bounds -4094 >= -14320 @ 24.8261
c bounds -4094 >= -14304 @ 24.8269
c bounds -4094 >= -14288 @ 24.8278
c bounds -4094 >= -14272 @ 24.8288
c bounds -4094 >= -14256 @ 24.829
c bounds -4094 >= -14240 @ 24.8297
c bounds -4094 >= -14224 @ 24.8305
c bounds -4094 >= -14208 @ 24.8314
c bounds -4094 >= -14192 @ 24.8322
c bounds -4094 >= -14176 @ 24.8331
c bounds -4094 >= -14160 @ 24.8339
c bounds -4094 >= -14144 @ 24.8348
c bounds -4094 >= -14128 @ 24.8356
c bounds -4094 >= -14112 @ 24.836
c bounds -4094 >= -14096 @ 24.8363
c bounds -4094 >= -14080 @ 24.8372
c bounds -4094 >= -14064 @ 24.8381
c bounds -4094 >= -14048 @ 24.8391
c bounds -4094 >= -14032 @ 24.8399
c bounds -4094 >= -14016 @ 24.8408
c bounds -4094 >= -14000 @ 24.8417
c bounds -4094 >= -13984 @ 24.842
c bounds -4094 >= -13968 @ 24.8424
c bounds -4094 >= -13952 @ 24.8432
c bounds -4094 >= -13936 @ 24.8441
c bounds -4094 >= -13920 @ 24.845
c bounds -4094 >= -13904 @ 24.8459
c bounds -4094 >= -13888 @ 24.8469
c bounds -4094 >= -13872 @ 24.8477
c bounds -4094 >= -13856 @ 24.8486
c bounds -4094 >= -13840 @ 24.8494
c bounds -4094 >= -13824 @ 24.8504
c bounds -4094 >= -13808 @ 24.8513
c bounds -4094 >= -13792 @ 24.8521
c bounds -4094 >= -13776 @ 24.853
c bounds -4094 >= -13760 @ 24.8538
c bounds -4094 >= -13744 @ 24.8547
c bounds -4094 >= -13728 @ 24.8556
c bounds -4094 >= -13712 @ 24.8565
c bounds -4094 >= -13696 @ 24.8569
c bounds -4094 >= -13680 @ 24.8573
c bounds -4094 >= -13664 @ 24.8581
c bounds -4094 >= -13648 @ 24.8589
c bounds -4094 >= -13632 @ 24.8598
c bounds -4094 >= -13616 @ 24.8606
c bounds -4094 >= -13600 @ 24.8609
c bounds -4094 >= -13584 @ 24.8609
c bounds -4094 >= -13568 @ 24.8612
c bounds -4094 >= -13552 @ 24.8622
c bounds -4094 >= -13536 @ 24.8631
c bounds -4094 >= -13520 @ 24.864
c bounds -4094 >= -13504 @ 24.8648
c bounds -4094 >= -13488 @ 24.8657
c bounds -4094 >= -13472 @ 24.8666
c bounds -4094 >= -13456 @ 24.8669
c bounds -4094 >= -13440 @ 24.8674
c bounds -4094 >= -13424 @ 24.8682
c bounds -4094 >= -13408 @ 24.8691
c bounds -4094 >= -13392 @ 24.8699
c bounds -4094 >= -13376 @ 24.8708
c bounds -4094 >= -13360 @ 24.8716
c bounds -4094 >= -13344 @ 24.8725
c bounds -4094 >= -13328 @ 24.8729
c bounds -4094 >= -13312 @ 24.8732
c bounds -4094 >= -13296 @ 24.874
c bounds -4094 >= -13280 @ 24.8749
c bounds -4094 >= -13264 @ 24.8754
c bounds -4094 >= -13248 @ 24.8761
c bounds -4094 >= -13232 @ 24.877
c bounds -4094 >= -13216 @ 24.8779
c bounds -4094 >= -13200 @ 24.8787
c bounds -4094 >= -13184 @ 24.8796
c bounds -4094 >= -13168 @ 24.8804
c bounds -4094 >= -13152 @ 24.8808
c bounds -4094 >= -13136 @ 24.8812
c bounds -4094 >= -13120 @ 24.882
c bounds -4094 >= -13104 @ 24.8829
c bounds -4094 >= -13088 @ 24.8837
c bounds -4094 >= -13072 @ 24.8846
c bounds -4094 >= -13056 @ 24.8848
c bounds -4094 >= -13040 @ 24.8852
c bounds -4094 >= -13024 @ 24.8861
c bounds -4094 >= -13008 @ 24.887
c bounds -4094 >= -12992 @ 24.8878
c bounds -4094 >= -12976 @ 24.8887
c bounds -4094 >= -12960 @ 24.8888
c bounds -4094 >= -12944 @ 24.8895
c bounds -4094 >= -12928 @ 24.8904
c bounds -4094 >= -12912 @ 24.8908
c bounds -4094 >= -12896 @ 24.8911
c bounds -4094 >= -12880 @ 24.892
c bounds -4094 >= -12864 @ 24.8928
c bounds -4094 >= -12848 @ 24.8937
c bounds -4094 >= -12832 @ 24.8938
c bounds -4094 >= -12816 @ 24.8938
c bounds -4094 >= -12800 @ 24.8938
c bounds -4094 >= -12784 @ 24.8941
c bounds -4094 >= -12768 @ 24.895
c bounds -4094 >= -12752 @ 24.8959
c bounds -4094 >= -12736 @ 24.8969
c bounds -4094 >= -12720 @ 24.8977
c bounds -4094 >= -12704 @ 24.8986
c bounds -4094 >= -12688 @ 24.8988
c bounds -4094 >= -12672 @ 24.8994
c bounds -4094 >= -12656 @ 24.8998
c bounds -4094 >= -12640 @ 24.9002
c bounds -4094 >= -12624 @ 24.901
c bounds -4094 >= -12608 @ 24.9019
c bounds -4094 >= -12592 @ 24.9027
c bounds -4094 >= -12576 @ 24.9036
c bounds -4094 >= -12560 @ 24.9044
c bounds -4094 >= -12544 @ 24.9053
c bounds -4094 >= -12528 @ 24.9061
c bounds -4094 >= -12512 @ 24.907
c bounds -4094 >= -12496 @ 24.9078
c bounds -4094 >= -12480 @ 24.9087
c bounds -4094 >= -12464 @ 24.9096
c bounds -4094 >= -12448 @ 24.9097
c bounds -4094 >= -12432 @ 24.9097
c bounds -4094 >= -12416 @ 24.9097
c bounds -4094 >= -12400 @ 24.9101
c bounds -4094 >= -12384 @ 24.9109
c bounds -4094 >= -12368 @ 24.9118
c bounds -4094 >= -12352 @ 24.9127
c bounds -4094 >= -12336 @ 24.9135
c bounds -4094 >= -12320 @ 24.9144
c bounds -4094 >= -12304 @ 24.9159
c bounds -4094 >= -12288 @ 24.9167
c bounds -4094 >= -12272 @ 24.918
c bounds -4094 >= -12256 @ 24.9196
c bounds -4094 >= -12240 @ 24.9201
c bounds -4094 >= -12224 @ 24.9216
c bounds -4094 >= -12208 @ 24.9232
c bounds -4094 >= -12192 @ 24.9237
c bounds -4094 >= -12176 @ 24.9247
c bounds -4094 >= -12160 @ 24.9258
c bounds -4094 >= -12144 @ 24.9273
c bounds -4094 >= -12128 @ 24.9288
c bounds -4094 >= -12112 @ 24.9304
c bounds -4094 >= -12096 @ 24.931
c bounds -4094 >= -12080 @ 24.9321
c bounds -4094 >= -12064 @ 24.9326
c bounds -4094 >= -12048 @ 24.933
c bounds -4094 >= -12032 @ 24.9345
c bounds -4094 >= -12016 @ 24.936
c bounds -4094 >= -12000 @ 24.9366
c bounds -4094 >= -11984 @ 24.9376
c bounds -4094 >= -11968 @ 24.9386
c bounds -4094 >= -11952 @ 24.9396
c bounds -4094 >= -11936 @ 24.9407
c bounds -4094 >= -11920 @ 24.9422
c bounds -4094 >= -11904 @ 24.9429
c bounds -4094 >= -11888 @ 24.9443
c bounds -4094 >= -11872 @ 24.9458
c bounds -4094 >= -11856 @ 24.9474
c bounds -4094 >= -11840 @ 24.9489
c bounds -4094 >= -11824 @ 24.9496
c bounds -4094 >= -11808 @ 24.951
c bounds -4094 >= -11792 @ 24.9525
c bounds -4094 >= -11776 @ 24.954
c bounds -4094 >= -11760 @ 24.9546
c bounds -4094 >= -11744 @ 24.9546
c bounds -4094 >= -11728 @ 24.9548
c bounds -4094 >= -11712 @ 24.9562
c bounds -4094 >= -11696 @ 24.9577
c bounds -4094 >= -11680 @ 24.9586
c bounds -4094 >= -11664 @ 24.9589
c bounds -4094 >= -11648 @ 24.9603
c bounds -4094 >= -11632 @ 24.9609
c bounds -4094 >= -11616 @ 24.9616
c bounds -4094 >= -11600 @ 24.9629
c bounds -4094 >= -11584 @ 24.9645
c bounds -4094 >= -11568 @ 24.966
c bounds -4094 >= -11552 @ 24.9676
c bounds -4094 >= -11536 @ 24.9691
c bounds -4094 >= -11520 @ 24.9706
c bounds -4094 >= -11504 @ 24.9715
c bounds -4094 >= -11488 @ 24.9718
c bounds -4094 >= -11472 @ 24.9732
c bounds -4094 >= -11456 @ 24.9739
c bounds -4094 >= -11440 @ 24.9753
c bounds -4094 >= -11424 @ 24.9758
c bounds -4094 >= -11408 @ 24.9774
c bounds -4094 >= -11392 @ 24.9789
c bounds -4094 >= -11376 @ 24.9804
c bounds -4094 >= -11360 @ 24.982
c bounds -4094 >= -11344 @ 24.9825
c bounds -4094 >= -11328 @ 24.9835
c bounds -4094 >= -11312 @ 24.9837
c bounds -4094 >= -11296 @ 24.9851
c bounds -4094 >= -11280 @ 24.9866
c bounds -4094 >= -11264 @ 24.9875
c bounds -4094 >= -11248 @ 24.9887
c bounds -4094 >= -11232 @ 24.9902
c bounds -4094 >= -11216 @ 24.9908
c bounds -4094 >= -11200 @ 24.9924
c bounds -4094 >= -11184 @ 24.9935
c bounds -4094 >= -11168 @ 24.9945
c bounds -4094 >= -11152 @ 24.9954
c bounds -4094 >= -11136 @ 24.9966
c bounds -4094 >= -11120 @ 24.9974
c bounds -4094 >= -11104 @ 24.9978
c bounds -4094 >= -11088 @ 24.9992
c bounds -4094 >= -11072 @ 25.0007
c bounds -4094 >= -11056 @ 25.0014
c bounds -4094 >= -11040 @ 25.0027
c bounds -4094 >= -11024 @ 25.0042
c bounds -4094 >= -11008 @ 25.0058
c bounds -4094 >= -10992 @ 25.0064
c bounds -4094 >= -10976 @ 25.0064
c bounds -4094 >= -10960 @ 25.0074
c bounds -4094 >= -10944 @ 25.0089
c bounds -4094 >= -10928 @ 25.0094
c bounds -4094 >= -10912 @ 25.0104
c bounds -4094 >= -10896 @ 25.011
c bounds -4094 >= -10880 @ 25.0125
c bounds -4094 >= -10864 @ 25.0134
c bounds -4094 >= -10848 @ 25.0145
c bounds -4094 >= -10832 @ 25.0154
c bounds -4094 >= -10816 @ 25.0166
c bounds -4094 >= -10800 @ 25.0174
c bounds -4094 >= -10784 @ 25.0177
c bounds -4094 >= -10768 @ 25.0192
c bounds -4094 >= -10752 @ 25.0207
c bounds -4094 >= -10736 @ 25.0222
c bounds -4094 >= -10720 @ 25.0228
c bounds -4094 >= -10704 @ 25.0243
c bounds -4094 >= -10688 @ 25.0253
c bounds -4094 >= -10672 @ 25.0254
c bounds -4094 >= -10656 @ 25.0269
c bounds -4094 >= -10640 @ 25.0276
c bounds -4094 >= -10624 @ 25.0283
c bounds -4094 >= -10608 @ 25.0286
c bounds -4094 >= -10592 @ 25.0293
c bounds -4094 >= -10576 @ 25.0297
c bounds -4094 >= -10560 @ 25.0311
c bounds -4094 >= -10544 @ 25.0326
c bounds -4094 >= -10528 @ 25.0341
c bounds -4094 >= -10512 @ 25.0346
c bounds -4094 >= -10496 @ 25.0353
c bounds -4094 >= -10480 @ 25.0357
c bounds -4094 >= -10464 @ 25.0372
c bounds -4094 >= -10448 @ 25.0387
c bounds -4094 >= -10432 @ 25.0402
c bounds -4094 >= -10416 @ 25.0413
c bounds -4094 >= -10400 @ 25.0413
c bounds -4094 >= -10384 @ 25.0423
c bounds -4094 >= -10368 @ 25.0433
c bounds -4094 >= -10352 @ 25.0443
c bounds -4094 >= -10336 @ 25.0445
c bounds -4094 >= -10320 @ 25.0453
c bounds -4094 >= -10304 @ 25.0456
c bounds -4094 >= -10288 @ 25.0463
c bounds -4094 >= -10272 @ 25.0475
c bounds -4094 >= -10256 @ 25.049
c bounds -4094 >= -10240 @ 25.0496
c bounds -4094 >= -10224 @ 25.051
c bounds -4094 >= -10208 @ 25.0516
c bounds -4094 >= -10192 @ 25.0523
c bounds -4094 >= -10176 @ 25.0526
c bounds -4094 >= -10160 @ 25.0533
c bounds -4094 >= -10144 @ 25.0542
c bounds -4094 >= -10128 @ 25.0542
c bounds -4094 >= -10112 @ 25.0557
c bounds -4094 >= -10096 @ 25.0562
c bounds -4094 >= -10080 @ 25.0578
c bounds -4094 >= -10064 @ 25.0593
c bounds -4094 >= -10048 @ 25.0608
c bounds -4094 >= -10032 @ 25.0615
c bounds -4094 >= -10016 @ 25.0622
c bounds -4094 >= -10000 @ 25.0625
c bounds -4094 >= -9984 @ 25.0632
c bounds -4094 >= -9968 @ 25.0644
c bounds -4094 >= -9952 @ 25.0652
c bounds -4094 >= -9936 @ 25.0665
c bounds -4094 >= -9920 @ 25.0672
c bounds -4094 >= -9904 @ 25.0675
c bounds -4094 >= -9888 @ 25.0682
c bounds -4094 >= -9872 @ 25.0686
c bounds -4094 >= -9856 @ 25.0692
c bounds -4094 >= -9840 @ 25.0707
c bounds -4094 >= -9824 @ 25.0722
c bounds -4094 >= -9808 @ 25.0737
c bounds -4094 >= -9792 @ 25.0744
c bounds -4094 >= -9776 @ 25.0752
c bounds -4094 >= -9760 @ 25.0754
c bounds -4094 >= -9744 @ 25.0762
c bounds -4094 >= -9728 @ 25.0765
c bounds -4094 >= -9712 @ 25.0772
c bounds -4094 >= -9696 @ 25.0772
c bounds -4094 >= -9680 @ 25.0775
c bounds -4094 >= -9664 @ 25.0782
c bounds -4094 >= -9648 @ 25.0785
c bounds -4094 >= -9632 @ 25.0792
c bounds -4094 >= -9616 @ 25.0804
c bounds -4094 >= -9600 @ 25.0812
c bounds -4094 >= -9584 @ 25.0825
c bounds -4094 >= -9568 @ 25.084
c bounds -4094 >= -9552 @ 25.0855
c bounds -4094 >= -9536 @ 25.087
c bounds -4094 >= -9520 @ 25.0886
c bounds -4094 >= -9504 @ 25.0891
c #Conflicts:     185000 | #Constraints:      59419
c #Conflicts:     186000 | #Constraints:      60419
c #Conflicts:     187000 | #Constraints:      61419
c #Conflicts:     188000 | #Constraints:      62419
c #Conflicts:     189000 | #Constraints:      63419
c #Conflicts:     190000 | #Constraints:      64419
c #Conflicts:     191000 | #Constraints:      65419
c #Conflicts:     192000 | #Constraints:      66419
c #Conflicts:     193000 | #Constraints:      67419
c #Conflicts:     194000 | #Constraints:      68419
c #Conflicts:     195000 | #Constraints:      69419
c #Conflicts:     196000 | #Constraints:      70419
c #Conflicts:     197000 | #Constraints:      71419
c #Conflicts:     198000 | #Constraints:      72419
c #Conflicts:     199000 | #Constraints:      73419
c #Conflicts:     200000 | #Constraints:      74419
c #Conflicts:     201000 | #Constraints:      75419
c #Conflicts:     202000 | #Constraints:      76419
c #Conflicts:     203000 | #Constraints:      77419
c #Conflicts:     204000 | #Constraints:      78419
c #Conflicts:     205000 | #Constraints:      79419
c #Conflicts:     206000 | #Constraints:      80419
c #Conflicts:     207000 | #Constraints:      81419
c #Conflicts:     208000 | #Constraints:      82419
c #Conflicts:     209000 | #Constraints:      83419
c #Conflicts:     210000 | #Constraints:      84419
c INPROCESSING
c GARBAGE COLLECT
c bounds -4095 >= -9504 @ 383.373
c #Conflicts:     211000 | #Constraints:      57054
c bounds -4097 >= -9504 @ 386.275
c bounds -4098 >= -9504 @ 386.328
c bounds -4099 >= -9504 @ 389.214
c #Conflicts:     212000 | #Constraints:      58057
c #Conflicts:     213000 | #Constraints:      59057
c #Conflicts:     214000 | #Constraints:      60057
c #Conflicts:     215000 | #Constraints:      61057
c bounds -4101 >= -9504 @ 402.864
c #Conflicts:     216000 | #Constraints:      62058
c #Conflicts:     217000 | #Constraints:      63058
c #Conflicts:     218000 | #Constraints:      64058
c #Conflicts:     219000 | #Constraints:      65058
c #Conflicts:     220000 | #Constraints:      66058
c #Conflicts:     221000 | #Constraints:      67058
c #Conflicts:     222000 | #Constraints:      68058
c bounds -4102 >= -9504 @ 433.585
c #Conflicts:     223000 | #Constraints:      69059
c bounds -4103 >= -9504 @ 453.773
c bounds -4105 >= -9504 @ 453.862
c #Conflicts:     224000 | #Constraints:      70061
c #Conflicts:     225000 | #Constraints:      71061
c #Conflicts:     226000 | #Constraints:      72061
c #Conflicts:     227000 | #Constraints:      73061
c #Conflicts:     228000 | #Constraints:      74061
c bounds -4106 >= -9504 @ 547.812
c bounds -4107 >= -9504 @ 551.154
c #Conflicts:     229000 | #Constraints:      75063
c bounds -4109 >= -9504 @ 557.161
c #Conflicts:     230000 | #Constraints:      76064
c #Conflicts:     231000 | #Constraints:      77064
c #Conflicts:     232000 | #Constraints:      78064
c #Conflicts:     233000 | #Constraints:      79064
c #Conflicts:     234000 | #Constraints:      80064
c #Conflicts:     235000 | #Constraints:      81064
c bounds -4110 >= -9504 @ 653.771
c #Conflicts:     236000 | #Constraints:      82065
c bounds -4112 >= -9504 @ 674.833
c #Conflicts:     237000 | #Constraints:      83066
c #Conflicts:     238000 | #Constraints:      84066
c #Conflicts:     239000 | #Constraints:      85066
c bounds -4113 >= -9504 @ 743.224
c bounds -4117 >= -9504 @ 746.153
c #Conflicts:     240000 | #Constraints:      86068
c INPROCESSING
c GARBAGE COLLECT
c bounds -4119 >= -9504 @ 765.02
c bounds -4120 >= -9504 @ 765.091
c #Conflicts:     241000 | #Constraints:      58425
c bounds -4121 >= -9504 @ 770.972
c bounds -4122 >= -9504 @ 771.007
c bounds -4123 >= -9504 @ 772.547
c #Conflicts:     242000 | #Constraints:      59428
c #Conflicts:     243000 | #Constraints:      60428
c #Conflicts:     244000 | #Constraints:      61428
c #Conflicts:     245000 | #Constraints:      62428
c bounds -4124 >= -9504 @ 815.088
c bounds -4125 >= -9504 @ 815.217
c bounds -4127 >= -9504 @ 815.53
c #Conflicts:     246000 | #Constraints:      63431
c #Conflicts:     247000 | #Constraints:      64431
c #Conflicts:     248000 | #Constraints:      65431
c bounds -4128 >= -9504 @ 864.936
c bounds -4128 >= -9454 @ 865.095
c bounds -4128 >= -9444 @ 865.218
c bounds -4128 >= -9434 @ 865.905
c #Conflicts:     249000 | #Constraints:      66452
c bounds -4128 >= -9424 @ 875.38
c #Conflicts:     250000 | #Constraints:      67464
c #Conflicts:     251000 | #Constraints:      68464
c #Conflicts:     252000 | #Constraints:      69464
c #Conflicts:     253000 | #Constraints:      70464
c #Conflicts:     254000 | #Constraints:      71464
c bounds -4128 >= -9414 @ 957.619
c #Conflicts:     255000 | #Constraints:      72479
c bounds -4129 >= -9414 @ 972.744
c #Conflicts:     256000 | #Constraints:      73480
c #Conflicts:     257000 | #Constraints:      74480
c #Conflicts:     258000 | #Constraints:      75480
c bounds -4130 >= -9414 @ 1059.6
c #Conflicts:     259000 | #Constraints:      76481
c #Conflicts:     260000 | #Constraints:      77481
c #Conflicts:     261000 | #Constraints:      78481
c #Conflicts:     262000 | #Constraints:      79481
c #Conflicts:     263000 | #Constraints:      80481
c #Conflicts:     264000 | #Constraints:      81481
c bounds -4130 >= -9404 @ 1164.29
c #Conflicts:     265000 | #Constraints:      82499
c #Conflicts:     266000 | #Constraints:      83499
c #Conflicts:     267000 | #Constraints:      84499
c #Conflicts:     268000 | #Constraints:      85499
c bounds -4131 >= -9404 @ 1310.24
c #Conflicts:     269000 | #Constraints:      86500
c #Conflicts:     270000 | #Constraints:      87500
c #Conflicts:     271000 | #Constraints:      88500
c bounds -4131 >= -9394 @ 1413.68
c #Conflicts:     272000 | #Constraints:      89518
c INPROCESSING
c GARBAGE COLLECT
c #Conflicts:     273000 | #Constraints:      60984
c #Conflicts:     274000 | #Constraints:      61984
c bounds -4131 >= -9384 @ 1427.26
c #Conflicts:     275000 | #Constraints:      63005
c #Conflicts:     276000 | #Constraints:      64005
c #Conflicts:     277000 | #Constraints:      65005
c #Conflicts:     278000 | #Constraints:      66005
c #Conflicts:     279000 | #Constraints:      67005
c #Conflicts:     280000 | #Constraints:      68005
c bounds -4132 >= -9384 @ 1450.74
c #Conflicts:     281000 | #Constraints:      69006
c #Conflicts:     282000 | #Constraints:      70006
c #Conflicts:     283000 | #Constraints:      71006
c #Conflicts:     284000 | #Constraints:      72006
c #Conflicts:     285000 | #Constraints:      73006
c #Conflicts:     286000 | #Constraints:      74006
c #Conflicts:     287000 | #Constraints:      75006
c bounds -4132 >= -9374 @ 1514.89
c #Conflicts:     288000 | #Constraints:      76033
c #Conflicts:     289000 | #Constraints:      77033
c bounds -4133 >= -9374 @ 1542.8
c #Conflicts:     290000 | #Constraints:      78034
c bounds -4134 >= -9374 @ 1548.1
c #Conflicts:     291000 | #Constraints:      79035
c #Conflicts:     292000 | #Constraints:      80035
c #Conflicts:     293000 | #Constraints:      81035
c #Conflicts:     294000 | #Constraints:      82035
c #Conflicts:     295000 | #Constraints:      83035
c #Conflicts:     296000 | #Constraints:      84035
c #Conflicts:     297000 | #Constraints:      85035
c #Conflicts:     298000 | #Constraints:      86035
c #Conflicts:     299000 | #Constraints:      87035
c #Conflicts:     300000 | #Constraints:      88035
c bounds -4134 >= -9364 @ 1702.81
c bounds -4136 >= -9364 @ 1703.23
c #Conflicts:     301000 | #Constraints:      89057
c bounds -4137 >= -9364 @ 1728.01
c bounds -4138 >= -9364 @ 1728.19
c #Conflicts:     302000 | #Constraints:      90059
c bounds -4139 >= -9364 @ 1736
c #Conflicts:     303000 | #Constraints:      91060
c #Conflicts:     304000 | #Constraints:      92060
c #Conflicts:     305000 | #Constraints:      93060
c #Conflicts:     306000 | #Constraints:      94060
c INPROCESSING
c GARBAGE COLLECT
c #Conflicts:     307000 | #Constraints:      64312
c bounds -4141 >= -9364 @ 1827.82
c #Conflicts:     308000 | #Constraints:      65313
c bounds -4142 >= -9364 @ 1832.75
c #Conflicts:     309000 | #Constraints:      66314
c #Conflicts:     310000 | #Constraints:      67314
c #Conflicts:     311000 | #Constraints:      68314
c #Conflicts:     312000 | #Constraints:      69314
c #Conflicts:     313000 | #Constraints:      70314
c #Conflicts:     314000 | #Constraints:      71314
c bounds -4143 >= -9364 @ 1907.22
c #Conflicts:     315000 | #Constraints:      72315
c #Conflicts:     316000 | #Constraints:      73315
c #Conflicts:     317000 | #Constraints:      74315
c #Conflicts:     318000 | #Constraints:      75315
c #Conflicts:     319000 | #Constraints:      76315
c #Conflicts:     320000 | #Constraints:      77315
c #Conflicts:     321000 | #Constraints:      78315
c #Conflicts:     322000 | #Constraints:      79315
c #Conflicts:     323000 | #Constraints:      80315
c #Conflicts:     324000 | #Constraints:      81315
c #Conflicts:     325000 | #Constraints:      82315
c #Conflicts:     326000 | #Constraints:      83315
c #Conflicts:     327000 | #Constraints:      84315
c #Conflicts:     328000 | #Constraints:      85315
c #Conflicts:     329000 | #Constraints:      86315
c #Conflicts:     330000 | #Constraints:      87315
c #Conflicts:     331000 | #Constraints:      88315
c #Conflicts:     332000 | #Constraints:      89315
c #Conflicts:     333000 | #Constraints:      90315
c #Conflicts:     334000 | #Constraints:      91315
c #Conflicts:     335000 | #Constraints:      92315
c #Conflicts:     336000 | #Constraints:      93315
c #Conflicts:     337000 | #Constraints:      94315
c #Conflicts:     338000 | #Constraints:      95315
c #Conflicts:     339000 | #Constraints:      96315
c #Conflicts:     340000 | #Constraints:      97315
c #Conflicts:     341000 | #Constraints:      98315
c #Conflicts:     342000 | #Constraints:      99315
c INPROCESSING
c GARBAGE COLLECT
c #Conflicts:     343000 | #Constraints:      65235
c #Conflicts:     344000 | #Constraints:      66235
c #Conflicts:     345000 | #Constraints:      67235
c #Conflicts:     346000 | #Constraints:      68235
c #Conflicts:     347000 | #Constraints:      69235
c #Conflicts:     348000 | #Constraints:      70235
c #Conflicts:     349000 | #Constraints:      71235
c #Conflicts:     350000 | #Constraints:      72235
c #Conflicts:     351000 | #Constraints:      73235
c #Conflicts:     352000 | #Constraints:      74235
c #Conflicts:     353000 | #Constraints:      75235
c #Conflicts:     354000 | #Constraints:      76235
c #Conflicts:     355000 | #Constraints:      77235
c #Conflicts:     356000 | #Constraints:      78235
c #Conflicts:     357000 | #Constraints:      79235
c #Conflicts:     358000 | #Constraints:      80235
c #Conflicts:     359000 | #Constraints:      81235
c #Conflicts:     360000 | #Constraints:      82235
c #Conflicts:     361000 | #Constraints:      83235
c #Conflicts:     362000 | #Constraints:      84235
c #Conflicts:     363000 | #Constraints:      85235
c #Conflicts:     364000 | #Constraints:      86235
c #Conflicts:     365000 | #Constraints:      87235
c #Conflicts:     366000 | #Constraints:      88235
c #Conflicts:     367000 | #Constraints:      89235
c #Conflicts:     368000 | #Constraints:      90235
c #Conflicts:     369000 | #Constraints:      91235
c #Conflicts:     370000 | #Constraints:      92235
c #Conflicts:     371000 | #Constraints:      93235
c #Conflicts:     372000 | #Constraints:      94235
c #Conflicts:     373000 | #Constraints:      95235
c #Conflicts:     374000 | #Constraints:      96235
c #Conflicts:     375000 | #Constraints:      97235
c #Conflicts:     376000 | #Constraints:      98235
c #Conflicts:     377000 | #Constraints:      99235
c #Conflicts:     378000 | #Constraints:     100235
c #Conflicts:     379000 | #Constraints:     101235
c #Conflicts:     380000 | #Constraints:     102235
c INPROCESSING
c GARBAGE COLLECT
c #Conflicts:     381000 | #Constraints:      66716
c #Conflicts:     382000 | #Constraints:      67716
c #Conflicts:     383000 | #Constraints:      68716
c #Conflicts:     384000 | #Constraints:      69716
c #Conflicts:     385000 | #Constraints:      70716
c #Conflicts:     386000 | #Constraints:      71716
c #Conflicts:     387000 | #Constraints:      72716
c #Conflicts:     388000 | #Constraints:      73716
c #Conflicts:     389000 | #Constraints:      74716
c #Conflicts:     390000 | #Constraints:      75716
c #Conflicts:     391000 | #Constraints:      76716
c #Conflicts:     392000 | #Constraints:      77716
c #Conflicts:     393000 | #Constraints:      78716
c #Conflicts:     394000 | #Constraints:      79716
c #Conflicts:     395000 | #Constraints:      80716
c #Conflicts:     396000 | #Constraints:      81716
c #Conflicts:     397000 | #Constraints:      82716
c bounds -4143 >= -9354 @ 7095.94
c #Conflicts:     398000 | #Constraints:      83743
c #Conflicts:     399000 | #Constraints:      84743
c #Conflicts:     400000 | #Constraints:      85743
c #Conflicts:     401000 | #Constraints:      86743
c #Conflicts:     402000 | #Constraints:      87743
c #Conflicts:     403000 | #Constraints:      88743
c #Conflicts:     404000 | #Constraints:      89743
c #Conflicts:     405000 | #Constraints:      90743
c #Conflicts:     406000 | #Constraints:      91743
c #Conflicts:     407000 | #Constraints:      92743
c #Conflicts:     408000 | #Constraints:      93743
c #Conflicts:     409000 | #Constraints:      94743
c #Conflicts:     410000 | #Constraints:      95743
c #Conflicts:     411000 | #Constraints:      96743
c #Conflicts:     412000 | #Constraints:      97743
c #Conflicts:     413000 | #Constraints:      98743
c #Conflicts:     414000 | #Constraints:      99743
c #Conflicts:     415000 | #Constraints:     100743
c #Conflicts:     416000 | #Constraints:     101743
c #Conflicts:     417000 | #Constraints:     102743
c #Conflicts:     418000 | #Constraints:     103743
c #Conflicts:     419000 | #Constraints:     104743
c #Conflicts:     420000 | #Constraints:     1057