c RoundingSat 2
c branch 
c commit 
c #variables 3510 #constraints 6741
c bounds - >= -13500 @ 0.033631
c bounds 0 >= -13500 @ 0.036484
c bounds 0 >= -13436 @ 0.037106
c bounds 0 >= -13372 @ 0.037322
c bounds 0 >= -13308 @ 0.037533
c bounds 0 >= -13244 @ 0.037741
c bounds 0 >= -13180 @ 0.037952
c bounds 0 >= -13116 @ 0.038162
c bounds 0 >= -13052 @ 0.038371
c bounds 0 >= -12988 @ 0.038577
c bounds 0 >= -12924 @ 0.038786
c bounds 0 >= -12860 @ 0.038995
c bounds 0 >= -12796 @ 0.039034
c bounds 0 >= -12732 @ 0.039034
c bounds 0 >= -12668 @ 0.039034
c bounds 0 >= -12604 @ 0.039034
c bounds 0 >= -12540 @ 0.039034
c bounds 0 >= -12476 @ 0.039242
c bounds 0 >= -12412 @ 0.039448
c bounds 0 >= -12348 @ 0.039656
c bounds 0 >= -12284 @ 0.039863
c bounds 0 >= -12220 @ 0.040068
c bounds 0 >= -12156 @ 0.040274
c bounds 0 >= -12092 @ 0.04048
c bounds 0 >= -12028 @ 0.040687
c bounds 0 >= -11964 @ 0.040892
c bounds 0 >= -11900 @ 0.041101
c bounds 0 >= -11836 @ 0.041305
c bounds 0 >= -11772 @ 0.041517
c bounds 0 >= -11708 @ 0.041725
c bounds 0 >= -11644 @ 0.041929
c bounds 0 >= -11580 @ 0.042138
c bounds 0 >= -11516 @ 0.042343
c bounds 0 >= -11452 @ 0.042548
c bounds 0 >= -11388 @ 0.042751
c bounds 0 >= -11324 @ 0.042957
c bounds 0 >= -11260 @ 0.043163
c bounds 0 >= -11196 @ 0.043371
c bounds 0 >= -11132 @ 0.043577
c bounds 0 >= -11068 @ 0.043779
c bounds 0 >= -11004 @ 0.043985
c bounds 0 >= -10940 @ 0.04419
c bounds 0 >= -10876 @ 0.044396
c bounds 0 >= -10812 @ 0.044599
c bounds 0 >= -10748 @ 0.044809
c bounds 0 >= -10684 @ 0.045012
c bounds 0 >= -10620 @ 0.045222
c bounds 0 >= -10556 @ 0.045427
c bounds 0 >= -10492 @ 0.045631
c bounds 0 >= -10428 @ 0.045836
c bounds 0 >= -10364 @ 0.045875
c bounds 0 >= -10300 @ 0.045875
c bounds 0 >= -10236 @ 0.045875
c bounds 0 >= -10172 @ 0.045875
c bounds 0 >= -10108 @ 0.045893
c bounds 0 >= -10044 @ 0.04609
c bounds 0 >= -9980 @ 0.046296
c bounds 0 >= -9916 @ 0.046499
c bounds 0 >= -9852 @ 0.046701
c bounds 0 >= -9788 @ 0.046901
c bounds 0 >= -9724 @ 0.047103
c bounds 0 >= -9660 @ 0.047305
c bounds 0 >= -9596 @ 0.047509
c bounds 0 >= -9532 @ 0.047713
c bounds 0 >= -9468 @ 0.047921
c bounds 0 >= -9404 @ 0.048121
c bounds 0 >= -9340 @ 0.048319
c bounds 0 >= -9276 @ 0.048521
c bounds 0 >= -9212 @ 0.048718
c bounds 0 >= -9148 @ 0.04892
c bounds 0 >= -9084 @ 0.04912
c bounds 0 >= -9020 @ 0.049326
c bounds 0 >= -8956 @ 0.049527
c bounds 0 >= -8892 @ 0.04973
c bounds 0 >= -8828 @ 0.049931
c bounds 0 >= -8764 @ 0.05013
c bounds 0 >= -8700 @ 0.050332
c bounds 0 >= -8636 @ 0.050529
c bounds 0 >= -8572 @ 0.050731
c bounds 0 >= -8508 @ 0.050928
c bounds 0 >= -8444 @ 0.051134
c bounds 0 >= -8380 @ 0.051337
c bounds 0 >= -8316 @ 0.051538
c bounds 0 >= -8252 @ 0.05174
c bounds 0 >= -8188 @ 0.051937
c bounds 0 >= -8124 @ 0.052137
c bounds 0 >= -8060 @ 0.052335
c bounds 0 >= -7996 @ 0.052534
c bounds 0 >= -7932 @ 0.052732
c bounds -9 >= -7932 @ 0.055605
c bounds -9 >= -7868 @ 0.05587
c bounds -9 >= -7804 @ 0.056079
c bounds -9 >= -7740 @ 0.056287
c bounds -18 >= -7740 @ 0.061411
c bounds -27 >= -7740 @ 0.063947
c bounds -894 >= -7740 @ 0.095295
c bounds -902 >= -7740 @ 0.097386
c bounds -906 >= -7740 @ 0.100995
c bounds -914 >= -7740 @ 0.103754
c bounds -922 >= -7740 @ 0.104806
c bounds -926 >= -7740 @ 0.108262
c bounds -934 >= -7740 @ 0.111943
c bounds -935 >= -7740 @ 0.11472
c bounds -943 >= -7740 @ 0.117422
c bounds -947 >= -7740 @ 0.121152
c bounds -955 >= -7740 @ 0.123968
c bounds -959 >= -7740 @ 0.128399
c bounds -963 >= -7740 @ 0.131081
c bounds -964 >= -7740 @ 0.133953
c bounds -972 >= -7740 @ 0.13748
c bounds -976 >= -7740 @ 0.141038
c bounds -984 >= -7740 @ 0.143679
c bounds -992 >= -7740 @ 0.146237
c bounds -996 >= -7740 @ 0.148252
c bounds -1004 >= -7740 @ 0.150957
c bounds -1005 >= -7740 @ 0.153647
c bounds -1013 >= -7740 @ 0.156966
c bounds -1017 >= -7740 @ 0.16043
c bounds -1021 >= -7740 @ 0.1641
c bounds -1025 >= -7740 @ 0.165609
c #Conflicts:       1000 | #Constraints:       8039
c #Conflicts:       2000 | #Constraints:       9039
c INPROCESSING
c GARBAGE COLLECT
c bounds -1033 >= -7740 @ 0.430808
c bounds -1035 >= -7740 @ 0.43255
c bounds -1037 >= -7740 @ 0.434136
c bounds -1038 >= -7740 @ 0.436759
c bounds -1042 >= -7740 @ 0.439489
c bounds -1046 >= -7740 @ 0.443244
c bounds -1050 >= -7740 @ 0.447961
c bounds -1051 >= -7740 @ 0.45071
c bounds -1052 >= -7740 @ 0.451481
c bounds -1056 >= -7740 @ 0.452688
c bounds -1060 >= -7740 @ 0.457131
c bounds -1062 >= -7740 @ 0.461469
c bounds -1064 >= -7740 @ 0.463965
c bounds -1066 >= -7740 @ 0.465434
c bounds -1074 >= -7740 @ 0.468797
c bounds -1078 >= -7740 @ 0.472406
c bounds -1086 >= -7740 @ 0.474964
c bounds -1088 >= -7740 @ 0.47639
c bounds -1092 >= -7740 @ 0.478873
c bounds -1096 >= -7740 @ 0.482153
c bounds -1098 >= -7740 @ 0.485534
c bounds -1099 >= -7740 @ 0.489609
c bounds -1100 >= -7740 @ 0.492779
c bounds -1108 >= -7740 @ 0.49351
c bounds -1116 >= -7740 @ 0.497983
c bounds -1124 >= -7740 @ 0.500546
c bounds -1128 >= -7740 @ 0.503958
c bounds -1132 >= -7740 @ 0.50746
c bounds -1140 >= -7740 @ 0.509967
c bounds -1142 >= -7740 @ 0.511157
c bounds -1144 >= -7740 @ 0.513472
c bounds -1148 >= -7740 @ 0.517819
c bounds -1152 >= -7740 @ 0.519682
c bounds -1160 >= -7740 @ 0.521192
c bounds -1162 >= -7740 @ 0.522391
c bounds -1170 >= -7740 @ 0.526849
c bounds -1178 >= -7740 @ 0.52938
c bounds -1182 >= -7740 @ 0.531701
c bounds -1190 >= -7740 @ 0.533356
c bounds -1191 >= -7740 @ 0.537134
c bounds -1193 >= -7740 @ 0.537343
c bounds -1195 >= -7740 @ 0.539338
c bounds -1203 >= -7740 @ 0.543752
c bounds -1207 >= -7740 @ 0.546022
c bounds -1215 >= -7740 @ 0.549519
c bounds -1216 >= -7740 @ 0.551484
c bounds -1224 >= -7740 @ 0.554942
c bounds -1228 >= -7740 @ 0.559197
c bounds -1236 >= -7740 @ 0.562043
c bounds -1244 >= -7740 @ 0.565245
c bounds -1246 >= -7740 @ 0.568169
c bounds -1254 >= -7740 @ 0.570017
c bounds -1258 >= -7740 @ 0.572826
c bounds -1262 >= -7740 @ 0.575208
c bounds -1266 >= -7740 @ 0.578192
c bounds -1268 >= -7740 @ 0.580193
c bounds -1269 >= -7740 @ 0.581182
c bounds -1277 >= -7740 @ 0.584438
c bounds -1285 >= -7740 @ 0.585963
c bounds -1293 >= -7740 @ 0.587437
c bounds -1301 >= -7740 @ 0.590945
c bounds -1305 >= -7740 @ 0.591941
c bounds -1321 >= -7740 @ 0.596578
c bounds -1337 >= -7740 @ 0.598513
c bounds -1353 >= -7740 @ 0.601907
c bounds -1369 >= -7740 @ 0.606657
c bounds -1385 >= -7740 @ 0.609537
c bounds -1389 >= -7740 @ 0.612473
c bounds -1405 >= -7740 @ 0.616332
c bounds -1421 >= -7740 @ 0.621114
c bounds -1425 >= -7740 @ 0.624112
c bounds -1441 >= -7740 @ 0.62793
c bounds -1457 >= -7740 @ 0.631742
c bounds -1473 >= -7740 @ 0.634606
c bounds -1489 >= -7740 @ 0.637738
c bounds -1505 >= -7740 @ 0.642249
c bounds -1521 >= -7740 @ 0.646019
c bounds -1525 >= -7740 @ 0.648969
c bounds -1541 >= -7740 @ 0.65273
c bounds -1557 >= -7740 @ 0.656581
c bounds -1573 >= -7740 @ 0.659353
c bounds -1589 >= -7740 @ 0.661213
c bounds -1605 >= -7740 @ 0.663145
c bounds -1609 >= -7740 @ 0.665943
c bounds -1625 >= -7740 @ 0.668638
c bounds -1641 >= -7740 @ 0.671628
c bounds -1657 >= -7740 @ 0.674897
c bounds -1673 >= -7740 @ 0.67845
c bounds -1677 >= -7740 @ 0.681596
c bounds -1693 >= -7740 @ 0.683603
c bounds -1709 >= -7740 @ 0.686177
c bounds -1725 >= -7740 @ 0.688678
c bounds -1741 >= -7740 @ 0.693236
c bounds -1757 >= -7740 @ 0.695768
c bounds -1761 >= -7740 @ 0.698305
c bounds -1777 >= -7740 @ 0.700641
c bounds -1793 >= -7740 @ 0.703525
c bounds -1809 >= -7740 @ 0.706514
c bounds -1825 >= -7740 @ 0.708006
c bounds -1841 >= -7740 @ 0.709132
c bounds -1857 >= -7740 @ 0.713474
c bounds -1873 >= -7740 @ 0.716856
c bounds -1889 >= -7740 @ 0.719456
c bounds -1905 >= -7740 @ 0.723428
c bounds -1921 >= -7740 @ 0.725643
c bounds -1937 >= -7740 @ 0.728957
c bounds -1953 >= -7740 @ 0.731232
c bounds -1957 >= -7740 @ 0.733617
c bounds -1973 >= -7740 @ 0.736654
c bounds -1989 >= -7740 @ 0.738921
c bounds -2005 >= -7740 @ 0.74197
c bounds -2021 >= -7740 @ 0.745316
c bounds -2037 >= -7740 @ 0.748187
c bounds -2041 >= -7740 @ 0.749386
c bounds -2057 >= -7740 @ 0.75344
c bounds -2073 >= -7740 @ 0.756485
c bounds -2089 >= -7740 @ 0.758709
c bounds -2105 >= -7740 @ 0.76049
c bounds -2109 >= -7740 @ 0.76262
c bounds -2110 >= -7740 @ 0.76825
c bounds -2112 >= -7740 @ 0.774307
c bounds -2113 >= -7740 @ 0.792354
c bounds -2114 >= -7740 @ 0.79813
c bounds -2115 >= -7740 @ 0.806017
c bounds -2116 >= -7740 @ 0.814065
c bounds -2118 >= -7740 @ 0.873571
c bounds -2119 >= -7740 @ 0.876761
c bounds -2121 >= -7740 @ 0.883304
c bounds -2123 >= -7740 @ 0.892986
c bounds -2124 >= -7740 @ 0.905784
c bounds -2125 >= -7740 @ 0.91192
c bounds -2126 >= -7740 @ 0.918976
c bounds -2128 >= -7740 @ 0.919875
c bounds -2129 >= -7740 @ 0.93064
c bounds -2131 >= -7740 @ 0.939931
c bounds -2132 >= -7740 @ 0.94361
c bounds -2134 >= -7740 @ 0.975039
c bounds -2134 >= -7724 @ 0.975531
c bounds -2134 >= -7708 @ 0.975973
c bounds -2134 >= -7692 @ 0.976387
c bounds -2134 >= -7676 @ 0.976812
c bounds -2134 >= -7660 @ 0.977237
c bounds -2134 >= -7644 @ 0.977657
c bounds -2134 >= -7628 @ 0.978077
c bounds -2134 >= -7612 @ 0.978316
c bounds -2134 >= -7596 @ 0.978316
c bounds -2134 >= -7580 @ 0.978661
c bounds -2134 >= -7564 @ 0.979085
c bounds -2134 >= -7548 @ 0.979511
c bounds -2134 >= -7532 @ 0.979934
c bounds -2134 >= -7516 @ 0.980358
c bounds -2134 >= -7500 @ 0.980788
c bounds -2134 >= -7484 @ 0.981205
c bounds -2134 >= -7468 @ 0.981381
c bounds -2134 >= -7452 @ 0.981381
c bounds -2134 >= -7436 @ 0.981555
c bounds -2134 >= -7420 @ 0.981988
c bounds -2134 >= -7404 @ 0.982359
c bounds -2134 >= -7388 @ 0.982795
c bounds -2134 >= -7372 @ 0.983228
c bounds -2134 >= -7356 @ 0.983372
c bounds -2134 >= -7340 @ 0.983372
c bounds -2134 >= -7324 @ 0.983548
c bounds -2134 >= -7308 @ 0.983979
c bounds -2134 >= -7292 @ 0.984383
c bounds -2134 >= -7276 @ 0.984822
c bounds -2134 >= -7260 @ 0.985253
c bounds -2134 >= -7244 @ 0.985685
c bounds -2134 >= -7228 @ 0.986122
c bounds -2134 >= -7212 @ 0.986553
c bounds -2134 >= -7196 @ 0.986985
c bounds -2134 >= -7180 @ 0.987415
c bounds -2134 >= -7164 @ 0.987846
c bounds -2134 >= -7148 @ 0.988275
c bounds -2134 >= -7132 @ 0.988736
c bounds -2134 >= -7116 @ 0.989168
c bounds -2134 >= -7100 @ 0.989601
c bounds -2134 >= -7084 @ 0.990032
c bounds -2134 >= -7068 @ 0.990465
c bounds -2134 >= -7052 @ 0.990898
c bounds -2134 >= -7036 @ 0.991346
c bounds -2134 >= -7020 @ 0.991776
c bounds -2134 >= -7004 @ 0.992205
c bounds -2134 >= -6988 @ 0.992651
c bounds -2134 >= -6972 @ 0.99308
c bounds -2134 >= -6956 @ 0.993335
c bounds -2134 >= -6940 @ 0.993335
c bounds -2134 >= -6924 @ 0.993515
c bounds -2134 >= -6908 @ 0.993941
c bounds -2134 >= -6892 @ 0.994273
c bounds -2134 >= -6876 @ 0.99433
c bounds -2134 >= -6860 @ 0.99433
c bounds -2134 >= -6844 @ 0.994571
c bounds -2134 >= -6828 @ 0.994999
c bounds -2134 >= -6812 @ 0.995434
c bounds -2134 >= -6796 @ 0.995864
c bounds -2134 >= -6780 @ 0.996302
c bounds -2134 >= -6764 @ 0.996735
c bounds -2134 >= -6748 @ 0.997162
c bounds -2134 >= -6732 @ 0.997595
c bounds -2134 >= -6716 @ 0.99803
c bounds -2134 >= -6700 @ 0.998465
c bounds -2134 >= -6684 @ 0.998893
c bounds -2134 >= -6668 @ 0.999327
c bounds -2134 >= -6652 @ 0.999758
c bounds -2134 >= -6636 @ 1.00019
c bounds -2134 >= -6620 @ 1.00062
c bounds -2134 >= -6604 @ 1.00105
c bounds -2134 >= -6588 @ 1.00148
c bounds -2134 >= -6572 @ 1.00191
c bounds -2134 >= -6556 @ 1.00235
c bounds -2134 >= -6540 @ 1.00278
c bounds -2134 >= -6524 @ 1.00321
c bounds -2134 >= -6508 @ 1.00364
c bounds -2134 >= -6492 @ 1.00407
c bounds -2134 >= -6476 @ 1.00429
c bounds -2134 >= -6460 @ 1.00429
c bounds -2134 >= -6444 @ 1.00447
c bounds -2134 >= -6428 @ 1.00491
c bounds -2134 >= -6412 @ 1.00524
c bounds -2134 >= -6396 @ 1.00566
c bounds -2134 >= -6380 @ 1.00609
c bounds -2134 >= -6364 @ 1.00629
c bounds -2134 >= -6348 @ 1.00629
c bounds -2134 >= -6332 @ 1.00646
c bounds -2134 >= -6316 @ 1.00689
c bounds -2134 >= -6300 @ 1.00726
c bounds -2134 >= -6284 @ 1.00803
c bounds -2134 >= -6268 @ 1.00827
c bounds -2134 >= -6252 @ 1.00828
c bounds -2134 >= -6236 @ 1.00846
c bounds -2134 >= -6220 @ 1.00914
c bounds -2134 >= -6204 @ 1.00987
c bounds -2134 >= -6188 @ 1.01064
c bounds -2134 >= -6172 @ 1.01141
c bounds -2134 >= -6156 @ 1.01218
c bounds -2134 >= -6140 @ 1.01226
c bounds -2134 >= -6124 @ 1.01226
c bounds -2134 >= -6108 @ 1.01226
c bounds -2134 >= -6092 @ 1.01226
c bounds -2134 >= -6076 @ 1.01226
c bounds -2134 >= -6060 @ 1.01282
c bounds -2134 >= -6044 @ 1.01359
c bounds -2134 >= -6028 @ 1.01436
c bounds -2134 >= -6012 @ 1.01513
c bounds -2134 >= -5996 @ 1.01525
c bounds -2134 >= -5980 @ 1.01567
c bounds -2134 >= -5964 @ 1.01645
c bounds -2134 >= -5948 @ 1.01722
c bounds -2134 >= -5932 @ 1.01798
c bounds -2134 >= -5916 @ 1.01874
c bounds -2134 >= -5900 @ 1.01951
c bounds -2134 >= -5884 @ 1.02009
c bounds -2134 >= -5868 @ 1.0201
c bounds -2134 >= -5852 @ 1.02023
c bounds -2134 >= -5836 @ 1.02023
c bounds -2134 >= -5820 @ 1.02041
c bounds -2134 >= -5804 @ 1.02113
c bounds -2134 >= -5788 @ 1.02123
c bounds -2134 >= -5772 @ 1.02163
c bounds -2134 >= -5756 @ 1.0224
c bounds -2134 >= -5740 @ 1.02316
c bounds -2134 >= -5724 @ 1.02392
c bounds -2134 >= -5708 @ 1.02422
c bounds -2134 >= -5692 @ 1.02422
c bounds -2134 >= -5676 @ 1.02422
c bounds -2134 >= -5660 @ 1.02498
c bounds -2134 >= -5644 @ 1.02521
c bounds -2134 >= -5628 @ 1.02521
c bounds -2134 >= -5612 @ 1.02539
c bounds -2134 >= -5596 @ 1.02608
c bounds -2134 >= -5580 @ 1.02621
c bounds -2134 >= -5564 @ 1.02621
c bounds -2134 >= -5548 @ 1.02639
c bounds -2134 >= -5532 @ 1.02712
c bounds -2134 >= -5516 @ 1.0272
c bounds -2134 >= -5500 @ 1.0272
c bounds -2134 >= -5484 @ 1.0274
c bounds -2134 >= -5468 @ 1.02815
c bounds -2134 >= -5452 @ 1.0282
c bounds -2134 >= -5436 @ 1.0282
c bounds -2134 >= -5420 @ 1.0282
c bounds -2134 >= -5404 @ 1.02822
c bounds -2134 >= -5388 @ 1.02898
c bounds -2134 >= -5372 @ 1.02972
c bounds -2134 >= -5356 @ 1.03019
c bounds -2134 >= -5340 @ 1.03037
c bounds -2134 >= -5324 @ 1.03106
c bounds -2134 >= -5308 @ 1.03179
c bounds -2134 >= -5292 @ 1.03218
c bounds -2134 >= -5276 @ 1.03236
c bounds -2134 >= -5260 @ 1.0331
c bounds -2134 >= -5244 @ 1.03318
c bounds -2134 >= -5228 @ 1.03359
c bounds -2134 >= -5212 @ 1.03435
c bounds -2134 >= -5196 @ 1.03511
c bounds -2134 >= -5180 @ 1.03517
c bounds -2134 >= -5164 @ 1.03562
c bounds -2134 >= -5148 @ 1.03617
c bounds -2134 >= -5132 @ 1.03617
c bounds -2134 >= -5116 @ 1.03694
c bounds -2134 >= -5100 @ 1.03768
c bounds -2134 >= -5084 @ 1.03844
c bounds -2134 >= -5068 @ 1.03919
c bounds -2134 >= -5052 @ 1.03995
c bounds -2134 >= -5036 @ 1.04015
c bounds -2134 >= -5020 @ 1.04048
c bounds -2134 >= -5004 @ 1.04124
c bounds -2134 >= -4988 @ 1.042
c bounds -2134 >= -4972 @ 1.04276
c bounds -2134 >= -4956 @ 1.04351
c bounds -2134 >= -4940 @ 1.04428
c bounds -2134 >= -4924 @ 1.04504
c bounds -2134 >= -4908 @ 1.0458
c bounds -2134 >= -4892 @ 1.04655
c bounds -2134 >= -4876 @ 1.04731
c bounds -2134 >= -4860 @ 1.04814
c #Conflicts:       3000 | #Constraints:       9645
c #Conflicts:       4000 | #Constraints:      10645
c INPROCESSING
c GARBAGE COLLECT
c bounds -2136 >= -4860 @ 1.54756
c bounds -2138 >= -4860 @ 1.54926
c bounds -2139 >= -4860 @ 1.5505
c bounds -2140 >= -4860 @ 1.56017
c bounds -2141 >= -4860 @ 1.58308
c bounds -2142 >= -4860 @ 1.59287
c bounds -2144 >= -4860 @ 1.61656
c bounds -2146 >= -4860 @ 1.61895
c bounds -2147 >= -4860 @ 1.63627
c bounds -2148 >= -4860 @ 1.69463
c bounds -2150 >= -4860 @ 1.80096
c bounds -2151 >= -4860 @ 1.84856
c bounds -2152 >= -4860 @ 1.86967
c bounds -2153 >= -4860 @ 1.90832
c bounds -2154 >= -4860 @ 1.9242
c #Conflicts:       5000 | #Constraints:       9772
c bounds -2155 >= -4860 @ 2.28559
c bounds -2155 >= -4850 @ 2.30397
c bounds -2155 >= -4840 @ 2.31156
c bounds -2155 >= -4830 @ 2.32226
c bounds -2155 >= -4820 @ 2.38659
c bounds -2155 >= -4810 @ 2.74451
c bounds -2155 >= -4800 @ 3.26399
c #Conflicts:       6000 | #Constraints:      10833
c bounds -2156 >= -4800 @ 3.79053
c INPROCESSING
c GARBAGE COLLECT
c #Conflicts:       7000 | #Constraints:       9793
c bounds -2157 >= -4800 @ 5.02864
c bounds -2157 >= -4792 @ 5.03013
c bounds -2157 >= -4784 @ 5.03294
c bounds -2157 >= -4776 @ 5.03517
c bounds -2157 >= -4768 @ 5.03729
c bounds -2157 >= -4760 @ 5.04331
c #Conflicts:       8000 | #Constraints:      10830
c #Conflicts:       9000 | #Constraints:      11830
c INPROCESSING
c GARBAGE COLLECT
c #Conflicts:      10000 | #Constraints:      10532
c #Conflicts:      11000 | #Constraints:      11532
c #Conflicts:      12000 | #Constraints:      12532
c INPROCESSING
c GARBAGE COLLECT
c bounds -2158 >= -4760 @ 6.15958
c bounds -2159 >= -4760 @ 6.18272
c bounds -2160 >= -4760 @ 6.19376
c bounds -2162 >= -4760 @ 6.23724
c bounds -2163 >= -4760 @ 6.25302
c bounds -2164 >= -4760 @ 6.27622
c bounds -2165 >= -4760 @ 6.2848
c bounds -2166 >= -4760 @ 6.54901
c #Conflicts:      13000 | #Constraints:      11007
c #Conflicts:      14000 | #Constraints:      12007
c #Conflicts:      15000 | #Constraints:      13007
c INPROCESSING
c GARBAGE COLLECT
c bounds -2168 >= -4760 @ 7.37443
c bounds -2169 >= -4760 @ 7.39007
c bounds -2170 >= -4760 @ 7.39985
c bounds -2171 >= -4760 @ 7.43948
c bounds -2172 >= -4760 @ 7.56528
c bounds -2173 >= -4760 @ 7.57401
c bounds -2174 >= -4760 @ 7.59036
c bounds -2176 >= -4760 @ 7.59518
c bounds -2178 >= -4760 @ 7.60337
c bounds -2179 >= -4760 @ 7.61327
c bounds -2181 >= -4760 @ 7.88106
c bounds -2182 >= -4760 @ 8.16709
c bounds -2182 >= -4756 @ 8.18209
c bounds -2182 >= -4752 @ 8.19343
c bounds -2182 >= -4748 @ 8.34344
c #Conflicts:      16000 | #Constraints:      11291
c bounds -2182 >= -4744 @ 10.6105
c bounds -2183 >= -4744 @ 10.63
c bounds -2185 >= -4744 @ 10.6398
c bounds -2187 >= -4744 @ 10.6505
c bounds -2188 >= -4744 @ 11.6591
c bounds -2189 >= -4744 @ 11.7663
c bounds -2190 >= -4744 @ 11.791
c #Conflicts:      17000 | #Constraints:      12309
c #Conflicts:      18000 | #Constraints:      13309
c INPROCESSING
c GARBAGE COLLECT
c #Conflicts:      19000 | #Constraints:      11284
c #Conflicts:      20000 | #Constraints:      12284
c #Conflicts:      21000 | #Constraints:      13284
c INPROCESSING
c GARBAGE COLLECT
c #Conflicts:      22000 | #Constraints:      11092
c bounds -2191 >= -4744 @ 36.1362
c bounds -2192 >= -4744 @ 36.2235
c bounds -2194 >= -4744 @ 36.9728
c #Conflicts:      23000 | #Constraints:      12095
c bounds -2195 >= -4744 @ 37.8555
c #Conflicts:      24000 | #Constraints:      13096
c #Conflicts:      25000 | #Constraints:      14096
c INPROCESSING
c GARBAGE COLLECT
c bounds -2195 >= -4742 @ 43.389
c bounds -2195 >= -4740 @ 43.3903
c bounds -2195 >= -4738 @ 43.391
c bounds -2195 >= -4736 @ 43.391
c bounds -2195 >= -4734 @ 43.3945
c bounds -2195 >= -4732 @ 43.3965
c bounds -2195 >= -4730 @ 43.4011
c bounds -2195 >= -4728 @ 43.4049
c bounds -2195 >= -4726 @ 43.4095
c bounds -2195 >= -4724 @ 43.4113
c bounds -2195 >= -4722 @ 43.415
c bounds -2195 >= -4720 @ 43.4172
c bounds -2195 >= -4718 @ 43.4261
c bounds -2195 >= -4716 @ 43.4476
c bounds -2195 >= -4714 @ 43.456
c bounds -2195 >= -4712 @ 43.4623
c bounds -2195 >= -4710 @ 43.4734
c bounds -2195 >= -4708 @ 43.4948
c bounds -2195 >= -4706 @ 43.5044
c bounds -2195 >= -4704 @ 43.5305
c bounds -2195 >= -4702 @ 43.5502
c bounds -2195 >= -4700 @ 43.5652
c bounds -2195 >= -4698 @ 43.5694
c bounds -2195 >= -4696 @ 43.5755
c bounds -2195 >= -4694 @ 43.5871
c bounds -2195 >= -4692 @ 43.5936
c bounds -2195 >= -4690 @ 43.6055
c bounds -2195 >= -4688 @ 43.6212
c bounds -2195 >= -4686 @ 43.6475
c bounds -2195 >= -4684 @ 43.6812
c #Conflicts:      26000 | #Constraints:      12087
c bounds -2195 >= -4682 @ 43.7211
c bounds -2195 >= -4680 @ 43.7596
c bounds -2195 >= -4678 @ 43.7724
c bounds -2195 >= -4676 @ 43.7925
c bounds -2195 >= -4674 @ 43.8191
c bounds -2195 >= -4672 @ 43.868
c bounds -2195 >= -4670 @ 43.9357
c bounds -2195 >= -4668 @ 44.0366
c #Conflicts:      27000 | #Constraints:      13324
c bounds -2195 >= -4666 @ 44.1215
c bounds -2195 >= -4664 @ 44.1848
c bounds -2195 >= -4662 @ 44.2861
c bounds -2195 >= -4660 @ 44.4185
c #Conflicts:      28000 | #Constraints:      14465
c bounds -2195 >= -4658 @ 44.5559
c bounds -2195 >= -4656 @ 44.6522
c bounds -2195 >= -4654 @ 44.8187
c bounds -2195 >= -4652 @ 44.9631
c bounds -2195 >= -4650 @ 45.1882
c #Conflicts:      29000 | #Constraints:      15630
c INPROCESSING
c GARBAGE COLLECT
c bounds -2195 >= -4648 @ 45.4026
c bounds -2195 >= -4646 @ 45.5398
c bounds -2195 >= -4644 @ 45.7115
c #Conflicts:      30000 | #Constraints:      12922
c bounds -2195 >= -4642 @ 45.8463
c bounds -2195 >= -4640 @ 46.113
c #Conflicts:      31000 | #Constraints:      14024
c bounds -2195 >= -4638 @ 46.7006
c bounds -2195 >= -4636 @ 47.1454
c #Conflicts:      32000 | #Constraints:      15117
c bounds -2195 >= -4634 @ 47.6058
c #Conflicts:      33000 | #Constraints:      16147
c INPROCESSING
c GARBAGE COLLECT
c bounds -2195 >= -4632 @ 48.5389
c #Conflicts:      34000 | #Constraints:      13219
c bounds -2195 >= -4630 @ 49.0774
c #Conflicts:      35000 | #Constraints:      14285
c bounds -2195 >= -4628 @ 49.4971
c #Conflicts:      36000 | #Constraints:      15339
c bounds -2196 >= -4628 @ 50.1705
c bounds -2196 >= -4626 @ 50.1741
c bounds -2196 >= -4624 @ 50.1943
c bounds -2196 >= -4622 @ 50.2261
c bounds -2196 >= -4620 @ 50.2681
c bounds -2196 >= -4618 @ 50.3577
c bounds -2196 >= -4616 @ 50.4608
c bounds -2196 >= -4614 @ 50.6424
c #Conflicts:      37000 | #Constraints:      16490
c #Conflicts:      38000 | #Constraints:      17490
c #Conflicts:      39000 | #Constraints:      18490
c #Conflicts:      40000 | #Constraints:      19490
c #Conflicts:      41000 | #Constraints:      20490
c bounds -2197 >= -4614 @ 66.4274
c bounds -2197 >= -4612 @ 66.4349
c bounds -2197 >= -4610 @ 66.4389
c bounds -2197 >= -4608 @ 66.4417
c bounds -2197 >= -4606 @ 66.457
c bounds -2197 >= -4604 @ 66.4619
c bounds -2197 >= -4602 @ 66.4627
c bounds -2197 >= -4598 @ 66.4684
c bounds -2197 >= -4596 @ 66.4789
c bounds -2197 >= -4594 @ 66.4805
c bounds -2197 >= -4592 @ 66.4845
c bounds -2197 >= -4590 @ 66.488
c bounds -2197 >= -4588 @ 66.4914
c bounds -2197 >= -4586 @ 66.4954
c bounds -2197 >= -4584 @ 66.5041
c bounds -2197 >= -4582 @ 66.5176
c bounds -2197 >= -4580 @ 66.536
c bounds -2197 >= -4578 @ 66.5565
c bounds -2197 >= -4576 @ 66.6347
c bounds -2197 >= -4574 @ 66.7538
c #Conflicts:      42000 | #Constraints:      21734
c bounds -2197 >= -4572 @ 66.8802
c bounds -2197 >= -4570 @ 66.9614
c bounds -2197 >= -4568 @ 67.0672
c bounds -2197 >= -4566 @ 67.2345
c bounds -2197 >= -4564 @ 67.4637
c bounds -2197 >= -4562 @ 67.5268
c bounds -2197 >= -4560 @ 67.6477
c bounds -2197 >= -4558 @ 67.8002
c #Conflicts:      43000 | #Constraints:      22998
c bounds -2197 >= -4556 @ 68.0388
c bounds -2197 >= -4554 @ 68.2391
c bounds -2197 >= -4552 @ 68.4558
c bounds -2197 >= -4550 @ 68.6691
c #Conflicts:      44000 | #Constraints:      24133
c bounds -2197 >= -4548 @ 68.8739
c bounds -2197 >= -4546 @ 69.1535
c bounds -2197 >= -4544 @ 69.4067
c bounds -2197 >= -4542 @ 69.8426
c #Conflicts:      45000 | #Constraints:      25295
c bounds -2197 >= -4540 @ 70.3806
c bounds -2197 >= -4538 @ 70.7207
c bounds -2197 >= -4536 @ 71.0615
c #Conflicts:      46000 | #Constraints:      26424
c bounds -2197 >= -4534 @ 71.7493
c bounds -2197 >= -4532 @ 72.3303
c #Conflicts:      47000 | #Constraints:      27544
c bounds -2197 >= -4530 @ 72.7735
c bounds -2197 >= -4528 @ 73.2367
c #Conflicts:      48000 | #Constraints:      28619
c INPROCESSING
c GARBAGE COLLECT
c bounds -2197 >= -4526 @ 74.2392
c bounds -2197 >= -4524 @ 75.1153
c #Conflicts:      49000 | #Constraints:      19544
c bounds -2197 >= -4522 @ 75.8353
c #Conflicts:      50000 | #Constraints:      20604
c bounds -2197 >= -4520 @ 76.8352
c bounds -2197 >= -4518 @ 77.5076
c #Conflicts:      51000 | #Constraints:      21718
c bounds -2197 >= -4516 @ 78.3007
c #Conflicts:      52000 | #Constraints:      22772
c bounds -2197 >= -4514 @ 79.6944
c #Conflicts:      53000 | #Constraints:      23814
c INPROCESSING
c GARBAGE COLLECT
c bounds -2197 >= -4512 @ 81.8099
c #Conflicts:      54000 | #Constraints:      17370
c bounds -2197 >= -4510 @ 83.3923
c #Conflicts:      55000 | #Constraints:      18445
c #Conflicts:      56000 | #Constraints:      19445
c bounds -2197 >= -4508 @ 86.5473
c #Conflicts:      57000 | #Constraints:      20508
c bounds -2197 >= -4506 @ 88.5247
c #Conflicts:      58000 | #Constraints:      21544
c bounds -2197 >= -4504 @ 90.0718
c INPROCESSING
c GARBAGE COLLECT
c bounds -2197 >= -4502 @ 90.5549
c #Conflicts:      59000 | #Constraints:      16134
c bounds -2197 >= -4500 @ 91.8275
c #Conflicts:      60000 | #Constraints:      17200
c bounds -2197 >= -4498 @ 93.1239
c #Conflicts:      61000 | #Constraints:      18272
c bounds -2197 >= -4496 @ 94.3822
c #Conflicts:      62000 | #Constraints:      19332
c bounds -2197 >= -4494 @ 96.5989
c #Conflicts:      63000 | #Constraints:      20395
c bounds -2197 >= -4492 @ 97.9967
c #Conflicts:      64000 | #Constraints:      21458
c bounds -2197 >= -4490 @ 99.8672
c INPROCESSING
c GARBAGE COLLECT
c #Conflicts:      65000 | #Constraints:      16281
c bounds -2197 >= -4488 @ 101.465
c #Conflicts:      66000 | #Constraints:      17353
c bounds -2197 >= -4486 @ 102.678
c bounds -2197 >= -4484 @ 103.934
c #Conflicts:      67000 | #Constraints:      18509
c bounds -2197 >= -4482 @ 105.717
c #Conflicts:      68000 | #Constraints:      19578
c #Conflicts:      69000 | #Constraints:      20578
c bounds -2197 >= -4480 @ 108.088
c #Conflicts:      70000 | #Constraints:      21650
c bounds -2197 >= -4478 @ 111.994
c #Conflicts:      71000 | #Constraints:      22698
c bounds -2197 >= -4476 @ 113.123
c bounds -2197 >= -4474 @ 114.22
c #Conflicts:      72000 | #Constraints:      23770
c bounds -2197 >= -4472 @ 115.299
c #Conflicts:      73000 | #Constraints:      24797
c bounds -2197 >= -4470 @ 117.301
c bounds -2197 >= -4468 @ 118.481
c #Conflicts:      74000 | #Constraints:      25890
c bounds -2197 >= -4466 @ 120.091
c #Conflicts:      75000 | #Constraints:      26947
c bounds -2197 >= -4464 @ 122.39
c #Conflicts:      76000 | #Constraints:      27995
c #Conflicts:      77000 | #Constraints:      28995
c #Conflicts:      78000 | #Constraints:      29995
c bounds -2198 >= -4464 @ 135.336
c bounds -2198 >= -4462 @ 135.387
c #Conflicts:      79000 | #Constraints:      31002
c bounds -2198 >= -4460 @ 136.473
c bounds -2198 >= -4458 @ 137.352
c bounds -2198 >= -4456 @ 137.887
c #Conflicts:      80000 | #Constraints:      32107
c bounds -2198 >= -4454 @ 138.778
c bounds -2198 >= -4452 @ 140.834
c #Conflicts:      81000 | #Constraints:      33176
c bounds -2198 >= -4450 @ 143.234
c #Conflicts:      82000 | #Constraints:      34221
c bounds -2198 >= -4448 @ 144.102
c bounds -2198 >= -4446 @ 144.375
c bounds -2198 >= -4444 @ 144.667
c bounds -2198 >= -4442 @ 145.051
c bounds -2198 >= -4440 @ 145.418
c bounds -2198 >= -4438 @ 145.727
c bounds -2198 >= -4436 @ 146.405
c #Conflicts:      83000 | #Constraints:      35413
c bounds -2198 >= -4434 @ 147.237
c bounds -2198 >= -4432 @ 147.709
c bounds -2198 >= -4430 @ 148.689
c bounds -2198 >= -4428 @ 149.799
c #Conflicts:      84000 | #Constraints:      36584
c bounds -2198 >= -4426 @ 151.386
c bounds -2198 >= -4424 @ 152.4
c INPROCESSING
c GARBAGE COLLECT
c #Conflicts:      85000 | #Constraints:      24028
c bounds -2198 >= -4422 @ 153.852
c bounds -2198 >= -4420 @ 154.91
c bounds -2198 >= -4418 @ 155.563
c bounds -2198 >= -4416 @ 156.589
c #Conflicts:      86000 | #Constraints:      25196
c bounds -2198 >= -4414 @ 157.457
c bounds -2198 >= -4412 @ 158.203
c bounds -2198 >= -4410 @ 159.615
c #Conflicts:      87000 | #Constraints:      26301
c bounds -2198 >= -4408 @ 160.585
c bounds -2198 >= -4406 @ 161.972
c #Conflicts:      88000 | #Constraints:      27385
c bounds -2198 >= -4404 @ 163.068
c bounds -2198 >= -4402 @ 164.872
c #Conflicts:      89000 | #Constraints:      28481
c bounds -2198 >= -4400 @ 166.327
c bounds -2198 >= -4398 @ 168.571
c #Conflicts:      90000 | #Constraints:      29580
c bounds -2198 >= -4396 @ 170.423
c bounds -2198 >= -4394 @ 172.316
c #Conflicts:      91000 | #Constraints:      30667
c INPROCESSING
c GARBAGE COLLECT
c #Conflicts:      92000 | #Constraints:      21222
c bounds -2198 >= -4392 @ 176.607
c #Conflicts:      93000 | #Constraints:      22321
c bounds -2198 >= -4390 @ 180.115
c #Conflicts:      94000 | #Constraints:      23384
c bounds -2198 >= -4388 @ 182.638
c #Conflicts:      95000 | #Constraints:      24456
c #Conflicts:      96000 | #Constraints:      25456
c #Conflicts:      97000 | #Constraints:      26456
c #Conflicts:      98000 | #Constraints:      27456
c #Conflicts:      99000 | #Constraints:      28456
c INPROCESSING
c GARBAGE COLLECT
c bounds -2198 >= -4386 @ 200.041
c #Conflicts:     100000 | #Constraints:      20741
c bounds -2198 >= -4384 @ 202.301
c #Conflicts:     101000 | #Constraints:      21810
c #Conflicts:     102000 | #Constraints:      22810
c bounds -2198 >= -4382 @ 207.804
c #Conflicts:     103000 | #Constraints:      23894
c bounds -2198 >= -4380 @ 212.174
c #Conflicts:     104000 | #Constraints:      24972
c #Conflicts:     105000 | #Constraints:      25972
c bounds -2198 >= -4378 @ 218.16
c #Conflicts:     106000 | #Constraints:      27041
c #Conflicts:     107000 | #Constraints:      28041
c bounds -2198 >= -4376 @ 225.843
c bounds -2199 >= -4376 @ 231.452
c #Conflicts:     108000 | #Constraints:      29093
c #Conflicts:     109000 | #Constraints:      30093
c bounds -2199 >= -4374 @ 237.431
c #Conflicts:     110000 | #Constraints:      31156
c bounds -2200 >= -4374 @ 239.117
c bounds -2200 >= -4372 @ 241.893
c #Conflicts:     111000 | #Constraints:      32187
c bounds -2200 >= -4370 @ 243.557
c #Conflicts:     112000 | #Constraints:      33235
c #Conflicts:     113000 | #Constraints:      34235
c bounds -2201 >= -4370 @ 261.092
c #Conflicts:     114000 | #Constraints:      35236
c bounds -2201 >= -4368 @ 262.518
c bounds -2201 >= -4366 @ 264.36
c bounds -2201 >= -4364 @ 265.706
c #Conflicts:     115000 | #Constraints:      36347
c bounds -2201 >= -4362 @ 268.149
c #Conflicts:     116000 | #Constraints:      37386
c bounds -2201 >= -4360 @ 272.917
c #Conflicts:     117000 | #Constraints:      38437
c bounds -2201 >= -4358 @ 275.664
c bounds -2201 >= -4356 @ 278.256
c #Conflicts:     118000 | #Constraints:      39512
c bounds -2201 >= -4354 @ 281.006
c bounds -2201 >= -4352 @ 283.455
c #Conflicts:     119000 | #Constraints:      40605
c bounds -2201 >= -4350 @ 290.786
c #Conflicts:     120000 | #Constraints:      41656
c bounds -2201 >= -4348 @ 294.761
c #Conflicts:     121000 | #Constraints:      42716
c bounds -2201 >= -4346 @ 298.026
c bounds -2201 >= -4344 @ 301.693
c #Conflicts:     122000 | #Constraints:      43803
c bounds -2201 >= -4342 @ 306.311
c #Conflicts:     123000 | #Constraints:      44854
c INPROCESSING
c GARBAGE COLLECT
c #Conflicts:     124000 | #Constraints:      28784
c bounds -2201 >= -4340 @ 313.005
c bounds -2201 >= -4338 @ 316.892
c #Conflicts:     125000 | #Constraints:      29895
c bounds -2201 >= -4336 @ 321.561
c #Conflicts:     126000 | #Constraints:      30958
c bounds -2202 >= -4336 @ 322.496
c bounds -2203 >= -4336 @ 323.423
c #Conflicts:     127000 | #Constraints:      31960
c bounds -2203 >= -4334 @ 324.92
c bounds -2203 >= -4332 @ 327.748
c #Conflicts:     128000 | #Constraints:      33053
c #Conflicts:     129000 | #Constraints:      34053
c bounds -2204 >= -4332 @ 345.195
c bounds -2204 >= -4330 @ 345.731
c #Conflicts:     130000 | #Constraints:      35078
c bounds -2204 >= -4328 @ 348.793
c #Conflicts:     131000 | #Constraints:      36123
c bounds -2204 >= -4326 @ 351.826
c bounds -2204 >= -4324 @ 354.492
c bounds -2204 >= -4322 @ 357.016
c #Conflicts:     132000 | #Constraints:      37276
c INPROCESSING
c GARBAGE COLLECT
c #Conflicts:     133000 | #Constraints:      25414
c bounds -2204 >= -4320 @ 362.422
c bounds -2204 >= -4318 @ 365.966
c #Conflicts:     134000 | #Constraints:      26522
c bounds -2204 >= -4316 @ 368.968
c bounds -2204 >= -4314 @ 371.503
c bounds -2204 >= -4312 @ 373.063
c #Conflicts:     135000 | #Constraints:      27639
c bounds -2204 >= -4310 @ 375.292
c bounds -2204 >= -4308 @ 378.698
c #Conflicts:     136000 | #Constraints:      28732
c bounds -2204 >= -4306 @ 383.414
c #Conflicts:     137000 | #Constraints:      29789
c bounds -2204 >= -4304 @ 389.027
c #Conflicts:     138000 | #Constraints:      30837
c bounds -2204 >= -4302 @ 393.065
c #Conflicts:     139000 | #Constraints:      31897
c bounds -2204 >= -4300 @ 398.494
c #Conflicts:     140000 | #Constraints:      32945
c bounds -2204 >= -4298 @ 405.28
c INPROCESSING
c GARBAGE COLLECT
c #Conflicts:     141000 | #Constraints:      23004
c bounds -2204 >= -4296 @ 409.75
c #Conflicts:     142000 | #Constraints:      24112
c #Conflicts:     143000 | #Constraints:      25112
c #Conflicts:     144000 | #Constraints:      26112
c #Conflicts:     145000 | #Constraints:      27112
c #Conflicts:     146000 | #Constraints:      28112
c #Conflicts:     147000 | #Constraints:      29112
c #Conflicts:     148000 | #Constraints:      30112
c #Conflicts:     149000 | #Constraints:      31112
c #Conflicts:     150000 | #Constraints:      32112
c #Conflicts:     151000 | #Constraints:      33112
c #Conflicts:     152000 | #Constraints:      34112
c #Conflicts:     153000 | #Constraints:      35112
c #Conflicts:     154000 | #Constraints:      36112
c #Conflicts:     155000 | #Constraints:      37112
c #Conflicts:     156000 | #Constraints:      38112
c #Conflicts:     157000 | #Constraints:      39112
c #Conflicts:     158000 | #Constraints:      40112
c #Conflicts:     159000 | #Constraints:      41112
c #Conflicts:     160000 | #Constraints:      42112
c #Conflicts:     161000 | #Constraints:      43112
c #Conflicts:     162000 | #Constraints:      44112
c #Conflicts:     163000 | #Constraints:      45112
c #Conflicts:     164000 | #Constraints:      46112
c #Conflicts:     165000 | #Constraints:      47112
c #Conflicts:     166000 | #Constraints:      48112
c #Conflicts:     167000 | #Constraints:      49112
c #Conflicts:     168000 | #Constraints:      50112
c #Conflicts:     169000 | #Constraints:      51112
c INPROCESSING
c GARBAGE COLLECT
c bounds -2204 >= -4294 @ 753.541
c #Conflicts:     170000 | #Constraints:      32567
c #Conflicts:     171000 | #Constraints:      33567
c bounds -2204 >= -4292 @ 761.803
c #Conflicts:     172000 | #Constraints:      34675
c bounds -2204 >= -4290 @ 764.855
c bounds -2204 >= -4288 @ 768.297
c #Conflicts:     173000 | #Constraints:      35786
c bounds -2204 >= -4286 @ 772.875
c #Conflicts:     174000 | #Constraints:      36864
c bounds -2204 >= -4284 @ 776.012
c #Conflicts:     175000 | #Constraints:      37915
c bounds -2204 >= -4282 @ 781.433
c #Conflicts:     176000 | #Constraints:      38969
c bounds -2204 >= -4280 @ 786.614
c #Conflicts:     177000 | #Constraints:      40020
c bounds -2204 >= -4278 @ 792.506
c #Conflicts:     178000 | #Constraints:      41062
c bounds -2204 >= -4276 @ 799.347
c #Conflicts:     179000 | #Constraints:      42146
c INPROCESSING
c GARBAGE COLLECT
c #Conflicts:     180000 | #Constraints:      27968
c bounds -2204 >= -4274 @ 805.764
c #Conflicts:     181000 | #Constraints:      29034
c #Conflicts:     182000 | #Constraints:      30034
c bounds -2204 >= -4272 @ 816.624
c #Conflicts:     183000 | #Constraints:      31133
c #Conflicts:     184000 | #Constraints:      32133
c bounds -2204 >= -4270 @ 827.84
c #Conflicts:     185000 | #Constraints:      33214
c #Conflicts:     186000 | #Constraints:      34214
c bounds -2204 >= -4268 @ 838.626
c #Conflicts:     187000 | #Constraints:      35262
c #Conflicts:     188000 | #Constraints:      36262
c #Conflicts:     189000 | #Constraints:      37262
c bounds -2204 >= -4266 @ 854.531
c INPROCESSING
c GARBAGE COLLECT
c #Conflicts:     190000 | #Constraints:      25554
c #Conflicts:     191000 | #Constraints:      26554
c #Conflicts:     192000 | #Constraints:      27554
c bounds -2204 >= -4264 @ 870.53
c #Conflicts:     193000 | #Constraints:      28632
c #Conflicts:     194000 | #Constraints:      29632
c #Conflicts:     195000 | #Constraints:      30632
c bounds -2204 >= -4262 @ 885.643
c #Conflicts:     196000 | #Constraints:      31719
c #Conflicts:     197000 | #Constraints:      32719
c #Conflicts:     198000 | #Constraints:      33719
c #Conflicts:     199000 | #Constraints:      34719
c bounds -2204 >= -4260 @ 903.304
c #Conflicts:     200000 | #Constraints:      35803
c #Conflicts:     201000 | #Constraints:      36803
c #Conflicts:     202000 | #Constraints:      37803
c #Conflicts:     203000 | #Constraints:      38803
c bounds -2204 >= -4258 @ 928.841
c #Conflicts:     204000 | #Constraints:      39872
c #Conflicts:     205000 | #Constraints:      40872
c #Conflicts:     206000 | #Constraints:      41872
c bounds -2204 >= -4256 @ 950.936
c #Conflicts:     207000 | #Constraints:      42938
c #Conflicts:     208000 | #Constraints:      43938
c bounds -2204 >= -4254 @ 968.497
c #Conflicts:     209000 | #Constraints:      45010
c #Conflicts:     210000 | #Constraints:      46010
c #Conflicts:     211000 | #Constraints:      47010
c bounds -2204 >= -4252 @ 989.518
c #Conflicts:     212000 | #Constraints:      48073
c #Conflicts:     213000 | #Constraints:      49073
c #Conflicts:     214000 | #Constraints:      50073
c #Conflicts:     215000 | #Constraints:      51073
c #Conflicts:     216000 | #Constraints:      52073
c bounds -2204 >= -4250 @ 1018.89
c #Conflicts:     217000 | #Constraints:      53157
c #Conflicts:     218000 | #Constraints:      54157
c #Conflicts:     219000 | #Constraints:      55157
c #Conflicts:     220000 | #Constraints:      56157
c bounds -2204 >= -4248 @ 1057.92
c #Conflicts:     221000 | #Constraints:      57259
c #Conflicts:     222000 | #Constraints:      58259
c INPROCESSING
c GARBAGE COLLECT
c bounds -2204 >= -4246 @ 1075.99
c #Conflicts:     223000 | #Constraints:      36301
c #Conflicts:     224000 | #Constraints:      37301
c bounds -2204 >= -4244 @ 1085.67
c #Conflicts:     225000 | #Constraints:      38352
c #Conflicts:     226000 | #Constraints:      39352
c #Conflicts:     227000 | #Constraints:      40352
c bounds -2204 >= -4242 @ 1113.98
c #Conflicts:     228000 | #Constraints:      41421
c #Conflicts:     229000 | #Constraints:      42421
c bounds -2204 >= -4240 @ 1137.81
c #Conflicts:     230000 | #Constraints:      43490
c #Conflicts:     231000 | #Constraints:      44490
c #Conflicts:     232000 | #Constraints:      45490
c bounds -2204 >= -4238 @ 1154.23
c #Conflicts:     233000 | #Constraints:      46541
c #Conflicts:     234000 | #Constraints:      47541
c INPROCESSING
c GARBAGE COLLECT
c #Conflicts:     235000 | #Constraints:      31168
c #Conflicts:     236000 | #Constraints:      32168
c #Conflicts:     237000 | #Constraints:      33168
c bounds -2204 >= -4236 @ 1197.39
c #Conflicts:     238000 | #Constraints:      34246
c #Conflicts:     239000 | #Constraints:      35246
c #Conflicts:     240000 | #Constraints:      36246
c bounds -2204 >= -4234 @ 1218.95
c #Conflicts:     241000 | #Constraints:      37309
c #Conflicts:     242000 | #Constraints:      38309
c #Conflicts:     243000 | #Constraints:      39309
c #Conflicts:     244000 | #Constraints:      40309
c bounds -2204 >= -4232 @ 1249.24
c #Conflicts:     245000 | #Constraints:      41423
c INPROCESSING
c GARBAGE COLLECT
c #Conflicts:     246000 | #Constraints:      27909
c #Conflicts:     247000 | #Constraints:      28909
c #Conflicts:     248000 | #Constraints:      29909
c bounds -2204 >= -4230 @ 1281.94
c #Conflicts:     249000 | #Constraints:      31074
c #Conflicts:     250000 | #Constraints:      32074
c #Conflicts:     251000 | #Constraints:      33074
c bounds -2204 >= -4228 @ 1303.19
c #Conflicts:     252000 | #Constraints:      34191
c #Conflicts:     253000 | #Constraints:      35191
c #Conflicts:     254000 | #Constraints:      36191
c #Conflicts:     255000 | #Constraints:      37191
c #Conflicts:     256000 | #Constraints:      38191
c bounds -2204 >= -4226 @ 1340.66
c #Conflicts:     257000 | #Constraints:      39317
c #Conflicts:     258000 | #Constraints:      40317
c #Conflicts:     259000 | #Constraints:      41317
c #Conflicts:     260000 | #Constraints:      42317
c #Conflicts:     261000 | #Constraints:      43317
c bounds -2204 >= -4224 @ 1379.14
c #Conflicts:     262000 | #Constraints:      44425
c #Conflicts:     263000 | #Constraints:      45425
c #Conflicts:     264000 | #Constraints:      46425
c bounds -2204 >= -4222 @ 1412.05
c #Conflicts:     265000 | #Constraints:      47515
c #Conflicts:     266000 | #Constraints:      48515
c #Conflicts:     267000 | #Constraints:      49515
c #Conflicts:     268000 | #Constraints:      50515
c bounds -2204 >= -4220 @ 1441.9
c #Conflicts:     269000 | #Constraints:      51593
c #Conflicts:     270000 | #Constraints:      52593
c bounds -2204 >= -4218 @ 1461.36
c #Conflicts:     271000 | #Constraints:      53665
c #Conflicts:     272000 | #Constraints:      54665
c bounds -2204 >= -4216 @ 1478.03
c #Conflicts:     273000 | #Constraints:      55728
c #Conflicts:     274000 | #Constraints:      56728
c #Conflicts:     275000 | #Constraints:      57728
c #Conflicts:     276000 | #Constraints:      58728
c bounds -2204 >= -4214 @ 1507.77
c #Conflicts:     277000 | #Constraints:      59779
c #Conflicts:     278000 | #Constraints:      60779
c bounds -2204 >= -4212 @ 1536.31
c #Conflicts:     279000 | #Constraints:      61848
c #Conflicts:     280000 | #Constraints:      62848
c #Conflicts:     281000 | #Constraints:      63848
c bounds -2204 >= -4210 @ 1562
c #Conflicts:     282000 | #Constraints:      64893
c INPROCESSING
c GARBAGE COLLECT
c #Conflicts:     283000 | #Constraints:      39869
c bounds -2204 >= -4208 @ 1583.46
c #Conflicts:     284000 | #Constraints:      40911
c bounds -2204 >= -4206 @ 1599.32
c #Conflicts:     285000 | #Constraints:      41959
c #Conflicts:     286000 | #Constraints:      42959
c #Conflicts:     287000 | #Constraints:      43959
c bounds -2204 >= -4204 @ 1628.7
c #Conflicts:     288000 | #Constraints:      45010
c bounds -2204 >= -4202 @ 1646.37
c #Conflicts:     289000 | #Constraints:      46067
c #Conflicts:     290000 | #Constraints:      47067
c #Conflicts:     291000 | #Constraints:      48067
c bounds -2204 >= -4200 @ 1671.68
c #Conflicts:     292000 | #Constraints:      49115
c #Conflicts:     293000 | #Constraints:      50115
c bounds -2204 >= -4198 @ 1698.41
c #Conflicts:     294000 | #Constraints:      51193
c #Conflicts:     295000 | #Constraints:      52193
c INPROCESSING
c GARBAGE COLLECT
c #Conflicts:     296000 | #Constraints:      33531
c bounds -2204 >= -4196 @ 1728.92
c #Conflicts:     297000 | #Constraints:      34609
c #Conflicts:     298000 | #Constraints:      35609
c #Conflicts:     299000 | #Constraints:      36609
c #Conflicts:     300000 | #Constraints:      37609
c bounds -2204 >= -4194 @ 1757.56
c #Conflicts:     301000 | #Constraints:      38699
c #Conflicts:     302000 | #Constraints:      39699
c #Conflicts:     303000 | #Constraints:      40699
c bounds -2204 >= -4192 @ 1792.2
c #Conflicts:     304000 | #Constraints:      41780
c #Conflicts:     305000 | #Constraints:      42780
c bounds -2204 >= -4190 @ 1812.54
c #Conflicts:     306000 | #Constraints:      43843
c #Conflicts:     307000 | #Constraints:      44843
c #Conflicts:     308000 | #Constraints:      45843
c bounds -2204 >= -4188 @ 1839.79
c #Conflicts:     309000 | #Constraints:      46924
c INPROCESSING
c GARBAGE COLLECT
c #Conflicts:     310000 | #Constraints:      32533
c #Conflicts:     311000 | #Constraints:      33533
c #Conflicts:     312000 | #Constraints:      34533
c #Conflicts:     313000 | #Constraints:      35533
c bounds -2204 >= -4186 @ 1878.46
c #Conflicts:     314000 | #Constraints:      36692
c #Conflicts:     315000 | #Constraints:      37692
c #Conflicts:     316000 | #Constraints:      38692
c #Conflicts:     317000 | #Constraints:      39692
c bounds -2204 >= -4184 @ 1919.93
c #Conflicts:     318000 | #Constraints:      40797
c #Conflicts:     319000 | #Constraints:      41797
c #Conflicts:     320000 | #Constraints:      42797
c #Conflicts:     321000 | #Constraints:      43797
c #Conflicts:     322000 | #Constraints:      44797
c #Conflicts:     323000 | #Constraints:      45797
c bounds -2204 >= -4182 @ 1978.27
c #Conflicts:     324000 | #Constraints:      46911
c #Conflicts:     325000 | #Constraints:      47911
c #Conflicts:     326000 | #Constraints:      48911
c #Conflicts:     327000 | #Constraints:      49911
c #Conflicts:     328000 | #Constraints:      50911
c bounds -2204 >= -4180 @ 2027.54
c #Conflicts:     329000 | #Constraints:      52016
c #Conflicts:     330000 | #Constraints:      53016
c #Conflicts:     331000 | #Constraints:      54016
c #Conflicts:     332000 | #Constraints:      55016
c #Conflicts:     333000 | #Constraints:      56016
c #Conflicts:     334000 | #Constraints:      57016
c bounds -2204 >= -4178 @ 2090.37
c #Conflicts:     335000 | #Constraints:      58118
c #Conflicts:     336000 | #Constraints:      59118
c #Conflicts:     337000 | #Constraints:      60118
c #Conflicts:     338000 | #Constraints:      61118
c #Conflicts:     339000 | #Constraints:      62118
c bounds -2204 >= -4176 @ 2152.23
c #Conflicts:     340000 | #Constraints:      63208
c #Conflicts:     341000 | #Constraints:      64208
c #Conflicts:     342000 | #Constraints:      65208
c #Conflicts:     343000 | #Constraints:      66208
c #Conflicts:     344000 | #Constraints:      67208
c bounds -2204 >= -4174 @ 2211.84
c #Conflicts:     345000 | #Constraints:      68325
c #Conflicts:     346000 | #Constraints:      69325
c #Conflicts:     347000 | #Constraints:      70325
c #Conflicts:     348000 | #Constraints:      71325
c #Conflicts:     349000 | #Constraints:      72325
c #Conflicts:     350000 | #Constraints:      73325
c INPROCESSING
c GARBAGE COLLECT
c #Conflicts:     351000 | #Constraints:      44974
c #Conflicts:     352000 | #Constraints:      45974
c #Conflicts:     353000 | #Constraints:      46974
c #Conflicts:     354000 | #Constraints:      47974
c #Conflicts:     355000 | #Constraints:      48974
c bounds -2204 >= -4172 @ 2298.06
c #Conflicts:     356000 | #Constraints:      50046
c #Conflicts:     357000 | #Constraints:      51046
c #Conflicts:     358000 | #Constraints:      52046
c #Conflicts:     359000 | #Constraints:      53046
c #Conflicts:     360000 | #Constraints:      54046
c bounds -2205 >= -4172 @ 2329.88
c #Conflicts:     361000 | #Constraints:      55047
c #Conflicts:     362000 | #Constraints:      56047
c bounds -2205 >= -4170 @ 2356.49
c #Conflicts:     363000 | #Constraints:      57101
c #Conflicts:     364000 | #Constraints:      58101
c INPROCESSING
c GARBAGE COLLECT
c #Conflicts:     365000 | #Constraints:      36793
c #Conflicts:     366000 | #Constraints:      37793
c bounds -2205 >= -4168 @ 2402.11
c #Conflicts:     367000 | #Constraints:      38847
c #Conflicts:     368000 | #Constraints:      39847
c bounds -2205 >= -4166 @ 2416.2
c #Conflicts:     369000 | #Constraints:      40898
c bounds -2205 >= -4164 @ 2431.55
c #Conflicts:     370000 | #Constraints:      41943
c #Conflicts:     371000 | #Constraints:      42943
c #Conflicts:     372000 | #Constraints:      43943
c #Conflicts:     373000 | #Constraints:      44943
c #Conflicts:     374000 | #Constraints:      45943
c #Conflicts:     375000 | #Constraints:      46943
c #Conflicts:     376000 | #Constraints:      47943
c #Conflicts:     377000 | #Constraints:      48943
c #Conflicts:     378000 | #Constraints:      49943
c #Conflicts:     379000 | #Constraints:      50943
c INPROCESSING
c GARBAGE COLLECT
c #Conflicts:     380000 | #Constraints:      34808
c #Conflicts:     381000 | #Constraints:      35808
c #Conflicts:     382000 | #Constraints:      36808
c #Conflicts:     383000 | #Constraints:      37808
c bounds -2205 >= -4162 @ 2520.18
c #Conflicts:     384000 | #Constraints:      38895
c #Conflicts:     385000 | #Constraints:      39895
c #Conflicts:     386000 | #Constraints:      40895
c bounds -2205 >= -4160 @ 2551.14
c #Conflicts:     387000 | #Constraints:      41979
c #Conflicts:     388000 | #Constraints:      42979
c #Conflicts:     389000 | #Constraints:      43979
c bounds -2205 >= -4158 @ 2586.98
c #Conflicts:     390000 | #Constraints:      45063
c #Conflicts:     391000 | #Constraints:      46063
c #Conflicts:     392000 | #Constraints:      47063
c #Conflicts:     393000 | #Constraints:      48063
c #Conflicts:     394000 | #Constraints:      49063
c bounds -2205 >= -4156 @ 2637.08
c #Conflicts:     395000 | #Constraints:      50162
c #Conflicts:     396000 | #Constraints:      51162
c #Conflicts:     397000 | #Constraints:      52162
c #Conflicts:     398000 | #Constraints:      53162
c bounds -2205 >= -4154 @ 2681.41
c #Conflicts:     399000 | #Constraints:      54225
c bounds -2205 >= -4152 @ 2695.95
c #Conflicts:     400000 | #Constraints:      55267
c bounds -2205 >= -4150 @ 2712.99
c #Conflicts:     401000 | #Constraints:      56321
c bounds -2205 >= -4148 @ 2724.44
c #Conflicts:     402000 | #Constraints:      57363
c #Conflicts:     403000 | #Constraints:      58363
c #Conflicts:     404000 | #Constraints:      59363
c #Conflicts:     405000 | #Constraints:      60363
c #Conflicts:     406000 | #Constraints:      61363
c bounds -2206 >= -4148 @ 2758.06
c #Conflicts:     407000 | #Constraints:      62364
c #Conflicts:     408000 | #Constraints:      63364
c bounds -2206 >= -4146 @ 2777.1
c #Conflicts:     409000 | #Constraints:      64412
c bounds -2206 >= -4144 @ 2791.96
c #Conflicts:     410000 | #Constraints:      65460
c #Conflicts:     411000 | #Constraints:      66460
c bounds -2206 >= -4142 @ 2825.81
c #Conflicts:     412000 | #Constraints:      67511
c #Conflicts:     413000 | #Constraints:      68511
c bounds -2206 >= -4140 @ 2852.21
c #Conflicts:     414000 | #Constraints:      69574
c #Conflicts:     415000 | #Constraints:      70574
c #Conflicts:     416000 | #Constraints:      71574
c #Conflicts:     417000 | #Constraints:      72574
c bounds -2206 >= -4138 @ 2895.69
c #Conflicts:     418000 | #Constraints:      73652
c #Conflicts:     419000 | #Constraints:      74652
c #Conflicts:     420000 | #Constraints:      75652
c #Conflicts:     421000 | #Constraints:      76652
c #Conflicts:     422000 | #Constraints:      77652
c #Conflicts:     423000 | #Constraints:      78652
c #Conflicts:     424000 | #Constraints:      79652
c #Conflicts:     425000 | #Constraints:      80652
c INPROCESSING
c GARBAGE COLLECT
c #Conflicts:     426000 | #Constraints:      49037
c #Conflicts:     427000 | #Constraints:      50037
c #Conflicts:     428000 | #Constraints:      51037
c #Conflicts:     429000 | #Constraints:      52037
c bounds -2206 >= -4136 @ 3028.55
c #Conflicts:     430000 | #Constraints:      53106
c #Conflicts:     431000 | #Constraints:      54106
c #Conflicts:     432000 | #Constraints:      55106
c #Conflicts:     433000 | #Constraints:      56106
c bounds -2206 >= -4134 @ 3095.67
c #Conflicts:     434000 | #Constraints:      57190
c #Conflicts:     435000 | #Constraints:      58190
c #Conflicts:     436000 | #Constraints:      59190
c #Conflicts:     437000 | #Constraints:      60190
c #Conflicts:     438000 | #Constraints:      61190
c #Conflicts:     439000 | #Constraints:      62190
c #Conflicts:     440000 | #Constraints:      63190
c bounds -2206 >= -4132 @ 3195.21
c #Conflicts:     441000 | #Constraints:      64283
c INPROCESSING
c GARBAGE COLLECT
c #Conflicts:     442000 | #Constraints:      40594
c #Conflicts:     443000 | #Constraints:      41594
c #Conflicts:     444000 | #Constraints:      42594
c #Conflicts:     445000 | #Constraints:      43594
c #Conflicts:     446000 | #Constraints:      44594
c #Conflicts:     447000 | #Constraints:      45594
c #Conflicts:     448000 | #Constraints:      46594
c #Conflicts:     449000 | #Constraints:      47594
c #Conflicts:     450000 | #Constraints:      48594
c bounds -2206 >= -4130 @ 3322.44
c #Conflicts:     451000 | #Constraints:      49726
c #Conflicts:     452000 | #Constraints:      50726
c #Conflicts:     453000 | #Constraints:      51726
c #Conflicts:     454000 | #Constraints:      52726
c #Conflicts:     455000 | #Constraints:      53726
c #Conflicts:     456000 | #Constraints:      54726
c #Conflicts:     457000 | #Constraints:      55726
c INPROCESSING
c GARBAGE COLLECT
c #Conflicts:     458000 | #Constraints:      38337
c #Conflicts:     459000 | #Constraints:      39337
c bounds -2206 >= -4128 @ 3377.91
c #Conflicts:     460000 | #Constraints:      40412
c bounds -2206 >= -4126 @ 3395.9
c #Conflicts:     461000 | #Constraints:      41475
c #Conflicts:     462000 | #Constraints:      42475
c #Conflicts:     463000 | #Constraints:      43475
c #Conflicts:     464000 | #Constraints:      44475
c #Conflicts:     465000 | #Constraints:      45475
c #Conflicts:     466000 | #Constraints:      46475
c #Conflicts:     467000 | #Constraints:      47475
c #Conflicts:     468000 | #Constraints:      48475
c #Conflicts:     469000 | #Constraints:      49475
c #Conflicts:     470000 | #Constraints:      50475
c #Conflicts:     471000 | #Constraints:      51475
c #Conflicts:     472000 | #Constraints:      52475
c #Conflicts:     473000 | #Constraints:      53475
c bounds -2207 >= -4126 @ 3444.69
c #Conflicts:     474000 | #Constraints:      54476
c bounds -2207 >= -4124 @ 3469.09
c #Conflicts:     475000 | #Constraints:      55545
c bounds -2207 >= -4122 @ 3482.07
c #Conflicts:     476000 | #Constraints:      56581
c #Conflicts:     477000 | #Constraints:      57581
c bounds -2207 >= -4120 @ 3498.23
c #Conflicts:     478000 | #Constraints:      58620
c bounds -2207 >= -4118 @ 3519.65
c #Conflicts:     479000 | #Constraints:      59695
c #Conflicts:     480000 | #Constraints:      60695
c #Conflicts:     481000 | #Constraints:      61695
c bounds -2207 >= -4116 @ 3559.13
c #Conflicts:     482000 | #Constraints:      62761
c #Conflicts:     483000 | #Constraints:      63761
c bounds -2207 >= -4114 @ 3589.14
c #Conflicts:     484000 | #Constraints:      64821
c #Conflicts:     485000 | #Constraints:      65821
c bounds -2207 >= -4112 @ 3609.4
c #Conflicts:     486000 | #Constraints:      66872
c bounds -2207 >= -4110 @ 3628.14
c bounds -2208 >= -4110 @ 3629.18
c #Conflicts:     487000 | #Constraints:      67930
c #Conflicts:     488000 | #Constraints:      68930
c #Conflicts:     489000 | #Constraints:      69930
c #Conflicts:     490000 | #Constraints:      70930
c #Conflicts:     491000 | #Constraints:      71930
c #Conflicts:     492000 | #Constraints:      72930
c #Conflicts:     493000 | #Constraints:      73930
c #Conflicts:     494000 | #Constraints:      74930
c #Conflicts:     495000 | #Constraints:      75930
c #Conflicts:     496000 | #Constraints:      76930
c #Conflicts:     497000 | #Constraints:      77930
c #Conflicts:     498000 | #Constraints:      78930
c #Conflicts:     499000 | #Constraints:      79930
c #Conflicts:     500000 | #Constraints:      80930
c #Conflicts:     501000 | #Constraints:      81930
c #Conflicts:     502000 | #Constraints:      82930
c #Conflicts:     503000 | #Constraints:      83930
c #Conflicts:     504000 | #Constraints:      84930
c #Conflicts:     505000 | #Constraints:      85930
c #Conflicts:     506000 | #Constraints:      86930
c INPROCESSING
c GARBAGE COLLECT
c #Conflicts:     507000 | #Constraints:      52039
c #Conflicts:     508000 | #Constraints:      53039
c #Conflicts:     509000 | #Constraints:      54039
c bounds -2208 >= -4108 @ 4218.29
c #Conflicts:     510000 | #Constraints:      55099
c #Conflicts:     511000 | #Constraints:      56099
c #Conflicts:     512000 | #Constraints:      57099
c bounds -2208 >= -4106 @ 4253.09
c #Conflicts:     513000 | #Constraints:      58153
c #Conflicts:     514000 | #Constraints:      59153
c bounds -2208 >= -4104 @ 4289.21
c #Conflicts:     515000 | #Constraints:      60204
c #Conflicts:     516000 | #Constraints:      61204
c #Conflicts:     517000 | #Constraints:      62204
c bounds -2208 >= -4102 @ 4329.56
c #Conflicts:     518000 | #Constraints:      63285
c #Conflicts:     519000 | #Constraints:      64285
c #Conflicts:     520000 | #Constraints:      65285
c bounds -2208 >= -4100 @ 4376.33
c #Conflicts:     521000 | #Constraints:      66351
c #Conflicts:     522000 | #Constraints:      67351
c bounds -2208 >= -4098 @ 4410.87
c #Conflicts:     523000 | #Constraints:      68405
c #Conflicts:     524000 | #Constraints:      69405
c INPROCESSING
c GARBAGE COLLECT
c #Conflicts:     525000 | #Constraints:      43304
c bounds -2208 >= -4096 @ 4456.84
c #Conflicts:     526000 | #Constraints:      44340
c #Conflicts:     527000 | #Constraints:      45340
c bounds -2208 >= -4094 @ 4483.06
c #Conflicts:     528000 | #Constraints:      46397
c #Conflicts:     529000 | #Constraints:      47397
c #Conflicts:     530000 | #Constraints:      48397
c bounds -2208 >= -4092 @ 4526.26
c #Conflicts:     531000 | #Constraints:      49451
c #Conflicts:     532000 | #Constraints:      50451
c #Conflicts:     533000 | #Constraints:      51451
c #Conflicts:     534000 | #Constraints:      52451
c bounds -2208 >= -4090 @ 4581.22
c #Conflicts:     535000 | #Constraints:      53532
c #Conflicts:     536000 | #Constraints:      54532
c #Conflicts:     537000 | #Constraints:      55532
c bounds -2208 >= -4088 @ 4633.16
c #Conflicts:     538000 | #Constraints:      56601
c #Conflicts:     539000 | #Constraints:      57601
c bounds -2208 >= -4086 @ 4665.57
c #Conflicts:     540000 | #Constraints:      58658
c #Conflicts:     541000 | #Constraints:      59658
c #Conflicts:     542000 | #Constraints:      60658
c INPROCESSING
c GARBAGE COLLECT
c bounds -2208 >= -4084 @ 4708.03
c #Conflicts:     543000 | #Constraints:      42197
c #Conflicts:     544000 | #Constraints:      43197
c #Conflicts:     545000 | #Constraints:      44197
c #Conflicts:     546000 | #Constraints:      45197
c #Conflicts:     547000 | #Constraints:      46197
c bounds -2208 >= -4082 @ 4769.18
c #Conflicts:     548000 | #Constraints:      47290
c #Conflicts:     549000 | #Constraints:      48290
c #Conflicts:     550000 | #Constraints:      49290
c #Conflicts:     551000 | #Constraints:      50290
c bounds -2208 >= -4080 @ 4834.6
c #Conflicts:     552000 | #Constraints:      51398
c #Conflicts:     553000 | #Constraints:      52398
c #Conflicts:     554000 | #Constraints:      53398
c #Conflicts:     555000 | #Constraints:      54398
c bounds -2208 >= -4078 @ 4902.68
c #Conflicts:     556000 | #Constraints:      55470
c #Conflicts:     557000 | #Constraints:      56470
c #Conflicts:     558000 | #Constraints:      57470
c #Conflicts:     559000 | #Constraints:      58470
c bounds -2208 >= -4076 @ 4954.08
c #Conflicts:     560000 | #Constraints:      59551
c #Conflicts:     561000 | #Constraints:      60551
c bounds -2208 >= -4074 @ 4998.54
c #Conflicts:     562000 | #Constraints:      61623
c #Conflicts:     563000 | #Constraints:      62623
c #Conflicts:     564000 | #Constraints:      63623
c #Conflicts:     565000 | #Constraints:      64623
c bounds -2208 >= -4072 @ 5055.17
c #Conflicts:     566000 | #Constraints:      65689
c #Conflicts:     567000 | #Constraints:      66689
c bounds -2208 >= -4070 @ 5101.42
c #Conflicts:     568000 | #Constraints:      67773
c #Conflicts:     569000 | #Constraints:      68773
c #Conflicts:     570000 | #Constraints:      69773
c bounds -2208 >= -4068 @ 5149.03
c #Conflicts:     571000 | #Constraints:      70824
c #Conflicts:     572000 | #Constraints:      71824
c #Conflicts:     573000 | #Constraints:      72824
c bounds -2208 >= -4066 @ 5192.41
c #Conflicts:     574000 | #Constraints:      73878
c #Conflicts:     575000 | #Constraints:      74878
c #Conflicts:     576000 | #Constraints:      75878
c #Conflicts:     577000 | #Constraints:      76878
c #Conflicts:     578000 | #Constraints:      77878
c #Conflicts:     579000 | #Constraints:      78878
c bounds -2208 >= -4064 @ 5289.28
c #Conflicts:     580000 | #Constraints:      79953
c #Conflicts:     581000 | #Constraints:      80953
c #Conflicts:     582000 | #Constraints:      81953
c #Conflicts:     583000 | #Constraints:      82953
c #Conflicts:     584000 | #Constraints:      83953
c bounds -2208 >= -4062 @ 5382.85
c #Conflicts:     585000 | #Constraints:      85019
c #Conflicts:     586000 | #Constraints:      86019
c #Conflicts:     587000 | #Constraints:      87019
c #Conflicts:     588000 | #Constraints:      88019
c bounds -2208 >= -4060 @ 5461.81
c #Conflicts:     589000 | #Constraints:      89097
c #Conflicts:     590000 | #Constraints:      90097
c #Conflicts:     591000 | #Constraints:      91097
c #Conflicts:     592000 | #Constraints:      92097
c #Conflicts:     593000 | #Constraints:      93097
c #Conflicts:     594000 | #Constraints:      94097
c bounds -2208 >= -4058 @ 5561.6
c #Conflicts:     595000 | #Constraints:      95157
c #Conflicts:     596000 | #Constraints:      96157
c INPROCESSING
c GARBAGE COLLECT
c #Conflicts:     597000 | #Constraints:      57231
c #Conflicts:     598000 | #Constraints:      58231
c #Conflicts:     599000 | #Constraints:      59231
c #Conflicts:     600000 | #Constraints:      60231
c #Conflicts:     601000 | #Constraints:      61231
c bounds -2208 >= -4056 @ 5695.86
c #Conflicts:     602000 | #Constraints:      62309
c #Conflicts:     603000 | #Constraints:      63309
c #Conflicts:     604000 | #Constraints:      64309
c #Conflicts:     605000 | #Constraints:      65309
c #Conflicts:     606000 | #Constraints:      66309
c #Conflicts:     607000 | #Constraints:      67309
c #Conflicts:     608000 | #Constraints:      68309
c bounds -2208 >= -4054 @ 5829.18
c #Conflicts:     609000 | #Constraints:      69390
c #Conflicts:     610000 | #Constraints:      70390
c #Conflicts:     611000 | #Constraints:      71390
c #Conflicts:     612000 | #Constraints:      72390
c #Conflicts:     613000 | #Constraints:      73390
c #Conflicts:     614000 | #Constraints:      74390
c #Conflicts:     615000 | #Constraints:      75390
c INPROCESSING
c GARBAGE COLLECT
c #Conflicts:     616000 | #Constraints:      47192
c #Conflicts:     617000 | #Constraints:      48192
c #Conflicts:     618000 | #Constraints:      49192
c #Conflicts:     619000 | #Constraints:      50192
c #Conflicts:     620000 | #Constraints:      51192
c #Conflicts:     621000 | #Constraints:      52192
c bounds -2208 >= -4052 @ 6008.31
c #Conflicts:     622000 | #Constraints:      53276
c #Conflicts:     623000 | #Constraints:      54276
c #Conflicts:     624000 | #Constraints:      55276
c #Conflicts:     625000 | #Constraints:      56276
c #Conflicts:     626000 | #Constraints:      57276
c bounds -2208 >= -4050 @ 6073.55
c #Conflicts:     627000 | #Constraints:      58357
c #Conflicts:     628000 | #Constraints:      59357
c #Conflicts:     629000 | #Constraints:      60357
c #Conflicts:     630000 | #Constraints:      61357
c #Conflicts:     631000 | #Constraints:      62357
c #Conflicts:     632000 | #Constraints:      63357
c bounds -2208 >= -4048 @ 6183.18
c #Conflicts:     633000 | #Constraints:      64423
c #Conflicts:     634000 | #Constraints:      65423
c #Conflicts:     635000 | #Constraints:      66423
c #Conflicts:     636000 | #Constraints:      67423
c #Conflicts:     637000 | #Constraints:      68423
c #Conflicts:     638000 | #Constraints:      69423
c #Conflicts:     639000 | #Constraints:      70423
c #Conflicts:     640000 | #Constraints:      71423
c #Conflicts:     641000 | #Constraints:      72423
c #Conflicts:     642000 | #Constraints:      73423
c #Conflicts:     643000 | #Constraints:      74423
c bounds -2209 >= -4048 @ 6236.24
c #Conflicts:     644000 | #Constraints:      75424
c #Conflicts:     645000 | #Constraints:      76424
c #Conflicts:     646000 | #Constraints:      77424
c #Conflicts:     647000 | #Constraints:      78424
c #Conflicts:     648000 | #Constraints:      79424
c #Conflicts:     649000 | #Constraints:      80424
c #Conflicts:     650000 | #Constraints:      81424
c bounds -2209 >= -4046 @ 6358.65
c #Conflicts:     651000 | #Constraints:      82481
c #Conflicts:     652000 | #Constraints:      83481
c #Conflicts:     653000 | #Constraints:      84481
c #Conflicts:     654000 | #Constraints:      85481
c #Conflicts:     655000 | #Constraints:      86481
c #Conflicts:     656000 | #Constraints:      87481
c #Conflicts:     657000 | #Constraints:      88481
c #Conflicts:     658000 | #Constraints:      89481
c #Conflicts:     659000 | #Constraints:      90481
c #Conflicts:     660000 | #Constraints:      91481
c bounds -2210 >= -4046 @ 6460.24
c #Conflicts:     661000 | #Constraints:      92482
c #Conflicts:     662000 | #Constraints:      93482
c #Conflicts:     663000 | #Constraints:      94482
c #Conflicts:     664000 | #Constraints:      95482
c #Conflicts:     665000 | #Constraints:      96482
c #Conflicts:     666000 | #Constraints:      97482
c bounds -2210 >= -4044 @ 6565.56
c #Conflicts:     667000 | #Constraints:      98545
c #Conflicts:     668000 | #Constraints:      99545
c #Conflicts:     669000 | #Constraints:     100545
c #Conflicts:     670000 | #Constraints:     101545
c #Conflicts:     671000 | #Constraints:     102545
c #Conflicts:     672000 | #Constraints:     103545
c INPROCESSING
c GARBAGE COLLECT
c #Conflicts:     673000 | #Constraints:      61159
c bounds -2210 >= -4042 @ 6704.89
c #Conflicts:     674000 | #Constraints:      62237
c #Conflicts:     675000 | #Constraints:      63237
c #Conflicts:     676000 | #Constraints:      64237
c #Conflicts:     677000 | #Constraints:      65237
c #Conflicts:     678000 | #Constraints:      66237
c #Conflicts:     679000 | #Constraints:      67237
c #Conflicts:     680000 | #Constraints:      68237
c #Conflicts:     681000 | #Constraints:      69237
c bounds -2210 >= -4040 @ 6842.51
c #Conflicts:     682000 | #Constraints:      70297
c #Conflicts:     683000 | #Constraints:      71297
c bounds -2211 >= -4040 @ 6850.77
c #Conflicts:     684000 | #Constraints:      72298
c #Conflicts:     685000 | #Constraints:      73298
c #Conflicts:     686000 | #Constraints:      74298
c #Conflicts:     687000 | #Constraints:      75298
c #Conflicts:     688000 | #Constraints:      76298
c #Conflicts:     689000 | #Constraints:      77298
c #Conflicts:     690000 | #Constraints:      78298
c bounds -2211 >= -4038 @ 6979.75
c #Conflicts:     691000 | #Constraints:      79376
c #Conflicts:     692000 | #Constraints:      80376
c INPROCESSING
c GARBAGE COLLECT
c #Conflicts:     693000 | #Constraints:      49752
c #Conflicts:     694000 | #Constraints:      50752
c #Conflicts:     695000 | #Constraints:      51752
c #Conflicts:     696000 | #Constraints:      52752
c #Conflicts:     697000 | #Constraints:      53752
c #Conflicts:     698000 | #Constraints:      54752
c #Conflicts:     699000 | #Constraints:      55752
c #Conflicts:     700000 | #Constraints:      56752
c #Conflicts:     701000 | #Constraints:      57752
c #Conflicts:     702000 | #Constraints:      58752
c #Conflicts:     703000 | #Constraints:      59752
c #Conflicts:     704000 | #Constraints:      60752
c #Conflicts:     705000 | #Constraints:      61752
c #Conflicts:     706000 | #Constraints:      62752
c #Conflicts:     707000 | #Constraints:      63752
c #Conflicts:     708000 | #Constraints:      64752
c #Conflicts:     709000 | #Constraints:      65752
c #Conflicts:     710000 | #Constraints:      66752
c #Conflicts:     711000 | #Constraints:      67752
c #Conflicts:     712000 | #Constraints:      68752
c #Conflicts:     713000 | #Constraints:      69752
c #Conflicts:     714000 | #Constraints:      70752
c bounds -2212 >= -4038 @ 7310.35
c #Conflicts:     715000 | #Constraints:      71753
c #Conflicts:     716000 | #Constraints:      72753
c #Conflicts:     717000 | #Constraints:      73753
c #Conflicts:     718000 | #Constraints:      74753
c #Conflicts:     719000 | #Constraints:      75753
c #Conflicts:     720000 | #Constraints:      76753
c #Conflicts:     721000 | #Constraints:      77753
c #Conflicts:     722000 | #Constraints:      78753
c #Conflicts:     723000 | #Constraints:      79753
c #Conflicts:     724000 | #Constraints:      80753
c #Conflicts:     725000 | #Constraints:      81753
c #Conflicts:     726000 | #Constraints:      82753
c #Conflicts:     727000 | #Constraints:      83753
c #Conflicts:     728000 | #Constraints:      84753
c bounds -2212 >= -4036 @ 7549.47
c #Conflicts:     729000 | #Constraints:      85828
c #Conflicts:     730000 | #Constraints:      86828
c #Conflicts:     731000 | #Constraints:      87828
c #Conflicts:     732000 | #Constraints:      88828
c #Conflicts:     733000 | #Constraints:      89828
c #Conflicts:     734000 | #Constraints:      90828
c bounds -2212 >= -4034 @ 7655.53
c #Conflicts:     735000 | #Constraints:      91891
c #Conflicts:     736000 | #Constraints:      92891
c #Conflicts:     737000 | #Constraints:      93891
c #Conflicts:     738000 | #Constraints:      94891
c #Conflicts:     739000 | #Constraints:      95891
c #Conflicts:     740000 | #Constraints:      96891
c #Conflicts:     741000 | #Constraints:      97891
c #Conflicts:     742000 | #Constraints:      98891
c #Conflicts:     743000 | #Constraints:      99891
c #Conflicts:     744000 | #Constraints:     100891
c #Conflicts:     745000 | #Constraints:     101891
c #Conflicts:     746000 | #Constraints:     102891
c bounds -2212 >= -4032 @ 7868.22
c #Conflicts:     747000 | #Constraints:     103972
c #Conflicts:     748000 | #Constraints:     104972
c #Conflicts:     749000 | #Constraints:     105972
c #Conflicts:     750000 | #Constraints:     106972
c #Conflicts:     751000 | #Constraints:     107972
c #Conflicts:     752000 | #Constraints:     108972
c INPROCESSING
c GARBAGE COLLECT
c #Conflicts:     753000 | #Constraints:      63838
c #Conflicts:     754000 | #Constraints:      64838
c #Conflicts:     755000 | #Constraints:      65838
c #Conflicts:     756000 | #Constraints:      66838
c #Conflicts:     757000 | #Constraints:      67838
c #Conflicts:     758000 | #Constraints:      68838
c #Conflicts:     759000 | #Constraints:      69838
c #Conflicts:     760000 | #Constraints:      70838
c bounds -2212 >= -4030 @ 8130.1
c #Conflicts:     761000 | #Constraints:      71916
c #Conflicts:     762000 | #Constraints:      72916
c #Conflicts:     763000 | #Constraints:      73916
c #Conflicts:     764000 | #Constraints:      74916
c #Conflicts:     765000 | #Constraints:      75916
c #Conflicts:     766000 | #Constraints:      76916
c #Conflicts:     767000 | #Constraints:      77916
c #Conflicts:     768000 | #Constraints:      78916
c #Conflicts:     769000 | #Constraints:      79916
c #Conflicts:     770000 | #Constraints:      80916
c #Conflicts:     771000 | #Constraints:      81916
c #Conflicts:     772000 | #Constraints:      82916
c #Conflicts:     773000 | #Constraints:      83916
c bounds -2212 >= -4028 @ 8397.94
c #Conflicts:     774000 | #Constraints:      85006
c INPROCESSING
c GARBAGE COLLECT
c #Conflicts:     775000 | #Constraints:      51975
c #Conflicts:     776000 | #Constraints:      52975
c #Conflicts:     777000 | #Constraints:      53975
c bounds -2212 >= -4026 @ 8485.83
c #Conflicts:     778000 | #Constraints:      55059
c #Conflicts:     779000 | #Constraints:      56059
c #Conflicts:     780000 | #Constraints:      57059
c #Conflicts:     781000 | #Constraints:      58059
c #Conflicts:     782000 | #Constraints:      59059
c #Conflicts:     783000 | #Constraints:      60059
c #Conflicts:     784000 | #Constraints:      61059
c #Conflicts:     785000 | #Constraints:      62059
c #Conflicts:     786000 | #Constraints:      63059
c #Conflicts:     787000 | #Constraints:      64059
c #Conflicts:     788000 | #Constraints:      65059
c #Conflicts:     789000 | #Constraints:      66059
c #Conflicts:     790000 | #Constraints:      67059
c #Conflicts:     791000 | #Constraints:      68059
c #Conflicts:     792000 | #Constraints:      69059
c #Conflicts:     793000 | #Constraints:      70059
c #Conflicts:     794000 | #Constraints:      71059
c #Conflicts:     795000 | #Constraints:      72059
c #Conflicts:     796000 | #Constraints:      73059
c #Conflicts:     797000 | #Constraints:      74059
c #Conflicts:     798000 | #Constraints:      75059
c #Conflicts:     799000 | #Constraints:      76059
c #Conflicts:     800000 | #Constraints:      77059
c #Conflicts:     801000 | #Constraints:      78059
c #Conflicts:     802000 | #Constraints:      79059
c #Conflicts:     803000 | #Constraints:      80059
c #Conflicts:     804000 | #Constraints:      81059
c #Conflicts:     805000 | #Constraints:      82059
c #Conflicts:     806000 | #Constraints:      83059
c #Conflicts:     807000 | #Constraints:      84059
c #Conflicts:     808000 | #Constraints:      85059
c #Conflicts:     809000 | #Constraints:      86059
c #Conflicts:     810000 | #Constraints:      87059
c #Conflicts:     811000 | #Constraints:      88059
c #Conflicts:     812000 | #Constraints:      89059
c #Conflicts:     813000 | #Constraints:      90059
c #Conflicts:     814000 | #Constraints:      91059
c #Conflicts:     815000 | #Constraints:      92059
c #Conflicts:     816000 | #Constraints:      93059
c #Conflicts:     817000 | #Constraints:      94059
c bounds -2213 >= -4026 @ 9697.11
c #Conflicts:     818000 | #Constraints:      95060
c #Conflicts:     8190