c RoundingSat 2
c branch 
c commit 
c #variables 1361568 #constraints 2890606
c bounds - >= -4992750 @ 12.0475
c #Conflicts:       1000 | #Constraints:    2891605
c #Conflicts:       2000 | #Constraints:    2892605
c INPROCESSING
c bounds - >= -4992686 @ 13.124
c bounds - >= -4992622 @ 13.2422
c bounds - >= -4992558 @ 13.3512
c bounds - >= -4992494 @ 13.4589
c bounds - >= -4992430 @ 13.5678
c bounds - >= -4992366 @ 13.6761
c bounds - >= -4992302 @ 13.783
c bounds - >= -4992238 @ 13.8918
c bounds - >= -4992174 @ 14.0013
c bounds - >= -4992110 @ 14.109
c bounds - >= -4992046 @ 14.2164
c bounds - >= -4991982 @ 14.3242
c bounds - >= -4991918 @ 14.4316
c bounds - >= -4991854 @ 14.5387
c bounds - >= -4991790 @ 14.6455
c bounds - >= -4991726 @ 14.7529
c bounds - >= -4991662 @ 14.8607
c bounds - >= -4991598 @ 14.9694
c bounds - >= -4991534 @ 15.0765
c bounds - >= -4991470 @ 15.1855
c bounds - >= -4991406 @ 15.2939
c bounds - >= -4991342 @ 15.4022
c bounds - >= -4991278 @ 15.5103
c bounds - >= -4991214 @ 15.6189
c bounds - >= -4991150 @ 15.7267
c bounds - >= -4991086 @ 15.8329
c bounds - >= -4991022 @ 15.9393
c bounds - >= -4990958 @ 16.0474
c bounds - >= -4990894 @ 16.1537
c bounds - >= -4990830 @ 16.26
c bounds - >= -4990766 @ 16.3664
c bounds - >= -4990702 @ 16.4725
c bounds - >= -4990638 @ 16.5791
c bounds - >= -4990574 @ 16.6879
c bounds - >= -4990510 @ 16.7954
c bounds - >= -4990446 @ 16.9032
c bounds - >= -4990382 @ 17.0091
c bounds - >= -4990318 @ 17.1168
c bounds - >= -4990254 @ 17.225
c bounds - >= -4990190 @ 17.3325
c bounds - >= -4990126 @ 17.441
c bounds - >= -4990062 @ 17.5482
c bounds - >= -4989998 @ 17.6567
c bounds - >= -4989934 @ 17.7637
c bounds - >= -4989870 @ 17.8696
c bounds - >= -4989806 @ 17.9758
c bounds - >= -4989742 @ 18.0829
c bounds - >= -4989678 @ 18.19
c bounds - >= -4989614 @ 18.2987
c bounds - >= -4989550 @ 18.4057
c bounds - >= -4989486 @ 18.5133
c bounds - >= -4989422 @ 18.6204
c bounds - >= -4989358 @ 18.7272
c bounds - >= -4989294 @ 18.8342
c bounds - >= -4989230 @ 18.941
c bounds - >= -4989166 @ 19.0477
c bounds - >= -4989102 @ 19.1549
c bounds - >= -4989038 @ 19.2621
c bounds - >= -4988974 @ 19.3698
c bounds - >= -4988910 @ 19.4766
c bounds - >= -4988846 @ 19.5835
c bounds - >= -4988782 @ 19.6894
c bounds - >= -4988718 @ 19.7973
c bounds - >= -4988654 @ 19.9043
c bounds - >= -4988590 @ 20.0101
c bounds - >= -4988526 @ 20.1167
c bounds - >= -4988462 @ 20.2235
c bounds - >= -4988398 @ 20.3294
c bounds - >= -4988334 @ 20.4362
c bounds - >= -4988270 @ 20.542
c bounds - >= -4988206 @ 20.6485
c bounds - >= -4988142 @ 20.755
c bounds - >= -4988078 @ 20.8607
c bounds - >= -4988014 @ 20.9678
c bounds - >= -4987950 @ 21.0749
c bounds - >= -4987886 @ 21.181
c bounds - >= -4987822 @ 21.2878
c bounds - >= -4987758 @ 21.395
c bounds - >= -4987694 @ 21.5018
c bounds - >= -4987630 @ 21.6087
c bounds - >= -4987566 @ 21.7157
c bounds - >= -4987502 @ 21.8223
c bounds - >= -4987438 @ 21.9295
c bounds - >= -4987374 @ 22.0362
c bounds - >= -4987310 @ 22.1432
c bounds - >= -4987246 @ 22.2491
c bounds - >= -4987182 @ 22.3567
c bounds - >= -4987118 @ 22.4638
c bounds - >= -4987054 @ 22.5699
c bounds - >= -4986990 @ 22.6768
c bounds - >= -4986926 @ 22.784
c bounds - >= -4986862 @ 22.8914
c bounds - >= -4986798 @ 22.9982
c bounds - >= -4986734 @ 23.105
c bounds - >= -4986670 @ 23.2117
c bounds - >= -4986606 @ 23.3188
c bounds - >= -4986542 @ 23.4247
c bounds - >= -4986478 @ 23.532
c bounds - >= -4986414 @ 23.6389
c bounds - >= -4986350 @ 23.7458
c bounds - >= -4986286 @ 23.8528
c bounds - >= -4986222 @ 23.9599
c bounds - >= -4986158 @ 24.0671
c bounds - >= -4986094 @ 24.1743
c bounds - >= -4986030 @ 24.2804
c bounds - >= -4985966 @ 24.3873
c bounds - >= -4985902 @ 24.4943
c bounds - >= -4985838 @ 24.6001
c bounds - >= -4985774 @ 24.7071
c bounds - >= -4985710 @ 24.8144
c bounds - >= -4985646 @ 24.9215
c bounds - >= -4985582 @ 25.0289
c bounds - >= -4985518 @ 25.1359
c bounds - >= -4985454 @ 25.2421
c bounds - >= -4985390 @ 25.3491
c bounds - >= -4985326 @ 25.456
c bounds - >= -4985262 @ 25.5628
c bounds - >= -4985198 @ 25.6697
c bounds - >= -4985134 @ 25.7778
c bounds - >= -4985070 @ 25.885
c bounds - >= -4985006 @ 25.9913
c bounds - >= -4984942 @ 26.0974
c bounds - >= -4984878 @ 26.2044
c bounds - >= -4984814 @ 26.311
c bounds - >= -4984750 @ 26.4178
c bounds - >= -4984686 @ 26.5244
c bounds - >= -4984622 @ 26.6325
c bounds - >= -4984558 @ 26.7394
c bounds - >= -4984494 @ 26.8458
c bounds - >= -4984430 @ 26.952
c bounds - >= -4984366 @ 27.0586
c bounds - >= -4984302 @ 27.1662
c bounds - >= -4984238 @ 27.2734
c bounds - >= -4984174 @ 27.3814
c bounds - >= -4984110 @ 27.4878
c bounds - >= -4984046 @ 27.5944
c bounds - >= -4983982 @ 27.7005
c bounds - >= -4983918 @ 27.8064
c bounds - >= -4983854 @ 27.9129
c bounds - >= -4983790 @ 28.0183
c bounds - >= -4983726 @ 28.1263
c bounds - >= -4983662 @ 28.2329
c bounds - >= -4983598 @ 28.3407
c bounds - >= -4983534 @ 28.4474
c bounds - >= -4983470 @ 28.553
c bounds - >= -4983406 @ 28.6604
c bounds - >= -4983342 @ 28.7671
c bounds - >= -4983278 @ 28.874
c bounds - >= -4983214 @ 28.98
c bounds - >= -4983150 @ 29.0865
c bounds - >= -4983086 @ 29.1926
c bounds - >= -4983022 @ 29.2995
c bounds - >= -4982958 @ 29.4057
c bounds - >= -4982894 @ 29.513
c bounds - >= -4982830 @ 29.62
c bounds - >= -4982766 @ 29.7268
c bounds - >= -4982702 @ 29.8327
c bounds - >= -4982638 @ 29.9396
c bounds - >= -4982574 @ 30.0454
c bounds - >= -4982510 @ 30.1515
c bounds - >= -4982446 @ 30.2596
c bounds - >= -4982382 @ 30.3655
c bounds - >= -4982318 @ 30.4733
c bounds - >= -4982254 @ 30.5792
c bounds - >= -4982190 @ 30.685
c bounds - >= -4982126 @ 30.7919
c bounds - >= -4982062 @ 30.8988
c bounds - >= -4981998 @ 31.0057
c bounds - >= -4981934 @ 31.1127
c bounds - >= -4981870 @ 31.2188
c bounds - >= -4981806 @ 31.3255
c bounds - >= -4981742 @ 31.4313
c bounds - >= -4981678 @ 31.5394
c bounds - >= -4981614 @ 31.6466
c bounds - >= -4981550 @ 31.7527
c bounds - >= -4981486 @ 31.8586
c bounds - >= -4981422 @ 31.9653
c bounds - >= -4981358 @ 32.0721
c bounds - >= -4981294 @ 32.1791
c bounds - >= -4981230 @ 32.2862
c bounds - >= -4981166 @ 32.3922
c bounds - >= -4981102 @ 32.4985
c bounds - >= -4981038 @ 32.6057
c bounds - >= -4980974 @ 32.7121
c bounds - >= -4980910 @ 32.819
c bounds - >= -4980846 @ 32.9249
c bounds - >= -4980782 @ 33.0311
c bounds - >= -4980718 @ 33.138
c bounds - >= -4980654 @ 33.244
c bounds - >= -4980590 @ 33.3509
c bounds - >= -4980526 @ 33.4579
c bounds - >= -4980462 @ 33.5651
c bounds - >= -4980398 @ 33.6721
c bounds - >= -4980334 @ 33.7789
c bounds - >= -4980270 @ 33.8861
c bounds - >= -4980206 @ 33.9943
c bounds - >= -4980142 @ 34.1002
c bounds - >= -4980078 @ 34.2067
c bounds - >= -4980014 @ 34.313
c bounds - >= -4979950 @ 34.4199
c bounds - >= -4979886 @ 34.5267
c bounds - >= -4979822 @ 34.6347
c bounds - >= -4979758 @ 34.7418
c bounds - >= -4979694 @ 34.8488
c bounds - >= -4979630 @ 34.9549
c bounds - >= -4979566 @ 35.0616
c bounds - >= -4979502 @ 35.1686
c bounds - >= -4979438 @ 35.2746
c bounds - >= -4979374 @ 35.381
c bounds - >= -4979310 @ 35.4879
c bounds - >= -4979246 @ 35.595
c bounds - >= -4979182 @ 35.7023
c bounds - >= -4979118 @ 35.8092
c bounds - >= -4979054 @ 35.9162
c bounds - >= -4978990 @ 36.0231
c bounds - >= -4978926 @ 36.1291
c bounds - >= -4978862 @ 36.2353
c bounds - >= -4978798 @ 36.3409
c bounds - >= -4978734 @ 36.4489
c bounds - >= -4978670 @ 36.5552
c bounds - >= -4978606 @ 36.6625
c bounds - >= -4978542 @ 36.7697
c bounds - >= -4978478 @ 36.8764
c bounds - >= -4978414 @ 36.9836
c bounds - >= -4978350 @ 37.0899
c bounds - >= -4978286 @ 37.1967
c bounds - >= -4978222 @ 37.303
c bounds - >= -4978158 @ 37.41
c bounds - >= -4978094 @ 37.5168
c bounds - >= -4978030 @ 37.6241
c bounds - >= -4977966 @ 37.7312
c bounds - >= -4977902 @ 37.839
c bounds - >= -4977838 @ 37.9456
c bounds - >= -4977774 @ 38.0527
c bounds - >= -4977710 @ 38.1597
c bounds - >= -4977646 @ 38.2677
c bounds - >= -4977582 @ 38.3751
c bounds - >= -4977518 @ 38.4812
c bounds - >= -4977454 @ 38.5884
c bounds - >= -4977390 @ 38.6965
c bounds - >= -4977326 @ 38.8034
c bounds - >= -4977262 @ 38.9104
c bounds - >= -4977198 @ 39.0167
c bounds - >= -4977134 @ 39.1229
c bounds - >= -4977070 @ 39.2297
c bounds - >= -4977006 @ 39.3358
c bounds - >= -4976942 @ 39.443
c bounds - >= -4976878 @ 39.55
c bounds - >= -4976814 @ 39.657
c bounds - >= -4976750 @ 39.7637
c bounds - >= -4976686 @ 39.871
c bounds - >= -4976622 @ 39.9794
c bounds - >= -4976558 @ 40.0865
c bounds - >= -4976494 @ 40.1948
c bounds - >= -4976430 @ 40.3017
c bounds - >= -4976366 @ 40.4078
c bounds - >= -4976302 @ 40.5142
c bounds - >= -4976238 @ 40.6222
c bounds - >= -4976174 @ 40.7286
c bounds - >= -4976110 @ 40.8349
c bounds - >= -4976046 @ 40.9418
c bounds - >= -4975982 @ 41.0503
c bounds - >= -4975918 @ 41.1574
c bounds - >= -4975854 @ 41.2634
c bounds - >= -4975790 @ 41.3697
c bounds - >= -4975726 @ 41.4769
c bounds - >= -4975662 @ 41.5838
c bounds - >= -4975598 @ 41.6922
c bounds - >= -4975534 @ 41.7996
c bounds - >= -4975470 @ 41.9066
c bounds - >= -4975406 @ 42.014
c bounds - >= -4975342 @ 42.121
c bounds - >= -4975278 @ 42.2273
c bounds - >= -4975214 @ 42.3344
c bounds - >= -4975150 @ 42.4412
c bounds - >= -4975086 @ 42.5484
c bounds - >= -4975022 @ 42.6558
c bounds - >= -4974958 @ 42.7618
c bounds - >= -4974894 @ 42.8701
c bounds - >= -4974830 @ 42.9772
c bounds - >= -4974766 @ 43.0841
c bounds - >= -4974702 @ 43.1899
c bounds - >= -4974638 @ 43.2969
c bounds - >= -4974574 @ 43.4023
c bounds - >= -4974510 @ 43.5089
c bounds - >= -4974446 @ 43.6156
c bounds - >= -4974382 @ 43.7215
c bounds - >= -4974318 @ 43.8279
c bounds - >= -4974254 @ 43.9346
c bounds - >= -4974190 @ 44.0419
c bounds - >= -4974126 @ 44.1487
c bounds - >= -4974062 @ 44.2555
c bounds - >= -4973998 @ 44.3624
c bounds - >= -4973934 @ 44.4695
c bounds - >= -4973870 @ 44.5766
c bounds - >= -4973806 @ 44.6839
c bounds - >= -4973742 @ 44.7923
c bounds - >= -4973678 @ 44.8994
c bounds - >= -4973614 @ 45.0064
c bounds - >= -4973550 @ 45.1125
c bounds - >= -4973486 @ 45.2196
c bounds - >= -4973422 @ 45.3265
c bounds - >= -4973358 @ 45.4337
c bounds - >= -4973294 @ 45.5416
c bounds - >= -4973230 @ 45.6485
c bounds - >= -4973166 @ 45.7551
c bounds - >= -4973102 @ 45.8616
c bounds - >= -4973038 @ 45.9679
c bounds - >= -4972974 @ 46.0748
c bounds - >= -4972910 @ 46.1813
c bounds - >= -4972846 @ 46.2884
c bounds - >= -4972782 @ 46.3954
c bounds - >= -4972718 @ 46.5021
c bounds - >= -4972654 @ 46.6093
c bounds - >= -4972590 @ 46.7161
c bounds - >= -4972526 @ 46.8232
c bounds - >= -4972462 @ 46.9297
c bounds - >= -4972398 @ 47.0367
c bounds - >= -4972334 @ 47.1425
c bounds - >= -4972270 @ 47.2493
c bounds - >= -4972206 @ 47.3552
c bounds - >= -4972142 @ 47.4631
c bounds - >= -4972078 @ 47.5702
c bounds - >= -4972014 @ 47.6774
c bounds - >= -4971950 @ 47.7835
c bounds - >= -4971886 @ 47.8914
c bounds - >= -4971822 @ 47.997
c bounds - >= -4971758 @ 48.1034
c bounds - >= -4971694 @ 48.2101
c bounds - >= -4971630 @ 48.3159
c bounds - >= -4971566 @ 48.4223
c bounds - >= -4971502 @ 48.5292
c bounds - >= -4971438 @ 48.6351
c bounds - >= -4971374 @ 48.7422
c bounds - >= -4971310 @ 48.8491
c bounds - >= -4971246 @ 48.9551
c bounds - >= -4971182 @ 49.0622
c bounds - >= -4971118 @ 49.1685
c bounds - >= -4971054 @ 49.2755
c bounds - >= -4970990 @ 49.3823
c bounds - >= -4970926 @ 49.4886
c bounds - >= -4970862 @ 49.5951
c bounds - >= -4970798 @ 49.7028
c bounds - >= -4970734 @ 49.8099
c bounds - >= -4970670 @ 49.9175
c bounds - >= -4970606 @ 50.0245
c bounds - >= -4970542 @ 50.1312
c bounds - >= -4970478 @ 50.238
c bounds - >= -4970414 @ 50.3441
c bounds - >= -4970350 @ 50.4508
c bounds - >= -4970286 @ 50.5574
c bounds - >= -4970222 @ 50.6644
c bounds - >= -4970158 @ 50.7713
c bounds - >= -4970094 @ 50.8779
c bounds - >= -4970030 @ 50.9847
c bounds - >= -4969966 @ 51.0915
c bounds - >= -4969902 @ 51.1972
c bounds - >= -4969838 @ 51.3039
c bounds - >= -4969774 @ 51.4106
c bounds - >= -4969710 @ 51.5163
c bounds - >= -4969646 @ 51.623
c bounds - >= -4969582 @ 51.7297
c bounds - >= -4969518 @ 51.8368
c bounds - >= -4969454 @ 51.9443
c bounds - >= -4969390 @ 52.0499
c bounds - >= -4969326 @ 52.1563
c bounds - >= -4969262 @ 52.2632
c bounds - >= -4969198 @ 52.3691
c bounds - >= -4969134 @ 52.476
c bounds - >= -4969070 @ 52.5823
c bounds - >= -4969006 @ 52.6894
c bounds - >= -4968942 @ 52.7964
c bounds - >= -4968878 @ 52.9025
c bounds - >= -4968814 @ 53.0091
c bounds - >= -4968750 @ 53.1158
c bounds - >= -4968686 @ 53.2228
c bounds - >= -4968622 @ 53.3296
c bounds - >= -4968558 @ 53.4364
c bounds - >= -4968494 @ 53.5425
c bounds - >= -4968430 @ 53.6494
c bounds - >= -4968366 @ 53.7566
c bounds - >= -4968302 @ 53.8639
c bounds - >= -4968238 @ 53.9708
c bounds - >= -4968174 @ 54.0781
c bounds - >= -4968110 @ 54.1852
c bounds - >= -4968046 @ 54.2914
c bounds - >= -4967982 @ 54.3977
c bounds - >= -4967918 @ 54.5043
c bounds - >= -4967854 @ 54.6104
c bounds - >= -4967790 @ 54.7168
c bounds - >= -4967726 @ 54.8236
c bounds - >= -4967662 @ 54.931
c bounds - >= -4967598 @ 55.038
c bounds - >= -4967534 @ 55.1445
c bounds - >= -4967470 @ 55.252
c bounds - >= -4967406 @ 55.3599
c bounds - >= -4967342 @ 55.4655
c bounds - >= -4967278 @ 55.5727
c bounds - >= -4967214 @ 55.6795
c bounds - >= -4967150 @ 55.7858
c bounds - >= -4967086 @ 55.8923
c bounds - >= -4967022 @ 55.9989
c bounds - >= -4966958 @ 56.1049
c bounds - >= -4966894 @ 56.2118
c bounds - >= -4966830 @ 56.3188
c bounds - >= -4966766 @ 56.4237
c bounds - >= -4966702 @ 56.5304
c bounds - >= -4966638 @ 56.6371
c bounds - >= -4966574 @ 56.7441
c bounds - >= -4966510 @ 56.8509
c bounds - >= -4966446 @ 56.9578
c bounds - >= -4966382 @ 57.0645
c bounds - >= -4966318 @ 57.1714
c bounds - >= -4966254 @ 57.2772
c bounds - >= -4966190 @ 57.3841
c bounds - >= -4966126 @ 57.4912
c bounds - >= -4966062 @ 57.5995
c bounds - >= -4965998 @ 57.7065
c bounds - >= -4965934 @ 57.8145
c bounds - >= -4965870 @ 57.9211
c bounds - >= -4965806 @ 58.0281
c bounds - >= -4965742 @ 58.1351
c bounds - >= -4965678 @ 58.242
c bounds - >= -4965614 @ 58.3489
c bounds - >= -4965550 @ 58.4548
c bounds - >= -4965486 @ 58.5628
c bounds - >= -4965422 @ 58.6697
c bounds - >= -4965358 @ 58.7757
c bounds - >= -4965294 @ 58.8823
c bounds - >= -4965230 @ 58.9899
c bounds - >= -4965166 @ 59.0966
c bounds - >= -4965102 @ 59.2046
c bounds - >= -4965038 @ 59.3116
c bounds - >= -4964974 @ 59.4185
c bounds - >= -4964910 @ 59.5247
c bounds - >= -4964846 @ 59.6309
c bounds - >= -4964782 @ 59.7376
c bounds - >= -4964718 @ 59.8435
c bounds - >= -4964654 @ 59.95
c bounds - >= -4964590 @ 60.0568
c bounds - >= -4964526 @ 60.1629
c bounds - >= -4964462 @ 60.2697
c bounds - >= -4964398 @ 60.3767
c bounds - >= -4964334 @ 60.4829
c bounds - >= -4964270 @ 60.5907
c bounds - >= -4964206 @ 60.6976
c bounds - >= -4964142 @ 60.8053
c bounds - >= -4964078 @ 60.911
c bounds - >= -4964014 @ 61.0185
c bounds - >= -4963950 @ 61.1252
c bounds - >= -4963886 @ 61.2311
c bounds - >= -4963822 @ 61.3384
c bounds - >= -4963758 @ 61.4452
c bounds - >= -4963694 @ 61.5521
c bounds - >= -4963630 @ 61.6603
c bounds - >= -4963566 @ 61.7669
c bounds - >= -4963502 @ 61.8734
c bounds - >= -4963438 @ 61.9805
c bounds - >= -4963374 @ 62.0864
c bounds - >= -4963310 @ 62.1933
c bounds - >= -4963246 @ 62.3002
c bounds - >= -4963182 @ 62.407
c bounds - >= -4963118 @ 62.5142
c bounds - >= -4963054 @ 62.6213
c bounds - >= -4962990 @ 62.7274
c bounds - >= -4962926 @ 62.8342
c bounds - >= -4962862 @ 62.9415
c bounds - >= -4962798 @ 63.0487
c bounds - >= -4962734 @ 63.1555
c bounds - >= -4962670 @ 63.2619
c bounds - >= -4962606 @ 63.3682
c bounds - >= -4962542 @ 63.4754
c bounds - >= -4962478 @ 63.5833
c bounds - >= -4962414 @ 63.6905
c bounds - >= -4962350 @ 63.7974
c bounds - >= -4962286 @ 63.9038
c bounds - >= -4962222 @ 64.01
c bounds - >= -4962158 @ 64.1171
c bounds - >= -4962094 @ 64.2235
c bounds - >= -4962030 @ 64.3296
c bounds - >= -4961966 @ 64.437
c bounds - >= -4961902 @ 64.5453
c bounds - >= -4961838 @ 64.6523
c bounds - >= -4961774 @ 64.7595
c bounds - >= -4961710 @ 64.8664
c bounds - >= -4961646 @ 64.9732
c bounds - >= -4961582 @ 65.0805
c bounds - >= -4961518 @ 65.1875
c bounds - >= -4961454 @ 65.2936
c bounds - >= -4961390 @ 65.4014
c bounds - >= -4961326 @ 65.5083
c bounds - >= -4961262 @ 65.6145
c bounds - >= -4961198 @ 65.7215
c bounds - >= -4961134 @ 65.8273
c bounds - >= -4961070 @ 65.9336
c bounds - >= -4961006 @ 66.0408
c bounds - >= -4960942 @ 66.1476
c bounds - >= -4960878 @ 66.2547
c bounds - >= -4960814 @ 66.3618
c bounds - >= -4960750 @ 66.4687
c bounds - >= -4960686 @ 66.5761
c bounds - >= -4960622 @ 66.683
c bounds - >= -4960558 @ 66.7907
c bounds - >= -4960494 @ 66.8974
c bounds - >= -4960430 @ 67.0038
c bounds - >= -4960366 @ 67.1098
c bounds - >= -4960302 @ 67.2166
c bounds - >= -4960238 @ 67.3226
c bounds - >= -4960174 @ 67.4288
c bounds - >= -4960110 @ 67.5361
c bounds - >= -4960046 @ 67.6428
c bounds - >= -4959982 @ 67.7497
c bounds - >= -4959918 @ 67.8578
c bounds - >= -4959854 @ 67.9662
c bounds - >= -4959790 @ 68.0731
c bounds - >= -4959726 @ 68.1791
c bounds - >= -4959662 @ 68.2856
c bounds - >= -4959598 @ 68.3924
c bounds - >= -4959534 @ 68.499
c bounds - >= -4959470 @ 68.6055
c bounds - >= -4959406 @ 68.7133
c bounds - >= -4959342 @ 68.8205
c bounds - >= -4959278 @ 68.9284
c bounds - >= -4959214 @ 69.0352
c bounds - >= -4959150 @ 69.1423
c bounds - >= -4959086 @ 69.2484
c bounds - >= -4959022 @ 69.3561
c bounds - >= -4958958 @ 69.4625
c bounds - >= -4958894 @ 69.5696
c bounds - >= -4958830 @ 69.6755
c bounds - >= -4958766 @ 69.7828
c bounds - >= -4958702 @ 69.8889
c bounds - >= -4958638 @ 69.9955
c bounds - >= -4958574 @ 70.1027
c bounds - >= -4958510 @ 70.2082
c bounds - >= -4958446 @ 70.3154
c bounds - >= -4958382 @ 70.4226
c bounds - >= -4958318 @ 70.5287
c bounds - >= -4958254 @ 70.6359
c bounds - >= -4958190 @ 70.7423
c bounds - >= -4958126 @ 70.8505
c bounds - >= -4958062 @ 70.9576
c bounds - >= -4957998 @ 71.065
c bounds - >= -4957934 @ 71.1724
c bounds - >= -4957870 @ 71.2796
c bounds - >= -4957806 @ 71.3871
c bounds - >= -4957742 @ 71.4943
c bounds - >= -4957678 @ 71.6015
c bounds - >= -4957614 @ 71.7088
c bounds - >= -4957550 @ 71.8158
c bounds - >= -4957486 @ 71.9219
c bounds - >= -4957422 @ 72.0283
c bounds - >= -4957358 @ 72.1351
c bounds - >= -4957294 @ 72.2423
c bounds - >= -4957230 @ 72.3508
c bounds - >= -4957166 @ 72.4576
c bounds - >= -4957102 @ 72.5637
c bounds - >= -4957038 @ 72.6709
c bounds - >= -4956974 @ 72.7782
c bounds - >= -4956910 @ 72.8845
c bounds - >= -4956846 @ 72.9927
c bounds - >= -4956782 @ 73.0998
c bounds - >= -4956718 @ 73.2064
c bounds - >= -4956654 @ 73.3138
c bounds - >= -4956590 @ 73.4209
c bounds - >= -4956526 @ 73.5292
c bounds - >= -4956462 @ 73.6362
c bounds - >= -4956398 @ 73.7423
c bounds - >= -4956334 @ 73.8495
c bounds - >= -4956270 @ 73.9565
c bounds - >= -4956206 @ 74.0637
c bounds - >= -4956142 @ 74.171
c bounds - >= -4956078 @ 74.2781
c bounds - >= -4956014 @ 74.3855
c bounds - >= -4955950 @ 74.4928
c bounds - >= -4955886 @ 74.6
c bounds - >= -4955822 @ 74.7068
c bounds - >= -4955758 @ 74.8151
c bounds - >= -4955694 @ 74.9222
c bounds - >= -4955630 @ 75.0293
c bounds - >= -4955566 @ 75.1366
c bounds - >= -4955502 @ 75.2433
c bounds - >= -4955438 @ 75.3502
c bounds - >= -4955374 @ 75.4562
c bounds - >= -4955310 @ 75.5629
c bounds - >= -4955246 @ 75.67
c bounds - >= -4955182 @ 75.7773
c bounds - >= -4955118 @ 75.8839
c bounds - >= -4955054 @ 75.9896
c bounds - >= -4954990 @ 76.0967
c bounds - >= -4954926 @ 76.2035
c bounds - >= -4954862 @ 76.3102
c bounds - >= -4954798 @ 76.4175
c bounds - >= -4954734 @ 76.5243
c bounds - >= -4954670 @ 76.6304
c bounds - >= -4954606 @ 76.7382
c bounds - >= -4954542 @ 76.8444
c bounds - >= -4954478 @ 76.9506
c bounds - >= -4954414 @ 77.0574
c bounds - >= -4954350 @ 77.1649
c bounds - >= -4954286 @ 77.2721
c bounds - >= -4954222 @ 77.3789
c bounds - >= -4954158 @ 77.4856
c bounds - >= -4954094 @ 77.5926
c bounds - >= -4954030 @ 77.6987
c bounds - >= -4953966 @ 77.8051
c bounds - >= -4953902 @ 77.912
c bounds - >= -4953838 @ 78.019
c bounds - >= -4953774 @ 78.1252
c bounds - >= -4953710 @ 78.2325
c bounds - >= -4953646 @ 78.3388
c bounds - >= -4953582 @ 78.4451
c bounds - >= -4953518 @ 78.5521
c bounds - >= -4953454 @ 78.6602
c bounds - >= -4953390 @ 78.767
c bounds - >= -4953326 @ 78.8738
c bounds - >= -4953262 @ 78.9809
c bounds - >= -4953198 @ 79.0878
c bounds - >= -4953134 @ 79.1949
c bounds - >= -4953070 @ 79.302
c bounds - >= -4953006 @ 79.4088
c bounds - >= -4952942 @ 79.5167
c bounds - >= -4952878 @ 79.6238
c bounds - >= -4952814 @ 79.7314
c bounds - >= -4952750 @ 79.8378
c bounds - >= -4952686 @ 79.9451
c bounds - >= -4952622 @ 80.0519
c bounds - >= -4952558 @ 80.1592
c bounds - >= -4952494 @ 80.2661
c bounds - >= -4952430 @ 80.3731
c bounds - >= -4952366 @ 80.4802
c bounds - >= -4952302 @ 80.587
c bounds - >= -4952238 @ 80.6933
c bounds - >= -4952174 @ 80.8003
c bounds - >= -4952110 @ 80.9064
c bounds - >= -4952046 @ 81.0123
c bounds - >= -4951982 @ 81.1196
c bounds - >= -4951918 @ 81.2264
c bounds - >= -4951854 @ 81.3337
c bounds - >= -4951790 @ 81.4406
c bounds - >= -4951726 @ 81.5475
c bounds - >= -4951662 @ 81.6542
c bounds - >= -4951598 @ 81.7624
c bounds - >= -4951534 @ 81.8681
c bounds - >= -4951470 @ 81.9752
c bounds - >= -4951406 @ 82.0822
c bounds - >= -4951342 @ 82.1893
c bounds - >= -4951278 @ 82.296
c bounds - >= -4951214 @ 82.4041
c bounds - >= -4951150 @ 82.511
c bounds - >= -4951086 @ 82.6188
c bounds - >= -4951022 @ 82.7242
c bounds - >= -4950958 @ 82.8304
c bounds - >= -4950894 @ 82.9353
c bounds - >= -4950830 @ 83.0412
c bounds - >= -4950766 @ 83.1473
c bounds - >= -4950702 @ 83.253
c bounds - >= -4950638 @ 83.3606
c bounds - >= -4950574 @ 83.4669
c bounds - >= -4950510 @ 83.5741
c bounds - >= -4950446 @ 83.6811
c bounds - >= -4950382 @ 83.788
c bounds - >= -4950318 @ 83.8939
c bounds - >= -4950254 @ 84.0011
c bounds - >= -4950190 @ 84.108
c bounds - >= -4950126 @ 84.2149
c bounds - >= -4950062 @ 84.3216
c bounds - >= -4949998 @ 84.428
c bounds - >= -4949934 @ 84.535
c bounds - >= -4949870 @ 84.6417
c bounds - >= -4949806 @ 84.7472
c bounds - >= -4949742 @ 84.8537
c bounds - >= -4949678 @ 84.9617
c bounds - >= -4949614 @ 85.0674
c bounds - >= -4949550 @ 85.1743
c bounds - >= -4949486 @ 85.2799
c bounds - >= -4949422 @ 85.3868
c bounds - >= -4949358 @ 85.4934
c bounds - >= -4949294 @ 85.5988
c bounds - >= -4949230 @ 85.7051
c bounds - >= -4949166 @ 85.812
c bounds - >= -4949102 @ 85.9179
c bounds - >= -4949038 @ 86.0245
c bounds - >= -4948974 @ 86.1321
c bounds - >= -4948910 @ 86.2376
c bounds - >= -4948846 @ 86.3441
c bounds - >= -4948782 @ 86.452
c bounds - >= -4948718 @ 86.5586
c bounds - >= -4948654 @ 86.6655
c bounds - >= -4948590 @ 86.7726
c bounds - >= -4948526 @ 86.8792
c bounds - >= -4948462 @ 86.9847
c bounds - >= -4948398 @ 87.0918
c bounds - >= -4948334 @ 87.1986
c bounds - >= -4948270 @ 87.3049
c bounds - >= -4948206 @ 87.4116
c bounds - >= -4948142 @ 87.5192
c bounds - >= -4948078 @ 87.6255
c bounds - >= -4948014 @ 87.7325
c bounds - >= -4947950 @ 87.8385
c bounds - >= -4947886 @ 87.946
c bounds - >= -4947822 @ 88.0529
c bounds - >= -4947758 @ 88.1596
c bounds - >= -4947694 @ 88.2669
c bounds - >= -4947630 @ 88.3742
c bounds - >= -4947566 @ 88.4802
c bounds - >= -4947502 @ 88.5872
c bounds - >= -4947438 @ 88.6929
c bounds - >= -4947374 @ 88.7998
c bounds - >= -4947310 @ 88.9069
c bounds - >= -4947246 @ 89.013
c bounds - >= -4947182 @ 89.1196
c bounds - >= -4947118 @ 89.2266
c bounds - >= -4947054 @ 89.3333
c bounds - >= -4946990 @ 89.4399
c bounds - >= -4946926 @ 89.5467
c bounds - >= -4946862 @ 89.653
c bounds - >= -4946798 @ 89.7596
c bounds - >= -4946734 @ 89.8656
c bounds - >= -4946670 @ 89.9719
c bounds - >= -4946606 @ 90.0785
c bounds - >= -4946542 @ 90.1842
c bounds - >= -4946478 @ 90.2912
c bounds - >= -4946414 @ 90.3977
c bounds - >= -4946350 @ 90.5044
c bounds - >= -4946286 @ 90.6107
c bounds - >= -4946222 @ 90.7171
c bounds - >= -4946158 @ 90.823
c bounds - >= -4946094 @ 90.9307
c bounds - >= -4946030 @ 91.0373
c bounds - >= -4945966 @ 91.1443
c bounds - >= -4945902 @ 91.2516
c bounds - >= -4945838 @ 91.3581
c bounds - >= -4945774 @ 91.4652
c bounds - >= -4945710 @ 91.5705
c bounds - >= -4945646 @ 91.6772
c bounds - >= -4945582 @ 91.7841
c bounds - >= -4945518 @ 91.8895
c bounds - >= -4945454 @ 91.9969
c bounds - >= -4945390 @ 92.1046
c bounds - >= -4945326 @ 92.2104
c bounds - >= -4945262 @ 92.317
c bounds - >= -4945198 @ 92.4228
c bounds - >= -4945134 @ 92.5297
c bounds - >= -4945070 @ 92.6376
c bounds - >= -4945006 @ 92.7437
c bounds - >= -4944942 @ 92.8505
c bounds - >= -4944878 @ 92.9574
c bounds - >= -4944814 @ 93.0645
c bounds - >= -4944750 @ 93.1714
c bounds - >= -4944686 @ 93.2783
c bounds - >= -4944622 @ 93.3846
c bounds - >= -4944558 @ 93.4911
c bounds - >= -4944494 @ 93.5977
c bounds - >= -4944430 @ 93.705
c bounds - >= -4944366 @ 93.8108
c bounds - >= -4944302 @ 93.917
c bounds - >= -4944238 @ 94.0239
c bounds - >= -4944174 @ 94.1309
c bounds - >= -4944110 @ 94.2371
c bounds - >= -4944046 @ 94.3437
c bounds - >= -4943982 @ 94.4504
c bounds - >= -4943918 @ 94.5576
c bounds - >= -4943854 @ 94.6643
c bounds - >= -4943790 @ 94.7715
c bounds - >= -4943726 @ 94.8777
c bounds - >= -4943662 @ 94.9843
c bounds - >= -4943598 @ 95.0905
c bounds - >= -4943534 @ 95.1968
c bounds - >= -4943470 @ 95.3037
c bounds - >= -4943406 @ 95.4108
c bounds - >= -4943342 @ 95.5177
c bounds - >= -4943278 @ 95.6246
c bounds - >= -4943214 @ 95.7319
c bounds - >= -4943150 @ 95.8387
c bounds - >= -4943086 @ 95.9456
c bounds - >= -4943022 @ 96.0514
c bounds - >= -4942958 @ 96.1568
c bounds - >= -4942894 @ 96.2647
c bounds - >= -4942830 @ 96.3713
c bounds - >= -4942766 @ 96.478
c bounds - >= -4942702 @ 96.5839
c bounds - >= -4942638 @ 96.6908
c bounds - >= -4942574 @ 96.798
c bounds - >= -4942510 @ 96.9031
c bounds - >= -4942446 @ 97.01
c bounds - >= -4942382 @ 97.1155
c bounds - >= -4942318 @ 97.2225
c bounds - >= -4942254 @ 97.3296
c bounds - >= -4942190 @ 97.4369
c bounds - >= -4942126 @ 97.5437
c bounds - >= -4942062 @ 97.6517
c bounds - >= -4941998 @ 97.7587
c bounds - >= -4941934 @ 97.8654
c bounds - >= -4941870 @ 97.9717
c bounds - >= -4941806 @ 98.0782
c bounds - >= -4941742 @ 98.1852
c bounds - >= -4941678 @ 98.2923
c bounds - >= -4941614 @ 98.399
c bounds - >= -4941550 @ 98.5043
c bounds - >= -4941486 @ 98.6112
c bounds - >= -4941422 @ 98.7176
c bounds - >= -4941358 @ 98.8238
c bounds - >= -4941294 @ 98.9312
c bounds - >= -4941230 @ 99.0377
c bounds - >= -4941166 @ 99.1431
c bounds - >= -4941102 @ 99.2497
c bounds - >= -4941038 @ 99.3561
c bounds - >= -4940974 @ 99.4638
c bounds - >= -4940910 @ 99.5704
c bounds - >= -4940846 @ 99.6759
c bounds - >= -4940782 @ 99.7827
c bounds - >= -4940718 @ 99.8898
c bounds - >= -4940654 @ 99.9964
c bounds - >= -4940590 @ 100.104
c bounds - >= -4940526 @ 100.211
c bounds - >= -4940462 @ 100.317
c bounds - >= -4940398 @ 100.425
c bounds - >= -4940334 @ 100.532
c bounds - >= -4940270 @ 100.638
c bounds - >= -4940206 @ 100.745
c bounds - >= -4940142 @ 100.853
c bounds - >= -4940078 @ 100.958
c bounds - >= -4940014 @ 101.065
c bounds - >= -4939950 @ 101.171
c bounds - >= -4939886 @ 101.278
c bounds - >= -4939822 @ 101.384
c bounds - >= -4939758 @ 101.49
c bounds - >= -4939694 @ 101.597
c bounds - >= -4939630 @ 101.704
c bounds - >= -4939566 @ 101.811
c bounds - >= -4939502 @ 101.919
c bounds - >= -4939438 @ 102.026
c bounds - >= -4939374 @ 102.133
c bounds - >= -4939310 @ 102.24
c bounds - >= -4939246 @ 102.346
c bounds - >= -4939182 @ 102.453
c bounds - >= -4939118 @ 102.559
c bounds - >= -4939054 @ 102.666
c bounds - >= -4938990 @ 102.773
c bounds - >= -4938926 @ 102.88
c bounds - >= -4938862 @ 102.987
c bounds - >= -4938798 @ 103.093
c bounds - >= -4938734 @ 103.199
c bounds - >= -4938670 @ 103.305
c bounds - >= -4938606 @ 103.412
c bounds - >= -4938542 @ 103.52
c bounds - >= -4938478 @ 103.626
c bounds - >= -4938414 @ 103.733
c bounds - >= -4938350 @ 103.839
c bounds - >= -4938286 @ 103.947
c bounds - >= -4938222 @ 104.054
c bounds - >= -4938158 @ 104.16
c bounds - >= -4938094 @ 104.266
c bounds - >= -4938030 @ 104.371
c bounds - >= -4937966 @ 104.477
c bounds - >= -4937902 @ 104.585
c bounds - >= -4937838 @ 104.691
c bounds - >= -4937774 @ 104.797
c bounds - >= -4937710 @ 104.903
c bounds - >= -4937646 @ 105.01
c bounds - >= -4937582 @ 105.116
c bounds - >= -4937518 @ 105.225
c bounds - >= -4937454 @ 105.332
c bounds - >= -4937390 @ 105.438
c bounds - >= -4937326 @ 105.544
c bounds - >= -4937262 @ 105.65
c bounds - >= -4937198 @ 105.756
c bounds - >= -4937134 @ 105.862
c bounds - >= -4937070 @ 105.969
c bounds - >= -4937006 @ 106.074
c bounds - >= -4936942 @ 106.181
c bounds - >= -4936878 @ 106.287
c bounds - >= -4936814 @ 106.394
c bounds - >= -4936750 @ 106.502
c bounds - >= -4936686 @ 106.609
c bounds - >= -4936622 @ 106.716
c bounds - >= -4936558 @ 106.823
c bounds - >= -4936494 @ 106.928
c bounds - >= -4936430 @ 107.035
c bounds - >= -4936366 @ 107.142
c bounds - >= -4936302 @ 107.25
c bounds - >= -4936238 @ 107.357
c bounds - >= -4936174 @ 107.463
c bounds - >= -4936110 @ 107.57
c bounds - >= -4936046 @ 107.677
c bounds - >= -4935982 @ 107.785
c bounds - >= -4935918 @ 107.892
c bounds - >= -4935854 @ 107.999
c bounds - >= -4935790 @ 108.106
c bounds - >= -4935726 @ 108.212
c bounds - >= -4935662 @ 108.318
c bounds - >= -4935598 @ 108.424
c bounds - >= -4935534 @ 108.532
c bounds - >= -4935470 @ 108.639
c bounds - >= -4935406 @ 108.746
c bounds - >= -4935342 @ 108.853
c bounds - >= -4935278 @ 108.959
c bounds - >= -4935214 @ 109.066
c bounds - >= -4935150 @ 109.172
c bounds - >= -4935086 @ 109.278
c bounds - >= -4935022 @ 109.384
c bounds - >= -4934958 @ 109.491
c bounds - >= -4934894 @ 109.598
c bounds - >= -4934830 @ 109.706
c bounds - >= -4934766 @ 109.811
c bounds - >= -4934702 @ 109.918
c bounds - >= -4934638 @ 110.026
c bounds - >= -4934574 @ 110.133
c bounds - >= -4934510 @ 110.239
c bounds - >= -4934446 @ 110.346
c bounds - >= -4934382 @ 110.452
c bounds - >= -4934318 @ 110.559
c bounds - >= -4934254 @ 110.665
c bounds - >= -4934190 @ 110.771
c bounds - >= -4934126 @ 110.878
c bounds - >= -4934062 @ 110.983
c bounds - >= -4933998 @ 111.09
c bounds - >= -4933934 @ 111.195
c bounds - >= -4933870 @ 111.301
c bounds - >= -4933806 @ 111.408
c bounds - >= -4933742 @ 111.514
c bounds - >= -4933678 @ 111.62
c bounds - >= -4933614 @ 111.727
c bounds - >= -4933550 @ 111.832
c bounds - >= -4933486 @ 111.939
c bounds - >= -4933422 @ 112.046
c bounds - >= -4933358 @ 112.152
c bounds - >= -4933294 @ 112.258
c bounds - >= -4933230 @ 112.364
c bounds - >= -4933166 @ 112.472
c bounds - >= -4933102 @ 112.579
c bounds - >= -4933038 @ 112.687
c bounds - >= -4932974 @ 112.794
c bounds - >= -4932910 @ 112.901
c bounds - >= -4932846 @ 113.007
c bounds - >= -4932782 @ 113.113
c bounds - >= -4932718 @ 113.22
c bounds - >= -4932654 @ 113.326
c bounds - >= -4932590 @ 113.433
c bounds - >= -4932526 @ 113.539
c bounds - >= -4932462 @ 113.644
c bounds - >= -4932398 @ 113.75
c bounds - >= -4932334 @ 113.857
c bounds - >= -4932270 @ 113.964
c bounds - >= -4932206 @ 114.07
c bounds - >= -4932142 @ 114.176
c bounds - >= -4932078 @ 114.283
c bounds - >= -4932014 @ 114.388
c bounds - >= -4931950 @ 114.494
c bounds - >= -4931886 @ 114.601
c bounds - >= -4931822 @ 114.706
c bounds - >= -4931758 @ 114.813
c bounds - >= -4931694 @ 114.919
c bounds - >= -4931630 @ 115.026
c bounds - >= -4931566 @ 115.134
c bounds - >= -4931502 @ 115.239
c bounds - >= -4931438 @ 115.346
c bounds - >= -4931374 @ 115.453
c bounds - >= -4931310 @ 115.56
c bounds - >= -4931246 @ 115.667
c bounds - >= -4931182 @ 115.774
c bounds - >= -4931118 @ 115.88
c bounds - >= -4931054 @ 115.987
c bounds - >= -4930990 @ 116.093
c bounds - >= -4930926 @ 116.2
c bounds - >= -4930862 @ 116.307
c bounds - >= -4930798 @ 116.413
c bounds - >= -4930734 @ 116.519
c bounds - >= -4930670 @ 116.626
c bounds - >= -4930606 @ 116.732
c bounds - >= -4930542 @ 116.838
c bounds - >= -4930478 @ 116.945
c bounds - >= -4930414 @ 117.052
c bounds - >= -4930350 @ 117.159
c bounds - >= -4930286 @ 117.266
c bounds - >= -4930222 @ 117.372
c bounds - >= -4930158 @ 117.478
c bounds - >= -4930094 @ 117.584
c bounds - >= -4930030 @ 117.691
c bounds - >= -4929966 @ 117.798
c bounds - >= -4929902 @ 117.904
c bounds - >= -4929838 @ 118.011
c bounds - >= -4929774 @ 118.117
c bounds - >= -4929710 @ 118.223
c bounds - >= -4929646 @ 118.329
c bounds - >= -4929582 @ 118.436
c bounds - >= -4929518 @ 118.542
c bounds - >= -4929454 @ 118.649
c bounds - >= -4929390 @ 118.755
c bounds - >= -4929326 @ 118.862
c bounds - >= -4929262 @ 118.969
c bounds - >= -4929198 @ 119.075
c bounds - >= -4929134 @ 119.182
c bounds - >= -4929070 @ 119.287
c bounds - >= -4929006 @ 119.393
c bounds - >= -4928942 @ 119.5
c bounds - >= -4928878 @ 119.607
c bounds - >= -4928814 @ 119.714
c bounds - >= -4928750 @ 119.821
c bounds - >= -4928686 @ 119.927
c bounds - >= -4928622 @ 120.034
c bounds - >= -4928558 @ 120.141
c bounds - >= -4928494 @ 120.247
c bounds - >= -4928430 @ 120.354
c bounds - >= -4928366 @ 120.461
c bounds - >= -4928302 @ 120.567
c bounds - >= -4928238 @ 120.674
c bounds - >= -4928174 @ 120.78
c bounds - >= -4928110 @ 120.886
c bounds - >= -4928046 @ 120.993
c bounds - >= -4927982 @ 121.1
c bounds - >= -4927918 @ 121.206
c bounds - >= -4927854 @ 121.312
c bounds - >= -4927790 @ 121.419
c bounds - >= -4927726 @ 121.525
c bounds - >= -4927662 @ 121.63
c bounds - >= -4927598 @ 121.736
c bounds - >= -4927534 @ 121.843
c bounds - >= -4927470 @ 121.949
c bounds - >= -4927406 @ 122.057
c bounds - >= -4927342 @ 122.163
c bounds - >= -4927278 @ 122.269
c bounds - >= -4927214 @ 122.376
c bounds - >= -4927150 @ 122.483
c bounds - >= -4927086 @ 122.59
c bounds - >= -4927022 @ 122.697
c bounds - >= -4926958 @ 122.803
c bounds - >= -4926894 @ 122.909
c bounds - >= -4926830 @ 123.016
c bounds - >= -4926766 @ 123.121
c bounds - >= -4926702 @ 123.228
c bounds - >= -4926638 @ 123.333
c bounds - >= -4926574 @ 123.439
c bounds - >= -4926510 @ 123.546
c bounds - >= -4926446 @ 123.653
c bounds - >= -4926382 @ 123.758
c bounds - >= -4926318 @ 123.864
c bounds - >= -4926254 @ 123.97
c bounds - >= -4926190 @ 124.077
c bounds - >= -4926126 @ 124.183
c bounds - >= -4926062 @ 124.288
c bounds - >= -4925998 @ 124.395
c bounds - >= -4925934 @ 124.502
c bounds - >= -4925870 @ 124.609
c bounds - >= -4925806 @ 124.716
c bounds - >= -4925742 @ 124.822
c bounds - >= -4925678 @ 124.928
c bounds - >= -4925614 @ 125.034
c bounds - >= -4925550 @ 125.14
c bounds - >= -4925486 @ 125.247
c bounds - >= -4925422 @ 125.353
c bounds - >= -4925358 @ 125.459
c bounds - >= -4925294 @ 125.566
c bounds - >= -4925230 @ 125.672
c bounds - >= -4925166 @ 125.779
c bounds - >= -4925102 @ 125.885
c bounds - >= -4925038 @ 125.992
c bounds - >= -4924974 @ 126.099
c bounds - >= -4924910 @ 126.206
c bounds - >= -4924846 @ 126.313
c bounds - >= -4924782 @ 126.42
c bounds - >= -4924718 @ 126.527
c bounds - >= -4924654 @ 126.633
c bounds - >= -4924590 @ 126.74
c bounds - >= -4924526 @ 126.846
c bounds - >= -4924462 @ 126.953
c bounds - >= -4924398 @ 127.06
c bounds - >= -4924334 @ 127.166
c bounds - >= -4924270 @ 127.273
c bounds - >= -4924206 @ 127.38
c bounds - >= -4924142 @ 127.486
c bounds - >= -4924078 @ 127.592
c bounds - >= -4924014 @ 127.7
c bounds - >= -4923950 @ 127.807
c bounds - >= -4923886 @ 127.915
c bounds - >= -4923822 @ 128.022
c bounds - >= -4923758 @ 128.13
c bounds - >= -4923694 @ 128.235
c bounds - >= -4923630 @ 128.341
c bounds - >= -4923566 @ 128.448
c bounds - >= -4923502 @ 128.555
c bounds - >= -4923438 @ 128.661
c bounds - >= -4923374 @ 128.768
c bounds - >= -4923310 @ 128.874
c bounds - >= -4923246 @ 128.981
c bounds - >= -4923182 @ 129.089
c bounds - >= -4923118 @ 129.195
c bounds - >= -4923054 @ 129.302
c bounds - >= -4922990 @ 129.409
c bounds - >= -4922926 @ 129.516
c bounds - >= -4922862 @ 129.623
c bounds - >= -4922798 @ 129.729
c bounds - >= -4922734 @ 129.836
c bounds - >= -4922670 @ 129.944
c bounds - >= -4922606 @ 130.05
c bounds - >= -4922542 @ 130.157
c bounds - >= -4922478 @ 130.264
c bounds - >= -4922414 @ 130.37
c bounds - >= -4922350 @ 130.477
c bounds - >= -4922286 @ 130.584
c bounds - >= -4922222 @ 130.69
c bounds - >= -4922158 @ 130.797
c bounds - >= -4922094 @ 130.904
c bounds - >= -4922030 @ 131.011
c bounds - >= -4921966 @ 131.118
c bounds - >= -4921902 @ 131.227
c bounds - >= -4921838 @ 131.333
c bounds - >= -4921774 @ 131.44
c bounds - >= -4921710 @ 131.547
c bounds - >= -4921646 @ 131.653
c bounds - >= -4921582 @ 131.761
c bounds - >= -4921518 @ 131.868
c bounds - >= -4921454 @ 131.974
c bounds - >= -4921390 @ 132.082
c bounds - >= -4921326 @ 132.189
c bounds - >= -4921262 @ 132.296
c bounds - >= -4921198 @ 132.402
c bounds - >= -4921134 @ 132.509
c bounds - >= -4921070 @ 132.617
c bounds - >= -4921006 @ 132.723
c bounds - >= -4920942 @ 132.829
c bounds - >= -4920878 @ 132.935
c bounds - >= -4920814 @ 133.042
c bounds - >= -4920750 @ 133.15
c bounds - >= -4920686 @ 133.257
c bounds - >= -4920622 @ 133.365
c bounds - >= -4920558 @ 133.471
c bounds - >= -4920494 @ 133.578
c bounds - >= -4920430 @ 133.686
c bounds - >= -4920366 @ 133.793
c bounds - >= -4920302 @ 133.899
c bounds - >= -4920238 @ 134.006
c bounds - >= -4920174 @ 134.114
c bounds - >= -4920110 @ 134.221
c bounds - >= -4920046 @ 134.327
c bounds - >= -4919982 @ 134.434
c bounds - >= -4919918 @ 134.54
c bounds - >= -4919854 @ 134.647
c bounds - >= -4919790 @ 134.753
c bounds - >= -4919726 @ 134.86
c bounds - >= -4919662 @ 134.967
c bounds - >= -4919598 @ 135.074
c bounds - >= -4919534 @ 135.182
c bounds - >= -4919470 @ 135.288
c bounds - >= -4919406 @ 135.395
c bounds - >= -4919342 @ 135.502
c bounds - >= -4919278 @ 135.609
c bounds - >= -4919214 @ 135.715
c bounds - >= -4919150 @ 135.821
c bounds - >= -4919086 @ 135.928
c bounds - >= -4919022 @ 136.034
c bounds - >= -4918958 @ 136.141
c bounds - >= -4918894 @ 136.247
c bounds - >= -4918830 @ 136.355
c bounds - >= -4918766 @ 136.461
c bounds - >= -4918702 @ 136.567
c bounds - >= -4918638 @ 136.674
c bounds - >= -4918574 @ 136.78
c bounds - >= -4918510 @ 136.886
c bounds - >= -4918446 @ 136.992
c bounds - >= -4918382 @ 137.099
c bounds - >= -4918318 @ 137.206
c bounds - >= -4918254 @ 137.312
c bounds - >= -4918190 @ 137.418
c bounds - >= -4918126 @ 137.524
c bounds - >= -4918062 @ 137.631
c bounds - >= -4917998 @ 137.737
c bounds - >= -4917934 @ 137.843
c bounds - >= -4917870 @ 137.95
c bounds - >= -4917806 @ 138.056
c bounds - >= -4917742 @ 138.162
c bounds - >= -4917678 @ 138.269
c bounds - >= -4917614 @ 138.375
c bounds - >= -4917550 @ 138.482
c bounds - >= -4917486 @ 138.588
c bounds - >= -4917422 @ 138.695
c bounds - >= -4917358 @ 138.803
c bounds - >= -4917294 @ 138.908
c bounds - >= -4917230 @ 139.014
c bounds - >= -4917166 @ 139.121
c bounds - >= -4917102 @ 139.227
c bounds - >= -4917038 @ 139.333
c bounds - >= -4916974 @ 139.441
c bounds - >= -4916910 @ 139.547
c bounds - >= -4916846 @ 139.654
c bounds - >= -4916782 @ 139.761
c bounds - >= -4916718 @ 139.869
c bounds - >= -4916654 @ 139.975
c bounds - >= -4916590 @ 140.082
c bounds - >= -4916526 @ 140.188
c bounds - >= -4916462 @ 140.294
c bounds - >= -4916398 @ 140.402
c bounds - >= -4916334 @ 140.509
c bounds - >= -4916270 @ 140.616
c bounds - >= -4916206 @ 140.723
c bounds - >= -4916142 @ 140.83
c bounds - >= -4916078 @ 140.937
c bounds - >= -4916014 @ 141.044
c bounds - >= -4915950 @ 141.151
c bounds - >= -4915886 @ 141.257
c bounds - >= -4915822 @ 141.364
c bounds - >= -4915758 @ 141.471
c bounds - >= -4915694 @ 141.577
c bounds - >= -4915630 @ 141.683
c bounds - >= -4915566 @ 141.791
c bounds - >= -4915502 @ 141.898
c bounds - >= -4915438 @ 142.006
c bounds - >= -4915374 @ 142.112
c bounds - >= -4915310 @ 142.219
c bounds - >= -4915246 @ 142.326
c bounds - >= -4915182 @ 142.431
c bounds - >= -4915118 @ 142.539
c bounds - >= -4915054 @ 142.645
c bounds - >= -4914990 @ 142.752
c bounds - >= -4914926 @ 142.859
c bounds - >= -4914862 @ 142.965
c bounds - >= -4914798 @ 143.072
c bounds - >= -4914734 @ 143.18
c bounds - >= -4914670 @ 143.286
c bounds - >= -4914606 @ 143.393
c bounds - >= -4914542 @ 143.499
c bounds - >= -4914478 @ 143.605
c bounds - >= -4914414 @ 143.712
c bounds - >= -4914350 @ 143.819
c bounds - >= -4914286 @ 143.927
c bounds - >= -4914222 @ 144.034
c bounds - >= -4914158 @ 144.139
c bounds - >= -4914094 @ 144.246
c bounds - >= -4914030 @ 144.352
c bounds - >= -4913966 @ 144.459
c bounds - >= -4913902 @ 144.565
c bounds - >= -4913838 @ 144.672
c bounds - >= -4913774 @ 144.778
c bounds - >= -4913710 @ 144.885
c bounds - >= -4913646 @ 144.991
c bounds - >= -4913582 @ 145.097
c bounds - >= -4913518 @ 145.204
c bounds - >= -4913454 @ 145.311
c bounds - >= -4913390 @ 145.418
c bounds - >= -4913326 @ 145.524
c bounds - >= -4913262 @ 145.631
c bounds - >= -4913198 @ 145.739
c bounds - >= -4913134 @ 145.844
c bounds - >= -4913070 @ 145.951
c bounds - >= -4913006 @ 146.058
c bounds - >= -4912942 @ 146.165
c bounds - >= -4912878 @ 146.273
c bounds - >= -4912814 @ 146.379
c bounds - >= -4912750 @ 146.485
c bounds - >= -4912686 @ 146.592
c bounds - >= -4912622 @ 146.698
c bounds - >= -4912558 @ 146.804
c bounds - >= -4912494 @ 146.911
c bounds - >= -4912430 @ 147.017
c bounds - >= -4912366 @ 147.125
c bounds - >= -4912302 @ 147.231
c bounds - >= -4912238 @ 147.337
c bounds - >= -4912174 @ 147.444
c bounds - >= -4912110 @ 147.55
c bounds - >= -4912046 @ 147.656
c bounds - >= -4911982 @ 147.763
c bounds - >= -4911918 @ 147.87
c bounds - >= -4911854 @ 147.975
c bounds - >= -4911790 @ 148.082
c bounds - >= -4911726 @ 148.188
c bounds - >= -4911662 @ 148.295
c bounds - >= -4911598 @ 148.402
c bounds - >= -4911534 @ 148.509
c bounds - >= -4911470 @ 148.616
c bounds - >= -4911406 @ 148.723
c bounds - >= -4911342 @ 148.83
c bounds - >= -4911278 @ 148.937
c bounds - >= -4911214 @ 149.044
c bounds - >= -4911150 @ 149.15
c bounds - >= -4911086 @ 149.258
c bounds - >= -4911022 @ 149.366
c bounds - >= -4910958 @ 149.473
c bounds - >= -4910894 @ 149.581
c bounds - >= -4910830 @ 149.686
c bounds - >= -4910766 @ 149.793
c bounds - >= -4910702 @ 149.898
c bounds - >= -4910638 @ 150.004
c bounds - >= -4910574 @ 150.111
c bounds - >= -4910510 @ 150.217
c bounds - >= -4910446 @ 150.324
c bounds - >= -4910382 @ 150.43
c bounds - >= -4910318 @ 150.537
c bounds - >= -4910254 @ 150.644
c bounds - >= -4910190 @ 150.75
c bounds - >= -4910126 @ 150.857
c bounds - >= -4910062 @ 150.964
c bounds - >= -4909998 @ 151.069
c bounds - >= -4909934 @ 151.176
c bounds - >= -4909870 @ 151.283
c bounds - >= -4909806 @ 151.388
c bounds - >= -4909742 @ 151.495
c bounds - >= -4909678 @ 151.601
c bounds - >= -4909614 @ 151.709
c bounds - >= -4909550 @ 151.816
c bounds - >= -4909486 @ 151.922
c bounds - >= -4909422 @ 152.029
c bounds - >= -4909358 @ 152.136
c bounds - >= -4909294 @ 152.242
c bounds - >= -4909230 @ 152.348
c bounds - >= -4909166 @ 152.455
c bounds - >= -4909102 @ 152.561
c bounds - >= -4909038 @ 152.667
c bounds - >= -4908974 @ 152.775
c bounds - >= -4908910 @ 152.881
c bounds - >= -4908846 @ 152.987
c bounds - >= -4908782 @ 153.093
c bounds - >= -4908718 @ 153.2
c bounds - >= -4908654 @ 153.307
c bounds - >= -4908590 @ 153.415
c bounds - >= -4908526 @ 153.522
c bounds - >= -4908462 @ 153.628
c bounds - >= -4908398 @ 153.734
c bounds - >= -4908334 @ 153.841
c bounds - >= -4908270 @ 153.948
c bounds - >= -4908206 @ 154.055
c bounds - >= -4908142 @ 154.162
c bounds - >= -4908078 @ 154.268
c bounds - >= -4908014 @ 154.374
c bounds - >= -4907950 @ 154.481
c bounds - >= -4907886 @ 154.588
c bounds - >= -4907822 @ 154.695
c bounds - >= -4907758 @ 154.803
c bounds - >= -4907694 @ 154.91
c bounds - >= -4907630 @ 155.016
c bounds - >= -4907566 @ 155.125
c bounds - >= -4907502 @ 155.231
c bounds - >= -4907438 @ 155.338
c bounds - >= -4907374 @ 155.445
c bounds - >= -4907310 @ 155.552
c bounds - >= -4907246 @ 155.658
c bounds - >= -4907182 @ 155.766
c bounds - >= -4907118 @ 155.873
c bounds - >= -4907054 @ 155.98
c bounds - >= -4906990 @ 156.087
c bounds - >= -4906926 @ 156.194
c bounds - >= -4906862 @ 156.301
c bounds - >= -4906798 @ 156.408
c bounds - >= -4906734 @ 156.514
c bounds - >= -4906670 @ 156.62
c bounds - >= -4906606 @ 156.727
c bounds - >= -4906542 @ 156.833
c bounds - >= -4906478 @ 156.941
c bounds - >= -4906414 @ 157.048
c bounds - >= -4906350 @ 157.154
c bounds - >= -4906286 @ 157.261
c bounds - >= -4906222 @ 157.368
c bounds - >= -4906158 @ 157.474
c bounds - >= -4906094 @ 157.582
c bounds - >= -4906030 @ 157.689
c bounds - >= -4905966 @ 157.795
c bounds - >= -4905902 @ 157.902
c bounds - >= -4905838 @ 158.009
c bounds - >= -4905774 @ 158.117
c bounds - >= -4905710 @ 158.223
c bounds - >= -4905646 @ 158.329
c bounds - >= -4905582 @ 158.436
c bounds - >= -4905518 @ 158.542
c bounds - >= -4905454 @ 158.649
c bounds - >= -4905390 @ 158.756
c bounds - >= -4905326 @ 158.862
c bounds - >= -4905262 @ 158.969
c bounds - >= -4905198 @ 159.076
c bounds - >= -4905134 @ 159.182
c bounds - >= -4905070 @ 159.288
c bounds - >= -4905006 @ 159.394
c bounds - >= -4904942 @ 159.501
c bounds - >= -4904878 @ 159.607
c bounds - >= -4904814 @ 159.714
c bounds - >= -4904750 @ 159.821
c bounds - >= -4904686 @ 159.927
c bounds - >= -4904622 @ 160.034
c bounds - >= -4904558 @ 160.141
c bounds - >= -4904494 @ 160.247
c bounds - >= -4904430 @ 160.354
c bounds - >= -4904366 @ 160.46
c bounds - >= -4904302 @ 160.567
c bounds - >= -4904238 @ 160.676
c bounds - >= -4904174 @ 160.783
c bounds - >= -4904110 @ 160.89
c bounds - >= -4904046 @ 160.997
c bounds - >= -4903982 @ 161.104
c bounds - >= -4903918 @ 161.21
c bounds - >= -4903854 @ 161.317
c bounds - >= -4903790 @ 161.424
c bounds - >= -4903726 @ 161.531
c bounds - >= -4903662 @ 161.638
c bounds - >= -4903598 @ 161.744
c bounds - >= -4903534 @ 161.85
c bounds - >= -4903470 @ 161.957
c bounds - >= -4903406 @ 162.064
c bounds - >= -4903342 @ 162.171
c bounds - >= -4903278 @ 162.277
c bounds - >= -4903214 @ 162.383
c bounds - >= -4903150 @ 162.49
c bounds - >= -4903086 @ 162.596
c bounds - >= -4903022 @ 162.703
c bounds - >= -4902958 @ 162.811
c bounds - >= -4902894 @ 162.917
c bounds - >= -4902830 @ 163.023
c bounds - >= -4902766 @ 163.129
c bounds - >= -4902702 @ 163.235
c bounds - >= -4902638 @ 163.342
c bounds - >= -4902574 @ 163.449
c bounds - >= -4902510 @ 163.555
c bounds - >= -4902446 @ 163.662
c bounds - >= -4902382 @ 163.768
c bounds - >= -4902318 @ 163.874
c bounds - >= -4902254 @ 163.981
c bounds - >= -4902190 @ 164.087
c bounds - >= -4902126 @ 164.194
c bounds - >= -4902062 @ 164.301
c bounds - >= -4901998 @ 164.408
c bounds - >= -4901934 @ 164.515
c bounds - >= -4901870 @ 164.622
c bounds - >= -4901806 @ 164.729
c bounds - >= -4901742 @ 164.836
c bounds - >= -4901678 @ 164.941
c bounds - >= -4901614 @ 165.048
c bounds - >= -4901550 @ 165.154
c bounds - >= -4901486 @ 165.26
c bounds - >= -4901422 @ 165.367
c bounds - >= -4901358 @ 165.474
c bounds - >= -4901294 @ 165.58
c bounds - >= -4901230 @ 165.687
c bounds - >= -4901166 @ 165.793
c bounds - >= -4901102 @ 165.899
c bounds - >= -4901038 @ 166.006
c bounds - >= -4900974 @ 166.112
c bounds - >= -4900910 @ 166.219
c bounds - >= -4900846 @ 166.326
c bounds - >= -4900782 @ 166.433
c bounds - >= -4900718 @ 166.54
c bounds - >= -4900654 @ 166.646
c bounds - >= -4900590 @ 166.753
c bounds - >= -4900526 @ 166.861
c bounds - >= -4900462 @ 166.968
c bounds - >= -4900398 @ 167.074
c bounds - >= -4900334 @ 167.181
c bounds - >= -4900270 @ 167.287
c bounds - >= -4900206 @ 167.394
c bounds - >= -4900142 @ 167.501
c bounds - >= -4900078 @ 167.609
c bounds - >= -4900014 @ 167.716
c bounds - >= -4899950 @ 167.823
c bounds - >= -4899886 @ 167.93
c bounds - >= -4899822 @ 168.038
c bounds - >= -4899758 @ 168.144
c bounds - >= -4899694 @ 168.25
c bounds - >= -4899630 @ 168.357
c bounds - >= -4899566 @ 168.464
c bounds - >= -4899502 @ 168.571
c bounds - >= -4899438 @ 168.676
c bounds - >= -4899374 @ 168.785
c bounds - >= -4899310 @ 168.892
c bounds - >= -4899246 @ 168.999
c bounds - >= -4899182 @ 169.105
c bounds - >= -4899118 @ 169.214
c bounds - >= -4899054 @ 169.321
c bounds - >= -4898990 @ 169.427
c bounds - >= -4898926 @ 169.535
c bounds - >= -4898862 @ 169.642
c bounds - >= -4898798 @ 169.749
c bounds - >= -4898734 @ 169.857
c bounds - >= -4898670 @ 169.964
c bounds - >= -4898606 @ 170.07
c bounds - >= -4898542 @ 170.177
c bounds - >= -4898478 @ 170.285
c bounds - >= -4898414 @ 170.392
c bounds - >= -4898350 @ 170.498
c bounds - >= -4898286 @ 170.605
c bounds - >= -4898222 @ 170.712
c bounds - >= -4898158 @ 170.819
c bounds - >= -4898094 @ 170.925
c bounds - >= -4898030 @ 171.031
c bounds - >= -4897966 @ 171.138
c bounds - >= -4897902 @ 171.244
c bounds - >= -4897838 @ 171.35
c bounds - >= -4897774 @ 171.457
c bounds - >= -4897710 @ 171.563
c bounds - >= -4897646 @ 171.67
c bounds - >= -4897582 @ 171.776
c bounds - >= -4897518 @ 171.883
c bounds - >= -4897454 @ 171.99
c bounds - >= -4897390 @ 172.095
c bounds - >= -4897326 @ 172.202
c bounds - >= -4897262 @ 172.309
c bounds - >= -4897198 @ 172.417
c bounds - >= -4897134 @ 172.524
c bounds - >= -4897070 @ 172.631
c bounds - >= -4897006 @ 172.737
c bounds - >= -4896942 @ 172.843
c bounds - >= -4896878 @ 172.95
c bounds - >= -4896814 @ 173.057
c bounds - >= -4896750 @ 173.164
c bounds - >= -4896686 @ 173.27
c bounds - >= -4896622 @ 173.378
c bounds - >= -4896558 @ 173.485
c bounds - >= -4896494 @ 173.592
c bounds - >= -4896430 @ 173.699
c bounds - >= -4896366 @ 173.806
c bounds - >= -4896302 @ 173.913
c bounds - >= -4896238 @ 174.02
c bounds - >= -4896174 @ 174.128
c bounds - >= -4896110 @ 174.235
c bounds - >= -4896046 @ 174.342
c bounds - >= -4895982 @ 174.45
c bounds - >= -4895918 @ 174.557
c bounds - >= -4895854 @ 174.663
c bounds - >= -4895790 @ 174.77
c bounds - >= -4895726 @ 174.877
c bounds - >= -4895662 @ 174.982
c bounds - >= -4895598 @ 175.088
c bounds - >= -4895534 @ 175.194
c bounds - >= -4895470 @ 175.301
c bounds - >= -4895406 @ 175.407
c bounds - >= -4895342 @ 175.513
c bounds - >= -4895278 @ 175.619
c bounds - >= -4895214 @ 175.725
c bounds - >= -4895150 @ 175.831
c bounds - >= -4895086 @ 175.937
c bounds - >= -4895022 @ 176.045
c bounds - >= -4894958 @ 176.152
c bounds - >= -4894894 @ 176.258
c bounds - >= -4894830 @ 176.365
c bounds - >= -4894766 @ 176.472
c bounds - >= -4894702 @ 176.579
c bounds - >= -4894638 @ 176.687
c bounds - >= -4894574 @ 176.794
c bounds - >= -4894510 @ 176.902
c bounds - >= -4894446 @ 177.008
c bounds - >= -4894382 @ 177.114
c bounds - >= -4894318 @ 177.221
c bounds - >= -4894254 @ 177.328
c bounds - >= -4894190 @ 177.434
c bounds - >= -4894126 @ 177.541
c bounds - >= -4894062 @ 177.648
c bounds - >= -4893998 @ 177.755
c bounds - >= -4893934 @ 177.862
c bounds - >= -4893870 @ 177.968
c bounds - >= -4893806 @ 178.074
c bounds - >= -4893742 @ 178.179
c bounds - >= -4893678 @ 178.287
c bounds - >= -4893614 @ 178.395
c bounds - >= -4893550 @ 178.5
c bounds - >= -4893486 @ 178.606
c bounds - >= -4893422 @ 178.713
c bounds - >= -4893358 @ 178.819
c bounds - >= -4893294 @ 178.926
c bounds - >= -4893230 @ 179.032
c bounds - >= -4893166 @ 179.138
c bounds - >= -4893102 @ 179.245
c bounds - >= -4893038 @ 179.351
c bounds - >= -4892974 @ 179.457
c bounds - >= -4892910 @ 179.564
c bounds - >= -4892846 @ 179.67
c bounds - >= -4892782 @ 179.776
c bounds - >= -4892718 @ 179.883
c bounds - >= -4892654 @ 179.989
c bounds - >= -4892590 @ 180.095
c bounds - >= -4892526 @ 180.201
c bounds - >= -4892462 @ 180.308
c bounds - >= -4892398 @ 180.415
c bounds - >= -4892334 @ 180.522
c bounds - >= -4892270 @ 180.627
c bounds - >= -4892206 @ 180.735
c bounds - >= -4892142 @ 180.841
c bounds - >= -4892078 @ 180.948
c bounds - >= -4892014 @ 181.055
c bounds - >= -4891950 @ 181.163
c bounds - >= -4891886 @ 181.269
c bounds - >= -4891822 @ 181.376
c bounds - >= -4891758 @ 181.482
c bounds - >= -4891694 @ 181.588
c bounds - >= -4891630 @ 181.695
c bounds - >= -4891566 @ 181.802
c bounds - >= -4891502 @ 181.908
c bounds - >= -4891438 @ 182.016
c bounds - >= -4891374 @ 182.122
c bounds - >= -4891310 @ 182.228
c bounds - >= -4891246 @ 182.334
c bounds - >= -4891182 @ 182.441
c bounds - >= -4891118 @ 182.547
c bounds - >= -4891054 @ 182.653
c bounds - >= -4890990 @ 182.76
c bounds - >= -4890926 @ 182.866
c bounds - >= -4890862 @ 182.973
c bounds - >= -4890798 @ 183.079
c bounds - >= -4890734 @ 183.185
c bounds - >= -4890670 @ 183.292
c bounds - >= -4890606 @ 183.399
c bounds - >= -4890542 @ 183.506
c bounds - >= -4890478 @ 183.613
c bounds - >= -4890414 @ 183.719
c bounds - >= -4890350 @ 183.825
c bounds - >= -4890286 @ 183.932
c bounds - >= -4890222 @ 184.038
c bounds - >= -4890158 @ 184.144
c bounds - >= -4890094 @ 184.251
c bounds - >= -4890030 @ 184.357
c bounds - >= -4889966 @ 184.464
c bounds - >= -4889902 @ 184.57
c bounds - >= -4889838 @ 184.677
c bounds - >= -4889774 @ 184.783
c bounds - >= -4889710 @ 184.889
c bounds - >= -4889646 @ 184.995
c bounds - >= -4889582 @ 185.102
c bounds - >= -4889518 @ 185.209
c bounds - >= -4889454 @ 185.315
c bounds - >= -4889390 @ 185.422
c bounds - >= -4889326 @ 185.529
c bounds - >= -4889262 @ 185.637
c bounds - >= -4889198 @ 185.745
c bounds - >= -4889134 @ 185.851
c bounds - >= -4889070 @ 185.958
c bounds - >= -4889006 @ 186.064
c bounds - >= -4888942 @ 186.171
c bounds - >= -4888878 @ 186.279
c bounds - >= -4888814 @ 186.385
c bounds - >= -4888750 @ 186.493
c bounds - >= -4888686 @ 186.599
c bounds - >= -4888622 @ 186.706
c bounds - >= -4888558 @ 186.813
c bounds - >= -4888494 @ 186.92
c bounds - >= -4888430 @ 187.027
c bounds - >= -4888366 @ 187.134
c bounds - >= -4888302 @ 187.24
c bounds - >= -4888238 @ 187.346
c bounds - >= -4888174 @ 187.452
c bounds - >= -4888110 @ 187.559
c bounds - >= -4888046 @ 187.666
c bounds - >= -4887982 @ 187.772
c bounds - >= -4887918 @ 187.878
c bounds - >= -4887854 @ 187.984
c bounds - >= -4887790 @ 188.093
c bounds - >= -4887726 @ 188.199
c bounds - >= -4887662 @ 188.306
c bounds - >= -4887598 @ 188.412
c bounds - >= -4887534 @ 188.519
c bounds - >= -4887470 @ 188.624
c bounds - >= -4887406 @ 188.731
c bounds - >= -4887342 @ 188.837
c bounds - >= -4887278 @ 188.944
c bounds - >= -4887214 @ 189.05
c bounds - >= -4887150 @ 189.157
c bounds - >= -4887086 @ 189.264
c bounds - >= -4887022 @ 189.37
c bounds - >= -4886958 @ 189.477
c bounds - >= -4886894 @ 189.583
c bounds - >= -4886830 @ 189.689
c bounds - >= -4886766 @ 189.795
c bounds - >= -4886702 @ 189.902
c bounds - >= -4886638 @ 190.009
c bounds - >= -4886574 @ 190.115
c bounds - >= -4886510 @ 190.222
c bounds - >= -4886446 @ 190.33
c bounds - >= -4886382 @ 190.436
c bounds - >= -4886318 @ 190.543
c bounds - >= -4886254 @ 190.649
c bounds - >= -4886190 @ 190.756
c bounds - >= -4886126 @ 190.862
c bounds - >= -4886062 @ 190.968
c bounds - >= -4885998 @ 191.075
c bounds - >= -4885934 @ 191.182
c bounds - >= -4885870 @ 191.287
c bounds - >= -4885806 @ 191.394
c bounds - >= -4885742 @ 191.499
c bounds - >= -4885678 @ 191.605
c bounds - >= -4885614 @ 191.713
c bounds - >= -4885550 @ 191.819
c bounds - >= -4885486 @ 191.926
c bounds - >= -4885422 @ 192.034
c bounds - >= -4885358 @ 192.14
c bounds - >= -4885294 @ 192.247
c bounds - >= -4885230 @ 192.352
c bounds - >= -4885166 @ 192.459
c bounds - >= -4885102 @ 192.566
c bounds - >= -4885038 @ 192.672
c bounds - >= -4884974 @ 192.779
c bounds - >= -4884910 @ 192.885
c bounds - >= -4884846 @ 192.993
c bounds - >= -4884782 @ 193.1
c bounds - >= -4884718 @ 193.207
c bounds - >= -4884654 @ 193.315
c bounds - >= -4884590 @ 193.423
c bounds - >= -4884526 @ 193.53
c bounds - >= -4884462 @ 193.637
c bounds - >= -4884398 @ 193.742
c bounds - >= -4884334 @ 193.849
c bounds - >= -4884270 @ 193.956
c bounds - >= -4884206 @ 194.063
c bounds - >= -4884142 @ 194.168
c bounds - >= -4884078 @ 194.275
c bounds - >= -4884014 @ 194.382
c bounds - >= -4883950 @ 194.488
c bounds - >= -4883886 @ 194.595
c bounds - >= -4883822 @ 194.703
c bounds - >= -4883758 @ 194.81
c bounds - >= -4883694 @ 194.916
c bounds - >= -4883630 @ 195.022
c bounds - >= -4883566 @ 195.128
c bounds - >= -4883502 @ 195.235
c bounds - >= -4883438 @ 195.342
c bounds - >= -4883374 @ 195.449
c bounds - >= -4883310 @ 195.555
c bounds - >= -4883246 @ 195.662
c bounds - >= -4883182 @ 195.768
c bounds - >= -4883118 @ 195.874
c bounds - >= -4883054 @ 195.981
c bounds - >= -4882990 @ 196.087
c bounds - >= -4882926 @ 196.193
c bounds - >= -4882862 @ 196.3
c bounds - >= -4882798 @ 196.407
c bounds - >= -4882734 @ 196.514
c bounds - >= -4882670 @ 196.62
c bounds - >= -4882606 @ 196.726
c bounds - >= -4882542 @ 196.832
c bounds - >= -4882478 @ 196.938
c bounds - >= -4882414 @ 197.044
c bounds - >= -4882350 @ 197.151
c bounds - >= -4882286 @ 197.257
c bounds - >= -4882222 @ 197.364
c bounds - >= -4882158 @ 197.471
c bounds - >= -4882094 @ 197.578
c bounds - >= -4882030 @ 197.685
c bounds - >= -4881966 @ 197.791
c bounds - >= -4881902 @ 197.898
c bounds - >= -4881838 @ 198.004
c bounds - >= -4881774 @ 198.11
c bounds - >= -4881710 @ 198.217
c bounds - >= -4881646 @ 198.323
c bounds - >= -4881582 @ 198.43
c bounds - >= -4881518 @ 198.537
c bounds - >= -4881454 @ 198.643
c bounds - >= -4881390 @ 198.749
c bounds - >= -4881326 @ 198.855
c bounds - >= -4881262 @ 198.962
c bounds - >= -4881198 @ 199.068
c bounds - >= -4881134 @ 199.174
c bounds - >= -4881070 @ 199.28
c bounds - >= -4881006 @ 199.387
c bounds - >= -4880942 @ 199.494
c bounds - >= -4880878 @ 199.599
c bounds - >= -4880814 @ 199.706
c bounds - >= -4880750 @ 199.813
c bounds - >= -4880686 @ 199.919
c bounds - >= -4880622 @ 200.026
c bounds - >= -4880558 @ 200.132
c bounds - >= -4880494 @ 200.238
c bounds - >= -4880430 @ 200.344
c bounds - >= -4880366 @ 200.451
c bounds - >= -4880302 @ 200.557
c bounds - >= -4880238 @ 200.664
c bounds - >= -4880174 @ 200.771
c bounds - >= -4880110 @ 200.878
c bounds - >= -4880046 @ 200.985
c bounds - >= -4879982 @ 201.092
c bounds - >= -4879918 @ 201.199
c bounds - >= -4879854 @ 201.304
c bounds - >= -4879790 @ 201.411
c bounds - >= -4879726 @ 201.519
c bounds - >= -4879662 @ 201.626
c bounds - >= -4879598 @ 201.732
c bounds - >= -4879534 @ 201.837
c bounds - >= -4879470 @ 201.942
c bounds - >= -4879406 @ 202.048
c bounds - >= -4879342 @ 202.153
c bounds - >= -4879278 @ 202.258
c bounds - >= -4879214 @ 202.363
c bounds - >= -4879150 @ 202.469
c bounds - >= -4879086 @ 202.574
c bounds - >= -4879022 @ 202.68
c bounds - >= -4878958 @ 202.785
c bounds - >= -4878894 @ 202.891
c bounds - >= -4878830 @ 202.998
c bounds - >= -4878766 @ 203.105
c bounds - >= -4878702 @ 203.213
c bounds - >= -4878638 @ 203.32
c bounds - >= -4878574 @ 203.426
c bounds - >= -4878510 @ 203.532
c bounds - >= -4878446 @ 203.638
c bounds - >= -4878382 @ 203.745
c bounds - >= -4878318 @ 203.851
c bounds - >= -4878254 @ 203.957
c bounds - >= -4878190 @ 204.064
c bounds - >= -4878126 @ 204.17
c bounds - >= -4878062 @ 204.276
c bounds - >= -4877998 @ 204.382
c bounds - >= -4877934 @ 204.488
c bounds - >= -4877870 @ 204.595
c bounds - >= -4877806 @ 204.702
c bounds - >= -4877742 @ 204.808
c bounds - >= -4877678 @ 204.915
c bounds - >= -4877614 @ 205.021
c bounds - >= -4877550 @ 205.126
c bounds - >= -4877486 @ 205.233
c bounds - >= -4877422 @ 205.338
c bounds - >= -4877358 @ 205.445
c bounds - >= -4877294 @ 205.551
c bounds - >= -4877230 @ 205.657
c bounds - >= -4877166 @ 205.763
c bounds - >= -4877102 @ 205.87
c bounds - >= -4877038 @ 205.976
c bounds - >= -4876974 @ 206.083
c bounds - >= -4876910 @ 206.189
c bounds - >= -4876846 @ 206.296
c bounds - >= -4876782 @ 206.401
c bounds - >= -4876718 @ 206.509
c bounds - >= -4876654 @ 206.616
c bounds - >= -4876590 @ 206.722
c bounds - >= -4876526 @ 206.83
c bounds - >= -4876462 @ 206.937
c bounds - >= -4876398 @ 207.043
c bounds - >= -4876334 @ 207.15
c bounds - >= -4876270 @ 207.257
c bounds - >= -4876206 @ 207.363
c bounds - >= -4876142 @ 207.47
c bounds - >= -4876078 @ 207.576
c bounds - >= -4876014 @ 207.682
c bounds - >= -4875950 @ 207.788
c bounds - >= -4875886 @ 207.895
c bounds - >= -4875822 @ 208.002
c bounds - >= -4875758 @ 208.109
c bounds - >= -4875694 @ 208.216
c bounds - >= -4875630 @ 208.323
c bounds - >= -4875566 @ 208.429
c bounds - >= -4875502 @ 208.535
c bounds - >= -4875438 @ 208.642
c bounds - >= -4875374 @ 208.748
c bounds - >= -4875310 @ 208.854
c bounds - >= -4875246 @ 208.961
c bounds - >= -4875182 @ 209.067
c bounds - >= -4875118 @ 209.174
c bounds - >= -4875054 @ 209.28
c bounds - >= -4874990 @ 209.387
c bounds - >= -4874926 @ 209.494
c bounds - >= -4874862 @ 209.599
c bounds - >= -4874798 @ 209.706
c bounds - >= -4874734 @ 209.812
c bounds - >= -4874670 @ 209.918
c bounds - >= -4874606 @ 210.025
c bounds - >= -4874542 @ 210.132
c bounds - >= -4874478 @ 210.24
c bounds - >= -4874414 @ 210.347
c bounds - >= -4874350 @ 210.453
c bounds - >= -4874286 @ 210.559
c bounds - >= -4874222 @ 210.666
c bounds - >= -4874158 @ 210.772
c bounds - >= -4874094 @ 210.879
c bounds - >= -4874030 @ 210.986
c bounds - >= -4873966 @ 211.092
c bounds - >= -4873902 @ 211.198
c bounds - >= -4873838 @ 211.304
c bounds - >= -4873774 @ 211.411
c bounds - >= -4873710 @ 211.518
c bounds - >= -4873646 @ 211.623
c bounds - >= -4873582 @ 211.729
c bounds - >= -4873518 @ 211.835
c bounds - >= -4873454 @ 211.941
c bounds - >= -4873390 @ 212.047
c bounds - >= -4873326 @ 212.154
c bounds - >= -4873262 @ 212.259
c bounds - >= -4873198 @ 212.365
c bounds - >= -4873134 @ 212.472
c bounds - >= -4873070 @ 212.578
c bounds - >= -4873006 @ 212.683
c bounds - >= -4872942 @ 212.79
c bounds - >= -4872878 @ 212.897
c bounds - >= -4872814 @ 213.004
c bounds - >= -4872750 @ 213.111
c bounds - >= -4872686 @ 213.217
c bounds - >= -4872622 @ 213.323
c bounds - >= -4872558 @ 213.43
c bounds - >= -4872494 @ 213.536
c bounds - >= -4872430 @ 213.643
c bounds - >= -4872366 @ 213.748
c bounds - >= -4872302 @ 213.855
c bounds - >= -4872238 @ 213.961
c bounds - >= -4872174 @ 214.067
c bounds - >= -4872110 @ 214.174
c bounds - >= -4872046 @ 214.28
c bounds - >= -4871982 @ 214.387
c bounds - >= -4871918 @ 214.494
c bounds - >= -4871854 @ 214.6
c bounds - >= -4871790 @ 214.707
c bounds - >= -4871726 @ 214.814
c bounds - >= -4871662 @ 214.921
c bounds - >= -4871598 @ 215.027
c bounds - >= -4871534 @ 215.132
c bounds - >= -4871470 @ 215.239
c bounds - >= -4871406 @ 215.346
c bounds - >= -4871342 @ 215.451
c bounds - >= -4871278 @ 215.558
c bounds - >= -4871214 @ 215.665
c bounds - >= -4871150 @ 215.771
c bounds - >= -4871086 @ 215.878
c bounds - >= -4871022 @ 215.985
c bounds - >= -4870958 @ 216.092
c bounds - >= -4870894 @ 216.197
c bounds - >= -4870830 @ 216.304
c bounds - >= -4870766 @ 216.41
c bounds - >= -4870702 @ 216.517
c bounds - >= -4870638 @ 216.624
c bounds - >= -4870574 @ 216.73
c bounds - >= -4870510 @ 216.836
c bounds - >= -4870446 @ 216.943
c bounds - >= -4870382 @ 217.05
c bounds - >= -4870318 @ 217.157
c bounds - >= -4870254 @ 217.264
c bounds - >= -4870190 @ 217.37
c bounds - >= -4870126 @ 217.477
c bounds - >= -4870062 @ 217.584
c bounds - >= -4869998 @ 217.691
c bounds - >= -4869934 @ 217.798
c bounds - >= -4869870 @ 217.905
c bounds - >= -4869806 @ 218.011
c bounds - >= -4869742 @ 218.117
c bounds - >= -4869678 @ 218.223
c bounds - >= -4869614 @ 218.331
c bounds - >= -4869550 @ 218.438
c bounds - >= -4869486 @ 218.543
c bounds - >= -4869422 @ 218.649
c bounds - >= -4869358 @ 218.756
c bounds - >= -4869294 @ 218.864
c bounds - >= -4869230 @ 218.971
c bounds - >= -4869166 @ 219.077
c bounds - >= -4869102 @ 219.186
c bounds - >= -4869038 @ 219.292
c bounds - >= -4868974 @ 219.399
c bounds - >= -4868910 @ 219.505
c bounds - >= -4868846 @ 219.612
c bounds - >= -4868782 @ 219.718
c bounds - >= -4868718 @ 219.825
c bounds - >= -4868654 @ 219.932
c bounds - >= -4868590 @ 220.037
c bounds - >= -4868526 @ 220.144
c bounds - >= -4868462 @ 220.251
c bounds - >= -4868398 @ 220.356
c bounds - >= -4868334 @ 220.463
c bounds - >= -4868270 @ 220.569
c bounds - >= -4868206 @ 220.675
c bounds - >= -4868142 @ 220.782
c bounds - >= -4868078 @ 220.888
c bounds - >= -4868014 @ 220.994
c bounds - >= -4867950 @ 221.101
c bounds - >= -4867886 @ 221.207
c bounds - >= -4867822 @ 221.314
c bounds - >= -4867758 @ 221.421
c bounds - >= -4867694 @ 221.527
c bounds - >= -4867630 @ 221.634
c bounds - >= -4867566 @ 221.74
c bounds - >= -4867502 @ 221.846
c bounds - >= -4867438 @ 221.952
c bounds - >= -4867374 @ 222.058
c bounds - >= -4867310 @ 222.165
c bounds - >= -4867246 @ 222.271
c bounds - >= -4867182 @ 222.378
c bounds - >= -4867118 @ 222.485
c bounds - >= -4867054 @ 222.592
c bounds - >= -4866990 @ 222.699
c bounds - >= -4866926 @ 222.805
c bounds - >= -4866862 @ 222.912
c bounds - >= -4866798 @ 223.019
c bounds - >= -4866734 @ 223.124
c bounds - >= -4866670 @ 223.231
c bounds - >= -4866606 @ 223.337
c bounds - >= -4866542 @ 223.444
c bounds - >= -4866478 @ 223.55
c bounds - >= -4866414 @ 223.657
c bounds - >= -4866350 @ 223.762
c bounds - >= -4866286 @ 223.869
c bounds - >= -4866222 @ 223.976
c bounds - >= -4866158 @ 224.081
c bounds - >= -4866094 @ 224.188
c bounds - >= -4866030 @ 224.294
c bounds - >= -4865966 @ 224.401
c bounds - >= -4865902 @ 224.508
c bounds - >= -4865838 @ 224.614
c bounds - >= -4865774 @ 224.721
c bounds - >= -4865710 @ 224.828
c bounds - >= -4865646 @ 224.934
c bounds - >= -4865582 @ 225.04
c bounds - >= -4865518 @ 225.147
c bounds - >= -4865454 @ 225.253
c bounds - >= -4865390 @ 225.359
c bounds - >= -4865326 @ 225.466
c bounds - >= -4865262 @ 225.572
c bounds - >= -4865198 @ 225.679
c bounds - >= -4865134 @ 225.785
c bounds - >= -4865070 @ 225.893
c bounds - >= -4865006 @ 225.999
c bounds - >= -4864942 @ 226.107
c bounds - >= -4864878 @ 226.214
c bounds - >= -4864814 @ 226.321
c bounds - >= -4864750 @ 226.428
c bounds - >= -4864686 @ 226.536
c bounds - >= -4864622 @ 226.643
c bounds - >= -4864558 @ 226.75
c bounds - >= -4864494 @ 226.857
c bounds - >= -4864430 @ 226.963
c bounds - >= -4864366 @ 227.07
c bounds - >= -4864302 @ 227.176
c bounds - >= -4864238 @ 227.282
c bounds - >= -4864174 @ 227.389
c bounds - >= -4864110 @ 227.496
c bounds - >= -4864046 @ 227.603
c bounds - >= -4863982 @ 227.709
c bounds - >= -4863918 @ 227.815
c bounds - >= -4863854 @ 227.922
c bounds - >= -4863790 @ 228.027
c bounds - >= -4863726 @ 228.134
c bounds - >= -4863662 @ 228.241
c bounds - >= -4863598 @ 228.347
c bounds - >= -4863534 @ 228.453
c bounds - >= -4863470 @ 228.559
c bounds - >= -4863406 @ 228.665
c bounds - >= -4863342 @ 228.772
c bounds - >= -4863278 @ 228.879
c bounds - >= -4863214 @ 228.987
c bounds - >= -4863150 @ 229.093
c bounds - >= -4863086 @ 229.2
c bounds - >= -4863022 @ 229.307
c bounds - >= -4862958 @ 229.414
c bounds - >= -4862894 @ 229.52
c bounds - >= -4862830 @ 229.627
c bounds - >= -4862766 @ 229.734
c bounds - >= -4862702 @ 229.84
c bounds - >= -4862638 @ 229.946
c bounds - >= -4862574 @ 230.054
c bounds - >= -4862510 @ 230.16
c bounds - >= -4862446 @ 230.267
c bounds - >= -4862382 @ 230.374
c bounds - >= -4862318 @ 230.481
c bounds - >= -4862254 @ 230.588
c bounds - >= -4862190 @ 230.694
c bounds - >= -4862126 @ 230.801
c bounds - >= -4862062 @ 230.907
c bounds - >= -4861998 @ 231.013
c bounds - >= -4861934 @ 231.119
c bounds - >= -4861870 @ 231.226
c bounds - >= -4861806 @ 231.332
c bounds - >= -4861742 @ 231.439
c bounds - >= -4861678 @ 231.545
c bounds - >= -4861614 @ 231.652
c bounds - >= -4861550 @ 231.759
c bounds - >= -4861486 @ 231.865
c bounds - >= -4861422 @ 231.971
c bounds - >= -4861358 @ 232.078
c bounds - >= -4861294 @ 232.183
c bounds - >= -4861230 @ 232.289
c bounds - >= -4861166 @ 232.395
c bounds - >= -4861102 @ 232.501
c bounds - >= -4861038 @ 232.608
c bounds - >= -4860974 @ 232.714
c bounds - >= -4860910 @ 232.821
c bounds - >= -4860846 @ 232.927
c bounds - >= -4860782 @ 233.033
c bounds - >= -4860718 @ 233.141
c bounds - >= -4860654 @ 233.247
c bounds - >= -4860590 @ 233.353
c bounds - >= -4860526 @ 233.46
c bounds - >= -4860462 @ 233.566
c bounds - >= -4860398 @ 233.672
c bounds - >= -4860334 @ 233.778
c bounds - >= -4860270 @ 233.885
c bounds - >= -4860206 @ 233.991
c bounds - >= -4860142 @ 234.097
c bounds - >= -4860078 @ 234.205
c bounds - >= -4860014 @ 234.312
c bounds - >= -4859950 @ 234.419
c bounds - >= -4859886 @ 234.526
c bounds - >= -4859822 @ 234.632
c bounds - >= -4859758 @ 234.738
c bounds - >= -4859694 @ 234.844
c bounds - >= -4859630 @ 234.951
c bounds - >= -4859566 @ 235.057
c bounds - >= -4859502 @ 235.163
c bounds - >= -4859438 @ 235.27
c bounds - >= -4859374 @ 235.377
c bounds - >= -4859310 @ 235.483
c bounds - >= -4859246 @ 235.591
c bounds - >= -4859182 @ 235.697
c bounds - >= -4859118 @ 235.804
c bounds - >= -4859054 @ 235.911
c bounds - >= -4858990 @ 236.017
c bounds - >= -4858926 @ 236.123
c bounds - >= -4858862 @ 236.229
c bounds - >= -4858798 @ 236.336
c bounds - >= -4858734 @ 236.442
c bounds - >= -4858670 @ 236.547
c bounds - >= -4858606 @ 236.654
c bounds - >= -4858542 @ 236.761
c bounds - >= -4858478 @ 236.868
c bounds - >= -4858414 @ 236.975
c bounds - >= -4858350 @ 237.081
c bounds - >= -4858286 @ 237.187
c bounds - >= -4858222 @ 237.294
c bounds - >= -4858158 @ 237.401
c bounds - >= -4858094 @ 237.507
c bounds - >= -4858030 @ 237.613
c bounds - >= -4857966 @ 237.72
c bounds - >= -4857902 @ 237.826
c bounds - >= -4857838 @ 237.933
c bounds - >= -4857774 @ 238.039
c bounds - >= -4857710 @ 238.146
c bounds - >= -4857646 @ 238.252
c bounds - >= -4857582 @ 238.359
c bounds - >= -4857518 @ 238.466
c bounds - >= -4857454 @ 238.573
c bounds - >= -4857390 @ 238.68
c bounds - >= -4857326 @ 238.787
c bounds - >= -4857262 @ 238.893
c bounds - >= -4857198 @ 238.999
c bounds - >= -4857134 @ 239.106
c bounds - >= -4857070 @ 239.213
c bounds - >= -4857006 @ 239.319
c bounds - >= -4856942 @ 239.425
c bounds - >= -4856878 @ 239.531
c bounds - >= -4856814 @ 239.638
c bounds - >= -4856750 @ 239.745
c bounds - >= -4856686 @ 239.851
c bounds - >= -4856622 @ 239.957
c bounds - >= -4856558 @ 240.064
c bounds - >= -4856494 @ 240.17
c bounds - >= -4856430 @ 240.276
c bounds - >= -4856366 @ 240.382
c bounds - >= -4856302 @ 240.489
c bounds - >= -4856238 @ 240.595
c bounds - >= -4856174 @ 240.701
c bounds - >= -4856110 @ 240.809
c bounds - >= -4856046 @ 240.916
c bounds - >= -4855982 @ 241.022
c bounds - >= -4855918 @ 241.128
c bounds - >= -4855854 @ 241.235
c bounds - >= -4855790 @ 241.341
c bounds - >= -4855726 @ 241.449
c bounds - >= -4855662 @ 241.555
c bounds - >= -4855598 @ 241.661
c bounds - >= -4855534 @ 241.767
c bounds - >= -4855470 @ 241.874
c bounds - >= -4855406 @ 241.98
c bounds - >= -4855342 @ 242.086
c bounds - >= -4855278 @ 242.193
c bounds - >= -4855214 @ 242.3
c bounds - >= -4855150 @ 242.406
c bounds - >= -4855086 @ 242.514
c bounds - >= -4855022 @ 242.62
c bounds - >= -4854958 @ 242.726
c bounds - >= -4854894 @ 242.832
c bounds - >= -4854830 @ 242.938
c bounds - >= -4854766 @ 243.044
c bounds - >= -4854702 @ 243.15
c bounds - >= -4854638 @ 243.257
c bounds - >= -4854574 @ 243.362
c bounds - >= -4854510 @ 243.468
c bounds - >= -4854446 @ 243.575
c bounds - >= -4854382 @ 243.681
c bounds - >= -4854318 @ 243.788
c bounds - >= -4854254 @ 243.894
c bounds - >= -4854190 @ 244.001
c bounds - >= -4854126 @ 244.108
c bounds - >= -4854062 @ 244.215
c bounds - >= -4853998 @ 244.322
c bounds - >= -4853934 @ 244.429
c bounds - >= -4853870 @ 244.534
c bounds - >= -4853806 @ 244.641
c bounds - >= -4853742 @ 244.747
c bounds - >= -4853678 @ 244.852
c bounds - >= -4853614 @ 244.959
c bounds - >= -4853550 @ 245.065
c bounds - >= -4853486 @ 245.171
c bounds - >= -4853422 @ 245.278
c bounds - >= -4853358 @ 245.384
c bounds - >= -4853294 @ 245.49
c bounds - >= -4853230 @ 245.597
c bounds - >= -4853166 @ 245.704
c bounds - >= -4853102 @ 245.811
c bounds - >= -4853038 @ 245.916
c bounds - >= -4852974 @ 246.023
c bounds - >= -4852910 @ 246.129
c bounds - >= -4852846 @ 246.235
c bounds - >= -4852782 @ 246.342
c bounds - >= -4852718 @ 246.449
c bounds - >= -4852654 @ 246.556
c bounds - >= -4852590 @ 246.662
c bounds - >= -4852526 @ 246.769
c bounds - >= -4852462 @ 246.875
c bounds - >= -4852398 @ 246.982
c bounds - >= -4852334 @ 247.089
c bounds - >= -4852270 @ 247.196
c bounds - >= -4852206 @ 247.303
c bounds - >= -4852142 @ 247.408
c bounds - >= -4852078 @ 247.515
c bounds - >= -4852014 @ 247.622
c bounds - >= -4851950 @ 247.729
c bounds - >= -4851886 @ 247.835
c bounds - >= -4851822 @ 247.941
c bounds - >= -4851758 @ 248.047
c bounds - >= -4851694 @ 248.154
c bounds - >= -4851630 @ 248.262
c bounds - >= -4851566 @ 248.369
c bounds - >= -4851502 @ 248.475
c bounds - >= -4851438 @ 248.581
c bounds - >= -4851374 @ 248.688
c bounds - >= -4851310 @ 248.795
c bounds - >= -4851246 @ 248.902
c bounds - >= -4851182 @ 249.01
c bounds - >= -4851118 @ 249.117
c bounds - >= -4851054 @ 249.223
c bounds - >= -4850990 @ 249.329
c bounds - >= -4850926 @ 249.435
c bounds - >= -4850862 @ 249.542
c bounds - >= -4850798 @ 249.648
c bounds - >= -4850734 @ 249.754
c bounds - >= -4850670 @ 249.861
c bounds - >= -4850606 @ 249.969
c bounds - >= -4850542 @ 250.075
c bounds - >= -4850478 @ 250.181
c bounds - >= -4850414 @ 250.287
c bounds - >= -4850350 @ 250.394
c bounds - >= -4850286 @ 250.5
c bounds - >= -4850222 @ 250.606
c bounds - >= -4850158 @ 250.712
c bounds - >= -4850094 @ 250.818
c bounds - >= -4850030 @ 250.924
c bounds - >= -4849966 @ 251.031
c bounds - >= -4849902 @ 251.138
c bounds - >= -4849838 @ 251.243
c bounds - >= -4849774 @ 251.35
c bounds - >= -4849710 @ 251.458
c bounds - >= -4849646 @ 251.564
c bounds - >= -4849582 @ 251.67
c bounds - >= -4849518 @ 251.776
c bounds - >= -4849454 @ 251.882
c bounds - >= -4849390 @ 251.989
c bounds - >= -4849326 @ 252.096
c bounds - >= -4849262 @ 252.203
c bounds - >= -4849198 @ 252.31
c bounds - >= -4849134 @ 252.418
c bounds - >= -4849070 @ 252.523
c bounds - >= -4849006 @ 252.629
c bounds - >= -4848942 @ 252.737
c bounds - >= -4848878 @ 252.844
c bounds - >= -4848814 @ 252.95
c bounds - >= -4848750 @ 253.056
c bounds - >= -4848686 @ 253.162
c bounds - >= -4848622 @ 253.269
c bounds - >= -4848558 @ 253.375
c bounds - >= -4848494 @ 253.481
c bounds - >= -4848430 @ 253.588
c bounds - >= -4848366 @ 253.694
c bounds - >= -4848302 @ 253.8
c bounds - >= -4848238 @ 253.907
c bounds - >= -4848174 @ 254.013
c bounds - >= -4848110 @ 254.119
c bounds - >= -4848046 @ 254.226
c bounds - >= -4847982 @ 254.332
c bounds - >= -4847918 @ 254.438
c bounds - >= -4847854 @ 254.544
c bounds - >= -4847790 @ 254.65
c bounds - >= -4847726 @ 254.756
c bounds - >= -4847662 @ 254.862
c bounds - >= -4847598 @ 254.969
c bounds - >= -4847534 @ 255.076
c bounds - >= -4847470 @ 255.183
c bounds - >= -4847406 @ 255.289
c bounds - >= -4847342 @ 255.396
c bounds - >= -4847278 @ 255.503
c bounds - >= -4847214 @ 255.61
c bounds - >= -4847150 @ 255.716
c bounds - >= -4847086 @ 255.822
c bounds - >= -4847022 @ 255.928
c bounds - >= -4846958 @ 256.035
c bounds - >= -4846894 @ 256.142
c bounds - >= -4846830 @ 256.249
c bounds - >= -4846766 @ 256.354
c bounds - >= -4846702 @ 256.461
c bounds - >= -4846638 @ 256.566
c bounds - >= -4846574 @ 256.673
c bounds - >= -4846510 @ 256.779
c bounds - >= -4846446 @ 256.885
c bounds - >= -4846382 @ 256.991
c bounds - >= -4846318 @ 257.098
c bounds - >= -4846254 @ 257.204
c bounds - >= -4846190 @ 257.31
c bounds - >= -4846126 @ 257.417
c bounds - >= -4846062 @ 257.523
c bounds - >= -4845998 @ 257.629
c bounds - >= -4845934 @ 257.734
c bounds - >= -4845870 @ 257.841
c bounds - >= -4845806 @ 257.948
c bounds - >= -4845742 @ 258.054
c bounds - >= -4845678 @ 258.161
c bounds - >= -4845614 @ 258.268
c bounds - >= -4845550 @ 258.373
c bounds - >= -4845486 @ 258.48
c bounds - >= -4845422 @ 258.586
c bounds - >= -4845358 @ 258.693
c bounds - >= -4845294 @ 258.801
c bounds - >= -4845230 @ 258.907
c bounds - >= -4845166 @ 259.014
c bounds - >= -4845102 @ 259.121
c bounds - >= -4845038 @ 259.226
c bounds - >= -4844974 @ 259.333
c bounds - >= -4844910 @ 259.44
c bounds - >= -4844846 @ 259.547
c bounds - >= -4844782 @ 259.653
c bounds - >= -4844718 @ 259.76
c bounds - >= -4844654 @ 259.866
c bounds - >= -4844590 @ 259.972
c bounds - >= -4844526 @ 260.078
c bounds - >= -4844462 @ 260.186
c bounds - >= -4844398 @ 260.292
c bounds - >= -4844334 @ 260.398
c bounds - >= -4844270 @ 260.505
c bounds - >= -4844206 @ 260.612
c bounds - >= -4844142 @ 260.719
c bounds - >= -4844078 @ 260.825
c bounds - >= -4844014 @ 260.932
c bounds - >= -4843950 @ 261.038
c bounds - >= -4843886 @ 261.145
c bounds - >= -4843822 @ 261.251
c bounds - >= -4843758 @ 261.357
c bounds - >= -4843694 @ 261.464
c bounds - >= -4843630 @ 261.571
c bounds - >= -4843566 @ 261.677
c bounds - >= -4843502 @ 261.783
c bounds - >= -4843438 @ 261.889
c bounds - >= -4843374 @ 261.995
c bounds - >= -4843310 @ 262.101
c bounds - >= -4843246 @ 262.207
c bounds - >= -4843182 @ 262.314
c bounds - >= -4843118 @ 262.42
c bounds - >= -4843054 @ 262.527
c bounds - >= -4842990 @ 262.634
c bounds - >= -4842926 @ 262.741
c bounds - >= -4842862 @ 262.848
c bounds - >= -4842798 @ 262.955
c bounds - >= -4842734 @ 263.063
c bounds - >= -4842670 @ 263.17
c bounds - >= -4842606 @ 263.276
c bounds - >= -4842542 @ 263.382
c bounds - >= -4842478 @ 263.489
c bounds - >= -4842414 @ 263.595
c bounds - >= -4842350 @ 263.701
c bounds - >= -4842286 @ 263.808
c bounds - >= -4842222 @ 263.915
c bounds - >= -4842158 @ 264.022
c bounds - >= -4842094 @ 264.129
c bounds - >= -4842030 @ 264.236
c bounds - >= -4841966 @ 264.341
c bounds - >= -4841902 @ 264.448
c bounds - >= -4841838 @ 264.554
c bounds - >= -4841774 @ 264.659
c bounds - >= -4841710 @ 264.766
c bounds - >= -4841646 @ 264.872
c bounds - >= -4841582 @ 264.978
c bounds - >= -4841518 @ 265.085
c bounds - >= -4841454 @ 265.191
c bounds - >= -4841390 @ 265.297
c bounds - >= -4841326 @ 265.405
c bounds - >= -4841262 @ 265.511
c bounds - >= -4841198 @ 265.617
c bounds - >= -4841134 @ 265.724
c bounds - >= -4841070 @ 265.831
c bounds - >= -4841006 @ 265.937
c bounds - >= -4840942 @ 266.043
c bounds - >= -4840878 @ 266.148
c bounds - >= -4840814 @ 266.255
c bounds - >= -4840750 @ 266.36
c bounds - >= -4840686 @ 266.467
c bounds - >= -4840622 @ 266.574
c bounds - >= -4840558 @ 266.681
c bounds - >= -4840494 @ 266.788
c bounds - >= -4840430 @ 266.894
c bounds - >= -4840366 @ 267
c bounds - >= -4840302 @ 267.108
c bounds - >= -4840238 @ 267.213
c bounds - >= -4840174 @ 267.319
c bounds - >= -4840110 @ 267.426
c bounds - >= -4840046 @ 267.531
c bounds - >= -4839982 @ 267.64
c bounds - >= -4839918 @ 267.746
c bounds - >= -4839854 @ 267.851
c bounds - >= -4839790 @ 267.958
c bounds - >= -4839726 @ 268.064
c bounds - >= -4839662 @ 268.172
c bounds - >= -4839598 @ 268.278
c bounds - >= -4839534 @ 268.386
c bounds - >= -4839470 @ 268.491
c bounds - >= -4839406 @ 268.599
c bounds - >= -4839342 @ 268.705
c bounds - >= -4839278 @ 268.812
c bounds - >= -4839214 @ 268.918
c bounds - >= -4839150 @ 269.024
c bounds - >= -4839086 @ 269.131
c bounds - >= -4839022 @ 269.236
c bounds - >= -4838958 @ 269.343
c bounds - >= -4838894 @ 269.45
c bounds - >= -4838830 @ 269.555
c bounds - >= -4838766 @ 269.661
c bounds - >= -4838702 @ 269.767
c bounds - >= -4838638 @ 269.874
c bounds - >= -4838574 @ 269.98
c bounds - >= -4838510 @ 270.086
c bounds - >= -4838446 @ 270.192
c bounds - >= -4838382 @ 270.298
c bounds - >= -4838318 @ 270.404
c bounds - >= -4838254 @ 270.511
c bounds - >= -4838190 @ 270.617
c bounds - >= -4838126 @ 270.723
c bounds - >= -4838062 @ 270.829
c bounds - >= -4837998 @ 270.936
c bounds - >= -4837934 @ 271.042
c bounds - >= -4837870 @ 271.149
c bounds - >= -4837806 @ 271.254
c bounds - >= -4837742 @ 271.361
c bounds - >= -4837678 @ 271.467
c bounds - >= -4837614 @ 271.574
c bounds - >= -4837550 @ 271.681
c bounds - >= -4837486 @ 271.787
c bounds - >= -4837422 @ 271.893
c bounds - >= -4837358 @ 272
c bounds - >= -4837294 @ 272.106
c bounds - >= -4837230 @ 272.212
c bounds - >= -4837166 @ 272.319
c bounds - >= -4837102 @ 272.425
c bounds - >= -4837038 @ 272.531
c bounds - >= -4836974 @ 272.637
c bounds - >= -4836910 @ 272.743
c bounds - >= -4836846 @ 272.85
c bounds - >= -4836782 @ 272.956
c bounds - >= -4836718 @ 273.064
c bounds - >= -4836654 @ 273.17
c bounds - >= -4836590 @ 273.276
c bounds - >= -4836526 @ 273.382
c bounds - >= -4836462 @ 273.489
c bounds - >= -4836398 @ 273.594
c bounds - >= -4836334 @ 273.701
c bounds - >= -4836270 @ 273.807
c bounds - >= -4836206 @ 273.913
c bounds - >= -4836142 @ 274.021
c bounds - >= -4836078 @ 274.127
c bounds - >= -4836014 @ 274.233
c bounds - >= -4835950 @ 274.339
c bounds - >= -4835886 @ 274.445
c bounds - >= -4835822 @ 274.552
c bounds - >= -4835758 @ 274.659
c bounds - >= -4835694 @ 274.765
c bounds - >= -4835630 @ 274.872
c bounds - >= -4835566 @ 274.979
c bounds - >= -4835502 @ 275.085
c bounds - >= -4835438 @ 275.191
c bounds - >= -4835374 @ 275.297
c bounds - >= -4835310 @ 275.403
c bounds - >= -4835246 @ 275.51
c bounds - >= -4835182 @ 275.614
c bounds - >= -4835118 @ 275.721
c bounds - >= -4835054 @ 275.827
c bounds - >= -4834990 @ 275.935
c bounds - >= -4834926 @ 276.041
c bounds - >= -4834862 @ 276.147
c bounds - >= -4834798 @ 276.253
c bounds - >= -4834734 @ 276.359
c bounds - >= -4834670 @ 276.464
c bounds - >= -4834606 @ 276.57
c bounds - >= -4834542 @ 276.676
c bounds - >= -4834478 @ 276.783
c bounds - >= -4834414 @ 276.889
c bounds - >= -4834350 @ 276.996
c bounds - >= -4834286 @ 277.101
c bounds - >= -4834222 @ 277.208
c bounds - >= -4834158 @ 277.315
c bounds - >= -4834094 @ 277.421
c bounds - >= -4834030 @ 277.528
c bounds - >= -4833966 @ 277.634
c bounds - >= -4833902 @ 277.74
c bounds - >= -4833838 @ 277.847
c bounds - >= -4833774 @ 277.954
c bounds - >= -4833710 @ 278.06
c bounds - >= -4833646 @ 278.167
c bounds - >= -4833582 @ 278.273
c bounds - >= -4833518 @ 278.379
c bounds - >= -4833454 @ 278.486
c bounds - >= -4833390 @ 278.591
c bounds - >= -4833326 @ 278.698
c bounds - >= -4833262 @ 278.804
c bounds - >= -4833198 @ 278.911
c bounds - >= -4833134 @ 279.017
c bounds - >= -4833070 @ 279.124
c bounds - >= -4833006 @ 279.23
c bounds - >= -4832942 @ 279.336
c bounds - >= -4832878 @ 279.442
c bounds - >= -4832814 @ 279.548
c bounds - >= -4832750 @ 279.655
c bounds - >= -4832686 @ 279.762
c bounds - >= -4832622 @ 279.869
c bounds - >= -4832558 @ 279.975
c bounds - >= -4832494 @ 280.082
c bounds - >= -4832430 @ 280.189
c bounds - >= -4832366 @ 280.294
c bounds - >= -4832302 @ 280.401
c bounds - >= -4832238 @ 280.507
c bounds - >= -4832174 @ 280.614
c bounds - >= -4832110 @ 280.72
c bounds - >= -4832046 @ 280.827
c bounds - >= -4831982 @ 280.934
c bounds - >= -4831918 @ 281.04
c bounds - >= -4831854 @ 281.146
c bounds - >= -4831790 @ 281.252
c bounds - >= -4831726 @ 281.357
c bounds - >= -4831662 @ 281.464
c bounds - >= -4831598 @ 281.57
c bounds - >= -4831534 @ 281.677
c bounds - >= -4831470 @ 281.783
c bounds - >= -4831406 @ 281.889
c bounds - >= -4831342 @ 281.994
c bounds - >= -4831278 @ 282.101
c bounds - >= -4831214 @ 282.206
c bounds - >= -4831150 @ 282.313
c bounds - >= -4831086 @ 282.419
c bounds - >= -4831022 @ 282.527
c bounds - >= -4830958 @ 282.634
c bounds - >= -4830894 @ 282.74
c bounds - >= -4830830 @ 282.848
c bounds - >= -4830766 @ 282.954
c bounds - >= -4830702 @ 283.059
c bounds - >= -4830638 @ 283.165
c bounds - >= -4830574 @ 283.271
c bounds - >= -4830510 @ 283.378
c bounds - >= -4830446 @ 283.484
c bounds - >= -4830382 @ 283.59
c bounds - >= -4830318 @ 283.697
c bounds - >= -4830254 @ 283.804
c bounds - >= -4830190 @ 283.912
c bounds - >= -4830126 @ 284.017
c bounds - >= -4830062 @ 284.124
c bounds - >= -4829998 @ 284.229
c bounds - >= -4829934 @ 284.335
c bounds - >= -4829870 @ 284.442
c bounds - >= -4829806 @ 284.549
c bounds - >= -4829742 @ 284.656
c bounds - >= -4829678 @ 284.763
c bounds - >= -4829614 @ 284.87
c bounds - >= -4829550 @ 284.977
c bounds - >= -4829486 @ 285.083
c bounds - >= -4829422 @ 285.189
c bounds - >= -4829358 @ 285.296
c bounds - >= -4829294 @ 285.403
c bounds - >= -4829230 @ 285.509
c bounds - >= -4829166 @ 285.615
c bounds - >= -4829102 @ 285.72
c bounds - >= -4829038 @ 285.827
c bounds - >= -4828974 @ 285.933
c bounds - >= -4828910 @ 286.039
c bounds - >= -4828846 @ 286.145
c bounds - >= -4828782 @ 286.252
c bounds - >= -4828718 @ 286.359
c bounds - >= -4828654 @ 286.465
c bounds - >= -4828590 @ 286.572
c bounds - >= -4828526 @ 286.678
c bounds - >= -4828462 @ 286.785
c bounds - >= -4828398 @ 286.89
c bounds - >= -4828334 @ 286.997
c bounds - >= -4828270 @ 287.102
c bounds - >= -4828206 @ 287.209
c bounds - >= -4828142 @ 287.315
c bounds - >= -4828078 @ 287.421
c bounds - >= -4828014 @ 287.527
c bounds - >= -4827950 @ 287.633
c bounds - >= -4827886 @ 287.739
c bounds - >= -4827822 @ 287.845
c bounds - >= -4827758 @ 287.951
c bounds - >= -4827694 @ 288.057
c bounds - >= -4827630 @ 288.163
c bounds - >= -4827566 @ 288.27
c bounds - >= -4827502 @ 288.378
c bounds - >= -4827438 @ 288.484
c bounds - >= -4827374 @ 288.59
c bounds - >= -4827310 @ 288.697
c bounds - >= -4827246 @ 288.802
c bounds - >= -4827182 @ 288.91
c bounds - >= -4827118 @ 289.016
c bounds - >= -4827054 @ 289.122
c bounds - >= -4826990 @ 289.229
c bounds - >= -4826926 @ 289.336
c bounds - >= -4826862 @ 289.442
c bounds - >= -4826798 @ 289.548
c bounds - >= -4826734 @ 289.656
c bounds - >= -4826670 @ 289.762
c bounds - >= -4826606 @ 289.869
c bounds - >= -4826542 @ 289.976
c bounds - >= -4826478 @ 290.082
c bounds - >= -4826414 @ 290.188
c bounds - >= -4826350 @ 290.295
c bounds - >= -4826286 @ 290.4
c bounds - >= -4826222 @ 290.507
c bounds - >= -4826158 @ 290.612
c bounds - >= -4826094 @ 290.719
c bounds - >= -4826030 @ 290.825
c bounds - >= -4825966 @ 290.932
c bounds - >= -4825902 @ 291.039
c bounds - >= -4825838 @ 291.145
c bounds - >= -4825774 @ 291.251
c bounds - >= -4825710 @ 291.357
c bounds - >= -4825646 @ 291.464
c bounds - >= -4825582 @ 291.573
c bounds - >= -4825518 @ 291.679
c bounds - >= -4825454 @ 291.785
c bounds - >= -4825390 @ 291.892
c bounds - >= -4825326 @ 291.999
c bounds - >= -4825262 @ 292.105
c bounds - >= -4825198 @ 292.211
c bounds - >= -4825134 @ 292.317
c bounds - >= -4825070 @ 292.424
c bounds - >= -4825006 @ 292.531
c bounds - >= -4824942 @ 292.637
c bounds - >= -4824878 @ 292.745
c bounds - >= -4824814 @ 292.851
c bounds - >= -4824750 @ 292.959
c bounds - >= -4824686 @ 293.065
c bounds - >= -4824622 @ 293.172
c bounds - >= -4824558 @ 293.278
c bounds - >= -4824494 @ 293.384
c bounds - >= -4824430 @ 293.489
c bounds - >= -4824366 @ 293.596
c bounds - >= -4824302 @ 293.702
c bounds - >= -4824238 @ 293.809
c bounds - >= -4824174 @ 293.916
c bounds - >= -4824110 @ 294.023
c bounds - >= -4824046 @ 294.128
c bounds - >= -4823982 @ 294.235
c bounds - >= -4823918 @ 294.341
c bounds - >= -4823854 @ 294.449
c bounds - >= -4823790 @ 294.555
c bounds - >= -4823726 @ 294.661
c bounds - >= -4823662 @ 294.768
c bounds - >= -4823598 @ 294.874
c bounds - >= -4823534 @ 294.98
c bounds - >= -4823470 @ 295.087
c bounds - >= -4823406 @ 295.192
c bounds - >= -4823342 @ 295.298
c bounds - >= -4823278 @ 295.405
c bounds - >= -4823214 @ 295.51
c bounds - >= -4823150 @ 295.617
c bounds - >= -4823086 @ 295.722
c bounds - >= -4823022 @ 295.829
c bounds - >= -4822958 @ 295.935
c bounds - >= -4822894 @ 296.043
c bounds - >= -4822830 @ 296.148
c bounds - >= -4822766 @ 296.254
c bounds - >= -4822702 @ 296.361
c bounds - >= -4822638 @ 296.467
c bounds - >= -4822574 @ 296.574
c bounds - >= -4822510 @ 296.681
c bounds - >= -4822446 @ 296.788
c bounds - >= -4822382 @ 296.895
c bounds - >= -4822318 @ 297.002
c bounds - >= -4822254 @ 297.108
c bounds - >= -4822190 @ 297.215
c bounds - >= -4822126 @ 297.32
c bounds - >= -4822062 @ 297.427
c bounds - >= -4821998 @ 297.534
c bounds - >= -4821934 @ 297.64
c bounds - >= -4821870 @ 297.747
c bounds - >= -4821806 @ 297.853
c bounds - >= -4821742 @ 297.96
c bounds - >= -4821678 @ 298.065
c bounds - >= -4821614 @ 298.171
c bounds - >= -4821550 @ 298.277
c bounds - >= -4821486 @ 298.383
c bounds - >= -4821422 @ 298.489
c bounds - >= -4821358 @ 298.594
c bounds - >= -4821294 @ 298.7
c bounds - >= -4821230 @ 298.807
c bounds - >= -4821166 @ 298.912
c bounds - >= -4821102 @ 299.019
c bounds - >= -4821038 @ 299.126
c bounds - >= -4820974 @ 299.232
c bounds - >= -4820910 @ 299.339
c bounds - >= -4820846 @ 299.446
c bounds - >= -4820782 @ 299.551
c bounds - >= -4820718 @ 299.658
c bounds - >= -4820654 @ 299.764
c bounds - >= -4820590 @ 299.871
c bounds - >= -4820526 @ 299.979
c bounds - >= -4820462 @ 300.085
c bounds - >= -4820398 @ 300.191
c bounds - >= -4820334 @ 300.298
c bounds - >= -4820270 @ 300.405
c bounds - >= -4820206 @ 300.512
c bounds - >= -4820142 @ 300.619
c bounds - >= -4820078 @ 300.726
c bounds - >= -4820014 @ 300.832
c bounds - >= -4819950 @ 300.938
c bounds - >= -4819886 @ 301.045
c bounds - >= -4819822 @ 301.151
c bounds - >= -4819758 @ 301.258
c bounds - >= -4819694 @ 301.365
c bounds - >= -4819630 @ 301.471
c bounds - >= -4819566 @ 301.577
c bounds - >= -4819502 @ 301.684
c bounds - >= -4819438 @ 301.789
c bounds - >= -4819374 @ 301.896
c bounds - >= -4819310 @ 302.002
c bounds - >= -4819246 @ 302.11
c bounds - >= -4819182 @ 302.218
c bounds - >= -4819118 @ 302.323
c bounds - >= -4819054 @ 302.429
c bounds - >= -4818990 @ 302.536
c bounds - >= -4818926 @ 302.642
c bounds - >= -4818862 @ 302.75
c bounds - >= -4818798 @ 302.857
c bounds - >= -4818734 @ 302.963
c bounds - >= -4818670 @ 303.069
c bounds - >= -4818606 @ 303.176
c bounds - >= -4818542 @ 303.283
c bounds - >= -4818478 @ 303.389
c bounds - >= -4818414 @ 303.496
c bounds - >= -4818350 @ 303.602
c bounds - >= -4818286 @ 303.71
c bounds - >= -4818222 @ 303.815
c bounds - >= -4818158 @ 303.922
c bounds - >= -4818094 @ 304.029
c bounds - >= -4818030 @ 304.136
c bounds - >= -4817966 @ 304.243
c bounds - >= -4817902 @ 304.35
c bounds - >= -4817838 @ 304.458
c bounds - >= -4817774 @ 304.564
c bounds - >= -4817710 @ 304.671
c bounds - >= -4817646 @ 304.777
c bounds - >= -4817582 @ 304.883
c bounds - >= -4817518 @ 304.989
c bounds - >= -4817454 @ 305.095
c bounds - >= -4817390 @ 305.202
c bounds - >= -4817326 @ 305.307
c bounds - >= -4817262 @ 305.414
c bounds - >= -4817198 @ 305.522
c bounds - >= -4817134 @ 305.629
c bounds - >= -4817070 @ 305.735
c bounds - >= -4817006 @ 305.841
c bounds - >= -4816942 @ 305.948
c bounds - >= -4816878 @ 306.054
c bounds - >= -4816814 @ 306.16
c bounds - >= -4816750 @ 306.268
c bounds - >= -4816686 @ 306.374
c bounds - >= -4816622 @ 306.481
c bounds - >= -4816558 @ 306.588
c bounds - >= -4816494 @ 306.694
c bounds - >= -4816430 @ 306.8
c bounds - >= -4816366 @ 306.906
c bounds - >= -4816302 @ 307.013
c bounds - >= -4816238 @ 307.118
c bounds - >= -4816174 @ 307.225
c bounds - >= -4816110 @ 307.33
c bounds - >= -4816046 @ 307.436
c bounds - >= -4815982 @ 307.542
c bounds - >= -4815918 @ 307.648
c bounds - >= -4815854 @ 307.754
c bounds - >= -4815790 @ 307.861
c bounds - >= -4815726 @ 307.967
c bounds - >= -4815662 @ 308.074
c bounds - >= -4815598 @ 308.18
c bounds - >= -4815534 @ 308.286
c bounds - >= -4815470 @ 308.393
c bounds - >= -4815406 @ 308.499
c bounds - >= -4815342 @ 308.606
c bounds - >= -4815278 @ 308.713
c bounds - >= -4815214 @ 308.818
c bounds - >= -4815150 @ 308.925
c bounds - >= -4815086 @ 309.03
c bounds - >= -4815022 @ 309.137
c bounds - >= -4814958 @ 309.243
c bounds - >= -4814894 @ 309.349
c bounds - >= -4814830 @ 309.455
c bounds - >= -4814766 @ 309.561
c bounds - >= -4814702 @ 309.667
c bounds - >= -4814638 @ 309.773
c bounds - >= -4814574 @ 309.88
c bounds - >= -4814510 @ 309.985
c bounds - >= -4814446 @ 310.093
c bounds - >= -4814382 @ 310.198
c bounds - >= -4814318 @ 310.305
c bounds - >= -4814254 @ 310.411
c bounds - >= -4814190 @ 310.517
c bounds - >= -4814126 @ 310.623
c bounds - >= -4814062 @ 310.729
c bounds - >= -4813998 @ 310.835
c bounds - >= -4813934 @ 310.942
c bounds - >= -4813870 @ 311.048
c bounds - >= -4813806 @ 311.154
c bounds - >= -4813742 @ 311.26
c bounds - >= -4813678 @ 311.366
c bounds - >= -4813614 @ 311.472
c bounds - >= -4813550 @ 311.578
c bounds - >= -4813486 @ 311.683
c bounds - >= -4813422 @ 311.79
c bounds - >= -4813358 @ 311.895
c bounds - >= -4813294 @ 312.002
c bounds - >= -4813230 @ 312.109
c bounds - >= -4813166 @ 312.214
c bounds - >= -4813102 @ 312.32
c bounds - >= -4813038 @ 312.426
c bounds - >= -4812974 @ 312.531
c bounds - >= -4812910 @ 312.638
c bounds - >= -4812846 @ 312.744
c bounds - >= -4812782 @ 312.85
c bounds - >= -4812718 @ 312.957
c bounds - >= -4812654 @ 313.064
c bounds - >= -4812590 @ 313.171
c bounds - >= -4812526 @ 313.278
c bounds - >= -4812462 @ 313.383
c bounds - >= -4812398 @ 313.49
c bounds - >= -4812334 @ 313.595
c bounds - >= -4812270 @ 313.701
c bounds - >= -4812206 @ 313.808
c bounds - >= -4812142 @ 313.913
c bounds - >= -4812078 @ 314.02
c bounds - >= -4812014 @ 314.126
c bounds - >= -4811950 @ 314.233
c bounds - >= -4811886 @ 314.339
c bounds - >= -4811822 @ 314.446
c bounds - >= -4811758 @ 314.553
c bounds - >= -4811694 @ 314.661
c bounds - >= -4811630 @ 314.766
c bounds - >= -4811566 @ 314.873
c bounds - >= -4811502 @ 314.98
c bounds - >= -4811438 @ 315.087
c bounds - >= -4811374 @ 315.194
c bounds - >= -4811310 @ 315.301
c bounds - >= -4811246 @ 315.407
c bounds - >= -4811182 @ 315.514
c bounds - >= -4811118 @ 315.62
c bounds - >= -4811054 @ 315.728
c bounds - >= -4810990 @ 315.834
c bounds - >= -4810926 @ 315.94
c bounds - >= -4810862 @ 316.045
c bounds - >= -4810798 @ 316.152
c bounds - >= -4810734 @ 316.258
c bounds - >= -4810670 @ 316.364
c bounds - >= -4810606 @ 316.472
c bounds - >= -4810542 @ 316.578
c bounds - >= -4810478 @ 316.685
c bounds - >= -4810414 @ 316.792
c bounds - >= -4810350 @ 316.898
c bounds - >= -4810286 @ 317.004
c bounds - >= -4810222 @ 317.112
c bounds - >= -4810158 @ 317.218
c bounds - >= -4810094 @ 317.323
c bounds - >= -4810030 @ 317.43
c bounds - >= -4809966 @ 317.536
c bounds - >= -4809902 @ 317.643
c bounds - >= -4809838 @ 317.749
c bounds - >= -4809774 @ 317.856
c bounds - >= -4809710 @ 317.962
c bounds - >= -4809646 @ 318.068
c bounds - >= -4809582 @ 318.174
c bounds - >= -4809518 @ 318.282
c bounds - >= -4809454 @ 318.388
c bounds - >= -4809390 @ 318.495
c bounds - >= -4809326 @ 318.601
c bounds - >= -4809262 @ 318.707
c bounds - >= -4809198 @ 318.814
c bounds - >= -4809134 @ 318.919
c bounds - >= -4809070 @ 319.025
c bounds - >= -4809006 @ 319.131
c bounds - >= -4808942 @ 319.237
c bounds - >= -4808878 @ 319.343
c bounds - >= -4808814 @ 319.45
c bounds - >= -4808750 @ 319.557
c bounds - >= -4808686 @ 319.663
c bounds - >= -4808622 @ 319.768
c bounds - >= -4808558 @ 319.875
c bounds - >= -4808494 @ 319.98
c bounds - >= -4808430 @ 320.087
c bounds - >= -4808366 @ 320.193
c bounds - >= -4808302 @ 320.3
c bounds - >= -4808238 @ 320.406
c bounds - >= -4808174 @ 320.512
c bounds - >= -4808110 @ 320.618
c bounds - >= -4808046 @ 320.725
c bounds - >= -4807982 @ 320.832
c bounds - >= -4807918 @ 320.938
c bounds - >= -4807854 @ 321.045
c bounds - >= -4807790 @ 321.151
c bounds - >= -4807726 @ 321.257
c bounds - >= -4807662 @ 321.363
c bounds - >= -4807598 @ 321.469
c bounds - >= -4807534 @ 321.575
c bounds - >= -4807470 @ 321.681
c bounds - >= -4807406 @ 321.788
c bounds - >= -4807342 @ 321.895
c bounds - >= -4807278 @ 322.002
c bounds - >= -4807214 @ 322.108
c bounds - >= -4807150 @ 322.215
c bounds - >= -4807086 @ 322.321
c bounds - >= -4807022 @ 322.427
c bounds - >= -4806958 @ 322.533
c bounds - >= -4806894 @ 322.639
c bounds - >= -4806830 @ 322.745
c bounds - >= -4806766 @ 322.852
c bounds - >= -4806702 @ 322.959
c bounds - >= -4806638 @ 323.066
c bounds - >= -4806574 @ 323.173
c bounds - >= -4806510 @ 323.279
c bounds - >= -4806446 @ 323.385
c bounds - >= -4806382 @ 323.493
c bounds - >= -4806318 @ 323.6
c bounds - >= -4806254 @ 323.708
c bounds - >= -4806190 @ 323.815
c bounds - >= -4806126 @ 323.922
c bounds - >= -4806062 @ 324.03
c bounds - >= -4805998 @ 324.136
c bounds - >= -4805934 @ 324.243
c bounds - >= -4805870 @ 324.35
c bounds - >= -4805806 @ 324.456
c bounds - >= -4805742 @ 324.564
c bounds - >= -4805678 @ 324.671
c bounds - >= -4805614 @ 324.778
c bounds - >= -4805550 @ 324.883
c bounds - >= -4805486 @ 324.99
c bounds - >= -4805422 @ 325.098
c bounds - >= -4805358 @ 325.205
c bounds - >= -4805294 @ 325.311
c bounds - >= -4805230 @ 325.418
c bounds - >= -4805166 @ 325.526
c bounds - >= -4805102 @ 325.631
c bounds - >= -4805038 @ 325.738
c bounds - >= -4804974 @ 325.844
c bounds - >= -4804910 @ 325.951
c bounds - >= -4804846 @ 326.057
c bounds - >= -4804782 @ 326.163
c bounds - >= -4804718 @ 326.271
c bounds - >= -4804654 @ 326.376
c bounds - >= -4804590 @ 326.483
c bounds - >= -4804526 @ 326.59
c bounds - >= -4804462 @ 326.697
c bounds - >= -4804398 @ 326.804
c bounds - >= -4804334 @ 326.911
c bounds - >= -4804270 @ 327.018
c bounds - >= -4804206 @ 327.124
c bounds - >= -4804142 @ 327.23
c bounds - >= -4804078 @ 327.337
c bounds - >= -4804014 @ 327.442
c bounds - >= -4803950 @ 327.549
c bounds - >= -4803886 @ 327.656
c bounds - >= -4803822 @ 327.763
c bounds - >= -4803758 @ 327.869
c bounds - >= -4803694 @ 327.975
c bounds - >= -4803630 @ 328.081
c bounds - >= -4803566 @ 328.188
c bounds - >= -4803502 @ 328.294
c bounds - >= -4803438 @ 328.4
c bounds - >= -4803374 @ 328.507
c bounds - >= -4803310 @ 328.614
c bounds - >= -4803246 @ 328.72
c bounds - >= -4803182 @ 328.827
c bounds - >= -4803118 @ 328.933
c bounds - >= -4803054 @ 329.039
c bounds - >= -4802990 @ 329.147
c bounds - >= -4802926 @ 329.254
c bounds - >= -4802862 @ 329.36
c bounds - >= -4802798 @ 329.466
c bounds - >= -4802734 @ 329.573
c bounds - >= -4802670 @ 329.68
c bounds - >= -4802606 @ 329.787
c bounds - >= -4802542 @ 329.893
c bounds - >= -4802478 @ 330
c bounds - >= -4802414 @ 330.106
c bounds - >= -4802350 @ 330.213
c bounds - >= -4802286 @ 330.319
c bounds - >= -4802222 @ 330.426
c bounds - >= -4802158 @ 330.531
c bounds - >= -4802094 @ 330.638
c bounds - >= -4802030 @ 330.745
c bounds - >= -4801966 @ 330.851
c bounds - >= -4801902 @ 330.957
c bounds - >= -4801838 @ 331.064
c bounds - >= -4801774 @ 331.172
c boundsterminate called after throwing an instance of 'rs::OutOfMemoryException'
