c RoundingSat 2
c branch 
c commit 
c #variables 720 #constraints 1140
c bounds - >= -540 @ 0.004532
c bounds 0 >= -540 @ 0.004553
c bounds 0 >= -538 @ 0.004792
c bounds 0 >= -536 @ 0.004899
c bounds 0 >= -534 @ 0.005001
c bounds 0 >= -532 @ 0.005103
c bounds 0 >= -530 @ 0.005203
c bounds 0 >= -528 @ 0.005302
c bounds 0 >= -526 @ 0.005398
c bounds 0 >= -524 @ 0.00555
c bounds 0 >= -522 @ 0.005649
c bounds 0 >= -520 @ 0.005746
c bounds 0 >= -518 @ 0.005843
c bounds 0 >= -516 @ 0.00594
c bounds -2 >= -516 @ 0.006902
c bounds -2 >= -514 @ 0.007014
c bounds -2 >= -512 @ 0.007119
c bounds -2 >= -510 @ 0.00722
c bounds -2 >= -508 @ 0.007318
c bounds -2 >= -506 @ 0.007414
c bounds -2 >= -504 @ 0.007509
c bounds -2 >= -502 @ 0.007606
c bounds -2 >= -500 @ 0.007705
c bounds -2 >= -498 @ 0.0078
c bounds -2 >= -496 @ 0.007897
c bounds -2 >= -494 @ 0.007992
c bounds -2 >= -492 @ 0.008089
c bounds -2 >= -490 @ 0.008192
c bounds -2 >= -488 @ 0.008287
c bounds -2 >= -486 @ 0.008381
c bounds -2 >= -484 @ 0.008477
c bounds -2 >= -482 @ 0.008592
c bounds -2 >= -480 @ 0.008691
c bounds -2 >= -478 @ 0.008788
c bounds -2 >= -476 @ 0.008884
c bounds -2 >= -474 @ 0.00898
c bounds -2 >= -472 @ 0.009076
c bounds -4 >= -472 @ 0.010329
c bounds -4 >= -470 @ 0.010447
c bounds -4 >= -468 @ 0.010551
c bounds -4 >= -466 @ 0.010649
c bounds -4 >= -464 @ 0.010744
c bounds -4 >= -462 @ 0.01084
c bounds -4 >= -460 @ 0.010936
c bounds -4 >= -458 @ 0.011032
c bounds -4 >= -456 @ 0.011133
c bounds -4 >= -454 @ 0.011228
c bounds -4 >= -452 @ 0.011323
c bounds -4 >= -450 @ 0.01142
c bounds -4 >= -448 @ 0.011519
c bounds -4 >= -446 @ 0.011616
c bounds -4 >= -444 @ 0.011716
c bounds -4 >= -442 @ 0.011814
c bounds -4 >= -440 @ 0.011912
c bounds -4 >= -438 @ 0.012008
c bounds -4 >= -436 @ 0.012105
c bounds -4 >= -434 @ 0.012198
c bounds -4 >= -432 @ 0.012293
c bounds -4 >= -430 @ 0.01239
c bounds -4 >= -428 @ 0.012486
c bounds -4 >= -426 @ 0.012517
c bounds -4 >= -424 @ 0.012517
c bounds -4 >= -422 @ 0.012517
c bounds -4 >= -420 @ 0.012517
c bounds -4 >= -418 @ 0.012517
c bounds -4 >= -416 @ 0.012517
c bounds -4 >= -414 @ 0.012517
c bounds -6 >= -414 @ 0.013026
c bounds -6 >= -412 @ 0.013142
c bounds -6 >= -410 @ 0.013243
c bounds -6 >= -408 @ 0.013343
c bounds -6 >= -406 @ 0.013425
c bounds -6 >= -404 @ 0.013491
c bounds -6 >= -402 @ 0.013579
c bounds -6 >= -400 @ 0.01368
c bounds -6 >= -398 @ 0.01378
c bounds -6 >= -396 @ 0.013882
c bounds -6 >= -394 @ 0.013978
c bounds -6 >= -392 @ 0.014075
c bounds -6 >= -390 @ 0.014172
c bounds -6 >= -388 @ 0.014268
c bounds -6 >= -386 @ 0.014363
c bounds -6 >= -384 @ 0.014459
c bounds -6 >= -382 @ 0.014574
c bounds -6 >= -380 @ 0.014671
c bounds -6 >= -378 @ 0.014767
c bounds -6 >= -376 @ 0.014867
c bounds -6 >= -374 @ 0.014965
c bounds -6 >= -372 @ 0.015063
c bounds -8 >= -372 @ 0.015506
c bounds -8 >= -370 @ 0.015506
c bounds -8 >= -368 @ 0.015506
c bounds -8 >= -366 @ 0.015506
c bounds -8 >= -364 @ 0.015506
c bounds -8 >= -362 @ 0.015506
c bounds -8 >= -360 @ 0.015506
c bounds -8 >= -358 @ 0.015599
c bounds -8 >= -356 @ 0.015689
c bounds -8 >= -354 @ 0.015778
c bounds -8 >= -352 @ 0.015868
c bounds -8 >= -350 @ 0.015956
c bounds -8 >= -348 @ 0.016046
c bounds -8 >= -346 @ 0.016134
c bounds -8 >= -344 @ 0.016226
c bounds -8 >= -342 @ 0.016315
c bounds -8 >= -340 @ 0.016404
c bounds -8 >= -338 @ 0.016478
c bounds -8 >= -336 @ 0.016559
c bounds -8 >= -334 @ 0.016648
c bounds -8 >= -332 @ 0.016737
c bounds -8 >= -330 @ 0.016826
c bounds -8 >= -328 @ 0.016914
c bounds -8 >= -326 @ 0.017003
c bounds -8 >= -324 @ 0.017097
c bounds -8 >= -322 @ 0.017185
c bounds -8 >= -320 @ 0.017275
c bounds -8 >= -318 @ 0.017364
c bounds -8 >= -316 @ 0.017453
c bounds -8 >= -314 @ 0.017497
c bounds -8 >= -312 @ 0.017497
c bounds -8 >= -310 @ 0.017497
c bounds -8 >= -308 @ 0.017497
c bounds -8 >= -306 @ 0.017497
c bounds -8 >= -304 @ 0.017497
c bounds -8 >= -302 @ 0.017497
c bounds -8 >= -300 @ 0.017497
c bounds -8 >= -298 @ 0.017497
c bounds -8 >= -296 @ 0.017497
c bounds -8 >= -294 @ 0.017497
c bounds -8 >= -292 @ 0.017542
c bounds -8 >= -290 @ 0.017632
c bounds -8 >= -288 @ 0.017729
c bounds -8 >= -286 @ 0.017817
c bounds -8 >= -284 @ 0.017927
c bounds -8 >= -282 @ 0.018018
c bounds -8 >= -280 @ 0.01811
c bounds -8 >= -278 @ 0.018199
c bounds -8 >= -276 @ 0.018291
c bounds -8 >= -274 @ 0.018378
c bounds -8 >= -272 @ 0.018467
c bounds -8 >= -270 @ 0.018552
c bounds -8 >= -268 @ 0.018642
c bounds -8 >= -266 @ 0.018732
c bounds -8 >= -264 @ 0.018821
c bounds -8 >= -262 @ 0.018913
c bounds -8 >= -260 @ 0.019003
c bounds -8 >= -258 @ 0.019094
c bounds -8 >= -256 @ 0.019182
c bounds -8 >= -254 @ 0.019271
c bounds -8 >= -252 @ 0.019365
c bounds -8 >= -250 @ 0.019453
c bounds -8 >= -248 @ 0.019487
c bounds -8 >= -246 @ 0.019487
c bounds -8 >= -244 @ 0.019487
c bounds -8 >= -242 @ 0.019487
c bounds -8 >= -240 @ 0.019487
c bounds -8 >= -238 @ 0.019487
c bounds -8 >= -236 @ 0.019487
c bounds -8 >= -234 @ 0.019487
c bounds -8 >= -232 @ 0.019487
c bounds -8 >= -230 @ 0.019487
c bounds -8 >= -228 @ 0.019487
c bounds -8 >= -226 @ 0.019532
c bounds -8 >= -224 @ 0.01962
c bounds -8 >= -222 @ 0.019706
c bounds -8 >= -220 @ 0.019796
c bounds -8 >= -218 @ 0.019882
c bounds -8 >= -216 @ 0.01997
c bounds -8 >= -214 @ 0.020056
c bounds -8 >= -212 @ 0.020142
c bounds -8 >= -210 @ 0.020228
c bounds -8 >= -208 @ 0.020316
c bounds -8 >= -206 @ 0.020403
c bounds -8 >= -204 @ 0.02049
c bounds -8 >= -202 @ 0.020579
c bounds -8 >= -200 @ 0.020665
c bounds -8 >= -198 @ 0.020752
c bounds -8 >= -196 @ 0.020841
c bounds -8 >= -194 @ 0.020929
c bounds -8 >= -192 @ 0.02103
c bounds -8 >= -190 @ 0.021117
c bounds -8 >= -188 @ 0.021205
c bounds -8 >= -186 @ 0.021295
c bounds -8 >= -184 @ 0.021384
c bounds -8 >= -182 @ 0.021473
c bounds -8 >= -180 @ 0.021563
c bounds -8 >= -178 @ 0.022481
c bounds -10 >= -178 @ 0.024154
c bounds -10 >= -176 @ 0.025056
c bounds -10 >= -174 @ 0.025469
c bounds -14 >= -174 @ 0.025469
c bounds -14 >= -172 @ 0.025469
c bounds -14 >= -170 @ 0.025469
c bounds -16 >= -170 @ 0.025541
c bounds -16 >= -168 @ 0.026511
c bounds -20 >= -168 @ 0.028914
c bounds -20 >= -166 @ 0.029807
c bounds -20 >= -164 @ 0.030769
c bounds -20 >= -162 @ 0.031446
c bounds -24 >= -162 @ 0.031446
c bounds -24 >= -160 @ 0.032253
c bounds -28 >= -160 @ 0.033035
c bounds -28 >= -158 @ 0.033839
c bounds -28 >= -156 @ 0.03463
c bounds -32 >= -156 @ 0.035408
c bounds -32 >= -154 @ 0.036209
c bounds -34 >= -154 @ 0.039297
c bounds -34 >= -152 @ 0.039464
c bounds -34 >= -150 @ 0.040601
c bounds -34 >= -148 @ 0.041385
c bounds -34 >= -146 @ 0.042184
c bounds -38 >= -146 @ 0.06352
c bounds -38 >= -144 @ 0.065473
c bounds -38 >= -142 @ 0.066799
c bounds -38 >= -140 @ 0.067615
c bounds -38 >= -138 @ 0.069835
c bounds -38 >= -136 @ 0.070354
c bounds -38 >= -134 @ 0.07121
c bounds -38 >= -132 @ 0.072133
c bounds -38 >= -130 @ 0.072293
c bounds -38 >= -128 @ 0.072912
c bounds -38 >= -126 @ 0.073771
c bounds -38 >= -124 @ 0.074644
c bounds -38 >= -122 @ 0.076056
c bounds -38 >= -120 @ 0.077109
c bounds -39 >= -120 @ 0.077272
c bounds -39 >= -119 @ 0.077272
c bounds -39 >= -118 @ 0.077275
c bounds -39 >= -117 @ 0.077275
c bounds -39 >= -116 @ 0.077325
c bounds -39 >= -115 @ 0.0781
c bounds -39 >= -114 @ 0.07884
c bounds -39 >= -113 @ 0.079269
c bounds -39 >= -112 @ 0.079384
c bounds -39 >= -111 @ 0.080185
c bounds -39 >= -110 @ 0.08096
c bounds -39 >= -109 @ 0.081261
c bounds -39 >= -108 @ 0.081263
c bounds -39 >= -107 @ 0.081328
c bounds -39 >= -106 @ 0.082118
c bounds -39 >= -105 @ 0.082258
c bounds -39 >= -104 @ 0.082258
c bounds -39 >= -103 @ 0.082495
c bounds -39 >= -102 @ 0.083324
c bounds -39 >= -101 @ 0.084114
c bounds -39 >= -100 @ 0.08425
c bounds -39 >= -99 @ 0.084251
c bounds -39 >= -98 @ 0.084251
c bounds -39 >= -97 @ 0.084303
c bounds -39 >= -96 @ 0.08511
c bounds -39 >= -95 @ 0.085929
c bounds -39 >= -94 @ 0.086728
c bounds -39 >= -93 @ 0.087243
c bounds -39 >= -92 @ 0.087243
c bounds -39 >= -91 @ 0.087243
c bounds -39 >= -90 @ 0.088022
c bounds -39 >= -89 @ 0.088238
c bounds -39 >= -88 @ 0.088666
c bounds -39 >= -87 @ 0.089236
c bounds -39 >= -86 @ 0.089365
c bounds -39 >= -85 @ 0.090206
c bounds -39 >= -84 @ 0.090233
c bounds -39 >= -83 @ 0.090234
c bounds -39 >= -82 @ 0.090234
c bounds -39 >= -81 @ 0.090234
c bounds -39 >= -80 @ 0.090445
c bounds -39 >= -79 @ 0.091287
c bounds -39 >= -78 @ 0.092143
c bounds -39 >= -77 @ 0.09299
c bounds -39 >= -76 @ 0.093221
c bounds -39 >= -75 @ 0.094247
c bounds -39 >= -74 @ 0.095219
c bounds -39 >= -73 @ 0.096103
c bounds -40 >= -73 @ 0.097388
c bounds -40 >= -72 @ 0.099819
c bounds -41 >= -72 @ 0.100199
c bounds -42 >= -72 @ 0.100945
c bounds -42 >= -71 @ 0.104265
c bounds -43 >= -71 @ 0.105179
c bounds -44 >= -71 @ 0.105179
c bounds -45 >= -71 @ 0.105603
c bounds -46 >= -71 @ 0.106177
c bounds -47 >= -71 @ 0.10646
c bounds -48 >= -71 @ 0.107064
c bounds -48 >= -70 @ 0.112416
c bounds -49 >= -70 @ 0.113223
c bounds -50 >= -70 @ 0.113821
c bounds -51 >= -70 @ 0.114405
c bounds -52 >= -70 @ 0.114991
c bounds -53 >= -70 @ 0.115565
c bounds -54 >= -70 @ 0.116138
c bounds -54 >= -69 @ 0.126262
c bounds -55 >= -69 @ 0.127091
c bounds -56 >= -69 @ 0.127095
c bounds -57 >= -69 @ 0.1279
c bounds -58 >= -69 @ 0.22026
c bounds -58 >= -68 @ 0.221577
c bounds -58 >= -67 @ 0.222654
c #Conflicts:       1000 | #Constraints:       3206
c bounds -58 >= -66 @ 0.237102
c bounds -58 >= -65 @ 0.247878
c bounds -58 >= -64 @ 0.261739
c bounds -58 >= -63 @ 0.273687
c bounds -59 >= -63 @ 0.296748
c bounds -59 >= -62 @ 0.340275
c bounds -60 >= -62 @ 0.398789
c bounds -60 >= -61 @ 0.401258
c bounds -60 >= -60 @ 0.403868
c cpu time 0.403872 s
c deterministic time 19355645 1.94e+07
c optimization time 0.022348 s
c total solve time 0.376998 s
c core-guided solve time 0.161152 s
c propagation time 0.208162 s
c conflict analysis time 0.114481 s
c propagations 324214
c resolve steps 21468
c decisions 83331
c conflicts 1643
c restarts 11
c inprocessing phases 0
c input clauses 1643
c input cardinalities 403
c input general constraints 658
c input average constraint length 63.92
c input average constraint degree 39.17
c learned clauses 755
c learned cardinalities 80
c learned general constraints 848
c learned average constraint length 144.80
c learned average constraint degree 1203.82
c watched constraints 472
c counting constraints 1034
c gcd simplifications 66
c detected cardinalities 47
c weakened non-implied lits 92439
c weakened non-implying lits 58
c original variables 720
c clausal propagations 64942
c cardinality propagations 54008
c watched propagations 10473
c counting propagations 155995
c watch lookups 5452642
c watch backjump lookups 5114067
c watch checks 3710942
c propagation checks 3671506
c constraint additions 590201
c trail pops 408741
c formula constraints 1140
c learned constraints 1683
c bound constraints 704
c core-guided constraints 860
c encountered formula constraints 14345
c encountered learned constraints 4529
c encountered bound constraints 173
c encountered core-guided constraints 4064
c LP total time 0 s
c LP solve time 0 s
c LP constraints added 0
c LP constraints removed 0
c LP pivots internal 0
c LP pivots root 0
c LP calls 0
c LP optimalities 0
c LP no pivot count 0
c LP infeasibilities 0
c LP valid Farkas constraints 0
c LP learned Farkas constraints 0
c LP basis resets 0
c LP cycling count 0
c LP singular count 0
c LP no primal count 0
c LP no farkas count 0
c LP other issue count 0
c LP Gomory cuts 0
c LP learned cuts 0
c LP deleted cuts 0
c LP encountered Gomory constraints 0
c LP encountered Farkas constraints 0
c LP encountered learned Farkas constraints 0
c CG auxiliary variables introduced 375
c CG solutions found 36
c CG cores constructed 270
c CG core cardinality constraints returned 0
c CG unit cores 0
c CG single cores 270
c CG blocks removed during cardinality reduction 0
c CG first core best 0
c CG decision core best 0
c CG core reduction tie 0
c CG core degree average 1.00
c CG core slack average 2.00
o -60
s OPTIMUM FOUND
