c RoundingSat 2
c branch 
c commit 
c #variables 720 #constraints 1140
c bounds - >= -540 @ 0.004281
c bounds 0 >= -540 @ 0.005018
c bounds 0 >= -538 @ 0.005233
c bounds 0 >= -536 @ 0.005339
c bounds 0 >= -534 @ 0.005439
c bounds 0 >= -532 @ 0.005537
c bounds 0 >= -530 @ 0.005638
c bounds 0 >= -528 @ 0.005735
c bounds 0 >= -526 @ 0.005833
c bounds 0 >= -524 @ 0.00599
c bounds 0 >= -522 @ 0.006086
c bounds 0 >= -520 @ 0.006182
c bounds 0 >= -518 @ 0.006278
c bounds 0 >= -516 @ 0.006371
c bounds -2 >= -516 @ 0.00674
c bounds -2 >= -514 @ 0.00674
c bounds -2 >= -512 @ 0.006749
c bounds -2 >= -510 @ 0.006794
c bounds -2 >= -508 @ 0.006839
c bounds -2 >= -506 @ 0.006916
c bounds -2 >= -504 @ 0.007013
c bounds -2 >= -502 @ 0.007106
c bounds -2 >= -500 @ 0.007202
c bounds -2 >= -498 @ 0.007295
c bounds -2 >= -496 @ 0.007391
c bounds -2 >= -494 @ 0.007485
c bounds -2 >= -492 @ 0.007576
c bounds -2 >= -490 @ 0.00767
c bounds -2 >= -488 @ 0.007762
c bounds -2 >= -486 @ 0.007855
c bounds -2 >= -484 @ 0.007951
c bounds -2 >= -482 @ 0.008046
c bounds -2 >= -480 @ 0.00814
c bounds -2 >= -478 @ 0.008237
c bounds -2 >= -476 @ 0.008332
c bounds -4 >= -476 @ 0.00914
c bounds -4 >= -474 @ 0.009251
c bounds -4 >= -472 @ 0.009352
c bounds -4 >= -470 @ 0.009451
c bounds -4 >= -468 @ 0.009547
c bounds -4 >= -466 @ 0.009643
c bounds -4 >= -464 @ 0.009739
c bounds -4 >= -462 @ 0.009833
c bounds -4 >= -460 @ 0.009929
c bounds -4 >= -458 @ 0.010023
c bounds -4 >= -456 @ 0.010117
c bounds -4 >= -454 @ 0.010209
c bounds -4 >= -452 @ 0.010302
c bounds -4 >= -450 @ 0.010396
c bounds -4 >= -448 @ 0.010494
c bounds -4 >= -446 @ 0.01059
c bounds -4 >= -444 @ 0.010686
c bounds -4 >= -442 @ 0.010782
c bounds -4 >= -440 @ 0.010878
c bounds -4 >= -438 @ 0.010973
c bounds -4 >= -436 @ 0.011067
c bounds -4 >= -434 @ 0.01116
c bounds -6 >= -434 @ 0.01184
c bounds -6 >= -432 @ 0.01184
c bounds -6 >= -430 @ 0.01184
c bounds -6 >= -428 @ 0.01184
c bounds -6 >= -426 @ 0.01184
c bounds -6 >= -424 @ 0.011848
c bounds -6 >= -422 @ 0.011904
c bounds -6 >= -420 @ 0.011959
c bounds -6 >= -418 @ 0.012014
c bounds -6 >= -416 @ 0.012089
c bounds -6 >= -414 @ 0.012186
c bounds -6 >= -412 @ 0.01228
c bounds -6 >= -410 @ 0.012374
c bounds -6 >= -408 @ 0.012468
c bounds -6 >= -406 @ 0.012564
c bounds -6 >= -404 @ 0.01266
c bounds -6 >= -402 @ 0.012756
c bounds -6 >= -400 @ 0.012851
c bounds -6 >= -398 @ 0.012948
c bounds -6 >= -396 @ 0.013043
c bounds -6 >= -394 @ 0.013142
c bounds -6 >= -392 @ 0.013239
c bounds -6 >= -390 @ 0.013335
c bounds -6 >= -388 @ 0.013875
c bounds -6 >= -386 @ 0.013968
c bounds -6 >= -384 @ 0.014059
c bounds -8 >= -384 @ 0.015136
c bounds -8 >= -382 @ 0.01528
c bounds -8 >= -380 @ 0.015379
c bounds -8 >= -378 @ 0.015472
c bounds -8 >= -376 @ 0.015565
c bounds -8 >= -374 @ 0.015657
c bounds -8 >= -372 @ 0.015749
c bounds -8 >= -370 @ 0.015842
c bounds -8 >= -368 @ 0.015935
c bounds -8 >= -366 @ 0.016027
c bounds -8 >= -364 @ 0.01612
c bounds -8 >= -362 @ 0.016209
c bounds -8 >= -360 @ 0.016298
c bounds -8 >= -358 @ 0.016384
c bounds -8 >= -356 @ 0.016468
c bounds -8 >= -354 @ 0.016553
c bounds -8 >= -352 @ 0.016638
c bounds -8 >= -350 @ 0.016723
c bounds -8 >= -348 @ 0.016808
c bounds -8 >= -346 @ 0.016891
c bounds -8 >= -344 @ 0.016975
c bounds -8 >= -342 @ 0.01706
c bounds -8 >= -340 @ 0.017145
c bounds -8 >= -338 @ 0.017228
c bounds -8 >= -336 @ 0.017313
c bounds -8 >= -334 @ 0.017396
c bounds -8 >= -332 @ 0.01748
c bounds -8 >= -330 @ 0.017563
c bounds -8 >= -328 @ 0.017652
c bounds -8 >= -326 @ 0.017736
c bounds -8 >= -324 @ 0.017824
c bounds -8 >= -322 @ 0.017907
c bounds -8 >= -320 @ 0.017992
c bounds -8 >= -318 @ 0.018081
c bounds -8 >= -316 @ 0.018171
c bounds -8 >= -314 @ 0.018255
c bounds -8 >= -312 @ 0.018338
c bounds -8 >= -310 @ 0.018421
c bounds -8 >= -308 @ 0.018504
c bounds -8 >= -306 @ 0.018587
c bounds -8 >= -304 @ 0.01867
c bounds -8 >= -302 @ 0.018757
c bounds -8 >= -300 @ 0.018842
c bounds -8 >= -298 @ 0.018928
c bounds -8 >= -296 @ 0.019011
c bounds -8 >= -294 @ 0.019097
c bounds -8 >= -292 @ 0.019181
c bounds -8 >= -290 @ 0.019264
c bounds -8 >= -288 @ 0.019347
c bounds -8 >= -286 @ 0.019429
c bounds -8 >= -284 @ 0.019529
c bounds -8 >= -282 @ 0.019618
c bounds -8 >= -280 @ 0.019703
c bounds -8 >= -278 @ 0.019787
c bounds -8 >= -276 @ 0.01987
c bounds -8 >= -274 @ 0.019952
c bounds -8 >= -272 @ 0.020035
c bounds -8 >= -270 @ 0.020121
c bounds -8 >= -268 @ 0.020205
c bounds -8 >= -266 @ 0.020289
c bounds -8 >= -264 @ 0.020379
c bounds -8 >= -262 @ 0.020464
c bounds -8 >= -260 @ 0.020547
c bounds -8 >= -258 @ 0.020629
c bounds -8 >= -256 @ 0.020712
c bounds -8 >= -254 @ 0.020799
c bounds -8 >= -252 @ 0.020881
c bounds -8 >= -250 @ 0.020963
c bounds -8 >= -248 @ 0.021046
c bounds -8 >= -246 @ 0.021127
c bounds -8 >= -244 @ 0.021208
c bounds -8 >= -242 @ 0.021289
c bounds -8 >= -240 @ 0.02137
c bounds -8 >= -238 @ 0.021451
c bounds -8 >= -236 @ 0.021542
c bounds -8 >= -234 @ 0.021633
c bounds -8 >= -232 @ 0.021725
c bounds -8 >= -230 @ 0.021815
c bounds -8 >= -228 @ 0.021906
c bounds -8 >= -226 @ 0.021998
c bounds -8 >= -224 @ 0.022086
c bounds -8 >= -222 @ 0.022171
c bounds -8 >= -220 @ 0.022254
c bounds -8 >= -218 @ 0.022336
c bounds -8 >= -216 @ 0.022423
c bounds -8 >= -214 @ 0.022505
c bounds -8 >= -212 @ 0.022587
c bounds -8 >= -210 @ 0.022668
c bounds -8 >= -208 @ 0.022755
c bounds -8 >= -206 @ 0.022838
c bounds -8 >= -204 @ 0.022919
c bounds -10 >= -204 @ 0.024048
c bounds -10 >= -202 @ 0.024149
c bounds -10 >= -200 @ 0.024237
c bounds -10 >= -198 @ 0.024323
c bounds -10 >= -196 @ 0.024407
c bounds -10 >= -194 @ 0.024491
c bounds -10 >= -192 @ 0.024578
c bounds -10 >= -190 @ 0.024662
c bounds -10 >= -188 @ 0.024745
c bounds -10 >= -186 @ 0.024831
c bounds -10 >= -184 @ 0.024918
c bounds -10 >= -182 @ 0.025
c bounds -10 >= -180 @ 0.025084
c bounds -10 >= -178 @ 0.025962
c bounds -10 >= -176 @ 0.026936
c bounds -14 >= -176 @ 0.030834
c bounds -14 >= -174 @ 0.03154
c bounds -14 >= -172 @ 0.032319
c bounds -14 >= -170 @ 0.033001
c bounds -14 >= -168 @ 0.033403
c bounds -14 >= -166 @ 0.03429
c bounds -14 >= -164 @ 0.034369
c bounds -14 >= -162 @ 0.034369
c bounds -14 >= -160 @ 0.034813
c bounds -14 >= -158 @ 0.035317
c bounds -16 >= -158 @ 0.035943
c bounds -16 >= -156 @ 0.036291
c bounds -16 >= -154 @ 0.036453
c bounds -16 >= -152 @ 0.03729
c bounds -18 >= -152 @ 0.038105
c bounds -18 >= -150 @ 0.038276
c bounds -18 >= -148 @ 0.038276
c bounds -20 >= -148 @ 0.038523
c bounds -20 >= -146 @ 0.039348
c bounds -22 >= -146 @ 0.040224
c bounds -22 >= -144 @ 0.040544
c bounds -22 >= -142 @ 0.041308
c bounds -22 >= -140 @ 0.042086
c bounds -26 >= -140 @ 0.044375
c bounds -26 >= -138 @ 0.045203
c bounds -26 >= -136 @ 0.045823
c bounds -30 >= -136 @ 0.053429
c bounds -30 >= -134 @ 0.054381
c bounds -30 >= -132 @ 0.056558
c bounds -30 >= -130 @ 0.05717
c bounds -30 >= -128 @ 0.05779
c bounds -30 >= -126 @ 0.058234
c bounds -30 >= -124 @ 0.058234
c bounds -30 >= -122 @ 0.058916
c bounds -30 >= -120 @ 0.059981
c bounds -31 >= -120 @ 0.090782
c bounds -39 >= -120 @ 0.093547
c bounds -39 >= -119 @ 0.094405
c bounds -39 >= -118 @ 0.095237
c bounds -39 >= -117 @ 0.096056
c bounds -39 >= -116 @ 0.096176
c bounds -39 >= -115 @ 0.096691
c bounds -39 >= -114 @ 0.097499
c bounds -39 >= -113 @ 0.09832
c bounds -39 >= -112 @ 0.099116
c bounds -39 >= -111 @ 0.099922
c bounds -39 >= -110 @ 0.100736
c bounds -39 >= -109 @ 0.101154
c bounds -39 >= -108 @ 0.101396
c bounds -39 >= -107 @ 0.102226
c bounds -39 >= -106 @ 0.103069
c bounds -39 >= -105 @ 0.103918
c bounds -39 >= -104 @ 0.104752
c bounds -39 >= -103 @ 0.105596
c bounds -39 >= -102 @ 0.106483
c bounds -39 >= -101 @ 0.107311
c bounds -39 >= -100 @ 0.108145
c bounds -39 >= -99 @ 0.108966
c bounds -39 >= -98 @ 0.109127
c bounds -39 >= -97 @ 0.109138
c bounds -39 >= -96 @ 0.109472
c bounds -39 >= -95 @ 0.110339
c bounds -39 >= -94 @ 0.111158
c bounds -39 >= -93 @ 0.111972
c bounds -39 >= -92 @ 0.11212
c bounds -39 >= -91 @ 0.11212
c bounds -39 >= -90 @ 0.11212
c bounds -39 >= -89 @ 0.112252
c bounds -39 >= -88 @ 0.113045
c bounds -39 >= -87 @ 0.113869
c bounds -39 >= -86 @ 0.114722
c bounds -39 >= -85 @ 0.115085
c bounds -39 >= -84 @ 0.11542
c bounds -39 >= -83 @ 0.116078
c bounds -39 >= -82 @ 0.116138
c bounds -39 >= -81 @ 0.116995
c bounds -39 >= -80 @ 0.117832
c bounds -39 >= -79 @ 0.118064
c bounds -39 >= -78 @ 0.118558
c bounds -39 >= -77 @ 0.119057
c bounds -39 >= -76 @ 0.119057
c bounds -39 >= -75 @ 0.119195
c bounds -39 >= -74 @ 0.12002
c bounds -39 >= -73 @ 0.121063
c bounds -39 >= -72 @ 0.122237
c bounds -40 >= -72 @ 0.123645
c bounds -40 >= -71 @ 0.124746
c bounds -40 >= -70 @ 0.125948
c bounds -41 >= -70 @ 0.12722
c bounds -41 >= -69 @ 0.128505
c bounds -42 >= -69 @ 0.129022
c bounds -42 >= -68 @ 0.130288
c bounds -43 >= -68 @ 0.131001
c bounds -44 >= -68 @ 0.131735
c bounds -44 >= -67 @ 0.135781
c bounds -45 >= -67 @ 0.13705
c bounds -46 >= -67 @ 0.13825
c bounds -47 >= -67 @ 0.139444
c bounds -48 >= -67 @ 0.140637
c bounds -48 >= -66 @ 0.147445
c bounds -49 >= -66 @ 0.148726
c bounds -50 >= -66 @ 0.149824
c bounds -51 >= -66 @ 0.150599
c bounds -52 >= -66 @ 0.151371
c bounds -53 >= -66 @ 0.152129
c bounds -54 >= -66 @ 0.154113
c bounds -54 >= -65 @ 0.158573
c bounds -55 >= -65 @ 0.178412
c bounds -55 >= -64 @ 0.178825
c bounds -55 >= -63 @ 0.180077
c bounds -55 >= -62 @ 0.184769
c bounds -55 >= -61 @ 0.189253
c bounds -56 >= -61 @ 0.192685
c #Conflicts:       1000 | #Constraints:       3265
c bounds -56 >= -60 @ 0.219211
c bounds -57 >= -60 @ 0.22749
c bounds -58 >= -60 @ 0.2291
c bounds -59 >= -60 @ 0.239742
c bounds -60 >= -60 @ 0.255053
c cpu time 0.255077 s
c deterministic time 10360981 1.04e+07
c optimization time 0.024318 s
c total solve time 0.226529 s
c core-guided solve time 0.102302 s
c propagation time 0.122246 s
c conflict analysis time 0.057488 s
c propagations 214266
c resolve steps 11351
c decisions 77860
c conflicts 1215
c restarts 8
c inprocessing phases 0
c input clauses 1603
c input cardinalities 377
c input general constraints 649
c input average constraint length 65.49
c input average constraint degree 40.01
c learned clauses 466
c learned cardinalities 56
c learned general constraints 734
c learned average constraint length 129.79
c learned average constraint degree 550.88
c watched constraints 411
c counting constraints 972
c gcd simplifications 31
c detected cardinalities 30
c weakened non-implied lits 46073
c weakened non-implying lits 16
c original variables 720
c clausal propagations 54818
c cardinality propagations 32766
c watched propagations 853
c counting propagations 101728
c watch lookups 3496471
c watch backjump lookups 3350007
c watch checks 746115
c propagation checks 1861533
c constraint additions 321780
c trail pops 292948
c formula constraints 1140
c learned constraints 1256
c bound constraints 679
c core-guided constraints 810
c encountered formula constraints 8326
c encountered learned constraints 2537
c encountered bound constraints 119
c encountered core-guided constraints 1584
c LP total time 0 s
c LP solve time 0 s
c LP constraints added 0
c LP constraints removed 0
c LP pivots internal 0
c LP pivots root 0
c LP calls 0
c LP optimalities 0
c LP no pivot count 0
c LP infeasibilities 0
c LP valid Farkas constraints 0
c LP learned Farkas constraints 0
c LP basis resets 0
c LP cycling count 0
c LP singular count 0
c LP no primal count 0
c LP no farkas count 0
c LP other issue count 0
c LP Gomory cuts 0
c LP learned cuts 0
c LP deleted cuts 0
c LP encountered Gomory constraints 0
c LP encountered Farkas constraints 0
c LP encountered learned Farkas constraints 0
c CG auxiliary variables introduced 360
c CG solutions found 36
c CG cores constructed 270
c CG core cardinality constraints returned 0
c CG unit cores 0
c CG single cores 270
c CG blocks removed during cardinality reduction 0
c CG first core best 0
c CG decision core best 0
c CG core reduction tie 0
c CG core degree average 1.00
c CG core slack average 2.02
o -60
s OPTIMUM FOUND
