c RoundingSat 2
c branch 
c commit 
c #variables 3150 #constraints 8246
c bounds - >= -1350 @ 0.030021
c bounds 0 >= -1350 @ 0.031721
c bounds 0 >= -1348 @ 0.034723
c bounds 0 >= -1346 @ 0.037998
c bounds 0 >= -1344 @ 0.040792
c bounds -8 >= -1344 @ 0.041652
c bounds -16 >= -1344 @ 0.042974
c bounds -16 >= -1342 @ 0.04639
c bounds -24 >= -1342 @ 0.047724
c bounds -24 >= -1340 @ 0.051785
c bounds -32 >= -1340 @ 0.053185
c bounds -32 >= -1338 @ 0.054896
c bounds -32 >= -1336 @ 0.057116
c bounds -40 >= -1336 @ 0.05889
c bounds -40 >= -1334 @ 0.064704
c bounds -48 >= -1334 @ 0.066016
c bounds -56 >= -1334 @ 0.067692
c bounds -64 >= -1334 @ 0.068476
c bounds -72 >= -1334 @ 0.070469
c bounds -72 >= -1332 @ 0.077056
c bounds -80 >= -1332 @ 0.078707
c bounds -88 >= -1332 @ 0.08064
c bounds -104 >= -1332 @ 0.082587
c bounds -112 >= -1332 @ 0.084396
c bounds -120 >= -1332 @ 0.086133
c bounds -120 >= -1330 @ 0.08662
c bounds -128 >= -1330 @ 0.087617
c bounds -128 >= -1328 @ 0.088615
c bounds -132 >= -1328 @ 0.090492
c bounds -132 >= -1326 @ 0.093596
c bounds -132 >= -1324 @ 0.095979
c bounds -136 >= -1324 @ 0.098112
c bounds -136 >= -1322 @ 0.102564
c bounds -140 >= -1322 @ 0.104386
c bounds -140 >= -1320 @ 0.10755
c bounds -148 >= -1320 @ 0.109375
c bounds -152 >= -1320 @ 0.111717
c bounds -152 >= -1318 @ 0.116518
c bounds -160 >= -1318 @ 0.118511
c bounds -160 >= -1316 @ 0.120505
c bounds -160 >= -1314 @ 0.121504
c bounds -176 >= -1314 @ 0.127733
c #Conflicts:       1000 | #Constraints:       9334
c bounds -176 >= -1312 @ 0.131508
c bounds -180 >= -1312 @ 0.13399
c bounds -180 >= -1310 @ 0.136681
c bounds -180 >= -1308 @ 0.138961
c bounds -184 >= -1308 @ 0.141442
c bounds -184 >= -1306 @ 0.145736
c bounds -184 >= -1304 @ 0.148459
c bounds -188 >= -1304 @ 0.153386
c bounds -188 >= -1302 @ 0.154393
c bounds -188 >= -1300 @ 0.154589
c bounds -188 >= -1298 @ 0.157385
c bounds -192 >= -1298 @ 0.158286
c bounds -192 >= -1296 @ 0.161573
c bounds -196 >= -1296 @ 0.164235
c bounds -196 >= -1294 @ 0.168511
c bounds -200 >= -1294 @ 0.17034
c bounds -200 >= -1292 @ 0.173383
c bounds -200 >= -1290 @ 0.176639
c bounds -204 >= -1290 @ 0.179341
c bounds -212 >= -1290 @ 0.181636
c bounds -212 >= -1288 @ 0.185509
c bounds -216 >= -1288 @ 0.187647
c bounds -216 >= -1286 @ 0.191267
c bounds -220 >= -1286 @ 0.194631
c bounds -220 >= -1284 @ 0.195773
c bounds -220 >= -1282 @ 0.19625
c bounds -220 >= -1280 @ 0.202131
c bounds -228 >= -1280 @ 0.208336
c bounds -236 >= -1280 @ 0.210204
c bounds -236 >= -1278 @ 0.215179
c bounds -240 >= -1278 @ 0.217484
c bounds -240 >= -1276 @ 0.222994
c bounds -244 >= -1276 @ 0.225584
c bounds -248 >= -1276 @ 0.230231
c bounds -248 >= -1274 @ 0.244197
c bounds -252 >= -1274 @ 0.246974
c #Conflicts:       2000 | #Constraints:      10434
c INPROCESSING
c GARBAGE COLLECT
c bounds -552 >= -1274 @ 0.275161
c bounds -552 >= -1272 @ 0.278073
c bounds -552 >= -1270 @ 0.282223
c bounds -552 >= -1268 @ 0.283958
c bounds -552 >= -1266 @ 0.287406
c bounds -552 >= -1264 @ 0.289939
c bounds -552 >= -1262 @ 0.290154
c bounds -552 >= -1260 @ 0.292926
c bounds -552 >= -1258 @ 0.294992
c bounds -552 >= -1256 @ 0.298907
c bounds -552 >= -1254 @ 0.300901
c bounds -552 >= -1252 @ 0.304378
c bounds -552 >= -1250 @ 0.308875
c bounds -552 >= -1248 @ 0.312863
c bounds -556 >= -1248 @ 0.315299
c bounds -556 >= -1246 @ 0.318813
c bounds -560 >= -1246 @ 0.320214
c bounds -560 >= -1244 @ 0.356262
c bounds -564 >= -1244 @ 0.358634
c bounds -568 >= -1244 @ 0.360982
c bounds -572 >= -1244 @ 0.363203
c bounds -576 >= -1244 @ 0.365615
c bounds -580 >= -1244 @ 0.36782
c bounds -584 >= -1244 @ 0.381627
c #Conflicts:       3000 | #Constraints:      10439
c bounds -588 >= -1244 @ 0.403847
c bounds -720 >= -1244 @ 0.519321
c bounds -720 >= -1242 @ 0.52214
c bounds -720 >= -1240 @ 0.525128
c bounds -720 >= -1238 @ 0.526329
c bounds -720 >= -1236 @ 0.529259
c bounds -720 >= -1234 @ 0.532102
c bounds -720 >= -1232 @ 0.534095
c bounds -720 >= -1230 @ 0.538082
c bounds -720 >= -1228 @ 0.540122
c bounds -720 >= -1226 @ 0.543342
c bounds -720 >= -1224 @ 0.548047
c bounds -720 >= -1222 @ 0.551309
c bounds -720 >= -1220 @ 0.553031
c bounds -720 >= -1218 @ 0.556313
c #Conflicts:       4000 | #Constraints:      11483
c bounds -720 >= -1216 @ 0.607603
c bounds -724 >= -1216 @ 0.619795
c INPROCESSING
c GARBAGE COLLECT
c bounds -728 >= -1216 @ 0.640205
c bounds -728 >= -1214 @ 0.65169
c bounds -732 >= -1214 @ 0.653682
c bounds -736 >= -1214 @ 0.655674
c bounds -740 >= -1214 @ 0.683938
c bounds -740 >= -1212 @ 0.695036
c bounds -744 >= -1212 @ 0.719455
c bounds -744 >= -1210 @ 0.750531
c #Conflicts:       5000 | #Constraints:      10940
c bounds -752 >= -1210 @ 0.776163
c bounds -852 >= -1210 @ 0.865939
c bounds -852 >= -1208 @ 0.90763
c bounds -852 >= -1206 @ 0.958458
c #Conflicts:       6000 | #Constraints:      11966
c bounds -854 >= -1206 @ 0.999171
c bounds -858 >= -1206 @ 1.01644
c bounds -864 >= -1206 @ 1.09619
c INPROCESSING
c GARBAGE COLLECT
c #Conflicts:       7000 | #Constraints:      10943
c #Conflicts:       8000 | #Constraints:      11943
c bounds -866 >= -1206 @ 2.81273
c bounds -866 >= -1204 @ 2.8384
c bounds -866 >= -1202 @ 2.98021
c #Conflicts:       9000 | #Constraints:      12968
c bounds -866 >= -1200 @ 3.03916
c INPROCESSING
c GARBAGE COLLECT
c bounds -1200 >= -1200 @ 3.08942
c cpu time 3.08944 s
c deterministic time 290166600 2.90e+08
c optimization time 0.017491 s
c total solve time 3.04193 s
c core-guided solve time 0.752362 s
c propagation time 1.74795 s
c conflict analysis time 0.976154 s
c propagations 1499574
c resolve steps 107539
c decisions 250319
c conflicts 9366
c restarts 40
c inprocessing phases 4
c input clauses 8520
c input cardinalities 580
c input general constraints 262
c input average constraint length 16.41
c input average constraint degree 7.41
c learned clauses 3820
c learned cardinalities 730
c learned general constraints 4816
c learned average constraint length 185.75
c learned average constraint degree 99504.36
c watched constraints 1663
c counting constraints 3415
c gcd simplifications 224
c detected cardinalities 19
c weakened non-implied lits 799327
c weakened non-implying lits 18
c original variables 3150
c clausal propagations 774348
c cardinality propagations 258070
c watched propagations 19611
c counting propagations 370880
c watch lookups 39411095
c watch backjump lookups 37885286
c watch checks 22902296
c propagation checks 183281627
c constraint additions 3177827
c trail pops 1758575
c formula constraints 8246
c learned constraints 9366
c bound constraints 807
c core-guided constraints 309
c encountered formula constraints 90136
c encountered learned constraints 21865
c encountered bound constraints 288
c encountered core-guided constraints 4616
c LP total time 0 s
c LP solve time 0 s
c LP constraints added 0
c LP constraints removed 0
c LP pivots internal 0
c LP pivots root 0
c LP calls 0
c LP optimalities 0
c LP no pivot count 0
c LP infeasibilities 0
c LP valid Farkas constraints 0
c LP learned Farkas constraints 0
c LP basis resets 0
c LP cycling count 0
c LP singular count 0
c LP no primal count 0
c LP no farkas count 0
c LP other issue count 0
c LP Gomory cuts 0
c LP learned cuts 0
c LP deleted cuts 0
c LP encountered Gomory constraints 0
c LP encountered Farkas constraints 0
c LP encountered learned Farkas constraints 0
c CG auxiliary variables introduced 128
c CG solutions found 63
c CG cores constructed 75
c CG core cardinality constraints returned 0
c CG unit cores 0
c CG single cores 75
c CG blocks removed during cardinality reduction 0
c CG first core best 0
c CG decision core best 0
c CG core reduction tie 0
c CG core degree average 1.00
c CG core slack average 7.12
o -1200
s OPTIMUM FOUND
