c RoundingSat 2
c branch 
c commit 
c #variables 8400 #constraints 21981
c bounds - >= -3600 @ 0.075953
c bounds 0 >= -3600 @ 0.097371
c bounds 0 >= -3598 @ 0.117062
c bounds 0 >= -3596 @ 0.121915
c bounds 0 >= -3594 @ 0.124334
c bounds 0 >= -3592 @ 0.12617
c bounds 0 >= -3590 @ 0.130852
c bounds -8 >= -3590 @ 0.134867
c bounds -8 >= -3588 @ 0.139488
c bounds -16 >= -3588 @ 0.144205
c bounds -16 >= -3586 @ 0.151094
c bounds -24 >= -3586 @ 0.155847
c bounds -24 >= -3584 @ 0.160386
c bounds -24 >= -3582 @ 0.165889
c bounds -32 >= -3582 @ 0.170947
c bounds -32 >= -3580 @ 0.175145
c bounds -40 >= -3580 @ 0.179449
c bounds -40 >= -3578 @ 0.187104
c bounds -40 >= -3576 @ 0.190617
c bounds -48 >= -3576 @ 0.194248
c bounds -48 >= -3574 @ 0.198871
c bounds -48 >= -3572 @ 0.204063
c bounds -56 >= -3572 @ 0.208498
c bounds -56 >= -3570 @ 0.21223
c #Conflicts:       1000 | #Constraints:      23066
c bounds -56 >= -3568 @ 0.218853
c bounds -64 >= -3568 @ 0.224166
c bounds -64 >= -3566 @ 0.229136
c bounds -72 >= -3566 @ 0.233436
c bounds -72 >= -3564 @ 0.237174
c bounds -72 >= -3562 @ 0.244964
c bounds -80 >= -3562 @ 0.250488
c bounds -80 >= -3560 @ 0.254363
c bounds -80 >= -3558 @ 0.258295
c bounds -96 >= -3558 @ 0.26335
c bounds -96 >= -3556 @ 0.268279
c bounds -96 >= -3554 @ 0.273768
c bounds -104 >= -3554 @ 0.277469
c bounds -104 >= -3552 @ 0.282648
c bounds -104 >= -3550 @ 0.288732
c bounds -112 >= -3550 @ 0.294276
c bounds -112 >= -3548 @ 0.300387
c bounds -112 >= -3546 @ 0.30788
c bounds -120 >= -3546 @ 0.310668
c bounds -120 >= -3544 @ 0.318642
c bounds -120 >= -3542 @ 0.325542
c bounds -128 >= -3542 @ 0.330257
c bounds -128 >= -3540 @ 0.332505
c bounds -136 >= -3540 @ 0.337174
c bounds -136 >= -3538 @ 0.341818
c bounds -136 >= -3536 @ 0.347551
c bounds -144 >= -3536 @ 0.35241
c bounds -144 >= -3534 @ 0.356586
c bounds -152 >= -3534 @ 0.360511
c bounds -152 >= -3532 @ 0.364491
c bounds -152 >= -3530 @ 0.37181
c bounds -176 >= -3530 @ 0.378289
c bounds -176 >= -3528 @ 0.382682
c bounds -176 >= -3526 @ 0.386422
c bounds -176 >= -3524 @ 0.393542
c bounds -192 >= -3524 @ 0.39929
c bounds -192 >= -3522 @ 0.405063
c bounds -192 >= -3520 @ 0.411344
c bounds -196 >= -3520 @ 0.415058
c bounds -196 >= -3518 @ 0.420095
c bounds -196 >= -3516 @ 0.424764
c bounds -204 >= -3516 @ 0.435055
c bounds -204 >= -3514 @ 0.442238
c bounds -204 >= -3512 @ 0.446217
c bounds -204 >= -3510 @ 0.454193
c bounds -208 >= -3510 @ 0.461362
c #Conflicts:       2000 | #Constraints:      24172
c INPROCESSING
c GARBAGE COLLECT
c bounds -208 >= -3508 @ 0.479124
c bounds -208 >= -3506 @ 0.482693
c bounds -208 >= -3504 @ 0.490382
c bounds -212 >= -3504 @ 0.495774
c bounds -212 >= -3502 @ 0.505214
c bounds -216 >= -3502 @ 0.511087
c bounds -216 >= -3500 @ 0.517254
c bounds -216 >= -3498 @ 0.519812
c bounds -224 >= -3498 @ 0.524934
c bounds -224 >= -3496 @ 0.532362
c bounds -224 >= -3494 @ 0.536304
c bounds -224 >= -3492 @ 0.54534
c bounds -232 >= -3492 @ 0.550205
c bounds -232 >= -3490 @ 0.557309
c bounds -240 >= -3490 @ 0.563113
c bounds -240 >= -3488 @ 0.572601
c bounds -244 >= -3488 @ 0.58025
c bounds -244 >= -3486 @ 0.585784
c bounds -252 >= -3486 @ 0.589591
c bounds -252 >= -3484 @ 0.59575
c bounds -252 >= -3482 @ 0.602021
c bounds -268 >= -3482 @ 0.607132
c bounds -268 >= -3480 @ 0.615693
c bounds -276 >= -3480 @ 0.625551
c bounds -276 >= -3478 @ 0.635104
c bounds -276 >= -3476 @ 0.642265
c bounds -276 >= -3474 @ 0.652828
c bounds -276 >= -3472 @ 0.658382
c bounds -284 >= -3472 @ 0.662977
c bounds -284 >= -3470 @ 0.666334
c bounds -284 >= -3468 @ 0.674326
c bounds -292 >= -3468 @ 0.68207
c bounds -292 >= -3466 @ 0.685971
c bounds -292 >= -3464 @ 0.69603
c bounds -300 >= -3464 @ 0.702357
c bounds -300 >= -3462 @ 0.707758
c bounds -308 >= -3462 @ 0.713502
c bounds -308 >= -3460 @ 0.722444
c #Conflicts:       3000 | #Constraints:      24218
c bounds -308 >= -3458 @ 0.729687
c bounds -316 >= -3458 @ 0.736453
c bounds -316 >= -3456 @ 0.745054
c bounds -320 >= -3456 @ 0.753635
c bounds -320 >= -3454 @ 0.755084
c bounds -320 >= -3452 @ 0.760873
c bounds -320 >= -3450 @ 0.76808
c bounds -320 >= -3448 @ 0.775271
c bounds -324 >= -3448 @ 0.780901
c bounds -324 >= -3446 @ 0.789491
c bounds -328 >= -3446 @ 0.798402
c bounds -328 >= -3444 @ 0.810824
c bounds -336 >= -3444 @ 0.82168
c bounds -336 >= -3442 @ 0.832753
c bounds -336 >= -3440 @ 0.837605
c bounds -336 >= -3438 @ 0.845313
c bounds -336 >= -3436 @ 0.849571
c bounds -342 >= -3436 @ 0.862686
c bounds -342 >= -3434 @ 0.871706
c bounds -342 >= -3432 @ 0.883333
c bounds -346 >= -3432 @ 0.890938
c bounds -346 >= -3430 @ 0.900689
c bounds -350 >= -3430 @ 0.920335
c bounds -350 >= -3428 @ 0.93103
c bounds -350 >= -3426 @ 0.941712
c bounds -350 >= -3424 @ 0.948454
c bounds -354 >= -3424 @ 0.95689
c bounds -354 >= -3422 @ 0.96521
c bounds -354 >= -3420 @ 0.969176
c bounds -358 >= -3420 @ 0.976764
c #Conflicts:       4000 | #Constraints:      25291
c bounds -358 >= -3418 @ 0.987051
c bounds -362 >= -3418 @ 1.00761
c bounds -362 >= -3416 @ 1.01534
c bounds -362 >= -3414 @ 1.02165
c bounds -362 >= -3412 @ 1.03201
c INPROCESSING
c GARBAGE COLLECT
c bounds -362 >= -3410 @ 1.0478
c bounds -362 >= -3408 @ 1.05589
c bounds -366 >= -3408 @ 1.06569
c bounds -366 >= -3406 @ 1.07918
c bounds -370 >= -3406 @ 1.08507
c bounds -370 >= -3404 @ 1.09251
c bounds -386 >= -3404 @ 1.10698
c bounds -386 >= -3402 @ 1.11544
c bounds -386 >= -3400 @ 1.12242
c bounds -394 >= -3400 @ 1.12896
c bounds -394 >= -3398 @ 1.14218
c bounds -418 >= -3398 @ 1.15006
c bounds -418 >= -3396 @ 1.15559
c bounds -418 >= -3394 @ 1.16429
c bounds -420 >= -3394 @ 1.16989
c bounds -420 >= -3392 @ 1.17751
c bounds -424 >= -3392 @ 1.18992
c bounds -424 >= -3390 @ 1.20061
c bounds -460 >= -3390 @ 1.21137
c bounds -460 >= -3388 @ 1.21639
c bounds -460 >= -3386 @ 1.22109
c bounds -460 >= -3384 @ 1.22805
c bounds -460 >= -3382 @ 1.23904
c bounds -464 >= -3382 @ 1.24758
c bounds -464 >= -3380 @ 1.25811
c bounds -468 >= -3380 @ 1.27643
c #Conflicts:       5000 | #Constraints:      24712
c bounds -468 >= -3378 @ 1.28448
c bounds -468 >= -3376 @ 1.28904
c bounds -468 >= -3374 @ 1.29734
c bounds -468 >= -3372 @ 1.30483
c bounds -472 >= -3372 @ 1.33098
c bounds -472 >= -3370 @ 1.33452
c bounds -472 >= -3368 @ 1.34456
c bounds -472 >= -3366 @ 1.35488
c bounds -472 >= -3364 @ 1.36293
c bounds -480 >= -3364 @ 1.39037
c bounds -480 >= -3362 @ 1.40852
c bounds -480 >= -3360 @ 1.41729
c bounds -480 >= -3358 @ 1.42332
c bounds -480 >= -3356 @ 1.43022
c bounds -492 >= -3356 @ 1.43974
c bounds -492 >= -3354 @ 1.44396
c bounds -492 >= -3352 @ 1.44993
c bounds -492 >= -3350 @ 1.45858
c bounds -500 >= -3350 @ 1.47348
c bounds -500 >= -3348 @ 1.47868
c bounds -500 >= -3346 @ 1.48681
c bounds -500 >= -3344 @ 1.4925
c bounds -504 >= -3344 @ 1.50074
c bounds -504 >= -3342 @ 1.51021
c bounds -508 >= -3342 @ 1.52372
c bounds -508 >= -3340 @ 1.53537
c bounds -516 >= -3340 @ 1.54085
c #Conflicts:       6000 | #Constraints:      25779
c bounds -516 >= -3338 @ 1.55194
c bounds -524 >= -3338 @ 1.55963
c bounds -524 >= -3336 @ 1.56388
c bounds -524 >= -3334 @ 1.57352
c bounds -540 >= -3334 @ 1.58814
c bounds -540 >= -3332 @ 1.59386
c bounds -540 >= -3330 @ 1.60183
c bounds -540 >= -3328 @ 1.61314
c bounds -620 >= -3328 @ 1.63021
c bounds -620 >= -3326 @ 1.63496
c bounds -620 >= -3324 @ 1.64082
c bounds -620 >= -3322 @ 1.6481
c bounds -620 >= -3320 @ 1.65322
c bounds -620 >= -3318 @ 1.65762
c bounds -620 >= -3316 @ 1.66504
c bounds -620 >= -3314 @ 1.67223
c INPROCESSING
c GARBAGE COLLECT
c bounds -620 >= -3312 @ 1.71941
c bounds -620 >= -3310 @ 1.72735
c bounds -620 >= -3308 @ 1.73578
c bounds -620 >= -3306 @ 1.74063
c bounds -620 >= -3304 @ 1.74686
c bounds -624 >= -3304 @ 1.76858
c bounds -624 >= -3302 @ 1.77621
c bounds -624 >= -3300 @ 1.78354
c #Conflicts:       7000 | #Constraints:      24800
c bounds -624 >= -3298 @ 1.79562
c bounds -624 >= -3296 @ 1.8004
c bounds -624 >= -3294 @ 1.80811
c bounds -632 >= -3294 @ 1.82686
c bounds -632 >= -3292 @ 1.84045
c bounds -638 >= -3292 @ 1.8531
c bounds -638 >= -3290 @ 1.85875
c bounds -638 >= -3288 @ 1.86958
c bounds -646 >= -3288 @ 1.88999
c bounds -646 >= -3286 @ 1.90255
c bounds -654 >= -3286 @ 1.92205
c bounds -654 >= -3284 @ 1.9281
c bounds -654 >= -3282 @ 1.93644
c bounds -654 >= -3280 @ 1.94332
c bounds -654 >= -3278 @ 1.94904
c bounds -670 >= -3278 @ 1.96391
c bounds -670 >= -3276 @ 1.97236
c bounds -670 >= -3274 @ 1.97794
c bounds -670 >= -3272 @ 1.98455
c #Conflicts:       8000 | #Constraints:      25856
c bounds -678 >= -3272 @ 2.14449
c bounds -678 >= -3270 @ 2.15934
c bounds -678 >= -3268 @ 2.1655
c bounds -678 >= -3266 @ 2.17392
c bounds -678 >= -3264 @ 2.17928
c bounds -678 >= -3262 @ 2.18785
c bounds -678 >= -3260 @ 2.19256
c bounds -678 >= -3258 @ 2.19983
c bounds -678 >= -3256 @ 2.20647
c bounds -678 >= -3254 @ 2.21364
c bounds -678 >= -3252 @ 2.22043
c bounds -678 >= -3250 @ 2.22699
c bounds -678 >= -3248 @ 2.23639
c bounds -678 >= -3246 @ 2.24653
c bounds -678 >= -3244 @ 2.27298
c bounds -678 >= -3242 @ 2.28195
c bounds -678 >= -3240 @ 2.28799
c bounds -678 >= -3238 @ 2.29392
c bounds -678 >= -3236 @ 2.30281
c #Conflicts:       9000 | #Constraints:      26911
c bounds -678 >= -3234 @ 2.30928
c bounds -678 >= -3232 @ 2.31521
c bounds -678 >= -3230 @ 2.32049
c INPROCESSING
c GARBAGE COLLECT
c bounds -678 >= -3228 @ 2.38465
c bounds -678 >= -3226 @ 2.39794
c bounds -678 >= -3224 @ 2.41879
c #Conflicts:      10000 | #Constraints:      25610
c bounds -678 >= -3222 @ 2.42447
c bounds -678 >= -3220 @ 2.43212
c bounds -678 >= -3218 @ 2.44003
c bounds -678 >= -3216 @ 2.47427
c bounds -678 >= -3214 @ 2.49548
c #Conflicts:      11000 | #Constraints:      26625
c bounds -678 >= -3212 @ 2.54007
c bounds -678 >= -3210 @ 2.56499
c bounds -686 >= -3210 @ 2.60484
c bounds -686 >= -3208 @ 2.65454
c #Conflicts:      12000 | #Constraints:      27635
c INPROCESSING
c GARBAGE COLLECT
c bounds -686 >= -3206 @ 2.72331
c bounds -692 >= -3206 @ 2.93844
c #Conflicts:      13000 | #Constraints:      26089
c #Conflicts:      14000 | #Constraints:      27089
c bounds -692 >= -3204 @ 3.04771
c bounds -692 >= -3202 @ 3.08809
c #Conflicts:      15000 | #Constraints:      28098
c INPROCESSING
c GARBAGE COLLECT
c #Conflicts:      16000 | #Constraints:      26358
c #Conflicts:      17000 | #Constraints:      27358
c #Conflicts:      18000 | #Constraints:      28358
c INPROCESSING
c GARBAGE COLLECT
c #Conflicts:      19000 | #Constraints:      26397
c bounds -694 >= -3202 @ 4.86196
c #Conflicts:      20000 | #Constraints:      27398
c bounds -694 >= -3200 @ 4.99955
c #Conflicts:      21000 | #Constraints:      28401
c bounds -3200 >= -3200 @ 5.19186
c cpu time 5.19188 s
c deterministic time 221916867 2.22e+08
c optimization time 0.113899 s
c total solve time 5.00217 s
c core-guided solve time 2.52634 s
c propagation time 2.69074 s
c conflict analysis time 1.2634 s
c propagations 3881374
c resolve steps 514766
c decisions 1448106
c conflicts 21304
c restarts 76
c inprocessing phases 7
c input clauses 22766
c input cardinalities 1422
c input general constraints 498
c input average constraint length 30.04
c input average constraint degree 8.39
c learned clauses 14897
c learned cardinalities 2003
c learned general constraints 4404
c learned average constraint length 140.93
c learned average constraint degree 152.35
c watched constraints 1444
c counting constraints 3458
c gcd simplifications 521
c detected cardinalities 73
c weakened non-implied lits 1498241
c weakened non-implying lits 12
c original variables 8400
c clausal propagations 2986101
c cardinality propagations 456047
c watched propagations 10479
c counting propagations 318343
c watch lookups 22512122
c watch backjump lookups 16664436
c watch checks 64353608
c propagation checks 101633375
c constraint additions 6075102
c trail pops 5348743
c formula constraints 21981
c learned constraints 21304
c bound constraints 2242
c core-guided constraints 463
c encountered formula constraints 481250
c encountered learned constraints 51198
c encountered bound constraints 1558
c encountered core-guided constraints 2064
c LP total time 0 s
c LP solve time 0 s
c LP constraints added 0
c LP constraints removed 0
c LP pivots internal 0
c LP pivots root 0
c LP calls 0
c LP optimalities 0
c LP no pivot count 0
c LP infeasibilities 0
c LP valid Farkas constraints 0
c LP learned Farkas constraints 0
c LP basis resets 0
c LP cycling count 0
c LP singular count 0
c LP no primal count 0
c LP no farkas count 0
c LP other issue count 0
c LP Gomory cuts 0
c LP learned cuts 0
c LP deleted cuts 0
c LP encountered Gomory constraints 0
c LP encountered Farkas constraints 0
c LP encountered learned Farkas constraints 0
c CG auxiliary variables introduced 221
c CG solutions found 79
c CG cores constructed 200
c CG core cardinality constraints returned 0
c CG unit cores 0
c CG single cores 200
c CG blocks removed during cardinality reduction 0
c CG first core best 0
c CG decision core best 0
c CG core reduction tie 0
c CG core degree average 1.00
c CG core slack average 5.30
o -3200
s OPTIMUM FOUND
