c RoundingSat 2
c branch 
c commit 
c #variables 5250 #constraints 13761
c bounds - >= -2250 @ 0.050023
c bounds 0 >= -2250 @ 0.053483
c bounds 0 >= -2248 @ 0.059303
c bounds 0 >= -2246 @ 0.06395
c bounds 0 >= -2244 @ 0.067241
c bounds -8 >= -2244 @ 0.069629
c bounds -8 >= -2242 @ 0.074268
c bounds -16 >= -2242 @ 0.076652
c bounds -16 >= -2240 @ 0.081237
c bounds -16 >= -2238 @ 0.084017
c bounds -24 >= -2238 @ 0.086424
c bounds -24 >= -2236 @ 0.088438
c bounds -24 >= -2234 @ 0.093201
c bounds -32 >= -2234 @ 0.102152
c bounds -32 >= -2232 @ 0.106793
c bounds -32 >= -2230 @ 0.108152
c bounds -32 >= -2228 @ 0.114135
c bounds -40 >= -2228 @ 0.117446
c bounds -40 >= -2226 @ 0.122105
c bounds -56 >= -2226 @ 0.125098
c bounds -56 >= -2224 @ 0.131072
c bounds -56 >= -2222 @ 0.133406
c bounds -72 >= -2222 @ 0.136168
c bounds -72 >= -2220 @ 0.141509
c bounds -72 >= -2218 @ 0.144299
c bounds -80 >= -2218 @ 0.148201
c bounds -80 >= -2216 @ 0.153237
c bounds -80 >= -2214 @ 0.159084
c bounds -88 >= -2214 @ 0.162254
c bounds -88 >= -2212 @ 0.165314
c bounds -96 >= -2212 @ 0.167982
c bounds -96 >= -2210 @ 0.169942
c bounds -96 >= -2208 @ 0.172192
c bounds -104 >= -2208 @ 0.17485
c bounds -104 >= -2206 @ 0.180902
c bounds -112 >= -2206 @ 0.183467
c bounds -112 >= -2204 @ 0.187143
c bounds -112 >= -2202 @ 0.194767
c bounds -120 >= -2202 @ 0.197685
c bounds -120 >= -2200 @ 0.200791
c bounds -128 >= -2200 @ 0.203065
c bounds -128 >= -2198 @ 0.206819
c bounds -128 >= -2196 @ 0.209808
c bounds -136 >= -2196 @ 0.213116
c bounds -136 >= -2194 @ 0.219773
c bounds -136 >= -2192 @ 0.222339
c bounds -144 >= -2192 @ 0.224463
c bounds -144 >= -2190 @ 0.228881
c bounds -144 >= -2188 @ 0.233738
c bounds -152 >= -2188 @ 0.235712
c bounds -152 >= -2186 @ 0.239701
c bounds -160 >= -2186 @ 0.242245
c bounds -164 >= -2186 @ 0.244863
c #Conflicts:       1000 | #Constraints:      14900
c bounds -164 >= -2184 @ 0.251263
c bounds -164 >= -2182 @ 0.255647
c bounds -168 >= -2182 @ 0.257763
c bounds -168 >= -2180 @ 0.26362
c bounds -172 >= -2180 @ 0.267079
c bounds -172 >= -2178 @ 0.271596
c bounds -176 >= -2178 @ 0.273589
c bounds -176 >= -2176 @ 0.278716
c bounds -184 >= -2176 @ 0.283001
c bounds -184 >= -2174 @ 0.286337
c bounds -184 >= -2172 @ 0.2887
c bounds -192 >= -2172 @ 0.291525
c bounds -192 >= -2170 @ 0.296158
c bounds -192 >= -2168 @ 0.301495
c bounds -208 >= -2168 @ 0.304109
c bounds -208 >= -2166 @ 0.309337
c bounds -208 >= -2164 @ 0.313593
c bounds -216 >= -2164 @ 0.321094
c bounds -216 >= -2162 @ 0.328949
c bounds -216 >= -2160 @ 0.333018
c bounds -216 >= -2158 @ 0.338997
c bounds -220 >= -2158 @ 0.354769
c bounds -220 >= -2156 @ 0.359626
c bounds -220 >= -2154 @ 0.366345
c bounds -220 >= -2152 @ 0.371278
c bounds -224 >= -2152 @ 0.374193
c bounds -224 >= -2150 @ 0.37762
c bounds -228 >= -2150 @ 0.383347
c bounds -228 >= -2148 @ 0.389104
c bounds -236 >= -2148 @ 0.392938
c bounds -236 >= -2146 @ 0.397311
c bounds -240 >= -2146 @ 0.406997
c bounds -240 >= -2144 @ 0.412123
c #Conflicts:       2000 | #Constraints:      15981
c INPROCESSING
c GARBAGE COLLECT
c bounds -240 >= -2142 @ 0.422393
c bounds -240 >= -2140 @ 0.42638
c bounds -248 >= -2140 @ 0.431361
c bounds -248 >= -2138 @ 0.437846
c bounds -256 >= -2138 @ 0.441236
c bounds -256 >= -2136 @ 0.445357
c bounds -260 >= -2136 @ 0.448079
c bounds -260 >= -2134 @ 0.454915
c bounds -268 >= -2134 @ 0.465638
c bounds -268 >= -2132 @ 0.467969
c bounds -268 >= -2130 @ 0.474055
c bounds -268 >= -2128 @ 0.477047
c bounds -268 >= -2126 @ 0.479065
c bounds -272 >= -2126 @ 0.482234
c bounds -272 >= -2124 @ 0.491199
c bounds -280 >= -2124 @ 0.494627
c bounds -284 >= -2124 @ 0.497923
c bounds -284 >= -2122 @ 0.501946
c bounds -288 >= -2122 @ 0.506926
c bounds -288 >= -2120 @ 0.51215
c bounds -292 >= -2120 @ 0.515415
c bounds -292 >= -2118 @ 0.522165
c bounds -296 >= -2118 @ 0.52786
c bounds -296 >= -2116 @ 0.532988
c bounds -300 >= -2116 @ 0.536069
c #Conflicts:       3000 | #Constraints:      15978
c bounds -300 >= -2114 @ 0.542119
c bounds -304 >= -2114 @ 0.549814
c bounds -304 >= -2112 @ 0.557759
c bounds -304 >= -2110 @ 0.563071
c bounds -308 >= -2110 @ 0.572945
c bounds -308 >= -2108 @ 0.580674
c bounds -308 >= -2106 @ 0.58468
c bounds -312 >= -2106 @ 0.588974
c bounds -312 >= -2104 @ 0.594036
c bounds -318 >= -2104 @ 0.600244
c bounds -318 >= -2102 @ 0.609126
c bounds -322 >= -2102 @ 0.612562
c bounds -322 >= -2100 @ 0.625503
c bounds -326 >= -2100 @ 0.631883
c bounds -326 >= -2098 @ 0.641647
c bounds -332 >= -2098 @ 0.646317
c bounds -336 >= -2098 @ 0.655974
c bounds -336 >= -2096 @ 0.663938
c bounds -336 >= -2094 @ 0.667455
c bounds -338 >= -2094 @ 0.670627
c bounds -338 >= -2092 @ 0.675648
c bounds -338 >= -2090 @ 0.681623
c bounds -340 >= -2090 @ 0.719595
c bounds -340 >= -2088 @ 0.72501
c bounds -340 >= -2086 @ 0.727788
c bounds -340 >= -2084 @ 0.731239
c bounds -340 >= -2082 @ 0.73504
c bounds -340 >= -2080 @ 0.739825
c bounds -344 >= -2080 @ 0.779096
c #Conflicts:       4000 | #Constraints:      17043
c bounds -344 >= -2078 @ 0.786078
c bounds -344 >= -2076 @ 0.78964
c INPROCESSING
c GARBAGE COLLECT
c bounds -344 >= -2074 @ 0.805151
c bounds -344 >= -2072 @ 0.810181
c bounds -344 >= -2070 @ 0.815006
c bounds -344 >= -2068 @ 0.818959
c bounds -344 >= -2066 @ 0.821602
c bounds -344 >= -2064 @ 0.825186
c bounds -344 >= -2062 @ 0.828612
c bounds -352 >= -2062 @ 0.851502
c bounds -352 >= -2060 @ 0.862836
c bounds -352 >= -2058 @ 0.869364
c bounds -352 >= -2056 @ 0.877053
c bounds -352 >= -2054 @ 0.880144
c bounds -352 >= -2052 @ 0.883543
c bounds -352 >= -2050 @ 0.890375
c bounds -356 >= -2050 @ 0.898817
c #Conflicts:       5000 | #Constraints:      16491
c bounds -356 >= -2048 @ 0.926402
c bounds -904 >= -2048 @ 1.04966
c bounds -904 >= -2046 @ 1.05399
c bounds -904 >= -2044 @ 1.05683
c bounds -904 >= -2042 @ 1.06081
c bounds -904 >= -2040 @ 1.06632
c bounds -904 >= -2038 @ 1.07051
c bounds -904 >= -2036 @ 1.07193
c bounds -904 >= -2034 @ 1.08075
c bounds -904 >= -2032 @ 1.08317
c bounds -904 >= -2030 @ 1.08589
c bounds -904 >= -2028 @ 1.09073
c bounds -904 >= -2026 @ 1.09372
c bounds -904 >= -2024 @ 1.09671
c bounds -904 >= -2022 @ 1.10914
c #Conflicts:       6000 | #Constraints:      17534
c bounds -904 >= -2020 @ 1.11512
c bounds -904 >= -2018 @ 1.12368
c bounds -904 >= -2016 @ 1.14089
c bounds -904 >= -2014 @ 1.14417
c bounds -904 >= -2012 @ 1.14863
c bounds -904 >= -2010 @ 1.15834
c INPROCESSING
c GARBAGE COLLECT
c bounds -904 >= -2008 @ 1.18333
c bounds -904 >= -2006 @ 1.20683
c #Conflicts:       7000 | #Constraints:      16576
c bounds -904 >= -2004 @ 1.24847
c bounds -904 >= -2002 @ 1.2605
c #Conflicts:       8000 | #Constraints:      17585
c bounds -904 >= -2000 @ 1.46183
c bounds -908 >= -2000 @ 1.46582
c bounds -912 >= -2000 @ 1.46852
c bounds -916 >= -2000 @ 1.47134
c bounds -920 >= -2000 @ 1.47627
c bounds -924 >= -2000 @ 1.47978
c bounds -928 >= -2000 @ 1.48314
c bounds -932 >= -2000 @ 1.48645
c bounds -936 >= -2000 @ 1.48935
c bounds -940 >= -2000 @ 1.49219
c bounds -944 >= -2000 @ 1.49625
c bounds -948 >= -2000 @ 1.49971
c #Conflicts:       9000 | #Constraints:      18818
c INPROCESSING
c GARBAGE COLLECT
c bounds -2000 >= -2000 @ 1.84432
c cpu time 1.84432 s
c deterministic time 43268728 4.33e+07
c optimization time 0.037553 s
c total solve time 1.75685 s
c core-guided solve time 1.06975 s
c propagation time 0.853426 s
c conflict analysis time 0.46404 s
c propagations 1827868
c resolve steps 174448
c decisions 594905
c conflicts 9780
c restarts 43
c inprocessing phases 4
c input clauses 14226
c input cardinalities 981
c input general constraints 422
c input average constraint length 21.66
c input average constraint degree 7.56
c learned clauses 6358
c learned cardinalities 1100
c learned general constraints 2321
c learned average constraint length 77.55
c learned average constraint degree 17184.05
c watched constraints 856
c counting constraints 1887
c gcd simplifications 317
c detected cardinalities 35
c weakened non-implied lits 417177
c weakened non-implying lits 13
c original variables 5250
c clausal propagations 1252754
c cardinality propagations 339404
c watched propagations 6691
c counting propagations 182706
c watch lookups 7428199
c watch backjump lookups 4647333
c watch checks 11570457
c propagation checks 12947898
c constraint additions 1820629
c trail pops 2431438
c formula constraints 13761
c learned constraints 9779
c bound constraints 1302
c core-guided constraints 566
c encountered formula constraints 157983
c encountered learned constraints 23595
c encountered bound constraints 519
c encountered core-guided constraints 2131
c LP total time 0 s
c LP solve time 0 s
c LP constraints added 0
c LP constraints removed 0
c LP pivots internal 0
c LP pivots root 0
c LP calls 0
c LP optimalities 0
c LP no pivot count 0
c LP infeasibilities 0
c LP valid Farkas constraints 0
c LP learned Farkas constraints 0
c LP basis resets 0
c LP cycling count 0
c LP singular count 0
c LP no primal count 0
c LP no farkas count 0
c LP other issue count 0
c LP Gomory cuts 0
c LP learned cuts 0
c LP deleted cuts 0
c LP encountered Gomory constraints 0
c LP encountered Farkas constraints 0
c LP encountered learned Farkas constraints 0
c CG auxiliary variables introduced 230
c CG solutions found 69
c CG cores constructed 125
c CG core cardinality constraints returned 0
c CG unit cores 0
c CG single cores 125
c CG blocks removed during cardinality reduction 0
c CG first core best 0
c CG decision core best 0
c CG core reduction tie 0
c CG core degree average 1.00
c CG core slack average 7.10
o -2000
s OPTIMUM FOUND
