c RoundingSat 2
c branch 
c commit 
c #variables 2100 #constraints 5421
c bounds - >= -900 @ 0.020162
c bounds 0 >= -900 @ 0.020543
c bounds 0 >= -898 @ 0.023632
c bounds 0 >= -896 @ 0.025523
c bounds -8 >= -896 @ 0.027285
c bounds -16 >= -896 @ 0.028319
c bounds -16 >= -894 @ 0.030613
c bounds -16 >= -892 @ 0.032723
c bounds -24 >= -892 @ 0.033738
c bounds -24 >= -890 @ 0.035599
c bounds -32 >= -890 @ 0.035928
c bounds -32 >= -888 @ 0.039083
c bounds -40 >= -888 @ 0.040177
c bounds -40 >= -886 @ 0.042306
c bounds -40 >= -884 @ 0.045598
c bounds -48 >= -884 @ 0.046879
c bounds -56 >= -884 @ 0.047535
c bounds -56 >= -882 @ 0.04953
c bounds -56 >= -880 @ 0.050531
c bounds -64 >= -880 @ 0.050609
c bounds -64 >= -878 @ 0.05253
c bounds -72 >= -878 @ 0.053523
c bounds -72 >= -876 @ 0.055526
c bounds -88 >= -876 @ 0.055534
c bounds -88 >= -874 @ 0.057529
c bounds -96 >= -874 @ 0.05799
c bounds -96 >= -872 @ 0.062294
c bounds -112 >= -872 @ 0.063785
c bounds -128 >= -872 @ 0.065192
c bounds -136 >= -872 @ 0.066369
c bounds -136 >= -870 @ 0.069468
c bounds -140 >= -870 @ 0.070466
c bounds -140 >= -868 @ 0.071469
c bounds -144 >= -868 @ 0.072111
c bounds -144 >= -866 @ 0.076108
c bounds -150 >= -866 @ 0.077709
c bounds -154 >= -866 @ 0.07917
c bounds -154 >= -864 @ 0.083106
c bounds -158 >= -864 @ 0.084605
c bounds -158 >= -862 @ 0.087395
c bounds -162 >= -862 @ 0.088124
c bounds -162 >= -860 @ 0.089884
c bounds -170 >= -860 @ 0.091614
c bounds -170 >= -858 @ 0.094376
c bounds -174 >= -858 @ 0.095382
c bounds -174 >= -856 @ 0.098367
c bounds -178 >= -856 @ 0.099316
c bounds -178 >= -854 @ 0.102185
c bounds -234 >= -854 @ 0.108965
c bounds -234 >= -852 @ 0.109533
c bounds -234 >= -850 @ 0.11133
c bounds -234 >= -848 @ 0.114295
c bounds -242 >= -848 @ 0.115849
c bounds -242 >= -846 @ 0.117614
c bounds -244 >= -846 @ 0.118293
c bounds -244 >= -844 @ 0.120673
c #Conflicts:       1000 | #Constraints:       6546
c bounds -252 >= -844 @ 0.126219
c bounds -252 >= -842 @ 0.134301
c bounds -260 >= -842 @ 0.140335
c bounds -260 >= -840 @ 0.142594
c bounds -260 >= -838 @ 0.145432
c bounds -348 >= -838 @ 0.149071
c bounds -348 >= -836 @ 0.150166
c bounds -348 >= -834 @ 0.154454
c bounds -352 >= -834 @ 0.187074
c bounds -352 >= -832 @ 0.197835
c bounds -352 >= -830 @ 0.206866
c #Conflicts:       2000 | #Constraints:       7586
c INPROCESSING
c GARBAGE COLLECT
c bounds -352 >= -828 @ 0.221635
c bounds -352 >= -826 @ 0.225857
c bounds -352 >= -824 @ 0.229874
c bounds -352 >= -822 @ 0.231854
c bounds -352 >= -820 @ 0.23743
c bounds -352 >= -818 @ 0.240841
c bounds -360 >= -818 @ 0.248274
c bounds -360 >= -816 @ 0.258133
c bounds -382 >= -816 @ 0.273017
c bounds -382 >= -814 @ 0.275561
c bounds -382 >= -812 @ 0.277713
c bounds -382 >= -810 @ 0.278712
c bounds -382 >= -808 @ 0.28009
c bounds -382 >= -806 @ 0.281708
c bounds -382 >= -804 @ 0.284409
c bounds -382 >= -802 @ 0.286916
c #Conflicts:       3000 | #Constraints:       7609
c bounds -382 >= -800 @ 0.28968
c bounds -386 >= -800 @ 0.291522
c bounds -800 >= -800 @ 0.29558
c cpu time 0.295584 s
c deterministic time 5617609 5.62e+06
c optimization time 0.007908 s
c total solve time 0.267564 s
c core-guided solve time 0.165149 s
c propagation time 0.133033 s
c conflict analysis time 0.064088 s
c propagations 262358
c resolve steps 24950
c decisions 94373
c conflicts 3083
c restarts 14
c inprocessing phases 1
c input clauses 5588
c input cardinalities 369
c input general constraints 150
c input average constraint length 11.38
c input average constraint degree 4.59
c learned clauses 1680
c learned cardinalities 419
c learned general constraints 984
c learned average constraint length 41.65
c learned average constraint degree 73.46
c watched constraints 355
c counting constraints 779
c gcd simplifications 125
c detected cardinalities 8
c weakened non-implied lits 79289
c weakened non-implying lits 8
c original variables 2100
c clausal propagations 176473
c cardinality propagations 51327
c watched propagations 910
c counting propagations 22565
c watch lookups 1057075
c watch backjump lookups 611084
c watch checks 1431502
c propagation checks 1466949
c constraint additions 334904
c trail pops 359363
c formula constraints 5421
c learned constraints 3083
c bound constraints 532
c core-guided constraints 154
c encountered formula constraints 21635
c encountered learned constraints 5597
c encountered bound constraints 226
c encountered core-guided constraints 575
c LP total time 0 s
c LP solve time 0 s
c LP constraints added 0
c LP constraints removed 0
c LP pivots internal 0
c LP pivots root 0
c LP calls 0
c LP optimalities 0
c LP no pivot count 0
c LP infeasibilities 0
c LP valid Farkas constraints 0
c LP learned Farkas constraints 0
c LP basis resets 0
c LP cycling count 0
c LP singular count 0
c LP no primal count 0
c LP no farkas count 0
c LP other issue count 0
c LP Gomory cuts 0
c LP learned cuts 0
c LP deleted cuts 0
c LP encountered Gomory constraints 0
c LP encountered Farkas constraints 0
c LP encountered learned Farkas constraints 0
c CG auxiliary variables introduced 68
c CG solutions found 35
c CG cores constructed 50
c CG core cardinality constraints returned 0
c CG unit cores 0
c CG single cores 50
c CG blocks removed during cardinality reduction 0
c CG first core best 0
c CG decision core best 0
c CG core reduction tie 0
c CG core degree average 1.00
c CG core slack average 6.70
o -800
s OPTIMUM FOUND
