c RoundingSat 2
c branch 
c commit 
c #variables 2177728 #constraints 3510462
c bounds - >= -376392 @ 15.3104
c bounds 0 >= -376392 @ 15.9666
c bounds 0 >= -376390 @ 17.2592
c #Conflicts:       1000 | #Constraints:    3511465
c #Conflicts:       2000 | #Constraints:    3512465
c INPROCESSING
c GARBAGE COLLECT
c #Conflicts:       3000 | #Constraints:    2461355
c #Conflicts:       4000 | #Constraints:    2462355
c INPROCESSING
c #Conflicts:       5000 | #Constraints:    2461760
c #Conflicts:       6000 | #Constraints:    2462760
c INPROCESSING
c #Conflicts:       7000 | #Constraints:    2461762
c #Conflicts:       8000 | #Constraints:    2462762
c #Conflicts:       9000 | #Constraints:    2463762
c INPROCESSING
c #Conflicts:      10000 | #Constraints:    2462460
c #Conflicts:      11000 | #Constraints:    2463460
c #Conflicts:      12000 | #Constraints:    2464460
c INPROCESSING
c GARBAGE COLLECT
c #Conflicts:      13000 | #Constraints:    2462913
c #Conflicts:      14000 | #Constraints:    2463913
c #Conflicts:      15000 | #Constraints:    2464913
c INPROCESSING
c #Conflicts:      16000 | #Constraints:    2463140
c #Conflicts:      17000 | #Constraints:    2464140
c #Conflicts:      18000 | #Constraints:    2465140
c INPROCESSING
c GARBAGE COLLECT
c #Conflicts:      19000 | #Constraints:    2463156
c #Conflicts:      20000 | #Constraints:    2464156
c #Conflicts:      21000 | #Constraints:    2465156
c INPROCESSING
c GARBAGE COLLECT
c #Conflicts:      22000 | #Constraints:    2462961
c #Conflicts:      23000 | #Constraints:    2463961
c #Conflicts:      24000 | #Constraints:    2464961
c #Conflicts:      25000 | #Constraints:    2465961
c INPROCESSING
c GARBAGE COLLECT
c #Conflicts:      26000 | #Constraints:    2463563
c #Conflicts:      27000 | #Constraints:    2464563
c #Conflicts:      28000 | #Constraints:    2465563
c #Conflicts:      29000 | #Constraints:    2466563
c INPROCESSING
c GARBAGE COLLECT
c #Conflicts:      30000 | #Constraints:    2463961
c #Conflicts:      31000 | #Constraints:    2464961
c #Conflicts:      32000 | #Constraints:    2465961
c #Conflicts:      33000 | #Constraints:    2466961
c INPROCESSING
c GARBAGE COLLECT
c #Conflicts:      34000 | #Constraints:    2464164
c #Conflicts:      35000 | #Constraints:    2465164
c #Conflicts:      36000 | #Constraints:    2466164
c #Conflicts:      37000 | #Constraints:    2467164
c INPROCESSING
c GARBAGE COLLECT
c #Conflicts:      38000 | #Constraints:    2464164
c #Conflicts:      39000 | #Constraints:    2465164
c #Conflicts:      40000 | #Constraints:    2466164
c #Conflicts:      41000 | #Constraints:    2467164
c INPROCESSING
c GARBAGE COLLECT
c #Conflicts:      42000 | #Constraints:    2463969
c #Conflicts:      43000 | #Constraints:    2464969
c #Conflicts:      44000 | #Constraints:    2465969
c #Conflicts:      45000 | #Constraints:    2466969
c #Conflicts:      46000 | #Constraints:    2467969
c INPROCESSING
c GARBAGE COLLECT
c #Conflicts:      47000 | #Constraints:    2464566
c #Conflicts:      48000 | #Constraints:    2465566
c #Conflicts:      49000 | #Constraints:    2466566
c #Conflicts:      50000 | #Constraints:    2467566
c #Conflicts:      51000 | #Constraints:    2468566
c INPROCESSING
c GARBAGE COLLECT
c #Conflicts:      52000 | #Constraints:    2464964
c #Conflicts:      53000 | #Constraints:    2465964
c #Conflicts:      54000 | #Constraints:    2466964
c #Conflicts:      55000 | #Constraints:    2467964
c #Conflicts:      56000 | #Constraints:    2468964
c INPROCESSING
c GARBAGE COLLECT
c #Conflicts:      57000 | #Constraints:    2465170
c #Conflicts:      58000 | #Constraints:    2466170
c #Conflicts:      59000 | #Constraints:    2467170
c #Conflicts:      60000 | #Constraints:    2468170
c #Conflicts:      61000 | #Constraints:    2469170
c INPROCESSING
c GARBAGE COLLECT
c #Conflicts:      62000 | #Constraints:    2465169
c #Conflicts:      63000 | #Constraints:    2466169
c bounds 0 >= -376388 @ 5959.56
c #Conflicts:      64000 | #Constraints:    2467172
c #Conflicts:      65000 | #Constraints:    2468172
c #Conflicts:      66000 | #Constraints:    2469172
c INPROCESSING
c GARBAGE COLLECT
c bounds 0 >= -376386 @ 6006.16
c bounds 0 >= -375868 @ 6006.2
c bounds 0 >= -375866 @ 6006.23
c bounds 0 >= -375864 @ 6006.26
c #Conflicts:      67000 | #Constraints:    2464971
c #Conflicts:      68000 | #Constraints:    2465971
c #Conflicts:      69000 | #Constraints:    2466971
c #Conflicts:      70000 | #Constraints:    2467971
c #Conflicts:      71000 | #Constraints:    2468971
c #Conflicts:      72000 | #Constraints:    2469971
c INPROCESSING
c GARBAGE COLLECT
c #Conflicts:      73000 | #Constraints:    2461478
c #Conflicts:      74000 | #Constraints:    2462478
c #Conflicts:      75000 | #Constraints:    2463478
c #Conflicts:      76000 | #Constraints:    2464478
c #Conflicts:      77000 | #Constraints:    2465478
c #Conflicts:      78000 | #Constraints:    2466478
c INPROCESSING
c GARBAGE COLLECT
c #Conflicts:      79000 | #Constraints:    2462195
c #Conflicts:      80000 | #Constraints:    2463195
c #Conflicts:      81000 | #Constraints:    2464195
c #Conflicts:      82000 | #Constraints:    2465195
c #Conflicts:      83000 | #Constraints:    2466195
c #Conflicts:      84000 | #Constraints:    2467195
c INPROCESSING
c GARBAGE COLLECT
c #Conflicts:      85000 | #Constraints:    2462556
c #Conflicts:      86000 | #Constraints:    2463556
c #Conflicts:      87000 | #Constraints:    2464556
c #Conflicts:      88000 | #Constraints:    2465556
c #Conflicts:      89000 | #Constraints:    2466556
c #Conflicts:      90000 | #Constraints:    2467556
c INPROCESSING
c GARBAGE COLLECT
c #Conflicts:      91000 | #Constraints:    2462639
c #Conflicts:      92000 | #Constraints:    2463639
c #Conflicts:      93000 | #Constraints:    2464639
c #Conflicts:      94000 | #Constraints:    2465639
c #Conflicts:      95000 | #Constraints:    2466639
c #Conflicts:      96000 | #Constraints:    2467639
c INPROCESSING
c #Conflicts:      97000 | #Constraints:    2462476
c #Conflicts:      98000 | #Constraints:    2463476
c #Conflicts:      99000 | #Constraints:    2464476
c #Conflicts:     100000 | #Constraints:    2465476
c #Conflicts:     101000 | #Constraints:    2466476
c #Conflicts:     102000 | #Constraints:    2467476
c #Conflicts:     103000 | #Constraints:    2468476
c INPROCESSING
c GARBAGE COLLECT
c #Conflicts:     104000 | #Constraints:    2463097
c #Conflicts:     105000 | #Constraints:    2464097
c #Conflicts:     106000 | #Constraints:    2465097
c #Conflicts:     107000 | #Constraints:    2466097
c #Conflicts:     108000 | #Constraints:    2467097
c #Conflicts:     109000 | #Constraints:    2468097
c #Conflicts:     110000 | #Constraints:    2469097
c INPROCESSING
c GARBAGE COLLECT
c #Conflicts:     111000 | #Constraints:    2463504
c #Conflicts:     112000 | #Constraints:    2464504
c #Conflicts:     113000 | #Constraints:    2465504
c #Conflicts:     114000 | #Constraints:    2466504
c #Conflicts:     115000 | #Constraints:    2467504
c #Conflicts:     116000 | #Constraints:    2468504
c bounds 0 >= -375862 @ 6520.31
c #Conflicts:     117000 | #Constraints:    2469507
c INPROCESSING
c GARBAGE COLLECT
c #Conflicts:     118000 | #Constraints:    2463709
c #Conflicts:     119000 | #Constraints:    2464709
c #Conflicts:     120000 | #Constraints:    2465709
c #Conflicts:     121000 | #Constraints:    2466709
c #Conflicts:     122000 | #Constraints:    2467709
c #Conflicts:     123000 | #Constraints:    2468709
c #Conflicts:     124000 | #Constraints:    2469709
c INPROCESSING
c GARBAGE COLLECT
c bounds 0 >= -375860 @ 6650.45
c #Conflicts:     125000 | #Constraints:    2463715
c #Conflicts:     126000 | #Constraints:    2464715
c #Conflicts:     127000 | #Constraints:    2465715
c #Conflicts:     128000 | #Constraints:    2466715
c #Conflicts:     129000 | #Constraints:    2467715
c #Conflicts:     130000 | #Constraints:    2468715
c #Conflicts:     131000 | #Constraints:    2469715
c INPROCESSING
c GARBAGE COLLECT
c bounds 0 >= -375858 @ 6760.02
c bounds 0 >= -375856 @ 6760.34
c bounds 0 >= -375854 @ 6763.94
c bounds 0 >= -375852 @ 6767.14
c bounds 0 >= -375850 @ 6767.43
c bounds 0 >= -375848 @ 6770.59
c bounds 0 >= -375846 @ 6770.89
c bounds 0 >= -375844 @ 6774.1
c bounds 0 >= -375842 @ 6774.41
c bounds 0 >= -375840 @ 6777.65
c bounds 0 >= -375224 @ 6779.42
c bounds 0 >= -375216 @ 6779.45
c #Conflicts:     132000 | #Constraints:    2463563
c #Conflicts:     133000 | #Constraints:    2464563
c #Conflicts:     134000 | #Constraints:    2465563
c #Conflicts:     135000 | #Constraints:    2466563
c #Conflicts:     136000 | #Constraints:    2467563
c #Conflicts:     137000 | #Constraints:    2468563
c #Conflicts:     138000 | #Constraints:    2469563
c #Conflicts:     139000 | #Constraints:    2470563
c INPROCESSING
c GARBAGE COLLECT
c #Conflicts:     140000 | #Constraints:    2460637
c #Conflicts:     141000 | #Constraints:    2461637
c #Conflicts:     142000 | #Constraints:    2462637
c #Conflicts:     143000 | #Constraints:    2463637
c #Conflicts:     144000 | #Constraints:    2464637
c #Conflicts:     145000 | #Constraints:    2465637
c #Conflicts:     146000 | #Constraints:    2466637
c #Conflicts:     147000 | #Constraints:    2467637
c INPROCESSING
c GARBAGE COLLECT
c #Conflicts:     148000 | #Constraints:    2461052
c #Conflicts:     149000 | #Constraints:    2462052
c #Conflicts:     150000 | #Constraints:    2463052
c #Conflicts:     151000 | #Constraints:    2464052
c #Conflicts:     152000 | #Constraints:    2465052
c #Conflicts:     153000 | #Constraints:    2466052
c #Conflicts:     154000 | #Constraints:    2467052
c #Conflicts:     155000 | #Constraints:    2468052
c INPROCESSING
c GARBAGE COLLECT
c #Conflicts:     156000 | #Constraints:    2461154
c #Conflicts:     157000 | #Constraints:    2462154
c #Conflicts:     158000 | #Constraints:    2463154
c #Conflicts:     159000 | #Constraints:    2464154
c #Conflicts:     160000 | #Constraints:    2465154
c #Conflicts:     161000 | #Constraints:    2466154
c #Conflicts:     162000 | #Constraints:    2467154
c #Conflicts:     163000 | #Constraints:    2468154
c INPROCESSING
c GARBAGE COLLECT
c #Conflicts:     164000 | #Constraints:    2461158
c #Conflicts:     165000 | #Constraints:    2462158
c #Conflicts:     166000 | #Constraints:    2463158
c #Conflicts:     167000 | #Constraints:    2464158
c #Conflicts:     168000 | #Constraints:    2465158
c #Conflicts:     169000 | #Constraints:    2466158
c #Conflicts:     170000 | #Constraints:    2467158
c #Conflicts:     171000 | #Constraints:    2468158
c INPROCESSING
c GARBAGE COLLECT
c #Conflicts:     172000 | #Constraints:    2460975
c #Conflicts:     173000 | #Constraints:    2461975
c #Conflicts:     174000 | #Constraints:    2462975
c #Conflicts:     175000 | #Constraints:    2463975
c #Conflicts:     176000 | #Constraints:    2464975
c #Conflicts:     177000 | #Constraints:    2465975
c #Conflicts:     178000 | #Constraints:    2466975
c #Conflicts:     179000 | #Constraints:    2467975
c #Conflicts:     180000 | #Constraints:    2468975
c INPROCESSING
c GARBAGE COLLECT
c #Conflicts:     181000 | #Constraints:    2461570
c #Conflicts:     182000 | #Constraints:    2462570
c #Conflicts:     183000 | #Constraints:    2463570
c #Conflicts:     184000 | #Constraints:    2464570
c #Conflicts:     185000 | #Constraints:    2465570
c #Conflicts:     186000 | #Constraints:    2466570
c #Conflicts:     187000 | #Constraints:    2467570
c #Conflicts:     188000 | #Constraints:    2468570
c #Conflicts:     189000 | #Constraints:    2469570
c INPROCESSING
c GARBAGE COLLECT
c #Conflicts:     190000 | #Constraints:    2461959
c #Conflicts:     191000 | #Constraints:    2462959
c #Conflicts:     192000 | #Constraints:    2463959
c #Conflicts:     193000 | #Constraints:    2464959
c #Conflicts:     194000 | #Constraints:    2465959
c #Conflicts:     195000 | #Constraints:    2466959
c #Conflicts:     196000 | #Constraints:    2467959
c #Conflicts:     197000 | #Constraints:    2468959
c bounds 0 >= -375214 @ 7634.83
c #Conflicts:     198000 | #Constraints:    2469962
c INPROCESSING
c GARBAGE COLLECT
c #Conflicts:     199000 | #Constraints:    2462153
c #Conflicts:     200000 | #Constraints:    2463153
c #Conflicts:     201000 | #Constraints:    2464153
c #Conflicts:     202000 | #Constraints:    2465153
c #Conflicts:     203000 | #Constraints:    2466153
c #Conflicts:     204000 | #Constraints:    2467153
c #Conflicts:     205000 | #Constraints:    2468153
c #Conflicts:     206000 | #Constraints:    2469153
c #Conflicts:     207000 | #Constraints:    2470153
c INPROCESSING
c GARBAGE COLLECT
c #Conflicts:     208000 | #Constraints:    2462158
c #Conflicts:     209000 | #Constraints:    2463158
c #Conflicts:     210000 | #Constraints:    2464158
c #Conflicts:     211000 | #Constraints:    2465158
c #Conflicts:     212000 | #Constraints:    2466158
c #Conflicts:     213000 | #Constraints:    2467158
c #Conflicts:     214000 | #Constraints:    2468158
c #Conflicts:     215000 | #Constraints:    2469158
c #Conflicts:     216000 | #Constraints:    2470158
c INPROCESSING
c GARBAGE COLLECT
c bounds 0 >= -375212 @ 7864.33
c bounds 0 >= -375210 @ 7867.8
c bounds 0 >= -374740 @ 7871.21
c bounds 0 >= -374736 @ 7871.24
c bounds 0 >= -374734 @ 7871.28
c bounds 0 >= -374732 @ 7871.31
c bounds 0 >= -374730 @ 7871.34
c bounds 0 >= -374728 @ 7871.38
c bounds 0 >= -374726 @ 7871.41
c bounds 0 >= -374724 @ 7871.44
c bounds 0 >= -374722 @ 7871.48
c bounds 0 >= -374720 @ 7871.51
c bounds 0 >= -374718 @ 7871.55
c bounds 0 >= -374716 @ 7871.58
c bounds 0 >= -374714 @ 7871.61
c bounds 0 >= -374712 @ 7871.65
c bounds 0 >= -374710 @ 7871.68
c bounds 0 >= -374708 @ 7871.71
c bounds 0 >= -374706 @ 7871.75
c bounds 0 >= -374704 @ 7871.78
c bounds 0 >= -374702 @ 7871.81
c bounds 0 >= -374700 @ 7871.85
c bounds 0 >= -374698 @ 7871.88
c bounds 0 >= -374696 @ 7871.92
c bounds 0 >= -374694 @ 7871.95
c bounds 0 >= -374692 @ 7871.98
c bounds 0 >= -374690 @ 7872.02
c bounds 0 >= -374688 @ 7872.05
c bounds 0 >= -374686 @ 7872.08
c bounds 0 >= -374684 @ 7872.12
c bounds 0 >= -374682 @ 7872.15
c bounds 0 >= -374680 @ 7872.19
c bounds 0 >= -374678 @ 7872.22
c bounds 0 >= -374676 @ 7872.25
c bounds 0 >= -374674 @ 7872.29
c bounds 0 >= -374672 @ 7872.32
c bounds 0 >= -374670 @ 7872.35
c bounds 0 >= -374668 @ 7872.39
c bounds 0 >= -374666 @ 7872.42
c bounds 0 >= -374664 @ 7872.45
c bounds 0 >= -374662 @ 7872.49
c bounds 0 >= -374660 @ 7872.52
c bounds 0 >= -374658 @ 7872.56
c bounds 0 >= -374656 @ 7872.59
c bounds 0 >= -374654 @ 7872.62
c bounds 0 >= -374652 @ 7872.66
c bounds 0 >= -374650 @ 7872.69
c bounds 0 >= -374648 @ 7872.72
c bounds 0 >= -374646 @ 7872.76
c bounds 0 >= -374644 @ 7872.79
c bounds 0 >= -374642 @ 7872.83
c bounds 0 >= -374640 @ 7872.86
c bounds 0 >= -374638 @ 7872.89
c bounds 0 >= -374636 @ 7872.93
c bounds 0 >= -374634 @ 7872.96
c bounds 0 >= -374632 @ 7873.46
c bounds 0 >= -374630 @ 7873.85
c bounds 0 >= -374628 @ 7874.24
c bounds 0 >= -374626 @ 7874.56
c bounds 0 >= -374624 @ 7874.88
c bounds 0 >= -374622 @ 7875.23
c bounds 0 >= -374620 @ 7875.54
c bounds 0 >= -374618 @ 7875.96
c bounds 0 >= -374616 @ 7876.3
c bounds 0 >= -374614 @ 7876.6
c bounds 0 >= -374612 @ 7876.98
c bounds 0 >= -374610 @ 7877.28
c bounds 0 >= -374608 @ 7877.69
c bounds 0 >= -374606 @ 7878
c bounds 0 >= -374604 @ 7878.4
c bounds 0 >= -374602 @ 7878.7
c bounds 0 >= -374600 @ 7879.11
c bounds 0 >= -374598 @ 7879.41
c bounds 0 >= -374596 @ 7879.83
c bounds 0 >= -374594 @ 7880.14
c bounds 0 >= -374592 @ 7880.57
c bounds 0 >= -374590 @ 7880.89
c bounds 0 >= -374588 @ 7881.32
c bounds 0 >= -374586 @ 7881.63
c bounds 0 >= -374584 @ 7882.06
c bounds 0 >= -374582 @ 7882.37
c bounds 0 >= -374580 @ 7882.77
c bounds 0 >= -374578 @ 7883.09
c bounds 0 >= -374576 @ 7883.5
c bounds 0 >= -374574 @ 7883.82
c bounds 0 >= -374572 @ 7884.26
c bounds 0 >= -374570 @ 7884.57
c bounds 0 >= -374568 @ 7884.98
c bounds 0 >= -374566 @ 7885.29
c bounds 0 >= -374564 @ 7885.7
c bounds 0 >= -374562 @ 7886
c bounds 0 >= -374560 @ 7886.43
c bounds 0 >= -374558 @ 7886.73
c bounds 0 >= -374556 @ 7887.16
c bounds 0 >= -374554 @ 7887.48
c bounds 0 >= -374552 @ 7887.88
c bounds 0 >= -374550 @ 7888.19
c bounds 0 >= -374548 @ 7888.59
c bounds 0 >= -374546 @ 7888.9
c bounds 0 >= -374544 @ 7889.32
c bounds 0 >= -374542 @ 7889.62
c bounds 0 >= -374540 @ 7890.02
c bounds 0 >= -374538 @ 7890.31
c bounds 0 >= -374536 @ 7890.71
c bounds 0 >= -374534 @ 7891.02
c bounds 0 >= -374532 @ 7891.44
c bounds 0 >= -374530 @ 7891.73
c bounds 0 >= -374528 @ 7892.15
c bounds 0 >= -374526 @ 7892.46
c bounds 0 >= -374524 @ 7892.86
c bounds 0 >= -374522 @ 7893.17
c bounds 0 >= -374520 @ 7893.6
c bounds 0 >= -374518 @ 7893.9
c bounds 0 >= -374516 @ 7894.32
c bounds 0 >= -374514 @ 7894.62
c bounds 0 >= -374512 @ 7895.07
c bounds 0 >= -374510 @ 7895.4
c bounds 0 >= -374508 @ 7895.78
c bounds 0 >= -374506 @ 7896.09
c bounds 0 >= -374504 @ 7896.5
c bounds 0 >= -374502 @ 7896.8
c bounds 0 >= -374500 @ 7897.19
c bounds 0 >= -374498 @ 7897.5
c bounds 0 >= -374496 @ 7897.9
c bounds 0 >= -374494 @ 7898.22
c bounds 0 >= -374492 @ 7898.65
c bounds 0 >= -374490 @ 7898.95
c bounds 0 >= -374488 @ 7899.36
c bounds 0 >= -374486 @ 7899.67
c bounds 0 >= -374484 @ 7900.08
c bounds 0 >= -374482 @ 7900.39
c bounds 0 >= -374480 @ 7900.81
c bounds 0 >= -374478 @ 7901.11
c bounds 0 >= -374476 @ 7901.5
c bounds 0 >= -374474 @ 7901.82
c bounds 0 >= -374472 @ 7902.19
c bounds 0 >= -374470 @ 7902.52
c bounds 0 >= -374468 @ 7902.91
c bounds 0 >= -374466 @ 7903.2
c bounds 0 >= -374464 @ 7903.6
c bounds 0 >= -374462 @ 7903.92
c bounds 0 >= -374460 @ 7904.34
c bounds 0 >= -374458 @ 7904.65
c bounds 0 >= -374456 @ 7905.06
c bounds 0 >= -374454 @ 7905.37
c bounds 0 >= -374452 @ 7905.68
c bounds 0 >= -374450 @ 7906.06
c bounds 0 >= -374448 @ 7906.4
c bounds 0 >= -374446 @ 7906.86
c bounds 0 >= -374444 @ 7907.21
c bounds 0 >= -374442 @ 7907.6
c bounds 0 >= -374440 @ 7907.92
c bounds 0 >= -374438 @ 7908.25
c bounds 0 >= -374436 @ 7908.59
c bounds 0 >= -374434 @ 7908.91
c bounds 0 >= -374432 @ 7909.27
c bounds 0 >= -374430 @ 7909.67
c bounds 0 >= -374428 @ 7910.03
c bounds 0 >= -374426 @ 7910.36
c bounds 0 >= -374424 @ 7910.88
c bounds 0 >= -374422 @ 7911.21
c bounds 0 >= -374420 @ 7911.55
c bounds 0 >= -374418 @ 7911.95
c bounds 0 >= -374416 @ 7912.28
c bounds 0 >= -374414 @ 7912.74
c bounds 0 >= -374412 @ 7913.07
c bounds 0 >= -374410 @ 7913.53
c bounds 0 >= -374408 @ 7913.9
c bounds 0 >= -374406 @ 7914.31
c #Conflicts:     217000 | #Constraints:    2462346
c bounds 0 >= -374404 @ 7914.69
c bounds 0 >= -374402 @ 7915.1
c bounds 0 >= -374400 @ 7915.56
c bounds 0 >= -374398 @ 7915.97
c bounds 0 >= -374396 @ 7916.42
c bounds 0 >= -374394 @ 7916.76
c bounds 0 >= -374392 @ 7917.22
c bounds 0 >= -374390 @ 7917.63
c bounds 0 >= -374388 @ 7918.01
c bounds 0 >= -374386 @ 7918.34
c bounds 0 >= -374384 @ 7918.74
c bounds 0 >= -374382 @ 7919.13
c bounds 0 >= -374380 @ 7919.63
c bounds 0 >= -374378 @ 7920.02
c bounds 0 >= -374376 @ 7920.42
c bounds 0 >= -374374 @ 7920.77
c bounds 0 >= -374372 @ 7921.12
c bounds 0 >= -374370 @ 7921.52
c bounds 0 >= -374368 @ 7921.92
c bounds 0 >= -374366 @ 7922.27
c bounds 0 >= -374364 @ 7922.66
c bounds 0 >= -374362 @ 7923.06
c bounds 0 >= -374360 @ 7923.42
c bounds 0 >= -374358 @ 7923.78
c bounds 0 >= -374356 @ 7924.22
c bounds 0 >= -374354 @ 7924.67
c bounds 0 >= -374352 @ 7925.12
c bounds 0 >= -374350 @ 7925.48
c bounds 0 >= -374348 @ 7925.86
c bounds 0 >= -374346 @ 7926.32
c bounds 0 >= -374344 @ 7926.74
c bounds 0 >= -374342 @ 7927.18
c bounds 0 >= -374340 @ 7927.68
c bounds 0 >= -374338 @ 7928.12
c bounds 0 >= -374336 @ 7928.49
c bounds 0 >= -374334 @ 7928.9
c bounds 0 >= -374332 @ 7929.26
c bounds 0 >= -374330 @ 7929.73
c bounds 0 >= -374328 @ 7930.28
c bounds 0 >= -374326 @ 7930.66
c bounds 0 >= -374324 @ 7931.12
c bounds 0 >= -374322 @ 7931.53
c bounds 0 >= -374320 @ 7931.89
c bounds 0 >= -374318 @ 7932.29
c bounds 0 >= -374316 @ 7932.76
c bounds 0 >= -374314 @ 7933.12
c bounds 0 >= -374312 @ 7933.56
c bounds 0 >= -374310 @ 7933.98
c bounds 0 >= -374308 @ 7934.34
c bounds 0 >= -374306 @ 7934.77
c bounds 0 >= -374304 @ 7935.17
c bounds 0 >= -374302 @ 7935.58
c bounds 0 >= -374300 @ 7935.93
c bounds 0 >= -374298 @ 7936.44
c bounds 0 >= -374296 @ 7936.79
c bounds 0 >= -374294 @ 7937.2
c bounds 0 >= -374292 @ 7937.59
c bounds 0 >= -374290 @ 7937.99
c bounds 0 >= -374288 @ 7938.37
c bounds 0 >= -374286 @ 7938.74
c bounds 0 >= -374284 @ 7939.12
c bounds 0 >= -374282 @ 7939.61
c bounds 0 >= -374280 @ 7939.99
c bounds 0 >= -374278 @ 7940.38
c bounds 0 >= -374276 @ 7940.78
c bounds 0 >= -374274 @ 7941.19
c bounds 0 >= -374272 @ 7941.59
c bounds 0 >= -374270 @ 7942.01
c bounds 0 >= -374268 @ 7942.37
c bounds 0 >= -374266 @ 7942.76
c bounds 0 >= -374264 @ 7943.15
c bounds 0 >= -374262 @ 7943.54
c bounds 0 >= -374260 @ 7944.05
c bounds 0 >= -374258 @ 7944.42
c bounds 0 >= -374256 @ 7944.8
c bounds 0 >= -374254 @ 7945.17
c bounds 0 >= -374252 @ 7945.59
c bounds 0 >= -374250 @ 7945.98
c bounds 0 >= -374248 @ 7946.36
c bounds 0 >= -374246 @ 7946.73
c bounds 0 >= -374244 @ 7947.14
c bounds 0 >= -374242 @ 7947.54
c bounds 0 >= -374240 @ 7947.91
c bounds 0 >= -374238 @ 7948.3
c bounds 0 >= -374236 @ 7948.71
c bounds 0 >= -374234 @ 7949.1
c bounds 0 >= -374232 @ 7949.54
c bounds 0 >= -374230 @ 7949.91
c bounds 0 >= -374228 @ 7950.34
c bounds 0 >= -374226 @ 7950.77
c bounds 0 >= -374224 @ 7951.2
c bounds 0 >= -374222 @ 7951.63
c bounds 0 >= -374220 @ 7952.02
c bounds 0 >= -374218 @ 7952.46
c bounds 0 >= -374216 @ 7952.86
c bounds 0 >= -374214 @ 7953.29
c bounds 0 >= -374212 @ 7953.68
c bounds 0 >= -374210 @ 7954.07
c bounds 0 >= -374208 @ 7954.47
c bounds 0 >= -374206 @ 7954.81
c bounds 0 >= -374204 @ 7955.3
c bounds 0 >= -374202 @ 7955.65
c bounds 0 >= -374200 @ 7956.13
c bounds 0 >= -374198 @ 7956.46
c bounds 0 >= -374196 @ 7956.83
c bounds 0 >= -374194 @ 7957.19
c bounds 0 >= -374192 @ 7957.6
c bounds 0 >= -374190 @ 7957.98
c bounds 0 >= -374188 @ 7958.39
c bounds 0 >= -374186 @ 7958.87
c bounds 0 >= -374184 @ 7959.25
c bounds 0 >= -374182 @ 7959.73
c bounds 0 >= -374180 @ 7960.12
c bounds 0 >= -374178 @ 7960.45
c bounds 0 >= -374176 @ 7960.95
c bounds 0 >= -374174 @ 7961.37
c bounds 0 >= -374172 @ 7961.81
c bounds 0 >= -374170 @ 7962.21
c #Conflicts:     218000 | #Constraints:    2464311
c #Conflicts:     219000 | #Constraints:    2465311
c #Conflicts:     220000 | #Constraints:    2466311
c #Conflicts:     221000 | #Constraints:    2467311
c #Conflicts:     222000 | #Constraints:    2468311
c #Conflicts:     223000 | #Constraints:    2469311
c #Conflicts:     224000 | #Constraints:    2470311
c #Conflicts:     225000 | #Constraints:    2471311
c #Conflicts:     226000 | #Constraints:    2472311
c INPROCESSING
c GARBAGE COLLECT
c #Conflicts:     227000 | #Constraints:    2458808
c #Conflicts:     228000 | #Constraints:    2459808
c #Conflicts:     229000 | #Constraints:    2460808
c #Conflicts:     230000 | #Constraints:    2461808
c #Conflicts:     231000 | #Constraints:    2462808
c #Conflicts:     232000 | #Constraints:    2463808
c #Conflicts:     233000 | #Constraints:    2464808
c #Conflicts:     234000 | #Constraints:    2465808
c #Conflicts:     235000 | #Constraints:    2466808
c #Conflicts:     236000 | #Constraints:    2467808
c INPROCESSING
c GARBAGE COLLECT
c #Conflicts:     237000 | #Constraints:    2459432
c #Conflicts:     238000 | #Constraints:    2460432
c #Conflicts:     239000 | #Constraints:    2461432
c #Conflicts:     240000 | #Constraints:    2462432
c #Conflicts:     241000 | #Constraints:    2463432
c #Conflicts:     242000 | #Constraints:    2464432
c #Conflicts:     243000 | #Constraints:    2465432
c #Conflicts:     244000 | #Constraints:    2466432
c #Conflicts:     245000 | #Constraints:    2467432
c #Conflicts:     246000 | #Constraints:    2468432
c INPROCESSING
c GARBAGE COLLECT
c #Conflicts:     247000 | #Constraints:    2459765
c #Conflicts:     248000 | #Constraints:    2460765
c #Conflicts:     249000 | #Constraints:    2461765
c #Conflicts:     250000 | #Constraints:    2462765
c #Conflicts:     251000 | #Constraints:    2463765
c #Conflicts:     252000 | #Constraints:    2464765
c #Conflicts:     253000 | #Constraints:    2465765
c #Conflicts:     254000 | #Constraints:    2466765
c #Conflicts:     255000 | #Constraints:    2467765
c #Conflicts:     256000 | #Constraints:    2468765
c INPROCESSING
c GARBAGE COLLECT
c #Conflicts:     257000 | #Constraints:    2459815
c #Conflicts:     258000 | #Constraints:    2460815
c #Conflicts:     259000 | #Constraints:    2461815
c #Conflicts:     260000 | #Constraints:    2462815
c #Conflicts:     261000 | #Constraints:    2463815
c #Conflicts:     262000 | #Constraints:    2464815
c #Conflicts:     263000 | #Constraints:    2465815
c #Conflicts:     264000 | #Constraints:    2466815
c #Conflicts:     265000 | #Constraints:    2467815
c #Conflicts:     266000 | #Constraints:    2468815
c INPROCESSING
c GARBAGE COLLECT
c bounds 0 >= -374168 @ 8666.43
c #Conflicts:     267000 | #Constraints:    2459675
c #Conflicts:     268000 | #Constraints:    2460675
c #Conflicts:     269000 | #Constraints:    2461675
c #Conflicts:     270000 | #Constraints:    2462675
c #Conflicts:     271000 | #Constraints:    2463675
c #Conflicts:     272000 | #Constraints:    2464675
c #Conflicts:     273000 | #Constraints:    2465675
c #Conflicts:     274000 | #Constraints:    2466675
c #Conflicts:     275000 | #Constraints:    2467675
c #Conflicts:     276000 | #Constraints:    2468675
c bounds 0 >= -374166 @ 8790.49
c #Conflicts:     277000 | #Constraints:    2469687
c INPROCESSING
c GARBAGE COLLECT
c #Conflicts:     278000 | #Constraints:    2460276
c #Conflicts:     279000 | #Constraints:    2461276
c #Conflicts:     280000 | #Constraints:    2462276
c #Conflicts:     281000 | #Constraints:    2463276
c #Conflicts:     282000 | #Constraints:    2464276
c #Conflicts:     283000 | #Constraints:    2465276
c #Conflicts:     284000 | #Constraints:    2466276
c #Conflicts:     285000 | #Constraints:    2467276
c #Conflicts:     286000 | #Constraints:    2468276
c #Conflicts:     287000 | #Constraints:    2469276
c #Conflicts:     288000 | #Constraints:    2470276
c INPROCESSING
c GARBAGE COLLECT
c #Conflicts:     289000 | #Constraints:    2460701
c #Conflicts:     290000 | #Constraints:    2461701
c #Conflicts:     291000 | #Constraints:    2462701
c #Conflicts:     292000 | #Constraints:    2463701
c #Conflicts:     293000 | #Constraints:    2464701
c #Conflicts:     294000 | #Constraints:    2465701
c #Conflicts:     295000 | #Constraints:    2466701
c bounds 0 >= -374164 @ 9105.64
c bounds 0 >= -374162 @ 9113.03
c bounds 0 >= -374160 @ 9118.06
c bounds 0 >= -374158 @ 9120.21
c bounds 0 >= -374156 @ 9124.25
c bounds 0 >= -374116 @ 9126.46
c bounds 0 >= -374108 @ 9126.49
c bounds 0 >= -374104 @ 9126.53
c bounds 0 >= -374102 @ 9126.56
c bounds 0 >= -374100 @ 9126.82
c bounds 0 >= -374098 @ 9127.1
c bounds 0 >= -374096 @ 9127.38
c bounds 0 >= -374094 @ 9127.63
c bounds 0 >= -374092 @ 9127.9
c bounds 0 >= -374090 @ 9128.16
c bounds 0 >= -374088 @ 9128.4
c bounds 0 >= -374086 @ 9128.68
c bounds 0 >= -374084 @ 9128.95
c bounds 0 >= -374082 @ 9129.21
c bounds 0 >= -374080 @ 9129.49
c bounds 0 >= -374078 @ 9129.8
c bounds 0 >= -374076 @ 9130.1
c bounds 0 >= -374074 @ 9130.38
c bounds 0 >= -374072 @ 9130.67
c bounds 0 >= -374070 @ 9130.99
c bounds 0 >= -374068 @ 9131.3
c bounds 0 >= -374066 @ 9131.59
c bounds 0 >= -374064 @ 9131.9
c bounds 0 >= -374062 @ 9132.23
c bounds 0 >= -374060 @ 9132.54
c bounds 0 >= -374058 @ 9132.85
c bounds 0 >= -374056 @ 9133.17
c bounds 0 >= -374054 @ 9133.48
c bounds 0 >= -374052 @ 9133.78
c bounds 0 >= -374050 @ 9134.08
c bounds 0 >= -374048 @ 9134.41
c bounds 0 >= -374046 @ 9134.73
c bounds 0 >= -374044 @ 9135.03
c bounds 0 >= -374042 @ 9135.34
c bounds 0 >= -374040 @ 9135.64
c bounds 0 >= -374038 @ 9135.94
c bounds 0 >= -374036 @ 9136.24
c bounds 0 >= -374034 @ 9136.56
c bounds 0 >= -374032 @ 9136.89
c bounds 0 >= -374030 @ 9137.2
c bounds 0 >= -374028 @ 9137.51
c bounds 0 >= -374026 @ 9137.81
c bounds 0 >= -374024 @ 9138.12
c bounds 0 >= -374022 @ 9138.44
c bounds 0 >= -374020 @ 9138.75
c bounds 0 >= -374018 @ 9139.08
c bounds 0 >= -374016 @ 9139.4
c bounds 0 >= -374014 @ 9139.77
c bounds 0 >= -374012 @ 9140.09
c bounds 0 >= -374010 @ 9140.45
c bounds 0 >= -374008 @ 9140.78
c bounds 0 >= -374006 @ 9141.14
c bounds 0 >= -374004 @ 9141.47
c bounds 0 >= -374002 @ 9141.86
c bounds 0 >= -374000 @ 9142.41
c bounds 0 >= -373998 @ 9142.78
c bounds 0 >= -373996 @ 9143.09
c bounds 0 >= -3