c RoundingSat 2
c branch 
c commit 
c #variables 1736 #constraints 5508
c bounds - >= -744 @ 0.025159
c bounds 0 >= -744 @ 0.025871
c Inconsistent input constraint
c cpu time 0.04126 s
c deterministic time 132004 1.32e+05
c optimization time 0.000261 s
c total solve time 0.015851 s
c core-guided solve time 0.015245 s
c propagation time 0.012375 s
c conflict analysis time 0.000411 s
c propagations 8481
c resolve steps 339
c decisions 10002
c conflicts 147
c restarts 2
c inprocessing phases 0
c input clauses 5260
c input cardinalities 248
c input general constraints 1
c input average constraint length 4.68
c input average constraint degree 1.25
c learned clauses 143
c learned cardinalities 4
c learned general constraints 0
c learned average constraint length 7.76
c learned average constraint degree 1.16
c watched constraints 0
c counting constraints 1
c gcd simplifications 2
c detected cardinalities 1
c weakened non-implied lits 338
c weakened non-implying lits 1
c original variables 1736
c clausal propagations 5763
c cardinality propagations 2562
c watched propagations 0
c counting propagations 0
c watch lookups 26452
c watch backjump lookups 0
c watch checks 44620
c propagation checks 21232
c constraint additions 2590
c trail pops 18626
c formula constraints 5508
c learned constraints 147
c bound constraints 1
c core-guided constraints 0
c encountered formula constraints 462
c encountered learned constraints 24
c encountered bound constraints 0
c encountered core-guided constraints 0
c LP total time 0 s
c LP solve time 0 s
c LP constraints added 0
c LP constraints removed 0
c LP pivots internal 0
c LP pivots root 0
c LP calls 0
c LP optimalities 0
c LP no pivot count 0
c LP infeasibilities 0
c LP valid Farkas constraints 0
c LP learned Farkas constraints 0
c LP basis resets 0
c LP cycling count 0
c LP singular count 0
c LP no primal count 0
c LP no farkas count 0
c LP other issue count 0
c LP Gomory cuts 0
c LP learned cuts 0
c LP deleted cuts 0
c LP encountered Gomory constraints 0
c LP encountered Farkas constraints 0
