c RoundingSat 2
c branch 
c commit 
c #variables 36204 #constraints 84087
c bounds - >= -13032 @ 0.340225
c bounds -3814 >= -13032 @ 0.663159
c bounds -3814 >= -13030 @ 0.689002
c bounds -3814 >= -13028 @ 0.70729
c bounds -3814 >= -13026 @ 0.737555
c bounds -3814 >= -13024 @ 0.754546
c bounds -3814 >= -13022 @ 0.778441
c bounds -3814 >= -13020 @ 0.79996
c bounds -3814 >= -13018 @ 0.835368
c bounds -3814 >= -13016 @ 0.867774
c #Conflicts:       1000 | #Constraints:      85162
c bounds -3816 >= -13016 @ 1.64926
c #Conflicts:       2000 | #Constraints:      86163
c INPROCESSING
c GARBAGE COLLECT
c bounds -3816 >= -13014 @ 1.82522
c bounds -3816 >= -13012 @ 1.84232
c bounds -3816 >= -13010 @ 1.85772
c #Conflicts:       3000 | #Constraints:      75449
c bounds -3816 >= -13008 @ 1.87716
c bounds -3816 >= -13006 @ 1.90073
c bounds -3816 >= -13004 @ 1.92834
c bounds -3816 >= -13002 @ 1.95802
c bounds -3816 >= -13000 @ 1.98764
c bounds -3816 >= -12998 @ 2.03309
c bounds -3816 >= -12996 @ 2.08044
c #Conflicts:       4000 | #Constraints:      76554
c INPROCESSING
c GARBAGE COLLECT
c bounds -3816 >= -12994 @ 2.20359
c bounds -3816 >= -12992 @ 2.30907
c bounds -3816 >= -12990 @ 2.35196
c bounds -3816 >= -12988 @ 2.35989
c #Conflicts:       5000 | #Constraints:      76014
c bounds -3816 >= -12986 @ 2.37389
c bounds -3816 >= -12984 @ 2.40218
c bounds -3816 >= -12982 @ 2.42314
c bounds -3816 >= -12980 @ 2.5022
c #Conflicts:       6000 | #Constraints:      77080
c bounds -3946 >= -12980 @ 2.6368
c INPROCESSING
c GARBAGE COLLECT
c #Conflicts:       7000 | #Constraints:      76060
c bounds -3950 >= -12980 @ 4.54453
c #Conflicts:       8000 | #Constraints:      77061
c bounds -3950 >= -12978 @ 4.75556
c bounds -3950 >= -12976 @ 5.02097
c #Conflicts:       9000 | #Constraints:      78130
c INPROCESSING
c GARBAGE COLLECT
c #Conflicts:      10000 | #Constraints:      76817
c bounds -3950 >= -12974 @ 5.45094
c bounds -3950 >= -12972 @ 5.46445
c bounds -3950 >= -12970 @ 5.48153
c bounds -3950 >= -12968 @ 5.4978
c bounds -3950 >= -12966 @ 5.53364
c bounds -3950 >= -12964 @ 5.57343
c bounds -3950 >= -12962 @ 5.59901
c #Conflicts:      11000 | #Constraints:      77895
c bounds -3950 >= -12960 @ 5.63056
c bounds -3950 >= -12958 @ 5.68691
c bounds -3950 >= -12956 @ 5.77283
c #Conflicts:      12000 | #Constraints:      78943
c INPROCESSING
c GARBAGE COLLECT
c bounds -3950 >= -12954 @ 5.90699
c bounds -3950 >= -12952 @ 6.03688
c #Conflicts:      13000 | #Constraints:      77407
c bounds -3950 >= -12950 @ 6.23624
c bounds -3952 >= -12950 @ 6.82142
c bounds -3952 >= -12948 @ 6.83591
c bounds -3952 >= -12946 @ 6.84951
c bounds -3952 >= -12944 @ 6.85996
c #Conflicts:      14000 | #Constraints:      78462
c bounds -3952 >= -12942 @ 6.87396
c bounds -3952 >= -12940 @ 6.898
c bounds -3952 >= -12938 @ 6.9416
c bounds -3952 >= -12936 @ 6.99808
c #Conflicts:      15000 | #Constraints:      79519
c INPROCESSING
c GARBAGE COLLECT
c bounds -3952 >= -12934 @ 7.16584
c bounds -3952 >= -12932 @ 7.18006
c bounds -3952 >= -12930 @ 7.20259
c bounds -3952 >= -12928 @ 7.25746
c #Conflicts:      16000 | #Constraints:      77750
c bounds -3952 >= -12926 @ 7.34158
c bounds -4116 >= -12926 @ 7.54013
c bounds -4116 >= -12924 @ 7.5551
c bounds -4116 >= -12922 @ 7.5815
c bounds -4116 >= -12920 @ 7.62692
c #Conflicts:      17000 | #Constraints:      78781
c bounds -4116 >= -12918 @ 7.68137
c bounds -4116 >= -12916 @ 7.74635
c #Conflicts:      18000 | #Constraints:      79808
c #Conflicts:      19000 | #Constraints:      80808
c #Conflicts:      20000 | #Constraints:      81808
c bounds -4118 >= -12916 @ 27.3919
c bounds -4118 >= -12914 @ 27.4625
c bounds -4118 >= -12912 @ 27.4804
c bounds -4118 >= -12910 @ 27.5538
c #Conflicts:      21000 | #Constraints:      82830
c bounds -4118 >= -12908 @ 28.0841
c #Conflicts:      22000 | #Constraints:      83848
c bounds -4118 >= -12906 @ 28.2797
c #Conflicts:      23000 | #Constraints:      84875
c #Conflicts:      24000 | #Constraints:      85875
c bounds -4118 >= -12904 @ 29.1097
c INPROCESSING
c GARBAGE COLLECT
c #Conflicts:      25000 | #Constraints:      80711
c #Conflicts:      26000 | #Constraints:      81711
c bounds -4118 >= -12902 @ 30.1227
c #Conflicts:      27000 | #Constraints:      82738
c #Conflicts:      28000 | #Constraints:      83738
c bounds -4118 >= -12900 @ 31.3868
c INPROCESSING
c GARBAGE COLLECT
c #Conflicts:      29000 | #Constraints:      79514
c #Conflicts:      30000 | #Constraints:      80514
c #Conflicts:      31000 | #Constraints:      81514
c bounds -4118 >= -12898 @ 33.2525
c #Conflicts:      32000 | #Constraints:      82565
c #Conflicts:      33000 | #Constraints:      83565
c bounds -4118 >= -12896 @ 33.9703
c INPROCESSING
c GARBAGE COLLECT
c #Conflicts:      34000 | #Constraints:      79689
c #Conflicts:      35000 | #Constraints:      80689
c #Conflicts:      36000 | #Constraints:      81689
c #Conflicts:      37000 | #Constraints:      82689
c #Conflicts:      38000 | #Constraints:      83689
c #Conflicts:      39000 | #Constraints:      84689
c bounds -4118 >= -12894 @ 38.4615
c #Conflicts:      40000 | #Constraints:      85752
c #Conflicts:      41000 | #Constraints:      86752
c bounds -4118 >= -12892 @ 40.2434
c #Conflicts:      42000 | #Constraints:      87776
c #Conflicts:      43000 | #Constraints:      88776
c bounds -4118 >= -12890 @ 42.2867
c #Conflicts:      44000 | #Constraints:      89797
c #Conflicts:      45000 | #Constraints:      90797
c #Conflicts:      46000 | #Constraints:      91797
c bounds -4118 >= -12888 @ 43.9523
c #Conflicts:      47000 | #Constraints:      92830
c INPROCESSING
c GARBAGE COLLECT
c #Conflicts:      48000 | #Constraints:      84507
c #Conflicts:      49000 | #Constraints:      85507
c bounds -4118 >= -12886 @ 45.2288
c #Conflicts:      50000 | #Constraints:      86528
c #Conflicts:      51000 | #Constraints:      87528
c bounds -4118 >= -12884 @ 46.8171
c #Conflicts:      52000 | #Constraints:      88570
c INPROCESSING
c GARBAGE COLLECT
c #Conflicts:      53000 | #Constraints:      81964
c #Conflicts:      54000 | #Constraints:      82964
c #Conflicts:      55000 | #Constraints:      83964
c #Conflicts:      56000 | #Constraints:      84964
c #Conflicts:      57000 | #Constraints:      85964
c #Conflicts:      58000 | #Constraints:      86964
c #Conflicts:      59000 | #Constraints:      87964
c #Conflicts:      60000 | #Constraints:      88964
c #Conflicts:      61000 | #Constraints:      89964
c #Conflicts:      62000 | #Constraints:      90964
c #Conflicts:      63000 | #Constraints:      91964
c bounds -4118 >= -12882 @ 58.7163
c #Conflicts:      64000 | #Constraints:      93042
c #Conflicts:      65000 | #Constraints:      94042
c #Conflicts:      66000 | #Constraints:      95042
c #Conflicts:      67000 | #Constraints:      96042
c #Conflicts:      68000 | #Constraints:      97042
c #Conflicts:      69000 | #Constraints:      98042
c INPROCESSING
c GARBAGE COLLECT
c #Conflicts:      70000 | #Constraints:      86883
c #Conflicts:      71000 | #Constraints:      87883
c #Conflicts:      72000 | #Constraints:      88883
c bounds -4126 >= -12882 @ 76.6078
c #Conflicts:      73000 | #Constraints:      89884
c #Conflicts:      74000 | #Constraints:      90884
c #Conflicts:      75000 | #Constraints:      91884
c #Conflicts:      76000 | #Constraints:      92884
c INPROCESSING
c GARBAGE COLLECT
c #Conflicts:      77000 | #Constraints:      84252
c bounds -4130 >= -12882 @ 88.5159
c #Conflicts:      78000 | #Constraints:      85253
c bounds -4132 >= -12882 @ 93.3565
c #Conflicts:      79000 | #Constraints:      86254
c bounds -4140 >= -12882 @ 100.438
c #Conflicts:      80000 | #Constraints:      87255
c #Conflicts:      81000 | #Constraints:      88255
c #Conflicts:      82000 | #Constraints:      89255
c #Conflicts:      83000 | #Constraints:      90255
c bounds -4140 >= -12880 @ 103.87
c bounds -4148 >= -12880 @ 104.211
c #Conflicts:      84000 | #Constraints:      91322
c #Conflicts:      85000 | #Constraints:      92322
c bounds -4152 >= -12880 @ 109.342
c #Conflicts:      86000 | #Constraints:      93323
c bounds -4154 >= -12880 @ 118.978
c #Conflicts:      87000 | #Constraints:      94324
c #Conflicts:      88000 | #Constraints:      95324
c #Conflicts:      89000 | #Constraints:      96324
c #Conflicts:      90000 | #Constraints:      97324
c #Conflicts:      91000 | #Constraints:      98324
c #Conflicts:      92000 | #Constraints:      99324
c #Conflicts:      93000 | #Constraints:     100324
c bounds -4154 >= -12878 @ 127.02
c bounds -4194 >= -12878 @ 130.047
c #Conflicts:      94000 | #Constraints:     101382
c bounds -4196 >= -12878 @ 133.127
c bounds -4198 >= -12878 @ 133.823
c bounds -4200 >= -12878 @ 134.039
c #Conflicts:      95000 | #Constraints:     102385
c bounds -4216 >= -12878 @ 144.585
c #Conflicts:      96000 | #Constraints:     103386
c INPROCESSING
c GARBAGE COLLECT
c #Conflicts:      97000 | #Constraints:      89578
c #Conflicts:      98000 | #Constraints:      90578
c #Conflicts:      99000 | #Constraints:      91578
c #Conflicts:     100000 | #Constraints:      92578
c #Conflicts:     101000 | #Constraints:      93578
c #Conflicts:     102000 | #Constraints:      94578
c #Conflicts:     103000 | #Constraints:      95578
c bounds -4216 >= -12876 @ 156.361
c bounds -4226 >= -12876 @ 157.546
c bounds -4228 >= -12876 @ 157.599
c bounds -4242 >= -12876 @ 158.198
c #Conflicts:     104000 | #Constraints:      96614
c bounds -4258 >= -12876 @ 159.394
c bounds -4274 >= -12876 @ 159.814
c bounds -4278 >= -12876 @ 160.07
c bounds -4296 >= -12876 @ 160.145
c bounds -4312 >= -12876 @ 160.219
c bounds -4328 >= -12876 @ 160.292
c bounds -4344 >= -12876 @ 160.367
c bounds -4360 >= -12876 @ 160.551
c bounds -4366 >= -12876 @ 160.693
c bounds -4382 >= -12876 @ 161.167
c bounds -4398 >= -12876 @ 161.401
c bounds -4402 >= -12876 @ 162.106
c #Conflicts:     105000 | #Constraints:      97626
c INPROCESSING
c GARBAGE COLLECT
c bounds -4404 >= -12876 @ 162.822
c bounds -4406 >= -12876 @ 162.874
c bounds -4408 >= -12876 @ 162.916
c #Conflicts:     106000 | #Constraints:      87133
c bounds -4410 >= -12876 @ 167.348
c bounds -4430 >= -12876 @ 167.845
c bounds -4432 >= -12876 @ 168.968
c #Conflicts:     107000 | #Constraints:      88136
c bounds -4448 >= -12876 @ 171.584
c bounds -4464 >= -12876 @ 171.936
c #Conflicts:     108000 | #Constraints:      89138
c bounds -4484 >= -12876 @ 172.663
c bounds -4484 >= -12874 @ 172.676
c bounds -4484 >= -12872 @ 172.696
c bounds -4484 >= -12870 @ 172.711
c bounds -4484 >= -12868 @ 172.726
c bounds -4484 >= -12866 @ 172.743
c bounds -4484 >= -12864 @ 172.767
c bounds -4484 >= -12862 @ 172.827
c #Conflicts:     109000 | #Constraints:      90218
c bounds -4484 >= -12860 @ 172.914
c bounds -4484 >= -12858 @ 172.992
c #Conflicts:     110000 | #Constraints:      91251
c bounds -4484 >= -12856 @ 173.14
c #Conflicts:     111000 | #Constraints:      92275
c bounds -4532 >= -12856 @ 175.705
c bounds -4532 >= -12854 @ 175.736
c bounds -4532 >= -12852 @ 175.762
c bounds -4532 >= -12850 @ 175.764
c #Conflicts:     112000 | #Constraints:      93284
c bounds -4532 >= -12848 @ 175.986
c bounds -4532 >= -12846 @ 176.195
c #Conflicts:     113000 | #Constraints:      94323
c bounds -4532 >= -12844 @ 176.364
c #Conflicts:     114000 | #Constraints:      95347
c bounds -4532 >= -12842 @ 176.543
c #Conflicts:     115000 | #Constraints:      96374
c #Conflicts:     116000 | #Constraints:      97374
c #Conflicts:     117000 | #Constraints:      98374
c #Conflicts:     118000 | #Constraints:      99374
c #Conflicts:     119000 | #Constraints:     100374
c #Conflicts:     120000 | #Constraints:     101374
c #Conflicts:     121000 | #Constraints:     102374
c #Conflicts:     122000 | #Constraints:     103374
c #Conflicts:     123000 | #Constraints:     104374
c #Conflicts:     124000 | #Constraints:     105374
c #Conflicts:     125000 | #Constraints:     106374
c bounds -4532 >= -12840 @ 191.168
c bounds -4534 >= -12840 @ 191.464
c #Conflicts:     126000 | #Constraints:     107441
c bounds -4546 >= -12840 @ 196.258
c bounds -4562 >= -12840 @ 198.869
c bounds -4578 >= -12840 @ 199.866
c bounds -4582 >= -12840 @ 200.985
c #Conflicts:     127000 | #Constraints:     108445
c bounds -4626 >= -12840 @ 201.959
c bounds -4628 >= -12840 @ 202.199
c bounds -4646 >= -12840 @ 206.534
c bounds -4650 >= -12840 @ 208.176
c bounds -4652 >= -12840 @ 208.432
c #Conflicts:     128000 | #Constraints:     109450
c INPROCESSING
c GARBAGE COLLECT
c bounds -4660 >= -12840 @ 209.318
c bounds -4664 >= -12840 @ 209.647
c bounds -4666 >= -12840 @ 210.815
c bounds -4668 >= -12840 @ 211.392
c #Conflicts:     129000 | #Constraints:      93145
c #Conflicts:     130000 | #Constraints:      94145
c bounds -4674 >= -12840 @ 219.858
c bounds -4676 >= -12840 @ 220.745
c bounds -4678 >= -12840 @ 221.12
c bounds -4680 >= -12840 @ 221.281
c bounds -4688 >= -12840 @ 221.374
c bounds -4690 >= -12840 @ 221.441
c bounds -4692 >= -12840 @ 221.512
c bounds -4708 >= -12840 @ 222.224
c bounds -4710 >= -12840 @ 222.384
c bounds -4726 >= -12840 @ 222.856
c bounds -4730 >= -12840 @ 222.956
c bounds -4746 >= -12840 @ 223.501
c bounds -4762 >= -12840 @ 224.335
c #Conflicts:     131000 | #Constraints:      95158
c #Conflicts:     132000 | #Constraints:      96158
c #Conflicts:     133000 | #Constraints:      97158
c #Conflicts:     134000 | #Constraints:      98158
c #Conflicts:     135000 | #Constraints:      99158
c #Conflicts:     136000 | #Constraints:     100158
c #Conflicts:     137000 | #Constraints:     101158
c INPROCESSING
c GARBAGE COLLECT
c #Conflicts:     138000 | #Constraints:      88556
c bounds -4764 >= -12840 @ 236.487
c #Conflicts:     139000 | #Constraints:      89557
c bounds -4796 >= -12840 @ 242.497
c bounds -4804 >= -12840 @ 243.729
c #Conflicts:     140000 | #Constraints:      90559
c bounds -4808 >= -12840 @ 246.608
c bounds -4824 >= -12840 @ 248.079
c bounds -4826 >= -12840 @ 248.305
c bounds -4830 >= -12840 @ 249.274
c #Conflicts:     141000 | #Constraints:      91563
c bounds -4834 >= -12840 @ 251.362
c #Conflicts:     142000 | #Constraints:      92564
c bounds -4838 >= -12840 @ 255.08
c #Conflicts:     143000 | #Constraints:      93565
c bounds -4840 >= -12840 @ 263.436
c #Conflicts:     144000 | #Constraints:      94566
c #Conflicts:     145000 | #Constraints:      95566
c #Conflicts:     146000 | #Constraints:      96566
c #Conflicts:     147000 | #Constraints:      97566
c #Conflicts:     148000 | #Constraints:      98566
c #Conflicts:     149000 | #Constraints:      99566
c #Conflicts:     150000 | #Constraints:     100566
c #Conflicts:     151000 | #Constraints:     101566
c #Conflicts:     152000 | #Constraints:     102566
c #Conflicts:     153000 | #Constraints:     103566
c bounds -4840 >= -12838 @ 279.522
c bounds -4856 >= -12838 @ 280.145
c bounds -4858 >= -12838 @ 284.969
c #Conflicts:     154000 | #Constraints:     104613
c bounds -4862 >= -12838 @ 286.588
c bounds -4866 >= -12838 @ 287.268
c bounds -4868 >= -12838 @ 288.794
c bounds -4884 >= -12838 @ 289.987
c bounds -4900 >= -12838 @ 290.776
c #Conflicts:     155000 | #Constraints:     105618
c bounds -4916 >= -12838 @ 296.701
c bounds -4940 >= -12838 @ 297.426
c bounds -4948 >= -12838 @ 299.133
c #Conflicts:     156000 | #Constraints:     106621
c bounds -4964 >= -12838 @ 301.889
c bounds -4968 >= -12838 @ 302.482
c bounds -4970 >= -12838 @ 303.97
c bounds -4986 >= -12838 @ 305.228
c #Conflicts:     157000 | #Constraints:     107625
c #Conflicts:     158000 | #Constraints:     108625
c #Conflicts:     159000 | #Constraints:     109625
c #Conflicts:     160000 | #Constraints:     110625
c #Conflicts:     161000 | #Constraints:     111625
c #Conflicts:     162000 | #Constraints:     112625
c #Conflicts:     163000 | #Constraints:     113625
c INPROCESSING
c GARBAGE COLLECT
c bounds -4994 >= -12838 @ 323.794
c bounds -4996 >= -12838 @ 324.052
c #Conflicts:     164000 | #Constraints:      94742
c bounds -5004 >= -12838 @ 325.051
c bounds -5008 >= -12838 @ 326.904
c bounds -5012 >= -12838 @ 326.986
c bounds -5014 >= -12838 @ 327.057
c bounds -5016 >= -12838 @ 327.539
c #Conflicts:     165000 | #Constraints:      95747
c bounds -5032 >= -12838 @ 331.575
c bounds -5048 >= -12838 @ 331.94
c bounds -5052 >= -12838 @ 332.288
c bounds -5054 >= -12838 @ 332.447
c bounds -5062 >= -12838 @ 332.902
c bounds -5070 >= -12838 @ 333.457
c bounds -5090 >= -12838 @ 333.68
c bounds -5106 >= -12838 @ 333.775
c #Conflicts:     166000 | #Constraints:      96755
c bounds -5114 >= -12838 @ 334.593
c bounds -5116 >= -12838 @ 334.745
c bounds -5130 >= -12838 @ 336.09
c bounds -5132 >= -12838 @ 336.445
c #Conflicts:     167000 | #Constraints:      97759
c bounds -5148 >= -12838 @ 338.428
c bounds -5150 >= -12838 @ 339.14
c bounds -5156 >= -12838 @ 340.008
c bounds -5172 >= -12838 @ 340.378
c bounds -5174 >= -12838 @ 340.851
c bounds -5188 >= -12838 @ 341.255
c bounds -5190 >= -12838 @ 341.348
c #Conflicts:     168000 | #Constraints:      98766
c bounds -5198 >= -12838 @ 342.256
c bounds -5200 >= -12838 @ 343.951
c bounds -5202 >= -12838 @ 345.253
c bounds -5204 >= -12838 @ 345.378
c bounds -5206 >= -12838 @ 345.482
c bounds -5220 >= -12838 @ 346.436
c bounds -5224 >= -12838 @ 346.871
c bounds -5240 >= -12838 @ 347.234
c bounds -5244 >= -12838 @ 348.109
c #Conflicts:     169000 | #Constraints:      99775
c bounds -5252 >= -12838 @ 350.036
c bounds -5258 >= -12838 @ 350.768
c bounds -5274 >= -12838 @ 352.13
c #Conflicts:     170000 | #Constraints:     100778
c bounds -5282 >= -12838 @ 357.556
c bounds -5286 >= -12838 @ 363.491
c #Conflicts:     171000 | #Constraints:     101780
c #Conflicts:     172000 | #Constraints:     102780
c bounds -5308 >= -12838 @ 375.113
c bounds -5326 >= -12838 @ 379.804
c bounds -5328 >= -12838 @ 379.972
c bounds -5334 >= -12838 @ 380.278
c bounds -5336 >= -12838 @ 380.487
c bounds -5352 >= -12838 @ 381.383
c #Conflicts:     173000 | #Constraints:     103786
c bounds -5366 >= -12838 @ 386.787
c #Conflicts:     174000 | #Constraints:     104787
c INPROCESSING
c GARBAGE COLLECT
c #Conflicts:     175000 | #Constraints:      90339
c #Conflicts:     176000 | #Constraints:      91339
c bounds -5374 >= -12838 @ 407.351
c #Conflicts:     177000 | #Constraints:      92340
c #Conflicts:     178000 | #Constraints:      93340
c #Conflicts:     179000 | #Constraints:      94340
c #Conflicts:     180000 | #Constraints:      95340
c #Conflicts:     181000 | #Constraints:      96340
c #Conflicts:     182000 | #Constraints:      97340
c #Conflicts:     183000 | #Constraints:      98340
c #Conflicts:     184000 | #Constraints:      99340
c #Conflicts:     185000 | #Constraints:     100340
c bounds -5374 >= -12836 @ 424.203
c bounds -5390 >= -12836 @ 424.352
c #Conflicts:     186000 | #Constraints:     101395
c #Conflicts:     187000 | #Constraints:     102395
c bounds -5406 >= -12836 @ 438.431
c bounds -5412 >= -12836 @ 439.103
c bounds -5420 >= -12836 @ 441.049
c bounds -5436 >= -12836 @ 441.669
c #Conflicts:     188000 | #Constraints:     103399
c #Conflicts:     189000 | #Constraints:     104399
c bounds -5442 >= -12836 @ 455.022
c bounds -5462 >= -12836 @ 456.17
c bounds -5468 >= -12836 @ 457.964
c bounds -5470 >= -12836 @ 458.391
c bounds -5478 >= -12836 @ 459.356
c #Conflicts:     190000 | #Constraints:     105404
c bounds -5484 >= -12836 @ 461.536
c #Conflicts:     191000 | #Constraints:     106405
c bounds -5494 >= -12836 @ 471.603
c #Conflicts:     192000 | #Constraints:     107406
c #Conflicts:     193000 | #Constraints:     108406
c #Conflicts:     194000 | #Constraints:     109406
c #Conflicts:     195000 | #Constraints:     110406
c #Conflicts:     196000 | #Constraints:     111406
c #Conflicts:     197000 | #Constraints:     112406
c #Conflicts:     198000 | #Constraints:     113406
c #Conflicts:     199000 | #Constraints:     114406
c #Conflicts:     200000 | #Constraints:     115406
c #Conflicts:     201000 | #Constraints:     116406
c #Conflicts:     202000 | #Constraints:     117406
c #Conflicts:     203000 | #Constraints:     118406
c #Conflicts:     204000 | #Constraints:     119406
c INPROCESSING
c GARBAGE COLLECT
c bounds -5506 >= -12836 @ 511.279
c #Conflicts:     205000 | #Constraints:      98122
c bounds -5514 >= -12836 @ 517.437
c bounds -5522 >= -12836 @ 525.843
c #Conflicts:     206000 | #Constraints:      99124
c bounds -5530 >= -12836 @ 528.087
c #Conflicts:     207000 | #Constraints:     100125
c #Conflicts:     208000 | #Constraints:     101125
c #Conflicts:     209000 | #Constraints:     102125
c bounds -5532 >= -12836 @ 545.428
c bounds -5534 >= -12836 @ 545.54
c bounds -5536 >= -12836 @ 545.651
c bounds -5538 >= -12836 @ 548.471
c bounds -5540 >= -12836 @ 549.007
c bounds -5556 >= -12836 @ 551.757
c #Conflicts:     210000 | #Constraints:     103131
c bounds -5558 >= -12836 @ 555.972
c bounds -5566 >= -12836 @ 563.767
c bounds -5572 >= -12836 @ 564.673
c #Conflicts:     211000 | #Constraints:     104134
c bounds -5580 >= -12836 @ 571.102
c bounds -5584 >= -12836 @ 571.697
c #Conflicts:     212000 | #Constraints:     105136
c bounds -5586 >= -12836 @ 573.588
c bounds -5602 >= -12836 @ 576.338
c bounds -5624 >= -12836 @ 576.7
c bounds -5632 >= -12836 @ 581.215
c #Conflicts:     213000 | #Constraints:     106140
c bounds -5634 >= -12836 @ 594.916
c #Conflicts:     214000 | #Constraints:     107141
c bounds -5650 >= -12836 @ 599.894
c bounds -5656 >= -12836 @ 600.643
c bounds -5660 >= -12836 @ 606.389
c #Conflicts:     215000 | #Constraints:     108144
c bounds -5666 >= -12836 @ 607.116
c bounds -5680 >= -12836 @ 609.141
c bounds -5682 >= -12836 @ 609.299
c bounds -5698 >= -12836 @ 609.883
c bounds -5706 >= -12836 @ 610.798
c bounds -5720 >= -12836 @ 611.1
c #Conflicts:     216000 | #Constraints:     109150
c bounds -5722 >= -12836 @ 611.95
c INPROCESSING
c GARBAGE COLLECT
c bounds -5724 >= -12836 @ 612.86
c bounds -5740 >= -12836 @ 612.978
c bounds -5756 >= -12836 @ 613.77
c bounds -5764 >= -12836 @ 613.913
c #Conflicts:     217000 | #Constraints:      93136
c bounds -5768 >= -12836 @ 615.701
c bounds -5770 >= -12836 @ 617.361
c #Conflicts:     218000 | #Constraints:      94138
c bounds -5772 >= -12836 @ 620.387
c #Conflicts:     219000 | #Constraints:      95139
c bounds -5780 >= -12836 @ 622.575
c bounds -5790 >= -12836 @ 623.986
c #Conflicts:     220000 | #Constraints:      96141
c #Conflicts:     221000 | #Constraints:      97141
c bounds -5792 >= -12836 @ 632.271
c bounds -5796 >= -12836 @ 640.884
c #Conflicts:     222000 | #Constraints:      98143
c bounds -5804 >= -12836 @ 644.846
c #Conflicts:     223000 | #Constraints:      99144
c bounds -5806 >= -12836 @ 658.488
c bounds -5810 >= -12836 @ 659.026
c #Conflicts:     224000 | #Constraints:     100146
c #Conflicts:     225000 | #Constraints:     101146
c #Conflicts:     226000 | #Constraints:     102146
c #Conflicts:     227000 | #Constraints:     103146
c #Conflicts:     228000 | #Constraints:     104146
c #Conflicts:     229000 | #Constraints:     105146
c #Conflicts:     230000 | #Constraints:     106146
c #Conflicts:     231000 | #Constraints:     107146
c #Conflicts:     232000 | #Constraints:     108146
c #Conflicts:     233000 | #Constraints:     109146
c #Conflicts:     234000 | #Constraints:     110146
c #Conflicts:     235000 | #Constraints:     111146
c #Conflicts:     236000 | #Constraints:     112146
c bounds -5810 >= -12834 @ 690.157
c #Conflicts:     237000 | #Constraints:     113209
c bounds -5814 >= -12834 @ 694.481
c bounds -5822 >= -12834 @ 697.938
c bounds -5830 >= -12834 @ 698.481
c #Conflicts:     238000 | #Constraints:     114212
c bounds -5846 >= -12834 @ 703.245
c bounds -5850 >= -12834 @ 703.907
c bounds -5858 >= -12834 @ 709.69
c bounds -5866 >= -12834 @ 712.399
c bounds -5874 >= -12834 @ 712.83
c bounds -5894 >= -12834 @ 713.033
c #Conflicts:     239000 | #Constraints:     115218
c bounds -5904 >= -12834 @ 713.72
c #Conflicts:     240000 | #Constraints:     116219
c bounds -5910 >= -12834 @ 727.571
c bounds -5922 >= -12834 @ 733.185
c #Conflicts:     241000 | #Constraints:     117221
c bounds -5926 >= -12834 @ 742.347
c #Conflicts:     242000 | #Constraints:     118222
c bounds -5930 >= -12834 @ 758.476
c #Conflicts:     243000 | #Constraints:     119223
c #Conflicts:     244000 | #Constraints:     120223
c #Conflicts:     245000 | #Constraints:     121223
c #Conflicts:     246000 | #Constraints:     122223
c #Conflicts:     247000 | #Constraints:     123223
c #Conflicts:     248000 | #Constraints:     124223
c INPROCESSING
c GARBAGE COLLECT
c bounds -5990 >= -12834 @ 777.16
c #Conflicts:     249000 | #Constraints:     100270
c bounds -6006 >= -12834 @ 780.135
c bounds -6014 >= -12834 @ 780.573
c bounds -6022 >= -12834 @ 782.409
c #Conflicts:     250000 | #Constraints:     101273
c bounds -6024 >= -12834 @ 783.058
c bounds -6040 >= -12834 @ 783.131
c bounds -6056 >= -12834 @ 783.959
c bounds -6060 >= -12834 @ 784.189
c bounds -6068 >= -12834 @ 784.281
c bounds -6070 >= -12834 @ 784.714
c bounds -6082 >= -12834 @ 789.885
c #Conflicts:     251000 | #Constraints:     102280
c #Conflicts:     252000 | #Constraints:     103280
c bounds -6084 >= -12834 @ 817.564
c #Conflicts:     253000 | #Constraints:     104281
c #Conflicts:     254000 | #Constraints:     105281
c #Conflicts:     255000 | #Constraints:     106281
c #Conflicts:     256000 | #Constraints:     107281
c bounds -6088 >= -12834 @ 889.958
c #Conflicts:     257000 | #Constraints:     108282
c #Conflicts:     258000 | #Constraints:     109282
c #Conflicts:     259000 | #Constraints:     110282
c #Conflicts:     260000 | #Constraints:     111282
c #Conflicts:     261000 | #Constraints:     112282
c #Conflicts:     262000 | #Constraints:     113282
c INPROCESSING
c GARBAGE COLLECT
c #Conflicts:     263000 | #Constraints:      95076
c #Conflicts:     264000 | #Constraints:      96076
c #Conflicts:     265000 | #Constraints:      97076
c #Conflicts:     266000 | #Constraints:      98076
c #Conflicts:     267000 | #Constraints:      99076
c #Conflicts:     268000 | #Constraints:     100076
c #Conflicts:     269000 | #Constraints:     101076
c #Conflicts:     270000 | #Constraints:     102076
c #Conflicts:     271000 | #Constraints:     103076
c #Conflicts:     272000 | #Constraints:     104076
c #Conflicts:     273000 | #Constraints:     105076
c bounds -6088 >= -12832 @ 935.882
c bounds -6094 >= -12832 @ 937.998
c #Conflicts:     274000 | #Constraints:     106128
c #Conflicts:     275000 | #Constraints:     107128
c bounds -6102 >= -12832 @ 958.682
c bounds -6112 >= -12832 @ 963.581
c #Conflicts:     276000 | #Constraints:     108130
c bounds -6128 >= -12832 @ 968.951
c bounds -6144 >= -12832 @ 971.648
c bounds -6148 >= -12832 @ 972.262
c bounds -6164 >= -12832 @ 974.222
c #Conflicts:     277000 | #Constraints:     109134
c bounds -6176 >= -12832 @ 977.556
c bounds -6184 >= -12832 @ 985.579
c #Conflicts:     278000 | #Constraints:     110136
c #Conflicts:     279000 | #Constraints:     111136
c #Conflicts:     280000 | #Constraints:     112136
c bounds -6192 >= -12832 @ 1027.47
c #Conflicts:     281000 | #Constraints:     113137
c #Conflicts:     282000 | #Constraints:     114137
c #Conflicts:     283000 | #Constraints:     115137
c #Conflicts:     284000 | #Constraints:     116137
c #Conflicts:     285000 | #Constraints:     117137
c #Conflicts:     286000 | #Constraints:     118137
c #Conflicts:     287000 | #Constraints:     119137
c #Conflicts:     288000 | #Constraints:     120137
c #Conflicts:     289000 | #Constraints:     121137
c #Conflicts:     290000 | #Constraints:     122137
c #Conflicts:     291000 | #Constraints:     123137
c #Conflicts:     292000 | #Constraints:     124137
c #Conflicts:     293000 | #Constraints:     125137
c bounds -6192 >= -12830 @ 1093.79
c bounds -6194 >= -12830 @ 1094.1
c bounds -6196 >= -12830 @ 1094.37
c bounds -6212 >= -12830 @ 1097.32
c bounds -6214 >= -12830 @ 1099.9
c bounds -6216 >= -12830 @ 1101.98
c bounds -6218 >= -12830 @ 1102.25
c bounds -6234 >= -12830 @ 1103.56
c #Conflicts:     294000 | #Constraints:     126204
c bounds -6238 >= -12830 @ 1106.99
c bounds -6254 >= -12830 @ 1117.03
c #Conflicts:     295000 | #Constraints:     127206
c bounds -6256 >= -12830 @ 1127.89
c bounds -6260 >= -12830 @ 1132.05
c #Conflicts:     296000 | #Constraints:     128208
c #Conflicts:     297000 | #Constraints:     129208
c INPROCESSING
c GARBAGE COLLECT
c #Conflicts:     298000 | #Constraints:     103114
c bounds -6274 >= -12830 @ 1169.91
c #Conflicts:     299000 | #Constraints:     104115
c #Conflicts:     300000 | #Constraints:     105115
c #Conflicts:     301000 | #Constraints:     106115
c bounds -6282 >= -12830 @ 1196.8
c #Conflicts:     302000 | #Constraints:     107116
c bounds -6298 >= -12830 @ 1214.36
c #Conflicts:     303000 | #Constraints:     108117
c #Conflicts:     304000 | #Constraints:     109117
c #Conflicts:     305000 | #Constraints:     110117
c #Conflicts:     306000 | #Constraints:     111117
c #Conflicts:     307000 | #Constraints:     112117
c #Conflicts:     308000 | #Constraints:     113117
c #Conflicts:     309000 | #Constraints:     114117
c #Conflicts:     310000 | #Constraints:     115117
c #Conflicts:     311000 | #Constraints:     116117
c #Conflicts:     312000 | #Constraints:     117117
c INPROCESSING
c GARBAGE COLLECT
c bounds -6308 >= -12830 @ 1256.69
c #Conflicts:     313000 | #Constraints:      96901
c bounds -6324 >= -12830 @ 1265.12
c #Conflicts:     314000 | #Constraints:      97902
c bounds -6340 >= -12830 @ 1285.83
c bounds -6356 >= -12830 @ 1298.21
c bounds -6358 >= -12830 @ 1299.14
c #Conflicts:     315000 | #Constraints:      98905
c bounds -6374 >= -12830 @ 1309.69
c bounds -6378 >= -12830 @ 1311.75
c #Conflicts:     316000 | #Constraints:      99907
c bounds -6380 >= -12830 @ 1317.95
c bounds -6384 >= -12830 @ 1320.01
c #Conflicts:     317000 | #Constraints:     100909
c bounds -6394 >= -12830 @ 1331.61
c #Conflicts:     318000 | #Constraints:     101910
c bounds -6398 >= -12830 @ 1336.54
c bounds -6406 >= -12830 @ 1344.48
c #Conflicts:     319000 | #Constraints:     102912
c bounds -6408 >= -12830 @ 1355.51
c #Conflicts:     320000 | #Constraints:     103913
c bounds -6410 >= -12830 @ 1366.11
c #Conflicts:     321000 | #Constraints:     104914
c bounds -6418 >= -12830 @ 1376.48
c #Conflicts:     322000 | #Constraints:     105915
c #Conflicts:     323000 | #Constraints:     106915
c #Conflicts:     324000 | #Constraints:     107915
c #Conflicts:     325000 | #Constraints:     108915
c #Conflicts:     326000 | #Constraints:     109915
c #Conflicts:     327000 | #Constraints:     110915
c #Conflicts:     328000 | #Constraints:     111915
c #Conflicts:     329000 | #Constraints:     112915
c #Conflicts:     330000 | #Constraints:     113915
c #Conflicts:     331000 | #Constraints:     114915
c #Conflicts:     332000 | #Constraints:     115915
c #Conflicts:     333000 | #Constraints:     116915
c #Conflicts:     334000 | #Constraints:     117915
c bounds -6418 >= -12828 @ 1438.45
c #Conflicts:     335000 | #Constraints:     118978
c bounds -6420 >= -12828 @ 1446.38
c bounds -6426 >= -12828 @ 1450.69
c #Conflicts:     336000 | #Constraints:     119980
c bounds -6434 >= -12828 @ 1456.97
c bounds -6442 >= -12828 @ 1457.4
c bounds -6444 >= -12828 @ 1460.86
c bounds -6448 >= -12828 @ 1467.39
c #Conflicts:     337000 | #Constraints:     120984
c #Conflicts:     338000 | #Constraints:     121984
c bounds -6456 >= -12828 @ 1498.38
c #Conflicts:     339000 | #Constraints:     122985
c bounds -6474 >= -12828 @ 1502.77
c bounds -6482 >= -12828 @ 1511.29
c bounds -6490 >= -12828 @ 1512.34
c bounds -6506 >= -12828 @ 1515.7
c #Conflicts:     340000 | #Constraints:     123989
c #Conflicts:     341000 | #Constraints:     124989
c #Conflicts:     342000 | #Constraints:     125989
c #Conflicts:     343000 | #Constraints:     126989
c #Conflicts:     344000 | #Constraints:     127989
c #Conflicts:     345000 | #Constraints:     128989
c #Conflicts:     346000 | #Constraints:     129989
c #Conflicts:     347000 | #Constraints:     130989
c #Conflicts:     348000 | #Constraints:     131989
c #Conflicts:     349000 | #Constraints:     132989
c #Conflicts:     350000 | #Constraints:     133989
c #Conflicts:     351000 | #Constraints:     134989
c INPROCESSING
c GARBAGE COLLECT
c bounds -6514 >= -12828 @ 1597.92
c bounds -6520 >= -12828 @ 1598.16
c bounds -6524 >= -12828 @ 1600.27
c bounds -6532 >= -12828 @ 1603.8
c #Conflicts:     352000 | #Constraints:     106165
c bounds -6534 >= -12828 @ 1613.4
c #Conflicts:     353000 | #Constraints:     107166
c bounds -6538 >= -12828 @ 1614.59
c bounds -6554 >= -12828 @ 1615.78
c #Conflicts:     354000 | #Constraints:     108168
c bounds -6566 >= -12828 @ 1626.55
c bounds -6570 >= -12828 @ 1627.62
c bounds -6586 >= -12828 @ 1629.43
c bounds -6594 >= -12828 @ 1630.22
c #Conflicts:     355000 | #Constraints:     109172
c bounds -6596 >= -12828 @ 1633.08
c #Conflicts:     356000 | #Constraints:     110173
c #Conflicts:     357000 | #Constraints:     111173
c bounds -6600 >= -12828 @ 1650
c bounds -6608 >= -12828 @ 1650.83
c bounds -6620 >= -12828 @ 1653.89
c bounds -6626 >= -12828 @ 1654.65
c #Conflicts:     358000 | #Constraints:     112177
c bounds -6640 >= -12828 @ 1666.05
c #Conflicts:     359000 | #Constraints:     113178
c #Conflicts:     360000 | #Constraints:     114178
c bounds -6644 >= -12828 @ 1682.9
c bounds -6656 >= -12828 @ 1689.54
c #Conflicts:     361000 | #Constraints:     115180
c bounds -6660 >= -12828 @ 1694.05
c bounds -6672 >= -12828 @ 1697.48
c bounds -6676 >= -12828 @ 1697.91
c bounds -6680 >= -12828 @ 1703.85
c bounds -6688 >= -12828 @ 1704.36
c bounds -6690 >= -12828 @ 1705.9
c bounds -6692 >= -12828 @ 1706.33
c bounds -6700 >= -12828 @ 1708.06
c #Conflicts:     362000 | #Constraints:     116188
c bounds -6708 >= -12828 @ 1710.17
c bounds -6716 >= -12828 @ 1718.51
c #Conflicts:     363000 | #Constraints:     117190
c bounds -6732 >= -12828 @ 1723.91
c bounds -6740 >= -12828 @ 1726.97
c bounds -6742 >= -12828 @ 1733.01
c bounds -6746 >= -12828 @ 1734.12
c #Conflicts:     364000 | #Constraints:     118194
c bounds -6750 >= -12828 @ 1746.53
c bounds -6758 >= -12828 @ 1750.88
c #Conflicts:     365000 | #Constraints:     119196
c bounds -6766 >= -12828 @ 1757.35
c bounds -6782 >= -12828 @ 1760.51
c bounds -6788 >= -12828 @ 1763.07
c bounds -6790 >= -12828 @ 1763.44
c #Conflicts:     366000 | #Constraints:     120200
c bounds -6806 >= -12828 @ 1769.31
c bounds -6814 >= -12828 @ 1774.61
c #Conflicts:     367000 | #Constraints:     121202
c INPROCESSING
c GARBAGE COLLECT
c bounds -6816 >= -12828 @ 1780.11
c #Conflicts:     368000 | #Constraints:      99207
c bounds -6824 >= -12828 @ 1783.87
c bounds -6832 >= -12828 @ 1788.63
c bounds -6848 >= -12828 @ 1789.52
c #Conflicts:     369000 | #Constraints:     100210
c bounds -6856 >= -12828 @ 1793.83
c #Conflicts:     370000 | #Constraints:     101211
c #Conflicts:     371000 | #Constraints:     102211
c #Conflicts:     372000 | #Constraints:     103211
c #Conflicts:     373000 | #Constraints:     104211
c #Conflicts:     374000 | #Constraints:     105211
c #Conflicts:     375000 | #Constraints:     106211
c #Conflicts:     376000 | #Constraints:     107211
c #Conflicts:     377000 | #Constraints:     108211
c #Conflicts:     378000 | #Constraints:     109211
c #Conflicts:     379000 | #Constraints:     110211
c #Conflicts:     380000 | #Constraints:     111211
c #Conflicts:     381000 | #Constraints:     112211
c bounds -6856 >= -12826 @ 1839.17
c #Conflicts:     382000 | #Constraints:     113280
c bounds -6858 >= -12826 @ 1840.87
c bounds -6860 >= -12826 @ 1846.18
c #Conflicts:     383000 | #Constraints:     114282
c bounds -6870 >= -12826 @ 1855.91
c #Conflicts:     384000 | #Constraints:     115283
c bounds -6878 >= -12826 @ 1863.01
c #Conflicts:     385000 | #Constraints:     116284
c bounds -6882 >= -12826 @ 1875
c #Conflicts:     386000 | #Constraints:     117285
c bounds -6890 >= -12826 @ 1883.75
c #Conflicts:     387000 | #Constraints:     118286
c #Conflicts:     388000 | #Constraints:     119286
c #Conflicts:     389000 | #Constraints:     120286
c bounds -6906 >= -12826 @ 1930.05
c #Conflicts:     390000 | #Constraints:     121287
c #Conflicts:     391000 | #Constraints:     122287
c #Conflicts:     392000 | #Constraints:     123287
c #Conflicts:     393000 | #Constraints:     124287
c #Conflicts:     394000 | #Constraints:     125287
c #Conflicts:     395000 | #Constraints:     126287
c #Conflicts:     396000 | #Constraints:     127287
c #Conflicts:     397000 | #Constraints:     128287
c #Conflicts:     398000 | #Constraints:     129287
c #Conflicts:     399000 | #Constraints:     130287
c #Conflicts:     400000 | #Constraints:     131287
c #Conflicts:     401000 | #Constraints:     132287
c #Conflicts:     402000 | #Constraints:     133287
c #Conflicts:     403000 | #Constraints:     134287
c bounds -6906 >= -12824 @ 2016.91
c bounds -6912 >= -12824 @ 2018.83
c bounds -6914 >= -12824 @ 2021.51
c bounds -6926 >= -12824 @ 2024.41
c #Conflicts:     404000 | #Constraints:     135341
c bounds -6936 >= -12824 @ 2032.36
c #Conflicts:     405000 | #Constraints:     136342
c bounds -6944 >= -12824 @ 2055.71
c #Conflicts:     406000 | #Constraints:     137343
c bounds -6948 >= -12824 @ 2059.9
c bounds -6956 >= -12824 @ 2069
c #Conflicts:     407000 | #Constraints:     138345
c #Conflicts:     408000 | #Constraints:     139345
c bounds -6972 >= -12824 @ 2099.28
c bounds -6988 >= -12824 @ 2109.56
c INPROCESSING
c GARBAGE COLLECT
c #Conflicts:     409000 | #Constraints:     108439
c bounds -6996 >= -12824 @ 2120.71
c bounds -7004 >= -12824 @ 2123.78
c bounds -7020 >= -12824 @ 2126.69
c #Conflicts:     410000 | #Constraints:     109442
c bounds -7028 >= -12824 @ 2127.97
c bounds -7030 >= -12824 @ 2130.32
c bounds -7038 >= -12824 @ 2131.32
c bounds -7044 >= -12824 @ 2132.21
c bounds -7052 >= -12824 @ 2133.63
c #Conflicts:     411000 | #Constraints:     110447
c bounds -7060 >= -12824 @ 2139.56
c #Conflicts:     412000 | #Constraints:     111448
c #Conflicts:     413000 | #Constraints:     112448
c bounds -7068 >= -12824 @ 2163.29
c #Conflicts:     414000 | #Constraints:     113449
c bounds -7076 >= -12824 @ 2169.89
c bounds -7084 >= -12824 @ 2170.86
c bounds -7092 >= -12824 @ 2172.69
c #Conflicts:     415000 | #Constraints:     114452
c bounds -7108 >= -12824 @ 2181.95
c bounds -7108 >= -12822 @ 2181.95
c #Conflicts:     416000 | #Constraints:     115456
c #Conflicts:     417000 | #Constraints:     116456
c bounds -7108 >= -12820 @ 2182.24
c bounds -7108 >= -12818 @ 2182.25
c bounds -7108 >= -12816 @ 2182.26
c bounds -7108 >= -12814 @ 2182.28
c bounds -7108 >= -12812 @ 2182.3
c bounds -7108 >= -12810 @ 2182.31
c bounds -7108 >= -12808 @ 2182.33
c bounds -7108 >= -12806 @ 2182.36
c #Conflicts:     418000 | #Constraints:     117504
c bounds -7108 >= -12804 @ 2182.4
c bounds -7108 >= -12802 @ 2182.43
c bounds -7108 >= -12800 @ 2182.54
c #Conflicts:     419000 | #Constraints:     118537
c #Conflicts:     420000 | #Constraints:     119537
c #Conflicts:     421000 | #Constraints:     120537
c #Conflicts:     422000 | #Constraints:     121537
c #Conflicts:     423000 | #Constraints:     122537
c bounds -7108 >= -12798 @ 2183.63
c #Conflicts:     424000 | #Constraints:     123546
c bounds -7108 >= -12796 @ 2184.43
c #Conflicts:     425000 | #Constraints:     124570
c #Conflicts:     426000 | #Constraints:     125570
c INPROCESSING
c GARBAGE COLLECT
c #Conflicts:     427000 | #Constraints:     101329
c #Conflicts:     428000 | #Constraints:     102329
c #Conflicts:     429000 | #Constraints:     103329
c #Conflicts:     430000 | #Constraints:     104329
c #Conflicts:     431000 | #Constraints:     105329
c #Conflicts:     432000 | #Constraints:     106329
c #Conflicts:     433000 | #Constraints:     107329
c #Conflicts:     434000 | #Constraints:     108329
c #Conflicts:     435000 | #Constraints:     109329
c #Conflicts:     436000 | #Constraints:     110329
c #Conflicts:     437000 | #Constraints:     111329
c #Conflicts:     438000 | #Constraints:     112329
c #Conflicts:     439000 | #Constraints:     113329
c #Conflicts:     440000 | #Constraints:     114329
c #Conflicts:     441000 | #Constraints:     115329
c #Conflicts:     442000 | #Constraints:     116329
c #Conflicts:     443000 | #Constraints:     117329
c #Conflicts:     444000 | #Constraints:     118329
c #Conflicts:     445000 | #Constraints:     119329
c #Conflicts:     446000 | #Constraints:     120329
c #Conflicts:     447000 | #Constraints:     121329
c #Conflicts:     448000 | #Constraints:     122329
c #Conflicts:     449000 | #Constraints:     123329
c bounds -7108 >= -12794 @ 2326
c bounds -7110 >= -12794 @ 2326.94
c #Conflicts:     450000 | #Constraints:     124399
c bounds -7118 >= -12794 @ 2329.24
c bounds -7134 >= -12794 @ 2332.67
c #Conflicts:     451000 | #Constraints:     125401
c #Conflicts:     452000 | #Constraints:     126401
c #Conflicts:     453000 | #Constraints:     127401
c #Conflicts:     454000 | #Constraints:     128401
c bounds -7142 >= -12794 @ 2358.68
c bounds -7150 >= -12794 @ 2362.22
c #Conflicts:     455000 | #Constraints:     129403
c #Conflicts:     456000 | #Constraints:     130403
c #Conflicts:     457000 | #Constraints:     131403
c bounds -7158 >= -12794 @ 2383.52
c bounds -7166 >= -12794 @ 2385.02
c #Conflicts:     458000 | #Constraints:     132405
c bounds -7176 >= -12794 @ 2397.09
c bounds -7184 >= -12794 @ 2400.47
c #Conflicts:     459000 | #Constraints:     133407
c #Conflicts:     460000 | #Constraints:     134407
c #Conflicts:     461000 | #Constraints:     135407
c #Conflicts:     462000 | #Constraints:     136407
c bounds -7186 >= -12794 @ 2433.54
c bounds -7188 >= -12794 @ 2439.87
c bounds -7190 >= -12794 @ 2441.72
c #Conflicts:     463000 | #Constraints:     137410
c bounds -7198 >= -12794 @ 2447.85
c bounds -7206 >= -12794 @ 2453.33
c #Conflicts:     464000 | #Constraints:     138412
c bounds -7210 >= -12794 @ 2463.12
c #Conflicts:     465000 | #Constraints:     139413
c bounds -7214 >= -12794 @ 2473.85
c #Conflicts:     466000 | #Constraints:     140414
c bounds -7222 >= -12794 @ 2489.3
c #Conflicts:     467000 | #Constraints:     141415
c bounds -7226 >= -12794 @ 2506.95
c #Conflicts:     468000 | #Constraints:     142416
c bounds -7230 >= -12794 @ 2511.87
c #Conflicts:     469000 | #Constraints:     143417
c bounds -7232 >= -12794 @ 2526.34
c #Conflicts:     470000 | #Constraints:     144418
c bounds -7240 >= -12794 @ 2536.58
c bounds -7248 >= -12794 @ 2542.36
c #Conflicts:     471000 | #Constraints:     145420
c INPROCESSING
c GARBAGE COLLECT
c bounds -7256 >= -12794 @ 2550.06
c bounds -7276 >= -12794 @ 2551.81
c #Conflicts:     472000 | #Constraints:     111845
c bounds -7284 >= -12794 @ 2559.28
c bounds -7286 >= -12794 @ 2560.2
c #Conflicts:     473000 | #Constraints:     112847
c bounds -7292 >= -12794 @ 2562.29
c #Conflicts:     474000 | #Constraints:     113848
c bounds -7300 >= -12794 @ 2569
c #Conflicts:     475000 | #Constraints:     114849
c bounds -7302 >= -12794 @ 2586.54
c #Conflicts:     476000 | #Constraints:     115850
c #Conflicts:     477000 | #Constraints:     116850
c #Conflicts:     478000 | #Constraints:     117850
c bounds -7310 >= -12794 @ 2616.87
c bounds -7318 >= -12794 @ 2624.49
c #Conflicts:     479000 | #Constraints:     118852
c #Conflicts:     480000 | #Constraints:     119852
c #Conflicts:     481000 | #Constraints:     120852
c #Conflicts:     482000 | #Constraints:     121852
c #Conflicts:     483000 | #Constraints:     122852
c #Conflicts:     484000 | #Constraints:     123852
c #Conflicts:     485000 | #Constraints:     124852
c #Conflicts:     486000 | #Constraints:     125852
c #Conflicts:     487000 | #Constraints:     126852
c bounds -7318 >= -12792 @ 2627.58
c #Conflicts:     488000 | #Constraints:     127858
c #Conflicts:     489000 | #Constraints:     128858
c INPROCESSING
c GARBAGE COLLECT
c #Conflicts:     490000 | #Constraints:     102902
c bounds -7326 >= -12792 @ 2641.97
c #Conflicts:     491000 | #Constraints:     103903
c #Conflicts:     492000 | #Constraints:     104903
c #Conflicts:     493000 | #Constraints:     105903
c #Conflicts:     494000 | #Constraints:     106903
c bounds -7334 >= -12792 @ 2683.98
c #Conflicts:     495000 | #Constraints:     107904
c #Conflicts:     496000 | #Constraints:     108904
c #Conflicts:     497000 | #Constraints:     109904
c #Conflicts:     498000 | #Constraints:     110904
c #Conflicts:     499000 | #Constraints:     111904
c #Conflicts:     500000 | #Constraints:     112904
c #Conflicts:     501000 | #Constraints:     113904
c #Conflicts:     502000 | #Constraints:     114904
c #Conflicts:     503000 | #Constraints:     115904
c #Conflicts:     504000 | #Constraints:     116904
c #Conflicts:     505000 | #Constraints:     117904
c #Conflicts:     506000 | #Constraints:     118904
c #Conflicts:     507000 | #Constraints:     119904
c #Conflicts:     508000 | #Constraints:     120904
c #Conflicts:     509000 | #Constraints:     121904
c #Conflicts:     510000 | #Constraints:     122904
c #Conflicts:     511000 | #Constraints:     123904
c #Conflicts:     512000 | #Constraints:     124904
c #Conflicts:     513000 | #Constraints:     125904
c #Conflicts:     514000 | #Constraints:     126904
c #Conflicts:     515000 | #Constraints:     127904
c #Conflicts:     516000 | #Constraints:     128904
c #Conflicts:     517000 | #Constraints:     129904
c #Conflicts:     518000 | #Constraints:     130904
c #Conflicts:     519000 | #Constraints:     131904
c #Conflicts:     520000 | #Constraints:     132904
c #Conflicts:     521000 | #Constraints:     133904
c #Conflicts:     522000 | #Constraints:     134904
c #Conflicts:     523000 | #Constraints:     135904
c #Conflicts:     524000 | #Constraints:     136904
c bounds -7334 >= -12790 @ 2939.7
c bounds -7340 >= -12790 @ 2940.41
c #Conflicts:     525000 | #Constraints:     137965
c bounds -7350 >= -12790 @ 2959.33
c bounds -7352 >= -12790 @ 2964.12
c #Conflicts:     526000 | #Constraints:     138967
c bounds -7360 >= -12790 @ 2967.28
c #Conflicts:     527000 | #Constraints:     139968
c bounds -7362 >= -12790 @ 2985.17
c #Conflicts:     528000 | #Constraints:     140969
c bounds -7366 >= -12790 @ 3007.01
c #Conflicts:     529000 | #Constraints:     141970
c bounds -7370 >= -12790 @ 3013.55
c #Conflicts:     530000 | #Constraints:     142971
c #Conflicts:     531000 | #Constraints:     143971
c bounds -7376 >= -12790 @ 3039.88
c #Conflicts:     532000 | #Constraints:     144972
c #Conflicts:     533000 | #Constraints:     145972
c #Conflicts:     534000 | #Constraints:     146972
c #Conflicts:     535000 | #Constraints:     147972
c bounds -7384 >= -12790 @ 3134.73
c #Conflicts:     536000 | #Constraints:     148973
c bounds -7390 >= -12790 @ 3161.4
c #Conflicts:     537000 | #Constraints:     149974
c bounds -7392 >= -12790 @ 3169.08
c INPROCESSING
c GARBAGE COLLECT
c #Conflicts:     538000 | #Constraints:     113873
c #Conflicts:     539000 | #Constraints:     114873
c bounds -7396 >= -12790 @ 3195.92
c #Conflicts:     540000 | #Constraints:     115874
c #Conflicts:     541000 | #Constraints:     116874
c bounds -7402 >= -12790 @ 3212.49
c bounds -7410 >= -12790 @ 3217.62
c bounds -7418 >= -12790 @ 3220.19
c #Conflicts:     542000 | #Constraints:     117877
c bounds -7420 >= -12790 @ 3222.33
c bounds -7422 >= -12790 @ 3228.28
c #Conflicts:     543000 | #Constraints:     118879
c bounds -7438 >= -12790 @ 3229.59
c bounds -7440 >= -12790 @ 3229.79
c bounds -7442 >= -12790 @ 3229.99
c bounds -7444 >= -12790 @ 3233.28
c bounds -7448 >= -12790 @ 3239.6
c #Conflicts:     544000 | #Constraints:     119884
c bounds -7460 >= -12790 @ 3242.79
c bounds -7464 >= -12790 @ 3244.01
c bounds -7468 >= -12790 @ 3249.79
c bounds -7480 >= -12790 @ 3251.3
c #Conflicts:     545000 | #Constraints:     120888
c bounds -7482 >= -12790 @ 3258.84
c #Conflicts:     546000 | #Constraints:     121889
c #Conflicts:     547000 | #Constraints:     122889
c bounds -7486 >= -12790 @ 3291.34
c #Conflicts:     548000 | #Constraints:     123890
c bounds -7492 >= -12790 @ 3301.76
c bounds -7494 >= -12790 @ 3302.1
c #Conflicts:     549000 | #Constraints:     124892
c #Conflicts:     550000 | #Constraints:     125892
c bounds -7502 >= -12790 @ 3340.85
c bounds -7504 >= -12790 @ 3349.54
c #Conflicts:     551000 | #Constraints:     126894
c bounds -7508 >= -12790 @ 3365.17
c #Conflicts:     552000 | #Constraints:     127895
c #Conflicts:     553000 | #Constraints:     128895
c #Conflicts:     554000 | #Constraints:     129895
c #Conflicts:     555000 | #Constraints:     130895
c #Conflicts:     556000 | #Constraints:     131895
c #Conflicts:     557000 | #Constraints:     132895
c INPROCESSING
c GARBAGE COLLECT
c #Conflicts:     558000 | #Constraints:     104978
c bounds -7510 >= -12790 @ 3407.18
c bounds -7516 >= -12790 @ 3410.48
c #Conflicts:     559000 | #Constraints:     105980
c bounds -7534 >= -12790 @ 3412.89
c bounds -7536 >= -12790 @ 3413.02
c bounds -7540 >= -12790 @ 3414.83
c #Conflicts:     560000 | #Constraints:     106983
c bounds -7548 >= -12790 @ 3423.15
c #Conflicts:     561000 | #Constraints:     107984
c bounds -7556 >= -12790 @ 3436.56
c #Conflicts:     562000 | #Constraints:     108985
c bounds -7558 >= -12790 @ 3448.48
c #Conflicts:     563000 | #Constraints:     109986
c #Conflicts:     564000 | #Constraints:     110986
c bounds -7566 >= -12790 @ 3478.96
c #Conflicts:     565000 | #Constraints:     111987
c #Conflicts:     566000 | #Constraints:     112987
c #Conflicts:     567000 | #Constraints:     113987
c #Conflicts:     568000 | #Constraints:     114987
c #Conflicts:     569000 | #Constraints:     115987
c bounds -7572 >= -12790 @ 3566.48
c #Conflicts:     570000 | #Constraints:     116988
c #Conflicts:     571000 | #Constraints:     117988
c #Conflicts:     572000 | #Constraints:     118988
c #Conflicts:     573000 | #Constraints:     119988
c #Conflicts:     574000 | #Constraints:     120988
c #Conflicts:     575000 | #Constraints:     121988
c #Conflicts:     576000 | #Constraints:     122988
c #Conflicts:     577000 | #Constraints:     123988
c #Conflicts:     578000 | #Constraints:     124988
c INPROCESSING
c GARBAGE COLLECT
c bounds -7578 >= -12790 @ 3613.15
c #Conflicts:     579000 | #Constraints:     101383
c #Conflicts:     580000 | #Constraints:     102383
c bounds -7580 >= -12790 @ 3628.8
c #Conflicts:     581000 | #Constraints:     103384
c bounds -7582 >= -12790 @ 3635.41
c #Conflicts:     582000 | #Constraints:     104385
c #Conflicts:     583000 | #Constraints:     105385
c #Conflicts:     584000 | #Constraints:     106385
c #Conflicts:     585000 | #Constraints:     107385
c #Conflicts:     586000 | #Constraints:     108385
c #Conflicts:     587000 | #Constraints:     109385
c #Conflicts:     588000 | #Constraints:     110385
c #Conflicts:     589000 | #Constraints:     111385
c #Conflicts:     590000 | #Constraints:     112385
c #Conflicts:     591000 | #Constraints:     113385
c #Conflicts:     592000 | #Constraints:     114385
c #Conflicts:     593000 | #Constraints:     115385
c #Conflicts:     594000 | #Constraints:     116385
c #Conflicts:     595000 | #Constraints:     117385
c #Conflicts:     596000 | #Constraints:     118385
c #Conflicts:     597000 | #Constraints:     119385
c #Conflicts:     598000 | #Constraints:     120385
c #Conflicts:     599000 | #Constraints:     121385
c #Conflicts:     600000 | #Constraints:     122385
c #Conflicts:     601000 | #Constraints:     123385
c #Conflicts:     602000 | #Constraints:     124385
c #Conflicts:     603000 | #Constraints:     125385
c #Conflicts:     604000 | #Constraints:     126385
c #Conflicts:     605000 | #Constraints:     127385
c #Conflicts:     606000 | #Constraints:     128385
c #Conflicts:     607000 | #Constraints:     129385
c #Conflicts:     608000 | #Constraints:     130385
c #Conflicts:     609000 | #Constraints:     131385
c #Conflicts:     610000 | #Constraints:     132385
c #Conflicts:     611000 | #Constraints:     133385
c #Conflicts:     612000 | #Constraints:     134385
c #Conflicts:     613000 | #Constraints:     135385
c #Conflicts:     614000 | #Constraints:     136385
c bounds -7582 >= -12788 @ 3958.36
c bounds -7586 >= -12788 @ 3958.78
c bounds -7592 >= -12788 @ 3959.07
c bounds -7594 >= -12788 @ 3959.27
c #Conflicts:     615000 | #Constraints:     137481
c bounds -7602 >= -12788 @ 3964.61
c bounds -7606 >= -12788 @ 3965.31
c bounds -7610 >= -12788 @ 3970
c #Conflicts:     616000 | #Constraints:     138484
c bounds -7614 >= -12788 @ 3974.76
c bounds -7618 >= -12788 @ 3975.84
c #Conflicts:     617000 | #Constraints:     139486
c bounds -7626 >= -12788 @ 3983.96
c bounds -7634 >= -12788 @ 3984.92
c bounds -7636 >= -12788 @ 3987.54
c #Conflicts:     618000 | #Constraints:     140489
c #Conflicts:     619000 | #Constraints:     141489
c #Conflicts:     620000 | #Constraints:     142489
c bounds -7640 >= -12788 @ 4010.03
c #Conflicts:     621000 | #Constraints:     143490
c bounds -7642 >= -12788 @ 4017.97
c bounds -7644 >= -12788 @ 4021.73
c bounds -7652 >= -12788 @ 4031.15
c #Conflicts:     622000 | #Constraints:     144493
c #Conflicts:     623000 | #Constraints:     145493
c #Conflicts:     624000 | #Constraints:     146493
c #Conflicts:     625000 | #Constraints:     147493
c bounds -7672 >= -12788 @ 4093.09
c #Conflicts:     626000 | #Constraints:     148494
c bounds -7684 >= -12788 @ 4120.01
c bounds -7686 >= -12788 @ 4125.38
c #Conflicts:     627000 | #Constraints:     149496
c bounds -7688 >= -12788 @ 4146.71
c bounds -7690 >= -12788 @ 4147.32
c bounds -7694 >= -12788 @ 4148.71
c #Conflicts:     628000 | #Constraints:     150499
c #Conflicts:     629000 | #Constraints:     151499
c bounds -7700 >= -12788 @ 4172.94
c bounds -7706 >= -12788 @ 4192.85
c #Conflicts:     630000 | #Constraints:     152501
c INPROCESSING
c GARBAGE COLLECT
c bounds -7720 >= -12788 @ 4199.34
c bounds -7722 >= -12788 @ 4199.77
c #Conflicts:     631000 | #Constraints:     115502
c #Conflicts:     632000 | #Constraints:     116502
c bounds -7724 >= -12788 @ 4220.9
c bounds -7726 >= -12788 @ 4221.9
c #Conflicts:     633000 | #Constraints:     117504
c #Conflicts:     634000 | #Constraints:     118504
c bounds -7728 >= -12788 @ 4259.53
c #Conflicts:     635000 | #Constraints:     119505
c bounds -7740 >= -12788 @ 4286.54
c #Conflicts:     636000 | #Constraints:     120506
c bounds -7744 >= -12788 @ 4302.27
c #Conflicts:     637000 | #Constraints:     121507
c #Conflicts:     638000 | #Constraints:     122507
c bounds -7746 >= -12788 @ 4328
c bounds -7754 >= -12788 @ 4338.91
c #Conflicts:     639000 | #Constraints:     123509
c bounds -7762 >= -12788 @ 4346.22
c #Conflicts:     640000 | #Constraints:     124510
c bounds -7764 >= -12788 @ 4362.76
c #Conflicts:     641000 | #Constraints:     125511
c bounds -7766 >= -12788 @ 4382.46
c #Conflicts:     642000 | #Constraints:     126512
c bounds -7770 >= -12788 @ 4400.51
c bounds -7774 >= -12788 @ 4406.62
c #Conflicts:     643000 | #Constraints:     127514
c bounds -7780 >= -12788 @ 4410.8
c bounds -7784 >= -12788 @ 4420.32
c #Conflicts:     644000 | #Constraints:     128516
c bounds -7786 >= -12788 @ 4441.62
c #Conflicts:     645000 | #Constraints:     129517
c bounds -7806 >= -12788 @ 4453.15
c #Conflicts:     646000 | #Constraints:     130518
c bounds -7810 >= -12788 @ 4473
c bounds -7812 >= -12788 @ 4492.65
c #Conflicts:     647000 | #Constraints:     131520
c bounds -7814 >= -12788 @ 4511.32
c #Conflicts:     648000 | #Constraints:     132521
c #Conflicts:     649000 | #Constraints:     133521
c #Conflicts:     650000 | #Constraints:     134521
c bounds -7814 >= -12786 @ 4513.9
c #Conflicts:     651000 | #Constraints:     135524
c INPROCESSING
c GARBAGE COLLECT
c #Conflicts:     652000 | #Constraints:     106395
c #Conflicts:     653000 | #Constraints:     107395
c #Conflicts:     654000 | #Constraints:     108395
c #Conflicts:     655000 | #Constraints:     109395
c #Conflicts:     656000 | #Constraints:     110395
c #Conflicts:     657000 | #Constraints:     111395
c #Conflicts:     658000 | #Constraints:     112395
c #Conflicts:     659000 | #Constraints:     113395
c #Conflicts:     660000 | #Constraints:     114395
c #Conflicts:     661000 | #Constraints:     115395
c bounds -7814 >= -12784 @ 4522.58
c #Conflicts:     662000 | #Constraints:     116428
c bounds -7814 >= -12782 @ 4523.67
c #Conflicts:     663000 | #Constraints:     117452
c #Conflicts:     664000 | #Constraints:     118452
c bounds -7814 >= -12780 @ 4524.79
c #Conflicts:     665000 | #Constraints:     119473
c #Conflicts:     666000 | #Constraints:     120473
c bounds -7814 >= -12778 @ 4526.12
c #Conflicts:     667000 | #Constraints:     121503
c #Conflicts:     668000 | #Constraints:     122503
c bounds -7822 >= -12778 @ 4530.27
c #Conflicts:     669000 | #Constraints:     123504
c #Conflicts:     670000 | #Constraints:     124504
c #Conflicts:     671000 | #Constraints:     125504
c #Conflicts:     672000 | #Constraints:     126504
c #Conflicts:     673000 | #Constraints:     127504
c INPROCESSING
c GARBAGE COLLECT
c #Conflicts:     674000 | #Constraints:     105229
c bounds -7824 >= -12778 @ 4560.18
c bounds -7830 >= -12778 @ 4564.08
c bounds -7832 >= -12778 @ 4564.71
c #Conflicts:     675000 | #Constraints:     106232
c bounds -7834 >= -12778 @ 4565.58
c bounds -7838 >= -12778 @ 4568.08
c #Conflicts:     676000 | #Constraints:     107234
c #Conflicts:     677000 | #Constraints:     108234
c bounds -7848 >= -12778 @ 4587.94
c #Conflicts:     678000 | #Constraints:     109235
c #Conflicts:     679000 | #Constraints:     110235
c bounds -7850 >= -12778 @ 4622.78
c bounds -7898 >= -12778 @ 4623.85
c #Conflicts:     680000 | #Constraints:     111237
c #Conflicts:     681000 | #Constraints:     112237
c bounds -7900 >= -12778 @ 4642.07
c #Conflicts:     682000 | #Constraints:     113238
c bounds -7902 >= -12778 @ 4661.5
c #Conflicts:     683000 | #Constraints:     114239
c #Conflicts:     684000 | #Constraints:     115239
c #Conflicts:     685000 | #Constraints:     116239
c #Conflicts:     686000 | #Constraints:     117239
c #Conflicts:     687000 | #Constraints:     118239
c #Conflicts:     688000 | #Constraints:     119239
c #Conflicts:     689000 | #Constraints:     120239
c #Conflicts:     690000 | #Constraints:     121239
c #Conflicts:     691000 | #Constraints:     122239
c #Conflicts:     692000 | #Constraints:     123239
c #Conflicts:     693000 | #Constraints:     124239
c #Conflicts:     694000 | #Constraints:     125239
c #Conflicts:     695000 | #Constraints:     126239
c #Conflicts:     696000 | #Constraints:     127239
c #Conflicts:     697000 | #Constraints:     128239
c #Conflicts:     698000 | #Constraints:     129239
c #Conflicts:     699000 | #Constraints:     130239
c #Conflicts:     700000 | #Constraints:     131239
c #Conflicts:     701000 | #Constraints:     132239
c #Conflicts:     702000 | #Constraints:     133239
c #Conflicts:     703000 | #Constraints:     134239
c #Conflicts:     704000 | #Constraints:     135239
c #Conflicts:     705000 | #Constraints:     136239
c #Conflicts:     706000 | #Constraints:     137239
c #Conflicts:     707000 | #Constraints:     138239
c #Conflicts:     708000 | #Constraints:     139239
c #Conflicts:     709000 | #Constraints:     140239
c #Conflicts:     710000 | #Constraints:     141239
c #Conflicts:     711000 | #Constraints:     142239
c #Conflicts:     712000 | #Constraints:     143239
c #Conflicts:     713000 | #Constraints:     144239
c #Conflicts:     714000 | #Constraints:     145239
c #Conflicts:     715000 | #Constraints:     146239
c #Conflicts:     716000 | #Constraints:     147239
c #Conflicts:     717000 | #Constraints:     148239
c #Conflicts:     718000 | #Constraints:     149239
c #Conflicts:     719000 | #Constraints:     150239
c #Conflicts:     720000 | #Constraints:     151239
c #Conflicts:     721000 | #Constraints:     152239
c #Conflicts:     722000 | #Constraints:     153239
c #Conflicts:     723000 | #Constraints:     154239
c #Conflicts:     724000 | #Constraints:     155239
c #Conflicts:     725000 | #Constraints:     156239
c #Conflicts:     726000 | #Constraints:     157239
c #Conflicts:     727000 | #Constraints:     158239
c #Conflicts:     728000 | #Constraints:     159239
c #Conflicts:     729000 | #Constraints:     160239
c INPROCESSING
c GARBAGE COLLECT
c bounds -7908 >= -12778 @ 5123.93
c bounds -7932 >= -12778 @ 5124.62
c bounds -7934 >= -12778 @ 5125.47
c #Conflicts:     730000 | #Constraints:     118712
c bounds -7936 >= -12778 @ 5127.81
c #Conflicts:     731000 | #Constraints:     119713
c bounds -7938 >= -12778 @ 5133.4
c bounds -7942 >= -12778 @ 5133.67
c bounds -7946 >= -12778 @ 5133.99
c #Conflicts:     732000 | #Constraints:     120716
c bounds -7948 >= -12778 @ 5147.55
c #Conflicts:     733000 | #Constraints:     121717
c bounds -7956 >= -12778 @ 5153.7
c bounds -7966 >= -12778 @ 5157.62
c #Conflicts:     734000 | #Constraints:     122719
c bounds -7968 >= -12778 @ 5161.08
c bounds -7970 >= -12778 @ 5161.44
c bounds -7972 >= -12778 @ 5161.62
c #Conflicts:     735000 | #Constraints:     123722
c bounds -7974 >= -12778 @ 5172.54
c bounds -7976 >= -12778 @ 5173.13
c bounds -7986 >= -12778 @ 5182.37
c #Conflicts:     736000 | #Constraints:     124725
c bounds -7988 >= -12778 @ 5189.54
c #Conflicts:     737000 | #Constraints:     125726
c bounds -8004 >= -12778 @ 5200.03
c bounds -8014 >= -12778 @ 5200.92
c #Conflicts:     738000 | #Constraints:     126728
c #Conflicts:     739000 | #Constraints:     127728
c #Conflicts:     740000 | #Constraints:     128728
c bounds -8024 >= -12778 @ 5246.83
c #Conflicts:     741000 | #Constraints:     129729
c #Conflicts:     742000 | #Constraints:     130729
c bounds -8026 >= -12778 @ 5275.54
c bounds -8030 >= -12778 @ 5284.16
c #Conflicts:     743000 | #Constraints:     131731
c #Conflicts:     744000 | #Constraints:     132731
c #Conflicts:     745000 | #Constraints:     133731
c #Conflicts:     746000 | #Constraints:     134731
c #Conflicts:     747000 | #Constraints:     135731
c #Conflicts:     748000 | #Constraints:     136731
c bounds -8040 >= -12778 @ 5384.44
c #Conflicts:     749000 | #Constraints:     137732
c #Conflicts:     750000 | #Constraints:     138732
c bounds -8042 >= -12778 @ 5405.86
c #Conflicts:     751000 | #Constraints:     139733
c #Conflicts:     752000 | #Constraints:     140733
c bounds -8046 >= -12778 @ 5455.89
c INPROCESSING
c GARBAGE COLLECT
c #Conflicts:     753000 | #Constraints:     109281
c bounds -8050 >= -12778 @ 5491.02
c #Conflicts:     754000 | #Constraints:     110282
c bounds -8056 >= -12778 @ 5495.32
c #Conflicts:     755000 | #Constraints:     111283
c bounds -8058 >= -12778 @ 5505.09
c #Conflicts:     756000 | #Constraints:     112284
c #Conflicts:     757000 | #Constraints:     113284
c bounds -8062 >= -12778 @ 5544.51
c #Conflicts:     758000 | #Constraints:     114285
c #Conflicts:     759000 | #Constraints:     115285
c bounds -8066 >= -12778 @ 5556.71
c bounds -8074 >= -12778 @ 5571.7
c #Conflicts:     760000 | #Constraints:     116287
c #Conflicts:     761000 | #Constraints:     117287
c #Conflicts:     762000 | #Constraints:     118287
c #Conflicts:     763000 | #Constraints:     119287
c #Conflicts:     764000 | #Constraints:     120287
c #Conflicts:     765000 | #Constraints:     121287
c bounds -8084 >= -12778 @ 5663.68
c #Conflicts:     766000 | #Constraints:     122288
c bounds -8090 >= -12778 @ 5684.41
c #Conflicts:     767000 | #Constraints:     123289
c #Conflicts:     768000 | #Constraints:     124289
c #Conflicts:     769000 | #Constraints:     125289
c bounds -8092 >= -12778 @ 5737.13
c bounds -8096 >= -12778 @ 5745.39
c #Conflicts:     770000 | #Constraints:     126291
c #Conflicts:     771000 | #Constraints:     127291
c #Conflicts:     772000 | #Constraints:     128291
c #Conflicts:     773000 | #Constraints:     129291
c #Conflicts:     774000 | #Constraints:     130291
c #Conflicts:     775000 | #Constraints:     131291
c #Conflicts:     776000 | #Constraints:     132291
c #Conflicts:     777000 | #Constraints:     133291
c bounds -8098 >= -12778 @ 5939.73
c #Conflicts:     778000 | #Constraints:     134292
c #Conflicts:     779000 | #Constraints:     135292
c #Conflicts:     780000 | #Constraints:     136292
c #Conflicts:     781000 | #Constraints:     137292
c #Conflicts:     782000 | #Constraints:     138292
c #Conflicts:     783000 | #Constraints:     139292
c #Conflicts:     784000 | #Constraints:     140292
c #Conflicts:     785000 | #Constraints:     141292
c #Conflicts:     786000 | #Constraints:     142292
c #Conflicts:     787000 | #Constraints:     143292
c #Conflicts:     788000 | #Constraints:     144292
c #Conflicts:     789000 | #Constraints:     145292
c #Conflicts:     790000 | #Constraints:     146292
c #Conflicts:     791000 | #Constraints:     147292
c #Conflicts:     792000 | #Constraints:     148292
c #Conflicts:     793000 | #Constraints:     149292
c #Conflicts:     794000 | #Constraints:     150292
c #Conflicts:     795000 | #Constraints:     151292
c #Conflicts:     796000 | #Constraints:     152292
c #Conflicts:     797000 | #Constraints:     153292
c #Conflicts:     798000 | #Constraints:     154292
c #Conflicts:     799000 | #Constraints:     155292
c #Conflicts:     800000 | #Constraints:     156292
c #Conflicts:     801000 | #Constraints:     157292
c #Conflicts:     802000 | #Constraints:     158292
c #Conflicts:     803000 | #Constraints:     159292
c #Conflicts:     804000 | #Constraints:     160292
c #Conflicts:     805000 | #Constraints:     161292
c #Conflicts:     806000 | #Constraints:     162292
c #Conflicts:     807000 | #Constraints:     163292
c #Conflicts:     808000 | #Constraints:     164292
c #Conflicts:     809000 | #Constraints:     165292
c #Conflicts:     810000 | #Constraints:     166292
c #Conflicts:     811000 | #Constraints:     167292
c #Conflicts:     812000 | #Constraints:     168292
c INPROCESSING
c GARBAGE COLLECT
c bounds -8100 >= -12778 @ 6494.65
c #Conflicts:     813000 | #Constraints:     123060
c bounds -8104 >= -12778 @ 6498.49
c #Conflicts:     814000 | #Constraints:     124061
c #Conflicts:     815000 | #Constraints:     125061
c #Conflicts:     816000 | #Constraints:     126061
c bounds -8106 >= -12778 @ 6575.94
c bounds -8110 >= -12778 @ 6576.49
c #Conflicts:     817000 | #Constraints:     127063
c bounds -8126 >= -12778 @ 6593
c bounds -8130 >= -12778 @ 6601.09
c #Conflicts:     818000 | #Constraints:     128065
c bounds -8138 >= -12778 @ 6605.96
c bounds -8140 >= -12778 @ 6606.98
c bounds -8142 >= -12778 @ 6607.57
c #Conflicts:     819000 | #Constraints:     129068
c bounds -8144 >= -12778 @ 6620.84
c #Conflicts:     820000 | #Constraints:     130069
c bounds -8146 >= -12778 @ 6643.07
c #Conflicts:     821000 | #Constraints:     131070
c #Conflicts:     822000 | #Constraints:     132070
c #Conflicts:     823000 | #Constraints:     133070
c bounds -8148 >= -12778 @ 6701.73
c #Conflicts:     824000 | #Constraints:     134071
c #Conflicts:     825000 | #Constraints:     135071
c #Conflicts:     826000 | #Constraints:     136071
c #Conflicts:     827000 | #Constraints:     137071
c bounds -8150 >= -12778 @ 6779.69
c #Conflicts:     828000 | #Constraints:     138072
c #Conflicts:     829000 | #Constraints:     139072
c bounds -8154 >= -12778 @ 6814.94
c #Conflicts:     830000 | #Constraints:     140073
c bounds -8158 >= -12778 @ 6826.92
c #Conflicts:     831000 | #Constraints:     141074
c #Conflicts:     832000 | #Constraints:     142074
c bounds -8162 >= -12778 @ 6872.92
c bounds -8170 >= -12778 @ 6874.29
c #Conflicts:     833000 | #Constraints:     143076
c bounds -8176 >= -12778 @ 6896.76
c #Conflicts:     834000 | #Constraints:     144077
c #Conflicts:     835000 | #Constraints:     145077
c bounds -8184 >= -12778 @ 6936.1
c #Conflicts:     836000 | #Constraints:     146078
c INPROCESSING
c GARBAGE COLLECT
c #Conflicts:     837000 | #Constraints:     112241
c #Conflicts:     838000 | #Constraints:     113241
c #Conflicts:     839000 | #Constraints:     114241
c #Conflicts:     840000 | #Constraints:     115241
c bounds -8186 >= -12778 @ 6993.93
c bounds -8188 >= -12778 @ 6994.19
c #Conflicts:     841000 | #Constraints:     116243
c bounds -8196 >= -12778 @ 6998.64
c #Conflicts:     842000 | #Constraints:     117244
c bounds -8200 >= -12778 @ 7012.12
c bounds -8204 >= -12778 @ 7016.11
c #Conflicts:     843000 | #Constraints:     118246
c #Conflicts:     844000 | #Constraints:     119246
c bounds -8206 >= -12778 @ 7037.47
c bounds -8208 >= -12778 @ 7046.09
c #Conflicts:     845000 | #Constraints:     120248
c #Conflicts:     846000 | #Constraints:     121248
c #Conflicts:     847000 | #Constraints:     122248
c #Conflicts:     848000 | #Constraints:     123248
c #Conflicts:     849000 | #Constraints:     124248
c #Conflicts:     850000 | #Constraints:     125248
c bounds -8212 >= -12778 @ 7138.56
c #Conflicts:     851000 | #Constraints:     126249
c #Conflicts:     852000 | #Constraints:     127249
c #Conflicts:     853000 | #Constraints:     128249
c #Conflicts:     854000 | #Constraints:     129249
c #Conflicts:     855000 | #Constraints:     130249
c #Conflicts:     856000 | #Constraints:     131249
c #Conflicts:     857000 | #Constraints:     132249
c #Conflicts:     858000 | #Constraints:     133249
c #Conflicts:     859000 | #Constraints:     134249
c #Conflicts:     860000 | #Constraints:     135249
c #Conflicts:     861000 | #Constraints:     136249
c INPROCESSING
c GARBAGE COLLECT
c bounds -8220 >= -12778 @ 7235.55
c #Conflicts:     862000 | #Constraints:     110474
c bounds -8222 >= -12778 @ 7245.52
c #Conflicts:     863000 | #Constraints:     111475
c #Conflicts:     864000 | #Constraints:     112475
c #Conflicts:     865000 | #Constraints:     113475
c bounds -8230 >= -12778 @ 7281.92
c #Conflicts:     866000 | #Constraints:     114476
c bounds -8236 >= -12778 @ 7292.81
c #Conflicts:     867000 | #Constraints:     115477
c #Conflicts:     868000 | #Constraints:     116477
c #Conflicts:     869000 | #Constraints:     117477
c #Conflicts:     870000 | #Constraints:     118477
c bounds -8238 >= -12778 @ 7364.23
c bounds -8242 >= -12778 @ 7371.16
c #Conflicts:     871000 | #Constraints:     119479
c bounds -8252 >= -12778 @ 7382.61
c #Conflicts:     872000 | #Constraints:     120480
c #Conflicts:     873000 | #Constraints:     121480
c #Conflicts:     874000 | #Constraints:     122480
c #Conflicts:     875000 | #Constraints:     123480
c bounds -8254 >= -12778 @ 7463.24
c #Conflicts:     876000 | #Constraints:     124481
c #Conflicts:     877000 | #Constraints:     125481
c #Conflicts:     878000 | #Constraints:     126481
c #Conflicts:     879000 | #Constraints:     127481
c #Conflicts:     880000 | #Constraints:     128481
c #Conflicts:     881000 | #Constraints:     129481
c #Conflicts:     882000 | #Constraints:     130481
c #Conflicts:     883000 | #Constraints:     131481
c #Conflicts:     884000 | #Constraints:     132481
c #Conflicts:     885000 | #Constraints:     133481
c #Conflicts:     886000 | #Constraints:     134481
c #Conflicts:     887000 | #Constraints:     135481
c #Conflicts:     888000 | #Constraints:     136481
c #Conflicts:     889000 | #Constraints:     137481
c #Conflicts:     890000 | #Constraints:     138481
c #Conflicts:     891000 | #Constraints:     139481
c #Conflicts:     892000 | #Constraints:     140481
c #Conflicts:     893000 | #Constraints:     141481
c #Conflicts:     894000 | #Constraints:     142481
c #Conflicts:     895000 | #Constraints:     143481
c #Conflicts:     896000 | #Constraints:     144481
c #Conflicts:     897000 | #Constraints:     145481
c #Conflicts:     898000 | #Constraints:     146481
c #Conflicts:     899000 | #Constraints:     147481
c #Conflicts:     900000 | #Constraints:     148481
c #Conflicts:     901000 | #Constraints:     149481
c #Conflicts:     902000 | #Constraints:     150481
c #Conflicts:     903000 | #Constraints:     151481
c #Conflicts:     904000 | #Constraints:     152481
c #Conflicts:     905000 | #Constraints:     153481
c #Conflicts:     906000 | #Constraints:     154481
c #Conflicts:     907000 | #Constraints:     155481
c #Conflicts:     908000 | #Constraints:     156481
c #Conflicts:     909000 | #Constraints:     157481
c #Conflicts:     910000 | #Constraints:     158481
c #Conflicts:     911000 | #Constraints:     159481
c #Conflicts:     912000 | #Constraints:     160481
c #Conflicts:     913000 | #Constraints:     161481
c #Conflicts:     914000 | #Constraints:     162481
c #Conflicts:     915000 | #Constraints:     163481
c bounds -8254 >= -12776 @ 8120.02
c #Conflicts:     916000 | #Constraints:     164577
c #Conflicts:     917000 | #Constraints:     165577
c #Conflicts:     918000 | #Constraints:     166577
c #Conflicts:     919000 | #Constraints:     167577
c #Conflicts:     920000 | #Constraints:     168577
c #Conflicts:     921000 | #Constraints:     169577
c #Conflicts:     922000 | #Constraints:     170577
c #Conflicts:     923000 | #Constraints:     171577
c bounds -8256 >= -12776 @ 8366.67
c bounds -8258 >= -12776 @ 8367.97
c #Conflicts:     924000 | #Constraints:     172579
c INPROCESSING
c GARBAGE COLLECT
c #Conflicts:     925000 | #Constraints:     125303
c bounds -8266 >= -12776 @ 8403.21
c #Conflicts:     926000 | #Constraints:     126304
c bounds -8268 >= -12776 @ 8419.05
c #Conflicts:     927000 | #Constraints:     127305
c #Conflicts:     928000 | #Constraints:     128305
c #Conflicts:     929000 | #Constraints:     129305
c #Conflicts:     930000 | #Constraints:     130305
c bounds -8272 >= -12776 @ 8455.45
c #Conflicts:     931000 | #Constraints:     131306
c bounds -8274 >= -12776 @ 8467.62
c bounds -8280 >= -12776 @ 8473.86
c #Conflicts:     932000 | #Constraints:     132308
c bounds -8282 >= -12776 @ 8475.45
c bounds -8286 >= -12776 @ 8476.91
c #Conflicts:     933000 | #Constraints:     133310
c #Conflicts:     934000 | #Constraints:     134310
c #Conflicts:     935000 | #Constraints:     135310
c #Conflicts:     936000 | #Constraints:     136310
c #Conflicts:     937000 | #Constraints:     137310
c #Conflicts:     938000 | #Constraints:     138310
c #Conflicts:     939000 | #Constraints:     139310
c #Conflicts:     940000 | #Constraints:     140310
c bounds -8290 >= -12776 @ 8631.49
c #Conflicts:     941000 | #Constraints:     141311
c bounds -8292 >= -12776 @ 8640.36
c #Conflicts:     942000 | #Constraints:     142312
c #Conflicts:     943000 | #Constraints:     143312
c bounds -8324 >= -12776 @ 8680.33
c #Conflicts:     944000 | #Constraints:     144313
c bounds -8332 >= -12776 @ 8695.96
c #Conflicts:     945000 | #Constraints:     145314
c #Conflicts:     946000 | #Constraints:     146314
c bounds -8334 >= -12776 @ 8730.96
c bounds -8336 >= -12776 @ 8734.05
c #Conflicts:     947000 | #Constraints:     147316
c bounds -8338 >= -12776 @ 8758.28
c #Conflicts:     948000 | #Constraints:     148317
c bounds -8344 >= -12776 @ 8777.92
c #Conflicts:     949000 | #Constraints:     149318
c bounds -8348 >= -12776 @ 8797.33
c #Conflicts:     950000 | #Constraints:     150319
c INPROCESSING
c GARBAGE COLLECT
c #Conflicts:     951000 | #Constraints:     114476
c #Conflicts:     952000 | #Constraints:     115476
c #Conflicts:     953000 | #Constraints:     116476
c #Conflicts:     954000 | #Constraints:     117476
c #Conflicts:     955000 | #Constraints:     118476
c #Conflicts:     956000 | #Constraints:     119476
c #Conflicts:     957000 | #Constraints:     120476
c #Conflicts:     958000 | #Constraints:     121476
c #Conflicts:     959000 | #Constraints:     122476
c #Conflicts:     960000 | #Constraints:     123476
c #Conflicts:     961000 | #Constraints:     124476
c #Conflicts:     962000 | #Constraints:     125476
c #Conflicts:     963000 | #Constraints:     126476
c #Conflicts:     964000 | #Constraints:     127476
c #Conflicts:     965000 | #Constraints:     128476
c #Conflicts:     966000 | #Constraints:     129476
c #Conflicts:     967000 | #Constraints:     130476
c #Conflicts:     968000 | #Constraints:     131476
c #Conflicts:     969000 | #Constraints:     132476
c #Conflicts:     970000 | #Constraints:     133476
c #Conflicts:     971000 | #Constraints:     134476
c #Conflicts:     972000 | #Constraints:     135476
c #Conflicts:     973000 | #Constraints:     136476
c #Conflicts:     974000 | #Constraints:     137476
c #Conflicts:     975000 | #Constraints:     138476
c #Conflicts:     976000 | #Constraints:     139476
c INPROCESSING
c GARBAGE COLLECT
c bounds -8350 >= -12776 @ 9085.19
c #Conflicts:     977000 | #Constraints:     111657
c #Conflicts:     978000 | #Constraints:     112657
c #Conflicts:     979000 | #Constraints:     113657
c #Conflicts:     980000 | #Constraints:     114657
c bounds -8354 >= -12776 @ 9127.67
c #Conflicts:     981000 | #Constraints:     115658
c #Conflicts:     982000 | #Constraints:     116658
c bounds -8382 >= -12776 @ 9146.26
c bounds -8384 >= -12776 @ 9149.61
c #Conflicts:     983000 | #Constraints:     117660
c bounds -8386 >= -12776 @ 9158.71
c #Conflicts:     984000 | #Constraints:     118661
c bounds -8394 >= -12776 @ 9175.69
c #Conflicts:     985000 | #Constraints:     119662
c bounds -8404 >= -12776 @ 9181.32
c bounds -8408 >= -12776 @ 9185.03
c #Conflicts:     986000 | #Constraints:     120664
c bounds -8416 >= -12776 @ 9200.67
c #Conflicts:     987000 | #Constraints:     121665
c bounds -8418 >= -12776 @ 9209.78
c #Conflicts:     988000 | #Constraints:     122666
c bounds -8424 >= -12776 @ 9227.64
c #Conflicts:     98900