c RoundingSat 2
c branch 
c commit 
c #variables 1050 #constraints 1736
c bounds - >= -450 @ 0.005459
c bounds 0 >= -450 @ 0.006283
c Inconsistent input constraint
c cpu time 0.007727 s
c deterministic time 26058 2.61e+04
c optimization time 0.000235 s
c total solve time 0.002086 s
c core-guided solve time 0.001357 s
c propagation time 0.002042 s
c conflict analysis time 3.8e-05 s
c propagations 2406
c resolve steps 124
c decisions 1590
c conflicts 31
c restarts 1
c inprocessing phases 0
c input clauses 1586
c input cardinalities 150
c input general constraints 1
c input average constraint length 3.93
c input average constraint degree 1.47
c learned clauses 27
c learned cardinalities 4
c learned general constraints 0
c learned average constraint length 7.94
c learned average constraint degree 1.90
c watched constraints 0
c counting constraints 1
c gcd simplifications 2
c detected cardinalities 1
c weakened non-implied lits 35
c weakened non-implying lits 0
c original variables 1050
c clausal propagations 1629
c cardinality propagations 730
c watched propagations 0
c counting propagations 0
c watch lookups 5059
c watch backjump lookups 0
c watch checks 7547
c propagation checks 4785
c constraint additions 647
c trail pops 4023
c formula constraints 1736
c learned constraints 31
c bound constraints 1
