c RoundingSat 2
c branch 
c commit 
c #variables 7000 #constraints 24496
c bounds - >= -3000 @ 0.072907
c bounds 0 >= -3000 @ 0.07662
c bounds 0 >= -2998 @ 0.082072
c bounds 0 >= -2996 @ 0.084283
c bounds 0 >= -2994 @ 0.086748
c bounds -8 >= -2994 @ 0.090469
c bounds -8 >= -2992 @ 0.094439
c bounds -16 >= -2992 @ 0.09789
c bounds -16 >= -2990 @ 0.101576
c bounds -24 >= -2990 @ 0.104715
c bounds -24 >= -2988 @ 0.10955
c bounds -32 >= -2988 @ 0.112614
c bounds -40 >= -2988 @ 0.116815
c bounds -40 >= -2986 @ 0.120172
c bounds -48 >= -2986 @ 0.123417
c bounds -48 >= -2984 @ 0.128828
c bounds -56 >= -2984 @ 0.133322
c bounds -56 >= -2982 @ 0.148088
c bounds -64 >= -2982 @ 0.150809
c bounds -72 >= -2982 @ 0.152292
c bounds -80 >= -2982 @ 0.154285
c bounds -88 >= -2982 @ 0.157318
c #Conflicts:       1000 | #Constraints:      25579
c bounds -88 >= -2980 @ 0.181142
c bounds -96 >= -2980 @ 0.185263
c bounds -100 >= -2980 @ 0.190025
c bounds -108 >= -2980 @ 0.192112
c bounds -116 >= -2980 @ 0.195102
c bounds -124 >= -2980 @ 0.19881
c bounds -132 >= -2980 @ 0.20307
c bounds -140 >= -2980 @ 0.205329
c bounds -148 >= -2980 @ 0.209072
c bounds -164 >= -2980 @ 0.213204
c bounds -172 >= -2980 @ 0.216686
c bounds -180 >= -2980 @ 0.22022
c bounds -188 >= -2980 @ 0.222557
c bounds -188 >= -2978 @ 0.225997
c bounds -196 >= -2978 @ 0.228986
c bounds -196 >= -2976 @ 0.236962
c bounds -204 >= -2976 @ 0.241476
c bounds -204 >= -2974 @ 0.25604
c bounds -212 >= -2974 @ 0.258373
c bounds -220 >= -2974 @ 0.262723
c bounds -228 >= -2974 @ 0.29314
c bounds -228 >= -2972 @ 0.295755
c bounds -228 >= -2970 @ 0.300211
c bounds -228 >= -2968 @ 0.310097
c #Conflicts:       2000 | #Constraints:      26644
c INPROCESSING
c GARBAGE COLLECT
c bounds -236 >= -2968 @ 0.331962
c bounds -244 >= -2968 @ 0.335877
c bounds -244 >= -2966 @ 0.347967
c bounds -252 >= -2966 @ 0.35154
c bounds -260 >= -2966 @ 0.352575
c bounds -268 >= -2966 @ 0.356671
c bounds -276 >= -2966 @ 0.39916
c bounds -276 >= -2964 @ 0.403616
c bounds -276 >= -2962 @ 0.407611
c bounds -276 >= -2960 @ 0.415467
c #Conflicts:       3000 | #Constraints:      26630
c bounds -276 >= -2958 @ 0.436773
c #Conflicts:       4000 | #Constraints:      27642
c bounds -276 >= -2956 @ 0.502739
c bounds -284 >= -2956 @ 0.507388
c bounds -288 >= -2956 @ 0.526082
c bounds -296 >= -2956 @ 0.536921
c bounds -300 >= -2956 @ 0.542533
c bounds -308 >= -2956 @ 0.549878
c INPROCESSING
c GARBAGE COLLECT
c bounds -308 >= -2954 @ 0.598708
c bounds -316 >= -2954 @ 0.605199
c bounds -316 >= -2952 @ 0.608952
c bounds -316 >= -2950 @ 0.62403
c bounds -324 >= -2950 @ 0.629905
c bounds -332 >= -2950 @ 0.635957
c bounds -340 >= -2950 @ 0.641308
c #Conflicts:       5000 | #Constraints:      27072
c bounds -340 >= -2948 @ 0.673989
c bounds -348 >= -2948 @ 0.682722
c bounds -352 >= -2948 @ 0.691164
c bounds -356 >= -2948 @ 0.70102
c bounds -360 >= -2948 @ 0.706683
c bounds -368 >= -2948 @ 0.711506
c bounds -392 >= -2948 @ 0.724176
c bounds -392 >= -2946 @ 0.735005
c bounds -400 >= -2946 @ 0.740073
c bounds -400 >= -2944 @ 0.754277
c bounds -404 >= -2944 @ 0.757673
c bounds -412 >= -2944 @ 0.761473
c bounds -420 >= -2944 @ 0.764691
c bounds -420 >= -2942 @ 0.781699
c bounds -428 >= -2942 @ 0.786477
c bounds -436 >= -2942 @ 0.799789
c #Conflicts:       6000 | #Constraints:      28129
c bounds -442 >= -2942 @ 0.875168
c bounds -442 >= -2940 @ 0.881243
c bounds -442 >= -2938 @ 0.883786
c bounds -442 >= -2936 @ 0.89218
c INPROCESSING
c GARBAGE COLLECT
c bounds -442 >= -2934 @ 0.92303
c #Conflicts:       7000 | #Constraints:      27129
c bounds -442 >= -2932 @ 0.968566
c bounds -448 >= -2932 @ 0.982402
c bounds -454 >= -2932 @ 1.01719
c bounds -454 >= -2930 @ 1.02232
c bounds -454 >= -2928 @ 1.03071
c #Conflicts:       8000 | #Constraints:      28149
c bounds -454 >= -2926 @ 1.04326
c bounds -454 >= -2924 @ 1.07336
c bounds -462 >= -2924 @ 1.13869
c #Conflicts:       9000 | #Constraints:      29171
c bounds -462 >= -2922 @ 1.15982
c INPROCESSING
c GARBAGE COLLECT
c #Conflicts:      10000 | #Constraints:      27863
c bounds -462 >= -2920 @ 1.23029
c bounds -466 >= -2920 @ 1.29154
c bounds -474 >= -2920 @ 1.31649
c bounds -474 >= -2918 @ 1.32631
c bounds -474 >= -2916 @ 1.33655
c bounds -474 >= -2914 @ 1.34048
c bounds -474 >= -2912 @ 1.34577
c bounds -474 >= -2910 @ 1.3519
c bounds -474 >= -2908 @ 1.36537
c bounds -598 >= -2908 @ 1.38341
c bounds -598 >= -2906 @ 1.3916
c bounds -598 >= -2904 @ 1.39671
c #Conflicts:      11000 | #Constraints:      28920
c bounds -598 >= -2902 @ 1.41224
c bounds -598 >= -2900 @ 1.44515
c bounds -602 >= -2900 @ 1.70085
c bounds -602 >= -2898 @ 1.70626
c #Conflicts:      12000 | #Constraints:      29942
c INPROCESSING
c GARBAGE COLLECT
c bounds -602 >= -2896 @ 1.72996
c bounds -602 >= -2894 @ 1.73703
c bounds -602 >= -2892 @ 1.74513
c bounds -602 >= -2890 @ 1.75409
c bounds -602 >= -2888 @ 1.76098
c bounds -602 >= -2886 @ 1.78172
c bounds -602 >= -2884 @ 1.80542
c #Conflicts:      13000 | #Constraints:      28405
c bounds -602 >= -2882 @ 1.89203
c #Conflicts:      14000 | #Constraints:      29420
c bounds -606 >= -2882 @ 1.98314
c bounds -606 >= -2880 @ 2.00779
c #Conflicts:      15000 | #Constraints:      30427
c INPROCESSING
c GARBAGE COLLECT
c bounds -610 >= -2880 @ 2.18126
c bounds -610 >= -2878 @ 2.18565
c bounds -610 >= -2876 @ 2.19138
c bounds -610 >= -2874 @ 2.19977
c bounds -610 >= -2872 @ 2.20355
c bounds -610 >= -2870 @ 2.20737
c bounds -610 >= -2868 @ 2.21888
c bounds -610 >= -2866 @ 2.22332
c bounds -610 >= -2864 @ 2.22885
c bounds -610 >= -2862 @ 2.23866
c #Conflicts:      16000 | #Constraints:      28561
c bounds -610 >= -2860 @ 2.24802
c bounds -610 >= -2858 @ 2.26336
c bounds -610 >= -2856 @ 2.27208
c bounds -610 >= -2854 @ 2.28532
c bounds -610 >= -2852 @ 2.29447
c bounds -610 >= -2850 @ 2.30511
c #Conflicts:      17000 | #Constraints:      29597
c bounds -610 >= -2848 @ 2.32179
c bounds -616 >= -2848 @ 2.3384
c bounds -616 >= -2846 @ 2.3593
c bounds -618 >= -2846 @ 2.36888
c bounds -624 >= -2846 @ 2.37597
c bounds -630 >= -2846 @ 2.38625
c #Conflicts:      18000 | #Constraints:      30616
c bounds -630 >= -2844 @ 2.49303
c bounds -632 >= -2844 @ 2.50431
c bounds -640 >= -2844 @ 2.56234
c bounds -646 >= -2844 @ 2.59052
c INPROCESSING
c GARBAGE COLLECT
c bounds -650 >= -2844 @ 2.66774
c bounds -650 >= -2842 @ 2.67281
c bounds -650 >= -2840 @ 2.6777
c bounds -650 >= -2838 @ 2.69407
c bounds -656 >= -2838 @ 2.76829
c bounds -656 >= -2836 @ 2.77745
c bounds -656 >= -2834 @ 2.7793
c #Conflicts:      19000 | #Constraints:      28704
c bounds -656 >= -2832 @ 2.78892
c bounds -656 >= -2830 @ 2.81107
c #Conflicts:      20000 | #Constraints:      29722
c bounds -656 >= -2828 @ 2.87407
c bounds -658 >= -2828 @ 2.89912
c bounds -664 >= -2828 @ 3.01153
c #Conflicts:      21000 | #Constraints:      30739
c bounds -664 >= -2826 @ 3.12949
c bounds -672 >= -2826 @ 3.16569
c #Conflicts:      22000 | #Constraints:      31752
c bounds -680 >= -2826 @ 3.43211
c bounds -680 >= -2824 @ 3.4398
c bounds -680 >= -2822 @ 3.44972
c bounds -680 >= -2820 @ 3.46421
c bounds -680 >= -2818 @ 3.47212
c bounds -680 >= -2816 @ 3.49145
c bounds -680 >= -2814 @ 3.49831
c #Conflicts:      23000 | #Constraints:      32792
c bounds -680 >= -2812 @ 3.52294
c bounds -680 >= -2810 @ 3.57976
c bounds -680 >= -2808 @ 3.63131
c bounds -764 >= -2808 @ 3.70021
c bounds -764 >= -2806 @ 3.70734
c #Conflicts:      24000 | #Constraints:      33820
c bounds -764 >= -2804 @ 3.71255
c bounds -764 >= -2802 @ 3.71796
c bounds -764 >= -2800 @ 3.73667
c bounds -764 >= -2798 @ 3.7725
c #Conflicts:      25000 | #Constraints:      34850
c bounds -764 >= -2796 @ 3.78185
c bounds -764 >= -2794 @ 3.79104
c bounds -764 >= -2792 @ 3.79723
c bounds -764 >= -2790 @ 3.80644
c bounds -764 >= -2788 @ 3.81501
c bounds -764 >= -2786 @ 3.8212
c bounds -764 >= -2784 @ 3.83213
c bounds -770 >= -2784 @ 3.89145
c bounds -770 >= -2782 @ 3.90144
c #Conflicts:      26000 | #Constraints:      35897
c bounds -770 >= -2780 @ 3.92809
c bounds -774 >= -2780 @ 3.94593
c bounds -774 >= -2778 @ 3.95201
c bounds -774 >= -2776 @ 3.96053
c bounds -774 >= -2774 @ 3.992
c bounds -780 >= -2774 @ 4.0094
c bounds -784 >= -2774 @ 4.06707
c #Conflicts:      27000 | #Constraints:      36942
c bounds -784 >= -2772 @ 4.09419
c bounds -788 >= -2772 @ 4.11554
c bounds -788 >= -2770 @ 4.16925
c bounds -792 >= -2770 @ 4.1929
c bounds -798 >= -2770 @ 4.24567
c bounds -798 >= -2768 @ 4.27446
c bounds -802 >= -2768 @ 4.29353
c bounds -806 >= -2768 @ 4.31112
c bounds -806 >= -2766 @ 4.31299
c bounds -806 >= -2764 @ 4.31864
c #Conflicts:      28000 | #Constraints:      37998
c bounds -806 >= -2762 @ 4.33018
c bounds -806 >= -2760 @ 4.36075
c bounds -808 >= -2760 @ 4.37886
c INPROCESSING
c GARBAGE COLLECT
c bounds -814 >= -2760 @ 4.42154
c bounds -820 >= -2760 @ 4.54135
c bounds -820 >= -2758 @ 4.55292
c #Conflicts:      29000 | #Constraints:      32172
c bounds -820 >= -2756 @ 4.55845
c bounds -820 >= -2754 @ 4.56854
c bounds -820 >= -2752 @ 4.59648
c bounds -820 >= -2750 @ 4.60432
c #Conflicts:      30000 | #Constraints:      33202
c bounds -820 >= -2748 @ 4.61133
c bounds -820 >= -2746 @ 4.64734
c bounds -820 >= -2744 @ 4.65626
c bounds -822 >= -2744 @ 4.68004
c #Conflicts:      31000 | #Constraints:      34221
c bounds -822 >= -2742 @ 4.7055
c bounds -824 >= -2742 @ 4.7994
c bounds -824 >= -2740 @ 4.82188
c #Conflicts:      32000 | #Constraints:      35234
c bounds -824 >= -2738 @ 4.87813
c bounds -832 >= -2738 @ 4.88999
c bounds -832 >= -2736 @ 4.89747
c bounds -832 >= -2734 @ 4.90498
c bounds -836 >= -2734 @ 4.91277
c bounds -836 >= -2732 @ 4.91853
c bounds -836 >= -2730 @ 4.92399
c bounds -836 >= -2728 @ 4.93252
c bounds -842 >= -2728 @ 4.97527
c bounds -842 >= -2726 @ 5.00367
c bounds -846 >= -2726 @ 5.0141
c bounds -846 >= -2724 @ 5.02004
c bounds -850 >= -2724 @ 5.0393
c #Conflicts:      33000 | #Constraints:      36296
c bounds -850 >= -2722 @ 5.05367
c INPROCESSING
c GARBAGE COLLECT
c bounds -850 >= -2720 @ 5.11055
c #Conflicts:      34000 | #Constraints:      31632
c bounds -852 >= -2720 @ 5.14791
c bounds -856 >= -2720 @ 5.27871
c bounds -856 >= -2718 @ 5.28847
c bounds -856 >= -2716 @ 5.29216
c bounds -856 >= -2714 @ 5.30222
c #Conflicts:      35000 | #Constraints:      32655
c bounds -856 >= -2712 @ 5.35127
c bounds -856 >= -2710 @ 5.37789
c bounds -862 >= -2710 @ 5.53708
c bounds -862 >= -2708 @ 5.5525
c #Conflicts:      36000 | #Constraints:      33677
c bounds -862 >= -2706 @ 5.56224
c bounds -862 >= -2704 @ 5.61601
c #Conflicts:      37000 | #Constraints:      34692
c #Conflicts:      38000 | #Constraints:      35692
c INPROCESSING
c GARBAGE COLLECT
c bounds -866 >= -2704 @ 5.88668
c #Conflicts:      39000 | #Constraints:      31496
c #Conflicts:      40000 | #Constraints:      32496
c #Conflicts:      41000 | #Constraints:      33496
c bounds -866 >= -2702 @ 6.424
c bounds -868 >= -2702 @ 6.43081
c bounds -872 >= -2702 @ 6.43731
c bounds -874 >= -2702 @ 6.44442
c bounds -880 >= -2702 @ 6.48934
c bounds -884 >= -2702 @ 6.72216
c #Conflicts:      42000 | #Constraints:      34540
c bounds -892 >= -2702 @ 7.08027
c #Conflicts:      43000 | #Constraints:      35541
c #Conflicts:      44000 | #Constraints:      36541
c #Conflicts:      45000 | #Constraints:      37541
c #Conflicts:      46000 | #Constraints:      38541
c #Conflicts:      47000 | #Constraints:      39541
c #Conflicts:      48000 | #Constraints:      40541
c bounds -892 >= -2700 @ 9.04995
c bounds -896 >= -2700 @ 9.07292
c bounds -898 >= -2700 @ 9.23591
c bounds -900 >= -2700 @ 9.25705
c bounds -902 >= -2700 @ 9.46153
c bounds -910 >= -2700 @ 9.48696
c bounds -912 >= -2700 @ 9.54313
c bounds -920 >= -2700 @ 9.58078
c bounds -922 >= -2700 @ 9.63294
c bounds -926 >= -2700 @ 9.65139
c bounds -934 >= -2700 @ 9.67986
c bounds -942 >= -2700 @ 9.72175
c bounds -950 >= -2700 @ 9.78125
c bounds -954 >= -2700 @ 9.81585
c bounds -956 >= -2700 @ 9.84308
c bounds -964 >= -2700 @ 9.91479
c bounds -966 >= -2700 @ 9.94138
c bounds -968 >= -2700 @ 9.98971
c bounds -970 >= -2700 @ 10.0467
c bounds -972 >= -2700 @ 10.0689
c bounds -976 >= -2700 @ 10.1108
c bounds -978 >= -2700 @ 10.1874
c bounds -982 >= -2700 @ 10.2294
c bounds -984 >= -2700 @ 10.2994
c #Conflicts:      49000 | #Constraints:      41582
c bounds -988 >= -2700 @ 10.3502
c bounds -990 >= -2700 @ 10.3962
c bounds -996 >= -2700 @ 10.5007
c bounds -1000 >= -2700 @ 10.6428
c bounds -1002 >= -2700 @ 10.859
c bounds -1010 >= -2700 @ 10.9757
c bounds -1014 >= -2700 @ 11.3149
c bounds -1018 >= -2700 @ 11.3461
c bounds -1020 >= -2700 @ 11.3918
c bounds -1024 >= -2700 @ 11.5255
c bounds -1032 >= -2700 @ 11.5825
c bounds -1040 >= -2700 @ 11.6459
c bounds -1042 >= -2700 @ 11.6983
c bounds -1048 >= -2700 @ 11.7942
c #Conflicts:      50000 | #Constraints:      42596
c bounds -1056 >= -2700 @ 11.9522
c bounds -1062 >= -2700 @ 12.0736
c bounds -1070 >= -2700 @ 12.362
c bounds -1070 >= -2698 @ 12.3703
c bounds -1070 >= -2696 @ 12.3758
c bounds -1070 >= -2694 @ 12.3859
c bounds -1070 >= -2692 @ 12.3971
c bounds -1070 >= -2690 @ 12.4019
c bounds -1070 >= -2688 @ 12.412
c #Conflicts:      51000 | #Constraints:      43626
c #Conflicts:      52000 | #Constraints:      44626
c INPROCESSING
c GARBAGE COLLECT
c bounds -1074 >= -2688 @ 13.0915
c bounds -1076 >= -2688 @ 13.2
c #Conflicts:      53000 | #Constraints:      35593
c bounds -1082 >= -2688 @ 13.507
c bounds -1084 >= -2688 @ 13.6012
c bounds -1090 >= -2688 @ 13.6315
c bounds -1092 >= -2688 @ 13.7185
c bounds -1096 >= -2688 @ 13.8718
c bounds -1100 >= -2688 @ 13.9375
c #Conflicts:      54000 | #Constraints:      36599
c bounds -1104 >= -2688 @ 14.3035
c bounds -1112 >= -2688 @ 14.5017
c bounds -1112 >= -2686 @ 14.526
c bounds -1112 >= -2684 @ 14.54
c bounds -1112 >= -2682 @ 14.5596
c bounds -1112 >= -2680 @ 14.5846
c #Conflicts:      55000 | #Constraints:      37619
c bounds -1112 >= -2678 @ 14.6035
c bounds -1112 >= -2676 @ 14.609
c bounds -1112 >= -2674 @ 14.6192
c bounds -1112 >= -2672 @ 14.641
c #Conflicts:      56000 | #Constraints:      38646
c bounds -1112 >= -2670 @ 14.7119
c bounds -1116 >= -2670 @ 14.8601
c #Conflicts:      57000 | #Constraints:      39659
c bounds -1116 >= -2668 @ 14.9153
c bounds -1116 >= -2666 @ 14.9299
c bounds -1116 >= -2664 @ 14.9437
c bounds -1116 >= -2662 @ 14.9508
c bounds -1116 >= -2660 @ 14.9577
c #Conflicts:      58000 | #Constraints:      40692
c bounds -1116 >= -2658 @ 14.9748
c bounds -1116 >= -2656 @ 15.0115
c bounds -1118 >= -2656 @ 15.0759
c INPROCESSING
c GARBAGE COLLECT
c #Conflicts:      59000 | #Constraints:      33688
c #Conflicts:      60000 | #Constraints:      34688
c #Conflicts:      61000 | #Constraints:      35688
c #Conflicts:      62000 | #Constraints:      36688
c #Conflicts:      63000 | #Constraints:      37688
c bounds -1118 >= -2654 @ 17.1551
c #Conflicts:      64000 | #Constraints:      38715
c bounds -1120 >= -2654 @ 17.1863
c bounds -1124 >= -2654 @ 17.2606
c bounds -1132 >= -2654 @ 17.4623
c bounds -1134 >= -2654 @ 17.7628
c bounds -1136 >= -2654 @ 17.9341
c bounds -1138 >= -2654 @ 18.0633
c bounds -1140 >= -2654 @ 18.2063
c bounds -1142 >= -2654 @ 18.2709
c bounds -1144 >= -2654 @ 18.3481
c #Conflicts:      65000 | #Constraints:      39724
c bounds -1148 >= -2654 @ 18.4469
c bounds -1150 >= -2654 @ 18.7645
c bounds -1154 >= -2654 @ 18.8122
c bounds -1160 >= -2654 @ 18.9585
c bounds -1164 >= -2654 @ 19.0239
c bounds -1174 >= -2654 @ 19.149
c bounds -1176 >= -2654 @ 19.2909
c bounds -1178 >= -2654 @ 19.333
c #Conflicts:      66000 | #Constraints:      40732
c bounds -1186 >= -2654 @ 20.2645
c bounds -1192 >= -2654 @ 20.5596
c bounds -1196 >= -2654 @ 21.1876
c bounds -1196 >= -2652 @ 21.1928
c bounds -1196 >= -2650 @ 21.1979
c #Conflicts:      67000 | #Constraints:      41744
c bounds -1196 >= -2648 @ 21.2109
c bounds -1196 >= -2646 @ 21.2721
c #Conflicts:      68000 | #Constraints:      42765
c bounds -1196 >= -2644 @ 21.3274
c bounds -1202 >= -2644 @ 21.3914
c #Conflicts:      69000 | #Constraints:      43781
c #Conflicts:      70000 | #Constraints:      44781
c #Conflicts:      71000 | #Constraints:      45781
c #Conflicts:      72000 | #Constraints:      46781
c #Conflicts:      73000 | #Constraints:      47781
c #Conflicts:      74000 | #Constraints:      48781
c #Conflicts:      75000 | #Constraints:      49781
c #Conflicts:      76000 | #Constraints:      50781
c INPROCESSING
c GARBAGE COLLECT
c #Conflicts:      77000 | #Constraints:      38788
c bounds -1208 >= -2644 @ 28.6749
c bounds -1210 >= -2644 @ 29.3149
c bounds -1212 >= -2644 @ 29.5047
c bounds -1216 >= -2644 @ 29.6226
c bounds -1218 >= -2644 @ 29.78
c #Conflicts:      78000 | #Constraints:      39793
c bounds -1224 >= -2644 @ 30.0728
c bounds -1228 >= -2644 @ 30.3988
c bounds -1232 >= -2644 @ 30.8252
c bounds -1238 >= -2644 @ 30.9072
c #Conflicts:      79000 | #Constraints:      40797
c bounds -1240 >= -2644 @ 31.9399
c #Conflicts:      80000 | #Constraints:      41798
c bounds -1244 >= -2644 @ 33.509
c #Conflicts:      81000 | #Constraints:      42799
c bounds -1246 >= -2644 @ 36.5356
c bounds -1246 >= -2642 @ 36.6733
c #Conflicts:      82000 | #Constraints:      43809
c bounds -1246 >= -2640 @ 36.8874
c bounds -1246 >= -2638 @ 36.9328
c #Conflicts:      83000 | #Constraints:      44827
c #Conflicts:      84000 | #Constraints:      45827
c INPROCESSING
c GARBAGE COLLECT
c bounds -1246 >= -2636 @ 37.2895
c #Conflicts:      85000 | #Constraints:      36671
c bounds -1246 >= -2634 @ 37.4133
c bounds -1246 >= -2632 @ 37.5304
c #Conflicts:      86000 | #Constraints:      37704
c #Conflicts:      87000 | #Constraints:      38704
c bounds -1246 >= -2630 @ 37.7222
c #Conflicts:      88000 | #Constraints:      39731
c #Conflicts:      89000 | #Constraints:      40731
c bounds -1246 >= -2628 @ 38.0969
c #Conflicts:      90000 | #Constraints:      41740
c #Conflicts:      91000 | #Constraints:      42740
c bounds -1246 >= -2626 @ 38.5266
c #Conflicts:      92000 | #Constraints:      43773
c #Conflicts:      93000 | #Constraints:      44773
c #Conflicts:      94000 | #Constraints:      45773
c bounds -1246 >= -2624 @ 39.0608
c #Conflicts:      95000 | #Constraints:      46788
c #Conflicts:      96000 | #Constraints:      47788
c #Conflicts:      97000 | #Constraints:      48788
c bounds -1246 >= -2622 @ 39.5244
c #Conflicts:      98000 | #Constraints:      49812
c #Conflicts:      99000 | #Constraints:      50812
c bounds -1246 >= -2620 @ 40.0795
c bounds -1356 >= -2620 @ 40.2529
c bounds -1356 >= -2618 @ 40.2627
c bounds -1356 >= -2616 @ 40.2719
c #Conflicts:     100000 | #Constraints:      51849
c #Conflicts:     101000 | #Constraints:      52849
c bounds -1356 >= -2614 @ 40.4176
c bounds -1362 >= -2614 @ 40.5437
c bounds -1366 >= -2614 @ 40.9059
c bounds -1366 >= -2612 @ 40.9134
c bounds -1366 >= -2610 @ 40.9183
c #Conflicts:     102000 | #Constraints:      53884
c bounds -1366 >= -2608 @ 40.9353
c bounds -1366 >= -2606 @ 40.9659
c bounds -1366 >= -2604 @ 40.9773
c bounds -1366 >= -2602 @ 40.9922
c #Conflicts:     103000 | #Constraints:      54917
c bounds -1366 >= -2600 @ 41.0268
c bounds -1374 >= -2600 @ 41.0868
c #Conflicts:     104000 | #Constraints:      55930
c #Conflicts:     105000 | #Constraints:      56930
c INPROCESSING
c GARBAGE COLLECT
c bounds -1378 >= -2600 @ 41.6776
c bounds -1380 >= -2600 @ 41.7223
c bounds -1382 >= -2600 @ 41.8246
c bounds -1384 >= -2600 @ 42.0135
c bounds -1388 >= -2600 @ 42.2549
c bounds -1390 >= -2600 @ 42.3315
c bounds -1392 >= -2600 @ 42.58
c bounds -1400 >= -2600 @ 42.7857
c bounds -1402 >= -2600 @ 43.2033
c #Conflicts:     106000 | #Constraints:      42285
c #Conflicts:     107000 | #Constraints:      43285
c #Conflicts:     108000 | #Constraints:      44285
c bounds -1402 >= -2598 @ 43.6232
c bounds -1404 >= -2598 @ 44.0926
c bounds -1412 >= -2598 @ 44.9148
c #Conflicts:     109000 | #Constraints:      45302
c #Conflicts:     110000 | #Constraints:      46302
c #Conflicts:     111000 | #Constraints:      47302
c #Conflicts:     112000 | #Constraints:      48302
c #Conflicts:     113000 | #Constraints:      49302
c INPROCESSING
c GARBAGE COLLECT
c bounds -1414 >= -2598 @ 47.2554
c bounds -1418 >= -2598 @ 47.3589
c bounds -1424 >= -2598 @ 47.4333
c #Conflicts:     114000 | #Constraints:      38199
c bounds -1428 >= -2598 @ 47.9174
c bounds -1430 >= -2598 @ 48.0256
c bounds -1432 >= -2598 @ 48.1689
c bounds -1434 >= -2598 @ 48.304
c bounds -1436 >= -2598 @ 48.4197
c bounds -1440 >= -2598 @ 48.5898
c bounds -1444 >= -2598 @ 48.6374
c bounds -1452 >= -2598 @ 48.6886
c bounds -1460 >= -2598 @ 48.7086
c bounds -1462 >= -2598 @ 48.7313
c bounds -1464 >= -2598 @ 48.789
c bounds -1468 >= -2598 @ 48.9069
c bounds -1470 >= -2598 @ 48.9571
c bounds -1472 >= -2598 @ 49.1603
c bounds -1474 >= -2598 @ 49.4041
c #Conflicts:     115000 | #Constraints:      39214
c bounds -1476 >= -2598 @ 49.565
c bounds -1478 >= -2598 @ 50.5468
c #Conflicts:     116000 | #Constraints:      40216
c bounds -1482 >= -2598 @ 51.8384
c #Conflicts:     117000 | #Constraints:      41217
c #Conflicts:     118000 | #Constraints:      42217
c #Conflicts:     119000 | #Constraints:      43217
c #Conflicts:     120000 | #Constraints:      44217
c #Conflicts:     121000 | #Constraints:      45217
c #Conflicts:     122000 | #Constraints:      46217
c #Conflicts:     123000 | #Constraints:      47217
c #Conflicts:     124000 | #Constraints:      48217
c #Conflicts:     125000 | #Constraints:      49217
c #Conflicts:     126000 | #Constraints:      50217
c bounds -1482 >= -2596 @ 56.3028
c bounds -1484 >= -2596 @ 58.2154
c bounds -1486 >= -2596 @ 58.3538
c #Conflicts:     127000 | #Constraints:      51258
c bounds -1488 >= -2596 @ 58.7995
c bounds -1494 >= -2596 @ 59.3517
c #Conflicts:     128000 | #Constraints:      52260
c bounds -1506 >= -2596 @ 61.5679
c #Conflicts:     129000 | #Constraints:      53261
c bounds -1512 >= -2596 @ 62.9866
c #Conflicts:     130000 | #Constraints:      54262
c bounds -1512 >= -2594 @ 63.1108
c bounds -1512 >= -2592 @ 63.2969
c #Conflicts:     131000 | #Constraints:      55289
c bounds -1514 >= -2592 @ 63.4317
c bounds -1516 >= -2592 @ 63.6714
c bounds -1516 >= -2590 @ 63.9252
c bounds -1518 >= -2590 @ 64.0042
c bounds -1522 >= -2590 @ 64.7533
c #Conflicts:     132000 | #Constraints:      56296
c #Conflicts:     133000 | #Constraints:      57296
c #Conflicts:     134000 | #Constraints:      58296
c #Conflicts:     135000 | #Constraints:      59296
c #Conflicts:     136000 | #Constraints:      60296
c #Conflicts:     137000 | #Constraints:      61296
c bounds -1522 >= -2588 @ 69.7695
c bounds -1524 >= -2588 @ 69.8634
c INPROCESSING
c GARBAGE COLLECT
c bounds -1528 >= -2588 @ 70.4229
c #Conflicts:     138000 | #Constraints:      44216
c bounds -1530 >= -2588 @ 71.6804
c #Conflicts:     139000 | #Constraints:      45217
c #Conflicts:     140000 | #Constraints:      46217
c bounds -1532 >= -2588 @ 76.4889
c #Conflicts:     141000 | #Constraints:      47218
c bounds -1538 >= -2588 @ 78.6698
c #Conflicts:     142000 | #Constraints:      48219
c #Conflicts:     143000 | #Constraints:      49219
c #Conflicts:     144000 | #Constraints:      50219
c bounds -1538 >= -2586 @ 79.6438
c bounds -1540 >= -2586 @ 79.9761
c bounds -1542 >= -2586 @ 80.0455
c bounds -1546 >= -2586 @ 81.2855
c #Conflicts:     145000 | #Constraints:      51264
c #Conflicts:     146000 | #Constraints:      52264
c #Conflicts:     147000 | #Constraints:      53264
c INPROCESSING
c GARBAGE COLLECT
c bounds -1548 >= -2586 @ 82.9587
c bounds -1550 >= -2586 @ 82.9738
c #Conflicts:     148000 | #Constraints:      40227
c bounds -1554 >= -2586 @ 84.1638
c #Conflicts:     149000 | #Constraints:      41228
c bounds -1556 >= -2586 @ 85.1583
c #Conflicts:     150000 | #Constraints:      42229
c #Conflicts:     151000 | #Constraints:      43229
c #Conflicts:     152000 | #Constraints:      44229
c #Conflicts:     153000 | #Constraints:      45229
c #Conflicts:     154000 | #Constraints:      46229
c #Conflicts:     155000 | #Constraints:      47229
c #Conflicts:     156000 | #Constraints:      48229
c #Conflicts:     157000 | #Constraints:      49229
c bounds -1556 >= -2584 @ 90.2209
c bounds -1560 >= -2584 @ 91.0491
c #Conflicts:     158000 | #Constraints:      50269
c bounds -1562 >= -2584 @ 91.7341
c bounds -1564 >= -2584 @ 92.1018
c bounds -1570 >= -2584 @ 93.3807
c #Conflicts:     159000 | #Constraints:      51272
c bounds -1574 >= -2584 @ 94.5106
c bounds -1578 >= -2584 @ 95.386
c bounds -1580 >= -2584 @ 95.5204
c #Conflicts:     160000 | #Constraints:      52275
c bounds -1582 >= -2584 @ 99.4458
c bounds -1582 >= -2582 @ 99.4491
c bounds -1582 >= -2580 @ 99.4554
c bounds -1582 >= -2578 @ 99.4686
c #Conflicts:     161000 | #Constraints:      53294
c bounds -1582 >= -2576 @ 99.5072
c bounds -1582 >= -2574 @ 99.582
c #Conflicts:     162000 | #Constraints:      54318
c #Conflicts:     163000 | #Constraints:      55318
c #Conflicts:     164000 | #Constraints:      56318
c #Conflicts:     165000 | #Constraints:      57318
c bounds -1582 >= -2572 @ 101.733
c bounds -1584 >= -2572 @ 102.165
c #Conflicts:     166000 | #Constraints:      58352
c #Conflicts:     167000 | #Constraints:      59352
c bounds -1586 >= -2572 @ 108.262
c #Conflicts:     168000 | #Constraints:      60353
c #Conflicts:     169000 | #Constraints:      61353
c #Conflicts:     170000 | #Constraints:      62353
c #Conflicts:     171000 | #Constraints:      63353
c #Conflicts:     172000 | #Constraints:      64353
c bounds -1586 >= -2570 @ 115.425
c #Conflicts:     173000 | #Constraints:      65386
c #Conflicts:     174000 | #Constraints:      66386
c INPROCESSING
c GARBAGE COLLECT
c #Conflicts:     175000 | #Constraints:      46802
c #Conflicts:     176000 | #Constraints:      47802
c #Conflicts:     177000 | #Constraints:      48802
c #Conflicts:     178000 | #Constraints:      49802
c #Conflicts:     179000 | #Constraints:      50802
c #Conflicts:     180000 | #Constraints:      51802
c #Conflicts:     181000 | #Constraints:      52802
c #Conflicts:     182000 | #Constraints:      53802
c #Conflicts:     183000 | #Constraints:      54802
c bounds -1586 >= -2568 @ 130.332
c #Conflicts:     184000 | #Constraints:      55841
c #Conflicts:     185000 | #Constraints:      56841
c #Conflicts:     186000 | #Constraints:      57841
c INPROCESSING
c GARBAGE COLLECT
c bounds -1590 >= -2568 @ 131.945
c #Conflicts:     187000 | #Constraints:      42921
c bounds -1592 >= -2568 @ 133.852
c #Conflicts:     188000 | #Constraints:      43922
c #Conflicts:     189000 | #Constraints:      44922
c #Conflicts:     190000 | #Constraints:      45922
c #Conflicts:     191000 | #Constraints:      46922
c #Conflicts:     192000 | #Constraints:      47922
c #Conflicts:     193000 | #Constraints:      48922
c #Conflicts:     194000 | #Constraints:      49922
c #Conflicts:     195000 | #Constraints:      50922
c bounds -1596 >= -2568 @ 157.418
c #Conflicts:     196000 | #Constraints:      51923
c #Conflicts:     197000 | #Constraints:      52923
c #Conflicts:     198000 | #Constraints:      53923
c #Conflicts:     199000 | #Constraints:      54923
c #Conflicts:     200000 | #Constraints:      55923
c bounds -1596 >= -2566 @ 160.758
c bounds -1596 >= -2564 @ 160.78
c #Conflicts:     201000 | #Constraints:      56932
c #Conflicts:     202000 | #Constraints:      57932
c #Conflicts:     203000 | #Constraints:      58932
c #Conflicts:     204000 | #Constraints:      59932
c #Conflicts:     205000 | #Constraints:      60932
c #Conflicts:     206000 | #Constraints:      61932
c #Conflicts:     207000 | #Constraints:      62932
c #Conflicts:     208000 | #Constraints:      63932
c #Conflicts:     209000 | #Constraints:      64932
c bounds -1596 >= -2562 @ 174.91
c #Conflicts:     210000 | #Constraints:      65974
c #Conflicts:     211000 | #Constraints:      66974
c #Conflicts:     212000 | #Constraints:      67974
c #Conflicts:     213000 | #Constraints:      68974
c #Conflicts:     214000 | #Constraints:      69974
c #Conflicts:     215000 | #Constraints:      70974
c #Conflicts:     216000 | #Constraints:      71974
c INPROCESSING
c GARBAGE COLLECT
c bounds -1602 >= -2562 @ 193.714
c #Conflicts:     217000 | #Constraints:      49813
c #Conflicts:     218000 | #Constraints:      50813
c #Conflicts:     219000 | #Constraints:      51813
c #Conflicts:     220000 | #Constraints:      52813
c #Conflicts:     221000 | #Constraints:      53813
c #Conflicts:     222000 | #Constraints:      54813
c #Conflicts:     223000 | #Constraints:      55813
c #Conflicts:     224000 | #Constraints:      56813
c #Conflicts:     225000 | #Constraints:      57813
c #Conflicts:     226000 | #Constraints:      58813
c #Conflicts:     227000 | #Constraints:      59813
c #Conflicts:     228000 | #Constraints:      60813
c INPROCESSING
c GARBAGE COLLECT
c #Conflicts:     229000 | #Constraints:      44074
c #Conflicts:     230000 | #Constraints:      45074
c #Conflicts:     231000 | #Constraints:      46074
c #Conflicts:     232000 | #Constraints:      47074
c bounds -1602 >= -2560 @ 257.98
c bounds -1602 >= -2558 @ 257.988
c bounds -1602 >= -2556 @ 258.004
c #Conflicts:     233000 | #Constraints:      48089
c bounds -1602 >= -2554 @ 258.085
c bounds -1602 >= -2552 @ 258.123
c bounds -1602 >= -2550 @ 258.131
c bounds -1602 >= -2548 @ 258.136
c bounds -1602 >= -2546 @ 258.152
c #Conflicts:     234000 | #Constraints:      49131
c bounds -1602 >= -2544 @ 258.219
c #Conflicts:     235000 | #Constraints:      50143
c #Conflicts:     236000 | #Constraints:      51143
c #Conflicts:     237000 | #Constraints:      52143
c #Conflicts:     238000 | #Constraints:      53143
c #Conflicts:     239000 | #Constraints:      54143
c #Conflicts:     240000 | #Constraints:      55143
c #Conflicts:     241000 | #Constraints:      56143
c #Conflicts:     242000 | #Constraints:      57143
c #Conflicts:     243000 | #Constraints:      58143
c #Conflicts:     244000 | #Constraints:      59143
c #Conflicts:     245000 | #Constraints:      60143
c bounds -1602 >= -2542 @ 269.322
c #Conflicts:     246000 | #Constraints:      61176
c bounds -1602 >= -2540 @ 270.148
c bounds -1602 >= -2538 @ 270.152
c bounds -1602 >= -2536 @ 270.167
c #Conflicts:     247000 | #Constraints:      62194
c bounds -1602 >= -2534 @ 270.195
c #Conflicts:     248000 | #Constraints:      63203
c #Conflicts:     249000 | #Constraints:      64203
c #Conflicts:     250000 | #Constraints:      65203
c #Conflicts:     251000 | #Constraints:      66203
c #Conflicts:     252000 | #Constraints:      67203
c #Conflicts:     253000 | #Constraints:      68203
c #Conflicts:     254000 | #Constraints:      69203
c #Conflicts:     255000 | #Constraints:      70203
c #Conflicts:     256000 | #Constraints:      71203
c #Conflicts:     257000 | #Constraints:      72203
c #Conflicts:     258000 | #Constraints:      73203
c #Conflicts:     259000 | #Constraints:      74203
c #Conflicts:     260000 | #Constraints:      75203
c #Conflicts:     261000 | #Constraints:      76203
c #Conflicts:     262000 | #Constraints:      77203
c INPROCESSING
c GARBAGE COLLECT
c #Conflicts:     263000 | #Constraints:      52530
c #Conflicts:     264000 | #Constraints:      53530
c #Conflicts:     265000 | #Constraints:      54530
c #Conflicts:     266000 | #Constraints:      55530
c #Conflicts:     267000 | #Constraints:      56530
c #Conflicts:     268000 | #Constraints:      57530
c #Conflicts:     269000 | #Constraints:      58530
c #Conflicts:     270000 | #Constraints:      59530
c #Conflicts:     271000 | #Constraints:      60530
c bounds -1602 >= -2532 @ 319.049
c #Conflicts:     272000 | #Constraints:      61581
c #Conflicts:     273000 | #Constraints:      62581
c #Conflicts:     274000 | #Constraints:      63581
c #Conflicts:     275000 | #Constraints:      64581
c #Conflicts:     276000 | #Constraints:      65581
c INPROCESSING
c GARBAGE COLLECT
c #Conflicts:     277000 | #Constraints:      47572
c #Conflicts:     278000 | #Constraints:      48572
c #Conflicts:     279000 | #Constraints:      49572
c #Conflicts:     280000 | #Constraints:      50572
c #Conflicts:     281000 | #Constraints:      51572
c #Conflicts:     282000 | #Constraints:      52572
c #Conflicts:     283000 | #Constraints:      53572
c #Conflicts:     284000 | #Constraints:      54572
c #Conflicts:     285000 | #Constraints:      55572
c #Conflicts:     286000 | #Constraints:      56572
c #Conflicts:     287000 | #Constraints:      57572
c #Conflicts:     288000 | #Constraints:      58572
c #Conflicts:     289000 | #Constraints:      59572
c #Conflicts:     290000 | #Constraints:      60572
c #Conflicts:     291000 | #Constraints:      61572
c #Conflicts:     292000 | #Constraints:      62572
c #Conflicts:     293000 | #Constraints:      63572
c #Conflicts:     294000 | #Constraints:      64572
c #Conflicts:     295000 | #Constraints:      65572
c #Conflicts:     296000 | #Constraints:      66572
c #Conflicts:     297000 | #Constraints:      67572
c #Conflicts:     298000 | #Constraints:      68572
c #Conflicts:     299000 | #Constraints:      69572
c bounds -1602 >= -2530 @ 404.004
c #Conflicts:     300000 | #Constraints:      70656
c bounds -1610 >= -2530 @ 404.255
c #Conflicts:     301000 | #Constraints:      71657
c #Conflicts:     302000 | #Constraints:      72657
c #Conflicts:     303000 | #Constraints:      73657
c bounds -1616 >= -2530 @ 412.015
c bounds -1618 >= -2530 @ 413.272
c #Conflicts:     304000 | #Constraints:      74659
c bounds -1622 >= -2530 @ 415.048
c #Conflicts:     305000 | #Constraints:      75660
c #Conflicts:     306000 | #Constraints:      76660
c #Conflicts:     307000 | #Constraints:      77660
c bounds -1624 >= -2530 @ 428.149
c #Conflicts:     308000 | #Constraints:      78661
c bounds -1626 >= -2530 @ 430.971
c #Conflicts:     309000 | #Constraints:      79662
c #Conflicts:     310000 | #Constraints:      80662
c #Conflicts:     311000 | #Constraints:      81662
c bounds -1628 >= -2530 @ 443.198
c #Conflicts:     312000 | #Constraints:      82663
c INPROCESSING
c GARBAGE COLLECT
c bounds -1634 >= -2530 @ 447.678
c #Conflicts:     313000 | #Constraints:      55251
c bounds -1638 >= -2530 @ 450.012
c #Conflicts:     314000 | #Constraints:      56252
c bounds -1642 >= -2530 @ 452.035
c #Conflicts:     315000 | #Constraints:      57253
c bounds -1646 >= -2530 @ 453.594
c bounds -1648 >= -2530 @ 454.234
c bounds -1650 >= -2530 @ 455.258
c #Conflicts:     316000 | #Constraints:      58256
c #Conflicts:     317000 | #Constraints:      59256
c bounds -1652 >= -2530 @ 458.387
c #Conflicts:     318000 | #Constraints:      60257
c bounds -1658 >= -2530 @ 460.36
c #Conflicts:     319000 | #Constraints:      61258
c #Conflicts:     320000 | #Constraints:      62258
c #Conflicts:     321000 | #Constraints:      63258
c #Conflicts:     322000 | #Constraints:      64258
c #Conflicts:     323000 | #Constraints:      65258
c bounds -1660 >= -2530 @ 476.062
c #Conflicts:     324000 | #Constraints:      66259
c #Conflicts:     325000 | #Constraints:      67259
c #Conflicts:     326000 | #Constraints:      68259
c #Conflicts:     327000 | #Constraints:      69259
c INPROCESSING
c GARBAGE COLLECT
c #Conflicts:     328000 | #Constraints:      48509
c #Conflicts:     329000 | #Constraints:      49509
c #Conflicts:     330000 | #Constraints:      50509
c #Conflicts:     331000 | #Constraints:      51509
c #Conflicts:     332000 | #Constraints:      52509
c #Conflicts:     333000 | #Constraints:      53509
c #Conflicts:     334000 | #Constraints:      54509
c #Conflicts:     335000 | #Constraints:      55509
c bounds -1660 >= -2528 @ 482.863
c #Conflicts:     336000 | #Constraints:      56566
c bounds -1660 >= -2526 @ 483.522
c bounds -1660 >= -2524 @ 483.529
c #Conflicts:     337000 | #Constraints:      57575
c bounds -1660 >= -2522 @ 483.58
c #Conflicts:     338000 | #Constraints:      58596
c #Conflicts:     339000 | #Constraints:      59596
c #Conflicts:     340000 | #Constraints:      60596
c #Conflicts:     341000 | #Constraints:      61596
c #Conflicts:     342000 | #Constraints:      62596
c #Conflicts:     343000 | #Constraints:      63596
c #Conflicts:     344000 | #Constraints:      64596
c #Conflicts:     345000 | #Constraints:      65596
c #Conflicts:     346000 | #Constraints:      66596
c #Conflicts:     347000 | #Constraints:      67596
c #Conflicts:     348000 | #Constraints:      68596
c bounds -1660 >= -2520 @ 495.044
c #Conflicts:     349000 | #Constraints:      69647
c bounds -1666 >= -2520 @ 495.984
c #Conflicts:     350000 | #Constraints:      70648
c bounds -1668 >= -2520 @ 497.407
c #Conflicts:     351000 | #Constraints:      71649
c bounds -1670 >= -2520 @ 499.922
c #Conflicts:     352000 | #Constraints:      72650
c bounds -1674 >= -2520 @ 501.328
c bounds -1676 >= -2520 @ 502.692
c bounds -1678 >= -2520 @ 503.457
c bounds -1682 >= -2520 @ 504.614
c #Conflicts:     353000 | #Constraints:      73654
c bounds -1684 >= -2520 @ 504.864
c #Conflicts:     354000 | #Constraints:      74655
c bounds -1688 >= -2520 @ 511.99
c #Conflicts:     355000 | #Constraints:      75656
c #Conflicts:     356000 | #Constraints:      76656
c #Conflicts:     357000 | #Constraints:      77656
c #Conflicts:     358000 | #Constraints:      78656
c #Conflicts:     359000 | #Constraints:      79656
c #Conflicts:     360000 | #Constraints:      80656
c #Conflicts:     361000 | #Constraints:      81656
c #Conflicts:     362000 | #Constraints:      82656
c #Conflicts:     363000 | #Constraints:      83656
c #Conflicts:     364000 | #Constraints:      84656
c #Conflicts:     365000 | #Constraints:      85656
c #Conflicts:     366000 | #Constraints:      86656
c #Conflicts:     367000 | #Constraints:      87656
c INPROCESSING
c GARBAGE COLLECT
c bounds -1690 >= -2520 @ 540.175
c #Conflicts:     368000 | #Constraints:      57812
c bounds -1692 >= -2520 @ 541.125
c #Conflicts:     369000 | #Constraints:      58813
c #Conflicts:     370000 | #Constraints:      59813
c bounds -1694 >= -2520 @ 546.425
c #Conflicts:     371000 | #Constraints:      60814
c #Conflicts:     372000 | #Constraints:      61814
c bounds -1700 >= -2520 @ 549.531
c bounds -1702 >= -2520 @ 550.239
c bounds -1708 >= -2520 @ 551.226
c #Conflicts:     373000 | #Constraints:      62817
c bounds -1710 >= -2520 @ 553.64
c bounds -1714 >= -2520 @ 554.984
c bounds -1716 >= -2520 @ 556.259
c #Conflicts:     374000 | #Constraints:      63820
c bounds -1720 >= -2520 @ 558.485
c #Conflicts:     375000 | #Constraints:      64821
c bounds -1724 >= -2520 @ 559.302
c bounds -1726 >= -2520 @ 561.089
c #Conflicts:     376000 | #Constraints:      65823
c #Conflicts:     377000 | #Constraints:      66823
c #Conflicts:     378000 | #Constraints:      67823
c bounds -1732 >= -2520 @ 570.756
c #Conflicts:     379000 | #Constraints:      68824
c #Conflicts:     380000 | #Constraints:      69824
c #Conflicts:     381000 | #Constraints:      70824
c #Conflicts:     382000 | #Constraints:      71824
c #Conflicts:     383000 | #Constraints:      72824
c INPROCESSING
c GARBAGE COLLECT
c bounds -1734 >= -2520 @ 586.145
c #Conflicts:     384000 | #Constraints:      50602
c #Conflicts:     385000 | #Constraints:      51602
c #Conflicts:     386000 | #Constraints:      52602
c bounds -1736 >= -2520 @ 591.149
c #Conflicts:     387000 | #Constraints:      53603
c #Conflicts:     388000 | #Constraints:      54603
c bounds -1738 >= -2520 @ 596.338
c bounds -1744 >= -2520 @ 597.4
c #Conflicts:     389000 | #Constraints:      55605
c bounds -1750 >= -2520 @ 598.683
c bounds -1752 >= -2520 @ 599.497
c #Conflicts:     390000 | #Constraints:      56607
c bounds -1756 >= -2520 @ 602.034
c #Conflicts:     391000 | #Constraints:      57608
c #Conflicts:     392000 | #Constraints:      58608
c #Conflicts:     393000 | #Constraints:      59608
c #Conflicts:     394000 | #Constraints:      60608
c #Conflicts:     395000 | #Constraints:      61608
c #Conflicts:     396000 | #Constraints:      62608
c #Conflicts:     397000 | #Constraints:      63608
c #Conflicts:     398000 | #Constraints:      64608
c #Conflicts:     399000 | #Constraints:      65608
c #Conflicts:     400000 | #Constraints:      66608
c #Conflicts:     401000 | #Constraints:      67608
c #Conflicts:     402000 | #Constraints:      68608
c #Conflicts:     403000 | #Constraints:      69608
c #Conflicts:     404000 | #Constraints:      70608
c #Conflicts:     405000 | #Constraints:      71608
c #Conflicts:     406000 | #Constraints:      72608
c #Conflicts:     407000 | #Constraints:      73608
c #Conflicts:     408000 | #Constraints:      74608
c #Conflicts:     409000 | #Constraints:      75608
c #Conflicts:     410000 | #Constraints:      76608
c #Conflicts:     411000 | #Constraints:      77608
c #Conflicts:     412000 | #Constraints:      78608
c #Conflicts:     413000 | #Constraints:      79608
c #Conflicts:     414000 | #Constraints:      80608
c #Conflicts:     415000 | #Constraints:      81608
c #Conflicts:     416000 | #Constraints:      82608
c #Conflicts:     417000 | #Constraints:      83608
c #Conflicts:     418000 | #Constraints:      84608
c #Conflicts:     419000 | #Constraints:      85608
c #Conflicts:     420000 | #Constraints:      86608
c #Conflicts:     421000 | #Constraints:      87608
c #Conflicts:     422000 | #Constraints:      88608
c #Conflicts:     423000 | #Constraints:      89608
c #Conflicts:     424000 | #Constraints:      90608
c #Conflicts:     425000 | #Constraints:      91608
c #Conflicts:     426000 | #Constraints:      92608
c INPROCESSING
c GARBAGE COLLECT
c bounds -1758 >= -2520 @ 849.802
c #Conflicts:     427000 | #Constraints:      60253
c bounds -1760 >= -2520 @ 851.168
c #Conflicts:     428000 | #Constraints:      61254
c bounds -1762 >= -2520 @ 853.539
c #Conflicts:     429000 | #Constraints:      62255
c bounds -1764 >= -2520 @ 854.817
c #Conflicts:     430000 | #Constraints:      63256
c #Conflicts:     431000 | #Constraints:      64256
c bounds -1766 >= -2520 @ 857.216
c bounds -1768 >= -2520 @ 858.603
c #Conflicts:     432000 | #Constraints:      65258
c #Conflicts:     433000 | #Constraints:      66258
c #Conflicts:     434000 | #Constraints:      67258
c bounds -1770 >= -2520 @ 869.323
c #Conflicts:     435000 | #Constraints:      68259
c #Conflicts:     436000 | #Constraints:      69259
c bounds -1776 >= -2520 @ 876.004
c #Conflicts:     437000 | #Constraints:      70260
c #Conflicts:     438000 | #Constraints:      71260
c #Conflicts:     439000 | #Constraints:      72260
c #Conflicts:     440000 | #Constraints:      73260
c #Conflicts:     441000 | #Constraints:      74260
c bounds -1780 >= -2520 @ 897.065
c #Conflicts:     442000 | #Constraints:      75261
c #Conflicts:     443000 | #Constraints:      76261
c bounds -1782 >= -2520 @ 914.13
c #Conflicts:     444000 | #Constraints:      77262
c INPROCESSING
c GARBAGE COLLECT
c bounds -1784 >= -2520 @ 916.243
c bounds -1786 >= -2520 @ 917.049
c #Conflicts:     445000 | #Constraints:      52798
c #Conflicts:     446000 | #Constraints:      53798
c #Conflicts:     447000 | #Constraints:      54798
c #Conflicts:     448000 | #Constraints:      55798
c #Conflicts:     449000 | #Constraints:      56798
c #Conflicts:     450000 | #Constraints:      57798
c #Conflicts:     451000 | #Constraints:      58798
c #Conflicts:     452000 | #Constraints:      59798
c #Conflicts:     453000 | #Constraints:      60798
c #Conflicts:     454000 | #Constraints:      61798
c #Conflicts:     455000 | #Constraints:      62798
c #Conflicts:     456000 | #Constraints:      63798
c #Conflicts:     457000 | #Constraints:      64798
c #Conflicts:     458000 | #Constraints:      65798
c #Conflicts:     459000 | #Constraints:      66798
c #Conflicts:     460000 | #Constraints:      67798
c #Conflicts:     461000 | #Constraints:      68798
c INPROCESSING
c GARBAGE COLLECT
c #Conflicts:     462000 | #Constraints:      51253
c #Conflicts:     463000 | #Constraints:      52253
c #Conflicts:     464000 | #Constraints:      53253
c #Conflicts:     465000 | #Constraints:      54253
c #Conflicts:     466000 | #Constraints:      55253
c #Conflicts:     467000 | #Constraints:      56253
c #Conflicts:     468000 | #Constraints:      57253
c #Conflicts:     469000 | #Constraints:      58253
c bounds -1788 >= -2520 @ 989.628
c #Conflicts:     470000 | #Constraints:      59254
c #Conflicts:     471000 | #Constraints:      60254
c #Conflicts:     472000 | #Constraints:      61254
c #Conflicts:     473000 | #Constraints:      62254
c #Conflicts:     474000 | #Constraints:      63254
c #Conflicts:     475000 | #Constraints:      64254
c #Conflicts:     476000 | #Constraints:      65254
c #Conflicts:     477000 | #Constraints:      66254
c #Conflicts:     478000 | #Constraints:      67254
c #Conflicts:     479000 | #Constraints:      68254
c #Conflicts:     480000 | #Constraints:      69254
c #Conflicts:     481000 | #Constraints:      70254
c bounds -1790 >= -2520 @ 1018.27
c #Conflicts:     482000 | #Constraints:      71255
c #Conflicts:     483000 | #Constraints:      72255
c bounds -1792 >= -2520 @ 1025.93
c bounds -1794 >= -2520 @ 1031.53
c #Conflicts:     484000 | #Constraints:      73257
c #Conflicts:     485000 | #Constraints:      74257
c #Conflicts:     486000 | #Constraints:      75257
c bounds -1796 >= -2520 @ 1049.68
c #Conflicts:     487000 | #Constraints:      76258
c #Conflicts:     488000 | #Constraints:      77258
c #Conflicts:     489000 | #Constraints:      78258
c #Conflicts:     490000 | #Constraints:      79258
c #Conflicts:     491000 | #Constraints:      80258
c #Conflicts:     492000 | #Constraints:      81258
c #Conflicts:     493000 | #Constraints:      82258
c #Conflicts:     494000 | #Constraints:      83258
c #Conflicts:     495000 | #Constraints:      84258
c #Conflicts:     496000 | #Constraints:      85258
c #Conflicts:     497000 | #Constraints:      86258
c #Conflicts:     498000 | #Constraints:      87258
c #Conflicts:     499000 | #Constraints:      88258
c #Conflicts:     500000 | #Constraints:      89258
c #Conflicts:     501000 | #Constraints:      90258
c #Conflicts:     502000 | #Constraints:      91258
c #Conflicts:     503000 | #Constraints:      92258
c #Conflicts:     504000 | #Constraints:      93258
c #Conflicts:     505000 | #Constraints:      94258
c #Conflicts:     506000 | #Constraints:      95258
c #Conflicts:     507000 | #Constraints:      96258
c #Conflicts:     508000 | #Constraints:      97258
c INPROCESSING
c GARBAGE COLLECT
c #Conflicts:     509000 | #Constraints:      62366
c #Conflicts:     510000 | #Constraints:      63366
c #Conflicts:     511000 | #Constraints:      64366
c #Conflicts:     512000 | #Constraints:      65366
c #Conflicts:     513000 | #Constraints:      66366
c bounds -1798 >= -2520 @ 1225.31
c bounds -1800 >= -2520 @ 1227.34
c #Conflicts:     514000 | #Constraints:      67368
c #Conflicts:     515000 | #Constraints:      68368
c #Conflicts:     516000 | #Constraints:      69368
c #Conflicts:     517000 | #Constraints:      70368
c #Conflicts:     518000 | #Constraints:      71368
c #Conflicts:     519000 | #Constraints:      72368
c #Conflicts:     520000 | #Constraints:      73368
c #Conflicts:     521000 | #Constraints:      74368
c #Conflicts:     522000 | #Constraints:      75368
c #Conflicts:     523000 | #Constraints:      76368
c #Conflicts:     524000 | #Constraints:      77368
c #Conflicts:     525000 | #Constraints:      78368
c #Conflicts:     526000 | #Constraints:      79368
c bounds -1804 >= -2520 @ 1321.4
c #Conflicts:     527000 | #Constraints:      80369
c #Conflicts:     528000 | #Constraints:      81369
c INPROCESSING
c GARBAGE COLLECT
c #Conflicts:     529000 | #Constraints:      54831
c #Conflicts:     530000 | #Constraints:      55831
c #Conflicts:     531000 | #Constraints:      56831
c #Conflicts:     532000 | #Constraints:      57831
c #Conflicts:     533000 | #Constraints:      58831
c #Conflicts:     534000 | #Constraints:      59831
c #Conflicts:     535000 | #Constraints:      60831
c #Conflicts:     536000 | #Constraints:      61831
c #Conflicts:     537000 | #Constraints:      62831
c #Conflicts:     538000 | #Constraints:      63831
c #Conflicts:     539000 | #Constraints:      64831
c #Conflicts:     540000 | #Constraints:      65831
c #Conflicts:     541000 | #Constraints:      66831
c #Conflicts:     542000 | #Constraints:      67831
c #Conflicts:     543000 | #Constraints:      68831
c #Conflicts:     544000 | #Constraints:      69831
c #Conflicts:     545000 | #Constraints:      70831
c #Conflicts:     546000 | #Constraints:      71831
c #Conflicts:     547000 | #Constraints:      72831
c INPROCESSING
c GARBAGE COLLECT
c #Conflicts:     548000 | #Constraints:      53520
c #Conflicts:     549000 | #Constraints:      54520
c #Conflicts:     550000 | #Constraints:      55520
c #Conflicts:     551000 | #Constraints:      56520
c bounds -1808 >= -2520 @ 1433.39
c #Conflicts:     552000 | #Constraints:      57521
c #Conflicts:     553000 | #Constraints:      58521
c #Conflicts:     554000 | #Constraints:      59521
c #Conflicts:     555000 | #Constraints:      60521
c #Conflicts:     556000 | #Constraints:      61521
c #Conflicts:     557000 | #Constraints:      62521
c #Conflicts:     558000 | #Constraints:      63521
c #Conflicts:     559000 | #Constraints:      64521
c #Conflicts:     560000 | #Constraints:      65521
c #Conflicts:     561000 | #Constraints:      66521
c #Conflicts:     562000 | #Constraints:      67521
c #Conflicts:     563000 | #Constraints:      68521
c #Conflicts:     564000 | #Constraints:      69521
c #Conflicts:     565000 | #Constraints:      70521
c #Conflicts:     566000 | #Constraints:      71521
c #Conflicts:     567000 | #Constraints:      72521
c #Conflicts:     568000 | #Constraints:      73521
c #Conflicts:     569000 | #Constraints:      74521
c #Conflicts:     570000 | #Constraints:      75521
c #Conflicts:     571000 | #Constraints:      76521
c #Conflicts:     572000 | #Constraints:      77521
c #Conflicts:     573000 | #Constraints:      78521
c #Conflicts:     574000 | #Constraints:      79521
c #Conflicts:     575000 | #Constraints:      80521
c #Conflicts:     576000 | #Constraints:      81521
c #Conflicts:     577000 | #Constraints:      82521
c bounds -1810 >= -2520 @ 1639.86
c #Conflicts:     578000 | #Constraints:      83522
c #Conflicts:     579000 | #Constraints:      84522
c #Conflicts:     580000 | #Constraints:      85522
c #Conflicts:     581000 | #Constraints:      86522
c #Conflicts:     582000 | #Constraints:      87522
c #Conflicts:     583000 | #Constraints:      88522
c #Conflicts:     584000 | #Constraints:      89522
c #Conflicts:     585000 | #Constraints:      90522
c #Conflicts:     586000 | #Constraints:      91522
c #Conflicts:     587000 | #Constraints:      92522
c #Conflicts:     588000 | #Constraints:      93522
c #Conflicts:     589000 | #Constraints:      94522
c #Conflicts:     590000 | #Constraints:      95522
c #Conflicts:     591000 | #Constraints:      96522
c #Conflicts:     592000 | #Constraints:      97522
c #Conflicts:     593000 | #Constraints:      98522
c #Conflicts:     594000 | #Constraints:      99522
c #Conflicts:     595000 | #Constraints:     100522
c #Conflicts:     596000 | #Constraints:     101522
c #Conflicts:     597000 | #Constraints:     102522
c #Conflicts:     598000 | #Constraints:     103522
c INPROCESSING
c GARBAGE COLLECT
c #Conflicts:     599000 | #Constraints:      65673
c #Conflicts:     600000 | #Constraints:      66673
c #Conflicts:     601000 | #Constraints:      67673
c #Conflicts:     602000 | #Constraints:      68673
c #Conflicts:     603000 | #Constraints:      69673
c #Conflicts:     604000 | #Constraints:      70673
c #Conflicts:     605000 | #Constraints:      71673
c #Conflicts:     606000 | #Constraints:      72673
c #Conflicts:     607000 | #Constraints:      73673
c #Conflicts:     608000 | #Constraints:      74673
c #Conflicts:     609000 | #Constraints:      75673
c #Conflicts:     610000 | #Constraints:      76673
c #Conflicts:     611000 | #Constraints:      77673
c #Conflicts:     612000 | #Constraints:      78673
c #Conflicts:     613000 | #Constraints:      79673
c #Conflicts:     614000 | #Constraints:      80673
c #Conflicts:     615000 | #Constraints:      81673
c #Conflicts:     616000 | #Constraints:      82673
c #Conflicts:     617000 | #Constraints:      83673
c #Conflicts:     618000 | #Constraints:      84673
c #Conflicts:     619000 | #Constraints:      85673
c INPROCESSING
c GARBAGE COLLECT
c #Conflicts:     620000 | #Constraints:      56962
c #Conflicts:     621000 | #Constraints:      57962
c #Conflicts:     622000 | #Constraints:      58962
c #Conflicts:     623000 | #Constraints:      59962
c #Conflicts:     624000 | #Constraints:      60962
c #Conflicts:     625000 | #Constraints:      61962
c #Conflicts:     626000 | #Constraints:      62962
c #Conflicts:     627000 | #Constraints:      63962
c #Conflicts:     628000 | #Constraints:      64962
c #Conflicts:     629000 | #Constraints:      65962
c #Conflicts:     630000 | #Constraints:      66962
c #Conflicts:     631000 | #Constraints:      67962
c #Conflicts:     632000 | #Constraints:      68962
c #Conflicts:     633000 | #Constraints:      69962
c #Conflicts:     634000 | #Constraints:      70962
c #Conflicts:     635000 | #Constraints:      71962
c #Conflicts:     636000 | #Constraints:      72962
c #Conflicts:     637000 | #Constraints:      73962
c #Conflicts:     638000 | #Constraints:      74962
c #Conflicts:     639000 | #Constraints:      75962
c #Conflicts:     640000 | #Constraints:      76962
c INPROCESSING
c GARBAGE COLLECT
c #Conflicts:     641000 | #Constraints:      54739
c #Conflicts:     642000 | #Constraints:      55739
c #Conflicts:     643000 | #Constraints:      56739
c #Conflicts:     644000 | #Constraints:      57739
c #Conflicts:     645000 | #Constraints:      58739
c #Conflicts:     646000 | #Constraints:      59739
c #Conflicts:     647000 | #Constraints:      60739
c #Conflicts:     648000 | #Constraints:      61739
c #Conflicts:     649000 | #Constraints:      62739
c #Conflicts:     650000 | #Constraints:      63739
c #Conflicts:     651000 | #Constraints:      64739
c #Conflicts:     652000 | #Constraints:      65739
c #Conflicts:     653000 | #Constraints:      66739
c #Conflicts:     654000 | #Constraints:      67739
c #Conflicts:     655000 | #Constraints:      68739
c #Conflicts:     656000 | #Constraints:      69739
c #Conflicts:     657000 | #Constraints:      70739
c #Conflicts:     658000 | #Constraints:      71739
c #Conflicts:     659000 | #Constraints:      72739
c #Conflicts:     660000 | #Constraints:      73739
c #Conflicts:     661000 | #Constraints:      74739
c #Conflicts:     662000 | #Constraints:      75739
c bounds -1812 >= -2520 @ 2182.34
c #Conflicts:     663000 | #Constraints:      76740
c #Conflicts:     664000 | #Constraints:      77740
c #Conflicts:     665000 | #Constraints:      78740
c #Conflicts:     666000 | #Constraints:      79740
c #Conflicts:     667000 | #Constraints:      80740
c #Conflicts:     668000 | #Constraints:      81740
c #Conflicts:     669000 | #Constraints:      82740
c #Conflicts:     670000 | #Constraints:      83740
c #Conflicts:     671000 | #Constraints:      84740
c #Conflicts:     672000 | #Constraints:      85740
c #Conflicts:     673000 | #Constraints:      86740
c #Conflicts:     674000 | #Constraints:      87740
c #Conflicts:     675000 | #Constraints:      88740
c #Conflicts:     676000 | #Constraints:      89740
c #Conflicts:     677000 | #Constraints:      90740
c #Conflicts:     678000 | #Constraints:      91740
c #Conflicts:     679000 | #Constraints:      92740
c #Conflicts:     680000 | #Constraints:      93740
c #Conflicts:     681000 | #Constraints:      94740
c #Conflicts:     682000 | #Constraints:      95740
c #Conflicts:     683000 | #Constraints:      96740
c #Conflicts:     684000 | #Constraints:      97740
c #Conflicts:     685000 | #Constraints:      98740
c #Conflicts:     686000 | #Constraints:      99740
c #Conflicts:     687000 | #Constraints:     100740
c #Conflicts:     688000 | #Constraints:     101740
c #Conflicts:     689000 | #Constraints:     102740
c #Conflicts:     690000 | #Constraints:     103740
c #Conflicts:     691000 | #Constraints:     104740
c #Conflicts:     692000 | #Constraints:     105740
c #Conflicts:     693000 | #Constraints:     106740
c #Conflicts:     694000 | #Constraints:     107740
c #Conflicts:     695000 | #Constraints:     108740
c INPROCESSING
c GARBAGE COLLECT
c #Conflicts:     696000 | #Constraints:      68347
c bounds -1818 >= -2520 @ 2526.39
c #Conflicts:     697000 | #Constraints:      69348
c #Conflicts:     698000 | #Constraints:      70348
c #Conflicts:     699000 | #Constraints:      71348
c #Conflicts:     700000 | #Constraints:      72348
c #Conflicts:     701000 | #Constraints:      73348
c #Conflicts:     702000 | #Constraints:      74348
c #Conflicts:     703000 | #Constraints:      75348
c #Conflicts:     704000 | #Constraints:      76348
c #Conflicts:     705000 | #Constraints:      77348
c #Conflicts:     706000 | #Constraints:      78348
c #Conflicts:     707000 | #Constraints:      79348
c #Conflicts:     708000 | #Constraints:      80348
c #Conflicts:     709000 | #Constraints:      81348
c #Conflicts:     710000 | #Constraints:      82348
c #Conflicts:     711000 | #Constraints:      83348
c #Conflicts:     712000 | #Constraints:      84348
c #Conflicts:     713000 | #Constraints:      85348
c #Conflicts:     714000 | #Constraints:      86348
c #Conflicts:     715000 | #Constraints:      87348
c #Conflicts:     716000 | #Constraints:      88348
c #Conflicts:     717000 | #Constraints:      89348
c INPROCESSING
c GARBAGE COLLECT
c #Conflicts:     718000 | #Constraints:      58614
c #Conflicts:     719000 | #Constraints:      59614
c #Conflicts:     720000 | #Constraints:      60614
c #Conflicts:     721000 | #Constraints:      61614
c #Conflicts:     722000 | #Constraints:      62614
c #Conflicts:     723000 | #Constraints:      63614
c #Conflicts:     724000 | #Constraints:      64614
c #Conflicts:     725000 | #Constraints:      65614
c #Conflicts:     726000 | #Constraints:      66614
c #Conflicts:     727000 | #Constraints:      67614
c #Conflicts:     728000 | #Constraints:      68614
c #Conflicts:     729000 | #Constraints:      69614
c #Conflicts:     730000 | #Constraints:      70614
c #Conflicts:     731000 | #Constraints:      71614
c #Conflicts:     732000 | #Constraints:      72614
c #Conflicts:     733000 | #Constraints:      73614
c #Conflicts:     734000 | #Constraints:      74614
c #Conflicts:     735000 | #Constraints:      75614
c #Conflicts:     736000 | #Constraints:      76614
c #Conflicts:     737000 | #Constraints:      77614
c #Conflicts:     738000 | #Constraints:      78614
c #Conflicts:     739000 | #Constraints:      79614
c #Conflicts:     740000 | #Constraints:      80614
c INPROCESSING
c GARBAGE COLLECT
c #Conflicts:     741000 | #Constraints:      55548
c #Conflicts:     742000 | #Constraints:      56548
c #Conflicts:     743000 | #Constraints:      57548
c #Conflicts:     744000 | #Constraints:      58548
c #Conflicts:     745000 | #Constraints:      59548
c #Conflicts:     746000 | #Constraints:      60548
c #Conflicts:     747000 | #Constraints:      61548
c #Conflicts:     748000 | #Constraints:      62548
c #Conflicts:     749000 | #Constraints:      63548
c #Conflicts:     750000 | #Constraints:      64548
c #Conflicts:     751000 | #Constraints:      65548
c #Conflicts:     752000 | #Constraints:      66548
c #Conflicts:     753000 | #Constraints:      67548
c #Conflicts:     754000 | #Constraints:      68548
c bounds -1820 >= -2520 @ 2886.88
c #Conflicts:     755000 | #Constraints:      69549
c #Conflicts:     756000 | #Constraints:      70549
c #Conflicts:     757000 | #Constraints:      71549
c #Conflicts:     758000 | #Constraints:      72549
c #Conflicts:     759000 | #Constraints:      73549
c #Conflicts:     760000 | #Constraints:      74549
c #Conflicts:     761000 | #Constraints:      75549
c #Conflicts:     762000 | #Constraints:      76549
c #Conflicts:     763000 | #Constraints:      77549
c #Conflicts:     764000 | #Constraints:      78549
c #Conflicts:     765000 | #Constraints:      79549
c #Conflicts:     766000 | #Constraints:      80549
c #Conflicts:     767000 | #Constraints:      81549
c #Conflicts:     768000 | #Constraints:      82549
c #Conflicts:     769000 | #Constraints:      83549
c #Conflicts:     770000 | #Constraints:      84549
c #Conflicts:     771000 | #Constraints:      85549
c #Conflicts:     772000 | #Constraints:      86549
c #Conflicts:     773000 | #Constraints:      87549
c #Conflicts:     774000 | #Constraints:      88549
c #Conflicts:     775000 | #Constraints:      89549
c #Conflicts:     776000 | #Constraints:      90549
c #Conflicts:     777000 | #Constraints:      91549
c #Conflicts:     778000 | #Constraints:      92549
c #Conflicts:     779000 | #Constraints:      93549
c #Conflicts:     780000 | #Constraints:      94549
c #Conflicts:     781000 | #Constraints:      95549
c #Conflicts:     782000 | #Constraints:      96549
c #Conflicts:     783000 | #Constraints:      97549
c bounds -1820 >= -2518 @ 3159.82
c #Conflicts:     784000 | #Constraints:      98630
c #Conflicts:     785000 | #Constraints:      99630
c #Conflicts:     786000 | #Constraints:     100630
c #Conflicts:     787000 | #Constraints:     101630
c #Conflicts:     788000 | #Constraints:     102630
c bounds -1824 >= -2518 @ 3190.33
c #Conflicts:     789000 | #Constraints:     103631
c #Conflicts:     790000 | #Constraints:     104631
c #Conflicts:     791000 | #Constraints:     105631
c #Conflicts:     792000 | #Constraints:     106631
c #Conflicts:     793000 | #Constraints:     107631
c #Conflicts:     794000 | #Constraints:     108631
c #Conflicts:     795000 | #Constraints:     109631
c #Conflicts:     796000 | #Constraints:     110631
c #Conflicts:     797000 | #Constraints:     111631
c #Conflicts:     798000 | #Constraints:     112631
c #Conflicts:     799000 | #Constraints:     113631
c INPROCESSING
c GARBAGE COLLECT
c #Conflicts:     800000 | #Constraints:      70821
c #Conflicts:     801000 | #Constraints:      71821
c #Conflicts:     802000 | #Constraints:      72821
c #Conflicts:     803000 | #Constraints:      73821
c #Conflicts:     804000 | #Constraints:      74821
c #Conflicts:     805000 | #Constraints:      75821
c #Conflicts:     806000 | #Constraints:      76821
c #Conflicts:     807000 | #Constraints:      77821
c #Conflicts:     808000 | #Constraints:      78821
c #Conflicts:     809000 | #Constraints:      79821
c bounds -1826 >= -2518 @ 3358.24
c #Conflicts:     810000 | #Constraints:      80822
c #Conflicts:     811000 | #Constraints:      81822
c #Conflicts:     812000 | #Constraints:      82822
c #Conflicts:     813000 | #Constraints:      83822
c #Conflicts:     814000 | #Constraints:      84822
c #Conflicts:     815000 | #Constraints:      85822
c #Conflicts:     816000 | #Constraints:      86822
c #Conflicts:     817000 | #Constraints:      87822
c #Conflicts:     818000 | #Constraints:      88822
c #Conflicts:     819000 | #Constraints:      89822
c #Conflicts:     820000 | #Constraints:      90822
c #Conflicts:     821000 | #Constraints:      91822
c #Conflicts:     822000 | #Constraints:      92822
c #Conflicts:     823000 | #Constraints:      93822
c INPROCESSING
c GARBAGE COLLECT
c #Conflicts:     824000 | #Constraints:      61004
c #Conflicts:     825000 | #Constraints:      62004
c #Conflicts:     826000 | #Constraints:      63004
c #Conflicts:     827000 | #Constraints:      64004
c #Conflicts:     828000 | #Constraints:      65004
c #Conflicts:     829000 | #Constraints:      66004
c #Conflicts:     830000 | #Constraints:      67004
c bounds -1828 >= -2518 @ 3559.76
c #Conflicts:     831000 | #Constraints:      68005
c #Conflicts:     832000 | #Constraints:      69005
c #Conflicts:     833000 | #Constraints:      70005
c bounds -1830 >= -2518 @ 3572.72
c #Conflicts:     834000 | #Constraints:      71006
c #Conflicts:     835000 | #Constraints:      72006
c bounds -1832 >= -2518 @ 3579.4
c #Conflicts:     836000 | #Constraints:      73007
c bounds -1834 >= -2518 @ 3588.16
c #Conflicts:     837000 | #Constraints:      74008
c #Conflicts:     838000 | #Constraints:      75008
c #Conflicts:     839000 | #Constraints:      76008
c #Conflicts:     840000 | #Constraints:      77008
c #Conflicts:     841000 | #Constraints:      78008
c #Conflicts:     842000 | #Constraints:      79008
c #Conflicts:     843000 | #Constraints:      80008
c #Conflicts:     844000 | #Constraints:      81008
c #Conflicts:     845000 | #Constraints:      82008
c #Conflicts:     846000 | #Constraints:      83008
c #Conflicts:     847000 | #Constraints:      84008
c INPROCESSING
c GARBAGE COLLECT
c #Conflicts:     848000 | #Constraints:      57775
c #Conflicts:     849000 | #Constraints:      58775
c #Conflicts:     850000 | #Constraints:      59775
c #Conflicts:     851000 | #Constraints:      60775
c #Conflicts:     852000 | #Constraints:      61775
c #Conflicts:     853000 | #Constraints:      62775
c #Conflicts:     854000 | #Constraints:      63775
c bounds -1838 >= -2518 @ 3684.36
c bounds -1840 >= -2518 @ 3685.49
c #Conflicts:     855000 | #Constraints:      64777
c #Conflicts:     856000 | #Constraints:      65777
c bounds -1842 >= -2518 @ 3698.2
c #Conflicts:     857000 | #Constraints:      66778
c bounds -1844 >= -2518 @ 3699.19
c #Conflicts:     858000 | #Constraints:      67779
c #Conflicts:     859000 | #Constraints:      68779
c #Conflicts:     860000 | #Constraints:      69779
c #Conflicts:     861000 | #Constraints:      70779
c #Conflicts:     862000 | #Constraints:      71779
c #Conflicts:     863000 | #Constraints:      72779
c #Conflicts:     864000 | #Constraints:      73779
c bounds -1846 >= -2518 @ 3734.95
c #Conflicts:     865000 | #Constraints:      74780
c #Conflicts:     866000 | #Constraints:      75780
c #Conflicts:     867000 | #Constraints:      76780
c #Conflicts:     868000 | #Constraints:      77780
c #Conflicts:     869000 | #Constraints:      78780
c #Conflicts:     870000 | #Constraints:      79780
c #Conflicts:     871000 | #Constraints:      80780
c #Conflicts:     872000 | #Constraints:      81780
c #Conflicts:     873000 | #Constraints:      82780
c #Conflicts:     874000 | #Constraints:      83780
c #Conflicts:     875000 | #Constraints:      84780
c #Conflicts:     876000 | #Constraints:      85780
c #Conflicts:     877000 | #Constraints:      86780
c #Conflicts:     878000 | #Constraints:      87780
c #Conflicts:     879000 | #Constraints:      88780
c #Conflicts:     880000 | #Constraints:      89780
c #Conflicts:     881000 | #Constraints:      90780
c #Conflicts:     882000 | #Constraints:      91780
c #Conflicts:     883000 | #Constraints:      92780
c #Conflicts:     884000 | #Constraints:      93780
c #Conflicts:     885000 | #Constraints:      94780
c #Conflicts:     886000 | #Constraints:      95780
c #Conflicts:     887000 | #Constraints:      96780
c #Conflicts:     888000 | #Constraints:      97780
c #Conflicts:     889000 | #Constraints:      98780
c #Conflicts:     890000 | #Constraints:      99780
c #Conflicts:     891000 | #Constraints:     100780
c #Conflicts:     892000 | #Constraints:     101780
c #Conflicts:     893000 | #Constraints:     102780
c #Conflicts:     894000 | #Constraints:     103780
c #Conflicts:     895000 | #Constraints:     104780
c #Conflicts:     896000 | #Constraints:     105780
c #Conflicts:     897000 | #Constraints:     106780
c #Conflicts:     898000 | #Constraints:     107780
c #Conflicts:     899000 | #Constraints:     108780
c #Conflicts:     900000 | #Constraints:     109780
c #Conflicts:     901000 | #Constraints:     110780
c #Conflicts:     902000 | #Constraints:     111780
c #Conflicts:     903000 | #Constraints:     112780
c #Conflicts:     904000 | #Constraints:     113780
c #Conflicts:     905000 | #Constraints:     114780
c #Conflicts:     906000 | #Constraints:     115780
c #Conflicts:     907000 | #Constraints:     116780
c #Conflicts:     908000 | #Constraints:     117780
c #Conflicts:     909000 | #Constraints:     118780
c #Conflicts:     910000 | #Constraints:     119780
c INPROCESSING
c GARBAGE COLLECT
c #Conflicts:     911000 | #Constraints:      73661
c #Conflicts:     912000 | #Constraints:      74661
c #Conflicts:     913000 | #Constraints:      75661
c #Conflicts:     914000 | #Constraints:      76661
c #Conflicts:     915000 | #Constraints:      77661
c #Conflicts:     916000 | #Constraints:      78661
c #Conflicts:     917000 | #Constraints:      79661
c #Conflicts:     918000 | #Constraints:      80661
c #Conflicts:     919000 | #Constraints:      81661
c #Conflicts:     920000 | #Constraints:      82661
c #Conflicts:     921000 | #Constraints:      83661
c #Conflicts:     922000 | #Constraints:      84661
c #Conflicts:     923000 | #Constraints:      85661
c bounds -1848 >= -2518 @ 4659.13
c #Conflicts:     924000 | #Constraints:      86662
c #Conflicts:     925000 | #Constraints:      87662
c #Conflicts:     926000 | #Constraints:      88662
c #Conflicts:     927000 | #Constraints:      89662
c #Conflicts:     928000 | #Constraints:      90662
c #Conflicts:     929000 | #Constraints:      91662
c #Conflicts:     930000 | #Constraints:      92662
c #Conflicts:     931000 | #Constraints:      93662
c #Conflicts:     932000 | #Constraints:      94662
c #Conflicts:     933000 | #Constraints:      95662
c #Conflicts:     934000 | #Constraints:      96662
c #Conflicts:     935000 | #Constraints:      97662
c #Conflicts:     936000 | #Constraints:      98662
c INPROCESSING
c GARBAGE COLLECT
c #Conflicts:     937000 | #Constraints:      63609
c #Conflicts:     938000 | #Constraints:      64609
c #Conflicts:     939000 | #Constraints:      65609
c #Conflicts:     940000 | #Constraints:      66609
c #Conflicts:     941000 | #Constraints:      67609
c #Conflicts:     942000 | #Constraints:      68609
c #Conflicts:     943000 | #Constraints:      69609
c #Conflicts:     944000 | #Constraints:      70609
c #Conflicts:     945000 | #Constraints:      71609
c #Conflicts:     946000 | #Constraints:      72609
c #Conflicts:     947000 | #Constraints:      73609
c #Conflicts:     948000 | #Constraints:      74609
c #Conflicts:     949000 | #Constraints:      75609
c #Conflicts:     950000 | #Constraints:      76609
c #Conflicts:     951000 | #Constraints:      77609
c #Conflicts:     952000 | #Constraints:      78609
c #Conflicts:     953000 | #Constraints:      79609
c #Conflicts:     954000 | #Constraints:      80609
c #Conflicts:     955000 | #Constraints:      81609
c #Conflicts:     956000 | #Constraints:      82609
c #Conflicts:     957000 | #Constraints:      83609
c #Conflicts:     958000 | #Constraints:      84609
c bounds -1854 >= -2518 @ 5234.7
c #Conflicts:     959000 | #Constraints:      85610
c #Conflicts:     960000 | #Constraints:      86610
c #Conflicts:     961000 | #Constraints:      87610
c INPROCESSING
c GARBAGE COLLECT
c #Conflicts:     962000 | #Constraints:      60844
c #Conflicts:     963000 | #Constraints:      61844
c #Conflicts:     964000 | #Constraints:      62844
c #Conflicts:     965000 | #Constraints:      63844
c #Conflicts:     966000 | #Constraints:      64844
c #Conflicts:     967000 | #Constraints:      65844
c #Conflicts:     968000 | #Constraints:      66844
c #Conflicts:     969000 | #Constraints:      67844
c #Conflicts:     970000 | #Constraints:      68844
c #Conflicts:     971000 | #Constraints:      69844
c #Conflicts:     972000 | #Constraints:      70844
c #Conflicts:     973000 | #Constraints:      71844
c #Conflicts:     974000 | #Constraints:      72844
c #Conflicts:     975000 | #Constraints:      73844
c #Conflicts:     976000 | #Constraints:      74844
c #Conflicts:     977000 | #Constraints:      75844
c #Conflicts:     978000 | #Constraints:      76844
c #Conflicts:     979000 | #Constraints:      77844
c #Conflicts:     980000 | #Constraints:      78844
c #Conflicts:     981000 | #Constraints:      79844
c #Conflicts:     982000 | #Constraints:      80844
c #Conflicts:     983000 | #Constraints:      81844
c #Conflicts:     984000 | #Constraints:      82844
c #Conflicts:     985000 | #Constraints:      83844
c #Conflicts:     986000 | #Constraints:      84844
c #Conflicts:     987000 | #Constraints:      85844
c #Conflicts:     988000 | #Constraints:      86844
c #Conflicts:     989000 | #Constraints:      87844
c #Conflicts:     990000 | #Constraints:      88844
c #Conflicts:     991000 | #Constraints:      89844
c #Conflicts:     992000 | #Constraints:      90844
c #Conflicts:     993000 | #Constraints:      91844
c #Conflicts:     994000 | #Constraints:      92844
c #Conflicts:     995000 | #Constraints:      93844
c #Conflicts:     996000 | #Constraints:      94844
c #Conflicts:     997000 | #Constraints:      95844
c #Conflicts:     998000 | #Constraints:      96844
c #Conflicts:     999000 | #Constraints:      97844
c #Conflicts:    1000000 | #Constraints:      98844
c #Conflicts:    1001000 | #Constraints:      99844
c #Conflicts:    1002000 | #Constraints:     100844
c #Conflicts:    1003000 | #Constraints:     101844
c #Conflicts:    1004000 | #Constraints:     102844
c #Conflicts:    1005000 | #Constraints:     103844
c #Conflicts:    1006000 | #Constraints:     104844
c #Conflicts:    1007000 | #Constraints:     105844
c #Conflicts:    1008000 | #Constraints:     106844
c #Conflicts:    1009000 | #Constraints:     107844
c #Conflicts:    1010000 | #Constraints:     108844
c #Conflicts:    1011000 | #Constraints:     109844
c #Conflicts:    1012000 | #Constraints:     110844
c #Conflicts:    1013000 | #Constraints:     111844
c #Conflicts:    1014000 | #Constraints:     112844
c #Conflicts:    1015000 | #Constraints:     113844
c #Conflicts:    1016000 | #Constraints:     114844
c #Conflicts:    1017000 | #Constraints:     115844
c #Conflicts:    1018000 | #Constraints:     116844
c #Conflicts:    1019000 | #Constraints:     117844
c #Conflicts:    1020000 | #Constraints:     118844
c #Conflicts:    1021000 | #Constraints:     119844
c #Conflicts:    1022000 | #Constraints:     120844
c #Conflicts:    1023000 | #Constraints:     121844
c #Conflicts:    1024000 | #Constraints:     122844
c #Conflicts:    1025000 | #Constraints:     123844
c #Conflicts:    1026000 | #Constraints:     124844
c #Conflicts:    1027000 | #Constraints:     125844
c #Conflicts:    1028000 | #Constraints:     126844
c #Conflicts:    1029000 | #Constraints:     127844
c INPROCESSING
c GARBAGE COLLECT
c #Conflicts:    1030000 | #Constraints:      77958
c #Conflicts:    1031000 | #Constraints:      78958
c #Conflicts:    1032000 | #Constraints:      79958
c #Conflicts:    1033000 | #Constraints:      80958
c #Conflicts:    1034000 | #Constraints:      81958
c #Conflicts:    1035000 | #Constraints:      82958
c #Conflicts:    1036000 | #Constraints:      83958
c bounds -1856 >= -2518 @ 7144.96
c #Conflicts:    1037000 | #Constraints:      84959
c bounds -1858 >= -2518 @ 7148.5
c #Conflicts:    1038000 | #Constraints:      85960
c #Conflicts:    1039000 | #Constraints:      86960
c #Conflicts:    1040000 | #Constraints:      87960
c #Conflicts:    1041000 | #Constraints:      88960
c #Conflicts:    1042000 | #Constraints:      89960
c bounds -1860 >= -2518 @ 7165.08
c #Conflicts:    1043000 | #Constraints:      90961
c #Conflicts:    1044000 | #Constraints:      91961
c bounds -1862 >= -2518 @ 7179.71
c #Conflicts:    1045000 | #Constraints:      92962
c #Conflicts:    1046000 | #Constraints:      93962
c bounds -1864 >= -2518 @ 7185.53
c #Conflicts:    1047000 | #Constraints:      94963
c bounds -1866 >= -2518 @ 7191.94
c #Conflicts:    1048000 | #Constraints:      95964
c #Conflicts:    1049000 | #Constraints:      96964
c #Conflicts:    1050000 | #Constraints:      97964
c #Conflicts:    1051000 | #Constraints:      98964
c #Conflicts:    1052000 | #Constraints:      99964
c #Conflicts:    1053000 | #Constraints:     100964
c #Conflicts:    1054000 | #Constraints:     101964
c #Conflicts:    1055000 | #Constraints:     102964
c #Conflicts:    1056000 | #Constraints:     103964
c INPROCESSING
c GARBAGE COLLECT
c #Conflicts:    1057000 | #Constraints:      66241
c bounds -1868 >= -2518 @ 7248.38
c #Conflicts:    1058000 | #Constraints:      67242
c #Conflicts:    1059000 | #Constraints:      68242
c #Conflicts:    1060000 | #Constraints:      69242
c #Conflicts:    1061000 | #Constraints:      70242
c #Conflicts:    1062000 | #Constraints:      71242
c #Conflicts:    1063000 | #Constraints:      72242
c #Conflicts:    1064000 | #Constraints:      73242
c #Conflicts:    1065000 | #Constraints:      74242
c #Conflicts:    1066000 | #Constraints:      75242
c #Conflicts:    1067000 | #Constraints:      76242
c #Conflicts:    1068000 | #Constraints:      77242
c #Conflicts:    1069000 | #Constraints:      78242
c #Conflicts:    1070000 | #Constraints:      79242
c #Conflicts:    1071000 | #Constraints:      80242
c #Conflicts:    1072000 | #Constraints:      81242
c #Conflicts:    1073000 | #Constraints:      82242
c #Conflicts:    1074000 | #Constraints:      83242
c #Conflicts:    1075000 | #Constraints:      84242
c #Conflicts:    1076000 | #Constraints:      85242
c #Conflicts:    1077000 | #Constraints:      86242
c #Conflicts:    1078000 | #Constraints:      87242
c #Conflicts:    1079000 | #Constraints:      88242
c #Conflicts:    1080000 | #Constraints:      89242
c #Conflicts:    1081000 | #Constraints:      90242
c #Conflicts:    1082000 | #Constraints:      91242
c INPROCESSING
c GARBAGE COLLECT
c #Conflicts:    1083000 | #Constraints:      63960
c #Conflicts:    1084000 | #Constraints:      64960
c #Conflicts:    1085000 | #Constraints:      65960
c bounds -1870 >= -2518 @ 7459.18
c #Conflicts:    1086000 | #Constraints:      66961
c #Conflicts:    1087000 | #Constraints:      67961
c #Conflicts:    1088000 | #Constraints:      68961
c #Conflicts:    1089000 | #Constraints:      69961
c #Conflicts:    1090000 | #Constraints:      70961
c #Conflicts:    1091000 | #Constraints:      71961
c bounds -1876 >= -2518 @ 7482.82
c #Conflicts:    1092000 | #Constraints:      72962
c bounds -1878 >= -2518 @ 7484.07
c #Conflicts:    1093000 | #Constraints:      73963
c #Conflicts:    1094000 | #Constraints:      74963
c #Conflicts:    1095000 | #Constraints:      75963
c #Conflicts:    1096000 | #Constraints:      76963
c bounds -1882 >= -2518 @ 7504.37
c bounds -1884 >= -2518 @ 7507.16
c #Conflicts:    1097000 | #Constraints:      77965
c #Conflicts:    1098000 | #Constraints:      78965
c bounds -1888 >= -2518 @ 7518.1
c #Conflicts:    1099000 | #Constraints:      79966
c #Conflicts:    1100000 | #Constraints:      80966
c bounds -1890 >= -2518 @ 7525.46
c #Conflicts:    1101000 | #Constraints:      81967
c bounds -1892 >= -2518 @ 7531.79
c #Conflicts:    1102000 | #Constraints:      82968
c bounds -1894 >= -2518 @ 7540
c #Conflicts:    1103000 | #Constraints:      83969
c #Conflicts:    1104000 | #Constraints:      84969
c #Conflicts:    1105000 | #Constraints:      85969
c #Conflicts:    1106000 | #Constraints:      86969
c #Conflicts:    1107000 | #Constraints:      87969
c bounds -1896 >= -2518 @ 7586.42
c #Conflicts:    1108000 | #Constraints:      88970
c #Conflicts:    1109000 | #Constraints:      89970
c #Conflicts:    1110000 | #Constraints:      90970
c #Conflicts:    1111000 | #Constraints:      91970
c #Conflicts:    1112000 | #Constraints:      92970
c #Conflicts:    1113000 | #Constraints:      93970
c #Conflicts:    1114000 | #Constraints:      94970
c #Conflicts:    1115000 | #Constraints:      95970
c #Conflicts:    1116000 | #Constraints:      96970
c #Conflicts:    1117000 | #Constraints:      97970
c #Conflicts:    1118000 | #Constraints:      98970
c #Conflicts:    1119000 | #Constraints:      99970
c #Conflicts:    1120000 | #Constraints:     100970
c #Conflicts:    1121000 | #Constraints:     101970
c #Conflicts:    1122000 | #Constraints:     102970
c #Conflicts:    1123000 | #Constraints:     103970
c #Conflicts:    1124000 | #Constraints:     104970
c #Conflicts:    1125000 | #Constraints:     105970
c #Conflicts:    1126000 | #Constraints:     106970
c #Conflicts:    1127000 | #Constraints:     107970
c #Conflicts:    1128000 | #Constraints:     108970
c #Conflicts:    1129000 | #Constraints:     109970
c #Conflicts:    1130000 | #Constraints:     110970
c #Conflicts:    1131000 | #Constraints:     111970
c #Conflicts:    1132000 | #Constraints:     112970
c #Conflicts:    1133000 | #Constraints:     113970
c #Conflicts:    1134000 | #Constraints:     114970
c #Conflicts:    1135000 | #Constraints:     115970
c #Conflicts:    1136000 | #Constraints:     116970
c bounds -1898 >= -2518 @ 8279.4
c #Conflicts:    1137000 | #Constraints:     117971
c #Conflicts:    1138000 | #Constraints:     118971
c #Conflicts:    1139000 | #Constraints:     119971
c #Conflicts:    1140000 | #Constraints:     120971
c #Conflicts:    1141000 | #Constraints:     121971
c #Conflicts:    1142000 | #Constraints:     122971
c #Conflicts:    1143000 | #Constraints:     123971
c #Conflicts:    1144000 | #Constraints:     124971
c #Conflicts:    1145000 | #Constraints:     125971
c #Conflicts:    1146000 | #Constraints:     126971
c #Conflicts:    1147000 | #Constraints:     127971
c #Conflicts:    1148000 | #Constraints:     128971
c #Conflicts:    1149000 | #Constraints:     129971
c #Conflicts:    1150000 | #Constraints:     130971
c #Conflicts:    1151000 | #Constraints:     131971
c #Conflicts:    1152000 | #Constraints:     132971
