c RoundingSat 2
c branch 
c commit 
c #variables 750 #constraints 1989
c bounds - >= -150 @ 0.006265
c bounds 0 >= -150 @ 0.006565
c bounds 0 >= -149 @ 0.007327
c bounds 0 >= -148 @ 0.007335
c bounds 0 >= -147 @ 0.007939
c bounds -4 >= -147 @ 0.014746
c bounds -4 >= -146 @ 0.015421
c bounds -4 >= -145 @ 0.016028
c bounds -4 >= -144 @ 0.016625
c bounds -4 >= -143 @ 0.017298
c bounds -4 >= -142 @ 0.017417
c bounds -4 >= -141 @ 0.017631
c bounds -4 >= -140 @ 0.018457
c bounds -4 >= -139 @ 0.018622
c bounds -4 >= -138 @ 0.01922
c bounds -4 >= -137 @ 0.019813
c bounds -4 >= -136 @ 0.020378
c bounds -4 >= -135 @ 0.020453
c bounds -4 >= -134 @ 0.020463
c bounds -4 >= -133 @ 0.020463
c bounds -4 >= -132 @ 0.020463
c bounds -4 >= -131 @ 0.020512
c bounds -4 >= -130 @ 0.021066
c bounds -4 >= -129 @ 0.021446
c bounds -4 >= -128 @ 0.021446
c bounds -4 >= -127 @ 0.021446
c bounds -4 >= -126 @ 0.021446
c bounds -4 >= -125 @ 0.021988
c bounds -4 >= -124 @ 0.022502
c bounds -4 >= -123 @ 0.023243
c bounds -4 >= -122 @ 0.023428
c bounds -4 >= -121 @ 0.023428
c bounds -4 >= -120 @ 0.023428
c bounds -4 >= -119 @ 0.023632
c bounds -4 >= -118 @ 0.024323
c bounds -4 >= -117 @ 0.024824
c bounds -4 >= -116 @ 0.025314
c bounds -4 >= -115 @ 0.0258
c bounds -4 >= -114 @ 0.026277
c bounds -4 >= -113 @ 0.026752
c bounds -4 >= -112 @ 0.02726
c bounds -4 >= -111 @ 0.027408
c bounds -4 >= -110 @ 0.027408
c bounds -4 >= -109 @ 0.027751
c bounds -4 >= -108 @ 0.028229
c bounds -4 >= -107 @ 0.028423
c bounds -4 >= -106 @ 0.028423
c bounds -4 >= -105 @ 0.028883
c bounds -4 >= -104 @ 0.029495
c bounds -4 >= -103 @ 0.030413
c bounds -6 >= -103 @ 0.030898
c bounds -6 >= -102 @ 0.032185
c bounds -8 >= -102 @ 0.032638
c bounds -10 >= -102 @ 0.033044
c bounds -10 >= -101 @ 0.033403
c bounds -12 >= -101 @ 0.033403
c bounds -12 >= -100 @ 0.033434
c bounds -14 >= -100 @ 0.03358
c bounds -100 >= -100 @ 0.034413
c cpu time 0.034413 s
c deterministic time 270664 2.71e+05
c optimization time 0.001932 s
c total solve time 0.026234 s
c core-guided solve time 0.017854 s
c propagation time 0.013523 s
c conflict analysis time 0.004445 s
c propagations 19213
c resolve steps 1920
c decisions 21183
c conflicts 272
c restarts 2
c inprocessing phases 0
c input clauses 1891
c input cardinalities 418
c input general constraints 54
c input average constraint length 9.97
c input average constraint degree 2.28
c learned clauses 181
c learned cardinalities 8
c learned general constraints 83
c learned average constraint length 40.73
c learned average constraint degree 2.21
c watched constraints 27
c counting constraints 110
c gcd simplifications 0
c detected cardinalities 0
c weakened non-implied lits 6849
c weakened non-implying lits 0
c original variables 750
c clausal propagations 10850
c cardinality propagations 6368
c watched propagations 7
c counting propagations 747
c watch lookups 38762
c watch backjump lookups 4890
c watch checks 66982
c propagation checks 49417
c constraint additions 29741
c trail pops 40475
c formula constraints 1989
c learned constraints 272
c bound constraints 250
c core-guided constraints 124
c encountered formula constraints 1903
c encountered learned constraints 213
c encountered bound constraints 43
c encountered core-guided constraints 33
c LP total time 0 s
c LP solve time 0 s
c LP constraints added 0
c LP constraints removed 0
c LP pivots internal 0
c LP pivots root 0
c LP calls 0
c LP optimalities 0
c LP no pivot count 0
c LP infeasibilities 0
c LP valid Farkas constraints 0
c LP learned Farkas constraints 0
c LP basis resets 0
c LP cycling count 0
c LP singular count 0
c LP no primal count 0
c LP no farkas count 0
c LP other issue count 0
c LP Gomory cuts 0
c LP learned cuts 0
c LP deleted cuts 0
c LP encountered Gomory constraints 0
c LP encountered Farkas constraints 0
c LP encountered learned Farkas constraints 0
c CG auxiliary variables introduced 58
c CG solutions found 8
c CG cores constructed 50
c CG core cardinality constraints returned 0
c CG unit cores 0
c CG single cores 50
c CG blocks removed during cardinality reduction 0
c CG first core best 0
c CG decision core best 0
c CG core reduction tie 0
c CG core degree average 1.00
c CG core slack average 2.32
o -100
s OPTIMUM FOUND
