c RoundingSat 2
c branch 
c commit 
c #variables 1500 #constraints 4033
c bounds - >= -300 @ 0.013355
c bounds 0 >= -300 @ 0.013897
c bounds 0 >= -299 @ 0.015981
c bounds 0 >= -298 @ 0.017199
c bounds -2 >= -298 @ 0.032584
c bounds -2 >= -297 @ 0.032912
c bounds -2 >= -296 @ 0.033745
c bounds -2 >= -295 @ 0.034025
c bounds -2 >= -294 @ 0.035177
c bounds -2 >= -293 @ 0.035874
c bounds -2 >= -292 @ 0.036514
c bounds -2 >= -291 @ 0.037665
c bounds -2 >= -290 @ 0.037862
c bounds -2 >= -289 @ 0.038291
c bounds -2 >= -288 @ 0.038837
c bounds -2 >= -287 @ 0.038837
c bounds -2 >= -286 @ 0.039388
c bounds -2 >= -285 @ 0.040484
c bounds -2 >= -284 @ 0.040789
c bounds -2 >= -283 @ 0.041054
c bounds -2 >= -282 @ 0.04177
c bounds -2 >= -281 @ 0.04252
c bounds -2 >= -280 @ 0.043655
c bounds -2 >= -279 @ 0.043804
c bounds -2 >= -278 @ 0.044753
c bounds -2 >= -277 @ 0.044753
c bounds -2 >= -276 @ 0.045157
c bounds -2 >= -275 @ 0.045731
c bounds -2 >= -274 @ 0.045731
c bounds -2 >= -273 @ 0.045731
c bounds -2 >= -272 @ 0.045731
c bounds -2 >= -271 @ 0.046725
c bounds -2 >= -270 @ 0.047834
c bounds -2 >= -269 @ 0.048685
c bounds -2 >= -268 @ 0.048685
c bounds -2 >= -267 @ 0.048685
c bounds -2 >= -266 @ 0.049218
c bounds -2 >= -265 @ 0.049664
c bounds -2 >= -264 @ 0.050344
c bounds -2 >= -263 @ 0.051395
c bounds -2 >= -262 @ 0.051653
c bounds -2 >= -261 @ 0.05249
c bounds -2 >= -260 @ 0.053545
c bounds -2 >= -259 @ 0.05458
c bounds -2 >= -258 @ 0.054641
c bounds -2 >= -257 @ 0.054688
c bounds -2 >= -256 @ 0.055687
c bounds -2 >= -255 @ 0.056643
c bounds -2 >= -254 @ 0.056739
c bounds -2 >= -253 @ 0.057639
c bounds -2 >= -252 @ 0.057639
c bounds -2 >= -251 @ 0.057639
c bounds -2 >= -250 @ 0.058292
c bounds -2 >= -249 @ 0.058617
c bounds -2 >= -248 @ 0.059282
c bounds -6 >= -248 @ 0.060232
c bounds -6 >= -247 @ 0.060611
c bounds -6 >= -246 @ 0.061246
c bounds -6 >= -245 @ 0.061608
c bounds -6 >= -244 @ 0.061608
c bounds -6 >= -243 @ 0.062301
c bounds -6 >= -242 @ 0.062595
c bounds -8 >= -242 @ 0.063058
c bounds -8 >= -241 @ 0.064055
c bounds -8 >= -240 @ 0.065065
c bounds -8 >= -239 @ 0.065584
c bounds -8 >= -238 @ 0.065587
c bounds -14 >= -238 @ 0.065953
c bounds -14 >= -237 @ 0.066582
c bounds -14 >= -236 @ 0.067296
c bounds -14 >= -235 @ 0.067577
c bounds -14 >= -234 @ 0.068368
c bounds -16 >= -234 @ 0.068704
c bounds -16 >= -233 @ 0.069646
c bounds -16 >= -232 @ 0.070862
c bounds -16 >= -231 @ 0.071814
c bounds -16 >= -230 @ 0.073043
c bounds -18 >= -230 @ 0.073918
c bounds -18 >= -229 @ 0.074548
c bounds -18 >= -228 @ 0.074564
c bounds -18 >= -227 @ 0.074564
c bounds -20 >= -227 @ 0.074753
c bounds -20 >= -226 @ 0.075774
c bounds -20 >= -225 @ 0.076548
c bounds -20 >= -224 @ 0.076548
c bounds -20 >= -223 @ 0.076949
c bounds -22 >= -223 @ 0.077814
c bounds -22 >= -222 @ 0.078539
c bounds -22 >= -221 @ 0.078539
c bounds -22 >= -220 @ 0.078961
c bounds -24 >= -220 @ 0.079962
c bounds -24 >= -219 @ 0.081471
c bounds -24 >= -218 @ 0.081528
c bounds -24 >= -217 @ 0.082305
c bounds -24 >= -216 @ 0.082525
c bounds -26 >= -216 @ 0.083094
c bounds -26 >= -215 @ 0.084071
c bounds -26 >= -214 @ 0.084515
c bounds -26 >= -213 @ 0.084515
c bounds -26 >= -212 @ 0.084515
c bounds -30 >= -212 @ 0.08473
c bounds -30 >= -211 @ 0.085782
c bounds -30 >= -210 @ 0.0865
c bounds -30 >= -209 @ 0.086574
c bounds -32 >= -209 @ 0.087714
c bounds -32 >= -208 @ 0.088671
c bounds -32 >= -207 @ 0.089501
c bounds -32 >= -206 @ 0.090475
c bounds -32 >= -205 @ 0.091397
c bounds -34 >= -205 @ 0.093022
c bounds -34 >= -204 @ 0.093288
c bounds -34 >= -203 @ 0.094576
c bounds -36 >= -203 @ 0.095879
c bounds -40 >= -203 @ 0.09696
c bounds -40 >= -202 @ 0.098326
c bounds -40 >= -201 @ 0.09949
c bounds -42 >= -201 @ 0.106589
c bounds -42 >= -200 @ 0.117476
c bounds -136 >= -200 @ 0.137418
c bounds -200 >= -200 @ 0.140417
c cpu time 0.140417 s
c deterministic time 1714168 1.71e+06
c optimization time 0.00644 s
c total solve time 0.120656 s
c core-guided solve time 0.067812 s
c propagation time 0.059262 s
c conflict analysis time 0.026646 s
c propagations 156222
c resolve steps 15820
c decisions 82289
c conflicts 998
c restarts 6
c inprocessing phases 0
c input clauses 3833
c input cardinalities 833
c input general constraints 105
c input average constraint length 17.56
c input average constraint degree 3.56
c learned clauses 835
c learned cardinalities 8
c learned general constraints 156
c learned average constraint length 44.87
c learned average constraint degree 2.99
c watched constraints 25
c counting constraints 236
c gcd simplifications 1
c detected cardinalities 0
c weakened non-implied lits 26342
c weakened non-implying lits 0
c original variables 1500
c clausal propagations 90646
c cardinality propagations 55014
c watched propagations 17
c counting propagations 7532
c watch lookups 310421
c watch backjump lookups 53364
c watch checks 380969
c propagation checks 359754
c constraint additions 132026
c trail pops 239122
c formula constraints 4033
c learned constraints 999
c bound constraints 505
c core-guided constraints 233
c encountered formula constraints 15465
c encountered learned constraints 1147
c encountered bound constraints 76
c encountered core-guided constraints 130
c LP total time 0 s
c LP solve time 0 s
c LP constraints added 0
c LP constraints removed 0
c LP pivots internal 0
c LP pivots root 0
c LP calls 0
c LP optimalities 0
c LP no pivot count 0
c LP infeasibilities 0
c LP valid Farkas constraints 0
c LP learned Farkas constraints 0
c LP basis resets 0
c LP cycling count 0
c LP singular count 0
c LP no primal count 0
c LP no farkas count 0
c LP other issue count 0
c LP Gomory cuts 0
c LP learned cuts 0
c LP deleted cuts 0
c LP encountered Gomory constraints 0
c LP encountered Farkas constraints 0
c LP encountered learned Farkas constraints 0
c CG auxiliary variables introduced 111
c CG solutions found 19
c CG cores constructed 100
c CG core cardinality constraints returned 0
c CG unit cores 0
c CG single cores 100
c CG blocks removed during cardinality reduction 0
c CG first core best 0
c CG decision core best 0
c CG core reduction tie 0
c CG core degree average 1.00
c CG core slack average 2.25
o -200
s OPTIMUM FOUND
