c RoundingSat 2
c branch 
c commit 
c #variables 16050 #constraints 30929
c bounds - >= -2371 @ 0.120026
c bounds 0 >= -2371 @ 0.126767
c bounds 0 >= -2370 @ 0.137904
c bounds 0 >= -2369 @ 0.145776
c bounds 0 >= -2368 @ 0.150293
c bounds -1 >= -2368 @ 0.168129
c bounds -1 >= -2367 @ 0.173431
c bounds -1 >= -2366 @ 0.177979
c bounds -1 >= -2365 @ 0.182518
c bounds -1 >= -2364 @ 0.188998
c bounds -1 >= -2363 @ 0.196472
c bounds -5 >= -2363 @ 0.203365
c bounds -5 >= -2362 @ 0.208556
c bounds -5 >= -2361 @ 0.212295
c bounds -5 >= -2360 @ 0.215352
c bounds -5 >= -2359 @ 0.225547
c bounds -10 >= -2359 @ 0.240795
c bounds -10 >= -2358 @ 0.245831
c bounds -10 >= -2357 @ 0.251289
c bounds -10 >= -2356 @ 0.253791
c bounds -10 >= -2355 @ 0.258242
c bounds -11 >= -2355 @ 0.261646
c bounds -11 >= -2354 @ 0.268439
c bounds -11 >= -2353 @ 0.27082
c bounds -11 >= -2352 @ 0.275167
c bounds -11 >= -2351 @ 0.281795
c bounds -12 >= -2351 @ 0.285925
c bounds -12 >= -2350 @ 0.290771
c bounds -12 >= -2349 @ 0.295183
c bounds -12 >= -2348 @ 0.300399
c bounds -12 >= -2347 @ 0.303757
c bounds -12 >= -2346 @ 0.309169
c bounds -13 >= -2346 @ 0.314687
c bounds -13 >= -2345 @ 0.319313
c bounds -13 >= -2344 @ 0.32367
c bounds -13 >= -2343 @ 0.331983
c bounds -13 >= -2342 @ 0.337692
c bounds -14 >= -2342 @ 0.341395
c bounds -14 >= -2341 @ 0.347114
c bounds -14 >= -2340 @ 0.352546
c bounds -14 >= -2339 @ 0.355869
c bounds -14 >= -2338 @ 0.360254
c bounds -15 >= -2338 @ 0.36577
c bounds -15 >= -2337 @ 0.371008
c bounds -15 >= -2336 @ 0.374314
c bounds -15 >= -2335 @ 0.380623
c bounds -15 >= -2334 @ 0.386972
c bounds -16 >= -2334 @ 0.390389
c bounds -16 >= -2333 @ 0.397988
c bounds -16 >= -2332 @ 0.406898
c bounds -16 >= -2331 @ 0.412884
c bounds -17 >= -2331 @ 0.418457
c bounds -17 >= -2330 @ 0.425462
c bounds -17 >= -2329 @ 0.430847
c bounds -17 >= -2328 @ 0.43488
c bounds -18 >= -2328 @ 0.438381
c bounds -18 >= -2327 @ 0.442053
c bounds -18 >= -2326 @ 0.446398
c bounds -18 >= -2325 @ 0.450816
c bounds -18 >= -2324 @ 0.457114
c bounds -19 >= -2324 @ 0.461976
c bounds -19 >= -2323 @ 0.467554
c bounds -19 >= -2322 @ 0.4747
c bounds -19 >= -2321 @ 0.476934
c bounds -19 >= -2320 @ 0.482028
c bounds -20 >= -2320 @ 0.486654
c bounds -20 >= -2319 @ 0.492075
c bounds -20 >= -2318 @ 0.496691
c bounds -20 >= -2317 @ 0.503411
c bounds -20 >= -2316 @ 0.508657
c bounds -21 >= -2316 @ 0.513647
c bounds -21 >= -2315 @ 0.519205
c bounds -21 >= -2314 @ 0.527205
c bounds -21 >= -2313 @ 0.530593
c bounds -21 >= -2312 @ 0.536368
c bounds -21 >= -2311 @ 0.542417
c bounds -22 >= -2311 @ 0.54734
c bounds -22 >= -2310 @ 0.555697
c bounds -22 >= -2309 @ 0.560729
c bounds -22 >= -2308 @ 0.56474
c bounds -22 >= -2307 @ 0.568806
c bounds -23 >= -2307 @ 0.574513
c bounds -23 >= -2306 @ 0.579033
c bounds -23 >= -2305 @ 0.584023
c bounds -23 >= -2304 @ 0.589918
c bounds -23 >= -2303 @ 0.593004
c bounds -23 >= -2302 @ 0.599938
c bounds -24 >= -2302 @ 0.604706
c bounds -24 >= -2301 @ 0.608971
c bounds -24 >= -2300 @ 0.612019
c bounds -24 >= -2299 @ 0.618001
c bounds -24 >= -2298 @ 0.623962
c bounds -24 >= -2297 @ 0.628959
c bounds -26 >= -2297 @ 0.635606
c bounds -26 >= -2296 @ 0.641284
c bounds -26 >= -2295 @ 0.644922
c bounds -26 >= -2294 @ 0.650841
c bounds -26 >= -2293 @ 0.655348
c bounds -26 >= -2292 @ 0.658272
c bounds -42 >= -2292 @ 0.68814
c bounds -42 >= -2291 @ 0.69345
c bounds -42 >= -2290 @ 0.698758
c bounds -42 >= -2289 @ 0.703631
c bounds -42 >= -2288 @ 0.709554
c bounds -42 >= -2287 @ 0.713462
c bounds -57 >= -2287 @ 0.723152
c bounds -57 >= -2286 @ 0.730341
c bounds -57 >= -2285 @ 0.734327
c bounds -57 >= -2284 @ 0.740197
c bounds -57 >= -2283 @ 0.746988
c bounds -74 >= -2283 @ 0.779671
c bounds -74 >= -2282 @ 0.784081
c bounds -74 >= -2281 @ 0.788844
c bounds -74 >= -2280 @ 0.794411
c bounds -74 >= -2279 @ 0.799838
c bounds -75 >= -2279 @ 0.804269
c bounds -75 >= -2278 @ 0.810745
c bounds -75 >= -2277 @ 0.815835
c bounds -75 >= -2276 @ 0.818757
c bounds -75 >= -2275 @ 0.82333
c bounds -76 >= -2275 @ 0.828586
c bounds -76 >= -2274 @ 0.83463
c bounds -76 >= -2273 @ 0.838285
c bounds -76 >= -2272 @ 0.844695
c bounds -76 >= -2271 @ 0.848266
c bounds -77 >= -2271 @ 0.853059
c bounds -77 >= -2270 @ 0.857544
c bounds -77 >= -2269 @ 0.861964
c bounds -77 >= -2268 @ 0.869383
c bounds -77 >= -2267 @ 0.875848
c bounds -78 >= -2267 @ 0.880777
c bounds -78 >= -2266 @ 0.886571
c bounds -78 >= -2265 @ 0.890644
c bounds -78 >= -2264 @ 0.895271
c bounds -78 >= -2263 @ 0.901228
c bounds -79 >= -2263 @ 0.906141
c bounds -79 >= -2262 @ 0.90911
c bounds -79 >= -2261 @ 0.913809
c bounds -79 >= -2260 @ 0.915817
c bounds -79 >= -2259 @ 0.919752
c bounds -80 >= -2259 @ 0.925823
c bounds -80 >= -2258 @ 0.932048
c bounds -80 >= -2257 @ 0.939483
c bounds -80 >= -2256 @ 0.942952
c bounds -80 >= -2255 @ 0.948525
c bounds -81 >= -2255 @ 0.954312
c bounds -81 >= -2254 @ 0.9574
c bounds -81 >= -2253 @ 0.96298
c bounds -81 >= -2252 @ 0.965649
c bounds -81 >= -2251 @ 0.971661
c bounds -82 >= -2251 @ 0.977756
c bounds -82 >= -2250 @ 0.982654
c bounds -82 >= -2249 @ 0.98831
c bounds -82 >= -2248 @ 0.991895
c bounds -83 >= -2248 @ 0.997578
c bounds -83 >= -2247 @ 1.00154
c bounds -83 >= -2246 @ 1.00586
c bounds -83 >= -2245 @ 1.01144
c bounds -83 >= -2244 @ 1.01978
c bounds -83 >= -2243 @ 1.02421
c bounds -84 >= -2243 @ 1.03049
c bounds -84 >= -2242 @ 1.03339
c bounds -84 >= -2241 @ 1.03872
c bounds -84 >= -2240 @ 1.04321
c bounds -84 >= -2239 @ 1.04929
c bounds -85 >= -2239 @ 1.05422
c bounds -85 >= -2238 @ 1.05986
c bounds -85 >= -2237 @ 1.0647
c bounds -85 >= -2236 @ 1.07121
c bounds -85 >= -2235 @ 1.07566
c bounds -85 >= -2234 @ 1.08152
c bounds -86 >= -2234 @ 1.08687
c bounds -86 >= -2233 @ 1.09264
c bounds -86 >= -2232 @ 1.09615
c bounds -86 >= -2231 @ 1.09761
c bounds -86 >= -2230 @ 1.10201
c bounds -87 >= -2230 @ 1.10689
c bounds -87 >= -2229 @ 1.11244
c bounds -87 >= -2228 @ 1.11895
c bounds -87 >= -2227 @ 1.12507
c bounds -87 >= -2226 @ 1.13052
c bounds -87 >= -2225 @ 1.13593
c bounds -88 >= -2225 @ 1.14165
c bounds -88 >= -2224 @ 1.14617
c bounds -88 >= -2223 @ 1.15251
c bounds -88 >= -2222 @ 1.15683
c bounds -88 >= -2221 @ 1.16216
c bounds -88 >= -2220 @ 1.16627
c bounds -97 >= -2220 @ 1.17244
c bounds -97 >= -2219 @ 1.17996
c bounds -97 >= -2218 @ 1.18437
c bounds -97 >= -2217 @ 1.19241
c bounds -97 >= -2216 @ 1.19734
c bounds -97 >= -2215 @ 1.20375
c bounds -105 >= -2215 @ 1.21175
c bounds -105 >= -2214 @ 1.21644
c bounds -105 >= -2213 @ 1.22644
c bounds -105 >= -2212 @ 1.23283
c bounds -106 >= -2212 @ 1.23874
c bounds -106 >= -2211 @ 1.24765
c bounds -106 >= -2210 @ 1.25219
c bounds -106 >= -2209 @ 1.25756
c bounds -107 >= -2209 @ 1.26464
c bounds -107 >= -2208 @ 1.27027
c bounds -107 >= -2207 @ 1.27623
c bounds -107 >= -2206 @ 1.28242
c bounds -108 >= -2206 @ 1.28762
c bounds -108 >= -2205 @ 1.29138
c bounds -108 >= -2204 @ 1.29475
c bounds -108 >= -2203 @ 1.29906
c bounds -108 >= -2202 @ 1.30471
c bounds -109 >= -2202 @ 1.30996
c bounds -109 >= -2201 @ 1.31898
c bounds -109 >= -2200 @ 1.32674
c bounds -109 >= -2199 @ 1.3307
c bounds -109 >= -2198 @ 1.33649
c bounds -110 >= -2198 @ 1.34059
c bounds -110 >= -2197 @ 1.34533
c bounds -110 >= -2196 @ 1.3493
c bounds -110 >= -2195 @ 1.35572
c bounds -111 >= -2195 @ 1.36017
c bounds -111 >= -2194 @ 1.36251
c bounds -111 >= -2193 @ 1.36913
c bounds -111 >= -2192 @ 1.37053
c bounds -111 >= -2191 @ 1.37438
c bounds -112 >= -2191 @ 1.37772
c bounds -112 >= -2190 @ 1.38091
c bounds -112 >= -2189 @ 1.38624
c bounds -112 >= -2188 @ 1.38923
c bounds -113 >= -2188 @ 1.39411
c bounds -113 >= -2187 @ 1.39948
c bounds -113 >= -2186 @ 1.40618
c bounds -113 >= -2185 @ 1.41021
c bounds -113 >= -2184 @ 1.41767
c bounds -114 >= -2184 @ 1.42202
c bounds -114 >= -2183 @ 1.42818
c bounds -114 >= -2182 @ 1.43336
c bounds -114 >= -2181 @ 1.43948
c bounds -115 >= -2181 @ 1.44399
c bounds -115 >= -2180 @ 1.45031
c bounds -115 >= -2179 @ 1.45446
c bounds -115 >= -2178 @ 1.46046
c bounds -116 >= -2178 @ 1.46574
c bounds -116 >= -2177 @ 1.46902
c bounds -116 >= -2176 @ 1.47301
c bounds -116 >= -2175 @ 1.47799
c bounds -116 >= -2174 @ 1.48198
c bounds -116 >= -2173 @ 1.48498
c bounds -117 >= -2173 @ 1.49015
c bounds -117 >= -2172 @ 1.49312
c bounds -117 >= -2171 @ 1.4981
c bounds -117 >= -2170 @ 1.50018
c bounds -117 >= -2169 @ 1.50428
c bounds -118 >= -2169 @ 1.50923
c bounds -118 >= -2168 @ 1.51431
c bounds -118 >= -2167 @ 1.51848
c bounds -118 >= -2166 @ 1.52027
c bounds -118 >= -2165 @ 1.52719
c bounds -120 >= -2165 @ 1.5353
c bounds -120 >= -2164 @ 1.54083
c bounds -120 >= -2163 @ 1.54581
c bounds -120 >= -2162 @ 1.54758
c bounds -120 >= -2161 @ 1.55404
c bounds -121 >= -2161 @ 1.55899
c bounds -121 >= -2160 @ 1.56222
c bounds -121 >= -2159 @ 1.56733
c bounds -121 >= -2158 @ 1.57311
c bounds -123 >= -2158 @ 1.57926
c bounds -123 >= -2157 @ 1.58881
c bounds -123 >= -2156 @ 1.59403
c bounds -123 >= -2155 @ 1.60128
c bounds -124 >= -2155 @ 1.60654
c bounds -124 >= -2154 @ 1.61202
c bounds -124 >= -2153 @ 1.61822
c bounds -129 >= -2153 @ 1.62487
c bounds -129 >= -2152 @ 1.62805
c bounds -129 >= -2151 @ 1.633
c bounds -129 >= -2150 @ 1.6371
c bounds -137 >= -2150 @ 1.64353
c bounds -137 >= -2149 @ 1.64906
c bounds -137 >= -2148 @ 1.65816
c bounds -138 >= -2148 @ 1.66473
c bounds -138 >= -2147 @ 1.6729
c bounds -138 >= -2146 @ 1.67878
c bounds -139 >= -2146 @ 1.68378
c bounds -139 >= -2145 @ 1.68919
c bounds -139 >= -2144 @ 1.69619
c bounds -140 >= -2144 @ 1.70243
c bounds -140 >= -2143 @ 1.70861
c bounds -140 >= -2142 @ 1.71606
c bounds -141 >= -2142 @ 1.7217
c bounds -141 >= -2141 @ 1.72763
c bounds -141 >= -2140 @ 1.73355
c bounds -142 >= -2140 @ 1.74118
c bounds -142 >= -2139 @ 1.74801
c bounds -142 >= -2138 @ 1.75267
c bounds -143 >= -2138 @ 1.7587
c bounds -143 >= -2137 @ 1.7655
c bounds -143 >= -2136 @ 1.77246
c bounds -144 >= -2136 @ 1.78034
c bounds -144 >= -2135 @ 1.78416
c bounds -144 >= -2134 @ 1.79197
c bounds -145 >= -2134 @ 1.79843
c bounds -145 >= -2133 @ 1.80517
c bounds -145 >= -2132 @ 1.81351
c bounds -146 >= -2132 @ 1.81936
c bounds -146 >= -2131 @ 1.82391
c bounds -146 >= -2130 @ 1.82821
c bounds -146 >= -2129 @ 1.83398
c bounds -165 >= -2129 @ 1.84516
c bounds -165 >= -2128 @ 1.85181
c bounds -165 >= -2127 @ 1.85812
c bounds -166 >= -2127 @ 1.86538
c bounds -166 >= -2126 @ 1.87591
c bounds -167 >= -2126 @ 1.88237
c bounds -167 >= -2125 @ 1.88772
c bounds -167 >= -2124 @ 1.89277
c bounds -168 >= -2124 @ 1.90011
c bounds -168 >= -2123 @ 1.90663
c bounds -168 >= -2122 @ 1.91383
c bounds -169 >= -2122 @ 1.92003
c bounds -169 >= -2121 @ 1.92612
c bounds -170 >= -2121 @ 1.9304
c bounds -170 >= -2120 @ 1.93581
c bounds -170 >= -2119 @ 1.94307
c bounds -171 >= -2119 @ 1.94974
c bounds -171 >= -2118 @ 1.9583
c bounds -172 >= -2118 @ 1.96433
c bounds -172 >= -2117 @ 1.97374
c bounds -173 >= -2117 @ 1.9794
c bounds -173 >= -2116 @ 1.98432
c bounds -173 >= -2115 @ 1.98588
c bounds -173 >= -2114 @ 1.98903
c bounds -174 >= -2114 @ 1.99622
c bounds -174 >= -2113 @ 2.00273
c bounds -174 >= -2112 @ 2.0091
c bounds -175 >= -2112 @ 2.01599
c bounds -175 >= -2111 @ 2.02302
c bounds -175 >= -2110 @ 2.03114
c bounds -176 >= -2110 @ 2.03859
c bounds -176 >= -2109 @ 2.0453
c bounds -177 >= -2109 @ 2.05184
c bounds -177 >= -2108 @ 2.05945
c bounds -178 >= -2108 @ 2.06656
c bounds -178 >= -2107 @ 2.07345
c bounds -178 >= -2106 @ 2.07892
c bounds -179 >= -2106 @ 2.08449
c bounds -179 >= -2105 @ 2.09094
c bounds -179 >= -2104 @ 2.0975
c bounds -180 >= -2104 @ 2.10433
c bounds -180 >= -2103 @ 2.10997
c bounds -180 >= -2102 @ 2.1162
c bounds -181 >= -2102 @ 2.12191
c bounds -181 >= -2101 @ 2.12923
c bounds -181 >= -2100 @ 2.13511
c bounds -181 >= -2099 @ 2.13761
c bounds -182 >= -2099 @ 2.14293
c bounds -182 >= -2098 @ 2.14759
c bounds -182 >= -2097 @ 2.15302
c bounds -183 >= -2097 @ 2.15887
c bounds -183 >= -2096 @ 2.16133
c bounds -183 >= -2095 @ 2.16811
c bounds -183 >= -2094 @ 2.17309
c bounds -185 >= -2094 @ 2.20722
c bounds -185 >= -2093 @ 2.21273
c bounds -186 >= -2093 @ 2.21805
c bounds -186 >= -2092 @ 2.22288
c bounds -186 >= -2091 @ 2.2282
c bounds -187 >= -2091 @ 2.23287
c bounds -187 >= -2090 @ 2.23668
c bounds -187 >= -2089 @ 2.24278
c bounds -188 >= -2089 @ 2.24626
c bounds -188 >= -2088 @ 2.25248
c bounds -188 >= -2087 @ 2.25671
c bounds -190 >= -2087 @ 2.2649
c bounds -190 >= -2086 @ 2.26904
c #Conflicts:       1000 | #Constraints:      33569
c bounds -190 >= -2085 @ 2.27511
c bounds -192 >= -2085 @ 2.28755
c bounds -192 >= -2084 @ 2.29417
c bounds -192 >= -2083 @ 2.29959
c bounds -223 >= -2083 @ 2.31627
c bounds -223 >= -2082 @ 2.32294
c bounds -223 >= -2081 @ 2.32762
c bounds -225 >= -2081 @ 2.35746
c bounds -225 >= -2080 @ 2.3631
c bounds -225 >= -2079 @ 2.36667
c bounds -226 >= -2079 @ 2.3915
c bounds -226 >= -2078 @ 2.39978
c bounds -226 >= -2077 @ 2.40655
c bounds -227 >= -2077 @ 2.41176
c bounds -227 >= -2076 @ 2.42048
c bounds -228 >= -2076 @ 2.42585
c bounds -228 >= -2075 @ 2.43251
c bounds -229 >= -2075 @ 2.43779
c bounds -229 >= -2074 @ 2.44681
c bounds -230 >= -2074 @ 2.47249
c bounds -230 >= -2073 @ 2.47862
c bounds -230 >= -2072 @ 2.48468
c bounds -230 >= -2071 @ 2.49113
c bounds -247 >= -2071 @ 2.50297
c bounds -247 >= -2070 @ 2.50638
c bounds -247 >= -2069 @ 2.51319
c bounds -248 >= -2069 @ 2.51863
c bounds -248 >= -2068 @ 2.5331
c bounds -249 >= -2068 @ 2.53763
c bounds -250 >= -2068 @ 2.5429
c bounds -250 >= -2067 @ 2.55079
c bounds -251 >= -2067 @ 2.55585
c bounds -251 >= -2066 @ 2.56433
c bounds -252 >= -2066 @ 2.56956
c bounds -252 >= -2065 @ 2.57787
c bounds -253 >= -2065 @ 2.58457
c bounds -253 >= -2064 @ 2.59361
c bounds -254 >= -2064 @ 2.59851
c bounds -254 >= -2063 @ 2.60803
c bounds -255 >= -2063 @ 2.61438
c bounds -256 >= -2063 @ 2.61865
c bounds -256 >= -2062 @ 2.63175
c bounds -257 >= -2062 @ 2.63885
c bounds -258 >= -2062 @ 2.64421
c bounds -258 >= -2061 @ 2.65677
c bounds -259 >= -2061 @ 2.6614
c bounds -259 >= -2060 @ 2.67153
c bounds -260 >= -2060 @ 2.67906
c bounds -261 >= -2060 @ 2.6838
c bounds -261 >= -2059 @ 2.70837
c bounds -262 >= -2059 @ 2.71513
c bounds -263 >= -2059 @ 2.71988
c bounds -264 >= -2059 @ 2.72493
c bounds -265 >= -2059 @ 2.72759
c bounds -265 >= -2058 @ 2.74721
c bounds -266 >= -2058 @ 2.75363
c bounds -267 >= -2058 @ 2.75962
c bounds -268 >= -2058 @ 2.76518
c bounds -268 >= -2057 @ 2.79569
c bounds -269 >= -2057 @ 2.80078
c bounds -270 >= -2057 @ 2.80723
c bounds -271 >= -2057 @ 2.81115
c bounds -272 >= -2057 @ 2.81551
c bounds -273 >= -2057 @ 2.8214
c bounds -273 >= -2056 @ 2.8755
c bounds -274 >= -2056 @ 2.88255
c bounds -275 >= -2056 @ 2.88853
c bounds -276 >= -2056 @ 2.89327
c bounds -277 >= -2056 @ 2.89651
c bounds -308 >= -2056 @ 2.90816
c bounds -309 >= -2056 @ 2.91398
c bounds -310 >= -2056 @ 2.92061
c bounds -311 >= -2056 @ 2.92672
c bounds -311 >= -2055 @ 2.94077
c bounds -312 >= -2055 @ 2.94735
c bounds -313 >= -2055 @ 2.95237
c bounds -313 >= -2054 @ 2.96132
c bounds -314 >= -2054 @ 2.96677
c bounds -315 >= -2054 @ 2.97184
c bounds -315 >= -2053 @ 2.99669
c bounds -316 >= -2053 @ 3.00272
c bounds -317 >= -2053 @ 3.00697
c bounds -318 >= -2053 @ 3.01238
c bounds -319 >= -2053 @ 3.01648
c bounds -319 >= -2052 @ 3.03082
c bounds -320 >= -2052 @ 3.03889
c bounds -321 >= -2052 @ 3.04347
c bounds -321 >= -2051 @ 3.07485
c bounds -322 >= -2051 @ 3.08086
c bounds -323 >= -2051 @ 3.08614
c bounds -324 >= -2051 @ 3.09282
c bounds -325 >= -2051 @ 3.09918
c bounds -326 >= -2051 @ 3.10595
c bounds -326 >= -2050 @ 3.11699
c bounds -327 >= -2050 @ 3.12348
c #Conflicts:       2000 | #Constraints:      35909
c bounds -327 >= -2049 @ 3.13945
c INPROCESSING
c GARBAGE COLLECT
c bounds -328 >= -2049 @ 3.16155
c bounds -329 >= -2049 @ 3.16688
c bounds -329 >= -2048 @ 3.18826
c bounds -330 >= -2048 @ 3.19556
c bounds -331 >= -2048 @ 3.20226
c bounds -332 >= -2048 @ 3.20792
c bounds -333 >= -2048 @ 3.21105
c bounds -333 >= -2047 @ 3.22497
c bounds -334 >= -2047 @ 3.23123
c bounds -335 >= -2047 @ 3.23657
c bounds -335 >= -2046 @ 3.24731
c bounds -336 >= -2046 @ 3.25419
c bounds -336 >= -2045 @ 3.26311
c bounds -337 >= -2045 @ 3.27022
c bounds -337 >= -2044 @ 3.28429
c bounds -338 >= -2044 @ 3.29036
c bounds -355 >= -2044 @ 3.30091
c bounds -355 >= -2043 @ 3.31694
c bounds -357 >= -2043 @ 3.34999
c bounds -415 >= -2043 @ 3.37636
c bounds -415 >= -2042 @ 3.41014
c bounds -416 >= -2042 @ 3.41773
c bounds -417 >= -2042 @ 3.4217
c bounds -418 >= -2042 @ 3.42899
c bounds -420 >= -2042 @ 3.44456
c bounds -420 >= -2041 @ 3.48718
c bounds -421 >= -2041 @ 3.4959
c bounds -422 >= -2041 @ 3.50389
c bounds -423 >= -2041 @ 3.50903
c bounds -424 >= -2041 @ 3.51455
c bounds -425 >= -2041 @ 3.52149
c bounds -426 >= -2041 @ 3.52499
c bounds -426 >= -2040 @ 3.55562
c bounds -427 >= -2040 @ 3.56376
c bounds -428 >= -2040 @ 3.57071
c bounds -429 >= -2040 @ 3.57611
c bounds -430 >= -2040 @ 3.58284
c bounds -431 >= -2040 @ 3.58898
c bounds -431 >= -2039 @ 3.63513
c bounds -432 >= -2039 @ 3.64338
c bounds -433 >= -2039 @ 3.64963
c bounds -434 >= -2039 @ 3.6569
c bounds -435 >= -2039 @ 3.66419
c bounds -436 >= -2039 @ 3.67091
c bounds -437 >= -2039 @ 3.67734
c bounds -437 >= -2038 @ 3.7463
c bounds -438 >= -2038 @ 3.75441
c bounds -439 >= -2038 @ 3.76075
c bounds -440 >= -2038 @ 3.76744
c bounds -441 >= -2038 @ 3.77462
c bounds -442 >= -2038 @ 3.78147
c bounds -443 >= -2038 @ 3.78767
c bounds -444 >= -2038 @ 3.79346
c bounds -445 >= -2038 @ 3.79973
c bounds -446 >= -2038 @ 3.80352
c bounds -447 >= -2038 @ 3.80961
c bounds -448 >= -2038 @ 3.81527
c bounds -448 >= -2037 @ 3.8894
c bounds -449 >= -2037 @ 3.89615
c bounds -450 >= -2037 @ 3.90108
c bounds -451 >= -2037 @ 3.90819
c bounds -452 >= -2037 @ 3.91398
c bounds -484 >= -2037 @ 3.92913
c bounds -485 >= -2037 @ 3.93679
c bounds -520 >= -2037 @ 3.96181
c bounds -521 >= -2037 @ 3.96895
c bounds -522 >= -2037 @ 3.9762
c bounds -523 >= -2037 @ 3.983
c bounds -523 >= -2036 @ 4.06654
c bounds -524 >= -2036 @ 4.07406
c bounds -525 >= -2036 @ 4.0797
c bounds -526 >= -2036 @ 4.0857
c bounds -527 >= -2036 @ 4.09134
c bounds -528 >= -2036 @ 4.09942
c bounds -529 >= -2036 @ 4.10523
c bounds -530 >= -2036 @ 4.11165
c bounds -531 >= -2036 @ 4.11855
c bounds -532 >= -2036 @ 4.12495
c bounds -533 >= -2036 @ 4.13296
c bounds -534 >= -2036 @ 4.13914
c #Conflicts:       3000 | #Constraints:      30933
c bounds -534 >= -2035 @ 4.32375
c bounds -535 >= -2035 @ 4.33141
c bounds -536 >= -2035 @ 4.33694
c bounds -537 >= -2035 @ 4.34385
c bounds -538 >= -2035 @ 4.34916
c bounds -539 >= -2035 @ 4.35491
c bounds -540 >= -2035 @ 4.36212
c bounds -541 >= -2035 @ 4.36903
c bounds -542 >= -2035 @ 4.37333
c bounds -543 >= -2035 @ 4.38129
c bounds -544 >= -2035 @ 4.38852
c bounds -545 >= -2035 @ 4.39565
c bounds -546 >= -2035 @ 4.39911
c bounds -547 >= -2035 @ 4.40509
c bounds -548 >= -2035 @ 4.41151
c bounds -549 >= -2035 @ 4.41845
c bounds -550 >= -2035 @ 4.42678
c bounds -551 >= -2035 @ 4.43357
c bounds -552 >= -2035 @ 4.43983
c bounds -553 >= -2035 @ 4.44475
c bounds -554 >= -2035 @ 4.45207
c bounds -555 >= -2035 @ 4.45928
c bounds -556 >= -2035 @ 4.46584
c bounds -557 >= -2035 @ 4.47376
c bounds -558 >= -2035 @ 4.47999
c bounds -558 >= -2034 @ 4.60755
c bounds -559 >= -2034 @ 4.61571
c bounds -560 >= -2034 @ 4.62219
c bounds -561 >= -2034 @ 4.62896
c bounds -562 >= -2034 @ 4.6352
c bounds -563 >= -2034 @ 4.64112
c bounds -564 >= -2034 @ 4.6474
c bounds -565 >= -2034 @ 4.65336
c bounds -566 >= -2034 @ 4.65965
c bounds -567 >= -2034 @ 4.66685
c bounds -568 >= -2034 @ 4.67399
c bounds -569 >= -2034 @ 4.67978
c bounds -570 >= -2034 @ 4.68727
c bounds -571 >= -2034 @ 4.69424
c bounds -572 >= -2034 @ 4.70111
c bounds -573 >= -2034 @ 4.70741
c bounds -574 >= -2034 @ 4.71519
c bounds -575 >= -2034 @ 4.72161
c bounds -576 >= -2034 @ 4.72907
c bounds -576 >= -2033 @ 4.97012
c bounds -577 >= -2033 @ 4.97692
c bounds -578 >= -2033 @ 4.9843
c bounds -579 >= -2033 @ 4.99048
c bounds -580 >= -2033 @ 4.99711
c bounds -581 >= -2033 @ 5.00426
c bounds -582 >= -2033 @ 5.01172
c bounds -583 >= -2033 @ 5.01823
c bounds -584 >= -2033 @ 5.02412
c bounds -585 >= -2033 @ 5.03041
c bounds -586 >= -2033 @ 5.03787
c bounds -587 >= -2033 @ 5.04391
c bounds -588 >= -2033 @ 5.05216
c bounds -589 >= -2033 @ 5.05717
c bounds -590 >= -2033 @ 5.06353
c bounds -591 >= -2033 @ 5.06958
c bounds -592 >= -2033 @ 5.07595
c bounds -593 >= -2033 @ 5.08343
c bounds -594 >= -2033 @ 5.08902
c bounds -595 >= -2033 @ 5.09494
c bounds -597 >= -2033 @ 5.10198
c bounds -599 >= -2033 @ 5.10986
c bounds -600 >= -2033 @ 5.11763
c bounds -602 >= -2033 @ 5.12539
c bounds -604 >= -2033 @ 5.13773
c bounds -605 >= -2033 @ 5.14433
c bounds -606 >= -2033 @ 5.15132
c bounds -607 >= -2033 @ 5.15658
c bounds -608 >= -2033 @ 5.16504
c bounds -609 >= -2033 @ 5.1721
c bounds -610 >= -2033 @ 5.17947
c bounds -611 >= -2033 @ 5.18667
c bounds -611 >= -2032 @ 5.38643
c bounds -612 >= -2032 @ 5.39547
c bounds -613 >= -2032 @ 5.40309
c bounds -614 >= -2032 @ 5.41049
c bounds -615 >= -2032 @ 5.41716
c bounds -616 >= -2032 @ 5.42457
c bounds -617 >= -2032 @ 5.4319
c bounds -618 >= -2032 @ 5.43828
c bounds -619 >= -2032 @ 5.44476
c bounds -620 >= -2032 @ 5.44889
c bounds -621 >= -2032 @ 5.4563
c bounds -622 >= -2032 @ 5.46367
c bounds -623 >= -2032 @ 5.47087
c bounds -624 >= -2032 @ 5.47645
c bounds -625 >= -2032 @ 5.48366
c bounds -626 >= -2032 @ 5.48828
c bounds -627 >= -2032 @ 5.49381
c bounds -628 >= -2032 @ 5.50215
c bounds -629 >= -2032 @ 5.50854
c bounds -630 >= -2032 @ 5.51494
c bounds -631 >= -2032 @ 5.52354
c bounds -632 >= -2032 @ 5.53003
c bounds -633 >= -2032 @ 5.5343
c bounds -634 >= -2032 @ 5.54233
c bounds -635 >= -2032 @ 5.54844
c bounds -638 >= -2032 @ 5.55941
c bounds -639 >= -2032 @ 5.56566
c bounds -640 >= -2032 @ 5.57285
c #Conflicts:       4000 | #Constraints:      32315
c INPROCESSING
c GARBAGE COLLECT
c bounds -641 >= -2032 @ 5.7916
c bounds -642 >= -2032 @ 5.79861
c bounds -643 >= -2032 @ 5.8041
c bounds -644 >= -2032 @ 5.81009
c bounds -645 >= -2032 @ 5.81663
c bounds -646 >= -2032 @ 5.82171
c bounds -647 >= -2032 @ 5.82754
c bounds -648 >= -2032 @ 5.83255
c bounds -649 >= -2032 @ 5.83812
c bounds -650 >= -2032 @ 5.84504
c bounds -651 >= -2032 @ 5.84953
c bounds -652 >= -2032 @ 5.85448
c bounds -653 >= -2032 @ 5.86017
c bounds -654 >= -2032 @ 5.86589
c bounds -656 >= -2032 @ 5.90447
c bounds -659 >= -2032 @ 5.91491
c bounds -662 >= -2032 @ 5.92569
c bounds -664 >= -2032 @ 5.95824
c bounds -673 >= -2032 @ 5.96812
c bounds -687 >= -2032 @ 5.97647
c bounds -688 >= -2032 @ 5.98106
c bounds -689 >= -2032 @ 5.98778
c bounds -690 >= -2032 @ 5.99314
c bounds -691 >= -2032 @ 6.00002
c bounds -693 >= -2032 @ 6.01199
c bounds -694 >= -2032 @ 6.01885
c bounds -695 >= -2032 @ 6.02311
c bounds -696 >= -2032 @ 6.0297
c bounds -697 >= -2032 @ 6.03491
c bounds -698 >= -2032 @ 6.03966
c bounds -699 >= -2032 @ 6.04483
c bounds -699 >= -2031 @ 6.28752
c bounds -700 >= -2031 @ 6.29488
c bounds -701 >= -2031 @ 6.30116
c bounds -702 >= -2031 @ 6.30687
c bounds -703 >= -2031 @ 6.31323
c bounds -704 >= -2031 @ 6.32001
c bounds -705 >= -2031 @ 6.32533
c bounds -706 >= -2031 @ 6.33092
c bounds -707 >= -2031 @ 6.3362
c bounds -708 >= -2031 @ 6.34083
c bounds -709 >= -2031 @ 6.34691
c bounds -711 >= -2031 @ 6.35528
c bounds -713 >= -2031 @ 6.39137
c bounds -715 >= -2031 @ 6.4065
c bounds -718 >= -2031 @ 6.41616
c bounds -720 >= -2031 @ 6.44814
c bounds -731 >= -2031 @ 6.46148
c bounds -752 >= -2031 @ 6.47537
c bounds -754 >= -2031 @ 6.48471
c bounds -756 >= -2031 @ 6.51105
c bounds -758 >= -2031 @ 6.53199
c bounds -758 >= -2030 @ 6.55294
c bounds -763 >= -2030 @ 6.57043
c bounds -763 >= -2029 @ 6.61125
c bounds -764 >= -2029 @ 6.61873
c bounds -765 >= -2029 @ 6.62446
c bounds -766 >= -2029 @ 6.62967
c bounds -769 >= -2029 @ 6.65058
c bounds -769 >= -2028 @ 6.7657
c bounds -771 >= -2028 @ 6.77791
c bounds -790 >= -2028 @ 6.79445
c bounds -792 >= -2028 @ 6.80625
c bounds -794 >= -2028 @ 6.8177
c bounds -796 >= -2028 @ 6.82534
c bounds -798 >= -2028 @ 6.83242
c bounds -800 >= -2028 @ 6.84311
c bounds -802 >= -2028 @ 6.85135
c bounds -804 >= -2028 @ 6.88781
c bounds -810 >= -2028 @ 6.91352
c bounds -811 >= -2028 @ 6.91931
c bounds -811 >= -2027 @ 6.95947
c bounds -812 >= -2027 @ 6.968
c bounds -814 >= -2027 @ 6.98191
c bounds -817 >= -2027 @ 7.00394
c #Conflicts:       5000 | #Constraints:      31393
c bounds -819 >= -2027 @ 7.02274
c bounds -819 >= -2026 @ 7.06932
c bounds -821 >= -2026 @ 7.07899
c bounds -823 >= -2026 @ 7.10587
c bounds -824 >= -2026 @ 7.1163
c bounds -853 >= -2026 @ 7.15174
c bounds -854 >= -2026 @ 7.15875
c bounds -854 >= -2025 @ 7.44757
c bounds -855 >= -2025 @ 7.45635
c bounds -856 >= -2025 @ 7.46381
c bounds -858 >= -2025 @ 7.47138
c bounds -861 >= -2025 @ 7.47968
c bounds -863 >= -2025 @ 7.49406
c bounds -866 >= -2025 @ 7.51121
c bounds -868 >= -2025 @ 7.52102
c bounds -870 >= -2025 @ 7.54481
c bounds -894 >= -2025 @ 7.56156
c bounds -895 >= -2025 @ 7.57101
c bounds -896 >= -2025 @ 7.57635
c bounds -897 >= -2025 @ 7.5834
c bounds -898 >= -2025 @ 7.59063
c bounds -899 >= -2025 @ 7.59451
c bounds -900 >= -2025 @ 7.60174
c bounds -901 >= -2025 @ 7.60762
c bounds -902 >= -2025 @ 7.61452
c bounds -903 >= -2025 @ 7.6222
c bounds -904 >= -2025 @ 7.62823
c bounds -905 >= -2025 @ 7.63588
c bounds -906 >= -2025 @ 7.64049
c bounds -907 >= -2025 @ 7.6476
c bounds -908 >= -2025 @ 7.65367
c bounds -909 >= -2025 @ 7.65927
c bounds -910 >= -2025 @ 7.66546
c bounds -911 >= -2025 @ 7.67129
c bounds -912 >= -2025 @ 7.67835
c bounds -913 >= -2025 @ 7.685
c bounds -914 >= -2025 @ 7.69203
c bounds -915 >= -2025 @ 7.69867
c bounds -915 >= -2024 @ 8.10651
c bounds -916 >= -2024 @ 8.11522
c bounds -917 >= -2024 @ 8.12226
c bounds -918 >= -2024 @ 8.12864
c bounds -919 >= -2024 @ 8.1365
c bounds -920 >= -2024 @ 8.14387
c bounds -921 >= -2024 @ 8.14998
c bounds -922 >= -2024 @ 8.15622
c bounds -923 >= -2024 @ 8.16423
c bounds -924 >= -2024 @ 8.17153
c bounds -925 >= -2024 @ 8.17962
c bounds -926 >= -2024 @ 8.18624
c bounds -927 >= -2024 @ 8.19318
c bounds -928 >= -2024 @ 8.19855
c bounds -929 >= -2024 @ 8.20448
c bounds -930 >= -2024 @ 8.21064
c bounds -931 >= -2024 @ 8.21751
c bounds -932 >= -2024 @ 8.22462
c bounds -933 >= -2024 @ 8.23138
c bounds -934 >= -2024 @ 8.23757
c bounds -935 >= -2024 @ 8.24428
c bounds -936 >= -2024 @ 8.2506
c bounds -937 >= -2024 @ 8.25832
c bounds -938 >= -2024 @ 8.26448
c bounds -939 >= -2024 @ 8.27131
c bounds -940 >= -2024 @ 8.27761
c bounds -941 >= -2024 @ 8.28352
c bounds -942 >= -2024 @ 8.29058
c bounds -944 >= -2024 @ 8.30464
c bounds -947 >= -2024 @ 8.32738
c bounds -949 >= -2024 @ 8.36003
c bounds -951 >= -2024 @ 8.37201
c bounds -963 >= -2024 @ 8.385
c bounds -972 >= -2024 @ 8.39742
c #Conflicts:       6000 | #Constraints:      32765
c bounds -974 >= -2024 @ 8.42484
c bounds -977 >= -2024 @ 8.44796
c bounds -986 >= -2024 @ 8.46318
c bounds -988 >= -2024 @ 8.49399
c bounds -1144 >= -2024 @ 8.56046
c bounds -1146 >= -2024 @ 8.57573
c bounds -1149 >= -2024 @ 8.9251
c bounds -1152 >= -2024 @ 8.93957
c bounds -1156 >= -2024 @ 8.94931
c bounds -1156 >= -2023 @ 9.25212
c bounds -1158 >= -2023 @ 9.26276
c bounds -1202 >= -2023 @ 9.27956
c bounds -1203 >= -2023 @ 9.28649
c bounds -1204 >= -2023 @ 9.29476
c bounds -1205 >= -2023 @ 9.30244
c bounds -1206 >= -2023 @ 9.31151
c bounds -1207 >= -2023 @ 9.3182
c bounds -1208 >= -2023 @ 9.32615
c bounds -1209 >= -2023 @ 9.33324
c bounds -1210 >= -2023 @ 9.34255
c bounds -1211 >= -2023 @ 9.34849
c bounds -1212 >= -2023 @ 9.35653
c bounds -1213 >= -2023 @ 9.36439
c bounds -1214 >= -2023 @ 9.3717
c bounds -1215 >= -2023 @ 9.37899
c bounds -1216 >= -2023 @ 9.38692
c bounds -1217 >= -2023 @ 9.39578
c bounds -1218 >= -2023 @ 9.40425
c bounds -1219 >= -2023 @ 9.41261
c bounds -1220 >= -2023 @ 9.4201
c bounds -1221 >= -2023 @ 9.42724
c bounds -1222 >= -2023 @ 9.43587
c bounds -1223 >= -2023 @ 9.44256
c bounds -1224 >= -2023 @ 9.44875
c bounds -1225 >= -2023 @ 9.45634
c bounds -1226 >= -2023 @ 9.46244
c bounds -1227 >= -2023 @ 9.46867
c bounds -1228 >= -2023 @ 9.4757
c bounds -1229 >= -2023 @ 9.48231
c bounds -1230 >= -2023 @ 9.49036
c bounds -1231 >= -2023 @ 9.49718
c bounds -1232 >= -2023 @ 9.50601
c bounds -1233 >= -2023 @ 9.51477
c bounds -1234 >= -2023 @ 9.5228
c bounds -1235 >= -2023 @ 9.52941
c bounds -1236 >= -2023 @ 9.5387
c #Conflicts:       7000 | #Constraints:      33864
c bounds -1236 >= -2022 @ 9.89275
c bounds -1237 >= -2022 @ 9.90251
c bounds -1238 >= -2022 @ 9.91136
c bounds -1239 >= -2022 @ 9.91855
c bounds -1240 >= -2022 @ 9.92588
c bounds -1241 >= -2022 @ 9.93318
c bounds -1242 >= -2022 @ 9.94079
c bounds -1243 >= -2022 @ 9.94956
c bounds -1244 >= -2022 @ 9.95754
c bounds -1245 >= -2022 @ 9.96462
c bounds -1247 >= -2022 @ 9.97864
c bounds -1250 >= -2022 @ 9.99473
c bounds -1254 >= -2022 @ 10.0072
c bounds -1256 >= -2022 @ 10.0278
c bounds -1259 >= -2022 @ 10.0688
c bounds -1262 >= -2022 @ 10.0825
c bounds -1269 >= -2022 @ 10.1018
c bounds -1282 >= -2022 @ 10.2422
c bounds -1292 >= -2022 @ 10.2534
c bounds -1294 >= -2022 @ 10.2695
c bounds -1297 >= -2022 @ 10.3193
c bounds -1307 >= -2022 @ 10.3539
c bounds -1309 >= -2022 @ 10.4007
c bounds -1325 >= -2022 @ 10.4254
c bounds -1337 >= -2022 @ 10.4716
c #Conflicts:       8000 | #Constraints:      34933
c bounds -1337 >= -2021 @ 10.8485
c bounds -1339 >= -2021 @ 10.8616
c bounds -1341 >= -2021 @ 10.873
c bounds -1344 >= -2021 @ 10.887
c bounds -1351 >= -2021 @ 10.9235
c bounds -1354 >= -2021 @ 10.9337
c bounds -1355 >= -2021 @ 10.9417
c bounds -1356 >= -2021 @ 10.9487
c bounds -1359 >= -2021 @ 10.9611
c bounds -1361 >= -2021 @ 11.1541
c bounds -1363 >= -2021 @ 11.1822
c bounds -1366 >= -2021 @ 11.2701
c bounds -1382 >= -2021 @ 11.6445
c bounds -1385 >= -2021 @ 11.7905
c bounds -1387 >= -2021 @ 11.8522
c #Conflicts:       9000 | #Constraints:      36085
c bounds -1387 >= -2020 @ 12.3533
c bounds -1390 >= -2020 @ 12.367
c bounds -1392 >= -2020 @ 12.4004
c bounds -1394 >= -2020 @ 12.4732
c bounds -1415 >= -2020 @ 13.6649
c bounds -1424 >= -2020 @ 13.8233
c INPROCESSING
c GARBAGE COLLECT
c bounds -1426 >= -2020 @ 14.6858
c bounds -1428 >= -2020 @ 14.8213
c bounds -1435 >= -2020 @ 15.5459
c #Conflicts:      10000 | #Constraints:      33467
c bounds -1435 >= -2019 @ 15.8476
c bounds -1437 >= -2019 @ 15.8791
c bounds -1439 >= -2019 @ 15.8933
c bounds -1462 >= -2019 @ 15.969
c bounds -1464 >= -2019 @ 16.0565
c bounds -1464 >= -2018 @ 16.4569
c #Conflicts:      11000 | #Constraints:      34585
c bounds -1473 >= -2018 @ 17.9552
c #Conflicts:      12000 | #Constraints:      35586
c bounds -1473 >= -2017 @ 18.756
c bounds -1475 >= -2017 @ 18.9049
c bounds -1477 >= -2017 @ 19.9452
c #Conflicts:      13000 | #Constraints:      36678
c #Conflicts:      14000 | #Constraints:      37678
c bounds -1479 >= -2017 @ 25.965
c bounds -1479 >= -2016 @ 26.4452
c #Conflicts:      15000 | #Constraints:      38730
c bounds -1479 >= -2015 @ 27.3539
c #Conflicts:      16000 | #Constraints:      39781
c bounds -1481 >= -2015 @ 29.186
c INPROCESSING
c GARBAGE COLLECT
c bounds -1488 >= -2015 @ 31.3066
c #Conflicts:      17000 | #Constraints:      35359
c bounds -1488 >= -2014 @ 31.5692
c bounds -1488 >= -2013 @ 31.9607
c bounds -1490 >= -2013 @ 31.9964
c #Conflicts:      18000 | #Constraints:      36534
c #Conflicts:      19000 | #Constraints:      37534
c bounds -1509 >= -2013 @ 37.8481
c #Conflicts:      20000 | #Constraints:      38535
c bounds -1509 >= -2012 @ 38.345
c bounds -1509 >= -2011 @ 38.5248
c bounds -1509 >= -2010 @ 39.2279
c #Conflicts:      21000 | #Constraints:      39676
c INPROCESSING
c GARBAGE COLLECT
c bounds -1555 >= -2010 @ 40.5455
c bounds -1561 >= -2010 @ 42.5624
c #Conflicts:      22000 | #Constraints:      35569
c bounds -1561 >= -2009 @ 43.1216
c bounds -1567 >= -2009 @ 43.747
c #Conflicts:      23000 | #Constraints:      36639
c bounds -1567 >= -2008 @ 44.4628
c bounds -1569 >= -2008 @ 44.719
c #Conflicts:      24000 | #Constraints:      37709
c bounds -1571 >= -2008 @ 47.9217
c bounds -1571 >= -2007 @ 48.7805
c #Conflicts:      25000 | #Constraints:      38770
c bounds -1573 >= -2007 @ 50.8743
c #Conflicts:      26000 | #Constraints:      39771
c bounds -1573 >= -2006 @ 51.8028
c #Conflicts:      27000 | #Constraints:      40846
c #Conflicts:      28000 | #Constraints:      41846
c bounds -1683 >= -2006 @ 56.6299
c #Conflicts:      29000 | #Constraints:      42847
c bounds -1683 >= -2005 @ 58.1848
c bounds -1717 >= -2005 @ 60.1927
c #Conflicts:      30000 | #Constraints:      43914
c bounds -1717 >= -2004 @ 61.0086
c #Conflicts:      31000 | #Constraints:      44959
c INPROCESSING
c GARBAGE COLLECT
c bounds -1717 >= -2003 @ 64.3762
c #Conflicts:      32000 | #Constraints:      38339
c bounds -1717 >= -2002 @ 64.947
c bounds -1720 >= -2002 @ 65.5815
c bounds -1720 >= -2001 @ 66.1132
c #Conflicts:      33000 | #Constraints:      39406
c #Conflicts:      34000 | #Constraints:      40406
c #Conflicts:      35000 | #Constraints:      41406
c bounds -1728 >= -2001 @ 74.9314
c bounds -1728 >= -2000 @ 75.3119
c #Conflicts:      36000 | #Constraints:      42443
c bounds -1728 >= -1999 @ 76.0417
c bounds -1728 >= -1998 @ 77.1094
c #Conflicts:      37000 | #Constraints:      43536
c bounds -1728 >= -1997 @ 77.8527
c INPROCESSING
c GARBAGE COLLECT
c bounds -1728 >= -1996 @ 78.792
c #Conflicts:      38000 | #Constraints:      37811
c bounds -1728 >= -1995 @ 79.7457
c bounds -1728 >= -1994 @ 80.5595
c #Conflicts:      39000 | #Constraints:      38940
c bounds -1728 >= -1993 @ 81.7934
c bounds -1728 >= -1992 @ 82.4966
c #Conflicts:      40000 | #Constraints:      40051
c #Conflicts:      41000 | #Constraints:      41051
c bounds -1729 >= -1992 @ 87.966
c #Conflicts:      42000 | #Constraints:      42052
c bounds -1729 >= -1991 @ 89.2013
c bounds -1730 >= -1991 @ 89.7885
c bounds -1732 >= -1991 @ 90.1074
c #Conflicts:      43000 | #Constraints:      43132
c #Conflicts:      44000 | #Constraints:      44132
c #Conflicts:      45000 | #Constraints:      45132
c bounds -1740 >= -1991 @ 98.6378
c bounds -1740 >= -1990 @ 99.3541
c #Conflicts:      46000 | #Constraints:      46196
c bounds -1740 >= -1989 @ 100.132
c bounds -1740 >= -1988 @ 100.654
c bounds -1740 >= -1987 @ 101.265
c #Conflicts:      47000 | #Constraints:      47331
c #Conflicts:      48000 | #Constraints:      48331
c #Conflicts:      49000 | #Constraints:      49331
c #Conflicts:      50000 | #Constraints:      50331
c INPROCESSING
c GARBAGE COLLECT
c bounds -1740 >= -1986 @ 113.895
c #Conflicts:      51000 | #Constraints:      41244
c bounds -1740 >= -1985 @ 114.441
c bounds -1740 >= -1984 @ 114.907
c bounds -1740 >= -1983 @ 115.634
c bounds -1740 >= -1982 @ 116.382
c #Conflicts:      52000 | #Constraints:      42448
c bounds -1740 >= -1981 @ 116.997
c bounds -1740 >= -1980 @ 117.695
c bounds -1740 >= -1979 @ 119.012
c #Conflicts:      53000 | #Constraints:      43572
c bounds -1740 >= -1978 @ 120.331
c bounds -1740 >= -1977 @ 121.587
c #Conflicts:      54000 | #Constraints:      44677
c bounds -1742 >= -1977 @ 124.338
c #Conflicts:      55000 | #Constraints:      45678
c bounds -1742 >= -1976 @ 125.767
c bounds -1744 >= -1976 @ 127.668
c #Conflicts:      56000 | #Constraints:      46730
c bounds -1744 >= -1975 @ 129.223
c #Conflicts:      57000 | #Constraints:      47796
c INPROCESSING
c GARBAGE COLLECT
c #Conflicts:      58000 | #Constraints:      40075
c bounds -1744 >= -1974 @ 133.719
c #Conflicts:      59000 | #Constraints:      41138
c #Conflicts:      60000 | #Constraints:      42138
c bounds -1746 >= -1974 @ 141.585
c #Conflicts:      61000 | #Constraints:      43139
c #Conflicts:      62000 | #Constraints:      44139
c bounds -1746 >= -1973 @ 144.259
c bounds -1748 >= -1973 @ 144.897
c #Conflicts:      63000 | #Constraints:      45230
c #Conflicts:      64000 | #Constraints:      46230
c #Conflicts:      65000 | #Constraints:      47230
c #Conflicts:      66000 | #Constraints:      48230
c #Conflicts:      67000 | #Constraints:      49230
c #Conflicts:      68000 | #Constraints:      50230
c #Conflicts:      69000 | #Constraints:      51230
c #Conflicts:      70000 | #Constraints:      52230
c #Conflicts:      71000 | #Constraints:      53230
c #Conflicts:      72000 | #Constraints:      54230
c #Conflicts:      73000 | #Constraints:      55230
c #Conflicts:      74000 | #Constraints:      56230
c INPROCESSING
c GARBAGE COLLECT
c bounds -1748 >= -1972 @ 200.248
c #Conflicts:      75000 | #Constraints:      44991
c bounds -1748 >= -1971 @ 202.028
c bounds -1748 >= -1970 @ 204.67
c #Conflicts:      76000 | #Constraints:      46111
c bounds -1748 >= -1969 @ 206.878
c #Conflicts:      77000 | #Constraints:      47156
c bounds -1748 >= -1968 @ 209.094
c bounds -1748 >= -1967 @ 211.863
c #Conflicts:      78000 | #Constraints:      48282
c bounds -1748 >= -1966 @ 213.577
c bounds -1748 >= -1965 @ 215.099
c #Conflicts:      79000 | #Constraints:      49369
c bounds -1748 >= -1964 @ 217.174
c bounds -1748 >= -1963 @ 218.403
c #Conflicts:      80000 | #Constraints:      50456
c bounds -1748 >= -1962 @ 220.986
c bounds -1748 >= -1961 @ 222.196
c #Conflicts:      81000 | #Constraints:      51555
c bounds -1748 >= -1960 @ 225.513
c bounds -1748 >= -1959 @ 227.511
c #Conflicts:      82000 | #Constraints:      52645
c bounds -1748 >= -1958 @ 229.93
c INPROCESSING
c GARBAGE COLLECT
c #Conflicts:      83000 | #Constraints:      42589
c bounds -1748 >= -1957 @ 232.807
c bounds -1748 >= -1956 @ 235.226
c #Conflicts:      84000 | #Constraints:      43733
c bounds -1748 >= -1955 @ 237.473
c #Conflicts:      85000 | #Constraints:      44775
c #Conflicts:      86000 | #Constraints:      45775
c #Conflicts:      87000 | #Constraints:      46775
c #Conflicts:      88000 | #Constraints:      47775
c #Conflicts:      89000 | #Constraints:      48775
c #Conflicts:      90000 | #Constraints:      49775
c #Conflicts:      91000 | #Constraints:      50775
c #Conflicts:      92000 | #Constraints:      51775
c bounds -1750 >= -1955 @ 257.307
c bounds -1750 >= -1954 @ 261.573
c #Conflicts:      93000 | #Constraints:      52845
c bounds -1750 >= -1953 @ 264.343
c #Conflicts:      94000 | #Constraints:      53902
c #Conflicts:      95000 | #Constraints:      54902
c #Conflicts:      96000 | #Constraints:      55902
c #Conflicts:      97000 | #Constraints:      56902
c #Conflicts:      98000 | #Constraints:      57902
c #Conflicts:      99000 | #Constraints:      58902
c #Conflicts:     100000 | #Constraints:      59902
c #Conflicts:     101000 | #Constraints:      60902
c #Conflicts:     102000 | #Constraints:      61902
c INPROCESSING
c GARBAGE COLLECT
c #Conflicts:     103000 | #Constraints:      47832
c bounds -1750 >= -1952 @ 293.428
c #Conflicts:     104000 | #Constraints:      48907
c bounds -1750 >= -1951 @ 297.959
c bounds -1750 >= -1950 @ 300.286
c #Conflicts:     105000 | #Constraints:      50039
c bounds -1750 >= -1949 @ 304.248
c #Conflicts:     106000 | #Constraints:      51111
c bounds -1750 >= -1948 @ 307.157
c bounds -1750 >= -1947 @ 309.952
c bounds -1750 >= -1946 @ 311.648
c #Conflicts:     107000 | #Constraints:      52240
c bounds -1750 >= -1945 @ 314.99
c #Conflicts:     108000 | #Constraints:      53297
c #Conflicts:     109000 | #Constraints:      54297
c #Conflicts:     110000 | #Constraints:      55297
c #Conflicts:     111000 | #Constraints:      56297
c INPROCESSING
c GARBAGE COLLECT
c #Conflicts:     112000 | #Constraints:      44727
c bounds -1750 >= -1944 @ 333.73
c #Conflicts:     113000 | #Constraints:      45841
c bounds -1750 >= -1943 @ 337.097
c #Conflicts:     114000 | #Constraints:      46898
c bounds -1750 >= -1942 @ 340.626
c #Conflicts:     115000 | #Constraints:      47952
c #Conflicts:     116000 | #Constraints:      48952
c bounds -1756 >= -1942 @ 346.683
c #Conflicts:     117000 | #Constraints:      49953
c bounds -1756 >= -1941 @ 351.647
c bounds -1766 >= -1941 @ 351.672
c bounds -1779 >= -1941 @ 351.826
c #Conflicts:     118000 | #Constraints:      51021
c bounds -1795 >= -1941 @ 356.443
c #Conflicts:     119000 | #Constraints:      52022
c bounds -1795 >= -1940 @ 359.772
c #Conflicts:     120000 | #Constraints:      53082
c #Conflicts:     121000 | #Constraints:      54082
c INPROCESSING
c GARBAGE COLLECT
c #Conflicts:     122000 | #Constraints:      44286
c #Conflicts:     123000 | #Constraints:      45286
c bounds -1795 >= -1939 @ 376.091
c #Conflicts:     124000 | #Constraints:      46400
c #Conflicts:     125000 | #Constraints:      47400
c #Conflicts:     126000 | #Constraints:      48400
c #Conflicts:     127000 | #Constraints:      49400
c #Conflicts:     128000 | #Constraints:      50400
c bounds -1796 >= -1939 @ 411.102
c #Conflicts:     129000 | #Constraints:      51401
c bounds -1796 >= -1938 @ 416.2
c #Conflicts:     130000 | #Constraints:      52464
c bounds -1796 >= -1937 @ 423.51
c #Conflicts:     131000 | #Constraints:      53548
c bounds -1796 >= -1936 @ 427.162
c bounds -1800 >= -1936 @ 427.285
c bounds -1810 >= -1936 @ 427.342
c bounds -1820 >= -1936 @ 427.727
c bounds -1826 >= -1936 @ 427.885
c bounds -1840 >= -1936 @ 428.004
c bounds -1842 >= -1936 @ 428.045
c bounds -1851 >= -1936 @ 428.181
c #Conflicts:     132000 | #Constraints:      54603
c bounds -1857 >= -1936 @ 431.076
c #Conflicts:     133000 | #Constraints:      55604
c #Conflicts:     134000 | #Constraints:      56604
c #Conflicts:     135000 | #Constraints:      57604
c #Conflicts:     136000 | #Constraints:      58604
c #Conflicts:     137000 | #Constraints:      59604
c #Conflicts:     138000 | #Constraints:      60604
c #Conflicts:     139000 | #Constraints:      61604
c #Conflicts:     140000 | #Constraints:      62604
c #Conflicts:     141000 | #Constraints:      63604
c #Conflicts:     142000 | #Constraints:      64604
c #Conflicts:     143000 | #Constraints:      65604
c #Conflicts:     144000 | #Constraints:      66604
c #Conflicts:     145000 | #Constraints:      67604
c INPROCESSING
c GARBAGE COLLECT
c #Conflicts:     146000 | #Constraints:      45670
c bounds -1857 >= -1935 @ 548.1
c #Conflicts:     147000 | #Constraints:      46775
c bounds -1857 >= -1934 @ 551.114
c bounds -1857 >= -1933 @ 553.809
c #Conflicts:     148000 | #Constraints:      47877
c bounds -1857 >= -1932 @ 557.651
c #Conflicts:     149000 | #Constraints:      48934
c bounds -1857 >= -1931 @ 561.798
c bounds -1857 >= -1930 @ 566.109
c #Conflicts:     150000 | #Constraints:      50057
c bounds -1857 >= -1929 @ 572.522
c #Conflicts:     151000 | #Constraints:      51135
c bounds -1857 >= -1928 @ 576.373
c #Conflicts:     152000 | #Constraints:      52168
c bounds -1857 >= -1927 @ 580.567
c bounds -1857 >= -1926 @ 583.859
c #Conflicts:     153000 | #Constraints:      53258
c bounds -1857 >= -1925 @ 587.674
c bounds -1857 >= -1924 @ 591.869
c #Conflicts:     154000 | #Constraints:      54366
c bounds -1857 >= -1923 @ 595.483
c bounds -1857 >= -1922 @ 599.621
c bounds -1857 >= -1921 @ 602.215
c #Conflicts:     155000 | #Constraints:      55489
c bounds -1857 >= -1920 @ 605.921
c #Conflicts:     156000 | #Constraints:      56543
c bounds -1857 >= -1919 @ 612.66
c bounds -1857 >= -1918 @ 617.887
c #Conflicts:     157000 | #Constraints:      57645
c bounds -1857 >= -1917 @ 623.603
c bounds -1857 >= -1916 @ 629.48
c #Conflicts:     158000 | #Constraints:      58735
c bounds -1857 >= -1915 @ 632.692
c bounds -1857 >= -1914 @ 635.877
c #Conflicts:     159000 | #Constraints:      59825
c bounds -1857 >= -1913 @ 641.243
c #Conflicts:     160000 | #Constraints:      60870
c bounds -1857 >= -1912 @ 646.834
c #Conflicts:     161000 | #Constraints:      61933
c #Conflicts:     162000 | #Constraints:      62933
c #Conflicts:     163000 | #Constraints:      63933
c #Conflicts:     164000 | #Constraints:      64933
c #Conflicts:     165000 | #Constraints:      65933
c #Conflicts:     166000 | #Constraints:      66933
c #Conflicts:     167000 | #Constraints:      67933
c #Conflicts:     168000 | #Constraints:      68933
c #Conflicts:     169000 | #Constraints:      69933
c bounds -1857 >= -1912 @ 724.456
c cpu time 724.456 s
c deterministic time 14432738141 1.44e+10
c optimization time 0.693247 s
c total solve time 723.643 s
c core-guided solve time 270.15 s
c propagation time 182.971 s
c conflict analysis time 521.417 s
c propagations 282344590
c resolve steps 17177576
c decisions 6875213
c conflicts 169280
c restarts 459
c inprocessing phases 15
c input clauses 28488
c input cardinalities 10443
c input general constraints 3382
c input average constraint length 123.94
c input average constraint degree 48.36
c learned clauses 145346
c learned cardinalities 1080
c learned general constraints 22857
c learned average constraint length 687.95
c learned average constraint degree 5109016.97
c watched constraints 16274
c counting constraints 9965
c gcd simplifications 10853
c detected cardinalities 22
c weakened non-implied lits 301519538
c weakened non-implying lits 206735
c original variables 16050
c clausal propagations 51144254
c cardinality propagations 33248140
c watched propagations 2646098
c counting propagations 189306431
c watch lookups 2404256086
c watch backjump lookups 2026710566
c watch checks 6197200730
c propagation checks 2433010417
c constraint additions 792962054
c trail pops 289378484
c formula constraints 30929
c learned constraints 169283
c bound constraints 1049
c core-guided constraints 10335
c encountered formula constraints 9101982
c encountered learned constraints 4428602
c encountered bound constraints 11399
c encountered core-guided constraints 3804873
c LP total time 0 s
c LP solve time 0 s
c LP constraints added 0
c LP constraints removed 0
c LP pivots internal 0
c LP pivots root 0
c LP calls 0
c LP optimalities 0
c LP no pivot count 0
c LP infeasibilities 0
c LP valid Farkas constraints 0
c LP learned Farkas constraints 0
c LP basis resets 0
c LP cycling count 0
c LP singular count 0
c LP no primal count 0
c LP no farkas count 0
c LP other issue count 0
c LP Gomory cuts 0
c LP learned cuts 0
c LP deleted cuts 0
c LP encountered Gomory constraints 0
c LP encountered Farkas constraints 0
c LP encountered learned Farkas constraints 0
c CG auxiliary variables introduced 3598
c CG solutions found 590
c CG cores constructed 459
c CG core cardinality constraints returned 0
c CG unit cores 0
c CG single cores 459
c CG blocks removed during cardinality reduction 0
c CG first core best 0
c CG decision core best 0
c CG core reduction tie 0
c CG core degree average 1.00
c CG core slack average 11.83
o -1857
s OPTIMUM FOUND
