c RoundingSat 2
c branch 
c commit 
c #variables 25845 #constraints 59872
c bounds - >= -5159 @ 0.199487
c bounds 0 >= -5159 @ 0.21373
c bounds 0 >= -5158 @ 0.234288
c bounds 0 >= -5157 @ 0.249502
c bounds -6 >= -5157 @ 0.326041
c bounds -9 >= -5157 @ 0.340439
c bounds -18 >= -5157 @ 0.41626
c bounds -18 >= -5156 @ 0.429774
c bounds -18 >= -5155 @ 0.438297
c bounds -18 >= -5154 @ 0.450732
c bounds -19 >= -5154 @ 0.46085
c bounds -19 >= -5153 @ 0.470835
c bounds -19 >= -5152 @ 0.48713
c bounds -19 >= -5151 @ 0.498347
c bounds -21 >= -5151 @ 0.511679
c bounds -21 >= -5150 @ 0.525712
c bounds -21 >= -5149 @ 0.535877
c bounds -21 >= -5148 @ 0.54785
c bounds -22 >= -5148 @ 0.557431
c bounds -22 >= -5147 @ 0.571439
c bounds -22 >= -5146 @ 0.583409
c bounds -23 >= -5146 @ 0.594325
c bounds -23 >= -5145 @ 0.607017
c bounds -23 >= -5144 @ 0.618255
c bounds -23 >= -5143 @ 0.631161
c bounds -24 >= -5143 @ 0.641654
c bounds -24 >= -5142 @ 0.655428
c bounds -24 >= -5141 @ 0.668537
c bounds -24 >= -5140 @ 0.682397
c bounds -25 >= -5140 @ 0.691577
c bounds -25 >= -5139 @ 0.70404
c bounds -25 >= -5138 @ 0.71342
c bounds -26 >= -5138 @ 0.722925
c bounds -26 >= -5137 @ 0.736668
c bounds -26 >= -5136 @ 0.748928
c bounds -26 >= -5135 @ 0.756615
c bounds -27 >= -5135 @ 0.766841
c bounds -27 >= -5134 @ 0.783438
c bounds -27 >= -5133 @ 0.793629
c bounds -28 >= -5133 @ 0.803007
c bounds -28 >= -5132 @ 0.818473
c bounds -28 >= -5131 @ 0.829795
c bounds -29 >= -5131 @ 0.838817
c bounds -29 >= -5130 @ 0.851401
c bounds -29 >= -5129 @ 0.862686
c bounds -29 >= -5128 @ 0.876562
c bounds -30 >= -5128 @ 0.887292
c bounds -30 >= -5127 @ 0.898584
c bounds -30 >= -5126 @ 0.907629
c bounds -31 >= -5126 @ 0.918459
c bounds -31 >= -5125 @ 0.936034
c bounds -31 >= -5124 @ 0.946219
c bounds -32 >= -5124 @ 0.956648
c bounds -32 >= -5123 @ 0.974727
c bounds -32 >= -5122 @ 0.985959
c bounds -32 >= -5121 @ 0.99672
c bounds -33 >= -5121 @ 1.00632
c bounds -33 >= -5120 @ 1.01774
c bounds -33 >= -5119 @ 1.02867
c bounds -34 >= -5119 @ 1.03734
c bounds -34 >= -5118 @ 1.04779
c bounds -34 >= -5117 @ 1.05808
c bounds -34 >= -5116 @ 1.06887
c bounds -41 >= -5116 @ 1.08329
c bounds -41 >= -5115 @ 1.09754
c bounds -41 >= -5114 @ 1.11161
c bounds -41 >= -5113 @ 1.12647
c bounds -47 >= -5113 @ 1.14107
c bounds -47 >= -5112 @ 1.15556
c bounds -47 >= -5111 @ 1.16893
c bounds -48 >= -5111 @ 1.17909
c bounds -48 >= -5110 @ 1.1945
c bounds -48 >= -5109 @ 1.21057
c bounds -48 >= -5108 @ 1.22132
c bounds -49 >= -5108 @ 1.22992
c bounds -49 >= -5107 @ 1.24418
c bounds -49 >= -5106 @ 1.25731
c bounds -50 >= -5106 @ 1.26667
c bounds -50 >= -5105 @ 1.27886
c bounds -50 >= -5104 @ 1.2888
c bounds -50 >= -5103 @ 1.2995
c bounds -51 >= -5103 @ 1.31001
c bounds -51 >= -5102 @ 1.31932
c bounds -51 >= -5101 @ 1.33123
c bounds -52 >= -5101 @ 1.34163
c bounds -52 >= -5100 @ 1.35105
c bounds -52 >= -5099 @ 1.36332
c bounds -52 >= -5098 @ 1.37428
c bounds -53 >= -5098 @ 1.3848
c bounds -53 >= -5097 @ 1.39622
c bounds -53 >= -5096 @ 1.4083
c bounds -54 >= -5096 @ 1.41841
c bounds -54 >= -5095 @ 1.43059
c bounds -54 >= -5094 @ 1.44468
c bounds -54 >= -5093 @ 1.4572
c bounds -55 >= -5093 @ 1.46784
c bounds -55 >= -5092 @ 1.47914
c bounds -55 >= -5091 @ 1.49013
c bounds -57 >= -5091 @ 1.50328
c bounds -57 >= -5090 @ 1.51658
c bounds -57 >= -5089 @ 1.52666
c bounds -57 >= -5088 @ 1.53919
c bounds -58 >= -5088 @ 1.54909
c bounds -58 >= -5087 @ 1.56246
c bounds -58 >= -5086 @ 1.57141
c bounds -58 >= -5085 @ 1.5839
c bounds -59 >= -5085 @ 1.59436
c bounds -59 >= -5084 @ 1.60767
c bounds -59 >= -5083 @ 1.62156
c bounds -60 >= -5083 @ 1.63215
c bounds -60 >= -5082 @ 1.64435
c bounds -60 >= -5081 @ 1.65727
c bounds -60 >= -5080 @ 1.66469
c bounds -61 >= -5080 @ 1.67506
c bounds -61 >= -5079 @ 1.68917
c bounds -61 >= -5078 @ 1.70112
c bounds -61 >= -5077 @ 1.71565
c bounds -62 >= -5077 @ 1.72645
c bounds -62 >= -5076 @ 1.73759
c bounds -62 >= -5075 @ 1.7511
c bounds -62 >= -5074 @ 1.7597
c bounds -63 >= -5074 @ 1.77044
c bounds -63 >= -5073 @ 1.78665
c bounds -63 >= -5072 @ 1.7982
c bounds -63 >= -5071 @ 1.80602
c bounds -64 >= -5071 @ 1.81492
c bounds -64 >= -5070 @ 1.82682
c bounds -64 >= -5069 @ 1.83923
c bounds -64 >= -5068 @ 1.8518
c bounds -65 >= -5068 @ 1.86239
c bounds -65 >= -5067 @ 1.87661
c bounds -65 >= -5066 @ 1.88998
c bounds -65 >= -5065 @ 1.89959
c bounds -66 >= -5065 @ 1.90965
c bounds -66 >= -5064 @ 1.9266
c bounds -66 >= -5063 @ 1.93734
c bounds -66 >= -5062 @ 1.94672
c bounds -67 >= -5062 @ 1.95725
c bounds -67 >= -5061 @ 1.96927
c bounds -67 >= -5060 @ 1.97968
c bounds -67 >= -5059 @ 1.99224
c bounds -68 >= -5059 @ 2.00222
c bounds -68 >= -5058 @ 2.01438
c bounds -68 >= -5057 @ 2.03173
c bounds -68 >= -5056 @ 2.04434
c bounds -69 >= -5056 @ 2.0537
c bounds -69 >= -5055 @ 2.07065
c bounds -69 >= -5054 @ 2.0845
c bounds -69 >= -5053 @ 2.09598
c bounds -70 >= -5053 @ 2.10666
c bounds -70 >= -5052 @ 2.11657
c bounds -70 >= -5051 @ 2.12888
c bounds -70 >= -5050 @ 2.13928
c bounds -70 >= -5049 @ 2.15158
c bounds -71 >= -5049 @ 2.16189
c bounds -71 >= -5048 @ 2.16883
c bounds -71 >= -5047 @ 2.18106
c bounds -71 >= -5046 @ 2.19069
c bounds -72 >= -5046 @ 2.20123
c bounds -72 >= -5045 @ 2.21831
c bounds -72 >= -5044 @ 2.22451
c bounds -72 >= -5043 @ 2.23486
c bounds -73 >= -5043 @ 2.24524
c bounds -73 >= -5042 @ 2.25626
c bounds -73 >= -5041 @ 2.26535
c bounds -73 >= -5040 @ 2.27466
c bounds -74 >= -5040 @ 2.28455
c bounds -74 >= -5039 @ 2.29935
c bounds -74 >= -5038 @ 2.31368
c bounds -74 >= -5037 @ 2.32106
c bounds -75 >= -5037 @ 2.33173
c bounds -75 >= -5036 @ 2.34358
c bounds -75 >= -5035 @ 2.3569
c bounds -75 >= -5034 @ 2.36836
c bounds -75 >= -5033 @ 2.37848
c bounds -82 >= -5033 @ 2.42126
c bounds -82 >= -5032 @ 2.43225
c bounds -82 >= -5031 @ 2.44468
c bounds -82 >= -5030 @ 2.45694
c bounds -83 >= -5030 @ 3.08454
c bounds -83 >= -5029 @ 3.09591
c bounds -83 >= -5028 @ 3.10758
c bounds -83 >= -5027 @ 3.11831
c bounds -83 >= -5026 @ 3.13002
c bounds -83 >= -5025 @ 3.13874
c bounds -83 >= -5024 @ 3.14754
c bounds -83 >= -5023 @ 3.15626
c bounds -83 >= -5022 @ 3.16573
c bounds -83 >= -5021 @ 3.17756
c bounds -83 >= -5020 @ 3.18728
c bounds -83 >= -5019 @ 3.19677
c bounds -83 >= -5018 @ 3.20835
c bounds -83 >= -5017 @ 3.21919
c bounds -83 >= -5016 @ 3.22752
c bounds -83 >= -5015 @ 3.23909
c bounds -83 >= -5014 @ 3.24877
c bounds -83 >= -5013 @ 3.25823
c bounds -83 >= -5012 @ 3.27279
c bounds -83 >= -5011 @ 3.28434
c bounds -83 >= -5010 @ 3.29595
c bounds -83 >= -5009 @ 3.3085
c bounds -83 >= -5008 @ 3.31608
c bounds -83 >= -5007 @ 3.32287
c bounds -83 >= -5006 @ 3.33421
c bounds -83 >= -5005 @ 3.34686
c bounds -83 >= -5004 @ 3.35446
c bounds -83 >= -5003 @ 3.36109
c bounds -83 >= -5002 @ 3.37158
c bounds -83 >= -5001 @ 3.38114
c bounds -83 >= -5000 @ 3.38889
c bounds -83 >= -4999 @ 3.39758
c bounds -83 >= -4998 @ 3.40833
c bounds -83 >= -4997 @ 3.41894
c bounds -83 >= -4996 @ 3.42665
c bounds -83 >= -4995 @ 3.43902
c bounds -83 >= -4994 @ 3.44867
c bounds -83 >= -4993 @ 3.46106
c bounds -83 >= -4992 @ 3.47154
c bounds -83 >= -4991 @ 3.48406
c bounds -83 >= -4990 @ 3.49656
c bounds -83 >= -4989 @ 3.50705
c bounds -88 >= -4989 @ 4.3321
c bounds -88 >= -4988 @ 4.34438
c bounds -88 >= -4987 @ 4.35726
c bounds -88 >= -4986 @ 4.36698
c bounds -88 >= -4985 @ 4.38066
c bounds -88 >= -4984 @ 4.3933
c bounds -88 >= -4983 @ 4.40592
c bounds -88 >= -4982 @ 4.41654
c bounds -88 >= -4981 @ 4.42723
c bounds -88 >= -4980 @ 4.43977
c bounds -88 >= -4979 @ 4.44956
c bounds -88 >= -4978 @ 4.46013
c bounds -88 >= -4977 @ 4.46897
c bounds -88 >= -4976 @ 4.48142
c bounds -88 >= -4975 @ 4.49313
c bounds -88 >= -4974 @ 4.50603
c bounds -88 >= -4973 @ 4.51947
c bounds -88 >= -4972 @ 4.53101
c bounds -88 >= -4971 @ 4.54352
c bounds -88 >= -4970 @ 4.55508
c bounds -88 >= -4969 @ 4.5676
c bounds -88 >= -4968 @ 4.58115
c bounds -88 >= -4967 @ 4.59276
c bounds -88 >= -4966 @ 4.60421
c bounds -88 >= -4965 @ 4.61371
c bounds -88 >= -4964 @ 4.62623
c bounds -88 >= -4963 @ 4.63928
c bounds -88 >= -4962 @ 4.65232
c bounds -88 >= -4961 @ 4.66601
c bounds -88 >= -4960 @ 4.67766
c bounds -88 >= -4959 @ 4.68717
c bounds -88 >= -4958 @ 4.70067
c bounds -88 >= -4957 @ 4.70845
c bounds -88 >= -4956 @ 4.71889
c bounds -88 >= -4955 @ 4.7294
c bounds -88 >= -4954 @ 4.73713
c bounds -88 >= -4953 @ 4.75262
c bounds -88 >= -4952 @ 4.76122
c bounds -88 >= -4951 @ 4.77157
c bounds -88 >= -4950 @ 4.77896
c bounds -88 >= -4949 @ 4.7935
c bounds -88 >= -4948 @ 4.80406
c bounds -88 >= -4947 @ 4.81543
c bounds -88 >= -4946 @ 4.82699
c bounds -88 >= -4945 @ 4.83635
c bounds -88 >= -4944 @ 4.84471
c bounds -88 >= -4943 @ 4.85612
c bounds -88 >= -4942 @ 4.86773
c bounds -88 >= -4941 @ 4.87661
c bounds -88 >= -4940 @ 4.88478
c bounds -88 >= -4939 @ 4.8952
c bounds -88 >= -4938 @ 4.90858
c bounds -88 >= -4937 @ 4.91604
c bounds -88 >= -4936 @ 4.93054
c bounds -88 >= -4935 @ 4.94089
c bounds -88 >= -4934 @ 4.95152
c bounds -88 >= -4933 @ 4.9627
c bounds -89 >= -4933 @ 5.15611
c bounds -89 >= -4932 @ 5.16842
c bounds -89 >= -4931 @ 5.18842
c bounds -89 >= -4930 @ 5.20079
c bounds -89 >= -4929 @ 5.21621
c bounds -89 >= -4928 @ 5.22371
c bounds -89 >= -4927 @ 5.23497
c bounds -89 >= -4926 @ 5.25049
c bounds -89 >= -4925 @ 5.26365
c bounds -89 >= -4924 @ 5.27198
c bounds -89 >= -4923 @ 5.27932
c bounds -89 >= -4922 @ 5.29161
c bounds -89 >= -4921 @ 5.30107
c bounds -89 >= -4920 @ 5.30747
c bounds -91 >= -4920 @ 5.35298
c bounds -91 >= -4919 @ 5.36246
c bounds -91 >= -4918 @ 5.37161
c bounds -91 >= -4917 @ 5.38285
c bounds -91 >= -4916 @ 5.39323
c bounds -91 >= -4915 @ 5.40334
c bounds -91 >= -4914 @ 5.41388
c bounds -91 >= -4913 @ 5.42594
c bounds -91 >= -4912 @ 5.44116
c bounds -91 >= -4911 @ 5.45288
c bounds -92 >= -4911 @ 5.46364
c bounds -92 >= -4910 @ 5.47405
c bounds -92 >= -4909 @ 5.48382
c bounds -92 >= -4908 @ 5.49269
c bounds -92 >= -4907 @ 5.5045
c bounds -92 >= -4906 @ 5.51638
c bounds -93 >= -4906 @ 5.52754
c bounds -93 >= -4905 @ 5.53689
c bounds -93 >= -4904 @ 5.54688
c bounds -93 >= -4903 @ 5.55472
c bounds -93 >= -4902 @ 5.56157
c bounds -93 >= -4901 @ 5.57511
c bounds -93 >= -4900 @ 5.58788
c bounds -93 >= -4899 @ 5.5997
c bounds -94 >= -4899 @ 5.60957
c bounds -94 >= -4898 @ 5.62381
c bounds -94 >= -4897 @ 5.63367
c bounds -94 >= -4896 @ 5.64449
c bounds -94 >= -4895 @ 5.65412
c bounds -94 >= -4894 @ 5.66292
c bounds -94 >= -4893 @ 5.67013
c bounds -95 >= -4893 @ 5.68135
c bounds -95 >= -4892 @ 5.69077
c bounds -95 >= -4891 @ 5.69765
c bounds -95 >= -4890 @ 5.71161
c bounds -95 >= -4889 @ 5.72466
c bounds -97 >= -4889 @ 5.7405
c bounds -97 >= -4888 @ 5.75402
c bounds -97 >= -4887 @ 5.7609
c bounds -97 >= -4886 @ 5.77465
c bounds -97 >= -4885 @ 5.78378
c bounds -97 >= -4884 @ 5.79621
c bounds -97 >= -4883 @ 5.80403
c bounds -98 >= -4883 @ 5.81559
c bounds -98 >= -4882 @ 5.82512
c bounds -98 >= -4881 @ 5.83333
c bounds -98 >= -4880 @ 5.84922
c bounds -98 >= -4879 @ 5.85703
c bounds -99 >= -4879 @ 5.86806
c bounds -99 >= -4878 @ 5.8758
c bounds -99 >= -4877 @ 5.88696
c bounds -99 >= -4876 @ 5.90128
c bounds -99 >= -4875 @ 5.91246
c bounds -101 >= -4875 @ 5.92703
c bounds -101 >= -4874 @ 5.93456
c bounds -101 >= -4873 @ 5.94742
c bounds -101 >= -4872 @ 5.96438
c bounds -101 >= -4871 @ 5.97147
c bounds -102 >= -4871 @ 5.98276
c bounds -102 >= -4870 @ 5.99319
c bounds -102 >= -4869 @ 6.00618
c #Conflicts:       1000 | #Constraints:      61879
c bounds -102 >= -4868 @ 6.02813
c bounds -102 >= -4867 @ 6.0381
c bounds -103 >= -4867 @ 6.04855
c bounds -103 >= -4866 @ 6.06688
c bounds -103 >= -4865 @ 6.07719
c bounds -104 >= -4865 @ 6.08952
c bounds -104 >= -4864 @ 6.10184
c bounds -104 >= -4863 @ 6.11346
c bounds -104 >= -4862 @ 6.1243
c bounds -104 >= -4861 @ 6.13091
c bounds -104 >= -4860 @ 6.13956
c bounds -105 >= -4860 @ 6.15115
c bounds -105 >= -4859 @ 6.16063
c bounds -105 >= -4858 @ 6.17473
c bounds -105 >= -4857 @ 6.18523
c bounds -105 >= -4856 @ 6.20172
c bounds -105 >= -4855 @ 6.22598
c bounds -112 >= -4855 @ 6.24164
c bounds -112 >= -4854 @ 6.24957
c bounds -112 >= -4853 @ 6.26086
c bounds -112 >= -4852 @ 6.27051
c bounds -112 >= -4851 @ 6.28376
c bounds -113 >= -4851 @ 6.29434
c bounds -113 >= -4850 @ 6.31416
c bounds -113 >= -4849 @ 6.3266
c bounds -113 >= -4848 @ 6.33584
c bounds -113 >= -4847 @ 6.35234
c bounds -114 >= -4847 @ 6.36255
c bounds -114 >= -4846 @ 6.37459
c bounds -114 >= -4845 @ 6.38526
c bounds -114 >= -4844 @ 6.39193
c bounds -114 >= -4843 @ 6.40713
c bounds -114 >= -4842 @ 6.41528
c bounds -115 >= -4842 @ 6.42685
c bounds -115 >= -4841 @ 6.44121
c bounds -115 >= -4840 @ 6.49374
c bounds -116 >= -4840 @ 6.50495
c bounds -116 >= -4839 @ 6.53698
c bounds -116 >= -4838 @ 6.54941
c bounds -117 >= -4838 @ 6.56056
c bounds -117 >= -4837 @ 6.57911
c bounds -117 >= -4836 @ 6.59217
c bounds -117 >= -4835 @ 6.60153
c bounds -117 >= -4834 @ 6.61221
c bounds -117 >= -4833 @ 6.62656
c bounds -150 >= -4833 @ 6.65175
c bounds -150 >= -4832 @ 6.66315
c bounds -150 >= -4831 @ 6.67505
c bounds -150 >= -4830 @ 6.68492
c bounds -151 >= -4830 @ 6.69669
c bounds -151 >= -4829 @ 6.71162
c bounds -151 >= -4828 @ 6.74029
c bounds -152 >= -4828 @ 6.7513
c bounds -152 >= -4827 @ 6.77484
c bounds -153 >= -4827 @ 6.78552
c bounds -153 >= -4826 @ 6.81888
c bounds -154 >= -4826 @ 6.82931
c bounds -155 >= -4826 @ 6.83992
c bounds -155 >= -4825 @ 6.86699
c bounds -156 >= -4825 @ 6.87805
c bounds -156 >= -4824 @ 6.90102
c bounds -157 >= -4824 @ 6.91199
c bounds -158 >= -4824 @ 6.92247
c bounds -158 >= -4823 @ 6.97012
c bounds -159 >= -4823 @ 6.98215
c bounds -160 >= -4823 @ 6.99248
c bounds -161 >= -4823 @ 7.00241
c #Conflicts:       2000 | #Constraints:      63407
c INPROCESSING
c GARBAGE COLLECT
c bounds -162 >= -4823 @ 7.08361
c bounds -164 >= -4823 @ 7.09957
c bounds -165 >= -4823 @ 7.11048
c bounds -166 >= -4823 @ 7.11955
c bounds -166 >= -4822 @ 7.16689
c bounds -168 >= -4822 @ 7.23625
c bounds -169 >= -4822 @ 7.24815
c bounds -170 >= -4822 @ 7.25886
c bounds -171 >= -4822 @ 7.27067
c bounds -172 >= -4822 @ 7.28242
c bounds -172 >= -4821 @ 7.34469
c bounds -173 >= -4821 @ 7.35738
c bounds -174 >= -4821 @ 7.36821
c bounds -175 >= -4821 @ 7.378
c bounds -176 >= -4821 @ 7.38854
c bounds -177 >= -4821 @ 7.40063
c bounds -187 >= -4821 @ 7.42001
c bounds -187 >= -4820 @ 7.45732
c bounds -188 >= -4820 @ 7.46975
c bounds -189 >= -4820 @ 7.48159
c bounds -190 >= -4820 @ 7.49358
c bounds -190 >= -4819 @ 7.57762
c bounds -191 >= -4819 @ 7.5896
c bounds -192 >= -4819 @ 7.60163
c bounds -193 >= -4819 @ 7.61359
c bounds -194 >= -4819 @ 7.62564
c bounds -195 >= -4819 @ 7.63763
c bounds -196 >= -4819 @ 7.64977
c bounds -197 >= -4819 @ 7.6615
c bounds -198 >= -4819 @ 7.67244
c bounds -199 >= -4819 @ 7.68326
c bounds -200 >= -4819 @ 7.69443
c bounds -201 >= -4819 @ 7.70625
c bounds -202 >= -4819 @ 7.71724
c bounds -203 >= -4819 @ 7.72925
c #Conflicts:       3000 | #Constraints:      62906
c bounds -203 >= -4818 @ 7.86504
c bounds -204 >= -4818 @ 7.87721
c bounds -205 >= -4818 @ 7.88921
c bounds -206 >= -4818 @ 7.90132
c bounds -207 >= -4818 @ 7.91333
c bounds -208 >= -4818 @ 7.92459
c bounds -209 >= -4818 @ 7.93554
c bounds -210 >= -4818 @ 7.94672
c bounds -211 >= -4818 @ 7.95754
c bounds -212 >= -4818 @ 7.96751
c bounds -213 >= -4818 @ 7.97805
c bounds -222 >= -4818 @ 7.99605
c bounds -223 >= -4818 @ 8.04276
c bounds -224 >= -4818 @ 8.57676
c bounds -224 >= -4817 @ 8.58956
c bounds -224 >= -4816 @ 8.60074
c bounds -224 >= -4815 @ 8.60995
c bounds -224 >= -4814 @ 8.62425
c bounds -224 >= -4813 @ 8.63561
c bounds -224 >= -4812 @ 8.64481
c bounds -224 >= -4811 @ 8.6569
c bounds -224 >= -4810 @ 8.6671
c bounds -224 >= -4809 @ 8.67939
c bounds -224 >= -4808 @ 8.68847
c bounds -224 >= -4807 @ 8.6996
c bounds -224 >= -4806 @ 8.71163
c bounds -224 >= -4805 @ 8.72176
c bounds -224 >= -4804 @ 8.73385
c bounds -224 >= -4803 @ 8.74613
c bounds -224 >= -4802 @ 8.75713
c bounds -224 >= -4801 @ 8.76804
c bounds -225 >= -4801 @ 8.77901
c bounds -225 >= -4800 @ 8.79321
c bounds -225 >= -4799 @ 8.80536
c bounds -225 >= -4798 @ 8.8155
c bounds -225 >= -4797 @ 8.82547
c bounds -225 >= -4796 @ 8.83351
c bounds -225 >= -4795 @ 8.84453
c bounds -226 >= -4795 @ 8.85591
c bounds -226 >= -4794 @ 8.86452
c bounds -226 >= -4793 @ 8.87266
c bounds -226 >= -4792 @ 8.87769
c bounds -226 >= -4791 @ 8.89057
c bounds -226 >= -4790 @ 8.89775
c bounds -226 >= -4789 @ 8.90779
c bounds -226 >= -4788 @ 8.91782
c bounds -227 >= -4788 @ 8.92878
c bounds -227 >= -4787 @ 8.93935
c bounds -227 >= -4786 @ 8.9496
c bounds -227 >= -4785 @ 8.96061
c bounds -227 >= -4784 @ 8.97294
c bounds -227 >= -4783 @ 8.98299
c bounds -227 >= -4782 @ 8.99404
c bounds -228 >= -4782 @ 9.00546
c bounds -228 >= -4781 @ 9.01493
c bounds -228 >= -4780 @ 9.0261
c bounds -228 >= -4779 @ 9.03612
c bounds -228 >= -4778 @ 9.04907
c bounds -228 >= -4777 @ 9.06109
c bounds -228 >= -4776 @ 9.07132
c bounds -228 >= -4775 @ 9.08043
c bounds -230 >= -4775 @ 9.09489
c bounds -230 >= -4774 @ 9.1072
c bounds -230 >= -4773 @ 9.11629
c bounds -230 >= -4772 @ 9.12314
c bounds -230 >= -4771 @ 9.12911
c bounds -230 >= -4770 @ 9.14026
c bounds -230 >= -4769 @ 9.16172
c bounds -231 >= -4769 @ 9.17433
c bounds -231 >= -4768 @ 9.18089
c bounds -231 >= -4767 @ 9.18719
c bounds -231 >= -4766 @ 9.19591
c bounds -231 >= -4765 @ 9.20649
c bounds -231 >= -4764 @ 9.21391
c bounds -233 >= -4764 @ 9.23016
c bounds -233 >= -4763 @ 9.24308
c bounds -233 >= -4762 @ 9.25557
c bounds -233 >= -4761 @ 9.26997
c bounds -233 >= -4760 @ 9.2775
c bounds -233 >= -4759 @ 9.28305
c bounds -234 >= -4759 @ 9.29535
c bounds -234 >= -4758 @ 9.3063
c bounds -234 >= -4757 @ 9.31973
c bounds -234 >= -4756 @ 9.32519
c bounds -234 >= -4755 @ 9.33563
c bounds -234 >= -4754 @ 9.34109
c bounds -235 >= -4754 @ 9.35201
c bounds -235 >= -4753 @ 9.36097
c bounds -235 >= -4752 @ 9.37039
c bounds -235 >= -4751 @ 9.37973
c bounds -235 >= -4750 @ 9.38912
c bounds -236 >= -4750 @ 9.40154
c bounds -236 >= -4749 @ 9.41735
c bounds -236 >= -4748 @ 9.4258
c bounds -236 >= -4747 @ 9.43623
c bounds -236 >= -4746 @ 9.44662
c bounds -236 >= -4745 @ 9.45596
c bounds -237 >= -4745 @ 9.46686
c bounds -237 >= -4744 @ 9.47858
c bounds -237 >= -4743 @ 9.48902
c bounds -237 >= -4742 @ 9.50028
c bounds -237 >= -4741 @ 9.51155
c bounds -237 >= -4740 @ 9.52086
c bounds -238 >= -4740 @ 9.53315
c bounds -238 >= -4739 @ 9.54393
c bounds -238 >= -4738 @ 9.55225
c bounds -238 >= -4737 @ 9.56174
c bounds -238 >= -4736 @ 9.57192
c bounds -239 >= -4736 @ 9.58385
c bounds -239 >= -4735 @ 9.59278
c bounds -239 >= -4734 @ 9.60401
c bounds -239 >= -4733 @ 9.6154
c bounds -239 >= -4732 @ 9.62374
c bounds -239 >= -4731 @ 9.636
c bounds -240 >= -4731 @ 9.64852
c bounds -240 >= -4730 @ 9.66037
c bounds -240 >= -4729 @ 9.67265
c bounds -240 >= -4728 @ 9.68188
c bounds -240 >= -4727 @ 9.69418
c bounds -240 >= -4726 @ 9.7045
c bounds -241 >= -4726 @ 9.71572
c bounds -241 >= -4725 @ 9.72742
c bounds -241 >= -4724 @ 9.73665
c bounds -241 >= -4723 @ 9.74788
c bounds -241 >= -4722 @ 9.76227
c bounds -241 >= -4721 @ 9.77245
c bounds -242 >= -4721 @ 9.78315
c bounds -242 >= -4720 @ 9.79479
c bounds -242 >= -4719 @ 9.80126
c bounds -242 >= -4718 @ 9.80944
c bounds -242 >= -4717 @ 9.82175
c bounds -243 >= -4717 @ 9.83353
c bounds -243 >= -4716 @ 9.84512
c bounds -243 >= -4715 @ 9.84949
c bounds -243 >= -4714 @ 9.85862
c bounds -243 >= -4713 @ 9.86688
c bounds -243 >= -4712 @ 9.881
c bounds -244 >= -4712 @ 9.89159
c bounds -244 >= -4711 @ 9.90602
c bounds -244 >= -4710 @ 9.91421
c bounds -244 >= -4709 @ 9.92339
c bounds -244 >= -4708 @ 9.9316
c bounds -244 >= -4707 @ 9.93885
c bounds -245 >= -4707 @ 9.94989
c bounds -245 >= -4706 @ 9.96155
c bounds -245 >= -4705 @ 9.96979
c bounds -245 >= -4704 @ 9.97914
c bounds -245 >= -4703 @ 9.98925
c bounds -245 >= -4702 @ 9.99552
c bounds -247 >= -4702 @ 10.0115
c bounds -247 >= -4701 @ 10.0172
c bounds -247 >= -4700 @ 10.0244
c bounds -247 >= -4699 @ 10.0356
c bounds -247 >= -4698 @ 10.0487
c bounds -247 >= -4697 @ 10.0619
c bounds -255 >= -4697 @ 10.0889
c bounds -255 >= -4696 @ 10.1005
c bounds -255 >= -4695 @ 10.1134
c bounds -255 >= -4694 @ 10.1255
c bounds -255 >= -4693 @ 10.1366
c bounds -255 >= -4692 @ 10.1478
c bounds -255 >= -4691 @ 10.1549
c bounds -256 >= -4691 @ 10.1663
c bounds -256 >= -4690 @ 10.1787
c bounds -256 >= -4689 @ 10.1849
c bounds -256 >= -4688 @ 10.1951
c bounds -256 >= -4687 @ 10.2051
c bounds -256 >= -4686 @ 10.2132
c bounds -257 >= -4686 @ 10.2252
c bounds -257 >= -4685 @ 10.2359
c bounds -257 >= -4684 @ 10.2458
c bounds -257 >= -4683 @ 10.2598
c bounds -257 >= -4682 @ 10.2689
c bounds -257 >= -4681 @ 10.2771
c bounds -258 >= -4681 @ 10.2897
c bounds -258 >= -4680 @ 10.3022
c bounds -258 >= -4679 @ 10.3134
c bounds -258 >= -4678 @ 10.3235
c bounds -258 >= -4677 @ 10.3308
c bounds -258 >= -4676 @ 10.3437
c bounds -259 >= -4676 @ 10.3559
c bounds -259 >= -4675 @ 10.3674
c bounds -259 >= -4674 @ 10.3751
c bounds -259 >= -4673 @ 10.3876
c bounds -259 >= -4672 @ 10.3975
c bounds -259 >= -4671 @ 10.4096
c bounds -260 >= -4671 @ 10.4221
c bounds -260 >= -4670 @ 10.4335
c bounds -260 >= -4669 @ 10.4413
c bounds -260 >= -4668 @ 10.455
c bounds -260 >= -4667 @ 10.4658
c bounds -260 >= -4666 @ 10.4796
c bounds -260 >= -4665 @ 10.4893
c bounds -261 >= -4665 @ 10.5014
c bounds -261 >= -4664 @ 10.5113
c bounds -261 >= -4663 @ 10.5249
c bounds -261 >= -4662 @ 10.5349
c bounds -261 >= -4661 @ 10.5415
c bounds -261 >= -4660 @ 10.5503
c bounds -268 >= -4660 @ 10.5701
c bounds -268 >= -4659 @ 10.5853
c bounds -268 >= -4658 @ 10.5991
c bounds -268 >= -4657 @ 10.6099
c bounds -268 >= -4656 @ 10.6187
c bounds -268 >= -4655 @ 10.6273
c bounds -270 >= -4655 @ 10.6629
c bounds -270 >= -4654 @ 10.6752
c bounds -270 >= -4653 @ 10.6819
c bounds -270 >= -4652 @ 10.6897
c bounds -270 >= -4651 @ 10.6974
c bounds -270 >= -4650 @ 10.7071
c bounds -271 >= -4650 @ 10.7187
c bounds -271 >= -4649 @ 10.7328
c bounds -271 >= -4648 @ 10.7406
c bounds -271 >= -4647 @ 10.7496
c bounds -271 >= -4646 @ 10.7592
c bounds -271 >= -4645 @ 10.7715
c bounds -271 >= -4644 @ 10.7801
c bounds -272 >= -4644 @ 10.7924
c bounds -272 >= -4643 @ 10.8002
c bounds -272 >= -4642 @ 10.8116
c bounds -272 >= -4641 @ 10.8182
c bounds -272 >= -4640 @ 10.8288
c bounds -272 >= -4639 @ 10.8386
c bounds -272 >= -4638 @ 10.8491
c bounds -273 >= -4638 @ 10.8616
c bounds -273 >= -4637 @ 10.8724
c bounds -273 >= -4636 @ 10.8849
c bounds -273 >= -4635 @ 10.8976
c bounds -273 >= -4634 @ 10.9103
c bounds -274 >= -4634 @ 10.9224
c bounds -274 >= -4633 @ 10.9384
c bounds -274 >= -4632 @ 10.9466
c bounds -274 >= -4631 @ 10.9556
c bounds -274 >= -4630 @ 10.9726
c bounds -274 >= -4629 @ 10.9801
c bounds -275 >= -4629 @ 10.9918
c bounds -275 >= -4628 @ 11.0027
c bounds -275 >= -4627 @ 11.0178
c bounds -275 >= -4626 @ 11.028
c bounds -275 >= -4625 @ 11.0355
c bounds -275 >= -4624 @ 11.0499
c bounds -277 >= -4624 @ 11.0655
c bounds -277 >= -4623 @ 11.0809
c bounds -277 >= -4622 @ 11.0903
c bounds -277 >= -4621 @ 11.1018
c bounds -277 >= -4620 @ 11.1163
c bounds -277 >= -4619 @ 11.1356
c bounds -279 >= -4619 @ 11.4911
c bounds -279 >= -4618 @ 11.5034
c bounds -279 >= -4617 @ 11.5116
c bounds -279 >= -4616 @ 11.5171
c bounds -279 >= -4615 @ 11.5294
c bounds -279 >= -4614 @ 11.5396
c bounds -279 >= -4613 @ 11.549
c bounds -279 >= -4612 @ 11.5581
c bounds -279 >= -4611 @ 11.5712
c bounds -279 >= -4610 @ 11.5806
c bounds -279 >= -4609 @ 11.5916
c bounds -279 >= -4608 @ 11.6008
c bounds -279 >= -4607 @ 11.6099
c bounds -279 >= -4606 @ 11.6196
c bounds -279 >= -4605 @ 11.6327
c bounds -279 >= -4604 @ 11.6448
c bounds -279 >= -4603 @ 11.653
c bounds -279 >= -4602 @ 11.6633
c bounds -279 >= -4601 @ 11.6732
c bounds -279 >= -4600 @ 11.6795
c bounds -279 >= -4599 @ 11.6885
c bounds -279 >= -4598 @ 11.6996
c bounds -279 >= -4597 @ 11.7117
c bounds -279 >= -4596 @ 11.7208
c bounds -279 >= -4595 @ 11.733
c bounds -279 >= -4594 @ 11.7469
c bounds -279 >= -4593 @ 11.7541
c bounds -279 >= -4592 @ 11.7651
c bounds -279 >= -4591 @ 11.7742
c bounds -279 >= -4590 @ 11.7843
c bounds -279 >= -4589 @ 11.7953
c bounds -279 >= -4588 @ 11.8052
c bounds -279 >= -4587 @ 11.8114
c bounds -279 >= -4586 @ 11.8194
c bounds -279 >= -4585 @ 11.8316
c bounds -279 >= -4584 @ 11.8404
c bounds -279 >= -4583 @ 11.8476
c bounds -279 >= -4582 @ 11.8544
c bounds -279 >= -4581 @ 11.8636
c bounds -279 >= -4580 @ 11.8743
c bounds -279 >= -4579 @ 11.8823
c bounds -281 >= -4579 @ 12.03
c bounds -281 >= -4578 @ 12.0393
c bounds -281 >= -4577 @ 12.0483
c bounds -281 >= -4576 @ 12.0554
c bounds -281 >= -4575 @ 12.0644
c bounds -281 >= -4574 @ 12.0744
c bounds -281 >= -4573 @ 12.0855
c bounds -281 >= -4572 @ 12.0937
c bounds -281 >= -4571 @ 12.1037
c bounds -281 >= -4570 @ 12.1137
c bounds -281 >= -4569 @ 12.1266
c bounds -281 >= -4568 @ 12.1394
c bounds -281 >= -4567 @ 12.1504
c bounds -296 >= -4567 @ 12.442
c bounds -296 >= -4566 @ 12.4494
c bounds -296 >= -4565 @ 12.4583
c bounds -296 >= -4564 @ 12.4663
c bounds -296 >= -4563 @ 12.4763
c bounds -296 >= -4562 @ 12.4882
c bounds -296 >= -4561 @ 12.4972
c bounds -296 >= -4560 @ 12.5062
c bounds -296 >= -4559 @ 12.5161
c #Conflicts:       4000 | #Constraints:      64814
c bounds -296 >= -4558 @ 12.5281
c bounds -296 >= -4557 @ 12.5381
c bounds -296 >= -4556 @ 12.5479
c bounds -296 >= -4555 @ 12.5599
c bounds -296 >= -4554 @ 12.5699
c bounds -296 >= -4553 @ 12.5768
c bounds -296 >= -4552 @ 12.5878
c bounds -297 >= -4552 @ 12.6
c bounds -297 >= -4551 @ 12.609
c bounds -297 >= -4550 @ 12.6199
c bounds -297 >= -4549 @ 12.6308
c bounds -297 >= -4548 @ 12.6398
c bounds -297 >= -4547 @ 12.6457
c bounds -297 >= -4546 @ 12.6588
c bounds -297 >= -4545 @ 12.6637
c bounds -327 >= -4545 @ 12.7127
c bounds -327 >= -4544 @ 12.724
c bounds -327 >= -4543 @ 12.735
c bounds -327 >= -4542 @ 12.7429
c bounds -327 >= -4541 @ 12.7529
c bounds -327 >= -4540 @ 12.7608
c bounds -327 >= -4539 @ 12.7822
c bounds -327 >= -4538 @ 12.7923
c bounds -327 >= -4537 @ 12.8021
c bounds -327 >= -4536 @ 12.8101
c bounds -328 >= -4536 @ 12.8936
c bounds -328 >= -4535 @ 12.9027
c bounds -328 >= -4534 @ 12.9086
c bounds -328 >= -4533 @ 12.9165
c bounds -328 >= -4532 @ 12.9254
c bounds -328 >= -4531 @ 12.9351
c bounds -328 >= -4530 @ 12.9461
c bounds -328 >= -4529 @ 12.9588
c bounds -328 >= -4528 @ 12.9706
c bounds -329 >= -4528 @ 12.9827
c bounds -329 >= -4527 @ 12.9936
c bounds -329 >= -4526 @ 13.0043
c bounds -329 >= -4525 @ 13.0132
c bounds -329 >= -4524 @ 13.029
c bounds -329 >= -4523 @ 13.0406
c bounds -329 >= -4522 @ 13.0474
c bounds -330 >= -4522 @ 13.06
c bounds -330 >= -4521 @ 13.067
c bounds -330 >= -4520 @ 13.076
c bounds -330 >= -4519 @ 13.0891
c bounds -330 >= -4518 @ 13.0999
c bounds -330 >= -4517 @ 13.1092
c bounds -330 >= -4516 @ 13.1223
c bounds -331 >= -4516 @ 13.1352
c bounds -331 >= -4515 @ 13.1492
c bounds -331 >= -4514 @ 13.1581
c bounds -331 >= -4513 @ 13.166
c bounds -331 >= -4512 @ 13.1788
c bounds -331 >= -4511 @ 13.1896
c bounds -331 >= -4510 @ 13.1984
c bounds -331 >= -4509 @ 13.2092
c bounds -332 >= -4509 @ 13.2219
c bounds -332 >= -4508 @ 13.234
c bounds -332 >= -4507 @ 13.247
c bounds -332 >= -4506 @ 13.2576
c bounds -332 >= -4505 @ 13.2663
c bounds -332 >= -4504 @ 13.2751
c bounds -332 >= -4503 @ 13.2881
c INPROCESSING
c GARBAGE COLLECT
c bounds -333 >= -4503 @ 13.3303
c bounds -333 >= -4502 @ 13.3406
c bounds -333 >= -4501 @ 13.3513
c bounds -333 >= -4500 @ 13.36
c bounds -333 >= -4499 @ 13.3722
c bounds -333 >= -4498 @ 13.3809
c bounds -334 >= -4498 @ 13.3924
c bounds -334 >= -4497 @ 13.403
c bounds -334 >= -4496 @ 13.4136
c bounds -334 >= -4495 @ 13.4244
c bounds -334 >= -4494 @ 13.4349
c bounds -334 >= -4493 @ 13.4476
c bounds -335 >= -4493 @ 13.4603
c bounds -335 >= -4492 @ 13.4731
c bounds -335 >= -4491 @ 13.4817
c bounds -335 >= -4490 @ 13.4913
c bounds -335 >= -4489 @ 13.5019
c bounds -335 >= -4488 @ 13.5106
c bounds -335 >= -4487 @ 13.5246
c bounds -336 >= -4487 @ 13.5371
c bounds -336 >= -4486 @ 13.5441
c bounds -336 >= -4485 @ 13.553
c bounds -336 >= -4484 @ 13.5624
c bounds -336 >= -4483 @ 13.5707
c bounds -336 >= -4482 @ 13.58
c bounds -337 >= -4482 @ 13.591
c bounds -337 >= -4481 @ 13.6036
c bounds -337 >= -4480 @ 13.6138
c bounds -337 >= -4479 @ 13.6253
c bounds -337 >= -4478 @ 13.6318
c bounds -338 >= -4478 @ 13.6444
c bounds -338 >= -4477 @ 13.6561
c bounds -338 >= -4476 @ 13.6656
c bounds -338 >= -4475 @ 13.6735
c bounds -338 >= -4474 @ 13.6822
c bounds -338 >= -4473 @ 13.6959
c bounds -339 >= -4473 @ 13.7087
c bounds -339 >= -4472 @ 13.7166
c bounds -339 >= -4471 @ 13.7306
c bounds -339 >= -4470 @ 13.7375
c bounds -339 >= -4469 @ 13.7431
c bounds -339 >= -4468 @ 13.7546
c bounds -340 >= -4468 @ 13.7671
c bounds -340 >= -4467 @ 13.7789
c bounds -340 >= -4466 @ 13.7895
c bounds -340 >= -4465 @ 13.796
c bounds -340 >= -4464 @ 13.8054
c bounds -340 >= -4463 @ 13.8178
c bounds -341 >= -4463 @ 13.8298
c bounds -341 >= -4462 @ 13.8401
c bounds -341 >= -4461 @ 13.8474
c bounds -341 >= -4460 @ 13.8576
c bounds -341 >= -4459 @ 13.8649
c bounds -341 >= -4458 @ 13.8722
c bounds -341 >= -4457 @ 13.8805
c bounds -341 >= -4456 @ 13.8897
c bounds -342 >= -4456 @ 13.902
c bounds -342 >= -4455 @ 13.9132
c bounds -342 >= -4454 @ 13.9255
c bounds -342 >= -4453 @ 13.9319
c bounds -342 >= -4452 @ 13.9384
c bounds -342 >= -4451 @ 13.9478
c bounds -342 >= -4450 @ 13.9542
c bounds -342 >= -4449 @ 13.9664
c bounds -343 >= -4449 @ 13.9782
c bounds -343 >= -4448 @ 13.9913
c bounds -343 >= -4447 @ 14.0005
c bounds -343 >= -4446 @ 14.0127
c bounds -343 >= -4445 @ 14.0229
c bounds -343 >= -4444 @ 14.0332
c bounds -343 >= -4443 @ 14.0422
c bounds -343 >= -4442 @ 14.0477
c bounds -344 >= -4442 @ 14.0587
c bounds -344 >= -4441 @ 14.069
c bounds -344 >= -4440 @ 14.0781
c bounds -344 >= -4439 @ 14.0853
c bounds -344 >= -4438 @ 14.0926
c bounds -344 >= -4437 @ 14.1007
c bounds -344 >= -4436 @ 14.1118
c bounds -344 >= -4435 @ 14.12
c bounds -345 >= -4435 @ 14.1325
c bounds -345 >= -4434 @ 14.1417
c bounds -345 >= -4433 @ 14.159
c bounds -345 >= -4432 @ 14.1691
c bounds -345 >= -4431 @ 14.1792
c bounds -345 >= -4430 @ 14.1945
c bounds -345 >= -4429 @ 14.2038
c bounds -345 >= -4428 @ 14.2109
c bounds -346 >= -4428 @ 14.2221
c bounds -346 >= -4427 @ 14.2291
c bounds -346 >= -4426 @ 14.2372
c bounds -346 >= -4425 @ 14.2432
c bounds -346 >= -4424 @ 14.2502
c bounds -346 >= -4423 @ 14.2583
c bounds -346 >= -4422 @ 14.2693
c bounds -346 >= -4421 @ 14.2794
c bounds -347 >= -4421 @ 14.2919
c bounds -347 >= -4420 @ 14.303
c bounds -347 >= -4419 @ 14.3111
c bounds -347 >= -4418 @ 14.3211
c bounds -347 >= -4417 @ 14.3325
c bounds -347 >= -4416 @ 14.3408
c bounds -347 >= -4415 @ 14.3518
c bounds -347 >= -4414 @ 14.3627
c bounds -348 >= -4414 @ 14.3749
c bounds -348 >= -4413 @ 14.3869
c bounds -348 >= -4412 @ 14.396
c bounds -348 >= -4411 @ 14.4054
c bounds -348 >= -4410 @ 14.4134
c bounds -348 >= -4409 @ 14.4246
c bounds -348 >= -4408 @ 14.4347
c bounds -348 >= -4407 @ 14.4421
c bounds -349 >= -4407 @ 14.4535
c bounds -349 >= -4406 @ 14.4617
c bounds -349 >= -4405 @ 14.4717
c bounds -349 >= -4404 @ 14.4778
c bounds -349 >= -4403 @ 14.4888
c bounds -349 >= -4402 @ 14.4979
c bounds -349 >= -4401 @ 14.505
c bounds -349 >= -4400 @ 14.5111
c bounds -350 >= -4400 @ 14.5233
c bounds -350 >= -4399 @ 14.5313
c bounds -350 >= -4398 @ 14.5414
c bounds -350 >= -4397 @ 14.5493
c bounds -350 >= -4396 @ 14.5584
c bounds -350 >= -4395 @ 14.5693
c bounds -350 >= -4394 @ 14.5803
c bounds -350 >= -4393 @ 14.5902
c bounds -351 >= -4393 @ 14.6019
c bounds -351 >= -4392 @ 14.6126
c bounds -351 >= -4391 @ 14.6197
c bounds -351 >= -4390 @ 14.6295
c bounds -351 >= -4389 @ 14.6376
c bounds -351 >= -4388 @ 14.6453
c bounds -351 >= -4387 @ 14.6532
c bounds -351 >= -4386 @ 14.6604
c bounds -351 >= -4385 @ 14.6695
c bounds -352 >= -4385 @ 14.6817
c bounds -352 >= -4384 @ 14.6936
c bounds -352 >= -4383 @ 14.7034
c bounds -352 >= -4382 @ 14.7123
c bounds -352 >= -4381 @ 14.7231
c bounds -352 >= -4380 @ 14.7319
c bounds -352 >= -4379 @ 14.7428
c bounds -352 >= -4378 @ 14.7577
c bounds -353 >= -4378 @ 14.7684
c bounds -353 >= -4377 @ 14.7864
c bounds -353 >= -4376 @ 14.7983
c bounds -353 >= -4375 @ 14.8084
c bounds -353 >= -4374 @ 14.8172
c bounds -353 >= -4373 @ 14.8281
c bounds -353 >= -4372 @ 14.8349
c bounds -353 >= -4371 @ 14.8407
c bounds -354 >= -4371 @ 14.8529
c bounds -354 >= -4370 @ 14.8578
c bounds -354 >= -4369 @ 14.8668
c bounds -354 >= -4368 @ 14.8746
c bounds -354 >= -4367 @ 14.8833
c bounds -354 >= -4366 @ 14.8891
c bounds -354 >= -4365 @ 14.8958
c bounds -354 >= -4364 @ 14.9066
c bounds -355 >= -4364 @ 14.9192
c bounds -355 >= -4363 @ 14.9269
c bounds -355 >= -4362 @ 14.9367
c bounds -355 >= -4361 @ 14.9435
c bounds -355 >= -4360 @ 14.9564
c bounds -355 >= -4359 @ 14.9679
c bounds -355 >= -4358 @ 14.9756
c bounds -355 >= -4357 @ 14.9846
c bounds -401 >= -4357 @ 15.0311
c bounds -401 >= -4356 @ 15.04
c bounds -401 >= -4355 @ 15.051
c bounds -401 >= -4354 @ 15.0587
c bounds -401 >= -4353 @ 15.0663
c bounds -401 >= -4352 @ 15.077
c bounds -401 >= -4351 @ 15.0879
c bounds -401 >= -4350 @ 15.0953
c bounds -401 >= -4349 @ 15.1021
c bounds -402 >= -4349 @ 15.1148
c bounds -402 >= -4348 @ 15.1253
c bounds -402 >= -4347 @ 15.133
c bounds -402 >= -4346 @ 15.1436
c bounds -402 >= -4345 @ 15.1523
c bounds -402 >= -4344 @ 15.16
c bounds -402 >= -4343 @ 15.1697
c bounds -402 >= -4342 @ 15.1806
c bounds -403 >= -4342 @ 15.4376
c bounds -403 >= -4341 @ 15.4487
c bounds -403 >= -4340 @ 15.4605
c bounds -403 >= -4339 @ 15.4715
c bounds -403 >= -4338 @ 15.4858
c bounds -403 >= -4337 @ 15.4965
c bounds -403 >= -4336 @ 15.5151
c bounds -403 >= -4335 @ 15.5283
c bounds -403 >= -4334 @ 15.5387
c bounds -403 >= -4333 @ 15.5506
c bounds -403 >= -4332 @ 15.5593
c bounds -403 >= -4331 @ 15.5711
c bounds -403 >= -4330 @ 15.5808
c bounds -404 >= -4330 @ 15.6093
c #Conflicts:       5000 | #Constraints:      64668
c bounds -404 >= -4329 @ 15.6869
c bounds -405 >= -4329 @ 15.6994
c bounds -406 >= -4329 @ 15.711
c bounds -406 >= -4328 @ 15.7716
c bounds -407 >= -4328 @ 15.7839
c bounds -408 >= -4328 @ 15.7958
c bounds -409 >= -4328 @ 15.8062
c bounds -410 >= -4328 @ 15.8168
c bounds -410 >= -4327 @ 15.83
c bounds -411 >= -4327 @ 15.8426
c bounds -411 >= -4326 @ 16.0326
c bounds -412 >= -4326 @ 16.0463
c bounds -413 >= -4326 @ 16.0572
c bounds -414 >= -4326 @ 16.0673
c bounds -415 >= -4326 @ 16.0794
c bounds -416 >= -4326 @ 16.0916
c bounds -417 >= -4326 @ 16.1034
c bounds -418 >= -4326 @ 16.1156
c bounds -419 >= -4326 @ 16.1274
c bounds -420 >= -4326 @ 16.1396
c bounds -421 >= -4326 @ 16.1502
c bounds -422 >= -4326 @ 16.1624
c bounds -423 >= -4326 @ 16.1741
c bounds -424 >= -4326 @ 16.1862
c bounds -425 >= -4326 @ 16.1969
c bounds -426 >= -4326 @ 16.2091
c bounds -427 >= -4326 @ 16.2208
c bounds -428 >= -4326 @ 16.233
c bounds -429 >= -4326 @ 16.2437
c bounds -430 >= -4326 @ 16.2549
c bounds -431 >= -4326 @ 16.2664
c bounds -432 >= -4326 @ 16.2776
c bounds -433 >= -4326 @ 16.2892
c bounds -434 >= -4326 @ 16.3005
c bounds -435 >= -4326 @ 16.3111
c bounds -436 >= -4326 @ 16.321
c bounds -437 >= -4326 @ 16.3306
c bounds -438 >= -4326 @ 16.3418
c bounds -439 >= -4326 @ 16.3537
c #Conflicts:       6000 | #Constraints:      65871
c bounds -439 >= -4325 @ 16.5052
c bounds -440 >= -4325 @ 16.5171
c bounds -441 >= -4325 @ 16.5275
c bounds -442 >= -4325 @ 16.5397
c bounds -443 >= -4325 @ 16.5514
c bounds -444 >= -4325 @ 16.5635
c bounds -445 >= -4325 @ 16.5753
c bounds -447 >= -4325 @ 16.5916
c bounds -448 >= -4325 @ 16.6047
c bounds -450 >= -4325 @ 16.6338
c bounds -451 >= -4325 @ 16.6447
c bounds -454 >= -4325 @ 16.6623
c bounds -455 >= -4325 @ 16.6753
c bounds -456 >= -4325 @ 16.6859
c bounds -457 >= -4325 @ 16.6986
c bounds -458 >= -4325 @ 16.7114
c bounds -459 >= -4325 @ 16.7244
c bounds -460 >= -4325 @ 16.7368
c bounds -461 >= -4325 @ 16.7489
c bounds -462 >= -4325 @ 16.7603
c bounds -463 >= -4325 @ 16.7726
c bounds -464 >= -4325 @ 16.7859
c bounds -465 >= -4325 @ 16.7989
c bounds -465 >= -4324 @ 16.9974
c bounds -466 >= -4324 @ 17.0108
c bounds -471 >= -4324 @ 17.0308
c bounds -473 >= -4324 @ 17.0471
c bounds -474 >= -4324 @ 17.059
c bounds -475 >= -4324 @ 17.0714
c bounds -476 >= -4324 @ 17.0814
c bounds -478 >= -4324 @ 17.1361
c #Conflicts:       7000 | #Constraints:      66960
c bounds -488 >= -4324 @ 18.8962
c bounds -489 >= -4324 @ 18.9083
c bounds -490 >= -4324 @ 18.9199
c bounds -491 >= -4324 @ 18.9319
c bounds -492 >= -4324 @ 18.9428
c bounds -493 >= -4324 @ 18.9527
c bounds -494 >= -4324 @ 18.9633
c bounds -495 >= -4324 @ 18.9744
c bounds -496 >= -4324 @ 18.9853
c bounds -496 >= -4323 @ 18.9948
c bounds -496 >= -4322 @ 19.0028
c bounds -496 >= -4321 @ 19.0144
c bounds -498 >= -4321 @ 19.0357
c bounds -498 >= -4320 @ 19.0461
c bounds -498 >= -4319 @ 19.0566
c bounds -498 >= -4318 @ 19.0678
c bounds -498 >= -4317 @ 19.0796
c bounds -501 >= -4317 @ 19.532
c bounds -501 >= -4316 @ 19.5413
c bounds -501 >= -4315 @ 19.5496
c bounds -501 >= -4314 @ 19.5608
c bounds -501 >= -4313 @ 19.5673
c bounds -501 >= -4312 @ 19.5784
c bounds -501 >= -4311 @ 19.5866
c bounds -501 >= -4310 @ 19.5939
c bounds -501 >= -4309 @ 19.6031
c bounds -501 >= -4308 @ 19.6133
c bounds -501 >= -4307 @ 19.6205
c bounds -501 >= -4306 @ 19.6318
c bounds -501 >= -4305 @ 19.6391
c bounds -501 >= -4304 @ 19.6463
c bounds -501 >= -4303 @ 19.6563
c bounds -501 >= -4302 @ 19.6645
c bounds -501 >= -4301 @ 19.6747
c bounds -501 >= -4300 @ 19.681
c bounds -501 >= -4299 @ 19.6871
c bounds -501 >= -4298 @ 19.6971
c bounds -501 >= -4297 @ 19.7042
c bounds -501 >= -4296 @ 19.7095
c bounds -501 >= -4295 @ 19.7186
c bounds -501 >= -4294 @ 19.7324
c bounds -501 >= -4293 @ 19.7453
c bounds -501 >= -4292 @ 19.7574
c bounds -501 >= -4291 @ 19.7783
c bounds -501 >= -4290 @ 19.7847
c bounds -501 >= -4289 @ 19.7918
c bounds -501 >= -4288 @ 19.8023
c bounds -501 >= -4287 @ 19.8143
c bounds -501 >= -4286 @ 19.8271
c bounds -501 >= -4285 @ 19.8358
c bounds -502 >= -4285 @ 19.9143
c bounds -502 >= -4284 @ 19.9214
c bounds -502 >= -4283 @ 19.9284
c bounds -502 >= -4282 @ 19.9406
c bounds -502 >= -4281 @ 19.9459
c bounds -502 >= -4280 @ 19.9519
c bounds -502 >= -4279 @ 19.9598
c bounds -502 >= -4278 @ 19.967
c bounds -502 >= -4277 @ 19.9771
c bounds -502 >= -4276 @ 19.9851
c bounds -502 >= -4275 @ 19.9961
c bounds -502 >= -4274 @ 20.0021
c bounds -502 >= -4273 @ 20.0121
c bounds -502 >= -4272 @ 20.017
c bounds -502 >= -4271 @ 20.0248
c bounds -502 >= -4270 @ 20.0338
c bounds -502 >= -4269 @ 20.0387
c bounds -502 >= -4268 @ 20.0476
c bounds -502 >= -4267 @ 20.0555
c bounds -502 >= -4266 @ 20.0627
c bounds -502 >= -4265 @ 20.0667
c bounds -502 >= -4264 @ 20.0735
c bounds -502 >= -4263 @ 20.0826
c bounds -502 >= -4262 @ 20.0908
c bounds -502 >= -4261 @ 20.1087
c bounds -502 >= -4260 @ 20.1201
c bounds -502 >= -4259 @ 20.1273
c bounds -502 >= -4258 @ 20.1373
c bounds -502 >= -4257 @ 20.1468
c bounds -502 >= -4256 @ 20.1622
c bounds -502 >= -4255 @ 20.1699
c bounds -502 >= -4254 @ 20.182
c bounds -502 >= -4253 @ 20.1924
c bounds -502 >= -4252 @ 20.2027
c bounds -502 >= -4251 @ 20.2138
c bounds -502 >= -4250 @ 20.2226
c bounds -502 >= -4249 @ 20.236
c bounds -502 >= -4248 @ 20.2441
c bounds -502 >= -4247 @ 20.2548
c bounds -502 >= -4246 @ 20.2615
c bounds -502 >= -4245 @ 20.2698
c bounds -502 >= -4244 @ 20.2826
c bounds -502 >= -4243 @ 20.2924
c bounds -502 >= -4242 @ 20.2992
c bounds -502 >= -4241 @ 20.307
c bounds -502 >= -4240 @ 20.3135
c bounds -502 >= -4239 @ 20.3262
c bounds -502 >= -4238 @ 20.3329
c bounds -502 >= -4237 @ 20.3401
c bounds -502 >= -4236 @ 20.3491
c bounds -502 >= -4235 @ 20.3548
c bounds -502 >= -4234 @ 20.3618
c bounds -502 >= -4233 @ 20.3709
c bounds -502 >= -4232 @ 20.383
c bounds -502 >= -4231 @ 20.4024
c bounds -502 >= -4230 @ 20.411
c bounds -502 >= -4229 @ 20.4192
c bounds -502 >= -4228 @ 20.4297
c bounds -502 >= -4227 @ 20.4396
c bounds -502 >= -4226 @ 20.4473
c #Conflicts:       8000 | #Constraints:      68521
c bounds -502 >= -4225 @ 20.4604
c bounds -502 >= -4224 @ 20.4812
c bounds -502 >= -4223 @ 20.5022
c bounds -502 >= -4222 @ 20.5114
c bounds -502 >= -4221 @ 20.5277
c bounds -502 >= -4220 @ 20.5359
c bounds -502 >= -4219 @ 20.5446
c bounds -502 >= -4218 @ 20.5563
c bounds -502 >= -4217 @ 20.5641
c bounds -502 >= -4216 @ 20.5738
c bounds -502 >= -4215 @ 20.5836
c bounds -502 >= -4214 @ 20.5914
c bounds -502 >= -4213 @ 20.5992
c bounds -502 >= -4212 @ 20.6101
c bounds -503 >= -4212 @ 20.6616
c bounds -503 >= -4211 @ 20.6689
c bounds -503 >= -4210 @ 20.6765
c bounds -503 >= -4209 @ 20.6851
c bounds -503 >= -4208 @ 20.6938
c bounds -503 >= -4207 @ 20.7023
c bounds -503 >= -4206 @ 20.7098
c bounds -503 >= -4205 @ 20.7193
c bounds -503 >= -4204 @ 20.7277
c bounds -503 >= -4203 @ 20.7362
c bounds -503 >= -4202 @ 20.7457
c bounds -503 >= -4201 @ 20.7531
c bounds -503 >= -4200 @ 20.7586
c bounds -503 >= -4199 @ 20.7652
c bounds -503 >= -4198 @ 20.7744
c bounds -503 >= -4197 @ 20.7809
c bounds -503 >= -4196 @ 20.7922
c bounds -503 >= -4195 @ 20.8009
c bounds -503 >= -4194 @ 20.8062
c bounds -503 >= -4193 @ 20.8157
c bounds -503 >= -4192 @ 20.8223
c bounds -503 >= -4191 @ 20.8306
c bounds -503 >= -4190 @ 20.841
c bounds -503 >= -4189 @ 20.8549
c bounds -503 >= -4188 @ 20.8647
c bounds -503 >= -4187 @ 20.8734
c bounds -503 >= -4186 @ 20.8878
c bounds -503 >= -4185 @ 20.898
c bounds -503 >= -4184 @ 20.9098
c bounds -503 >= -4183 @ 20.9196
c bounds -503 >= -4182 @ 20.9335
c bounds -503 >= -4181 @ 20.9559
c bounds -503 >= -4180 @ 20.9905
c bounds -503 >= -4179 @ 21.0146
c bounds -503 >= -4178 @ 21.0575
c bounds -505 >= -4178 @ 21.0735
c bounds -505 >= -4177 @ 21.0892
c bounds -509 >= -4177 @ 21.1074
c bounds -509 >= -4176 @ 21.1282
c bounds -510 >= -4176 @ 21.1403
c #Conflicts:       9000 | #Constraints:      70101
c bounds -510 >= -4175 @ 21.2067
c bounds -511 >= -4175 @ 21.2198
c bounds -513 >= -4175 @ 21.2369
c bounds -516 >= -4175 @ 21.2859
c bounds -517 >= -4175 @ 21.2987
c INPROCESSING
c GARBAGE COLLECT
c bounds -519 >= -4175 @ 22.0833
c bounds -519 >= -4174 @ 22.0895
c bounds -519 >= -4173 @ 22.0971
c bounds -519 >= -4172 @ 22.1074
c bounds -519 >= -4171 @ 22.1195
c bounds -519 >= -4170 @ 22.1285
c bounds -519 >= -4169 @ 22.1351
c bounds -520 >= -4169 @ 22.3352
c bounds -520 >= -4168 @ 22.3428
c bounds -520 >= -4167 @ 22.3559
c bounds -520 >= -4166 @ 22.3669
c bounds -520 >= -4165 @ 22.376
c bounds -520 >= -4164 @ 22.3842
c bounds -520 >= -4163 @ 22.3931
c bounds -520 >= -4162 @ 22.4003
c bounds -520 >= -4161 @ 22.4094
c bounds -520 >= -4160 @ 22.4183
c bounds -520 >= -4159 @ 22.4264
c bounds -551 >= -4159 @ 22.4813
c bounds -551 >= -4158 @ 22.4902
c bounds -551 >= -4157 @ 22.4983
c bounds -551 >= -4156 @ 22.5064
c bounds -551 >= -4155 @ 22.5123
c bounds -551 >= -4154 @ 22.5213
c bounds -551 >= -4153 @ 22.5283
c bounds -551 >= -4152 @ 22.5353
c bounds -551 >= -4151 @ 22.5443
c bounds -551 >= -4150 @ 22.5543
c bounds -552 >= -4150 @ 22.5667
c bounds -552 >= -4149 @ 22.5735
c bounds -552 >= -4148 @ 22.5837
c bounds -552 >= -4147 @ 22.5896
c bounds -552 >= -4146 @ 22.5985
c bounds -552 >= -4145 @ 22.6051
c bounds -552 >= -4144 @ 22.6148
c bounds -552 >= -4143 @ 22.6235
c bounds -553 >= -4143 @ 22.6358
c bounds -553 >= -4142 @ 22.6535
c bounds -553 >= -4141 @ 22.6628
c bounds -553 >= -4140 @ 22.6739
c bounds -553 >= -4139 @ 22.6874
c bounds -554 >= -4139 @ 22.7009
c bounds -554 >= -4138 @ 22.7156
c bounds -554 >= -4137 @ 22.7244
c bounds -554 >= -4136 @ 22.7343
c bounds -554 >= -4135 @ 22.7449
c bounds -554 >= -4134 @ 22.7557
c bounds -554 >= -4133 @ 22.7646
c bounds -555 >= -4133 @ 22.7772
c bounds -555 >= -4132 @ 22.7936
c bounds -555 >= -4131 @ 22.8024
c bounds -555 >= -4130 @ 22.8101
c bounds -555 >= -4129 @ 22.8221
c bounds -555 >= -4128 @ 22.8352
c bounds -556 >= -4128 @ 22.8469
c bounds -556 >= -4127 @ 22.8612
c bounds -556 >= -4126 @ 22.8743
c bounds -557 >= -4126 @ 22.885
c bounds -557 >= -4125 @ 22.8967
c bounds -557 >= -4124 @ 22.9172
c bounds -558 >= -4124 @ 22.9306
c #Conflicts:      10000 | #Constraints:      67482
c bounds -558 >= -4123 @ 22.9643
c bounds -559 >= -4123 @ 22.9783
c bounds -560 >= -4123 @ 22.9911
c bounds -561 >= -4123 @ 23.0041
c bounds -561 >= -4122 @ 23.0646
c bounds -562 >= -4122 @ 23.0778
c bounds -563 >= -4122 @ 23.0895
c bounds -564 >= -4122 @ 23.1021
c bounds -565 >= -4122 @ 23.1152
c bounds -566 >= -4122 @ 23.1278
c bounds -566 >= -4121 @ 23.1953
c bounds -567 >= -4121 @ 23.2077
c bounds -568 >= -4121 @ 23.2205
c bounds -569 >= -4121 @ 23.2335
c bounds -570 >= -4121 @ 23.2465
c bounds -571 >= -4121 @ 23.2594
c bounds -572 >= -4121 @ 23.2724
c bounds -573 >= -4121 @ 23.2853
c bounds -574 >= -4121 @ 23.2983
c bounds -574 >= -4120 @ 23.374
c bounds -575 >= -4120 @ 23.3878
c bounds -576 >= -4120 @ 23.4011
c bounds -577 >= -4120 @ 23.4143
c bounds -578 >= -4120 @ 23.4263
c bounds -579 >= -4120 @ 23.4373
c bounds -580 >= -4120 @ 23.4483
c bounds -582 >= -4120 @ 23.4812
c bounds -600 >= -4120 @ 23.9007
c #Conflicts:      11000 | #Constraints:      68710
c bounds -602 >= -4120 @ 24.2549
c bounds -603 >= -4120 @ 24.2676
c bounds -603 >= -4119 @ 24.2766
c bounds -603 >= -4118 @ 24.2855
c bounds -603 >= -4117 @ 24.3223
c bounds -604 >= -4117 @ 24.337
c bounds -605 >= -4117 @ 24.35
c bounds -606 >= -4117 @ 24.363
c bounds -607 >= -4117 @ 24.376
c bounds -607 >= -4116 @ 24.4074
c bounds -608 >= -4116 @ 24.4211
c bounds -608 >= -4115 @ 24.4508
c bounds -609 >= -4115 @ 24.4641
c bounds -610 >= -4115 @ 24.4764
c bounds -610 >= -4114 @ 24.5123
c bounds -611 >= -4114 @ 24.5259
c bounds -611 >= -4113 @ 24.5685
c bounds -612 >= -4113 @ 24.5832
c bounds -613 >= -4113 @ 24.5967
c bounds -614 >= -4113 @ 24.6069
c bounds -615 >= -4113 @ 24.6193
c bounds -616 >= -4113 @ 24.6325
c bounds -616 >= -4112 @ 24.6956
c bounds -617 >= -4112 @ 24.7106
c bounds -618 >= -4112 @ 24.7241
c bounds -620 >= -4112 @ 24.7417
c bounds -621 >= -4112 @ 25.5417
c bounds -621 >= -4111 @ 25.5518
c bounds -621 >= -4110 @ 25.5606
c bounds -621 >= -4109 @ 25.5731
c bounds -621 >= -4108 @ 25.5844
c bounds -621 >= -4107 @ 25.5938
c bounds -621 >= -4106 @ 25.5982
c bounds -621 >= -4105 @ 25.6117
c bounds -621 >= -4104 @ 25.6212
c bounds -621 >= -4103 @ 25.6294
c bounds -621 >= -4102 @ 25.6367
c bounds -621 >= -4101 @ 25.6453
c bounds -621 >= -4100 @ 25.6505
c bounds -621 >= -4099 @ 25.6579
c bounds -621 >= -4098 @ 25.6651
c bounds -621 >= -4097 @ 25.6724
c bounds -621 >= -4096 @ 25.6818
c bounds -621 >= -4095 @ 25.6902
c bounds -621 >= -4094 @ 25.6975
c bounds -621 >= -4093 @ 25.7038
c bounds -621 >= -4092 @ 25.7122
c bounds -621 >= -4091 @ 25.7193
c bounds -621 >= -4090 @ 25.7339
c bounds -621 >= -4089 @ 25.7401
c bounds -621 >= -4088 @ 25.7494
c bounds -621 >= -4087 @ 25.7585
c bounds -621 >= -4086 @ 25.7656
c bounds -621 >= -4085 @ 25.7707
c bounds -621 >= -4084 @ 25.7787
c bounds -621 >= -4083 @ 25.7859
c bounds -621 >= -4082 @ 25.7988
c bounds -621 >= -4081 @ 25.808
c bounds -621 >= -4080 @ 25.8156
c bounds -621 >= -4079 @ 25.8247
c bounds -621 >= -4078 @ 25.8328
c bounds -621 >= -4077 @ 25.842
c bounds -621 >= -4076 @ 25.8523
c bounds -621 >= -4075 @ 25.8605
c bounds -621 >= -4074 @ 25.869
c bounds -621 >= -4073 @ 25.8773
c bounds -621 >= -4072 @ 25.8874
c bounds -621 >= -4071 @ 25.8937
c bounds -621 >= -4070 @ 25.9018
c #Conflicts:      12000 | #Constraints:      70062
c bounds -621 >= -4069 @ 25.9048
c bounds -621 >= -4068 @ 25.915
c bounds -621 >= -4067 @ 25.9222
c bounds -621 >= -4066 @ 25.9341
c #Conflicts:      13000 | #Constraints:      71074
c #Conflicts:      14000 | #Constraints:      72074
c #Conflicts:      15000 | #Constraints:      73074
c bounds -1872 >= -4066 @ 29.6666
c bounds -1872 >= -4065 @ 29.6767
c bounds -1872 >= -4064 @ 29.6848
c bounds -1872 >= -4063 @ 29.6905
c bounds -1872 >= -4062 @ 29.7024
c bounds -1872 >= -4061 @ 29.7168
c bounds -1872 >= -4060 @ 29.7229
c bounds -1872 >= -4059 @ 29.7318
c bounds -1872 >= -4058 @ 29.7424
c bounds -1872 >= -4057 @ 29.7506
c bounds -1872 >= -4056 @ 29.7577
c bounds -1872 >= -4055 @ 29.7672
c bounds -1872 >= -4054 @ 29.7763
c bounds -1872 >= -4053 @ 29.7852
c bounds -1872 >= -4052 @ 29.7953
c bounds -1872 >= -4051 @ 29.8
c bounds -1872 >= -4050 @ 29.8066
c bounds -1872 >= -4049 @ 29.8168
c bounds -1872 >= -4048 @ 29.8248
c bounds -1872 >= -4047 @ 29.8312
c bounds -1872 >= -4046 @ 29.8389
c bounds -1872 >= -4045 @ 29.8434
c bounds -1872 >= -4044 @ 29.8544
c bounds -1872 >= -4043 @ 29.8623
c bounds -1872 >= -4042 @ 29.8698
c bounds -1872 >= -4041 @ 29.8792
c bounds -1872 >= -4040 @ 29.8883
c bounds -1872 >= -4039 @ 29.8953
c bounds -1872 >= -4038 @ 29.9032
c bounds -1872 >= -4037 @ 29.909
c bounds -1872 >= -4036 @ 29.9178
c bounds -1872 >= -4035 @ 29.9266
c bounds -1872 >= -4034 @ 29.9327
c bounds -1872 >= -4033 @ 29.9426
c bounds -1872 >= -4032 @ 29.9514
c bounds -1872 >= -4031 @ 29.9584
c bounds -1872 >= -4030 @ 29.9661
c bounds -1872 >= -4029 @ 29.971
c bounds -1872 >= -4028 @ 29.9789
c bounds -1872 >= -4027 @ 29.9876
c bounds -1872 >= -4026 @ 29.9964
c bounds -1872 >= -4025 @ 30.0046
c bounds -1872 >= -4024 @ 30.0124
c bounds -1872 >= -4023 @ 30.0172
c bounds -1872 >= -4022 @ 30.0229
c bounds -1872 >= -4021 @ 30.0308
c bounds -1872 >= -4020 @ 30.0408
c bounds -1872 >= -4019 @ 30.0482
c bounds -1872 >= -4018 @ 30.0661
c bounds -1872 >= -4017 @ 30.0761
c bounds -1872 >= -4016 @ 30.0819
c bounds -1872 >= -4015 @ 30.0906
c bounds -1872 >= -4014 @ 30.1003
c bounds -1872 >= -4013 @ 30.1071
c bounds -1872 >= -4012 @ 30.1128
c bounds -1872 >= -4011 @ 30.1235
c bounds -1872 >= -4010 @ 30.1323
c bounds -1872 >= -4009 @ 30.1371
c bounds -1872 >= -4008 @ 30.1438
c bounds -1872 >= -4007 @ 30.1516
c bounds -1872 >= -4006 @ 30.1632
c bounds -1872 >= -4005 @ 30.1719
c bounds -1872 >= -4004 @ 30.1786
c bounds -1872 >= -4003 @ 30.1853
c bounds -1872 >= -4002 @ 30.192
c bounds -1872 >= -4001 @ 30.2017
c bounds -1872 >= -4000 @ 30.2073
c bounds -1872 >= -3999 @ 30.2178
c bounds -1872 >= -3998 @ 30.2255
c bounds -1872 >= -3997 @ 30.2338
c bounds -1872 >= -3996 @ 30.2423
c bounds -1872 >= -3995 @ 30.2507
c bounds -1872 >= -3994 @ 30.2584
c bounds -1872 >= -3993 @ 30.267
c bounds -1872 >= -3992 @ 30.2765
c bounds -1872 >= -3991 @ 30.279
c bounds -1872 >= -3990 @ 30.2845
c bounds -1872 >= -3989 @ 30.291
c bounds -1872 >= -3988 @ 30.3004
c bounds -1872 >= -3987 @ 30.306
c bounds -1872 >= -3986 @ 30.3154
c bounds -1872 >= -3985 @ 30.3189
c bounds -1872 >= -3984 @ 30.3264
c bounds -1872 >= -3983 @ 30.3289
c bounds -1872 >= -3982 @ 30.3374
c bounds -1872 >= -3981 @ 30.3438
c bounds -1872 >= -3980 @ 30.3534
c bounds -1872 >= -3979 @ 30.364
c bounds -1872 >= -3978 @ 30.3714
c bounds -1872 >= -3977 @ 30.3809
c bounds -1872 >= -3976 @ 30.3873
c bounds -1872 >= -3975 @ 30.3988
c bounds -1872 >= -3974 @ 30.409
c bounds -1872 >= -3973 @ 30.4152
c bounds -1872 >= -3972 @ 30.4205
c bounds -1872 >= -3971 @ 30.4286
c bounds -1872 >= -3970 @ 30.4358
c bounds -1872 >= -3969 @ 30.4438
c bounds -1872 >= -3968 @ 30.4553
c bounds -1872 >= -3967 @ 30.4616
c bounds -1872 >= -3966 @ 30.471
c bounds -1872 >= -3965 @ 30.4775
c bounds -1872 >= -3964 @ 30.4837
c bounds -1872 >= -3963 @ 30.492
c bounds -1872 >= -3962 @ 30.5004
c bounds -1872 >= -3961 @ 30.5087
c bounds -1872 >= -3960 @ 30.517
c bounds -1872 >= -3959 @ 30.5234
c bounds -1872 >= -3958 @ 30.5326
c bounds -1872 >= -3957 @ 30.5399
c bounds -1872 >= -3956 @ 30.5502
c bounds -1872 >= -3955 @ 30.5619
c bounds -1872 >= -3954 @ 30.5756
c bounds -1872 >= -3953 @ 30.5851
c bounds -1872 >= -3952 @ 30.5949
c bounds -1872 >= -3951 @ 30.605
c bounds -1872 >= -3950 @ 30.6165
c bounds -1872 >= -3949 @ 30.6277
c bounds -1872 >= -3948 @ 30.6374
c bounds -1872 >= -3947 @ 30.6457
c bounds -1872 >= -3946 @ 30.6556
c bounds -1872 >= -3945 @ 30.6629
c bounds -1872 >= -3944 @ 30.6728
c bounds -1872 >= -3943 @ 30.683
c bounds -1872 >= -3942 @ 30.6925
c bounds -1872 >= -3941 @ 30.7019
c bounds -1872 >= -3940 @ 30.7111
c bounds -1872 >= -3939 @ 30.7245
c bounds -1872 >= -3938 @ 30.7336
c bounds -1872 >= -3937 @ 30.7461
c bounds -1872 >= -3936 @ 30.7557
c bounds -1872 >= -3935 @ 30.7663
c bounds -1872 >= -3934 @ 30.7782
c bounds -1872 >= -3933 @ 30.7923
c bounds -1872 >= -3932 @ 30.8026
c bounds -1872 >= -3931 @ 30.8133
c bounds -1872 >= -3930 @ 30.8277
c bounds -1872 >= -3929 @ 30.8468
c bounds -1872 >= -3928 @ 30.8604
c bounds -1872 >= -3927 @ 30.8735
c bounds -1872 >= -3926 @ 30.8866
c bounds -1872 >= -3925 @ 30.9001
c bounds -1872 >= -3924 @ 30.9118
c bounds -1872 >= -3923 @ 30.923
c bounds -1872 >= -3922 @ 30.9377
c bounds -1872 >= -3921 @ 30.9523
c bounds -1872 >= -3920 @ 30.9688
c bounds -1872 >= -3919 @ 30.984
c bounds -1872 >= -3918 @ 31.0023
c bounds -1872 >= -3917 @ 31.0237
c bounds -1872 >= -3916 @ 31.0409
c bounds -1872 >= -3915 @ 31.0666
c bounds -1872 >= -3914 @ 31.0922
c bounds -1872 >= -3913 @ 31.1139
c #Conflicts:      16000 | #Constraints:      75303
c bounds -1872 >= -3912 @ 31.1317
c bounds -1872 >= -3911 @ 31.1514
c bounds -1872 >= -3910 @ 31.1742
c bounds -1872 >= -3909 @ 31.201
c bounds -1872 >= -3908 @ 31.2254
c bounds -1872 >= -3907 @ 31.252
c bounds -1872 >= -3906 @ 31.2651
c bounds -1872 >= -3905 @ 31.2853
c bounds -1872 >= -3904 @ 31.2979
c bounds -1872 >= -3903 @ 31.321
c bounds -1872 >= -3902 @ 31.3472
c bounds -1872 >= -3901 @ 31.3699
c bounds -1872 >= -3900 @ 31.3859
c bounds -1872 >= -3899 @ 31.4046
c bounds -1872 >= -3898 @ 31.4263
c bounds -1872 >= -3897 @ 31.4494
c bounds -1872 >= -3896 @ 31.4744
c bounds -1872 >= -3895 @ 31.5112
c bounds -1872 >= -3894 @ 31.5354
c bounds -1872 >= -3893 @ 31.556
c bounds -1872 >= -3892 @ 31.5761
c bounds -1872 >= -3891 @ 31.6122
c INPROCESSING
c GARBAGE COLLECT
c bounds -1872 >= -3890 @ 31.6913
c bounds -1872 >= -3889 @ 31.7418
c bounds -1872 >= -3888 @ 31.7942
c bounds -1872 >= -3887 @ 31.8619
c bounds -1872 >= -3886 @ 31.9416
c bounds -1872 >= -3885 @ 32.0028
c bounds -1872 >= -3884 @ 32.1696
c #Conflicts:      17000 | #Constraints:      72963
c bounds -1872 >= -3883 @ 32.2554
c bounds -1872 >= -3882 @ 32.4282
c bounds -1872 >= -3881 @ 32.5452
c bounds -1872 >= -3880 @ 32.6041
c bounds -1872 >= -3879 @ 32.8215
c bounds -1872 >= -3878 @ 33.0066
c bounds -1872 >= -3877 @ 33.0756
c #Conflicts:      18000 | #Constraints:      74359
c #Conflicts:      19000 | #Constraints:      75359
c #Conflicts:      20000 | #Constraints:      76359
c bounds -2114 >= -3877 @ 56.9009
c bounds -2114 >= -3876 @ 56.9291
c bounds -2114 >= -3875 @ 56.9551
c bounds -2114 >= -3874 @ 56.9844
c bounds -2114 >= -3873 @ 57.0086
c bounds -2114 >= -3872 @ 57.0532
c bounds -2114 >= -3871 @ 57.1007
c bounds -2114 >= -3870 @ 57.1371
c bounds -2114 >= -3869 @ 57.1784
c bounds -2114 >= -3868 @ 57.1995
c bounds -2114 >= -3867 @ 57.2175
c bounds -2114 >= -3866 @ 57.2355
c bounds -2114 >= -3865 @ 57.2728
c bounds -2114 >= -3864 @ 57.3053
c bounds -2114 >= -3863 @ 57.337
c bounds -2114 >= -3862 @ 57.3754
c bounds -2114 >= -3861 @ 57.4384
c bounds -2114 >= -3860 @ 57.5241
c bounds -2114 >= -3859 @ 57.6563
c #Conflicts:      21000 | #Constraints:      78101
c bounds -2114 >= -3858 @ 57.8144
c bounds -2114 >= -3857 @ 58.0444
c bounds -2114 >= -3856 @ 58.4196
c bounds -2114 >= -3855 @ 58.8582
c #Conflicts:      22000 | #Constraints:      79305
c bounds -2114 >= -3854 @ 59.3117
c bounds -2114 >= -3853 @ 59.6113
c bounds -2114 >= -3852 @ 59.8075
c bounds -2114 >= -3851 @ 59.8485
c bounds -2114 >= -3850 @ 59.871
c bounds -2114 >= -3849 @ 59.8888
c bounds -2114 >= -3848 @ 59.917
c bounds -2114 >= -3847 @ 59.9479
c bounds -2114 >= -3846 @ 59.9788
c bounds -2114 >= -3845 @ 60.041
c bounds -2114 >= -3844 @ 60.1039
c bounds -2114 >= -3843 @ 60.1713
c bounds -2114 >= -3842 @ 60.2388
c bounds -2114 >= -3841 @ 60.2938
c bounds -2114 >= -3840 @ 60.3963
c #Conflicts:      23000 | #Constraints:      81001
c bounds -2114 >= -3839 @ 60.5698
c bounds -2114 >= -3838 @ 60.7262
c bounds -2114 >= -3837 @ 60.9839
c #Conflicts:      24000 | #Constraints:      82256
c bounds -2125 >= -3837 @ 69.4775
c bounds -2125 >= -3836 @ 69.9144
c bounds -2125 >= -3835 @ 70.079
c bounds -2125 >= -3834 @ 70.325
c bounds -2125 >= -3833 @ 70.761
c #Conflicts:      25000 | #Constraints:      83569
c INPROCESSING
c GARBAGE COLLECT
c bounds -2140 >= -3833 @ 74.3612
c bounds -2140 >= -3832 @ 74.4345
c bounds -2140 >= -3831 @ 74.455
c bounds -2140 >= -3830 @ 74.4967
c bounds -2140 >= -3829 @ 74.5462
c #Conflicts:      26000 | #Constraints:      78705
c bounds -2143 >= -3829 @ 76.8217
c bounds -2143 >= -3828 @ 76.8971
c bounds -2143 >= -3827 @ 76.9332
c bounds -2143 >= -3826 @ 77.0269
c bounds -2143 >= -3825 @ 77.1136
c bounds -2189 >= -3825 @ 77.6069
c bounds -2189 >= -3824 @ 77.8174
c bounds -2198 >= -3824 @ 78.4091
c bounds -2208 >= -3824 @ 79.8441
c #Conflicts:      27000 | #Constraints:      80054
c bounds -2208 >= -3823 @ 79.9827
c bounds -2208 >= -3822 @ 80.2017
c bounds -2208 >= -3821 @ 80.4064
c bounds -2213 >= -3821 @ 81.6456
c #Conflicts:      28000 | #Constraints:      81280
c bounds -2268 >= -3821 @ 127.895
c bounds -2268 >= -3820 @ 128.192
c #Conflicts:      29000 | #Constraints:      82419
c bounds -2268 >= -3819 @ 128.453
c bounds -2268 >= -3818 @ 128.493
c bounds -2268 >= -3817 @ 128.561
c #Conflicts:      30000 | #Constraints:      83638
c bounds -2268 >= -3816 @ 129.051
c bounds -2268 >= -3815 @ 129.426
c #Conflicts:      31000 | #Constraints:      84785
c #Conflicts:      32000 | #Constraints:      85785
c bounds -2268 >= -3814 @ 130.87
c #Conflicts:      33000 | #Constraints:      86866
c #Conflicts:      34000 | #Constraints:      87866
c #Conflicts:      35000 | #Constraints:      88866
c bounds -2337 >= -3814 @ 186.215
c #Conflicts:      36000 | #Constraints:      89867
c bounds -2337 >= -3813 @ 186.951
c INPROCESSING
c GARBAGE COLLECT
c #Conflicts:      37000 | #Constraints:      83247
c bounds -2337 >= -3812 @ 187.826
c bounds -2337 >= -3811 @ 188.424
c bounds -2337 >= -3810 @ 189.069
c #Conflicts:      38000 | #Constraints:      84457
c bounds -2337 >= -3809 @ 190.367
c #Conflicts:      39000 | #Constraints:      85535
c bounds -3324 >= -3809 @ 191.787
c bounds -3324 >= -3808 @ 191.894
c #Conflicts:      40000 | #Constraints:      86614
c #Conflicts:      41000 | #Constraints:      87614
c #Conflicts:      42000 | #Constraints:      88614
c #Conflicts:      43000 | #Constraints:      89614
c #Conflicts:      44000 | #Constraints:      90614
c bounds -3325 >= -3808 @ 569.728
c #Conflicts:      45000 | #Constraints:      91615
c #Conflicts:      46000 | #Constraints:      92615
c bounds -3325 >= -3807 @ 571.031
c #Conflicts:      47000 | #Constraints:      93681
c #Conflicts:      48000 | #Constraints:      94681
c bounds -3325 >= -3806 @ 573.269
c #Conflicts:      49000 | #Constraints:      95729
c INPROCESSING
c GARBAGE COLLECT
c #Conflicts:      50000 | #Constraints:      86364
c #Conflicts:      51000 | #Constraints:      87364
c bounds -3325 >= -3805 @ 575.928
c #Conflicts:      52000 | #Constraints:      88451
c bounds -3325 >= -3804 @ 577.23
c #Conflicts:      53000 | #Constraints:      89529
c bounds -3333 >= -3804 @ 621.656
c bounds -3333 >= -3803 @ 621.742
c bounds -3333 >= -3802 @ 621.951
c #Conflicts:      54000 | #Constraints:      90659
c bounds -3333 >= -3801 @ 622.185
c #Conflicts:      55000 | #Constraints:      91701
c #Conflicts:      56000 | #Constraints:      92701
c bounds -3353 >= -3801 @ 714.852
c #Conflicts:      57000 | #Constraints:      93702
c bounds -3353 >= -3800 @ 715.093
c bounds -3353 >= -3799 @ 715.302
c #Conflicts:      58000 | #Constraints:      94789
c bounds -3353 >= -3798 @ 715.754
c #Conflicts:      59000 | #Constraints:      95828
c bounds -3353 >= -3797 @ 716.195
c #Conflicts:      60000 | #Constraints:      96873
c bounds -3353 >= -3796 @ 716.629
c bounds -3353 >= -3795 @ 717.111
c #Conflicts:      61000 | #Constraints:      97966
c bounds -3353 >= -3794 @ 717.76
c #Conflicts:      62000 | #Constraints:      99005
c bounds -3353 >= -3793 @ 718.402
c #Conflicts:      63000 | #Constraints:     100041
c bounds -3353 >= -3792 @ 719.004
c #Conflicts:      64000 | #Constraints:     101092
c bounds -3353 >= -3791 @ 719.703
c INPROCESSING
c GARBAGE COLLECT
c #Conflicts:      65000 | #Constraints:      88680
c bounds -3359 >= -3791 @ 750.229
c bounds -3359 >= -3790 @ 750.591
c bounds -3359 >= -3789 @ 750.805
c bounds -3359 >= -3788 @ 751.306
c bounds -3359 >= -3787 @ 751.584
c bounds -3359 >= -3786 @ 751.824
c bounds -3359 >= -3785 @ 752.003
c bounds -3359 >= -3784 @ 752.237
c bounds -3359 >= -3783 @ 752.385
c bounds -3359 >= -3782 @ 752.462
c bounds -3359 >= -3781 @ 752.55
c #Conflicts:      66000 | #Constraints:      90206
c #Conflicts:      67000 | #Constraints:      91206
c #Conflicts:      68000 | #Constraints:      92206
c #Conflicts:      69000 | #Constraints:      93206
c #Conflicts:      70000 | #Constraints:      94206
c #Conflicts:      71000 | #Constraints:      95206
c #Conflicts:      72000 | #Constraints:      96206
c #Conflicts:      73000 | #Constraints:      97206
c #Conflicts:      74000 | #Constraints:      98206
c #Conflicts:      75000 | #Constraints:      99206
c #Conflicts:      76000 | #Constraints:     100206
c #Conflicts:      77000 | #Constraints:     101206
c #Conflicts:      78000 | #Constraints:     102206
c #Conflicts:      79000 | #Constraints:     103206
c #Conflicts:      80000 | #Constraints:     104206
c #Conflicts:      81000 | #Constraints:     105206
c INPROCESSING
c GARBAGE COLLECT
c #Conflicts:      82000 | #Constraints:      90916
c bounds -3359 >= -3780 @ 1527.73
c bounds -3359 >= -3779 @ 1527.84
c bounds -3359 >= -3778 @ 1528
c bounds -3359 >= -3777 @ 1528.12
c bounds -3359 >= -3776 @ 1528.24
c bounds -3359 >= -3775 @ 1528.35
c bounds -3359 >= -3774 @ 1528.45
c bounds -3359 >= -3773 @ 1528.59
c bounds -3359 >= -3772 @ 1528.68
c bounds -3359 >= -3771 @ 1528.79
c bounds -3359 >= -3770 @ 1528.92
c bounds -3359 >= -3769 @ 1529.03
c bounds -3359 >= -3768 @ 1529.17
c bounds -3359 >= -3767 @ 1529.3
c bounds -3359 >= -3766 @ 1529.43
c bounds -3359 >= -3765 @ 1529.57
c bounds -3359 >= -3764 @ 1529.72
c bounds -3359 >= -3763 @ 1529.87
c bounds -3359 >= -3762 @ 1530
c bounds -3359 >= -3761 @ 1530.16
c bounds -3359 >= -3760 @ 1530.27
c bounds -3359 >= -3759 @ 1530.44
c bounds -3359 >= -3758 @ 1530.61
c bounds -3359 >= -3757 @ 1530.84
c bounds -3359 >= -3756 @ 1531.15
c bounds -3359 >= -3755 @ 1531.4
c bounds -3359 >= -3754 @ 1531.87
c bounds -3359 >= -3753 @ 1532.1
c bounds -3359 >= -3752 @ 1532.22
c bounds -3359 >= -3751 @ 1532.37
c bounds -3359 >= -3750 @ 1532.6
c bounds -3359 >= -3749 @ 1532.77
c bounds -3359 >= -3748 @ 1532.96
c bounds -3359 >= -3747 @ 1533.19
c bounds -3359 >= -3746 @ 1533.4
c bounds -3359 >= -3745 @ 1533.65
c bounds -3359 >= -3744 @ 1533.85
c bounds -3359 >= -3743 @ 1534.02
c bounds -3359 >= -3742 @ 1534.28
c bounds -3359 >= -3741 @ 1534.47
c bounds -3359 >= -3740 @ 1534.63
c bounds -3359 >= -3739 @ 1534.86
c bounds -3359 >= -3738 @ 1535.09
c bounds -3359 >= -3737 @ 1535.34
c bounds -3359 >= -3736 @ 1535.55
c bounds -3359 >= -3735 @ 1535.74
c #Conflicts:      83000 | #Constraints:      93561
c bounds -3359 >= -3734 @ 1536.02
c bounds -3359 >= -3733 @ 1536.28
c bounds -3359 >= -3732 @ 1536.5
c bounds -3359 >= -3731 @ 1536.8
c bounds -3359 >= -3730 @ 1537.13
c bounds -3359 >= -3729 @ 1537.4
c bounds -3359 >= -3728 @ 1537.74
c bounds -3359 >= -3727 @ 1538.31
c bounds -3359 >= -3726 @ 1538.56
c bounds -3359 >= -3725 @ 1538.9
c bounds -3359 >= -3724 @ 1539.23
c bounds -3359 >= -3723 @ 1539.45
c bounds -3359 >= -3722 @ 1539.78
c bounds -3359 >= -3721 @ 1540.14
c bounds -3359 >= -3720 @ 1540.42
c bounds -3359 >= -3719 @ 1540.74
c bounds -3359 >= -3718 @ 1541.04
c bounds -3359 >= -3717 @ 1541.31
c bounds -3359 >= -3716 @ 1541.58
c bounds -3359 >= -3715 @ 1541.87
c bounds -3359 >= -3714 @ 1542.14
c bounds -3359 >= -3713 @ 1542.45
c bounds -3359 >= -3712 @ 1542.86
c bounds -3359 >= -3711 @ 1543.25
c bounds -3359 >= -3710 @ 1543.63
c bounds -3359 >= -3709 @ 1543.94
c bounds -3359 >= -3708 @ 1544.36
c bounds -3359 >= -3707 @ 1544.8
c bounds -3359 >= -3706 @ 1545.38
c bounds -3359 >= -3705 @ 1545.75
c bounds -3359 >= -3704 @ 1546.31
c bounds -3359 >= -3703 @ 1546.73
c bounds -3359 >= -3702 @ 1547.34
c bounds -3359 >= -3701 @ 1547.74
c #Conflicts:      84000 | #Constraints:      95767
c bounds -3359 >= -3700 @ 1548.44
c bounds -3359 >= -3699 @ 1549.03
c bounds -3359 >= -3698 @ 1549.73
c bounds -3359 >= -3697 @ 1550.17
c bounds -3359 >= -3696 @ 1550.93
c bounds -3359 >= -3695 @ 1551.58
c bounds -3359 >= -3694 @ 1552.09
c bounds -3359 >= -3693 @ 1552.6
c bounds -3359 >= -3692 @ 1553.87
c bounds -3359 >= -3691 @ 1554.76
c bounds -3359 >= -3690 @ 1555.59
c bounds -3359 >= -3689 @ 1556.19
c bounds -3359 >= -3688 @ 1557.17
c bounds -3359 >= -3687 @ 1557.92
c bounds -3359 >= -3686 @ 1558.76
c bounds -3359 >= -3685 @ 1559.2
c bounds -3359 >= -3684 @ 1560.03
c bounds -3359 >= -3683 @ 1560.65
c #Conflicts:      85000 | #Constraints:      97545
c bounds -3359 >= -3682 @ 1561.89
c bounds -3359 >= -3681 @ 1562.38
c bounds -3359 >= -3680 @ 1563.45
c bounds -3359 >= -3679 @ 1564.19
c bounds -3359 >= -3678 @ 1565.35
c bounds -3359 >= -3677 @ 1566.31
c bounds -3359 >= -3676 @ 1567.33
c bounds -3359 >= -3675 @ 1569.18
c bounds -3359 >= -3674 @ 1570.6
c bounds -3359 >= -3673 @ 1571.74
c bounds -3359 >= -3672 @ 1572.65
c bounds -3359 >= -3671 @ 1573.37
c #Conflicts:      86000 | #Constraints:      99094
c bounds -3359 >= -3670 @ 1574.64
c bounds -3359 >= -3669 @ 1575.67
c bounds -3359 >= -3668 @ 1577.07
c bounds -3359 >= -3667 @ 1578.55
c bounds -3359 >= -3666 @ 1579.94
c bounds -3359 >= -3665 @ 1581.3
c bounds -3359 >= -3664 @ 1582.57
c bounds -3359 >= -3663 @ 1584.04
c bounds -3359 >= -3662 @ 1585.77
c bounds -3359 >= -3661 @ 1586.7
c #Conflicts:      87000 | #Constraints:     100601
c bounds -3359 >= -3660 @ 1587.92
c bounds -3359 >= -3659 @ 1589.75
c bounds -3359 >= -3658 @ 1592.01
c bounds -3359 >= -3657 @ 1593.41
c bounds -3359 >= -3656 @ 1597.08
c bounds -3359 >= -3655 @ 1598.17
c bounds -3359 >= -3654 @ 1603.04
c #Conflicts:      88000 | #Constraints:     101949
c bounds -3359 >= -3653 @ 1606.5
c bounds -3359 >= -3652 @ 1608.75
c bounds -3359 >= -3651 @ 1611.34
c bounds -3359 >= -3650 @ 1614.56
c bounds -3359 >= -3649 @ 1617.1
c #Conflicts:      89000 | #Constraints:     103198
c bounds -3359 >= -3648 @ 1619.4
c bounds -3359 >= -3647 @ 1622.43
c bounds -3359 >= -3646 @ 1629.97
c bounds -3359 >= -3645 @ 1633.38
c #Conflicts:      90000 | #Constraints:     104474
c bounds -3359 >= -3644 @ 1638.89
c bounds -3359 >= -3643 @ 1641.82
c bounds -3359 >= -3642 @ 1646.05
c #Conflicts:      91000 | #Constraints:     105666
c bounds -3359 >= -3641 @ 1650.69
c bounds -3359 >= -3640 @ 1653.23
c bounds -3359 >= -3639 @ 1659.69
c #Conflicts:      92000 | #Constraints:     106828
c #Conflicts:      93000 | #Constraints:     107828
c #Conflicts:      94000 | #Constraints:     108828
c #Conflicts:      95000 | #Constraints:     109828
c #Conflicts:      96000 | #Constraints:     110828
c #Conflicts:      97000 | #Constraints:     111828
c #Conflicts:      98000 | #Constraints:     112828
c #Conflicts:      99000 | #Constraints:     113828
c #Conflicts:     100000 | #Constraints:     114828
c #Conflicts:     101000 | #Constraints:     115828
c INPROCESSING
c GARBAGE COLLECT
c bounds -3359 >= -3638 @ 2050.42
c bounds -3359 >= -3637 @ 2050.61
c #Conflicts:     102000 | #Constraints:      98714
c bounds -3359 >= -3636 @ 2051.01
c #Conflicts:     103000 | #Constraints:      99759
c bounds -3359 >= -3635 @ 2052.1
c #Conflicts:     104000 | #Constraints:     100840
c #Conflicts:     105000 | #Constraints:     101840
c bounds -3359 >= -3634 @ 2053.58
c #Conflicts:     106000 | #Constraints:     102888
c bounds -3359 >= -3633 @ 2055.35
c #Conflicts:     107000 | #Constraints:     103933
c #Conflicts:     108000 | #Constraints:     104933
c bounds -3359 >= -3632 @ 2058.47
c #Conflicts:     109000 | #Constraints:     106011
c #Conflicts:     110000 | #Constraints:     107011
c #Conflicts:     111000 | #Constraints:     108011
c #Conflicts:     112000 | #Constraints:     109011
c bounds -3359 >= -3631 @ 2064.79
c #Conflicts:     113000 | #Constraints:     110104
c #Conflicts:     114000 | #Constraints:     111104
c #Conflicts:     115000 | #Constraints:     112104
c #Conflicts:     116000 | #Constraints:     113104
c #Conflicts:     117000 | #Constraints:     114104
c bounds -3359 >= -3630 @ 2078.91
c #Conflicts:     118000 | #Constraints:     115209
c bounds -3359 >= -3629 @ 2079.93
c #Conflicts:     119000 | #Constraints:     116365
c #Conflicts:     120000 | #Constraints:     117365
c bounds -3359 >= -3628 @ 2081.53
c #Conflicts:     121000 | #Constraints:     118473
c #Conflicts:     122000 | #Constraints:     119473
c INPROCESSING
c GARBAGE COLLECT
c #Conflicts:     123000 | #Constraints:     102096
c bounds -3359 >= -3627 @ 2083.68
c #Conflicts:     124000 | #Constraints:     103168
c bounds -3359 >= -3626 @ 2084.95
c #Conflicts:     125000 | #Constraints:     104243
c bounds -3359 >= -3625 @ 2086.34
c #Conflicts:     126000 | #Constraints:     105309
c #Conflicts:     127000 | #Constraints:     106309
c bounds -3359 >= -3624 @ 2087.78
c #Conflicts:     128000 | #Constraints:     107360
c bounds -3359 >= -3623 @ 2089.34
c #Conflicts:     129000 | #Constraints:     108423
c #Conflicts:     130000 | #Constraints:     109423
c bounds -3359 >= -3622 @ 2091.69
c #Conflicts:     131000 | #Constraints:     110483
c #Conflicts:     132000 | #Constraints:     111483
c bounds -3359 >= -3621 @ 2094.4
c #Conflicts:     133000 | #Constraints:     112540
c #Conflicts:     134000 | #Constraints:     113540
c bounds -3359 >= -3620 @ 2097.92
c #Conflicts:     135000 | #Constraints:     114594
c #Conflicts:     136000 | #Constraints:     115594
c #Conflicts:     137000 | #Constraints:     116594
c bounds -3359 >= -3619 @ 2102.32
c #Conflicts:     138000 | #Constraints:     117657
c #Conflicts:     139000 | #Constraints:     118657
c #Conflicts:     140000 | #Constraints:     119657
c #Conflicts:     141000 | #Constraints:     120657
c #Conflicts:     142000 | #Constraints:     121657
c bounds -3360 >= -3619 @ 2365.55
c #Conflicts:     143000 | #Constraints:     122658
c bounds -3360 >= -3618 @ 2372.03
c #Conflicts:     144000 | #Constraints:     123754
c bounds -3360 >= -3617 @ 2380.28
c bounds -3360 >= -3616 @ 2387.23
c bounds -3360 >= -3615 @ 2391.18
c #Conflicts:     145000 | #Constraints:     124919
c INPROCESSING
c GARBAGE COLLECT
c bounds -3360 >= -3614 @ 2396.59
c bounds -3360 >= -3613 @ 2404.98
c #Conflicts:     146000 | #Constraints:     104728
c bounds -3360 >= -3612 @ 2413.71
c bounds -3362 >= -3612 @ 2416.5
c #Conflicts:     147000 | #Constraints:     105834
c #Conflicts:     148000 | #Constraints:     106834
c #Conflicts:     149000 | #Constraints:     107834
c #Conflicts:     150000 | #Constraints:     108834
c #Conflicts:     151000 | #Constraints:     109834
c #Conflicts:     152000 | #Constraints:     110834
c #Conflicts:     153000 | #Constraints:     111834
c #Conflicts:     154000 | #Constraints:     112834
c #Conflicts:     155000 | #Constraints:     113834
c #Conflicts:     156000 | #Constraints:     114834
c #Conflicts:     157000 | #Constraints:     115834
c #Conflicts:     158000 | #Constraints:     116834
c #Conflicts:     159000 | #Constraints:     117834
c #Conflicts:     160000 | #Constraints:     118834
c #Conflicts:     161000 | #Constraints:     119834
c #Conflicts:     162000 | #Constraints:     120834
c #Conflicts:     163000 | #Constraints:     121834
c #Conflicts:     164000 | #Constraints:     122834
c #Conflicts:     165000 | #Constraints:     123834
c #Conflicts:     166000 | #Constraints:     124834
c #Conflicts:     167000 | #Constraints:     125834
c #Conflicts:     168000 | #Constraints:     126834
c #Conflicts:     169000 | #Constraints:     127834
c #Conflicts:     170000 | #Constraints:     128834
c INPROCESSING
c GARBAGE COLLECT
c #Conflicts:     171000 | #Constraints:     106504
c bounds -3362 >= -3611 @ 3477.84
c #Conflicts:     172000 | #Constraints:     107636
c bounds -3362 >= -3610 @ 3491.3
c bounds -3362 >= -3609 @ 3506.32
c #Conflicts:     173000 | #Constraints:     108828
c bounds -3362 >= -3608 @ 3516.73
c #Conflicts:     174000 | #Constraints:     109933
c bounds -3362 >= -3607 @ 3543.6
c #Conflicts:     175000 | #Constraints:     111035
c bounds -3362 >= -3606 @ 3553.88
c #Conflicts:     176000 | #Constraints:     112083
c bounds -3362 >= -3605 @ 3574.13
c #Conflicts:     177000 | #Constraints:     113182
c bounds -3362 >= -3604 @ 3591.53
c #Conflicts:     178000 | #Constraints:     114251
c bounds -3362 >= -3603 @ 3608.87
c #Conflicts:     179000 | #Constraints:     115347
c bounds -3362 >= -3602 @ 3634.91
c #Conflicts:     180000 | #Constraints:     116434
c bounds -3362 >= -3601 @ 3659.92
c #Conflicts:     181000 | #Constraints:     117491
c #Conflicts:     182000 | #Constraints:     118491
c #Conflicts:     183000 | #Constraints:     119491
c #Conflicts:     184000 | #Constraints:     120491
c #Conflicts:     185000 | #Constraints:     121491
c #Conflicts:     186000 | #Constraints:     122491
c #Conflicts:     187000 | #Constraints:     123491
c #Conflicts:     188000 | #Constraints:     124491
c #Conflicts:     189000 | #Constraints:     125491
c #Conflicts:     190000 | #Constraints:     126491
c #Conflicts:     191000 | #Constraints:     127491
c #Conflicts:     192000 | #Constraints:     128491
c #Conflicts:     193000 | #Constraints:     129491
c #Conflicts:     194000 | #Constraints:     130491
c #Conflicts:     195000 | #Constraints:     131491
c #Conflicts:     196000 | #Constraints:     132491
c #Conflicts:     197000 | #Constraints:     133491
c INPROCESSING
c GARBAGE COLLECT
c #Conflicts:     198000 | #Constraints:     109379
c #Conflicts:     199000 | #Constraints:     110379
c #Conflicts:     200000 | #Constraints:     111379
c #Conflicts:     201000 | #Constraints:     112379
c #Conflicts:     202000 | #Constraints:     113379
c #Conflicts:     203000 | #Constraints:     114379
c bounds -3362 >= -3600 @ 4616.54
c #Conflicts:     204000 | #Constraints:     115547
c #Conflicts:     205000 | #Constraints:     116547
c #Conflicts:     206000 | #Constraints:     117547
c #Conflicts:     207000 | #Constraints:     118547
c bounds -3362 >= -3599 @ 4625.9
c #Conflicts:     208000 | #Constraints:     119625
c #Conflicts:     209000 | #Constraints:     120625
c #Conflicts:     210000 | #Constraints:     121625
c #Conflicts:     211000 | #Constraints:     122625
c #Conflicts:     212000 | #Constraints:     123625
c bounds -3362 >= -3598 @ 4636.68
c #Conflicts:     213000 | #Constraints:     124679
c #Conflicts:     214000 | #Constraints:     125679
c #Conflicts:     215000 | #Constraints:     126679
c #Conflicts:     216000 | #Constraints:     127679
c #Conflicts:     217000 | #Constraints:     128679
c bounds -3362 >= -3597 @ 4647.73
c #Conflicts:     218000 | #Constraints:     129766
c #Conflicts:     219000 | #Constraints:     130766
c #Conflicts:     220000 | #Constraints:     131766
c #Conflicts:     221000 | #Constraints:     132766
c bounds -3362 >= -3596 @ 4661.47
c #Conflicts:     222000 | #Constraints:     133829
c #Conflicts:     223000 | #Constraints:     134829
c #Conflicts:     224000 | #Constraints:     135829
c #Conflicts:     225000 | #Constraints:     136829
c #Conflicts:     226000 | #Constraints:     137829
c bounds -3362 >= -3595 @ 4675.94
c INPROCESSING
c GARBAGE COLLECT
c #Conflicts:     227000 | #Constraints:     112035
c #Conflicts:     228000 | #Constraints:     113035
c #Conflicts:     229000 | #Constraints:     114035
c #Conflicts:     230000 | #Constraints:     115035
c #Conflicts:     231000 | #Constraints:     116035
c #Conflicts:     232000 | #Constraints:     117035
c #Conflicts:     233000 | #Constraints:     118035
c #Conflicts:     234000 | #Constraints:     119035
c #Conflicts:     235000 | #Constraints:     120035
c #Conflicts:     236000 | #Constraints:     121035
c #Conflicts:     237000 | #Constraints:     122035
c #Conflicts:     238000 | #Constraints:     123035
c bounds -3362 >= -3594 @ 4702.83
c #Conflicts:     239000 | #Constraints:     124176
c #Conflicts:     240000 | #Constraints:     125176
c #Conflicts:     241000 | #Constraints:     126176
c #Conflicts:     242000 | #Constraints:     127176
c #Conflicts:     243000 | #Constraints:     128176
c #Conflicts:     244000 | #Constraints:     129176
c bounds -3362 >= -3593 @ 4725.37
c #Conflicts:     245000 | #Constraints:     130278
c #Conflicts:     246000 | #Constraints:     131278
c #Conflicts:     247000 | #Constraints:     132278
c #Conflicts:     248000 | #Constraints:     133278
c #Conflicts:     249000 | #Constraints:     134278
c #Conflicts:     250000 | #Constraints:     135278
c #Conflicts:     251000 | #Constraints:     136278
c bounds -3362 >= -3592 @ 4748.93
c #Conflicts:     252000 | #Constraints:     137341
c #Conflicts:     253000 | #Constraints:     138341
c #Conflicts:     254000 | #Constraints:     139341
c #Conflicts:     255000 | #Constraints:     140341
c #Conflicts:     256000 | #Constraints:     141341
c #Conflicts:     257000 | #Constraints:     142341
c INPROCESSING
c GARBAGE COLLECT
c #Conflicts:     258000 | #Constraints:     114816
c #Conflicts:     259000 | #Constraints:     115816
c #Conflicts:     260000 | #Constraints:     116816
c #Conflicts:     261000 | #Constraints:     117816
c #Conflicts:     262000 | #Constraints:     118816
c #Conflicts:     263000 | #Constraints:     119816
c #Conflicts:     264000 | #Constraints:     120816
c bounds -3362 >= -3591 @ 4792.84
c #Conflicts:     265000 | #Constraints:     121900
c #Conflicts:     266000 | #Constraints:     122900
c #Conflicts:     267000 | #Constraints:     123900
c #Conflicts:     268000 | #Constraints:     124900
c #Conflicts:     269000 | #Constraints:     125900
c #Conflicts:     270000 | #Constraints:     126900
c #Conflicts:     271000 | #Constraints:     127900
c #Conflicts:     272000 | #Constraints:     128900
c bounds -3362 >= -3590 @ 4821.25
c #Conflicts:     273000 | #Constraints:     130002
c #Conflicts:     274000 | #Constraints:     131002
c #Conflicts:     275000 | #Constraints:     132002
c #Conflicts:     276000 | #Constraints:     133002
c #Conflicts:     277000 | #Constraints:     134002
c #Conflicts:     278000 | #Constraints:     135002
c #Conflicts:     279000 | #Constraints:     136002
c #Conflicts:     280000 | #Constraints:     137002
c #Conflicts:     281000 | #Constraints:     138002
c #Conflicts:     282000 | #Constraints:     139002
c #Conflicts:     283000 | #Constraints:     140002
c #Conflicts:     284000 | #Constraints:     141002
c bounds -3362 >= -3589 @ 4864.73
c #Conflicts:     285000 | #Constraints:     142080
c #Conflicts:     286000 | #Constraints:     143080
c #Conflicts:     287000 | #Constraints:     144080
c #Conflicts:     288000 | #Constraints:     145080
c #Conflicts:     289000 | #Constraints:     146080
c #Conflicts:     290000 | #Constraints:     147080
c INPROCESSING
c GARBAGE COLLECT
c #Conflicts:     291000 | #Constraints:     117244
c #Conflicts:     292000 | #Constraints:     118244
c bounds -3362 >= -3588 @ 5181.35
c #Conflicts:     293000 | #Constraints:     119424
c #Conflicts:     294000 | #Constraints:     120424
c bounds -3362 >= -3587 @ 5204.54
c #Conflicts:     295000 | #Constraints:     121550
c bounds -3362 >= -3586 @ 5225.13
c #Conflicts:     296000 | #Constraints:     122631
c #Conflicts:     297000 | #Constraints:     123631
c #Conflicts:     298000 | #Constraints:     124631
c #Conflicts:     299000 | #Constraints:     125631
c #Conflicts:     300000 | #Constraints:     126631
c #Conflicts:     301000 | #Constraints:     127631
c #Conflicts:     302000 | #Constraints:     128631
c #Conflicts:     303000 | #Constraints:     129631
c #Conflicts:     304000 | #Constraints:     130631
c #Conflicts:     305000 | #Constraints:     131631
c #Conflicts:     306000 | #Constraints:     132631
c #Conflicts:     307000 | #Constraints:     133631
c #Conflicts:     308000 | #Constraints:     134631
c #Conflicts:     309000 | #Constraints:     135631
c #Conflicts:     310000 | #Constraints:     136631
c #Conflicts:     311000 | #Constraints:     137631
c #Conflicts:     312000 | #Constraints:     138631
c #Conflicts:     313000 | #Constraints:     139631
c #Conflicts:     314000 | #Constraints:     140631
c #Conflicts:     315000 | #Constraints:     141631
c #Conflicts:     316000 | #Constraints:     142631
c #Conflicts:     317000 | #Constraints:     143631
c #Conflicts:     318000 | #Constraints:     144631
c #Conflicts:     319000 | #Constraints:     145631
c #Conflicts:     320000 | #Constraints:     146631
c #Conflicts:     321000 | #Constraints:     147631
c #Conflicts:     322000 | #Constraints:     148631
c #Conflicts:     323000 | #Constraints:     149631
c #Conflicts:     324000 | #Constraints:     150631
c #Conflicts:     325000 | #Constraints:     151631
c INPROCESSING
c GARBAGE COLLECT
c #Conflicts:     326000 | #Constraints:     119182
c #Conflicts:     327000 | #Constraints:     120182
c #Conflicts:     328000 | #Constraints:     121182
c #Conflicts:     329000 | #Constraints:     122182
c #Conflicts:     330000 | #Constraints:     123182
c #Conflicts:     331000 | #Constraints:     124182
c #Conflicts:     332000 | #Constraints:     125182
c #Conflicts:     333000 | #Constraints:     126182
c #Conflicts:     334000 | #Constraints:     127182
c #Conflicts:     335000 | #Constraints:     128182
c #Conflicts:     336000 | #Constraints:     129182
c #Conflicts:     337000 | #Constraints:     130182
c #Conflicts:     338000 | #Constraints:     131182
c bounds -3362 >= -3585 @ 6976.99
c #Conflicts:     339000 | #Constraints:     132296
c #Conflicts:     340000 | #Constraints:     133296
c #Conflicts:     341000 | #Constraints:     134296
c #Conflicts:     342000 | #Constraints:     135296
c #Conflicts:     343000 | #Constraints:     136296
c #Conflicts:     344000 | #Constraints:     137296
c #Conflicts:     345000 | #Constraints:     138296
c #Conflicts:     346000 | #Constraints:     139296
c #Conflicts:     347000 | #Constraints:     140296
c #Conflicts:     348000 | #Constraints:     141296
c bounds -3362 >= -3584 @ 7018.41
c #Conflicts:     349000 | #Constraints:     142383
c #Conflicts:     350000 | #Constraints:     143383
c #Conflicts:     351000 | #Constraints:     144383
c #Conflicts:     352000 | #Constraints:     145383
c #Conflicts:     353000 | #Constraints:     146383
c #Conflicts:     354000 | #Constraints:     147383
c #Conflicts:     355000 | #Constraints:     148383
c #Conflicts:     356000 | #Constraints:     149383
c bounds -3362 >= -3583 @ 7062.86
c #Conflicts:     357000 | #Constraints:     150440
c #Conflicts:     358000 | #Constraints:     151440
c #Conflicts:     359000 | #Constraints:     152440
c #Conflicts:     360000 | #Constraints:     153440
c #Conflicts:     361000 | #Constraints:     154440
c #Conflicts:     362000 | #Constraints:     155440
c INPROCESSING
c GARBAGE COLLECT
c #Conflicts:     363000 | #Constraints:     121586
c #Conflicts:     364000 | #Constraints:     122586
c #Conflicts:     365000 | #Constraints:     123586
c #Conflicts:     366000 | #Constraints:     124586
c #Conflicts:     367000 | #Constraints:     125586
c #Conflicts:     368000 | #Constraints:     126586
c #Conflicts:     369000 | #Constraints:     127586
c #Conflicts:     370000 | #Constraints:     128586
c #Conflicts:     371000 | #Constraints:     129586
c #Conflicts:     372000 | #Constraints:     130586
c #Conflicts:     373000 | #Constraints:     131586
c bounds -3362 >= -3582 @ 7141.4
c #Conflicts:     374000 | #Constraints:     132679
c #Conflicts:     375000 | #Constraints:     133679
c #Conflicts:     376000 | #Constraints:     134679
c #Conflicts:     377000 | #Constraints:     135679
c #Conflicts:     378000 | #Constraints:     136679
c #Conflicts:     379000 | #Constraints:     137679
c #Conflicts:     380000 | #Constraints:     138679
c #Conflicts:     381000 | #Constraints:     139679
c #Conflicts:     382000 | #Constraints:     140679
c #Conflicts:     383000 | #Constraints:     141679
c #Conflicts:     384000 | #Constraints:     142679
c bounds -3362 >= -3581 @ 7194.44
c #Conflicts:     385000 | #Constraints:     143775
c #Conflicts:     386000 | #Constraints:     144775
c #Conflicts:     387000 | #Constraints:     145775
c #Conflicts:     388000 | #Constraints:     146775
c #Conflicts:     389000 | #Constraints:     147775
c #Conflicts:     390000 | #Constraints:     148775
c bounds -3362 >= -3580 @ 7241.23
c #Conflicts:     391000 | #Constraints:     149916
c #Conflicts:     392000 | #Constraints:     150916
c bounds -3362 >= -3579 @ 7274.31
c #Conflicts:     393000 | #Constraints:     152012
c bounds -3362 >= -3578 @ 7301.27
c #Conflicts:     394000 | #Constraints:     153090
c #Conflicts:     395000 | #Constraints:     154090
c bounds -3362 >= -3577 @ 7332.63
c #Conflicts:     396000 | #Constraints:     155162
c #Conflicts:     397000 | #Constraints:     156162
c bounds -3362 >= -3576 @ 7359.13
c #Conflicts:     398000 | #Constraints:     157243
c #Conflicts:     399000 | #Constraints:     158243
c #Conflicts:     400000 | #Constraints:     159243
c #Conflicts:     401000 | #Constraints:     160243
c #Conflicts:     402000 | #Constraints:     161243
c INPROCESSING
c GARBAGE COLLECT
c #Conflicts:     403000 | #Constraints:     125168
c #Conflicts:     404000 | #Constraints:     126168
c #Conflicts:     405000 | #Constraints:     127168
c bounds -3362 >= -3575 @ 7672.9
c #Conflicts:     406000 | #Constraints:     128330
c #Conflicts:     407000 | #Constraints:     129330
c bounds -3362 >= -3574 @ 7720.49
c #Conflicts:     408000 | #Constraints:     130417
c #Conflicts:     409000 | #Constraints:     131417
c #Conflicts:     410000 | #Constraints:     132417
c #Conf