c RoundingSat 2
c branch 
c commit 
c #variables 2560 #constraints 5332
c bounds - >= -264 @ 0.022081
c bounds 0 >= -264 @ 0.022245
c Inconsistent input constraint
c cpu time 0.024235 s
c deterministic time 21175 2.12e+04
c optimization time 8.3e-05 s
c total solve time 0.002137 s
c core-guided solve time 0.00199 s
c propagation time 0.004974 s
c conflict analysis time 8.5e-05 s
c propagations 2799
c resolve steps 1
c decisions 1823
c conflicts 1
c restarts 1
c inprocessing phases 0
c input clauses 4556
c input cardinalities 777
c input general constraints 0
c input average constraint length 2.47
c input average constraint degree 1.20
c learned clauses 1
c learned cardinalities 0
c learned general constraints 0
c learned average constraint length 3.00
c learned average constraint degree 1.00
c watched constraints 0
c counting constraints 0
c gcd simplifications 0
c detected cardinalities 0
c weakened non-implied lits 1
c weakened non-implying lits 0
c original variables 2560
c clausal propagations 1111
c cardinality propagations 775
c watched propagations 0
c counting propagations 0
c watch lookups 4548
c watch backjump lookups 0
c watch checks 4092
c propagation checks 4282
c constraint additions 7
c trail pops 3623
c formula constraints 5332
c learned constraints 1
c bound constraints 1
c core-guided constraints 0
c encountered formula constraints 2
c encountered learned constraints 0
c encountered bound constraints 0
c encountered core-guided constraints 0
c LP total time 0 s
c LP solve time 0 s
c LP constraints added 0
c LP constraints removed 0
c LP pivots internal 0
c LP pivots root 0
c LP calls 0
c LP optimalities 0
c LP no pivot count 0
c LP infeasibilities 0
c LP valid Farkas constraints 0
c LP learned Farkas constraints 0
c LP basis resets 0
c LP cycling count 0
c LP singular count 0
c LP no primal count 0
c LP no farkas count 0
c LP other issue count 0
c LP Gomory cuts 0
c LP learned cuts 0
c LP deleted cuts 0
c LP encountered Gomory constraints 0
c LP encountered Farkas constraints 0
c LP encountered learned Farkas constraints 0
c CG auxiliary variables introduced 0
c CG solutions found 2
c CG cores constructed 0
c CG core cardinality constraints returned 0
c CG unit cores 0
c CG single cores 0
c CG blocks removed during cardinality reduction 0
c CG first core best 0
c CG decision core best 0
c CG core reduction tie 0
c CG core degree average 0.00
c CG core slack average 0.00
o -264
s OPTIMUM FOUND
