c RoundingSat 2
c branch 
c commit 
c #variables 15105 #constraints 18987
c bounds - >= -2535 @ 0.070464
c bounds 0 >= -2535 @ 0.083751
c bounds 0 >= -2534 @ 0.08892
c bounds 0 >= -2533 @ 0.095256
c bounds -1 >= -2533 @ 0.103511
c bounds -1 >= -2532 @ 0.110858
c bounds -1 >= -2531 @ 0.114813
c bounds -1 >= -2530 @ 0.121081
c bounds -2 >= -2530 @ 0.128165
c bounds -2 >= -2529 @ 0.131112
c bounds -2 >= -2528 @ 0.137805
c bounds -2 >= -2527 @ 0.143105
c bounds -3 >= -2527 @ 0.151035
c bounds -3 >= -2526 @ 0.156301
c bounds -3 >= -2525 @ 0.164138
c bounds -4 >= -2525 @ 0.171154
c bounds -4 >= -2524 @ 0.173234
c bounds -5 >= -2524 @ 0.17902
c bounds -5 >= -2523 @ 0.182904
c bounds -5 >= -2522 @ 0.195512
c bounds -6 >= -2522 @ 0.20217
c bounds -7 >= -2522 @ 0.210172
c bounds -7 >= -2521 @ 0.224945
c bounds -8 >= -2521 @ 0.233279
c bounds -2521 >= -2521 @ 0.254909
c cpu time 0.254914 s
c deterministic time 1601512 1.60e+06
c optimization time 0.023206 s
c total solve time 0.161524 s
c core-guided solve time 0.094115 s
c propagation time 0.093044 s
c conflict analysis time 0.003329 s
c propagations 121875
c resolve steps 1482
c decisions 164526
c conflicts 201
c restarts 2
c inprocessing phases 0
c input clauses 18447
c input cardinalities 5608
c input general constraints 29
c input average constraint length 7.83
c input average constraint degree 2.40
c learned clauses 125
c learned cardinalities 2
c learned general constraints 75
c learned average constraint length 11.23
c learned average constraint degree 152.70
c watched constraints 22
c counting constraints 82
c gcd simplifications 1
c detected cardinalities 0
c weakened non-implied lits 601
c weakened non-implying lits 0
c original variables 15105
c clausal propagations 56114
c cardinality propagations 55332
c watched propagations 101
c counting propagations 2247
c watch lookups 229190
c watch backjump lookups 15231
c watch checks 489531
c propagation checks 292064
c constraint additions 9438
c trail pops 279656
c formula constraints 18987
c learned constraints 202
c bound constraints 5024
c core-guided constraints 73
c encountered formula constraints 1231
c encountered learned constraints 277
c encountered bound constraints 0
c encountered core-guided constraints 175
c LP total time 0 s
c LP solve time 0 s
c LP constraints added 0
c LP constraints removed 0
c LP pivots internal 0
c LP pivots root 0
c LP calls 0
c LP optimalities 0
c LP no pivot count 0
c LP infeasibilities 0
c LP valid Farkas constraints 0
c LP learned Farkas constraints 0
c LP basis resets 0
c LP cycling count 0
c LP singular count 0
c LP no primal count 0
c LP no farkas count 0
c LP other issue count 0
c LP Gomory cuts 0
c LP learned cuts 0
c LP deleted cuts 0
c LP encountered Gomory constraints 0
c LP encountered Farkas constraints 0
c LP encountered learned Farkas constraints 0
c CG auxiliary variables introduced 29
c CG solutions found 10
c CG cores constructed 14
c CG core cardinality constraints returned 0
c CG unit cores 0
c CG single cores 14
c CG blocks removed during cardinality reduction 0
c CG first core best 0
c CG decision core best 0
c CG core reduction tie 0
c CG core degree average 1.00
c CG core slack average 6.07
o -2521
s OPTIMUM FOUND
