c RoundingSat 2
c branch 
c commit 
c #variables 375 #constraints 605
c bounds - >= -75 @ 0.002447
c bounds 0 >= -75 @ 0.002808
c Inconsistent input constraint
c cpu time 0.005051 s
c deterministic time 10998 1.10e+04
c optimization time 0.000124 s
c total solve time 0.002525 s
c core-guided solve time 0.002207 s
c propagation time 0.001714 s
c conflict analysis time 6.3e-05 s
c propagations 767
c resolve steps 25
c decisions 1107
c conflicts 25
c restarts 1
c inprocessing phases 0
c input clauses 455
c input cardinalities 151
c input general constraints 0
c input average constraint length 3.60
c input average constraint degree 1.37
c learned clauses 25
c learned cardinalities 0
c learned general constraints 0
c learned average constraint length 3.00
c learned average constraint degree 1.00
c watched constraints 0
c counting constraints 0
c gcd simplifications 0
c detected cardinalities 0
c weakened non-implied lits 25
c weakened non-implying lits 0
c original variables 375
c clausal propagations 300
c cardinality propagations 441
c watched propagations 0
c counting propagations 0
c watch lookups 2235
c watch backjump lookups 0
c watch checks 2313
c propagation checks 2502
c constraint additions 175
c trail pops 1898
c formula constraints 605
c learned constraints 25
c bound constraints 1
c core-guided constraints 0
c encountered formula constraints 50
