c RoundingSat 2
c branch 
c commit 
c #variables 2550 #constraints 9189
c bounds - >= -510 @ 0.028846
c bounds 0 >= -510 @ 0.029505
c bounds 0 >= -509 @ 0.030828
c bounds 0 >= -508 @ 0.032027
c bounds -1 >= -508 @ 0.033517
c bounds -1 >= -507 @ 0.035259
c bounds -1 >= -506 @ 0.037104
c bounds -2 >= -506 @ 0.03908
c bounds -2 >= -505 @ 0.041868
c bounds -3 >= -505 @ 0.044903
c bounds -3 >= -504 @ 0.046186
c bounds -3 >= -503 @ 0.046475
c bounds -4 >= -503 @ 0.047204
c bounds -4 >= -502 @ 0.04966
c bounds -5 >= -502 @ 0.051541
c bounds -5 >= -501 @ 0.05359
c bounds -6 >= -501 @ 0.055576
c bounds -6 >= -500 @ 0.058886
c bounds -7 >= -500 @ 0.060367
c bounds -8 >= -500 @ 0.060381
c bounds -9 >= -500 @ 0.061333
c bounds -10 >= -500 @ 0.063116
c bounds -11 >= -500 @ 0.064208
c bounds -11 >= -499 @ 0.072225
c bounds -12 >= -499 @ 0.074252
c bounds -13 >= -499 @ 0.075662
c bounds -14 >= -499 @ 0.077531
c bounds -15 >= -499 @ 0.079313
c bounds -16 >= -499 @ 0.080761
c bounds -17 >= -499 @ 0.083127
c bounds -18 >= -499 @ 0.083943
c bounds -19 >= -499 @ 0.085294
c bounds -20 >= -499 @ 0.086115
c bounds -20 >= -498 @ 0.100227
c bounds -21 >= -498 @ 0.101237
c bounds -22 >= -498 @ 0.101462
c bounds -23 >= -498 @ 0.103229
c bounds -24 >= -498 @ 0.103881
c bounds -25 >= -498 @ 0.104225
c bounds -26 >= -498 @ 0.104225
c bounds -27 >= -498 @ 0.104225
c bounds -28 >= -498 @ 0.105418
c bounds -29 >= -498 @ 0.107171
c bounds -30 >= -498 @ 0.108577
c bounds -31 >= -498 @ 0.110404
c bounds -32 >= -498 @ 0.111718
c bounds -33 >= -498 @ 0.113193
c bounds -34 >= -498 @ 0.113763
c bounds -35 >= -498 @ 0.114775
c bounds -36 >= -498 @ 0.117685
c bounds -36 >= -497 @ 0.145169
c bounds -37 >= -497 @ 0.147904
c bounds -38 >= -497 @ 0.14975
c bounds -39 >= -497 @ 0.151875
c bounds -40 >= -497 @ 0.1533
c bounds -41 >= -497 @ 0.155394
c bounds -42 >= -497 @ 0.157119
c bounds -43 >= -497 @ 0.159039
c bounds -44 >= -497 @ 0.159041
c bounds -45 >= -497 @ 0.161035
c bounds -46 >= -497 @ 0.161276
c bounds -47 >= -497 @ 0.163629
c bounds -48 >= -497 @ 0.165635
c bounds -49 >= -497 @ 0.166456
c bounds -50 >= -497 @ 0.168898
c bounds -51 >= -497 @ 0.171041
c bounds -52 >= -497 @ 0.172945
c bounds -53 >= -497 @ 0.173988
c bounds -54 >= -497 @ 0.175314
c bounds -55 >= -497 @ 0.177182
c bounds -56 >= -497 @ 0.17868
c bounds -57 >= -497 @ 0.18013
c bounds -58 >= -497 @ 0.182086
c bounds -59 >= -497 @ 0.183941
c bounds -60 >= -497 @ 0.186509
c bounds -61 >= -497 @ 0.188428
c bounds -62 >= -497 @ 0.190126
c bounds -63 >= -497 @ 0.192453
c bounds -64 >= -497 @ 0.193011
c bounds -65 >= -497 @ 0.195182
c bounds -66 >= -497 @ 0.196163
c bounds -67 >= -497 @ 0.197907
c bounds -68 >= -497 @ 0.199464
c bounds -69 >= -497 @ 0.200906
c bounds -70 >= -497 @ 0.202487
c bounds -71 >= -497 @ 0.205005
c bounds -72 >= -497 @ 0.20762
c bounds -73 >= -497 @ 0.20887
c bounds -74 >= -497 @ 0.210791
c bounds -75 >= -497 @ 0.212746
c bounds -76 >= -497 @ 0.214385
c bounds -76 >= -496 @ 0.227746
c bounds -77 >= -496 @ 0.229742
c bounds -78 >= -496 @ 0.229746
c bounds -79 >= -496 @ 0.230743
c bounds -80 >= -496 @ 0.232695
c bounds -81 >= -496 @ 0.234896
c bounds -82 >= -496 @ 0.237046
c bounds -83 >= -496 @ 0.23851
c bounds -84 >= -496 @ 0.239947
c bounds -85 >= -496 @ 0.2417
c bounds -86 >= -496 @ 0.242351
c bounds -87 >= -496 @ 0.242697
c bounds -88 >= -496 @ 0.244879
c bounds -89 >= -496 @ 0.24668
c bounds -90 >= -496 @ 0.248029
c bounds -91 >= -496 @ 0.250236
c bounds -92 >= -496 @ 0.251543
c bounds -93 >= -496 @ 0.253983
c bounds -94 >= -496 @ 0.255272
c bounds -95 >= -496 @ 0.257483
c #Conflicts:       1000 | #Constraints:      10428
c bounds -95 >= -495 @ 0.273589
c bounds -96 >= -495 @ 0.276842
c bounds -97 >= -495 @ 0.277917
c bounds -98 >= -495 @ 0.278854
c bounds -99 >= -495 @ 0.281316
c bounds -100 >= -495 @ 0.282517
c bounds -101 >= -495 @ 0.285819
c bounds -102 >= -495 @ 0.28765
c bounds -103 >= -495 @ 0.29011
c bounds -104 >= -495 @ 0.291923
c bounds -105 >= -495 @ 0.293002
c bounds -106 >= -495 @ 0.294735
c bounds -107 >= -495 @ 0.297771
c bounds -108 >= -495 @ 0.299632
c bounds -109 >= -495 @ 0.301744
c bounds -110 >= -495 @ 0.303596
c bounds -111 >= -495 @ 0.305716
c bounds -111 >= -494 @ 0.308071
c bounds -112 >= -494 @ 0.309459
c bounds -112 >= -493 @ 0.310457
c bounds -112 >= -492 @ 0.310457
c bounds -112 >= -491 @ 0.31171
c bounds -113 >= -491 @ 0.313445
c bounds -113 >= -490 @ 0.315189
c bounds -113 >= -489 @ 0.316972
c bounds -114 >= -489 @ 0.318314
c bounds -114 >= -488 @ 0.324407
c bounds -115 >= -488 @ 0.326396
c bounds -116 >= -488 @ 0.326984
c bounds -117 >= -488 @ 0.329049
c bounds -117 >= -487 @ 0.33352
c bounds -118 >= -487 @ 0.335507
c bounds -119 >= -487 @ 0.336819
c bounds -119 >= -486 @ 0.345651
c bounds -120 >= -486 @ 0.347794
c bounds -121 >= -486 @ 0.348856
c bounds -122 >= -486 @ 0.349311
c bounds -123 >= -486 @ 0.350622
c bounds -124 >= -486 @ 0.351304
c bounds -125 >= -486 @ 0.352299
c bounds -126 >= -486 @ 0.353972
c bounds -127 >= -486 @ 0.355966
c bounds -127 >= -485 @ 0.373238
c bounds -128 >= -485 @ 0.375176
c bounds -129 >= -485 @ 0.376173
c bounds -130 >= -485 @ 0.377225
c bounds -131 >= -485 @ 0.378483
c bounds -132 >= -485 @ 0.380392
c bounds -133 >= -485 @ 0.381155
c bounds -134 >= -485 @ 0.441081
c bounds -134 >= -484 @ 0.442039
c bounds -134 >= -483 @ 0.442995
c bounds -134 >= -482 @ 0.44392
c bounds -134 >= -481 @ 0.444455
c #Conflicts:       2000 | #Constraints:      11603
c INPROCESSING
c GARBAGE COLLECT
c bounds -134 >= -480 @ 0.460924
c bounds -134 >= -479 @ 0.463738
c bounds -134 >= -478 @ 0.463843
c bounds -134 >= -477 @ 0.465621
c bounds -134 >= -476 @ 0.466833
c bounds -134 >= -475 @ 0.469599
c bounds -134 >= -474 @ 0.470929
c bounds -134 >= -473 @ 0.473556
c bounds -134 >= -472 @ 0.477841
c bounds -134 >= -471 @ 0.484536
c bounds -134 >= -470 @ 0.490974
c bounds -134 >= -469 @ 0.503357
c bounds -135 >= -469 @ 0.506591
c bounds -136 >= -469 @ 0.509867
c bounds -137 >= -469 @ 0.513987
c bounds -138 >= -469 @ 0.515552
c bounds -139 >= -469 @ 0.518056
c bounds -140 >= -469 @ 0.549479
c bounds -140 >= -468 @ 0.549648
c bounds -140 >= -467 @ 0.550476
c bounds -140 >= -466 @ 0.551103
c bounds -140 >= -465 @ 0.551473
c bounds -140 >= -464 @ 0.552653
c bounds -140 >= -463 @ 0.554386
c bounds -140 >= -462 @ 0.562346
c bounds -140 >= -461 @ 0.562804
c bounds -140 >= -460 @ 0.56386
c bounds -140 >= -459 @ 0.56476
c bounds -140 >= -458 @ 0.568953
c bounds -141 >= -458 @ 0.580801
c bounds -141 >= -457 @ 0.58279
c bounds -141 >= -456 @ 0.588787
c #Conflicts:       3000 | #Constraints:      11641
c bounds -141 >= -455 @ 0.60041
c bounds -142 >= -455 @ 0.604909
c bounds -143 >= -455 @ 0.610332
c bounds -143 >= -454 @ 0.612004
c bounds -143 >= -453 @ 0.613246
c bounds -143 >= -452 @ 0.614243
c bounds -143 >= -451 @ 0.615592
c bounds -143 >= -450 @ 0.616236
c bounds -143 >= -449 @ 0.616613
c bounds -143 >= -448 @ 0.619954
c bounds -144 >= -448 @ 0.626968
c bounds -144 >= -447 @ 0.63436
c bounds -144 >= -446 @ 0.645781
c bounds -152 >= -446 @ 0.648166
c bounds -153 >= -446 @ 0.653559
c bounds -154 >= -446 @ 0.656253
c bounds -154 >= -445 @ 0.67574
c bounds -155 >= -445 @ 0.679013
c bounds -156 >= -445 @ 0.681761
c bounds -157 >= -445 @ 0.68446
c bounds -158 >= -445 @ 0.68711
c bounds -159 >= -445 @ 0.687976
c bounds -160 >= -445 @ 0.68945
c bounds -161 >= -445 @ 0.692738
c bounds -162 >= -445 @ 0.694951
c bounds -163 >= -445 @ 0.697243
c #Conflicts:       4000 | #Constraints:      12800
c bounds -163 >= -444 @ 0.723291
c bounds -164 >= -444 @ 0.727824
c bounds -165 >= -444 @ 0.731851
c bounds -166 >= -444 @ 0.743037
c bounds -167 >= -444 @ 0.755129
c bounds -168 >= -444 @ 0.758499
c INPROCESSING
c GARBAGE COLLECT
c bounds -169 >= -444 @ 0.770964
c bounds -170 >= -444 @ 0.77279
c bounds -171 >= -444 @ 0.775563
c bounds -172 >= -444 @ 0.777657
c bounds -172 >= -443 @ 0.79182
c bounds -173 >= -443 @ 0.797691
c bounds -174 >= -443 @ 0.799555
c bounds -175 >= -443 @ 0.801574
c bounds -176 >= -443 @ 0.803535
c bounds -177 >= -443 @ 0.804943
c bounds -178 >= -443 @ 0.806948
c bounds -179 >= -443 @ 0.814531
c bounds -179 >= -442 @ 0.815638
c bounds -179 >= -441 @ 0.817275
c bounds -179 >= -440 @ 0.818689
c bounds -179 >= -439 @ 0.820513
c bounds -179 >= -438 @ 0.82151
c bounds -179 >= -437 @ 0.822649
c bounds -179 >= -436 @ 0.824979
c bounds -179 >= -435 @ 0.827738
c bounds -179 >= -434 @ 0.832266
c bounds -179 >= -433 @ 0.838297
c bounds -180 >= -433 @ 0.841697
c bounds -181 >= -433 @ 0.845827
c bounds -181 >= -432 @ 0.846394
c bounds -181 >= -431 @ 0.86272
c bounds -182 >= -431 @ 0.864915
c bounds -183 >= -431 @ 0.865478
c bounds -184 >= -431 @ 0.868304
c bounds -185 >= -431 @ 0.873808
c bounds -186 >= -431 @ 0.875329
c #Conflicts:       5000 | #Constraints:      12246
c bounds -186 >= -430 @ 0.891278
c bounds -187 >= -430 @ 0.893088
c bounds -188 >= -430 @ 0.896064
c bounds -189 >= -430 @ 0.898994
c bounds -190 >= -430 @ 0.902668
c bounds -191 >= -430 @ 0.905924
c bounds -192 >= -430 @ 0.912585
c bounds -193 >= -430 @ 0.922688
c bounds -193 >= -429 @ 0.923176
c bounds -193 >= -428 @ 0.924173
c bounds -193 >= -427 @ 0.925171
c bounds -193 >= -426 @ 0.925171
c bounds -193 >= -425 @ 0.926167
c bounds -193 >= -424 @ 0.926354
c bounds -193 >= -423 @ 0.927374
c bounds -193 >= -422 @ 0.930371
c bounds -193 >= -421 @ 0.934883
c bounds -193 >= -420 @ 0.939026
c bounds -194 >= -420 @ 0.942776
c bounds -195 >= -420 @ 0.946105
c bounds -196 >= -420 @ 0.949091
c bounds -196 >= -419 @ 0.958833
c bounds -197 >= -419 @ 0.968097
c bounds -198 >= -419 @ 0.98751
c bounds -198 >= -418 @ 0.987997
c bounds -198 >= -417 @ 0.989491
c bounds -198 >= -416 @ 0.990915
c bounds -198 >= -415 @ 0.993222
c bounds -198 >= -414 @ 0.995067
c bounds -198 >= -413 @ 0.996725
c bounds -198 >= -412 @ 0.997397
c bounds -198 >= -411 @ 0.998087
c bounds -198 >= -410 @ 0.998927
c bounds -198 >= -409 @ 1.00359
c #Conflicts:       6000 | #Constraints:      13501
c bounds -198 >= -408 @ 1.01484
c #Conflicts:       7000 | #Constraints:      14519
c bounds -199 >= -408 @ 1.82169
c #Conflicts:       8000 | #Constraints:      15520
c bounds -199 >= -407 @ 1.88365
c bounds -199 >= -406 @ 1.968
c #Conflicts:       9000 | #Constraints:      16574
c INPROCESSING
c GARBAGE COLLECT
c bounds -199 >= -405 @ 2.09488
c bounds -199 >= -404 @ 2.11901
c #Conflicts:      10000 | #Constraints:      14110
c bounds -199 >= -403 @ 2.20805
c #Conflicts:      11000 | #Constraints:      15140
c bounds -199 >= -402 @ 2.24228
c bounds -199 >= -401 @ 2.24269
c bounds -199 >= -400 @ 2.24371
c bounds -199 >= -399 @ 2.24559
c bounds -199 >= -398 @ 2.2494
c bounds -199 >= -397 @ 2.25583
c bounds -199 >= -396 @ 2.26028
c bounds -199 >= -395 @ 2.2736
c bounds -199 >= -394 @ 2.29917
c #Conflicts:      12000 | #Constraints:      16272
c INPROCESSING
c GARBAGE COLLECT
c #Conflicts:      13000 | #Constraints:      13754
c bounds -199 >= -393 @ 2.40587
c bounds -199 >= -392 @ 2.44629
c #Conflicts:      14000 | #Constraints:      14808
c bounds -199 >= -391 @ 2.49843
c bounds -199 >= -390 @ 2.49954
c bounds -199 >= -389 @ 2.5016
c bounds -199 >= -388 @ 2.50371
c bounds -199 >= -387 @ 2.50588
c bounds -199 >= -386 @ 2.50738
c bounds -199 >= -385 @ 2.50872
c bounds -199 >= -384 @ 2.51122
c bounds -199 >= -383 @ 2.51369
c bounds -199 >= -382 @ 2.51932
c bounds -199 >= -381 @ 2.52851
c bounds -199 >= -380 @ 2.54247
c bounds -380 >= -380 @ 2.55204
c cpu time 2.55204 s
c deterministic time 88433722 8.84e+07
c optimization time 0.037676 s
c total solve time 2.4856 s
c core-guided solve time 1.16124 s
c propagation time 1.25976 s
c conflict analysis time 0.768615 s
c propagations 1740559
c resolve steps 174524
c decisions 441568
c conflicts 14671
c restarts 61
c inprocessing phases 4
c input clauses 9027
c input cardinalities 1876
c input general constraints 491
c input average constraint length 32.37
c input average constraint degree 12.62
c learned clauses 8380
c learned cardinalities 176
c learned general constraints 6117
c learned average constraint length 110.26
c learned average constraint degree 1963.48
c watched constraints 3313
c counting constraints 3295
c gcd simplifications 427
c detected cardinalities 28
c weakened non-implied lits 767697
c weakened non-implying lits 591
c original variables 2550
c clausal propagations 696974
c cardinality propagations 455180
c watched propagations 54204
c counting propagations 465447
c watch lookups 16640581
c watch backjump lookups 13564651
c watch checks 24251768
c propagation checks 24246588
c constraint additions 5351709
c trail pops 2196297
c formula constraints 9189
c learned constraints 14673
c bound constraints 799
c core-guided constraints 1406
c encountered formula constraints 118288
c encountered learned constraints 49602
c encountered bound constraints 174
c encountered core-guided constraints 21131
c LP total time 0 s
c LP solve time 0 s
c LP constraints added 0
c LP constraints removed 0
c LP pivots internal 0
c LP pivots root 0
c LP calls 0
c LP optimalities 0
c LP no pivot count 0
c LP infeasibilities 0
c LP valid Farkas constraints 0
c LP learned Farkas constraints 0
c LP basis resets 0
c LP cycling count 0
c LP singular count 0
c LP no primal count 0
c LP no farkas count 0
c LP other issue count 0
c LP Gomory cuts 0
c LP learned cuts 0
c LP deleted cuts 0
c LP encountered Gomory constraints 0
c LP encountered Farkas constraints 0
c LP encountered learned Farkas constraints 0
c CG auxiliary variables introduced 512
c CG solutions found 194
c CG cores constructed 130
c CG core cardinality constraints returned 0
c CG unit cores 0
c CG single cores 130
c CG blocks removed during cardinality reduction 0
c CG first core best 0
c CG decision core best 0
c CG core reduction tie 0
c CG core degree average 1.00
c CG core slack average 7.12
o -380
s OPTIMUM FOUND
