c RoundingSat 2
c branch 
c commit 
c #variables 9600 #constraints 13306
c bounds - >= -1717 @ 0.048755
c bounds -15 >= -1717 @ 0.05507
c bounds -15 >= -1716 @ 0.058686
c bounds -15 >= -1715 @ 0.059583
c bounds -16 >= -1715 @ 0.065043
c bounds -17 >= -1715 @ 0.073321
c bounds -17 >= -1714 @ 0.078899
c bounds -17 >= -1713 @ 0.08285
c bounds -18 >= -1713 @ 0.086094
c bounds -18 >= -1712 @ 0.087987
c bounds -18 >= -1711 @ 0.091806
c bounds -18 >= -1710 @ 0.096532
c bounds -18 >= -1709 @ 0.100771
c bounds -19 >= -1709 @ 0.111121
c bounds -19 >= -1708 @ 0.12073
c bounds -19 >= -1707 @ 0.127839
c bounds -20 >= -1707 @ 0.133174
c bounds -20 >= -1706 @ 0.136229
c bounds -20 >= -1705 @ 0.140001
c bounds -20 >= -1704 @ 0.147721
c bounds -21 >= -1704 @ 0.154349
c bounds -21 >= -1703 @ 0.162607
c bounds -22 >= -1703 @ 0.167907
c bounds -22 >= -1702 @ 0.173315
c bounds -22 >= -1701 @ 0.175598
c bounds -23 >= -1701 @ 0.181241
c bounds -23 >= -1700 @ 0.187995
c bounds -23 >= -1699 @ 0.192819
c bounds -24 >= -1699 @ 0.19769
c bounds -24 >= -1698 @ 0.20451
c bounds -25 >= -1698 @ 0.210112
c bounds -25 >= -1697 @ 0.218614
c bounds -26 >= -1697 @ 0.224944
c bounds -26 >= -1696 @ 0.236091
c bounds -26 >= -1695 @ 0.245336
c bounds -27 >= -1695 @ 0.24836
c bounds -1695 >= -1695 @ 0.261322
c cpu time 0.261322 s
c deterministic time 1401572 1.40e+06
c optimization time 0.018678 s
c total solve time 0.193996 s
c core-guided solve time 0.121699 s
c propagation time 0.105344 s
c conflict analysis time 0.001606 s
c propagations 96351
c resolve steps 742
c decisions 173892
c conflicts 131
c restarts 2
c inprocessing phases 0
c input clauses 13011
c input cardinalities 3698
c input general constraints 24
c input average constraint length 10.25
c input average constraint degree 2.79
c learned clauses 89
c learned cardinalities 0
c learned general constraints 42
c learned average constraint length 7.95
c learned average constraint degree 4.49
c watched constraints 12
c counting constraints 54
c gcd simplifications 0
c detected cardinalities 0
c weakened non-implied lits 271
c weakened non-implying lits 0
c original variables 9600
c clausal propagations 38396
c cardinality propagations 51567
c watched propagations 42
c counting propagations 1369
c watch lookups 184650
c watch backjump lookups 4853
c watch checks 426519
c propagation checks 244922
c constraint additions 4163
c trail pops 266221
c formula constraints 13306
c learned constraints 131
c bound constraints 3374
c core-guided constraints 53
c encountered formula constraints 754
c encountered learned constraints 82
c encountered bound constraints 0
c encountered core-guided constraints 37
c LP total time 0 s
c LP solve time 0 s
c LP constraints added 0
c LP constraints removed 0
c LP pivots internal 0
c LP pivots root 0
c LP calls 0
c LP optimalities 0
c LP no pivot count 0
c LP infeasibilities 0
c LP valid Farkas constraints 0
c LP learned Farkas constraints 0
c LP basis resets 0
c LP cycling count 0
c LP singular count 0
c LP no primal count 0
c LP no farkas count 0
c LP other issue count 0
c LP Gomory cuts 0
c LP learned cuts 0
c LP deleted cuts 0
c LP encountered Gomory constraints 0
c LP encountered Farkas constraints 0
c LP encountered learned Farkas constraints 0
c CG auxiliary variables introduced 25
c CG solutions found 14
c CG cores constructed 22
c CG core cardinality constraints returned 0
c CG unit cores 0
c CG single cores 22
c CG blocks removed during cardinality reduction 0
c CG first core best 0
c CG decision core best 0
c CG core reduction tie 0
c CG core degree average 1.00
c CG core slack average 4.50
o -1695
s OPTIMUM FOUND
