c RoundingSat 2
c branch 
c commit 
c #variables 13560 #constraints 25381
c bounds - >= -1291 @ 0.102424
c bounds -579 >= -1291 @ 0.181576
c bounds -579 >= -1290 @ 0.184446
c bounds -579 >= -1289 @ 0.187811
c bounds -579 >= -1288 @ 0.190531
c bounds -579 >= -1287 @ 0.196288
c bounds -579 >= -1286 @ 0.200156
c bounds -579 >= -1285 @ 0.203594
c bounds -579 >= -1284 @ 0.210501
c bounds -579 >= -1283 @ 0.213329
c bounds -579 >= -1282 @ 0.218566
c bounds -579 >= -1281 @ 0.223075
c bounds -579 >= -1280 @ 0.224883
c bounds -579 >= -1279 @ 0.228048
c bounds -579 >= -1278 @ 0.238955
c bounds -579 >= -1277 @ 0.244774
c bounds -579 >= -1276 @ 0.247334
c bounds -579 >= -1275 @ 0.250975
c bounds -579 >= -1274 @ 0.252426
c bounds -579 >= -1273 @ 0.257562
c bounds -579 >= -1272 @ 0.2602
c bounds -579 >= -1271 @ 0.262925
c bounds -579 >= -1270 @ 0.267392
c bounds -579 >= -1269 @ 0.270965
c bounds -579 >= -1268 @ 0.272891
c bounds -579 >= -1267 @ 0.276099
c bounds -579 >= -1266 @ 0.27886
c bounds -579 >= -1265 @ 0.283105
c bounds -579 >= -1264 @ 0.286836
c bounds -579 >= -1263 @ 0.290111
c bounds -579 >= -1262 @ 0.294665
c bounds -579 >= -1261 @ 0.304141
c bounds -579 >= -1260 @ 0.308686
c bounds -579 >= -1259 @ 0.313017
c bounds -579 >= -1258 @ 0.317739
c bounds -579 >= -1257 @ 0.319774
c bounds -579 >= -1256 @ 0.323106
c bounds -579 >= -1255 @ 0.326451
c bounds -579 >= -1254 @ 0.32978
c bounds -579 >= -1253 @ 0.334105
c bounds -579 >= -1252 @ 0.339427
c bounds -579 >= -1251 @ 0.340658
c bounds -579 >= -1250 @ 0.347512
c bounds -579 >= -1249 @ 0.354155
c bounds -579 >= -1248 @ 0.360413
c bounds -579 >= -1247 @ 0.36513
c bounds -579 >= -1246 @ 0.370955
c bounds -580 >= -1246 @ 0.381986
c bounds -580 >= -1245 @ 0.387429
c bounds -580 >= -1244 @ 0.392493
c bounds -581 >= -1244 @ 0.453526
c bounds -581 >= -1243 @ 0.455344
c bounds -581 >= -1242 @ 0.458641
c bounds -581 >= -1241 @ 0.462074
c bounds -581 >= -1240 @ 0.463527
c bounds -581 >= -1239 @ 0.467296
c bounds -586 >= -1239 @ 0.588231
c bounds -586 >= -1238 @ 0.594725
c bounds -586 >= -1237 @ 0.598059
c bounds -586 >= -1236 @ 0.601617
c bounds -586 >= -1235 @ 0.608677
c #Conflicts:       1000 | #Constraints:      26622
c bounds -586 >= -1234 @ 0.61186
c bounds -586 >= -1233 @ 0.626882
c bounds -586 >= -1232 @ 0.659104
c bounds -587 >= -1232 @ 0.68091
c bounds -589 >= -1232 @ 0.693917
c bounds -591 >= -1232 @ 0.698656
c bounds -593 >= -1232 @ 0.703883
c bounds -595 >= -1232 @ 0.754237
c bounds -597 >= -1232 @ 0.789865
c bounds -597 >= -1231 @ 0.79517
c bounds -597 >= -1230 @ 0.797878
c bounds -597 >= -1229 @ 0.801255
c bounds -599 >= -1229 @ 0.808395
c bounds -599 >= -1228 @ 0.810787
c bounds -599 >= -1227 @ 0.814354
c bounds -601 >= -1227 @ 0.82087
c bounds -601 >= -1226 @ 0.824478
c bounds -601 >= -1225 @ 0.830338
c bounds -604 >= -1225 @ 0.894361
c bounds -604 >= -1224 @ 0.899939
c bounds -604 >= -1223 @ 0.904363
c bounds -604 >= -1222 @ 0.907308
c #Conflicts:       2000 | #Constraints:      27736
c INPROCESSING
c GARBAGE COLLECT
c bounds -604 >= -1221 @ 0.925854
c bounds -604 >= -1220 @ 0.934473
c bounds -604 >= -1219 @ 0.955874
c bounds -604 >= -1218 @ 1.0164
c #Conflicts:       3000 | #Constraints:      22049
c bounds -608 >= -1218 @ 1.05942
c bounds -612 >= -1218 @ 1.08333
c bounds -616 >= -1218 @ 1.11559
c bounds -620 >= -1218 @ 1.12457
c bounds -622 >= -1218 @ 1.13572
c bounds -625 >= -1218 @ 1.14074
c bounds -625 >= -1217 @ 1.18296
c bounds -628 >= -1217 @ 1.1893
c bounds -632 >= -1217 @ 1.19594
c bounds -633 >= -1217 @ 1.20132
c bounds -636 >= -1217 @ 1.20858
c bounds -639 >= -1217 @ 1.21879
c bounds -643 >= -1217 @ 1.22383
c bounds -648 >= -1217 @ 1.23002
c bounds -649 >= -1217 @ 1.23788
c bounds -651 >= -1217 @ 1.24441
c bounds -654 >= -1217 @ 1.27049
c bounds -655 >= -1217 @ 1.27439
c bounds -657 >= -1217 @ 1.32435
c #Conflicts:       4000 | #Constraints:      23085
c bounds -657 >= -1216 @ 1.42678
c bounds -659 >= -1216 @ 1.49114
c bounds -661 >= -1216 @ 1.57585
c bounds -665 >= -1216 @ 1.61599
c bounds -669 >= -1216 @ 1.62249
c bounds -670 >= -1216 @ 1.62966
c bounds -671 >= -1216 @ 1.64883
c bounds -672 >= -1216 @ 1.80641
c bounds -674 >= -1216 @ 1.85129
c bounds -676 >= -1216 @ 1.90176
c bounds -678 >= -1216 @ 1.95986
c bounds -679 >= -1216 @ 1.97068
c bounds -680 >= -1216 @ 2.05354
c bounds -680 >= -1215 @ 2.05913
c bounds -680 >= -1214 @ 2.06377
c bounds -680 >= -1213 @ 2.07684
c bounds -683 >= -1213 @ 2.18166
c bounds -683 >= -1212 @ 2.18845
c bounds -683 >= -1211 @ 2.19225
c bounds -683 >= -1210 @ 2.19401
c bounds -683 >= -1209 @ 2.19777
c bounds -683 >= -1208 @ 2.20051
c bounds -683 >= -1207 @ 2.20408
c #Conflicts:       5000 | #Constraints:      24173
c bounds -683 >= -1206 @ 2.20907
c bounds -683 >= -1205 @ 2.21006
c bounds -683 >= -1204 @ 2.21481
c bounds -683 >= -1203 @ 2.22382
c bounds -683 >= -1202 @ 2.22957
c bounds -684 >= -1202 @ 2.26026
c bounds -684 >= -1201 @ 2.27397
c bounds -686 >= -1201 @ 2.47191
c bounds -686 >= -1200 @ 2.47598
c bounds -686 >= -1199 @ 2.51124
c bounds -688 >= -1199 @ 2.62961
c bounds -690 >= -1199 @ 2.72198
c #Conflicts:       6000 | #Constraints:      25231
c INPROCESSING
c GARBAGE COLLECT
c bounds -691 >= -1199 @ 2.80541
c bounds -693 >= -1199 @ 2.83289
c #Conflicts:       7000 | #Constraints:      23716
c bounds -695 >= -1199 @ 4.33877
c bounds -695 >= -1198 @ 4.34532
c bounds -695 >= -1197 @ 4.34871
c bounds -695 >= -1196 @ 4.35343
c bounds -695 >= -1195 @ 4.35646
c bounds -695 >= -1194 @ 4.36406
c bounds -695 >= -1193 @ 4.37211
c bounds -695 >= -1192 @ 4.38523
c bounds -695 >= -1191 @ 4.41369
c #Conflicts:       8000 | #Constraints:      24804
c bounds -695 >= -1190 @ 4.47262
c bounds -695 >= -1189 @ 4.59057
c #Conflicts:       9000 | #Constraints:      25861
c INPROCESSING
c GARBAGE COLLECT
c bounds -701 >= -1189 @ 4.86914
c bounds -702 >= -1189 @ 5.72786
c #Conflicts:      10000 | #Constraints:      23944
c bounds -703 >= -1189 @ 7.13905
c bounds -703 >= -1188 @ 7.14292
c bounds -703 >= -1187 @ 7.14653
c bounds -703 >= -1186 @ 7.15102
c #Conflicts:      11000 | #Constraints:      24972
c bounds -703 >= -1185 @ 7.15937
c bounds -703 >= -1184 @ 7.19684
c bounds -703 >= -1183 @ 7.24607
c #Conflicts:      12000 | #Constraints:      26023
c bounds -703 >= -1182 @ 7.39647
c bounds -704 >= -1182 @ 7.92546
c bounds -704 >= -1181 @ 7.93272
c #Conflicts:      13000 | #Constraints:      27051
c bounds -704 >= -1180 @ 7.94671
c #Conflicts:      14000 | #Constraints:      28066
c bounds -704 >= -1179 @ 8.398
c #Conflicts:      15000 | #Constraints:      29096
c #Conflicts:      16000 | #Constraints:      30096
c bounds -707 >= -1179 @ 10.8859
c INPROCESSING
c GARBAGE COLLECT
c #Conflicts:      17000 | #Constraints:      26258
c bounds -708 >= -1179 @ 12.9062
c #Conflicts:      18000 | #Constraints:      27259
c bounds -708 >= -1178 @ 13.1262
c bounds -709 >= -1178 @ 13.3033
c #Conflicts:      19000 | #Constraints:      28293
c bounds -709 >= -1177 @ 13.6578
c #Conflicts:      20000 | #Constraints:      29314
c bounds -710 >= -1177 @ 15.2879
c bounds -711 >= -1177 @ 16.5481
c #Conflicts:      21000 | #Constraints:      30316
c INPROCESSING
c GARBAGE COLLECT
c bounds -711 >= -1176 @ 16.5782
c bounds -711 >= -1175 @ 16.5826
c bounds -711 >= -1174 @ 16.5932
c bounds -711 >= -1173 @ 16.6299
c bounds -711 >= -1172 @ 16.7005
c #Conflicts:      22000 | #Constraints:      26539
c bounds -711 >= -1171 @ 16.7345
c bounds -712 >= -1171 @ 17.1021
c bounds -712 >= -1170 @ 17.1207
c bounds -712 >= -1169 @ 17.1233
c bounds -712 >= -1168 @ 17.1277
c bounds -712 >= -1167 @ 17.1346
c #Conflicts:      23000 | #Constraints:      27591
c bounds -712 >= -1166 @ 17.1556
c bounds -712 >= -1165 @ 17.1907
c bounds -712 >= -1164 @ 17.2104
c bounds -712 >= -1163 @ 17.215
c #Conflicts:      24000 | #Constraints:      28636
c #Conflicts:      25000 | #Constraints:      29636
c bounds -712 >= -1162 @ 17.605
c bounds -713 >= -1162 @ 17.664
c bounds -714 >= -1162 @ 18.2384
c bounds -715 >= -1162 @ 18.6037
c #Conflicts:      26000 | #Constraints:      30693
c #Conflicts:      27000 | #Constraints:      31693
c bounds -716 >= -1162 @ 22.0468
c bounds -716 >= -1161 @ 22.1045
c #Conflicts:      28000 | #Constraints:      32703
c bounds -716 >= -1160 @ 22.3446
c bounds -716 >= -1159 @ 22.4521
c bounds -717 >= -1159 @ 22.961
c bounds -717 >= -1158 @ 22.9683
c bounds -717 >= -1157 @ 22.9734
c bounds -717 >= -1156 @ 22.9796
c bounds -717 >= -1155 @ 23.0024
c #Conflicts:      29000 | #Constraints:      33797
c bounds -718 >= -1155 @ 23.208
c bounds -718 >= -1154 @ 23.2218
c bounds -718 >= -1153 @ 23.2308
c bounds -718 >= -1152 @ 23.306
c #Conflicts:      30000 | #Constraints:      34837
c #Conflicts:      31000 | #Constraints:      35837
c bounds -719 >= -1152 @ 25.0085
c bounds -719 >= -1151 @ 25.0157
c bounds -719 >= -1150 @ 25.0177
c INPROCESSING
c GARBAGE COLLECT
c #Conflicts:      32000 | #Constraints:      29339
c bounds -719 >= -1149 @ 25.3237
c bounds -719 >= -1148 @ 25.3386
c bounds -719 >= -1147 @ 25.3545
c bounds -719 >= -1146 @ 25.4023
c bounds -719 >= -1145 @ 25.4929
c #Conflicts:      33000 | #Constraints:      30435
c bounds -719 >= -1144 @ 25.5499
c bounds -719 >= -1143 @ 25.7527
c #Conflicts:      34000 | #Constraints:      31477
c bounds -720 >= -1143 @ 25.9944
c bounds -721 >= -1143 @ 26.0095
c bounds -722 >= -1143 @ 26.4909
c bounds -723 >= -1143 @ 27.0454
c #Conflicts:      35000 | #Constraints:      32481
c bounds -723 >= -1142 @ 27.2777
c bounds -724 >= -1142 @ 27.6134
c #Conflicts:      36000 | #Constraints:      33509
c bounds -725 >= -1142 @ 28.6816
c #Conflicts:      37000 | #Constraints:      34510
c #Conflicts:      38000 | #Constraints:      35510
c bounds -725 >= -1141 @ 29.2475
c #Conflicts:      39000 | #Constraints:      36520
c bounds -726 >= -1141 @ 32.5553
c bounds -726 >= -1140 @ 32.5568
c bounds -726 >= -1139 @ 32.5586
c bounds -726 >= -1138 @ 32.5636
c bounds -726 >= -1137 @ 32.5756
c bounds -726 >= -1136 @ 32.5938
c #Conflicts:      40000 | #Constraints:      37563
c bounds -726 >= -1135 @ 32.8859
c #Conflicts:      41000 | #Constraints:      38569
c bounds -726 >= -1134 @ 33.4873
c bounds -727 >= -1134 @ 34.1116
c #Conflicts:      42000 | #Constraints:      39618
c bounds -728 >= -1134 @ 34.9687
c bounds -728 >= -1133 @ 34.9732
c bounds -728 >= -1132 @ 34.9781
c bounds -728 >= -1131 @ 34.9964
c bounds -728 >= -1130 @ 35.0058
c bounds -728 >= -1129 @ 35.0155
c #Conflicts:      43000 | #Constraints:      40676
c bounds -728 >= -1128 @ 35.1761
c INPROCESSING
c GARBAGE COLLECT
c #Conflicts:      44000 | #Constraints:      31801
c bounds -729 >= -1128 @ 36.2627
c bounds -729 >= -1127 @ 36.2665
c bounds -729 >= -1126 @ 36.2681
c bounds -729 >= -1125 @ 36.272
c #Conflicts:      45000 | #Constraints:      32832
c bounds -729 >= -1124 @ 36.2996
c bounds -729 >= -1123 @ 36.4541
c #Conflicts:      46000 | #Constraints:      33883
c #Conflicts:      47000 | #Constraints:      34883
c bounds -729 >= -1122 @ 37.2065
c #Conflicts:      48000 | #Constraints:      35922
c bounds -732 >= -1122 @ 37.5285
c bounds -733 >= -1122 @ 39.2136
c bounds -734 >= -1122 @ 39.2987
c bounds -735 >= -1122 @ 39.321
c bounds -736 >= -1122 @ 39.3889
c #Conflicts:      49000 | #Constraints:      36927
c bounds -737 >= -1122 @ 40.265
c bounds -738 >= -1122 @ 41.2256
c #Conflicts:      50000 | #Constraints:      37929
c #Conflicts:      51000 | #Constraints:      38929
c #Conflicts:      52000 | #Constraints:      39929
c #Conflicts:      53000 | #Constraints:      40929
c #Conflicts:      54000 | #Constraints:      41929
c bounds -738 >= -1121 @ 45.0457
c #Conflicts:      55000 | #Constraints:      42989
c #Conflicts:      56000 | #Constraints:      43989
c bounds -739 >= -1121 @ 50.9857
c #Conflicts:      57000 | #Constraints:      44990
c INPROCESSING
c GARBAGE COLLECT
c #Conflicts:      58000 | #Constraints:      34214
c #Conflicts:      59000 | #Constraints:      35214
c #Conflicts:      60000 | #Constraints:      36214
c #Conflicts:      61000 | #Constraints:      37214
c #Conflicts:      62000 | #Constraints:      38214
c #Conflicts:      63000 | #Constraints:      39214
c #Conflicts:      64000 | #Constraints:      40214
c #Conflicts:      65000 | #Constraints:      41214
c #Conflicts:      66000 | #Constraints:      42214
c #Conflicts:      67000 | #Constraints:      43214
c bounds -740 >= -1121 @ 87.4189
c bounds -740 >= -1120 @ 87.4901
c bounds -740 >= -1119 @ 87.517
c bounds -740 >= -1118 @ 87.5509
c #Conflicts:      68000 | #Constraints:      44242
c bounds -740 >= -1117 @ 87.8883
c #Conflicts:      69000 | #Constraints:      45269
c bounds -740 >= -1116 @ 88.2604
c #Conflicts:      70000 | #Constraints:      46281
c #Conflicts:      71000 | #Constraints:      47281
c #Conflicts:      72000 | #Constraints:      48281
c bounds -740 >= -1115 @ 89.8241
c #Conflicts:      73000 | #Constraints:      49323
c INPROCESSING
c GARBAGE COLLECT
c bounds -740 >= -1114 @ 90.9641
c #Conflicts:      74000 | #Constraints:      36098
c bounds -740 >= -1113 @ 91.0635
c #Conflicts:      75000 | #Constraints:      37113
c #Conflicts:      76000 | #Constraints:      38113
c bounds -740 >= -1112 @ 92.1066
c #Conflicts:      77000 | #Constraints:      39131
c #Conflicts:      78000 | #Constraints:      40131
c #Conflicts:      79000 | #Constraints:      41131
c #Conflicts:      80000 | #Constraints:      42131
c #Conflicts:      81000 | #Constraints:      43131
c #Conflicts:      82000 | #Constraints:      44131
c bounds -740 >= -1111 @ 95.866
c #Conflicts:      83000 | #Constraints:      45173
c #Conflicts:      84000 | #Constraints:      46173
c bounds -740 >= -1110 @ 96.9686
c #Conflicts:      85000 | #Constraints:      47209
c bounds -740 >= -1109 @ 97.0754
c bounds -740 >= -1108 @ 97.1758
c #Conflicts:      86000 | #Constraints:      48239
c #Conflicts:      87000 | #Constraints:      49239
c bounds -740 >= -1107 @ 97.7238
c #Conflicts:      88000 | #Constraints:      50248
c bounds -740 >= -1106 @ 97.8893
c #Conflicts:      89000 | #Constraints:      51287
c bounds -740 >= -1105 @ 98.5343
c bounds -740 >= -1104 @ 98.548
c bounds -740 >= -1103 @ 98.5779
c #Conflicts:      90000 | #Constraints:      52332
c bounds -740 >= -1102 @ 98.6349
c #Conflicts:      91000 | #Constraints:      53374
c bounds -740 >= -1101 @ 98.9107
c #Conflicts:      92000 | #Constraints:      54383
c INPROCESSING
c GARBAGE COLLECT
c bounds -740 >= -1100 @ 99.5519
c bounds -740 >= -1099 @ 99.5899
c #Conflicts:      93000 | #Constraints:      39189
c #Conflicts:      94000 | #Constraints:      40189
c bounds -740 >= -1098 @ 100.701
c #Conflicts:      95000 | #Constraints:      41207
c #Conflicts:      96000 | #Constraints:      42207
c bounds -740 >= -1097 @ 101.72
c #Conflicts:      97000 | #Constraints:      43252
c #Conflicts:      98000 | #Constraints:      44252
c #Conflicts:      99000 | #Constraints:      45252
c #Conflicts:     100000 | #Constraints:      46252
c #Conflicts:     101000 | #Constraints:      47252
c #Conflicts:     102000 | #Constraints:      48252
c #Conflicts:     103000 | #Constraints:      49252
c bounds -740 >= -1096 @ 108.02
c #Conflicts:     104000 | #Constraints:      50261
c #Conflicts:     105000 | #Constraints:      51261
c #Conflicts:     106000 | #Constraints:      52261
c #Conflicts:     107000 | #Constraints:      53261
c #Conflicts:     108000 | #Constraints:      54261
c #Conflicts:     109000 | #Constraints:      55261
c #Conflicts:     110000 | #Constraints:      56261
c #Conflicts:     111000 | #Constraints:      57261
c bounds -741 >= -1096 @ 135.715
c #Conflicts:     112000 | #Constraints:      58262
c INPROCESSING
c GARBAGE COLLECT
c #Conflicts:     113000 | #Constraints:      41102
c #Conflicts:     114000 | #Constraints:      42102
c #Conflicts:     115000 | #Constraints:      43102
c #Conflicts:     116000 | #Constraints:      44102
c #Conflicts:     117000 | #Constraints:      45102
c #Conflicts:     118000 | #Constraints:      46102
c #Conflicts:     119000 | #Constraints:      47102
c #Conflicts:     120000 | #Constraints:      48102
c #Conflicts:     121000 | #Constraints:      49102
c #Conflicts:     122000 | #Constraints:      50102
c #Conflicts:     123000 | #Constraints:      51102
c #Conflicts:     124000 | #Constraints:      52102
c #Conflicts:     125000 | #Constraints:      53102
c #Conflicts:     126000 | #Constraints:      54102
c #Conflicts:     127000 | #Constraints:      55102
c bounds -741 >= -1095 @ 162.505
c #Conflicts:     128000 | #Constraints:      56225
c #Conflicts:     129000 | #Constraints:      57225
c #Conflicts:     130000 | #Constraints:      58225
c bounds -742 >= -1095 @ 169.971
c #Conflicts:     131000 | #Constraints:      59226
c #Conflicts:     132000 | #Constraints:      60226
c #Conflicts:     133000 | #Constraints:      61226
c #Conflicts:     134000 | #Constraints:      62226
c INPROCESSING
c GARBAGE COLLECT
c #Conflicts:     135000 | #Constraints:      43227
c #Conflicts:     136000 | #Constraints:      44227
c #Conflicts:     137000 | #Constraints:      45227
c #Conflicts:     138000 | #Constraints:      46227
c #Conflicts:     139000 | #Constraints:      47227
c #Conflicts:     140000 | #Constraints:      48227
c #Conflicts:     141000 | #Constraints:      49227
c #Conflicts:     142000 | #Constraints:      50227
c #Conflicts:     143000 | #Constraints:      51227
c #Conflicts:     144000 | #Constraints:      52227
c #Conflicts:     145000 | #Constraints:      53227
c #Conflicts:     146000 | #Constraints:      54227
c #Conflicts:     147000 | #Constraints:      55227
c #Conflicts:     148000 | #Constraints:      56227
c #Conflicts:     149000 | #Constraints:      57227
c #Conflicts:     150000 | #Constraints:      58227
c #Conflicts:     151000 | #Constraints:      59227
c #Conflicts:     152000 | #Constraints:      60227
c #Conflicts:     153000 | #Constraints:      61227
c #Conflicts:     154000 | #Constraints:      62227
c #Conflicts:     155000 | #Constraints:      63227
c #Conflicts:     156000 | #Constraints:      64227
c #Conflicts:     157000 | #Constraints:      65227
c #Conflicts:     158000 | #Constraints:      66227
c INPROCESSING
c GARBAGE COLLECT
c bounds -742 >= -1094 @ 329.064
c bounds -742 >= -1093 @ 329.174
c #Conflicts:     159000 | #Constraints:      45234
c #Conflicts:     160000 | #Constraints:      46234
c #Conflicts:     161000 | #Constraints:      47234
c #Conflicts:     162000 | #Constraints:      48234
c #Conflicts:     163000 | #Constraints:      49234
c #Conflicts:     164000 | #Constraints:      50234
c #Conflicts:     165000 | #Constraints:      51234
c #Conflicts:     166000 | #Constraints:      52234
c #Conflicts:     167000 | #Constraints:      53234
c #Conflicts:     168000 | #Constraints:      54234
c #Conflicts:     169000 | #Constraints:      55234
c #Conflicts:     170000 | #Constraints:      56234
c bounds -742 >= -1092 @ 352.783
c #Conflicts:     171000 | #Constraints:      57270
c #Conflicts:     172000 | #Constraints:      58270
c INPROCESSING
c GARBAGE COLLECT
c #Conflicts:     173000 | #Constraints:      45393
c #Conflicts:     174000 | #Constraints:      46393
c #Conflicts:     175000 | #Constraints:      47393
c #Conflicts:     176000 | #Constraints:      48393
c #Conflicts:     177000 | #Constraints:      49393
c #Conflicts:     178000 | #Constraints:      50393
c #Conflicts:     179000 | #Constraints:      51393
c #Conflicts:     180000 | #Constraints:      52393
c #Conflicts:     181000 | #Constraints:      53393
c #Conflicts:     182000 | #Constraints:      54393
c #Conflicts:     183000 | #Constraints:      55393
c #Conflicts:     184000 | #Constraints:      56393
c #Conflicts:     185000 | #Constraints:      57393
c #Conflicts:     186000 | #Constraints:      58393
c #Conflicts:     187000 | #Constraints:      59393
c #Conflicts:     188000 | #Constraints:      60393
c bounds -742 >= -1091 @ 401.225
c #Conflicts:     189000 | #Constraints:      61450
c #Conflicts:     190000 | #Constraints:      62450
c #Conflicts:     191000 | #Constraints:      63450
c #Conflicts:     192000 | #Constraints:      64450
c #Conflicts:     193000 | #Constraints:      65450
c #Conflicts:     194000 | #Constraints:      66450
c #Conflicts:     195000 | #Constraints:      67450
c #Conflicts:     196000 | #Constraints:      68450
c #Conflicts:     197000 | #Constraints:      69450
c #Conflicts:     198000 | #Constraints:      70450
c #Conflicts:     199000 | #Constraints:      71450
c INPROCESSING
c GARBAGE COLLECT
c #Conflicts:     200000 | #Constraints:      49513
c #Conflicts:     201000 | #Constraints:      50513
c #Conflicts:     202000 | #Constraints:      51513
c #Conflicts:     203000 | #Constraints:      52513
c #Conflicts:     204000 | #Constraints:      53513
c #Conflicts:     205000 | #Constraints:      54513
c #Conflicts:     206000 | #Constraints:      55513
c #Conflicts:     207000 | #Constraints:      56513
c #Conflicts:     208000 | #Constraints:      57513
c #Conflicts:     209000 | #Constraints:      58513
c #Conflicts:     210000 | #Constraints:      59513
c #Conflicts:     211000 | #Constraints:      60513
c #Conflicts:     212000 | #Constraints:      61513
c #Conflicts:     213000 | #Constraints:      62513
c #Conflicts:     214000 | #Constraints:      63513
c #Conflicts:     215000 | #Constraints:      64513
c #Conflicts:     216000 | #Constraints:      65513
c #Conflicts:     217000 | #Constraints:      66513
c #Conflicts:     218000 | #Constraints:      67513
c #Conflicts:     219000 | #Constraints:      68513
c #Conflicts:     220000 | #Constraints:      69513
c #Conflicts:     221000 | #Constraints:      70513
c #Conflicts:     222000 | #Constraints:      71513
c #Conflicts:     223000 | #Constraints:      72513
c #Conflicts:     224000 | #Constraints:      73513
c #Conflicts:     225000 | #Constraints:      74513
c #Conflicts:     226000 | #Constraints:      75513
c #Conflicts:     227000 | #Constraints:      76513
c #Conflicts:     228000 | #Constraints:      77513
c INPROCESSING
c GARBAGE COLLECT
c #Conflicts:     229000 | #Constraints:      50789
c #Conflicts:     230000 | #Constraints:      51789
c #Conflicts:     231000 | #Constraints:      52789
c #Conflicts:     232000 | #Constraints:      53789
c #Conflicts:     233000 | #Constraints:      54789
c #Conflicts:     234000 | #Constraints:      55789
c #Conflicts:     235000 | #Constraints:      56789
c #Conflicts:     236000 | #Constraints:      57789
c #Conflicts:     237000 | #Constraints:      58789
c #Conflicts:     238000 | #Constraints:      59789
c #Conflicts:     239000 | #Constraints:      60789
c #Conflicts:     240000 | #Constraints:      61789
c #Conflicts:     241000 | #Constraints:      62789
c #Conflicts:     242000 | #Constraints:      63789
c #Conflicts:     243000 | #Constraints:      64789
c #Conflicts:     244000 | #Constraints:      65789
c INPROCESSING
c GARBAGE COLLECT
c #Conflicts:     245000 | #Constraints:      52036
c #Conflicts:     246000 | #Constraints:      53036
c #Conflicts:     247000 | #Constraints:      54036
c #Conflicts:     248000 | #Constraints:      55036
c #Conflicts:     249000 | #Constraints:      56036
c #Conflicts:     250000 | #Constraints:      57036
c #Conflicts:     251000 | #Constraints:      58036
c #Conflicts:     252000 | #Constraints:      59036
c #Conflicts:     253000 | #Constraints:      60036
c #Conflicts:     254000 | #Constraints:      61036
c #Conflicts:     255000 | #Constraints:      62036
c #Conflicts:     256000 | #Constraints:      63036
c #Conflicts:     257000 | #Constraints:      64036
c #Conflicts:     258000 | #Constraints:      65036
c #Conflicts:     259000 | #Constraints:      66036
c bounds -742 >= -1090 @ 791.727
c #Conflicts:     260000 | #Constraints:      67093
c #Conflicts:     261000 | #Constraints:      68093
c #Conflicts:     262000 | #Constraints:      69093
c #Conflicts:     263000 | #Constraints:      70093
c #Conflicts:     264000 | #Constraints:      71093
c #Conflicts:     265000 | #Constraints:      72093
c #Conflicts:     266000 | #Constraints:      73093
c #Conflicts:     267000 | #Constraints:      74093
c #Conflicts:     268000 | #Constraints:      75093
c #Conflicts:     269000 | #Constraints:      76093
c #Conflicts:     270000 | #Constraints:      77093
c #Conflicts:     271000 | #Constraints:      78093
c #Conflicts:     272000 | #Constraints:      79093
c #Conflicts:     273000 | #Constraints:      80093
c #Conflicts:     274000 | #Constraints:      81093
c #Conflicts:     275000 | #Constraints:      82093
c #Conflicts:     276000 | #Constraints:      83093
c #Conflicts:     277000 | #Constraints:      84093
c INPROCESSING
c GARBAGE COLLECT
c #Conflicts:     278000 | #Constraints:      56229
c #Conflicts:     279000 | #Constraints:      57229
c #Conflicts:     280000 | #Constraints:      58229
c #Conflicts:     281000 | #Constraints:      59229
c #Conflicts:     282000 | #Constraints:      60229
c #Conflicts:     283000 | #Constraints:      61229
c #Conflicts:     284000 | #Constraints:      62229
c #Conflicts:     285000 | #Constraints:      63229
c #Conflicts:     286000 | #Constraints:      64229
c #Conflicts:     287000 | #Constraints:      65229
c #Conflicts:     288000 | #Constraints:      66229
c #Conflicts:     289000 | #Constraints:      67229
c #Conflicts:     290000 | #Constraints:      68229
c #Conflicts:     291000 | #Constraints:      69229
c #Conflicts:     292000 | #Constraints:      70229
c #Conflicts:     293000 | #Constraints:      71229
c #Conflicts:     294000 | #Constraints:      72229
c #Conflicts:     295000 | #Constraints:      73229
c #Conflicts:     296000 | #Constraints:      74229
c #Conflicts:     297000 | #Constraints:      75229
c #Conflicts:     298000 | #Constraints:      76229
c #Conflicts:     299000 | #Constraints:      77229
c #Conflicts:     300000 | #Constraints:      78229
c #Conflicts:     301000 | #Constraints:      79229
c #Conflicts:     302000 | #Constraints:      80229
c #Conflicts:     303000 | #Constraints:      81229
c #Conflicts:     304000 | #Constraints:      82229
c #Conflicts:     305000 | #Constraints:      83229
c #Conflicts:     306000 | #Constraints:      84229
c #Conflicts:     307000 | #Constraints:      85229
c #Conflicts:     308000 | #Constraints:      86229
c #Conflicts:     309000 | #Constraints:      87229
c #Conflicts:     310000 | #Constraints:      88229
c #Conflicts:     311000 | #Constraints:      89229
c INPROCESSING
c GARBAGE COLLECT
c #Conflicts:     312000 | #Constraints:      56759
c #Conflicts:     313000 | #Constraints:      57759
c #Conflicts:     314000 | #Constraints:      58759
c bounds -742 >= -1089 @ 1237.52
c #Conflicts:     315000 | #Constraints:      59795
c #Conflicts:     316000 | #Constraints:      60795
c #Conflicts:     317000 | #Constraints:      61795
c #Conflicts:     318000 | #Constraints:      62795
c #Conflicts:     319000 | #Constraints:      63795
c #Conflicts:     320000 | #Constraints:      64795
c #Conflicts:     321000 | #Constraints:      65795
c #Conflicts:     322000 | #Constraints:      66795
c #Conflicts:     323000 | #Constraints:      67795
c #Conflicts:     324000 | #Constraints:      68795
c #Conflicts:     325000 | #Constraints:      69795
c bounds -742 >= -1088 @ 1295.25
c #Conflicts:     326000 | #Constraints:      70831
c #Conflicts:     327000 | #Constraints:      71831
c #Conflicts:     328000 | #Constraints:      72831
c #Conflicts:     329000 | #Constraints:      73831
c #Conflicts:     330000 | #Constraints:      74831
c INPROCESSING
c GARBAGE COLLECT
c #Conflicts:     331000 | #Constraints:      59072
c #Conflicts:     332000 | #Constraints:      60072
c #Conflicts:     333000 | #Constraints:      61072
c #Conflicts:     334000 | #Constraints:      62072
c #Conflicts:     335000 | #Constraints:      63072
c #Conflicts:     336000 | #Constraints:      64072
c #Conflicts:     337000 | #Constraints:      65072
c #Conflicts:     338000 | #Constraints:      66072
c #Conflicts:     339000 | #Constraints:      67072
c #Conflicts:     340000 | #Constraints:      68072
c #Conflicts:     341000 | #Constraints:      69072
c #Conflicts:     342000 | #Constraints:      70072
c #Conflicts:     343000 | #Constraints:      71072
c #Conflicts:     344000 | #Constraints:      72072
c #Conflicts:     345000 | #Constraints:      73072
c #Conflicts:     346000 | #Constraints:      74072
c #Conflicts:     347000 | #Constraints:      75072
c #Conflicts:     348000 | #Constraints:      76072
c #Conflicts:     349000 | #Constraints:      77072
c #Conflicts:     350000 | #Constraints:      78072
c #Conflicts:     351000 | #Constraints:      79072
c #Conflicts:     352000 | #Constraints:      80072
c #Conflicts:     353000 | #Constraints:      81072
c #Conflicts:     354000 | #Constraints:      82072
c #Conflicts:     355000 | #Constraints:      83072
c #Conflicts:     356000 | #Constraints:      84072
c #Conflicts:     357000 | #Constraints:      85072
c #Conflicts:     358000 | #Constraints:      86072
c #Conflicts:     359000 | #Constraints:      87072
c #Conflicts:     360000 | #Constraints:      88072
c #Conflicts:     361000 | #Constraints:      89072
c #Conflicts:     362000 | #Constraints:      90072
c #Conflicts:     363000 | #Constraints:      91072
c #Conflicts:     364000 | #Constraints:      92072
c #Conflicts:     365000 | #Constraints:      93072
c #Conflicts:     366000 | #Constraints:      94072
c #Conflicts:     367000 | #Constraints:      95072
c INPROCESSING
c GARBAGE COLLECT
c #Conflicts:     368000 | #Constraints:      63193
c #Conflicts:     369000 | #Constraints:      64193
c #Conflicts:     370000 | #Constraints:      65193
c #Conflicts:     371000 | #Constraints:      66193
c #Conflicts:     372000 | #Constraints:      67193
c #Conflicts:     373000 | #Constraints:      68193
c #Conflicts:     374000 | #Constraints:      69193
c #Conflicts:     375000 | #Constraints:      70193
c #Conflicts:     376000 | #Constraints:      71193
c #Conflicts:     377000 | #Constraints:      72193
c #Conflicts:     378000 | #Constraints:      73193
c #Conflicts:     379000 | #Constraints:      74193
c #Conflicts:     380000 | #Constraints:      75193
c #Conflicts:     381000 | #Constraints:      76193
c #Conflicts:     382000 | #Constraints:      77193
c #Conflicts:     383000 | #Constraints:      78193
c #Conflicts:     384000 | #Constraints:      79193
c #Conflicts:     385000 | #Constraints:      80193
c #Conflicts:     386000 | #Constraints:      81193
c #Conflicts:     387000 | #Constraints:      82193
c #Conflicts:     388000 | #Constraints:      83193
c #Conflicts:     389000 | #Constraints:      84193
c #Conflicts:     390000 | #Constraints:      85193
c #Conflicts:     391000 | #Constraints:      86193
c #Conflicts:     392000 | #Constraints:      87193
c #Conflicts:     393000 | #Constraints:      88193
c #Conflicts:     394000 | #Constraints:      89193
c #Conflicts:     395000 | #Constraints:      90193
c #Conflicts:     396000 | #Constraints:      91193
c #Conflicts:     397000 | #Constraints:      92193
c #Conflicts:     398000 | #Constraints:      93193
c #Conflicts:     399000 | #Constraints:      94193
c #Conflicts:     400000 | #Constraints:      95193
c #Conflicts:     401000 | #Constraints:      96193
c #Conflicts:     402000 | #Constraints:      97193
c #Conflicts:     403000 | #Constraints:      98193
c #Conflicts:     404000 | #Constraints:      99193
c #Conflicts:     405000 | #Constraints:     100193
c #Conflicts:     406000 | #Constraints:     101193
c #Conflicts:     407000 | #Constraints:     102193
c INPROCESSING
c GARBAGE COLLECT
c #Conflicts:     408000 | #Constraints:      63946
c #Conflicts:     409000 | #Constraints:      64946
c #Conflicts:     410000 | #Constraints:      65946
c #Conflicts:     411000 | #Constraints:      66946
c #Conflicts:     412000 | #Constraints:      67946
c #Conflicts:     413000 | #Constraints:      68946
c #Conflicts:     414000 | #Constraints:      69946
c #Conflicts:     415000 | #Constraints:      70946
c #Conflicts:     416000 | #Constraints:      71946
c #Conflicts:     417000 | #Constraints:      72946
c #Conflicts:     418000 | #Constraints:      73946
c #Conflicts:     419000 | #Constraints:      74946
c #Conflicts:     420000 | #Constraints:      75946
c #Conflicts:     421000 | #Constraints:      76946
c #Conflicts:     422000 | #Constraints:      77946
c #Conflicts:     423000 | #Constraints:      78946
c bounds -742 >= -1087 @ 2450.89
c #Conflicts:     424000 | #Constraints:      79991
c #Conflicts:     425000 | #Constraints:      80991
c #Conflicts:     426000 | #Constraints:      81991
c #Conflicts:     427000 | #Constraints:      82991
c #Conflicts:     428000 | #Constraints:      83991
c #Conflicts:     429000 | #Constraints:      84991
c #Conflicts:     430000 | #Constraints:      85991
c #Conflicts:     431000 | #Constraints:      86991
c #Conflicts:     432000 | #Constraints:      87991
c #Conflicts:     433000 | #Constraints:      88991
c #Conflicts:     434000 | #Constraints:      89991
c #Conflicts:     435000 | #Constraints:      90991
c #Conflicts:     436000 | #Constraints:      91991
c #Conflicts:     437000 | #Constraints:      92991
c #Conflicts:     438000 | #Constraints:      93991
c #Conflicts:     439000 | #Constraints:      94991
c #Conflicts:     440000 | #Constraints:      95991
c #Conflicts:     441000 | #Constraints:      96991
c #Conflicts:     442000 | #Constraints:      97991
c #Conflicts:     443000 | #Constraints:      98991
c #Conflicts:     444000 | #Constraints:      99991
c #Conflicts:     445000 | #Constraints:     100991
c #Conflicts:     446000 | #Constraints:     101991
c #Conflicts:     447000 | #Constraints:     102991
c #Conflicts:     448000 | #Constraints:     103991
c INPROCESSING
c GARBAGE COLLECT
c #Conflicts:     449000 | #Constraints:      67961
c #Conflicts:     450000 | #Constraints:      68961
c #Conflicts:     451000 | #Constraints:      69961
c #Conflicts:     452000 | #Constraints:      70961
c #Conflicts:     453000 | #Constraints:      71961
c #Conflicts:     454000 | #Constraints:      72961
c #Conflicts:     455000 | #Constraints:      73961
c #Conflicts:     456000 | #Constraints:      74961
c #Conflicts:     457000 | #Constraints:      75961
c #Conflicts:     458000 | #Constraints:      76961
c #Conflicts:     459000 | #Constraints:      77961
c #Conflicts:     460000 | #Constraints:      78961
c #Conflicts:     461000 | #Constraints:      79961
c #Conflicts:     462000 | #Constraints:      80961
c #Conflicts:     463000 | #Constraints:      81961
c #Conflicts:     464000 | #Constraints:      82961
c #Conflicts:     465000 | #Constraints:      83961
c #Conflicts:     466000 | #Constraints:      84961
c #Conflicts:     467000 | #Constraints:      85961
c #Conflicts:     468000 | #Constraints:      86961
c #Conflicts:     469000 | #Constraints:      87961
c #Conflicts:     470000 | #Constraints:      88961
c #Conflicts:     471000 | #Constraints:      89961
c #Conflicts:     472000 | #Constraints:      90961
c #Conflicts:     473000 | #Constraints:      91961
c #Conflicts:     474000 | #Constraints:      92961
c #Conflicts:     475000 | #Constraints:      93961
c #Conflicts:     476000 | #Constraints:      94961
c #Conflicts:     477000 | #Constraints:      95961
c #Conflicts:     478000 | #Constraints:      96961
c #Conflicts:     479000 | #Constraints:      97961
c #Conflicts:     480000 | #Constraints:      98961
c #Conflicts:     481000 | #Constraints:      99961
c #Conflicts:     482000 | #Constraints:     100961
c #Conflicts:     483000 | #Constraints:     101961
c #Conflicts:     484000 | #Constraints:     102961
c #Conflicts:     485000 | #Constraints:     103961
c #Conflicts:     486000 | #Constraints:     104961
c bounds -742 >= -1086 @ 2890.4
c #Conflicts:     487000 | #Constraints:     106045
c #Conflicts:     488000 | #Constraints:     107045
c #Conflicts:     489000 | #Constraints:     108045
c #Conflicts:     490000 | #Constraints:     109045
c #Conflicts:     491000 | #Constraints:     110045
c #Conflicts:     492000 | #Constraints:     111045
c INPROCESSING
c GARBAGE COLLECT
c #Conflicts:     493000 | #Constraints:      72772
c #Conflicts:     494000 | #Constraints:      73772
c #Conflicts:     495000 | #Constraints:      74772
c #Conflicts:     496000 | #Constraints:      75772
c #Conflicts:     497000 | #Constraints:      76772
c #Conflicts:     498000 | #Constraints:      77772
c #Conflicts:     499000 | #Constraints:      78772
c #Conflicts:     500000 | #Constraints:      79772
c #Conflicts:     501000 | #Constraints:      80772
c #Conflicts:     502000 | #Constraints:      81772
c #Conflicts:     503000 | #Constraints:      82772
c #Conflicts:     504000 | #Constraints:      83772
c #Conflicts:     505000 | #Constraints:      84772
c #Conflicts:     506000 | #Constraints:      85772
c #Conflicts:     507000 | #Constraints:      86772
c #Conflicts:     508000 | #Constraints:      87772
c #Conflicts:     509000 | #Constraints:      88772
c #Conflicts:     510000 | #Constraints:      89772
c #Conflicts:     511000 | #Constraints:      90772
c #Conflicts:     512000 | #Constraints:      91772
c #Conflicts:     513000 | #Constraints:      92772
c #Conflicts:     514000 | #Constraints:      93772
c #Conflicts:     515000 | #Constraints:      94772
c #Conflicts:     516000 | #Constraints:      95772
c #Conflicts:     517000 | #Constraints:      96772
c #Conflicts:     518000 | #Constraints:      97772
c #Conflicts:     519000 | #Constraints:      98772
c #Conflicts:     520000 | #Constraints:      99772
c #Conflicts:     521000 | #Constraints:     100772
c #Conflicts:     522000 | #Constraints:     101772
c #Conflicts:     523000 | #Constraints:     102772
c #Conflicts:     524000 | #Constraints:     103772
c #Conflicts:     525000 | #Constraints:     104772
c #Conflicts:     526000 | #Constraints:     105772
c #Conflicts:     527000 | #Constraints:     106772
c #Conflicts:     528000 | #Constraints:     107772
c #Conflicts:     529000 | #Constraints:     108772
c #Conflicts:     530000 | #Constraints:     109772
c #Conflicts:     531000 | #Constraints:     110772
c #Conflicts:     532000 | #Constraints:     111772
c #Conflicts:     533000 | #Constraints:     112772
c #Conflicts:     534000 | #Constraints:     113772
c #Conflicts:     535000 | #Constraints:     114772
c #Conflicts:     536000 | #Constraints:     115772
c #Conflicts:     537000 | #Constraints:     116772
c INPROCESSING
c GARBAGE COLLECT
c #Conflicts:     538000 | #Constraints:      77675
c #Conflicts:     539000 | #Constraints:      78675
c #Conflicts:     540000 | #Constraints:      79675
c #Conflicts:     541000 | #Constraints:      80675
c #Conflicts:     542000 | #Constraints:      81675
c #Conflicts:     543000 | #Constraints:      82675
c #Conflicts:     544000 | #Constraints:      83675
c #Conflicts:     545000 | #Constraints:      84675
c #Conflicts:     546000 | #Constraints:      85675
c #Conflicts:     547000 | #Constraints:      86675
c #Conflicts:     548000 | #Constraints:      87675
c #Conflicts:     549000 | #Constraints:      88675
c #Conflicts:     550000 | #Constraints:      89675
c #Conflicts:     551000 | #Constraints:      90675
c #Conflicts:     552000 | #Constraints:      91675
c #Conflicts:     553000 | #Constraints:      92675
c #Conflicts:     554000 | #Constraints:      93675
c #Conflicts:     555000 | #Constraints:      94675
c bounds -742 >= -1085 @ 3462.07
c #Conflicts:     556000 | #Constraints:      95681
c #Conflicts:     557000 | #Constraints:      96681
c #Conflicts:     558000 | #Constraints:      97681
c #Conflicts:     559000 | #Constraints:      98681
c #Conflicts:     560000 | #Constraints:      99681
c #Conflicts:     561000 | #Constraints:     100681
c #Conflicts:     562000 | #Constraints:     101681
c #Conflicts:     563000 | #Constraints:     102681
c #Conflicts:     564000 | #Constraints:     103681
c #Conflicts:     565000 | #Constraints:     104681
c #Conflicts:     566000 | #Constraints:     105681
c #Conflicts:     567000 | #Constraints:     106681
c #Conflicts:     568000 | #Constraints:     107681
c #Conflicts:     569000 | #Constraints:     108681
c #Conflicts:     570000 | #Constraints:     109681
c #Conflicts:     571000 | #Constraints:     110681
c #Conflicts:     572000 | #Constraints:     111681
c #Conflicts:     573000 | #Constraints:     112681
c #Conflicts:     574000 | #Constraints:     113681
c #Conflicts:     575000 | #Constraints:     114681
c #Conflicts:     576000 | #Constraints:     115681
c #Conflicts:     577000 | #Constraints:     116681
c #Conflicts:     578000 | #Constraints:     117681
c #Conflicts:     579000 | #Constraints:     118681
c #Conflicts:     580000 | #Constraints:     119681
c #Conflicts:     581000 | #Constraints:     120681
c #Conflicts:     582000 | #Constraints:     121681
c #Conflicts:     583000 | #Constraints:     122681
c #Conflicts:     584000 | #Constraints:     123681
c #Conflicts:     585000 | #Constraints:     124681
c INPROCESSING
c GARBAGE COLLECT
c #Conflicts:     586000 | #Constraints:      80975
c #Conflicts:     587000 | #Constraints:      81975
c #Conflicts:     588000 | #Constraints:      82975
c #Conflicts:     589000 | #Constraints:      83975
c #Conflicts:     590000 | #Constraints:      84975
c #Conflicts:     591000 | #Constraints:      85975
c #Conflicts:     592000 | #Constraints:      86975
c #Conflicts:     593000 | #Constraints:      87975
c #Conflicts:     594000 | #Constraints:      88975
c #Conflicts:     595000 | #Constraints:      89975
c #Conflicts:     596000 | #Constraints:      90975
c #Conflicts:     597000 | #Constraints:      91975
c #Conflicts:     598000 | #Constraints:      92975
c #Conflicts:     599000 | #Constraints:      93975
c #Conflicts:     600000 | #Constraints:      94975
c #Conflicts:     601000 | #Constraints:      95975
c #Conflicts:     602000 | #Constraints:      96975
c bounds -742 >= -1084 @ 3875.97
c #Conflicts:     603000 | #Constraints:      98047
c #Conflicts:     604000 | #Constraints:      99047
c #Conflicts:     605000 | #Constraints:     100047
c #Conflicts:     606000 | #Constraints:     101047
c #Conflicts:     607000 | #Constraints:     102047
c #Conflicts:     608000 | #Constraints:     103047
c #Conflicts:     609000 | #Constraints:     104047
c #Conflicts:     610000 | #Constraints:     105047
c #Conflicts:     611000 | #Constraints:     106047
c #Conflicts:     612000 | #Constraints:     107047
c #Conflicts:     613000 | #Constraints:     108047
c #Conflicts:     614000 | #Constraints:     109047
c #Conflicts:     615000 | #Constraints:     110047
c #Conflicts:     616000 | #Constraints:     111047
c #Conflicts:     617000 | #Constraints:     112047
c #Conflicts:     618000 | #Constraints:     113047
c #Conflicts:     619000 | #Constraints:     114047
c #Conflicts:     620000 | #Constraints:     115047
c #Conflicts:     621000 | #Constraints:     116047
c #Conflicts:     622000 | #Constraints:     117047
c #Conflicts:     623000 | #Constraints:     118047
c #Conflicts:     624000 | #Constraints:     119047
c #Conflicts:     625000 | #Constraints:     120047
c #Conflicts:     626000 | #Constraints:     121047
c #Conflicts:     627000 | #Constraints:     122047
c #Conflicts:     628000 | #Constraints:     123047
c #Conflicts:     629000 | #Constraints:     124047
c #Conflicts:     630000 | #Constraints:     125047
c #Conflicts:     631000 | #Constraints:     126047
c #Conflicts:     632000 | #Constraints:     127047
c #Conflicts:     633000 | #Constraints:     128047
c #Conflicts:     634000 | #Constraints:     129047
c INPROCESSING
c GARBAGE COLLECT
c #Conflicts:     635000 | #Constraints:      85029
c #Conflicts:     636000 | #Constraints:      86029
c #Conflicts:     637000 | #Constraints:      87029
c #Conflicts:     638000 | #Constraints:      88029
c #Conflicts:     639000 | #Constraints:      89029
c #Conflicts:     640000 | #Constraints:      90029
c #Conflicts:     641000 | #Constraints:      91029
c #Conflicts:     642000 | #Constraints:      92029
c #Conflicts:     643000 | #Constraints:      93029
c #Conflicts:     644000 | #Constraints:      94029
c #Conflicts:     645000 | #Constraints:      95029
c #Conflicts:     646000 | #Constraints:      96029
c #Conflicts:     647000 | #Constraints:      97029
c #Conflicts:     648000 | #Constraints:      98029
c #Conflicts:     649000 | #Constraints:      99029
c #Conflicts:     650000 | #Constraints:     100029
c #Conflicts:     651000 | #Constraints:     101029
c #Conflicts:     652000 | #Constraints:     102029
c #Conflicts:     653000 | #Constraints:     103029
c #Conflicts:     654000 | #Constraints:     104029
c #Conflicts:     655000 | #Constraints:     105029
c #Conflicts:     656000 | #Constraints:     106029
c #Conflicts:     657000 | #Constraints:     107029
c #Conflicts:     658000 | #Constraints:     108029
c #Conflicts:     659000 | #Constraints:     109029
c #Conflicts:     660000 | #Constraints:     110029
c #Conflicts:     661000 | #Constraints:     111029
c #Conflicts:     662000 | #Constraints:     112029
c #Conflicts:     663000 | #Constraints:     113029
c #Conflicts:     664000 | #Constraints:     114029
c #Conflicts:     665000 | #Constraints:     115029
c #Conflicts:     666000 | #Constraints:     116029
c #Conflicts:     667000 | #Constraints:     117029
c #Conflicts:     668000 | #Constraints:     118029
c #Conflicts:     669000 | #Constraints:     119029
c #Conflicts:     670000 | #Constraints:     120029
c #Conflicts:     671000 | #Constraints:     121029
c #Conflicts:     672000 | #Constraints:     122029
c #Conflicts:     673000 | #Constraints:     123029
c #Conflicts:     674000 | #Constraints:     124029
c #Conflicts:     675000 | #Constraints:     125029
c #Conflicts:     676000 | #Constraints:     126029
c #Conflicts:     677000 | #Constraints:     127029
c #Conflicts:     678000 | #Constraints:     128029
c #Conflicts:     679000 | #Constraints:     129029
c #Conflicts:     680000 | #Constraints:     130029
c #Conflicts:     681000 | #Constraints:     131029
c #Conflicts:     682000 | #Constraints:     132029
c #Conflicts:     683000 | #Constraints:     133029
c #Conflicts:     684000 | #Constraints:     134029
c #Conflicts:     685000 | #Constraints:     135029
c #Conflicts:     686000 | #Constraints:     136029
c INPROCESSING
c GARBAGE COLLECT
c #Conflicts:     687000 | #Constraints:      85665
c #Conflicts:     688000 | #Constraints:      86665
c #Conflicts:     689000 | #Constraints:      87665
c #Conflicts:     690000 | #Constraints:      88665
c #Conflicts:     691000 | #Constraints:      89665
c #Conflicts:     692000 | #Constraints:      90665
c #Conflicts:     693000 | #Constraints:      91665
c #Conflicts:     694000 | #Constraints:      92665
c #Conflicts:     695000 | #Constraints:      93665
c #Conflicts:     696000 | #Constraints:      94665
c #Conflicts:     697000 | #Constraints:      95665
c #Conflicts:     698000 | #Constraints:      96665
c bounds -742 >= -1083 @ 5115.18
c #Conflicts:     699000 | #Constraints:      97671
c #Conflicts:     700000 | #Constraints:      98671
c #Conflicts:     701000 | #Constraints:      99671
c #Conflicts:     702000 | #Constraints:     100671
c #Conflicts:     703000 | #Constraints:     101671
c #Conflicts:     704000 | #Constraints:     102671
c #Conflicts:     705000 | #Constraints:     103671
c #Conflicts:     706000 | #Constraints:     104671
c #Conflicts:     707000 | #Constraints:     105671
c #Conflicts:     708000 | #Constraints:     106671
c #Conflicts:     709000 | #Constraints:     107671
c #Conflicts:     710000 | #Constraints:     108671
c #Conflicts:     711000 | #Constraints:     109671
c #Conflicts:     712000 | #Constraints:     110671
c #Conflicts:     713000 | #Constraints:     111671
c #Conflicts:     714000 | #Constraints:     112671
c #Conflicts:     715000 | #Constraints:     113671
c #Conflicts:     716000 | #Constraints:     114671
c #Conflicts:     717000 | #Constraints:     115671
c #Conflicts:     718000 | #Constraints:     116671
c #Conflicts:     719000 | #Constraints:     117671
c #Conflicts:     720000 | #Constraints:     118671
c #Conflicts:     721000 | #Constraints:     119671
c #Conflicts:     722000 | #Constraints:     120671
c #Conflicts:     723000 | #Constraints:     121671
c #Conflicts:     724000 | #Constraints:     122671
c #Conflicts:     725000 | #Constraints:     123671
c #Conflicts:     726000 | #Constraints:     124671
c #Conflicts:     727000 | #Constraints:     125671
c #Conflicts:     728000 | #Constraints:     126671
c #Conflicts:     729000 | #Constraints:     127671
c #Conflicts:     730000 | #Constraints:     128671
c #Conflicts:     731000 | #Constraints:     129671
c #Conflicts:     732000 | #Constraints:     130671
c #Conflicts:     733000 | #Constraints:     131671
c #Conflicts:     734000 | #Constraints:     132671
c #Conflicts:     735000 | #Constraints:     133671
c #Conflicts:     736000 | #Constraints:     134671
c #Conflicts:     737000 | #Constraints:     135671
c #Conflicts:     738000 | #Constraints:     136671
c #Conflicts:     739000 | #Constraints:     137671
c INPROCESSING
c GARBAGE COLLECT
c #Conflicts:     740000 | #Constraints:      89577
c #Conflicts:     741000 | #Constraints:      90577
c #Conflicts:     742000 | #Constraints:      91577
c #Conflicts:     743000 | #Constraints:      92577
c #Conflicts:     744000 | #Constraints:      93577
c #Conflicts:     745000 | #Constraints:      94577
c #Conflicts:     746000 | #Constraints:      95577
c #Conflicts:     747000 | #Constraints:      96577
c #Conflicts:     748000 | #Constraints:      97577
c #Conflicts:     749000 | #Constraints:      98577
c #Conflicts:     750000 | #Constraints:      99577
c #Conflicts:     751000 | #Constraints:     100577
c #Conflicts:     752000 | #Constraints:     101577
c #Conflicts:     753000 | #Constraints:     102577
c #Conflicts:     754000 | #Constraints:     103577
c #Conflicts:     755000 | #Constraints:     104577
c #Conflicts:     756000 | #Constraints:     105577
c #Conflicts:     757000 | #Constraints:     106577
c #Conflicts:     758000 | #Constraints:     107577
c #Conflicts:     759000 | #Constraints:     108577
c #Conflicts:     760000 | #Constraints:     109577
c #Conflicts:     761000 | #Constraints:     110577
c #Conflicts:     762000 | #Constraints:     111577
c #Conflicts:     763000 | #Constraints:     112577
c #Conflicts:     764000 | #Constraints:     113577
c #Conflicts:     765000 | #Constraints:     114577
c #Conflicts:     766000 | #Constraints:     115577
c #Conflicts:     767000 | #Constraints:     116577
c #Conflicts:     768000 | #Constraints:     117577
c #Conflicts:     769000 | #Constraints:     118577
c #Conflicts:     770000 | #Constraints:     119577
c #Conflicts:     771000 | #Constraints:     120577
c #Conflicts:     772000 | #Constraints:     121577
c #Conflicts:     773000 | #Constraints:     122577
c #Conflicts:     774000 | #Constraints:     123577
c #Conflicts:     775000 | #Constraints:     124577
c #Conflicts:     776000 | #Constraints:     125577
c #Conflicts:     777000 | #Constraints:     126577
c #Conflicts:     778000 | #Constraints:     127577
c #Conflicts:     779000 | #Constraints:     128577
c #Conflicts:     780000 | #Constraints:     129577
c #Conflicts:     781000 | #Constraints:     130577
c #Conflicts:     782000 | #Constraints:     131577
c #Conflicts:     783000 | #Constraints:     132577
c #Conflicts:     784000 | #Constraints:     133577
c #Conflicts:     785000 | #Constraints:     134577
c #Conflicts:     786000 | #Constraints:     135577
c #Conflicts:     787000 | #Constraints:     136577
c #Conflicts:     788000 | #Constraints:     137577
c #Conflicts:     789000 | #Constraints:     138577
c #Conflicts:     790000 | #Constraints:     139577
c #Conflicts:     791000 | #Constraints:     140577
c #Conflicts:     792000 | #Constraints:     141577
c #Conflicts:     793000 | #Constraints:     142577
c #Conflicts:     794000 | #Constraints:     143577
c #Conflicts:     795000 | #Constraints:     144577
c INPROCESSING
c GARBAGE COLLECT
c #Conflicts:     796000 | #Constraints:      94362
c #Conflicts:     797000 | #Constraints:      95362
c #Conflicts:     798000 | #Constraints:      96362
c #Conflicts:     799000 | #Constraints:      97362
c #Conflicts:     800000 | #Constraints:      98362
c #Conflicts:     801000 | #Constraints:      99362
c #Conflicts:     802000 | #Constraints:     100362
c #Conflicts:     803000 | #Constraints:     101362
c #Conflicts:     804000 | #Constraints:     102362
c #Conflicts:     805000 | #Constraints:     103362
c #Conflicts:     806000 | #Constraints:     104362
c #Conflicts:     807000 | #Constraints:     105362
c #Conflicts:     808000 | #Constraints:     106362
c #Conflicts:     809000 | #Constraints:     107362
c #Conflicts:     810000 | #Constraints:     108362
c #Conflicts:     811000 | #Constraints:     109362
c #Conflicts:     812000 | #Constraints:     110362
c #Conflicts:     813000 | #Constraints:     111362
c #Conflicts:     814000 | #Constraints:     112362
c #Conflicts:     815000 | #Constraints:     113362
c #Conflicts:     816000 | #Constraints:     114362
c #Conflicts:     817000 | #Constraints:     115362
c #Conflicts:     818000 | #Constraints:     116362
c #Conflicts:     819000 | #Constraints:     117362
c #Conflicts:     820000 | #Constraints:     118362
c #Conflicts:     821000 | #Constraints:     119362
c #Conflicts:     822000 | #Constraints:     120362
c #Conflicts:     823000 | #Constraints:     121362
c #Conflicts:     824000 | #Constraints:     122362
c #Conflicts:     825000 | #Constraints:     123362
c #Conflicts:     826000 | #Constraints:     124362
c #Conflicts:     827000 | #Constraints:     125362
c #Conflicts:     828000 | #Constraints:     126362
c #Conflicts:     829000 | #Constraints:     127362
c #Conflicts:     830000 | #Constraints:     128362
c #Conflicts:     831000 | #Constraints:     129362
c #Conflicts:     832000 | #Constraints:     130362
c #Conflicts:     833000 | #Constraints:     131362
c #Conflicts:     834000 | #Constraints:     132362
c #Conflicts:     835000 | #Constraints:     133362
c #Conflicts:     836000 | #Constraints:     134362
c #Conflicts:     837000 | #Constraints:     135362
c #Conflicts:     838000 | #Constraints:     136362
c #Conflicts:     839000 | #Constraints:     137362
c #Conflicts:     840000 | #Constraints:     138362
c #Conflicts:     841000 | #Constraints:     139362
c #Conflicts:     842000 | #Constraints:     140362
c #Conflicts:     843000 | #Constraints:     141362
c #Conflicts:     844000 | #Constraints:     142362
c #Conflicts:     845000 | #Constraints:     143362
c #Conflicts:     846000 | #Constraints:     144362
c #Conflicts:     847000 | #Constraints:     145362
c #Conflicts:     848000 | #Constraints:     146362
c #Conflicts:     849000 | #Constraints:     147362
c #Conflicts:     850000 | #Constraints:     148362
c #Conflicts:     851000 | #Constraints:     149362
c #Conflicts:     852000 | #Constraints:     150362
c INPROCESSING
c GARBAGE COLLECT
c #Conflicts:     853000 | #Constraints:      93991
c #Conflicts:     854000 | #Constraints:      94991
c #Conflicts:     855000 | #Constraints:      95991
c #Conflicts:     856000 | #Constraints:      96991
c #Conflicts:     857000 | #Constraints:      97991
c #Conflicts:     858000 | #Constraints:      98991
c #Conflicts:     859000 | #Constraints:      99991
c #Conflicts:     860000 | #Constraints:     100991
c #Conflicts:     861000 | #Constraints:     101991
c #Conflicts:     862000 | #Constraints:     102991
c #Conflicts:     863000 | #Constraints:     103991
c #Conflicts:     864000 | #Constraints:     104991
c #Conflicts:     865000 | #Constraints:     105991
c #Conflicts:     866000 | #Constraints:     106991
c #Conflicts:     867000 | #Constraints:     107991
c #Conflicts:     868000 | #Constraints:     108991
c #Conflicts:     869000 | #Constraints:     109991
c #Conflicts:     870000 | #Constraints:     110991
c #Conflicts:     871000 | #Constraints:     111991
c #Conflicts:     872000 | #Constraints:     112991
c #Conflicts:     873000 | #Constraints:     113991
c #Conflicts:     874000 | #Constraints:     114991
c #Conflicts:     875000 | #Constraints:     115991
c #Conflicts:     876000 | #Constraints:     116991
c #Conflicts:     877000 | #Constraints:     117991
c #Conflicts:     878000 | #Constraints:     118991
c #Conflicts:     879000 | #Constraints:     119991
c #Conflicts:     880000 | #Constraints:     120991
c #Conflicts:     881000 | #Constraints:     121991
c #Conflicts:     882000 | #Constraints:     122991
c #Conflicts:     883000 | #Constraints:     123991
c #Conflicts:     884000 | #Constraints:     124991
c #Conflicts:     885000 | #Constraints:     125991
c #Conflicts:     886000 | #Constraints:     126991
c #Conflicts:     887000 | #Constraints:     127991
c #Conflicts:     888000 | #Constraints:     128991
c #Conflicts:     889000 | #Constraints:     129991
c #Conflicts:     890000 | #Constraints:     130991
c #Conflicts:     891000 | #Constraints:     131991
c #Conflicts:     892000 | #Constraints:     132991
c #Conflicts:     893000 | #Constraints:     133991
c #Conflicts:     894000 | #Constraints:     134991
c #Conflicts:     895000 | #Constraints:     135991
c #Conflicts:     896000 | #Constraints:     136991
c #Conflicts:     897000 | #Constraints:     137991
c #Conflicts:     898000 | #Constraints:     138991
c #Conflicts:     899000 | #Constraints:     139991
c #Conflicts:     900000 | #Constraints:     140991
c #Conflicts:     901000 | #Constraints:     141991
c #Conflicts:     902000 | #Constraints:     142991
c #Conflicts:     903000 | #Constraints:     143991
c #Conflicts:     904000 | #Constraints:     144991
c #Conflicts:     905000 | #Constraints:     145991
c #Conflicts:     906000 | #Constraints:     146991
c #Conflicts:     907000 | #Constraints:     147991
c #Conflicts:     908000 | #Constraints:     148991
c #Conflicts:     909000 | #Constraints:     149991
c #Conflicts:     910000 | #Constraints:     150991
c #Conflicts:     911000 | #Constraints:     151991
c #Conflicts:     912000 | #Constraints:     152991
c INPROCESSING
c GARBAGE COLLECT
c #Conflicts:     913000 | #Constraints:      98762
c #Conflicts:     914000 | #Constraints:      99762
c #Conflicts:     915000 | #Constraints:     100762
c #Conflicts:     916000 | #Constraints:     101762
c #Conflicts:     917000 | #Constraints:     102762
c #Conflicts:     918000 | #Constraints:     103762
c #Conflicts:     919000 | #Constraints:     104762
c #Conflicts:     920000 | #Constraints:     105762
c #Conflicts:     921000 | #Constraints:     106762
c #Conflicts:     922000 | #Constraints:     107762
c #Conflicts:     923000 | #Constraints:     108762
c #Conflicts:     924000 | #Constraints:     109762
c #Conflicts:     925000 | #Constraints:     110762
c #Conflicts:     926000 | #Constraints:     111762
c #Conflicts:     927000 | #Constraints:     112762
c #Conflicts:     928000 | #Constraints:     113762
c #Conflicts:     929000 | #Constraints:     114762
c #Conflicts:     930000 | #Constraints:     115762
c #Conflicts:     931000 | #Constraints:     116762
c #Conflicts:     932000 | #Constraints:     117762
c #Conflicts:     933000 | #Constraints:     118762
c #Conflicts:     934000 | #Constraints:     119762
c #Conflicts:     935000 | #Constraints:     120762
c #Conflicts:     936000 | #Constraints:     121762
c #Conflicts:     937000 | #Constraints:     122762
c #Conflicts:     938000 | #Constraints:     123762
c #Conflicts:     939000 | #Constraints:     124762
c #Conflicts:     940000 | #Constraints:     125762
c #Conflicts:     941000 | #Constraints:     126762
c #Conflicts:     942000 | #Constraints:     127762
c #Conflicts:     943000 | #Constraints:     128762
c #Conflicts:     944000 | #Constraints:     129762
c #Conflicts:     945000 | #Constraints:     130762
c #Conflicts:     946000 | #Constraints:     131762
c #Conflicts:     947000 | #Constraints:     132762
c #Conflicts:     948000 | #Constraints:     133762
c #Conflicts:     949000 | #Constraints:     134762
c #Conflicts:     950000 | #Constraints:     135762
c #Conflicts:     951000 | #Constraints:     136762
c #Conflicts:     952000 | #Constraints:     137762
c #Conflicts:     953000 | #Constraints:     138762
c #Conflicts:     954000 | #Constraints:     139762
c #Conflicts:     955000 | #Constraints:     140762
c #Conflicts:     956000 | #Constraints:     141762
c #Conflicts:     957000 | #Constraints:     142762
c #Conflicts:     958000 | #Constraints:     143762
c #Conflicts:     959000 | #Constraints:     144762
c #Conflicts:     960000 | #Constraints:     145762
c #Conflicts:     961000 | #Constraints:     146762
c #Conflicts:     962000 | #Constraints:     147762
c #Conflicts:     963000 | #Constraints:     148762
c #Conflicts:     964000 | #Constraints:     149762
c #Conflicts:     965000 | #Constraints:     150762
c #Conflicts:     966000 | #Constraints:     151762
c #Conflicts:     967000 | #Constraints:     152762
c #Conflicts:     968000 | #Constraints:     153762
c #Conflicts:     969000 | #Constraints:     154762
c #Conflicts:     970000 | #Constraints:     155762
c #Conflicts:     971000 | #Constraints:     156762
c #Conflicts:     972000 | #Constraints:     157762
c #Conflicts:     973000 | #Constraints:     158762
c INPROCESSING
c GARBAGE COLLECT
c #Conflicts:     974000 | #Constraints:      98426
c #Conflicts:     975000 | #Constraints:      99426
c #Conflicts:     976000 | #Constraints:     100426
c #Conflicts:     977000 | #Constraints:     101426
c #Conflicts:     978000 | #Constraints:     102426
c #Conflicts:     979000 | #Constraints:     103426
c #Conflicts:     980000 | #Constraints:     104426
c #Conflicts:     981000 | #Constraints:     105426
c #Conflicts:     982000 | #Constraints:     106426
c #Conflicts:     983000 | #Constraints:     107426
c #Conflicts:     984000 | #Constraints:     108426
c #Conflicts:     985000 | #Constraints:     109426
c #Conflicts:     986000 | #Constraints:     110426
c #Conflicts:     987000 | #Constraints:     111426
c #Conflicts:     988000 | #Constraints:     112426
c #Conflicts:     989000 | #Constraints:     113426
c #Conflicts:     990000 | #Constraints:     114426
c #Conflicts:     991000 | #Constraints:     115426
c #Conflicts:     992000 | #Constraints:     116426
c #Conflicts:     993000 | #Constraints:     117426
c #Conflicts:     994000 | #Constraints:     118426
c #Conflicts:     995000 | #Constraints:     119426
c #Conflicts:     996000 | #Constraints:     120426
c #Conflicts:     997000 | #Constraints:     121426
c #Conflicts:     998000 | #Constraints:     122426
c #Conflicts:     999000 | #Constraints:     123426
c #Conflicts:    1000000 | #Constraints:     124426
c #Conflicts:    1001000 | #Constraints:     125426
c #Conflicts:    1002000 | #Constraints:     126426
c #Conflicts:    1003000 | #Constraints:     127426
c #Conflicts:    1004000 | #Constraints:     128426
c #Conflicts:    1005000 | #Constraints:     129426
c #Conflicts:    1006000 | #Constraints:     130426
c #Conflicts:    1007000 | #Constraints:     131426
c #Conflicts:    1008000 | #Constraints:     132426
c #Conflicts:    1009000 | #Constraints:     133426
c #Conflicts:    1010000 | #Constraints:     134426
c #Conflicts:    1011000 | #Constraints:     135426
c #Conflicts:    1012000 | #Constraints:     136426
c #Conflicts:    1013000 | #Constraints:     137426
c #Conflicts:    1014000 | #Constraints:     138426
c #Conflicts:    1015000 | #Constraints:     139426
c #Conflicts:    1016000 | #Constraints:     140426
c #Conflicts:    1017000 | #Constraints:     141426
c #Conflicts:    1018000 | #Constraints:     142426
c #Conflicts:    1019000 | #Constraints:     143426
c #Conflicts:    1020000 | #Constraints:     144426
c #Conflicts:    1021000 | #Constraints:     145426
c #Conflicts:    1022000 | #Constraints:     146426
c #Conflicts:    1023000 | #Constraints:     147426
c #Conflicts:    1024000 | #Constraints:     148426
c #Conflicts:    1025000 | #Constraints:     149426
c #Conflicts:    1026000 | #Constraints:     150426
c #Conflicts:    1027000 | #Constraints:     151426
c #Conflicts:    1028000 | #Constraints:     152426
c #Conflicts:    1029000 | #Constraints:     153426
c #Conflicts:    1030000 | #Constraints:     154426
c #Conflicts:    1031000 | #Constraints:     155426
c #Conflicts:    1032000 | #Constraints:     156426
c #Conflicts:    1033000 | #Constraints:     157426
c #Conflicts:    1034000 | #Constraints:     158426
c #Conflicts:    1035000 | #Constraints:     159426
c #Conflicts:    1036000 | #Constraints:     160426
c #Conflicts:    1037000 | #Constraints:     161426
c INPROCESSING
c GARBAGE COLLECT
c #Conflicts:    1038000 | #Constraints:     102197
c #Conflicts:    1039000 | #Constraints:     103197
c #Conflicts:    1040000 | #Constraints:     104197
c #Conflicts:    1041000 | #Constraints:     105197
c #Conflicts:    1042000 | #Constraints:     106197
c #Conflicts:    1043000 | #Constraints:     107197
c #Conflicts:    1044000 | #Constraints:     108197
c #Conflicts:    1045000 | #Constraints:     109197
c #Conflicts:    1046000 | #Constraints:     110197
c #Conflicts:    1047000 | #Constraints:     111197
c #Conflicts:    1048000 | #Constraints:     112197
c #Conflicts:    1049000 | #Constraints:     113197
c #Conflicts:    1050000 | #Constraints:     114197
c #Conflicts:    1051000 | #Constraints:     115197
c #Conflicts:    1052000 | #Constraints:     116197
c #Conflicts:    1053000 | #Constraints:     117197
c #Conflicts:    1054000 | #Constraints:     118197
c #Conflicts:    1055000 | #Constraints:     119197
c #Conflicts:    1056000 | #Constraints:     120197
c #Conflicts:    1057000 | #Constraints:     121197
c #Conflicts:    1058000 | #Constraints:     122197
c #Conflicts:    1059000 | #Constraints:     123197
c #Conflicts:    1060000 | #Constraints:     124197
c #Conflicts:    1061000 | #Constraints:     125197
c #Conflicts:    1062000 | #Constraints:     126197
c #Conflicts:    1063000 | #Constraints:     127197
c #Conflicts:    1064000 | #Constraints:     128197
c #Conflicts:    1065000 | #Constraints:     129197
c #Conflicts:    1066000 | #Constraints:     130197
c #Conflicts:    1067000 | #Constraints:     131197
c #Conflicts:    1068000 | #Constraints:     132197
c #Conflicts:    1069000 | #Constraints:     133197
c #Conflicts:    1070000 | #Constraints:     134197
c #Conflicts:    1071000 | #Constraints:     135197
c #Conflicts:    1072000 | #Constraints:     136197
c #Conflicts:    1073000 | #Constraints:     137197
c #Conflicts:    1074000 | #Constraints:     138197
c #Conflicts:    1075000 | #Constraints:     139197
c #Conflicts:    1076000 | #Constraints:     140197
c #Conflicts:    1077000 | #Constraints:     141197
c #Conflicts:    1078000 | #Constraints:     142197
c #Conflicts:    1079000 | #Constraints:     143197
c #Conflicts:    1080000 | #Constraints:     144197
c #Conflicts:    1081000 | #Constraints:     145197
c #Conflicts:    1082000 | #Constraints:     146197
c #Conflicts:    1083000 | #Constraints:     147197
c #Conflicts:    1084000 | #Constraints:     148197
c #Conflicts:    1085000 | #Constraints:     149197
c #Conflicts:    1086000 | #Constraints:     150197
c #Conflicts:    1087000 | #Constraints:     151197
c #Conflicts:    1088000 | #Constraints:     152197
c #Conflicts:    1089000 | #Constraints:     153197
c #Conflicts:    1090000 | #Constraints:     154197
c #Conflicts:    1091000 | #Constraints:     155197
c #Conflicts:    1092000 | #Constraints:     156197
c #Conflicts:    1093000 | #Constraints:     157197
c #Conflicts:    1094000 | #Constraints:     158197
c #Conflicts:    1095000 | #Constraints:     159197
c #Conflicts:    1096000 | #Constraints:     160197
c #Conflicts:    1097000 | #Constraints:     161197
c #Conflicts:    1098000 | #Constraints:     162197
c #Conflicts:    1099000 | #Constraints:     163197
c #Conflicts:    1100000 | #Constraints:     164197
c #Conflicts:    1101000 | #Constraints:     165197
c #Conflicts:    1102000 | #Constraints:     166197
c INPROCESSING
c GARBAGE COLLECT
c #Conflicts:    1103000 | #Constraints:     102257
c #Conflicts:    1104000 | #Constraints:     103257
c #Conflicts:    1105000 | #Constraints:     104257
c #Conflicts:    1106000 | #Constraints:     105257
c #Conflicts:    1107000 | #Constraints:     106257
c #Conflicts:    1108000 | #Constraints:     107257
c #Conflicts:    1109000 | #Constraints:     108257
c #Conflicts:    1110000 | #Constraints:     109257
c #Conflicts:    1111000 | #Constraints:     110257
c #Conflicts:    1112000 | #Constraints:     111257
c #Conflicts:    1113000 | #Constraints:     112257
c #Conflicts:    1114000 | #Constraints:     113257
c #Conflicts:    1115000 | #Constraints:     114257
c #Conflicts:    1116000 | #Constraints:     115257
c #Conflicts:    1117000 | #Constraints:     116257
c #Conflicts:    1118000 | #Constraints:     117257
c #Conflicts:    1119000 | #Constraints:     118257
c #Conflicts:    1120000 | #Constraints:     119257
c #Conflicts:    1121000 | #Constraints:     120257
c #Conflicts:    1122000 | #Constraints:     121257
c #Conflicts:    1123000 | #Constraints:     122257
c #Conflicts:    1124000 | #Constraints:     123257
c #Conflicts:    1125000 | #Constraints:     124257
c #Conflicts:    1126000 | #Constraints:     125257
c #Conflicts:    1127000 | #Constrai