c RoundingSat 2
c branch 
c commit 
c #variables 8700 #constraints 22561
c bounds - >= -7500 @ 0.079614
c bounds 0 >= -7500 @ 0.084041
c #Conflicts:       1000 | #Constraints:      23561
c #Conflicts:       2000 | #Constraints:      24561
c INPROCESSING
c bounds -18 >= -7500 @ 0.21043
c bounds -36 >= -7500 @ 0.215446
c bounds -54 >= -7500 @ 0.221071
c bounds -72 >= -7500 @ 0.226522
c bounds -90 >= -7500 @ 0.23201
c bounds -108 >= -7500 @ 0.237459
c bounds -126 >= -7500 @ 0.242863
c bounds -144 >= -7500 @ 0.248395
c bounds -162 >= -7500 @ 0.254169
c bounds -180 >= -7500 @ 0.258296
c bounds -198 >= -7500 @ 0.265004
c bounds -216 >= -7500 @ 0.272636
c bounds -234 >= -7500 @ 0.278237
c bounds -252 >= -7500 @ 0.283957
c bounds -270 >= -7500 @ 0.289897
c bounds -288 >= -7500 @ 0.295582
c bounds -306 >= -7500 @ 0.305054
c bounds -324 >= -7500 @ 0.310916
c bounds -342 >= -7500 @ 0.317584
c bounds -360 >= -7500 @ 0.323306
c bounds -374 >= -7500 @ 0.452995
c bounds -388 >= -7500 @ 0.461418
c bounds -406 >= -7500 @ 0.599855
c bounds -420 >= -7500 @ 0.607756
c #Conflicts:       3000 | #Constraints:      24616
c bounds -6600 >= -7500 @ 0.732129
c #Conflicts:       4000 | #Constraints:      25617
c INPROCESSING
c GARBAGE COLLECT
c bounds -6600 >= -7497 @ 1.1239
c #Conflicts:       5000 | #Constraints:      25031
c #Conflicts:       6000 | #Constraints:      26031
c INPROCESSING
c GARBAGE COLLECT
c #Conflicts:       7000 | #Constraints:      25044
c bounds -6600 >= -7494 @ 1.67065
c #Conflicts:       8000 | #Constraints:      26050
c #Conflicts:       9000 | #Constraints:      27050
c INPROCESSING
c GARBAGE COLLECT
c bounds -6600 >= -7491 @ 2.75057
c #Conflicts:      10000 | #Constraints:      25798
c #Conflicts:      11000 | #Constraints:      26798
c bounds -6600 >= -7488 @ 3.02358
c bounds -6600 >= -7485 @ 3.05218
c #Conflicts:      12000 | #Constraints:      27804
c INPROCESSING
c GARBAGE COLLECT
c #Conflicts:      13000 | #Constraints:      26048
c #Conflicts:      14000 | #Constraints:      27048
c #Conflicts:      15000 | #Constraints:      28048
c INPROCESSING
c GARBAGE COLLECT
c bounds -6600 >= -7482 @ 8.30319
c #Conflicts:      16000 | #Constraints:      26440
c #Conflicts:      17000 | #Constraints:      27440
c bounds -6600 >= -7479 @ 8.46468
c bounds -6600 >= -7476 @ 8.482
c #Conflicts:      18000 | #Constraints:      28449
c INPROCESSING
c GARBAGE COLLECT
c #Conflicts:      19000 | #Constraints:      26491
c #Conflicts:      20000 | #Constraints:      27491
c #Conflicts:      21000 | #Constraints:      28491
c INPROCESSING
c GARBAGE COLLECT
c #Conflicts:      22000 | #Constraints:      26319
c #Conflicts:      23000 | #Constraints:      27319
c bounds -6600 >= -7473 @ 9.83387
c bounds -6600 >= -7470 @ 9.86623
c #Conflicts:      24000 | #Constraints:      28328
c #Conflicts:      25000 | #Constraints:      29328
c INPROCESSING
c GARBAGE COLLECT
c #Conflicts:      26000 | #Constraints:      26929
c bounds -6600 >= -7467 @ 10.1241
c #Conflicts:      27000 | #Constraints:      27935
c #Conflicts:      28000 | #Constraints:      28935
c bounds -6600 >= -7464 @ 10.7934
c #Conflicts:      29000 | #Constraints:      29944
c INPROCESSING
c GARBAGE COLLECT
c #Conflicts:      30000 | #Constraints:      27343
c #Conflicts:      31000 | #Constraints:      28343
c #Conflicts:      32000 | #Constraints:      29343
c #Conflicts:      33000 | #Constraints:      30343
c INPROCESSING
c GARBAGE COLLECT
c bounds -6600 >= -7461 @ 13.8763
c #Conflicts:      34000 | #Constraints:      27600
c #Conflicts:      35000 | #Constraints:      28600
c #Conflicts:      36000 | #Constraints:      29600
c bounds -6600 >= -7458 @ 14.6968
c bounds -6600 >= -7455 @ 14.7185
c #Conflicts:      37000 | #Constraints:      30609
c INPROCESSING
c GARBAGE COLLECT
c #Conflicts:      38000 | #Constraints:      27623
c #Conflicts:      39000 | #Constraints:      28623
c #Conflicts:      40000 | #Constraints:      29623
c bounds -6600 >= -7452 @ 15.5651
c #Conflicts:      41000 | #Constraints:      30629
c INPROCESSING
c GARBAGE COLLECT
c bounds -6600 >= -7449 @ 17.0499
c #Conflicts:      42000 | #Constraints:      27476
c #Conflicts:      43000 | #Constraints:      28476
c #Conflicts:      44000 | #Constraints:      29476
c #Conflicts:      45000 | #Constraints:      30476
c bounds -6600 >= -7446 @ 17.7831
c #Conflicts:      46000 | #Constraints:      31482
c INPROCESSING
c GARBAGE COLLECT
c #Conflicts:      47000 | #Constraints:      28088
c #Conflicts:      48000 | #Constraints:      29088
c #Conflicts:      49000 | #Constraints:      30088
c #Conflicts:      50000 | #Constraints:      31088
c #Conflicts:      51000 | #Constraints:      32088
c INPROCESSING
c GARBAGE COLLECT
c bounds -6600 >= -7443 @ 29.2599
c #Conflicts:      52000 | #Constraints:      28508
c #Conflicts:      53000 | #Constraints:      29508
c #Conflicts:      54000 | #Constraints:      30508
c #Conflicts:      55000 | #Constraints:      31508
c bounds -6600 >= -7440 @ 29.6372
c bounds -6600 >= -7437 @ 29.6554
c #Conflicts:      56000 | #Constraints:      32517
c INPROCESSING
c GARBAGE COLLECT
c #Conflicts:      57000 | #Constraints:      28688
c #Conflicts:      58000 | #Constraints:      29688
c bounds -6600 >= -7434 @ 30.2062
c bounds -6600 >= -7431 @ 30.2186
c bounds -6600 >= -7428 @ 30.2307
c bounds -6600 >= -7425 @ 30.2466
c #Conflicts:      59000 | #Constraints:      30727
c bounds -6600 >= -7422 @ 30.265
c bounds -6600 >= -7419 @ 30.311
c #Conflicts:      60000 | #Constraints:      31758
c bounds -6600 >= -7416 @ 30.4046
c #Conflicts:      61000 | #Constraints:      32779
c bounds -6600 >= -7413 @ 30.6133
c INPROCESSING
c GARBAGE COLLECT
c #Conflicts:      62000 | #Constraints:      28746
c #Conflicts:      63000 | #Constraints:      29746
c bounds -6600 >= -7410 @ 31.1214
c #Conflicts:      64000 | #Constraints:      30770
c #Conflicts:      65000 | #Constraints:      31770
c #Conflicts:      66000 | #Constraints:      32770
c #Conflicts:      67000 | #Constraints:      33770
c bounds -6600 >= -7407 @ 32.6709
c #Conflicts:      68000 | #Constraints:      34800
c bounds -6600 >= -7404 @ 32.7528
c #Conflicts:      69000 | #Constraints:      35803
c #Conflicts:      70000 | #Constraints:      36803
c #Conflicts:      71000 | #Constraints:      37803
c #Conflicts:      72000 | #Constraints:      38803
c bounds -6600 >= -7401 @ 33.4329
c #Conflicts:      73000 | #Constraints:      39809
c bounds -6600 >= -7398 @ 33.5332
c #Conflicts:      74000 | #Constraints:      40812
c #Conflicts:      75000 | #Constraints:      41812
c #Conflicts:      76000 | #Constraints:      42812
c #Conflicts:      77000 | #Constraints:      43812
c #Conflicts:      78000 | #Constraints:      44812
c bounds -6600 >= -7395 @ 34.6361
c bounds -6600 >= -7392 @ 34.6782
c #Conflicts:      79000 | #Constraints:      45821
c #Conflicts:      80000 | #Constraints:      46821
c #Conflicts:      81000 | #Constraints:      47821
c bounds -6600 >= -7389 @ 35.2048
c bounds -6600 >= -7386 @ 35.2324
c #Conflicts:      82000 | #Constraints:      48830
c INPROCESSING
c GARBAGE COLLECT
c #Conflicts:      83000 | #Constraints:      36459
c #Conflicts:      84000 | #Constraints:      37459
c #Conflicts:      85000 | #Constraints:      38459
c #Conflicts:      86000 | #Constraints:      39459
c #Conflicts:      87000 | #Constraints:      40459
c bounds -6600 >= -7383 @ 36.3404
c #Conflicts:      88000 | #Constraints:      41465
c #Conflicts:      89000 | #Constraints:      42465
c INPROCESSING
c GARBAGE COLLECT
c bounds -6600 >= -7380 @ 39.3736
c #Conflicts:      90000 | #Constraints:      33661
c #Conflicts:      91000 | #Constraints:      34661
c #Conflicts:      92000 | #Constraints:      35661
c #Conflicts:      93000 | #Constraints:      36661
c #Conflicts:      94000 | #Constraints:      37661
c bounds -6600 >= -7377 @ 40.4435
c #Conflicts:      95000 | #Constraints:      38667
c bounds -6600 >= -7374 @ 40.4731
c #Conflicts:      96000 | #Constraints:      39670
c INPROCESSING
c GARBAGE COLLECT
c #Conflicts:      97000 | #Constraints:      32365
c bounds -6600 >= -7371 @ 40.9149
c #Conflicts:      98000 | #Constraints:      33371
c bounds -6600 >= -7368 @ 40.9388
c #Conflicts:      99000 | #Constraints:      34374
c #Conflicts:     100000 | #Constraints:      35374
c #Conflicts:     101000 | #Constraints:      36374
c bounds -6600 >= -7365 @ 41.6908
c #Conflicts:     102000 | #Constraints:      37380
c INPROCESSING
c GARBAGE COLLECT
c #Conflicts:     103000 | #Constraints:      30817
c #Conflicts:     104000 | #Constraints:      31817
c #Conflicts:     105000 | #Constraints:      32817
c #Conflicts:     106000 | #Constraints:      33817
c #Conflicts:     107000 | #Constraints:      34817
c #Conflicts:     108000 | #Constraints:      35817
c #Conflicts:     109000 | #Constraints:      36817
c #Conflicts:     110000 | #Constraints:      37817
c #Conflicts:     111000 | #Constraints:      38817
c #Conflicts:     112000 | #Constraints:      39817
c #Conflicts:     113000 | #Constraints:      40817
c #Conflicts:     114000 | #Constraints:      41817
c #Conflicts:     115000 | #Constraints:      42817
c #Conflicts:     116000 | #Constraints:      43817
c #Conflicts:     117000 | #Constraints:      44817
c #Conflicts:     118000 | #Constraints:      45817
c #Conflicts:     119000 | #Constraints:      46817
c #Conflicts:     120000 | #Constraints:      47817
c #Conflicts:     121000 | #Constraints:      48817
c #Conflicts:     122000 | #Constraints:      49817
c #Conflicts:     123000 | #Constraints:      50817
c #Conflicts:     124000 | #Constraints:      51817
c #Conflicts:     125000 | #Constraints:      52817
c #Conflicts:     126000 | #Constraints:      53817
c #Conflicts:     127000 | #Constraints:      54817
c #Conflicts:     128000 | #Constraints:      55817
c #Conflicts:     129000 | #Constraints:      56817
c INPROCESSING
c GARBAGE COLLECT
c #Conflicts:     130000 | #Constraints:      40598
c bounds -6600 >= -7362 @ 143.966
c #Conflicts:     131000 | #Constraints:      41601
c #Conflicts:     132000 | #Constraints:      42601
c #Conflicts:     133000 | #Constraints:      43601
c bounds -6600 >= -7359 @ 144.667
c #Conflicts:     134000 | #Constraints:      44607
c bounds -6600 >= -7356 @ 144.709
c #Conflicts:     135000 | #Constraints:      45610
c #Conflicts:     136000 | #Constraints:      46610
c bounds -6600 >= -7353 @ 145.159
c bounds -6600 >= -7350 @ 145.179
c #Conflicts:     137000 | #Constraints:      47619
c #Conflicts:     138000 | #Constraints:      48619
c INPROCESSING
c GARBAGE COLLECT
c #Conflicts:     139000 | #Constraints:      36839
c #Conflicts:     140000 | #Constraints:      37839
c #Conflicts:     141000 | #Constraints:      38839
c bounds -6600 >= -7347 @ 146.453
c bounds -6600 >= -7344 @ 146.511
c #Conflicts:     142000 | #Constraints:      39848
c #Conflicts:     143000 | #Constraints:      40848
c #Conflicts:     144000 | #Constraints:      41848
c #Conflicts:     145000 | #Constraints:      42848
c #Conflicts:     146000 | #Constraints:      43848
c bounds -6600 >= -7341 @ 148.248
c bounds -6600 >= -7338 @ 148.276
c INPROCESSING
c GARBAGE COLLECT
c #Conflicts:     147000 | #Constraints:      34272
c #Conflicts:     148000 | #Constraints:      35272
c bounds -6600 >= -7335 @ 148.665
c bounds -6600 >= -7332 @ 148.685
c #Conflicts:     149000 | #Constraints:      36281
c #Conflicts:     150000 | #Constraints:      37281
c #Conflicts:     151000 | #Constraints:      38281
c #Conflicts:     152000 | #Constraints:      39281
c bounds -6600 >= -7329 @ 149.677
c bounds -6600 >= -7326 @ 149.715
c #Conflicts:     153000 | #Constraints:      40290
c #Conflicts:     154000 | #Constraints:      41290
c #Conflicts:     155000 | #Constraints:      42290
c #Conflicts:     156000 | #Constraints:      43290
c #Conflicts:     157000 | #Constraints:      44290
c bounds -6600 >= -7323 @ 150.995
c #Conflicts:     158000 | #Constraints:      45296
c bounds -6600 >= -7320 @ 151.02
c #Conflicts:     159000 | #Constraints:      46299
c #Conflicts:     160000 | #Constraints:      47299
c #Conflicts:     161000 | #Constraints:      48299
c #Conflicts:     162000 | #Constraints:      49299
c bounds -6600 >= -7317 @ 151.807
c bounds -6600 >= -7314 @ 151.874
c #Conflicts:     163000 | #Constraints:      50308
c #Conflicts:     164000 | #Constraints:      51308
c #Conflicts:     165000 | #Constraints:      52308
c #Conflicts:     166000 | #Constraints:      53308
c #Conflicts:     167000 | #Constraints:      54308
c #Conflicts:     168000 | #Constraints:      55308
c bounds -6600 >= -7311 @ 153.434
c bounds -6600 >= -7308 @ 153.487
c #Conflicts:     169000 | #Constraints:      56317
c #Conflicts:     170000 | #Constraints:      57317
c #Conflicts:     171000 | #Constraints:      58317
c #Conflicts:     172000 | #Constraints:      59317
c bounds -6600 >= -7305 @ 154.272
c bounds -6600 >= -7302 @ 154.372
c #Conflicts:     173000 | #Constraints:      60326
c #Conflicts:     174000 | #Constraints:      61326
c #Conflicts:     175000 | #Constraints:      62326
c #Conflicts:     176000 | #Constraints:      63326
c #Conflicts:     177000 | #Constraints:      64326
c INPROCESSING
c GARBAGE COLLECT
c #Conflicts:     178000 | #Constraints:      44462
c bounds -6600 >= -7299 @ 155.619
c bounds -6600 >= -7296 @ 155.76
c #Conflicts:     179000 | #Constraints:      45471
c #Conflicts:     180000 | #Constraints:      46471
c #Conflicts:     181000 | #Constraints:      47471
c #Conflicts:     182000 | #Constraints:      48471
c bounds -6600 >= -7293 @ 156.695
c #Conflicts:     183000 | #Constraints:      49477
c bounds -6600 >= -7290 @ 156.766
c #Conflicts:     184000 | #Constraints:      50480
c #Conflicts:     185000 | #Constraints:      51480
c #Conflicts:     186000 | #Constraints:      52480
c bounds -6600 >= -7287 @ 157.879
c #Conflicts:     187000 | #Constraints:      53486
c bounds -6600 >= -7284 @ 157.956
c INPROCESSING
c GARBAGE COLLECT
c bounds -6600 >= -7281 @ 158.067
c #Conflicts:     188000 | #Constraints:      39209
c bounds -6600 >= -7278 @ 158.089
c #Conflicts:     189000 | #Constraints:      40212
c #Conflicts:     190000 | #Constraints:      41212
c #Conflicts:     191000 | #Constraints:      42212
c #Conflicts:     192000 | #Constraints:      43212
c bounds -6600 >= -7275 @ 158.629
c bounds -6600 >= -7272 @ 158.678
c #Conflicts:     193000 | #Constraints:      44221
c #Conflicts:     194000 | #Constraints:      45221
c bounds -6600 >= -7269 @ 158.82
c #Conflicts:     195000 | #Constraints:      46227
c bounds -6600 >= -7266 @ 158.883
c #Conflicts:     196000 | #Constraints:      47230
c #Conflicts:     197000 | #Constraints:      48230
c INPROCESSING
c GARBAGE COLLECT
c #Conflicts:     198000 | #Constraints:      36629
c #Conflicts:     199000 | #Constraints:      37629
c bounds -6600 >= -7263 @ 159.416
c #Conflicts:     200000 | #Constraints:      38635
c bounds -6600 >= -7260 @ 159.465
c #Conflicts:     201000 | #Constraints:      39638
c #Conflicts:     202000 | #Constraints:      40638
c #Conflicts:     203000 | #Constraints:      41638
c #Conflicts:     204000 | #Constraints:      42638
c #Conflicts:     205000 | #Constraints:      43638
c bounds -6600 >= -7257 @ 160.637
c bounds -6600 >= -7254 @ 160.715
c #Conflicts:     206000 | #Constraints:      44647
c #Conflicts:     207000 | #Constraints:      45647
c #Conflicts:     208000 | #Constraints:      46647
c #Conflicts:     209000 | #Constraints:      47647
c bounds -6600 >= -7251 @ 161.264
c bounds -6600 >= -7248 @ 161.317
c #Conflicts:     210000 | #Constraints:      48656
c #Conflicts:     211000 | #Constraints:      49656
c #Conflicts:     212000 | #Constraints:      50656
c #Conflicts:     213000 | #Constraints:      51656
c bounds -6600 >= -7245 @ 161.807
c #Conflicts:     214000 | #Constraints:      52671
c bounds -6600 >= -7242 @ 162.075
c #Conflicts:     215000 | #Constraints:      53674
c #Conflicts:     216000 | #Constraints:      54674
c #Conflicts:     217000 | #Constraints:      55674
c #Conflicts:     218000 | #Constraints:      56674
c bounds -6600 >= -7239 @ 162.496
c bounds -6600 >= -7236 @ 162.538
c #Conflicts:     219000 | #Constraints:      57683
c #Conflicts:     220000 | #Constraints:      58683
c #Conflicts:     221000 | #Constraints:      59683
c bounds -6600 >= -7233 @ 163.216
c #Conflicts:     222000 | #Constraints:      60689
c bounds -6600 >= -7230 @ 163.31
c #Conflicts:     223000 | #Constraints:      61692
c #Conflicts:     224000 | #Constraints:      62692
c #Conflicts:     225000 | #Constraints:      63692
c #Conflicts:     226000 | #Constraints:      64692
c bounds -6600 >= -7227 @ 164.376
c #Conflicts:     227000 | #Constraints:      65698
c bounds -6600 >= -7224 @ 164.442
c #Conflicts:     228000 | #Constraints:      66701
c #Conflicts:     229000 | #Constraints:      67701
c #Conflicts:     230000 | #Constraints:      68701
c bounds -6600 >= -7221 @ 164.812
c bounds -6600 >= -7218 @ 164.865
c #Conflicts:     231000 | #Constraints:      69710
c #Conflicts:     232000 | #Constraints:      70710
c INPROCESSING
c GARBAGE COLLECT
c #Conflicts:     233000 | #Constraints:      47752
c #Conflicts:     234000 | #Constraints:      48752
c #Conflicts:     235000 | #Constraints:      49752
c bounds -6600 >= -7215 @ 165.831
c #Conflicts:     236000 | #Constraints:      50758
c bounds -6600 >= -7212 @ 165.977
c #Conflicts:     237000 | #Constraints:      51764
c #Conflicts:     238000 | #Constraints:      52764
c #Conflicts:     239000 | #Constraints:      53764
c #Conflicts:     240000 | #Constraints:      54764
c #Conflicts:     241000 | #Constraints:      55764
c bounds -6600 >= -7209 @ 167.58
c #Conflicts:     242000 | #Constraints:      56773
c #Conflicts:     243000 | #Constraints:      57773
c INPROCESSING
c GARBAGE COLLECT
c #Conflicts:     244000 | #Constraints:      41189
c bounds -6600 >= -7206 @ 168.126
c #Conflicts:     245000 | #Constraints:      42195
c #Conflicts:     246000 | #Constraints:      43195
c #Conflicts:     247000 | #Constraints:      44195
c #Conflicts:     248000 | #Constraints:      45195
c #Conflicts:     249000 | #Constraints:      46195
c #Conflicts:     250000 | #Constraints:      47195
c bounds -6600 >= -7203 @ 169.693
c #Conflicts:     251000 | #Constraints:      48213
c #Conflicts:     252000 | #Constraints:      49213
c #Conflicts:     253000 | #Constraints:      50213
c #Conflicts:     254000 | #Constraints:      51213
c #Conflicts:     255000 | #Constraints:      52213
c INPROCESSING
c GARBAGE COLLECT
c #Conflicts:     256000 | #Constraints:      38737
c #Conflicts:     257000 | #Constraints:      39737
c #Conflicts:     258000 | #Constraints:      40737
c #Conflicts:     259000 | #Constraints:      41737
c #Conflicts:     260000 | #Constraints:      42737
c #Conflicts:     261000 | #Constraints:      43737
c #Conflicts:     262000 | #Constraints:      44737
c #Conflicts:     263000 | #Constraints:      45737
c #Conflicts:     264000 | #Constraints:      46737
c #Conflicts:     265000 | #Constraints:      47737
c #Conflicts:     266000 | #Constraints:      48737
c #Conflicts:     267000 | #Constraints:      49737
c #Conflicts:     268000 | #Constraints:      50737
c #Conflicts:     269000 | #Constraints:      51737
c #Conflicts:     270000 | #Constraints:      52737
c #Conflicts:     271000 | #Constraints:      53737
c #Conflicts:     272000 | #Constraints:      54737
c #Conflicts:     273000 | #Constraints:      55737
c #Conflicts:     274000 | #Constraints:      56737
c #Conflicts:     275000 | #Constraints:      57737
c #Conflicts:     276000 | #Constraints:      58737
c bounds -6600 >= -7200 @ 189.312
c #Conflicts:     277000 | #Constraints:      59758
c #Conflicts:     278000 | #Constraints:      60758
c #Conflicts:     279000 | #Constraints:      61758
c #Conflicts:     280000 | #Constraints:      62758
c #Conflicts:     281000 | #Constraints:      63758
c #Conflicts:     282000 | #Constraints:      64758
c #Conflicts:     283000 | #Constraints:      65758
c #Conflicts:     284000 | #Constraints:      66758
c #Conflicts:     285000 | #Constraints:      67758
c #Conflicts:     286000 | #Constraints:      68758
c #Conflicts:     287000 | #Constraints:      69758
c #Conflicts:     288000 | #Constraints:      70758
c #Conflicts:     289000 | #Constraints:      71758
c #Conflicts:     290000 | #Constraints:      72758
c #Conflicts:     291000 | #Constraints:      73758
c #Conflicts:     292000 | #Constraints:      74758
c bounds -6600 >= -7197 @ 211.659
c #Conflicts:     293000 | #Constraints:      75785
c #Conflicts:     294000 | #Constraints:      76785
c INPROCESSING
c GARBAGE COLLECT
c #Conflicts:     295000 | #Constraints:      50806
c #Conflicts:     296000 | #Constraints:      51806
c #Conflicts:     297000 | #Constraints:      52806
c #Conflicts:     298000 | #Constraints:      53806
c #Conflicts:     299000 | #Constraints:      54806
c #Conflicts:     300000 | #Constraints:      55806
c #Conflicts:     301000 | #Constraints:      56806
c #Conflicts:     302000 | #Constraints:      57806
c #Conflicts:     303000 | #Constraints:      58806
c #Conflicts:     304000 | #Constraints:      59806
c #Conflicts:     305000 | #Constraints:      60806
c #Conflicts:     306000 | #Constraints:      61806
c #Conflicts:     307000 | #Constraints:      62806
c INPROCESSING
c GARBAGE COLLECT
c bounds -6600 >= -7194 @ 263.553
c #Conflicts:     308000 | #Constraints:      44166
c #Conflicts:     309000 | #Constraints:      45166
c #Conflicts:     310000 | #Constraints:      46166
c #Conflicts:     311000 | #Constraints:      47166
c #Conflicts:     312000 | #Constraints:      48166
c bounds -6600 >= -7191 @ 264.708
c #Conflicts:     313000 | #Constraints:      49172
c #Conflicts:     314000 | #Constraints:      50172
c bounds -6600 >= -7188 @ 265.128
c bounds -6600 >= -7185 @ 265.184
c #Conflicts:     315000 | #Constraints:      51208
c #Conflicts:     316000 | #Constraints:      52208
c #Conflicts:     317000 | #Constraints:      53208
c #Conflicts:     318000 | #Constraints:      54208
c bounds -6600 >= -7182 @ 265.785
c #Conflicts:     319000 | #Constraints:      55214
c bounds -6600 >= -7179 @ 265.861
c #Conflicts:     320000 | #Constraints:      56220
c INPROCESSING
c GARBAGE COLLECT
c #Conflicts:     321000 | #Constraints:      40790
c bounds -6600 >= -7176 @ 266.215
c bounds -6600 >= -7173 @ 266.244
c #Conflicts:     322000 | #Constraints:      41799
c #Conflicts:     323000 | #Constraints:      42799
c #Conflicts:     324000 | #Constraints:      43799
c bounds -6600 >= -7170 @ 267.095
c #Conflicts:     325000 | #Constraints:      44805
c bounds -6600 >= -7167 @ 267.163
c #Conflicts:     326000 | #Constraints:      45808
c #Conflicts:     327000 | #Constraints:      46808
c bounds -6600 >= -7164 @ 267.727
c bounds -6600 >= -7161 @ 267.757
c #Conflicts:     328000 | #Constraints:      47817
c #Conflicts:     329000 | #Constraints:      48817
c #Conflicts:     330000 | #Constraints:      49817
c bounds -6600 >= -7158 @ 268.427
c #Conflicts:     331000 | #Constraints:      50823
c bounds -6600 >= -7155 @ 268.463
c #Conflicts:     332000 | #Constraints:      51826
c #Conflicts:     333000 | #Constraints:      52826
c #Conflicts:     334000 | #Constraints:      53826
c #Conflicts:     335000 | #Constraints:      54826
c bounds -6600 >= -7152 @ 269.103
c bounds -6600 >= -7149 @ 269.163
c #Conflicts:     336000 | #Constraints:      55838
c #Conflicts:     337000 | #Constraints:      56838
c #Conflicts:     338000 | #Constraints:      57838
c #Conflicts:     339000 | #Constraints:      58838
c #Conflicts:     340000 | #Constraints:      59838
c #Conflicts:     341000 | #Constraints:      60838
c bounds -6600 >= -7146 @ 270.613
c #Conflicts:     342000 | #Constraints:      61844
c bounds -6600 >= -7143 @ 270.751
c #Conflicts:     343000 | #Constraints:      62847
c #Conflicts:     344000 | #Constraints:      63847
c #Conflicts:     345000 | #Constraints:      64847
c #Conflicts:     346000 | #Constraints:      65847
c bounds -6600 >= -7140 @ 271.801
c bounds -6600 >= -7137 @ 271.881
c #Conflicts:     347000 | #Constraints:      66856
c #Conflicts:     348000 | #Constraints:      67856
c #Conflicts:     349000 | #Constraints:      68856
c bounds -6600 >= -7134 @ 272.109
c #Conflicts:     350000 | #Constraints:      69862
c bounds -6600 >= -7131 @ 272.382
c #Conflicts:     351000 | #Constraints:      70865
c #Conflicts:     352000 | #Constraints:      71865
c #Conflicts:     353000 | #Constraints:      72865
c #Conflicts:     354000 | #Constraints:      73865
c bounds -6600 >= -7128 @ 273.493
c #Conflicts:     355000 | #Constraints:      74871
c bounds -6600 >= -7125 @ 273.532
c bounds -6600 >= -7122 @ 273.659
c #Conflicts:     356000 | #Constraints:      75877
c #Conflicts:     357000 | #Constraints:      76877
c #Conflicts:     358000 | #Constraints:      77877
c bounds -6600 >= -7119 @ 274.253
c #Conflicts:     359000 | #Constraints:      78883
c bounds -6600 >= -7116 @ 274.365
c #Conflicts:     360000 | #Constraints:      79886
c #Conflicts:     361000 | #Constraints:      80886
c #Conflicts:     362000 | #Constraints:      81886
c #Conflicts:     363000 | #Constraints:      82886
c bounds -6600 >= -7113 @ 275.084
c INPROCESSING
c GARBAGE COLLECT
c #Conflicts:     364000 | #Constraints:      53826
c bounds -6600 >= -7110 @ 275.372
c #Conflicts:     365000 | #Constraints:      54829
c #Conflicts:     366000 | #Constraints:      55829
c #Conflicts:     367000 | #Constraints:      56829
c #Conflicts:     368000 | #Constraints:      57829
c bounds -6600 >= -7107 @ 276.441
c #Conflicts:     369000 | #Constraints:      58835
c bounds -6600 >= -7104 @ 276.769
c #Conflicts:     370000 | #Constraints:      59838
c #Conflicts:     371000 | #Constraints:      60838
c #Conflicts:     372000 | #Constraints:      61838
c #Conflicts:     373000 | #Constraints:      62838
c bounds -6600 >= -7101 @ 277.338
c bounds -6600 >= -7098 @ 277.474
c #Conflicts:     374000 | #Constraints:      63847
c #Conflicts:     375000 | #Constraints:      64847
c #Conflicts:     376000 | #Constraints:      65847
c #Conflicts:     377000 | #Constraints:      66847
c bounds -6600 >= -7095 @ 278.262
c bounds -6600 >= -7092 @ 278.405
c #Conflicts:     378000 | #Constraints:      67856
c INPROCESSING
c GARBAGE COLLECT
c #Conflicts:     379000 | #Constraints:      46729
c bounds -6600 >= -7089 @ 278.786
c #Conflicts:     380000 | #Constraints:      47735
c bounds -6600 >= -7086 @ 278.818
c #Conflicts:     381000 | #Constraints:      48738
c #Conflicts:     382000 | #Constraints:      49738
c #Conflicts:     383000 | #Constraints:      50738
c #Conflicts:     384000 | #Constraints:      51738
c bounds -6600 >= -7083 @ 279.699
c #Conflicts:     385000 | #Constraints:      52744
c bounds -6600 >= -7080 @ 279.741
c #Conflicts:     386000 | #Constraints:      53747
c #Conflicts:     387000 | #Constraints:      54747
c #Conflicts:     388000 | #Constraints:      55747
c #Conflicts:     389000 | #Constraints:      56747
c bounds -6600 >= -7077 @ 280.785
c #Conflicts:     390000 | #Constraints:      57753
c bounds -6600 >= -7074 @ 280.828
c #Conflicts:     391000 | #Constraints:      58756
c #Conflicts:     392000 | #Constraints:      59756
c bounds -6600 >= -7071 @ 281.233
c INPROCESSING
c GARBAGE COLLECT
c #Conflicts:     393000 | #Constraints:      42579
c bounds -6600 >= -7068 @ 281.634
c #Conflicts:     394000 | #Constraints:      43582
c #Conflicts:     395000 | #Constraints:      44582
c #Conflicts:     396000 | #Constraints:      45582
c bounds -6600 >= -7065 @ 282.274
c #Conflicts:     397000 | #Constraints:      46588
c bounds -6600 >= -7062 @ 282.35
c #Conflicts:     398000 | #Constraints:      47591
c #Conflicts:     399000 | #Constraints:      48591
c bounds -6600 >= -7059 @ 282.968
c #Conflicts:     400000 | #Constraints:      49597
c bounds -6600 >= -7056 @ 283.337
c #Conflicts:     401000 | #Constraints:      50600
c #Conflicts:     402000 | #Constraints:      51600
c #Conflicts:     403000 | #Constraints:      52600
c #Conflicts:     404000 | #Constraints:      53600
c bounds -6600 >= -7053 @ 284.054
c #Conflicts:     405000 | #Constraints:      54606
c #Conflicts:     406000 | #Constraints:      55606
c #Conflicts:     407000 | #Constraints:      56606
c #Conflicts:     408000 | #Constraints:      57606
c #Conflicts:     409000 | #Constraints:      58606
c #Conflicts:     410000 | #Constraints:      59606
c #Conflicts:     411000 | #Constraints:      60606
c #Conflicts:     412000 | #Constraints:      61606
c #Conflicts:     413000 | #Constraints:      62606
c #Conflicts:     414000 | #Constraints:      63606
c #Conflicts:     415000 | #Constraints:      64606
c #Conflicts:     416000 | #Constraints:      65606
c #Conflicts:     417000 | #Constraints:      66606
c #Conflicts:     418000 | #Constraints:      67606
c #Conflicts:     419000 | #Constraints:      68606
c #Conflicts:     420000 | #Constraints:      69606
c #Conflicts:     421000 | #Constraints:      70606
c #Conflicts:     422000 | #Constraints:      71606
c #Conflicts:     423000 | #Constraints:      72606
c #Conflicts:     424000 | #Constraints:      73606
c #Conflicts:     425000 | #Constraints:      74606
c #Conflicts:     426000 | #Constraints:      75606
c #Conflicts:     427000 | #Constraints:      76606
c #Conflicts:     428000 | #Constraints:      77606
c #Conflicts:     429000 | #Constraints:      78606
c #Conflicts:     430000 | #Constraints:      79606
c #Conflicts:     431000 | #Constraints:      80606
c #Conflicts:     432000 | #Constraints:      81606
c #Conflicts:     433000 | #Constraints:      82606
c #Conflicts:     434000 | #Constraints:      83606
c #Conflicts:     435000 | #Constraints:      84606
c #Conflicts:     436000 | #Constraints:      85606
c #Conflicts:     437000 | #Constraints:      86606
c #Conflicts:     438000 | #Constraints:      87606
c #Conflicts:     439000 | #Constraints:      88606
c #Conflicts:     440000 | #Constraints:      89606
c INPROCESSING
c GARBAGE COLLECT
c bounds -6600 >= -7050 @ 474.037
c #Conflicts:     441000 | #Constraints:      57458
c #Conflicts:     442000 | #Constraints:      58458
c #Conflicts:     443000 | #Constraints:      59458
c #Conflicts:     444000 | #Constraints:      60458
c bounds -6600 >= -7047 @ 475.129
c #Conflicts:     445000 | #Constraints:      61464
c #Conflicts:     446000 | #Constraints:      62464
c #Conflicts:     447000 | #Constraints:      63464
c #Conflicts:     448000 | #Constraints:      64464
c bounds -6600 >= -7044 @ 475.879
c #Conflicts:     449000 | #Constraints:      65473
c #Conflicts:     450000 | #Constraints:      66473
c #Conflicts:     451000 | #Constraints:      67473
c #Conflicts:     452000 | #Constraints:      68473
c #Conflicts:     453000 | #Constraints:      69473
c #Conflicts:     454000 | #Constraints:      70473
c bounds -6600 >= -7041 @ 477.463
c #Conflicts:     455000 | #Constraints:      71482
c bounds -6600 >= -7038 @ 477.506
c #Conflicts:     456000 | #Constraints:      72485
c INPROCESSING
c GARBAGE COLLECT
c #Conflicts:     457000 | #Constraints:      49051
c #Conflicts:     458000 | #Constraints:      50051
c bounds -6600 >= -7035 @ 478.201
c bounds -6600 >= -7032 @ 478.224
c #Conflicts:     459000 | #Constraints:      51060
c #Conflicts:     460000 | #Constraints:      52060
c #Conflicts:     461000 | #Constraints:      53060
c #Conflicts:     462000 | #Constraints:      54060
c bounds -6600 >= -7029 @ 479.202
c bounds -6600 >= -7026 @ 479.314
c #Conflicts:     463000 | #Constraints:      55069
c #Conflicts:     464000 | #Constraints:      56069
c #Conflicts:     465000 | #Constraints:      57069
c #Conflicts:     466000 | #Constraints:      58069
c bounds -6600 >= -7023 @ 480.194
c #Conflicts:     467000 | #Constraints:      59075
c bounds -6600 >= -7020 @ 480.282
c #Conflicts:     468000 | #Constraints:      60102
c bounds -6600 >= -7017 @ 480.485
c #Conflicts:     469000 | #Constraints:      61108
c #Conflicts:     470000 | #Constraints:      62108
c bounds -6600 >= -7014 @ 481.12
c #Conflicts:     471000 | #Constraints:      63150
c INPROCESSING
c GARBAGE COLLECT
c #Conflicts:     472000 | #Constraints:      45549
c #Conflicts:     473000 | #Constraints:      46549
c #Conflicts:     474000 | #Constraints:      47549
c bounds -6600 >= -7011 @ 482.46
c #Conflicts:     475000 | #Constraints:      48555
c #Conflicts:     476000 | #Constraints:      49555
c bounds -6600 >= -7008 @ 482.969
c #Conflicts:     477000 | #Constraints:      50600
c #Conflicts:     478000 | #Constraints:      51600
c #Conflicts:     479000 | #Constraints:      52600
c #Conflicts:     480000 | #Constraints:      53600
c bounds -6600 >= -7005 @ 484.708
c #Conflicts:     481000 | #Constraints:      54606
c bounds -6600 >= -7002 @ 485.404
c #Conflicts:     482000 | #Constraints:      55609
c #Conflicts:     483000 | #Constraints:      56609
c #Conflicts:     484000 | #Constraints:      57609
c bounds -6600 >= -6999 @ 485.599
c #Conflicts:     485000 | #Constraints:      58615
c #Conflicts:     486000 | #Constraints:      59615
c #Conflicts:     487000 | #Constraints:      60615
c #Conflicts:     488000 | #Constraints:      61615
c bounds -6600 >= -6996 @ 487.018
c bounds -6600 >= -6993 @ 487.09
c #Conflicts:     489000 | #Constraints:      62624
c #Conflicts:     490000 | #Constraints:      63624
c #Conflicts:     491000 | #Constraints:      64624
c #Conflicts:     492000 | #Constraints:      65624
c #Conflicts:     493000 | #Constraints:      66624
c bounds -6600 >= -6990 @ 488.074
c #Conflicts:     494000 | #Constraints:      67630
c #Conflicts:     495000 | #Constraints:      68630
c #Conflicts:     496000 | #Constraints:      69630
c #Conflicts:     497000 | #Constraints:      70630
c bounds -6600 >= -6987 @ 488.79
c #Conflicts:     498000 | #Constraints:      71636
c bounds -6600 >= -6984 @ 489.234
c #Conflicts:     499000 | #Constraints:      72639
c #Conflicts:     500000 | #Constraints:      73639
c #Conflicts:     501000 | #Constraints:      74639
c bounds -6600 >= -6981 @ 490.103
c #Conflicts:     502000 | #Constraints:      75645
c #Conflicts:     503000 | #Constraints:      76645
c #Conflicts:     504000 | #Constraints:      77645
c #Conflicts:     505000 | #Constraints:      78645
c #Conflicts:     506000 | #Constraints:      79645
c bounds -6600 >= -6978 @ 491.621
c #Conflicts:     507000 | #Constraints:      80651
c #Conflicts:     508000 | #Constraints:      81651
c bounds -6600 >= -6975 @ 495.348
c #Conflicts:     509000 | #Constraints:      82720
c #Conflicts:     510000 | #Constraints:      83720
c #Conflicts:     511000 | #Constraints:      84720
c #Conflicts:     512000 | #Constraints:      85720
c bounds -6600 >= -6972 @ 502.61
c #Conflicts:     513000 | #Constraints:      86753
c #Conflicts:     514000 | #Constraints:      87753
c #Conflicts:     515000 | #Constraints:      88753
c #Conflicts:     516000 | #Constraints:      89753
c #Conflicts:     517000 | #Constraints:      90753
c bounds -6600 >= -6969 @ 515.422
c #Conflicts:     518000 | #Constraints:      91801
c #Conflicts:     519000 | #Constraints:      92801
c bounds -6600 >= -6966 @ 519.642
c #Conflicts:     520000 | #Constraints:      93804
c #Conflicts:     521000 | #Constraints:      94804
c bounds -6600 >= -6963 @ 519.996
c #Conflicts:     522000 | #Constraints:      95810
c #Conflicts:     523000 | #Constraints:      96810
c #Conflicts:     524000 | #Constraints:      97810
c INPROCESSING
c GARBAGE COLLECT
c #Conflicts:     525000 | #Constraints:      61874
c #Conflicts:     526000 | #Constraints:      62874
c #Conflicts:     527000 | #Constraints:      63874
c bounds -6600 >= -6960 @ 539.493
c #Conflicts:     528000 | #Constraints:      64913
c #Conflicts:     529000 | #Constraints:      65913
c #Conflicts:     530000 | #Constraints:      66913
c #Conflicts:     531000 | #Constraints:      67913
c #Conflicts:     532000 | #Constraints:      68913
c #Conflicts:     533000 | #Constraints:      69913
c #Conflicts:     534000 | #Constraints:      70913
c #Conflicts:     535000 | #Constraints:      71913
c #Conflicts:     536000 | #Constraints:      72913
c #Conflicts:     537000 | #Constraints:      73913
c #Conflicts:     538000 | #Constraints:      74913
c #Conflicts:     539000 | #Constraints:      75913
c #Conflicts:     540000 | #Constraints:      76913
c #Conflicts:     541000 | #Constraints:      77913
c INPROCESSING
c GARBAGE COLLECT
c #Conflicts:     542000 | #Constraints:      51864
c #Conflicts:     543000 | #Constraints:      52864
c #Conflicts:     544000 | #Constraints:      53864
c #Conflicts:     545000 | #Constraints:      54864
c #Conflicts:     546000 | #Constraints:      55864
c #Conflicts:     547000 | #Constraints:      56864
c #Conflicts:     548000 | #Constraints:      57864
c #Conflicts:     549000 | #Constraints:      58864
c #Conflicts:     550000 | #Constraints:      59864
c #Conflicts:     551000 | #Constraints:      60864
c #Conflicts:     552000 | #Constraints:      61864
c #Conflicts:     553000 | #Constraints:      62864
c #Conflicts:     554000 | #Constraints:      63864
c #Conflicts:     555000 | #Constraints:      64864
c #Conflicts:     556000 | #Constraints:      65864
c #Conflicts:     557000 | #Constraints:      66864
c #Conflicts:     558000 | #Constraints:      67864
c #Conflicts:     559000 | #Constraints:      68864
c #Conflicts:     560000 | #Constraints:      69864
c #Conflicts:     561000 | #Constraints:      70864
c #Conflicts:     562000 | #Constraints:      71864
c #Conflicts:     563000 | #Constraints:      72864
c #Conflicts:     564000 | #Constraints:      73864
c #Conflicts:     565000 | #Constraints:      74864
c #Conflicts:     566000 | #Constraints:      75864
c #Conflicts:     567000 | #Constraints:      76864
c #Conflicts:     568000 | #Constraints:      77864
c #Conflicts:     569000 | #Constraints:      78864
c #Conflicts:     570000 | #Constraints:      79864
c #Conflicts:     571000 | #Constraints:      80864
c #Conflicts:     572000 | #Constraints:      81864
c #Conflicts:     573000 | #Constraints:      82864
c #Conflicts:     574000 | #Constraints:      83864
c #Conflicts:     575000 | #Constraints:      84864
c #Conflicts:     576000 | #Constraints:      85864
c #Conflicts:     577000 | #Constraints:      86864
c #Conflicts:     578000 | #Constraints:      87864
c #Conflicts:     579000 | #Constraints:      88864
c #Conflicts:     580000 | #Constraints:      89864
c #Conflicts:     581000 | #Constraints:      90864
c #Conflicts:     582000 | #Constraints:      91864
c #Conflicts:     583000 | #Constraints:      92864
c #Conflicts:     584000 | #Constraints:      93864
c #Conflicts:     585000 | #Constraints:      94864
c #Conflicts:     586000 | #Constraints:      95864
c #Conflicts:     587000 | #Constraints:      96864
c #Conflicts:     588000 | #Constraints:      97864
c bounds -6600 >= -6957 @ 624.745
c #Conflicts:     589000 | #Constraints:      98894
c #Conflicts:     590000 | #Constraints:      99894
c #Conflicts:     591000 | #Constraints:     100894
c #Conflicts:     592000 | #Constraints:     101894
c #Conflicts:     593000 | #Constraints:     102894
c #Conflicts:     594000 | #Constraints:     103894
c #Conflicts:     595000 | #Constraints:     104894
c #Conflicts:     596000 | #Constraints:     105894
c INPROCESSING
c GARBAGE COLLECT
c #Conflicts:     597000 | #Constraints:      65741
c #Conflicts:     598000 | #Constraints:      66741
c #Conflicts:     599000 | #Constraints:      67741
c #Conflicts:     600000 | #Constraints:      68741
c #Conflicts:     601000 | #Constraints:      69741
c #Conflicts:     602000 | #Constraints:      70741
c #Conflicts:     603000 | #Constraints:      71741
c #Conflicts:     604000 | #Constraints:      72741
c #Conflicts:     605000 | #Constraints:      73741
c #Conflicts:     606000 | #Constraints:      74741
c #Conflicts:     607000 | #Constraints:      75741
c #Conflicts:     608000 | #Constraints:      76741
c #Conflicts:     609000 | #Constraints:      77741
c #Conflicts:     610000 | #Constraints:      78741
c #Conflicts:     611000 | #Constraints:      79741
c #Conflicts:     612000 | #Constraints:      80741
c #Conflicts:     613000 | #Constraints:      81741
c #Conflicts:     614000 | #Constraints:      82741
c INPROCESSING
c GARBAGE COLLECT
c #Conflicts:     615000 | #Constraints:      53865
c bounds -6600 >= -6954 @ 698.907
c #Conflicts:     616000 | #Constraints:      54868
c #Conflicts:     617000 | #Constraints:      55868
c #Conflicts:     618000 | #Constraints:      56868
c #Conflicts:     619000 | #Constraints:      57868
c #Conflicts:     620000 | #Constraints:      58868
c bounds -6600 >= -6951 @ 700.056
c bounds -6600 >= -6948 @ 700.07
c #Conflicts:     621000 | #Constraints:      59877
c #Conflicts:     622000 | #Constraints:      60877
c #Conflicts:     623000 | #Constraints:      61877
c #Conflicts:     624000 | #Constraints:      62877
c bounds -6600 >= -6945 @ 700.69
c #Conflicts:     625000 | #Constraints:      63883
c bounds -6600 >= -6942 @ 701.171
c #Conflicts:     626000 | #Constraints:      64889
c #Conflicts:     627000 | #Constraints:      65889
c #Conflicts:     628000 | #Constraints:      66889
c #Conflicts:     629000 | #Constraints:      67889
c bounds -6600 >= -6939 @ 710.591
c #Conflicts:     630000 | #Constraints:      68958
c #Conflicts:     631000 | #Constraints:      69958
c #Conflicts:     632000 | #Constraints:      70958
c #Conflicts:     633000 | #Constraints:      71958
c bounds -6600 >= -6936 @ 722.122
c #Conflicts:     634000 | #Constraints:      73015
c #Conflicts:     635000 | #Constraints:      74015
c #Conflicts:     636000 | #Constraints:      75015
c #Conflicts:     637000 | #Constraints:      76015
c bounds -6600 >= -6933 @ 739.036
c #Conflicts:     638000 | #Constraints:      77060
c bounds -6600 >= -6930 @ 740.681
c #Conflicts:     639000 | #Constraints:      78063
c #Conflicts:     640000 | #Constraints:      79063
c #Conflicts:     641000 | #Constraints:      80063
c #Conflicts:     642000 | #Constraints:      81063
c bounds -6600 >= -6927 @ 741.262
c #Conflicts:     643000 | #Constraints:      82069
c #Conflicts:     644000 | #Constraints:      83069
c #Conflicts:     645000 | #Constraints:      84069
c bounds -6600 >= -6924 @ 746.972
c #Conflicts:     646000 | #Constraints:      85075
c #Conflicts:     647000 | #Constraints:      86075
c #Conflicts:     648000 | #Constraints:      87075
c bounds -6600 >= -6921 @ 762.411
c #Conflicts:     649000 | #Constraints:      88123
c #Conflicts:     650000 | #Constraints:      89123
c #Conflicts:     651000 | #Constraints:      90123
c #Conflicts:     652000 | #Constraints:      91123
c #Conflicts:     653000 | #Constraints:      92123
c #Conflicts:     654000 | #Constraints:      93123
c #Conflicts:     655000 | #Constraints:      94123
c #Conflicts:     656000 | #Constraints:      95123
c #Conflicts:     657000 | #Constraints:      96123
c #Conflicts:     658000 | #Constraints:      97123
c #Conflicts:     659000 | #Constraints:      98123
c #Conflicts:     660000 | #Constraints:      99123
c #Conflicts:     661000 | #Constraints:     100123
c #Conflicts:     662000 | #Constraints:     101123
c #Conflicts:     663000 | #Constraints:     102123
c #Conflicts:     664000 | #Constraints:     103123
c #Conflicts:     665000 | #Constraints:     104123
c #Conflicts:     666000 | #Constraints:     105123
c #Conflicts:     667000 | #Constraints:     106123
c #Conflicts:     668000 | #Constraints:     107123
c #Conflicts:     669000 | #Constraints:     108123
c #Conflicts:     670000 | #Constraints:     109123
c #Conflicts:     671000 | #Constraints:     110123
c #Conflicts:     672000 | #Constraints:     111123
c #Conflicts:     673000 | #Constraints:     112123
c INPROCESSING
c GARBAGE COLLECT
c bounds -6600 >= -6918 @ 914.938
c #Conflicts:     674000 | #Constraints:      69120
c #Conflicts:     675000 | #Constraints:      70120
c #Conflicts:     676000 | #Constraints:      71120
c bounds -6600 >= -6915 @ 915.451
c #Conflicts:     677000 | #Constraints:      72126
c bounds -6600 >= -6912 @ 916.614
c #Conflicts:     678000 | #Constraints:      73129
c #Conflicts:     679000 | #Constraints:      74129
c #Conflicts:     680000 | #Constraints:      75129
c #Conflicts:     681000 | #Constraints:      76129
c bounds -6600 >= -6909 @ 917.677
c #Conflicts:     682000 | #Constraints:      77135
c #Conflicts:     683000 | #Constraints:      78135
c #Conflicts:     684000 | #Constraints:      79135
c #Conflicts:     685000 | #Constraints:      80135
c bounds -6600 >= -6906 @ 921.034
c #Conflicts:     686000 | #Constraints:      81141
c #Conflicts:     687000 | #Constraints:      82141
c #Conflicts:     688000 | #Constraints:      83141
c #Conflicts:     689000 | #Constraints:      84141
c #Conflicts:     690000 | #Constraints:      85141
c #Conflicts:     691000 | #Constraints:      86141
c #Conflicts:     692000 | #Constraints:      87141
c #Conflicts:     693000 | #Constraints:      88141
c INPROCESSING
c GARBAGE COLLECT
c #Conflicts:     694000 | #Constraints:      57374
c #Conflicts:     695000 | #Constraints:      58374
c #Conflicts:     696000 | #Constraints:      59374
c bounds -6600 >= -6903 @ 926.319
c #Conflicts:     697000 | #Constraints:      60386
c #Conflicts:     698000 | #Constraints:      61386
c #Conflicts:     699000 | #Constraints:      62386
c #Conflicts:     700000 | #Constraints:      63386
c #Conflicts:     701000 | #Constraints:      64386
c #Conflicts:     702000 | #Constraints:      65386
c #Conflicts:     703000 | #Constraints:      66386
c #Conflicts:     704000 | #Constraints:      67386
c #Conflicts:     705000 | #Constraints:      68386
c #Conflicts:     706000 | #Constraints:      69386
c bounds -6600 >= -6900 @ 939.885
c #Conflicts:     707000 | #Constraints:      70434
c #Conflicts:     708000 | #Constraints:      71434
c #Conflicts:     709000 | #Constraints:      72434
c #Conflicts:     710000 | #Constraints:      73434
c #Conflicts:     711000 | #Constraints:      74434
c #Conflicts:     712000 | #Constraints:      75434
c #Conflicts:     713000 | #Constraints:      76434
c #Conflicts:     714000 | #Constraints:      77434
c #Conflicts:     715000 | #Constraints:      78434
c #Conflicts:     716000 | #Constraints:      79434
c #Conflicts:     717000 | #Constraints:      80434
c #Conflicts:     718000 | #Constraints:      81434
c #Conflicts:     719000 | #Constraints:      82434
c #Conflicts:     720000 | #Constraints:      83434
c #Conflicts:     721000 | #Constraints:      84434
c #Conflicts:     722000 | #Constraints:      85434
c #Conflicts:     723000 | #Constraints:      86434
c #Conflicts:     724000 | #Constraints:      87434
c #Conflicts:     725000 | #Constraints:      88434
c #Conflicts:     726000 | #Constraints:      89434
c #Conflicts:     727000 | #Constraints:      90434
c #Conflicts:     728000 | #Constraints:      91434
c #Conflicts:     729000 | #Constraints:      92434
c #Conflicts:     730000 | #Constraints:      93434
c #Conflicts:     731000 | #Constraints:      94434
c #Conflicts:     732000 | #Constraints:      95434
c #Conflicts:     733000 | #Constraints:      96434
c #Conflicts:     734000 | #Constraints:      97434
c #Conflicts:     735000 | #Constraints:      98434
c #Conflicts:     736000 | #Constraints:      99434
c #Conflicts:     737000 | #Constraints:     100434
c #Conflicts:     738000 | #Constraints:     101434
c #Conflicts:     739000 | #Constraints:     102434
c #Conflicts:     740000 | #Constraints:     103434
c #Conflicts:     741000 | #Constraints:     104434
c #Conflicts:     742000 | #Constraints:     105434
c #Conflicts:     743000 | #Constraints:     106434
c #Conflicts:     744000 | #Constraints:     107434
c #Conflicts:     745000 | #Constraints:     108434
c #Conflicts:     746000 | #Constraints:     109434
c #Conflicts:     747000 | #Constraints:     110434
c #Conflicts:     748000 | #Constraints:     111434
c #Conflicts:     749000 | #Constraints:     112434
c #Conflicts:     750000 | #Constraints:     113434
c #Conflicts:     751000 | #Constraints:     114434
c #Conflicts:     752000 | #Constraints:     115434
c #Conflicts:     753000 | #Constraints:     116434
c #Conflicts:     754000 | #Constraints:     117434
c INPROCESSING
c GARBAGE COLLECT
c #Conflicts:     755000 | #Constraints:      71993
c #Conflicts:     756000 | #Constraints:      72993
c #Conflicts:     757000 | #Constraints:      73993
c #Conflicts:     758000 | #Constraints:      74993
c #Conflicts:     759000 | #Constraints:      75993
c #Conflicts:     760000 | #Constraints:      76993
c #Conflicts:     761000 | #Constraints:      77993
c #Conflicts:     762000 | #Constraints:      78993
c #Conflicts:     763000 | #Constraints:      79993
c #Conflicts:     764000 | #Constraints:      80993
c #Conflicts:     765000 | #Constraints:      81993
c #Conflicts:     766000 | #Constraints:      82993
c #Conflicts:     767000 | #Constraints:      83993
c #Conflicts:     768000 | #Constraints:      84993
c #Conflicts:     769000 | #Constraints:      85993
c #Conflicts:     770000 | #Constraints:      86993
c #Conflicts:     771000 | #Constraints:      87993
c #Conflicts:     772000 | #Constraints:      88993
c #Conflicts:     773000 | #Constraints:      89993
c #Conflicts:     774000 | #Constraints:      90993
c #Conflicts:     775000 | #Constraints:      91993
c INPROCESSING
c GARBAGE COLLECT
c #Conflicts:     776000 | #Constraints:      61337
c #Conflicts:     777000 | #Constraints:      62337
c #Conflicts:     778000 | #Constraints:      63337
c #Conflicts:     779000 | #Constraints:      64337
c #Conflicts:     780000 | #Constraints:      65337
c #Conflicts:     781000 | #Constraints:      66337
c #Conflicts:     782000 | #Constraints:      67337
c #Conflicts:     783000 | #Constraints:      68337
c #Conflicts:     784000 | #Constraints:      69337
c #Conflicts:     785000 | #Constraints:      70337
c #Conflicts:     786000 | #Constraints:      71337
c #Conflicts:     787000 | #Constraints:      72337
c #Conflicts:     788000 | #Constraints:      73337
c #Conflicts:     789000 | #Constraints:      74337
c #Conflicts:     790000 | #Constraints:      75337
c #Conflicts:     791000 | #Constraints:      76337
c #Conflicts:     792000 | #Constraints:      77337
c #Conflicts:     793000 | #Constraints:      78337
c #Conflicts:     794000 | #Constraints:      79337
c #Conflicts:     795000 | #Constraints:      80337
c #Conflicts:     796000 | #Constraints:      81337
c #Conflicts:     797000 | #Constraints:      82337
c #Conflicts:     798000 | #Constraints:      83337
c #Conflicts:     799000 | #Constraints:      84337
c #Conflicts:     800000 | #Constraints:      85337
c #Conflicts:     801000 | #Constraints:      86337
c #Conflicts:     802000 | #Constraints:      87337
c #Conflicts:     803000 | #Constraints:      88337
c #Conflicts:     804000 | #Constraints:      89337
c #Conflicts:     805000 | #Constraints:      90337
c #Conflicts:     806000 | #Constraints:      91337
c #Conflicts:     807000 | #Constraints:      92337
c #Conflicts:     808000 | #Constraints:      93337
c #Conflicts:     809000 | #Constraints:      94337
c #Conflicts:     810000 | #Constraints:      95337
c #Conflicts:     811000 | #Constraints:      96337
c #Conflicts:     812000 | #Constraints:      97337
c #Conflicts:     813000 | #Constraints:      98337
c #Conflicts:     814000 | #Constraints:      99337
c #Conflicts:     815000 | #Constraints:     100337
c #Conflicts:     816000 | #Constraints:     101337
c #Conflicts:     817000 | #Constraints:     102337
c #Conflicts:     818000 | #Constraints:     103337
c #Conflicts:     819000 | #Constraints:     104337
c #Conflicts:     820000 | #Constraints:     105337
c #Conflicts:     821000 | #Constraints:     106337
c #Conflicts:     822000 | #Constraints:     107337
c #Conflicts:     823000 | #Constraints:     108337
c #Conflicts:     824000 | #Constraints:     109337
c #Conflicts:     825000 | #Constraints:     110337
c #Conflicts:     826000 | #Constraints:     111337
c #Conflicts:     827000 | #Constraints:     112337
c #Conflicts:     828000 | #Constraints:     113337
c #Conflicts:     829000 | #Constraints:     114337
c #Conflicts:     830000 | #Constraints:     115337
c #Conflicts:     831000 | #Constraints:     116337
c #Conflicts:     832000 | #Constraints:     117337
c #Conflicts:     833000 | #Constraints:     118337
c #Conflicts:     834000 | #Constraints:     119337
c #Conflicts:     835000 | #Constraints:     120337
c #Conflicts:     836000 | #Constraints:     121337
c #Conflicts:     837000 | #Constraints:     122337
c #Conflicts:     838000 | #Constraints:     123337
c #Conflicts:     839000 | #Constraints:     124337
c #Conflicts:     840000 | #Constraints:     125337
c INPROCESSING
c GARBAGE COLLECT
c #Conflicts:     841000 | #Constraints:      75990
c #Conflicts:     842000 | #Constraints:      76990
c #Conflicts:     843000 | #Constraints:      77990
c #Conflicts:     844000 | #Constraints:      78990
c #Conflicts:     845000 | #Constraints:      79990
c #Conflicts:     846000 | #Constraints:      80990
c #Conflicts:     847000 | #Constraints:      81990
c #Conflicts:     848000 | #Constraints:      82990
c #Conflicts:     849000 | #Constraints:      83990
c #Conflicts:     850000 | #Constraints:      84990
c #Conflicts:     851000 | #Constraints:      85990
c #Conflicts:     852000 | #Constraints:      86990
c #Conflicts:     853000 | #Constraints:      87990
c #Conflicts:     854000 | #Constraints:      88990
c #Conflicts:     855000 | #Constraints:      89990
c #Conflicts:     856000 | #Constraints:      90990
c #Conflicts:     857000 | #Constraints:      91990
c #Conflicts:     858000 | #Constraints:      92990
c #Conflicts:     859000 | #Constraints:      93990
c #Conflicts:     860000 | #Constraints:      94990
c #Conflicts:     861000 | #Constraints:      95990
c #Conflicts:     862000 | #Constraints:      96990
c INPROCESSING
c GARBAGE COLLECT
c #Conflicts:     863000 | #Constraints:      64406
c #Conflicts:     864000 | #Constraints:      65406
c #Conflicts:     865000 | #Constraints:      66406
c #Conflicts:     866000 | #Constraints:      67406
c #Conflicts:     867000 | #Constraints:      68406
c #Conflicts:     868000 | #Constraints:      69406
c #Conflicts:     869000 | #Constraints:      70406
c #Conflicts:     870000 | #Constraints:      71406
c #Conflicts:     871000 | #Constraints:      72406
c #Conflicts:     872000 | #Constraints:      73406
c #Conflicts:     873000 | #Constraints:      74406
c #Conflicts:     874000 | #Constraints:      75406
c #Conflicts:     875000 | #Constraints:      76406
c #Conflicts:     876000 | #Constraints:      77406
c #Conflicts:     877000 | #Constraints:      78406
c #Conflicts:     878000 | #Constraints:      79406
c #Conflicts:     879000 | #Constraints:      80406
c #Conflicts:     880000 | #Constraints:      81406
c #Conflicts:     881000 | #Constraints:      82406
c #Conflicts:     882000 | #Constraints:      83406
c #Conflicts:     883000 | #Constraints:      84406
c #Conflicts:     884000 | #Constraints:      85406
c #Conflicts:     885000 | #Constraints:      86406
c #Conflicts:     886000 | #Constraints:      87406
c #Conflicts:     887000 | #Constraints:      88406
c #Conflicts:     888000 | #Constraints:      89406
c #Conflicts:     889000 | #Constraints:      90406
c #Conflicts:     890000 | #Constraints:      91406
c #Conflicts:     891000 | #Constraints:      92406
c #Conflicts:     892000 | #Constraints:      93406
c #Conflicts:     893000 | #Constraints:      94406
c #Conflicts:     894000 | #Constraints:      95406
c #Conflicts:     895000 | #Constraints:      96406
c #Conflicts:     896000 | #Constraints:      97406
c #Conflicts:     897000 | #Constraints:      98406
c #Conflicts:     898000 | #Constraints:      99406
c #Conflicts:     899000 | #Constraints:     100406
c #Conflicts:     900000 | #Constraints:     101406
c #Conflicts:     901000 | #Constraints:     102406
c #Conflicts:     902000 | #Constraints:     103406
c #Conflicts:     903000 | #Constraints:     104406
c #Conflicts:     904000 | #Constraints:     105406
c #Conflicts:     905000 | #Constraints:     106406
c #Conflicts:     906000 | #Constraints:     107406
c #Conflicts:     907000 | #Constraints:     108406
c #Conflicts:     908000 | #Constraints:     109406
c #Conflicts:     909000 | #Constraints:     110406
c #Conflicts:     910000 | #Constraints:     111406
c #Conflicts:     911000 | #Constraints:     112406
c #Conflicts:     912000 | #Constraints:     113406
c #Conflicts:     913000 | #Constraints:     114406
c #Conflicts:     914000 | #Constraints:     115406
c #Conflicts:     915000 | #Constraints:     116406
c #Conflicts:     916000 | #Constraints:     117406
c #Conflicts:     917000 | #Constraints:     118406
c #Conflicts:     918000 | #Constraints:     119406
c #Conflicts:     919000 | #Constraints:     120406
c #Conflicts:     920000 | #Constraints:     121406
c #Conflicts:     921000 | #Constraints:     122406
c #Conflicts:     922000 | #Constraints:     123406
c #Conflicts:     923000 | #Constraints:     124406
c #Conflicts:     924000 | #Constraints:     125406
c #Conflicts:     925000 | #Constraints:     126406
c #Conflicts:     926000 | #Constraints:     127406
c #Conflicts:     927000 | #Constraints:     128406
c #Conflicts:     928000 | #Constraints:     129406
c #Conflicts:     929000 | #Constraints:     130406
c #Conflicts:     930000 | #Constraints:     131406
c INPROCESSING
c GARBAGE COLLECT
c #Conflicts:     931000 | #Constraints:      78972
c #Conflicts:     932000 | #Constraints:      79972
c #Conflicts:     933000 | #Constraints:      80972
c #Conflicts:     934000 | #Constraints:      81972
c #Conflicts:     935000 | #Constraints:      82972
c #Conflicts:     936000 | #Constraints:      83972
c #Conflicts:     937000 | #Constraints:      84972
c #Conflicts:     938000 | #Constraints:      85972
c #Conflicts:     939000 | #Constraints:      86972
c #Conflicts:     940000 | #Constraints:      87972
c #Conflicts:     941000 | #Constraints:      88972
c #Conflicts:     942000 | #Constraints:      89972
c #Conflicts:     943000 | #Constraints:      90972
c #Conflicts:     944000 | #Constraints:      91972
c #Conflicts:     945000 | #Constraints:      92972
c #Conflicts:     946000 | #Constraints:      93972
c #Conflicts:     947000 | #Constraints:      94972
c #Conflicts:     948000 | #Constraints:      95972
c #Conflicts:     949000 | #Constraints:      96972
c #Conflicts:     950000 | #Constraints:      97972
c #Conflicts:     951000 | #Constraints:      98972
c #Conflicts:     952000 | #Constraints:      99972
c #Conflicts:     953000 | #Constraints:     100972
c INPROCESSING
c GARBAGE COLLECT
c #Conflicts:     954000 | #Constraints:      66922
c #Conflicts:     955000 | #Constraints:      67922
c #Conflicts:     956000 | #Constraints:      68922
c #Conflicts:     957000 | #Constraints:      69922
c #Conflicts:     958000 | #Constraints:      70922
c #Conflicts:     959000 | #Constraints:      71922
c #Conflicts:     960000 | #Constraints:      72922
c #Conflicts:     961000 | #Constraints:      73922
c #Conflicts:     962000 | #Constraints:      74922
c #Conflicts:     963000 | #Constraints:      75922
c #Conflicts:     964000 | #Constraints:      76922
c #Conflicts:     965000 | #Constraints:      77922
c #Conflicts:     966000 | #Constraints:      78922
c #Conflicts:     967000 | #Constraints:      79922
c #Conflicts:     968000 | #Constraints:      80922
c #Conflicts:     969000 | #Constraints:      81922
c #Conflicts:     970000 | #Constraints:      82922
c #Conflicts:     971000 | #Constraints:      83922
c #Conflicts:     972000 | #Constraints:      84922
c #Conflicts:     973000 | #Constraints:      85922
c #Conflicts:     974000 | #Constraints:      86922
c #Conflicts:     975000 | #Constraints:      87922
c #Conflicts:     976000 | #Constraints:      88922
c #Conflicts:     977000 | #Constraints:      89922
c #Conflicts:     978000 | #Constraints:      90922
c #Conflicts:     979000 | #Constraints:      91922
c #Conflicts:     980000 | #Constraints:      92922
c #Conflicts:     981000 | #Constraints:      93922
c #Conflicts:     982000 | #Constraints:      94922
c #Conflicts:     983000 | #Constraints:      95922
c #Conflicts:     984000 | #Constraints:      96922
c #Conflicts:     985000 | #Constraints:      97922
c #Conflicts:     986000 | #Constraints:      98922
c #Conflicts:     987000 | #Constraints:      99922
c #Conflicts:     988000 | #Constraints:     100922
c #Conflicts:     989000 | #Constraints:     101922
c #Conflicts:     990000 | #Constraints:     102922
c #Conflicts:     991000 | #Constraints:     103922
c #Conflicts:     992000 | #Constraints:     104922
c #Conflicts:     993000 | #Constraints:     105922
c #Conflicts:     994000 | #Constraints:     106922
c #Conflicts:     995000 | #Constraints:     107922
c #Conflicts:     996000 | #Constraints:     108922
c #Conflicts:     997000 | #Constraints:     109922
c #Conflicts:     998000 | #Constraints:     110922
c #Conflicts:     999000 | #Constraints:     111922
c #Conflicts:    1000000 | #Constraints:     112922
c #Conflicts:    1001000 | #Constraints:     113922
c #Conflicts:    1002000 | #Constraints:     114922
c #Conflicts:    1003000 | #Constraints:     115922
c #Conflicts:    1004000 | #Constraints:     116922
c #Conflicts:    1005000 | #Constraints:     117922
c #Conflicts:    1006000 | #Constraints:     118922
c #Conflicts:    1007000 | #Constraints:     119922
c #Conflicts:    1008000 | #Constraints:     120922
c #Conflicts:    1009000 | #Constraints:     121922
c #Conflicts:    1010000 | #Constraints:     122922
c #Conflicts:    1011000 | #Constraints:     123922
c #Conflicts:    1012000 | #Constraints:     124922
c #Conflicts:    1013000 | #Constraints:     125922
c #Conflicts:    1014000 | #Constraints:     126922
c #Conflicts:    1015000 | #Constraints:     127922
c #Conflicts:    1016000 | #Constraints:     128922
c #Conflicts:    1017000 | #Constraints:     129922
c #Conflicts:    1018000 | #Constraints:     130922
c #Conflicts:    1019000 | #Constraints:     131922
c #Conflicts:    1020000 | #Constraints:     132922
c #Conflicts:    1021000 | #Constraints:     133922
c #Conflicts:    1022000 | #Constraints:     134922
c #Conflicts:    1023000 | #Constraints:     135922
c #Conflicts:    1024000 | #Constraints:     136922
c INPROCESSING
c GARBAGE COLLECT
c #Conflicts:    1025000 | #Constraints:      81831
c #Conflicts:    1026000 | #Constraints:      82831
c #Conflicts:    1027000 | #Constraints:      83831
c #Conflicts:    1028000 | #Constraints:      84831
c #Conflicts:    1029000 | #Constraints:      85831
c #Conflicts:    1030000 | #Constraints:      86831
c #Conflicts:    1031000 | #Constraints:      87831
c #Conflicts:    1032000 | #Constraints:      88831
c #Conflicts:    1033000 | #Constraints:      89831
c #Conflicts:    1034000 | #Constraints:      90831
c #Conflicts:    1035000 | #Constraints:      91831
c #Conflicts:    1036000 | #Constraints:      92831
c #Conflicts:    1037000 | #Constraints:      93831
c #Conflicts:    1038000 | #Constraints:      94831
c #Conflicts:    1039000 | #Constraints:      95831
c #Conflicts:    1040000 | #Constraints:      96831
c #Conflicts:    1041000 | #Constraints:      97831
c #Conflicts:    1042000 | #Constraints:      98831
c #Conflicts:    1043000 | #Constraints:      99831
c #Conflicts:    1044000 | #Constraints:     100831
c #Conflicts:    1045000 | #Constraints:     101831
c #Conflicts:    1046000 | #Constraints:     102831
c #Conflicts:    1047000 | #Constraints:     103831
c #Conflicts:    1048000 | #Constraints:     104831
c #Conflicts:    1049000 | #Constraints:     105831
c INPROCESSING
c GARBAGE COLLECT
c #Conflicts:    1050000 | #Constraints:      72907
c #Conflicts:    1051000 | #Constraints:      73907
c #Conflicts:    1052000 | #Constraints:      74907
c #Conflicts:    1053000 | #Constraints:      75907
c #Conflicts:    1054000 | #Constraints:      76907
c #Conflicts:    1055000 | #Constraints:      77907
c #Conflicts:    1056000 | #Constraints:      78907
c #Conflicts:    1057000 | #Constraints:      79907
c #Conflicts:    1058000 | #Constraints:      80907
c #Conflicts:    1059000 | #Constraints:      81907
c #Conflicts:    1060000 | #Constraints:      82907
c #Conflicts:    1061000 | #Constraints:      83907
c #Conflicts:    1062000 | #Constraints:      84907
c #Conflicts:    1063000 | #Constraints:      85907
c #Conflicts:    1064000 | #Constraints:      86907
c #Conflicts:    1065000 | #Constraints:      87907
c #Conflicts:    1066000 | #Constraints:      88907
c #Conflicts:    1067000 | #Constraints:      89907
c #Conflicts:    1068000 | #Constraints:      90907
c #Conflicts:    1069000 | #Constraints:      91907
c #Conflicts:    1070000 | #Constraints:      92907
c #Conflicts:    1071000 | #Constraints:      93907
c #Conflicts:    1072000 | #Constraints:      94907
c #Conflicts:    1073000 | #Constraints:      95907
c #Conflicts:    1074000 | #Constraints:      96907
c #Conflicts:    1075000 | #Constraints:      97907
c #Conflicts:    1076000 | #Constraints:      98907
c #Conflicts:    1077000 | #Constraints:      99907
c #Conflicts:    1078000 | #Constraints:     100907
c #Conflicts:    1079000 | #Constraints:     101907
c #Conflicts:    1080000 | #Constraints:     102907
c #Conflicts:    1081000 | #Constraints:     103907
c #Conflicts:    1082000 | #Constraints:     104907
c #Conflicts:    1083000 | #Constraints:     105907
c #Conflicts:    1084000 | #Constraints:     106907
c #Conflicts:    1085000 | #Constraints:     107907
c #Conflicts:    1086000 | #Constraints:     108907
c #Conflicts:    1087000 | #Constraints:     109907
c #Conflicts:    1088000 | #Constraints:     110907
c #Conflicts:    1089000 | #Constraints:     111907
c #Conflicts:    1090000 | #Constraints:     112907
c #Conflicts:    1091000 | #Constraints:     113907
c #Conflicts:    1092000 | #Constraints:     114907
c #Conflicts:    1093000 | #Constraints:     115907
c #Conflicts:    1094000 | #Constraints:     116907
c #Conflicts:    1095000 | #Constraints:     117907
c #Conflicts:    1096000 | #Constraints:     118907
c #Conflicts:    1097000 | #Constraints:     119907
c #Conflicts:    1098000 | #Constraints:     120907
c #Conflicts:    1099000 | #Constraints:     121907
c #Conflicts:    1100000 | #Constraints:     122907
c #Conflicts:    1101000 | #Constraints:     123907
c #Conflicts:    1102000 | #Constraints:     124907
c #Conflicts:    1103000 | #Constraints:     125907
c #Conflicts:    1104000 | #Constraints:     126907
c #Conflicts:    1105000 | #Constraints:     127907
c #Conflicts:    1106000 | #Constraints:     128907
c #Conflicts:    1107000 | #Constraints:     129907
c #Conflicts:    1108000 | #Constraints:     130907
c #Conflicts:    1109000 | #Constraints:     131907
c #Conflicts:    1110000 | #Constraints:     132907
c #Conflicts:    1111000 | #Constraints:     133907
c #Conflicts:    1112000 | #Constraints:     134907
c #Conflicts:    1113000 | #Constraints:     135907
c #Conflicts:    1114000 | #Constraints:     136907
c #Conflicts:    1115000 | #Constraints:     137907
c #Conflicts:    1116000 | #Constraints:     138907
c #Conflicts:    1117000 | #Constraints:     139907
c #Conflicts:    1118000 | #Constraints:     140907
c #Conflicts:    1119000 | #Constraints:     141907
c #Conflicts:    1120000 | #Constraints:     142907
c #Conflicts:    1121000 | #Constraints:     143907
c #Conflicts:    1122000 | #Constraints:     144907
c #Conflicts:    1123000 | #Constraints:     145907
c INPROCESSING
c GARBAGE COLLECT
c #Conflicts:    1124000 | #Constraints:      86231
c #Conflicts:    1125000 | #Constraints:      87231
c #Conflicts:    1126000 | #Constraints:      88231
c #Conflicts:    1127000 | #Constraints:      89231
c #Conflicts:    1128000 | #Constraints:      90231
c #Conflicts:    1129000 | #Constraints:      91231
c #Conflicts:    1130000 | #Constraints:      92231
c #Conflicts:    1131000 | #Constraints:      93231
c #Conflicts:    1132000 | #Constraints:      94231
c #Conflicts:    1133000 | #Constraints:      95231
c #Conflicts:    1134000 | #Constraints:      96231
c #Conflicts:    1135000 | #Constraints:      97231
c #Conflicts:    1136000 | #Constraints:      98231
c #Conflicts:    1137000 | #Constraints:      99231
c #Conflicts:    1138000 | #Constraints:     100231
c #Conflicts:    1139000 | #Constraints:     101231
c #Conflicts:    1140000 | #Constraints:     102231
c #Conflicts:    1141000 | #Constraints:     103231
c #Conflicts:    1142000 | #Constraints:     104231
c #Conflicts:    1143000 | #Constraints:     105231
c #Conflicts:    1144000 | #Constraints:     106231
c #Conflicts:    1145000 | #Constraints:     107231
c #Conflicts:    1146000 | #Constraints:     108231
c #Conflicts:    1147000 | #Constraints:     109231
c #Conflicts:    1148000 | #Constraints:     110231
c #Conflicts:    1149000 | #Constraints:     111231
c INPROCESSING
c GARBAGE COLLECT
c #Conflicts:    1150000 | #Constraints:      75774
c #Conflicts:    1151000 | #Constraints:      76774
c #Conflicts:    1152000 | #Constraints:      77774
c #Conflicts:    1153000 | #Constraints:      78774
c #Conflicts:    1154000 | #Constraints:      79774
c #Conflicts:    1155000 | #Constraints:      80774
c #Conflicts:    1156000 | #Constraints:      81774
c #Conflicts:    1157000 | #Constraints:      82774
c #Conflicts:    1158000 | #Constraints:      83774
c #Conflicts:    1159000 | #Constraints:      84774
c #Conflicts:    1160000 | #Constraints:      85774
c #Conflicts:    1161000 | #Constraints:      86774
c #Conflicts:    1162000 | #Constraints:      87774
c #Conflicts:    1163000 | #Constraints:      88774
c #Conflicts:    1164000 | #Constraints:      89774
c #Conflicts:    1165000 | #Constraints:      90774
c #Conflicts:    1166000 | #Constraints:      91774
c #Conflicts:    1167000 | #Constraints:      92774
c #Conflicts:    1168000 | #Constraints:      93774
c #Conflicts:    1169000 | #Constraints:      94774
c #Conflicts:    1170000 | #Constraints:      95774
c #Conflicts:    1171000 | #Constraints:      96774
c #Conflicts:    1172000 | #Constraints:      97774
c #Conflicts:    1173000 | #Constraints:      98774
c #Conflicts:    1174000 | #Constraints:      99774
c #Conflicts:    1175000 | #Constraints:     100774
c #Conflicts:    1176000 | #Constraints:     101774
c #Conflicts:    1177000 | #Constraints:     102774
c #Conflicts:    1178000 | #Constraints:     103774
c #Conflicts:    1179000 | #Constraints:     104774
c #Conflicts:    1180000 | #Constraints:     105774
c #Conflicts:    1181000 | #Constraints:     106774
c #Conflicts:    1182000 | #Constraints:     107774
c #Conflicts:    1183000 | #Constraints:     108774
c #Conflicts:    1184000 | #Constraints:     109774
c #Conflicts:    1185000 | #Constraints:     110774
c #Conflicts:    1186000 | #Constraints:     111774
c #Conflicts:    1187000 | #Constraints:     112774
c #Conflicts:    1188000 | #Constraints:     113774
c #Conflicts:    1189000 | #Constraints:     114774
c #Conflicts:    1190000 | #Constraints:     115774
c #Conflicts:    1191000 | #Constraints:     116774
c #Conflicts:    1192000 | #Constraints:     117774
c #Conflicts:    1193000 | #Constraints:     118774
c #Conflicts:    1194000 | #Constraints:     119774
c #Conflicts:    1195000 | #Constraints:     120774
c #Conflicts:    1196000 | #Constraints:     121774
c #Conflicts:    1197000 | #Constraints:     122774
c #Conflicts:    1198000 | #Constraints:     123774
c #Conflicts:    1199000 | #Constraints:     124774
c #Conflicts:    1200000 | #Constraints:     125774
c #Conflicts:    1201000 | #Constraints:     126774
c #Conflicts:    1202000 | #Constraints:     127774
c #Conflicts:    1203000 | #Constraints:     128774
c #Conflicts:    1204000 | #Constraints:     129774
c #Conflicts:    1205000 | #Constraints:     130774
c #Conflicts:    1206000 | #Constraints:     131774
c #Conflicts:    1207000 | #Constraints:     132774
c #Conflicts:    1208000 | #Constraints:     133774
c #Conflicts:    1209000 | #Constraints:     134774
c #Conflicts:    1210000 | #Constraints:     135774
c #Conflicts:    1211000 | #Constraints:     136774
c #Conflicts:    1212000 | #Constraints:     137774
c #Conflicts:    1213000 | #Constraints:     138774
c #Conflicts:    1214000 | #Constraints:     139774
c #Conflicts:    1215000 | #Constraints:     140774
c #Conflicts:    1216000 | #Constraints:     141774
c #Conflicts:    1217000 | #Constraints:     142774
c #Conflicts:    1218000 | #Constraints:     143774
c #Conflicts:    1219000 | #Constraints:     144774
c #Conflicts:    1220000 | #Constraints:     145774
c #Conflicts:    1221000 | #Constraints:     146774
c #Conflicts:    1222000 | #Constraints:     147774
c #Conflicts:    1223000 | #Constraints:     148774
c #Conflicts:    1224000 | #Constraints:     149774
c #Conflicts:    1225000 | #Constraints:     150774
c #Conflicts:    1226000 | #Constraints:     151774
c INPROCESSING
c GARBAGE COLLECT
c #Conflicts:    1227000 | #Constraints:      89196
c #Conflicts:    1228000 | #Constraints:      90196
c #Conflicts:    1229000 | #Constraints:      91196
c #Conflicts:    1230000 | #Constraints:      92196
c #Conflicts:    1231000 | #Constraints:      93196
c #Conflicts:    1232000 | #Constraints:      94196
c #Conflicts:    1233000 | #Constraints:      95196
c #Conflicts:    1234000 | #Constraints:      96196
c #Conflicts:    1235000 | #Constraints:  