c RoundingSat 2
c branch 
c commit 
c #variables 4350 #constraints 11141
c bounds - >= -3750 @ 0.045073
c bounds 0 >= -3750 @ 0.046999
c bounds -3040 >= -3750 @ 0.067547
c bounds -3044 >= -3750 @ 0.07819
c bounds -3300 >= -3750 @ 0.101413
c #Conflicts:       1000 | #Constraints:      12144
c #Conflicts:       2000 | #Constraints:      13144
c INPROCESSING
c GARBAGE COLLECT
c bounds -3300 >= -3747 @ 0.813312
c bounds -3300 >= -3744 @ 0.817707
c #Conflicts:       3000 | #Constraints:      13214
c #Conflicts:       4000 | #Constraints:      14214
c INPROCESSING
c GARBAGE COLLECT
c #Conflicts:       5000 | #Constraints:      13627
c #Conflicts:       6000 | #Constraints:      14627
c bounds -3300 >= -3741 @ 1.32337
c INPROCESSING
c GARBAGE COLLECT
c #Conflicts:       7000 | #Constraints:      13677
c #Conflicts:       8000 | #Constraints:      14677
c #Conflicts:       9000 | #Constraints:      15677
c INPROCESSING
c GARBAGE COLLECT
c bounds -3300 >= -3738 @ 2.85821
c bounds -3300 >= -3735 @ 2.86237
c bounds -3300 >= -3732 @ 2.86612
c bounds -3300 >= -3729 @ 2.87005
c bounds -3300 >= -3726 @ 2.88757
c bounds -3300 >= -3723 @ 2.93003
c #Conflicts:      10000 | #Constraints:      14463
c bounds -3300 >= -3720 @ 2.97659
c #Conflicts:      11000 | #Constraints:      15475
c #Conflicts:      12000 | #Constraints:      16475
c INPROCESSING
c GARBAGE COLLECT
c #Conflicts:      13000 | #Constraints:      14904
c bounds -3300 >= -3717 @ 3.43647
c bounds -3300 >= -3714 @ 3.48775
c #Conflicts:      14000 | #Constraints:      15922
c #Conflicts:      15000 | #Constraints:      16922
c INPROCESSING
c GARBAGE COLLECT
c #Conflicts:      16000 | #Constraints:      15129
c #Conflicts:      17000 | #Constraints:      16129
c #Conflicts:      18000 | #Constraints:      17129
c INPROCESSING
c GARBAGE COLLECT
c #Conflicts:      19000 | #Constraints:      15135
c #Conflicts:      20000 | #Constraints:      16135
c #Conflicts:      21000 | #Constraints:      17135
c INPROCESSING
c GARBAGE COLLECT
c #Conflicts:      22000 | #Constraints:      14977
c bounds -3300 >= -3711 @ 6.65012
c #Conflicts:      23000 | #Constraints:      15980
c #Conflicts:      24000 | #Constraints:      16980
c bounds -3300 >= -3708 @ 7.16671
c bounds -3300 >= -3705 @ 7.1831
c #Conflicts:      25000 | #Constraints:      17989
c INPROCESSING
c GARBAGE COLLECT
c #Conflicts:      26000 | #Constraints:      15583
c #Conflicts:      27000 | #Constraints:      16583
c #Conflicts:      28000 | #Constraints:      17583
c bounds -3300 >= -3702 @ 8.24098
c #Conflicts:      29000 | #Constraints:      18589
c INPROCESSING
c GARBAGE COLLECT
c #Conflicts:      30000 | #Constraints:      15996
c #Conflicts:      31000 | #Constraints:      16996
c #Conflicts:      32000 | #Constraints:      17996
c #Conflicts:      33000 | #Constraints:      18996
c INPROCESSING
c GARBAGE COLLECT
c bounds -3300 >= -3699 @ 12.7328
c #Conflicts:      34000 | #Constraints:      16278
c #Conflicts:      35000 | #Constraints:      17278
c #Conflicts:      36000 | #Constraints:      18278
c #Conflicts:      37000 | #Constraints:      19278
c INPROCESSING
c GARBAGE COLLECT
c #Conflicts:      38000 | #Constraints:      16279
c bounds -3300 >= -3696 @ 13.2887
c #Conflicts:      39000 | #Constraints:      17285
c bounds -3300 >= -3693 @ 13.3653
c #Conflicts:      40000 | #Constraints:      18288
c #Conflicts:      41000 | #Constraints:      19288
c INPROCESSING
c GARBAGE COLLECT
c #Conflicts:      42000 | #Constraints:      16059
c #Conflicts:      43000 | #Constraints:      17059
c bounds -3300 >= -3690 @ 13.7147
c bounds -3300 >= -3687 @ 13.7458
c #Conflicts:      44000 | #Constraints:      18068
c #Conflicts:      45000 | #Constraints:      19068
c #Conflicts:      46000 | #Constraints:      20068
c INPROCESSING
c GARBAGE COLLECT
c #Conflicts:      47000 | #Constraints:      16642
c #Conflicts:      48000 | #Constraints:      17642
c bounds -3300 >= -3684 @ 14.6736
c #Conflicts:      49000 | #Constraints:      18648
c #Conflicts:      50000 | #Constraints:      19648
c #Conflicts:      51000 | #Constraints:      20648
c INPROCESSING
c GARBAGE COLLECT
c bounds -3300 >= -3681 @ 16.4913
c bounds -3300 >= -3678 @ 16.52
c #Conflicts:      52000 | #Constraints:      17088
c bounds -3300 >= -3675 @ 16.5632
c #Conflicts:      53000 | #Constraints:      18091
c #Conflicts:      54000 | #Constraints:      19091
c #Conflicts:      55000 | #Constraints:      20091
c #Conflicts:      56000 | #Constraints:      21091
c INPROCESSING
c GARBAGE COLLECT
c #Conflicts:      57000 | #Constraints:      17254
c #Conflicts:      58000 | #Constraints:      18254
c #Conflicts:      59000 | #Constraints:      19254
c #Conflicts:      60000 | #Constraints:      20254
c #Conflicts:      61000 | #Constraints:      21254
c INPROCESSING
c GARBAGE COLLECT
c bounds -3300 >= -3672 @ 22.4582
c #Conflicts:      62000 | #Constraints:      17324
c #Conflicts:      63000 | #Constraints:      18324
c bounds -3300 >= -3669 @ 22.766
c #Conflicts:      64000 | #Constraints:      19333
c #Conflicts:      65000 | #Constraints:      20333
c bounds -3300 >= -3666 @ 22.9063
c bounds -3300 >= -3663 @ 22.9328
c #Conflicts:      66000 | #Constraints:      21351
c INPROCESSING
c GARBAGE COLLECT
c #Conflicts:      67000 | #Constraints:      17117
c #Conflicts:      68000 | #Constraints:      18117
c bounds -3300 >= -3660 @ 23.3747
c bounds -3300 >= -3657 @ 23.3975
c #Conflicts:      69000 | #Constraints:      19126
c #Conflicts:      70000 | #Constraints:      20126
c #Conflicts:      71000 | #Constraints:      21126
c bounds -3300 >= -3654 @ 23.9545
c #Conflicts:      72000 | #Constraints:      22132
c bounds -3300 >= -3651 @ 23.9844
c INPROCESSING
c GARBAGE COLLECT
c #Conflicts:      73000 | #Constraints:      17721
c #Conflicts:      74000 | #Constraints:      18721
c #Conflicts:      75000 | #Constraints:      19721
c bounds -3300 >= -3648 @ 24.5869
c bounds -3300 >= -3645 @ 24.6313
c #Conflicts:      76000 | #Constraints:      20730
c #Conflicts:      77000 | #Constraints:      21730
c #Conflicts:      78000 | #Constraints:      22730
c INPROCESSING
c GARBAGE COLLECT
c bounds -3300 >= -3642 @ 25.1407
c bounds -3300 >= -3639 @ 25.2107
c #Conflicts:      79000 | #Constraints:      18142
c #Conflicts:      80000 | #Constraints:      19142
c #Conflicts:      81000 | #Constraints:      20142
c bounds -3300 >= -3636 @ 25.6809
c #Conflicts:      82000 | #Constraints:      21148
c #Conflicts:      83000 | #Constraints:      22148
c #Conflicts:      84000 | #Constraints:      23148
c INPROCESSING
c GARBAGE COLLECT
c bounds -3300 >= -3633 @ 28.2752
c #Conflicts:      85000 | #Constraints:      18365
c #Conflicts:      86000 | #Constraints:      19365
c #Conflicts:      87000 | #Constraints:      20365
c #Conflicts:      88000 | #Constraints:      21365
c bounds -3300 >= -3630 @ 29.5261
c #Conflicts:      89000 | #Constraints:      22371
c #Conflicts:      90000 | #Constraints:      23371
c INPROCESSING
c GARBAGE COLLECT
c #Conflicts:      91000 | #Constraints:      18387
c #Conflicts:      92000 | #Constraints:      19387
c #Conflicts:      93000 | #Constraints:      20387
c #Conflicts:      94000 | #Constraints:      21387
c #Conflicts:      95000 | #Constraints:      22387
c #Conflicts:      96000 | #Constraints:      23387
c INPROCESSING
c GARBAGE COLLECT
c #Conflicts:      97000 | #Constraints:      18199
c bounds -3300 >= -3627 @ 35.1382
c #Conflicts:      98000 | #Constraints:      19202
c #Conflicts:      99000 | #Constraints:      20202
c #Conflicts:     100000 | #Constraints:      21202
c bounds -3300 >= -3624 @ 35.3711
c bounds -3300 >= -3621 @ 35.4035
c #Conflicts:     101000 | #Constraints:      22211
c #Conflicts:     102000 | #Constraints:      23211
c #Conflicts:     103000 | #Constraints:      24211
c bounds -3300 >= -3618 @ 35.772
c INPROCESSING
c GARBAGE COLLECT
c bounds -3300 >= -3615 @ 35.8128
c #Conflicts:     104000 | #Constraints:      18806
c #Conflicts:     105000 | #Constraints:      19806
c bounds -3300 >= -3612 @ 36.3616
c #Conflicts:     106000 | #Constraints:      20812
c bounds -3300 >= -3609 @ 36.5108
c #Conflicts:     107000 | #Constraints:      21833
c #Conflicts:     108000 | #Constraints:      22833
c bounds -3300 >= -3606 @ 36.9172
c bounds -3300 >= -3603 @ 36.9376
c #Conflicts:     109000 | #Constraints:      23842
c #Conflicts:     110000 | #Constraints:      24842
c INPROCESSING
c GARBAGE COLLECT
c #Conflicts:     111000 | #Constraints:      19222
c #Conflicts:     112000 | #Constraints:      20222
c #Conflicts:     113000 | #Constraints:      21222
c #Conflicts:     114000 | #Constraints:      22222
c bounds -3300 >= -3600 @ 38.4882
c #Conflicts:     115000 | #Constraints:      23228
c #Conflicts:     116000 | #Constraints:      24228
c #Conflicts:     117000 | #Constraints:      25228
c #Conflicts:     118000 | #Constraints:      26228
c #Conflicts:     119000 | #Constraints:      27228
c #Conflicts:     120000 | #Constraints:      28228
c #Conflicts:     121000 | #Constraints:      29228
c #Conflicts:     122000 | #Constraints:      30228
c #Conflicts:     123000 | #Constraints:      31228
c #Conflicts:     124000 | #Constraints:      32228
c #Conflicts:     125000 | #Constraints:      33228
c #Conflicts:     126000 | #Constraints:      34228
c #Conflicts:     127000 | #Constraints:      35228
c #Conflicts:     128000 | #Constraints:      36228
c #Conflicts:     129000 | #Constraints:      37228
c #Conflicts:     130000 | #Constraints:      38228
c #Conflicts:     131000 | #Constraints:      39228
c #Conflicts:     132000 | #Constraints:      40228
c #Conflicts:     133000 | #Constraints:      41228
c #Conflicts:     134000 | #Constraints:      42228
c #Conflicts:     135000 | #Constraints:      43228
c #Conflicts:     136000 | #Constraints:      44228
c #Conflicts:     137000 | #Constraints:      45228
c #Conflicts:     138000 | #Constraints:      46228
c #Conflicts:     139000 | #Constraints:      47228
c #Conflicts:     140000 | #Constraints:      48228
c INPROCESSING
c GARBAGE COLLECT
c bounds -3300 >= -3597 @ 121.639
c #Conflicts:     141000 | #Constraints:      30807
c #Conflicts:     142000 | #Constraints:      31807
c #Conflicts:     143000 | #Constraints:      32807
c #Conflicts:     144000 | #Constraints:      33807
c bounds -3300 >= -3594 @ 123.046
c #Conflicts:     145000 | #Constraints:      34813
c bounds -3300 >= -3591 @ 123.437
c #Conflicts:     146000 | #Constraints:      35819
c bounds -3300 >= -3588 @ 123.961
c bounds -3300 >= -3585 @ 124.106
c #Conflicts:     147000 | #Constraints:      36849
c #Conflicts:     148000 | #Constraints:      37849
c INPROCESSING
c GARBAGE COLLECT
c #Conflicts:     149000 | #Constraints:      25552
c #Conflicts:     150000 | #Constraints:      26552
c #Conflicts:     151000 | #Constraints:      27552
c #Conflicts:     152000 | #Constraints:      28552
c bounds -3300 >= -3582 @ 126.04
c bounds -3300 >= -3579 @ 126.098
c #Conflicts:     153000 | #Constraints:      29564
c #Conflicts:     154000 | #Constraints:      30564
c #Conflicts:     155000 | #Constraints:      31564
c bounds -3300 >= -3576 @ 126.611
c #Conflicts:     156000 | #Constraints:      32570
c bounds -3300 >= -3573 @ 126.648
c INPROCESSING
c GARBAGE COLLECT
c #Conflicts:     157000 | #Constraints:      22781
c #Conflicts:     158000 | #Constraints:      23781
c #Conflicts:     159000 | #Constraints:      24781
c #Conflicts:     160000 | #Constraints:      25781
c bounds -3300 >= -3570 @ 127.629
c bounds -3300 >= -3567 @ 127.665
c #Conflicts:     161000 | #Constraints:      26793
c #Conflicts:     162000 | #Constraints:      27793
c #Conflicts:     163000 | #Constraints:      28793
c bounds -3300 >= -3564 @ 128.249
c #Conflicts:     164000 | #Constraints:      29799
c #Conflicts:     165000 | #Constraints:      30799
c INPROCESSING
c GARBAGE COLLECT
c #Conflicts:     166000 | #Constraints:      22118
c #Conflicts:     167000 | #Constraints:      23118
c bounds -3300 >= -3561 @ 129.29
c bounds -3300 >= -3558 @ 129.339
c #Conflicts:     168000 | #Constraints:      24127
c #Conflicts:     169000 | #Constraints:      25127
c #Conflicts:     170000 | #Constraints:      26127
c bounds -3300 >= -3555 @ 130.069
c #Conflicts:     171000 | #Constraints:      27154
c bounds -3300 >= -3552 @ 130.127
c #Conflicts:     172000 | #Constraints:      28157
c #Conflicts:     173000 | #Constraints:      29157
c #Conflicts:     174000 | #Constraints:      30157
c INPROCESSING
c GARBAGE COLLECT
c #Conflicts:     175000 | #Constraints:      21993
c bounds -3300 >= -3549 @ 131.124
c #Conflicts:     176000 | #Constraints:      22999
c bounds -3300 >= -3546 @ 131.383
c #Conflicts:     177000 | #Constraints:      24029
c bounds -3300 >= -3543 @ 131.574
c #Conflicts:     178000 | #Constraints:      25041
c bounds -3300 >= -3540 @ 132.048
c #Conflicts:     179000 | #Constraints:      26044
c #Conflicts:     180000 | #Constraints:      27044
c #Conflicts:     181000 | #Constraints:      28044
c bounds -3300 >= -3537 @ 132.438
c bounds -3300 >= -3534 @ 132.627
c #Conflicts:     182000 | #Constraints:      29098
c #Conflicts:     183000 | #Constraints:      30098
c bounds -3300 >= -3531 @ 134.126
c #Conflicts:     184000 | #Constraints:      31134
c #Conflicts:     185000 | #Constraints:      32134
c bounds -3300 >= -3528 @ 137.717
c #Conflicts:     186000 | #Constraints:      33170
c #Conflicts:     187000 | #Constraints:      34170
c #Conflicts:     188000 | #Constraints:      35170
c bounds -3300 >= -3525 @ 141.494
c #Conflicts:     189000 | #Constraints:      36206
c #Conflicts:     190000 | #Constraints:      37206
c bounds -3300 >= -3522 @ 147.644
c #Conflicts:     191000 | #Constraints:      38251
c #Conflicts:     192000 | #Constraints:      39251
c #Conflicts:     193000 | #Constraints:      40251
c bounds -3300 >= -3519 @ 153.626
c #Conflicts:     194000 | #Constraints:      41296
c #Conflicts:     195000 | #Constraints:      42296
c #Conflicts:     196000 | #Constraints:      43296
c bounds -3300 >= -3516 @ 161.141
c #Conflicts:     197000 | #Constraints:      44332
c #Conflicts:     198000 | #Constraints:      45332
c #Conflicts:     199000 | #Constraints:      46332
c #Conflicts:     200000 | #Constraints:      47332
c bounds -3300 >= -3513 @ 177.462
c #Conflicts:     201000 | #Constraints:      48377
c #Conflicts:     202000 | #Constraints:      49377
c #Conflicts:     203000 | #Constraints:      50377
c #Conflicts:     204000 | #Constraints:      51377
c #Conflicts:     205000 | #Constraints:      52377
c #Conflicts:     206000 | #Constraints:      53377
c #Conflicts:     207000 | #Constraints:      54377
c #Conflicts:     208000 | #Constraints:      55377
c #Conflicts:     209000 | #Constraints:      56377
c #Conflicts:     210000 | #Constraints:      57377
c INPROCESSING
c GARBAGE COLLECT
c #Conflicts:     211000 | #Constraints:      34379
c #Conflicts:     212000 | #Constraints:      35379
c #Conflicts:     213000 | #Constraints:      36379
c #Conflicts:     214000 | #Constraints:      37379
c #Conflicts:     215000 | #Constraints:      38379
c #Conflicts:     216000 | #Constraints:      39379
c #Conflicts:     217000 | #Constraints:      40379
c #Conflicts:     218000 | #Constraints:      41379
c #Conflicts:     219000 | #Constraints:      42379
c #Conflicts:     220000 | #Constraints:      43379
c INPROCESSING
c GARBAGE COLLECT
c #Conflicts:     221000 | #Constraints:      28400
c #Conflicts:     222000 | #Constraints:      29400
c #Conflicts:     223000 | #Constraints:      30400
c #Conflicts:     224000 | #Constraints:      31400
c bounds -3300 >= -3510 @ 211.793
c #Conflicts:     225000 | #Constraints:      32463
c #Conflicts:     226000 | #Constraints:      33463
c #Conflicts:     227000 | #Constraints:      34463
c #Conflicts:     228000 | #Constraints:      35463
c #Conflicts:     229000 | #Constraints:      36463
c #Conflicts:     230000 | #Constraints:      37463
c #Conflicts:     231000 | #Constraints:      38463
c INPROCESSING
c GARBAGE COLLECT
c #Conflicts:     232000 | #Constraints:      25357
c #Conflicts:     233000 | #Constraints:      26357
c #Conflicts:     234000 | #Constraints:      27357
c #Conflicts:     235000 | #Constraints:      28357
c #Conflicts:     236000 | #Constraints:      29357
c bounds -3300 >= -3507 @ 230.555
c #Conflicts:     237000 | #Constraints:      30441
c #Conflicts:     238000 | #Constraints:      31441
c #Conflicts:     239000 | #Constraints:      32441
c #Conflicts:     240000 | #Constraints:      33441
c #Conflicts:     241000 | #Constraints:      34441
c #Conflicts:     242000 | #Constraints:      35441
c #Conflicts:     243000 | #Constraints:      36441
c #Conflicts:     244000 | #Constraints:      37441
c #Conflicts:     245000 | #Constraints:      38441
c #Conflicts:     246000 | #Constraints:      39441
c #Conflicts:     247000 | #Constraints:      40441
c #Conflicts:     248000 | #Constraints:      41441
c #Conflicts:     249000 | #Constraints:      42441
c #Conflicts:     250000 | #Constraints:      43441
c #Conflicts:     251000 | #Constraints:      44441
c #Conflicts:     252000 | #Constraints:      45441
c #Conflicts:     253000 | #Constraints:      46441
c #Conflicts:     254000 | #Constraints:      47441
c #Conflicts:     255000 | #Constraints:      48441
c #Conflicts:     256000 | #Constraints:      49441
c #Conflicts:     257000 | #Constraints:      50441
c #Conflicts:     258000 | #Constraints:      51441
c #Conflicts:     259000 | #Constraints:      52441
c #Conflicts:     260000 | #Constraints:      53441
c #Conflicts:     261000 | #Constraints:      54441
c #Conflicts:     262000 | #Constraints:      55441
c #Conflicts:     263000 | #Constraints:      56441
c #Conflicts:     264000 | #Constraints:      57441
c #Conflicts:     265000 | #Constraints:      58441
c #Conflicts:     266000 | #Constraints:      59441
c #Conflicts:     267000 | #Constraints:      60441
c #Conflicts:     268000 | #Constraints:      61441
c #Conflicts:     269000 | #Constraints:      62441
c #Conflicts:     270000 | #Constraints:      63441
c #Conflicts:     271000 | #Constraints:      64441
c #Conflicts:     272000 | #Constraints:      65441
c INPROCESSING
c GARBAGE COLLECT
c bounds -3300 >= -3504 @ 425.738
c #Conflicts:     273000 | #Constraints:      39906
c #Conflicts:     274000 | #Constraints:      40906
c #Conflicts:     275000 | #Constraints:      41906
c bounds -3300 >= -3501 @ 426.031
c #Conflicts:     276000 | #Constraints:      42912
c #Conflicts:     277000 | #Constraints:      43912
c bounds -3300 >= -3498 @ 435.314
c #Conflicts:     278000 | #Constraints:      44972
c #Conflicts:     279000 | #Constraints:      45972
c #Conflicts:     280000 | #Constraints:      46972
c bounds -3300 >= -3495 @ 447.496
c #Conflicts:     281000 | #Constraints:      48041
c #Conflicts:     282000 | #Constraints:      49041
c #Conflicts:     283000 | #Constraints:      50041
c INPROCESSING
c GARBAGE COLLECT
c #Conflicts:     284000 | #Constraints:      31989
c #Conflicts:     285000 | #Constraints:      32989
c #Conflicts:     286000 | #Constraints:      33989
c #Conflicts:     287000 | #Constraints:      34989
c #Conflicts:     288000 | #Constraints:      35989
c bounds -3300 >= -3492 @ 493.597
c #Conflicts:     289000 | #Constraints:      37061
c #Conflicts:     290000 | #Constraints:      38061
c #Conflicts:     291000 | #Constraints:      39061
c #Conflicts:     292000 | #Constraints:      40061
c #Conflicts:     293000 | #Constraints:      41061
c #Conflicts:     294000 | #Constraints:      42061
c #Conflicts:     295000 | #Constraints:      43061
c INPROCESSING
c GARBAGE COLLECT
c #Conflicts:     296000 | #Constraints:      28670
c #Conflicts:     297000 | #Constraints:      29670
c #Conflicts:     298000 | #Constraints:      30670
c #Conflicts:     299000 | #Constraints:      31670
c #Conflicts:     300000 | #Constraints:      32670
c bounds -3300 >= -3489 @ 564.809
c #Conflicts:     301000 | #Constraints:      33748
c #Conflicts:     302000 | #Constraints:      34748
c #Conflicts:     303000 | #Constraints:      35748
c #Conflicts:     304000 | #Constraints:      36748
c #Conflicts:     305000 | #Constraints:      37748
c #Conflicts:     306000 | #Constraints:      38748
c #Conflicts:     307000 | #Constraints:      39748
c #Conflicts:     308000 | #Constraints:      40748
c #Conflicts:     309000 | #Constraints:      41748
c #Conflicts:     310000 | #Constraints:      42748
c #Conflicts:     311000 | #Constraints:      43748
c #Conflicts:     312000 | #Constraints:      44748
c #Conflicts:     313000 | #Constraints:      45748
c #Conflicts:     314000 | #Constraints:      46748
c #Conflicts:     315000 | #Constraints:      47748
c #Conflicts:     316000 | #Constraints:      48748
c bounds -3300 >= -3486 @ 770.948
c #Conflicts:     317000 | #Constraints:      49841
c #Conflicts:     318000 | #Constraints:      50841
c #Conflicts:     319000 | #Constraints:      51841
c #Conflicts:     320000 | #Constraints:      52841
c #Conflicts:     321000 | #Constraints:      53841
c #Conflicts:     322000 | #Constraints:      54841
c #Conflicts:     323000 | #Constraints:      55841
c #Conflicts:     324000 | #Constraints:      56841
c #Conflicts:     325000 | #Constraints:      57841
c #Conflicts:     326000 | #Constraints:      58841
c #Conflicts:     327000 | #Constraints:      59841
c #Conflicts:     328000 | #Constraints:      60841
c #Conflicts:     329000 | #Constraints:      61841
c #Conflicts:     330000 | #Constraints:      62841
c #Conflicts:     331000 | #Constraints:      63841
c #Conflicts:     332000 | #Constraints:      64841
c #Conflicts:     333000 | #Constraints:      65841
c #Conflicts:     334000 | #Constraints:      66841
c #Conflicts:     335000 | #Constraints:      67841
c #Conflicts:     336000 | #Constraints:      68841
c #Conflicts:     337000 | #Constraints:      69841
c #Conflicts:     338000 | #Constraints:      70841
c #Conflicts:     339000 | #Constraints:      71841
c #Conflicts:     340000 | #Constraints:      72841
c INPROCESSING
c GARBAGE COLLECT
c #Conflicts:     341000 | #Constraints:      43507
c #Conflicts:     342000 | #Constraints:      44507
c #Conflicts:     343000 | #Constraints:      45507
c #Conflicts:     344000 | #Constraints:      46507
c #Conflicts:     345000 | #Constraints:      47507
c #Conflicts:     346000 | #Constraints:      48507
c #Conflicts:     347000 | #Constraints:      49507
c #Conflicts:     348000 | #Constraints:      50507
c #Conflicts:     349000 | #Constraints:      51507
c #Conflicts:     350000 | #Constraints:      52507
c #Conflicts:     351000 | #Constraints:      53507
c #Conflicts:     352000 | #Constraints:      54507
c #Conflicts:     353000 | #Constraints:      55507
c INPROCESSING
c GARBAGE COLLECT
c #Conflicts:     354000 | #Constraints:      34829
c #Conflicts:     355000 | #Constraints:      35829
c #Conflicts:     356000 | #Constraints:      36829
c #Conflicts:     357000 | #Constraints:      37829
c #Conflicts:     358000 | #Constraints:      38829
c #Conflicts:     359000 | #Constraints:      39829
c #Conflicts:     360000 | #Constraints:      40829
c #Conflicts:     361000 | #Constraints:      41829
c #Conflicts:     362000 | #Constraints:      42829
c #Conflicts:     363000 | #Constraints:      43829
c #Conflicts:     364000 | #Constraints:      44829
c #Conflicts:     365000 | #Constraints:      45829
c #Conflicts:     366000 | #Constraints:      46829
c INPROCESSING
c GARBAGE COLLECT
c #Conflicts:     367000 | #Constraints:      30433
c #Conflicts:     368000 | #Constraints:      31433
c #Conflicts:     369000 | #Constraints:      32433
c #Conflicts:     370000 | #Constraints:      33433
c #Conflicts:     371000 | #Constraints:      34433
c #Conflicts:     372000 | #Constraints:      35433
c #Conflicts:     373000 | #Constraints:      36433
c #Conflicts:     374000 | #Constraints:      37433
c #Conflicts:     375000 | #Constraints:      38433
c #Conflicts:     376000 | #Constraints:      39433
c #Conflicts:     377000 | #Constraints:      40433
c #Conflicts:     378000 | #Constraints:      41433
c #Conflicts:     379000 | #Constraints:      42433
c #Conflicts:     380000 | #Constraints:      43433
c #Conflicts:     381000 | #Constraints:      44433
c #Conflicts:     382000 | #Constraints:      45433
c #Conflicts:     383000 | #Constraints:      46433
c #Conflicts:     384000 | #Constraints:      47433
c #Conflicts:     385000 | #Constraints:      48433
c #Conflicts:     386000 | #Constraints:      49433
c #Conflicts:     387000 | #Constraints:      50433
c #Conflicts:     388000 | #Constraints:      51433
c #Conflicts:     389000 | #Constraints:      52433
c #Conflicts:     390000 | #Constraints:      53433
c #Conflicts:     391000 | #Constraints:      54433
c #Conflicts:     392000 | #Constraints:      55433
c #Conflicts:     393000 | #Constraints:      56433
c #Conflicts:     394000 | #Constraints:      57433
c #Conflicts:     395000 | #Constraints:      58433
c #Conflicts:     396000 | #Constraints:      59433
c #Conflicts:     397000 | #Constraints:      60433
c #Conflicts:     398000 | #Constraints:      61433
c #Conflicts:     399000 | #Constraints:      62433
c #Conflicts:     400000 | #Constraints:      63433
c #Conflicts:     401000 | #Constraints:      64433
c #Conflicts:     402000 | #Constraints:      65433
c #Conflicts:     403000 | #Constraints:      66433
c #Conflicts:     404000 | #Constraints:      67433
c #Conflicts:     405000 | #Constraints:      68433
c #Conflicts:     406000 | #Constraints:      69433
c #Conflicts:     407000 | #Constraints:      70433
c #Conflicts:     408000 | #Constraints:      71433
c #Conflicts:     409000 | #Constraints:      72433
c #Conflicts:     410000 | #Constraints:      73433
c #Conflicts:     411000 | #Constraints:      74433
c #Conflicts:     412000 | #Constraints:      75433
c #Conflicts:     413000 | #Constraints:      76433
c #Conflicts:     414000 | #Constraints:      77433
c #Conflicts:     415000 | #Constraints:      78433
c #Conflicts:     416000 | #Constraints:      79433
c INPROCESSING
c GARBAGE COLLECT
c #Conflicts:     417000 | #Constraints:      47049
c #Conflicts:     418000 | #Constraints:      48049
c #Conflicts:     419000 | #Constraints:      49049
c #Conflicts:     420000 | #Constraints:      50049
c #Conflicts:     421000 | #Constraints:      51049
c #Conflicts:     422000 | #Constraints:      52049
c #Conflicts:     423000 | #Constraints:      53049
c #Conflicts:     424000 | #Constraints:      54049
c #Conflicts:     425000 | #Constraints:      55049
c #Conflicts:     426000 | #Constraints:      56049
c #Conflicts:     427000 | #Constraints:      57049
c #Conflicts:     428000 | #Constraints:      58049
c #Conflicts:     429000 | #Constraints:      59049
c #Conflicts:     430000 | #Constraints:      60049
c bounds -3300 >= -3483 @ 4423.77
c INPROCESSING
c GARBAGE COLLECT
c #Conflicts:     431000 | #Constraints:      37201
c #Conflicts:     432000 | #Constraints:      38201
c #Conflicts:     433000 | #Constraints:      39201
c #Conflicts:     434000 | #Constraints:      40201
c #Conflicts:     435000 | #Constraints:      41201
c #Conflicts:     436000 | #Constraints:      42201
c #Conflicts:     437000 | #Constraints:      43201
c #Conflicts:     438000 | #Constraints:      44201
c #Conflicts:     439000 | #Constraints:      45201
c #Conflicts:     440000 | #Constraints:      46201
c #Conflicts:     441000 | #Constraints:      47201
c #Conflicts:     442000 | #Constraints:      48201
c #Conflicts:     443000 | #Constraints:      49201
c #Conflicts:     444000 | #Constraints:      50201
c #Conflicts:     445000 | #Constraints:      51201
c INPROCESSING
c GARBAGE COLLECT
c #Conflicts:     446000 | #Constraints:      32840
c #Conflicts:     447000 | #Constraints:      33840
c #Conflicts:     448000 | #Constraints:      34840
c #Conflicts:     449000 | #Constraints:      35840
c #Conflicts:     450000 | #Constraints:      36840
c #Conflicts:     451000 | #Constraints:      37840
c #Conflicts:     452000 | #Constraints:      38840
c #Conflicts:     453000 | #Constraints:      39840
c #Conflicts:     454000 | #Constraints:      40840
c #Conflicts:     455000 | #Constraints:      41840
c #Conflicts:     456000 | #Constraints:      42840
c #Conflicts:     457000 | #Constraints:      43840
c #Conflicts:     458000 | #Constraints:      44840
c #Conflicts:     459000 | #Constraints:      45840
c #Conflicts:     460000 | #Constraints:      46840
c #Conflicts:     461000 | #Constraints:      47840
c #Conflicts:     462000 | #Constraints:      48840
c #Conflicts:     463000 | #Constraints:      49840
c #Conflicts:     464000 | #Constraints:      50840
c #Conflicts:     465000 | #Constraints:      51840
c #Conflicts:     466000 | #Constraints:      52840
c #Conflicts:     467000 | #Constraints:      53840
c bounds -3300 >= -3480 @ 5029.34
c #Conflicts:     468000 | #Constraints:      54939
c #Conflicts:     469000 | #Constraints:      55939
c #Conflicts:     470000 | #Constraints:      56939
c #Conflicts:     471000 | #Constraints:      57939
c #Conflicts:     472000 | #Constraints:      58939
c #Conflicts:     473000 | #Constraints:      59939
c #Conflicts:     474000 | #Constraints:      60939
c #Conflicts:     475000 | #Constraints:      61939
c #Conflicts:     476000 | #Constraints:      62939
c #Conflicts:     477000 | #Constraints:      63939
c #Conflicts:     478000 | #Constraints:      64939
c #Conflicts:     479000 | #Constraints:      65939
c #Conflicts:     480000 | #Constraints:      66939
c #Conflicts:     481000 | #Constraints:      67939
c #Conflicts:     482000 | #Constraints:      68939
c #Conflicts:     483000 | #Constraints:      69939
c #Conflicts:     484000 | #Constraints:      70939
c #Conflicts:     485000 | #Constraints:      71939
c #Conflicts:     486000 | #Constraints:      72939
c #Conflicts:     487000 | #Constraints:      73939
c #Conflicts:     488000 | #Constraints:      74939
c #Conflicts:     489000 | #Constraints:      75939
c #Conflicts:     490000 | #Constraints:      76939
c #Conflicts:     491000 | #Constraints:      77939
c bounds -3300 >= -3477 @ 5776.78
c #Conflicts:     492000 | #Constraints:      79026
c #Conflicts:     493000 | #Constraints:      80026
c #Conflicts:     494000 | #Constraints:      81026
c #Conflicts:     495000 | #Constraints:      82026
c #Conflicts:     496000 | #Constraints:      83026
c #Conflicts:     497000 | #Constraints:      84026
c #Conflicts:     498000 | #Constraints:      85026
c INPROCESSING
c GARBAGE COLLECT
c #Conflicts:     499000 | #Constraints:      49495
c #Conflicts:     500000 | #Constraints:      50495
c #Conflicts:     501000 | #Constraints:      51495
c #Conflicts:     502000 | #Constraints:      52495
c #Conflicts:     503000 | #Constraints:      53495
c #Conflicts:     504000 | #Constraints:      54495
c #Conflicts:     505000 | #Constraints:      55495
c #Conflicts:     506000 | #Constraints:      56495
c #Conflicts:     507000 | #Constraints:      57495
c #Conflicts:     508000 | #Constraints:      58495
c #Conflicts:     509000 | #Constraints:      59495
c #Conflicts:     510000 | #Constraints:      60495
c #Conflicts:     511000 | #Constraints:      61495
c #Conflicts:     512000 | #Constraints:      62495
c #Conflicts:     513000 | #Constraints:      63495
c #Conflicts:     514000 | #Constraints:      64495
c INPROCESSING
c GARBAGE COLLECT
c #Conflicts:     515000 | #Constraints:      39251
c #Conflicts:     516000 | #Constraints:      40251
c #Conflicts:     517000 | #Constraints:      41251
c #Conflicts:     518000 | #Constraints:      42251
c #Conflicts:     519000 | #Constraints:      43251
c #Conflicts:     520000 | #Constraints:      44251
c #Conflicts:     521000 | #Constraints:      45251
c #Conflicts:     522000 | #Constraints:      46251
c #Conflicts:     523000 | #Constraints:      47251
c #Conflicts:     524000 | #Constraints:      48251
c #Conflicts:     525000 | #Constraints:      49251
c #Conflicts:     526000 | #Constraints:      50251
c #Conflicts:     527000 | #Constraints:      51251
c #Conflicts:     528000 | #Constraints:      52251
c #Conflicts:     529000 | #Constraints:      53251
c #Conflicts:     530000 | #Constraints:      54251
c #Conflicts:     531000 | #Constraints:      55251
c INPROCESSING
c GARBAGE COLLECT
c #Conflicts:     532000 | #Constraints:      35044
c #Conflicts:     533000 | #Constraints:      36044
c #Conflicts:     534000 | #Constraints:      37044
c #Conflicts:     535000 | #Constraints:      38044
c #Conflicts:     536000 | #Constraints:      39044
c #Conflicts:     537000 | #Constraints:      40044
c #Conflicts:     538000 | #Constraints:      41044
c #Conflicts:     539000 | #Constraints:      42044
c #Conflicts:     540000 | #Constraints:      43044
c #Conflicts:     541000 | #Constraints:      44044
c #Conflicts:     542000 | #Constraints:      45044
c #Conflicts:     543000 | #Constraints:      46044
c #Conflicts:     544000 | #Constraints:      47044
c #Conflicts:     545000 | #Constraints:      48044
c #Conflicts:     546000 | #Constraints:      49044
c #Conflicts:     547000 | #Constraints:      50044
c #Conflicts:     548000 | #Constraints:      51044
c #Conflicts:     549000 | #Constraints:      52044
c #Conflicts:     550000 | #Constraints:      53044
c #Conflicts:     551000 | #Constraints:      54044
c #Conflicts:     552000 | #Constraints:      55044
c #Conflicts:     553000 | #Constraints:      56044
c #Conflicts:     554000 | #Constraints:      57044
c #Conflicts:     555000 | #Constraints:      58044
c #Conflicts:     556000 | #Constraints:      59044
c #Conflicts:     557000 | #Constraints:      60044
c #Conflicts:     558000 | #Constraints:      61044
c #Conflicts:     559000 | #Constraints:      62044
c bounds -3300 >= -3474 @ 7622.23
c #Conflicts:     560000 | #Constraints:      63152
c #Conflicts:     561000 | #Constraints:      64152
c #Conflicts:     562000 | #Constraints:      65152
c #Conflicts:     563000 | #Constraints:      66152
c #Conflicts:     564000 | #Constraints:      67152
c #Conflicts:     565000 | #Constraints:      68152
c #Conflicts:     566000 | #Constraints:      69152
c #Conflicts:     567000 | #Constraints:      70152
c #Conflicts:     568000 | #Constraints:      71152
c #Conflicts:     569000 | #Constraints:      72152
c #Conflicts:     570000 | #Constraints:      73152
c #Conflicts:     571000 | #Constraints:      74152
c #Conflicts:     572000 | #Constraints:      75152
c #Conflicts:     573000 | #Constraints:      76152
c #Conflicts:     574000 | #Constraints:      77152
c #Conflicts:     575000 | #Constraints:      78152
c #Conflicts:     576000 | #Constraints:      79152
c #Conflicts:     577000 | #Constraints:      80152
c #Conflicts:     578000 | #Constraints:      81152
c #Conflicts:     579000 | #Constraints:      82152
c #Conflicts:     580000 | #Constraints:      83152
c #Conflicts:     581000 | #Constraints:      84152
c #Conflicts:     582000 | #Constraints:      85152
c #Conflicts:     583000 | #Constraints:      86152
c #Conflicts:     584000 | #Constraints:      87152
c #Conflicts:     585000 | #Constraints:      88152
c #Conflicts:     586000 | #Constraints:      89152
c #Conflicts:     587000 | #Constraints:      90152
c #Conflicts:     588000 | #Constraints:      91152
c INPROCESSING
c GARBAGE COLLECT
c #Conflicts:     589000 | #Constraints:      52604
c #Conflicts:     590000 | #Constraints:      53604
c #Conflicts:     591000 | #Constraints:      54604
c #Conflicts:     592000 | #Constraints:      55604
c #Conflicts:     593000 | #Constraints:      56604
c #Conflicts:     594000 | #Constraints:      57604
c #Conflicts:     595000 | #Constraints:      58604
c #Conflicts:     596000 | #Constraints:      59604
c #Conflicts:     597000 | #Constraints:      60604
c #Conflicts:     598000 | #Constraints:      61604
c #Conflicts:     599000 | #Constraints:      62604
c #Conflicts:     600000 | #Constraints:      63604
c #Conflicts:     601000 | #Constraints:      64604
c #Conflicts:     602000 | #Constraints:      65604
c #Conflicts:     603000 | #Constraints:      66604
c #Conflicts:     604000 | #Constraints:      67604
c #Conflicts:     605000 | #Constraints:      68604
c #Conflicts:     606000 | #Constraints:      69604
c INPROCESSING
c GARBAGE COLLECT
c #Conflicts:     607000 | #Constraints:      42112
c #Conflicts:     608000 | #Constraints:      43112
c #Conflicts:     609000 | #Constraints:      44112
c #Conflicts:     610000 | #Constraints:      45112
c #Conflicts:     611000 | #Constraints:      46112
c #Conflicts:     612000 | #Constraints:      47112
c #Conflicts:     613000 | #Constraints:      48112
c #Conflicts:     614000 | #Constraints:      49112
c #Conflicts:     615000 | #Constraints:      50112
c #Conflicts:     616000 | #Constraints:    