c RoundingSat 2
c branch 
c commit 
c #variables 22011 #constraints 237453
c bounds - >= -18975 @ 1.00351
c bounds 0 >= -18975 @ 1.01561
c #Conflicts:       1000 | #Constraints:     238453
c #Conflicts:       2000 | #Constraints:     239453
c INPROCESSING
c bounds -9 >= -18975 @ 1.41005
c bounds -18 >= -18975 @ 1.42718
c bounds -27 >= -18975 @ 1.44016
c bounds -34 >= -18975 @ 1.44843
c bounds -43 >= -18975 @ 1.46429
c bounds -52 >= -18975 @ 1.47275
c bounds -59 >= -18975 @ 1.48065
c bounds -68 >= -18975 @ 1.4924
c bounds -77 >= -18975 @ 1.50206
c bounds -86 >= -18975 @ 1.52086
c bounds -95 >= -18975 @ 1.52889
c bounds -104 >= -18975 @ 1.53982
c bounds -111 >= -18975 @ 1.54923
c bounds -120 >= -18975 @ 1.56244
c bounds -129 >= -18975 @ 1.57512
c bounds -136 >= -18975 @ 1.5855
c bounds -145 >= -18975 @ 1.59901
c bounds -154 >= -18975 @ 1.61201
c bounds -163 >= -18975 @ 1.62484
c bounds -172 >= -18975 @ 1.63745
c bounds -179 >= -18975 @ 1.64637
c bounds -186 >= -18975 @ 1.65413
c bounds -191 >= -18975 @ 1.66656
c bounds -200 >= -18975 @ 1.67495
c bounds -205 >= -18975 @ 1.68903
c bounds -214 >= -18975 @ 1.69709
c bounds -221 >= -18975 @ 1.70537
c bounds -230 >= -18975 @ 1.71759
c bounds -237 >= -18975 @ 1.7241
c bounds -246 >= -18975 @ 1.73524
c bounds -249 >= -18975 @ 1.74534
c bounds -252 >= -18975 @ 1.75384
c bounds -257 >= -18975 @ 1.76461
c bounds -262 >= -18975 @ 1.77634
c bounds -271 >= -18975 @ 1.78673
c bounds -280 >= -18975 @ 1.80184
c bounds -289 >= -18975 @ 1.81439
c bounds -296 >= -18975 @ 1.82666
c bounds -305 >= -18975 @ 1.83802
c bounds -314 >= -18975 @ 1.84895
c bounds -323 >= -18975 @ 1.8561
c bounds -330 >= -18975 @ 1.86316
c bounds -339 >= -18975 @ 1.87139
c bounds -346 >= -18975 @ 1.88315
c bounds -355 >= -18975 @ 1.89274
c bounds -364 >= -18975 @ 1.90094
c bounds -373 >= -18975 @ 1.91054
c bounds -382 >= -18975 @ 3.16465
c bounds -391 >= -18975 @ 3.17358
c bounds -398 >= -18975 @ 3.18593
c bounds -405 >= -18975 @ 3.19777
c bounds -412 >= -18975 @ 3.21174
c bounds -421 >= -18975 @ 3.21889
c bounds -428 >= -18975 @ 3.22557
c bounds -437 >= -18975 @ 3.23775
c bounds -442 >= -18975 @ 3.24901
c bounds -451 >= -18975 @ 3.26163
c #Conflicts:       3000 | #Constraints:     239522
c #Conflicts:       4000 | #Constraints:     240522
c INPROCESSING
c GARBAGE COLLECT
c bounds -460 >= -18975 @ 3.82175
c bounds -467 >= -18975 @ 3.82767
c bounds -472 >= -18975 @ 3.83662
c bounds -481 >= -18975 @ 3.8459
c bounds -490 >= -18975 @ 3.85278
c bounds -499 >= -18975 @ 3.86211
c bounds -508 >= -18975 @ 3.87019
c bounds -517 >= -18975 @ 3.8789
c bounds -526 >= -18975 @ 3.88735
c bounds -535 >= -18975 @ 3.89592
c bounds -544 >= -18975 @ 3.90385
c bounds -553 >= -18975 @ 3.91302
c bounds -560 >= -18975 @ 3.92594
c bounds -565 >= -18975 @ 3.93663
c bounds -572 >= -18975 @ 3.95411
c bounds -579 >= -18975 @ 3.9853
c bounds -586 >= -18975 @ 4.0007
c bounds -593 >= -18975 @ 4.01307
c bounds -600 >= -18975 @ 4.02517
c bounds -607 >= -18975 @ 4.03637
c bounds -614 >= -18975 @ 4.04416
c bounds -621 >= -18975 @ 4.05567
c bounds -628 >= -18975 @ 4.06777
c bounds -633 >= -18975 @ 4.0841
c bounds -640 >= -18975 @ 4.09254
c bounds -643 >= -18975 @ 4.66012
c bounds -648 >= -18975 @ 4.66968
c bounds -653 >= -18975 @ 4.67851
c bounds -658 >= -18975 @ 4.68696
c bounds -661 >= -18975 @ 4.69595
c bounds -664 >= -18975 @ 4.70228
c bounds -667 >= -18975 @ 4.71024
c bounds -668 >= -18975 @ 4.71712
c bounds -669 >= -18975 @ 4.72526
c bounds -670 >= -18975 @ 4.73449
c bounds -671 >= -18975 @ 4.74392
c bounds -672 >= -18975 @ 4.75314
c bounds -679 >= -18975 @ 4.76151
c bounds -684 >= -18975 @ 4.76971
c bounds -687 >= -18975 @ 4.77885
c bounds -688 >= -18975 @ 4.78785
c bounds -691 >= -18975 @ 4.79687
c bounds -696 >= -18975 @ 4.80998
c bounds -699 >= -18975 @ 4.82308
c bounds -706 >= -18975 @ 4.83649
c bounds -709 >= -18975 @ 4.85295
c bounds -716 >= -18975 @ 4.86267
c bounds -721 >= -18975 @ 4.87026
c bounds -724 >= -18975 @ 4.88011
c bounds -725 >= -18975 @ 4.88936
c bounds -730 >= -18975 @ 4.90309
c bounds -735 >= -18975 @ 4.91282
c bounds -738 >= -18975 @ 4.9226
c bounds -745 >= -18975 @ 4.93625
c bounds -752 >= -18975 @ 4.94921
c bounds -759 >= -18975 @ 4.96248
c bounds -766 >= -18975 @ 4.97114
c bounds -771 >= -18975 @ 4.97945
c bounds -774 >= -18975 @ 4.98781
c bounds -775 >= -18975 @ 4.99649
c bounds -782 >= -18975 @ 5.01106
c bounds -787 >= -18975 @ 5.02104
c bounds -790 >= -18975 @ 5.03046
c bounds -795 >= -18975 @ 5.04258
c bounds -800 >= -18975 @ 5.05168
c bounds -803 >= -18975 @ 5.06473
c bounds -808 >= -18975 @ 5.07717
c bounds -815 >= -18975 @ 5.08847
c bounds -820 >= -18975 @ 5.10036
c bounds -823 >= -18975 @ 5.10883
c bounds -823 >= -18972 @ 5.12516
c bounds -824 >= -18972 @ 5.13675
c bounds -824 >= -18969 @ 5.15888
c bounds -831 >= -18969 @ 5.17503
c bounds -836 >= -18969 @ 5.18787
c bounds -836 >= -18966 @ 5.24525
c bounds -839 >= -18966 @ 5.26003
c bounds -842 >= -18966 @ 5.27005
c bounds -843 >= -18966 @ 5.27788
c bounds -844 >= -18966 @ 5.28661
c bounds -849 >= -18966 @ 5.29446
c bounds -852 >= -18966 @ 5.30155
c bounds -857 >= -18966 @ 5.31069
c #Conflicts:       5000 | #Constraints:     239987
c bounds -857 >= -18963 @ 5.62281
c bounds -860 >= -18963 @ 6.79687
c bounds -867 >= -18963 @ 6.8078
c bounds -874 >= -18963 @ 6.81688
c bounds -881 >= -18963 @ 6.82641
c bounds -886 >= -18963 @ 6.83525
c bounds -891 >= -18963 @ 6.84301
c bounds -896 >= -18963 @ 6.85129
c bounds -899 >= -18963 @ 6.8608
c bounds -902 >= -18963 @ 6.86769
c bounds -905 >= -18963 @ 6.87524
c bounds -908 >= -18963 @ 6.88462
c bounds -913 >= -18963 @ 6.89575
c bounds -914 >= -18963 @ 6.90511
c bounds -919 >= -18963 @ 6.91573
c bounds -922 >= -18963 @ 6.92309
c bounds -927 >= -18963 @ 6.93875
c bounds -930 >= -18963 @ 6.95108
c bounds -935 >= -18963 @ 6.96739
c bounds -940 >= -18963 @ 6.97796
c bounds -945 >= -18963 @ 6.98812
c bounds -948 >= -18963 @ 7.00131
c bounds -949 >= -18963 @ 7.01197
c bounds -952 >= -18963 @ 7.0252
c bounds -955 >= -18963 @ 7.03618
c bounds -958 >= -18963 @ 7.04802
c bounds -965 >= -18963 @ 8.09191
c bounds -966 >= -18963 @ 8.1038
c bounds -971 >= -18963 @ 8.11902
c bounds -974 >= -18963 @ 8.13027
c bounds -981 >= -18963 @ 8.14545
c bounds -988 >= -18963 @ 8.16012
c bounds -995 >= -18963 @ 8.17398
c bounds -1002 >= -18963 @ 8.18628
c bounds -1007 >= -18963 @ 8.1967
c bounds -1012 >= -18963 @ 8.20787
c bounds -1015 >= -18963 @ 8.21736
c bounds -1018 >= -18963 @ 8.22633
c bounds -1019 >= -18963 @ 8.23568
c bounds -1020 >= -18963 @ 8.24393
c bounds -1021 >= -18963 @ 8.25243
c bounds -1022 >= -18963 @ 8.26181
c bounds -1023 >= -18963 @ 8.27208
c bounds -1024 >= -18963 @ 8.28136
c #Conflicts:       6000 | #Constraints:     241042
c INPROCESSING
c GARBAGE COLLECT
c bounds -1025 >= -18963 @ 8.59822
c bounds -1026 >= -18963 @ 8.60791
c bounds -1027 >= -18963 @ 8.61684
c bounds -1028 >= -18963 @ 8.62715
c bounds -1029 >= -18963 @ 8.63991
c bounds -1032 >= -18963 @ 8.64911
c bounds -1035 >= -18963 @ 8.65944
c bounds -1036 >= -18963 @ 8.66759
c bounds -1037 >= -18963 @ 8.67807
c bounds -1038 >= -18963 @ 8.68805
c bounds -1043 >= -18963 @ 8.70401
c bounds -1046 >= -18963 @ 8.71515
c bounds -1047 >= -18963 @ 8.72571
c bounds -1048 >= -18963 @ 8.73719
c bounds -1049 >= -18963 @ 8.74498
c bounds -1050 >= -18963 @ 8.75415
c bounds -1051 >= -18963 @ 8.76502
c bounds -1054 >= -18963 @ 8.77852
c bounds -1055 >= -18963 @ 8.78937
c bounds -1060 >= -18963 @ 8.80298
c bounds -1065 >= -18963 @ 8.81559
c bounds -1070 >= -18963 @ 8.82856
c bounds -1071 >= -18963 @ 9.9418
c bounds -1076 >= -18963 @ 9.95278
c bounds -1081 >= -18963 @ 9.96256
c bounds -1084 >= -18963 @ 9.97322
c bounds -1085 >= -18963 @ 9.98409
c bounds -1090 >= -18963 @ 9.99648
c bounds -1095 >= -18963 @ 10.0109
c bounds -1096 >= -18963 @ 10.0215
c bounds -1099 >= -18963 @ 10.035
c bounds -1102 >= -18963 @ 10.0475
c bounds -1105 >= -18963 @ 10.0571
c bounds -1106 >= -18963 @ 10.068
c bounds -1109 >= -18963 @ 14.0809
c bounds -1110 >= -18963 @ 14.0921
c bounds -1113 >= -18963 @ 14.1053
c bounds -1116 >= -18963 @ 15.7644
c bounds -1117 >= -18963 @ 15.7734
c bounds -1118 >= -18963 @ 15.7838
c #Conflicts:       7000 | #Constraints:     239970
c #Conflicts:       8000 | #Constraints:     240970
c #Conflicts:       9000 | #Constraints:     241970
c bounds -1118 >= -18961 @ 16.0309
c bounds -1119 >= -18961 @ 16.046
c bounds -1120 >= -18961 @ 16.0564
c bounds -1121 >= -18961 @ 16.0689
c bounds -1124 >= -18961 @ 17.8805
c INPROCESSING
c GARBAGE COLLECT
c bounds -1125 >= -18961 @ 20.3464
c #Conflicts:      10000 | #Constraints:     240338
c bounds -3447 >= -18961 @ 24.1503
c #Conflicts:      11000 | #Constraints:     241339
c #Conflicts:      12000 | #Constraints:     242339
c INPROCESSING
c #Conflicts:      13000 | #Constraints:     240804
c #Conflicts:      14000 | #Constraints:     241804
c #Conflicts:      15000 | #Constraints:     242804
c INPROCESSING
c bounds -3447 >= -18958 @ 25.3499
c #Conflicts:      16000 | #Constraints:     241045
c #Conflicts:      17000 | #Constraints:     242045
c #Conflicts:      18000 | #Constraints:     243045
c INPROCESSING
c GARBAGE COLLECT
c bounds -3456 >= -18958 @ 26.4756
c bounds -3465 >= -18958 @ 26.5257
c bounds -3474 >= -18958 @ 26.5594
c bounds -3483 >= -18958 @ 26.5943
c bounds -3492 >= -18958 @ 26.6156
c bounds -3501 >= -18958 @ 26.6308
c bounds -3510 >= -18958 @ 26.6488
c bounds -3519 >= -18958 @ 26.6624
c bounds -3528 >= -18958 @ 26.821
c bounds -3537 >= -18958 @ 26.8399
c bounds -3546 >= -18958 @ 26.8551
c bounds -3555 >= -18958 @ 26.8778
c bounds -3564 >= -18958 @ 26.8932
c bounds -3573 >= -18958 @ 26.9146
c bounds -3582 >= -18958 @ 26.9392
c #Conflicts:      19000 | #Constraints:     241076
c bounds -4437 >= -18958 @ 27.8338
c bounds -4446 >= -18958 @ 28.7728
c bounds -4455 >= -18958 @ 28.9751
c bounds -4464 >= -18958 @ 29.7546
c bounds -4464 >= -18957 @ 29.7641
c bounds -4464 >= -18956 @ 29.7726
c bounds -4464 >= -18955 @ 29.7852
c bounds -4464 >= -18954 @ 29.8312
c bounds -4464 >= -18953 @ 29.8608
c bounds -4473 >= -18953 @ 29.8894
c bounds -4473 >= -18952 @ 29.9136
c bounds -4482 >= -18952 @ 29.9319
c bounds -4482 >= -18951 @ 29.9787
c #Conflicts:      20000 | #Constraints:     242152
c #Conflicts:      21000 | #Constraints:     243152
c INPROCESSING
c GARBAGE COLLECT
c #Conflicts:      22000 | #Constraints:     241125
c bounds -4482 >= -18950 @ 32.3693
c #Conflicts:      23000 | #Constraints:     242131
c bounds -4482 >= -18949 @ 32.6042
c #Conflicts:      24000 | #Constraints:     243140
c bounds -4482 >= -18948 @ 32.7747
c bounds -4482 >= -18947 @ 32.8261
c #Conflicts:      25000 | #Constraints:     244161
c bounds -4482 >= -18946 @ 32.8459
c bounds -4482 >= -18945 @ 32.8659
c INPROCESSING
c bounds -4482 >= -18944 @ 32.9411
c bounds -4482 >= -18943 @ 33.0051
c bounds -4482 >= -18942 @ 33.0548
c #Conflicts:      26000 | #Constraints:     241544
c bounds -4482 >= -18941 @ 33.2471
c bounds -4482 >= -18940 @ 33.6594
c #Conflicts:      27000 | #Constraints:     242583
c #Conflicts:      28000 | #Constraints:     243583
c bounds -5668 >= -18940 @ 43.7289
c bounds -5668 >= -18939 @ 43.7487
c #Conflicts:      29000 | #Constraints:     244587
c INPROCESSING
c GARBAGE COLLECT
c bounds -5668 >= -18938 @ 43.8608
c bounds -5668 >= -18937 @ 43.8939
c bounds -5668 >= -18936 @ 43.9538
c #Conflicts:      30000 | #Constraints:     241755
c bounds -5668 >= -18935 @ 44.2385
c #Conflicts:      31000 | #Constraints:     242767
c bounds -5668 >= -18934 @ 45.0034
c bounds -5675 >= -18934 @ 45.0409
c bounds -5682 >= -18934 @ 45.0655
c bounds -5689 >= -18934 @ 45.0836
c bounds -5696 >= -18934 @ 45.0984
c bounds -5703 >= -18934 @ 45.1307
c bounds -5710 >= -18934 @ 45.1606
c bounds -5717 >= -18934 @ 45.2016
c bounds -5724 >= -18934 @ 45.2654
c bounds -5731 >= -18934 @ 45.3027
c bounds -5738 >= -18934 @ 45.432
c bounds -5745 >= -18934 @ 45.4882
c bounds -5752 >= -18934 @ 45.5145
c bounds -5759 >= -18934 @ 45.5546
c bounds -5766 >= -18934 @ 45.5818
c bounds -5773 >= -18934 @ 45.61
c bounds -5780 >= -18934 @ 45.6319
c bounds -5787 >= -18934 @ 45.6737
c bounds -5794 >= -18934 @ 45.7012
c #Conflicts:      32000 | #Constraints:     243803
c bounds -5801 >= -18934 @ 46.1509
c bounds -5801 >= -18933 @ 46.1997
c #Conflicts:      33000 | #Constraints:     244813
c bounds -5801 >= -18932 @ 47.5389
c #Conflicts:      34000 | #Constraints:     245837
c bounds -7079 >= -18932 @ 48.6473
c bounds -7086 >= -18932 @ 48.8903
c #Conflicts:      35000 | #Constraints:     246839
c bounds -7093 >= -18932 @ 51.9234
c #Conflicts:      36000 | #Constraints:     247840
c #Conflicts:      37000 | #Constraints:     248840
c #Conflicts:      38000 | #Constraints:     249840
c bounds -8061 >= -18932 @ 59.0686
c #Conflicts:      39000 | #Constraints:     250841
c bounds -8061 >= -18931 @ 59.1037
c bounds -8061 >= -18930 @ 59.1258
c bounds -8061 >= -18929 @ 59.1988
c #Conflicts:      40000 | #Constraints:     251856
c bounds -8061 >= -18928 @ 59.7622
c #Conflicts:      41000 | #Constraints:     252868
c #Conflicts:      42000 | #Constraints:     253868
c INPROCESSING
c GARBAGE COLLECT
c #Conflicts:      43000 | #Constraints:     246044
c #Conflicts:      44000 | #Constraints:     247044
c bounds -8061 >= -18927 @ 62.7668
c bounds -8066 >= -18927 @ 62.8618
c bounds -8071 >= -18927 @ 63.5205
c bounds -8076 >= -18927 @ 64.1326
c #Conflicts:      45000 | #Constraints:     248059
c bounds -8081 >= -18927 @ 64.2068
c bounds -8086 >= -18927 @ 64.6706
c bounds -8091 >= -18927 @ 64.7424
c bounds -8096 >= -18927 @ 65.5722
c bounds -8101 >= -18927 @ 65.954
c bounds -8106 >= -18927 @ 66.0747
c bounds -8111 >= -18927 @ 66.8807
c bounds -8116 >= -18927 @ 66.9631
c bounds -8121 >= -18927 @ 67.0551
c bounds -8126 >= -18927 @ 67.112
c bounds -8131 >= -18927 @ 67.1727
c bounds -8136 >= -18927 @ 67.2254
c bounds -8141 >= -18927 @ 67.2767
c bounds -8146 >= -18927 @ 67.3282
c bounds -8151 >= -18927 @ 67.3799
c bounds -8156 >= -18927 @ 67.4373
c bounds -8161 >= -18927 @ 67.4889
c bounds -8161 >= -18926 @ 67.5429
c bounds -8166 >= -18926 @ 68.2573
c #Conflicts:      46000 | #Constraints:     249083
c #Conflicts:      47000 | #Constraints:     250083
c bounds -8166 >= -18925 @ 68.5623
c #Conflicts:      48000 | #Constraints:     251086
c INPROCESSING
c GARBAGE COLLECT
c bounds -8166 >= -18924 @ 68.7936
c bounds -8166 >= -18923 @ 68.8468
c bounds -8166 >= -18922 @ 68.8891
c #Conflicts:      49000 | #Constraints:     245022
c bounds -8166 >= -18921 @ 68.9661
c bounds -8166 >= -18920 @ 69.0986
c #Conflicts:      50000 | #Constraints:     246055
c bounds -8486 >= -18920 @ 72.4155
c bounds -8486 >= -18919 @ 72.4391
c bounds -8486 >= -18918 @ 72.5256
c #Conflicts:      51000 | #Constraints:     247068
c bounds -8486 >= -18917 @ 72.829
c #Conflicts:      52000 | #Constraints:     248077
c #Conflicts:      53000 | #Constraints:     249077
c bounds -8486 >= -18916 @ 73.8765
c INPROCESSING
c GARBAGE COLLECT
c #Conflicts:      54000 | #Constraints:     244229
c #Conflicts:      55000 | #Constraints:     245229
c #Conflicts:      56000 | #Constraints:     246229
c bounds -9662 >= -18916 @ 83.682
c bounds -9662 >= -18915 @ 83.7415
c bounds -9662 >= -18914 @ 83.8017
c #Conflicts:      57000 | #Constraints:     247242
c bounds -9662 >= -18913 @ 83.927
c #Conflicts:      58000 | #Constraints:     248254
c bounds -9662 >= -18912 @ 84.5764
c bounds -9662 >= -18911 @ 84.6453
c bounds -9662 >= -18910 @ 84.6627
c bounds -9662 >= -18909 @ 84.6978
c bounds -9662 >= -18908 @ 84.7279
c #Conflicts:      59000 | #Constraints:     249296
c bounds -9662 >= -18907 @ 84.7674
c bounds -9662 >= -18906 @ 84.8311
c #Conflicts:      60000 | #Constraints:     250335
c bounds -9662 >= -18905 @ 85.1067
c #Conflicts:      61000 | #Constraints:     251353
c #Conflicts:      62000 | #Constraints:     252353
c bounds -9662 >= -18904 @ 86.5035
c #Conflicts:      63000 | #Constraints:     253377
c #Conflicts:      64000 | #Constraints:     254377
c #Conflicts:      65000 | #Constraints:     255377
c #Conflicts:      66000 | #Constraints:     256377
c #Conflicts:      67000 | #Constraints:     257377
c #Conflicts:      68000 | #Constraints:     258377
c bounds -9692 >= -18904 @ 115.804
c bounds -9692 >= -18903 @ 115.832
c #Conflicts:      69000 | #Constraints:     259381
c bounds -9692 >= -18902 @ 115.854
c bounds -9692 >= -18901 @ 115.906
c bounds -9692 >= -18900 @ 116.096
c #Conflicts:      70000 | #Constraints:     260417
c #Conflicts:      71000 | #Constraints:     261417
c bounds -9692 >= -18899 @ 116.626
c INPROCESSING
c GARBAGE COLLECT
c #Conflicts:      72000 | #Constraints:     249385
c #Conflicts:      73000 | #Constraints:     250385
c bounds -9692 >= -18898 @ 117.837
c #Conflicts:      74000 | #Constraints:     251397
c #Conflicts:      75000 | #Constraints:     252397
c #Conflicts:      76000 | #Constraints:     253397
c bounds -9692 >= -18897 @ 120.205
c #Conflicts:      77000 | #Constraints:     254418
c #Conflicts:      78000 | #Constraints:     255418
c INPROCESSING
c GARBAGE COLLECT
c bounds -9692 >= -18896 @ 122.024
c #Conflicts:      79000 | #Constraints:     246362
c #Conflicts:      80000 | #Constraints:     247362
c bounds -9692 >= -18895 @ 124.079
c bounds -9697 >= -18895 @ 124.354
c bounds -9702 >= -18895 @ 124.574
c #Conflicts:      81000 | #Constraints:     248391
c bounds -9707 >= -18895 @ 125.568
c bounds -9710 >= -18895 @ 125.797
c bounds -9715 >= -18895 @ 126.057
c bounds -9718 >= -18895 @ 126.261
c bounds -9723 >= -18895 @ 126.501
c bounds -9726 >= -18895 @ 126.96
c bounds -9729 >= -18895 @ 127.132
c bounds -9732 >= -18895 @ 127.398
c #Conflicts:      82000 | #Constraints:     249399
c #Conflicts:      83000 | #Constraints:     250399
c bounds -9732 >= -18894 @ 127.616
c bounds -9737 >= -18894 @ 127.742
c bounds -9740 >= -18894 @ 127.861
c bounds -9740 >= -18893 @ 127.934
c bounds -9743 >= -18893 @ 128.14
c bounds -9743 >= -18892 @ 128.261
c bounds -9743 >= -18891 @ 128.314
c bounds -9746 >= -18891 @ 128.974
c bounds -9746 >= -18890 @ 129.048
c #Conflicts:      84000 | #Constraints:     251469
c bounds -9746 >= -18889 @ 129.148
c #Conflicts:      85000 | #Constraints:     252475
c bounds -9746 >= -18888 @ 129.785
c bounds -9749 >= -18888 @ 131.623
c bounds -9749 >= -18887 @ 131.72
c bounds -9749 >= -18886 @ 131.819
c bounds -9749 >= -18885 @ 131.909
c bounds -9749 >= -18884 @ 131.994
c #Conflicts:      86000 | #Constraints:     253578
c bounds -9749 >= -18883 @ 132.153
c bounds -9752 >= -18883 @ 133.425
c bounds -9752 >= -18882 @ 133.455
c bounds -9752 >= -18881 @ 133.497
c bounds -9752 >= -18880 @ 133.56
c bounds -9752 >= -18879 @ 133.633
c #Conflicts:      87000 | #Constraints:     254636
c bounds -9752 >= -18878 @ 133.698
c bounds -9752 >= -18877 @ 133.812
c bounds -9752 >= -18876 @ 133.969
c bounds -9752 >= -18875 @ 134.197
c #Conflicts:      88000 | #Constraints:     255705
c bounds -9752 >= -18874 @ 134.432
c bounds -9755 >= -18874 @ 134.924
c bounds -9755 >= -18873 @ 135.269
c bounds -9758 >= -18873 @ 135.74
c #Conflicts:      89000 | #Constraints:     256743
c bounds -9758 >= -18872 @ 135.984
c bounds -9761 >= -18872 @ 137.432
c bounds -9761 >= -18871 @ 137.458
c #Conflicts:      90000 | #Constraints:     257780
c bounds -9761 >= -18870 @ 137.659
c #Conflicts:      91000 | #Constraints:     258786
c bounds -9761 >= -18869 @ 137.763
c bounds -9761 >= -18868 @ 137.812
c bounds -9761 >= -18867 @ 137.836
c bounds -9761 >= -18866 @ 137.861
c bounds -9761 >= -18865 @ 137.878
c bounds -9761 >= -18864 @ 137.907
c bounds -9761 >= -18863 @ 137.926
c bounds -9761 >= -18862 @ 138.017
c bounds -9761 >= -18861 @ 138.089
c bounds -9761 >= -18860 @ 138.163
c bounds -9761 >= -18859 @ 138.268
c #Conflicts:      92000 | #Constraints:     259969
c bounds -9761 >= -18858 @ 138.559
c bounds -9764 >= -18858 @ 141.095
c #Conflicts:      93000 | #Constraints:     261003
c bounds -9764 >= -18857 @ 141.458
c bounds -9764 >= -18856 @ 141.976
c bounds -9767 >= -18856 @ 143.172
c #Conflicts:      94000 | #Constraints:     262061
c bounds -9767 >= -18855 @ 143.984
c #Conflicts:      95000 | #Constraints:     263109
c bounds -10297 >= -18855 @ 169.273
c #Conflicts:      96000 | #Constraints:     264110
c bounds -10297 >= -18854 @ 169.516
c bounds -10297 >= -18853 @ 169.702
c bounds -10297 >= -18852 @ 169.874
c bounds -10297 >= -18851 @ 170.067
c #Conflicts:      97000 | #Constraints:     265170
c bounds -10297 >= -18850 @ 170.39
c bounds -10297 >= -18849 @ 171.06
c #Conflicts:      98000 | #Constraints:     266221
c bounds -10297 >= -18848 @ 171.842
c #Conflicts:      99000 | #Constraints:     267245
c INPROCESSING
c GARBAGE COLLECT
c bounds -10297 >= -18847 @ 172.753
c #Conflicts:     100000 | #Constraints:     250915
c bounds -10297 >= -18846 @ 173.128
c #Conflicts:     101000 | #Constraints:     251954
c bounds -10297 >= -18845 @ 174.332
c #Conflicts:     102000 | #Constraints:     253003
c #Conflicts:     103000 | #Constraints:     254003
c bounds -10297 >= -18844 @ 176.293
c bounds -10297 >= -18843 @ 176.65
c #Conflicts:     104000 | #Constraints:     255060
c bounds -10297 >= -18842 @ 177.019
c #Conflicts:     105000 | #Constraints:     256084
c bounds -10297 >= -18841 @ 177.673
c bounds -10297 >= -18840 @ 177.979
c #Conflicts:     106000 | #Constraints:     257132
c bounds -10297 >= -18839 @ 178.753
c bounds -10297 >= -18838 @ 179.296
c #Conflicts:     107000 | #Constraints:     258192
c INPROCESSING
c GARBAGE COLLECT
c bounds -10297 >= -18837 @ 180.981
c #Conflicts:     108000 | #Constraints:     247601
c bounds -10297 >= -18836 @ 182.16
c #Conflicts:     109000 | #Constraints:     248640
c bounds -10297 >= -18835 @ 183.317
c bounds -10300 >= -18835 @ 183.431
c bounds -10303 >= -18835 @ 183.474
c bounds -10306 >= -18835 @ 183.57
c bounds -10309 >= -18835 @ 184.367
c #Conflicts:     110000 | #Constraints:     249680
c bounds -10310 >= -18835 @ 185.455
c bounds -10310 >= -18834 @ 185.636
c #Conflicts:     111000 | #Constraints:     250684
c bounds -10313 >= -18834 @ 186.587
c #Conflicts:     112000 | #Constraints:     251685
c #Conflicts:     113000 | #Constraints:     252685
c #Conflicts:     114000 | #Constraints:     253685
c bounds -10313 >= -18833 @ 187.785
c bounds -10314 >= -18833 @ 187.967
c bounds -10317 >= -18833 @ 188.033
c bounds -10318 >= -18833 @ 188.093
c bounds -10319 >= -18833 @ 188.157
c bounds -10320 >= -18833 @ 188.215
c bounds -10321 >= -18833 @ 188.28
c bounds -10322 >= -18833 @ 188.341
c bounds -10323 >= -18833 @ 193.448
c #Conflicts:     115000 | #Constraints:     254723
c bounds -10323 >= -18832 @ 195.047
c bounds -10324 >= -18832 @ 195.312
c bounds -10325 >= -18832 @ 195.477
c bounds -10326 >= -18832 @ 196.172
c bounds -10327 >= -18832 @ 196.926
c #Conflicts:     116000 | #Constraints:     255781
c bounds -10327 >= -18831 @ 197.02
c bounds -10328 >= -18831 @ 197.194
c bounds -10328 >= -18830 @ 198.198
c #Conflicts:     117000 | #Constraints:     256809
c bounds -10329 >= -18830 @ 199.058
c bounds -10330 >= -18830 @ 199.695
c #Conflicts:     118000 | #Constraints:     257811
c #Conflicts:     119000 | #Constraints:     258811
c #Conflicts:     120000 | #Constraints:     259811
c bounds -11584 >= -18830 @ 225.67
c #Conflicts:     121000 | #Constraints:     260812
c #Conflicts:     122000 | #Constraints:     261812
c #Conflicts:     123000 | #Constraints:     262812
c bounds -11584 >= -18829 @ 226.671
c #Conflicts:     124000 | #Constraints:     263827
c #Conflicts:     125000 | #Constraints:     264827
c bounds -11584 >= -18828 @ 227.749
c #Conflicts:     126000 | #Constraints:     265860
c bounds -11584 >= -18827 @ 228.901
c bounds -11584 >= -18826 @ 229.556
c #Conflicts:     127000 | #Constraints:     266920
c bounds -11584 >= -18825 @ 230.001
c bounds -11584 >= -18824 @ 230.855
c #Conflicts:     128000 | #Constraints:     267986
c bounds -11584 >= -18823 @ 231.417
c bounds -11584 >= -18822 @ 232.29
c #Conflicts:     129000 | #Constraints:     269040
c bounds -11584 >= -18821 @ 233.861
c #Conflicts:     130000 | #Constraints:     270098
c bounds -11584 >= -18820 @ 235.602
c bounds -11584 >= -18819 @ 237.476
c bounds -11585 >= -18819 @ 238.039
c #Conflicts:     131000 | #Constraints:     271183
c bounds -11586 >= -18819 @ 239.777
c bounds -11586 >= -18818 @ 239.891
c bounds -11586 >= -18817 @ 239.944
c bounds -11586 >= -18816 @ 240.02
c INPROCESSING
c GARBAGE COLLECT
c bounds -11586 >= -18815 @ 240.306
c bounds -11586 >= -18814 @ 240.39
c bounds -11586 >= -18813 @ 240.614
c #Conflicts:     132000 | #Constraints:     252968
c bounds -11587 >= -18813 @ 241.011
c #Conflicts:     133000 | #Constraints:     253969
c bounds -11587 >= -18812 @ 243.33
c bounds -11588 >= -18812 @ 243.395
c bounds -11589 >= -18812 @ 244.291
c bounds -11590 >= -18812 @ 244.361
c bounds -11858 >= -18812 @ 246.28
c #Conflicts:     134000 | #Constraints:     255033
c bounds -12056 >= -18812 @ 249.929
c bounds -12056 >= -18811 @ 249.98
c bounds -12056 >= -18810 @ 250.004
c bounds -12056 >= -18809 @ 250.026
c bounds -12056 >= -18808 @ 250.085
c bounds -12056 >= -18807 @ 250.158
c bounds -12056 >= -18806 @ 250.235
c #Conflicts:     135000 | #Constraints:     256088
c #Conflicts:     136000 | #Constraints:     257088
c bounds -12056 >= -18805 @ 252.126
c #Conflicts:     137000 | #Constraints:     258133
c bounds -12556 >= -18805 @ 256.169
c #Conflicts:     138000 | #Constraints:     259134
c bounds -12556 >= -18804 @ 257.659
c #Conflicts:     139000 | #Constraints:     260167
c bounds -12557 >= -18804 @ 259.627
c bounds -12557 >= -18803 @ 261.924
c #Conflicts:     140000 | #Constraints:     261222
c bounds -12558 >= -18803 @ 262.345
c bounds -12559 >= -18803 @ 266.657
c INPROCESSING
c GARBAGE COLLECT
c #Conflicts:     141000 | #Constraints:     248308
c bounds -12559 >= -18802 @ 268.087
c #Conflicts:     142000 | #Constraints:     249350
c #Conflicts:     143000 | #Constraints:     250350
c bounds -12559 >= -18801 @ 270.708
c bounds -12560 >= -18801 @ 270.928
c bounds -12561 >= -18801 @ 271.236
c bounds -12562 >= -18801 @ 271.831
c #Conflicts:     144000 | #Constraints:     251434
c #Conflicts:     145000 | #Constraints:     252434
c #Conflicts:     146000 | #Constraints:     253434
c bounds -12780 >= -18801 @ 283.732
c #Conflicts:     147000 | #Constraints:     254435
c bounds -12780 >= -18800 @ 286.199
c #Conflicts:     148000 | #Constraints:     255492
c bounds -12780 >= -18799 @ 288.042
c #Conflicts:     149000 | #Constraints:     256522
c #Conflicts:     150000 | #Constraints:     257522
c bounds -13070 >= -18799 @ 295.492
c #Conflicts:     151000 | #Constraints:     258523
c bounds -13070 >= -18798 @ 295.574
c bounds -13070 >= -18797 @ 295.877
c bounds -13070 >= -18796 @ 296.396
c bounds -13070 >= -18795 @ 296.7
c #Conflicts:     152000 | #Constraints:     259580
c bounds -13070 >= -18794 @ 297.526
c bounds -13070 >= -18793 @ 299.178
c #Conflicts:     153000 | #Constraints:     260634
c #Conflicts:     154000 | #Constraints:     261634
c #Conflicts:     155000 | #Constraints:     262634
c #Conflicts:     156000 | #Constraints:     263634
c #Conflicts:     157000 | #Constraints:     264634
c #Conflicts:     158000 | #Constraints:     265634
c #Conflicts:     159000 | #Constraints:     266634
c #Conflicts:     160000 | #Constraints:     267634
c #Conflicts:     161000 | #Constraints:     268634
c #Conflicts:     162000 | #Constraints:     269634
c #Conflicts:     163000 | #Constraints:     270634
c #Conflicts:     164000 | #Constraints:     271634
c #Conflicts:     165000 | #Constraints:     272634
c #Conflicts:     166000 | #Constraints:     273634
c #Conflicts:     167000 | #Constraints:     274634
c #Conflicts:     168000 | #Constraints:     275634
c INPROCESSING
c GARBAGE COLLECT
c #Conflicts:     169000 | #Constraints:     255569
c bounds -13070 >= -18792 @ 433.173
c #Conflicts:     170000 | #Constraints:     256614
c bounds -13070 >= -18791 @ 434.772
c #Conflicts:     171000 | #Constraints:     257656
c bounds -13070 >= -18790 @ 435.889
c bounds -13070 >= -18789 @ 437.232
c #Conflicts:     172000 | #Constraints:     258740
c bounds -13070 >= -18788 @ 439.018
c bounds -13070 >= -18787 @ 440.235
c #Conflicts:     173000 | #Constraints:     259824
c bounds -13070 >= -18786 @ 441.578
c bounds -13070 >= -18785 @ 442.417
c bounds -13070 >= -18784 @ 443.54
c #Conflicts:     174000 | #Constraints:     260929
c bounds -13070 >= -18783 @ 445.018
c bounds -13070 >= -18782 @ 446.947
c #Conflicts:     175000 | #Constraints:     262004
c bounds -13070 >= -18781 @ 448.743
c #Conflicts:     176000 | #Constraints:     263049
c bounds -13070 >= -18780 @ 451.689
c #Conflicts:     177000 | #Constraints:     264085
c bounds -13070 >= -18779 @ 454.791
c #Conflicts:     178000 | #Constraints:     265124
c INPROCESSING
c GARBAGE COLLECT
c bounds -13070 >= -18778 @ 459.663
c #Conflicts:     179000 | #Constraints:     250964
c #Conflicts:     180000 | #Constraints:     251964
c #Conflicts:     181000 | #Constraints:     252964
c #Conflicts:     182000 | #Constraints:     253964
c bounds -13070 >= -18777 @ 465.718
c #Conflicts:     183000 | #Constraints:     255024
c #Conflicts:     184000 | #Constraints:     256024
c bounds -13070 >= -18776 @ 471.157
c #Conflicts:     185000 | #Constraints:     257078
c #Conflicts:     186000 | #Constraints:     258078
c #Conflicts:     187000 | #Constraints:     259078
c #Conflicts:     188000 | #Constraints:     260078
c #Conflicts:     189000 | #Constraints:     261078
c #Conflicts:     190000 | #Constraints:     262078
c bounds -13070 >= -18775 @ 497.399
c #Conflicts:     191000 | #Constraints:     263138
c #Conflicts:     192000 | #Constraints:     264138
c #Conflicts:     193000 | #Constraints:     265138
c #Conflicts:     194000 | #Constraints:     266138
c #Conflicts:     195000 | #Constraints:     267138
c bounds -13070 >= -18774 @ 522.99
c #Conflicts:     196000 | #Constraints:     268180
c #Conflicts:     197000 | #Constraints:     269180
c #Conflicts:     198000 | #Constraints:     270180
c #Conflicts:     199000 | #Constraints:     271180
c #Conflicts:     200000 | #Constraints:     272180
c #Conflicts:     201000 | #Constraints:     273180
c #Conflicts:     202000 | #Constraints:     274180
c #Conflicts:     203000 | #Constraints:     275180
c #Conflicts:     204000 | #Constraints:     276180
c #Conflicts:     205000 | #Constraints:     277180
c #Conflicts:     206000 | #Constraints:     278180
c #Conflicts:     207000 | #Constraints:     279180
c #Conflicts:     208000 | #Constraints:     280180
c #Conflicts:     209000 | #Constraints:     281180
c INPROCESSING
c GARBAGE COLLECT
c bounds -13070 >= -18773 @ 582.543
c bounds -13070 >= -18772 @ 582.552
c bounds -13070 >= -18771 @ 582.664
c bounds -13070 >= -18769 @ 582.696
c #Conflicts:     210000 | #Constraints:     258730
c #Conflicts:     211000 | #Constraints:     259730
c bounds -13070 >= -18768 @ 586.294
c bounds -13070 >= -18767 @ 587.901
c bounds -13070 >= -18766 @ 589.479
c #Conflicts:     212000 | #Constraints:     260853
c bounds -13070 >= -18765 @ 590.594
c bounds -13070 >= -18764 @ 591.961
c bounds -13070 >= -18763 @ 593.379
c #Conflicts:     213000 | #Constraints:     261949
c bounds -13070 >= -18762 @ 595.112
c #Conflicts:     214000 | #Constraints:     262991
c bounds -13070 >= -18761 @ 598.138
c bounds -13070 >= -18760 @ 602.103
c #Conflicts:     215000 | #Constraints:     264099
c bounds -13070 >= -18759 @ 604.495
c #Conflicts:     216000 | #Constraints:     265132
c bounds -13070 >= -18758 @ 608.129
c #Conflicts:     217000 | #Constraints:     266171
c #Conflicts:     218000 | #Constraints:     267171
c #Conflicts:     219000 | #Constraints:     268171
c #Conflicts:     220000 | #Constraints:     269171
c INPROCESSING
c GARBAGE COLLECT
c #Conflicts:     221000 | #Constraints:     253487
c #Conflicts:     222000 | #Constraints:     254487
c bounds -13070 >= -18757 @ 641.978
c #Conflicts:     223000 | #Constraints:     255574
c #Conflicts:     224000 | #Constraints:     256574
c #Conflicts:     225000 | #Constraints:     257574
c #Conflicts:     226000 | #Constraints:     258574
c #Conflicts:     227000 | #Constraints:     259574
c #Conflicts:     228000 | #Constraints:     260574
c #Conflicts:     229000 | #Constraints:     261574
c #Conflicts:     230000 | #Constraints:     262574
c #Conflicts:     231000 | #Constraints:     263574
c #Conflicts:     232000 | #Constraints:     264574
c #Conflicts:     233000 | #Constraints:     265574
c #Conflicts:     234000 | #Constraints:     266574
c #Conflicts:     235000 | #Constraints:     267574
c #Conflicts:     236000 | #Constraints:     268574
c #Conflicts:     237000 | #Constraints:     269574
c #Conflicts:     238000 | #Constraints:     270574
c #Conflicts:     239000 | #Constraints:     271574
c #Conflicts:     240000 | #Constraints:     272574
c #Conflicts:     241000 | #Constraints:     273574
c #Conflicts:     242000 | #Constraints:     274574
c #Conflicts:     243000 | #Constraints:     275574
c #Conflicts:     244000 | #Constraints:     276574
c #Conflicts:     245000 | #Constraints:     277574
c bounds -13204 >= -18757 @ 816.367
c #Conflicts:     246000 | #Constraints:     278575
c #Conflicts:     247000 | #Constraints:     279575
c bounds -13204 >= -18756 @ 819.08
c bounds -13204 >= -18755 @ 819.329
c bounds -13204 >= -18754 @ 819.971
c #Conflicts:     248000 | #Constraints:     280590
c bounds -13204 >= -18753 @ 821.069
c bounds -13204 >= -18752 @ 822.842
c #Conflicts:     249000 | #Constraints:     281614
c bounds -13204 >= -18751 @ 825.746
c bounds -13204 >= -18750 @ 827.461
c bounds -13204 >= -18749 @ 828.995
c #Conflicts:     250000 | #Constraints:     282665
c bounds -13204 >= -18748 @ 831.903
c bounds -13204 >= -18747 @ 834.487
c #Conflicts:     251000 | #Constraints:     283710
c bounds -13204 >= -18746 @ 837.621
c #Conflicts:     252000 | #Constraints:     284731
c bounds -13204 >= -18745 @ 841.299
c bounds -13204 >= -18744 @ 844.798
c #Conflicts:     253000 | #Constraints:     285785
c bounds -13204 >= -18743 @ 849.317
c #Conflicts:     254000 | #Constraints:     286818
c INPROCESSING
c GARBAGE COLLECT
c bounds -13204 >= -18742 @ 854.759
c bounds -13204 >= -18741 @ 854.816
c bounds -13204 >= -18740 @ 854.84
c bounds -13204 >= -18739 @ 854.885
c bounds -13204 >= -18738 @ 854.911
c bounds -13204 >= -18737 @ 854.964
c #Conflicts:     255000 | #Constraints:     259725
c bounds -13204 >= -18736 @ 855.156
c bounds -13204 >= -18735 @ 855.226
c #Conflicts:     256000 | #Constraints:     260755
c #Conflicts:     257000 | #Constraints:     261755
c bounds -13204 >= -18734 @ 860.688
c #Conflicts:     258000 | #Constraints:     262842
c bounds -13204 >= -18733 @ 866.355
c #Conflicts:     259000 | #Constraints:     263911
c #Conflicts:     260000 | #Constraints:     264911
c bounds -13204 >= -18732 @ 874.216
c #Conflicts:     261000 | #Constraints:     265956
c bounds -13204 >= -18731 @ 878.794
c #Conflicts:     262000 | #Constraints:     267004
c #Conflicts:     263000 | #Constraints:     268004
c bounds -13204 >= -18730 @ 889.283
c #Conflicts:     264000 | #Constraints:     269073
c #Conflicts:     265000 | #Constraints:     270073
c bounds -13204 >= -18729 @ 897.594
c #Conflicts:     266000 | #Constraints:     271127
c bounds -13204 >= -18728 @ 902.595
c bounds -13266 >= -18728 @ 905.264
c #Conflicts:     267000 | #Constraints:     272161
c INPROCESSING
c GARBAGE COLLECT
c #Conflicts:     268000 | #Constraints:     256067
c #Conflicts:     269000 | #Constraints:     257067
c #Conflicts:     270000 | #Constraints:     258067
c #Conflicts:     271000 | #Constraints:     259067
c #Conflicts:     272000 | #Constraints:     260067
c #Conflicts:     273000 | #Constraints:     261067
c #Conflicts:     274000 | #Constraints:     262067
c #Conflicts:     275000 | #Constraints:     263067
c #Conflicts:     276000 | #Constraints:     264067
c #Conflicts:     277000 | #Constraints:     265067
c #Conflicts:     278000 | #Constraints:     266067
c #Conflicts:     279000 | #Constraints:     267067
c #Conflicts:     280000 | #Constraints:     268067
c #Conflicts:     281000 | #Constraints:     269067
c #Conflicts:     282000 | #Constraints:     270067
c #Conflicts:     283000 | #Constraints:     271067
c #Conflicts:     284000 | #Constraints:     272067
c #Conflicts:     285000 | #Constraints:     273067
c #Conflicts:     286000 | #Constraints:     274067
c #Conflicts:     287000 | #Constraints:     275067
c #Conflicts:     288000 | #Constraints:     276067
c #Conflicts:     289000 | #Constraints:     277067
c #Conflicts:     290000 | #Constraints:     278067
c #Conflicts:     291000 | #Constraints:     279067
c #Conflicts:     292000 | #Constraints:     280067
c #Conflicts:     293000 | #Constraints:     281067
c #Conflicts:     294000 | #Constraints:     282067
c #Conflicts:     295000 | #Constraints:     283067
c #Conflicts:     296000 | #Constraints:     284067
c #Conflicts:     297000 | #Constraints:     285067
c #Conflicts:     298000 | #Constraints:     286067
c #Conflicts:     299000 | #Constraints:     287067
c #Conflicts:     300000 | #Constraints:     288067
c #Conflicts:     301000 | #Constraints:     289067
c #Conflicts:     302000 | #Constraints:     290067
c #Conflicts:     303000 | #Constraints:     291067
c #Conflicts:     304000 | #Constraints:     292067
c INPROCESSING
c GARBAGE COLLECT
c #Conflicts:     305000 | #Constraints:     263327
c #Conflicts:     306000 | #Constraints:     264327
c bounds -13266 >= -18727 @ 1579.66
c bounds -13266 >= -18726 @ 1582.05
c #Conflicts:     307000 | #Constraints:     265447
c bounds -13266 >= -18725 @ 1585.35
c #Conflicts:     308000 | #Constraints:     266483
c bounds -13266 >= -18724 @ 1589.15
c bounds -13266 >= -18723 @ 1592.14
c #Conflicts:     309000 | #Constraints:     267570
c bounds -13266 >= -18722 @ 1595.73
c #Conflicts:     310000 | #Constraints:     268615
c bounds -13266 >= -18721 @ 1599.78
c bounds -13266 >= -18720 @ 1605.87
c #Conflicts:     311000 | #Constraints:     269681
c bounds -13266 >= -18719 @ 1609.71
c #Conflicts:     312000 | #Constraints:     270717
c bounds -13266 >= -18718 @ 1614.35
c #Conflicts:     313000 | #Constraints:     271753
c bounds -13266 >= -18717 @ 1618.02
c bounds -13266 >= -18716 @ 1621.91
c #Conflicts:     314000 | #Constraints:     272822
c bounds -13266 >= -18715 @ 1624.63
c bounds -13266 >= -18714 @ 1627
c #Conflicts:     315000 | #Constraints:     273897
c bounds -13266 >= -18713 @ 1629.99
c bounds -13266 >= -18712 @ 1633.29
c #Conflicts:     316000 | #Constraints:     274987
c bounds -13266 >= -18711 @ 1636.96
c #Conflicts:     317000 | #Constraints:     276035
c bounds -13266 >= -18710 @ 1639.01
c #Conflicts:     318000 | #Constraints:     277047
c INPROCESSING
c GARBAGE COLLECT
c #Conflicts:     319000 | #Constraints:     257993
c bounds -13266 >= -18709 @ 1640.79
c #Conflicts:     320000 | #Constraints:     259023
c #Conflicts:     321000 | #Constraints:     260023
c #Conflicts:     322000 | #Constraints:     261023
c bounds -13266 >= -18708 @ 1643.36
c bounds -13266 >= -18707 @ 1645.13
c bounds -13266 >= -18706 @ 1646.04
c #Conflicts:     323000 | #Constraints:     262167
c bounds -13266 >= -18705 @ 1647.48
c bounds -13266 >= -18704 @ 1649.51
c bounds -13266 >= -18703 @ 1651.61
c #Conflicts:     324000 | #Constraints:     263317
c bounds -13266 >= -18702 @ 1653.8
c bounds -13266 >= -18701 @ 1655.74
c bounds -13266 >= -18700 @ 1658.81
c #Conflicts:     325000 | #Constraints:     264440
c bounds -13266 >= -18699 @ 1660.19
c bounds -13266 >= -18698 @ 1661.38
c bounds -13266 >= -18697 @ 1661.85
c bounds -13266 >= -18696 @ 1662.09
c bounds -13266 >= -18695 @ 1662.37
c bounds -13266 >= -18694 @ 1662.79
c bounds -13266 >= -18693 @ 1663.33
c bounds -13266 >= -18692 @ 1664.52
c #Conflicts:     326000 | #Constraints:     265674
c bounds -13266 >= -18691 @ 1667.11
c bounds -13266 >= -18690 @ 1668.29
c bounds -13266 >= -18689 @ 1669.79
c bounds -13266 >= -18688 @ 1672.07
c #Conflicts:     327000 | #Constraints:     266827
c bounds -13266 >= -18687 @ 1674.05
c #Conflicts:     328000 | #Constraints:     267863
c bounds -13266 >= -18686 @ 1679.66
c bounds -13266 >= -18685 @ 1682.86
c #Conflicts:     329000 | #Constraints:     268977
c bounds -13266 >= -18684 @ 1685.7
c bounds -13266 >= -18683 @ 1688.94
c #Conflicts:     330000 | #Constraints:     270064
c bounds -13266 >= -18682 @ 1691.52
c bounds -13266 >= -18681 @ 1695.48
c #Conflicts:     331000 | #Constraints:     271139
c bounds -13266 >= -18680 @ 1702.15
c #Conflicts:     332000 | #Constraints:     272178
c bounds -13266 >= -18679 @ 1703.47
c bounds -13266 >= -18678 @ 1704.92
c #Conflicts:     333000 | #Constraints:     273247
c bounds -13266 >= -18677 @ 1709
c bounds -13266 >= -18676 @ 1710.16
c bounds -13266 >= -18675 @ 1710.98
c bounds -13266 >= -18674 @ 1712.78
c #Conflicts:     334000 | #Constraints:     274399
c bounds -13266 >= -18673 @ 1716.33
c bounds -13266 >= -18672 @ 1719.44
c #Conflicts:     335000 | #Constraints:     275510
c bounds -13266 >= -18671 @ 1724.56
c bounds -13266 >= -18670 @ 1728.27
c #Conflicts:     336000 | #Constraints:     276591
c bounds -13266 >= -18669 @ 1731.53
c #Conflicts:     337000 | #Constraints:     277627
c bounds -13266 >= -18668 @ 1738.58
c #Conflicts:     338000 | #Constraints:     278681
c bounds -13266 >= -18667 @ 1746.68
c #Conflicts:     339000 | #Constraints:     279714
c bounds -13266 >= -18666 @ 1753.59
c #Conflicts:     340000 | #Constraints:     280759
c bounds -13266 >= -18665 @ 1759.13
c #Conflicts:     341000 | #Constraints:     281804
c bounds -13266 >= -18664 @ 1770.26
c #Conflicts:     342000 | #Constraints:     282852
c bounds -13266 >= -18663 @ 1779.95
c #Conflicts:     343000 | #Constraints:     283909
c bounds -13266 >= -18662 @ 1789.47
c #Conflicts:     344000 | #Constraints:     284987
c #Conflicts:     345000 | #Constraints:     285987
c bounds -13266 >= -18661 @ 1799.24
c #Conflicts:     346000 | #Constraints:     287044
c bounds -13266 >= -18660 @ 1807.9
c #Conflicts:     347000 | #Constraints:     288098
c bounds -13266 >= -18659 @ 1817.45
c #Conflicts:     348000 | #Constraints:     289170
c #Conflicts:     349000 | #Constraints:     290170
c bounds -13266 >= -18658 @ 1828.31
c #Conflicts:     350000 | #Constraints:     291239
c bounds -13266 >= -18657 @ 1842.61
c #Conflicts:     351000 | #Constraints:     292305
c #Conflicts:     352000 | #Constraints:     293305
c bounds -13266 >= -18656 @ 1856.42
c #Conflicts:     353000 | #Constraints:     294374
c #Conflicts:     354000 | #Constraints:     295374
c bounds -13266 >= -18655 @ 1870.45
c #Conflicts:     355000 | #Constraints:     296419
c #Conflicts:     356000 | #Constraints:     297419
c bounds -13266 >= -18654 @ 1888.82
c #Conflicts:     357000 | #Constraints:     298467
c bounds -13266 >= -18653 @ 1902.11
c #Conflicts:     358000 | #Constraints:     299527
c INPROCESSING
c GARBAGE COLLECT
c #Conflicts:     359000 | #Constraints:     262352
c bounds -13266 >= -18652 @ 1919.89
c #Conflicts:     360000 | #Constraints:     263451
c bounds -13266 >= -18651 @ 1927.6
c #Conflicts:     361000 | #Constraints:     264520
c #Conflicts:     362000 | #Constraints:     265520
c bounds -13266 >= -18650 @ 1940.21
c #Conflicts:     363000 | #Constraints:     266598
c #Conflicts:     364000 | #Constraints:     267598
c bounds -13266 >= -18649 @ 1958.73
c #Conflicts:     365000 | #Constraints:     268685
c #Conflicts:     366000 | #Constraints:     269685
c #Conflicts:     367000 | #Constraints:     270685
c bounds -13266 >= -18648 @ 1976.9
c #Conflicts:     368000 | #Constraints:     271733
c #Conflicts:     369000 | #Constraints:     272733
c #Conflicts:     370000 | #Constraints:     273733
c #Conflicts:     371000 | #Constraints:     274733
c #Conflicts:     372000 | #Constraints:     275733
c #Conflicts:     373000 | #Constraints:     276733
c #Conflicts:     374000 | #Constraints:     277733
c INPROCESSING
c GARBAGE COLLECT
c bounds -13266 >= -18647 @ 2041.08
c bounds -13266 >= -18646 @ 2043.7
c bounds -13266 >= -18645 @ 2044.05
c #Conflicts:     375000 | #Constraints:     260904
c bounds -13266 >= -18644 @ 2044.83
c bounds -13266 >= -18643 @ 2045.46
c bounds -13266 >= -18642 @ 2045.81
c bounds -13266 >= -18641 @ 2046.24
c bounds -13266 >= -18640 @ 2047.06
c #Conflicts:     376000 | #Constraints:     261994
c bounds -13266 >= -18639 @ 2048.51
c bounds -13266 >= -18638 @ 2050.18
c #Conflicts:     377000 | #Constraints:     263051
c bounds -13266 >= -18637 @ 2052.04
c #Conflicts:     378000 | #Constraints:     264081
c bounds -13266 >= -18636 @ 2054.34
c bounds -13266 >= -18635 @ 2057.27
c #Conflicts:     379000 | #Constraints:     265132
c bounds -13266 >= -18634 @ 2060.64
c #Conflicts:     380000 | #Constraints:     266159
c #Conflicts:     381000 | #Constraints:     267159
c bounds -13266 >= -18633 @ 2065.91
c #Conflicts:     382000 | #Constraints:     268186
c bounds -13266 >= -18632 @ 2071.47
c #Conflicts:     383000 | #Constraints:     269201
c #Conflicts:     384000 | #Constraints:     270201
c #Conflicts:     385000 | #Constraints:     271201
c #Conflicts:     386000 | #Constraints:     272201
c #Conflicts:     387000 | #Constraints:     273201
c #Conflicts:     388000 | #Constraints:     274201
c #Conflicts:     389000 | #Constraints:     275201
c #Conflicts:     390000 | #Constraints:     276201
c #Conflicts:     391000 | #Constraints:     277201
c #Conflicts:     392000 | #Constraints:     278201
c #Conflicts:     393000 | #Constraints:     279201
c #Conflicts:     394000 | #Constraints:     280201
c #Conflicts:     395000 | #Constraints:     281201
c #Conflicts:     396000 | #Constraints:     282201
c #Conflicts:     397000 | #Constraints:     283201
c #Conflicts:     398000 | #Constraints:     284201
c #Conflicts:     399000 | #Constraints:     285201
c #Conflicts:     400000 | #Constraints:     286201
c #Conflicts:     401000 | #Constraints:     287201
c #Conflicts:     402000 | #Constraints:     288201
c #Conflicts:     403000 | #Constraints:     289201
c #Conflicts:     404000 | #Constraints:     290201
c #Conflicts:     405000 | #Constraints:     291201
c #Conflicts:     406000 | #Constraints:     292201
c #Conflicts:     407000 | #Constraints:     293201
c #Conflicts:     408000 | #Constraints:     294201
c #Conflicts:     409000 | #Constraints:     295201
c #Conflicts:     410000 | #Constraints:     296201
c #Conflicts:     411000 | #Constraints:     297201
c #Conflicts:     412000 | #Constraints:     298201
c #Conflicts:     413000 | #Constraints:     299201
c #Conflicts:     414000 | #Constraints:     300201
c #Conflicts:     415000 | #Constraints:     301201
c #Conflicts:     416000 | #Constraints:     302201
c #Conflicts:     417000 | #Constraints:     303201
c INPROCESSING
c GARBAGE COLLECT
c #Conflicts:     418000 | #Constraints:     265702
c #Conflicts:     419000 | #Constraints:     266702
c bounds -13266 >= -18631 @ 2817.4
c #Conflicts:     420000 | #Constraints:     267828
c bounds -13266 >= -18630 @ 2823.03
c #Conflicts:     421000 | #Constraints:     268897
c bounds -13266 >= -18629 @ 2830.17
c #Conflicts:     422000 | #Constraints:     269951
c bounds -13266 >= -18628 @ 2838.83
c #Conflicts:     423000 | #Constraints:     270996
c bounds -13266 >= -18627 @ 2851.81
c #Conflicts:     424000 | #Constraints:     272062
c bounds -13266 >= -18626 @ 2859.3
c bounds -13266 >= -18625 @ 2866.31
c #Conflicts:     425000 | #Constraints:     273140
c bounds -13266 >= -18624 @ 2872.47
c #Conflicts:     426000 | #Constraints:     274185
c bounds -13266 >= -18623 @ 2877.89
c bounds -13266 >= -18622 @ 2885.29
c #Conflicts:     427000 | #Constraints:     275260
c bounds -13266 >= -18621 @ 2892.73
c bounds -13266 >= -18620 @ 2897.74
c #Conflicts:     428000 | #Constraints:     276359
c bounds -13266 >= -18619 @ 2907.71
c #Conflicts:     429000 | #Constraints:     277389
c bounds -13266 >= -18618 @ 2909.8
c bounds -13266 >= -18617 @ 2914.96
c #Conflicts:     430000 | #Constraints:     278452
c bounds -13266 >= -18616 @ 2916.68
c bounds -13266 >= -18615 @ 2920.02
c bounds -13266 >= -18614 @ 2927.37
c #Conflicts:     431000 | #Constraints:     279560
c bounds -13266 >= -18613 @ 2933.49
c bounds -13266 >= -18612 @ 2938.81
c #Conflicts:     432000 | #Constraints:     280647
c bounds -13266 >= -18611 @ 2942.86
c bounds -13266 >= -18610 @ 2949.78
c #Conflicts:     433000 | #Constraints:     281719
c bounds -13266 >= -18609 @ 2957.76
c bounds -13266 >= -18608 @ 2962.2
c #Conflicts:     434000 | #Constraints:     282806
c bounds -13266 >= -18607 @ 2969.9
c #Conflicts:     435000 | #Constraints:     283860
c bounds -13266 >= -18606 @ 2977.21
c bounds -13266 >= -18605 @ 2983.41
c #Conflicts:     436000 | #Constraints:     284944
c bounds -13266 >= -18604 @ 2987.44
c bounds -13266 >= -18603 @ 2996.27
c #Conflicts:     437000 | #Constraints:     286034
c bounds -13266 >= -18602 @ 3007.11
c #Conflicts:     438000 | #Constraints:     287088
c bounds -13266 >= -18601 @ 3020.35
c #Conflicts:     439000 | #Constraints:     288163
c bounds -13266 >= -18600 @ 3036.31
c #Conflicts:     440000 | #Constraints:     289259
c bounds -13266 >= -18599 @ 3043.59
c #Conflicts:     441000 | #Constraints:     290334
c bounds -13266 >= -18598 @ 3056.3
c #Conflicts:     442000 | #Constraints:     291400
c bounds -13266 >= -18597 @ 3066.52
c #Conflicts:     443000 | #Constraints:     292436
c bounds -13266 >= -18596 @ 3074.62
c #Conflicts:     444000 | #Constraints:     293481
c bounds -13266 >= -18595 @ 3087.69
c #Conflicts:     445000 | #Constraints:     294541
c bounds -13266 >= -18594 @ 3101.74
c #Conflicts:     446000 | #Constraints:     295589
c bounds -13266 >= -18593 @ 3110.75
c bounds -13266 >= -18592 @ 3118.15
c #Conflicts:     447000 | #Constraints:     296688
c bounds -13266 >= -18591 @ 3132.62
c #Conflicts:     448000 | #Constraints:     297730
c #Conflicts:     449000 | #Constraints:     298730
c bounds -13266 >= -18590 @ 3150.4
c #Conflicts:     450000 | #Constraints:     299781
c bounds -13266 >= -18589 @ 3162.24
c #Conflicts:     451000 | #Constraints:     300838
c bounds -13266 >= -18588 @ 3178.18
c #Conflicts:     452000 | #Constraints:     301886
c bounds -13266 >= -18587 @ 3198.78
c #Conflicts:     453000 | #Constraints:     302949
c bounds -13266 >= -18586 @ 3217.3
c #Conflicts:     454000 | #Constraints:     303994
c #Conflicts:     455000 | #Constraints:     304994
c bounds -13266 >= -18585 @ 3236.99
c #Conflicts:     456000 | #Constraints:     306069
c bounds -13266 >= -18584 @ 3254.29
c #Conflicts:     457000 | #Constraints:     307111
c #Conflicts:     458000 | #Constraints:     308111
c bounds -13266 >= -18583 @ 3277
c #Conflicts:     459000 | #Constraints:     309165
c #Conflicts:     460000 | #Constraints:     310165
c bounds -13266 >= -18582 @ 3321.44
c #Conflicts:     461000 | #Constraints:     311237
c INPROCESSING
c GARBAGE COLLECT
c #Conflicts:     462000 | #Constraints:     267168
c #Conflicts:     463000 | #Constraints:     268168
c #Conflicts:     464000 | #Constraints:     269168
c #Conflicts:     465000 | #Constraints:     270168
c #Conflicts:     466000 | #Constraints:     271168
c #Conflicts:     467000 | #Constraints:     272168
c #Conflicts:     468000 | #Constraints:     273168
c #Conflicts:     469000 | #Constraints:     274168
c #Conflicts:     470000 | #Constraints:     275168
c #Conflicts:     471000 | #Constraints:     276168
c #Conflicts:     472000 | #Constraints:     277168
c #Conflicts:     473000 | #Constraints:     278168
c #Conflicts:     474000 | #Constraints:     279168
c #Conflicts:     475000 | #Constraints:     280168
c #Conflicts:     476000 | #Constraints:     281168
c #Conflicts:     477000 | #Constraints:     282168
c #Conflicts:     478000 | #Constraints:     283168
c #Conflicts:     479000 | #Constraints:     284168
c #Conflicts:     480000 | #Constraints:     285168
c #Conflicts:     481000 | #Constraints:     286168
c #Conflicts:     482000 | #Constraints:     287168
c #Conflicts:     483000 | #Constraints:     288168
c #Conflicts:     484000 | #Constraints:     289168
c #Conflicts:     485000 | #Constraints:     290168
c #Conflicts:     486000 | #Constraints:     291168
c #Conflicts:     487000 | #Constraints:     292168
c #Conflicts:     488000 | #Constraints:     293168
c #Conflicts:     489000 | #Constraints:     294168
c #Conflicts:     490000 | #Constraints:     295168
c #Conflicts:     491000 | #Constraints:     296168
c #Conflicts:     492000 | #Constraints:     297168
c #Conflicts:     493000 | #Constraints:     298168
c #Conflicts:     494000 | #Constraints:     299168
c #Conflicts:     495000 | #Constraints:     300168
c #Conflicts:     496000 | #Constraints:     301168
c #Conflicts:     497000 | #Constraints:     302168
c #Conflicts:     498000 | #Constraints:     303168
c #Conflicts:     499000 | #Constraints:     304168
c #Conflicts:     500000 | #Constraints:     305168
c #Conflicts:     501000 | #Constraints:     306168
c #Conflicts:     502000 | #Constraints:     307168
c #Conflicts:     503000 | #Constraints:     308168
c #Conflicts:     504000 | #Constraints:     309168
c #Conflicts:     505000 | #Constraints:     310168
c #Conflicts:     506000 | #Constraints:     311168
c #Conflicts:     507000 | #Constraints:     312168
c #Conflicts:     508000 | #Constraints:     313168
c INPROCESSING
c GARBAGE COLLECT
c #Conflicts:     509000 | #Constraints:     269996
c bounds -13266 >= -18581 @ 5197.29
c bounds -13266 >= -18580 @ 5198.07
c bounds -13266 >= -18579 @ 5200.49
c bounds -13266 >= -18578 @ 5203.38
c bounds -13266 >= -18577 @ 5205.93
c bounds -13266 >= -18576 @ 5208.02
c #Conflicts:     510000 | #Constraints:     271218
c bounds -13266 >= -18575 @ 5210.1
c bounds -13266 >= -18574 @ 5212.94
c bounds -13266 >= -18573 @ 5216.25
c bounds -13266 >= -18572 @ 5217.88
c bounds -13266 >= -18571 @ 5219.11
c bounds -13266 >= -18570 @ 5220.83
c bounds -13266 >= -18569 @ 5223.14
c bounds -13266 >= -18568 @ 5223.91
c #Conflicts:     511000 | #Constraints:     272491
c bounds -13266 >= -18567 @ 5227.75
c bounds -13266 >= -18566 @ 5230.14
c bounds -13266 >= -18565 @ 5231.53
c bounds -13266 >= -18564 @ 5237.65
c bounds -13266 >= -18563 @ 5242.08
c #Conflicts:     512000 | #Constraints:     273720
c bounds -13266 >= -18562 @ 5245.83
c bounds -13266 >= -18561 @ 5251.89
c bounds -13266 >= -18560 @ 5254.15
c bounds -13266 >= -18559 @ 5256.88
c #Conflicts:     513000 | #Constraints:     274861
c bounds -13266 >= -18558 @ 5260.24
c bounds -13266 >= -18557 @ 5263.69
c bounds -13266 >= -18556 @ 5266.41
c #Conflicts:     514000 | #Constraints:     275987
c bounds -13266 >= -18555 @ 5273.66
c bounds -13266 >= -18554 @ 5278.1
c bounds -13266 >= -18553 @ 5281.67
c #Conflicts:     515000 | #Constraints:     277152
c bounds -13266 >= -18552 @ 5290.07
c bounds -13266 >= -18551 @ 5298.52
c #Conflicts:     516000 | #Constraints:     278260
c bounds -13266 >= -18550 @ 5305.3
c bounds -13266 >= -18549 @ 5312.81
c bounds -13266 >= -18548 @ 5315.58
c #Conflicts:     517000 | #Constraints:     279416
c bounds -13266 >= -18547 @ 5325.12
c bounds -13266 >= -18546 @ 5332.51
c bounds -13266 >= -18545 @ 5337.54
c #Conflicts:     518000 | #Constraints:     280566
c bounds -13266 >= -18544 @ 5343.67
c bounds -13266 >= -18543 @ 5350.17
c bounds -13266 >= -18542 @ 5355.72
c #Conflicts:     519000 | #Constraints:     281707
c bounds -13266 >= -18541 @ 5364.09
c #Conflicts:     520000 | #Constraints:     282773
c bounds -13266 >= -18540 @ 5373.81
c bounds -13266 >= -18539 @ 5378.25
c bounds -13266 >= -18538 @ 5384.72
c #Conflicts:     521000 | #Constraints:     283891
c bounds -13266 >= -18537 @ 5389.97
c bounds -13266 >= -18536 @ 5397.86
c bounds -13266 >= -18535 @ 5403.52
c bounds -13266 >= -18534 @ 5406.58
c #Conflicts:     522000 | #Constraints:     285077
c bounds -13266 >= -18533 @ 5413.33
c bounds -13266 >= -18532 @ 5419.48
c bounds -13266 >= -18531 @ 5425.43
c #Conflicts:     523000 | #Constraints:     286212
c bounds -13266 >= -18530 @ 5431.85
c bounds -13266 >= -18529 @ 5442.21
c #Conflicts:     524000 | #Constraints:     287293
c bounds -13266 >= -18528 @ 5452.68
c bounds -13266 >= -18527 @ 5461.8
c bounds -13266 >= -18526 @ 5466.44
c #Conflicts:     525000 | #Constraints:     288422
c bounds -13266 >= -18525 @ 5469.56
c bounds -13266 >= -18524 @ 5477.26
c bounds -13266 >= -18523 @ 5488.44
c #Conflicts:     526000 | #Constraints:     289594
c bounds -13266 >= -18522 @ 5493.88
c bounds -13266 >= -18521 @ 5499.61
c #Conflicts:     527000 | #Constraints:     290714
c bounds -13266 >= -18520 @ 5509.94
c #Conflicts:     528000 | #Constraints:     291768
c bounds -13266 >= -18519 @ 5524.72
c bounds -13266 >= -18518 @ 5533.96
c #Conflicts:     529000 | #Constraints:     292858
c bounds -13266 >= -18517 @ 5548.42
c bounds -13266 >= -18516 @ 5558.66
c #Conflicts:     530000 | #Constraints:     293963
c bounds -13266 >= -18515 @ 5565.33
c bounds -13266 >= -18514 @ 5575.18
c #Conflicts:     531000 | #Constraints:     295077
c bounds -13266 >= -18513 @ 5587.66
c bounds -13266 >= -18512 @ 5592.4
c bounds -13266 >= -18511 @ 5599.5
c #Conflicts:     532000 | #Constraints:     296221
c bounds -13266 >= -18510 @ 5605.32
c bounds -13266 >= -18509 @ 5610.73
c bounds -13266 >= -18508 @ 5620.09
c #Conflicts:     533000 | #Constraints:     297353
c bounds -13266 >= -18507 @ 5630.59
c bounds -13266 >= -18506 @ 5638.58
c #Conflicts:     534000 | #Constraints:     298455
c bounds -13266 >= -18505 @ 5647.49
c bounds -13266 >= -18504 @ 5656.41
c #Conflicts:     535000 | #Constraints:     299539
c bounds -13266 >= -18503 @ 5671.12
c bounds -13266 >= -18502 @ 5680.86
c #Conflicts:     536000 | #Constraints:     300644
c bounds -13266 >= -18501 @ 5694.19
c bounds -13266 >= -18500 @ 5704.73
c #Conflicts:     537000 | #Constraints:     301728
c bounds -13266 >= -18499 @ 5715.46
c #Conflicts:     538000 | #Constraints:     302773
c bounds -13266 >= -18498 @ 5730.64
c bounds -13266 >= -18497 @ 5745.31
c #Conflicts:     539000 | #Constraints:     303899
c bounds -13266 >= -18496 @ 5760.22
c bounds -13266 >= -18495 @ 5767.92
c #Conflicts:     540000 | #Constraints:     305004
c bounds -13266 >= -18494 @ 5783.07
c #Conflicts:     541000 | #Constraints:     306049
c bounds -13266 >= -18493 @ 5797.86
c bounds -13266 >= -18492 @ 5814.07
c #Conflicts:     542000 | #Constraints:     307196
c bounds -13266 >= -18491 @ 5829.37
c bounds -13266 >= -18490 @ 5839.46
c #Conflicts:     543000 | #Constraints:     308316
c bounds -13266 >= -18489 @ 5851.22
c bounds -13266 >= -18488 @ 5860.31
c #Conflicts:     544000 | #Constraints:     309412
c bounds -13266 >= -18487 @ 5869.56
c #Conflicts:     545000 | #Constraints:     310478
c bounds -13266 >= -18486 @ 5884.56
c #Conflicts:     546000 | #Constraints:     311514
c bounds -13266 >= -18485 @ 5910.53
c bounds -13266 >= -18484 @ 5927.42
c #Conflicts:     547000 | #Constraints:     312625
c bounds -13266 >= -18483 @ 5951.48
c #Conflicts:     548000 | #Constraints:     313697
c bounds -13266 >= -18482 @ 5966.45
c #Conflicts:     549000 | #Constraints:     314763
c bounds -13266 >= -18481 @ 5982.29
c #Conflicts:     550000 | #Constraints:     315838
c bounds -13266 >= -18480 @ 6008.1
c #Conflicts:     551000 | #Constraints:     316895
c bounds -13266 >= -18479 @ 6024.7
c bounds -13266 >= -18478 @ 6034.25
c #Conflicts:     552000 | #Constraints:     317967
c bounds -13266 >= -18477 @ 6049.4
c bounds -13266 >= -18476 @ 6056.75
c bounds -13266 >= -18475 @ 6069.63
c #Conflicts:     553000 | #Constraints:     319135
c bounds -13266 >= -18474 @ 6084.87
c #Conflicts:     554000 | #Constraints:     320186
c bounds -13266 >= -18473 @ 6099.29
c #Conflicts:     555000 | #Constraints:     321249
c bounds -13266 >= -18472 @ 6121.1
c bounds -13266 >= -18471 @ 6127.46
c bounds -13266 >= -18470 @ 6131.79
c bounds -13266 >= -18469 @ 6136.82
c #Conflicts:     556000 | #Constraints:     322399
c bounds -13266 >= -18468 @ 6142.23
c bounds -13266 >= -18467 @ 6146.09
c bounds -13266 >= -18466 @ 6155.56
c bounds -13266 >= -18465 @ 6165.04
c #Conflicts:     557000 | #Constraints:     323573
c bounds -13266 >= -18464 @ 6173.52
c bounds -13266 >= -18463 @ 6185.35
c INPROCESSING
c GARBAGE COLLECT
c #Conflicts:     558000 | #Constraints:     270698
c bounds -13266 >= -18462 @ 6203.57
c bounds -13266 >= -18461 @ 6210.16
c #Conflicts:     559000 | #Constraints:     271863
c bounds -13266 >= -18460 @ 6216.71
c bounds -13266 >= -18459 @ 6226.9
c #Conflicts:     560000 | #Constraints:     272968
c bounds -13266 >= -18458 @ 6237.28
c bounds -13266 >= -18457 @ 6245.55
c #Conflicts:     561000 | #Constraints:     274079
c bounds -13266 >= -18456 @ 6254.27
c bounds -13266 >= -18455 @ 6266.44
c bounds -13266 >= -18454 @ 6283.19
c #Conflicts:     562000 | #Constraints:     275238
c bounds -13266 >= -18453 @ 6290.75
c bounds -13266 >= -18452 @ 6298.9
c bounds -13266 >= -18451 @ 6303.16
c #Conflicts:     563000 | #Constraints:     276382
c bounds -13266 >= -18450 @ 6309.25
c bounds -13266 >= -18449 @ 6325.15
c bounds -13266 >= -18448 @ 6329.41
c #Conflicts:     564000 | #Constraints:     277523
c bounds -13266 >= -18447 @ 6335.75
c bounds -13266 >= -18446 @ 6357.38
c #Conflicts:     565000 | #Constraints:     278631
c bounds -13266 >= -18445 @ 6368.2
c bounds -13266 >= -18444 @ 6381.95
c bounds -13266 >= -18443 @ 6395.8
c #Conflicts:     566000 | #Constraints:     279772
c bounds -13266 >= -18442 @ 6408.09
c bounds -13266 >= -18441 @ 6413.94
c bounds -13266 >= -18440 @ 6427.23
c #Conflicts:     567000 | #Constraints:     280985
c bounds -13266 >= -18439 @ 6433.8
c bounds -13266 >= -18438 @ 6443.48
c bounds -13266 >= -18437 @ 6454
c #Conflicts:     568000 | #Constraints:     282168
c bounds -13266 >= -18436 @ 6463.21
c bounds -13266 >= -18435 @ 6470.09
c bounds -13266 >= -18434 @ 6483.61
c #Conflicts:     569000 | #Constraints:     283369
c bounds -13266 >= -18433 @ 6489.81
c bounds -13266 >= -18432 @ 6500.26
c #Conflicts:     570000 | #Constraints:     284468
c bounds -13266 >= -18431 @ 6509.79
c bounds -13266 >= -18430 @ 6511.24
c bounds -13266 >= -18429 @ 6511.93
c bounds -13266 >= -18428 @ 6512
c bounds -13266 >= -18427 @ 6512.06
c bounds -13266 >= -18426 @ 6512.23
c bounds -13266 >= -18425 @ 6512.79
c bounds -13266 >= -18424 @ 6513.29
c bounds -13266 >= -18423 @ 6517.97
c #Conflicts:     571000 | #Constraints:     285687
c bounds -13266 >= -18422 @ 6525.07
c bounds -13266 >= -18421 @ 6527.29
c bounds -13266 >= -18420 @ 6530.45
c bounds -13266 >= -18419 @ 6533.07
c bounds -13266 >= -18418 @ 6534.72
c bounds -13266 >= -18417 @ 6541.9
c bounds -13266 >= -18416 @ 6545.06
c bounds -13266 >= -18415 @ 6550.37
c bounds -13266 >= -18414 @ 6557.07
c #Conflicts:     572000 | #Constraints:     287101
c bounds -13266 >= -18413 @ 6562.53
c bounds -13266 >= -18412 @ 6568.39
c bounds -13266 >= -18411 @ 6572.3
c bounds -13266 >= -18410 @ 6577.46
c bounds -13266 >= -18409 @ 6582.11
c bounds -13266 >= -18408 @ 6590.82
c bounds -13266 >= -18407 @ 6594.65
c bounds -13266 >= -18406 @ 6600.4
c #Conflicts:     573000 | #Constraints:     288437
c bounds -13266 >= -18405 @ 6606.25
c bounds -13266 >= -18404 @ 6610.05
c bounds -13266 >= -18403 @ 6614.73
c bounds -13266 >= -18402 @ 6617.31
c bounds -13266 >= -18401 @ 6621.03
c bounds -13266 >= -18400 @ 6626.44
c bounds -13266 >= -18399 @ 6631.85
c bounds -13266 >= -18398 @ 6634.81
c bounds -13266 >= -18397 @ 6640.21
c #Conflicts:     574000 | #Constraints:     289779
c bounds -13266 >= -18396 @ 6645.22
c bounds -13266 >= -18395 @ 6648.56
c bounds -13266 >= -18394 @ 6657.1
c bounds -13266 >= -18393 @ 6660.65
c bounds -13266 >= -18392 @ 6665.31
c bounds -13266 >= -18391 @ 6674.37
c bounds -13266 >= -18390 @ 6677.5
c #Conflicts:     575000 | #Constraints:     291154
c bounds -13266 >= -18389 @ 6684.51
c bounds -13266 >= -18388 @ 6693.66
c bounds -13266 >= -18387 @ 6697.74
c bounds -13266 >= -18386 @ 6703.09
c bounds -13266 >= -18385 @ 6705.91
c bounds -13266 >= -18384 @ 6706.14
c bounds -13266 >= -18383 @ 6706.54
c bounds -13266 >= -18382 @ 6706.87
c bounds -13266 >= -18381 @ 6708.21
c bounds -13266 >= -18380 @ 6708.62
c bounds -13266 >= -18379 @ 6709.21
c #Conflicts:     576000 | #Constraints:     292457
c bounds -13266 >= -18378 @ 6710.77
c bounds -13266 >= -18377 @ 6711.97
c bounds -13266 >= -18376 @ 6713.77
c bounds -13266 >= -18375 @ 6714.79
c bounds -13266 >= -18374 @ 6715.71
c bounds -13266 >= -18373 @ 6716.49
c bounds -13266 >= -18372 @ 6717.68
c bounds -13266 >= -18371 @ 6719.18
c bounds -13266 >= -18370 @ 6721.47
c bounds -13266 >= -18369 @ 6723.34
c bounds -13266 >= -18368 @ 6725.6
c bounds -13266 >= -18367 @ 6727.84
c bounds -13266 >= -18366 @ 6730.49
c bounds -13266 >= -18365 @ 6732.54
c bounds -13266 >= -18364 @ 6735.14
c bounds -13266 >= -18363 @ 6738.78
c bounds -13266 >= -18362 @ 6742.25
c bounds -13266 >= -18361 @ 6745.25
c #Conflicts:     577000 | #Constraints:     294021
c bounds -13266 >= -18360 @ 6748.78
c bounds -13266 >= -18359 @ 6753.09
c bounds -13266 >= -18358 @ 6754.73
c bounds -13266 >= -18357 @ 6759.9
c bounds -13266 >= -18356 @ 6764.98
c bounds -13266 >= -18355 @ 6767.97
c bounds -13266 >= -18354 @ 6771.58
c bounds -13266 >= -18353 @ 6776.08
c bounds -13266 >= -18352 @ 6781.35
c #Conflicts:     578000 | #Constraints:     295432
c bounds -13266 >= -18351 @ 6798.26
c bounds -13266 >= -18350 @ 6806.15
c bounds -13266 >= -18349 @ 6816.35
c bounds -13266 >= -18348 @ 6824.13
c bounds -13266 >= -18347 @ 6829.51
c bounds -13266 >= -18346 @ 6838.64
c bounds -13266 >= -18345 @ 6845.8
c #Conflicts:     579000 | #Constraints:     296783
c bounds -13266 >= -18344 @ 6851.2
c bounds -13266 >= -18343 @ 6860.45
c bounds -13266 >= -18342 @ 6869.95
c bounds -13266 >= -18341 @ 6876.51
c bounds -13266 >= -18340 @ 6881.85
c bounds -13266 >= -18339 @ 6886.3
c bounds -13266 >= -18338 @ 6891.96
c bounds -13266 >= -18337 @ 6895.23
c #Conflicts:     580000 | #Constraints:     298170
c bounds -13266 >= -18336 @ 6900.24
c bounds -13266 >= -18335 @ 6906.71
c bounds -13266 >= -18334 @ 6912.81
c bounds -13266 >= -18333 @ 6919.77
c bounds -13266 >= -18332 @ 6929.77
c bounds -13266 >= -18331 @ 6933.6
c bounds -13266 >= -18330 @ 6942.72
c #Conflicts:     581000 | #Constraints:     299545
c bounds -13266 >= -18329 @ 6951.11
c #Conflicts:     582000 | #Constraints:     300569
c #Conflicts:     583000 | #Constraints:     301569
c #Conflicts:     584000 | #Constraints:     302569
c #Conflicts:     585000 | #Constraints:     303569
c #Conflicts:     586000 | #Constraints:     304569
c #Conflicts:     587000 | #Constraints:     305569
c #Conflicts:     588000 | #Constraints:     306569
c #Conflicts:     589000 | #Constraints:     307569
c #Conflicts:     590000 | #Constraints:     308569
c #Conflicts:     591000 | #Constraints:     309569
c #Conflicts:     592000 | #Constraints:     310569
c #Conflicts:     593000 | #Constraints:     311569
c #Conflicts:     594000 | #Constraints:     312569
c #Conflicts:     595000 | #Constraints:     313569
c #Conflicts:     596000 | #Constraints:     314569
c #Conflicts:     597000 | #Constraints:     315569
c #Conflicts:     598000 | #Constraints:     316569
c bounds -13266 >= -18329 @ 7548.45
c cpu time 7548.45 s
c deterministic time 304933444412 3.05e+11
c optimization time 1.47536 s
c total solve time 7545.97 s
c core-guided solve time 3002.91 s
c propagation time 3774.07 s
c conflict analysis time 3680.11 s
c propagations 444979871
c resolve steps 58201137
c decisions 21323019
c conflicts 598774
c restarts 1276
c inprocessing phases 33
c input clauses 243068
c input cardinalities 9338
c input general constraints 8701
c input average constraint length 36.39
c input average constraint degree 33.93
c learned clauses 444581
c learned cardinalities 4391
c learned general constraints 149811
c learned average constraint length 1150.76
c learned average constraint degree 14102822.97
c watched constraints 92161
c counting constraints 66351
c gcd simplifications 22068
c detected cardinalities 26
c weakened non-implied lits 144923443
c weakened non-implying lits 1171601
c original variables 22011
c clausal propagations 241554385
c cardinality propagations 46576307
c watched propagations 21190373
c counting propagations 128213143
c watch lookups 79925455618
c watch backjump lookups 76251887659
c watch checks 136988241263
c propagation checks 5732617966
c constraint additions 5102047450
c trail pops 466891565
c formula constraints 237453
c learned constraints 598783
c bound constraints 993
c core-guided constraints 22661
c encountered formula constraints 22559993
c encountered learned constraints 18943220
c encountered bound constraints 1132
c encountered core-guided constraints 17295566
c LP total time 0 s
c LP solve time 0 s
c LP constraints added 0
c LP constraints removed 0
c LP pivots internal 0
c LP pivots root 0
c LP calls 0
c LP optimalities 0
c LP no pivot count 0
c LP infeasibilities 0
c LP valid Farkas constraints 0
c LP learned Farkas constraints 0
c LP basis resets 0
c LP cycling count 0
c LP singular count 0
c LP no primal count 0
c LP no farkas count 0
c LP other issue count 0
c LP Gomory cuts 0
c LP learned cuts 0
c LP deleted cuts 0
c LP encountered Gomory constraints 0
c LP encountered Farkas constraints 0
c LP encountered learned Farkas constraints 0
c CG auxiliary variables introduced 7765
c CG solutions found 359
c CG cores constructed 634
c CG core cardinality constraints returned 0
c CG unit cores 0
c CG single cores 634
c CG blocks removed during cardinality reduction 0
c CG first core best 0
c CG decision core best 0
c CG core reduction tie 0
c CG core degree average 1.00
c CG core slack average 31.92
o -13266
s OPTIMUM FOUND
