c RoundingSat 2
c branch 
c commit 
c #variables 14848 #constraints 32925
c bounds - >= -5075 @ 0.125676
c bounds 0 >= -5075 @ 0.130841
c bounds -3343 >= -5075 @ 0.139896
c bounds -3344 >= -5075 @ 0.145937
c bounds -4528 >= -5075 @ 0.173167
c bounds -4531 >= -5075 @ 0.218641
c bounds -4900 >= -5075 @ 0.2356
c Inconsistent input constraint
c cpu time 0.241229 s
c deterministic time 1343167 1.34e+06
c optimization time 0.003775 s
c total solve time 0.111793 s
c core-guided solve time 0.056457 s
c propagation time 0.078366 s
c conflict analysis time 0.0133 s
c propagations 96953
c resolve steps 784
c decisions 41264
c conflicts 155
c restarts 2
c inprocessing phases 0
c input clauses 32210
c input cardinalities 715
c input general constraints 6
c input average constraint length 2.89
c input average constraint degree 2.75
c learned clauses 66
c learned cardinalities 17
c learned general constraints 72
c learned average constraint length 489.15
c learned average constraint degree 822.43
c watched constraints 3
c counting constraints 75
c gcd simplifications 0
c detected cardinalities 1
c weakened non-implied lits 48889
c weakened non-implying lits 0
c original variables 14848
c clausal propagations 77699
c cardinality propagations 13217
c watched propagations 0
c counting propagations 666
c watch lookups 207748
c watch backjump lookups 112138
c watch checks 136768
c propagation checks 487107
c constraint additions 129140
c trail pops 132048
c formula constraints 32925
c learned constraints 155
c bound constraints 6
c core-guided constraints 0
c encountered formula constraints 841
c encountered learned constraints 92
c encountered bound constraints 6
c encountered core-guided constraints 0
c LP total time 0 s
c LP solve time 0 s
c LP constraints added 0
c LP constraints removed 0
c LP pivots internal 0
c LP pivots root 0
c LP calls 0
c LP optimalities 0
c LP no pivot count 0
c LP infeasibilities 0
c LP valid Farkas constraints 0
c LP learned Farkas constraints 0
c LP basis resets 0
c LP cycling count 0
c LP singular count 0
c LP no primal count 0
c LP no farkas count 0
c LP other issue count 0
c LP Gomory cuts 0
c LP learned cuts 0
c LP deleted cuts 0
c LP encountered Gomory constraints 0
c LP encountered Farkas constraints 0
c LP encountered learned Farkas constraints 0
c CG auxiliary variables introduced 0
c CG solutions found 7
c CG cores constructed 0
c CG core cardinality constraints returned 0
c CG unit cores 0
c CG single cores 0
c CG blocks removed during cardinality reduction 0
c CG first core best 0
c CG decision core best 0
c CG core reduction tie 0
c CG core degree average 0.00
c CG core slack average 0.00
o -5075
s OPTIMUM FOUND
