c RoundingSat 2
c branch 
c commit 
c #variables 2610 #constraints 5751
c bounds - >= -2250 @ 0.021857
c bounds -252 >= -2250 @ 0.024026
c bounds -1657 >= -2250 @ 0.031583
c bounds -1662 >= -2250 @ 0.033143
c bounds -1665 >= -2250 @ 0.035047
c bounds -1668 >= -2250 @ 0.036884
c bounds -1970 >= -2250 @ 0.045265
c bounds -1973 >= -2250 @ 0.047746
c bounds -1976 >= -2250 @ 0.049534
c bounds -1979 >= -2250 @ 0.052041
c bounds -1982 >= -2250 @ 0.055047
c bounds -2172 >= -2250 @ 0.065781
c bounds -2173 >= -2250 @ 0.06841
c bounds -2174 >= -2250 @ 0.071078
c bounds -2175 >= -2250 @ 0.072831
c bounds -2176 >= -2250 @ 0.075154
c bounds -2177 >= -2250 @ 0.077614
c bounds -2178 >= -2250 @ 0.078243
c bounds -2179 >= -2250 @ 0.079819
c bounds -2180 >= -2250 @ 0.080832
c #Conflicts:       1000 | #Constraints:       6769
c #Conflicts:       2000 | #Constraints:       7769
c INPROCESSING
c GARBAGE COLLECT
c bounds -2181 >= -2250 @ 0.288936
c bounds -2182 >= -2250 @ 0.290502
c bounds -2183 >= -2250 @ 0.292981
c bounds -2184 >= -2250 @ 0.294831
c bounds -2185 >= -2250 @ 0.295144
c bounds -2186 >= -2250 @ 0.301102
c bounds -2187 >= -2250 @ 0.303814
c bounds -2188 >= -2250 @ 0.305799
c bounds -2189 >= -2250 @ 0.30675
c bounds -2190 >= -2250 @ 0.307872
c bounds -2191 >= -2250 @ 0.308762
c bounds -2192 >= -2250 @ 0.310428
c bounds -2193 >= -2250 @ 0.313744
c bounds -2194 >= -2250 @ 0.314744
c bounds -2195 >= -2250 @ 0.317588
c bounds -2196 >= -2250 @ 0.319872
c bounds -2197 >= -2250 @ 0.322119
c bounds -2198 >= -2250 @ 0.359671
c bounds -2199 >= -2250 @ 0.360573
c bounds -2200 >= -2250 @ 0.362619
c bounds -2201 >= -2250 @ 0.364562
c bounds -2202 >= -2250 @ 0.365522
c bounds -2203 >= -2250 @ 0.368778
c bounds -2204 >= -2250 @ 0.371303
c bounds -2205 >= -2250 @ 0.373676
c bounds -2206 >= -2250 @ 0.385249
c bounds -2207 >= -2250 @ 0.386895
c bounds -2208 >= -2250 @ 0.389556
c bounds -2209 >= -2250 @ 0.392254
c bounds -2210 >= -2250 @ 0.394459
c bounds -2211 >= -2250 @ 0.396653
c bounds -2212 >= -2250 @ 0.398814
c bounds -2213 >= -2250 @ 0.40044
c bounds -2214 >= -2250 @ 0.400569
c bounds -2215 >= -2250 @ 0.403031
c #Conflicts:       3000 | #Constraints:       7811
c bounds -2216 >= -2250 @ 0.533545
c #Conflicts:       4000 | #Constraints:       8812
c INPROCESSING
c GARBAGE COLLECT
c bounds -2217 >= -2250 @ 0.777061
c #Conflicts:       5000 | #Constraints:       8206
c #Conflicts:       6000 | #Constraints:       9206
c INPROCESSING
c GARBAGE COLLECT
c bounds -2218 >= -2250 @ 1.14221
c bounds -2219 >= -2250 @ 1.14543
c bounds -2220 >= -2250 @ 1.14986
c bounds -2221 >= -2250 @ 1.1523
c bounds -2222 >= -2250 @ 1.15846
c bounds -2223 >= -2250 @ 1.20393
c #Conflicts:       7000 | #Constraints:       8238
c bounds -2224 >= -2250 @ 1.45721
c #Conflicts:       8000 | #Constraints:       9239
c #Conflicts:       9000 | #Constraints:      10239
c INPROCESSING
c GARBAGE COLLECT
c #Conflicts:      10000 | #Constraints:       8945
c #Conflicts:      11000 | #Constraints:       9945
c #Conflicts:      12000 | #Constraints:      10945
c INPROCESSING
c GARBAGE COLLECT
c bounds -2225 >= -2250 @ 2.17935
c bounds -2226 >= -2250 @ 2.28868
c bounds -2227 >= -2250 @ 2.3407
c bounds -2228 >= -2250 @ 2.3786
c bounds -2229 >= -2250 @ 2.45562
c #Conflicts:      13000 | #Constraints:       9405
c #Conflicts:      14000 | #Constraints:      10405
c #Conflicts:      15000 | #Constraints:      11405
c INPROCESSING
c GARBAGE COLLECT
c bounds -2230 >= -2250 @ 2.9427
c bounds -2231 >= -2250 @ 3.12983
c bounds -2232 >= -2250 @ 3.13882
c #Conflicts:      16000 | #Constraints:       9643
c #Conflicts:      17000 | #Constraints:      10643
c #Conflicts:      18000 | #Constraints:      11643
c INPROCESSING
c GARBAGE COLLECT
c #Conflicts:      19000 | #Constraints:       9673
c #Conflicts:      20000 | #Constraints:      10673
c #Conflicts:      21000 | #Constraints:      11673
c INPROCESSING
c GARBAGE COLLECT
c #Conflicts:      22000 | #Constraints:       9475
c #Conflicts:      23000 | #Constraints:      10475
c bounds -2233 >= -2250 @ 5.21204
c #Conflicts:      24000 | #Constraints:      11476
c #Conflicts:      25000 | #Constraints:      12476
c INPROCESSING
c GARBAGE COLLECT
c #Conflicts:      26000 | #Constraints:      10099
c #Conflicts:      27000 | #Constraints:      11099
c #Conflicts:      28000 | #Constraints:      12099
c #Conflicts:      29000 | #Constraints:      13099
c INPROCESSING
c GARBAGE COLLECT
c #Conflicts:      30000 | #Constraints:      10498
c #Conflicts:      31000 | #Constraints:      11498
c #Conflicts:      32000 | #Constraints:      12498
c #Conflicts:      33000 | #Constraints:      13498
c INPROCESSING
c GARBAGE COLLECT
c #Conflicts:      34000 | #Constraints:      10708
c #Conflicts:      35000 | #Constraints:      11708
c #Conflicts:      36000 | #Constraints:      12708
c #Conflicts:      37000 | #Constraints:      13708
c INPROCESSING
c GARBAGE COLLECT
c bounds -2234 >= -2250 @ 8.29918
c #Conflicts:      38000 | #Constraints:      10716
c bounds -2235 >= -2250 @ 8.57788
c #Conflicts:      39000 | #Constraints:      11717
c #Conflicts:      40000 | #Constraints:      12717
c #Conflicts:      41000 | #Constraints:      13717
c INPROCESSING
c GARBAGE COLLECT
c #Conflicts:      42000 | #Constraints:      10527
c #Conflicts:      43000 | #Constraints:      11527
c #Conflicts:      44000 | #Constraints:      12527
c #Conflicts:      45000 | #Constraints:      13527
c #Conflicts:      46000 | #Constraints:      14527
c INPROCESSING
c GARBAGE COLLECT
c #Conflicts:      47000 | #Constraints:      11104
c #Conflicts:      48000 | #Constraints:      12104
c #Conflicts:      49000 | #Constraints:      13104
c #Conflicts:      50000 | #Constraints:      14104
c #Conflicts:      51000 | #Constraints:      15104
c INPROCESSING
c GARBAGE COLLECT
c #Conflicts:      52000 | #Constraints:      11512
c #Conflicts:      53000 | #Constraints:      12512
c #Conflicts:      54000 | #Constraints:      13512
c #Conflicts:      55000 | #Constraints:      14512
c #Conflicts:      56000 | #Constraints:      15512
c INPROCESSING
c GARBAGE COLLECT
c #Conflicts:      57000 | #Constraints:      11713
c #Conflicts:      58000 | #Constraints:      12713
c #Conflicts:      59000 | #Constraints:      13713
c #Conflicts:      60000 | #Constraints:      14713
c #Conflicts:      61000 | #Constraints:      15713
c INPROCESSING
c GARBAGE COLLECT
c #Conflicts:      62000 | #Constraints:      11722
c #Conflicts:      63000 | #Constraints:      12722
c #Conflicts:      64000 | #Constraints:      13722
c #Conflicts:      65000 | #Constraints:      14722
c #Conflicts:      66000 | #Constraints:      15722
c INPROCESSING
c GARBAGE COLLECT
c #Conflicts:      67000 | #Constraints:      11516
c #Conflicts:      68000 | #Constraints:      12516
c #Conflicts:      69000 | #Constraints:      13516
c #Conflicts:      70000 | #Constraints:      14516
c #Conflicts:      71000 | #Constraints:      15516
c #Conflicts:      72000 | #Constraints:      16516
c INPROCESSING
c GARBAGE COLLECT
c #Conflicts:      73000 | #Constraints:      12104
c #Conflicts:      74000 | #Constraints:      13104
c #Conflicts:      75000 | #Constraints:      14104
c #Conflicts:      76000 | #Constraints:      15104
c #Conflicts:      77000 | #Constraints:      16104
c #Conflicts:      78000 | #Constraints:      17104
c INPROCESSING
c GARBAGE COLLECT
c #Conflicts:      79000 | #Constraints:      12506
c #Conflicts:      80000 | #Constraints:      13506
c #Conflicts:      81000 | #Constraints:      14506
c #Conflicts:      82000 | #Constraints:      15506
c #Conflicts:      83000 | #Constraints:      16506
c #Conflicts:      84000 | #Constraints:      17506
c INPROCESSING
c GARBAGE COLLECT
c #Conflicts:      85000 | #Constraints:      12723
c #Conflicts:      86000 | #Constraints:      13723
c #Conflicts:      87000 | #Constraints:      14723
c #Conflicts:      88000 | #Constraints:      15723
c #Conflicts:      89000 | #Constraints:      16723
c #Conflicts:      90000 | #Constraints:      17723
c INPROCESSING
c GARBAGE COLLECT
c #Conflicts:      91000 | #Constraints:      12729
c #Conflicts:      92000 | #Constraints:      13729
c #Conflicts:      93000 | #Constraints:      14729
c #Conflicts:      94000 | #Constraints:      15729
c #Conflicts:      95000 | #Constraints:      16729
c #Conflicts:      96000 | #Constraints:      17729
c INPROCESSING
c GARBAGE COLLECT
c bounds -2236 >= -2250 @ 23.6245
c #Conflicts:      97000 | #Constraints:      12563
c #Conflicts:      98000 | #Constraints:      13563
c #Conflicts:      99000 | #Constraints:      14563
c #Conflicts:     100000 | #Constraints:      15563
c #Conflicts:     101000 | #Constraints:      16563
c #Conflicts:     102000 | #Constraints:      17563
c bounds -2237 >= -2250 @ 25.229
c bounds -2238 >= -2250 @ 25.3439
c #Conflicts:     103000 | #Constraints:      18565
c INPROCESSING
c GARBAGE COLLECT
c #Conflicts:     104000 | #Constraints:      13136
c #Conflicts:     105000 | #Constraints:      14136
c #Conflicts:     106000 | #Constraints:      15136
c #Conflicts:     107000 | #Constraints:      16136
c #Conflicts:     108000 | #Constraints:      17136
c #Conflicts:     109000 | #Constraints:      18136
c #Conflicts:     110000 | #Constraints:      19136
c INPROCESSING
c GARBAGE COLLECT
c bounds -2239 >= -2250 @ 26.9455
c bounds -2240 >= -2250 @ 27.0128
c #Conflicts:     111000 | #Constraints:      13545
c bounds -2241 >= -2250 @ 27.5845
c #Conflicts:     112000 | #Constraints:      14546
c #Conflicts:     113000 | #Constraints:      15546
c #Conflicts:     114000 | #Constraints:      16546
c #Conflicts:     115000 | #Constraints:      17546
c #Conflicts:     116000 | #Constraints:      18546
c #Conflicts:     117000 | #Constraints:      19546
c INPROCESSING
c GARBAGE COLLECT
c #Conflicts:     118000 | #Constraints:      13555
c #Conflicts:     119000 | #Constraints:      14555
c #Conflicts:     120000 | #Constraints:      15555
c #Conflicts:     121000 | #Constraints:      16555
c #Conflicts:     122000 | #Constraints:      17555
c #Conflicts:     123000 | #Constraints:      18555
c #Conflicts:     124000 | #Constraints:      19555
c INPROCESSING
c GARBAGE COLLECT
c #Conflicts:     125000 | #Constraints:      13550
c #Conflicts:     126000 | #Constraints:      14550
c #Conflicts:     127000 | #Constraints:      15550
c #Conflicts:     128000 | #Constraints:      16550
c #Conflicts:     129000 | #Constraints:      17550
c #Conflicts:     130000 | #Constraints:      18550
c #Conflicts:     131000 | #Constraints:      19550
c INPROCESSING
c GARBAGE COLLECT
c #Conflicts:     132000 | #Constraints:      13360
c #Conflicts:     133000 | #Constraints:      14360
c #Conflicts:     134000 | #Constraints:      15360
c #Conflicts:     135000 | #Constraints:      16360
c #Conflicts:     136000 | #Constraints:      17360
c #Conflicts:     137000 | #Constraints:      18360
c #Conflicts:     138000 | #Constraints:      19360
c #Conflicts:     139000 | #Constraints:      20360
c INPROCESSING
c GARBAGE COLLECT
c #Conflicts:     140000 | #Constraints:      13976
c #Conflicts:     141000 | #Constraints:      14976
c #Conflicts:     142000 | #Constraints:      15976
c #Conflicts:     143000 | #Constraints:      16976
c #Conflicts:     144000 | #Constraints:      17976
c #Conflicts:     145000 | #Constraints:      18976
c #Conflicts:     146000 | #Constraints:      19976
c #Conflicts:     147000 | #Constraints:      20976
c INPROCESSING
c GARBAGE COLLECT
c #Conflicts:     148000 | #Constraints:      14383
c #Conflicts:     149000 | #Constraints:      15383
c #Conflicts:     150000 | #Constraints:      16383
c #Conflicts:     151000 | #Constraints:      17383
c #Conflicts:     152000 | #Constraints:      18383
c #Conflicts:     153000 | #Constraints:      19383
c #Conflicts:     154000 | #Constraints:      20383
c #Conflicts:     155000 | #Constraints:      21383
c INPROCESSING
c GARBAGE COLLECT
c #Conflicts:     156000 | #Constraints:      14583
c #Conflicts:     157000 | #Constraints:      15583
c #Conflicts:     158000 | #Constraints:      16583
c #Conflicts:     159000 | #Constraints:      17583
c #Conflicts:     160000 | #Constraints:      18583
c #Conflicts:     161000 | #Constraints:      19583
c #Conflicts:     162000 | #Constraints:      20583
c #Conflicts:     163000 | #Constraints:      21583
c INPROCESSING
c GARBAGE COLLECT
c #Conflicts:     164000 | #Constraints:      14594
c #Conflicts:     165000 | #Constraints:      15594
c #Conflicts:     166000 | #Constraints:      16594
c #Conflicts:     167000 | #Constraints:      17594
c #Conflicts:     168000 | #Constraints:      18594
c #Conflicts:     169000 | #Constraints:      19594
c #Conflicts:     170000 | #Constraints:      20594
c #Conflicts:     171000 | #Constraints:      21594
c INPROCESSING
c GARBAGE COLLECT
c #Conflicts:     172000 | #Constraints:      14367
c #Conflicts:     173000 | #Constraints:      15367
c #Conflicts:     174000 | #Constraints:      16367
c #Conflicts:     175000 | #Constraints:      17367
c #Conflicts:     176000 | #Constraints:      18367
c #Conflicts:     177000 | #Constraints:      19367
c #Conflicts:     178000 | #Constraints:      20367
c #Conflicts:     179000 | #Constraints:      21367
c #Conflicts:     180000 | #Constraints:      22367
c INPROCESSING
c GARBAGE COLLECT
c #Conflicts:     181000 | #Constraints:      14980
c #Conflicts:     182000 | #Constraints:      15980
c #Conflicts:     183000 | #Constraints:      16980
c #Conflicts:     184000 | #Constraints:      17980
c #Conflicts:     185000 | #Constraints:      18980
c #Conflicts:     186000 | #Constraints:      19980
c #Conflicts:     187000 | #Constraints:      20980
c #Conflicts:     188000 | #Constraints:      21980
c #Conflicts:     189000 | #Constraints:      22980
c INPROCESSING
c GARBAGE COLLECT
c #Conflicts:     190000 | #Constraints:      15389
c #Conflicts:     191000 | #Constraints:      16389
c #Conflicts:     192000 | #Constraints:      17389
c #Conflicts:     193000 | #Constraints:      18389
c #Conflicts:     194000 | #Constraints:      19389
c #Conflicts:     195000 | #Constraints:      20389
c #Conflicts:     196000 | #Constraints:      21389
c #Conflicts:     197000 | #Constraints:      22389
c #Conflicts:     198000 | #Constraints:      23389
c INPROCESSING
c GARBAGE COLLECT
c #Conflicts:     199000 | #Constraints:      15602
c #Conflicts:     200000 | #Constraints:      16602
c #Conflicts:     201000 | #Constraints:      17602
c #Conflicts:     202000 | #Constraints:      18602
c #Conflicts:     203000 | #Constraints:      19602
c #Conflicts:     204000 | #Constraints:      20602
c #Conflicts:     205000 | #Constraints:      21602
c #Conflicts:     206000 | #Constraints:      22602
c #Conflicts:     207000 | #Constraints:      23602
c INPROCESSING
c GARBAGE COLLECT
c #Conflicts:     208000 | #Constraints:      15604
c #Conflicts:     209000 | #Constraints:      16604
c #Conflicts:     210000 | #Constraints:      17604
c #Conflicts:     211000 | #Constraints:      18604
c #Conflicts:     212000 | #Constraints:      19604
c #Conflicts:     213000 | #Constraints:      20604
c #Conflicts:     214000 | #Constraints:      21604
c #Conflicts:     215000 | #Constraints:      22604
c #Conflicts:     216000 | #Constraints:      23604
c INPROCESSING
c GARBAGE COLLECT
c #Conflicts:     217000 | #Constraints:      15400
c #Conflicts:     218000 | #Constraints:      16400
c #Conflicts:     219000 | #Constraints:      17400
c #Conflicts:     220000 | #Constraints:      18400
c #Conflicts:     221000 | #Constraints:      19400
c #Conflicts:     222000 | #Constraints:      20400
c #Conflicts:     223000 | #Constraints:      21400
c #Conflicts:     224000 | #Constraints:      22400
c #Conflicts:     225000 | #Constraints:      23400
c #Conflicts:     226000 | #Constraints:      24400
c INPROCESSING
c GARBAGE COLLECT
c #Conflicts:     227000 | #Constraints:      15995
c #Conflicts:     228000 | #Constraints:      16995
c #Conflicts:     229000 | #Constraints:      17995
c #Conflicts:     230000 | #Constraints:      18995
c #Conflicts:     231000 | #Constraints:      19995
c #Conflicts:     232000 | #Constraints:      20995
c #Conflicts:     233000 | #Constraints:      21995
c #Conflicts:     234000 | #Constraints:      22995
c #Conflicts:     235000 | #Constraints:      23995
c #Conflicts:     236000 | #Constraints:      24995
c INPROCESSING
c GARBAGE COLLECT
c #Conflicts:     237000 | #Constraints:      16385
c #Conflicts:     238000 | #Constraints:      17385
c #Conflicts:     239000 | #Constraints:      18385
c #Conflicts:     240000 | #Constraints:      19385
c #Conflicts:     241000 | #Constraints:      20385
c #Conflicts:     242000 | #Constraints:      21385
c #Conflicts:     243000 | #Constraints:      22385
c #Conflicts:     244000 | #Constraints:      23385
c #Conflicts:     245000 | #Constraints:      24385
c #Conflicts:     246000 | #Constraints:      25385
c INPROCESSING
c GARBAGE COLLECT
c #Conflicts:     247000 | #Constraints:      16594
c #Conflicts:     248000 | #Constraints:      17594
c #Conflicts:     249000 | #Constraints:      18594
c #Conflicts:     250000 | #Constraints:      19594
c #Conflicts:     251000 | #Constraints:      20594
c #Conflicts:     252000 | #Constraints:      21594
c #Conflicts:     253000 | #Constraints:      22594
c #Conflicts:     254000 | #Constraints:      23594
c #Conflicts:     255000 | #Constraints:      24594
c #Conflicts:     256000 | #Constraints:      25594
c INPROCESSING
c GARBAGE COLLECT
c #Conflicts:     257000 | #Constraints:      16590
c #Conflicts:     258000 | #Constraints:      17590
c #Conflicts:     259000 | #Constraints:      18590
c #Conflicts:     260000 | #Constraints:      19590
c #Conflicts:     261000 | #Constraints:      20590
c #Conflicts:     262000 | #Constraints:      21590
c #Conflicts:     263000 | #Constraints:      22590
c #Conflicts:     264000 | #Constraints:      23590
c #Conflicts:     265000 | #Constraints:      24590
c #Conflicts:     266000 | #Constraints:      25590
c INPROCESSING
c GARBAGE COLLECT
c #Conflicts:     267000 | #Constraints:      16407
c #Conflicts:     268000 | #Constraints:      17407
c #Conflicts:     269000 | #Constraints:      18407
c #Conflicts:     270000 | #Constraints:      19407
c #Conflicts:     271000 | #Constraints:      20407
c #Conflicts:     272000 | #Constraints:      21407
c #Conflicts:     273000 | #Constraints:      22407
c #Conflicts:     274000 | #Constraints:      23407
c #Conflicts:     275000 | #Constraints:      24407
c #Conflicts:     276000 | #Constraints:      25407
c #Conflicts:     277000 | #Constraints:      26407
c INPROCESSING
c GARBAGE COLLECT
c #Conflicts:     278000 | #Constraints:      16985
c #Conflicts:     279000 | #Constraints:      17985
c #Conflicts:     280000 | #Constraints:      18985
c #Conflicts:     281000 | #Constraints:      19985
c #Conflicts:     282000 | #Constraints:      20985
c #Conflicts:     283000 | #Constraints:      21985
c #Conflicts:     284000 | #Constraints:      22985
c #Conflicts:     285000 | #Constraints:      23985
c #Conflicts:     286000 | #Constraints:      24985
c #Conflicts:     287000 | #Constraints:      25985
c #Conflicts:     288000 | #Constraints:      26985
c INPROCESSING
c GARBAGE COLLECT
c #Conflicts:     289000 | #Constraints:      17388
c #Conflicts:     290000 | #Constraints:      18388
c #Conflicts:     291000 | #Constraints:      19388
c #Conflicts:     292000 | #Constraints:      20388
c #Conflicts:     293000 | #Constraints:      21388
c #Conflicts:     294000 | #Constraints:      22388
c #Conflicts:     295000 | #Constraints:      23388
c #Conflicts:     296000 | #Constraints:      24388
c #Conflicts:     297000 | #Constraints:      25388
c #Conflicts:     298000 | #Constraints:      26388
c #Conflicts:     299000 | #Constraints:      27388
c INPROCESSING
c GARBAGE COLLECT
c #Conflicts:     300000 | #Constraints:      17582
c #Conflicts:     301000 | #Constraints:      18582
c bounds -2242 >= -2250 @ 82.4911
c #Conflicts:     302000 | #Constraints:      19583
c #Conflicts:     303000 | #Constraints:      20583
c #Conflicts:     304000 | #Constraints:      21583
c #Conflicts:     305000 | #Constraints:      22583
c #Conflicts:     306000 | #Constraints:      23583
c #Conflicts:     307000 | #Constraints:      24583
c #Conflicts:     308000 | #Constraints:      25583
c #Conflicts:     309000 | #Constraints:      26583
c #Conflicts:     310000 | #Constraints:      27583
c INPROCESSING
c GARBAGE COLLECT
c bounds -2243 >= -2250 @ 85.1541
c #Conflicts:     311000 | #Constraints:      17588
c bounds -2244 >= -2250 @ 85.4001
c #Conflicts:     312000 | #Constraints:      18589
c #Conflicts:     313000 | #Constraints:      19589
c #Conflicts:     314000 | #Constraints:      20589
c #Conflicts:     315000 | #Constraints:      21589
c #Conflicts:     316000 | #Constraints:      22589
c #Conflicts:     317000 | #Constraints:      23589
c #Conflicts:     318000 | #Constraints:      24589
c #Conflicts:     319000 | #Constraints:      25589
c #Conflicts:     320000 | #Constraints:      26589
c #Conflicts:     321000 | #Constraints:      27589
c INPROCESSING
c GARBAGE COLLECT
c #Conflicts:     322000 | #Constraints:      17195
c #Conflicts:     323000 | #Constraints:      18195
c #Conflicts:     324000 | #Constraints:      19195
c #Conflicts:     325000 | #Constraints:      20195
c #Conflicts:     326000 | #Constraints:      21195
c #Conflicts:     327000 | #Constraints:      22195
c #Conflicts:     328000 | #Constraints:      23195
c #Conflicts:     329000 | #Constraints:      24195
c #Conflicts:     330000 | #Constraints:      25195
c #Conflicts:     331000 | #Constraints:      26195
c #Conflicts:     332000 | #Constraints:      27195
c #Conflicts:     333000 | #Constraints:      28195
c INPROCESSING
c GARBAGE COLLECT
c #Conflicts:     334000 | #Constraints:      17817
c #Conflicts:     335000 | #Constraints:      18817
c #Conflicts:     336000 | #Constraints:      19817
c #Conflicts:     337000 | #Constraints:      20817
c #Conflicts:     338000 | #Constraints:      21817
c #Conflicts:     339000 | #Constraints:      22817
c #Conflicts:     340000 | #Constraints:      23817
c #Conflicts:     341000 | #Constraints:      24817
c #Conflicts:     342000 | #Constraints:      25817
c #Conflicts:     343000 | #Constraints:      26817
c #Conflicts:     344000 | #Constraints:      27817
c #Conflicts:     345000 | #Constraints:      28817
c INPROCESSING
c GARBAGE COLLECT
c #Conflicts:     346000 | #Constraints:      18182
c #Conflicts:     347000 | #Constraints:      19182
c #Conflicts:     348000 | #Constraints:      20182
c #Conflicts:     349000 | #Constraints:      21182
c #Conflicts:     350000 | #Constraints:      22182
c #Conflicts:     351000 | #Constraints:      23182
c #Conflicts:     352000 | #Constraints:      24182
c #Conflicts:     353000 | #Constraints:      25182
c #Conflicts:     354000 | #Constraints:      26182
c #Conflicts:     355000 | #Constraints:      27182
c #Conflicts:     356000 | #Constraints:      28182
c #Conflicts:     357000 | #Constraints:      29182
c INPROCESSING
c GARBAGE COLLECT
c #Conflicts:     358000 | #Constraints:      18388
c #Conflicts:     359000 | #Constraints:      19388
c #Conflicts:     360000 | #Constraints:      20388
c #Conflicts:     361000 | #Constraints:      21388
c #Conflicts:     362000 | #Constraints:      22388
c #Conflicts:     363000 | #Constraints:      23388
c #Conflicts:     364000 | #Constraints:      24388
c #Conflicts:     365000 | #Constraints:      25388
c #Conflicts:     366000 | #Constraints:      26388
c #Conflicts:     367000 | #Constraints:      27388
c #Conflicts:     368000 | #Constraints:      28388
c #Conflicts:     369000 | #Constraints:      29388
c INPROCESSING
c GARBAGE COLLECT
c #Conflicts:     370000 | #Constraints:      18401
c #Conflicts:     371000 | #Constraints:      19401
c #Conflicts:     372000 | #Constraints:      20401
c #Conflicts:     373000 | #Constraints:      21401
c #Conflicts:     374000 | #Constraints:      22401
c #Conflicts:     375000 | #Constraints:      23401
c #Conflicts:     376000 | #Constraints:      24401
c #Conflicts:     377000 | #Constraints:      25401
c #Conflicts:     378000 | #Constraints:      26401
c #Conflicts:     379000 | #Constraints:      27401
c #Conflicts:     380000 | #Constraints:      28401
c #Conflicts:     381000 | #Constraints:      29401
c INPROCESSING
c GARBAGE COLLECT
c #Conflicts:     382000 | #Constraints:      18192
c #Conflicts:     383000 | #Constraints:      19192
c #Conflicts:     384000 | #Constraints:      20192
c #Conflicts:     385000 | #Constraints:      21192
c #Conflicts:     386000 | #Constraints:      22192
c #Conflicts:     387000 | #Constraints:      23192
c #Conflicts:     388000 | #Constraints:      24192
c #Conflicts:     389000 | #Constraints:      25192
c #Conflicts:     390000 | #Constraints:      26192
c #Conflicts:     391000 | #Constraints:      27192
c #Conflicts:     392000 | #Constraints:      28192
c #Conflicts:     393000 | #Constraints:      29192
c #Conflicts:     394000 | #Constraints:      30192
c INPROCESSING
c GARBAGE COLLECT
c #Conflicts:     395000 | #Constraints:      18783
c #Conflicts:     396000 | #Constraints:      19783
c #Conflicts:     397000 | #Constraints:      20783
c bounds -2245 >= -2250 @ 112.674
c #Conflicts:     398000 | #Constraints:      21784
c #Conflicts:     399000 | #Constraints:      22784
c #Conflicts:     400000 | #Constraints:      23784
c #Conflicts:     401000 | #Constraints:      24784
c #Conflicts:     402000 | #Constraints:      25784
c #Conflicts:     403000 | #Constraints:      26784
c #Conflicts:     404000 | #Constraints:      27784
c #Conflicts:     405000 | #Constraints:      28784
c #Conflicts:     406000 | #Constraints:      29784
c #Conflicts:     407000 | #Constraints:      30784
c INPROCESSING
c GARBAGE COLLECT
c #Conflicts:     408000 | #Constraints:      19000
c #Conflicts:     409000 | #Constraints:      20000
c #Conflicts:     410000 | #Constraints:      21000
c #Conflicts:     411000 | #Constraints:      22000
c #Conflicts:     412000 | #Constraints:      23000
c #Conflicts:     413000 | #Constraints:      24000
c #Conflicts:     414000 | #Constraints:      25000
c #Conflicts:     415000 | #Constraints:      26000
c #Conflicts:     416000 | #Constraints:      27000
c #Conflicts:     417000 | #Constraints:      28000
c #Conflicts:     418000 | #Constraints:      29000
c #Conflicts:     419000 | #Constraints:      30000
c #Conflicts:     420000 | #Constraints:      31000
c INPROCESSING
c GARBAGE COLLECT
c #Conflicts:     421000 | #Constraints:      19215
c #Conflicts:     422000 | #Constraints:      20215
c #Conflicts:     423000 | #Constraints:      21215
c #Conflicts:     424000 | #Constraints:      22215
c #Conflicts:     425000 | #Constraints:      23215
c #Conflicts:     426000 | #Constraints:      24215
c #Conflicts:     427000 | #Constraints:      25215
c #Conflicts:     428000 | #Constraints:      26215
c #Conflicts:     429000 | #Constraints:      27215
c #Conflicts:     430000 | #Constraints:      28215
c #Conflicts:     431000 | #Constraints:      29215
c #Conflicts:     432000 | #Constraints:      30215
c #Conflicts:     433000 | #Constraints:      31215
c INPROCESSING
c GARBAGE COLLECT
c #Conflicts:     434000 | #Constraints:      19259
c #Conflicts:     435000 | #Constraints:      20259
c #Conflicts:     436000 | #Constraints:      21259
c #Conflicts:     437000 | #Constraints:      22259
c bounds -2246 >= -2250 @ 131.458
c #Conflicts:     438000 | #Constraints:      23260
c #Conflicts:     439000 | #Constraints:      24260
c #Conflicts:     440000 | #Constraints:      25260
c #Conflicts:     441000 | #Constraints:      26260
c #Conflicts:     442000 | #Constraints:      27260
c #Conflicts:     443000 | #Constraints:      28260
c #Conflicts:     444000 | #Constraints:      29260
c #Conflicts:     445000 | #Constraints:      30260
c #Conflicts:     446000 | #Constraints:      31260
c INPROCESSING
c GARBAGE COLLECT
c #Conflicts:     447000 | #Constraints:      19075
c #Conflicts:     448000 | #Constraints:      20075
c #Conflicts:     449000 | #Constraints:      21075
c #Conflicts:     450000 | #Constraints:      22075
c #Conflicts:     451000 | #Constraints:      23075
c #Conflicts:     452000 | #Constraints:      24075
c #Conflicts:     453000 | #Constraints:      25075
c #Conflicts:     454000 | #Constraints:      26075
c #Conflicts:     455000 | #Constraints:      27075
c #Conflicts:     456000 | #Constraints:      28075
c #Conflicts:     457000 | #Constraints:      29075
c #Conflicts:     458000 | #Constraints:      30075
c #Conflicts:     459000 | #Constraints:      31075
c #Conflicts:     460000 | #Constraints:      32075
c INPROCESSING
c GARBAGE COLLECT
c #Conflicts:     461000 | #Constraints:      19662
c #Conflicts:     462000 | #Constraints:      20662
c #Conflicts:     463000 | #Constraints:      21662
c #Conflicts:     464000 | #Constraints:      22662
c #Conflicts:     465000 | #Constraints:      23662
c #Conflicts:     466000 | #Constraints:      24662
c #Conflicts:     467000 | #Constraints:      25662
c #Conflicts:     468000 | #Constraints:      26662
c #Conflicts:     469000 | #Constraints:      27662
c #Conflicts:     470000 | #Constraints:      28662
c bounds -2247 >= -2250 @ 146.911
c #Conflicts:     471000 | #Constraints:      29663
c #Conflicts:     472000 | #Constraints:      30663
c #Conflicts:     473000 | #Constraints:      31663
c #Conflicts:     474000 | #Constraints:      32663
c INPROCESSING
c GARBAGE COLLECT
c #Conflicts:     475000 | #Constraints:      19846
c #Conflicts:     476000 | #Constraints:      20846
c #Conflicts:     477000 | #Constraints:      21846
c #Conflicts:     478000 | #Constraints:      22846
c #Conflicts:     479000 | #Constraints:      23846
c #Conflicts:     480000 | #Constraints:      24846
c #Conflicts:     481000 | #Constraints:      25846
c #Conflicts:     482000 | #Constraints:      26846
c #Conflicts:     483000 | #Constraints:      27846
c #Conflicts:     484000 | #Constraints:      28846
c #Conflicts:     485000 | #Constraints:      29846
c #Conflicts:     486000 | #Constraints:      30846
c #Conflicts:     487000 | #Constraints:      31846
c #Conflicts:     488000 | #Constraints:      32846
c INPROCESSING
c GARBAGE COLLECT
c #Conflicts:     489000 | #Constraints:      20061
c #Conflicts:     490000 | #Constraints:      21061
c #Conflicts:     491000 | #Constraints:      22061
c bounds -2248 >= -2250 @ 153.644
c #Conflicts:     492000 | #Constraints:      23062
c #Conflicts:     493000 | #Constraints:      24062
c #Conflicts:     494000 | #Constraints:      25062
c #Conflicts:     495000 | #Constraints:      26062
c #Conflicts:     496000 | #Constraints:      27062
c #Conflicts:     497000 | #Constraints:      28062
c #Conflicts:     498000 | #Constraints:      29062
c #Conflicts:     499000 | #Constraints:      30062
c #Conflicts:     500000 | #Constraints:      31062
c #Conflicts:     501000 | #Constraints:      32062
c #Conflicts:     502000 | #Constraints:      33062
c INPROCESSING
c GARBAGE COLLECT
c bounds -2249 >= -2250 @ 157.203
c #Conflicts:     503000 | #Constraints:      20052
c #Conflicts:     504000 | #Constraints:      21052
c #Conflicts:     505000 | #Constraints:      22052
c #Conflicts:     506000 | #Constraints:      23052
c #Conflicts:     507000 | #Constraints:      24052
c #Conflicts:     508000 | #Constraints:      25052
c #Conflicts:     509000 | #Constraints:      26052
c #Conflicts:     510000 | #Constraints:      27052
c #Conflicts:     511000 | #Constraints:      28052
c #Conflicts:     512000 | #Constraints:      29052
c #Conflicts:     513000 | #Constraints:      30052
c #Conflicts:     514000 | #Constraints:      31052
c #Conflicts:     515000 | #Constraints:      32052
c #Conflicts:     516000 | #Constraints:      33052
c INPROCESSING
c GARBAGE COLLECT
c #Conflicts:     517000 | #Constraints:      19694
c #Conflicts:     518000 | #Constraints:      20694
c #Conflicts:     519000 | #Constraints:      21694
c #Conflicts:     520000 | #Constraints:      22694
c #Conflicts:     521000 | #Constraints:      23694
c #Conflicts:     522000 | #Constraints:      24694
c #Conflicts:     523000 | #Constraints:      25694
c #Conflicts:     524000 | #Constraints:      26694
c #Conflicts:     525000 | #Constraints:      27694
c #Conflicts:     526000 | #Constraints:      28694
c #Conflicts:     527000 | #Constraints:      29694
c #Conflicts:     528000 | #Constraints:      30694
c #Conflicts:     529000 | #Constraints:      31694
c #Conflicts:     530000 | #Constraints:      32694
c #Conflicts:     531000 | #Constraints:      33694
c INPROCESSING
c GARBAGE COLLECT
c #Conflicts:     532000 | #Constraints:      20299
c #Conflicts:     533000 | #Constraints:      21299
c #Conflicts:     534000 | #Constraints:      22299
c #Conflicts:     535000 | #Constraints:      23299
c #Conflicts:     536000 | #Constraints:      24299
c #Conflicts:     537000 | #Constraints:      25299
c #Conflicts:     538000 | #Constraints:      26299
c #Conflicts:     539000 | #Constraints:      27299
c Inconsistent input constraint
c cpu time 165.119 s
c deterministic time 9040936983 9.04e+09
c optimization time 0.017348 s
c total solve time 165.08 s
c core-guided solve time 103.903 s
c propagation time 94.8182 s
c conflict analysis time 61.9895 s
c propagations 79034389
c resolve steps 12109077
c decisions 1896092
c conflicts 539779
c restarts 1116
c inprocessing phases 64
c input clauses 5571
c input cardinalities 182
c input general constraints 86
c input average constraint length 16.55
c input average constraint degree 63.27
c learned clauses 349602
c learned cardinalities 35609
c learned general constraints 154568
c learned average constraint length 171.75
c learned average constraint degree 770435.11
c watched constraints 128852
c counting constraints 25802
c gcd simplifications 397
c detected cardinalities 25
c weakened non-implied lits 23264744
c weakened non-implying lits 16159
c original variables 2610
c clausal propagations 61104435
c cardinality propagations 13273126
c watched propagations 1099523
c counting propagations 2613653
c watch lookups 1404179972
c watch backjump lookups 1004905832
c watch checks 4159514475
c propagation checks 2060202139
c constraint additions 249734750
c trail pops 81469333
c formula constraints 5751
c learned constraints 539779
c bound constraints 88
c core-guided constraints 0
c encountered formula constraints 8178406
c encountered learned constraints 4462042
c encountered bound constraints 8408
c encountered core-guided constraints 0
c LP total time 0 s
c LP solve time 0 s
c LP constraints added 0
c LP constraints removed 0
c LP pivots internal 0
c LP pivots root 0
c LP calls 0
c LP optimalities 0
c LP no pivot count 0
c LP infeasibilities 0
c LP valid Farkas constraints 0
c LP learned Farkas constraints 0
c LP basis resets 0
c LP cycling count 0
c LP singular count 0
c LP no primal count 0
c LP no farkas count 0
c LP other issue count 0
c LP Gomory cuts 0
c LP learned cuts 0
c LP deleted cuts 0
c LP encountered Gomory constraints 0
c LP encountered Farkas constraints 0
c LP encountered learned Farkas constraints 0
c CG auxiliary variables introduced 0
c CG solutions found 89
c CG cores constructed 0
c CG core cardinality constraints returned 0
c CG unit cores 0
c CG single cores 0
c CG blocks removed during cardinality reduction 0
c CG first core best 0
c CG decision core best 0
c CG core reduction tie 0
c CG core degree average 0.00
c CG core slack average 0.00
o -2250
s OPTIMUM FOUND
