c RoundingSat 2
c branch 
c commit 
c #variables 2262 #constraints 3735
c bounds - >= -1950 @ 0.017258
c bounds 0 >= -1950 @ 0.018582
c bounds -1367 >= -1950 @ 0.023737
c bounds -1372 >= -1950 @ 0.024049
c bounds -1375 >= -1950 @ 0.0264
c bounds -1380 >= -1950 @ 0.027943
c bounds -1650 >= -1950 @ 0.032734
c bounds -1653 >= -1950 @ 0.034852
c bounds -1656 >= -1950 @ 0.036685
c bounds -1872 >= -1950 @ 0.03851
c bounds -1873 >= -1950 @ 0.039955
c bounds -1874 >= -1950 @ 0.041818
c Inconsistent input constraint
c cpu time 0.045295 s
c deterministic time 275615 2.76e+05
c optimization time 0.001627 s
c total solve time 0.026494 s
c core-guided solve time 0.014482 s
c propagation time 0.015679 s
c conflict analysis time 0.000888 s
c propagations 25969
c resolve steps 520
c decisions 15535
c conflicts 130
c restarts 2
c inprocessing phases 0
c input clauses 3579
c input cardinalities 156
c input general constraints 11
c input average constraint length 6.16
c input average constraint degree 11.39
c learned clauses 110
c learned cardinalities 13
c learned general constraints 7
c learned average constraint length 33.35
c learned average constraint degree 97.60
c watched constraints 1
c counting constraints 17
c gcd simplifications 0
c detected cardinalities 1
c weakened non-implied lits 2254
c weakened non-implying lits 0
c original variables 2262
c clausal propagations 19578
c cardinality propagations 5671
c watched propagations 0
c counting propagations 539
c watch lookups 42918
c watch backjump lookups 7410
c watch checks 68393
c propagation checks 65600
c constraint additions 8164
c trail pops 41625
c formula constraints 3735
c learned constraints 130
c bound constraints 11
c core-guided constraints 0
c encountered formula constraints 635
c encountered learned constraints 10
c encountered bound constraints 5
c encountered core-guided constraints 0
c LP total time 0 s
c LP solve time 0 s
c LP constraints added 0
c LP constraints removed 0
c LP pivots internal 0
c LP pivots root 0
c LP calls 0
c LP optimalities 0
c LP no pivot count 0
c LP infeasibilities 0
c LP valid Farkas constraints 0
c LP learned Farkas constraints 0
c LP basis resets 0
c LP cycling count 0
c LP singular count 0
c LP no primal count 0
c LP no farkas count 0
c LP other issue count 0
c LP Gomory cuts 0
c LP learned cuts 0
c LP deleted cuts 0
c LP encountered Gomory constraints 0
c LP encountered Farkas constraints 0
c LP encountered learned Farkas constraints 0
c CG auxiliary variables introduced 0
c CG solutions found 12
c CG cores constructed 0
c CG core cardinality constraints returned 0
c CG unit cores 0
c CG single cores 0
c CG blocks removed during cardinality reduction 0
c CG first core best 0
c CG decision core best 0
c CG core reduction tie 0
c CG core degree average 0.00
c CG core slack average 0.00
o -1950
s OPTIMUM FOUND
