c RoundingSat 2
c branch 
c commit 
c #variables 18270 #constraints 358811
c bounds - >= -15750 @ 1.07306
c #Conflicts:       1000 | #Constraints:     359810
c #Conflicts:       2000 | #Constraints:     360810
c INPROCESSING
c bounds - >= -15743 @ 1.28154
c bounds - >= -15736 @ 1.29678
c bounds - >= -15729 @ 1.32808
c #Conflicts:       3000 | #Constraints:     360834
c bounds - >= -15722 @ 1.39571
c #Conflicts:       4000 | #Constraints:     361843
c INPROCESSING
c #Conflicts:       5000 | #Constraints:     361261
c bounds - >= -15715 @ 1.58119
c #Conflicts:       6000 | #Constraints:     362270
c INPROCESSING
c #Conflicts:       7000 | #Constraints:     361274
c #Conflicts:       8000 | #Constraints:     362274
c #Conflicts:       9000 | #Constraints:     363274
c INPROCESSING
c #Conflicts:      10000 | #Constraints:     361983
c #Conflicts:      11000 | #Constraints:     362983
c #Conflicts:      12000 | #Constraints:     363983
c INPROCESSING
c GARBAGE COLLECT
c #Conflicts:      13000 | #Constraints:     362448
c #Conflicts:      14000 | #Constraints:     363448
c #Conflicts:      15000 | #Constraints:     364448
c INPROCESSING
c #Conflicts:      16000 | #Constraints:     362696
c bounds - >= -15708 @ 2.70556
c #Conflicts:      17000 | #Constraints:     363708
c #Conflicts:      18000 | #Constraints:     364708
c INPROCESSING
c #Conflicts:      19000 | #Constraints:     362583
c #Conflicts:      20000 | #Constraints:     363583
c #Conflicts:      21000 | #Constraints:     364583
c INPROCESSING
c #Conflicts:      22000 | #Constraints:     362365
c #Conflicts:      23000 | #Constraints:     363365
c #Conflicts:      24000 | #Constraints:     364365
c #Conflicts:      25000 | #Constraints:     365365
c INPROCESSING
c GARBAGE COLLECT
c #Conflicts:      26000 | #Constraints:     362976
c #Conflicts:      27000 | #Constraints:     363976
c #Conflicts:      28000 | #Constraints:     364976
c #Conflicts:      29000 | #Constraints:     365976
c #Conflicts:      30000 | #Constraints:     366976
c #Conflicts:      31000 | #Constraints:     367976
c #Conflicts:      32000 | #Constraints:     368976
c #Conflicts:      33000 | #Constraints:     369976
c #Conflicts:      34000 | #Constraints:     370976
c #Conflicts:      35000 | #Constraints:     371976
c #Conflicts:      36000 | #Constraints:     372976
c #Conflicts:      37000 | #Constraints:     373976
c #Conflicts:      38000 | #Constraints:     374976
c INPROCESSING
c #Conflicts:      39000 | #Constraints:     367866
c #Conflicts:      40000 | #Constraints:     368866
c #Conflicts:      41000 | #Constraints:     369866
c #Conflicts:      42000 | #Constraints:     370866
c INPROCESSING
c GARBAGE COLLECT
c #Conflicts:      43000 | #Constraints:     365405
c #Conflicts:      44000 | #Constraints:     366405
c #Conflicts:      45000 | #Constraints:     367405
c #Conflicts:      46000 | #Constraints:     368405
c #Conflicts:      47000 | #Constraints:     369405
c #Conflicts:      48000 | #Constraints:     370405
c INPROCESSING
c #Conflicts:      49000 | #Constraints:     365646
c #Conflicts:      50000 | #Constraints:     366646
c #Conflicts:      51000 | #Constraints:     367646
c #Conflicts:      52000 | #Constraints:     368646
c #Conflicts:      53000 | #Constraints:     369646
c INPROCESSING
c GARBAGE COLLECT
c #Conflicts:      54000 | #Constraints:     365096
c #Conflicts:      55000 | #Constraints:     366096
c #Conflicts:      56000 | #Constraints:     367096
c #Conflicts:      57000 | #Constraints:     368096
c #Conflicts:      58000 | #Constraints:     369096
c #Conflicts:      59000 | #Constraints:     370096
c #Conflicts:      60000 | #Constraints:     371096
c #Conflicts:      61000 | #Constraints:     372096
c #Conflicts:      62000 | #Constraints:     373096
c #Conflicts:      63000 | #Constraints:     374096
c #Conflicts:      64000 | #Constraints:     375096
c #Conflicts:      65000 | #Constraints:     376096
c #Conflicts:      66000 | #Constraints:     377096
c #Conflicts:      67000 | #Constraints:     378096
c #Conflicts:      68000 | #Constraints:     379096
c #Conflicts:      69000 | #Constraints:     380096
c #Conflicts:      70000 | #Constraints:     381096
c #Conflicts:      71000 | #Constraints:     382096
c INPROCESSING
c GARBAGE COLLECT
c #Conflicts:      72000 | #Constraints:     371303
c #Conflicts:      73000 | #Constraints:     372303
c #Conflicts:      74000 | #Constraints:     373303
c #Conflicts:      75000 | #Constraints:     374303
c bounds - >= -15701 @ 9.30739
c #Conflicts:      76000 | #Constraints:     375318
c #Conflicts:      77000 | #Constraints:     376318
c bounds - >= -15694 @ 9.84319
c #Conflicts:      78000 | #Constraints:     377339
c INPROCESSING
c #Conflicts:      79000 | #Constraints:     369070
c #Conflicts:      80000 | #Constraints:     370070
c #Conflicts:      81000 | #Constraints:     371070
c #Conflicts:      82000 | #Constraints:     372070
c #Conflicts:      83000 | #Constraints:     373070
c #Conflicts:      84000 | #Constraints:     374070
c #Conflicts:      85000 | #Constraints:     375070
c bounds -932 >= -15694 @ 10.6992
c bounds -942 >= -15694 @ 10.739
c bounds -948 >= -15694 @ 10.8157
c bounds -950 >= -15694 @ 10.8251
c bounds -958 >= -15694 @ 10.9151
c #Conflicts:      86000 | #Constraints:     376075
c bounds -976 >= -15694 @ 13.1137
c #Conflicts:      87000 | #Constraints:     377076
c #Conflicts:      88000 | #Constraints:     378076
c #Conflicts:      89000 | #Constraints:     379076
c #Conflicts:      90000 | #Constraints:     380076
c bounds -976 >= -15687 @ 13.9369
c bounds -982 >= -15687 @ 14.1327
c #Conflicts:      91000 | #Constraints:     381101
c #Conflicts:      92000 | #Constraints:     382101
c #Conflicts:      93000 | #Constraints:     383101
c bounds -986 >= -15687 @ 19.0918
c #Conflicts:      94000 | #Constraints:     384102
c #Conflicts:      95000 | #Constraints:     385102
c bounds -986 >= -15680 @ 20.1294
c bounds -990 >= -15680 @ 20.1834
c bounds -992 >= -15680 @ 20.2649
c #Conflicts:      96000 | #Constraints:     386128
c bounds -998 >= -15680 @ 20.3896
c #Conflicts:      97000 | #Constraints:     387129
c #Conflicts:      98000 | #Constraints:     388129
c bounds -1000 >= -15680 @ 24.4045
c #Conflicts:      99000 | #Constraints:     389130
c INPROCESSING
c GARBAGE COLLECT
c #Conflicts:     100000 | #Constraints:     374985
c #Conflicts:     101000 | #Constraints:     375985
c #Conflicts:     102000 | #Constraints:     376985
c bounds -1000 >= -15673 @ 25.9332
c bounds -1002 >= -15673 @ 26.2254
c #Conflicts:     103000 | #Constraints:     378010
c bounds -1012 >= -15673 @ 28.1587
c #Conflicts:     104000 | #Constraints:     379011
c #Conflicts:     105000 | #Constraints:     380011
c #Conflicts:     106000 | #Constraints:     381011
c #Conflicts:     107000 | #Constraints:     382011
c INPROCESSING
c GARBAGE COLLECT
c #Conflicts:     108000 | #Constraints:     371409
c #Conflicts:     109000 | #Constraints:     372409
c #Conflicts:     110000 | #Constraints:     373409
c #Conflicts:     111000 | #Constraints:     374409
c #Conflicts:     112000 | #Constraints:     375409
c #Conflicts:     113000 | #Constraints:     376409
c #Conflicts:     114000 | #Constraints:     377409
c #Conflicts:     115000 | #Constraints:     378409
c #Conflicts:     116000 | #Constraints:     379409
c #Conflicts:     117000 | #Constraints:     380409
c #Conflicts:     118000 | #Constraints:     381409
c #Conflicts:     119000 | #Constraints:     382409
c #Conflicts:     120000 | #Constraints:     383409
c #Conflicts:     121000 | #Constraints:     384409
c #Conflicts:     122000 | #Constraints:     385409
c #Conflicts:     123000 | #Constraints:     386409
c #Conflicts:     124000 | #Constraints:     387409
c #Conflicts:     125000 | #Constraints:     388409
c #Conflicts:     126000 | #Constraints:     389409
c #Conflicts:     127000 | #Constraints:     390409
c #Conflicts:     128000 | #Constraints:     391409
c #Conflicts:     129000 | #Constraints:     392409
c #Conflicts:     130000 | #Constraints:     393409
c #Conflicts:     131000 | #Constraints:     394409
c INPROCESSING
c GARBAGE COLLECT
c bounds -1016 >= -15673 @ 35.3415
c #Conflicts:     132000 | #Constraints:     377462
c bounds -1020 >= -15673 @ 39.2714
c bounds -1024 >= -15673 @ 39.3164
c bounds -1030 >= -15673 @ 39.5214
c #Conflicts:     133000 | #Constraints:     378465
c bounds -1032 >= -15673 @ 42.8637
c bounds -1038 >= -15673 @ 43.743
c bounds -1040 >= -15673 @ 45.4837
c #Conflicts:     134000 | #Constraints:     379468
c #Conflicts:     135000 | #Constraints:     380468
c #Conflicts:     136000 | #Constraints:     381468
c bounds -1042 >= -15673 @ 58.2319
c bounds -1042 >= -15668 @ 58.2384
c bounds -1042 >= -15663 @ 58.2454
c #Conflicts:     137000 | #Constraints:     382479
c #Conflicts:     138000 | #Constraints:     383479
c #Conflicts:     139000 | #Constraints:     384479
c bounds -1042 >= -15658 @ 58.6076
c #Conflicts:     140000 | #Constraints:     385482
c INPROCESSING
c GARBAGE COLLECT
c #Conflicts:     141000 | #Constraints:     372958
c #Conflicts:     142000 | #Constraints:     373958
c #Conflicts:     143000 | #Constraints:     374958
c #Conflicts:     144000 | #Constraints:     375958
c #Conflicts:     145000 | #Constraints:     376958
c #Conflicts:     146000 | #Constraints:     377958
c #Conflicts:     147000 | #Constraints:     378958
c #Conflicts:     148000 | #Constraints:     379958
c #Conflicts:     149000 | #Constraints:     380958
c #Conflicts:     150000 | #Constraints:     381958
c INPROCESSING
c GARBAGE COLLECT
c bounds -1044 >= -15658 @ 75.3113
c #Conflicts:     151000 | #Constraints:     371501
c bounds -1046 >= -15658 @ 78.39
c #Conflicts:     152000 | #Constraints:     372502
c bounds -1050 >= -15658 @ 83.477
c #Conflicts:     153000 | #Constraints:     373503
c #Conflicts:     154000 | #Constraints:     374503
c #Conflicts:     155000 | #Constraints:     375503
c #Conflicts:     156000 | #Constraints:     376503
c #Conflicts:     157000 | #Constraints:     377503
c #Conflicts:     158000 | #Constraints:     378503
c #Conflicts:     159000 | #Constraints:     379503
c #Conflicts:     160000 | #Constraints:     380503
c #Conflicts:     161000 | #Constraints:     381503
c #Conflicts:     162000 | #Constraints:     382503
c #Conflicts:     163000 | #Constraints:     383503
c #Conflicts:     164000 | #Constraints:     384503
c bounds -1360 >= -15658 @ 166.475
c #Conflicts:     165000 | #Constraints:     385504
c #Conflicts:     166000 | #Constraints:     386504
c #Conflicts:     167000 | #Constraints:     387504
c #Conflicts:     168000 | #Constraints:     388504
c bounds -1360 >= -15653 @ 167.062
c #Conflicts:     169000 | #Constraints:     389507
c #Conflicts:     170000 | #Constraints:     390507
c #Conflicts:     171000 | #Constraints:     391507
c #Conflicts:     172000 | #Constraints:     392507
c #Conflicts:     173000 | #Constraints:     393507
c #Conflicts:     174000 | #Constraints:     394507
c #Conflicts:     175000 | #Constraints:     395507
c #Conflicts:     176000 | #Constraints:     396507
c #Conflicts:     177000 | #Constraints:     397507
c #Conflicts:     178000 | #Constraints:     398507
c INPROCESSING
c GARBAGE COLLECT
c #Conflicts:     179000 | #Constraints:     379578
c #Conflicts:     180000 | #Constraints:     380578
c #Conflicts:     181000 | #Constraints:     381578
c #Conflicts:     182000 | #Constraints:     382578
c #Conflicts:     183000 | #Constraints:     383578
c #Conflicts:     184000 | #Constraints:     384578
c #Conflicts:     185000 | #Constraints:     385578
c #Conflicts:     186000 | #Constraints:     386578
c #Conflicts:     187000 | #Constraints:     387578
c #Conflicts:     188000 | #Constraints:     388578
c #Conflicts:     189000 | #Constraints:     389578
c INPROCESSING
c #Conflicts:     190000 | #Constraints:     376312
c #Conflicts:     191000 | #Constraints:     377312
c #Conflicts:     192000 | #Constraints:     378312
c #Conflicts:     193000 | #Constraints:     379312
c #Conflicts:     194000 | #Constraints:     380312
c #Conflicts:     195000 | #Constraints:     381312
c #Conflicts:     196000 | #Constraints:     382312
c #Conflicts:     197000 | #Constraints:     383312
c #Conflicts:     198000 | #Constraints:     384312
c #Conflicts:     199000 | #Constraints:     385312
c #Conflicts:     200000 | #Constraints:     386312
c #Conflicts:     201000 | #Constraints:     387312
c #Conflicts:     202000 | #Constraints:     388312
c #Conflicts:     203000 | #Constraints:     389312
c #Conflicts:     204000 | #Constraints:     390312
c #Conflicts:     205000 | #Constraints:     391312
c #Conflicts:     206000 | #Constraints:     392312
c #Conflicts:     207000 | #Constraints:     393312
c #Conflicts:     208000 | #Constraints:     394312
c #Conflicts:     209000 | #Constraints:     395312
c #Conflicts:     210000 | #Constraints:     396312
c #Conflicts:     211000 | #Constraints:     397312
c #Conflicts:     212000 | #Constraints:     398312
c #Conflicts:     213000 | #Constraints:     399312
c #Conflicts:     214000 | #Constraints:     400312
c #Conflicts:     215000 | #Constraints:     401312
c #Conflicts:     216000 | #Constraints:     402312
c #Conflicts:     217000 | #Constraints:     403312
c #Conflicts:     218000 | #Constraints:     404312
c #Conflicts:     219000 | #Constraints:     405312
c #Conflicts:     220000 | #Constraints:     406312
c INPROCESSING
c GARBAGE COLLECT
c bounds -1378 >= -15653 @ 458.831
c #Conflicts:     221000 | #Constraints:     386905
c #Conflicts:     222000 | #Constraints:     387905
c #Conflicts:     223000 | #Constraints:     388905
c #Conflicts:     224000 | #Constraints:     389905
c #Conflicts:     225000 | #Constraints:     390905
c #Conflicts:     226000 | #Constraints:     391905
c #Conflicts:     227000 | #Constraints:     392905
c #Conflicts:     228000 | #Constraints:     393905
c #Conflicts:     229000 | #Constraints:     394905
c #Conflicts:     230000 | #Constraints:     395905
c #Conflicts:     231000 | #Constraints:     396905
c #Conflicts:     232000 | #Constraints:     397905
c #Conflicts:     233000 | #Constraints:     398905
c bounds -1472 >= -15653 @ 496.08
c bounds -1484 >= -15653 @ 496.202
c bounds -1490 >= -15653 @ 496.669
c bounds -1498 >= -15653 @ 496.901
c bounds -1512 >= -15653 @ 501.107
c bounds -1518 >= -15653 @ 502.121
c #Conflicts:     234000 | #Constraints:     399911
c bounds -1520 >= -15653 @ 505.22
c bounds -1526 >= -15653 @ 507.536
c bounds -1536 >= -15653 @ 510.017
c #Conflicts:     235000 | #Constraints:     400914
c bounds -1542 >= -15653 @ 519.202
c #Conflicts:     236000 | #Constraints:     401915
c bounds -1548 >= -15653 @ 522.844
c #Conflicts:     237000 | #Constraints:     402916
c bounds -1564 >= -15653 @ 529.972
c #Conflicts:     238000 | #Constraints:     403917
c #Conflicts:     239000 | #Constraints:     404917
c #Conflicts:     240000 | #Constraints:     405917
c #Conflicts:     241000 | #Constraints:     406917
c #Conflicts:     242000 | #Constraints:     407917
c #Conflicts:     243000 | #Constraints:     408917
c #Conflicts:     244000 | #Constraints:     409917
c #Conflicts:     245000 | #Constraints:     410917
c #Conflicts:     246000 | #Constraints:     411917
c #Conflicts:     247000 | #Constraints:     412917
c #Conflicts:     248000 | #Constraints:     413917
c #Conflicts:     249000 | #Constraints:     414917
c #Conflicts:     250000 | #Constraints:     415917
c #Conflicts:     251000 | #Constraints:     416917
c #Conflicts:     252000 | #Constraints:     417917
c #Conflicts:     253000 | #Constraints:     418917
c bounds -1570 >= -15653 @ 876.268
c bounds -1570 >= -15650 @ 876.283
c bounds -1570 >= -15647 @ 876.295
c bounds -1570 >= -15644 @ 876.306
c bounds -1570 >= -15641 @ 876.357
c #Conflicts:     254000 | #Constraints:     419931
c INPROCESSING
c GARBAGE COLLECT
c bounds -1570 >= -15638 @ 877.199
c #Conflicts:     255000 | #Constraints:     390384
c #Conflicts:     256000 | #Constraints:     391384
c bounds -1570 >= -15635 @ 877.644
c #Conflicts:     257000 | #Constraints:     392393
c #Conflicts:     258000 | #Constraints:     393393
c #Conflicts:     259000 | #Constraints:     394393
c bounds -1570 >= -15632 @ 879.099
c #Conflicts:     260000 | #Constraints:     395402
c #Conflicts:     261000 | #Constraints:     396402
c #Conflicts:     262000 | #Constraints:     397402
c #Conflicts:     263000 | #Constraints:     398402
c #Conflicts:     264000 | #Constraints:     399402
c #Conflicts:     265000 | #Constraints:     400402
c #Conflicts:     266000 | #Constraints:     401402
c bounds -1570 >= -15629 @ 885.258
c bounds -1570 >= -15626 @ 885.392
c #Conflicts:     267000 | #Constraints:     402420
c bounds -1570 >= -15623 @ 885.582
c INPROCESSING
c #Conflicts:     268000 | #Constraints:     388938
c #Conflicts:     269000 | #Constraints:     389938
c #Conflicts:     270000 | #Constraints:     390938
c bounds -1570 >= -15620 @ 886.497
c #Conflicts:     271000 | #Constraints:     391947
c #Conflicts:     272000 | #Constraints:     392947
c #Conflicts:     273000 | #Constraints:     393947
c #Conflicts:     274000 | #Constraints:     394947
c #Conflicts:     275000 | #Constraints:     395947
c #Conflicts:     276000 | #Constraints:     396947
c bounds -1570 >= -15617 @ 888.789
c #Conflicts:     277000 | #Constraints:     397959
c #Conflicts:     278000 | #Constraints:     398959
c #Conflicts:     279000 | #Constraints:     399959
c #Conflicts:     280000 | #Constraints:     400959
c #Conflicts:     281000 | #Constraints:     401959
c #Conflicts:     282000 | #Constraints:     402959
c #Conflicts:     283000 | #Constraints:     403959
c #Conflicts:     284000 | #Constraints:     404959
c #Conflicts:     285000 | #Constraints:     405959
c #Conflicts:     286000 | #Constraints:     406959
c #Conflicts:     287000 | #Constraints:     407959
c bounds -1570 >= -15614 @ 900.383
c #Conflicts:     288000 | #Constraints:     408974
c #Conflicts:     289000 | #Constraints:     409974
c #Conflicts:     290000 | #Constraints:     410974
c bounds -1570 >= -15611 @ 903.059
c bounds -1570 >= -15608 @ 903.25
c #Conflicts:     291000 | #Constraints:     411986
c #Conflicts:     292000 | #Constraints:     412986
c #Conflicts:     293000 | #Constraints:     413986
c #Conflicts:     294000 | #Constraints:     414986
c bounds -1570 >= -15605 @ 905.076
c #Conflicts:     295000 | #Constraints:     415995
c #Conflicts:     296000 | #Constraints:     416995
c #Conflicts:     297000 | #Constraints:     417995
c #Conflicts:     298000 | #Constraints:     418995
c #Conflicts:     299000 | #Constraints:     419995
c #Conflicts:     300000 | #Constraints:     420995
c #Conflicts:     301000 | #Constraints:     421995
c #Conflicts:     302000 | #Constraints:     422995
c bounds -1570 >= -15602 @ 912.693
c #Conflicts:     303000 | #Constraints:     424007
c #Conflicts:     304000 | #Constraints:     425007
c INPROCESSING
c GARBAGE COLLECT
c #Conflicts:     305000 | #Constraints:     392936
c #Conflicts:     306000 | #Constraints:     393936
c #Conflicts:     307000 | #Constraints:     394936
c #Conflicts:     308000 | #Constraints:     395936
c #Conflicts:     309000 | #Constraints:     396936
c #Conflicts:     310000 | #Constraints:     397936
c bounds -1570 >= -15599 @ 922.885
c #Conflicts:     311000 | #Constraints:     398951
c #Conflicts:     312000 | #Constraints:     399951
c #Conflicts:     313000 | #Constraints:     400951
c #Conflicts:     314000 | #Constraints:     401951
c #Conflicts:     315000 | #Constraints:     402951
c #Conflicts:     316000 | #Constraints:     403951
c #Conflicts:     317000 | #Constraints:     404951
c #Conflicts:     318000 | #Constraints:     405951
c INPROCESSING
c #Conflicts:     319000 | #Constraints:     393301
c #Conflicts:     320000 | #Constraints:     394301
c #Conflicts:     321000 | #Constraints:     395301
c #Conflicts:     322000 | #Constraints:     396301
c #Conflicts:     323000 | #Constraints:     397301
c #Conflicts:     324000 | #Constraints:     398301
c #Conflicts:     325000 | #Constraints:     399301
c #Conflicts:     326000 | #Constraints:     400301
c #Conflicts:     327000 | #Constraints:     401301
c #Conflicts:     328000 | #Constraints:     402301
c #Conflicts:     329000 | #Constraints:     403301
c #Conflicts:     330000 | #Constraints:     404301
c #Conflicts:     331000 | #Constraints:     405301
c #Conflicts:     332000 | #Constraints:     406301
c bounds -1570 >= -15596 @ 955.644
c #Conflicts:     333000 | #Constraints:     407316
c #Conflicts:     334000 | #Constraints:     408316
c #Conflicts:     335000 | #Constraints:     409316
c #Conflicts:     336000 | #Constraints:     410316
c #Conflicts:     337000 | #Constraints:     411316
c #Conflicts:     338000 | #Constraints:     412316
c #Conflicts:     339000 | #Constraints:     413316
c #Conflicts:     340000 | #Constraints:     414316
c #Conflicts:     341000 | #Constraints:     415316
c #Conflicts:     342000 | #Constraints:     416316
c #Conflicts:     343000 | #Constraints:     417316
c #Conflicts:     344000 | #Constraints:     418316
c #Conflicts:     345000 | #Constraints:     419316
c #Conflicts:     346000 | #Constraints:     420316
c #Conflicts:     347000 | #Constraints:     421316
c #Conflicts:     348000 | #Constraints:     422316
c #Conflicts:     349000 | #Constraints:     423316
c #Conflicts:     350000 | #Constraints:     424316
c #Conflicts:     351000 | #Constraints:     425316
c #Conflicts:     352000 | #Constraints:     426316
c #Conflicts:     353000 | #Constraints:     427316
c #Conflicts:     354000 | #Constraints:     428316
c #Conflicts:     355000 | #Constraints:     429316
c #Conflicts:     356000 | #Constraints:     430316
c bounds -1570 >= -15593 @ 1039.73
c #Conflicts:     357000 | #Constraints:     431331
c #Conflicts:     358000 | #Constraints:     432331
c INPROCESSING
c GARBAGE COLLECT
c #Conflicts:     359000 | #Constraints:     396521
c #Conflicts:     360000 | #Constraints:     397521
c #Conflicts:     361000 | #Constraints:     398521
c #Conflicts:     362000 | #Constraints:     399521
c #Conflicts:     363000 | #Constraints:     400521
c #Conflicts:     364000 | #Constraints:     401521
c #Conflicts:     365000 | #Constraints:     402521
c #Conflicts:     366000 | #Constraints:     403521
c #Conflicts:     367000 | #Constraints:     404521
c #Conflicts:     368000 | #Constraints:     405521
c #Conflicts:     369000 | #Constraints:     406521
c #Conflicts:     370000 | #Constraints:     407521
c #Conflicts:     371000 | #Constraints:     408521
c #Conflicts:     372000 | #Constraints:     409521
c #Conflicts:     373000 | #Constraints:     410521
c #Conflicts:     374000 | #Constraints:     411521
c #Conflicts:     375000 | #Constraints:     412521
c #Conflicts:     376000 | #Constraints:     413521
c #Conflicts:     377000 | #Constraints:     414521
c #Conflicts:     378000 | #Constraints:     415521
c #Conflicts:     379000 | #Constraints:     416521
c #Conflicts:     380000 | #Constraints:     417521
c #Conflicts:     381000 | #Constraints:     418521
c #Conflicts:     382000 | #Constraints:     419521
c #Conflicts:     383000 | #Constraints:     420521
c #Conflicts:     384000 | #Constraints:     421521
c #Conflicts:     385000 | #Constraints:     422521
c #Conflicts:     386000 | #Constraints:     423521
c #Conflicts:     387000 | #Constraints:     424521
c #Conflicts:     388000 | #Constraints:     425521
c #Conflicts:     389000 | #Constraints:     426521
c #Conflicts:     390000 | #Constraints:     427521
c #Conflicts:     391000 | #Constraints:     428521
c #Conflicts:     392000 | #Constraints:     429521
c #Conflicts:     393000 | #Constraints:     430521
c #Conflicts:     394000 | #Constraints:     431521
c #Conflicts:     395000 | #Constraints:     432521
c #Conflicts:     396000 | #Constraints:     433521
c #Conflicts:     397000 | #Constraints:     434521
c #Conflicts:     398000 | #Constraints:     435521
c #Conflicts:     399000 | #Constraints:     436521
c #Conflicts:     400000 | #Constraints:     437521
c INPROCESSING
c GARBAGE COLLECT
c #Conflicts:     401000 | #Constraints:     399449
c #Conflicts:     402000 | #Constraints:     400449
c #Conflicts:     403000 | #Constraints:     401449
c #Conflicts:     404000 | #Constraints:     402449
c #Conflicts:     405000 | #Constraints:     403449
c #Conflicts:     406000 | #Constraints:     404449
c #Conflicts:     407000 | #Constraints:     405449
c #Conflicts:     408000 | #Constraints:     406449
c #Conflicts:     409000 | #Constraints:     407449
c #Conflicts:     410000 | #Constraints:     408449
c #Conflicts:     411000 | #Constraints:     409449
c #Conflicts:     412000 | #Constraints:     410449
c #Conflicts:     413000 | #Constraints:     411449
c #Conflicts:     414000 | #Constraints:     412449
c #Conflicts:     415000 | #Constraints:     413449
c #Conflicts:     416000 | #Constraints:     414449
c #Conflicts:     417000 | #Constraints:     415449
c #Conflicts:     418000 | #Constraints:     416449
c bounds -1570 >= -15590 @ 1277.62
c #Conflicts:     419000 | #Constraints:     417467
c #Conflicts:     420000 | #Constraints:     418467
c #Conflicts:     421000 | #Constraints:     419467
c #Conflicts:     422000 | #Constraints:     420467
c #Conflicts:     423000 | #Constraints:     421467
c #Conflicts:     424000 | #Constraints:     422467
c #Conflicts:     425000 | #Constraints:     423467
c #Conflicts:     426000 | #Constraints:     424467
c #Conflicts:     427000 | #Constraints:     425467
c #Conflicts:     428000 | #Constraints:     426467
c #Conflicts:     429000 | #Constraints:     427467
c #Conflicts:     430000 | #Constraints:     428467
c #Conflicts:     431000 | #Constraints:     429467
c #Conflicts:     432000 | #Constraints:     430467
c #Conflicts:     433000 | #Constraints:     431467
c #Conflicts:     434000 | #Constraints:     432467
c #Conflicts:     435000 | #Constraints:     433467
c #Conflicts:     436000 | #Constraints:     434467
c #Conflicts:     437000 | #Constraints:     435467
c #Conflicts:     438000 | #Constraints:     436467
c #Conflicts:     439000 | #Constraints:     437467
c #Conflicts:     440000 | #Constraints:     438467
c #Conflicts:     441000 | #Constraints:     439467
c #Conflicts:     442000 | #Constraints:     440467
c #Conflicts:     443000 | #Constraints:     441467
c #Conflicts:     444000 | #Constraints:     442467
c INPROCESSING
c GARBAGE COLLECT
c #Conflicts:     445000 | #Constraints:     403410
c #Conflicts:     446000 | #Constraints:     404410
c #Conflicts:     447000 | #Constraints:     405410
c #Conflicts:     448000 | #Constraints:     406410
c #Conflicts:     449000 | #Constraints:     407410
c #Conflicts:     450000 | #Constraints:     408410
c #Conflicts:     451000 | #Constraints:     409410
c #Conflicts:     452000 | #Constraints:     410410
c #Conflicts:     453000 | #Constraints:     411410
c #Conflicts:     454000 | #Constraints:     412410
c #Conflicts:     455000 | #Constraints:     413410
c #Conflicts:     456000 | #Constraints:     414410
c #Conflicts:     457000 | #Constraints:     415410
c #Conflicts:     458000 | #Constraints:     416410
c #Conflicts:     459000 | #Constraints:     417410
c #Conflicts:     460000 | #Constraints:     418410
c #Conflicts:     461000 | #Constraints:     419410
c #Conflicts:     462000 | #Constraints:     420410
c bounds -1602 >= -15590 @ 1457.39
c #Conflicts:     463000 | #Constraints:     421411
c #Conflicts:     464000 | #Constraints:     422411
c #Conflicts:     465000 | #Constraints:     423411
c #Conflicts:     466000 | #Constraints:     424411
c #Conflicts:     467000 | #Constraints:     425411
c #Conflicts:     468000 | #Constraints:     426411
c #Conflicts:     469000 | #Constraints:     427411
c #Conflicts:     470000 | #Constraints:     428411
c #Conflicts:     471000 | #Constraints:     429411
c #Conflicts:     472000 | #Constraints:     430411
c #Conflicts:     473000 | #Constraints:     431411
c bounds -1740 >= -15590 @ 1504.97
c bounds -1742 >= -15590 @ 1505.44
c #Conflicts:     474000 | #Constraints:     432413
c #Conflicts:     475000 | #Constraints:     433413
c #Conflicts:     476000 | #Constraints:     434413
c #Conflicts:     477000 | #Constraints:     435413
c #Conflicts:     478000 | #Constraints:     436413
c #Conflicts:     479000 | #Constraints:     437413
c #Conflicts:     480000 | #Constraints:     438413
c #Conflicts:     481000 | #Constraints:     439413
c #Conflicts:     482000 | #Constraints:     440413
c #Conflicts:     483000 | #Constraints:     441413
c #Conflicts:     484000 | #Constraints:     442413
c #Conflicts:     485000 | #Constraints:     443413
c #Conflicts:     486000 | #Constraints:     444413
c #Conflicts:     487000 | #Constraints:     445413
c #Conflicts:     488000 | #Constraints:     446413
c #Conflicts:     489000 | #Constraints:     447413
c INPROCESSING
c GARBAGE COLLECT
c #Conflicts:     490000 | #Constraints:     404337
c #Conflicts:     491000 | #Constraints:     405337
c bounds -1744 >= -15590 @ 1572.6
c #Conflicts:     492000 | #Constraints:     406338
c #Conflicts:     493000 | #Constraints:     407338
c #Conflicts:     494000 | #Constraints:     408338
c #Conflicts:     495000 | #Constraints:     409338
c #Conflicts:     496000 | #Constraints:     410338
c #Conflicts:     497000 | #Constraints:     411338
c bounds -1758 >= -15590 @ 1628.32
c #Conflicts:     498000 | #Constraints:     412339
c #Conflicts:     499000 | #Constraints:     413339
c #Conflicts:     500000 | #Constraints:     414339
c #Conflicts:     501000 | #Constraints:     415339
c #Conflicts:     502000 | #Constraints:     416339
c #Conflicts:     503000 | #Constraints:     417339
c #Conflicts:     504000 | #Constraints:     418339
c #Conflicts:     505000 | #Constraints:     419339
c #Conflicts:     506000 | #Constraints:     420339
c #Conflicts:     507000 | #Constraints:     421339
c bounds -1920 >= -15590 @ 1672.76
c #Conflicts:     508000 | #Constraints:     422340
c #Conflicts:     509000 | #Constraints:     423340
c #Conflicts:     510000 | #Constraints:     424340
c #Conflicts:     511000 | #Constraints:     425340
c bounds -1922 >= -15590 @ 1693.81
c bounds -1924 >= -15590 @ 1695.4
c #Conflicts:     512000 | #Constraints:     426342
c #Conflicts:     513000 | #Constraints:     427342
c #Conflicts:     514000 | #Constraints:     428342
c #Conflicts:     515000 | #Constraints:     429342
c #Conflicts:     516000 | #Constraints:     430342
c #Conflicts:     517000 | #Constraints:     431342
c #Conflicts:     518000 | #Constraints:     432342
c #Conflicts:     519000 | #Constraints:     433342
c #Conflicts:     520000 | #Constraints:     434342
c #Conflicts:     521000 | #Constraints:     435342
c #Conflicts:     522000 | #Constraints:     436342
c #Conflicts:     523000 | #Constraints:     437342
c #Conflicts:     524000 | #Constraints:     438342
c #Conflicts:     525000 | #Constraints:     439342
c #Conflicts:     526000 | #Constraints:     440342
c bounds -1926 >= -15590 @ 1988.12
c bounds -1926 >= -15588 @ 1988.16
c bounds -1926 >= -15586 @ 1988.18
c bounds -1926 >= -15584 @ 1988.23
c bounds -1926 >= -15582 @ 1988.27
c bounds -1926 >= -15580 @ 1988.34
c bounds -1926 >= -15578 @ 1988.58
c #Conflicts:     527000 | #Constraints:     441392
c bounds -1926 >= -15576 @ 1989.35
c #Conflicts:     528000 | #Constraints:     442398
c #Conflicts:     529000 | #Constraints:     443398
c #Conflicts:     530000 | #Constraints:     444398
c #Conflicts:     531000 | #Constraints:     445398
c bounds -1926 >= -15574 @ 1992.6
c #Conflicts:     532000 | #Constraints:     446407
c #Conflicts:     533000 | #Constraints:     447407
c #Conflicts:     534000 | #Constraints:     448407
c #Conflicts:     535000 | #Constraints:     449407
c #Conflicts:     536000 | #Constraints:     450407
c #Conflicts:     537000 | #Constraints:     451407
c INPROCESSING
c GARBAGE COLLECT
c #Conflicts:     538000 | #Constraints:     405979
c #Conflicts:     539000 | #Constraints:     406979
c #Conflicts:     540000 | #Constraints:     407979
c #Conflicts:     541000 | #Constraints:     408979
c #Conflicts:     542000 | #Constraints:     409979
c #Conflicts:     543000 | #Constraints:     410979
c #Conflicts:     544000 | #Constraints:     411979
c #Conflicts:     545000 | #Constraints:     412979
c #Conflicts:     546000 | #Constraints:     413979
c bounds -1926 >= -15572 @ 2014.38
c #Conflicts:     547000 | #Constraints:     414991
c #Conflicts:     548000 | #Constraints:     415991
c #Conflicts:     549000 | #Constraints:     416991
c #Conflicts:     550000 | #Constraints:     417991
c #Conflicts:     551000 | #Constraints:     418991
c #Conflicts:     552000 | #Constraints:     419991
c #Conflicts:     553000 | #Constraints:     420991
c #Conflicts:     554000 | #Constraints:     421991
c #Conflicts:     555000 | #Constraints:     422991
c #Conflicts:     556000 | #Constraints:     423991
c #Conflicts:     557000 | #Constraints:     424991
c #Conflicts:     558000 | #Constraints:     425991
c #Conflicts:     559000 | #Constraints:     426991
c #Conflicts:     560000 | #Constraints:     427991
c #Conflicts:     561000 | #Constraints:     428991
c bounds -1926 >= -15570 @ 2050.27
c #Conflicts:     562000 | #Constraints:     430006
c #Conflicts:     563000 | #Constraints:     431006
c #Conflicts:     564000 | #Constraints:     432006
c #Conflicts:     565000 | #Constraints:     433006
c #Conflicts:     566000 | #Constraints:     434006
c #Conflicts:     567000 | #Constraints:     435006
c #Conflicts:     568000 | #Constraints:     436006
c #Conflicts:     569000 | #Constraints:     437006
c #Conflicts:     570000 | #Constraints:     438006
c #Conflicts:     571000 | #Constraints:     439006
c #Conflicts:     572000 | #Constraints:     440006
c #Conflicts:     573000 | #Constraints:     441006
c #Conflicts:     574000 | #Constraints:     442006
c #Conflicts:     575000 | #Constraints:     443006
c #Conflicts:     576000 | #Constraints:     444006
c #Conflicts:     577000 | #Constraints:     445006
c #Conflicts:     578000 | #Constraints:     446006
c #Conflicts:     579000 | #Constraints:     447006
c #Conflicts:     580000 | #Constraints:     448006
c #Conflicts:     581000 | #Constraints:     449006
c #Conflicts:     582000 | #Constraints:     450006
c #Conflicts:     583000 | #Constraints:     451006
c #Conflicts:     584000 | #Constraints:     452006
c #Conflicts:     585000 | #Constraints:     453006
c #Conflicts:     586000 | #Constraints:     454006
c #Conflicts:     587000 | #Constraints:     455006
c INPROCESSING
c GARBAGE COLLECT
c #Conflicts:     588000 | #Constraints:     407969
c #Conflicts:     589000 | #Constraints:     408969
c #Conflicts:     590000 | #Constraints:     409969
c #Conflicts:     591000 | #Constraints:     410969
c #Conflicts:     592000 | #Constraints:     411969
c #Conflicts:     593000 | #Constraints:     412969
c #Conflicts:     594000 | #Constraints:     413969
c #Conflicts:     595000 | #Constraints:     414969
c #Conflicts:     596000 | #Constraints:     415969
c #Conflicts:     597000 | #Constraints:     416969
c #Conflicts:     598000 | #Constraints:     417969
c #Conflicts:     599000 | #Constraints:     418969
c #Conflicts:     600000 | #Constraints:     419969
c #Conflicts:     601000 | #Constraints:     420969
c #Conflicts:     602000 | #Constraints:     421969
c #Conflicts:     603000 | #Constraints:     422969
c #Conflicts:     604000 | #Constraints:     423969
c #Conflicts:     605000 | #Constraints:     424969
c #Conflicts:     606000 | #Constraints:     425969
c #Conflicts:     607000 | #Constraints:     426969
c #Conflicts:     608000 | #Constraints:     427969
c #Conflicts:     609000 | #Constraints:     428969
c #Conflicts:     610000 | #Constraints:     429969
c #Conflicts:     611000 | #Constraints:     430969
c #Conflicts:     612000 | #Constraints:     431969
c #Conflicts:     613000 | #Constraints:     432969
c #Conflicts:     614000 | #Constraints:     433969
c #Conflicts:     615000 | #Constraints:     434969
c #Conflicts:     616000 | #Constraints:     435969
c #Conflicts:     617000 | #Constraints:     436969
c #Conflicts:     618000 | #Constraints:     437969
c #Conflicts:     619000 | #Constraints:     438969
c #Conflicts:     620000 | #Constraints:     439969
c #Conflicts:     621000 | #Constraints:     440969
c #Conflicts:     622000 | #Constraints:     441969
c #Conflicts:     623000 | #Constraints:     442969
c #Conflicts:     624000 | #Constraints:     443969
c bounds -1926 >= -15568 @ 2502.02
c bounds -1930 >= -15568 @ 2502.7
c #Conflicts:     625000 | #Constraints:     444988
c bounds -1932 >= -15568 @ 2512.82
c #Conflicts:     626000 | #Constraints:     445989
c #Conflicts:     627000 | #Constraints:     446989
c #Conflicts:     628000 | #Constraints:     447989
c #Conflicts:     629000 | #Constraints:     448989
c #Conflicts:     630000 | #Constraints:     449989
c #Conflicts:     631000 | #Constraints:     450989
c #Conflicts:     632000 | #Constraints:     451989
c #Conflicts:     633000 | #Constraints:     452989
c #Conflicts:     634000 | #Constraints:     453989
c #Conflicts:     635000 | #Constraints:     454989
c #Conflicts:     636000 | #Constraints:     455989
c #Conflicts:     637000 | #Constraints:     456989
c #Conflicts:     638000 | #Constraints:     457989
c #Conflicts:     639000 | #Constraints:     458989
c INPROCESSING
c GARBAGE COLLECT
c bounds -1932 >= -15566 @ 2796.03
c #Conflicts:     640000 | #Constraints:     412675
c bounds -1932 >= -15564 @ 2796.55
c #Conflicts:     641000 | #Constraints:     413681
c #Conflicts:     642000 | #Constraints:     414681
c bounds -1932 >= -15562 @ 2797.56
c #Conflicts:     643000 | #Constraints:     415690
c #Conflicts:     644000 | #Constraints:     416690
c bounds -1932 >= -15560 @ 2798.65
c #Conflicts:     645000 | #Constraints:     417702
c #Conflicts:     646000 | #Constraints:     418702
c #Conflicts:     647000 | #Constraints:     419702
c #Conflicts:     648000 | #Constraints:     420702
c #Conflicts:     649000 | #Constraints:     421702
c bounds -1932 >= -15558 @ 2802.37
c #Conflicts:     650000 | #Constraints:     422714
c #Conflicts:     651000 | #Constraints:     423714
c #Conflicts:     652000 | #Constraints:     424714
c #Conflicts:     653000 | #Constraints:     425714
c #Conflicts:     654000 | #Constraints:     426714
c #Conflicts:     655000 | #Constraints:     427714
c #Conflicts:     656000 | #Constraints:     428714
c bounds -1932 >= -15555 @ 2810.6
c #Conflicts:     657000 | #Constraints:     429717
c bounds -1932 >= -15553 @ 2810.93
c #Conflicts:     658000 | #Constraints:     430720
c bounds -1932 >= -15551 @ 2811.12
c #Conflicts:     659000 | #Constraints:     431726
c #Conflicts:     660000 | #Constraints:     432726
c #Conflicts:     661000 | #Constraints:     433726
c bounds -1932 >= -15549 @ 2812.6
c #Conflicts:     662000 | #Constraints:     434735
c #Conflicts:     663000 | #Constraints:     435735
c #Conflicts:     664000 | #Constraints:     436735
c #Conflicts:     665000 | #Constraints:     437735
c #Conflicts:     666000 | #Constraints:     438735
c #Conflicts:     667000 | #Constraints:     439735
c #Conflicts:     668000 | #Constraints:     440735
c #Conflicts:     669000 | #Constraints:     441735
c bounds -1932 >= -15547 @ 2819.18
c #Conflicts:     670000 | #Constraints:     442747
c #Conflicts:     671000 | #Constraints:     443747
c #Conflicts:     672000 | #Constraints:     444747
c #Conflicts:     673000 | #Constraints:     445747
c #Conflicts:     674000 | #Constraints:     446747
c #Conflicts:     675000 | #Constraints:     447747
c #Conflicts:     676000 | #Constraints:     448747
c #Conflicts:     677000 | #Constraints:     449747
c #Conflicts:     678000 | #Constraints:     450747
c #Conflicts:     679000 | #Constraints:     451747
c #Conflicts:     680000 | #Constraints:     452747
c #Conflicts:     681000 | #Constraints:     453747
c #Conflicts:     682000 | #Constraints:     454747
c #Conflicts:     683000 | #Constraints:     455747
c bounds -1932 >= -15545 @ 2846.05
c #Conflicts:     684000 | #Constraints:     456762
c #Conflicts:     685000 | #Constraints:     457762
c #Conflicts:     686000 | #Constraints:     458762
c #Conflicts:     687000 | #Constraints:     459762
c #Conflicts:     688000 | #Constraints:     460762
c #Conflicts:     689000 | #Constraints:     461762
c #Conflicts:     690000 | #Constraints:     462762
c #Conflicts:     691000 | #Constraints:     463762
c #Conflicts:     692000 | #Constraints:     464762
c #Conflicts:     693000 | #Constraints:     465762
c INPROCESSING
c GARBAGE COLLECT
c #Conflicts:     694000 | #Constraints:     417255
c #Conflicts:     695000 | #Constraints:     418255
c #Conflicts:     696000 | #Constraints:     419255
c #Conflicts:     697000 | #Constraints:     420255
c #Conflicts:     698000 | #Constraints:     421255
c #Conflicts:     699000 | #Constraints:     422255
c #Conflicts:     700000 | #Constraints:     423255
c #Conflicts:     701000 | #Constraints:     424255
c #Conflicts:     702000 | #Constraints:     425255
c #Conflicts:     703000 | #Constraints:     426255
c #Conflicts:     704000 | #Constraints:     427255
c #Conflicts:     705000 | #Constraints:     428255
c #Conflicts:     706000 | #Constraints:     429255
c #Conflicts:     707000 | #Constraints:     430255
c bounds -1932 >= -15543 @ 2921.59
c #Conflicts:     708000 | #Constraints:     431270
c #Conflicts:     709000 | #Constraints:     432270
c #Conflicts:     710000 | #Constraints:     433270
c #Conflicts:     711000 | #Constraints:     434270
c #Conflicts:     712000 | #Constraints:     435270
c #Conflicts:     713000 | #Constraints:     436270
c #Conflicts:     714000 | #Constraints:     437270
c #Conflicts:     715000 | #Constraints:     438270
c #Conflicts:     716000 | #Constraints:     439270
c #Conflicts:     717000 | #Constraints:     440270
c #Conflicts:     718000 | #Constraints:     441270
c #Conflicts:     719000 | #Constraints:     442270
c #Conflicts:     720000 | #Constraints:     443270
c #Conflicts:     721000 | #Constraints:     444270
c #Conflicts:     722000 | #Constraints:     445270
c #Conflicts:     723000 | #Constraints:     446270
c #Conflicts:     724000 | #Constraints:     447270
c #Conflicts:     725000 | #Constraints:     448270
c #Conflicts:     726000 | #Constraints:     449270
c #Conflicts:     727000 | #Constraints:     450270
c #Conflicts:     728000 | #Constraints:     451270
c #Conflicts:     729000 | #Constraints:     452270
c #Conflicts:     730000 | #Constraints:     453270
c #Conflicts:     731000 | #Constraints:     454270
c #Conflicts:     732000 | #Constraints:     455270
c #Conflicts:     733000 | #Constraints:     456270
c #Conflicts:     734000 | #Constraints:     457270
c #Conflicts:     735000 | #Constraints:     458270
c #Conflicts:     736000 | #Constraints:     459270
c #Conflicts:     737000 | #Constraints:     460270
c #Conflicts:     738000 | #Constraints:     461270
c #Conflicts:     739000 | #Constraints:     462270
c #Conflicts:     740000 | #Constraints:     463270
c #Conflicts:     741000 | #Constraints:     464270
c #Conflicts:     742000 | #Constraints:     465270
c #Conflicts:     743000 | #Constraints:     466270
c #Conflicts:     744000 | #Constraints:     467270
c #Conflicts:     745000 | #Constraints:     468270
c #Conflicts:     746000 | #Constraints:     469270
c #Conflicts:     747000 | #Constraints:     470270
c #Conflicts:     748000 | #Constraints:     471270
c INPROCESSING
c GARBAGE COLLECT
c #Conflicts:     749000 | #Constraints:     419291
c bounds -1932 >= -15541 @ 3645.33
c bounds -1932 >= -15539 @ 3645.45
c bounds -1932 >= -15537 @ 3645.57
c #Conflicts:     750000 | #Constraints:     420327
c bounds -1932 >= -15535 @ 3645.82
c #Conflicts:     751000 | #Constraints:     421333
c #Conflicts:     752000 | #Constraints:     422333
c #Conflicts:     753000 | #Constraints:     423333
c bounds -1932 >= -15533 @ 3647.19
c #Conflicts:     754000 | #Constraints:     424342
c #Conflicts:     755000 | #Constraints:     425342
c #Conflicts:     756000 | #Constraints:     426342
c #Conflicts:     757000 | #Constraints:     427342
c bounds -1932 >= -15531 @ 3649.47
c #Conflicts:     758000 | #Constraints:     428354
c #Conflicts:     759000 | #Constraints:     429354
c #Conflicts:     760000 | #Constraints:     430354
c #Conflicts:     761000 | #Constraints:     431354
c #Conflicts:     762000 | #Constraints:     432354
c #Conflicts:     763000 | #Constraints:     433354
c #Conflicts:     764000 | #Constraints:     434354
c #Conflicts:     765000 | #Constraints:     435354
c #Conflicts:     766000 | #Constraints:     436354
c #Conflicts:     767000 | #Constraints:     437354
c #Conflicts:     768000 | #Constraints:     438354
c #Conflicts:     769000 | #Constraints:     439354
c #Conflicts:     770000 | #Constraints:     440354
c bounds -1932 >= -15529 @ 3669.3
c #Conflicts:     771000 | #Constraints:     441369
c #Conflicts:     772000 | #Constraints:     442369
c #Conflicts:     773000 | #Constraints:     443369
c #Conflicts:     774000 | #Constraints:     444369
c #Conflicts:     775000 | #Constraints:     445369
c #Conflicts:     776000 | #Constraints:     446369
c #Conflicts:     777000 | #Constraints:     447369
c #Conflicts:     778000 | #Constraints:     448369
c #Conflicts:     779000 | #Constraints:     449369
c #Conflicts:     780000 | #Constraints:     450369
c #Conflicts:     781000 | #Constraints:     451369
c #Conflicts:     782000 | #Constraints:     452369
c #Conflicts:     783000 | #Constraints:     453369
c #Conflicts:     784000 | #Constraints:     454369
c #Conflicts:     785000 | #Constraints:     455369
c #Conflicts:     786000 | #Constraints:     456369
c #Conflicts:     787000 | #Constraints:     457369
c #Conflicts:     788000 | #Constraints:     458369
c #Conflicts:     789000 | #Constraints:     459369
c #Conflicts:     790000 | #Constraints:     460369
c #Conflicts:     791000 | #Constraints:     461369
c #Conflicts:     792000 | #Constraints:     462369
c #Conflicts:     793000 | #Constraints:     463369
c #Conflicts:     794000 | #Constraints:     464369
c #Conflicts:     795000 | #Constraints:     465369
c #Conflicts:     796000 | #Constraints:     466369
c #Conflicts:     797000 | #Constraints:     467369
c #Conflicts:     798000 | #Constraints:     468369
c #Conflicts:     799000 | #Constraints:     469369
c #Conflicts:     800000 | #Constraints:     470369
c #Conflicts:     801000 | #Constraints:     471369
c #Conflicts:     802000 | #Constraints:     472369
c #Conflicts:     803000 | #Constraints:     473369
c bounds -1932 >= -15527 @ 3789.17
c #Conflicts:     804000 | #Constraints:     474384
c #Conflicts:     805000 | #Constraints:     475384
c #Conflicts:     806000 | #Constraints:     476384
c bounds -1932 >= -15524 @ 3794.36
c INPROCESSING
c GARBAGE COLLECT
c #Conflicts:     807000 | #Constraints:     423273
c bounds -1932 >= -15522 @ 3795.84
c bounds -1932 >= -15520 @ 3796.26
c #Conflicts:     808000 | #Constraints:     424282
c #Conflicts:     809000 | #Constraints:     425282
c #Conflicts:     810000 | #Constraints:     426282
c bounds -1932 >= -15518 @ 3798.32
c #Conflicts:     811000 | #Constraints:     427291
c #Conflicts:     812000 | #Constraints:     428291
c #Conflicts:     813000 | #Constraints:     429291
c #Conflicts:     814000 | #Constraints:     430291
c #Conflicts:     815000 | #Constraints:     431291
c #Conflicts:     816000 | #Constraints:     432291
c #Conflicts:     817000 | #Constraints:     433291
c #Conflicts:     818000 | #Constraints:     434291
c bounds -1932 >= -15516 @ 3806.65
c #Conflicts:     819000 | #Constraints:     435303
c #Conflicts:     820000 | #Constraints:     436303
c #Conflicts:     821000 | #Constraints:     437303
c #Conflicts:     822000 | #Constraints:     438303
c #Conflicts:     823000 | #Constraints:     439303
c #Conflicts:     824000 | #Constraints:     440303
c #Conflicts:     825000 | #Constraints:     441303
c #Conflicts:     826000 | #Constraints:     442303
c #Conflicts:     827000 | #Constraints:     443303
c #Conflicts:     828000 | #Constraints:     444303
c #Conflicts:     829000 | #Constraints:     445303
c #Conflicts:     830000 | #Constraints:     446303
c #Conflicts:     831000 | #Constraints:     447303
c bounds -1932 >= -15514 @ 3829.13
c #Conflicts:     832000 | #Constraints:     448318
c #Conflicts:     833000 | #Constraints:     449318
c #Conflicts:     834000 | #Constraints:     450318
c #Conflicts:     835000 | #Constraints:     451318
c #Conflicts:     836000 | #Constraints:     452318
c #Conflicts:     837000 | #Constraints:     453318
c #Conflicts:     838000 | #Constraints:     454318
c #Conflicts:     839000 | #Constraints:     455318
c #Conflicts:     840000 | #Constraints:     456318
c #Conflicts:     841000 | #Constraints:     457318
c #Conflicts:     842000 | #Constraints:     458318
c #Conflicts:     843000 | #Constraints:     459318
c bounds -1932 >= -15512 @ 3859.41
c #Conflicts:     844000 | #Constraints:     460333
c #Conflicts:     845000 | #Constraints:     461333
c bounds -1932 >= -15510 @ 3863.53
c #Conflicts:     846000 | #Constraints:     462342
c #Conflicts:     847000 | #Constraints:     463342
c #Conflicts:     848000 | #Constraints:     464342
c #Conflicts:     849000 | #Constraints:     465342
c bounds -1932 >= -15508 @ 3877
c #Conflicts:     850000 | #Constraints:     466351
c #Conflicts:     851000 | #Constraints:     467351
c #Conflicts:     852000 | #Constraints:     468351
c #Conflicts:     853000 | #Constraints:     469351
c #Conflicts:     854000 | #Constraints:     470351
c #Conflicts:     855000 | #Constraints:     471351
c bounds -1932 >= -15506 @ 3894.16
c #Conflicts:     856000 | #Constraints:     472366
c #Conflicts:     857000 | #Constraints:     473366
c bounds -1932 >= -15503 @ 3900.93
c #Conflicts:     858000 | #Constraints:     474369
c bounds -1932 >= -15501 @ 3902.4
c #Conflicts:     859000 | #Constraints:     475372
c bounds -1932 >= -15499 @ 3903.76
c #Conflicts:     860000 | #Constraints:     476378
c #Conflicts:     861000 | #Constraints:     477378
c #Conflicts:     862000 | #Constraints:     478378
c #Conflicts:     863000 | #Constraints:     479378
c bounds -1932 >= -15497 @ 3907.35
c #Conflicts:     864000 | #Constraints:     480387
c #Conflicts:     865000 | #Constraints:     481387
c #Conflicts:     866000 | #Constraints:     482387
c INPROCESSING
c GARBAGE COLLECT
c #Conflicts:     867000 | #Constraints:     428023
c #Conflicts:     868000 | #Constraints:     429023
c #Conflicts:     869000 | #Constraints:     430023
c #Conflicts:     870000 | #Constraints:     431023
c #Conflicts:     871000 | #Constraints:     432023
c #Conflicts:     872000 | #Constraints:     433023
c #Conflicts:     873000 | #Constraints:     434023
c bounds -1932 >= -15495 @ 3920.07
c #Conflicts:     874000 | #Constraints:     435036
c #Conflicts:     875000 | #Constraints:     436036
c #Conflicts:     876000 | #Constraints:     437036
c #Conflicts:     877000 | #Constraints:     438036
c #Conflicts:     878000 | #Constraints:     439036
c #Conflicts:     879000 | #Constraints:     440036
c #Conflicts:     880000 | #Constraints:     441036
c #Conflicts:     881000 | #Constraints:     442036
c #Conflicts:     882000 | #Constraints:     443036
c #Conflicts:     883000 | #Constraints:     444036
c #Conflicts:     884000 | #Constraints:     445036
c #Conflicts:     885000 | #Constraints:     446036
c #Conflicts:     886000 | #Constraints:     447036
c #Conflicts:     887000 | #Constraints:     448036
c #Conflicts:     888000 | #Constraints:     449036
c #Conflicts:     889000 | #Constraints:     450036
c #Conflicts:     890000 | #Constraints:     451036
c #Conflicts:     891000 | #Constraints:     452036
c #Conflicts:     892000 | #Constraints:     453036
c #Conflicts:     893000 | #Constraints:     454036
c bounds -1932 >= -15493 @ 3977.5
c #Conflicts:     894000 | #Constraints:     455051
c #Conflicts:     895000 | #Constraints:     456051
c #Conflicts:     896000 | #Constraints:     457051
c #Conflicts:     897000 | #Constraints:     458051
c #Conflicts:     898000 | #Constraints:     459051
c #Conflicts:     899000 | #Constraints:     460051
c #Conflicts:     900000 | #Constraints:     461051
c #Conflicts:     901000 | #Constraints:     462051
c #Conflicts:     902000 | #Constraints:     463051
c #Conflicts:     903000 | #Constraints:     464051
c #Conflicts:     904000 | #Constraints:     465051
c #Conflicts:     905000 | #Constraints:     466051
c #Conflicts:     906000 | #Constraints:     467051
c #Conflicts:     907000 | #Constraints:     468051
c #Conflicts:     908000 | #Constraints:     469051
c #Conflicts:     909000 | #Constraints:     470051
c #Conflicts:     910000 | #Constraints:     471051
c #Conflicts:     911000 | #Constraints:     472051
c #Conflicts:     912000 | #Constraints:     473051
c #Conflicts:     913000 | #Constraints:     474051
c #Conflicts:     914000 | #Constraints:     475051
c #Conflicts:     915000 | #Constraints:     476051
c #Conflicts:     916000 | #Constraints:     477051
c #Conflicts:     917000 | #Constraints:     478051
c #Conflicts:     918000 | #Constraints:     479051
c #Conflicts:     919000 | #Constraints:     480051
c #Conflicts:     920000 | #Constraints:     481051
c bounds -1932 >= -15491 @ 4115.29
c #Conflicts:     921000 | #Constraints:     482063
c #Conflicts:     922000 | #Constraints:     483063
c #Conflicts:     923000 | #Constraints:     484063
c #Conflicts:     924000 | #Constraints:     485063
c #Conflicts:     925000 | #Constraints:     486063
c #Conflicts:     926000 | #Constraints:     487063
c #Conflicts:     927000 | #Constraints:     488063
c #Conflicts:     928000 | #Constraints:     489063
c INPROCESSING
c GARBAGE COLLECT
c #Conflicts:     929000 | #Constraints:     431927
c #Conflicts:     930000 | #Constraints:     432927
c #Conflicts:     931000 | #Constraints:     433927
c #Conflicts:     932000 | #Constraints:     434927
c #Conflicts:     933000 | #Constraints:     435927
c #Conflicts:     934000 | #Constraints:     436927
c #Conflicts:     935000 | #Constraints:     437927
c #Conflicts:     936000 | #Constraints:     438927
c #Conflicts:     937000 | #Constraints:     439927
c #Conflicts:     938000 | #Constraints:     440927
c #Conflicts:     939000 | #Constraints:     441927
c #Conflicts:     940000 | #Constraints:     442927
c #Conflicts:     941000 | #Constraints:     443927
c bounds -1932 >= -15489 @ 4225.65
c #Conflicts:     942000 | #Constraints:     444945
c #Conflicts:     943000 | #Constraints:     445945
c #Conflicts:     944000 | #Constraints:     446945
c #Conflicts:     945000 | #Constraints:     447945
c #Conflicts:     946000 | #Constraints:     448945
c #Conflicts:     947000 | #Constraints:     449945
c #Conflicts:     948000 | #Constraints:     450945
c #Conflicts:     949000 | #Constraints:     451945
c #Conflicts:     950000 | #Constraints:     452945
c #Conflicts:     951000 | #Constraints:     453945
c #Conflicts:     952000 | #Constraints:     454945
c #Conflicts:     953000 | #Constraints:     455945
c #Conflicts:     954000 | #Constraints:     456945
c #Conflicts:     955000 | #Constraints:     457945
c #Conflicts:     956000 | #Constraints:     458945
c #Conflicts:     957000 | #Constraints:     459945
c #Conflicts:     958000 | #Constraints:     460945
c #Conflicts:     959000 | #Constraints:     461945
c #Conflicts:     960000 | #Constraints:     462945
c #Conflicts:     961000 | #Constraints:     463945
c #Conflicts:     962000 | #Constraints:     464945
c #Conflicts:     963000 | #Constraints:     465945
c bounds -1932 >= -15487 @ 4359.31
c #Conflicts:     964000 | #Constraints:     466960
c #Conflicts:     965000 | #Constraints:     467960
c #Conflicts:     966000 | #Constraints:     468960
c #Conflicts:     967000 | #Constraints:     469960
c #Conflicts:     968000 | #Constraints:     470960
c #Conflicts:     969000 | #Constraints:     471960
c #Conflicts:     970000 | #Constraints:     472960
c #Conflicts:     971000 | #Constraints:     473960
c #Conflicts:     972000 | #Constraints:     474960
c #Conflicts:     973000 | #Constraints:     475960
c #Conflicts:     974000 | #Constraints:     476960
c #Conflicts:     975000 | #Constraints:     477960
c #Conflicts:     976000 | #Constraints:     478960
c #Conflicts:     977000 | #Constraints:     479960
c #Conflicts:     978000 | #Constraints:     480960
c #Conflicts:     979000 | #Constraints:     481960
c #Conflicts:     980000 | #Constraints:     482960
c #Conflicts:     981000 | #Constraints:     483960
c #Conflicts:     982000 | #Constraints:     484960
c #Conflicts:     983000 | #Constraints:     485960
c #Conflicts:     984000 | #Constraints:     486960
c #Conflicts:     985000 | #Constraints:     487960
c #Conflicts:     986000 | #Constraints:     488960
c #Conflicts:     987000 | #Constraints:     489960
c #Conflicts:     988000 | #Constraints:     490960
c #Conflicts:     989000 | #Constraints:     491960
c #Conflicts:     990000 | #Constraints:     492960
c #Conflicts:     991000 | #Constraints:     493960
c #Conflicts:     992000 | #Constraints:     494960
c INPROCESSING
c GARBAGE COLLECT
c #Conflicts:     993000 | #Constraints:     439197
c #Conflicts:     994000 | #Constraints:     440197
c #Conflicts:     995000 | #Constraints:     441197
c #Conflicts:     996000 | #Constraints:     442197
c #Conflicts:     997000 | #Constraints:     443197
c #Conflicts:     998000 | #Constraints:     444197
c #Conflicts:     999000 | #Constraints:     445197
c #Conflicts:    1000000 | #Constraints:     446197
c #Conflicts:    1001000 | #Constraints:     447197
c #Conflicts:    1002000 | #Constraints:     448197
c #Conflicts:    1003000 | #Constraints:     449197
c #Conflicts:    1004000 | #Constraints:     450197
c #Conflicts:    1005000 | #Constraints:     451197
c #Conflicts:    1006000 | #Constraints:     452197
c #Conflicts:    1007000 | #Constraints:     453197
c #Conflicts:    1008000 | #Constraints:     454197
c #Conflicts:    1009000 | #Constraints:     455197
c #Conflicts:    1010000 | #Constraints:     456197
c #Conflicts:    1011000 | #Constraints:     457197
c #Conflicts:    1012000 | #Constraints:     458197
c #Conflicts:    1013000 | #Constraints:     459197
c #Conflicts:    1014000 | #Constraints:     460197
c #Conflicts:    1015000 | #Constraints:     461197
c #Conflicts:    1016000 | #Constraints:     462197
c #Conflicts:    1017000 | #Constraints:     463197
c #Conflicts:    1018000 | #Constraints:     464197
c #Conflicts:    1019000 | #Constraints:     465197
c #Conflicts:    1020000 | #Constraints:     466197
c #Conflicts:    1021000 | #Constraints:     467197
c #Conflicts:    1022000 | #Constraints:     468197
c #Conflicts:    1023000 | #Constraints:     469197
c #Conflicts:    1024000 | #Constraints:     470197
c #Conflicts:    1025000 | #Constraints:     471197
c #Conflicts:    1026000 | #Constraints:     472197
c #Conflicts:    1027000 | #Constraints:     473197
c #Conflicts:    1028000 | #Constraints:     474197
c #Conflicts:    1029000 | #Constraints:     475197
c bounds -2096 >= -15487 @ 5209.05
c bounds -2096 >= -15486 @ 5209.07
c bounds -2096 >= -15485 @ 5209.08
c bounds -2096 >= -15484 @ 5209.1
c bounds -2096 >= -15483 @ 5209.11
c bounds -2096 >= -15482 @ 5209.12
c bounds -2096 >= -15481 @ 5209.15
c bounds -2096 >= -15480 @ 5209.16
c bounds -2096 >= -15479 @ 5209.18
c bounds -2096 >= -15478 @ 5209.2
c bounds -2096 >= -15477 @ 5209.22
c bounds -2096 >= -15476 @ 5209.23
c bounds -2096 >= -15475 @ 5209.25
c bounds -2096 >= -15474 @ 5209.27
c bounds -2096 >= -15473 @ 5209.3
c bounds -2096 >= -15472 @ 5209.31
c bounds -2096 >= -15471 @ 5209.33
c bounds -2096 >= -15470 @ 5209.35
c bounds -2096 >= -15469 @ 5209.38
c bounds -2096 >= -15468 @ 5209.42
c bounds -2096 >= -15467 @ 5209.45
c bounds -2096 >= -15466 @ 5209.49
c bounds -2096 >= -15465 @ 5209.55
c bounds -2096 >= -15464 @ 5209.59
c #Conflicts:    1030000 | #Constraints:     476344
c bounds -2096 >= -15463 @ 5209.64
c bounds -2096 >= -15462 @ 5209.68
c bounds -2096 >= -15461 @ 5209.71
c bounds -2096 >= -15460 @ 5209.77
c bounds -2096 >= -15459 @ 5209.83
c bounds -2096 >= -15458 @ 5209.91
c bounds -2096 >= -15457 @ 5209.97
c bounds -2096 >= -15456 @ 5210.04
c bounds -2096 >= -15455 @ 5210.1
c bounds -2096 >= -15454 @ 5210.2
c bounds -2096 >= -15453 @ 5210.31
c #Conflicts:    1031000 | #Constraints:     477530
c bounds -2096 >= -15452 @ 5210.45
c bounds -2096 >= -15451 @ 5210.6
c bounds -2096 >= -15450 @ 5211
c bounds -2096 >= -15449 @ 5211.15
c #Conflicts:    1032000 | #Constraints:     478590
c bounds -2096 >= -15448 @ 5212.15
c bounds -2096 >= -15447 @ 5213.4
c #Conflicts:    1033000 | #Constraints:     479620
c bounds -2096 >= -15446 @ 5213.78
c bounds -2096 >= -15445 @ 5214.33
c #Conflicts:    1034000 | #Constraints:     480656
c #Conflicts:    1035000 | #Constraints:     481656
c bounds -2096 >= -15444 @ 5216.19
c bounds -2096 >= -15443 @ 5216.61
c bounds -2096 >= -15442 @ 5216.74
c bounds -2096 >= -15441 @ 5216.8
c bounds -2096 >= -15440 @ 5216.93
c bounds -2096 >= -15439 @ 5217.17
c #Conflicts:    1036000 | #Constraints:     482710
c bounds -2096 >= -15438 @ 5217.48
c bounds -2096 >= -15437 @ 5217.67
c bounds -2096 >= -15436 @ 5217.95
c #Conflicts:    1037000 | #Constraints:     483749
c bounds -2096 >= -15435 @ 5218.55
c #Conflicts:    1038000 | #Constraints:     484767
c bounds -2096 >= -15434 @ 5219.33
c #Conflicts:    1039000 | #Constraints:     485788
c #Conflicts:    1040000 | #Constraints:     486788
c bounds -2096 >= -15433 @ 5220.96
c #Conflicts:    1041000 | #Constraints:     487806
c #Conflicts:    1042000 | #Constraints:     488806
c #Conflicts:    1043000 | #Constraints:     489806
c bounds -2096 >= -15432 @ 5224.08
c #Conflicts:    1044000 | #Constraints:     490833
c #Conflicts:    1045000 | #Constraints:     491833
c #Conflicts:    1046000 | #Constraints:     492833
c #Conflicts:    1047000 | #Constraints:     493833
c bounds -2096 >= -15431 @ 5228.67
c #Conflicts:    1048000 | #Constraints:     494863
c #Conflicts:    1049000 | #Constraints:     495863
c bounds -2096 >= -15430 @ 5230.57
c #Conflicts:    1050000 | #Constraints:     496887
c #Conflicts:    1051000 | #Constraints:     497887
c #Conflicts:    1052000 | #Constraints:     498887
c bounds -2096 >= -15429 @ 5236.79
c #Conflicts:    1053000 | #Constraints:     499908
c #Conflicts:    1054000 | #Constraints:     500908
c #Conflicts:    1055000 | #Constraints:     501908
c #Conflicts:    1056000 | #Constraints:     502908
c #Conflicts:    1057000 | #Constraints:     503908
c INPROCESSING
c GARBAGE COLLECT
c #Conflicts:    1058000 | #Constraints:     441927
c bounds -2096 >= -15428 @ 5249.36
c bounds -2096 >= -15427 @ 5249.48
c bounds -2096 >= -15426 @ 5249.6
c bounds -2096 >= -15425 @ 5249.86
c #Conflicts:    1059000 | #Constraints:     442957
c bounds -2096 >= -15424 @ 5250.56
c #Conflicts:    1060000 | #Constraints:     443969
c bounds -2096 >= -15423 @ 5251.42
c #Conflicts:    1061000 | #Constraints:     444987
c bounds -2096 >= -15422 @ 5252.61
c #Conflicts:    1062000 | #Constraints:     445999
c bounds -2096 >= -15421 @ 5254.39
c #Conflicts:    1063000 | #Constraints:     447017
c bounds -2096 >= -15420 @ 5256.54
c #Conflicts:    1064000 | #Constraints:     448035
c #Conflicts:    1065000 | #Constraints:     449035
c #Conflicts:    1066000 | #Constraints:     450035
c bounds -2096 >= -15419 @ 5260.28
c #Conflicts:    1067000 | #Constraints:     451059
c #Conflicts:    1068000 | #Constraints:     452059
c #Conflicts:    1069000 | #Constraints:     453059
c #Conflicts:    1070000 | #Constraints:     454059
c bounds -2096 >= -15418 @ 5266.36
c #Conflicts:    1071000 | #Constraints:     455080
c #Conflicts:    1072000 | #Constraints:     456080
c #Conflicts:    1073000 | #Constraints:     457080
c bounds -2096 >= -15417 @ 5271.21
c #Conflicts:    1074000 | #Constraints:     458107
c #Conflicts:    1075000 | #Constraints:     459107
c #Conflicts:    1076000 | #Constraints:     460107
c #Conflicts:    1077000 | #Constraints:     461107
c bounds -2096 >= -15416 @ 5277.03
c #Conflicts:    1078000 | #Constraints:     462128
c #Conflicts:    1079000 | #Constraints:     463128
c #Conflicts:    1080000 | #Constraints:     464128
c #Conflicts:    1081000 | #Constraints:     465128
c #Conflicts:    1082000 | #Constraints:     466128
c bounds -2096 >= -15415 @ 5287.82
c #Conflicts:    1083000 | #Constraints:     467155
c #Conflicts:    1084000 | #Constraints:     468155
c #Conflicts:    1085000 | #Constraints:     469155
c #Conflicts:    1086000 | #Constraints:     470155
c bounds -2096 >= -15414 @ 5298.12
c #Conflicts:    1087000 | #Constraints:     471185
c #Conflicts:    1088000 | #Constraints:     472185
c #Conflicts:    1089000 | #Constraints:     473185
c #Conflicts:    1090000 | #Constraints:     474185
c #Conflicts:    1091000 | #Constraints:     475185
c #Conflicts:    1092000 | #Constraints:     476185
c #Conflicts:    1093000 | #Constraints:     477185
c bounds -2096 >= -15413 @ 5324.12
c #Conflicts:    1094000 | #Constraints:     478215
c #Conflicts:    1095000 | #Constraints:     479215
c #Conflicts:    1096000 | #Constraints:     480215
c #Conflicts:    1097000 | #Constraints:     481215
c #Conflicts:    1098000 | #Constraints:     482215
c #Conflicts:    1099000 | #Constraints:     483215
c bounds -2096 >= -15412 @ 5345.2
c #Conflicts:    1100000 | #Constraints:     484242
c #Conflicts:    1101000 | #Constraints:     485242
c #Conflicts:    1102000 | #Constraints:     486242
c #Conflicts:    1103000 | #Constraints:     487242
c #Conflicts:    1104000 | #Constraints:     488242
c #Conflicts:    1105000 | #Constraints:     489242
c bounds -2096 >= -15411 @ 5365.68
c #Conflicts:    1106000 | #Constraints:     490260
c #Conflicts:    1107000 | #Constraints:     491260
c #Conflicts:    1108000 | #Constraints:     492260
c #Conflicts:    1109000 | #Constraints:     493260
c #Conflicts:    1110000 | #Constraints:     494260
c #Conflicts:    1111000 | #Constraints:     495260
c #Conflicts:    1112000 | #Constraints:     496260
c #Conflicts:    1113000 | #Constraints:     497260
c #Conflicts:    1114000 | #Constraints:     498260
c bounds -2096 >= -15410 @ 5397.88
c bounds -2096 >= -15409 @ 5398.19
c bounds -2096 >= -15408 @ 5398.32
c #Conflicts:    1115000 | #Constraints:     499311
c bounds -2096 >= -15407 @ 5398.56
c bounds -2096 >= -15406 @ 5398.93
c #Conflicts:    1116000 | #Constraints:     500335
c bounds -2096 >= -15405 @ 5399.26
c #Conflicts:    1117000 | #Constraints:     501344
c bounds -2096 >= -15404 @ 5399.72
c #Conflicts:    1118000 | #Constraints:     502365
c #Conflicts:    1119000 | #Constraints:     503365
c bounds -2096 >= -15403 @ 5400.76
c #Conflicts:    1120000 | #Constraints:     504380
c bounds -2096 >= -15402 @ 5401.57
c #Conflicts:    1121000 | #Constraints:     505401
c #Conflicts:    1122000 | #Constraints:     506401
c bounds -2096 >= -15401 @ 5402.4
c #Conflicts:    1123000 | #Constraints:     507413
c #Conflicts:    1124000 | #Constraints:     508413
c bounds -2096 >= -15400 @ 5403.77
c #Conflicts:    1125000 | #Constraints:     509440
c INPROCESSING
c GARBAGE COLLECT
c #Conflicts:    1126000 | #Constraints:     449117
c #Conflicts:    1127000 | #Constraints:     450117
c bounds -2096 >= -15399 @ 5405.7
c #Conflicts:    1128000 | #Constraints:     451138
c #Conflicts:    1129000 | #Constraints:     452138
c #Conflicts:    1130000 | #Constraints:     453138
c bounds -2096 >= -15398 @ 5407.12
c #Conflicts:    1131000 | #Constraints:     454165
c #Conflicts:    1132000 | #Constraints:     455165
c #Conflicts:    1133000 | #Constraints:     456165
c #Conflicts:    1134000 | #Constraints:     457165
c #Conflicts:    1135000 | #Constraints:     458165
c #Conflicts:    1136000 | #Constraints:     459165
c #Conflicts:    1137000 | #Constraints:     460165
c bounds -2096 >= -15397 @ 5412.16
c #Conflicts:    1138000 | #Constraints:     461198
c bounds -2096 >= -15396 @ 5413.43
c bounds -2096 >= -15395 @ 5413.45
c #Conflicts:    1139000 | #Constraints:     462210
c bounds -2096 >= -15394 @ 5413.5
c bounds -2096 >= -15393 @ 5413.63
c bounds -2096 >= -15392 @ 5413.74
c #Conflicts:    1140000 | #Constraints:     463246
c bounds -2096 >= -15391 @ 5413.93
c #Conflicts:    1141000 | #Constraints:     464258
c bounds -2096 >= -15390 @ 5414.17
c #Conflicts:    1142000 | #Constraints:     465273
c bounds -2096 >= -15389 @ 5414.5
c #Conflicts:    1143000 | #Constraints:     466291
c bounds -2096 >= -15388 @ 5415.18
c #Conflicts:    1144000 | #Constraints:     467315
c #Conflicts:    1145000 | #Constraints:     468315
c #Conflicts:    1146000 | #Constraints:     469315
c bounds -2096 >= -15387 @ 5416.27
c #Conflicts:    1147000 | #Constraints:     470333
c #Conflicts:    1148000 | #Constraints:     471333
c #Conflicts:    1149000 | #Constraints:     472333
c #Conflicts:    1150000 | #Constraints:     473333
c bounds -2096 >= -15386 @ 5420.74
c #Conflicts:    1151000 | #Constraints:     474357
c #Conflicts:    1152000 | #Constraints:     475357
c #Conflicts:    1153000 | #Constraints:     476357
c #Conflicts:    1154000 | #Constraints:     477357
c #Conflicts:    1155000 | #Constraints:     478357
c bounds -2096 >= -15385 @ 5426.11
c #Conflicts:    1156000 | #Constraints:     479378
c #Conflicts:    1157000 | #Constraints:     480378
c #Conflicts:    1158000 | #Constraints:     481378
c #Conflicts:    1159000 | #Constraints:     482378
c bounds -2096 >= -15384 @ 5431.7
c #Conflicts:    1160000 | #Constraints:     483402
c #Conflicts:    1161000 | #Constraints:     484402
c #Conflicts:    1162000 | #Constraints:     485402
c #Conflicts:    1163000 | #Constraints:     486402
c #Conflicts:    1164000 | #Constraints:     487402
c #Conflicts:    1165000 | #Constraints:     488402
c #Conflicts:    1166000 | #Constraints:     489402
c bounds -2096 >= -15383 @ 5443.82
c #Conflicts:    1167000 | #Constraints:     490426
c #Conflicts:    1168000 | #Constraints:     491426
c #Conflicts:    1169000 | #Constraints:     492426
c #Conflicts:    1170000 | #Constraints:     493426
c #Conflicts:    1171000 | #Constraints:     494426
c #Conflicts:    1172000 | #Constraints:     495426
c #Conflicts:    1173000 | #Constraints:     496426
c #Conflicts:    1174000 | #Constraints:     497426
c #Conflicts:    1175000 | #Constraints:     498426
c #Conflicts:    1176000 | #Constraints:     499426
c #Conflicts:    1177000 | #Constraints:     500426
c bounds -2096 >= -15382 @ 5467.17
c #Conflicts:    1178000 | #Constraints:     501459
c #Conflicts:    1179000 | #Constraints:     502459
c bounds -2096 >= -15381 @ 5471.94
c bounds -2096 >= -15380 @ 5472.13
c #Conflicts:    1180000 | #Constraints:     503486
c bounds -2096 >= -15379 @ 5472.59
c bounds -2096 >= -15378 @ 5472.69
c #Conflicts:    1181000 | #Constraints:     504507
c bounds -2096 >= -15377 @ 5472.97
c bounds -2096 >= -15376 @ 5473.27
c bounds -2096 >= -15375 @ 5473.38
c bounds -2096 >= -15374 @ 5473.64
c #Conflicts:    1182000 | #Constraints:     505555
c bounds -2096 >= -15373 @ 5473.96
c #Conflicts:    1183000 | #Constraints:     506579
c #Conflicts:    1184000 | #Constraints:     507579
c bounds -2096 >= -15372 @ 5474.94
c #Conflicts:    1185000 | #Constraints:     508600
c #Conflicts:    1186000 | #Constraints:     509600
c #Conflicts:    1187000 | #Constraints:     510600
c bounds -2096 >= -15371 @ 5477.69
c #Conflicts:    1188000 | #Constraints:     511624
c #Conflicts:    1189000 | #Constraints:     512624
c bounds -2096 >= -15370 @ 5478.96
c #Conflicts:    1190000 | #Constraints:     513636
c #Conflicts:    1191000 | #Constraints:     514636
c #Conflicts:    1192000 | #Constraints:     515636
c #Conflicts:    1193000 | #Constraints:     516636
c bounds -2096 >= -15369 @ 5483.01
c #Conflicts:    1194000 | #Constraints:     517660
c #Conflicts:    1195000 | #Constraints:     518660
c INPROCESSING
c GARBAGE COLLECT
c #Conflicts:    1196000 | #Constraints:     456420
c #Conflicts:    1197000 | #Constraints:     457420
c bounds -2096 >= -15368 @ 5488.17
c bounds -2096 >= -15367 @ 5488.27
c #Conflicts:    1198000 | #Constraints:     458429
c bounds -2096 >= -15366 @ 5488.61
c bounds -2096 >= -15365 @ 5488.99
c #Conflicts:    1199000 | #Constraints:     459462
c bounds -2096 >= -15364 @ 5490.34
c #Conflicts:    1200000 | #Constraints:     460480
c bounds -2096 >= -15363 @ 5491.04
c bounds -2096 >= -15362 @ 5492.09
c #Conflicts:    1201000 | #Constraints:     461510
c #Conflicts:    1202000 | #Constraints:     462510
c bounds -2096 >= -15361 @ 5494.51
c #Conflicts:    1203000 | #Constraints:     463528
c #Conflicts:    1204000 | #Constraints:     464528
c #Conflicts:    1205000 | #Constraints:     465528
c #Conflicts:    1206000 | #Constraints:     466528
c #Conflicts:    1207000 | #Constraints:     467528
c bounds -2096 >= -15360 @ 5504.49
c #Conflicts:    1208000 | #Constraints:     468555
c #Conflicts:    1209000 | #Constraints:     469555
c #Conflicts:    1210000 | #Constraints:     470555
c #Conflicts:    1211000 | #Constraints:     471555
c #Conflicts:    1212000 | #Constraints:     472555
c #Conflicts:    1213000 | #Constraints:     473555
c #Conflicts:    1214000 | #Constraints:     474555
c #Conflicts:    1215000 | #Constraints:     475555
c #Conflicts:    1216000 | #Constraints:     476555
c #Conflicts:    1217000 | #Constraints:     477555
c bounds -2096 >= -15359 @ 5533.75
c #Conflicts:    1218000 | #Constraints:     478585
c #Conflicts:    1219000 | #Constraints:     479585
c #Conflicts:    1220000 | #Constraints:     480585
c #Conflicts:    1221000 | #Constraints:     481585
c bounds -2096 >= -15358 @ 5546.58
c #Conflicts:    1222000 | #Constraints:     482603
c #Conflicts:    1223000 | #Constraints:     483603
c #Conflicts:    1224000 | #Constraints:     484603
c #Conflicts:    1225000 | #Constraints:     485603
c #Conflicts:    1226000 | #Constraints:     486603
c #Conflicts:    1227000 | #Constraints:     487603
c #Conflicts:    1228000 | #Constraints:     488603
c #Conflicts:    1229000 | #Constraints:     489603
c bounds -2096 >= -15357 @ 5582.23
c #Conflicts:    1230000 | #Constraints:     490642
c #Conflicts:    1231000 | #Constraints:     491642
c #Conflicts:    1232000 | #Constraints:     492642
c bounds -2096 >= -15356 @ 5596.35
c #Conflicts:    1233000 | #Constraints:     493660
c bounds -2096 >= -15355 @ 5602.67
c #Conflicts:    1234000 | #Constraints:     494672
c bounds -2096 >= -15354 @ 5603.2
c bounds -2096 >= -15353 @ 5605.25
c #Conflicts:    1235000 | #Constraints:     495699
c bounds -2096 >= -15352 @ 5606.98
c #Conflicts:    1236000 | #Constraints:     496717
c bounds -2096 >= -15351 @ 5608.97
c #Conflicts:    1237000 | #Constraints:     497732
c #Conflicts:    1238000 | #Constraints:     498732
c bounds -2096 >= -15350 @ 5612.76
c #Conflicts:    1239000 | #Constraints:     499751
c #Conflicts:    1240000 | #Constraints:     500751
c bounds -2096 >= -15349 @ 5618.3
c #Conflicts:    1241000 | #Constraints:     501775
c #Conflicts:    1242000 | #Constraints:     502775
c #Conflicts:    1243000 | #Constraints:     503775
c #Conflicts:    1244000 | #Constraints:     504775
c #Conflicts:    1245000 | #Constraints:     505775
c #Conflicts:    1246000 | #Constraints:     506775
c bounds -2096 >= -15348 @ 5630.72
c #Conflicts:    1247000 | #Constraints:     507799
c #Conflicts:    1248000 | #Constraints:     508799
c #Conflicts:    1249000 | #Constraints:     509799
c #Conflicts:    1250000 | #Constraints:     510799
c #Conflicts:    1251000 | #Constraints:     511799
c #Conflicts:    1252000 | #Constraints:     512799
c #Conflicts:    1253000 | #Constraints:     513799
c #Conflicts:    1254000 | #Constraints:     514799
c bounds -2096 >= -15347 @ 5653.54
c #Conflicts:    1255000 | #Constraints:     515820
c #Conflicts:    1256000 | #Constraints:     516820
c #Conflicts:    1257000 | #Constraints:     517820
c #Conflicts:    1258000 | #Constraints:     518820
c #Conflicts:    1259000 | #Constraints:     519820
c #Conflicts:    1260000 | #Constraints:     520820
c #Conflicts:    1261000 | #Constraints:     521820
c #Conflicts:    1262000 | #Constraints:     522820
c #Conflicts:    1263000 | #Constraints:     523820
c #Conflicts:    1264000 | #Constraints:     524820
c #Conflicts:    1265000 | #Constraints:     525820
c bounds -2096 >= -15346 @ 5692.58
c #Conflicts:    1266000 | #Constraints:     526859
c #Conflicts:    1267000 | #Constraints:     527859
c INPROCESSING
c GARBAGE COLLECT
c #Conflicts:    1268000 | #Constraints:     462250
c #Conflicts:    1269000 | #Constraints:     463250
c #Conflicts:    1270000 | #Constraints:     464250
c bounds -2096 >= -15345 @ 5705.72
c #Conflicts:    1271000 | #Constraints:     465280
c #Conflicts:    1272000 | #Constraints:     466280
c #Conflicts:    1273000 | #Constraints:     467280
c #Conflicts:    1274000 | #Constraints:     468280
c #Conflicts:    1275000 | #Constraints:     469280
c #Conflicts:    1276000 | #Constraints:     470280
c #Conflicts:    1277000 | #Constraints:     471280
c #Conflicts:    1278000 | #Constraints:     472280
c #Conflicts:    1279000 | #Constraints:     473280
c #Conflicts:    1280000 | #Constraints:     474280
c #Conflicts:    1281000 | #Constraints:     475280
c #Conflicts:    1282000 | #Constraints:     476280
c #Conflicts:    1283000 | #Constraints:     477280
c #Conflicts:    1284000 | #Constraints:     478280
c #Conflicts:    1285000 | #Constraints:     479280
c #Conflicts:    1286000 | #Constraints:     480280
c #Conflicts:    1287000 | #Constraints:     481280
c #Conflicts:    1288000 | #Constraints:     482280
c #Conflicts:    1289000 | #Constraints:     483280
c #Conflicts:    1290000 | #Constraints:     484280
c #Conflicts:    1291000 | #Constraints:     485280
c #Conflicts:    1292000 | #Constraints:     486280
c #Conflicts:    1293000 | #Constraints:     487280
c #Conflicts:    1294000 | #Constraints:     488280
c #Conflicts:    1295000 | #Constraints:     489280
c #Conflicts:    1296000 | #Constraints:     490280
c #Conflicts:    1297000 | #Constraints:     491280
c #Conflicts:    1298000 | #Constraints:     492280
c #Conflicts:    1299000 | #Constraints:     493280
c #Conflicts:    1300000 | #Constraints:     494280
c #Conflicts:    1301000 | #Constraints:     495280
c #Conflicts:    1302000 | #Constraints:     496280
c #Conflicts:    1303000 | #Constraints:     497280
c #Conflicts:    1304000 | #Constraints:     498280
c #Conflicts:    1305000 | #Constraints:     499280
c bounds -2096 >= -15344 @ 5868.88
c #Conflicts:    1306000 | #Constraints:     500328
c #Conflicts:    1307000 | #Constraints:     501328
c #Conflicts:    1308000 | #Constraints:     502328
c #Conflicts:    1309000 | #Constraints:     503328
c #Conflicts:    1310000 | #Constraints:     504328
c #Conflicts:    1311000 | #Constraints:     505328
c #Conflicts:    1312000 | #Constraints:     506328
c #Conflicts:    1313000 | #Constraints:     507328
c #Conflicts:    1314000 | #Constraints:     508328
c #Conflicts:    1315000 | #Constraints:     509328
c #Conflicts:    1316000 | #Constraints:     510328
c #Conflicts:    1317000 | #Constraints:     511328
c #Conflicts:    1318000 | #Constraints:     512328
c #Conflicts:    1319000 | #Constraints:     513328
c #Conflicts:    1320000 | #Constraints:     514328
c #Conflicts:    1321000 | #Constraints:     515328
c #Conflicts:    1322000 | #Constraints:     516328
c #Conflicts:    1323000 | #Constraints:     517328
c #Conflicts:    1324000 | #Constraints:     518328
c #Conflicts:    1325000 | #Constraints:     519328
c #Conflicts:    1326000 | #Constraints:     520328
c #Conflicts:    1327000 | #Constraints:     521328
c #Conflicts:    1328000 | #Constraints:     522328
c #Conflicts:    1329000 | #Constraints:     523328
c #Conflicts:    1330000 | #Constraints:     524328
c #Conflicts:    1331000 | #Constraints:     525328
c #Conflicts:    1332000 | #Constraints:     526328
c #Conflicts:    1333000 | #Constraints:     527328
c #Conflicts:    1334000 | #Constraints:     528328
c #Conflicts:    1335000 | #Constraints:     529328
c #Conflicts:    1336000 | #Constraints:     530328
c #Conflicts:    1337000 | #Constraints:     531328
c #Conflicts:    1338000 | #Constraints:     532328
c #Conflicts:    1339000 | #Constraints:     533328
c #Conflicts:    1340000 | #Constraints:     534328
c #Conflicts:    1341000 | #Constraints:     535328
c INPROCESSING
c GARBAGE COLLECT
c #Conflicts:    1342000 | #Constraints:     465145
c #Conflicts:    1343000 | #Constraints:     466145
c #Conflicts:    1344000 | #Constraints:     467145
c #Conflicts:    1345000 | #Constraints:     468145
c #Conflicts:    1346000 | #Constraints:     469145
c #Conflicts:    1347000 | #Constraints:     470145
c #Conflicts:    1348000 | #Constraints:     471145
c #Conflicts:    1349000 | #Constraints:     472145
c #Conflicts:    1350000 | #Constraints:     473145
c #Conflicts:    1351000 | #Constraints:     474145
c #Conflicts:    1352000 | #Constraints:     475145
c #Conflicts:    1353000 | #Constraints:     476145
c #Conflicts:    1354000 | #Constraints:     477145
c #Conflicts:    1355000 | #Constraints:     478145
c bounds -2098 >= -15344 @ 6156.07
c #Conflicts:    1356000 | #Constraints:     479146
c #Conflicts:    1357000 | #Constraints:     480146
c bounds -2100 >= -15344 @ 6176.11
c bounds -2106 >= -15344 @ 6179.3
c #Conflicts:    1358000 | #Constraints:     481148
c bounds -2110 >= -15344 @ 6209.24
c #Conflicts:    1359000 | #Constraints:     482149
c #Conflicts:    1360000 | #Constraints:     483149
c #Conflicts:    1361000 | #C