c RoundingSat 2
c branch 
c commit 
c #variables 4725 #constraints 8626
c bounds - >= -3150 @ 0.026108
c bounds 0 >= -3150 @ 0.038258
c bounds 0 >= -3148 @ 0.03928
c bounds 0 >= -3146 @ 0.039709
c bounds 0 >= -3144 @ 0.040209
c bounds 0 >= -3142 @ 0.040694
c bounds 0 >= -3140 @ 0.041183
c bounds 0 >= -3138 @ 0.041671
c bounds 0 >= -3136 @ 0.042169
c bounds 0 >= -3134 @ 0.042662
c bounds 0 >= -3132 @ 0.043153
c bounds 0 >= -3130 @ 0.043363
c bounds 0 >= -3128 @ 0.043363
c bounds 0 >= -3126 @ 0.043672
c bounds 0 >= -3124 @ 0.044161
c bounds 0 >= -3122 @ 0.044646
c bounds 0 >= -3120 @ 0.045131
c bounds 0 >= -3118 @ 0.045355
c bounds 0 >= -3116 @ 0.045355
c bounds 0 >= -3114 @ 0.045624
c bounds 0 >= -3112 @ 0.046119
c bounds 0 >= -3110 @ 0.046614
c bounds 0 >= -3108 @ 0.047111
c bounds 0 >= -3106 @ 0.047607
c bounds 0 >= -3104 @ 0.048102
c bounds 0 >= -3102 @ 0.048599
c bounds 0 >= -3100 @ 0.049092
c bounds 0 >= -3098 @ 0.049587
c bounds 0 >= -3096 @ 0.050078
c bounds 0 >= -3094 @ 0.050579
c bounds 0 >= -3092 @ 0.05108
c bounds 0 >= -3090 @ 0.051575
c bounds 0 >= -3088 @ 0.05207
c bounds 0 >= -3086 @ 0.052566
c bounds 0 >= -3084 @ 0.053059
c bounds 0 >= -3082 @ 0.053557
c bounds 0 >= -3080 @ 0.054053
c bounds 0 >= -3078 @ 0.054549
c bounds 0 >= -3076 @ 0.055044
c bounds 0 >= -3074 @ 0.055538
c bounds 0 >= -3072 @ 0.056034
c bounds 0 >= -3070 @ 0.056531
c bounds 0 >= -3068 @ 0.057029
c bounds 0 >= -3066 @ 0.057527
c bounds 0 >= -3064 @ 0.058019
c bounds 0 >= -3062 @ 0.058521
c bounds 0 >= -3060 @ 0.05902
c bounds 0 >= -3058 @ 0.059514
c bounds 0 >= -3056 @ 0.060012
c bounds 0 >= -3054 @ 0.060505
c bounds 0 >= -3052 @ 0.061004
c bounds 0 >= -3050 @ 0.061498
c bounds 0 >= -3048 @ 0.061999
c bounds 0 >= -3046 @ 0.062494
c bounds 0 >= -3044 @ 0.062986
c bounds 0 >= -3042 @ 0.063479
c bounds 0 >= -3040 @ 0.063979
c bounds 0 >= -3038 @ 0.064475
c bounds 0 >= -3036 @ 0.064961
c bounds 0 >= -3034 @ 0.065457
c bounds 0 >= -3032 @ 0.065951
c bounds 0 >= -3030 @ 0.066453
c bounds 0 >= -3028 @ 0.066947
c bounds 0 >= -3026 @ 0.067443
c bounds 0 >= -3024 @ 0.067945
c bounds 0 >= -3022 @ 0.068442
c bounds 0 >= -3020 @ 0.06893
c bounds 0 >= -3018 @ 0.069427
c bounds 0 >= -3016 @ 0.069919
c bounds 0 >= -3014 @ 0.070419
c bounds 0 >= -3012 @ 0.070923
c bounds 0 >= -3010 @ 0.071424
c bounds 0 >= -3008 @ 0.071916
c bounds 0 >= -3006 @ 0.072413
c bounds 0 >= -3004 @ 0.072906
c bounds 0 >= -3002 @ 0.073402
c bounds 0 >= -3000 @ 0.073902
c bounds 0 >= -2998 @ 0.074397
c bounds 0 >= -2996 @ 0.074884
c bounds 0 >= -2994 @ 0.075378
c bounds 0 >= -2992 @ 0.075863
c bounds 0 >= -2990 @ 0.076357
c bounds 0 >= -2988 @ 0.076846
c bounds 0 >= -2986 @ 0.07735
c bounds 0 >= -2984 @ 0.077867
c bounds 0 >= -2982 @ 0.078373
c bounds 0 >= -2980 @ 0.078885
c bounds 0 >= -2978 @ 0.079387
c bounds 0 >= -2976 @ 0.079897
c bounds 0 >= -2974 @ 0.0804
c bounds 0 >= -2972 @ 0.080911
c bounds 0 >= -2970 @ 0.081415
c bounds 0 >= -2968 @ 0.081926
c bounds 0 >= -2966 @ 0.08245
c bounds 0 >= -2964 @ 0.082963
c bounds 0 >= -2962 @ 0.083475
c bounds 0 >= -2960 @ 0.083985
c bounds 0 >= -2958 @ 0.084492
c bounds 0 >= -2956 @ 0.085009
c bounds 0 >= -2954 @ 0.085527
c bounds 0 >= -2952 @ 0.086037
c bounds 0 >= -2950 @ 0.086552
c bounds 0 >= -2948 @ 0.087058
c bounds 0 >= -2946 @ 0.087574
c bounds 0 >= -2944 @ 0.088079
c bounds 0 >= -2942 @ 0.088591
c bounds 0 >= -2940 @ 0.08909
c bounds 0 >= -2938 @ 0.089598
c bounds 0 >= -2936 @ 0.090105
c bounds 0 >= -2934 @ 0.090614
c bounds 0 >= -2932 @ 0.091119
c bounds 0 >= -2930 @ 0.091632
c bounds 0 >= -2928 @ 0.092139
c bounds 0 >= -2926 @ 0.092654
c bounds 0 >= -2924 @ 0.093161
c bounds 0 >= -2922 @ 0.093668
c bounds 0 >= -2920 @ 0.094186
c bounds 0 >= -2918 @ 0.094693
c bounds 0 >= -2916 @ 0.095205
c bounds 0 >= -2914 @ 0.09571
c bounds 0 >= -2912 @ 0.096218
c bounds 0 >= -2910 @ 0.096724
c bounds 0 >= -2908 @ 0.097238
c bounds 0 >= -2906 @ 0.097754
c bounds 0 >= -2904 @ 0.098265
c bounds 0 >= -2902 @ 0.098778
c bounds 0 >= -2900 @ 0.099291
c bounds 0 >= -2898 @ 0.099801
c bounds 0 >= -2896 @ 0.100309
c bounds 0 >= -2894 @ 0.100838
c bounds 0 >= -2892 @ 0.101349
c bounds 0 >= -2890 @ 0.101852
c bounds 0 >= -2888 @ 0.102374
c bounds 0 >= -2886 @ 0.102886
c bounds 0 >= -2884 @ 0.103405
c bounds 0 >= -2882 @ 0.103918
c bounds 0 >= -2880 @ 0.104431
c bounds 0 >= -2878 @ 0.104941
c bounds 0 >= -2876 @ 0.105454
c bounds 0 >= -2874 @ 0.105969
c bounds 0 >= -2872 @ 0.106487
c bounds 0 >= -2870 @ 0.106995
c bounds 0 >= -2868 @ 0.10751
c bounds 0 >= -2866 @ 0.108028
c bounds 0 >= -2864 @ 0.10854
c bounds 0 >= -2862 @ 0.109051
c bounds 0 >= -2860 @ 0.109567
c bounds 0 >= -2858 @ 0.11008
c bounds 0 >= -2856 @ 0.110616
c bounds 0 >= -2854 @ 0.111135
c bounds 0 >= -2852 @ 0.111646
c bounds 0 >= -2850 @ 0.112156
c bounds 0 >= -2848 @ 0.112682
c bounds 0 >= -2846 @ 0.113194
c bounds 0 >= -2844 @ 0.113703
c bounds 0 >= -2842 @ 0.114212
c bounds 0 >= -2840 @ 0.114716
c bounds 0 >= -2838 @ 0.115219
c bounds 0 >= -2836 @ 0.115736
c bounds 0 >= -2834 @ 0.116256
c bounds 0 >= -2832 @ 0.116765
c bounds 0 >= -2830 @ 0.117276
c bounds 0 >= -2828 @ 0.117796
c bounds 0 >= -2826 @ 0.118315
c bounds 0 >= -2824 @ 0.118823
c bounds 0 >= -2822 @ 0.119327
c bounds 0 >= -2820 @ 0.119835
c bounds 0 >= -2818 @ 0.120801
c bounds 0 >= -2816 @ 0.121306
c bounds 0 >= -2814 @ 0.1218
c bounds 0 >= -2812 @ 0.122302
c bounds 0 >= -2810 @ 0.122803
c bounds 0 >= -2808 @ 0.1233
c bounds 0 >= -2806 @ 0.123788
c bounds 0 >= -2804 @ 0.124278
c bounds 0 >= -2802 @ 0.124765
c bounds 0 >= -2800 @ 0.125259
c bounds 0 >= -2798 @ 0.125762
c bounds 0 >= -2796 @ 0.126252
c bounds 0 >= -2794 @ 0.126751
c bounds 0 >= -2792 @ 0.12692
c bounds 0 >= -2790 @ 0.12692
c bounds 0 >= -2788 @ 0.127235
c bounds 0 >= -2786 @ 0.127731
c bounds 0 >= -2784 @ 0.128221
c bounds 0 >= -2782 @ 0.128715
c bounds 0 >= -2780 @ 0.129211
c bounds 0 >= -2778 @ 0.129713
c bounds 0 >= -2776 @ 0.130215
c bounds 0 >= -2774 @ 0.130708
c bounds 0 >= -2772 @ 0.131202
c bounds 0 >= -2770 @ 0.131713
c bounds 0 >= -2768 @ 0.131901
c bounds 0 >= -2766 @ 0.131901
c bounds 0 >= -2764 @ 0.132214
c bounds 0 >= -2762 @ 0.132704
c bounds 0 >= -2760 @ 0.133206
c bounds 0 >= -2758 @ 0.133702
c bounds 0 >= -2756 @ 0.134196
c bounds 0 >= -2754 @ 0.134689
c bounds 0 >= -2752 @ 0.135186
c bounds 0 >= -2750 @ 0.135683
c bounds 0 >= -2748 @ 0.136189
c bounds 0 >= -2746 @ 0.136687
c bounds 0 >= -2744 @ 0.137193
c bounds 0 >= -2742 @ 0.137685
c bounds 0 >= -2740 @ 0.138182
c bounds 0 >= -2738 @ 0.138675
c bounds 0 >= -2736 @ 0.138874
c bounds 0 >= -2734 @ 0.138874
c bounds 0 >= -2732 @ 0.139164
c bounds 0 >= -2730 @ 0.139662
c bounds 0 >= -2728 @ 0.140153
c bounds 0 >= -2726 @ 0.140642
c bounds 0 >= -2724 @ 0.14114
c bounds 0 >= -2722 @ 0.141644
c bounds 0 >= -2720 @ 0.14214
c bounds 0 >= -2718 @ 0.142631
c bounds 0 >= -2716 @ 0.143125
c bounds 0 >= -2714 @ 0.143617
c bounds 0 >= -2712 @ 0.144114
c bounds 0 >= -2710 @ 0.144617
c bounds 0 >= -2708 @ 0.145114
c bounds 0 >= -2706 @ 0.145618
c bounds 0 >= -2704 @ 0.146125
c bounds 0 >= -2702 @ 0.146624
c bounds 0 >= -2700 @ 0.147122
c bounds 0 >= -2698 @ 0.147631
c bounds 0 >= -2696 @ 0.147841
c bounds 0 >= -2694 @ 0.147841
c bounds 0 >= -2692 @ 0.148128
c bounds 0 >= -2690 @ 0.148619
c bounds 0 >= -2688 @ 0.149106
c bounds 0 >= -2686 @ 0.149596
c bounds 0 >= -2684 @ 0.150097
c bounds 0 >= -2682 @ 0.150588
c bounds 0 >= -2680 @ 0.151111
c bounds 0 >= -2678 @ 0.15162
c bounds 0 >= -2676 @ 0.152122
c bounds 0 >= -2674 @ 0.152627
c bounds 0 >= -2672 @ 0.153117
c bounds 0 >= -2670 @ 0.153608
c bounds 0 >= -2668 @ 0.154107
c bounds 0 >= -2666 @ 0.154597
c bounds 0 >= -2664 @ 0.155089
c bounds 0 >= -2662 @ 0.15559
c bounds 0 >= -2660 @ 0.156089
c bounds 0 >= -2658 @ 0.156591
c bounds 0 >= -2656 @ 0.157086
c bounds 0 >= -2654 @ 0.157582
c bounds 0 >= -2652 @ 0.158088
c bounds 0 >= -2650 @ 0.158603
c bounds 0 >= -2648 @ 0.159117
c bounds 0 >= -2646 @ 0.159624
c bounds 0 >= -2644 @ 0.160155
c bounds 0 >= -2642 @ 0.160668
c bounds 0 >= -2640 @ 0.161184
c bounds 0 >= -2638 @ 0.161723
c bounds 0 >= -2636 @ 0.162245
c bounds 0 >= -2634 @ 0.162769
c bounds 0 >= -2632 @ 0.163296
c bounds 0 >= -2630 @ 0.163808
c bounds 0 >= -2628 @ 0.16432
c bounds 0 >= -2626 @ 0.164555
c bounds 0 >= -2624 @ 0.164555
c bounds 0 >= -2622 @ 0.164898
c bounds 0 >= -2620 @ 0.165407
c bounds 0 >= -2618 @ 0.165918
c bounds 0 >= -2616 @ 0.166437
c bounds 0 >= -2614 @ 0.166947
c bounds 0 >= -2612 @ 0.167459
c bounds 0 >= -2610 @ 0.167997
c bounds 0 >= -2608 @ 0.168509
c bounds 0 >= -2606 @ 0.169009
c bounds 0 >= -2604 @ 0.16952
c bounds 0 >= -2602 @ 0.170031
c bounds 0 >= -2600 @ 0.170536
c bounds 0 >= -2598 @ 0.171043
c bounds 0 >= -2596 @ 0.171561
c bounds 0 >= -2594 @ 0.172082
c bounds 0 >= -2592 @ 0.172588
c bounds 0 >= -2590 @ 0.173094
c bounds 0 >= -2588 @ 0.1736
c bounds 0 >= -2586 @ 0.174106
c bounds 0 >= -2584 @ 0.174621
c bounds 0 >= -2582 @ 0.17513
c bounds 0 >= -2580 @ 0.175629
c bounds 0 >= -2578 @ 0.176132
c bounds 0 >= -2576 @ 0.176641
c bounds 0 >= -2574 @ 0.177157
c bounds 0 >= -2572 @ 0.177662
c bounds 0 >= -2570 @ 0.178168
c bounds 0 >= -2568 @ 0.178676
c bounds 0 >= -2566 @ 0.179182
c bounds 0 >= -2564 @ 0.179687
c bounds 0 >= -2562 @ 0.180194
c bounds 0 >= -2560 @ 0.180704
c bounds 0 >= -2558 @ 0.181206
c bounds 0 >= -2556 @ 0.181717
c bounds 0 >= -2554 @ 0.182253
c bounds 0 >= -2552 @ 0.182769
c bounds 0 >= -2550 @ 0.183288
c bounds 0 >= -2548 @ 0.183797
c bounds 0 >= -2546 @ 0.184303
c bounds 0 >= -2544 @ 0.184813
c bounds 0 >= -2542 @ 0.185325
c bounds 0 >= -2540 @ 0.185841
c bounds 0 >= -2538 @ 0.186355
c bounds 0 >= -2536 @ 0.186887
c bounds 0 >= -2534 @ 0.187405
c bounds 0 >= -2532 @ 0.187914
c bounds 0 >= -2530 @ 0.188426
c bounds 0 >= -2528 @ 0.188942
c bounds 0 >= -2526 @ 0.189454
c bounds 0 >= -2524 @ 0.189968
c bounds 0 >= -2522 @ 0.190477
c bounds 0 >= -2520 @ 0.190994
c bounds 0 >= -2518 @ 0.191509
c bounds 0 >= -2516 @ 0.192012
c bounds 0 >= -2514 @ 0.192516
c bounds 0 >= -2512 @ 0.193024
c bounds 0 >= -2510 @ 0.193537
c bounds 0 >= -2508 @ 0.194043
c bounds 0 >= -2506 @ 0.194551
c bounds 0 >= -2504 @ 0.195063
c bounds 0 >= -2502 @ 0.195575
c bounds 0 >= -2500 @ 0.196093
c bounds 0 >= -2498 @ 0.196608
c bounds 0 >= -2496 @ 0.197112
c bounds 0 >= -2494 @ 0.197617
c bounds 0 >= -2492 @ 0.198127
c bounds 0 >= -2490 @ 0.198626
c bounds 0 >= -2488 @ 0.199593
c bounds 0 >= -2486 @ 0.20009
c bounds 0 >= -2484 @ 0.200577
c bounds 0 >= -2482 @ 0.201072
c bounds 0 >= -2480 @ 0.201584
c bounds 0 >= -2478 @ 0.202087
c bounds 0 >= -2476 @ 0.202588
c bounds 0 >= -2474 @ 0.20309
c bounds 0 >= -2472 @ 0.203595
c bounds 0 >= -2470 @ 0.204095
c bounds 0 >= -2468 @ 0.204582
c bounds 0 >= -2466 @ 0.20508
c bounds 0 >= -2464 @ 0.205578
c bounds 0 >= -2462 @ 0.206071
c bounds 0 >= -2460 @ 0.206565
c bounds 0 >= -2458 @ 0.207061
c bounds 0 >= -2456 @ 0.20756
c bounds 0 >= -2454 @ 0.208051
c bounds 0 >= -2452 @ 0.208547
c bounds 0 >= -2450 @ 0.209039
c bounds 0 >= -2448 @ 0.209536
c bounds 0 >= -2446 @ 0.210039
c bounds 0 >= -2444 @ 0.210528
c bounds 0 >= -2442 @ 0.211018
c bounds 0 >= -2440 @ 0.211516
c bounds 0 >= -2438 @ 0.212015
c bounds 0 >= -2436 @ 0.212509
c bounds 0 >= -2434 @ 0.213007
c bounds 0 >= -2432 @ 0.213502
c bounds 0 >= -2430 @ 0.214013
c bounds 0 >= -2428 @ 0.21452
c bounds 0 >= -2426 @ 0.215026
c bounds 0 >= -2424 @ 0.215537
c bounds 0 >= -2422 @ 0.216047
c bounds 0 >= -2420 @ 0.21655
c bounds 0 >= -2418 @ 0.217052
c bounds 0 >= -2416 @ 0.21756
c bounds 0 >= -2414 @ 0.218052
c bounds 0 >= -2412 @ 0.218555
c bounds 0 >= -2410 @ 0.219046
c bounds 0 >= -2408 @ 0.219552
c bounds 0 >= -2406 @ 0.220044
c bounds 0 >= -2404 @ 0.220545
c bounds 0 >= -2402 @ 0.221041
c bounds 0 >= -2400 @ 0.221537
c bounds 0 >= -2398 @ 0.22203
c bounds 0 >= -2396 @ 0.222521
c bounds 0 >= -2394 @ 0.223019
c bounds 0 >= -2392 @ 0.223524
c bounds 0 >= -2390 @ 0.224019
c bounds 0 >= -2388 @ 0.224511
c bounds 0 >= -2386 @ 0.225014
c bounds 0 >= -2384 @ 0.225511
c bounds 0 >= -2382 @ 0.226003
c bounds 0 >= -2380 @ 0.226493
c bounds 0 >= -2378 @ 0.226986
c bounds 0 >= -2376 @ 0.227477
c bounds 0 >= -2374 @ 0.22798
c bounds 0 >= -2372 @ 0.228476
c bounds 0 >= -2370 @ 0.228972
c bounds 0 >= -2368 @ 0.229465
c bounds 0 >= -2366 @ 0.229959
c bounds 0 >= -2364 @ 0.230466
c bounds 0 >= -2362 @ 0.230978
c bounds 0 >= -2360 @ 0.231471
c bounds 0 >= -2358 @ 0.231976
c bounds 0 >= -2356 @ 0.232476
c bounds 0 >= -2354 @ 0.232968
c bounds 0 >= -2352 @ 0.233462
c bounds 0 >= -2350 @ 0.233952
c bounds 0 >= -2348 @ 0.234442
c bounds 0 >= -2346 @ 0.234943
c bounds 0 >= -2344 @ 0.235452
c bounds 0 >= -2342 @ 0.235953
c bounds 0 >= -2340 @ 0.236456
c bounds 0 >= -2338 @ 0.236952
c bounds 0 >= -2336 @ 0.237448
c bounds 0 >= -2334 @ 0.237951
c bounds 0 >= -2332 @ 0.238433
c bounds 0 >= -2330 @ 0.23892
c bounds 0 >= -2328 @ 0.23941
c bounds 0 >= -2326 @ 0.239905
c bounds 0 >= -2324 @ 0.240389
c bounds 0 >= -2322 @ 0.240893
c bounds 0 >= -2320 @ 0.241414
c bounds 0 >= -2318 @ 0.241922
c bounds 0 >= -2316 @ 0.242165
c bounds 0 >= -2314 @ 0.242165
c bounds 0 >= -2312 @ 0.242499
c bounds 0 >= -2310 @ 0.243007
c bounds 0 >= -2308 @ 0.243517
c bounds 0 >= -2306 @ 0.244026
c bounds 0 >= -2304 @ 0.244525
c bounds 0 >= -2302 @ 0.245039
c bounds 0 >= -2300 @ 0.245538
c bounds 0 >= -2298 @ 0.246047
c bounds 0 >= -2296 @ 0.246554
c bounds 0 >= -2294 @ 0.247065
c bounds 0 >= -2292 @ 0.247564
c bounds 0 >= -2290 @ 0.24808
c bounds 0 >= -2288 @ 0.248594
c bounds 0 >= -2286 @ 0.249097
c bounds 0 >= -2284 @ 0.249609
c bounds 0 >= -2282 @ 0.250123
c bounds 0 >= -2280 @ 0.250629
c bounds 0 >= -2278 @ 0.251143
c bounds 0 >= -2276 @ 0.251656
c bounds 0 >= -2274 @ 0.252164
c bounds 0 >= -2272 @ 0.252348
c bounds 0 >= -2270 @ 0.252348
c bounds 0 >= -2268 @ 0.252782
c bounds 0 >= -2266 @ 0.253227
c bounds 0 >= -2264 @ 0.253737
c bounds 0 >= -2262 @ 0.254234
c bounds 0 >= -2260 @ 0.254742
c bounds 0 >= -2258 @ 0.255254
c bounds 0 >= -2256 @ 0.255773
c bounds 0 >= -2254 @ 0.256285
c bounds 0 >= -2252 @ 0.256801
c bounds 0 >= -2250 @ 0.257311
c bounds 0 >= -2248 @ 0.257814
c bounds 0 >= -2246 @ 0.258321
c bounds 0 >= -2244 @ 0.258825
c bounds 0 >= -2242 @ 0.259338
c bounds 0 >= -2240 @ 0.259841
c bounds 0 >= -2238 @ 0.260341
c bounds 0 >= -2236 @ 0.260855
c bounds 0 >= -2234 @ 0.261078
c bounds 0 >= -2232 @ 0.261078
c bounds 0 >= -2230 @ 0.261417
c bounds 0 >= -2228 @ 0.261929
c bounds 0 >= -2226 @ 0.262432
c bounds 0 >= -2224 @ 0.262948
c bounds 0 >= -2222 @ 0.26345
c bounds 0 >= -2220 @ 0.263975
c bounds 0 >= -2218 @ 0.264486
c bounds 0 >= -2216 @ 0.264992
c bounds 0 >= -2214 @ 0.265504
c bounds 0 >= -2212 @ 0.266014
c bounds 0 >= -2210 @ 0.266525
c bounds 0 >= -2208 @ 0.267044
c bounds 0 >= -2206 @ 0.26755
c bounds 0 >= -2204 @ 0.268052
c bounds 0 >= -2202 @ 0.268562
c bounds 0 >= -2200 @ 0.269077
c bounds 0 >= -2198 @ 0.269587
c bounds 0 >= -2196 @ 0.270104
c bounds 0 >= -2194 @ 0.270612
c bounds 0 >= -2192 @ 0.271119
c bounds 0 >= -2190 @ 0.271623
c bounds 0 >= -2188 @ 0.272139
c bounds 0 >= -2186 @ 0.272652
c bounds 0 >= -2184 @ 0.273162
c bounds 0 >= -2182 @ 0.273681
c bounds 0 >= -2180 @ 0.274191
c bounds 0 >= -2178 @ 0.274712
c bounds 0 >= -2176 @ 0.275217
c bounds 0 >= -2174 @ 0.27573
c bounds 0 >= -2172 @ 0.276233
c bounds 0 >= -2170 @ 0.276743
c bounds 0 >= -2168 @ 0.277252
c bounds 0 >= -2166 @ 0.277762
c bounds 0 >= -2164 @ 0.278265
c bounds 0 >= -2162 @ 0.278774
c bounds 0 >= -2160 @ 0.279286
c bounds 0 >= -2158 @ 0.279815
c bounds 0 >= -2156 @ 0.280769
c bounds 0 >= -2154 @ 0.281271
c bounds 0 >= -2152 @ 0.281756
c bounds 0 >= -2150 @ 0.282243
c bounds 0 >= -2148 @ 0.282727
c bounds 0 >= -2146 @ 0.283232
c bounds 0 >= -2144 @ 0.283725
c bounds 0 >= -2142 @ 0.284215
c bounds 0 >= -2140 @ 0.284706
c bounds 0 >= -2138 @ 0.285192
c bounds 0 >= -2136 @ 0.285677
c bounds 0 >= -2134 @ 0.286162
c bounds 0 >= -2132 @ 0.286649
c bounds 0 >= -2130 @ 0.287145
c bounds 0 >= -2128 @ 0.287642
c bounds 0 >= -2126 @ 0.28815
c bounds 0 >= -2124 @ 0.288637
c bounds 0 >= -2122 @ 0.289134
c bounds 0 >= -2120 @ 0.289628
c bounds 0 >= -2118 @ 0.290124
c bounds 0 >= -2116 @ 0.290611
c bounds 0 >= -2114 @ 0.291098
c bounds 0 >= -2112 @ 0.291604
c bounds 0 >= -2110 @ 0.292099
c bounds 0 >= -2108 @ 0.292591
c bounds 0 >= -2106 @ 0.293086
c bounds 0 >= -2104 @ 0.29359
c bounds 0 >= -2102 @ 0.294088
c bounds 0 >= -2100 @ 0.294578
c bounds 0 >= -2098 @ 0.295072
c bounds 0 >= -2096 @ 0.295553
c bounds 0 >= -2094 @ 0.296039
c bounds 0 >= -2092 @ 0.296526
c bounds 0 >= -2090 @ 0.297012
c bounds 0 >= -2088 @ 0.297498
c bounds 0 >= -2086 @ 0.297988
c bounds 0 >= -2084 @ 0.298463
c bounds 0 >= -2082 @ 0.298949
c bounds 0 >= -2080 @ 0.29943
c bounds 0 >= -2078 @ 0.299912
c bounds 0 >= -2076 @ 0.300418
c bounds 0 >= -2074 @ 0.300917
c bounds 0 >= -2072 @ 0.301409
c bounds 0 >= -2070 @ 0.301888
c bounds 0 >= -2068 @ 0.302361
c bounds 0 >= -2066 @ 0.302847
c bounds 0 >= -2064 @ 0.30334
c bounds 0 >= -2062 @ 0.303835
c bounds 0 >= -2060 @ 0.304327
c bounds 0 >= -2058 @ 0.304823
c bounds 0 >= -2056 @ 0.305312
c bounds 0 >= -2054 @ 0.305805
c bounds 0 >= -2052 @ 0.306289
c bounds 0 >= -2050 @ 0.306778
c bounds 0 >= -2048 @ 0.307263
c bounds 0 >= -2046 @ 0.307745
c bounds 0 >= -2044 @ 0.30822
c bounds 0 >= -2042 @ 0.308773
c bounds 0 >= -2040 @ 0.309271
c bounds 0 >= -2038 @ 0.30975
c bounds 0 >= -2036 @ 0.310238
c bounds 0 >= -2034 @ 0.310716
c bounds 0 >= -2032 @ 0.311207
c bounds 0 >= -2030 @ 0.311688
c bounds 0 >= -2028 @ 0.312174
c bounds 0 >= -2026 @ 0.312655
c bounds 0 >= -2024 @ 0.3131
c bounds 0 >= -2022 @ 0.3131
c bounds 0 >= -2020 @ 0.313135
c bounds 0 >= -2018 @ 0.313623
c bounds 0 >= -2016 @ 0.314093
c bounds 0 >= -2014 @ 0.314578
c bounds 0 >= -2012 @ 0.315054
c bounds 0 >= -2010 @ 0.315547
c bounds 0 >= -2008 @ 0.316033
c bounds 0 >= -2006 @ 0.316517
c bounds 0 >= -2004 @ 0.316994
c bounds 0 >= -2002 @ 0.317478
c bounds 0 >= -2000 @ 0.317974
c bounds 0 >= -1998 @ 0.31846
c bounds 0 >= -1996 @ 0.318937
c bounds 0 >= -1994 @ 0.319427
c bounds 0 >= -1992 @ 0.319636
c bounds 0 >= -1990 @ 0.319875
c bounds 0 >= -1988 @ 0.320328
c bounds 0 >= -1986 @ 0.320807
c bounds 0 >= -1984 @ 0.321286
c bounds 0 >= -1982 @ 0.321763
c bounds 0 >= -1980 @ 0.322237
c bounds 0 >= -1978 @ 0.322717
c bounds 0 >= -1976 @ 0.323203
c bounds 0 >= -1974 @ 0.323686
c bounds 0 >= -1972 @ 0.324167
c bounds 0 >= -1970 @ 0.32465
c bounds 0 >= -1968 @ 0.325126
c bounds 0 >= -1966 @ 0.325608
c bounds 0 >= -1964 @ 0.326097
c bounds 0 >= -1962 @ 0.326578
c bounds 0 >= -1960 @ 0.327062
c bounds 0 >= -1958 @ 0.327552
c bounds 0 >= -1956 @ 0.328037
c bounds 0 >= -1954 @ 0.328519
c bounds 0 >= -1952 @ 0.329
c bounds 0 >= -1950 @ 0.329479
c bounds 0 >= -1948 @ 0.32996
c bounds 0 >= -1946 @ 0.330439
c bounds 0 >= -1944 @ 0.330919
c bounds 0 >= -1942 @ 0.331402
c bounds 0 >= -1940 @ 0.33189
c bounds 0 >= -1938 @ 0.332374
c bounds 0 >= -1936 @ 0.332863
c bounds 0 >= -1934 @ 0.333341
c bounds 0 >= -1932 @ 0.333821
c bounds 0 >= -1930 @ 0.334318
c bounds 0 >= -1928 @ 0.334796
c bounds 0 >= -1926 @ 0.33529
c bounds 0 >= -1924 @ 0.335776
c bounds 0 >= -1922 @ 0.336273
c bounds 0 >= -1920 @ 0.336748
c bounds 0 >= -1918 @ 0.337231
c bounds 0 >= -1916 @ 0.337709
c bounds 0 >= -1914 @ 0.338196
c bounds 0 >= -1912 @ 0.338669
c bounds 0 >= -1910 @ 0.339157
c bounds 0 >= -1908 @ 0.339636
c bounds 0 >= -1906 @ 0.340122
c bounds 0 >= -1904 @ 0.340604
c bounds 0 >= -1902 @ 0.341089
c bounds 0 >= -1900 @ 0.341565
c bounds 0 >= -1898 @ 0.34205
c bounds 0 >= -1896 @ 0.34253
c bounds 0 >= -1894 @ 0.343007
c bounds 0 >= -1892 @ 0.343486
c bounds 0 >= -1890 @ 0.343964
c bounds 0 >= -1888 @ 0.344444
c bounds 0 >= -1886 @ 0.344923
c bounds 0 >= -1884 @ 0.345396
c bounds 0 >= -1882 @ 0.345874
c bounds 0 >= -1880 @ 0.346349
c bounds 0 >= -1878 @ 0.346829
c bounds 0 >= -1876 @ 0.34731
c bounds 0 >= -1874 @ 0.347794
c bounds 0 >= -1872 @ 0.348268
c bounds 0 >= -1870 @ 0.348758
c bounds 0 >= -1868 @ 0.34894
c bounds 0 >= -1866 @ 0.34894
c bounds 0 >= -1864 @ 0.349215
c bounds 0 >= -1862 @ 0.34969
c bounds 0 >= -1860 @ 0.350165
c bounds 0 >= -1858 @ 0.350643
c bounds 0 >= -1856 @ 0.351118
c bounds 0 >= -1854 @ 0.351597
c bounds 0 >= -1852 @ 0.352077
c bounds 0 >= -1850 @ 0.35256
c bounds 0 >= -1848 @ 0.353032
c bounds 0 >= -1846 @ 0.353505
c bounds 0 >= -1844 @ 0.353971
c bounds 0 >= -1842 @ 0.35446
c bounds 0 >= -1840 @ 0.354944
c bounds 0 >= -1838 @ 0.355416
c bounds 0 >= -1836 @ 0.355892
c bounds 0 >= -1834 @ 0.356365
c bounds 0 >= -1832 @ 0.356846
c bounds 0 >= -1830 @ 0.357326
c bounds 0 >= -1828 @ 0.357798
c bounds 0 >= -1826 @ 0.358294
c bounds 0 >= -1824 @ 0.358789
c bounds 0 >= -1822 @ 0.359283
c bounds 0 >= -1820 @ 0.359784
c bounds 0 >= -1818 @ 0.360276
c bounds 0 >= -1816 @ 0.360762
c bounds 0 >= -1814 @ 0.361256
c bounds 0 >= -1812 @ 0.361748
c bounds 0 >= -1810 @ 0.362239
c bounds 0 >= -1808 @ 0.362728
c bounds 0 >= -1806 @ 0.363217
c bounds 0 >= -1804 @ 0.363704
c bounds 0 >= -1802 @ 0.364207
c bounds 0 >= -1800 @ 0.364691
c bounds 0 >= -1798 @ 0.365181
c bounds 0 >= -1796 @ 0.365667
c bounds 0 >= -1794 @ 0.366157
c bounds 0 >= -1792 @ 0.366649
c bounds 0 >= -1790 @ 0.367138
c bounds 0 >= -1788 @ 0.36763
c bounds 0 >= -1786 @ 0.36812
c bounds 0 >= -1784 @ 0.368617
c bounds 0 >= -1782 @ 0.369108
c bounds 0 >= -1780 @ 0.369598
c bounds 0 >= -1778 @ 0.370089
c bounds 0 >= -1776 @ 0.370579
c bounds 0 >= -1774 @ 0.37107
c bounds 0 >= -1772 @ 0.371554
c bounds 0 >= -1770 @ 0.372051
c bounds 0 >= -1768 @ 0.372548
c bounds 0 >= -1766 @ 0.373048
c bounds 0 >= -1764 @ 0.373534
c bounds 0 >= -1762 @ 0.374023
c bounds 0 >= -1760 @ 0.374516
c bounds 0 >= -1758 @ 0.375006
c bounds 0 >= -1756 @ 0.375491
c bounds 0 >= -1754 @ 0.375985
c bounds 0 >= -1752 @ 0.376477
c bounds 0 >= -1750 @ 0.376967
c bounds 0 >= -1748 @ 0.377452
c bounds 0 >= -1746 @ 0.377951
c bounds 0 >= -1744 @ 0.37844
c bounds 0 >= -1742 @ 0.378929
c bounds 0 >= -1740 @ 0.379415
c bounds 0 >= -1738 @ 0.379613
c bounds 0 >= -1736 @ 0.379613
c bounds 0 >= -1734 @ 0.379625
c bounds 0 >= -1732 @ 0.379625
c bounds 0 >= -1730 @ 0.379929
c bounds 0 >= -1728 @ 0.380431
c bounds 0 >= -1726 @ 0.380908
c bounds 0 >= -1724 @ 0.38139
c bounds 0 >= -1722 @ 0.381858
c bounds 0 >= -1720 @ 0.38235
c bounds 0 >= -1718 @ 0.382842
c bounds 0 >= -1716 @ 0.383325
c bounds 0 >= -1714 @ 0.383809
c bounds 0 >= -1712 @ 0.384301
c bounds 0 >= -1710 @ 0.384791
c bounds 0 >= -1708 @ 0.385278
c bounds 0 >= -1706 @ 0.385766
c bounds 0 >= -1704 @ 0.386253
c bounds 0 >= -1702 @ 0.386738
c bounds 0 >= -1700 @ 0.387223
c bounds 0 >= -1698 @ 0.387715
c bounds 0 >= -1696 @ 0.38821
c bounds 0 >= -1694 @ 0.388699
c bounds 0 >= -1692 @ 0.389183
c bounds 0 >= -1690 @ 0.389678
c bounds 0 >= -1688 @ 0.390172
c bounds 0 >= -1686 @ 0.390659
c bounds 0 >= -1684 @ 0.391145
c bounds 0 >= -1682 @ 0.391634
c bounds 0 >= -1680 @ 0.392119
c bounds 0 >= -1678 @ 0.392611
c bounds 0 >= -1676 @ 0.393113
c bounds 0 >= -1674 @ 0.393602
c bounds 0 >= -1672 @ 0.394106
c bounds 0 >= -1670 @ 0.394597
c bounds 0 >= -1668 @ 0.395091
c bounds 0 >= -1666 @ 0.395586
c bounds 0 >= -1664 @ 0.396084
c bounds 0 >= -1662 @ 0.396577
c bounds 0 >= -1660 @ 0.397503
c bounds 0 >= -1658 @ 0.397981
c bounds 0 >= -1656 @ 0.398461
c bounds 0 >= -1654 @ 0.398943
c bounds 0 >= -1652 @ 0.399432
c bounds 0 >= -1650 @ 0.399912
c bounds 0 >= -1648 @ 0.400382
c bounds 0 >= -1646 @ 0.400866
c bounds 0 >= -1644 @ 0.401342
c bounds 0 >= -1642 @ 0.40182
c bounds 0 >= -1640 @ 0.402305
c bounds 0 >= -1638 @ 0.402792
c bounds 0 >= -1636 @ 0.403284
c bounds 0 >= -1634 @ 0.403765
c bounds 0 >= -1632 @ 0.404252
c bounds 0 >= -1630 @ 0.404735
c bounds 0 >= -1628 @ 0.405216
c bounds 0 >= -1626 @ 0.405701
c bounds 0 >= -1624 @ 0.406184
c bounds 0 >= -1622 @ 0.406659
c bounds 0 >= -1620 @ 0.407147
c bounds 0 >= -1618 @ 0.407631
c bounds 0 >= -1616 @ 0.408116
c bounds 0 >= -1614 @ 0.408591
c bounds 0 >= -1612 @ 0.409071
c bounds 0 >= -1610 @ 0.409555
c bounds 0 >= -1608 @ 0.410045
c bounds 0 >= -1606 @ 0.410529
c bounds 0 >= -1604 @ 0.411005
c bounds 0 >= -1602 @ 0.411481
c bounds 0 >= -1600 @ 0.411973
c bounds 0 >= -1598 @ 0.412453
c bounds 0 >= -1596 @ 0.412953
c bounds 0 >= -1594 @ 0.413443
c bounds 0 >= -1592 @ 0.413651
c bounds 0 >= -1590 @ 0.413651
c bounds 0 >= -1588 @ 0.413937
c bounds 0 >= -1586 @ 0.414424
c bounds 0 >= -1584 @ 0.414909
c bounds 0 >= -1582 @ 0.415391
c bounds 0 >= -1580 @ 0.415873
c bounds 0 >= -1578 @ 0.416361
c bounds 0 >= -1576 @ 0.416856
c bounds 0 >= -1574 @ 0.417341
c bounds 0 >= -1572 @ 0.417827
c bounds 0 >= -1570 @ 0.418305
c bounds 0 >= -1568 @ 0.418789
c bounds 0 >= -1566 @ 0.419266
c bounds 0 >= -1564 @ 0.419749
c bounds 0 >= -1562 @ 0.420238
c bounds 0 >= -1560 @ 0.420729
c bounds 0 >= -1558 @ 0.421209
c bounds 0 >= -1556 @ 0.421722
c bounds 0 >= -1554 @ 0.422204
c bounds 0 >= -1552 @ 0.422686
c bounds 0 >= -1550 @ 0.423175
c bounds 0 >= -1548 @ 0.423653
c bounds 0 >= -1546 @ 0.424136
c bounds 0 >= -1544 @ 0.424629
c bounds 0 >= -1542 @ 0.425119
c bounds 0 >= -1540 @ 0.425605
c bounds 0 >= -1538 @ 0.426084
c bounds 0 >= -1536 @ 0.426566
c bounds 0 >= -1534 @ 0.427043
c bounds 0 >= -1532 @ 0.427529
c bounds 0 >= -1530 @ 0.428008
c bounds 0 >= -1528 @ 0.428496
c bounds 0 >= -1526 @ 0.428981
c bounds 0 >= -1524 @ 0.429464
c bounds 0 >= -1522 @ 0.429946
c bounds 0 >= -1520 @ 0.430441
c bounds 0 >= -1518 @ 0.430918
c bounds 0 >= -1516 @ 0.4314
c bounds 0 >= -1514 @ 0.431594
c bounds 0 >= -1512 @ 0.431594
c bounds 0 >= -1510 @ 0.432082
c bounds 0 >= -1508 @ 0.432523
c bounds 0 >= -1506 @ 0.433014
c bounds 0 >= -1504 @ 0.433499
c bounds 0 >= -1502 @ 0.433993
c bounds 0 >= -1500 @ 0.434474
c bounds 0 >= -1498 @ 0.434962
c bounds 0 >= -1496 @ 0.43516
c bounds 0 >= -1494 @ 0.435409
c bounds 0 >= -1492 @ 0.435882
c bounds 0 >= -1490 @ 0.43637
c bounds 0 >= -1488 @ 0.436862
c bounds 0 >= -1486 @ 0.437346
c bounds 0 >= -1484 @ 0.437835
c bounds 0 >= -1482 @ 0.438315
c bounds 0 >= -1480 @ 0.438813
c bounds 0 >= -1478 @ 0.439296
c bounds 0 >= -1476 @ 0.43982
c bounds 0 >= -1474 @ 0.440302
c bounds 0 >= -1472 @ 0.440784
c bounds 0 >= -1470 @ 0.441262
c bounds 0 >= -1468 @ 0.441752
c bounds 0 >= -1466 @ 0.442232
c bounds 0 >= -1464 @ 0.442724
c bounds 0 >= -1462 @ 0.443209
c bounds 0 >= -1460 @ 0.443712
c bounds 0 >= -1458 @ 0.444206
c bounds 0 >= -1456 @ 0.444715
c bounds 0 >= -1454 @ 0.445197
c bounds 0 >= -1452 @ 0.445684
c bounds 0 >= -1450 @ 0.446162
c bounds 0 >= -1448 @ 0.446652
c bounds 0 >= -1446 @ 0.447129
c bounds 0 >= -1444 @ 0.447617
c bounds 0 >= -1442 @ 0.448102
c bounds 0 >= -1440 @ 0.448585
c bounds 0 >= -1438 @ 0.449061
c bounds 0 >= -1436 @ 0.449543
c bounds 0 >= -1434 @ 0.45002
c bounds 0 >= -1432 @ 0.450501
c bounds 0 >= -1430 @ 0.450977
c bounds 0 >= -1428 @ 0.451455
c bounds 0 >= -1426 @ 0.451929
c bounds 0 >= -1424 @ 0.452412
c bounds 0 >= -1422 @ 0.452886
c bounds 0 >= -1420 @ 0.453357
c bounds 0 >= -1418 @ 0.453835
c bounds 0 >= -1416 @ 0.454309
c bounds 0 >= -1414 @ 0.45478
c bounds 0 >= -1412 @ 0.455253
c bounds 0 >= -1410 @ 0.455731
c bounds 0 >= -1408 @ 0.456209
c bounds 0 >= -1406 @ 0.456693
c bounds 0 >= -1404 @ 0.457169
c bounds 0 >= -1402 @ 0.457659
c bounds 0 >= -1400 @ 0.458138
c bounds 0 >= -1398 @ 0.458618
c bounds 0 >= -1396 @ 0.459088
c bounds 0 >= -1394 @ 0.459573
c bounds 0 >= -1392 @ 0.460047
c bounds 0 >= -1390 @ 0.460531
c bounds 0 >= -1388 @ 0.461002
c bounds 0 >= -1386 @ 0.461491
c bounds 0 >= -1384 @ 0.461965
c bounds 0 >= -1382 @ 0.462445
c bounds 0 >= -1380 @ 0.462919
c bounds 0 >= -1378 @ 0.463388
c bounds 0 >= -1376 @ 0.463863
c bounds 0 >= -1374 @ 0.464359
c bounds 0 >= -1372 @ 0.464832
c bounds 0 >= -1370 @ 0.465308
c bounds 0 >= -1368 @ 0.465786
c bounds 0 >= -1366 @ 0.466255
c bounds 0 >= -1364 @ 0.466734
c bounds 0 >= -1362 @ 0.467223
c bounds 0 >= -1360 @ 0.46772
c bounds 0 >= -1358 @ 0.468197
c bounds 0 >= -1356 @ 0.46867
c bounds 0 >= -1354 @ 0.469143
c bounds 0 >= -1352 @ 0.469624
c bounds 0 >= -1350 @ 0.470105
c bounds 0 >= -1348 @ 0.470601
c bounds 0 >= -1346 @ 0.471076
c bounds 0 >= -1344 @ 0.471557
c bounds 0 >= -1342 @ 0.472033
c bounds 0 >= -1340 @ 0.472513
c bounds 0 >= -1338 @ 0.472996
c bounds 0 >= -1336 @ 0.473473
c bounds 0 >= -1334 @ 0.473947
c bounds 0 >= -1332 @ 0.474423
c bounds 0 >= -1330 @ 0.475341
c bounds 0 >= -1328 @ 0.475816
c bounds 0 >= -1326 @ 0.476293
c bounds 0 >= -1324 @ 0.476773
c bounds 0 >= -1322 @ 0.47725
c bounds 0 >= -1320 @ 0.477731
c bounds 0 >= -1318 @ 0.478209
c bounds 0 >= -1316 @ 0.478687
c bounds 0 >= -1314 @ 0.479159
c bounds 0 >= -1312 @ 0.479635
c bounds 0 >= -1310 @ 0.480113
c bounds 0 >= -1308 @ 0.480589
c bounds 0 >= -1306 @ 0.481069
c bounds 0 >= -1304 @ 0.481554
c bounds 0 >= -1302 @ 0.482037
c bounds 0 >= -1300 @ 0.482516
c bounds 0 >= -1298 @ 0.48299
c bounds 0 >= -1296 @ 0.483484
c bounds 0 >= -1294 @ 0.483959
c bounds 0 >= -1292 @ 0.484438
c bounds 0 >= -1290 @ 0.484916
c bounds 0 >= -1288 @ 0.485402
c bounds 0 >= -1286 @ 0.485878
c bounds 0 >= -1284 @ 0.486359
c bounds 0 >= -1282 @ 0.486831
c bounds 0 >= -1280 @ 0.487313
c bounds 0 >= -1278 @ 0.487797
c bounds 0 >= -1276 @ 0.488274
c bounds 0 >= -1274 @ 0.488751
c bounds 0 >= -1272 @ 0.489229
c bounds 0 >= -1270 @ 0.489706
c bounds 0 >= -1268 @ 0.490179
c bounds 0 >= -1266 @ 0.490649
c bounds 0 >= -1264 @ 0.491125
c bounds 0 >= -1262 @ 0.491601
c bounds 0 >= -1260 @ 0.492073
c bounds 0 >= -1258 @ 0.492552
c bounds 0 >= -1256 @ 0.493025
c bounds 0 >= -1254 @ 0.493511
c bounds 0 >= -1252 @ 0.493983
c bounds 0 >= -1250 @ 0.494487
c bounds 0 >= -1248 @ 0.494982
c bounds 0 >= -1246 @ 0.495464
c bounds 0 >= -1244 @ 0.495944
c bounds 0 >= -1242 @ 0.496435
c bounds 0 >= -1240 @ 0.49691
c bounds 0 >= -1238 @ 0.49739
c bounds 0 >= -1236 @ 0.497869
c bounds 0 >= -1234 @ 0.498349
c bounds 0 >= -1232 @ 0.498831
c bounds 0 >= -1230 @ 0.499313
c bounds 0 >= -1228 @ 0.499794
c bounds 0 >= -1226 @ 0.500281
c bounds 0 >= -1224 @ 0.500761
c bounds 0 >= -1222 @ 0.501237
c bounds 0 >= -1220 @ 0.50171
c bounds 0 >= -1218 @ 0.50219
c bounds 0 >= -1216 @ 0.502671
c bounds 0 >= -1214 @ 0.503146
c bounds 0 >= -1212 @ 0.503623
c bounds 0 >= -1210 @ 0.504105
c bounds 0 >= -1208 @ 0.504588
c bounds 0 >= -1206 @ 0.505069
c bounds 0 >= -1204 @ 0.505237
c bounds 0 >= -1202 @ 0.505237
c bounds 0 >= -1200 @ 0.505531
c bounds 0 >= -1198 @ 0.506002
c bounds 0 >= -1196 @ 0.50647
c bounds 0 >= -1194 @ 0.506947
c bounds 0 >= -1192 @ 0.507431
c bounds 0 >= -1190 @ 0.507909
c bounds 0 >= -1188 @ 0.508395
c bounds 0 >= -1186 @ 0.508874
c bounds 0 >= -1184 @ 0.509356
c bounds 0 >= -1182 @ 0.50985
c bounds 0 >= -1180 @ 0.510345
c bounds 0 >= -1178 @ 0.510836
c bounds 0 >= -1176 @ 0.511328
c bounds 0 >= -1174 @ 0.511805
c bounds 0 >= -1172 @ 0.512281
c bounds 0 >= -1170 @ 0.512759
c bounds 0 >= -1168 @ 0.513246
c bounds 0 >= -1166 @ 0.513725
c bounds 0 >= -1164 @ 0.513921
c bounds 0 >= -1162 @ 0.51414
c bounds 0 >= -1160 @ 0.514623
c bounds 0 >= -1158 @ 0.515098
c bounds 0 >= -1156 @ 0.515574
c bounds 0 >= -1154 @ 0.516052
c bounds 0 >= -1152 @ 0.516531
c bounds 0 >= -1150 @ 0.517009
c bounds 0 >= -1148 @ 0.517495
c bounds 0 >= -1146 @ 0.517973
c bounds 0 >= -1144 @ 0.518457
c bounds 0 >= -1142 @ 0.518935
c bounds 0 >= -1140 @ 0.519423
c bounds 0 >= -1138 @ 0.519894
c bounds 0 >= -1136 @ 0.520388
c bounds 0 >= -1134 @ 0.520869
c bounds 0 >= -1132 @ 0.521349
c bounds 0 >= -1130 @ 0.521821
c bounds 0 >= -1128 @ 0.522301
c bounds 0 >= -1126 @ 0.522775
c bounds 0 >= -1124 @ 0.523251
c bounds 0 >= -1122 @ 0.523723
c bounds 0 >= -1120 @ 0.5242
c bounds 0 >= -1118 @ 0.524671
c bounds 0 >= -1116 @ 0.525145
c bounds 0 >= -1114 @ 0.525622
c bounds 0 >= -1112 @ 0.526095
c bounds 0 >= -1110 @ 0.526568
c bounds 0 >= -1108 @ 0.52704
c bounds 0 >= -1106 @ 0.527523
c bounds 0 >= -1104 @ 0.528001
c bounds 0 >= -1102 @ 0.528147
c bounds 0 >= -1100 @ 0.528147
c bounds 0 >= -1098 @ 0.528434
c bounds 0 >= -1096 @ 0.528909
c bounds 0 >= -1094 @ 0.529384
c bounds 0 >= -1092 @ 0.529856
c bounds 0 >= -1090 @ 0.530334
c bounds 0 >= -1088 @ 0.530813
c bounds 0 >= -1086 @ 0.531297
c bounds 0 >= -1084 @ 0.531774
c bounds 0 >= -1082 @ 0.532253
c bounds 0 >= -1080 @ 0.532728
c bounds 0 >= -1078 @ 0.533201
c bounds 0 >= -1076 @ 0.533676
c bounds 0 >= -1074 @ 0.534148
c bounds 0 >= -1072 @ 0.53462
c bounds 0 >= -1070 @ 0.535085
c bounds 0 >= -1068 @ 0.535561
c bounds 0 >= -1066 @ 0.536035
c bounds 0 >= -1064 @ 0.536507
c bounds 0 >= -1062 @ 0.536973
c bounds 0 >= -1060 @ 0.537445
c bounds 0 >= -1058 @ 0.537917
c bounds 0 >= -1056 @ 0.538397
c bounds 0 >= -1054 @ 0.538869
c bounds 0 >= -1052 @ 0.539346
c bounds 0 >= -1050 @ 0.539811
c bounds 0 >= -1048 @ 0.543779
c bounds -2 >= -1048 @ 0.560478
c bounds -2 >= -1046 @ 0.565735
c bounds -4 >= -1046 @ 0.570681
c bounds -4 >= -1044 @ 0.574014
c bounds -4 >= -1042 @ 0.577081
c bounds -4 >= -1040 @ 0.579212
c bounds -6 >= -1040 @ 0.583341
c bounds -6 >= -1038 @ 0.5865
c bounds -8 >= -1038 @ 0.591093
c bounds -8 >= -1036 @ 0.593439
c bounds -8 >= -1034 @ 0.5958
c bounds -10 >= -1034 @ 0.600147
c bounds -10 >= -1032 @ 0.601662
c bounds -10 >= -1030 @ 0.607121
c bounds -12 >= -1030 @ 0.611259
c bounds -12 >= -1028 @ 0.615901
c bounds -12 >= -1026 @ 0.617989
c bounds -12 >= -1024 @ 0.621278
c bounds -14 >= -1024 @ 0.625595
c bounds -14 >= -1022 @ 0.628905
c bounds -14 >= -1020 @ 0.633652
c bounds -16 >= -1020 @ 0.637911
c bounds -16 >= -1018 @ 0.640292
c bounds -16 >= -1016 @ 0.644357
c bounds -16 >= -1014 @ 0.649594
c bounds -18 >= -1014 @ 0.65382
c bounds -18 >= -1012 @ 0.656118
c bounds -18 >= -1010 @ 0.659135
c bounds -20 >= -1010 @ 0.662979
c bounds -20 >= -1008 @ 0.667287
c bounds -20 >= -1006 @ 0.669361
c bounds -22 >= -1006 @ 0.675002
c bounds -22 >= -1004 @ 0.678193
c bounds -22 >= -1002 @ 0.680281
c bounds -22 >= -1000 @ 0.684413
c bounds -26 >= -1000 @ 0.689137
c bounds -26 >= -998 @ 0.692593
c bounds -28 >= -998 @ 0.703644
c bounds -28 >= -996 @ 0.707999
c bounds -28 >= -994 @ 0.712972
c bounds -28 >= -992 @ 0.717011
c bounds -28 >= -990 @ 0.721057
c bounds -28 >= -988 @ 0.723202
c bounds -30 >= -988 @ 0.728935
c bounds -30 >= -986 @ 0.731504
c bounds -30 >= -984 @ 0.736527
c bounds -32 >= -984 @ 0.743662
c bounds -32 >= -982 @ 0.747006
c bounds -32 >= -980 @ 0.751022
c bounds -32 >= -978 @ 0.755102
c bounds -32 >= -976 @ 0.75708
c bounds -34 >= -976 @ 0.764418
c bounds -34 >= -974 @ 0.769674
c bounds -34 >= -972 @ 0.773962
c bounds -36 >= -972 @ 0.782735
c bounds -36 >= -970 @ 0.786316
c bounds -36 >= -968 @ 0.790363
c bounds -36 >= -966 @ 0.792557
c bounds -36 >= -964 @ 0.795473
c bounds -38 >= -964 @ 0.804294
c bounds -38 >= -962 @ 0.810047
c bounds -38 >= -960 @ 0.813291
c bounds -40 >= -960 @ 0.818161
c bounds -40 >= -958 @ 0.822772
c bounds -40 >= -956 @ 0.830238
c bounds -42 >= -956 @ 0.837164
c bounds -42 >= -954 @ 0.83889
c bounds -42 >= -952 @ 0.843881
c bounds -44 >= -952 @ 0.905064
c bounds -44 >= -950 @ 0.911492
c bounds -44 >= -948 @ 0.916334
c bounds -44 >= -946 @ 0.920441
c bounds -44 >= -944 @ 0.923412
c bounds -44 >= -942 @ 0.925246
c bounds -44 >= -940 @ 0.930293
c bounds -44 >= -938 @ 0.933503
c bounds -44 >= -936 @ 0.935485
c bounds -46 >= -936 @ 0.974515
c bounds -46 >= -934 @ 0.980861
c bounds -46 >= -932 @ 0.985291
c bounds -46 >= -930 @ 0.988816
c bounds -46 >= -928 @ 0.993438
c bounds -46 >= -926 @ 0.997644
c bounds -46 >= -924 @ 1.00092
c bounds -46 >= -922 @ 1.00412
c bounds -46 >= -920 @ 1.00923
c bounds -46 >= -918 @ 1.01242
c bounds -46 >= -916 @ 1.01581
c bounds -46 >= -914 @ 1.01799
c bounds -50 >= -914 @ 1.03408
c bounds -50 >= -912 @ 1.03941
c bounds -50 >= -910 @ 1.04182
c bounds -50 >= -908 @ 1.04498
c bounds -52 >= -908 @ 1.069
c bounds -52 >= -906 @ 1.07289
c bounds -52 >= -904 @ 1.07654
c bounds -52 >= -902 @ 1.0788
c bounds -52 >= -900 @ 1.0809
c bounds -52 >= -898 @ 1.08625
c bounds -52 >= -896 @ 1.08923
c bounds -54 >= -896 @ 1.11104
c bounds -54 >= -894 @ 1.1165
c bounds -54 >= -892 @ 1.12259
c bounds -54 >= -890 @ 1.12711
c bounds -54 >= -888 @ 1.13173
c bounds -54 >= -886 @ 1.13515
c #Conflicts:       1000 | #Constraints:      13071
c bounds -56 >= -886 @ 1.68916
c bounds -56 >= -884 @ 1.70175
c bounds -56 >= -882 @ 1.70891
c bounds -56 >= -880 @ 1.71387
c bounds -56 >= -878 @ 1.71598
c bounds -56 >= -876 @ 1.72293
c bounds -56 >= -874 @ 1.72904
c bounds -56 >= -872 @ 1.73374
c bounds -56 >= -870 @ 1.7365
c bounds -56 >= -868 @ 1.73932
c bounds -56 >= -866 @ 1.74222
c bounds -56 >= -864 @ 1.74593
c bounds -56 >= -862 @ 1.75189
c bounds -56 >= -860 @ 1.75621
c bounds -56 >= -858 @ 1.76403
c bounds -56 >= -856 @ 1.76773
c bounds -56 >= -854 @ 1.77019
c bounds -56 >= -852 @ 1.77471
c bounds -56 >= -850 @ 1.77833
c bounds -56 >= -848 @ 1.78078
c bounds -56 >= -846 @ 1.78617
c bounds -56 >= -844 @ 1.78877
c bounds -56 >= -842 @ 1.79229
c bounds -56 >= -840 @ 1.79668
c bounds -56 >= -838 @ 1.80111
c bounds -56 >= -836 @ 1.80274
c bounds -56 >= -834 @ 1.80817
c bounds -56 >= -832 @ 1.81065
c bounds -56 >= -830 @ 1.815
c bounds -56 >= -828 @ 1.81631
c bounds -56 >= -826 @ 1.82061
c bounds -56 >= -824 @ 1.82469
c bounds -56 >= -822 @ 1.82834
c bounds -56 >= -820 @ 1.83242
c bounds -56 >= -818 @ 1.83682
c bounds -56 >= -816 @ 1.84001
c bounds -56 >= -814 @ 1.8454
c bounds -56 >= -812 @ 1.84869
c bounds -56 >= -810 @ 1.85388
c bounds -56 >= -808 @ 1.85934
c bounds -56 >= -806 @ 1.86479
c bounds -56 >= -804 @ 1.86907
c bounds -56 >= -802 @ 1.87323
c bounds -56 >= -800 @ 1.87828
c bounds -56 >= -798 @ 1.88255
c bounds -56 >= -796 @ 1.88662
c bounds -56 >= -794 @ 1.89191
c bounds -56 >= -792 @ 1.8961
c bounds -56 >= -790 @ 1.90025
c bounds -56 >= -788 @ 1.90568
c bounds -56 >= -786 @ 1.91081
c bounds -56 >= -784 @ 1.91588
c bounds -56 >= -782 @ 1.92192
c bounds -56 >= -780 @ 1.92803
c bounds -56 >= -778 @ 1.93309
c bounds -56 >= -776 @ 1.93784
c bounds -56 >= -774 @ 1.94379
c bounds -56 >= -772 @ 1.94788
c bounds -56 >= -770 @ 1.94991
c bounds -56 >= -768 @ 1.95297
c bounds -56 >= -766 @ 1.959
c bounds -56 >= -764 @ 1.9639
c bounds -56 >= -762 @ 1.96806
c bounds -56 >= -760 @ 1.97099
c bounds -56 >= -758 @ 1.97496
c bounds -56 >= -756 @ 1.97866
c bounds -56 >= -754 @ 1.98259
c bounds -56 >= -752 @ 1.98622
c bounds -56 >= -750 @ 1.98799
c bounds -56 >= -748 @ 1.99264
c bounds -56 >= -746 @ 1.99656
c bounds -56 >= -744 @ 2.00131
c bounds -56 >= -742 @ 2.004
c bounds -56 >= -740 @ 2.00722
c bounds -56 >= -738 @ 2.01095
c bounds -56 >= -736 @ 2.01536
c bounds -56 >= -734 @ 2.02117
c bounds -56 >= -732 @ 2.0277
c bounds -56 >= -730 @ 2.03461
c bounds -56 >= -728 @ 2.03819
c bounds -56 >= -726 @ 2.04287
c bounds -56 >= -724 @ 2.04663
c bounds -56 >= -722 @ 2.04838
c bounds -56 >= -720 @ 2.05339
c bounds -56 >= -718 @ 2.05647
c bounds -56 >= -716 @ 2.06128
c bounds -56 >= -714 @ 2.06852
c bounds -56 >= -712 @ 2.08171
c bounds -56 >= -710 @ 2.08836
c bounds -56 >= -708 @ 2.09147
c bounds -56 >= -706 @ 2.09833
c bounds -56 >= -704 @ 2.10458
c bounds -58 >= -704 @ 2.20656
c bounds -58 >= -702 @ 2.22741
c bounds -58 >= -700 @ 2.23457
c #Conflicts:       2000 | #Constraints:      14388
c INPROCESSING
c GARBAGE COLLECT
c bounds -60 >= -700 @ 2.28857
c bounds -62 >= -700 @ 2.44848
c bounds -62 >= -699 @ 2.45147
c bounds -62 >= -698 @ 2.45537
c bounds -62 >= -697 @ 2.45927
c bounds -62 >= -696 @ 2.4632
c bounds -62 >= -695 @ 2.46604
c bounds -62 >= -694 @ 2.4699
c bounds -62 >= -693 @ 2.47281
c bounds -62 >= -692 @ 2.47769
c bounds -62 >= -691 @ 2.48178
c bounds -62 >= -690 @ 2.48469
c bounds -62 >= -689 @ 2.48764
c bounds -62 >= -688 @ 2.4916
c bounds -62 >= -687 @ 2.49471
c bounds -62 >= -686 @ 2.49673
c bounds -62 >= -685 @ 2.50069
c bounds -62 >= -684 @ 2.50469
c bounds -62 >= -683 @ 2.50988
c bounds -62 >= -682 @ 2.51405
c bounds -62 >= -681 @ 2.51729
c bounds -62 >= -680 @ 2.52112
c bounds -62 >= -679 @ 2.52419
c bounds -62 >= -678 @ 2.5263
c bounds -62 >= -677 @ 2.53053
c bounds -62 >= -676 @ 2.53351
c bounds -62 >= -675 @ 2.5365
c bounds -62 >= -674 @ 2.5395
c bounds -62 >= -673 @ 2.54249
c bounds -62 >= -672 @ 2.54653
c bounds -62 >= -671 @ 2.55054
c bounds -62 >= -670 @ 2.55365
c bounds -62 >= -669 @ 2.55764
c bounds -62 >= -668 @ 2.56066
c bounds -62 >= -667 @ 2.56468
c bounds -62 >= -666 @ 2.56884
c bounds -62 >= -665 @ 2.57303
c bounds -62 >= -664 @ 2.57613
c bounds -62 >= -663 @ 2.57812
c bounds -64 >= -663 @ 2.59711
c bounds -64 >= -662 @ 2.60102
c bounds -64 >= -661 @ 2.60531
c bounds -64 >= -660 @ 2.60763
c bounds -64 >= -659 @ 2.61195
c bounds -64 >= -658 @ 2.61606
c bounds -64 >= -657 @ 2.6194
c bounds -66 >= -657 @ 2.71826
c bounds -66 >= -656 @ 2.72106
c bounds -66 >= -655 @ 2.72488
c bounds -66 >= -654 @ 2.73051
c bounds -66 >= -653 @ 2.73516
c bounds -66 >= -652 @ 2.73879
c bounds -66 >= -651 @ 2.74234
c bounds -66 >= -650 @ 2.74702
c bounds -66 >= -649 @ 2.75165
c bounds -66 >= -648 @ 2.75487
c bounds -66 >= -647 @ 2.75622
c bounds -66 >= -646 @ 2.76068
c bounds -66 >= -645 @ 2.76436
c bounds -66 >= -644 @ 2.76898
c bounds -66 >= -643 @ 2.77257
c bounds -66 >= -642 @ 2.77827
c bounds -66 >= -641 @ 2.78188
c bounds -66 >= -640 @ 2.78742
c bounds -66 >= -639 @ 2.79224
c bounds -66 >= -638 @ 2.79691
c bounds -66 >= -637 @ 2.79948
c #Conflicts:       3000 | #Constraints:      13423
c bounds -68 >= -637 @ 4.00666
c bounds -68 >= -636 @ 4.0142
c bounds -68 >= -635 @ 4.02086
c bounds -68 >= -634 @ 4.0253
c bounds -68 >= -633 @ 4.02954
c bounds -68 >= -632 @ 4.03396
c bounds -68 >= -631 @ 4.03895
c bounds -68 >= -630 @ 4.04288
c bounds -68 >= -629 @ 4.04916
c bounds -68 >= -628 @ 4.05253
c bounds -68 >= -627 @ 4.05766
c bounds -68 >= -626 @ 4.06274
c bounds -68 >= -625 @ 4.066
c bounds -68 >= -624 @ 4.0706
c bounds -68 >= -623 @ 4.07595
c bounds -68 >= -622 @ 4.07887
c bounds -68 >= -621 @ 4.08258
c bounds -68 >= -620 @ 4.08674
c bounds -68 >= -619 @ 4.09239
c bounds -68 >= -618 @ 4.09649
c bounds -68 >= -617 @ 4.10118
c bounds -68 >= -616 @ 4.10649
c bounds -68 >= -615 @ 4.10933
c bounds -68 >= -614 @ 4.11473
c bounds -68 >= -613 @ 4.11906
c bounds -68 >= -612 @ 4.12528
c bounds -68 >= -611 @ 4.12963
c bounds -68 >= -610 @ 4.13561
c bounds -68 >= -609 @ 4.14128
c bounds -68 >= -608 @ 4.14459
c bounds -68 >= -607 @ 4.14891
c bounds -68 >= -606 @ 4.15386
c bounds -68 >= -605 @ 4.15746
c bounds -68 >= -604 @ 4.16273
c bounds -68 >= -603 @ 4.16732
c bounds -68 >= -602 @ 4.17159
c bounds -68 >= -601 @ 4.17668
c bounds -68 >= -600 @ 4.18109
c bounds -68 >= -599 @ 4.18629
c bounds -68 >= -598 @ 4.18969
c bounds -68 >= -597 @ 4.19417
c bounds -68 >= -596 @ 4.19862
c bounds -68 >= -595 @ 4.20401
c bounds -68 >= -594 @ 4.20853
c bounds -68 >= -593 @ 4.21193
c bounds -68 >= -592 @ 4.21723
c bounds -68 >= -591 @ 4.22254
c bounds -68 >= -590 @ 4.22699
c bounds -68 >= -589 @ 4.23144
c bounds -68 >= -588 @ 4.23574
c bounds -68 >= -587 @ 4.24027
c bounds -68 >= -586 @ 4.24373
c bounds -68 >= -585 @ 4.24904
c bounds -68 >= -584 @ 4.25544
c bounds -68 >= -583 @ 4.25985
c bounds -68 >= -582 @ 4.2638
c bounds -68 >= -581 @ 4.26681
c bounds -68 >= -580 @ 4.27089
c bounds -68 >= -579 @ 4.275
c bounds -68 >= -578 @ 4.27918
c bounds -68 >= -577 @ 4.28336
c bounds -68 >= -576 @ 4.28645
c bounds -68 >= -575 @ 4.29044
c bounds -68 >= -574 @ 4.29559
c bounds -68 >= -573 @ 4.2987
c bounds -68 >= -572 @ 4.30272
c bounds -68 >= -571 @ 4.3037
c bounds -68 >= -570 @ 4.30989
c bounds -68 >= -569 @ 4.31303
c bounds -68 >= -568 @ 4.31799
c bounds -68 >= -567 @ 4.32018
c bounds -68 >= -566 @ 4.325
c bounds -68 >= -565 @ 4.3274
c bounds -68 >= -564 @ 4.32962
c bounds -68 >= -563 @ 4.33484
c bounds -68 >= -562 @ 4.33993
c bounds -68 >= -561 @ 4.34499
c bounds -68 >= -560 @ 4.34927
c bounds -68 >= -559 @ 4.35461
c bounds -68 >= -558 @ 4.35781
c bounds -68 >= -557 @ 4.36305
c bounds -68 >= -556 @ 4.36739
c bounds -68 >= -555 @ 4.37213
c bounds -68 >= -554 @ 4.37784
c bounds -68 >= -553 @ 4.38128
c bounds -68 >= -552 @ 4.38651
c bounds -68 >= -551 @ 4.38991
c bounds -68 >= -550 @ 4.39521
c bounds -68 >= -549 @ 4.40052
c bounds -68 >= -548 @ 4.40389
c bounds -68 >= -547 @ 4.40822
c bounds -68 >= -546 @ 4.4145
c bounds -68 >= -545 @ 4.42084
c bounds -68 >= -544 @ 4.42647
c bounds -68 >= -543 @ 4.4328
c bounds -68 >= -542 @ 4.43754
c bounds -68 >= -541 @ 4.44228
c bounds -68 >= -540 @ 4.44879
c bounds -68 >= -539 @ 4.45404
c bounds -68 >= -538 @ 4.4585
c bounds -68 >= -537 @ 4.463
c bounds -68 >= -536 @ 4.46836
c bounds -68 >= -535 @ 4.47174
c bounds -68 >= -534 @ 4.47529
c bounds -68 >= -533 @ 4.4796
c bounds -68 >= -532 @ 4.48421
c bounds -68 >= -531 @ 4.48686
c bounds -68 >= -530 @ 4.49136
c bounds -68 >= -529 @ 4.49766
c bounds -68 >= -528 @ 4.50378
c bounds -68 >= -527 @ 4.51024
c bounds -68 >= -526 @ 4.51573
c bounds -68 >= -525 @ 4.52017
c bounds -68 >= -524 @ 4.52554
c bounds -68 >= -523 @ 4.53043
c bounds -68 >= -522 @ 4.53538
c bounds -68 >= -521 @ 4.54144
c bounds -68 >= -520 @ 4.54649
c bounds -68 >= -519 @ 4.55061
c bounds -68 >= -518 @ 4.55431
c bounds -68 >= -517 @ 4.5574
c bounds -68 >= -516 @ 4.56266
c bounds -68 >= -515 @ 4.56772
c bounds -68 >= -514 @ 4.57292
c bounds -68 >= -513 @ 4.57569
c bounds -68 >= -512 @ 4.58053
c bounds -68 >= -511 @ 4.58448
c bounds -68 >= -510 @ 4.58801
c bounds -68 >= -509 @ 4.59449
c bounds -68 >= -508 @ 4.59804
c bounds -68 >= -507 @ 4.60471
c bounds -68 >= -506 @ 4.61088
c bounds -68 >= -505 @ 4.61825
c bounds -68 >= -504 @ 4.62363
c bounds -68 >= -503 @ 4.62961
c bounds -68 >= -502 @ 4.63602
c bounds -68 >= -501 @ 4.6422
c bounds -68 >= -500 @ 4.64729
c bounds -68 >= -499 @ 4.65368
c bounds -68 >= -498 @ 4.65817
c bounds -68 >= -497 @ 4.66289
c bounds -68 >= -496 @ 4.66908
c bounds -68 >= -495 @ 4.67377
c bounds -68 >= -494 @ 4.67846
c bounds -68 >= -493 @ 4.68498
c bounds -68 >= -492 @ 4.68916
c bounds -68 >= -491 @ 4.69569
c bounds -68 >= -490 @ 4.69778
c bounds -68 >= -489 @ 4.70333
c bounds -68 >= -488 @ 4.70772
c bounds -68 >= -487 @ 4.71165
c bounds -68 >= -486 @ 4.71614
c bounds -68 >= -485 @ 4.71962
c bounds -68 >= -484 @ 4.7244
c bounds -68 >= -483 @ 4.72878
c bounds -68 >= -482 @ 4.73333
c bounds -68 >= -481 @ 4.73805
c bounds -68 >= -480 @ 4.74242
c bounds -68 >= -479 @ 4.74835
c bounds -68 >= -478 @ 4.75283
c bounds -68 >= -477 @ 4.7586
c bounds -68 >= -476 @ 4.76264
c bounds -68 >= -475 @ 4.76881
c bounds -68 >= -474 @ 4.77462
c bounds -68 >= -473 @ 4.77827
c bounds -68 >= -472 @ 4.78416
c bounds -68 >= -471 @ 4.78681
c bounds -68 >= -470 @ 4.79161
c bounds -68 >= -469 @ 4.7952
c bounds -68 >= -468 @ 4.80177
c bounds -68 >= -467 @ 4.80645
c bounds -68 >= -466 @ 4.81015
c bounds -68 >= -465 @ 4.81585
c bounds -68 >= -464 @ 4.82144
c bounds -68 >= -463 @ 4.82721
c bounds -68 >= -462 @ 4.83281
c bounds -68 >= -461 @ 4.83775
c bounds -68 >= -460 @ 4.84344
c bounds -68 >= -459 @ 4.84898
c bounds -68 >= -458 @ 4.85447
c bounds -68 >= -457 @ 4.8592
c bounds -68 >= -456 @ 4.86442
c bounds -68 >= -455 @ 4.87003
c bounds -68 >= -454 @ 4.87746
c bounds -68 >= -453 @ 4.88262
c bounds -68 >= -452 @ 4.88801
c bounds -68 >= -451 @ 4.89327
c bounds -68 >= -450 @ 4.89803
c bounds -68 >= -449 @ 4.90417
c bounds -68 >= -448 @ 4.91005
c bounds -68 >= -447 @ 4.91563
c bounds -68 >= -446 @ 4.9196
c bounds -68 >= -445 @ 4.92306
c bounds -68 >= -444 @ 4.92749
c bounds -68 >= -443 @ 4.93304
c bounds -68 >= -442 @ 4.93871
c bounds -68 >= -441 @ 4.9422
c bounds -68 >= -440 @ 4.94679
c bounds -68 >= -439 @ 4.95167
c bounds -68 >= -438 @ 4.95724
c bounds -68 >= -437 @ 4.96169
c bounds -68 >= -436 @ 4.96503
c bounds -68 >= -435 @ 4.97124
c bounds -68 >= -434 @ 4.97718
c bounds -68 >= -433 @ 4.98208
c bounds -68 >= -432 @ 4.98874
c bounds -68 >= -431 @ 4.99201
c bounds -68 >= -430 @ 4.99569
c #Conflicts:       4000 | #Constraints:      15757
c INPROCESSING
c GARBAGE COLLECT
c bounds -68 >= -429 @ 5.71866
c bounds -68 >= -428 @ 5.72348
c bounds -68 >= -427 @ 5.72727
c bounds -68 >= -426 @ 5.73009
c bounds -68 >= -425 @ 5.73191
c bounds -68 >= -424 @ 5.73379
c bounds -68 >= -423 @ 5.73663
c bounds -68 >= -422 @ 5.73765
c bounds -68 >= -421 @ 5.74036
c bounds -68 >= -420 @ 5.74437
c bounds -68 >= -419 @ 5.74798
c bounds -68 >= -418 @ 5.75084
c bounds -68 >= -417 @ 5.75472
c bounds -68 >= -416 @ 5.75765
c bounds -68 >= -415 @ 5.76041
c bounds -68 >= -414 @ 5.76431
c bounds -68 >= -413 @ 5.76711
c bounds -68 >= -412 @ 5.77129
c bounds -68 >= -411 @ 5.77281
c bounds -68 >= -410 @ 5.77658
c bounds -68 >= -409 @ 5.77958
c bounds -68 >= -408 @ 5.78327
c bounds -68 >= -407 @ 5.78624
c bounds -68 >= -406 @ 5.78881
c bounds -68 >= -405 @ 5.79259
c bounds -68 >= -404 @ 5.79542
c bounds -68 >= -403 @ 5.79727
c bounds -68 >= -402 @ 5.8002
c bounds -68 >= -401 @ 5.80286
c bounds -68 >= -400 @ 5.80671
c bounds -68 >= -399 @ 5.80917
c bounds -68 >= -398 @ 5.81206
c bounds -68 >= -397 @ 5.81615
c bounds -68 >= -396 @ 5.81937
c bounds -68 >= -395 @ 5.82388
c bounds -68 >= -394 @ 5.8298
c bounds -68 >= -393 @ 5.8344
c bounds -68 >= -392 @ 5.83609
c bounds -68 >= -391 @ 5.83738
c bounds -68 >= -390 @ 5.8412
c bounds -68 >= -389 @ 5.84464
c bounds -68 >= -388 @ 5.8473
c bounds -68 >= -387 @ 5.85029
c bounds -68 >= -386 @ 5.85356
c bounds -68 >= -385 @ 5.85602
c bounds -68 >= -384 @ 5.86491
c bounds -68 >= -383 @ 5.86841
c bounds -68 >= -382 @ 5.87396
c bounds -68 >= -381 @ 5.87916
c bounds -68 >= -380 @ 5.88353
c bounds -68 >= -379 @ 5.88849
c bounds -68 >= -378 @ 5.89431
c bounds -68 >= -377 @ 5.89706
c bounds -68 >= -376 @ 5.90222
c bounds -68 >= -375 @ 5.90475
c bounds -68 >= -374 @ 5.91101
c bounds -68 >= -373 @ 5.91748
c bounds -68 >= -372 @ 5.92748
c bounds -68 >= -371 @ 5.93951
c bounds -68 >= -370 @ 5.95571
c #Conflicts:       5000 | #Constraints:      15385
c bounds -68 >= -369 @ 5.99127
c bounds -68 >= -368 @ 6.04703
c bounds -68 >= -367 @ 6.05504
c bounds -68 >= -366 @ 6.05883
c bounds -68 >= -365 @ 6.06443
c bounds -68 >= -364 @ 6.07213
c bounds -68 >= -363 @ 6.07762
c bounds -68 >= -362 @ 6.07991
c bounds -68 >= -361 @ 6.08161
c bounds -68 >= -360 @ 6.08518
c bounds -68 >= -359 @ 6.09224
c bounds -68 >= -358 @ 6.09491
c bounds -68 >= -357 @ 6.10033
c bounds -68 >= -356 @ 6.10455
c bounds -68 >= -355 @ 6.10701
c bounds -68 >= -354 @ 6.10945
c bounds -68 >= -353 @ 6.11412
c bounds -68 >= -352 @ 6.11771
c bounds -68 >= -351 @ 6.14107
c #Conflicts:       6000 | #Constraints:      16666
c bounds -68 >= -350 @ 6.22338
c INPROCESSING
c GARBAGE COLLECT
c bounds -350 >= -350 @ 6.26024
c cpu time 6.26026 s
c deterministic time 184570690 1.85e+08
c optimization time 0.77952 s
c total solve time 5.45474 s
c core-guided solve time 2.30029 s
c propagation time 2.67909 s
c conflict analysis time 1.81305 s
c propagations 3979617
c resolve steps 140447
c decisions 2355083
c conflicts 6600
c restarts 30
c inprocessing phases 3
c input clauses 11387
c input cardinalities 2171
c input general constraints 3470
c input average constraint length 300.31
c input average constraint degree 153.00
c learned clauses 4246
c learned cardinalities 655
c learned general constraints 1981
c learned average constraint length 464.59
c learned average constraint degree 1056.24
c watched constraints 2136
c counting constraints 3315
c gcd simplifications 43
c detected cardinalities 70
c weakened non-implied lits 1024559
c weakened non-implying lits 44
c original variables 4725
c clausal propagations 1071817
c cardinality propagations 727302
c watched propagations 80975
c counting propagations 1454795
c watch lookups 56470616
c watch backjump lookups 51206092
c watch checks 39694499
c propagation checks 17483526
c constraint additions 7042515
c trail pops 6338741
c formula constraints 8626
c learned constraints 6882
c bound constraints 3926
c core-guided constraints 4476
c encountered formula constraints 121796
c encountered learned constraints 19507
c encountered bound constraints 140
c encountered core-guided constraints 5604
c LP total time 0 s
c LP solve time 0 s
c LP constraints added 0
c LP constraints removed 0
c LP pivots internal 0
c LP pivots root 0
c LP calls 0
c LP optimalities 0
c LP no pivot count 0
c LP infeasibilities 0
c LP valid Farkas constraints 0
c LP learned Farkas constraints 0
c LP basis resets 0
c LP cycling count 0
c LP singular count 0
c LP no primal count 0
c LP no farkas count 0
c LP other issue count 0
c LP Gomory cuts 0
c LP learned cuts 0
c LP deleted cuts 0
c LP encountered Gomory constraints 0
c LP encountered Farkas constraints 0
c LP encountered learned Farkas constraints 0
c CG auxiliary variables introduced 2017
c CG solutions found 34
c CG cores constructed 1575
c CG core cardinality constraints returned 0
c CG unit cores 0
c CG single cores 1573
c CG blocks removed during cardinality reduction 0
c CG first core best 0
c CG decision core best 0
c CG core reduction tie 2
c CG core degree average 1.00
c CG core slack average 1.90
o -350
s OPTIMUM FOUND
