c RoundingSat 2
c branch 
c commit 
c #variables 2025 #constraints 3704
c bounds - >= -1350 @ 0.011258
c bounds 0 >= -1350 @ 0.012896
c bounds 0 >= -1348 @ 0.013361
c bounds 0 >= -1346 @ 0.013591
c bounds 0 >= -1344 @ 0.013812
c bounds 0 >= -1342 @ 0.014033
c bounds 0 >= -1340 @ 0.01426
c bounds 0 >= -1338 @ 0.01448
c bounds 0 >= -1336 @ 0.014701
c bounds 0 >= -1334 @ 0.014922
c bounds 0 >= -1332 @ 0.01514
c bounds 0 >= -1330 @ 0.015364
c bounds 0 >= -1328 @ 0.01559
c bounds 0 >= -1326 @ 0.01581
c bounds 0 >= -1324 @ 0.016034
c bounds 0 >= -1322 @ 0.016259
c bounds 0 >= -1320 @ 0.016479
c bounds 0 >= -1318 @ 0.016705
c bounds 0 >= -1316 @ 0.016927
c bounds 0 >= -1314 @ 0.01715
c bounds 0 >= -1312 @ 0.01737
c bounds 0 >= -1310 @ 0.017592
c bounds 0 >= -1308 @ 0.017814
c bounds 0 >= -1306 @ 0.018254
c bounds 0 >= -1304 @ 0.018803
c bounds 0 >= -1302 @ 0.019091
c bounds 0 >= -1300 @ 0.019313
c bounds 0 >= -1298 @ 0.019535
c bounds 0 >= -1296 @ 0.019756
c bounds 0 >= -1294 @ 0.019972
c bounds 0 >= -1292 @ 0.020195
c bounds 0 >= -1290 @ 0.020414
c bounds 0 >= -1288 @ 0.020632
c bounds 0 >= -1286 @ 0.020851
c bounds 0 >= -1284 @ 0.021071
c bounds 0 >= -1282 @ 0.021292
c bounds 0 >= -1280 @ 0.021513
c bounds 0 >= -1278 @ 0.021735
c bounds 0 >= -1276 @ 0.021951
c bounds 0 >= -1274 @ 0.022171
c bounds 0 >= -1272 @ 0.022389
c bounds 0 >= -1270 @ 0.022608
c bounds 0 >= -1268 @ 0.022826
c bounds 0 >= -1266 @ 0.02305
c bounds 0 >= -1264 @ 0.023271
c bounds 0 >= -1262 @ 0.02349
c bounds 0 >= -1260 @ 0.023712
c bounds 0 >= -1258 @ 0.023934
c bounds 0 >= -1256 @ 0.024157
c bounds 0 >= -1254 @ 0.024382
c bounds 0 >= -1252 @ 0.024607
c bounds 0 >= -1250 @ 0.024826
c bounds -2 >= -1250 @ 0.026615
c bounds -2 >= -1248 @ 0.026889
c bounds -2 >= -1246 @ 0.027116
c bounds -2 >= -1244 @ 0.02734
c bounds -2 >= -1242 @ 0.027565
c bounds -2 >= -1240 @ 0.027789
c bounds -2 >= -1238 @ 0.02801
c bounds -2 >= -1236 @ 0.028235
c bounds -2 >= -1234 @ 0.028454
c bounds -2 >= -1232 @ 0.028673
c bounds -2 >= -1230 @ 0.028891
c bounds -2 >= -1228 @ 0.029118
c bounds -2 >= -1226 @ 0.029343
c bounds -2 >= -1224 @ 0.029569
c bounds -2 >= -1222 @ 0.029787
c bounds -2 >= -1220 @ 0.030012
c bounds -2 >= -1218 @ 0.030239
c bounds -2 >= -1216 @ 0.030467
c bounds -2 >= -1214 @ 0.030691
c bounds -2 >= -1212 @ 0.030915
c bounds -2 >= -1210 @ 0.031139
c bounds -2 >= -1208 @ 0.031359
c bounds -2 >= -1206 @ 0.031587
c bounds -2 >= -1204 @ 0.031812
c bounds -2 >= -1202 @ 0.032032
c bounds -2 >= -1200 @ 0.032255
c bounds -2 >= -1198 @ 0.032475
c bounds -2 >= -1196 @ 0.032691
c bounds -2 >= -1194 @ 0.032913
c bounds -2 >= -1192 @ 0.033134
c bounds -2 >= -1190 @ 0.033353
c bounds -2 >= -1188 @ 0.03357
c bounds -2 >= -1186 @ 0.033797
c bounds -2 >= -1184 @ 0.034026
c bounds -2 >= -1182 @ 0.034247
c bounds -2 >= -1180 @ 0.034914
c bounds -2 >= -1178 @ 0.03513
c bounds -2 >= -1176 @ 0.035346
c bounds -2 >= -1174 @ 0.035562
c bounds -2 >= -1172 @ 0.035775
c bounds -2 >= -1170 @ 0.035992
c bounds -2 >= -1168 @ 0.036209
c bounds -2 >= -1166 @ 0.036424
c bounds -2 >= -1164 @ 0.036642
c bounds -2 >= -1162 @ 0.036857
c bounds -2 >= -1160 @ 0.037073
c bounds -2 >= -1158 @ 0.037287
c bounds -4 >= -1158 @ 0.039016
c bounds -4 >= -1156 @ 0.039109
c bounds -4 >= -1154 @ 0.039329
c bounds -4 >= -1152 @ 0.039546
c bounds -4 >= -1150 @ 0.039763
c bounds -4 >= -1148 @ 0.039977
c bounds -4 >= -1146 @ 0.040195
c bounds -4 >= -1144 @ 0.040414
c bounds -4 >= -1142 @ 0.040633
c bounds -4 >= -1140 @ 0.040857
c bounds -4 >= -1138 @ 0.04107
c bounds -4 >= -1136 @ 0.041285
c bounds -4 >= -1134 @ 0.041501
c bounds -4 >= -1132 @ 0.041714
c bounds -4 >= -1130 @ 0.041931
c bounds -4 >= -1128 @ 0.04215
c bounds -4 >= -1126 @ 0.042364
c bounds -4 >= -1124 @ 0.042577
c bounds -4 >= -1122 @ 0.042793
c bounds -4 >= -1120 @ 0.043008
c bounds -4 >= -1118 @ 0.043221
c bounds -4 >= -1116 @ 0.043432
c bounds -4 >= -1114 @ 0.043654
c bounds -4 >= -1112 @ 0.043869
c bounds -4 >= -1110 @ 0.044087
c bounds -4 >= -1108 @ 0.044311
c bounds -4 >= -1106 @ 0.04453
c bounds -4 >= -1104 @ 0.044747
c bounds -4 >= -1102 @ 0.044963
c bounds -4 >= -1100 @ 0.045179
c bounds -4 >= -1098 @ 0.045399
c bounds -4 >= -1096 @ 0.045639
c bounds -4 >= -1094 @ 0.045888
c bounds -4 >= -1092 @ 0.045989
c bounds -4 >= -1090 @ 0.045989
c bounds -4 >= -1088 @ 0.045989
c bounds -4 >= -1086 @ 0.045989
c bounds -4 >= -1084 @ 0.046015
c bounds -4 >= -1082 @ 0.046221
c bounds -4 >= -1080 @ 0.046449
c bounds -4 >= -1078 @ 0.046674
c bounds -4 >= -1076 @ 0.0469
c bounds -4 >= -1074 @ 0.047122
c bounds -4 >= -1072 @ 0.047348
c bounds -4 >= -1070 @ 0.047575
c bounds -4 >= -1068 @ 0.047804
c bounds -4 >= -1066 @ 0.048034
c bounds -4 >= -1064 @ 0.048257
c bounds -4 >= -1062 @ 0.048485
c bounds -4 >= -1060 @ 0.048701
c bounds -4 >= -1058 @ 0.048913
c bounds -4 >= -1056 @ 0.049127
c bounds -4 >= -1054 @ 0.049345
c bounds -4 >= -1052 @ 0.049563
c bounds -4 >= -1050 @ 0.049778
c bounds -4 >= -1048 @ 0.049993
c bounds -4 >= -1046 @ 0.050209
c bounds -4 >= -1044 @ 0.050425
c bounds -6 >= -1044 @ 0.052246
c bounds -6 >= -1042 @ 0.052485
c bounds -6 >= -1040 @ 0.052703
c bounds -6 >= -1038 @ 0.052923
c bounds -6 >= -1036 @ 0.053141
c bounds -6 >= -1034 @ 0.053356
c bounds -6 >= -1032 @ 0.053572
c bounds -6 >= -1030 @ 0.053789
c bounds -6 >= -1028 @ 0.054009
c bounds -6 >= -1026 @ 0.054227
c bounds -6 >= -1024 @ 0.054444
c bounds -6 >= -1022 @ 0.054664
c bounds -6 >= -1020 @ 0.054884
c bounds -6 >= -1018 @ 0.055096
c bounds -6 >= -1016 @ 0.055306
c bounds -6 >= -1014 @ 0.055514
c bounds -6 >= -1012 @ 0.055734
c bounds -6 >= -1010 @ 0.05595
c bounds -6 >= -1008 @ 0.05617
c bounds -6 >= -1006 @ 0.056384
c bounds -6 >= -1004 @ 0.056599
c bounds -6 >= -1002 @ 0.05681
c bounds -6 >= -1000 @ 0.057025
c bounds -6 >= -998 @ 0.057242
c bounds -6 >= -996 @ 0.057454
c bounds -6 >= -994 @ 0.057671
c bounds -6 >= -992 @ 0.057884
c bounds -6 >= -990 @ 0.058097
c bounds -6 >= -988 @ 0.058312
c bounds -6 >= -986 @ 0.058533
c bounds -6 >= -984 @ 0.058746
c bounds -6 >= -982 @ 0.058962
c bounds -6 >= -980 @ 0.059179
c bounds -6 >= -978 @ 0.059395
c bounds -6 >= -976 @ 0.059616
c bounds -6 >= -974 @ 0.059828
c bounds -6 >= -972 @ 0.06004
c bounds -6 >= -970 @ 0.060257
c bounds -6 >= -968 @ 0.060477
c bounds -6 >= -966 @ 0.060691
c bounds -6 >= -964 @ 0.06091
c bounds -6 >= -962 @ 0.061126
c bounds -6 >= -960 @ 0.06134
c bounds -6 >= -958 @ 0.061553
c bounds -6 >= -956 @ 0.061767
c bounds -6 >= -954 @ 0.061978
c bounds -6 >= -952 @ 0.062194
c bounds -6 >= -950 @ 0.062414
c bounds -6 >= -948 @ 0.062627
c bounds -6 >= -946 @ 0.062839
c bounds -6 >= -944 @ 0.063056
c bounds -6 >= -942 @ 0.063271
c bounds -6 >= -940 @ 0.063487
c bounds -6 >= -938 @ 0.063708
c bounds -6 >= -936 @ 0.063923
c bounds -6 >= -934 @ 0.064021
c bounds -6 >= -932 @ 0.064021
c bounds -6 >= -930 @ 0.064021
c bounds -6 >= -928 @ 0.064021
c bounds -6 >= -926 @ 0.064023
c bounds -6 >= -924 @ 0.064238
c bounds -6 >= -922 @ 0.064486
c bounds -6 >= -920 @ 0.064698
c bounds -6 >= -918 @ 0.06491
c bounds -6 >= -916 @ 0.06513
c bounds -6 >= -914 @ 0.065357
c bounds -6 >= -912 @ 0.065577
c bounds -6 >= -910 @ 0.065787
c bounds -6 >= -908 @ 0.066003
c bounds -6 >= -906 @ 0.066215
c bounds -6 >= -904 @ 0.066427
c bounds -6 >= -902 @ 0.06664
c bounds -6 >= -900 @ 0.06686
c bounds -8 >= -900 @ 0.069022
c bounds -8 >= -898 @ 0.069143
c bounds -8 >= -896 @ 0.069353
c bounds -8 >= -894 @ 0.069561
c bounds -8 >= -892 @ 0.069767
c bounds -8 >= -890 @ 0.069956
c bounds -8 >= -888 @ 0.070156
c bounds -8 >= -886 @ 0.070362
c bounds -8 >= -884 @ 0.07057
c bounds -8 >= -882 @ 0.070774
c bounds -8 >= -880 @ 0.07098
c bounds -8 >= -878 @ 0.071188
c bounds -8 >= -876 @ 0.071391
c bounds -8 >= -874 @ 0.071595
c bounds -8 >= -872 @ 0.071802
c bounds -8 >= -870 @ 0.072012
c bounds -8 >= -868 @ 0.072219
c bounds -8 >= -866 @ 0.072425
c bounds -8 >= -864 @ 0.072628
c bounds -8 >= -862 @ 0.072832
c bounds -8 >= -860 @ 0.073035
c bounds -8 >= -858 @ 0.073239
c bounds -8 >= -856 @ 0.073441
c bounds -8 >= -854 @ 0.073646
c bounds -8 >= -852 @ 0.073849
c bounds -8 >= -850 @ 0.074062
c bounds -8 >= -848 @ 0.074276
c bounds -8 >= -846 @ 0.074492
c bounds -8 >= -844 @ 0.074706
c bounds -8 >= -842 @ 0.074916
c bounds -8 >= -840 @ 0.074995
c bounds -8 >= -838 @ 0.074995
c bounds -8 >= -836 @ 0.074995
c bounds -8 >= -834 @ 0.074995
c bounds -8 >= -832 @ 0.075115
c bounds -8 >= -830 @ 0.075324
c bounds -8 >= -828 @ 0.075537
c bounds -8 >= -826 @ 0.075732
c bounds -8 >= -824 @ 0.075904
c bounds -8 >= -822 @ 0.076102
c bounds -8 >= -820 @ 0.076308
c bounds -8 >= -818 @ 0.076513
c bounds -8 >= -816 @ 0.076717
c bounds -8 >= -814 @ 0.07692
c bounds -8 >= -812 @ 0.077127
c bounds -8 >= -810 @ 0.077362
c bounds -8 >= -808 @ 0.077581
c bounds -8 >= -806 @ 0.07779
c bounds -8 >= -804 @ 0.078001
c bounds -8 >= -802 @ 0.078212
c bounds -8 >= -800 @ 0.07842
c bounds -8 >= -798 @ 0.078628
c bounds -8 >= -796 @ 0.078838
c bounds -8 >= -794 @ 0.079045
c bounds -8 >= -792 @ 0.079263
c bounds -8 >= -790 @ 0.07947
c bounds -8 >= -788 @ 0.079676
c bounds -8 >= -786 @ 0.079884
c bounds -8 >= -784 @ 0.080096
c bounds -8 >= -782 @ 0.080304
c bounds -8 >= -780 @ 0.080509
c bounds -8 >= -778 @ 0.080717
c bounds -8 >= -776 @ 0.080924
c bounds -8 >= -774 @ 0.081135
c bounds -8 >= -772 @ 0.081348
c bounds -8 >= -770 @ 0.08156
c bounds -8 >= -768 @ 0.081772
c bounds -8 >= -766 @ 0.081981
c bounds -8 >= -764 @ 0.082189
c bounds -8 >= -762 @ 0.082396
c bounds -8 >= -760 @ 0.082611
c bounds -8 >= -758 @ 0.082817
c bounds -8 >= -756 @ 0.083029
c bounds -8 >= -754 @ 0.08324
c bounds -8 >= -752 @ 0.083447
c bounds -8 >= -750 @ 0.083657
c bounds -8 >= -748 @ 0.083864
c bounds -8 >= -746 @ 0.084071
c bounds -8 >= -744 @ 0.084278
c bounds -8 >= -742 @ 0.084487
c bounds -8 >= -740 @ 0.084697
c bounds -8 >= -738 @ 0.084906
c bounds -8 >= -736 @ 0.085115
c bounds -8 >= -734 @ 0.085319
c bounds -8 >= -732 @ 0.085528
c bounds -8 >= -730 @ 0.085737
c bounds -8 >= -728 @ 0.085945
c bounds -8 >= -726 @ 0.086152
c bounds -8 >= -724 @ 0.086365
c bounds -8 >= -722 @ 0.086574
c bounds -8 >= -720 @ 0.086783
c bounds -8 >= -718 @ 0.086993
c bounds -8 >= -716 @ 0.087202
c bounds -8 >= -714 @ 0.087407
c bounds -8 >= -712 @ 0.087615
c bounds -8 >= -710 @ 0.087826
c bounds -8 >= -708 @ 0.088035
c bounds -8 >= -706 @ 0.088244
c bounds -8 >= -704 @ 0.088455
c bounds -8 >= -702 @ 0.088664
c bounds -8 >= -700 @ 0.08888
c bounds -8 >= -698 @ 0.089092
c bounds -8 >= -696 @ 0.089297
c bounds -8 >= -694 @ 0.089506
c bounds -8 >= -692 @ 0.089717
c bounds -8 >= -690 @ 0.089925
c bounds -8 >= -688 @ 0.09014
c bounds -8 >= -686 @ 0.090353
c bounds -8 >= -684 @ 0.090562
c bounds -8 >= -682 @ 0.090771
c bounds -8 >= -680 @ 0.090981
c bounds -8 >= -678 @ 0.09119
c bounds -8 >= -676 @ 0.091401
c bounds -8 >= -674 @ 0.09161
c bounds -8 >= -672 @ 0.091813
c bounds -8 >= -670 @ 0.092028
c bounds -8 >= -668 @ 0.092243
c bounds -8 >= -666 @ 0.092449
c bounds -8 >= -664 @ 0.09266
c bounds -8 >= -662 @ 0.09287
c bounds -8 >= -660 @ 0.09308
c bounds -8 >= -658 @ 0.093296
c bounds -8 >= -656 @ 0.093508
c bounds -8 >= -654 @ 0.093719
c bounds -8 >= -652 @ 0.093923
c bounds -8 >= -650 @ 0.093923
c bounds -8 >= -648 @ 0.093923
c bounds -8 >= -646 @ 0.093923
c bounds -8 >= -644 @ 0.093923
c bounds -8 >= -642 @ 0.094049
c bounds -8 >= -640 @ 0.094259
c bounds -8 >= -638 @ 0.094467
c bounds -8 >= -636 @ 0.09468
c bounds -8 >= -634 @ 0.094887
c bounds -8 >= -632 @ 0.095104
c bounds -8 >= -630 @ 0.095316
c bounds -8 >= -628 @ 0.095524
c bounds -8 >= -626 @ 0.095732
c bounds -8 >= -624 @ 0.095942
c bounds -8 >= -622 @ 0.096148
c bounds -8 >= -620 @ 0.096363
c bounds -8 >= -618 @ 0.096574
c bounds -8 >= -616 @ 0.09679
c bounds -8 >= -614 @ 0.097003
c bounds -8 >= -612 @ 0.097213
c bounds -8 >= -610 @ 0.097419
c bounds -8 >= -608 @ 0.097631
c bounds -8 >= -606 @ 0.097839
c bounds -8 >= -604 @ 0.098046
c bounds -8 >= -602 @ 0.098254
c bounds -8 >= -600 @ 0.098463
c bounds -8 >= -598 @ 0.098671
c bounds -8 >= -596 @ 0.098879
c bounds -8 >= -594 @ 0.099093
c bounds -8 >= -592 @ 0.0993
c bounds -8 >= -590 @ 0.09951
c bounds -8 >= -588 @ 0.099721
c bounds -8 >= -586 @ 0.099935
c bounds -8 >= -584 @ 0.100159
c bounds -8 >= -582 @ 0.100366
c bounds -8 >= -580 @ 0.100573
c bounds -8 >= -578 @ 0.100782
c bounds -8 >= -576 @ 0.10099
c bounds -8 >= -574 @ 0.101202
c bounds -8 >= -572 @ 0.101418
c bounds -8 >= -570 @ 0.101635
c bounds -8 >= -568 @ 0.101845
c bounds -8 >= -566 @ 0.102052
c bounds -8 >= -564 @ 0.102259
c bounds -8 >= -562 @ 0.102468
c bounds -8 >= -560 @ 0.102671
c bounds -8 >= -558 @ 0.102878
c bounds -8 >= -556 @ 0.103088
c bounds -8 >= -554 @ 0.103294
c bounds -8 >= -552 @ 0.103502
c bounds -8 >= -550 @ 0.103712
c bounds -8 >= -548 @ 0.103799
c bounds -8 >= -546 @ 0.103799
c bounds -8 >= -544 @ 0.103799
c bounds -8 >= -542 @ 0.103799
c bounds -8 >= -540 @ 0.103799
c bounds -8 >= -538 @ 0.103975
c bounds -8 >= -536 @ 0.10418
c bounds -8 >= -534 @ 0.104386
c bounds -8 >= -532 @ 0.104594
c bounds -8 >= -530 @ 0.104802
c bounds -8 >= -528 @ 0.10501
c bounds -8 >= -526 @ 0.105218
c bounds -8 >= -524 @ 0.105425
c bounds -8 >= -522 @ 0.105633
c bounds -8 >= -520 @ 0.105845
c bounds -8 >= -518 @ 0.106055
c bounds -8 >= -516 @ 0.106264
c bounds -8 >= -514 @ 0.106485
c bounds -8 >= -512 @ 0.106696
c bounds -8 >= -510 @ 0.106913
c bounds -8 >= -508 @ 0.107129
c bounds -8 >= -506 @ 0.107336
c bounds -8 >= -504 @ 0.107546
c bounds -8 >= -502 @ 0.107761
c bounds -8 >= -500 @ 0.107996
c bounds -8 >= -498 @ 0.108202
c bounds -8 >= -496 @ 0.108413
c bounds -8 >= -494 @ 0.108625
c bounds -8 >= -492 @ 0.108831
c bounds -8 >= -490 @ 0.109039
c bounds -8 >= -488 @ 0.109247
c bounds -8 >= -486 @ 0.109454
c bounds -8 >= -484 @ 0.109662
c bounds -8 >= -482 @ 0.109875
c bounds -8 >= -480 @ 0.110083
c bounds -8 >= -478 @ 0.110292
c bounds -8 >= -476 @ 0.110498
c bounds -8 >= -474 @ 0.110703
c bounds -8 >= -472 @ 0.110913
c bounds -8 >= -470 @ 0.111124
c bounds -8 >= -468 @ 0.111328
c bounds -8 >= -466 @ 0.11154
c bounds -8 >= -464 @ 0.111747
c bounds -8 >= -462 @ 0.111957
c bounds -8 >= -460 @ 0.112166
c bounds -8 >= -458 @ 0.112372
c bounds -8 >= -456 @ 0.112582
c bounds -8 >= -454 @ 0.112791
c bounds -8 >= -452 @ 0.113002
c bounds -8 >= -450 @ 0.113206
c bounds -8 >= -448 @ 0.114849
c bounds -10 >= -448 @ 0.117014
c bounds -10 >= -446 @ 0.118297
c bounds -10 >= -444 @ 0.120352
c bounds -12 >= -444 @ 0.121822
c bounds -12 >= -442 @ 0.122953
c bounds -12 >= -440 @ 0.124051
c bounds -16 >= -440 @ 0.132782
c bounds -16 >= -438 @ 0.132782
c bounds -16 >= -436 @ 0.134595
c bounds -16 >= -434 @ 0.134767
c bounds -16 >= -432 @ 0.136617
c bounds -18 >= -432 @ 0.14074
c bounds -18 >= -430 @ 0.141731
c bounds -18 >= -428 @ 0.141731
c bounds -18 >= -426 @ 0.14381
c bounds -18 >= -424 @ 0.145961
c bounds -20 >= -424 @ 0.147702
c bounds -20 >= -422 @ 0.149401
c bounds -20 >= -420 @ 0.150692
c bounds -22 >= -420 @ 0.178857
c bounds -22 >= -418 @ 0.180342
c bounds -22 >= -416 @ 0.180585
c bounds -22 >= -414 @ 0.181577
c bounds -22 >= -412 @ 0.184172
c bounds -22 >= -410 @ 0.186438
c bounds -22 >= -408 @ 0.187516
c bounds -22 >= -406 @ 0.188679
c bounds -22 >= -404 @ 0.18968
c bounds -22 >= -402 @ 0.190691
c bounds -22 >= -400 @ 0.192721
c bounds -22 >= -398 @ 0.193778
c bounds -22 >= -396 @ 0.194798
c bounds -22 >= -394 @ 0.197789
c bounds -22 >= -392 @ 0.198992
c bounds -24 >= -392 @ 0.210467
c bounds -24 >= -390 @ 0.211461
c bounds -24 >= -388 @ 0.212798
c bounds -24 >= -386 @ 0.2149
c bounds -24 >= -384 @ 0.215443
c bounds -24 >= -382 @ 0.217001
c bounds -24 >= -380 @ 0.218123
c bounds -24 >= -378 @ 0.219426
c bounds -24 >= -376 @ 0.220422
c bounds -26 >= -376 @ 0.267198
c bounds -26 >= -374 @ 0.269229
c bounds -26 >= -372 @ 0.271381
c bounds -26 >= -370 @ 0.272227
c bounds -26 >= -368 @ 0.272227
c bounds -26 >= -366 @ 0.273866
c bounds -26 >= -364 @ 0.276117
c bounds -26 >= -362 @ 0.278225
c bounds -26 >= -360 @ 0.279329
c bounds -26 >= -358 @ 0.280477
c bounds -26 >= -356 @ 0.283065
c bounds -26 >= -354 @ 0.285069
c bounds -26 >= -352 @ 0.285191
c bounds -26 >= -350 @ 0.286299
c bounds -26 >= -348 @ 0.288168
c bounds -26 >= -346 @ 0.290138
c bounds -26 >= -344 @ 0.291149
c bounds -26 >= -342 @ 0.293106
c bounds -26 >= -340 @ 0.294137
c bounds -26 >= -338 @ 0.296093
c bounds -26 >= -336 @ 0.297124
c bounds -26 >= -334 @ 0.299078
c bounds -26 >= -332 @ 0.301074
c bounds -26 >= -330 @ 0.30211
c bounds -26 >= -328 @ 0.30399
c bounds -26 >= -326 @ 0.305951
c bounds -26 >= -324 @ 0.3079
c bounds -26 >= -322 @ 0.30982
c bounds -28 >= -322 @ 0.316769
c bounds -28 >= -320 @ 0.320046
c bounds -28 >= -318 @ 0.322221
c bounds -28 >= -316 @ 0.32417
c bounds -30 >= -316 @ 0.369431
c bounds -30 >= -314 @ 0.373044
c bounds -30 >= -312 @ 0.375704
c bounds -30 >= -310 @ 0.376803
c bounds -30 >= -308 @ 0.378748
c bounds -30 >= -306 @ 0.380783
c bounds -30 >= -304 @ 0.382927
c bounds -30 >= -302 @ 0.384057
c bounds -30 >= -300 @ 0.386244
c bounds -90 >= -300 @ 0.388546
c bounds -90 >= -299 @ 0.388756
c bounds -90 >= -298 @ 0.38975
c bounds -90 >= -297 @ 0.390494
c bounds -90 >= -296 @ 0.391455
c bounds -90 >= -295 @ 0.392738
c bounds -90 >= -294 @ 0.394361
c bounds -90 >= -293 @ 0.395396
c bounds -90 >= -292 @ 0.396351
c bounds -90 >= -291 @ 0.397329
c bounds -90 >= -290 @ 0.399348
c bounds -90 >= -289 @ 0.400356
c bounds -90 >= -288 @ 0.4017
c bounds -90 >= -287 @ 0.402695
c bounds -90 >= -286 @ 0.403692
c bounds -90 >= -285 @ 0.405368
c bounds -90 >= -284 @ 0.406678
c bounds -90 >= -283 @ 0.408422
c bounds -90 >= -282 @ 0.40945
c bounds -90 >= -281 @ 0.410462
c bounds -91 >= -281 @ 0.413062
c bounds -91 >= -280 @ 0.414644
c bounds -91 >= -279 @ 0.415091
c bounds -92 >= -279 @ 0.416636
c bounds -92 >= -278 @ 0.418517
c bounds -92 >= -277 @ 0.419553
c bounds -93 >= -277 @ 0.421838
c bounds -93 >= -276 @ 0.424364
c bounds -94 >= -276 @ 0.42763
c bounds -94 >= -275 @ 0.428754
c bounds -94 >= -274 @ 0.429888
c bounds -95 >= -274 @ 0.4321
c bounds -95 >= -273 @ 0.433569
c bounds -95 >= -272 @ 0.434312
c bounds -96 >= -272 @ 0.435779
c bounds -96 >= -271 @ 0.437549
c bounds -96 >= -270 @ 0.437848
c bounds -97 >= -270 @ 0.440322
c bounds -97 >= -269 @ 0.441416
c bounds -97 >= -268 @ 0.442478
c bounds -98 >= -268 @ 0.444794
c bounds -98 >= -267 @ 0.446946
c bounds -98 >= -266 @ 0.448996
c bounds -99 >= -266 @ 0.451261
c bounds -99 >= -265 @ 0.452412
c bounds -100 >= -265 @ 0.455636
c bounds -100 >= -264 @ 0.457754
c bounds -100 >= -263 @ 0.458467
c bounds -101 >= -263 @ 0.46011
c bounds -101 >= -262 @ 0.461231
c bounds -101 >= -261 @ 0.463309
c bounds -102 >= -261 @ 0.465569
c bounds -102 >= -260 @ 0.467739
c bounds -102 >= -259 @ 0.469844
c bounds -103 >= -259 @ 0.473095
c bounds -103 >= -258 @ 0.475319
c bounds -103 >= -257 @ 0.476389
c bounds -104 >= -257 @ 0.47782
c bounds -104 >= -256 @ 0.479843
c bounds -105 >= -256 @ 0.481978
c bounds -105 >= -255 @ 0.482367
c bounds -105 >= -254 @ 0.483363
c bounds -106 >= -254 @ 0.485753
c bounds -106 >= -253 @ 0.487791
c bounds -106 >= -252 @ 0.488918
c bounds -107 >= -252 @ 0.491216
c bounds -107 >= -251 @ 0.492408
c bounds -107 >= -250 @ 0.494528
c bounds -108 >= -250 @ 0.496929
c bounds -108 >= -249 @ 0.497309
c bounds -108 >= -248 @ 0.498306
c bounds -109 >= -248 @ 0.501488
c bounds -109 >= -247 @ 0.503715
c bounds -110 >= -247 @ 0.505885
c bounds -110 >= -246 @ 0.50727
c bounds -110 >= -245 @ 0.507399
c bounds -111 >= -245 @ 0.508749
c bounds -111 >= -244 @ 0.510849
c bounds -111 >= -243 @ 0.511993
c bounds -112 >= -243 @ 0.514465
c bounds -112 >= -242 @ 0.515563
c bounds -112 >= -241 @ 0.51768
c bounds -113 >= -241 @ 0.520937
c bounds -113 >= -240 @ 0.522181
c bounds -114 >= -240 @ 0.524433
c bounds -114 >= -239 @ 0.525201
c bounds -114 >= -238 @ 0.526825
c bounds -115 >= -238 @ 0.52911
c bounds -115 >= -237 @ 0.530353
c bounds -115 >= -236 @ 0.532494
c bounds -116 >= -236 @ 0.534793
c bounds -116 >= -235 @ 0.535167
c bounds -116 >= -234 @ 0.537165
c bounds -117 >= -234 @ 0.540454
c bounds -117 >= -233 @ 0.541706
c bounds -117 >= -232 @ 0.542863
c bounds -118 >= -232 @ 0.546148
c bounds -118 >= -231 @ 0.548409
c bounds -119 >= -231 @ 0.55059
c bounds -119 >= -230 @ 0.552856
c bounds -119 >= -229 @ 0.554031
c bounds -120 >= -229 @ 0.555491
c bounds -120 >= -228 @ 0.557621
c bounds -120 >= -227 @ 0.559803
c bounds -121 >= -227 @ 0.562082
c bounds -121 >= -226 @ 0.564378
c bounds -121 >= -225 @ 0.565583
c bounds -122 >= -225 @ 0.567873
c bounds -122 >= -224 @ 0.569258
c bounds -123 >= -224 @ 0.57244
c bounds -123 >= -223 @ 0.574016
c bounds -123 >= -222 @ 0.574016
c bounds -124 >= -222 @ 0.575433
c bounds -124 >= -221 @ 0.577004
c bounds -124 >= -220 @ 0.578
c bounds -125 >= -220 @ 0.579235
c bounds -125 >= -219 @ 0.58149
c bounds -125 >= -218 @ 0.581985
c bounds -126 >= -218 @ 0.584041
c bounds -126 >= -217 @ 0.58543
c bounds -127 >= -217 @ 0.587961
c bounds -127 >= -216 @ 0.588954
c bounds -127 >= -215 @ 0.59122
c bounds -128 >= -215 @ 0.592563
c bounds -128 >= -214 @ 0.593889
c bounds -128 >= -213 @ 0.596144
c bounds -129 >= -213 @ 0.598522
c bounds -129 >= -212 @ 0.600799
c bounds -129 >= -211 @ 0.601902
c bounds -130 >= -211 @ 0.603451
c bounds -130 >= -210 @ 0.604686
c bounds -131 >= -210 @ 0.607809
c bounds -131 >= -209 @ 0.609221
c bounds -131 >= -208 @ 0.610865
c bounds -132 >= -208 @ 0.613714
c bounds -132 >= -207 @ 0.614209
c bounds -132 >= -206 @ 0.614851
c bounds -133 >= -206 @ 0.616623
c bounds -133 >= -205 @ 0.61784
c bounds -133 >= -204 @ 0.619255
c bounds -134 >= -204 @ 0.621489
c bounds -134 >= -203 @ 0.623863
c bounds -135 >= -203 @ 0.626032
c bounds -135 >= -202 @ 0.626802
c bounds -135 >= -201 @ 0.628678
c bounds -136 >= -201 @ 0.630909
c bounds -136 >= -200 @ 0.633247
c bounds -136 >= -199 @ 0.635501
c bounds -137 >= -199 @ 0.637734
c bounds -137 >= -198 @ 0.640086
c bounds -137 >= -197 @ 0.641349
c bounds -138 >= -197 @ 0.643728
c bounds -138 >= -196 @ 0.645056
c bounds -138 >= -195 @ 0.646205
c bounds -139 >= -195 @ 0.647713
c bounds -139 >= -194 @ 0.648819
c bounds -139 >= -193 @ 0.650077
c bounds -140 >= -193 @ 0.653301
c bounds -140 >= -192 @ 0.653691
c bounds -140 >= -191 @ 0.655914
c bounds -141 >= -191 @ 0.658267
c bounds -141 >= -190 @ 0.659507
c bounds -141 >= -189 @ 0.660793
c bounds -142 >= -189 @ 0.66405
c bounds -142 >= -188 @ 0.666428
c bounds -142 >= -187 @ 0.668752
c bounds -143 >= -187 @ 0.6712
c bounds -143 >= -186 @ 0.673431
c bounds -144 >= -186 @ 0.6748
c bounds -144 >= -185 @ 0.676019
c bounds -144 >= -184 @ 0.678285
c bounds -145 >= -184 @ 0.679815
c bounds -145 >= -183 @ 0.681038
c bounds -145 >= -182 @ 0.683289
c bounds -146 >= -182 @ 0.685204
c bounds -146 >= -181 @ 0.687551
c bounds -146 >= -180 @ 0.689799
c bounds -146 >= -179 @ 0.69154
c bounds -147 >= -179 @ 0.693665
c bounds -147 >= -178 @ 0.694981
c bounds -147 >= -177 @ 0.696237
c bounds -148 >= -177 @ 0.698308
c bounds -148 >= -176 @ 0.70064
c bounds -148 >= -175 @ 0.701502
c bounds -149 >= -175 @ 0.727703
c bounds -149 >= -174 @ 0.729027
c bounds -149 >= -173 @ 0.731011
c bounds -149 >= -172 @ 0.733351
c bounds -149 >= -171 @ 0.735689
c bounds -149 >= -170 @ 0.736362
c bounds -149 >= -169 @ 0.738992
c bounds -149 >= -168 @ 0.740747
c bounds -149 >= -167 @ 0.742846
c bounds -149 >= -166 @ 0.744684
c bounds -149 >= -165 @ 0.746099
c bounds -149 >= -164 @ 0.746705
c bounds -150 >= -164 @ 0.749665
c bounds -150 >= -163 @ 0.750723
c bounds -150 >= -162 @ 0.756708
c #Conflicts:       1000 | #Constraints:       7316
c #Conflicts:       2000 | #Constraints:       8316
c INPROCESSING
c GARBAGE COLLECT
c bounds -150 >= -161 @ 2.26578
c bounds -150 >= -160 @ 2.26757
c bounds -150 >= -159 @ 2.27064
c bounds -150 >= -158 @ 2.27279
c bounds -150 >= -157 @ 2.27517
c bounds -150 >= -156 @ 2.27674
c bounds -150 >= -155 @ 2.28115
c bounds -150 >= -154 @ 2.29551
c bounds -150 >= -153 @ 2.29809
c bounds -150 >= -152 @ 2.2998
c bounds -150 >= -151 @ 2.32894
c bounds -150 >= -150 @ 2.37888
c cpu time 2.37889 s
c deterministic time 103631644 1.04e+08
c optimization time 0.143101 s
c total solve time 2.22454 s
c core-guided solve time 0.40572 s
c propagation time 1.04004 s
c conflict analysis time 0.903956 s
c propagations 1441799
c resolve steps 50102
c decisions 478424
c conflicts 2403
c restarts 14
c inprocessing phases 1
c input clauses 4862
c input cardinalities 953
c input general constraints 1563
c input average constraint length 140.07
c input average constraint degree 83.54
c learned clauses 810
c learned cardinalities 89
c learned general constraints 1629
c learned average constraint length 483.08
c learned average constraint degree 354992.61
c watched constraints 1133
c counting constraints 2059
c gcd simplifications 28
c detected cardinalities 31
c weakened non-implied lits 415202
c weakened non-implying lits 20
c original variables 2025
c clausal propagations 266343
c cardinality propagations 280752
c watched propagations 69114
c counting propagations 657632
c watch lookups 26000745
c watch backjump lookups 24677546
c watch checks 28073324
c propagation checks 18003993
c constraint additions 3034198
c trail pops 1921614
c formula constraints 3704
c learned constraints 2528
c bound constraints 1703
c core-guided constraints 1971
c encountered formula constraints 44772
c encountered learned constraints 5789
c encountered bound constraints 208
c encountered core-guided constraints 1736
c LP total time 0 s
c LP solve time 0 s
c LP constraints added 0
c LP constraints removed 0
c LP pivots internal 0
c LP pivots root 0
c LP calls 0
c LP optimalities 0
c LP no pivot count 0
c LP infeasibilities 0
c LP valid Farkas constraints 0
c LP learned Farkas constraints 0
c LP basis resets 0
c LP cycling count 0
c LP singular count 0
c LP no primal count 0
c LP no farkas count 0
c LP other issue count 0
c LP Gomory cuts 0
c LP learned cuts 0
c LP deleted cuts 0
c LP encountered Gomory constraints 0
c LP encountered Farkas constraints 0
c LP encountered learned Farkas constraints 0
c CG auxiliary variables introduced 879
c CG solutions found 76
c CG cores constructed 675
c CG core cardinality constraints returned 0
c CG unit cores 0
c CG single cores 675
c CG blocks removed during cardinality reduction 0
c CG first core best 0
c CG decision core best 0
c CG core reduction tie 0
c CG core degree average 1.00
c CG core slack average 1.99
o -150
s OPTIMUM FOUND
