c RoundingSat 2
c branch 
c commit 
c #variables 1736622 #constraints 2350916
c bounds - >= -829482 @ 9.80247
c #Conflicts:       1000 | #Constraints:    2351915
c #Conflicts:       2000 | #Constraints:    2352915
c INPROCESSING
c bounds - >= -719484 @ 65.4628
c bounds - >= -719482 @ 65.7172
c bounds - >= -719480 @ 65.9617
c bounds - >= -719478 @ 66.2008
c bounds - >= -719476 @ 66.4439
c bounds - >= -719474 @ 66.6843
c bounds - >= -719472 @ 66.9253
c bounds - >= -719468 @ 67.1494
c bounds - >= -719464 @ 67.376
c bounds - >= -719460 @ 67.6048
c bounds - >= -719456 @ 67.8276
c bounds - >= -719452 @ 68.0485
c bounds - >= -719448 @ 68.266
c bounds - >= -719444 @ 68.487
c bounds - >= -719440 @ 68.7114
c bounds - >= -719438 @ 68.934
c bounds - >= -719436 @ 69.157
c bounds - >= -719432 @ 69.3786
c bounds - >= -719428 @ 69.6015
c bounds - >= -719424 @ 69.823
c bounds - >= -719420 @ 70.0447
c bounds - >= -719416 @ 70.2657
c bounds - >= -719412 @ 70.4853
c bounds - >= -719408 @ 70.7051
c bounds - >= -719404 @ 70.9294
c bounds - >= -719400 @ 71.1544
c bounds - >= -719396 @ 71.3751
c bounds - >= -719392 @ 71.5973
c bounds - >= -719388 @ 71.821
c bounds - >= -719384 @ 72.0418
c bounds - >= -719380 @ 72.2663
c bounds - >= -719376 @ 72.4899
c bounds - >= -719372 @ 72.714
c bounds - >= -719368 @ 72.9383
c bounds - >= -719364 @ 73.1596
c bounds - >= -719362 @ 73.3841
c bounds - >= -719360 @ 73.6072
c bounds - >= -719356 @ 73.8315
c bounds - >= -719352 @ 74.0555
c bounds - >= -719348 @ 74.2787
c bounds - >= -719344 @ 74.5025
c bounds - >= -719340 @ 74.7275
c bounds - >= -719336 @ 74.9522
c bounds - >= -719332 @ 75.1765
c bounds - >= -719328 @ 75.3992
c bounds - >= -719324 @ 75.6253
c bounds - >= -719320 @ 75.8496
c bounds - >= -719316 @ 76.0754
c bounds - >= -719312 @ 76.2983
c bounds - >= -719308 @ 76.524
c bounds - >= -719304 @ 76.7511
c bounds - >= -719300 @ 76.9773
c bounds - >= -719296 @ 77.2008
c bounds - >= -719292 @ 77.4251
c bounds - >= -719288 @ 77.6487
c bounds - >= -719286 @ 77.8749
c bounds - >= -719284 @ 78.0987
c bounds - >= -719280 @ 78.3181
c bounds - >= -719276 @ 78.5418
c bounds - >= -719272 @ 78.7665
c bounds - >= -719268 @ 78.992
c bounds - >= -719264 @ 79.2148
c bounds - >= -719260 @ 79.4365
c bounds - >= -719256 @ 79.6593
c bounds - >= -719252 @ 79.8794
c bounds - >= -719248 @ 80.105
c bounds - >= -719244 @ 80.3261
c bounds - >= -719240 @ 80.5471
c bounds - >= -719236 @ 80.7681
c bounds - >= -719232 @ 80.9885
c bounds - >= -719228 @ 81.2062
c bounds - >= -719224 @ 81.4241
c bounds - >= -719220 @ 81.6446
c bounds - >= -719216 @ 81.869
c bounds - >= -719212 @ 82.0907
c bounds - >= -719210 @ 82.3147
c bounds - >= -719208 @ 82.5358
c bounds - >= -719204 @ 82.7591
c bounds - >= -719200 @ 82.9843
c bounds - >= -719196 @ 83.2099
c bounds - >= -719192 @ 83.4317
c bounds - >= -719188 @ 83.6569
c bounds - >= -719184 @ 83.8779
c bounds - >= -719180 @ 84.1003
c bounds - >= -719176 @ 84.3236
c bounds - >= -719172 @ 84.5474
c bounds - >= -719168 @ 84.7701
c bounds - >= -719164 @ 84.9926
c bounds - >= -719160 @ 85.216
c bounds - >= -719156 @ 85.4373
c bounds - >= -719152 @ 85.6616
c bounds - >= -719148 @ 85.8839
c bounds - >= -719144 @ 86.1076
c bounds - >= -719140 @ 86.3319
c bounds - >= -719136 @ 86.5537
c bounds - >= -719134 @ 86.7773
c bounds - >= -719132 @ 87.0012
c bounds - >= -719128 @ 87.2251
c bounds - >= -719124 @ 87.4469
c bounds - >= -719120 @ 87.669
c bounds - >= -719116 @ 87.8907
c bounds - >= -719112 @ 88.1105
c bounds - >= -719108 @ 88.3338
c bounds - >= -719104 @ 88.5598
c bounds - >= -719100 @ 88.7837
c bounds - >= -719096 @ 89.0084
c bounds - >= -719092 @ 89.2279
c bounds - >= -719088 @ 89.4492
c bounds - >= -719084 @ 89.6733
c bounds - >= -719080 @ 89.8989
c bounds - >= -719076 @ 90.1237
c bounds - >= -719072 @ 90.3481
c bounds - >= -719068 @ 90.5724
c bounds - >= -719064 @ 90.7965
c bounds - >= -719060 @ 91.0182
c bounds - >= -719058 @ 91.242
c bounds - >= -719056 @ 91.4659
c bounds - >= -719052 @ 91.688
c bounds - >= -719048 @ 91.9119
c bounds - >= -719046 @ 92.1362
c bounds - >= -719044 @ 92.3605
c bounds - >= -719042 @ 92.6079
c bounds - >= -719040 @ 92.8528
c bounds - >= -719038 @ 93.0793
c bounds - >= -719036 @ 93.3035
c bounds - >= -719032 @ 93.5257
c bounds - >= -719028 @ 93.7501
c bounds - >= -719024 @ 93.9747
c bounds - >= -719020 @ 94.2013
c bounds - >= -719016 @ 94.4239
c bounds - >= -719012 @ 94.6505
c bounds - >= -719008 @ 94.8775
c bounds - >= -719004 @ 95.1026
c bounds - >= -719000 @ 95.3304
c bounds - >= -718996 @ 95.5562
c bounds - >= -718992 @ 95.7779
c bounds - >= -718988 @ 95.9975
c bounds - >= -718984 @ 96.2179
c bounds - >= -718980 @ 96.4433
c bounds - >= -718976 @ 96.668
c bounds - >= -718972 @ 96.8904
c bounds - >= -718970 @ 97.1363
c bounds - >= -718968 @ 97.3805
c bounds - >= -718966 @ 97.6045
c bounds - >= -718964 @ 97.8275
c bounds - >= -718960 @ 98.0546
c bounds - >= -718956 @ 98.2799
c bounds - >= -718952 @ 98.5041
c bounds - >= -718948 @ 98.7285
c bounds - >= -718944 @ 98.9507
c bounds - >= -718940 @ 99.1788
c bounds - >= -718936 @ 99.4044
c bounds - >= -718932 @ 99.6312
c bounds - >= -718928 @ 99.8547
c bounds - >= -718924 @ 100.076
c bounds - >= -718920 @ 100.299
c bounds - >= -718916 @ 100.526
c bounds - >= -718912 @ 100.749
c bounds - >= -718908 @ 100.973
c bounds - >= -718904 @ 101.2
c bounds - >= -718900 @ 101.427
c bounds - >= -718898 @ 101.676
c bounds - >= -718896 @ 101.924
c bounds - >= -718894 @ 102.154
c bounds - >= -718892 @ 102.38
c bounds - >= -718890 @ 102.631
c bounds - >= -718888 @ 102.881
c bounds - >= -718886 @ 103.107
c bounds - >= -718884 @ 103.337
c bounds - >= -718880 @ 103.564
c bounds - >= -718876 @ 103.788
c bounds - >= -718872 @ 104.013
c bounds - >= -718868 @ 104.237
c bounds - >= -718864 @ 104.459
c bounds - >= -718860 @ 104.684
c bounds - >= -718856 @ 104.908
c bounds - >= -718852 @ 105.129
c bounds - >= -718848 @ 105.353
c bounds - >= -718844 @ 105.58
c bounds - >= -718840 @ 105.805
c bounds - >= -718836 @ 106.03
c bounds - >= -718832 @ 106.257
c bounds - >= -718828 @ 106.481
c bounds - >= -718824 @ 106.706
c bounds - >= -718820 @ 106.93
c bounds - >= -718816 @ 107.155
c bounds - >= -718812 @ 107.381
c bounds - >= -718810 @ 107.607
c bounds - >= -718808 @ 107.834
c bounds - >= -718804 @ 108.058
c bounds - >= -718800 @ 108.282
c bounds - >= -718796 @ 108.508
c bounds - >= -718792 @ 108.732
c bounds - >= -718788 @ 108.956
c bounds - >= -718784 @ 109.177
c bounds - >= -718780 @ 109.398
c bounds - >= -718776 @ 109.622
c bounds - >= -718772 @ 109.846
c bounds - >= -718768 @ 110.075
c bounds - >= -718764 @ 110.3
c bounds - >= -718760 @ 110.524
c bounds - >= -718756 @ 110.75
c bounds - >= -718752 @ 110.975
c bounds - >= -718748 @ 111.195
c bounds - >= -718744 @ 111.42
c bounds - >= -718740 @ 111.641
c bounds - >= -718736 @ 111.867
c bounds - >= -718734 @ 112.094
c bounds - >= -718732 @ 112.32
c bounds - >= -718730 @ 112.545
c bounds - >= -718728 @ 112.773
c bounds - >= -718724 @ 113
c bounds - >= -718720 @ 113.222
c bounds - >= -718718 @ 113.446
c bounds - >= -718716 @ 113.67
c bounds - >= -718712 @ 113.898
c bounds - >= -718708 @ 114.123
c bounds - >= -718704 @ 114.346
c bounds - >= -718700 @ 114.568
c bounds - >= -718696 @ 114.791
c bounds - >= -718692 @ 115.016
c bounds - >= -718688 @ 115.241
c bounds - >= -718684 @ 115.468
c bounds - >= -718680 @ 115.693
c bounds - >= -718676 @ 115.916
c bounds - >= -718672 @ 116.138
c bounds - >= -718668 @ 116.363
c bounds - >= -718664 @ 116.589
c bounds - >= -718660 @ 116.815
c bounds - >= -718656 @ 117.039
c bounds - >= -718652 @ 117.264
c bounds - >= -718650 @ 117.488
c bounds - >= -718648 @ 117.712
c bounds - >= -718646 @ 117.936
c bounds - >= -718644 @ 118.16
c bounds - >= -718640 @ 118.385
c bounds - >= -718636 @ 118.609
c bounds - >= -718632 @ 118.831
c bounds - >= -718628 @ 119.057
c bounds - >= -718624 @ 119.281
c bounds - >= -718620 @ 119.512
c bounds - >= -718616 @ 119.741
c bounds - >= -718612 @ 119.965
c bounds - >= -718608 @ 120.189
c bounds - >= -718604 @ 120.412
c bounds - >= -718600 @ 120.64
c bounds - >= -718596 @ 120.866
c bounds - >= -718592 @ 121.105
c bounds - >= -718588 @ 121.329
c bounds - >= -718586 @ 121.553
c bounds - >= -718584 @ 121.78
c bounds - >= -718582 @ 122.006
c bounds - >= -718580 @ 122.23
c bounds - >= -718578 @ 122.454
c bounds - >= -718576 @ 122.682
c bounds - >= -718572 @ 122.908
c bounds - >= -718568 @ 123.134
c bounds - >= -718564 @ 123.36
c bounds - >= -718560 @ 123.584
c bounds - >= -718556 @ 123.808
c bounds - >= -718552 @ 124.033
c bounds - >= -718548 @ 124.259
c bounds - >= -718544 @ 124.483
c bounds - >= -718540 @ 124.705
c bounds - >= -718536 @ 124.93
c bounds - >= -718532 @ 125.151
c bounds - >= -718528 @ 125.376
c bounds - >= -718524 @ 125.608
c bounds - >= -718520 @ 125.836
c bounds - >= -718518 @ 126.064
c bounds - >= -718516 @ 126.292
c bounds - >= -718514 @ 126.52
c bounds - >= -718512 @ 126.747
c bounds - >= -718510 @ 126.972
c bounds - >= -718508 @ 127.199
c bounds - >= -718504 @ 127.423
c bounds - >= -718500 @ 127.649
c bounds - >= -718496 @ 127.876
c bounds - >= -718492 @ 128.099
c bounds - >= -718488 @ 128.323
c bounds - >= -718484 @ 128.55
c bounds - >= -718480 @ 128.776
c bounds - >= -718476 @ 129.005
c bounds - >= -718472 @ 129.235
c bounds - >= -718468 @ 129.459
c bounds - >= -718464 @ 129.686
c bounds - >= -718460 @ 129.913
c bounds - >= -718456 @ 130.152
c bounds - >= -718452 @ 130.378
c bounds - >= -718450 @ 130.605
c bounds - >= -718448 @ 130.831
c bounds - >= -718446 @ 131.058
c bounds - >= -718444 @ 131.285
c bounds - >= -718442 @ 131.511
c bounds - >= -718440 @ 131.736
c bounds - >= -718436 @ 131.959
c bounds - >= -718432 @ 132.186
c bounds - >= -718428 @ 132.409
c bounds - >= -718424 @ 132.632
c bounds - >= -718420 @ 132.856
c bounds - >= -718416 @ 133.079
c bounds - >= -718412 @ 133.3
c bounds - >= -718408 @ 133.522
c bounds - >= -718404 @ 133.743
c bounds - >= -718400 @ 133.966
c bounds - >= -718396 @ 134.189
c bounds - >= -718392 @ 134.408
c bounds - >= -718388 @ 134.639
c bounds - >= -718384 @ 134.858
c bounds - >= -718382 @ 135.08
c bounds - >= -718380 @ 135.302
c bounds - >= -718378 @ 135.522
c bounds - >= -718376 @ 135.744
c bounds - >= -718374 @ 135.969
c bounds - >= -718372 @ 136.19
c bounds - >= -718368 @ 136.411
c bounds - >= -718364 @ 136.635
c bounds - >= -718360 @ 136.859
c bounds - >= -718356 @ 137.085
c bounds - >= -718352 @ 137.316
c bounds - >= -718348 @ 137.538
c bounds - >= -718344 @ 137.761
c bounds - >= -718340 @ 137.988
c bounds - >= -718336 @ 138.212
c bounds - >= -718332 @ 138.433
c bounds - >= -718328 @ 138.657
c bounds - >= -718324 @ 138.878
c bounds - >= -718320 @ 139.112
c bounds - >= -718316 @ 139.338
c bounds - >= -718314 @ 139.565
c bounds - >= -718312 @ 139.791
c bounds - >= -718310 @ 140.017
c bounds - >= -718308 @ 140.243
c bounds - >= -718306 @ 140.469
c bounds - >= -718304 @ 140.694
c bounds - >= -718300 @ 140.922
c bounds - >= -718296 @ 141.144
c bounds - >= -718292 @ 141.371
c bounds - >= -718288 @ 141.597
c bounds - >= -718284 @ 141.821
c bounds - >= -718280 @ 142.047
c bounds - >= -718276 @ 142.274
c bounds - >= -718272 @ 142.498
c bounds - >= -718268 @ 142.723
c bounds - >= -718264 @ 142.943
c bounds - >= -718260 @ 143.167
c bounds - >= -718256 @ 143.394
c bounds - >= -718252 @ 143.631
c bounds - >= -718248 @ 143.86
c bounds - >= -718246 @ 144.089
c bounds - >= -718244 @ 144.316
c bounds - >= -718242 @ 144.54
c bounds - >= -718240 @ 144.764
c bounds - >= -718238 @ 144.987
c bounds - >= -718236 @ 145.21
c bounds - >= -718232 @ 145.434
c bounds - >= -718228 @ 145.661
c bounds - >= -718224 @ 145.888
c bounds - >= -718220 @ 146.111
c bounds - >= -718216 @ 146.333
c bounds - >= -718212 @ 146.56
c bounds - >= -718208 @ 146.783
c bounds - >= -718204 @ 147.007
c bounds - >= -718200 @ 147.232
c bounds - >= -718196 @ 147.454
c bounds - >= -718192 @ 147.677
c bounds - >= -718188 @ 147.9
c bounds - >= -718184 @ 148.134
c bounds - >= -718180 @ 148.358
c bounds - >= -718178 @ 148.582
c bounds - >= -718176 @ 148.808
c bounds - >= -718174 @ 149.034
c bounds - >= -718172 @ 149.258
c bounds - >= -718170 @ 149.482
c bounds - >= -718168 @ 149.707
c bounds - >= -718164 @ 149.932
c bounds - >= -718160 @ 150.154
c bounds - >= -718156 @ 150.377
c bounds - >= -718152 @ 150.602
c bounds - >= -718148 @ 150.827
c bounds - >= -718144 @ 151.054
c bounds - >= -718140 @ 151.277
c bounds - >= -718136 @ 151.499
c bounds - >= -718132 @ 151.725
c bounds - >= -718128 @ 151.947
c bounds - >= -718124 @ 152.171
c bounds - >= -718120 @ 152.393
c bounds - >= -718116 @ 152.625
c bounds - >= -718112 @ 152.85
c bounds - >= -718110 @ 153.079
c bounds - >= -718108 @ 153.307
c bounds - >= -718106 @ 153.532
c bounds - >= -718104 @ 153.762
c bounds - >= -718102 @ 153.991
c bounds - >= -718100 @ 154.22
c bounds - >= -718096 @ 154.447
c bounds - >= -718092 @ 154.669
c bounds - >= -718088 @ 154.895
c bounds - >= -718084 @ 155.118
c bounds - >= -718080 @ 155.343
c bounds - >= -718076 @ 155.568
c bounds - >= -718072 @ 155.793
c bounds - >= -718068 @ 156.018
c bounds - >= -718064 @ 156.243
c bounds - >= -718060 @ 156.467
c bounds - >= -718056 @ 156.69
c bounds - >= -718052 @ 156.916
c bounds - >= -718048 @ 157.152
c bounds - >= -718044 @ 157.371
c bounds - >= -718042 @ 157.593
c bounds - >= -718040 @ 157.814
c bounds - >= -718038 @ 158.035
c bounds - >= -718036 @ 158.254
c bounds - >= -718034 @ 158.475
c bounds - >= -718032 @ 158.697
c bounds - >= -718028 @ 158.922
c bounds - >= -718024 @ 159.145
c bounds - >= -718020 @ 159.37
c bounds - >= -718016 @ 159.594
c bounds - >= -718012 @ 159.82
c bounds - >= -718008 @ 160.048
c bounds - >= -718004 @ 160.276
c bounds - >= -718000 @ 160.5
c bounds - >= -717996 @ 160.723
c bounds - >= -717992 @ 160.949
c bounds - >= -717988 @ 161.176
c bounds - >= -717984 @ 161.399
c bounds - >= -717980 @ 161.633
c bounds - >= -717976 @ 161.856
c bounds - >= -717974 @ 162.08
c bounds - >= -717972 @ 162.305
c bounds - >= -717970 @ 162.527
c bounds - >= -717968 @ 162.752
c bounds - >= -717966 @ 162.978
c bounds - >= -717964 @ 163.202
c bounds - >= -717960 @ 163.426
c bounds - >= -717956 @ 163.649
c bounds - >= -717952 @ 163.873
c bounds - >= -717948 @ 164.095
c bounds - >= -717944 @ 164.321
c bounds - >= -717940 @ 164.543
c bounds - >= -717936 @ 164.769
c bounds - >= -717932 @ 164.994
c bounds - >= -717928 @ 165.217
c bounds - >= -717924 @ 165.441
c bounds - >= -717920 @ 165.664
c bounds - >= -717916 @ 165.889
c bounds - >= -717912 @ 166.124
c bounds - >= -717908 @ 166.348
c bounds - >= -717906 @ 166.573
c bounds - >= -717904 @ 166.797
c bounds - >= -717902 @ 167.022
c bounds - >= -717900 @ 167.243
c bounds - >= -717898 @ 167.466
c bounds - >= -717896 @ 167.689
c bounds - >= -717892 @ 167.916
c bounds - >= -717888 @ 168.139
c bounds - >= -717884 @ 168.362
c bounds - >= -717880 @ 168.587
c bounds - >= -717876 @ 168.813
c bounds - >= -717872 @ 169.038
c bounds - >= -717868 @ 169.263
c bounds - >= -717864 @ 169.488
c bounds - >= -717860 @ 169.711
c bounds - >= -717856 @ 169.936
c bounds - >= -717852 @ 170.162
c bounds - >= -717848 @ 170.385
c bounds - >= -717844 @ 170.619
c bounds - >= -717840 @ 170.841
c bounds - >= -717838 @ 171.067
c bounds - >= -717836 @ 171.291
c bounds - >= -717834 @ 171.517
c bounds - >= -717832 @ 171.741
c bounds - >= -717830 @ 171.965
c bounds - >= -717828 @ 172.188
c bounds - >= -717824 @ 172.414
c bounds - >= -717820 @ 172.64
c bounds - >= -717816 @ 172.866
c bounds - >= -717812 @ 173.088
c bounds - >= -717808 @ 173.311
c bounds - >= -717804 @ 173.53
c bounds - >= -717800 @ 173.751
c bounds - >= -717796 @ 173.974
c bounds - >= -717792 @ 174.198
c bounds - >= -717788 @ 174.419
c bounds - >= -717784 @ 174.642
c bounds - >= -717780 @ 174.867
c bounds - >= -717776 @ 175.102
c bounds - >= -717772 @ 175.324
c bounds - >= -717770 @ 175.55
c bounds - >= -717768 @ 175.776
c bounds - >= -717766 @ 175.998
c bounds - >= -717764 @ 176.221
c bounds - >= -717762 @ 176.444
c bounds - >= -717760 @ 176.667
c bounds - >= -717756 @ 176.892
c bounds - >= -717752 @ 177.118
c bounds - >= -717748 @ 177.347
c bounds - >= -717744 @ 177.57
c bounds - >= -717740 @ 177.793
c bounds - >= -717736 @ 178.02
c bounds - >= -717732 @ 178.248
c bounds - >= -717728 @ 178.469
c bounds - >= -717724 @ 178.695
c bounds - >= -717720 @ 178.921
c bounds - >= -717716 @ 179.148
c bounds - >= -717712 @ 179.368
c bounds - >= -717708 @ 179.603
c bounds - >= -717704 @ 179.828
c bounds - >= -717702 @ 180.054
c bounds - >= -717700 @ 180.281
c bounds - >= -717698 @ 180.505
c bounds - >= -717696 @ 180.73
c bounds - >= -717694 @ 180.957
c bounds - >= -717692 @ 181.18
c bounds - >= -717688 @ 181.404
c bounds - >= -717684 @ 181.627
c bounds - >= -717680 @ 181.853
c bounds - >= -717676 @ 182.075
c bounds - >= -717672 @ 182.3
c bounds - >= -717668 @ 182.524
c bounds - >= -717664 @ 182.747
c bounds - >= -717660 @ 182.965
c bounds - >= -717656 @ 183.189
c bounds - >= -717652 @ 183.41
c bounds - >= -717648 @ 183.634
c bounds - >= -717644 @ 183.857
c bounds - >= -717640 @ 184.088
c bounds - >= -717636 @ 184.31
c bounds - >= -717634 @ 184.532
c bounds - >= -717632 @ 184.755
c bounds - >= -717630 @ 184.977
c bounds - >= -717628 @ 185.199
c bounds - >= -717626 @ 185.422
c bounds - >= -717624 @ 185.644
c bounds - >= -717620 @ 185.869
c bounds - >= -717616 @ 186.093
c bounds - >= -717612 @ 186.318
c bounds - >= -717608 @ 186.539
c bounds - >= -717604 @ 186.76
c bounds - >= -717600 @ 186.983
c bounds - >= -717596 @ 187.207
c bounds - >= -717592 @ 187.43
c bounds - >= -717588 @ 187.654
c bounds - >= -717584 @ 187.878
c bounds - >= -717580 @ 188.1
c bounds - >= -717576 @ 188.323
c bounds - >= -717572 @ 188.557
c bounds - >= -717568 @ 188.779
c bounds - >= -717566 @ 189.002
c bounds - >= -717564 @ 189.226
c bounds - >= -717562 @ 189.448
c bounds - >= -717560 @ 189.673
c bounds - >= -717558 @ 189.898
c bounds - >= -717556 @ 190.12
c bounds - >= -717552 @ 190.343
c bounds - >= -717548 @ 190.564
c bounds - >= -717544 @ 190.788
c bounds - >= -717540 @ 191.01
c bounds - >= -717536 @ 191.234
c bounds - >= -717532 @ 191.456
c bounds - >= -717528 @ 191.679
c bounds - >= -717524 @ 191.9
c bounds - >= -717520 @ 192.12
c bounds - >= -717516 @ 192.343
c bounds - >= -717512 @ 192.569
c bounds - >= -717508 @ 192.791
c bounds - >= -717504 @ 193.025
c bounds - >= -717500 @ 193.249
c bounds - >= -717498 @ 193.473
c bounds - >= -717496 @ 193.697
c bounds - >= -717494 @ 193.92
c bounds - >= -717492 @ 194.144
c bounds - >= -717490 @ 194.367
c bounds - >= -717488 @ 194.588
c bounds - >= -717484 @ 194.809
c bounds - >= -717480 @ 195.035
c bounds - >= -717476 @ 195.26
c bounds - >= -717472 @ 195.484
c bounds - >= -717468 @ 195.707
c bounds - >= -717464 @ 195.927
c bounds - >= -717460 @ 196.149
c bounds - >= -717456 @ 196.372
c bounds - >= -717452 @ 196.592
c bounds - >= -717448 @ 196.813
c bounds - >= -717444 @ 197.037
c bounds - >= -717440 @ 197.26
c bounds - >= -717436 @ 197.493
c bounds - >= -717432 @ 197.72
c bounds - >= -717430 @ 197.946
c bounds - >= -717428 @ 198.17
c bounds - >= -717426 @ 198.395
c bounds - >= -717424 @ 198.618
c bounds - >= -717422 @ 198.841
c bounds - >= -717420 @ 199.064
c bounds - >= -717416 @ 199.291
c bounds - >= -717412 @ 199.513
c bounds - >= -717408 @ 199.734
c bounds - >= -717404 @ 199.953
c bounds - >= -717400 @ 200.176
c bounds - >= -717396 @ 200.398
c bounds - >= -717392 @ 200.621
c bounds - >= -717388 @ 200.845
c bounds - >= -717384 @ 201.069
c bounds - >= -717380 @ 201.29
c bounds - >= -717376 @ 201.511
c bounds - >= -717372 @ 201.736
c bounds - >= -717368 @ 201.972
c bounds - >= -717364 @ 202.193
c bounds - >= -717362 @ 202.418
c bounds - >= -717360 @ 202.641
c bounds - >= -717358 @ 202.861
c bounds - >= -717356 @ 203.083
c bounds - >= -717354 @ 203.304
c bounds - >= -717352 @ 203.525
c bounds - >= -717348 @ 203.748
c bounds - >= -717344 @ 203.968
c bounds - >= -717340 @ 204.192
c bounds - >= -717336 @ 204.411
c bounds - >= -717332 @ 204.634
c bounds - >= -717328 @ 204.855
c bounds - >= -717324 @ 205.077
c bounds - >= -717320 @ 205.3
c bounds - >= -717316 @ 205.521
c bounds - >= -717312 @ 205.744
c bounds - >= -717308 @ 205.969
c bounds - >= -717304 @ 206.19
c bounds - >= -717300 @ 206.424
c bounds - >= -717296 @ 206.646
c bounds - >= -717294 @ 206.871
c bounds - >= -717292 @ 207.094
c bounds - >= -717290 @ 207.317
c bounds - >= -717288 @ 207.54
c bounds - >= -717286 @ 207.763
c bounds - >= -717284 @ 207.985
c bounds - >= -717280 @ 208.209
c bounds - >= -717276 @ 208.436
c bounds - >= -717272 @ 208.66
c bounds - >= -717268 @ 208.886
c bounds - >= -717264 @ 209.113
c bounds - >= -717260 @ 209.337
c bounds - >= -717256 @ 209.558
c bounds - >= -717252 @ 209.78
c bounds - >= -717248 @ 210.002
c bounds - >= -717244 @ 210.228
c bounds - >= -717240 @ 210.452
c bounds - >= -717236 @ 210.675
c bounds - >= -717232 @ 210.909
c bounds - >= -717228 @ 211.13
c bounds - >= -717226 @ 211.354
c bounds - >= -717224 @ 211.578
c bounds - >= -717222 @ 211.803
c bounds - >= -717220 @ 212.025
c bounds - >= -717218 @ 212.248
c bounds - >= -717216 @ 212.47
c bounds - >= -717212 @ 212.694
c bounds - >= -717208 @ 212.918
c bounds - >= -717204 @ 213.139
c bounds - >= -717200 @ 213.359
c bounds - >= -717196 @ 213.582
c bounds - >= -717192 @ 213.803
c bounds - >= -717188 @ 214.028
c bounds - >= -717184 @ 214.25
c bounds - >= -717182 @ 214.477
c bounds - >= -717180 @ 214.704
c bounds - >= -717178 @ 214.932
c bounds - >= -717176 @ 215.158
c bounds - >= -717174 @ 215.381
c bounds - >= -717172 @ 215.607
c bounds - >= -717170 @ 215.833
c bounds - >= -717168 @ 216.058
c bounds - >= -717166 @ 216.284
c bounds - >= -717164 @ 216.508
c bounds - >= -717162 @ 216.732
c bounds - >= -717160 @ 216.96
c bounds - >= -717156 @ 217.187
c bounds - >= -717152 @ 217.414
c bounds - >= -717148 @ 217.64
c bounds - >= -717144 @ 217.863
c bounds - >= -717140 @ 218.086
c bounds - >= -717136 @ 218.309
c bounds - >= -717132 @ 218.534
c bounds - >= -717128 @ 218.757
c bounds - >= -717126 @ 218.98
c bounds - >= -717124 @ 219.203
c bounds - >= -717122 @ 219.429
c bounds - >= -717120 @ 219.652
c bounds - >= -717118 @ 219.874
c bounds - >= -717116 @ 220.097
c bounds - >= -717114 @ 220.32
c bounds - >= -717112 @ 220.542
c bounds - >= -717110 @ 220.763
c bounds - >= -717108 @ 220.984
c bounds - >= -717106 @ 221.205
c bounds - >= -717104 @ 221.428
c bounds - >= -717100 @ 221.65
c bounds - >= -717096 @ 221.874
c bounds - >= -717092 @ 222.097
c bounds - >= -717088 @ 222.324
c bounds - >= -717084 @ 222.549
c bounds - >= -717080 @ 222.771
c bounds - >= -717076 @ 222.994
c bounds - >= -717072 @ 223.218
c bounds - >= -717070 @ 223.443
c bounds - >= -717068 @ 223.667
c bounds - >= -717066 @ 223.89
c bounds - >= -717064 @ 224.114
c bounds - >= -717062 @ 224.339
c bounds - >= -717060 @ 224.563
c bounds - >= -717058 @ 224.787
c bounds - >= -717056 @ 225.009
c bounds - >= -717054 @ 225.231
c bounds - >= -717052 @ 225.453
c bounds - >= -717050 @ 225.674
c bounds - >= -717048 @ 225.896
c bounds - >= -717044 @ 226.121
c bounds - >= -717040 @ 226.342
c bounds - >= -717036 @ 226.567
c bounds - >= -717032 @ 226.787
c bounds - >= -717028 @ 227.01
c bounds - >= -717024 @ 227.233
c bounds - >= -717020 @ 227.457
c bounds - >= -717016 @ 227.677
c bounds - >= -717014 @ 227.896
c bounds - >= -717012 @ 228.116
c bounds - >= -717010 @ 228.337
c bounds - >= -717008 @ 228.558
c bounds - >= -717006 @ 228.776
c bounds - >= -717004 @ 228.996
c bounds - >= -717002 @ 229.216
c bounds - >= -717000 @ 229.437
c bounds - >= -716998 @ 229.657
c bounds - >= -716996 @ 229.878
c bounds - >= -716994 @ 230.097
c bounds - >= -716992 @ 230.316
c bounds - >= -716988 @ 230.538
c bounds - >= -716984 @ 230.757
c bounds - >= -716980 @ 230.978
c bounds - >= -716976 @ 231.202
c bounds - >= -716972 @ 231.427
c bounds - >= -716968 @ 231.651
c bounds - >= -716964 @ 231.873
c bounds - >= -716960 @ 232.098
c bounds - >= -716958 @ 232.324
c bounds - >= -716956 @ 232.549
c bounds - >= -716954 @ 232.775
c bounds - >= -716952 @ 233
c bounds - >= -716950 @ 233.227
c bounds - >= -716948 @ 233.45
c bounds - >= -716946 @ 233.673
c bounds - >= -716944 @ 233.896
c bounds - >= -716942 @ 234.121
c bounds - >= -716940 @ 234.347
c bounds - >= -716938 @ 234.571
c bounds - >= -716936 @ 234.794
c bounds - >= -716934 @ 235.02
c bounds - >= -716932 @ 235.243
c bounds - >= -716930 @ 235.467
c bounds - >= -716928 @ 235.693
c bounds - >= -716926 @ 235.917
c bounds - >= -716924 @ 236.141
c bounds - >= -716922 @ 236.366
c bounds - >= -716920 @ 236.591
c bounds - >= -716918 @ 236.814
c bounds - >= -716916 @ 237.038
c bounds - >= -716914 @ 237.262
c bounds - >= -716912 @ 237.487
c bounds - >= -716910 @ 237.711
c bounds - >= -716908 @ 237.933
c bounds - >= -716906 @ 238.158
c bounds - >= -716904 @ 238.381
c bounds - >= -716902 @ 238.602
c bounds - >= -716900 @ 238.826
c bounds - >= -716898 @ 239.05
c bounds - >= -716896 @ 239.297
c bounds - >= -716894 @ 239.521
c bounds - >= -716892 @ 239.766
c bounds - >= -716888 @ 239.992
c bounds - >= -716884 @ 240.215
c bounds - >= -716880 @ 240.44
c bounds - >= -716876 @ 240.664
c bounds - >= -716872 @ 240.886
c bounds - >= -716868 @ 241.107
c bounds - >= -716864 @ 241.329
c bounds - >= -716860 @ 241.55
c bounds - >= -716858 @ 241.771
c bounds - >= -716856 @ 242.015
c bounds - >= -716852 @ 242.239
c bounds - >= -716848 @ 242.462
c bounds - >= -716844 @ 242.685
c bounds - >= -716840 @ 242.908
c bounds - >= -716836 @ 243.13
c bounds - >= -716832 @ 243.349
c bounds - >= -716828 @ 243.571
c bounds - >= -716824 @ 243.795
c bounds - >= -716822 @ 244.017
c bounds - >= -716820 @ 244.26
c bounds - >= -716818 @ 244.505
c bounds - >= -716816 @ 244.744
c bounds - >= -716814 @ 244.984
c bounds - >= -716812 @ 245.223
c bounds - >= -716810 @ 245.465
c bounds - >= -716806 @ 245.691
c bounds - >= -716802 @ 245.916
c bounds - >= -716798 @ 246.14
c bounds - >= -716794 @ 246.361
c bounds - >= -716790 @ 246.582
c bounds - >= -716786 @ 246.804
c bounds - >= -716782 @ 247.025
c bounds - >= -716778 @ 247.251
c bounds - >= -716774 @ 247.477
c bounds - >= -716770 @ 247.7
c bounds - >= -716766 @ 247.922
c bounds - >= -716762 @ 248.145
c bounds - >= -716758 @ 248.365
c bounds - >= -716754 @ 248.587
c bounds - >= -716750 @ 248.811
c bounds - >= -716746 @ 249.031
c bounds - >= -716742 @ 249.252
c bounds - >= -716738 @ 249.477
c bounds - >= -716736 @ 249.705
c bounds - >= -716734 @ 249.948
c bounds - >= -716730 @ 250.172
c bounds - >= -716726 @ 250.396
c bounds - >= -716722 @ 250.618
c bounds - >= -716718 @ 250.843
c bounds - >= -716714 @ 251.067
c bounds - >= -716710 @ 251.29
c bounds - >= -716706 @ 251.514
c bounds - >= -716702 @ 251.735
c bounds - >= -716698 @ 251.955
c bounds - >= -716694 @ 252.179
c bounds - >= -716690 @ 252.403
c bounds - >= -716686 @ 252.627
c bounds - >= -716682 @ 252.851
c bounds - >= -716678 @ 253.075
c bounds - >= -716674 @ 253.299
c bounds - >= -716670 @ 253.519
c bounds - >= -716666 @ 253.741
c bounds - >= -716662 @ 253.962
c bounds - >= -716660 @ 254.191
c bounds - >= -716658 @ 254.436
c bounds - >= -716656 @ 254.679
c bounds - >= -716654 @ 254.92
c bounds - >= -716650 @ 255.143
c bounds - >= -716646 @ 255.364
c bounds - >= -716642 @ 255.584
c bounds - >= -716638 @ 255.802
c bounds - >= -716634 @ 256.024
c bounds - >= -716630 @ 256.249
c bounds - >= -716626 @ 256.473
c bounds - >= -716622 @ 256.696
c bounds - >= -716618 @ 256.918
c bounds - >= -716614 @ 257.14
c bounds - >= -716610 @ 257.363
c bounds - >= -716606 @ 257.585
c bounds - >= -716604 @ 257.832
c bounds - >= -716602 @ 258.081
c bounds - >= -716600 @ 258.329
c bounds - >= -716598 @ 258.574
c bounds - >= -716596 @ 258.794
c bounds - >= -716592 @ 259.016
c bounds - >= -716590 @ 259.24
c bounds - >= -716586 @ 259.468
c bounds - >= -716584 @ 259.694
c bounds - >= -716580 @ 259.92
c bounds - >= -716578 @ 260.14
c bounds - >= -716574 @ 260.36
c bounds - >= -716572 @ 260.579
c bounds - >= -716568 @ 260.798
c bounds - >= -716566 @ 261.023
c bounds - >= -716562 @ 261.248
c bounds - >= -716560 @ 261.473
c bounds - >= -716556 @ 261.697
c bounds - >= -716554 @ 261.919
c bounds - >= -716550 @ 262.141
c bounds - >= -716548 @ 262.363
c bounds - >= -716546 @ 262.603
c bounds - >= -716544 @ 262.826
c bounds - >= -716542 @ 263.048
c bounds - >= -716538 @ 263.271
c bounds - >= -716534 @ 263.495
c bounds - >= -716530 @ 263.719
c bounds - >= -716526 @ 263.94
c bounds - >= -716522 @ 264.16
c bounds - >= -716518 @ 264.381
c bounds - >= -716514 @ 264.604
c bounds - >= -716510 @ 264.827
c bounds - >= -716508 @ 265.076
c bounds - >= -716506 @ 265.323
c bounds - >= -716504 @ 265.548
c bounds - >= -716502 @ 265.77
c bounds - >= -716500 @ 265.995
c bounds - >= -716498 @ 266.222
c bounds - >= -716496 @ 266.445
c bounds - >= -716494 @ 266.668
c bounds - >= -716492 @ 266.893
c bounds - >= -716490 @ 267.116
c bounds - >= -716488 @ 267.337
c bounds - >= -716486 @ 267.562
c bounds - >= -716484 @ 267.785
c bounds - >= -716482 @ 268.008
c bounds - >= -716480 @ 268.232
c bounds - >= -716478 @ 268.458
c bounds - >= -716476 @ 268.681
c bounds - >= -716474 @ 268.904
c bounds - >= -716472 @ 269.126
c bounds - >= -716470 @ 269.35
c bounds - >= -716468 @ 269.573
c bounds - >= -716466 @ 269.796
c bounds - >= -716462 @ 270.031
c bounds - >= -716458 @ 270.268
c bounds - >= -716454 @ 270.506
c bounds - >= -716450 @ 270.741
c bounds - >= -716446 @ 270.978
c bounds - >= -716442 @ 271.215
c bounds - >= -716438 @ 271.45
c bounds - >= -716434 @ 271.682
c bounds - >= -716432 @ 271.931
c bounds - >= -716430 @ 272.176
c bounds - >= -716426 @ 272.399
c bounds - >= -716422 @ 272.626
c bounds - >= -716418 @ 272.852
c bounds - >= -716414 @ 273.079
c bounds - >= -716410 @ 273.307
c bounds - >= -716406 @ 273.531
c bounds - >= -716402 @ 273.754
c bounds - >= -716398 @ 273.977
c bounds - >= -716394 @ 274.203
c bounds - >= -716390 @ 274.432
c bounds - >= -716386 @ 274.66
c bounds - >= -716382 @ 274.883
c bounds - >= -716378 @ 275.106
c bounds - >= -716374 @ 275.332
c bounds - >= -716370 @ 275.558
c bounds - >= -716366 @ 275.783
c bounds - >= -716362 @ 276.008
c bounds - >= -716358 @ 276.236
c bounds - >= -716354 @ 276.464
c bounds - >= -716350 @ 276.688
c bounds - >= -716346 @ 276.911
c bounds - >= -716342 @ 277.137
c bounds - >= -716338 @ 277.362
c bounds - >= -716334 @ 277.587
c bounds - >= -716330 @ 277.814
c bounds - >= -716326 @ 278.04
c bounds - >= -716322 @ 278.264
c bounds - >= -716318 @ 278.486
c bounds - >= -716314 @ 278.711
c bounds - >= -716310 @ 278.934
c bounds - >= -716306 @ 279.159
c bounds - >= -716302 @ 279.38
c bounds - >= -716298 @ 279.604
c bounds - >= -716294 @ 279.831
c bounds - >= -716290 @ 280.058
c bounds - >= -716286 @ 280.282
c bounds - >= -716282 @ 280.505
c bounds - >= -716278 @ 280.73
c bounds - >= -716274 @ 280.954
c bounds - >= -716270 @ 281.181
c bounds - >= -716266 @ 281.407
c bounds - >= -716262 @ 281.636
c bounds - >= -716258 @ 281.86
c bounds - >= -716254 @ 282.08
c bounds - >= -716250 @ 282.3
c bounds - >= -716246 @ 282.521
c bounds - >= -716242 @ 282.744
c bounds - >= -716238 @ 282.968
c bounds - >= -716234 @ 283.194
c bounds - >= -716230 @ 283.42
c bounds - >= -716226 @ 283.641
c bounds - >= -716222 @ 283.862
c bounds - >= -716218 @ 284.084
c bounds - >= -716214 @ 284.309
c bounds - >= -716210 @ 284.535
c bounds - >= -716206 @ 284.758
c bounds - >= -716202 @ 284.982
c bounds - >= -716198 @ 285.209
c bounds - >= -716194 @ 285.433
c bounds - >= -716190 @ 285.657
c bounds - >= -716186 @ 285.883
c bounds - >= -716182 @ 286.103
c bounds - >= -716178 @ 286.325
c bounds - >= -716174 @ 286.549
c bounds - >= -716170 @ 286.774
c bounds - >= -716166 @ 287.001
c bounds - >= -716162 @ 287.227
c bounds - >= -716158 @ 287.449
c bounds - >= -716154 @ 287.672
c bounds - >= -716150 @ 287.895
c bounds - >= -716146 @ 288.117
c bounds - >= -716142 @ 288.34
c bounds - >= -716138 @ 288.566
c bounds - >= -716134 @ 288.788
c bounds - >= -716130 @ 289.009
c bounds - >= -716126 @ 289.231
c bounds - >= -716122 @ 289.457
c bounds - >= -716118 @ 289.681
c bounds - >= -716114 @ 289.903
c bounds - >= -716110 @ 290.126
c bounds - >= -716106 @ 290.367
c bounds - >= -716102 @ 290.592
c bounds - >= -716098 @ 290.832
c bounds - >= -716094 @ 291.052
c bounds - >= -716092 @ 291.285
c bounds - >= -716090 @ 291.531
c bounds - >= -716088 @ 291.749
c bounds - >= -716086 @ 291.968
c bounds - >= -716082 @ 292.19
c bounds - >= -716078 @ 292.416
c bounds - >= -716076 @ 292.664
c bounds - >= -716074 @ 292.911
c bounds - >= -716070 @ 293.134
c bounds - >= -716066 @ 293.361
c bounds - >= -716062 @ 293.587
c bounds - >= -716058 @ 293.813
c bounds - >= -716054 @ 294.037
c bounds - >= -716050 @ 294.259
c bounds - >= -716046 @ 294.483
c bounds - >= -716042 @ 294.708
c bounds - >= -716038 @ 294.932
c bounds - >= -716034 @ 295.155
c bounds - >= -716030 @ 295.378
c bounds - >= -716026 @ 295.603
c bounds - >= -716022 @ 295.827
c bounds - >= -716018 @ 296.049
c bounds - >= -716014 @ 296.273
c bounds - >= -716010 @ 296.498
c bounds - >= -716006 @ 296.722
c bounds - >= -716002 @ 296.947
c bounds - >= -715998 @ 297.168
c bounds - >= -715994 @ 297.389
c bounds - >= -715990 @ 297.61
c bounds - >= -715986 @ 297.835
c bounds - >= -715982 @ 298.058
c bounds - >= -715978 @ 298.282
c bounds - >= -715974 @ 298.504
c bounds - >= -715970 @ 298.727
c bounds - >= -715966 @ 298.95
c bounds - >= -715962 @ 299.177
c bounds - >= -715958 @ 299.404
c bounds - >= -715954 @ 299.63
c bounds - >= -715950 @ 299.854
c bounds - >= -715946 @ 300.077
c bounds - >= -715944 @ 300.3
c bounds - >= -715940 @ 300.52
c bounds - >= -715938 @ 300.743
c bounds - >= -715934 @ 300.965
c bounds - >= -715932 @ 301.189
c bounds - >= -715928 @ 301.415
c bounds - >= -715926 @ 301.639
c bounds - >= -715922 @ 301.863
c bounds - >= -715920 @ 302.084
c bounds - >= -715916 @ 302.307
c bounds - >= -715914 @ 302.533
c bounds - >= -715910 @ 302.757
c bounds - >= -715908 @ 302.983
c bounds - >= -715904 @ 303.206
c bounds - >= -715902 @ 303.43
c bounds - >= -715898 @ 303.654
c bounds - >= -715896 @ 303.88
c bounds - >= -715894 @ 304.13
c bounds - >= -715892 @ 304.354
c bounds - >= -715890 @ 304.578
c bounds - >= -715886 @ 304.8
c bounds - >= -715882 @ 305.025
c bounds - >= -715878 @ 305.249
c bounds - >= -715874 @ 305.476
c bounds - >= -715870 @ 305.702
c bounds - >= -715866 @ 305.923
c bounds - >= -715862 @ 306.146
c bounds - >= -715858 @ 306.372
c bounds - >= -715856 @ 306.625
c bounds - >= -715854 @ 306.876
c bounds - >= -715852 @ 307.101
c bounds - >= -715850 @ 307.325
c bounds - >= -715848 @ 307.549
c bounds - >= -715846 @ 307.775
c bounds - >= -715844 @ 308
c bounds - >= -715842 @ 308.227
c bounds - >= -715840 @ 308.454
c bounds - >= -715838 @ 308.68
c bounds - >= -715836 @ 308.905
c bounds - >= -715834 @ 309.13
c bounds - >= -715832 @ 309.355
c bounds - >= -715830 @ 309.581
c bounds - >= -715828 @ 309.806
c bounds - >= -715826 @ 310.032
c bounds - >= -715824 @ 310.258
c bounds - >= -715822 @ 310.482
c bounds - >= -715820 @ 310.708
c bounds - >= -715818 @ 310.933
c bounds - >= -715816 @ 311.157
c bounds - >= -715814 @ 311.382
c bounds - >= -715812 @ 311.607
c bounds - >= -715810 @ 311.832
c bounds - >= -715808 @ 312.058
c bounds - >= -715806 @ 312.283
c bounds - >= -715804 @ 312.507
c bounds - >= -715802 @ 312.732
c bounds - >= -715800 @ 312.957
c bounds - >= -715798 @ 313.181
c bounds - >= -715796 @ 313.407
c bounds - >= -715794 @ 313.633
c bounds - >= -715792 @ 313.859
c bounds - >= -715790 @ 314.109
c bounds - >= -715788 @ 314.358
c bounds - >= -715786 @ 314.61
c bounds - >= -715784 @ 314.861
c bounds - >= -715782 @ 315.111
c bounds - >= -715780 @ 315.361
c bounds - >= -715778 @ 315.612
c bounds - >= -715776 @ 315.863
c bounds - >= -715774 @ 316.113
c bounds - >= -715772 @ 316.365
c bounds - >= -715770 @ 316.612
c bounds - >= -715768 @ 316.86
c bounds - >= -715766 @ 317.11
c bounds - >= -715764 @ 317.358
c bounds - >= -715762 @ 317.607
c bounds - >= -715760 @ 317.856
c bounds - >= -715758 @ 318.105
c bounds - >= -715756 @ 318.353
c bounds - >= -715754 @ 318.602
c bounds - >= -715752 @ 318.85
c bounds - >= -715748 @ 319.073
c bounds - >= -715744 @ 319.298
c bounds - >= -715740 @ 319.518
c bounds - >= -715736 @ 319.739
c bounds - >= -715732 @ 319.963
c bounds - >= -715728 @ 320.19
c bounds - >= -715724 @ 320.414
c bounds - >= -715720 @ 320.637
c bounds - >= -715716 @ 320.86
c bounds - >= -715712 @ 321.085
c bounds - >= -715708 @ 321.305
c bounds - >= -715704 @ 321.525
c bounds - >= -715700 @ 321.749
c bounds - >= -715696 @ 321.97
c bounds - >= -715692 @ 322.19
c bounds - >= -715688 @ 322.411
c bounds - >= -715684 @ 322.634
c bounds - >= -715680 @ 322.856
c bounds - >= -715676 @ 323.078
c bounds - >= -715672 @ 323.301
c bounds - >= -715668 @ 323.525
c bounds - >= -715664 @ 323.745
c bounds - >= -715660 @ 323.963
c bounds - >= -715656 @ 324.186
c bounds - >= -715652 @ 324.41
c bounds - >= -715648 @ 324.635
c bounds - >= -715644 @ 324.862
c bounds - >= -715640 @ 325.085
c bounds - >= -715636 @ 325.309
c bounds - >= -715632 @ 325.528
c bounds - >= -715628 @ 325.751
c bounds - >= -715624 @ 325.973
c bounds - >= -715620 @ 326.2
c bounds - >= -715616 @ 326.421
c bounds - >= -715612 @ 326.644
c bounds - >= -715608 @ 326.867
c bounds - >= -715604 @ 327.091
c bounds - >= -715600 @ 327.313
c bounds - >= -715596 @ 327.536
c bounds - >= -715592 @ 327.759
c bounds - >= -715588 @ 327.981
c bounds - >= -715584 @ 328.204
c bounds - >= -715580 @ 328.427
c bounds - >= -715576 @ 328.649
c bounds - >= -715572 @ 328.872
c bounds - >= -715568 @ 329.096
c bounds - >= -715564 @ 329.319
c bounds - >= -715560 @ 329.541
c bounds - >= -715556 @ 329.765
c bounds - >= -715552 @ 329.989
c bounds - >= -715548 @ 330.213
c bounds - >= -715544 @ 330.437
c bounds - >= -715540 @ 330.663
c bounds - >= -715536 @ 330.885
c bounds - >= -715532 @ 331.106
c bounds - >= -715528 @ 331.33
c bounds - >= -715524 @ 331.555
c bounds - >= -715520 @ 331.781
c bounds - >= -715516 @ 332.004
c bounds - >= -715512 @ 332.229
c bounds - >= -715510 @ 332.473
c bounds - >= -715508 @ 332.715
c bounds - >= -715506 @ 332.956
c bounds - >= -715504 @ 333.198
c bounds - >= -715502 @ 333.438
c bounds - >= -715500 @ 333.677
c bounds - >= -715498 @ 333.92
c bounds - >= -715496 @ 334.162
c bounds - >= -715494 @ 334.403
c bounds - >= -715492 @ 334.646
c bounds - >= -715490 @ 334.873
c bounds - >= -715486 @ 335.097
c bounds - >= -715482 @ 335.322
c bounds - >= -715478 @ 335.545
c bounds - >= -715474 @ 335.769
c bounds - >= -715470 @ 335.99
c bounds - >= -715466 @ 336.211
c bounds - >= -715462 @ 336.433
c bounds - >= -715458 @ 336.654
c bounds - >= -715454 @ 336.877
c bounds - >= -715452 @ 337.104
c bounds - >= -715448 @ 337.325
c bounds - >= -715444 @ 337.546
c bounds - >= -715440 @ 337.766
c bounds - >= -715436 @ 337.984
c bounds - >= -715432 @ 338.206
c bounds - >= -715428 @ 338.428
c bounds - >= -715424 @ 338.65
c bounds - >= -715420 @ 338.873
c bounds - >= -715416 @ 339.094
c bounds - >= -715414 @ 339.32
c bounds - >= -715410 @ 339.54
c bounds - >= -715406 @ 339.763
c bounds - >= -715402 @ 339.987
c bounds - >= -715398 @ 340.21
c bounds - >= -715394 @ 340.433
c bounds - >= -715390 @ 340.654
c bounds - >= -715386 @ 340.877
c bounds - >= -715382 @ 341.101
c bounds - >= -715378 @ 341.324
c bounds - >= -715376 @ 341.553
c bounds - >= -715372 @ 341.778
c bounds - >= -715368 @ 342.006
c bounds - >= -715364 @ 342.23
c bounds - >= -715360 @ 342.454
c bounds - >= -715356 @ 342.677
c bounds - >= -715352 @ 342.896
c bounds - >= -715348 @ 343.117
c bounds - >= -715344 @ 343.338
c bounds - >= -715340 @ 343.563
c bounds - >= -715338 @ 343.793
c bounds - >= -715334 @ 344.017
c bounds - >= -715330 @ 344.239
c bounds - >= -715326 @ 344.461
c bounds - >= -715322 @ 344.683
c bounds - >= -715318 @ 344.906
c bounds - >= -715314 @ 345.132
c bounds - >= -715310 @ 345.354
c bounds - >= -715306 @ 345.574
c bounds - >= -715302 @ 345.796
c bounds - >= -715300 @ 346.021
c bounds - >= -715296 @ 346.242
c bounds - >= -715292 @ 346.466
c bounds - >= -715288 @ 346.688
c bounds - >= -715284 @ 346.911
c bounds - >= -715280 @ 347.137
c bounds - >= -715276 @ 347.366
c bounds - >= -715272 @ 347.588
c bounds - >= -715268 @ 347.812
c bounds - >= -715264 @ 348.035
c bounds - >= -715262 @ 348.263
c bounds - >= -715258 @ 348.486
c bounds - >= -715254 @ 348.71
c bounds - >= -715250 @ 348.935
c bounds - >= -715246 @ 349.157
c bounds - >= -715242 @ 349.384
c bounds - >= -715238 @ 349.606
c bounds - >= -715234 @ 349.829
c bounds - >= -715230 @ 350.05
c bounds - >= -715226 @ 350.273
c bounds - >= -715224 @ 350.504
c bounds - >= -715220 @ 350.732
c bounds - >= -715216 @ 350.955
c bounds - >= -715212 @ 351.182
c bounds - >= -715208 @ 351.411
c bounds - >= -715204 @ 351.633
c bounds - >= -715200 @ 351.855
c bounds - >= -715196 @ 352.079
c bounds - >= -715192 @ 352.303
c bounds - >= -715188 @ 352.53
c bounds - >= -715186 @ 352.76
c bounds - >= -715182 @ 352.985
c bounds - >= -715178 @ 353.205
c bounds - >= -715174 @ 353.425
c bounds - >= -715170 @ 353.649
c bounds - >= -715166 @ 353.874
c bounds - >= -715162 @ 354.101
c bounds - >= -715158 @ 354.326
c bounds - >= -715154 @ 354.551
c bounds - >= -715150 @ 354.778
c bounds - >= -715148 @ 355.007
c bounds - >= -715144 @ 355.23
c bounds - >= -715140 @ 355.453
c bounds - >= -715136 @ 355.677
c bounds - >= -715132 @ 355.903
c bounds - >= -715128 @ 356.125
c bounds - >= -715124 @ 356.349
c bounds - >= -715120 @ 356.572
c bounds - >= -715116 @ 356.792
c bounds - >= -715112 @ 357.015
c bounds - >= -715110 @ 357.244
c bounds - >= -715106 @ 357.469
c bounds - >= -715102 @ 357.692
c bounds - >= -715098 @ 357.914
c bounds - >= -715094 @ 358.14
c bounds - >= -715090 @ 358.363
c bounds - >= -715086 @ 358.585
c bounds - >= -715082 @ 358.808
c bounds - >= -715078 @ 359.031
c bounds - >= -715074 @ 359.253
c bounds - >= -715072 @ 359.482
c bounds - >= -715068 @ 359.709
c bounds - >= -715064 @ 359.933
c bounds - >= -715060 @ 360.155
c bounds - >= -715056 @ 360.376
c bounds - >= -715052 @ 360.599
c bounds - >= -715048 @ 360.825
c bounds - >= -715044 @ 361.05
c bounds - >= -715040 @ 361.275
c bounds - >= -715036 @ 361.498
c bounds - >= -715034 @ 361.726
c bounds - >= -715030 @ 361.948
c bounds - >= -715026 @ 362.171
c bounds - >= -715022 @ 362.393
c bounds - >= -715018 @ 362.618
c bounds - >= -715014 @ 362.844
c bounds - >= -715010 @ 363.07
c bounds - >= -715006 @ 363.291
c bounds - >= -715002 @ 363.518
c bounds - >= -714998 @ 363.742
c bounds - >= -714996 @ 363.97
c bounds - >= -714992 @ 364.192
c bounds - >= -714988 @ 364.419
c bounds - >= -714984 @ 364.648
c bounds - >= -714980 @ 364.875
c bounds - >= -714976 @ 365.096
c bounds - >= -714972 @ 365.317
c bounds - >= -714968 @ 365.54
c bounds - >= -714964 @ 365.764
c bounds - >= -714960 @ 365.986
c bounds - >= -714958 @ 366.216
c bounds - >= -714954 @ 366.44
c bounds - >= -714950 @ 366.664
c bounds - >= -714946 @ 366.885
c bounds - >= -714942 @ 367.107
c bounds - >= -714938 @ 367.329
c bounds - >= -714934 @ 367.552
c bounds - >= -714930 @ 367.775
c bounds - >= -714926 @ 368.001
c bounds - >= -714922 @ 368.223
c bounds - >= -714920 @ 368.451
c bounds - >= -714916 @ 368.673
c bounds - >= -714912 @ 368.894
c bounds - >= -714908 @ 369.116
c bounds - >= -714904 @ 369.339
c bounds - >= -714900 @ 369.562
c bounds - >= -714896 @ 369.787
c bounds - >= -714892 @ 370.015
c bounds - >= -714888 @ 370.24
c bounds - >= -714884 @ 370.463
c bounds - >= -714882 @ 370.692
c bounds - >= -714878 @ 370.913
c bounds - >= -714874 @ 371.136
c bounds - >= -714870 @ 371.358
c bounds - >= -714866 @ 371.582
c bounds - >= -714862 @ 371.805
c bounds - >= -714858 @ 372.028
c bounds - >= -714854 @ 372.249
c bounds - >= -714850 @ 372.473
c bounds - >= -714846 @ 372.7
c bounds - >= -714844 @ 372.931
c bounds - >= -714840 @ 373.157
c bounds - >= -714836 @ 373.381
c bounds - >= -714832 @ 373.603
c bounds - >= -714828 @ 373.827
c bounds - >= -714824 @ 374.048
c bounds - >= -714820 @ 374.271
c bounds - >= -714816 @ 374.493
c bounds - >= -714812 @ 374.717
c bounds - >= -714808 @ 374.942
c bounds - >= -714806 @ 375.171
c bounds - >= -714802 @ 375.398
c bounds - >= -714798 @ 375.621
c bounds - >= -714794 @ 375.844
c bounds - >= -714790 @ 376.07
c bounds - >= -714786 @ 376.297
c bounds - >= -714782 @ 376.519
c bounds - >= -714778 @ 376.74
c bounds - >= -714774 @ 376.964
c bounds - >= -714770 @ 377.187
c bounds - >= -714768 @ 377.416
c bounds - >= -714764 @ 377.644
c bounds - >= -714760 @ 377.87
c bounds - >= -714756 @ 378.096
c bounds - >= -714752 @ 378.32
c bounds - >= -714748 @ 378.544
c bounds - >= -714744 @ 378.767
c bounds - >= -714740 @ 378.987
c bounds - >= -714736 @ 379.21
c bounds - >= -714732 @ 379.434
c bounds - >= -714730 @ 379.664
c bounds - >= -714726 @ 379.889
c bounds - >= -714722 @ 380.114
c bounds - >= -714718 @ 380.337
c bounds - >= -714714 @ 380.556
c bounds - >= -714710 @ 380.779
c bounds - >= -714706 @ 381.003
c bounds - >= -714702 @ 381.225
c bounds - >= -714698 @ 381.452
c bounds - >= -714694 @ 381.679
c bounds - >= -714692 @ 381.91
c bounds - >= -714688 @ 382.135
c bounds - >= -714684 @ 382.359
c bounds - >= -714680 @ 382.584
c bounds - >= -714676 @ 382.81
c bounds - >= -714672 @ 383.037
c bounds - >= -714668 @ 383.26
c bounds - >= -714664 @ 383.481
c bounds - >= -714660 @ 383.702
c #Conflicts:       3000 | #Constraints:    1925840
c bounds - >= -714656 @ 383.922
c bounds - >= -714654 @ 384.147
c bounds - >= -714650 @ 384.37
c bounds - >= -714646 @ 384.595
c bounds - >= -714642 @ 384.821
c bounds - >= -714638 @ 385.044
c bounds - >= -714634 @ 385.265
c bounds - >= -714630 @ 385.489
c bounds - >= -714626 @ 385.712
c bounds - >= -714622 @ 385.935
c bounds - >= -714618 @ 386.161
c bounds - >= -714616 @ 386.39
c bounds - >= -714612 @ 386.611
c bounds - >= -714608 @ 386.834
c bounds - >= -714604 @ 387.055
c bounds - >= -714600 @ 387.279
c bounds - >= -714596 @ 387.501
c bounds - >= -714592 @ 387.723
c bounds - >= -714588 @ 387.949
c bounds - >= -714584 @ 388.179
c bounds - >= -714580 @ 388.403
c bounds - >= -714578 @ 388.631
c bounds - >= -714574 @ 388.85
c bounds - >= -714570 @ 389.072
c bounds - >= -714566 @ 389.294
c bounds - >= -714562 @ 389.518
c bounds - >= -714558 @ 389.742
c bounds - >= -714554 @ 389.964
c bounds - >= -714550 @ 390.189
c bounds - >= -714546 @ 390.412
c bounds - >= -714542 @ 390.635
c bounds - >= -714540 @ 390.862
c bounds - >= -714536 @ 391.085
c bounds - >= -714532 @ 391.307
c bounds - >= -714528 @ 391.529
c bounds - >= -714524 @ 391.752
c bounds - >= -714520 @ 391.974
c bounds - >= -714516 @ 392.194
c bounds - >= -714512 @ 392.416
c bounds - >= -714508 @ 392.64
c bounds - >= -714504 @ 392.863
c bounds - >= -714502 @ 393.086
c bounds - >= -714498 @ 393.307
c bounds - >= -714494 @ 393.531
c bounds - >= -714490 @ 393.755
c bounds - >= -714486 @ 393.982
c bounds - >= -714482 @ 394.208
c bounds - >= -714478 @ 394.43
c bounds - >= -714474 @ 394.653
c bounds - >= -714470 @ 394.88
c bounds - >= -714466 @ 395.107
c bounds - >= -714464 @ 395.333
c bounds - >= -714460 @ 395.557
c bounds - >= -714456 @ 395.778
c bounds - >= -714452 @ 396
c bounds - >= -714448 @ 396.223
c bounds - >= -714444 @ 396.448
c bounds - >= -714440 @ 396.672
c bounds - >= -714436 @ 396.897
c bounds - >= -714432 @ 397.121
c bounds - >= -714428 @ 397.344
c bounds - >= -714426 @ 397.571
c bounds - >= -714422 @ 397.794
c bounds - >= -714418 @ 398.018
c bounds - >= -714414 @ 398.244
c bounds - >= -714410 @ 398.466
c bounds - >= -714406 @ 398.687
c bounds - >= -714402 @ 398.909
c bounds - >= -714398 @ 399.131
c bounds - >= -714394 @ 399.354
c bounds - >= -714390 @ 399.575
c bounds - >= -714388 @ 399.806
c bounds - >= -714384 @ 400.031
c bounds - >= -714380 @ 400.258
c bounds - >= -714376 @ 400.479
c bounds - >= -714372 @ 400.701
c bounds - >= -714368 @ 400.924
c bounds - >= -714364 @ 401.148
c bounds - >= -714360 @ 401.373
c bounds - >= -714356 @ 401.598
c bounds - >= -714352 @ 401.823
c bounds - >= -714350 @ 402.052
c bounds - >= -714346 @ 402.275
c bounds - >= -714342 @ 402.501
c bounds - >= -714338 @ 402.728
c bounds - >= -714334 @ 402.951
c bounds - >= -714330 @ 403.175
c bounds - >= -714326 @ 403.4
c bounds - >= -714322 @ 403.623
c bounds - >= -714318 @ 403.841
c bounds - >= -714314 @ 404.066
c bounds - >= -714312 @ 404.293
c bounds - >= -714308 @ 404.512
c bounds - >= -714304 @ 404.736
c bounds - >= -714300 @ 404.957
c bounds - >= -714296 @ 405.181
c bounds - >= -714292 @ 405.405
c bounds - >= -714288 @ 405.627
c bounds - >= -714284 @ 405.848
c bounds - >= -714280 @ 406.068
c bounds - >= -714276 @ 406.292
c bounds - >= -714274 @ 406.525
c bounds - >= -714270 @ 406.751
c bounds - >= -714266 @ 406.975
c bounds - >= -714262 @ 407.194
c bounds - >= -714258 @ 407.413
c bounds - >= -714254 @ 407.637
c bounds - >= -714250 @ 407.863
c bounds - >= -714246 @ 408.09
c bounds - >= -714242 @ 408.312
c bounds - >= -714238 @ 408.534
c bounds - >= -714236 @ 408.76
c bounds - >= -714232 @ 408.985
c bounds - >= -714228 @ 409.212
c bounds - >= -714224 @ 409.437
c bounds - >= -714220 @ 409.657
c bounds - >= -714216 @ 409.877
c bounds - >= -714212 @ 410.098
c bounds - >= -714208 @ 410.323
c bounds - >= -714204 @ 410.546
c bounds - >= -714200 @ 410.77
c bounds - >= -714198 @ 410.997
c bounds - >= -714194 @ 411.224
c bounds - >= -714190 @ 411.445
c bounds - >= -714186 @ 411.667
c bounds - >= -714182 @ 411.888
c bounds - >= -714178 @ 412.111
c bounds - >= -714174 @ 412.334
c bounds - >= -714170 @ 412.559
c bounds - >= -714166 @ 412.784
c bounds - >= -714162 @ 413.009
c bounds - >= -714160 @ 413.238
c bounds - >= -714156 @ 413.462
c bounds - >= -714152 @ 413.685
c bounds - >= -714148 @ 413.909
c bounds - >= -714144 @ 414.133
c bounds - >= -714140 @ 414.354
c bounds - >= -714136 @ 414.578
c bounds - >= -714132 @ 414.801
c bounds - >= -714128 @ 415.022
c bounds - >= -714124 @ 415.249
c bounds - >= -714122 @ 415.48
c bounds - >= -714118 @ 415.706
c bounds - >= -714114 @ 415.93
c bounds - >= -714110 @ 416.153
c bounds - >= -714106 @ 416.376
c bounds - >= -714102 @ 416.598
c bounds - >= -714098 @ 416.821
c bounds - >= -714094 @ 417.048
c bounds - >= -714090 @ 417.272
c bounds - >= -714086 @ 417.494
c bounds - >= -714084 @ 417.72
c bounds - >= -714080 @ 417.942
c bounds - >= -714076 @ 418.164
c bounds - >= -714072 @ 418.386
c bounds - >= -714068 @ 418.609
c bounds - >= -714064 @ 418.832
c bounds - >= -714060 @ 419.056
c bounds - >= -714056 @ 419.279
c bounds - >= -714052 @ 419.503
c bounds - >= -714048 @ 419.725
c bounds - >= -714046 @ 419.953
c bounds - >= -714042 @ 420.174
c bounds - >= -714038 @ 420.4
c bounds - >= -714034 @ 420.619
c bounds - >= -714030 @ 420.838
c bounds - >= -714026 @ 421.059
c bounds - >= -714022 @ 421.288
c bounds - >= -714018 @ 421.516
c bounds - >= -714014 @ 421.739
c bounds - >= -714010 @ 421.964
c bounds - >= -714008 @ 422.196
c bounds - >= -714004 @ 422.421
c bounds - >= -714000 @ 422.646
c bounds - >= -713996 @ 422.867
c bounds - >= -713992 @ 423.092
c bounds - >= -713988 @ 423.316
c bounds - >= -713984 @ 423.54
c bounds - >= -713980 @ 423.763
c bounds - >= -713976 @ 423.984
c bounds - >= -713972 @ 424.208
c bounds - >= -713970 @ 424.451
c bounds - >= -713968 @ 424.7
c bounds - >= -713964 @ 424.925
c bounds - >= -713960 @ 425.151
c bounds - >= -713958 @ 425.392
c bounds - >= -713956 @ 425.635
c bounds - >= -713954 @ 425.876
c bounds - >= -713952 @ 426.12
c bounds - >= -713950 @ 426.363
c bounds - >= -713948 @ 426.604
c bounds - >= -713946 @ 426.845
c bounds - >= -713944 @ 427.087
c bounds - >= -713942 @ 427.329
c bounds - >= -713940 @ 427.571
c bounds - >= -713938 @ 427.813
c bounds - >= -713936 @ 428.055
c bounds - >= -713934 @ 428.298
c bounds - >= -713932 @ 428.541
c bounds - >= -713930 @ 428.781
c bounds - >= -713928 @ 429.021
c bounds - >= -713926 @ 429.26
c bounds - >= -713924 @ 429.5
c bounds - >= -713922 @ 429.743
c bounds - >= -713920 @ 429.986
c bounds - >= -713918 @ 430.229
c bounds - >= -713916 @ 430.47
c bounds - >= -713914 @ 430.71
c bounds - >= -713912 @ 430.951
c bounds - >= -713910 @ 431.192
c bounds - >= -713908 @ 431.434
c bounds - >= -713906 @ 431.675
c bounds - >= -713904 @ 431.917
c bounds - >= -713902 @ 432.156
c bounds - >= -713900 @ 432.396
c bounds - >= -713898 @ 432.64
c bounds - >= -713894 @ 432.864
c bounds - >= -713890 @ 433.091
c bounds - >= -713886 @ 433.312
c bounds - >= -713882 @ 433.535
c bounds - >= -713878 @ 433.761
c bounds - >= -713874 @ 433.987
c bounds - >= -713872 @ 434.241
c bounds - >= -713868 @ 434.465
c bounds - >= -713864 @ 434.688
c bounds - >= -713860 @ 434.913
c bounds - >= -713856 @ 435.141
c bounds - >= -713852 @ 435.366
c bounds - >= -713848 @ 435.591
c bounds - >= -713844 @ 435.816
c bounds - >= -713840 @ 436.039
c bounds - >= -713836 @ 436.261
c bounds - >= -713832 @ 436.48
c bounds - >= -713828 @ 436.701
c bounds - >= -713824 @ 436.925
c bounds - >= -713820 @ 437.149
c bounds - >= -713816 @ 437.37
c bounds - >= -713812 @ 437.589
c bounds - >= -713808 @ 437.813
c bounds - >= -713804 @ 438.034
c bounds - >= -713800 @ 438.256
c bounds - >= -713796 @ 438.482
c bounds - >= -713792 @ 438.706
c bounds - >= -713790 @ 438.954
c bounds - >= -713786 @ 439.176
c bounds - >= -713782 @ 439.395
c bounds - >= -713778 @ 439.616
c bounds - >= -713774 @ 439.839
c bounds - >= -713770 @ 440.062
c bounds - >= -713766 @ 440.289
c bounds - >= -713764 @ 440.54
c bounds - >= -713760 @ 440.767
c bounds - >= -713756 @ 440.99
c bounds - >= -713752 @ 441.214
c bounds - >= -713748 @ 441.434
c bounds - >= -713744 @ 441.656
c bounds - >= -713740 @ 441.884
c bounds - >= -713738 @ 442.136
c bounds - >= -713734 @ 442.362
c bounds - >= -713730 @ 442.584
c bounds - >= -713726 @ 442.807
c bounds - >= -713722 @ 443.03
c bounds - >= -713718 @ 443.253
c bounds - >= -713714 @ 443.476
c bounds - >= -713712 @ 443.72
c bounds - >= -713708 @ 443.94
c bounds - >= -713704 @ 444.164
c bounds - >= -713700 @ 444.388
c bounds - >= -713696 @ 444.611
c bounds - >= -713692 @ 444.832
c bounds - >= -713688 @ 445.054
c bounds - >= -713686 @ 445.299
c bounds - >= -713682 @ 445.522
c bounds - >= -713678 @ 445.746
c bounds - >= -713674 @ 445.967
c bounds - >= -713670 @ 446.189
c bounds - >= -713666 @ 446.411
c bounds - >= -713662 @ 446.633
c bounds - >= -713660 @ 446.88
c bounds - >= -713656 @ 447.105
c bounds - >= -713652 @ 447.332
c bounds - >= -713648 @ 447.557
c bounds - >= -713644 @ 447.781
c bounds - >= -713640 @ 448.007
c bounds - >= -713636 @ 448.228
c bounds - >= -713634 @ 448.474
c bounds - >= -713630 @ 448.699
c bounds - >= -713626 @ 448.922
c bounds - >= -713622 @ 449.147
c bounds - >= -713618 @ 449.37
c bounds - >= -713614 @ 449.594
c bounds - >= -713610 @ 449.816
c bounds - >= -713608 @ 450.062
c bounds - >= -713604 @ 450.286
c bounds - >= -713600 @ 450.509
c bounds - >= -713596 @ 450.731
c bounds - >= -713592 @ 450.956
c bounds - >= -713588 @ 451.177
c bounds - >= -713584 @ 451.399
c bounds - >= -713582 @ 451.646
c bounds - >= -713578 @ 451.871
c bounds - >= -713574 @ 452.092
c bounds - >= -713570 @ 452.313
c bounds - >= -713566 @ 452.538
c bounds - >= -713562 @ 452.762
c bounds - >= -713558 @ 452.985
c bounds - >= -713556 @ 453.231
c bounds - >= -713552 @ 453.455
c bounds - >= -713548 @ 453.679
c bounds - >= -713544 @ 453.903
c bounds - >= -713540 @ 454.129
c bounds - >= -713536 @ 454.355
c bounds - >= -713532 @ 454.578
c bounds - >= -713530 @ 454.825
c bounds - >= -713526 @ 455.048
c bounds - >= -713522 @ 455.272
c bounds - >= -713518 @ 455.494
c bounds - >= -713514 @ 455.717
c bounds - >= -713510 @ 455.94
c bounds - >= -713506 @ 456.165
c bounds - >= -713504 @ 456.413
c bounds - >= -713500 @ 456.638
c bounds - >= -713496 @ 456.861
c bounds - >= -713492 @ 457.084
c bounds - >= -713488 @ 457.308
c bounds - >= -713484 @ 457.533
c bounds - >= -713480 @ 457.758
c bounds - >= -713478 @ 458.006
c bounds - >= -713474 @ 458.233
c bounds - >= -713470 @ 458.454
c bounds - >= -713466 @ 458.677
c bounds - >= -713462 @ 458.901
c bounds - >= -713458 @ 459.126
c bounds - >= -713454 @ 459.351
c bounds - >= -713452 @ 459.599
c bounds - >= -713448 @ 459.821
c bounds - >= -713444 @ 460.044
c bounds - >= -713440 @ 460.269
c bounds - >= -713436 @ 460.491
c bounds - >= -713432 @ 460.711
c bounds - >= -713428 @ 460.935
c bounds - >= -713426 @ 461.181
c bounds - >= -713422 @ 461.404
c bounds - >= -713418 @ 461.626
c bounds - >= -713414 @ 461.848
c bounds - >= -713410 @ 462.069
c bounds - >= -713406 @ 462.288
c bounds - >= -713402 @ 462.511
c bounds - >= -713400 @ 462.761
c bounds - >= -713396 @ 462.986
c bounds - >= -713392 @ 463.214
c bounds - >= -713388 @ 463.442
c bounds - >= -713384 @ 463.665
c bounds - >= -713380 @ 463.887
c bounds - >= -713376 @ 464.112
c bounds - >= -713374 @ 464.358
c bounds - >= -713370 @ 464.581
c bounds - >= -713366 @ 464.805
c bounds - >= -713362 @ 465.029
c bounds - >= -713358 @ 465.249
c bounds - >= -713354 @ 465.473
c bounds - >= -713350 @ 465.699
c bounds - >= -713348 @ 465.948
c bounds - >= -713344 @ 466.171
c bounds - >= -713340 @ 466.395
c bounds - >= -713336 @ 466.618
c bounds - >= -713332 @ 466.842
c bounds - >= -713328 @ 467.066
c bounds - >= -713324 @ 467.289
c bounds - >= -713322 @ 467.536
c bounds - >= -713318 @ 467.761
c bounds - >= -713314 @ 467.984
c bounds - >= -713310 @ 468.204
c bounds - >= -713306 @ 468.428
c bounds - >= -713302 @ 468.65
c bounds - >= -713298 @ 468.869
c bounds - >= -713296 @ 469.114
c bounds - >= -713292 @ 469.338
c bounds - >= -713288 @ 469.562
c bounds - >= -713284 @ 469.783
c bounds - >= -713280 @ 470.005
c bounds - >= -713276 @ 470.226
c bounds - >= -713272 @ 470.451
c bounds - >= -713270 @ 470.698
c bounds - >= -713266 @ 470.922
c bounds - >= -713262 @ 471.142
c bounds - >= -713258 @ 471.364
c bounds - >= -713254 @ 471.585
c bounds - >= -713250 @ 471.804
c bounds - >= -713246 @ 472.027
c bounds - >= -713244 @ 472.275
c bounds - >= -713240 @ 472.498
c bounds - >= -713236 @ 472.721
c bounds - >= -713232 @ 472.946
c bounds - >= -713228 @ 473.17
c bounds - >= -713224 @ 473.394
c bounds - >= -713220 @ 473.617
c bounds - >= -713218 @ 473.863
c bounds - >= -713214 @ 474.09
c bounds - >= -713210 @ 474.314
c bounds - >= -713206 @ 474.536
c bounds - >= -713202 @ 474.757
c bounds - >= -713198 @ 474.983
c bounds - >= -713194 @ 475.208
c bounds - >= -713192 @ 475.454
c bounds - >= -713188 @ 475.679
c bounds - >= -713184 @ 475.904
c bounds - >= -713180 @ 476.127
c bounds - >= -713176 @ 476.35
c bounds - >= -713172 @ 476.574
c bounds - >= -713168 @ 476.798
c bounds - >= -713166 @ 477.047
c bounds - >= -713162 @ 477.267
c bounds - >= -713158 @ 477.489
c bounds - >= -713154 @ 477.712
c bounds - >= -713150 @ 477.937
c bounds - >= -713146 @ 478.164
c bounds - >= -713142 @ 478.389
c bounds - >= -713140 @ 478.637
c bounds - >= -713136 @ 478.856
c bounds - >= -713132 @ 479.079
c bounds - >= -713128 @ 479.3
c bounds - >= -713124 @ 479.523
c bounds - >= -713120 @ 479.748
c bounds - >= -713116 @ 479.971
c bounds - >= -713114 @ 480.216
c bounds - >= -713110 @ 480.44
c bounds - >= -713106 @ 480.665
c bounds - >= -713102 @ 480.888
c bounds - >= -713098 @ 481.11
c bounds - >= -713094 @ 481.331
c bounds - >= -713090 @ 481.554
c bounds - >= -713088 @ 481.802
c bounds - >= -713084 @ 482.025
c bounds - >= -713080 @ 482.247
c bounds - >= -713076 @ 482.467
c bounds - >= -713072 @ 482.691
c bounds - >= -713068 @ 482.915
c bounds - >= -713064 @ 483.14
c bounds - >= -713062 @ 483.388
c bounds - >= -713058 @ 483.613
c bounds - >= -713054 @ 483.83
c bounds - >= -713050 @ 484.05
c bounds - >= -713046 @ 484.276
c bounds - >= -713042 @ 484.502
c bounds - >= -713038 @ 484.727
c bounds - >= -713036 @ 484.974
c bounds - >= -713032 @ 485.198
c bounds - >= -713028 @ 485.42
c bounds - >= -713024 @ 485.649
c bounds - >= -713020 @ 485.873
c bounds - >= -713016 @ 486.096
c bounds - >= -713012 @ 486.319
c bounds - >= -713010 @ 486.568
c bounds - >= -713008 @ 486.821
c bounds - >= -713004 @ 487.043
c bounds - >= -713000 @ 487.265
c bounds - >= -712998 @ 487.513
c bounds - >= -712996 @ 487.758
c bounds - >= -712994 @ 488.003
c bounds - >= -712992 @ 488.247
c bounds - >= -712990 @ 488.493
c bounds - >= -712988 @ 488.74
c bounds - >= -712986 @ 488.987
c bounds - >= -712984 @ 489.234
c bounds - >= -712982 @ 489.481
c bounds - >= -712980 @ 489.727
c bounds - >= -712978 @ 489.956
c bounds - >= -712976 @ 490.182
c bounds - >= -712974 @ 490.41
c bounds - >= -712972 @ 490.639
c bounds - >= -712970 @ 490.868
c bounds - >= -712968 @ 491.097
c bounds - >= -712966 @ 491.323
c bounds - >= -712964 @ 491.549
c bounds - >= -712962 @ 491.776
c bounds - >= -712960 @ 492.002
c bounds - >= -712956 @ 492.224
c bounds - >= -712952 @ 492.448
c bounds - >= -712948 @ 492.673
c bounds - >= -712944 @ 492.898
c bounds - >= -712940 @ 493.124
c bounds - >= -712936 @ 493.347
c bounds - >= -712932 @ 493.57
c bounds - >= -712928 @ 493.794
c bounds - >= -712924 @ 494.016
c bounds - >= -712920 @ 494.238
c bounds - >= -712916 @ 494.461
c bounds - >= -712912 @ 494.684
c bounds - >= -712908 @ 494.909
c bounds - >= -712904 @ 495.134
c bounds - >= -712900 @ 495.358
c bounds - >= -712896 @ 495.582
c bounds - >= -712892 @ 495.804
c bounds - >= -712888 @ 496.025
c bounds - >= -712884 @ 496.249
c bounds - >= -712880 @ 496.472
c bounds - >= -712876 @ 496.689
c bounds - >= -712872 @ 496.91
c bounds - >= -712868 @ 497.133
c bounds - >= -712864 @ 497.359
c bounds - >= -712860 @ 497.584
c bounds - >= -712856 @ 497.807
c bounds - >= -712852 @ 498.03
c bounds - >= -712848 @ 498.25
c bounds - >= -712844 @ 498.472
c bounds - >= -712840 @ 498.691
c bounds - >= -712836 @ 498.917
c bounds - >= -712832 @ 499.137
c bounds - >= -712828 @ 499.36
c bounds - >= -712824 @ 499.581
c bounds - >= -712820 @ 499.804
c bounds - >= -712816 @ 500.026
c bounds - >= -712812 @ 500.246
c bounds - >= -712808 @ 500.467
c bounds - >= -712804 @ 500.688
c bounds - >= -712800 @ 500.912
c bounds - >= -712796 @ 501.137
c bounds - >= -712792 @ 501.36
c bounds - >= -712788 @ 501.581
c bounds - >= -712784 @ 501.808
c bounds - >= -712780 @ 502.034
c bounds - >= -712776 @ 502.257
c bounds - >= -712772 @ 502.479
c bounds - >= -712768 @ 502.7
c bounds - >= -712764 @ 502.921
c bounds - >= -712760 @ 503.146
c bounds - >= -712756 @ 503.372
c bounds - >= -712752 @ 503.596
c bounds - >= -712748 @ 503.822
c bounds - >= -712744 @ 504.044
c bounds - >= -712740 @ 504.265
c bounds - >= -712736 @ 504.484
c bounds - >= -712732 @ 504.708
c bounds - >= -712728 @ 504.933
c bounds - >= -712724 @ 505.156
c bounds - >= -712720 @ 505.38
c bounds - >= -712716 @ 505.605
c bounds - >= -712712 @ 505.83
c bounds - >= -712708 @ 506.06
c bounds - >= -712704 @ 506.285
c bounds - >= -712700 @ 506.51
c bounds - >= -712696 @ 506.732
c bounds - >= -712692 @ 506.958
c bounds - >= -712688 @ 507.184
c bounds - >= -712684 @ 507.406
c bounds - >= -712680 @ 507.631
c bounds - >= -712676 @ 507.857
c bounds - >= -712672 @ 508.083
c bounds - >= -712668 @ 508.311
c bounds - >= -712664 @ 508.534
c bounds - >= -712660 @ 508.759
c bounds - >= -712656 @ 508.984
c bounds - >= -712652 @ 509.214
c bounds - >= -712648 @ 509.442
c bounds - >= -712644 @ 509.669
c bounds - >= -712640 @ 509.894
c bounds - >= -712636 @ 510.117
c bounds - >= -712632 @ 510.341
c bounds - >= -712628 @ 510.565
c bounds - >= -712624 @ 510.789
c bounds - >= -712620 @ 511.014
c bounds - >= -712616 @ 511.241
c bounds - >= -712612 @ 511.466
c bounds - >= -712608 @ 511.689
c bounds - >= -712604 @ 511.914
c bounds - >= -712600 @ 512.135
c bounds - >= -712598 @ 512.36
c bounds - >= -712596 @ 512.588
c bounds - >= -712594 @ 512.818
c bounds - >= -712592 @ 513.045
c bounds - >= -712590 @ 513.272
c bounds - >= -712588 @ 513.5
c bounds - >= -712586 @ 513.726
c bounds - >= -712584 @ 513.954
c bounds - >= -712582 @ 514.181
c bounds - >= -712580 @ 514.408
c bounds - >= -712576 @ 514.629
c bounds - >= -712572 @ 514.852
c bounds - >= -712568 @ 515.078
c bounds - >= -712564 @ 515.305
c bounds - >= -712560 @ 515.528
c bounds - >= -712556 @ 515.753
c bounds - >= -712552 @ 515.981
c bounds - >= -712548 @ 516.205
c bounds - >= -712544 @ 516.432
c bounds - >= -712540 @ 516.657
c bounds - >= -712536 @ 516.879
c bounds - >= -712532 @ 517.104
c bounds - >= -712528 @ 517.326
c bounds - >= -712524 @ 517.55
c bounds - >= -712520 @ 517.781
c bounds - >= -712516 @ 518.007
c bounds - >= -712512 @ 518.23
c bounds - >= -712508 @ 518.455
c bounds - >= -712504 @ 518.681
c bounds - >= -712500 @ 518.904
c bounds - >= -712496 @ 519.129
c bounds - >= -712492 @ 519.351
c bounds - >= -712488 @ 519.575
c bounds - >= -712484 @ 519.801
c bounds - >= -712480 @ 520.025
c bounds - >= -712476 @ 520.245
c bounds - >= -712472 @ 520.465
c bounds - >= -712468 @ 520.687
c bounds - >= -712464 @ 520.91
c bounds - >= -712460 @ 521.129
c bounds - >= -712456 @ 521.352
c bounds - >= -712452 @ 521.574
c bounds - >= -712448 @ 521.795
c bounds - >= -712444 @ 522.017
c bounds - >= -712440 @ 522.24
c bounds - >= -712436 @ 522.461
c bounds - >= -712432 @ 522.684
c bounds - >= -712428 @ 522.906
c bounds - >= -712424 @ 523.129
c bounds - >= -712420 @ 523.352
c bounds - >= -712416 @ 523.573
c bounds - >= -712412 @ 523.799
c bounds - >= -712408 @ 524.024
c bounds - >= -712404 @ 524.246
c bounds - >= -712400 @ 524.466
c bounds - >= -712396 @ 524.687
c bounds - >= -712392 @ 524.91
c bounds - >= -712388 @ 525.136
c bounds - >= -712384 @ 525.362
c bounds - >= -712380 @ 525.585
c bounds - >= -712376 @ 525.805
c bounds - >= -712372 @ 526.026
c bounds - >= -712368 @ 526.247
c bounds - >= -712364 @ 526.471
c bounds - >= -712360 @ 526.693
c bounds - >= -712356 @ 526.916
c bounds - >= -712352 @ 527.137
c bounds - >= -712348 @ 527.359
c bounds - >= -712344 @ 527.581
c bterminate called after throwing an instance of 'rs::OutOfMemoryException'
