c RoundingSat 2
c branch 
c commit 
c #variables 6561 #constraints 25013
c bounds - >= -2088 @ 0.079153
c bounds 0 >= -2088 @ 0.083679
c bounds 0 >= -2086 @ 0.084026
c bounds 0 >= -2084 @ 0.084534
c bounds 0 >= -2082 @ 0.08512
c bounds 0 >= -2080 @ 0.085709
c bounds 0 >= -2078 @ 0.086301
c bounds 0 >= -2076 @ 0.086886
c bounds 0 >= -2074 @ 0.08747
c bounds 0 >= -2072 @ 0.088054
c bounds 0 >= -2070 @ 0.088638
c bounds 0 >= -2068 @ 0.089183
c bounds 0 >= -2066 @ 0.089765
c bounds 0 >= -2064 @ 0.090359
c bounds 0 >= -2062 @ 0.090947
c bounds 0 >= -2060 @ 0.091524
c bounds 0 >= -2058 @ 0.092107
c bounds 0 >= -2056 @ 0.092707
c bounds 0 >= -2054 @ 0.093311
c bounds 0 >= -2052 @ 0.0939
c bounds 0 >= -2050 @ 0.094477
c bounds 0 >= -2048 @ 0.095089
c bounds 0 >= -2046 @ 0.095696
c bounds 0 >= -2044 @ 0.096299
c bounds 0 >= -2042 @ 0.0969
c bounds 0 >= -2040 @ 0.09747
c bounds 0 >= -2038 @ 0.098062
c bounds 0 >= -2036 @ 0.098656
c bounds 0 >= -2034 @ 0.099258
c bounds 0 >= -2032 @ 0.099842
c bounds 0 >= -2030 @ 0.100088
c bounds 0 >= -2028 @ 0.100088
c bounds 0 >= -2026 @ 0.100678
c bounds 0 >= -2024 @ 0.101258
c bounds -4 >= -2024 @ 0.105647
c bounds -4 >= -2022 @ 0.106125
c bounds -4 >= -2020 @ 0.10671
c bounds -4 >= -2018 @ 0.1073
c bounds -4 >= -2016 @ 0.107884
c bounds -4 >= -2014 @ 0.108462
c bounds -4 >= -2012 @ 0.109049
c bounds -4 >= -2010 @ 0.109634
c bounds -4 >= -2008 @ 0.110227
c bounds -4 >= -2006 @ 0.110802
c bounds -4 >= -2004 @ 0.111379
c bounds -4 >= -2002 @ 0.111959
c bounds -4 >= -2000 @ 0.112544
c bounds -4 >= -1998 @ 0.113137
c bounds -4 >= -1996 @ 0.11372
c bounds -4 >= -1994 @ 0.114313
c bounds -4 >= -1992 @ 0.114895
c bounds -4 >= -1990 @ 0.115485
c bounds -4 >= -1988 @ 0.116058
c bounds -4 >= -1986 @ 0.116653
c bounds -4 >= -1984 @ 0.117244
c bounds -4 >= -1982 @ 0.117832
c bounds -4 >= -1980 @ 0.118419
c bounds -4 >= -1978 @ 0.119016
c bounds -4 >= -1976 @ 0.119604
c bounds -4 >= -1974 @ 0.120199
c bounds -4 >= -1972 @ 0.120785
c bounds -4 >= -1970 @ 0.121374
c bounds -4 >= -1968 @ 0.121966
c bounds -4 >= -1966 @ 0.122555
c bounds -4 >= -1964 @ 0.123164
c bounds -4 >= -1962 @ 0.123795
c bounds -4 >= -1960 @ 0.124406
c bounds -4 >= -1958 @ 0.125033
c bounds -4 >= -1956 @ 0.125657
c bounds -4 >= -1954 @ 0.126269
c bounds -4 >= -1952 @ 0.126883
c bounds -8 >= -1952 @ 0.134697
c bounds -8 >= -1950 @ 0.135435
c bounds -8 >= -1948 @ 0.136039
c bounds -8 >= -1946 @ 0.136656
c bounds -8 >= -1944 @ 0.13726
c bounds -8 >= -1942 @ 0.137855
c bounds -8 >= -1940 @ 0.138466
c bounds -8 >= -1938 @ 0.139074
c bounds -8 >= -1936 @ 0.139697
c bounds -8 >= -1934 @ 0.14031
c bounds -8 >= -1932 @ 0.140906
c bounds -8 >= -1930 @ 0.141512
c bounds -8 >= -1928 @ 0.14211
c bounds -8 >= -1926 @ 0.142716
c bounds -8 >= -1924 @ 0.143325
c bounds -8 >= -1922 @ 0.143947
c bounds -8 >= -1920 @ 0.144557
c bounds -8 >= -1918 @ 0.145144
c bounds -8 >= -1916 @ 0.145768
c bounds -8 >= -1914 @ 0.146375
c bounds -8 >= -1912 @ 0.14698
c bounds -8 >= -1910 @ 0.147586
c bounds -8 >= -1908 @ 0.148187
c bounds -8 >= -1906 @ 0.14879
c bounds -8 >= -1904 @ 0.149401
c bounds -8 >= -1902 @ 0.150008
c bounds -8 >= -1900 @ 0.150608
c bounds -8 >= -1898 @ 0.151219
c bounds -8 >= -1896 @ 0.151828
c bounds -8 >= -1894 @ 0.152431
c bounds -8 >= -1892 @ 0.153035
c bounds -8 >= -1890 @ 0.153638
c bounds -8 >= -1888 @ 0.154245
c bounds -8 >= -1886 @ 0.154852
c bounds -8 >= -1884 @ 0.155458
c bounds -8 >= -1882 @ 0.156052
c bounds -8 >= -1880 @ 0.156659
c bounds -12 >= -1880 @ 0.180637
c bounds -12 >= -1878 @ 0.181314
c bounds -12 >= -1876 @ 0.181925
c bounds -12 >= -1874 @ 0.18253
c bounds -12 >= -1872 @ 0.183139
c bounds -12 >= -1870 @ 0.183747
c bounds -12 >= -1868 @ 0.184366
c bounds -12 >= -1866 @ 0.184961
c bounds -12 >= -1864 @ 0.185566
c bounds -12 >= -1862 @ 0.1862
c bounds -12 >= -1860 @ 0.186815
c bounds -12 >= -1858 @ 0.187444
c bounds -12 >= -1856 @ 0.188048
c bounds -12 >= -1854 @ 0.188665
c bounds -12 >= -1852 @ 0.189274
c bounds -12 >= -1850 @ 0.18989
c bounds -12 >= -1848 @ 0.190509
c bounds -12 >= -1846 @ 0.191115
c bounds -12 >= -1844 @ 0.191716
c bounds -12 >= -1842 @ 0.192316
c bounds -12 >= -1840 @ 0.192912
c bounds -12 >= -1838 @ 0.193485
c bounds -12 >= -1836 @ 0.193485
c bounds -12 >= -1834 @ 0.193824
c bounds -12 >= -1832 @ 0.194413
c bounds -12 >= -1830 @ 0.195015
c bounds -12 >= -1828 @ 0.195631
c bounds -12 >= -1826 @ 0.196237
c bounds -12 >= -1824 @ 0.197255
c bounds -12 >= -1822 @ 0.197507
c bounds -12 >= -1820 @ 0.197507
c bounds -12 >= -1818 @ 0.198089
c bounds -12 >= -1816 @ 0.19866
c bounds -12 >= -1814 @ 0.199246
c bounds -12 >= -1812 @ 0.199786
c bounds -12 >= -1810 @ 0.200366
c bounds -12 >= -1808 @ 0.200947
c bounds -12 >= -1806 @ 0.20152
c bounds -12 >= -1804 @ 0.202109
c bounds -12 >= -1802 @ 0.202695
c bounds -12 >= -1800 @ 0.203277
c bounds -12 >= -1798 @ 0.203864
c bounds -12 >= -1796 @ 0.204458
c bounds -12 >= -1794 @ 0.205055
c bounds -12 >= -1792 @ 0.205663
c bounds -12 >= -1788 @ 0.206249
c bounds -12 >= -1786 @ 0.206837
c bounds -12 >= -1784 @ 0.207435
c bounds -12 >= -1782 @ 0.208027
c bounds -12 >= -1780 @ 0.208618
c bounds -12 >= -1778 @ 0.209207
c bounds -12 >= -1774 @ 0.209788
c bounds -12 >= -1772 @ 0.210383
c bounds -12 >= -1770 @ 0.210972
c bounds -12 >= -1768 @ 0.211566
c bounds -16 >= -1768 @ 0.222102
c bounds -16 >= -1766 @ 0.22239
c bounds -16 >= -1764 @ 0.22239
c bounds -16 >= -1762 @ 0.222984
c bounds -16 >= -1760 @ 0.223582
c bounds -16 >= -1756 @ 0.224168
c bounds -16 >= -1754 @ 0.224734
c bounds -16 >= -1752 @ 0.225339
c bounds -16 >= -1750 @ 0.225942
c bounds -16 >= -1748 @ 0.226543
c bounds -16 >= -1746 @ 0.227132
c bounds -16 >= -1744 @ 0.227716
c bounds -16 >= -1742 @ 0.228305
c bounds -16 >= -1740 @ 0.228897
c bounds -16 >= -1738 @ 0.229502
c bounds -16 >= -1736 @ 0.230098
c bounds -16 >= -1734 @ 0.230698
c bounds -16 >= -1732 @ 0.231293
c bounds -16 >= -1730 @ 0.231883
c bounds -16 >= -1728 @ 0.232482
c bounds -16 >= -1726 @ 0.233077
c bounds -16 >= -1724 @ 0.233315
c bounds -16 >= -1722 @ 0.233315
c bounds -16 >= -1720 @ 0.233901
c bounds -16 >= -1718 @ 0.234502
c bounds -16 >= -1716 @ 0.235108
c bounds -16 >= -1714 @ 0.235674
c bounds -16 >= -1712 @ 0.236278
c bounds -16 >= -1710 @ 0.236868
c bounds -16 >= -1708 @ 0.237476
c bounds -16 >= -1706 @ 0.238074
c bounds -16 >= -1704 @ 0.238664
c bounds -16 >= -1702 @ 0.239251
c bounds -16 >= -1700 @ 0.23984
c bounds -16 >= -1698 @ 0.240431
c bounds -16 >= -1696 @ 0.24102
c bounds -16 >= -1694 @ 0.241628
c bounds -16 >= -1692 @ 0.242225
c bounds -16 >= -1690 @ 0.242833
c bounds -16 >= -1688 @ 0.243446
c bounds -16 >= -1686 @ 0.24405
c bounds -16 >= -1684 @ 0.244286
c bounds -16 >= -1682 @ 0.244286
c bounds -16 >= -1680 @ 0.24488
c bounds -16 >= -1678 @ 0.245483
c bounds -16 >= -1676 @ 0.246086
c bounds -20 >= -1676 @ 0.266865
c bounds -20 >= -1674 @ 0.267506
c bounds -20 >= -1672 @ 0.268114
c bounds -20 >= -1670 @ 0.268754
c bounds -20 >= -1668 @ 0.269364
c bounds -20 >= -1666 @ 0.269975
c bounds -20 >= -1664 @ 0.270597
c bounds -20 >= -1662 @ 0.271202
c bounds -20 >= -1660 @ 0.271826
c bounds -20 >= -1658 @ 0.272436
c bounds -20 >= -1656 @ 0.273048
c bounds -20 >= -1654 @ 0.273663
c bounds -20 >= -1652 @ 0.27428
c bounds -20 >= -1650 @ 0.274884
c bounds -20 >= -1648 @ 0.275143
c bounds -20 >= -1646 @ 0.275143
c bounds -20 >= -1644 @ 0.275754
c bounds -20 >= -1642 @ 0.27636
c bounds -20 >= -1640 @ 0.276972
c bounds -20 >= -1638 @ 0.277594
c bounds -20 >= -1636 @ 0.278231
c bounds -20 >= -1634 @ 0.278879
c bounds -20 >= -1632 @ 0.279456
c bounds -20 >= -1630 @ 0.280091
c bounds -20 >= -1628 @ 0.280735
c bounds -20 >= -1626 @ 0.281364
c bounds -20 >= -1624 @ 0.281997
c bounds -20 >= -1622 @ 0.282587
c bounds -20 >= -1620 @ 0.283202
c bounds -20 >= -1618 @ 0.283827
c bounds -20 >= -1616 @ 0.284446
c bounds -20 >= -1614 @ 0.285053
c bounds -20 >= -1612 @ 0.285651
c bounds -20 >= -1610 @ 0.286303
c bounds -20 >= -1608 @ 0.286938
c bounds -20 >= -1606 @ 0.287608
c bounds -20 >= -1604 @ 0.288258
c bounds -20 >= -1602 @ 0.288893
c bounds -20 >= -1600 @ 0.289517
c bounds -20 >= -1598 @ 0.290132
c bounds -20 >= -1596 @ 0.290737
c bounds -20 >= -1594 @ 0.291349
c bounds -20 >= -1592 @ 0.291972
c bounds -20 >= -1590 @ 0.29259
c bounds -20 >= -1588 @ 0.293198
c bounds -20 >= -1586 @ 0.293819
c bounds -20 >= -1584 @ 0.294422
c bounds -20 >= -1582 @ 0.295044
c bounds -20 >= -1580 @ 0.295662
c bounds -20 >= -1578 @ 0.296274
c bounds -20 >= -1576 @ 0.29688
c bounds -20 >= -1574 @ 0.297489
c bounds -20 >= -1572 @ 0.298101
c bounds -20 >= -1570 @ 0.298721
c bounds -20 >= -1568 @ 0.299358
c bounds -20 >= -1566 @ 0.299964
c bounds -20 >= -1564 @ 0.300585
c bounds -20 >= -1562 @ 0.30123
c bounds -20 >= -1560 @ 0.301849
c bounds -20 >= -1558 @ 0.302449
c bounds -20 >= -1556 @ 0.303069
c bounds -20 >= -1554 @ 0.303684
c bounds -20 >= -1552 @ 0.304285
c bounds -20 >= -1550 @ 0.304902
c bounds -20 >= -1548 @ 0.305527
c bounds -20 >= -1546 @ 0.306149
c bounds -20 >= -1544 @ 0.306787
c bounds -20 >= -1542 @ 0.307824
c bounds -20 >= -1540 @ 0.308422
c bounds -20 >= -1538 @ 0.309066
c bounds -20 >= -1536 @ 0.309675
c bounds -20 >= -1534 @ 0.310284
c bounds -20 >= -1530 @ 0.31087
c bounds -20 >= -1528 @ 0.311482
c bounds -20 >= -1526 @ 0.3121
c bounds -20 >= -1524 @ 0.312688
c bounds -20 >= -1520 @ 0.312907
c bounds -20 >= -1518 @ 0.312915
c bounds -20 >= -1516 @ 0.313526
c bounds -20 >= -1514 @ 0.314148
c bounds -20 >= -1512 @ 0.31477
c bounds -20 >= -1510 @ 0.315361
c bounds -20 >= -1508 @ 0.315938
c bounds -20 >= -1506 @ 0.316533
c bounds -20 >= -1504 @ 0.317131
c bounds -20 >= -1502 @ 0.317722
c bounds -20 >= -1500 @ 0.318305
c bounds -20 >= -1498 @ 0.318902
c bounds -20 >= -1496 @ 0.319495
c bounds -20 >= -1494 @ 0.320096
c bounds -20 >= -1492 @ 0.320676
c bounds -20 >= -1490 @ 0.321251
c bounds -20 >= -1488 @ 0.321837
c bounds -20 >= -1486 @ 0.322426
c bounds -20 >= -1484 @ 0.323027
c bounds -20 >= -1482 @ 0.323628
c bounds -20 >= -1480 @ 0.323869
c bounds -20 >= -1478 @ 0.323869
c bounds -20 >= -1476 @ 0.324468
c bounds -20 >= -1474 @ 0.325107
c bounds -20 >= -1472 @ 0.325731
c bounds -20 >= -1470 @ 0.326377
c bounds -20 >= -1468 @ 0.327014
c bounds -20 >= -1466 @ 0.327631
c bounds -20 >= -1464 @ 0.328222
c bounds -20 >= -1462 @ 0.328814
c bounds -20 >= -1460 @ 0.32943
c bounds -20 >= -1458 @ 0.330062
c bounds -20 >= -1456 @ 0.330668
c bounds -20 >= -1454 @ 0.331273
c bounds -20 >= -1452 @ 0.331857
c bounds -20 >= -1450 @ 0.332435
c bounds -20 >= -1448 @ 0.333021
c bounds -20 >= -1446 @ 0.333624
c bounds -20 >= -1444 @ 0.33419
c bounds -20 >= -1442 @ 0.334778
c bounds -20 >= -1440 @ 0.335367
c bounds -20 >= -1438 @ 0.335945
c bounds -20 >= -1436 @ 0.336514
c bounds -20 >= -1434 @ 0.337115
c bounds -20 >= -1432 @ 0.337704
c bounds -20 >= -1430 @ 0.338291
c bounds -20 >= -1428 @ 0.338892
c bounds -20 >= -1426 @ 0.339486
c bounds -20 >= -1424 @ 0.340075
c bounds -20 >= -1422 @ 0.340666
c bounds -20 >= -1420 @ 0.34125
c bounds -20 >= -1418 @ 0.341809
c bounds -20 >= -1416 @ 0.342389
c bounds -20 >= -1414 @ 0.342997
c bounds -20 >= -1412 @ 0.343591
c bounds -20 >= -1410 @ 0.344189
c bounds -20 >= -1408 @ 0.344764
c bounds -20 >= -1406 @ 0.345351
c bounds -20 >= -1404 @ 0.345971
c bounds -20 >= -1402 @ 0.346574
c bounds -20 >= -1400 @ 0.34718
c bounds -20 >= -1398 @ 0.347752
c bounds -20 >= -1396 @ 0.348359
c bounds -20 >= -1394 @ 0.348956
c bounds -20 >= -1392 @ 0.349604
c bounds -20 >= -1390 @ 0.350241
c bounds -20 >= -1388 @ 0.350826
c bounds -20 >= -1386 @ 0.351418
c bounds -20 >= -1384 @ 0.352009
c bounds -20 >= -1382 @ 0.352608
c bounds -20 >= -1380 @ 0.353208
c bounds -20 >= -1378 @ 0.353462
c bounds -20 >= -1376 @ 0.353462
c bounds -20 >= -1374 @ 0.353997
c bounds -20 >= -1372 @ 0.354585
c bounds -20 >= -1370 @ 0.355166
c bounds -20 >= -1368 @ 0.355743
c bounds -20 >= -1366 @ 0.356341
c bounds -20 >= -1364 @ 0.356939
c bounds -20 >= -1362 @ 0.357535
c bounds -20 >= -1360 @ 0.358147
c bounds -20 >= -1358 @ 0.358759
c bounds -20 >= -1356 @ 0.359364
c bounds -20 >= -1354 @ 0.359954
c bounds -20 >= -1352 @ 0.36054
c bounds -20 >= -1350 @ 0.36114
c bounds -20 >= -1348 @ 0.361746
c bounds -20 >= -1346 @ 0.362342
c bounds -20 >= -1344 @ 0.362949
c bounds -20 >= -1342 @ 0.363543
c bounds -20 >= -1340 @ 0.364143
c bounds -20 >= -1338 @ 0.364734
c bounds -20 >= -1336 @ 0.365327
c bounds -20 >= -1334 @ 0.365942
c bounds -20 >= -1332 @ 0.36653
c bounds -20 >= -1330 @ 0.367134
c bounds -20 >= -1328 @ 0.367394
c bounds -20 >= -1326 @ 0.367394
c bounds -20 >= -1324 @ 0.36794
c bounds -20 >= -1322 @ 0.368548
c bounds -20 >= -1320 @ 0.369154
c bounds -20 >= -1318 @ 0.36976
c bounds -20 >= -1316 @ 0.370354
c bounds -20 >= -1314 @ 0.37096
c bounds -20 >= -1312 @ 0.371572
c bounds -20 >= -1310 @ 0.372182
c bounds -20 >= -1308 @ 0.372795
c bounds -20 >= -1306 @ 0.37341
c bounds -20 >= -1304 @ 0.373642
c bounds -20 >= -1302 @ 0.373643
c bounds -20 >= -1300 @ 0.37426
c bounds -20 >= -1298 @ 0.37488
c bounds -20 >= -1296 @ 0.375508
c bounds -20 >= -1294 @ 0.376129
c bounds -20 >= -1292 @ 0.376746
c bounds -20 >= -1290 @ 0.377366
c bounds -20 >= -1288 @ 0.377987
c bounds -20 >= -1286 @ 0.378608
c bounds -20 >= -1284 @ 0.379225
c bounds -20 >= -1282 @ 0.379844
c bounds -20 >= -1280 @ 0.380476
c bounds -20 >= -1278 @ 0.381112
c bounds -20 >= -1276 @ 0.381778
c bounds -20 >= -1274 @ 0.382424
c bounds -20 >= -1272 @ 0.383085
c bounds -20 >= -1270 @ 0.383726
c bounds -20 >= -1268 @ 0.38438
c bounds -20 >= -1266 @ 0.385041
c bounds -20 >= -1264 @ 0.385737
c bounds -20 >= -1262 @ 0.386407
c bounds -20 >= -1260 @ 0.387052
c bounds -20 >= -1258 @ 0.387692
c bounds -20 >= -1256 @ 0.388353
c bounds -20 >= -1254 @ 0.388581
c bounds -20 >= -1252 @ 0.388581
c bounds -20 >= -1250 @ 0.388581
c bounds -20 >= -1248 @ 0.388968
c bounds -20 >= -1246 @ 0.389286
c bounds -20 >= -1244 @ 0.389728
c bounds -20 >= -1242 @ 0.390359
c bounds -20 >= -1240 @ 0.390584
c bounds -20 >= -1238 @ 0.390622
c bounds -20 >= -1236 @ 0.391257
c bounds -20 >= -1234 @ 0.391878
c bounds -20 >= -1232 @ 0.392515
c bounds -20 >= -1230 @ 0.393156
c bounds -20 >= -1228 @ 0.393808
c bounds -20 >= -1226 @ 0.394454
c bounds -20 >= -1224 @ 0.395117
c bounds -20 >= -1222 @ 0.395787
c bounds -20 >= -1220 @ 0.396452
c bounds -20 >= -1218 @ 0.397104
c bounds -20 >= -1216 @ 0.39776
c bounds -20 >= -1214 @ 0.398412
c bounds -20 >= -1212 @ 0.399069
c bounds -20 >= -1210 @ 0.399717
c bounds -20 >= -1208 @ 0.400362
c bounds -20 >= -1206 @ 0.401014
c bounds -20 >= -1204 @ 0.401682
c bounds -20 >= -1202 @ 0.402335
c bounds -20 >= -1200 @ 0.402981
c bounds -20 >= -1198 @ 0.403644
c bounds -20 >= -1196 @ 0.404293
c bounds -20 >= -1194 @ 0.404945
c bounds -20 >= -1192 @ 0.40561
c bounds -20 >= -1190 @ 0.406286
c bounds -20 >= -1188 @ 0.406517
c bounds -20 >= -1186 @ 0.406749
c bounds -20 >= -1184 @ 0.407302
c bounds -20 >= -1182 @ 0.407516
c bounds -20 >= -1180 @ 0.407763
c bounds -20 >= -1178 @ 0.408339
c bounds -20 >= -1176 @ 0.409
c bounds -20 >= -1174 @ 0.409702
c bounds -20 >= -1172 @ 0.410383
c bounds -20 >= -1170 @ 0.411061
c bounds -20 >= -1168 @ 0.411747
c bounds -20 >= -1166 @ 0.412432
c bounds -20 >= -1164 @ 0.413113
c bounds -20 >= -1162 @ 0.4138
c bounds -20 >= -1160 @ 0.414478
c bounds -20 >= -1158 @ 0.41516
c bounds -20 >= -1156 @ 0.415488
c bounds -20 >= -1154 @ 0.415717
c bounds -20 >= -1152 @ 0.416307
c bounds -20 >= -1150 @ 0.416975
c bounds -20 >= -1148 @ 0.417694
c bounds -20 >= -1146 @ 0.418396
c bounds -20 >= -1144 @ 0.419098
c bounds -20 >= -1142 @ 0.4198
c bounds -20 >= -1140 @ 0.420503
c bounds -20 >= -1138 @ 0.421208
c bounds -20 >= -1136 @ 0.421465
c bounds -20 >= -1134 @ 0.421762
c bounds -20 >= -1132 @ 0.422359
c bounds -20 >= -1130 @ 0.423068
c bounds -20 >= -1128 @ 0.423768
c bounds -20 >= -1126 @ 0.424473
c bounds -20 >= -1124 @ 0.425182
c bounds -20 >= -1122 @ 0.425451
c bounds -20 >= -1120 @ 0.425746
c bounds -20 >= -1118 @ 0.426343
c bounds -20 >= -1116 @ 0.427063
c bounds -20 >= -1114 @ 0.427767
c bounds -20 >= -1112 @ 0.428488
c bounds -20 >= -1110 @ 0.429208
c bounds -20 >= -1108 @ 0.429936
c bounds -20 >= -1106 @ 0.430669
c bounds -20 >= -1104 @ 0.431391
c bounds -20 >= -1102 @ 0.431797
c bounds -20 >= -1100 @ 0.432329
c bounds -20 >= -1098 @ 0.43307
c bounds -20 >= -1096 @ 0.433787
c bounds -20 >= -1094 @ 0.434527
c bounds -20 >= -1092 @ 0.435259
c bounds -20 >= -1090 @ 0.435994
c bounds -20 >= -1088 @ 0.436724
c bounds -20 >= -1086 @ 0.437475
c bounds -20 >= -1084 @ 0.438212
c bounds -20 >= -1082 @ 0.438953
c bounds -20 >= -1080 @ 0.439694
c bounds -20 >= -1078 @ 0.440435
c bounds -20 >= -1076 @ 0.441167
c bounds -20 >= -1074 @ 0.441915
c bounds -20 >= -1072 @ 0.442659
c bounds -20 >= -1070 @ 0.443399
c bounds -20 >= -1068 @ 0.444137
c bounds -20 >= -1066 @ 0.44437
c bounds -20 >= -1064 @ 0.444704
c bounds -20 >= -1062 @ 0.445407
c bounds -22 >= -1062 @ 0.471633
c bounds -22 >= -1060 @ 0.472463
c bounds -22 >= -1058 @ 0.473212
c bounds -22 >= -1056 @ 0.473975
c bounds -22 >= -1054 @ 0.474254
c bounds -22 >= -1052 @ 0.474585
c bounds -22 >= -1050 @ 0.47525
c bounds -22 >= -1048 @ 0.476012
c bounds -22 >= -1046 @ 0.47625
c bounds -22 >= -1044 @ 0.476583
c bounds -22 >= -1042 @ 0.477362
c bounds -22 >= -1040 @ 0.478135
c bounds -22 >= -1038 @ 0.478907
c bounds -22 >= -1036 @ 0.479241
c bounds -22 >= -1034 @ 0.47957
c bounds -22 >= -1032 @ 0.480229
c bounds -22 >= -1030 @ 0.480998
c bounds -22 >= -1028 @ 0.481235
c bounds -22 >= -1026 @ 0.48156
c bounds -22 >= -1024 @ 0.48235
c bounds -22 >= -1022 @ 0.483151
c bounds -22 >= -1020 @ 0.483958
c bounds -22 >= -1018 @ 0.484758
c bounds -22 >= -1016 @ 0.485561
c bounds -22 >= -1014 @ 0.486357
c bounds -22 >= -1012 @ 0.487143
c bounds -22 >= -1010 @ 0.487946
c bounds -22 >= -1008 @ 0.488752
c bounds -22 >= -1006 @ 0.489548
c bounds -22 >= -1004 @ 0.490359
c bounds -22 >= -1002 @ 0.491166
c bounds -22 >= -1000 @ 0.491986
c bounds -22 >= -998 @ 0.492796
c bounds -22 >= -996 @ 0.493606
c bounds -22 >= -994 @ 0.494422
c bounds -22 >= -992 @ 0.49523
c bounds -22 >= -990 @ 0.496042
c bounds -22 >= -988 @ 0.496887
c bounds -22 >= -986 @ 0.497716
c bounds -22 >= -984 @ 0.498568
c bounds -22 >= -982 @ 0.499407
c bounds -22 >= -980 @ 0.500247
c bounds -22 >= -978 @ 0.501079
c bounds -22 >= -976 @ 0.501921
c bounds -22 >= -974 @ 0.502756
c bounds -22 >= -972 @ 0.503089
c bounds -22 >= -970 @ 0.503453
c bounds -22 >= -968 @ 0.504306
c bounds -22 >= -966 @ 0.505165
c bounds -22 >= -964 @ 0.506106
c bounds -22 >= -962 @ 0.506957
c bounds -22 >= -960 @ 0.507804
c bounds -22 >= -958 @ 0.508663
c bounds -22 >= -956 @ 0.509532
c bounds -22 >= -954 @ 0.510397
c bounds -22 >= -952 @ 0.511275
c bounds -22 >= -950 @ 0.512193
c bounds -22 >= -948 @ 0.513098
c bounds -22 >= -946 @ 0.513993
c bounds -22 >= -944 @ 0.514897
c bounds -22 >= -942 @ 0.515812
c bounds -22 >= -940 @ 0.516033
c bounds -22 >= -938 @ 0.516037
c bounds -22 >= -936 @ 0.516562
c bounds -22 >= -934 @ 0.517035
c bounds -22 >= -932 @ 0.517417
c bounds -22 >= -930 @ 0.518347
c bounds -22 >= -928 @ 0.519271
c bounds -22 >= -926 @ 0.520199
c bounds -22 >= -924 @ 0.521121
c bounds -22 >= -922 @ 0.522047
c bounds -22 >= -920 @ 0.522967
c bounds -22 >= -918 @ 0.523895
c bounds -22 >= -916 @ 0.524819
c bounds -22 >= -914 @ 0.525747
c bounds -22 >= -912 @ 0.526001
c bounds -22 >= -910 @ 0.526004
c bounds -22 >= -908 @ 0.52655
c bounds -22 >= -906 @ 0.527005
c bounds -22 >= -904 @ 0.527416
c bounds -22 >= -902 @ 0.527985
c bounds -22 >= -900 @ 0.528339
c bounds -22 >= -898 @ 0.529255
c bounds -22 >= -896 @ 0.530197
c bounds -22 >= -894 @ 0.531142
c bounds -22 >= -892 @ 0.532093
c bounds -22 >= -890 @ 0.533017
c bounds -22 >= -888 @ 0.533965
c bounds -22 >= -886 @ 0.534919
c bounds -22 >= -884 @ 0.535883
c bounds -22 >= -882 @ 0.536884
c bounds -22 >= -880 @ 0.537898
c bounds -22 >= -878 @ 0.538894
c bounds -22 >= -876 @ 0.539893
c bounds -22 >= -874 @ 0.540893
c bounds -22 >= -872 @ 0.541894
c bounds -22 >= -870 @ 0.542905
c bounds -22 >= -868 @ 0.543913
c bounds -22 >= -866 @ 0.544921
c bounds -22 >= -864 @ 0.545939
c bounds -22 >= -862 @ 0.546963
c bounds -22 >= -860 @ 0.547979
c bounds -22 >= -858 @ 0.549
c bounds -22 >= -856 @ 0.55003
c bounds -22 >= -854 @ 0.551051
c bounds -22 >= -852 @ 0.552106
c bounds -22 >= -850 @ 0.553149
c bounds -22 >= -848 @ 0.554185
c bounds -22 >= -846 @ 0.555226
c bounds -22 >= -844 @ 0.556715
c bounds -22 >= -842 @ 0.557793
c bounds -22 >= -840 @ 0.558856
c bounds -22 >= -838 @ 0.559923
c bounds -22 >= -836 @ 0.560991
c bounds -22 >= -834 @ 0.562079
c bounds -22 >= -832 @ 0.563156
c bounds -22 >= -830 @ 0.56386
c bounds -22 >= -828 @ 0.564313
c bounds -22 >= -826 @ 0.564859
c bounds -22 >= -824 @ 0.565503
c bounds -22 >= -822 @ 0.566612
c bounds -22 >= -820 @ 0.567708
c bounds -22 >= -818 @ 0.568788
c bounds -22 >= -816 @ 0.569899
c bounds -22 >= -814 @ 0.571036
c bounds -22 >= -812 @ 0.57215
c bounds -22 >= -810 @ 0.573259
c bounds -22 >= -808 @ 0.574379
c bounds -22 >= -806 @ 0.575511
c bounds -22 >= -804 @ 0.576643
c bounds -22 >= -802 @ 0.577758
c bounds -22 >= -800 @ 0.578883
c bounds -22 >= -798 @ 0.580001
c bounds -22 >= -796 @ 0.580796
c bounds -22 >= -794 @ 0.58125
c bounds -22 >= -792 @ 0.581795
c bounds -22 >= -790 @ 0.581798
c bounds -22 >= -788 @ 0.581801
c bounds -22 >= -786 @ 0.582805
c bounds -22 >= -784 @ 0.583968
c bounds -22 >= -782 @ 0.58512
c bounds -22 >= -780 @ 0.586265
c bounds -22 >= -778 @ 0.586779
c bounds -22 >= -776 @ 0.586782
c bounds -22 >= -774 @ 0.58779
c bounds -22 >= -772 @ 0.588951
c bounds -22 >= -770 @ 0.590096
c bounds -22 >= -768 @ 0.591249
c bounds -22 >= -766 @ 0.591766
c bounds -22 >= -764 @ 0.592571
c bounds -22 >= -762 @ 0.593738
c bounds -22 >= -760 @ 0.594923
c bounds -22 >= -758 @ 0.595751
c bounds -22 >= -756 @ 0.595755
c bounds -22 >= -754 @ 0.596444
c bounds -22 >= -752 @ 0.596754
c bounds -22 >= -750 @ 0.597885
c bounds -22 >= -748 @ 0.599058
c bounds -22 >= -746 @ 0.600248
c bounds -22 >= -744 @ 0.601453
c bounds -22 >= -742 @ 0.601739
c bounds -22 >= -740 @ 0.60291
c bounds -22 >= -738 @ 0.604093
c bounds -22 >= -736 @ 0.60531
c bounds -22 >= -734 @ 0.605726
c bounds -22 >= -732 @ 0.606759
c bounds -22 >= -730 @ 0.607994
c bounds -22 >= -728 @ 0.609235
c bounds -22 >= -726 @ 0.609712
c bounds -22 >= -724 @ 0.610724
c bounds -22 >= -722 @ 0.611961
c bounds -22 >= -720 @ 0.612668
c bounds -22 >= -718 @ 0.612673
c bounds -22 >= -716 @ 0.612714
c bounds -22 >= -714 @ 0.613947
c bounds -22 >= -712 @ 0.61467
c bounds -22 >= -710 @ 0.614673
c bounds -22 >= -708 @ 0.614715
c bounds -22 >= -706 @ 0.61597
c bounds -22 >= -704 @ 0.617222
c bounds -22 >= -702 @ 0.617667
c bounds -22 >= -700 @ 0.618739
c bounds -22 >= -698 @ 0.620456
c bounds -22 >= -696 @ 0.620864
c bounds -22 >= -694 @ 0.622003
c bounds -22 >= -692 @ 0.623267
c bounds -22 >= -690 @ 0.623648
c bounds -22 >= -688 @ 0.62483
c bounds -22 >= -686 @ 0.626061
c bounds -22 >= -684 @ 0.629249
c bounds -22 >= -682 @ 0.63516
c bounds -22 >= -680 @ 0.6373
c bounds -22 >= -678 @ 0.639007
c bounds -22 >= -676 @ 0.644272
c bounds -22 >= -674 @ 0.65163
c bounds -22 >= -672 @ 0.656109
c bounds -23 >= -672 @ 0.661875
c bounds -23 >= -670 @ 0.663785
c bounds -24 >= -670 @ 0.674283
c bounds -24 >= -668 @ 0.681051
c bounds -28 >= -668 @ 0.692172
c bounds -28 >= -666 @ 0.695408
c bounds -28 >= -664 @ 0.701727
c bounds -28 >= -662 @ 0.706949
c bounds -32 >= -662 @ 0.74846
c bounds -32 >= -660 @ 0.751741
c bounds -32 >= -658 @ 0.754879
c bounds -32 >= -656 @ 0.758194
c bounds -32 >= -654 @ 0.764252
c bounds -32 >= -652 @ 0.768706
c bounds -32 >= -650 @ 0.77304
c bounds -32 >= -648 @ 0.779006
c bounds -32 >= -646 @ 0.78428
c bounds -32 >= -644 @ 0.788694
c bounds -33 >= -644 @ 0.797712
c bounds -33 >= -642 @ 0.801532
c bounds -37 >= -642 @ 0.808331
c bounds -37 >= -640 @ 0.811398
c bounds -39 >= -640 @ 0.920081
c bounds -39 >= -638 @ 0.927193
c bounds -39 >= -636 @ 0.931577
c bounds -39 >= -634 @ 0.937057
c bounds -39 >= -632 @ 0.940251
c bounds -39 >= -630 @ 0.943702
c bounds -39 >= -628 @ 0.945782
c bounds -39 >= -626 @ 0.949465
c bounds -39 >= -624 @ 0.953061
c bounds -39 >= -622 @ 0.958076
c bounds -39 >= -620 @ 0.963667
c bounds -39 >= -618 @ 0.971064
c bounds -39 >= -616 @ 0.975597
c bounds -39 >= -614 @ 0.985195
c bounds -39 >= -612 @ 0.991295
c bounds -43 >= -612 @ 0.996733
c bounds -43 >= -610 @ 1.00359
c bounds -43 >= -608 @ 1.01004
c bounds -44 >= -608 @ 1.01426
c bounds -48 >= -608 @ 1.02026
c bounds -48 >= -606 @ 1.02481
c bounds -49 >= -606 @ 1.03474
c bounds -49 >= -604 @ 1.03673
c bounds -49 >= -602 @ 1.04104
c bounds -50 >= -602 @ 1.044
c bounds -50 >= -600 @ 1.0478
c bounds -51 >= -600 @ 1.0515
c bounds -51 >= -598 @ 1.05732
c bounds -52 >= -598 @ 1.06152
c bounds -52 >= -596 @ 1.0664
c bounds -56 >= -596 @ 1.07423
c bounds -56 >= -594 @ 1.08026
c bounds -56 >= -592 @ 1.08589
c bounds -57 >= -592 @ 1.09223
c bounds -57 >= -590 @ 1.09652
c bounds -58 >= -590 @ 1.11973
c bounds -58 >= -588 @ 1.12708
c bounds -58 >= -586 @ 1.13434
c bounds -59 >= -586 @ 1.13816
c bounds -60 >= -586 @ 1.14033
c bounds -60 >= -584 @ 1.14761
c bounds -61 >= -584 @ 1.14961
c bounds -61 >= -582 @ 1.15562
c bounds -61 >= -580 @ 1.16125
c bounds -62 >= -580 @ 1.16513
c bounds -62 >= -578 @ 1.16981
c bounds -63 >= -578 @ 1.17349
c bounds -63 >= -576 @ 1.17591
c bounds -64 >= -576 @ 1.1824
c bounds -64 >= -574 @ 1.18706
c bounds -64 >= -572 @ 1.19328
c bounds -65 >= -572 @ 1.19705
c bounds -66 >= -572 @ 1.20426
c bounds -66 >= -570 @ 1.20976
c bounds -70 >= -570 @ 1.21834
c bounds -70 >= -568 @ 1.22202
c bounds -71 >= -568 @ 1.22574
c bounds -71 >= -566 @ 1.22944
c bounds -72 >= -566 @ 1.23297
c bounds -72 >= -564 @ 1.23615
c bounds -73 >= -564 @ 1.23899
c bounds -73 >= -562 @ 1.24418
c bounds -74 >= -562 @ 1.24782
c bounds -74 >= -560 @ 1.25466
c bounds -78 >= -560 @ 1.26057
c bounds -78 >= -558 @ 1.2645
c bounds -79 >= -558 @ 1.2682
c bounds -79 >= -556 @ 1.27263
c bounds -79 >= -554 @ 1.2756
c bounds -80 >= -554 @ 1.28504
c bounds -80 >= -552 @ 1.29131
c bounds -82 >= -552 @ 1.29764
c bounds -82 >= -550 @ 1.30758
c bounds -83 >= -550 @ 1.31535
c bounds -83 >= -548 @ 1.3176
c bounds -84 >= -548 @ 1.33255
c bounds -84 >= -546 @ 1.33907
c bounds -84 >= -544 @ 1.3476
c bounds -85 >= -544 @ 1.3551
c bounds -89 >= -544 @ 1.36633
c bounds -89 >= -542 @ 1.37315
c bounds -91 >= -542 @ 1.3846
c bounds -91 >= -540 @ 1.39031
c bounds -95 >= -540 @ 1.39394
c bounds -95 >= -538 @ 1.40688
c bounds -96 >= -538 @ 1.41127
c bounds -97 >= -538 @ 1.41506
c bounds -98 >= -538 @ 1.41875
c bounds -98 >= -536 @ 1.42651
c bounds -99 >= -536 @ 1.43069
c #Conflicts:       1000 | #Constraints:      28547
c bounds -99 >= -534 @ 1.43683
c bounds -100 >= -534 @ 1.45016
c bounds -100 >= -532 @ 1.45669
c bounds -101 >= -532 @ 1.49314
c bounds -101 >= -530 @ 1.51343
c bounds -102 >= -530 @ 1.52175
c bounds -103 >= -530 @ 1.52554
c bounds -103 >= -528 @ 1.56122
c bounds -104 >= -528 @ 1.58044
c bounds -108 >= -528 @ 1.68003
c bounds -109 >= -528 @ 1.92065
c bounds -109 >= -526 @ 1.92568
c bounds -109 >= -524 @ 1.92795
c bounds -109 >= -522 @ 1.93474
c bounds -109 >= -520 @ 1.93856
c bounds -109 >= -518 @ 1.94145
c bounds -109 >= -516 @ 1.95013
c bounds -109 >= -514 @ 1.95454
c bounds -109 >= -512 @ 1.95746
c bounds -109 >= -510 @ 1.96538
c bounds -110 >= -510 @ 2.08487
c bounds -110 >= -508 @ 2.08774
c bounds -110 >= -506 @ 2.11297
c bounds -111 >= -506 @ 2.11821
c bounds -111 >= -504 @ 2.14797
c bounds -112 >= -504 @ 2.15296
c bounds -113 >= -504 @ 2.32702
c #Conflicts:       2000 | #Constraints:      29699
c INPROCESSING
c GARBAGE COLLECT
c bounds -113 >= -502 @ 2.4561
c bounds -113 >= -500 @ 2.45896
c bounds -113 >= -498 @ 2.4627
c bounds -113 >= -496 @ 2.46815
c bounds -114 >= -496 @ 2.47518
c bounds -114 >= -494 @ 2.48939
c bounds -116 >= -494 @ 2.50015
c bounds -117 >= -494 @ 2.50668
c bounds -118 >= -494 @ 2.50873
c bounds -118 >= -492 @ 2.52516
c bounds -119 >= -492 @ 2.53366
c bounds -120 >= -492 @ 2.53681
c bounds -121 >= -492 @ 2.55077
c bounds -122 >= -492 @ 2.55586
c bounds -123 >= -492 @ 2.56551
c bounds -123 >= -490 @ 2.58159
c bounds -124 >= -490 @ 2.58506
c bounds -125 >= -490 @ 2.68617
c bounds -125 >= -488 @ 2.69444
c bounds -126 >= -488 @ 2.69794
c bounds -126 >= -486 @ 2.70684
c bounds -127 >= -486 @ 3.02281
c #Conflicts:       3000 | #Constraints:      13487
c bounds -127 >= -484 @ 3.07395
c bounds -128 >= -484 @ 3.07656
c bounds -129 >= -484 @ 4.13638
c bounds -129 >= -482 @ 4.14462
c bounds -129 >= -480 @ 4.15357
c bounds -129 >= -478 @ 4.15796
c bounds -129 >= -476 @ 4.17022
c bounds -129 >= -474 @ 4.19969
c #Conflicts:       4000 | #Constraints:      14603
c bounds -129 >= -472 @ 4.2256
c INPROCESSING
c GARBAGE COLLECT
c bounds -129 >= -470 @ 4.31597
c #Conflicts:       5000 | #Constraints:      13970
c bounds -129 >= -468 @ 4.41086
c bounds -130 >= -468 @ 6.01365
c bounds -130 >= -466 @ 6.01815
c bounds -130 >= -464 @ 6.02464
c bounds -130 >= -462 @ 6.04095
c bounds -130 >= -460 @ 6.05732
c #Conflicts:       6000 | #Constraints:      15079
c bounds -130 >= -458 @ 6.08659
c #Conflicts:       7000 | #Constraints:      16091
c #Conflicts:       8000 | #Constraints:      17091
c #Conflicts:       9000 | #Constraints:      18091
c INPROCESSING
c GARBAGE COLLECT
c bounds -130 >= -456 @ 22.068
c #Conflicts:      10000 | #Constraints:      15707
c bounds -130 >= -454 @ 22.2167
c #Conflicts:      11000 | #Constraints:      16740
c bounds -130 >= -452 @ 22.3744
c #Conflicts:      12000 | #Constraints:      17758
c bounds -130 >= -450 @ 22.5943
c INPROCESSING
c GARBAGE COLLECT
c #Conflicts:      13000 | #Constraints:      15325
c #Conflicts:      14000 | #Constraints:      16325
c bounds -130 >= -448 @ 23.0317
c #Conflicts:      15000 | #Constraints:      17355
c #Conflicts:      16000 | #Constraints:      18355
c INPROCESSING
c GARBAGE COLLECT
c #Conflicts:      17000 | #Constraints:      15779
c #Conflicts:      18000 | #Constraints:      16779
c #Conflicts:      19000 | #Constraints:      17779
c #Conflicts:      20000 | #Constraints:      18779
c bounds -130 >= -446 @ 24.8067
c #Conflicts:      21000 | #Constraints:      19815
c #Conflicts:      22000 | #Constraints:      20815
c #Conflicts:      23000 | #Constraints:      21815
c #Conflicts:      24000 | #Constraints:      22815
c #Conflicts:      25000 | #Constraints:      23815
c INPROCESSING
c GARBAGE COLLECT
c #Conflicts:      26000 | #Constraints:      18366
c #Conflicts:      27000 | #Constraints:      19366
c #Conflicts:      28000 | #Constraints:      20366
c #Conflicts:      29000 | #Constraints:      21366
c #Conflicts:      30000 | #Constraints:      22366
c INPROCESSING
c GARBAGE COLLECT
c bounds -130 >= -444 @ 52.1434
c bounds -130 >= -442 @ 52.1598
c #Conflicts:      31000 | #Constraints:      17686
c bounds -130 >= -440 @ 52.176
c bounds -130 >= -438 @ 52.2154
c #Conflicts:      32000 | #Constraints:      18719
c bounds -130 >= -436 @ 52.302
c #Conflicts:      33000 | #Constraints:      19737
c bounds -130 >= -434 @ 52.4497
c #Conflicts:      34000 | #Constraints:      20770
c bounds -130 >= -432 @ 52.7234
c #Conflicts:      35000 | #Constraints:      21791
c #Conflicts:      36000 | #Constraints:      22791
c INPROCESSING
c GARBAGE COLLECT
c #Conflicts:      37000 | #Constraints:      18299
c bounds -130 >= -430 @ 53.4767
c #Conflicts:      38000 | #Constraints:      19329
c #Conflicts:      39000 | #Constraints:      20329
c #Conflicts:      40000 | #Constraints:      21329
c bounds -130 >= -428 @ 54.7024
c #Conflicts:      41000 | #Constraints:      22356
c #Conflicts:      42000 | #Constraints:      23356
c #Conflicts:      43000 | #Constraints:      24356
c #Conflicts:      44000 | #Constraints:      25356
c #Conflicts:      45000 | #Constraints:      26356
c bounds -130 >= -426 @ 57.967
c #Conflicts:      46000 | #Constraints:      27386
c #Conflicts:      47000 | #Constraints:      28386
c #Conflicts:      48000 | #Constraints:      29386
c #Conflicts:      49000 | #Constraints:      30386
c INPROCESSING
c GARBAGE COLLECT
c bounds -130 >= -424 @ 77.8902
c #Conflicts:      50000 | #Constraints:      21920
c bounds -130 >= -422 @ 77.9266
c bounds -130 >= -420 @ 77.9946
c #Conflicts:      51000 | #Constraints:      22950
c bounds -130 >= -418 @ 78.2116
c #Conflicts:      52000 | #Constraints:      23986
c #Conflicts:      53000 | #Constraints:      24986
c #Conflicts:      54000 | #Constraints:      25986
c #Conflicts:      55000 | #Constraints:      26986
c #Conflicts:      56000 | #Constraints:      27986
c INPROCESSING
c GARBAGE COLLECT
c #Conflicts:      57000 | #Constraints:      20948
c #Conflicts:      58000 | #Constraints:      21948
c #Conflicts:      59000 | #Constraints:      22948
c #Conflicts:      60000 | #Constraints:      23948
c #Conflicts:      61000 | #Constraints:      24948
c #Conflicts:      62000 | #Constraints:      25948
c #Conflicts:      63000 | #Constraints:      26948
c #Conflicts:      64000 | #Constraints:      27948
c #Conflicts:      65000 | #Constraints:      28948
c bounds -130 >= -416 @ 88.1875
c #Conflicts:      66000 | #Constraints:      30023
c #Conflicts:      67000 | #Constraints:      31023
c #Conflicts:      68000 | #Constraints:      32023
c #Conflicts:      69000 | #Constraints:      33023
c #Conflicts:      70000 | #Constraints:      34023
c #Conflicts:      71000 | #Constraints:      35023
c #Conflicts:      72000 | #Constraints:      36023
c INPROCESSING
c GARBAGE COLLECT
c #Conflicts:      73000 | #Constraints:      24745
c #Conflicts:      74000 | #Constraints:      25745
c #Conflicts:      75000 | #Constraints:      26745
c #Conflicts:      76000 | #Constraints:      27745
c #Conflicts:      77000 | #Constraints:      28745
c #Conflicts:      78000 | #Constraints:      29745
c #Conflicts:      79000 | #Constraints:      30745
c #Conflicts:      80000 | #Constraints:      31745
c INPROCESSING
c GARBAGE COLLECT
c #Conflicts:      81000 | #Constraints:      22682
c #Conflicts:      82000 | #Constraints:      23682
c #Conflicts:      83000 | #Constraints:      24682
c #Conflicts:      84000 | #Constraints:      25682
c #Conflicts:      85000 | #Constraints:      26682
c #Conflicts:      86000 | #Constraints:      27682
c #Conflicts:      87000 | #Constraints:      28682
c #Conflicts:      88000 | #Constraints:      29682
c #Conflicts:      89000 | #Constraints:      30682
c #Conflicts:      90000 | #Constraints:      31682
c #Conflicts:      91000 | #Constraints:      32682
c #Conflicts:      92000 | #Constraints:      33682
c #Conflicts:      93000 | #Constraints:      34682
c #Conflicts:      94000 | #Constraints:      35682
c bounds -130 >= -414 @ 169.737
c #Conflicts:      95000 | #Constraints:      36763
c #Conflicts:      96000 | #Constraints:      37763
c #Conflicts:      97000 | #Constraints:      38763
c #Conflicts:      98000 | #Constraints:      39763
c #Conflicts:      99000 | #Constraints:      40763
c #Conflicts:     100000 | #Constraints:      41763
c INPROCESSING
c GARBAGE COLLECT
c #Conflicts:     101000 | #Constraints:      27851
c #Conflicts:     102000 | #Constraints:      28851
c #Conflicts:     103000 | #Constraints:      29851
c #Conflicts:     104000 | #Constraints:      30851
c #Conflicts:     105000 | #Constraints:      31851
c #Conflicts:     106000 | #Constraints:      32851
c #Conflicts:     107000 | #Constraints:      33851
c #Conflicts:     108000 | #Constraints:      34851
c #Conflicts:     109000 | #Constraints:      35851
c INPROCESSING
c GARBAGE COLLECT
c #Conflicts:     110000 | #Constraints:      24925
c bounds -130 >= -412 @ 260.127
c #Conflicts:     111000 | #Constraints:      25946
c #Conflicts:     112000 | #Constraints:      26946
c #Conflicts:     113000 | #Constraints:      27946
c bounds -130 >= -410 @ 262.397
c #Conflicts:     114000 | #Constraints:      28961
c #Conflicts:     115000 | #Constraints:      29961
c #Conflicts:     116000 | #Constraints:      30961
c bounds -130 >= -408 @ 264.442
c #Conflicts:     117000 | #Constraints:      31979
c #Conflicts:     118000 | #Constraints:      32979
c #Conflicts:     119000 | #Constraints:      33979
c #Conflicts:     120000 | #Constraints:      34979
c bounds -130 >= -406 @ 266.237
c #Conflicts:     121000 | #Constraints:      36024
c #Conflicts:     122000 | #Constraints:      37024
c #Conflicts:     123000 | #Constraints:      38024
c #Conflicts:     124000 | #Constraints:      39024
c #Conflicts:     125000 | #Constraints:      40024
c #Conflicts:     126000 | #Constraints:      41024
c bounds -130 >= -404 @ 272.918
c #Conflicts:     127000 | #Constraints:      42045
c #Conflicts:     128000 | #Constraints:      43045
c #Conflicts:     129000 | #Constraints:      44045
c #Conflicts:     130000 | #Constraints:      45045
c #Conflicts:     131000 | #Constraints:      46045
c #Conflicts:     132000 | #Constraints:      47045
c INPROCESSING
c GARBAGE COLLECT
c #Conflicts:     133000 | #Constraints:      30620
c #Conflicts:     134000 | #Constraints:      31620
c #Conflicts:     135000 | #Constraints:      32620
c #Conflicts:     136000 | #Constraints:      33620
c #Conflicts:     137000 | #Constraints:      34620
c #Conflicts:     138000 | #Constraints:      35620
c #Conflicts:     139000 | #Constraints:      36620
c #Conflicts:     140000 | #Constraints:      37620
c #Conflicts:     141000 | #Constraints:      38620
c #Conflicts:     142000 | #Constraints:      39620
c INPROCESSING
c GARBAGE COLLECT
c #Conflicts:     143000 | #Constraints:      26739
c bounds -130 >= -402 @ 352.865
c #Conflicts:     144000 | #Constraints:      27772
c #Conflicts:     145000 | #Constraints:      28772
c #Conflicts:     146000 | #Constraints:      29772
c #Conflicts:     147000 | #Constraints:      30772
c #Conflicts:     148000 | #Constraints:      31772
c bounds -130 >= -400 @ 356.714
c #Conflicts:     149000 | #Constraints:      32814
c #Conflicts:     150000 | #Constraints:      33814
c #Conflicts:     151000 | #Constraints:      34814
c #Conflicts:     152000 | #Constraints:      35814
c #Conflicts:     153000 | #Constraints:      36814
c #Conflicts:     154000 | #Constraints:      37814
c #Conflicts:     155000 | #Constraints:      38814
c #Conflicts:     156000 | #Constraints:      39814
c #Conflicts:     157000 | #Constraints:      40814
c #Conflicts:     158000 | #Constraints:      41814
c #Conflicts:     159000 | #Constraints:      42814
c #Conflicts:     160000 | #Constraints:      43814
c #Conflicts:     161000 | #Constraints:      44814
c bounds -130 >= -398 @ 385.389
c #Conflicts:     162000 | #Constraints:      45847
c #Conflicts:     163000 | #Constraints:      46847
c #Conflicts:     164000 | #Constraints:      47847
c #Conflicts:     165000 | #Constraints:      48847
c #Conflicts:     166000 | #Constraints:      49847
c #Conflicts:     167000 | #Constraints:      50847
c #Conflicts:     168000 | #Constraints:      51847
c INPROCESSING
c GARBAGE COLLECT
c #Conflicts:     169000 | #Constraints:      32913
c #Conflicts:     170000 | #Constraints:      33913
c #Conflicts:     171000 | #Constraints:      34913
c #Conflicts:     172000 | #Constraints:      35913
c #Conflicts:     173000 | #Constraints:      36913
c #Conflicts:     174000 | #Constraints:      37913
c #Conflicts:     175000 | #Constraints:      38913
c #Conflicts:     176000 | #Constraints:      39913
c #Conflicts:     177000 | #Constraints:      40913
c bounds -130 >= -396 @ 435.866
c #Conflicts:     178000 | #Constraints:      41961
c #Conflicts:     179000 | #Constraints:      42961
c #Conflicts:     180000 | #Constraints:      43961
c INPROCESSING
c GARBAGE COLLECT
c #Conflicts:     181000 | #Constraints:      30036
c #Conflicts:     182000 | #Constraints:      31036
c #Conflicts:     183000 | #Constraints:      32036
c #Conflicts:     184000 | #Constraints:      33036
c #Conflicts:     185000 | #Constraints:      34036
c #Conflicts:     186000 | #Constraints:      35036
c #Conflicts:     187000 | #Constraints:      36036
c #Conflicts:     188000 | #Constraints:      37036
c #Conflicts:     189000 | #Constraints:      38036
c #Conflicts:     190000 | #Constraints:      39036
c #Conflicts:     191000 | #Constraints:      40036
c #Conflicts:     192000 | #Constraints:      41036
c #Conflicts:     193000 | #Constraints:      42036
c #Conflicts:     194000 | #Constraints:      43036
c #Conflicts:     195000 | #Constraints:      44036
c #Conflicts:     196000 | #Constraints:      45036
c #Conflicts:     197000 | #Constraints:      46036
c #Conflicts:     198000 | #Constraints:      47036
c #Conflicts:     199000 | #Constraints:      48036
c #Conflicts:     200000 | #Constraints:      49036
c #Conflicts:     201000 | #Constraints:      50036
c #Conflicts:     202000 | #Constraints:      51036
c #Conflicts:     203000 | #Constraints:      52036
c #Conflicts:     204000 | #Constraints:      53036
c #Conflicts:     205000 | #Constraints:      54036
c #Conflicts:     206000 | #Constraints:      55036
c #Conflicts:     207000 | #Constraints:      56036
c #Conflicts:     208000 | #Constraints:      57036
c #Conflicts:     209000 | #Constraints:      58036
c INPROCESSING
c GARBAGE COLLECT
c #Conflicts:     210000 | #Constraints:      36208
c #Conflicts:     211000 | #Constraints:      37208
c #Conflicts:     212000 | #Constraints:      38208
c #Conflicts:     213000 | #Constraints:      39208
c #Conflicts:     214000 | #Constraints:      40208
c #Conflicts:     215000 | #Constraints:      41208
c #Conflicts:     216000 | #Constraints:      42208
c #Conflicts:     217000 | #Constraints:      43208
c bounds -130 >= -394 @ 736.635
c #Conflicts:     218000 | #Constraints:      44247
c #Conflicts:     219000 | #Constraints:      45247
c #Conflicts:     220000 | #Constraints:      46247
c #Conflicts:     221000 | #Constraints:      47247
c #Conflicts:     222000 | #Constraints:      48247
c INPROCESSING
c GARBAGE COLLECT
c #Conflicts:     223000 | #Constraints:      31417
c #Conflicts:     224000 | #Constraints:      32417
c #Conflicts:     225000 | #Constraints:      33417
c #Conflicts:     226000 | #Constraints:      34417
c #Conflicts:     227000 | #Constraints:      35417
c #Conflicts:     228000 | #Constraints:      36417
c #Conflicts:     229000 | #Constraints:      37417
c #Conflicts:     230000 | #Constraints:      38417
c #Conflicts:     231000 | #Constraints:      39417
c #Conflicts:     232000 | #Constraints:      40417
c #Conflicts:     233000 | #Constraints:      41417
c #Conflicts:     234000 | #Constraints:      42417
c #Conflicts:     235000 | #Constraints:      43417
c bounds -130 >= -392 @ 770.128
c #Conflicts:     236000 | #Constraints:      44450
c #Conflicts:     237000 | #Constraints:      45450
c #Conflicts:     238000 | #Constraints:      46450
c #Conflicts:     239000 | #Constraints:      47450
c #Conflicts:     240000 | #Constraints:      48450
c #Conflicts:     241000 | #Constraints:      49450
c #Conflicts:     242000 | #Constraints:      50450
c #Conflicts:     243000 | #Constraints:      51450
c #Conflicts:     244000 | #Constraints:      52450
c #Conflicts:     245000 | #Constraints:      53450
c #Conflicts:     246000 | #Constraints:      54450
c #Conflicts:     247000 | #Constraints:      55450
c #Conflicts:     248000 | #Constraints:      56450
c #Conflicts:     249000 | #Constraints:      57450
c #Conflicts:     250000 | #Constraints:      58450
c #Conflicts:     251000 | #Constraints:      59450
c #Conflicts:     252000 | #Constraints:      60450
c #Conflicts:     253000 | #Constraints:      61450
c #Conflicts:     254000 | #Constraints:      62450
c INPROCESSING
c GARBAGE COLLECT
c #Conflicts:     255000 | #Constraints:      38356
c #Conflicts:     256000 | #Constraints:      39356
c #Conflicts:     257000 | #Constraints:      40356
c #Conflicts:     258000 | #Constraints:      41356
c #Conflicts:     259000 | #Constraints:      42356
c #Conflicts:     260000 | #Constraints:      43356
c #Conflicts:     261000 | #Constraints:      44356
c #Conflicts:     262000 | #Constraints:      45356
c #Conflicts:     263000 | #Constraints:      46356
c #Conflicts:     264000 | #Constraints:      47356
c #Conflicts:     265000 | #Constraints:      48356
c #Conflicts:     266000 | #Constraints:      49356
c #Conflicts:     267000 | #Constraints:      50356
c #Conflicts:     268000 | #Constraints:      51356
c INPROCESSING
c GARBAGE COLLECT
c #Conflicts:     269000 | #Constraints:      32668
c #Conflicts:     270000 | #Constraints:      33668
c #Conflicts:     271000 | #Constraints:      34668
c #Conflicts:     272000 | #Constraints:      35668
c #Conflicts:     273000 | #Constraints:      36668
c #Conflicts:     274000 | #Constraints:      37668
c #Conflicts:     275000 | #Constraints:      38668
c #Conflicts:     276000 | #Constraints:      39668
c #Conflicts:     277000 | #Constraints:      40668
c #Conflicts:     278000 | #Constraints:      41668
c #Conflicts:     279000 | #Constraints:      42668
c #Conflicts:     280000 | #Constraints:      43668
c #Conflicts:     281000 | #Constraints:      44668
c #Conflicts:     282000 | #Constraints:      45668
c #Conflicts:     283000 | #Constraints:      46668
c #Conflicts:     284000 | #Constraints:      47668
c #Conflicts:     285000 | #Constraints:      48668
c #Conflicts:     286000 | #Constraints:      49668
c #Conflicts:     287000 | #Constraints:      50668
c #Conflicts:     288000 | #Constraints:      51668
c #Conflicts:     289000 | #Constraints:      52668
c #Conflicts:     290000 | #Constraints:      53668
c #Conflicts:     291000 | #Constraints:      54668
c #Conflicts:     292000 | #Constraints:      55668
c #Conflicts:     293000 | #Constraints:      56668
c bounds -130 >= -390 @ 969.677
c #Conflicts:     294000 | #Constraints:      57716
c #Conflicts:     295000 | #Constraints:      58716
c #Conflicts:     296000 | #Constraints:      59716
c #Conflicts:     297000 | #Constraints:      60716
c #Conflicts:     298000 | #Constraints:      61716
c #Conflicts:     299000 | #Constraints:      62716
c #Conflicts:     300000 | #Constraints:      63716
c #Conflicts:     301000 | #Constraints:      64716
c #Conflicts:     302000 | #Constraints:      65716
c #Conflicts:     303000 | #Constraints:      66716
c INPROCESSING
c GARBAGE COLLECT
c #Conflicts:     304000 | #Constraints:      40333
c #Conflicts:     305000 | #Constraints:      41333
c #Conflicts:     306000 | #Constraints:      42333
c #Conflicts:     307000 | #Constraints:      43333
c #Conflicts:     308000 | #Constraints:      44333
c #Conflicts:     309000 | #Constraints:      45333
c #Conflicts:     310000 | #Constraints:      46333
c #Conflicts:     311000 | #Constraints:      47333
c #Conflicts:     312000 | #Constraints:      48333
c #Conflicts:     313000 | #Constraints:      49333
c #Conflicts:     314000 | #Constraints:      50333
c #Conflicts:     315000 | #Constraints:      51333
c #Conflicts:     316000 | #Constraints:      52333
c #Conflicts:     317000 | #Constraints:      53333
c #Conflicts:     318000 | #Constraints:      54333
c #Conflicts:     319000 | #Constraints:      55333
c INPROCESSING
c GARBAGE COLLECT
c #Conflicts:     320000 | #Constraints:      34867
c #Conflicts:     321000 | #Constraints:      35867
c #Conflicts:     322000 | #Constraints:      36867
c #Conflicts:     323000 | #Constraints:      37867
c #Conflicts:     324000 | #Constraints:      38867
c #Conflicts:     325000 | #Constraints:      39867
c #Conflicts:     326000 | #Constraints:      40867
c #Conflicts:     327000 | #Constraints:      41867
c #Conflicts:     328000 | #Constraints:      42867
c #Conflicts:     329000 | #Constraints:      43867
c #Conflicts:     330000 | #Constraints:      44867
c #Conflicts:     331000 | #Constraints:      45867
c #Conflicts:     332000 | #Constraints:      46867
c #Conflicts:     333000 | #Constraints:      47867
c #Conflicts:     334000 | #Constraints:      48867
c #Conflicts:     335000 | #Constraints:      49867
c INPROCESSING
c GARBAGE COLLECT
c #Conflicts:     336000 | #Constraints:      36019
c #Conflicts:     337000 | #Constraints:      37019
c #Conflicts:     338000 | #Constraints:      38019
c #Conflicts:     339000 | #Constraints:      39019
c #Conflicts:     340000 | #Constraints:      40019
c #Conflicts:     341000 | #Constraints:      41019
c #Conflicts:     342000 | #Constraints:      42019
c #Conflicts:     343000 | #Constraints:      43019
c #Conflicts:     344000 | #Constraints:      44019
c #Conflicts:     345000 | #Constraints:      45019
c #Conflicts:     346000 | #Constraints:      46019
c #Conflicts:     347000 | #Constraints:      47019
c #Conflicts:     348000 | #Constraints:      48019
c #Conflicts:     349000 | #Constraints:      49019
c #Conflicts:     350000 | #Constraints:      50019
c bounds -130 >= -388 @ 1247.8
c #Conflicts:     351000 | #Constraints:      51085
c #Conflicts:     352000 | #Constraints:      52085
c #Conflicts:     353000 | #Constraints:      53085
c #Conflicts:     354000 | #Constraints:      54085
c #Conflicts:     355000 | #Constraints:      55085
c #Conflicts:     356000 | #Constraints:      56085
c #Conflicts:     357000 | #Constraints:      57085
c #Conflicts:     358000 | #Constraints:      58085
c #Conflicts:     359000 | #Constraints:      59085
c #Conflicts:     360000 | #Constraints:      60085
c #Conflicts:     361000 | #Constraints:      61085
c #Conflicts:     362000 | #Constraints:      62085
c #Conflicts:     363000 | #Constraints:      63085
c #Conflicts:     364000 | #Constraints:      64085
c #Conflicts:     365000 | #Constraints:      65085
c #Conflicts:     366000 | #Constraints:      66085
c #Conflicts:     367000 | #Constraints:      67085
c #Conflicts:     368000 | #Constraints:      68085
c #Conflicts:     369000 | #Constraints:      69085
c #Conflicts:     370000 | #Constraints:      70085
c #Conflicts:     371000 | #Constraints:      71085
c #Conflicts:     372000 | #Constraints:      72085
c #Conflicts:     373000 | #Constraints:      73085
c #Conflicts:     374000 | #Constraints:      74085
c INPROCESSING
c GARBAGE COLLECT
c #Conflicts:     375000 | #Constraints:      44053
c #Conflicts:     376000 | #Constraints:      45053
c #Conflicts:     377000 | #Constraints:      46053
c #Conflicts:     378000 | #Constraints:      47053
c #Conflicts:     379000 | #Constraints:      48053
c #Conflicts:     380000 | #Constraints:      49053
c #Conflicts:     381000 | #Constraints:      50053
c #Conflicts:     382000 | #Constraints:      51053
c #Conflicts:     383000 | #Constraints:      52053
c #Conflicts:     384000 | #Constraints:      53053
c #Conflicts:     385000 | #Constraints:      54053
c #Conflicts:     386000 | #Constraints:      55053
c #Conflicts:     387000 | #Constraints:      56053
c #Conflicts:     388000 | #Constraints:      57053
c #Conflicts:     389000 | #Constraints:      58053
c #Conflicts:     390000 | #Constraints:      59053
c #Conflicts:     391000 | #Constraints:      60053
c INPROCESSING
c GARBAGE COLLECT
c #Conflicts:     392000 | #Constraints:      37702
c #Conflicts:     393000 | #Constraints:      38702
c #Conflicts:     394000 | #Constraints:      39702
c #Conflicts:     395000 | #Constraints:      40702
c #Conflicts:     396000 | #Constraints:      41702
c #Conflicts:     397000 | #Constraints:      42702
c #Conflicts:     398000 | #Constraints:      43702
c #Conflicts:     399000 | #Constraints:      44702
c #Conflicts:     400000 | #Constraints:      45702
c #Conflicts:     401000 | #Constraints:      46702
c #Conflicts:     402000 | #Constraints:      47702
c #Conflicts:     403000 | #Constraints:      48702
c #Conflicts:     404000 | #Constraints:      49702
c #Conflicts:     405000 | #Constraints:      50702
c #Conflicts:     406000 | #Constraints:      51702
c #Conflicts:     407000 | #Constraints:      52702
c #Conflicts:     408000 | #Constraints:      53702
c #Conflicts:     409000 | #Constraints:      54702
c #Conflicts:     410000 | #Constraints:      55702
c #Conflicts:     411000 | #Constraints:      56702
c #Conflicts:     412000 | #Constraints:      57702
c #Conflicts:     413000 | #Constraints:      58702
c #Conflicts:     414000 | #Constraints:      59702
c #Conflicts:     415000 | #Constraints:      60702
c #Conflicts:     416000 | #Constraints:      61702
c #Conflicts:     417000 | #Constraints:      62702
c #Conflicts:     418000 | #Constraints:      63702
c #Conflicts:     419000 | #Constraints:      64702
c #Conflicts:     420000 | #Constraints:      65702
c #Conflicts:     421000 | #Constraints:      66702
c #Conflicts:     422000 | #Constraints:      67702
c #Conflicts:     423000 | #Constraints:      68702
c #Conflicts:     424000 | #Constraints:      69702
c #Conflicts:     425000 | #Constraints:      70702
c #Conflicts:     426000 | #Constraints:      71702
c #Conflicts:     427000 | #Constraints:      72702
c #Conflicts:     428000 | #Constraints:      73702
c bounds -130 >= -386 @ 1842.18
c #Conflicts:     429000 | #Constraints:      74756
c #Conflicts:     430000 | #Constraints:      75756
c #Conflicts:     431000 | #Constraints:      76756
c #Conflicts:     432000 | #Constraints:      77756
c #Conflicts:     433000 | #Constraints:      78756
c #Conflicts:     434000 | #Constraints:      79756
c INPROCESSING
c GARBAGE COLLECT
c #Conflicts:     435000 | #Constraints:      47176
c #Conflicts:     436000 | #Constraints:      48176
c #Conflicts:     437000 | #Constraints:      49176
c #Conflicts:     438000 | #Constraints:      50176
c #Conflicts:     439000 | #Constraints:      51176
c #Conflicts:     440000 | #Constraints:      52176
c #Conflicts:     441000 | #Constraints:      53176
c #Conflicts:     442000 | #Constraints:      54176
c #Conflicts:     443000 | #Constraints:      55176
c #Conflicts:     444000 | #Constraints:      56176
c #Conflicts:     445000 | #Constraints:      57176
c #Conflicts:     446000 | #Constraints:      58176
c #Conflicts:     447000 | #Constraints:      59176
c #Conflicts:     448000 | #Constraints:      60176
c #Conflicts:     449000 | #Constraints:      61176
c #Conflicts:     450000 | #Constraints:      62176
c #Conflicts:     451000 | #Constraints:      63176
c #Conflicts:     452000 | #Constraints:      64176
c INPROCESSING
c GARBAGE COLLECT
c #Conflicts:     453000 | #Constraints:      39462
c #Conflicts:     454000 | #Constraints:      40462
c #Conflicts:     455000 | #Constraints:      41462
c #Conflicts:     456000 | #Constraints:      42462
c #Conflicts:     457000 | #Constraints:      43462
c #Conflicts:     458000 | #Constraints:      44462
c #Conflicts:     459000 | #Constraints:      45462
c #Conflicts:     460000 | #Constraints:      46462
c #Conflicts:     461000 | #Constraints:      47462
c #Conflicts:     462000 | #Constraints:      48462
c #Conflicts:     463000 | #Constraints:      49462
c #Conflicts:     464000 | #Constraints:      50462
c #Conflicts:     465000 | #Constraints:      51462
c #Conflicts:     466000 | #Constraints:      52462
c #Conflicts:     467000 | #Constraints:      53462
c #Conflicts:     468000 | #Constraints:      54462
c #Conflicts:     469000 | #Constraints:      55462
c #Conflicts:     470000 | #Constraints:      56462
c #Conflicts:     471000 | #Constraints:      57462
c #Conflicts:     472000 | #Constraints:      58462
c #Conflicts:     473000 | #Constraints:      59462
c #Conflicts:     474000 | #Constraints:      60462
c #Conflicts:     475000 | #Constraints:      61462
c #Conflicts:     476000 | #Constraints:      62462
c #Conflicts:     477000 | #Constraints:      63462
c #Conflicts:     478000 | #Constraints:      64462
c #Conflicts:     479000 | #Constraints:      65462
c #Conflicts:     480000 | #Constraints:      66462
c #Conflicts:     481000 | #Constraints:      67462
c #Conflicts:     482000 | #Constraints:      68462
c #Conflicts:     483000 | #Constraints:      69462
c #Conflicts:     484000 | #Constraints:      70462
c #Conflicts:     485000 | #Constraints:      71462
c #Conflicts:     486000 | #Constraints:      72462
c #Conflicts:     487000 | #Constraints:      73462
c #Conflicts:     488000 | #Constraints:      74462
c #Conflicts:     489000 | #Constraints:      75462
c #Conflicts:     490000 | #Constraints:      76462
c #Conflicts:     491000 | #Constraints:      77462
c #Conflicts:     492000 | #Constraints:      78462
c #Conflicts:     493000 | #Constraints:      79462
c #Conflicts:     494000 | #Constraints:      80462
c #Conflicts:     495000 | #Constraints:      81462
c #Conflicts:     496000 | #Constraints:      82462
c #Conflicts:     497000 | #Constraints:      83462
c #Conflicts:     498000 | #Constraints:      84462
c INPROCESSING
c GARBAGE COLLECT
c #Conflicts:     499000 | #Constraints:      49570
c #Conflicts:     500000 | #Constraints:      50570
c #Conflicts:     501000 | #Constraints:      51570
c #Conflicts:     502000 | #Constraints:      52570
c #Conflicts:     503000 | #Constraints:      53570
c #Conflicts:     504000 | #Constraints:      54570
c #Conflicts:     505000 | #Constraints:      55570
c #Conflicts:     506000 | #Constraints:      56570
c #Conflicts:     507000 | #Constraints:      57570
c #Conflicts:     508000 | #Constraints:      58570
c #Conflicts:     509000 | #Constraints:      59570
c #Conflicts:     510000 | #Constraints:      60570
c #Conflicts:     511000 | #Constraints:      61570
c #Conflicts:     512000 | #Constraints:      62570
c #Conflicts:     513000 | #Constraints:      63570
c #Conflicts:     514000 | #Constraints:      64570
c #Conflicts:     515000 | #Constraints:      65570
c #Conflicts:     516000 | #Constraints:      66570
c #Conflicts:     517000 | #Constraints:      67570
c INPROCESSING
c GARBAGE COLLECT
c #Conflicts:     518000 | #Constraints:      40692
c #Conflicts:     519000 | #Constraints:      41692
c #Conflicts:     520000 | #Constraints:      42692
c #Conflicts:     521000 | #Constraints:      43692
c #Conflicts:     522000 | #Constraints:      44692
c #Conflicts:     523000 | #Constraints:      45692
c #Conflicts:     524000 | #Constraints:      46692
c #Conflicts:     525000 | #Constraints:      47692
c #Conflicts:     526000 | #Constraints:      48692
c #Conflicts:     527000 | #Constraints:      49692
c #Conflicts:     528000 | #Constraints:      50692
c #Conflicts:     529000 | #Constraints:      51692
c #Conflicts:     530000 | #Constraints:      52692
c #Conflicts:     531000 | #Constraints:      53692
c #Conflicts:     532000 | #Constraints:      54692
c #Conflicts:     533000 | #Constraints:      55692
c #Conflicts:     534000 | #Constraints:      56692
c #Conflicts:     535000 | #Constraints:      57692
c #Conflicts:     536000 | #Constraints:      58692
c #Conflicts:     537000 | #Constraints:      59692
c #Conflicts:     538000 | #Constraints:      60692
c #Conflicts:     539000 | #Constraints:      61692
c #Conflicts:     540000 | #Constraints:      62692
c #Conflicts:     541000 | #Constraints:      63692
c #Conflicts:     542000 | #Constraints:      64692
c #Conflicts:     543000 | #Constraints:      65692
c #Conflicts:     544000 | #Constraints:      66692
c #Conflicts:     545000 | #Constraints:      67692
c #Conflicts:     546000 | #Constraints:      68692
c #Conflicts:     547000 | #Constraints:      69692
c #Conflicts:     548000 | #Constraints:      70692
c #Conflicts:     549000 | #Constraints:      71692
c #Conflicts:     550000 | #Constraints:      72692
c #Conflicts:     551000 | #Constraints:      73692
c #Conflicts:     552000 | #Constraints:      74692
c #Conflicts:     553000 | #Constraints:      75692
c #Conflicts:     554000 | #Constraints:      76692
c #Conflicts:     555000 | #Constraints:      77692
c #Conflicts:     556000 | #Constraints:      78692
c #Conflicts:     557000 | #Constraints:      79692
c #Conflicts:     558000 | #Constraints:      80692
c #Conflicts:     559000 | #Constraints:      81692
c #Conflicts:     560000 | #Constraints:      82692
c #Conflicts:     561000 | #Constraints:      83692
c #Conflicts:     562000 | #Constraints:      84692
c #Conflicts:     563000 | #Constraints:      85692
c #Conflicts:     564000 | #Constraints:      86692
c #Conflicts:     565000 | #Constraints:      87692
c #Conflicts:     566000 | #Constraints:      88692
c INPROCESSING
c GARBAGE COLLECT
c #Conflicts:     567000 | #Constraints:      51405
c #Conflicts:     568000 | #Constraints:      52405
c #Conflicts:     569000 | #Constraints:      53405
c #Conflicts:     570000 | #Constraints:      54405
c #Conflicts:     571000 | #Constraints:      55405
c #Conflicts:     572000 | #Constraints:      56405
c #Conflicts:     573000 | #Constraints:      57405
c #Conflicts:     574000 | #Constraints:      58405
c #Conflicts:     575000 | #Constraints:      59405
c #Conflicts:     576000 | #Constraints:      60405
c #Conflicts:     577000 | #Constraints:      61405
c #Conflicts:     578000 | #Constraints:      62405
c #Conflicts:     579000 | #Constraints:      63405
c #Conflicts:     580000 | #Constraints:      64405
c #Conflicts:     581000 | #Constraints:      65405
c #Conflicts:     582000 | #Constraints:      66405
c #Conflicts:     583000 | #Constraints:      67405
c #Conflicts:     584000 | #Constraints:      68405
c #Conflicts:     585000 | #Constraints:      69405
c #Conflicts:     586000 | #Constraints:      70405
c #Conflicts:     587000 | #Constraints:      71405
c INPROCESSING
c GARBAGE COLLECT
c #Conflicts:     588000 | #Constraints:      42824
c #Conflicts:     589000 | #Constraints:      43824
c #Conflicts:     590000 | #Constraints:      44824
c #Conflicts:     591000 | #Constraints:      45824
c #Conflicts:     592000 | #Constraints:      46824
c #Conflicts:     593000 | #Constraints:      47824
c #Conflicts:     594000 | #Constraints:      48824
c #Conflicts:     595000 | #Constraints:      49824
c #Conflicts:     596000 | #Constraints:      50824
c #Conflicts:     597000 | #Constraints:      51824
c #Conflicts:     598000 | #Constraints:      52824
c #Conflicts:     599000 | #Constraints:      53824
c #Conflicts:     600000 | #Constraints:      54824
c #Conflicts:     601000 | #Constraints:      55824
c #Conflicts:     602000 | #Constraints:      56824
c #Conflicts:     603000 | #Constraints:      57824
c #Conflicts:     604000 | #Constraints:      58824
c #Conflicts:     605000 | #Constraints:      59824
c #Conflicts:     606000 | #Constraints:      60824
c #Conflicts:     607000 | #Constraints:      61824
c #Conflicts:     608000 | #Constraints:      62824
c #Conflicts:     609000 | #Constraints:      63824
c #Conflicts:     610000 | #Constraints:      64824
c #Conflicts:     611000 | #Constraints:      65824
c #Conflicts:     612000 | #Constraints:      66824
c #Conflicts:     613000 | #Constraints:      67824
c #Conflicts:     614000 | #Constraints:      68824
c #Conflicts:     615000 | #Constraints:      69824
c #Conflicts:     616000 | #Constraints:      70824
c #Conflicts:     617000 | #Constraints:      71824
c #Conflicts:     618000 | #Constraints:      72824
c #Conflicts:     619000 | #Constraints:      73824
c #Conflicts:     620000 | #Constraints:      74824
c #Conflicts:     621000 | #Constraints:      75824
c #Conflicts:     622000 | #Constraints:      76824
c #Conflicts:     623000 | #Constraints:      77824
c #Conflicts:     624000 | #Constraints:      78824
c #Conflicts:     625000 | #Constraints:      79824
c #Conflicts:     626000 | #Constraints:      80824
c #Conflicts:     627000 | #Constraints:      81824
c #Conflicts:     628000 | #Constraints:      82824
c #Conflicts:     629000 | #Constraints:      83824
c #Conflicts:     630000 | #Constraints:      84824
c #Conflicts:     631000 | #Constraints:      85824
c #Conflicts:     632000 | #Constraints:      86824
c #Conflicts:     633000 | #Constraints:      87824
c #Conflicts:     634000 | #Constraints:      88824
c #Conflicts:     635000 | #Constraints:      89824
c #Conflicts:     636000 | #Constraints:      90824
c #Conflicts:     637000 | #Constraints:      91824
c #Conflicts:     638000 | #Constraints:      92824
c #Conflicts:     639000 | #Constraints:      93824
c INPROCESSING
c GARBAGE COLLECT
c #Conflicts:     640000 | #Constraints:      54233
c #Conflicts:     641000 | #Constraints:      55233
c #Conflicts:     642000 | #Constraints:      56233
c #Conflicts:     643000 | #Constraints:      57233
c #Conflicts:     644000 | #Constraints:      58233
c #Conflicts:     645000 | #Constraints:      59233
c #Conflicts:     646000 | #Constraints:      60233
c #Conflicts:     647000 | #Constraints:      61233
c #Conflicts:     648000 | #Constraints:      62233
c #Conflicts:     649000 | #Constraints:      63233
c #Conflicts:     650000 | #Constraints:      64233
c #Conflicts:     651000 | #Constraints:      65233
c #Conflicts:     652000 | #Constraints:      66233
c #Conflicts:     653000 | #Constraints:      67233
c #Conflicts:     654000 | #Constraints:      68233
c #Conflicts:     655000 | #Constraints:      69233
c #Conflicts:     656000 | #Constraints:      70233
c #Conflicts:     657000 | #Constraints:      71233
c #Conflicts:     658000 | #Constraints:      72233
c #Conflicts:     659000 | #Constraints:      73233
c #Conflicts:     660000 | #Constraints:      74233
c #Conflicts:     661000 | #Constraints:      75233
c INPROCESSING
c GARBAGE COLLECT
c #Conflicts:     662000 | #Constraints:      44692
c #Conflicts:     663000 | #Constraints:      45692
c #Conflicts:     664000 | #Constraints:      46692
c #Conflicts:     665000 | #Constraints:      47692
c #Conflicts:     666000 | #Constraints:      48692
c #Conflicts:     667000 | #Constraints:      49692
c #Conflicts:     668000 | #Constraints:      50692
c #Conflicts:     669000 | #Constraints:      51692
c #Conflicts:     670000 | #Constraints:      52692
c #Conflicts:     671000 | #Constraints:      53692
c #Conflicts:     672000 | #Constraints:      54692
c #Conflicts:     673000 | #Constraints:      55692
c #Conflicts:     674000 | #Constraints:      56692
c #Conflicts:     675000 | #Constraints:      57692
c #Conflicts:     676000 | #Constraints:      58692
c #Conflicts:     677000 | #Constraints:      59692
c #Conflicts:     678000 | #Constraints:      60692
c bounds -130 >= -384 @ 4286.89
c #Conflicts:     679000 | #Constraints:      61740
c #Conflicts:     680000 | #Constraints:      62740
c #Conflicts:     681000 | #Constraints:      63740
c #Conflicts:     682000 | #Constraints:      64740
c #Conflicts:     683000 | #Constraints:      65740
c #Conflicts:     684000 | #Constraints:      66740
c #Conflicts:     685000 | #Constraints:      67740
c #Conflicts:     686000 | #Constraints:      68740
c #Conflicts:     687000 | #Constraints:      69740
c #Conflicts:     688000 | #Constraints:      70740
c #Conflicts:     689000 | #Constraints:      71740
c #Conflicts:     690000 | #Constraints:      72740
c #Conflicts:     691000 | #Constraints:      73740
c #Conflicts:     692000 | #Constraints:      74740
c #Conflicts:     693000 | #Constraints:      75740
c #Conflicts:     694000 | #Constraints:      76740
c #Conflicts:     695000 | #Constraints:      77740
c #Conflicts:     696000 | #Constraints:      78740
c #Conflicts:     697000 | #Constraints:      79740
c #Conflicts:     698000 | #Constraints:      80740
c #Conflicts:     699000 | #Constraints:      81740
c #Conflicts:     700000 | #Constraints:      82740
c #Conflicts:     701000 | #Constraints:      83740
c #Conflicts:     702000 | #Constraints:      84740
c #Conflicts:     703000 | #Constraints:      85740
c #Conflicts:     704000 | #Constraints:      86740
c #Conflicts:     705000 | #Constraints:      87740
c #Conflicts:     706000 | #Constraints:      88740
c #Conflicts:     707000 | #Constraints:      89740
c #Conflicts:     708000 | #Constraints:      90740
c #Conflicts:     709000 | #Constraints:      91740
c #Conflicts:     710000 | #Constraints:      92740
c #Conflicts:     711000 | #Constraints:      93740
c #Conflicts:     712000 | #Constraints:      94740
c #Conflicts:     713000 | #Constraints:      95740
c #Conflicts:     714000 | #Constraints:      96740
c #Conflicts:     715000 | #Constraints:      97740
c #Conflicts:     716000 | #Constraints:      98740
c INPROCESSING
c GARBAGE COLLECT
c #Conflicts:     717000 | #Constraints:      56486
c #Conflicts:     718000 | #Constraints:      57486
c #Conflicts:     719000 | #Constraints:      58486
c #Conflicts:     720000 | #Constraints:      59486
c #Conflicts:     721000 | #Constraints:      60486
c #Conflicts:     722000 | #Constraints:      61486
c #Conflicts:     723000 | #Constraints:      62486
c #Conflicts:     724000 | #Constraints:      63486
c #Conflicts:     725000 | #Constraints:      64486
c #Conflicts:     726000 | #Constraints:      65486
c #Conflicts:     727000 | #Constraints:      66486
c #Conflicts:     728000 | #Constraints:      67486
c #Conflicts:     729000 | #Constraints:      68486
c #Conflicts:     730000 | #Constraints:      69486
c #Conflicts:     731000 | #Constraints:      70486
c #Conflicts:     732000 | #Constraints:      71486
c #Conflicts:     733000 | #Constraints:      72486
c #Conflicts:     734000 | #Constraints:      73486
c #Conflicts:     735000 | #Constraints:      74486
c #Conflicts:     736000 | #Constraints:      75486
c #Conflicts:     737000 | #Constraints:      76486
c #Conflicts:     738000 | #Constraints:      77486
c #Conflicts:     739000 | #Constraints:      78486
c #Conflicts:     740000 | #Constraints:      79486
c INPROCESSING
c GARBAGE COLLECT
c #Conflicts:     741000 | #Constraints:      47162
c #Conflicts:     742000 | #Constraints:      48162
c #Conflicts:     743000 | #Constraints:      49162
c #Conflicts:     744000 | #Constraints:      50162
c #Conflicts:     745000 | #Constraints:      51162
c #Conflicts:     746000 | #Constraints:      52162
c #Conflicts:     747000 | #Constraints:      53162
c #Conflicts:     748000 | #Constraints:      54162
c #Conflicts:     749000 | #Constraints:      55162
c #Conflicts:     750000 | #Constraints:      56162
c #Conflicts:     751000 | #Constraints:      57162
c #Conflicts:     752000 | #Constraints:      58162
c #Conflicts:     753000 | #Constraints:      59162
c #Conflicts:     754000 | #Constraints:      60162
c #Conflicts:     755000 | #Constraints:      61162
c #Conflicts:     756000 | #Constraints:      62162
c #Conflicts:     757000 | #Constraints:      63162
c #Conflicts:     758000 | #Constraints:      64162
c #Conflicts:     759000 | #Constraints:      65162
c #Conflicts:     760000 | #Constraints:      66162
c #Conflicts:     761000 | #Constraints:      67162
c #Conflicts:     762000 | #Constraints:      68162
c #Conflicts:     763000 | #Constraints:      69162
c #Conflicts:     764000 | #Constraints:      70162
c #Conflicts:     765000 | #Constraints:      71162
c #Conflicts:     766000 | #Constraints:      72162
c #Conflicts:     767000 | #Constraints:      73162
c #Conflicts:     768000 | #Constraints:      74162
c #Conflicts:     769000 | #Constraints:      75162
c bounds -130 >= -382 @ 5060.19
c #Conflicts:     770000 | #Constraints:      76201
c #Conflicts:     771000 | #Constraints:      77201
c #Conflicts:     772000 | #Constraints:      78201
c #Conflicts:     773000 | #Constraints:      79201
c #Conflicts:     774000 | #Constraints:      80201
c #Conflicts:     775000 | #Constraints:      81201
c #Conflicts:     776000 | #Constraints:      82201
c #Conflicts:     777000 | #Constraints:      83201
c #Conflicts:     778000 | #Constraints:      84201
c #Conflicts:     779000 | #Constraints:      85201
c #Conflicts:     780000 | #Constraints:      86201
c #Conflicts:     781000 | #Constraints:      87201
c #Conflicts:     782000 | #Constraints:      88201
c #Conflicts:     783000 | #Constraints:      89201
c #Conflicts:     784000 | #Constraints:      90201
c #Conflicts:     785000 | #Constraints:      91201
c #Conflicts:     786000 | #Constraints:      92201
c #Conflicts:     787000 | #Constraints:      93201
c #Conflicts:     788000 | #Constraints:      94201
c #Conflicts:     789000 | #Constraints:      95201
c #Conflicts:     790000 | #Constraints:      96201
c #Conflicts:     791000 | #Constraints:      97201
c #Conflicts:     792000 | #Constraints:      98201
c #Conflicts:     793000 | #Constraints:      99201
c #Conflicts:     794000 | #Constraints:     100201
c #Conflicts:     795000 | #Constraints:     101201
c #Conflicts:     796000 | #Constraints:     102201
c #Conflicts:     797000 | #Constraints:     103201
c #Conflicts:     798000 | #Constraints:     104201
c INPROCESSING
c GARBAGE COLLECT
c #Conflicts:     799000 | #Constraints:      59536
c #Conflicts:     800000 | #Constraints:      60536
c #Conflicts:     801000 | #Constraints:      61536
c #Conflicts:     802000 | #Constraints:      62536
c #Conflicts:     803000 | #Constraints:      63536
c #Conflicts:     804000 | #Constraints:      64536
c #Conflicts:     805000 | #Constraints:      65536
c #Conflicts:     806000 | #Constraints:      66536
c #Conflicts:     807000 | #Constraints:      67536
c #Conflicts:     808000 | #Constraints:      68536
c #Conflicts:     809000 | #Constraints:      69536
c #Conflicts:     810000 | #Constraints:      70536
c #Conflicts:     811000 | #Constraints:      71536
c #Conflicts:     812000 | #Constraints:      72536
c #Conflicts:     813000 | #Constraints:      73536
c #Conflicts:     814000 | #Constraints:      74536
c #Conflicts:     815000 | #Constraints:      75536
c #Conflicts:     816000 | #Constraints:      76536
c #Conflicts:     817000 | #Constraints:      77536
c #Conflicts:     818000 | #Constraints:      78536
c #Conflicts:     819000 | #Constraints:      79536
c #Conflicts:     820000 | #Constraints:      80536
c #Conflicts:     821000 | #Constraints:      81536
c #Conflicts:     822000 | #Constraints:      82536
c INPROCESSING
c GARBAGE COLLECT
c #Conflicts:     823000 | #Constraints:      48182
c #Conflicts:     824000 | #Constraints:      49182
c #Conflicts:     825000 | #Constraints:      50182
c #Conflicts:     826000 | #Constraints:      51182
c #Conflicts:     827000 | #Constraints:      52182
c #Conflicts:     828000 | #Constraints:      53182
c #Conflicts:     829000 | #Constraints:      54182
c #Conflicts:     830000 | #Constraints:      55182
c #Conflicts:     831000 | #Constraints:      56182
c #Conflicts:     832000 | #Constraints:      57182
c #Conflicts:     833000 | #Constraints:      58182
c #Conflicts:     834000 | #Constraints:      59182
c #Conflicts:     835000 | #Constraints:      60182
c #Conflicts:     836000 | #Constraints:      61182
c #Conflicts:     837000 | #Constraints:      62182
c #Conflicts:     838000 | #Constraints:      63182
c #Conflicts:     839000 | #Constraints:      64182
c #Conflicts:     840000 | #Constraints:      65182
c #Conflicts:     841000 | #Constraints:      66182
c #Conflicts:     842000 | #Constraints:      67182
c #Conflicts:     843000 | #Constraints:      68182
c #Conflicts:     844000 | #Constraints:      69182
c #Conflicts:     845000 | #Constraints:      70182
c #Conflicts:     846000 | #Constraints:      71182
c #Conflicts:     847000 | #Constraints:      72182
c #Conflicts:     848000 | #Constraints:      73182
c #Conflicts:     849000 | #Constraints:      74182
c #Conflicts:     850000 | #Constraints:      75182
c #Conflicts:     851000 | #Constraints:      76182
c #Conflicts:     852000 | #Constraints:      77182
c #Conflicts:     853000 | #Constraints:      78182
c #Conflicts:     854000 | #Constraints:      79182
c #Conflicts:     855000 | #Constraints:      80182
c #Conflicts:     856000 | #Constraints:      81182
c #Conflicts:     857000 | #Constraints:      82182
c #Conflicts:     858000 | #Constraints:      83182
c #Conflicts:     859000 | #Constraints:      84182
c #Conflicts:     860000 | #Constraints:      85182
c #Conflicts:     861000 | #Constraints:      86182
c #Conflicts:     862000 | #Constraints:      87182
c #Conflicts:     863000 | #Constraints:      88182
c #Conflicts:     864000 | #Constraints:      89182
c #Conflicts:     865000 | #Constraints:      90182
c #Conflicts:     866000 | #Constraints:      91182
c #Conflicts:     867000 | #Constraints:      92182
c #Conflicts:     868000 | #Constraints:      93182
c #Conflicts:     869000 | #Constraints:      94182
c #Conflicts:     870000 | #Constraints:      95182
c #Conflicts:     871000 | #Constraints:      96182
c #Conflicts:     872000 | #Constraints:      97182
c #Conflicts:     873000 | #Constraints:      98182
c #Conflicts:     874000 | #Constraints:      99182
c #Conflicts:     875000 | #Constraints:     100182
c #Conflicts:     876000 | #Constraints:     101182
c #Conflicts:     877000 | #Constraints:     102182
c #Conflicts:     878000 | #Constraints:     103182
c #Conflicts:     879000 | #Constraints:     104182
c #Conflicts:     880000 | #Constraints:     105182
c #Conflicts:     881000 | #Constraints:     106182
c #Conflicts:     882000 | #Constraints:     107182
c #Conflicts:     883000 | #Constraints:     108182
c #Conflicts:     884000 | #Constraints:     109182
c INPROCESSING
c GARBAGE COLLECT
c #Conflicts:     885000 | #Constraints:      62005
c #Conflicts:     886000 | #Constraints:      63005
c #Conflicts:     887000 | #Constraints:      64005
c #Conflicts:     888000 | #Constraints:      65005
c #Conflicts:     889000 | #Constraints:      66005
c #Conflicts:     890000 | #Constraints:      67005
c #Conflicts:     891000 | #Constraints:      68005
c #Conflicts:     892000 | #Constraints:      69005
c #Conflicts:     893000 | #Constraints:      70005
c #Conflicts:     894000 | #Constraints:      71005
c #Conflicts:     895000 | #Constraints:      72005
c #Conflicts:     896000 | #Constraints:      73005
c #Conflicts:     897000 | #Constraints:      74005
c #Conflicts:     898000 | #Constraints:      75005
c #Conflicts:     899000 | #Constraints:      76005
c #Conflicts:     900000 | #Constraints:      77005
c #Conflicts:     901000 | #Constraints:      78005
c #Conflicts:     902000 | #Constraints:      79005
c #Conflicts:     903000 | #Constraints:      80005
c #Conflicts:     904000 | #Constraints:      81005
c #Conflicts:     905000 | #Constraints:      82005
c #Conflicts:     906000 | #Constraints:      83005
c #Conflicts:     907000 | #Constraints:      84005
c #Conflicts:     908000 | #Constraints:      85005
c #Conflicts:     909000 | #Constraints:      86005
c #Conflicts:     910000 | #Constraints:      87005
c INPROCESSING
c GARBAGE COLLECT
c #Conflicts:     911000 | #Constraints:      50772
c #Conflicts:     912000 | #Constraints:      51772
c #Conflicts:     913000 | #Constraints:      52772
c #Conflicts:     914000 | #Constraints:      53772
c #Conflicts:     915000 | #Constraints:      54772
c #Conflicts:     916000 | #Constraints:      55772
c #Conflicts:     917000 | #Constraints:      56772
c #Conflicts:     918000 | #Constraints:      57772
c #Conflicts:     919000 | #Constraints:      58772
c #Conflicts:     920000 | #Constraints:      59772
c #Conflicts:     921000 | #Constraints:      60772
c #Conflicts:     922000 | #Constraints:      61772
c #Conflicts:     923000 | #Constraints:      62772
c #Conflicts:     924000 | #Constraints:      63772
c #Conflicts:     925000 | #Constraints:      64772
c #Conflicts:     926000 | #Constraints:      65772
c #Conflicts:     927000 | #Constraints:      66772
c #Conflicts:     928000 | #Constraints:      67772
c #Conflicts:     929000 | #Constraints:      68772
c #Conflicts:     930000 | #Constraints:      69772
c #Conflicts:     931000 | #Constraints:      70772
c #Conflicts:     932000 | #Constraints:      71772
c #Conflicts:     933000 | #Constraints:      72772
c #Conflicts:     934000 | #Constraints:      73772
c #Conflicts:     935000 | #Constraints:      74772
c #Conflicts:     936000 | #Constraints:      75772
c #Conflicts:     937000 | #Constraints:      76772
c #Conflicts:     938000 | #Constraints:      77772
c #Conflicts:     939000 | #Constraints:      78772
c #Conflicts:     940000 | #Constraints:      79772
c #Conflicts:     941000 | #Constraints:      80772
c #Conflicts:     942000 | #Constraints:      81772
c #Conflicts:     943000 | #Constraints:      82772
c #Conflicts:     944000 | #Constraints:      83772
c #Conflicts:     945000 | #Constraints:      84772
c #Conflicts:     946000 | #Constraints:      85772
c #Conflicts:     947000 | #Constraints:      86772
c #Conflicts:     948000 | #Constraints:      87772
c #Conflicts:     949000 | #Constraints:      88772
c #Conflicts:     950000 | #Constraints:      89772
c #Conflicts:     951000 | #Constraints:      90772
c #Conflicts:     952000 | #Constraints:      91772
c #Conflicts:     953000 | #Constraints:      92772
c #Conflicts:     954000 | #Constraints:      93772
c #Conflicts:     955000 | #Constraints:      94772
c #Conflicts:     956000 | #Constraints:      95772
c #Conflicts:     957000 | #Constraints:      96772
c #Conflicts:     958000 | #Constraints:      97772
c #Conflicts:     959000 | #Constraints:      98772
c #Conflicts:     960000 | #Constraints:      99772
c #Conflicts:     961000 | #Constraints:     100772
c #Conflicts:     962000 | #Constraints:     101772
c #Conflicts:     963000 | #Constraints:     102772
c #Conflicts:     964000 | #Constraints:     103772
c #Conflicts:     965000 | #Constraints:     104772
c #Conflicts:     966000 | #Constraints:     105772
c #Conflicts:     967000 | #Constraints:     106772
c #Conflicts:     968000 | #Constraints:     107772
c #Conflicts:     969000 | #Constraints:     108772
c #Conflicts:     970000 | #Constraints:     109772
c #Conflicts:     971000 | #Constraints:     110772
c #Conflicts:     972000 | #Constraints:     111772
c #Conflicts:     973000 | #Constraints:     112772
c #Conflicts:     974000 | #Constraints:     113772
c INPROCESSING
c GARBAGE COLLECT
c #Conflicts:     975000 | #Constraints:      64042
c #Conflicts:     976000 | #Constraints:      65042
c #Conflicts:     977000 | #Constraints:      66042
c #Conflicts:     978000 | #Constraints:      67042
c #Conflicts:     979000 | #Constraints:      68042
c #Conflicts:     980000 | #Constraints:      69042
c #Conflicts:     981000 | #Constraints:      70042
c #Conflicts:     982000 | #Constraints:      71042
c #Conflicts:     983000 | #Constraints:      72042
c #Conflicts:     984000 | #Constraints:      73042
c #Conflicts:     985000 | #Constraints:      74042
c #Conflicts:     986000 | #Constraints:      75042
c #Conflicts:     987000 | #Constraints:      76042
c #Conflicts:     988000 | #Constraints:      77042
c #Conflicts:     989000 | #Constraints:      78042
c #Conflicts:     990000 | #Constraints:      79042
c #Conflicts:     991000 | #Constraints:      80042
c #Conflicts:     992000 | #Constraints:      81042
c #Conflicts:     993000 | #Constraints:      82042
c #Conflicts:     994000 | #Constraints:      83042
c #Conflicts:     995000 | #Constraints:      84042
c #Conflicts:     996000 | #Constraints:      85042
c #Conflicts:     997000 | #Constraints:      86042
c #Conflicts:     998000 | #Constraints:      87042
c #Conflicts:     999000 | #Constraints:      88042
c #Conflicts:    1000000 | #Constraints:      89042
c #Conflicts:    1001000 | #Constraints:      90042
c INPROCESSING
c GARBAGE COLLECT
c #Conflicts:    1002000 | #Constraints:      51992
c #Conflicts:    1003000 | #Constraints:      52992
c #Conflicts:    1004000 | #Constraints:      53992
c #Conflicts:    1005000 | #Constraints:      54992
c #Conflicts:    1006000 | #Constraints:      55992
c #Conflicts:    1007000 | #Constraints:      56992
c #Conflicts:    1008000 | #Constraints:      57992
c #Conflicts:    1009000 | #Constraints:      58992
c #Conflicts:    1010000 | #Constraints:      59992
c #Conflicts:    1011000 | #Constraints:      60992
c #Conflicts:    1012000 | #Constraints:      61992
c #Conflicts:    1013000 | #Constraints:      62992
c #Conflicts:    1014000 | #Constraints:      63992
c #Conflicts:    1015000 | #Constraints:      64992
c #Conflicts:    1016000 | #Constraints:      65992
c #Conflicts:    1017000 | #Constraints:      66992
c #Conflicts:    1018000 | #Constraints:      67992
c #Conflicts:    1019000 | #Constraints:      68992
c #Conflicts:    1020000 | #Constraints:      69992
c #Conflicts:    1021000 | #Constraints:      70992
c #Conflicts:    1022000 | #Constraints:      71992
c #Conflicts:    1023000 | #Constraints:      72992
c #Conflicts:    1024000 | #Constraints:      73992
c #Conflicts:    1025000 | #Constraints:      74992
c #Conflicts:    1026000 | #Constraints:      75992
c #Conflicts:    1027000 | #Constraints:      76992
c #Conflicts:    1028000 | #Constraints:      77992
c #Conflicts:    1029000 | #Constraints:      78992
c #Conflicts:    1030000 | #Constraints:      79992
c #Conflicts:    1031000 | #Constraints:      80992
c #Conflicts:    1032000 | #Constraints:      81992
c #Conflicts:    1033000 | #Constraints:      82992
c #Conflicts:    1034000 | #Constraints:      83992
c #Conflicts:    1035000 | #Constraints:      84992
c #Conflicts:    1036000 | #Constraints:      85992
c #Conflicts:    1037000 | #Constraints:      86992
c #Conflicts:    1038000 | #Constraints:      87992
c #Conflicts:    1039000 | #Constraints:      88992
c #Conflicts:    1040000 | #Constraints:      89992
c #Conflicts:    1041000 | #Constraints:      90992
c #Conflicts:    1042000 | #Constraints:      91992
c #Conflicts:    1043000 | #Constraints:      92992
c #Conflicts:    1044000 | #Constraints:      93992
c #Conflicts:    1045000 | #Constraints:      94992
c #Conflicts:    1046000 | #Constraints:      95992
c #Conflicts:    1047000 | #Constraints:      96992
c #Conflicts:    1048000 | #Constraints:      97992
c #Conflicts:    1049000 | #Constraints:      98992
c #Conflicts:    1050000 | #Constraints:      99992
c #Conflicts:    1051000 | #Constraints:     100992
c #Conflicts:    1052000 | #Constraints:     101992
c #Conflicts:    1053000 | #Constraints:     102992
c #Conflicts:    1054000 | #Constraints:     103992
c #Conflicts:    1055000 | #Constraints:     104992
c #Conflicts:    1056000 | #Constraints:     105992
c #Conflicts:    1057000 | #Constraints:     106992
c #Conflicts:    1058000 | #Constraints:     107992
c #Conflicts:    1059000 | #Constraints:     108992
c #Conflicts:    1060000 | #Constraints:     109992
c #Conflicts:    1061000 | #Constraints:     110992
c #Conflicts:    1062000 | #Constraints:     111992
c #Conflicts:    1063000 | #Constraints:     112992
c #Conflicts:    1064000 | #Constraints:     113992
c #Conflicts:    1065000 | #Constraints:     114992
c #Conflicts:    1066000 | #Constraints:     115992
c #Conflicts:    1067000 | #Constraints:     116992
c #Conflicts:    1068000 | #Constraints:     117992
c #Conflicts:    1069000 | #Constraints:     118992
c INPROCESSING
c GARBAGE COLLECT
c #Conflicts:    1070000 | #Constraints:      66782
c #Conflicts:    1071000 | #Constraints:      67782
c #Conflicts:    1072000 | #Constraints:      68782
c #Conflicts:    1073000 | #Constraints:      69782
c #Conflicts:    1074000 | #Constraints:      70782
c #Conflicts:    1075000 | #Constraints:      71782
c #Conflicts:    1076000 | #Constraints:      72782
c #Conflicts:    1077000 | #Constraints:      73782
c #Conflicts:    1078000 | #Constraints:      74782
c #Conflicts:    1079000 | #Constraints:      75782
c #Conflicts:    1080000 | #Constraints:      76782
c #Conflicts:    1081000 | #Constraints:      77782
c #Conflicts:    1082000 | #Constraints:      78782
c #Conflicts:    1083000 | #Constraints:      79782
c #Conflicts:    1084000 | #Constraints:      80782
c #Conflicts:    1085000 | #Constraints:      81782
c #Conflicts:    1086000 | #Constraints:      82782
c #Conflicts:    1087000 | #Constraints:      83782
c #Conflicts:    1088000 | #Constraints:      84782
c #Conflicts:    1089000 | #Constraints:      85782
c #Conflicts:    1090000 | #Constraints:      86782
c #Conflicts:    1091000 | #Constraints:      87782
c #Conflicts:    1092000 | #Constraints:      88782
c #Conflicts:    1093000 | #Constraints:      89782
c #Conflicts:    1094000 | #Constraints:      90782
c #Conflicts:    1095000 | #Constraints:      91782
c #Conflicts:    1096000 | #Constraints:      92782
c #Conflicts:    1097000 | #Constraints:      93782
c #Conflicts:    1098000 | #Constraints:      94782
c INPROCESSING
c GARBAGE COLLECT
c #Conflicts:    1099000 | #Constraints:      54786
c #Conflicts:    1100000 | #Constraints:      55786
c #Conflicts:    1101000 | #Constraints:      56786
c #Conflicts:    1102000 | #Constraints:      57786
c #Conflicts:    1103000 | #Constraints:      58786
c #Conflicts:    1104000 | #Constraints:      59786
c #Conflicts:    1105000 | #Constraints:      60786
c #Conflicts:    1106000 | #Constraints:      61786
c #Conflicts:    1107000 | #Constraints:      62786
c #Conflicts:    1108000 | #Constraints:      63786
c #Conflicts:    1109000 | #Constraints:      64786
c #Conflicts:    1110000 | #Constraints:      65786
c #Conflicts:    1111000 | #Constraints:      66786
c #Conflicts:    1112000 | #Constraints:      67786
c #Conflicts:    1113000 | #Constraints:      68786
c #Conflicts:    1114000 | #Constraints:      69786
c #Conflicts:    1115000 | #Constraints:      70786
c #Conflicts:    1116000 | #Constraints:      71786
c #Conflicts:    1117000 | #Constraints:      72786
c #Conflicts:    1118000 | #Constraints:      73786
c #Conflicts:    1119000 | #Constraints:      74786
c #Conflicts:    1120000 | #Constraints:      75786
c #Conflicts:    1121000 | #Constraints:      76786
c #Conflicts:    1122000 | #Constraints:      77786
c #Conflicts:    1123000 | #Constraints:      78786
c #Conflicts:    1124000 | #Constraints:      79786
c #Conflicts:    1125000 | #Constraints:      80786
c #Conflicts:    1126000 | #Constraints:      81786
c #Conflicts:    1127000 | #Constraints:      82786
c INPROCESSING
c GARBAGE COLLECT
c #Conflicts:    1128000 | #Constraints:      53258
c #Conflicts:    1129000 | #Constraints:      54258
c #C