c RoundingSat 2
c branch 
c commit 
c #variables 567 #constraints 3268
c bounds - >= -378 @ 0.01406
c bounds 0 >= -378 @ 0.014663
c bounds 0 >= -376 @ 0.014712
c bounds 0 >= -374 @ 0.014712
c bounds 0 >= -372 @ 0.014712
c bounds 0 >= -370 @ 0.014712
c bounds 0 >= -368 @ 0.014712
c bounds 0 >= -366 @ 0.014712
c bounds 0 >= -364 @ 0.014712
c bounds 0 >= -362 @ 0.014712
c bounds 0 >= -360 @ 0.014712
c bounds 0 >= -358 @ 0.014712
c bounds 0 >= -356 @ 0.014712
c bounds 0 >= -354 @ 0.014712
c bounds 0 >= -352 @ 0.014719
c bounds -1 >= -352 @ 0.015379
c bounds -1 >= -350 @ 0.015461
c bounds -1 >= -348 @ 0.015512
c bounds -1 >= -346 @ 0.01556
c bounds -1 >= -344 @ 0.015609
c bounds -1 >= -342 @ 0.01567
c bounds -1 >= -340 @ 0.01574
c bounds -1 >= -338 @ 0.015809
c bounds -1 >= -336 @ 0.015878
c bounds -1 >= -334 @ 0.015947
c bounds -1 >= -332 @ 0.016016
c bounds -1 >= -330 @ 0.016085
c bounds -1 >= -328 @ 0.016153
c bounds -1 >= -326 @ 0.016223
c bounds -1 >= -324 @ 0.016291
c bounds -1 >= -322 @ 0.01636
c bounds -1 >= -320 @ 0.016431
c bounds -1 >= -318 @ 0.016499
c bounds -1 >= -316 @ 0.016573
c bounds -1 >= -314 @ 0.016643
c bounds -1 >= -312 @ 0.016712
c bounds -1 >= -310 @ 0.016781
c bounds -1 >= -308 @ 0.016849
c bounds -1 >= -306 @ 0.016918
c bounds -1 >= -304 @ 0.016986
c bounds -2 >= -304 @ 0.01743
c bounds -2 >= -302 @ 0.017513
c bounds -2 >= -300 @ 0.017584
c bounds -2 >= -298 @ 0.017655
c bounds -2 >= -296 @ 0.017725
c bounds -2 >= -294 @ 0.017794
c bounds -2 >= -292 @ 0.017863
c bounds -2 >= -290 @ 0.017929
c bounds -2 >= -288 @ 0.017996
c bounds -2 >= -286 @ 0.018064
c bounds -2 >= -284 @ 0.018131
c bounds -2 >= -282 @ 0.0182
c bounds -2 >= -280 @ 0.018271
c bounds -2 >= -278 @ 0.018339
c bounds -2 >= -276 @ 0.018407
c bounds -2 >= -274 @ 0.018479
c bounds -2 >= -272 @ 0.018547
c bounds -2 >= -270 @ 0.018616
c bounds -2 >= -268 @ 0.018688
c bounds -2 >= -266 @ 0.018756
c bounds -2 >= -264 @ 0.018824
c bounds -2 >= -262 @ 0.01889
c bounds -2 >= -260 @ 0.018958
c bounds -2 >= -258 @ 0.019032
c bounds -3 >= -258 @ 0.019559
c bounds -3 >= -256 @ 0.019644
c bounds -3 >= -254 @ 0.019718
c bounds -3 >= -252 @ 0.019789
c bounds -3 >= -250 @ 0.019858
c bounds -3 >= -248 @ 0.019922
c bounds -3 >= -246 @ 0.019986
c bounds -3 >= -244 @ 0.020048
c bounds -3 >= -242 @ 0.02011
c bounds -3 >= -240 @ 0.020171
c bounds -3 >= -238 @ 0.020234
c bounds -3 >= -236 @ 0.020296
c bounds -3 >= -234 @ 0.020359
c bounds -3 >= -232 @ 0.02042
c bounds -3 >= -230 @ 0.020482
c bounds -3 >= -228 @ 0.020545
c bounds -3 >= -226 @ 0.020607
c bounds -3 >= -224 @ 0.02067
c bounds -3 >= -222 @ 0.020734
c bounds -3 >= -220 @ 0.020797
c bounds -3 >= -218 @ 0.02086
c bounds -3 >= -216 @ 0.020921
c bounds -3 >= -214 @ 0.020983
c bounds -3 >= -212 @ 0.021046
c bounds -3 >= -210 @ 0.021107
c bounds -3 >= -208 @ 0.021167
c bounds -3 >= -206 @ 0.021229
c bounds -3 >= -204 @ 0.021291
c bounds -3 >= -202 @ 0.021353
c bounds -3 >= -200 @ 0.021415
c bounds -3 >= -198 @ 0.02148
c bounds -3 >= -196 @ 0.021543
c bounds -3 >= -194 @ 0.021607
c bounds -3 >= -192 @ 0.021607
c bounds -3 >= -190 @ 0.021607
c bounds -3 >= -188 @ 0.021607
c bounds -3 >= -186 @ 0.021607
c bounds -3 >= -184 @ 0.021607
c bounds -3 >= -182 @ 0.021607
c bounds -3 >= -180 @ 0.021607
c bounds -3 >= -178 @ 0.021607
c bounds -3 >= -176 @ 0.021607
c bounds -3 >= -174 @ 0.021607
c bounds -3 >= -172 @ 0.021607
c bounds -3 >= -170 @ 0.021617
c bounds -3 >= -168 @ 0.02167
c bounds -3 >= -166 @ 0.021715
c bounds -3 >= -164 @ 0.02176
c bounds -3 >= -162 @ 0.021814
c bounds -3 >= -160 @ 0.021877
c bounds -3 >= -158 @ 0.021939
c bounds -3 >= -156 @ 0.022008
c bounds -3 >= -154 @ 0.022077
c bounds -3 >= -152 @ 0.022144
c bounds -3 >= -150 @ 0.022207
c bounds -3 >= -148 @ 0.022269
c bounds -3 >= -146 @ 0.022331
c bounds -3 >= -144 @ 0.022393
c bounds -3 >= -142 @ 0.022459
c bounds -3 >= -140 @ 0.022522
c bounds -3 >= -138 @ 0.022586
c bounds -3 >= -136 @ 0.022647
c bounds -3 >= -134 @ 0.022708
c bounds -3 >= -132 @ 0.022775
c bounds -3 >= -130 @ 0.02284
c bounds -3 >= -128 @ 0.022904
c bounds -3 >= -126 @ 0.022965
c bounds -63 >= -126 @ 0.02379
c #Conflicts:       1000 | #Constraints:       4650
c #Conflicts:       2000 | #Constraints:       5650
c INPROCESSING
c GARBAGE COLLECT
c bounds -63 >= -124 @ 0.233763
c bounds -63 >= -123 @ 0.234386
c bounds -63 >= -122 @ 0.234919
c bounds -63 >= -121 @ 0.235439
c bounds -63 >= -120 @ 0.235966
c bounds -63 >= -119 @ 0.236476
c bounds -63 >= -118 @ 0.236874
c bounds -63 >= -117 @ 0.236874
c bounds -63 >= -116 @ 0.236996
c bounds -63 >= -115 @ 0.237497
c bounds -63 >= -114 @ 0.23799
c bounds -63 >= -113 @ 0.238476
c bounds -63 >= -112 @ 0.238867
c bounds -63 >= -111 @ 0.238867
c bounds -63 >= -110 @ 0.238949
c bounds -63 >= -109 @ 0.239402
c bounds -63 >= -108 @ 0.239837
c bounds -63 >= -107 @ 0.240298
c bounds -63 >= -106 @ 0.240755
c bounds -63 >= -105 @ 0.241208
c bounds -63 >= -104 @ 0.241666
c bounds -63 >= -103 @ 0.242112
c bounds -63 >= -102 @ 0.242555
c bounds -63 >= -101 @ 0.242843
c bounds -63 >= -100 @ 0.242843
c bounds -63 >= -99 @ 0.242878
c bounds -63 >= -98 @ 0.243307
c bounds -63 >= -97 @ 0.243714
c bounds -63 >= -96 @ 0.243828
c bounds -63 >= -95 @ 0.243828
c bounds -63 >= -94 @ 0.243947
c bounds -63 >= -93 @ 0.244347
c bounds -63 >= -92 @ 0.244738
c bounds -63 >= -91 @ 0.245128
c bounds -63 >= -90 @ 0.245516
c bounds -63 >= -89 @ 0.245904
c bounds -63 >= -88 @ 0.24629
c bounds -63 >= -87 @ 0.246671
c bounds -63 >= -86 @ 0.246801
c bounds -63 >= -85 @ 0.246801
c bounds -63 >= -84 @ 0.246847
c bounds -63 >= -83 @ 0.247228
c bounds -63 >= -82 @ 0.247604
c bounds -63 >= -81 @ 0.247788
c bounds -63 >= -80 @ 0.247788
c bounds -63 >= -79 @ 0.247788
c bounds -63 >= -78 @ 0.247788
c bounds -63 >= -77 @ 0.247788
c bounds -63 >= -76 @ 0.247827
c bounds -63 >= -75 @ 0.248181
c bounds -63 >= -74 @ 0.248506
c bounds -63 >= -73 @ 0.248757
c bounds -63 >= -72 @ 0.248757
c bounds -63 >= -71 @ 0.248757
c bounds -63 >= -70 @ 0.248757
c bounds -63 >= -69 @ 0.248757
c bounds -63 >= -68 @ 0.248757
c bounds -63 >= -67 @ 0.248888
c bounds -63 >= -66 @ 0.249628
c bounds -63 >= -65 @ 0.250286
c bounds -63 >= -64 @ 0.251362
c bounds -63 >= -63 @ 0.252339
c cpu time 0.252342 s
c deterministic time 13242520 1.32e+07
c optimization time 0.009405 s
c total solve time 0.228906 s
c core-guided solve time 0.017537 s
c propagation time 0.132696 s
c conflict analysis time 0.068052 s
c propagations 130808
c resolve steps 11389
c decisions 28603
c conflicts 2002
c restarts 13
c inprocessing phases 1
c input clauses 3531
c input cardinalities 189
c input general constraints 382
c input average constraint length 20.60
c input average constraint degree 10.00
c learned clauses 598
c learned cardinalities 915
c learned general constraints 549
c learned average constraint length 115.06
c learned average constraint degree 44068499.96
c watched constraints 223
c counting constraints 708
c gcd simplifications 181
c detected cardinalities 21
c weakened non-implied lits 54602
c weakened non-implying lits 21
c original variables 567
c clausal propagations 15051
c cardinality propagations 35820
c watched propagations 272
c counting propagations 58705
c watch lookups 3326680
c watch backjump lookups 2697932
c watch checks 3318471
c propagation checks 2883697
c constraint additions 695198
c trail pops 161130
c formula constraints 3268
c learned constraints 2062
c bound constraints 455
c core-guided constraints 379
c encountered formula constraints 7977
c encountered learned constraints 5406
c encountered bound constraints 7
c encountered core-guided constraints 1
c LP total time 0 s
c LP solve time 0 s
c LP constraints added 0
c LP constraints removed 0
c LP pivots internal 0
c LP pivots root 0
c LP calls 0
c LP optimalities 0
c LP no pivot count 0
c LP infeasibilities 0
c LP valid Farkas constraints 0
c LP learned Farkas constraints 0
c LP basis resets 0
c LP cycling count 0
c LP singular count 0
c LP no primal count 0
c LP no farkas count 0
c LP other issue count 0
c LP Gomory cuts 0
c LP learned cuts 0
c LP deleted cuts 0
c LP encountered Gomory constraints 0
c LP encountered Farkas constraints 0
c LP encountered learned Farkas constraints 0
c CG auxiliary variables introduced 189
c CG solutions found 5
c CG cores constructed 188
c CG core cardinality constraints returned 0
c CG unit cores 0
c CG single cores 188
c CG blocks removed during cardinality reduction 0
c CG first core best 0
c CG decision core best 0
c CG core reduction tie 0
c CG core degree average 1.00
c CG core slack average 1.91
o -63
s OPTIMUM FOUND
