-----------------------------------------------------------
hostname                     =   node003
SLURM_JOB_NAME               =   2BnoR
SLURM_SUBMIT_DIR             =   /scratch/scherif/DiverseSAT-journal_sup/DiverseSAT_Supplementary_Experiments/experiment-1/roundingsat/jobs
SLURM_JOBID                  =   299035
SLURM_JOB_ID                 =   299035
SLURM_NODELIST               =   node003
SLURM_JOB_NODELIST           =   node003
SLURM_TASKS_PER_NODE         =   28
SLURM_JOB_CPUS_PER_NODE      =   28
SLURM_TOPOLOGY_ADDR_PATTERN  = node
SLURM_TOPOLOGY_ADDR          =   node003
SLURM_CPUS_ON_NODE           =   28
SLURM_NNODES                 =   1
SLURM_JOB_NUM_NODES          =   1
SLURMD_NODENAME              =   node003
SLURM_NTASKS                 =   
SLURM_NPROCS                 =   
SLURM_MEM_PER_NODE           =   122880
SLURM_PRIO_PROCESS           =   0
-----------------------------------------------------------
[3] Starting benchmark on flat200-3.pbo
[3] Finished benchmark on flat200-3.pbo
[15] Starting benchmark on mc2024_track1_050.pbo
Timeout for mc2024_track1_050.pbo
[15] Finished benchmark on mc2024_track1_050.pbo
[31] Starting benchmark on flat150-5.pbo
[31] Finished benchmark on flat150-5.pbo
[34] Starting benchmark on mc2024_track1_115.pbo
Timeout for mc2024_track1_115.pbo
[34] Finished benchmark on mc2024_track1_115.pbo
[45] Starting benchmark on mc2024_track1_080.pbo
[45] Finished benchmark on mc2024_track1_080.pbo
[46] Starting benchmark on flat100-5.pbo
[46] Finished benchmark on flat100-5.pbo
[48] Starting benchmark on mc2024_track1_009.pbo
[48] Finished benchmark on mc2024_track1_009.pbo
[52] Starting benchmark on cnf_cbpmas_prop_23_20123_2.cnf_0.00000000.sat.pbo
Timeout for cnf_cbpmas_prop_23_20123_2.cnf_0.00000000.sat.pbo
[52] Finished benchmark on cnf_cbpmas_prop_23_20123_2.cnf_0.00000000.sat.pbo
[65] Starting benchmark on mc2024_track1_077.pbo
Timeout for mc2024_track1_077.pbo
[65] Finished benchmark on mc2024_track1_077.pbo
[77] Starting benchmark on mc2024_track1_139.pbo
[77] Finished benchmark on mc2024_track1_139.pbo
[89] Starting benchmark on cnf_mo_prop_9_12912_2.cnf_0.00000000.sat.pbo
Timeout for cnf_mo_prop_9_12912_2.cnf_0.00000000.sat.pbo
[89] Finished benchmark on cnf_mo_prop_9_12912_2.cnf_0.00000000.sat.pbo
[105] Starting benchmark on mc2024_track1_155.pbo
Timeout for mc2024_track1_155.pbo
[105] Finished benchmark on mc2024_track1_155.pbo
[124] Starting benchmark on flat30-2.pbo
[124] Finished benchmark on flat30-2.pbo
[125] Starting benchmark on mc2024_track1_131.pbo
Timeout for mc2024_track1_131.pbo
[125] Finished benchmark on mc2024_track1_131.pbo
[148] Starting benchmark on sw100-18.pbo
Timeout for sw100-18.pbo
[148] Finished benchmark on sw100-18.pbo
[164] Starting benchmark on flat125-4.pbo
[164] Finished benchmark on flat125-4.pbo
[165] Starting benchmark on mc2024_track1_024.pbo
Timeout for mc2024_track1_024.pbo
[165] Finished benchmark on mc2024_track1_024.pbo
[186] Starting benchmark on mc2024_track1_047.pbo
Timeout for mc2024_track1_047.pbo
[186] Finished benchmark on mc2024_track1_047.pbo
[201] Starting benchmark on sw100-16.pbo
Timeout for sw100-16.pbo
[201] Finished benchmark on sw100-16.pbo
[217] Starting benchmark on mc2024_track1_199.pbo
[217] Finished benchmark on mc2024_track1_199.pbo
[218] Starting benchmark on cnf_cbpmas_prop_21_19624_2.cnf_0.01000000.sat.pbo
Timeout for cnf_cbpmas_prop_21_19624_2.cnf_0.01000000.sat.pbo
[218] Finished benchmark on cnf_cbpmas_prop_21_19624_2.cnf_0.01000000.sat.pbo
[231] Starting benchmark on mc2024_track1_171.pbo
[231] Finished benchmark on mc2024_track1_171.pbo
[232] Starting benchmark on mc2024_track1_007.pbo
[232] Finished benchmark on mc2024_track1_007.pbo
[233] Starting benchmark on cnf_cbpmas_prop_26_21271_2.cnf_12.78000000.sat.pbo
[233] Finished benchmark on cnf_cbpmas_prop_26_21271_2.cnf_12.78000000.sat.pbo
[236] Starting benchmark on mc2024_track1_031.pbo
learned average constraint length 168.68
c learned average constraint degree 132.33
c watched constraints 245
c counting constraints 603
c gcd simplifications 205
c detected cardinalities 35
c weakened non-implied lits 50485
c weakened non-implying lits 1
c original variables 624
c clausal propagations 7540
c cardinality propagations 21796
c watched propagations 88
c counting propagations 69431
c watch lookups 1586737
c watch backjump lookups 1344793
c watch checks 1742521
c propagation checks 1523765
c constraint additions 533539
c trail pops 158505
c formula constraints 624
c learned constraints 2077
c bound constraints 627
c core-guided constraints 466
c encountered formula constraints 3088
c encountered learned constraints 2630
c encountered bound constraints 29
c encountered core-guided constraints 2
c LP total time 0 s
c LP solve time 0 s
c LP constraints added 0
c LP constraints removed 0
c LP pivots internal 0
c LP pivots root 0
c LP calls 0
c LP optimalities 0
c LP no pivot count 0
c LP infeasibilities 0
c LP valid Farkas constraints 0
c LP learned Farkas constraints 0
c LP basis resets 0
c LP cycling count 0
c LP singular count 0
c LP no primal count 0
c LP no farkas count 0
c LP other issue count 0
c LP Gomory cuts 0
c LP learned cuts 0
c LP deleted cuts 0
c LP encountered Gomory constraints 0
c LP encountered Farkas constraints 0
c LP encountered learned Farkas constraints 0
c CG auxiliary variables introduced 233
c CG solutions found 4
c CG cores constructed 234
c CG core cardinality constraints returned 0
c CG unit cores 1
c CG single cores 233
c CG blocks removed during cardinality reduction 0
c CG first core best 0
c CG decision core best 0
c CG core reduction tie 0
c CG core degree average 1.00
c CG core slack average 1.33
o -78
s OPTIMUM FOUND
[1] Starting benchmark on mc2024_track1_021.pbo
Timeout for mc2024_track1_021.pbo
[1] Finished benchmark on mc2024_track1_021.pbo
[19] Starting benchmark on mc2024_track1_167.pbo
Timeout for mc2024_track1_167.pbo
[19] Finished benchmark on mc2024_track1_167.pbo
[37] Starting benchmark on mc2024_track1_172.pbo
Timeout for mc2024_track1_172.pbo
[37] Finished benchmark on mc2024_track1_172.pbo
[57] Starting benchmark on sw100-6.pbo
Timeout for sw100-6.pbo
[57] Finished benchmark on sw100-6.pbo
[68] Starting benchmark on flat200-1.pbo
[68] Finished benchmark on flat200-1.pbo
[71] Starting benchmark on mc2024_track1_122.pbo
[71] Finished benchmark on mc2024_track1_122.pbo
[84] Starting benchmark on mc2024_track1_109.pbo
Timeout for mc2024_track1_109.pbo
[84] Finished benchmark on mc2024_track1_109.pbo
[98] Starting benchmark on mc2024_track1_104.pbo
Timeout for mc2024_track1_104.pbo
[98] Finished benchmark on mc2024_track1_104.pbo
[113] Starting benchmark on flat30-10.pbo
[113] Finished benchmark on flat30-10.pbo
[114] Starting benchmark on mc2024_track1_117.pbo
[114] Finished benchmark on mc2024_track1_117.pbo
[115] Starting benchmark on mc2024_track1_028.pbo
[115] Finished benchmark on mc2024_track1_028.pbo
[116] Starting benchmark on mc2024_track1_053.pbo
Timeout for mc2024_track1_053.pbo
[116] Finished benchmark on mc2024_track1_053.pbo
[136] Starting benchmark on mc2024_track1_059.pbo
Timeout for mc2024_track1_059.pbo
[136] Finished benchmark on mc2024_track1_059.pbo
[151] Starting benchmark on mc2024_track1_036.pbo
Timeout for mc2024_track1_036.pbo
[151] Finished benchmark on mc2024_track1_036.pbo
[168] Starting benchmark on mc2024_track1_011.pbo
Timeout for mc2024_track1_011.pbo
[168] Finished benchmark on mc2024_track1_011.pbo
[191] Starting benchmark on mc2024_track1_119.pbo
[191] Finished benchmark on mc2024_track1_119.pbo
[203] Starting benchmark on mc2024_track1_023.pbo
Timeout for mc2024_track1_023.pbo
[203] Finished benchmark on mc2024_track1_023.pbo
[221] Starting benchmark on mc2024_track1_016.pbo
Timeout for mc2024_track1_016.pbo
[221] Finished benchmark on mc2024_track1_016.pbo
[240] Starting benchmark on mc2024_track1_193.pbo
[240] Finished benchmark on mc2024_track1_193.pbo
[241] Starting benchmark on mc2024_track1_026.pbo
Timeout for mc2024_track1_026.pbo
[241] Finished benchmark on mc2024_track1_026.pbo
[256] Starting benchmark on flat150-3.pbo
[256] Finished benchmark on flat150-3.pbo
[257] Starting benchmark on mc2024_track1_082.pbo
Timeout for mc2024_track1_082.pbo
[257] Finished benchmark on mc2024_track1_082.pbo
[274] Starting benchmark on mc2024_track1_030.pbo
P no primal count 0
c LP no farkas count 0
c LP other issue count 0
c LP Gomory cuts 0
c LP learned cuts 0
c LP deleted cuts 0
c LP encountered Gomory constraints 0
c LP encountered Farkas constraints 0
c LP encountered learned Farkas constraints 0
c CG auxiliary variables introduced 197
c CG solutions found 4
c CG cores constructed 198
c CG core cardinality constraints returned 0
c CG unit cores 1
c CG single cores 197
c CG blocks removed during cardinality reduction 0
c CG first core best 0
c CG decision core best 0
c CG core reduction tie 0
c CG core degree average 1.00
c CG core slack average 1.33
o -66
s OPTIMUM FOUND
[2] Starting benchmark on mc2024_track1_165.pbo
Timeout for mc2024_track1_165.pbo
[2] Finished benchmark on mc2024_track1_165.pbo
[22] Starting benchmark on mc2024_track1_070.pbo
[22] Finished benchmark on mc2024_track1_070.pbo
[35] Starting benchmark on mc2024_track1_140.pbo
Timeout for mc2024_track1_140.pbo
[35] Finished benchmark on mc2024_track1_140.pbo
[53] Starting benchmark on mc2024_track1_127.pbo
[53] Finished benchmark on mc2024_track1_127.pbo
[55] Starting benchmark on flat30-7.pbo
[55] Finished benchmark on flat30-7.pbo
[56] Starting benchmark on mc2024_track1_037.pbo
Timeout for mc2024_track1_037.pbo
[56] Finished benchmark on mc2024_track1_037.pbo
[67] Starting benchmark on mc2024_track1_035.pbo
Timeout for mc2024_track1_035.pbo
[67] Finished benchmark on mc2024_track1_035.pbo
[83] Starting benchmark on mc2024_track1_164.pbo
Timeout for mc2024_track1_164.pbo
[83] Finished benchmark on mc2024_track1_164.pbo
[97] Starting benchmark on logistics.b.pbo
Timeout for logistics.b.pbo
[97] Finished benchmark on logistics.b.pbo
[111] Starting benchmark on mc2024_track1_118.pbo
[111] Finished benchmark on mc2024_track1_118.pbo
[112] Starting benchmark on mc2024_track1_189.pbo
Timeout for mc2024_track1_189.pbo
[112] Finished benchmark on mc2024_track1_189.pbo
[135] Starting benchmark on mc2024_track1_003.pbo
Timeout for mc2024_track1_003.pbo
[135] Finished benchmark on mc2024_track1_003.pbo
[150] Starting benchmark on mc2024_track1_074.pbo
[150] Finished benchmark on mc2024_track1_074.pbo
[158] Starting benchmark on mc2024_track1_125.pbo
Timeout for mc2024_track1_125.pbo
[158] Finished benchmark on mc2024_track1_125.pbo
[171] Starting benchmark on mc2024_track1_075.pbo
[171] Finished benchmark on mc2024_track1_075.pbo
[174] Starting benchmark on flat75-9.pbo
[174] Finished benchmark on flat75-9.pbo
[175] Starting benchmark on flat50-3.pbo
[175] Finished benchmark on flat50-3.pbo
[176] Starting benchmark on sw100-2.pbo
Timeout for sw100-2.pbo
[176] Finished benchmark on sw100-2.pbo
[192] Starting benchmark on flat75-10.pbo
[192] Finished benchmark on flat75-10.pbo
[193] Starting benchmark on flat150-1.pbo
[193] Finished benchmark on flat150-1.pbo
[194] Starting benchmark on sw100-10.pbo
Timeout for sw100-10.pbo
[194] Finished benchmark on sw100-10.pbo
[205] Starting benchmark on mc2024_track1_042.pbo
Timeout for mc2024_track1_042.pbo
[205] Finished benchmark on mc2024_track1_042.pbo
[224] Starting benchmark on mc2024_track1_186.pbo
Timeout for mc2024_track1_186.pbo
[224] Finished benchmark on mc2024_track1_186.pbo
[244] Starting benchmark on flat150-2.pbo
[244] Finished benchmark on flat150-2.pbo
[245] Starting benchmark on sw100-3.pbo
Timeout for sw100-3.pbo
[245] Finished benchmark on sw100-3.pbo
[263] Starting benchmark on mc2024_track1_146.pbo
Timeout for mc2024_track1_146.pbo
[263] Finished benchmark on mc2024_track1_146.pbo
[281] Starting benchmark on mc2024_track1_096.pbo
[281] Finished benchmark on mc2024_track1_096.pbo
[283] Starting benchmark on mc2024_track1_090.pbo
Timeout for mc2024_track1_090.pbo
[283] Finished benchmark on mc2024_track1_090.pbo
[297] Starting benchmark on flat50-2.pbo
[297] Finished benchmark on flat50-2.pbo
[298] Starting benchmark on mc2024_track1_181.pbo
[298] Finished benchmark on mc2024_track1_181.pbo
[299] Starting benchmark on mc2024_track1_081.pbo
[299] Finished benchmark on mc2024_track1_081.pbo
[9] Starting benchmark on flat50-10.pbo
[9] Finished benchmark on flat50-10.pbo
[16] Starting benchmark on cnf_cbpmas_prop_1_12761_2.cnf_12.73000000.sat.pbo
[16] Finished benchmark on cnf_cbpmas_prop_1_12761_2.cnf_12.73000000.sat.pbo
[17] Starting benchmark on flat100-8.pbo
[17] Finished benchmark on flat100-8.pbo
[18] Starting benchmark on mc2024_track1_048.pbo
Timeout for mc2024_track1_048.pbo
[18] Finished benchmark on mc2024_track1_048.pbo
[36] Starting benchmark on mc2024_track1_097.pbo
Timeout for mc2024_track1_097.pbo
[36] Finished benchmark on mc2024_track1_097.pbo
[54] Starting benchmark on mc2024_track1_188.pbo
Timeout for mc2024_track1_188.pbo
[54] Finished benchmark on mc2024_track1_188.pbo
[66] Starting benchmark on cnf_cbpmas_prop_19_19151_2.cnf_0.00000000.sat.pbo
Timeout for cnf_cbpmas_prop_19_19151_2.cnf_0.00000000.sat.pbo
[66] Finished benchmark on cnf_cbpmas_prop_19_19151_2.cnf_0.00000000.sat.pbo
[81] Starting benchmark on mc2024_track1_124.pbo
[81] Finished benchmark on mc2024_track1_124.pbo
[86] Starting benchmark on flat30-4.pbo
[86] Finished benchmark on flat30-4.pbo
[87] Starting benchmark on logistics.d.pbo
Timeout for logistics.d.pbo
[87] Finished benchmark on logistics.d.pbo
[102] Starting benchmark on mc2024_track1_132.pbo
Timeout for mc2024_track1_132.pbo
[102] Finished benchmark on mc2024_track1_132.pbo
[120] Starting benchmark on flat100-1.pbo
[120] Finished benchmark on flat100-1.pbo
[121] Starting benchmark on mc2024_track1_076.pbo
[121] Finished benchmark on mc2024_track1_076.pbo
[122] Starting benchmark on flat75-1.pbo
[122] Finished benchmark on flat75-1.pbo
[123] Starting benchmark on cnf_mo_prop_1_790_2.cnf_0.00000000.sat.pbo
Timeout for cnf_mo_prop_1_790_2.cnf_0.00000000.sat.pbo
[123] Finished benchmark on cnf_mo_prop_1_790_2.cnf_0.00000000.sat.pbo
[144] Starting benchmark on mc2024_track1_153.pbo
Timeout for mc2024_track1_153.pbo
[144] Finished benchmark on mc2024_track1_153.pbo
[160] Starting benchmark on mc2024_track1_141.pbo
Timeout for mc2024_track1_141.pbo
[160] Finished benchmark on mc2024_track1_141.pbo
[177] Starting benchmark on logistics.c.pbo
Timeout for logistics.c.pbo
[177] Finished benchmark on logistics.c.pbo
[195] Starting benchmark on mc2024_track1_149.pbo
Timeout for mc2024_track1_149.pbo
[195] Finished benchmark on mc2024_track1_149.pbo
[206] Starting benchmark on flat50-5.pbo
[206] Finished benchmark on flat50-5.pbo
[207] Starting benchmark on mc2024_track1_001.pbo
Timeout for mc2024_track1_001.pbo
[207] Finished benchmark on mc2024_track1_001.pbo
[225] Starting benchmark on flat50-4.pbo
[225] Finished benchmark on flat50-4.pbo
[226] Starting benchmark on mc2024_track1_062.pbo
Timeout for mc2024_track1_062.pbo
[226] Finished benchmark on mc2024_track1_062.pbo
[246] Starting benchmark on mc2024_track1_052.pbo
Timeout for mc2024_track1_052.pbo
[246] Finished benchmark on mc2024_track1_052.pbo
[264] Starting benchmark on mc2024_track1_008.pbo
[264] Finished benchmark on mc2024_track1_008.pbo
[266] Starting benchmark on mc2024_track1_160.pbo
Timeout for mc2024_track1_160.pbo
[266] Finished benchmark on mc2024_track1_160.pbo
[284] Starting benchmark on cnf_mo_prop_2_1768_2.cnf_0.00000000.sat.pbo
Timeout for cnf_mo_prop_2_1768_2.cnf_0.00000000.sat.pbo
[284] Finished benchmark on cnf_mo_prop_2_1768_2.cnf_0.00000000.sat.pbo
[6] Starting benchmark on flat100-4.pbo
[6] Finished benchmark on flat100-4.pbo
[11] Starting benchmark on mc2024_track1_175.pbo
[11] Finished benchmark on mc2024_track1_175.pbo
[12] Starting benchmark on mc2024_track1_148.pbo
Timeout for mc2024_track1_148.pbo
[12] Finished benchmark on mc2024_track1_148.pbo
[26] Starting benchmark on flat100-6.pbo
[26] Finished benchmark on flat100-6.pbo
[32] Starting benchmark on mc2024_track1_145.pbo
Timeout for mc2024_track1_145.pbo
[32] Finished benchmark on mc2024_track1_145.pbo
[42] Starting benchmark on mc2024_track1_182.pbo
Timeout for mc2024_track1_182.pbo
[42] Finished benchmark on mc2024_track1_182.pbo
[60] Starting benchmark on mc2024_track1_170.pbo
Timeout for mc2024_track1_170.pbo
[60] Finished benchmark on mc2024_track1_170.pbo
[70] Starting benchmark on mc2024_track1_135.pbo
[70] Finished benchmark on mc2024_track1_135.pbo
[79] Starting benchmark on flat100-9.pbo
[79] Finished benchmark on flat100-9.pbo
[80] Starting benchmark on sw100-8.pbo
Timeout for sw100-8.pbo
[80] Finished benchmark on sw100-8.pbo
[96] Starting benchmark on mc2024_track1_038.pbo
Timeout for mc2024_track1_038.pbo
[96] Finished benchmark on mc2024_track1_038.pbo
[110] Starting benchmark on sw100-13.pbo
Timeout for sw100-13.pbo
[110] Finished benchmark on sw100-13.pbo
[130] Starting benchmark on flat30-8.pbo
[130] Finished benchmark on flat30-8.pbo
[131] Starting benchmark on flat125-5.pbo
[131] Finished benchmark on flat125-5.pbo
[132] Starting benchmark on flat150-4.pbo
[132] Finished benchmark on flat150-4.pbo
[133] Starting benchmark on flat175-2.pbo
[133] Finished benchmark on flat175-2.pbo
[134] Starting benchmark on mc2024_track1_012.pbo
Timeout for mc2024_track1_012.pbo
[134] Finished benchmark on mc2024_track1_012.pbo
[149] Starting benchmark on cnf_cbpmas_prop_25_20875_2.cnf_0.00000000.sat.pbo
Timeout for cnf_cbpmas_prop_25_20875_2.cnf_0.00000000.sat.pbo
[149] Finished benchmark on cnf_cbpmas_prop_25_20875_2.cnf_0.00000000.sat.pbo
[166] Starting benchmark on flat100-2.pbo
[166] Finished benchmark on flat100-2.pbo
[167] Starting benchmark on mc2024_track1_039.pbo
Timeout for mc2024_track1_039.pbo
[167] Finished benchmark on mc2024_track1_039.pbo
[189] Starting benchmark on flat125-2.pbo
[189] Finished benchmark on flat125-2.pbo
[190] Starting benchmark on mc2024_track1_112.pbo
Timeout for mc2024_track1_112.pbo
[190] Finished benchmark on mc2024_track1_112.pbo
[204] Starting benchmark on mc2024_track1_154.pbo
Timeout for mc2024_track1_154.pbo
[204] Finished benchmark on mc2024_track1_154.pbo
[222] Starting benchmark on mc2024_track1_179.pbo
[222] Finished benchmark on mc2024_track1_179.pbo
[223] Starting benchmark on mc2024_track1_126.pbo
Timeout for mc2024_track1_126.pbo
[223] Finished benchmark on mc2024_track1_126.pbo
[242] Starting benchmark on cnf_cbpmas_prop_2_13116_2.cnf_9.98000000.sat.pbo
[242] Finished benchmark on cnf_cbpmas_prop_2_13116_2.cnf_9.98000000.sat.pbo
[243] Starting benchmark on mc2024_track1_014.pbo
Timeout for mc2024_track1_014.pbo
[243] Finished benchmark on mc2024_track1_014.pbo
[258] Starting benchmark on flat50-1.pbo
[258] Finished benchmark on flat50-1.pbo
[259] Starting benchmark on mc2024_track1_020.pbo
[259] Finished benchmark on mc2024_track1_020.pbo
[260] Starting benchmark on mc2024_track1_032.pbo
[260] Finished benchmark on mc2024_track1_032.pbo
[261] Starting benchmark on flat30-3.pbo
[261] Finished benchmark on flat30-3.pbo
[262] Starting benchmark on mc2024_track1_110.pbo
Timeout for mc2024_track1_110.pbo
[262] Finished benchmark on mc2024_track1_110.pbo
[277] Starting benchmark on flat125-1.pbo
[277] Finished benchmark on flat125-1.pbo
[278] Starting benchmark on mc2024_track1_054.pbo
[278] Finished benchmark on mc2024_track1_054.pbo
[279] Starting benchmark on flat200-2.pbo
[279] Finished benchmark on flat200-2.pbo
[280] Starting benchmark on mc2024_track1_072.pbo
[280] Finished benchmark on mc2024_track1_072.pbo
[282] Starting benchmark on mc2024_track1_025.pbo
Timeout for mc2024_track1_025.pbo
[282] Finished benchmark on mc2024_track1_025.pbo
[296] Starting benchmark on mc2024_track1_196.pbo
[296] Finished benchmark on mc2024_track1_196.pbo
[4] Starting benchmark on flat125-3.pbo
[4] Finished benchmark on flat125-3.pbo
[13] Starting benchmark on mc2024_track1_002.pbo
Timeout for mc2024_track1_002.pbo
[13] Finished benchmark on mc2024_track1_002.pbo
[27] Starting benchmark on mc2024_track1_180.pbo
[27] Finished benchmark on mc2024_track1_180.pbo
[30] Starting benchmark on mc2024_track1_157.pbo
Timeout for mc2024_track1_157.pbo
[30] Finished benchmark on mc2024_track1_157.pbo
[41] Starting benchmark on mc2024_track1_128.pbo
Timeout for mc2024_track1_128.pbo
[41] Finished benchmark on mc2024_track1_128.pbo
[59] Starting benchmark on mc2024_track1_057.pbo
Timeout for mc2024_track1_057.pbo
[59] Finished benchmark on mc2024_track1_057.pbo
[69] Starting benchmark on mc2024_track1_089.pbo
[69] Finished benchmark on mc2024_track1_089.pbo
[88] Starting benchmark on mc2024_track1_168.pbo
Timeout for mc2024_track1_168.pbo
[88] Finished benchmark on mc2024_track1_168.pbo
[103] Starting benchmark on mc2024_track1_121.pbo
[103] Finished benchmark on mc2024_track1_121.pbo
[104] Starting benchmark on mc2024_track1_087.pbo
[104] Finished benchmark on mc2024_track1_087.pbo
[106] Starting benchmark on mc2024_track1_049.pbo
Timeout for mc2024_track1_049.pbo
[106] Finished benchmark on mc2024_track1_049.pbo
[126] Starting benchmark on mc2024_track1_015.pbo
[126] Finished benchmark on mc2024_track1_015.pbo
[128] Starting benchmark on mc2024_track1_078.pbo
[128] Finished benchmark on mc2024_track1_078.pbo
[147] Starting benchmark on mc2024_track1_129.pbo
Timeout for mc2024_track1_129.pbo
[147] Finished benchmark on mc2024_track1_129.pbo
[162] Starting benchmark on flat75-5.pbo
[162] Finished benchmark on flat75-5.pbo
[163] Starting benchmark on mc2024_track1_069.pbo
Timeout for mc2024_track1_069.pbo
[163] Finished benchmark on mc2024_track1_069.pbo
[183] Starting benchmark on sw100-5.pbo
Timeout for sw100-5.pbo
[183] Finished benchmark on sw100-5.pbo
[197] Starting benchmark on sw100-1.pbo
Timeout for sw100-1.pbo
[197] Finished benchmark on sw100-1.pbo
[213] Starting benchmark on mc2024_track1_116.pbo
Timeout for mc2024_track1_116.pbo
[213] Finished benchmark on mc2024_track1_116.pbo
[228] Starting benchmark on mc2024_track1_067.pbo
Timeout for mc2024_track1_067.pbo
[228] Finished benchmark on mc2024_track1_067.pbo
[248] Starting benchmark on mc2024_track1_138.pbo
[248] Finished benchmark on mc2024_track1_138.pbo
[250] Starting benchmark on ais6.pbo
[250] Finished benchmark on ais6.pbo
[251] Starting benchmark on mc2024_track1_091.pbo
Timeout for mc2024_track1_091.pbo
[251] Finished benchmark on mc2024_track1_091.pbo
[268] Starting benchmark on mc2024_track1_162.pbo
Timeout for mc2024_track1_162.pbo
[268] Finished benchmark on mc2024_track1_162.pbo
[286] Starting benchmark on flat75-8.pbo
[286] Finished benchmark on flat75-8.pbo
[287] Starting benchmark on mc2024_track1_033.pbo
Timeout for mc2024_track1_033.pbo
[287] Finished benchmark on mc2024_track1_033.pbo
[7] Starting benchmark on mc2024_track1_092.pbo
Timeout for mc2024_track1_092.pbo
[7] Finished benchmark on mc2024_track1_092.pbo
[20] Starting benchmark on flat30-1.pbo
[20] Finished benchmark on flat30-1.pbo
[25] Starting benchmark on mc2024_track1_190.pbo
Timeout for mc2024_track1_190.pbo
[25] Finished benchmark on mc2024_track1_190.pbo
[40] Starting benchmark on mc2024_track1_027.pbo
[40] Finished benchmark on mc2024_track1_027.pbo
[43] Starting benchmark on flat100-10.pbo
[43] Finished benchmark on flat100-10.pbo
[47] Starting benchmark on flat100-3.pbo
[47] Finished benchmark on flat100-3.pbo
[49] Starting benchmark on flat200-5.pbo
[49] Finished benchmark on flat200-5.pbo
[51] Starting benchmark on mc2024_track1_034.pbo
Timeout for mc2024_track1_034.pbo
[51] Finished benchmark on mc2024_track1_034.pbo
[64] Starting benchmark on mc2024_track1_123.pbo
Timeout for mc2024_track1_123.pbo
[64] Finished benchmark on mc2024_track1_123.pbo
[75] Starting benchmark on flat75-7.pbo
[75] Finished benchmark on flat75-7.pbo
[76] Starting benchmark on cnf_cbpmas_prop_6_14201_2.cnf_8.90000000.sat.pbo
[76] Finished benchmark on cnf_cbpmas_prop_6_14201_2.cnf_8.90000000.sat.pbo
[82] Starting benchmark on cnf_cbpmas_prop_37_25392_2.cnf_0.16000000.sat.pbo
[82] Finished benchmark on cnf_cbpmas_prop_37_25392_2.cnf_0.16000000.sat.pbo
[85] Starting benchmark on mc2024_track1_111.pbo
Timeout for mc2024_track1_111.pbo
[85] Finished benchmark on mc2024_track1_111.pbo
[99] Starting benchmark on flat175-3.pbo
[99] Finished benchmark on flat175-3.pbo
[100] Starting benchmark on mc2024_track1_174.pbo
[100] Finished benchmark on mc2024_track1_174.pbo
[101] Starting benchmark on mc2024_track1_163.pbo
Timeout for mc2024_track1_163.pbo
[101] Finished benchmark on mc2024_track1_163.pbo
[119] Starting benchmark on mc2024_track1_169.pbo
Timeout for mc2024_track1_169.pbo
[119] Finished benchmark on mc2024_track1_169.pbo
[141] Starting benchmark on sw100-14.pbo
Timeout for sw100-14.pbo
[141] Finished benchmark on sw100-14.pbo
[154] Starting benchmark on flat50-8.pbo
[154] Finished benchmark on flat50-8.pbo
[155] Starting benchmark on flat75-2.pbo
[155] Finished benchmark on flat75-2.pbo
[156] Starting benchmark on flat175-1.pbo
[156] Finished benchmark on flat175-1.pbo
[157] Starting benchmark on mc2024_track1_055.pbo
[157] Finished benchmark on mc2024_track1_055.pbo
[159] Starting benchmark on mc2024_track1_178.pbo
Timeout for mc2024_track1_178.pbo
[159] Finished benchmark on mc2024_track1_178.pbo
[172] Starting benchmark on mc2024_track1_000.pbo
[172] Finished benchmark on mc2024_track1_000.pbo
[180] Starting benchmark on cnf_cbpmas_prop_24_20378_2.cnf_11.87000000.sat.pbo
[180] Finished benchmark on cnf_cbpmas_prop_24_20378_2.cnf_11.87000000.sat.pbo
[182] Starting benchmark on mc2024_track1_183.pbo
[182] Finished benchmark on mc2024_track1_183.pbo
[185] Starting benchmark on mc2024_track1_065.pbo
Timeout for mc2024_track1_065.pbo
[185] Finished benchmark on mc2024_track1_065.pbo
[199] Starting benchmark on mc2024_track1_161.pbo
Timeout for mc2024_track1_161.pbo
[199] Finished benchmark on mc2024_track1_161.pbo
[214] Starting benchmark on mc2024_track1_102.pbo
Timeout for mc2024_track1_102.pbo
[214] Finished benchmark on mc2024_track1_102.pbo
[229] Starting benchmark on mc2024_track1_134.pbo
Timeout for mc2024_track1_134.pbo
[229] Finished benchmark on mc2024_track1_134.pbo
[249] Starting benchmark on mc2024_track1_063.pbo
Timeout for mc2024_track1_063.pbo
[249] Finished benchmark on mc2024_track1_063.pbo
[267] Starting benchmark on mc2024_track1_022.pbo
Timeout for mc2024_track1_022.pbo
[267] Finished benchmark on mc2024_track1_022.pbo
[285] Starting benchmark on mc2024_track1_010.pbo
[285] Finished benchmark on mc2024_track1_010.pbo
[290] Starting benchmark on mc2024_track1_006.pbo
Timeout for mc2024_track1_006.pbo
[290] Finished benchmark on mc2024_track1_006.pbo
[8] Starting benchmark on mc2024_track1_064.pbo
Timeout for mc2024_track1_064.pbo
[8] Finished benchmark on mc2024_track1_064.pbo
[21] Starting benchmark on mc2024_track1_152.pbo
Timeout for mc2024_track1_152.pbo
[21] Finished benchmark on mc2024_track1_152.pbo
[38] Starting benchmark on mc2024_track1_040.pbo
Timeout for mc2024_track1_040.pbo
[38] Finished benchmark on mc2024_track1_040.pbo
[58] Starting benchmark on flat200-4.pbo
[58] Finished benchmark on flat200-4.pbo
[63] Starting benchmark on mc2024_track1_101.pbo
Timeout for mc2024_track1_101.pbo
[63] Finished benchmark on mc2024_track1_101.pbo
[74] Starting benchmark on mc2024_track1_197.pbo
Timeout for mc2024_track1_197.pbo
[74] Finished benchmark on mc2024_track1_197.pbo
[91] Starting benchmark on mc2024_track1_137.pbo
[91] Finished benchmark on mc2024_track1_137.pbo
[92] Starting benchmark on mc2024_track1_029.pbo
[92] Finished benchmark on mc2024_track1_029.pbo
[93] Starting benchmark on mc2024_track1_184.pbo
[93] Finished benchmark on mc2024_track1_184.pbo
[94] Starting benchmark on sw100-4.pbo
Timeout for sw100-4.pbo
[94] Finished benchmark on sw100-4.pbo
[108] Starting benchmark on mc2024_track1_013.pbo
[108] Finished benchmark on mc2024_track1_013.pbo
[117] Starting benchmark on mc2024_track1_045.pbo
Timeout for mc2024_track1_045.pbo
[117] Finished benchmark on mc2024_track1_045.pbo
[137] Starting benchmark on mc2024_track1_120.pbo
[137] Finished benchmark on mc2024_track1_120.pbo
[142] Starting benchmark on flat50-6.pbo
[142] Finished benchmark on flat50-6.pbo
[143] Starting benchmark on mc2024_track1_191.pbo
[143] Finished benchmark on mc2024_track1_191.pbo
[145] Starting benchmark on flat50-9.pbo
[145] Finished benchmark on flat50-9.pbo
[146] Starting benchmark on mc2024_track1_113.pbo
Timeout for mc2024_track1_113.pbo
[146] Finished benchmark on mc2024_track1_113.pbo
[161] Starting benchmark on mc2024_track1_142.pbo
Timeout for mc2024_track1_142.pbo
[161] Finished benchmark on mc2024_track1_142.pbo
[178] Starting benchmark on mc2024_track1_177.pbo
[178] Finished benchmark on mc2024_track1_177.pbo
[179] Starting benchmark on mc2024_track1_044.pbo
Timeout for mc2024_track1_044.pbo
[179] Finished benchmark on mc2024_track1_044.pbo
[196] Starting benchmark on cnf_mo_prop_8_12004_2.cnf_0.00000000.sat.pbo
Timeout for cnf_mo_prop_8_12004_2.cnf_0.00000000.sat.pbo
[196] Finished benchmark on cnf_mo_prop_8_12004_2.cnf_0.00000000.sat.pbo
[208] Starting benchmark on flat175-5.pbo
[208] Finished benchmark on flat175-5.pbo
[209] Starting benchmark on mc2024_track1_051.pbo
[209] Finished benchmark on mc2024_track1_051.pbo
[210] Starting benchmark on flat100-7.pbo
[210] Finished benchmark on flat100-7.pbo
[211] Starting benchmark on cnf_cbpmas_prop_28_22074_2.cnf_6.85000000.sat.pbo
[211] Finished benchmark on cnf_cbpmas_prop_28_22074_2.cnf_6.85000000.sat.pbo
[212] Starting benchmark on mc2024_track1_043.pbo
Timeout for mc2024_track1_043.pbo
[212] Finished benchmark on mc2024_track1_043.pbo
[227] Starting benchmark on mc2024_track1_106.pbo
Timeout for mc2024_track1_106.pbo
[227] Finished benchmark on mc2024_track1_106.pbo
[247] Starting benchmark on sw100-20.pbo
Timeout for sw100-20.pbo
[247] Finished benchmark on sw100-20.pbo
[265] Starting benchmark on mc2024_track1_105.pbo
[265] Finished benchmark on mc2024_track1_105.pbo
[270] Starting benchmark on sw100-11.pbo
Timeout for sw100-11.pbo
[270] Finished benchmark on sw100-11.pbo
[288] Starting benchmark on flat30-5.pbo
[288] Finished benchmark on flat30-5.pbo
[289] Starting benchmark on mc2024_track1_005.pbo
Timeout for mc2024_track1_005.pbo
[289] Finished benchmark on mc2024_track1_005.pbo
[5] Starting benchmark on mc2024_track1_083.pbo
Timeout for mc2024_track1_083.pbo
[5] Finished benchmark on mc2024_track1_083.pbo
[23] Starting benchmark on flat75-4.pbo
[23] Finished benchmark on flat75-4.pbo
[24] Starting benchmark on mc2024_track1_130.pbo
Timeout for mc2024_track1_130.pbo
[24] Finished benchmark on mc2024_track1_130.pbo
[39] Starting benchmark on mc2024_track1_079.pbo
[39] Finished benchmark on mc2024_track1_079.pbo
[50] Starting benchmark on mc2024_track1_159.pbo
Timeout for mc2024_track1_159.pbo
[50] Finished benchmark on mc2024_track1_159.pbo
[62] Starting benchmark on mc2024_track1_114.pbo
Timeout for mc2024_track1_114.pbo
[62] Finished benchmark on mc2024_track1_114.pbo
[73] Starting benchmark on cnf_cbpmas_prop_29_22553_2.cnf_13.05000000.sat.pbo
[73] Finished benchmark on cnf_cbpmas_prop_29_22553_2.cnf_13.05000000.sat.pbo
[78] Starting benchmark on mc2024_track1_107.pbo
Timeout for mc2024_track1_107.pbo
[78] Finished benchmark on mc2024_track1_107.pbo
[95] Starting benchmark on mc2024_track1_147.pbo
Timeout for mc2024_track1_147.pbo
[95] Finished benchmark on mc2024_track1_147.pbo
[109] Starting benchmark on mc2024_track1_084.pbo
[109] Finished benchmark on mc2024_track1_084.pbo
[118] Starting benchmark on sw100-7.pbo
Timeout for sw100-7.pbo
[118] Finished benchmark on sw100-7.pbo
[138] Starting benchmark on sw100-15.pbo
Timeout for sw100-15.pbo
[138] Finished benchmark on sw100-15.pbo
[152] Starting benchmark on mc2024_track1_185.pbo
Timeout for mc2024_track1_185.pbo
[152] Finished benchmark on mc2024_track1_185.pbo
[169] Starting benchmark on mc2024_track1_056.pbo
[169] Finished benchmark on mc2024_track1_056.pbo
[187] Starting benchmark on flat50-7.pbo
[187] Finished benchmark on flat50-7.pbo
[188] Starting benchmark on mc2024_track1_103.pbo
Timeout for mc2024_track1_103.pbo
[188] Finished benchmark on mc2024_track1_103.pbo
[202] Starting benchmark on mc2024_track1_058.pbo
Timeout for mc2024_track1_058.pbo
[202] Finished benchmark on mc2024_track1_058.pbo
[219] Starting benchmark on flat175-4.pbo
[219] Finished benchmark on flat175-4.pbo
[220] Starting benchmark on mc2024_track1_017.pbo
Timeout for mc2024_track1_017.pbo
[220] Finished benchmark on mc2024_track1_017.pbo
[234] Starting benchmark on flat75-6.pbo
[234] Finished benchmark on flat75-6.pbo
[235] Starting benchmark on mc2024_track1_151.pbo
Timeout for mc2024_track1_151.pbo
[235] Finished benchmark on mc2024_track1_151.pbo
[254] Starting benchmark on mc2024_track1_068.pbo
Timeout for mc2024_track1_068.pbo
[254] Finished benchmark on mc2024_track1_068.pbo
[271] Starting benchmark on mc2024_track1_019.pbo
Timeout for mc2024_track1_019.pbo
[271] Finished benchmark on mc2024_track1_019.pbo
[291] Starting benchmark on cnf_cbpmas_prop_5_13961_2.cnf_7.57000000.sat.pbo
[291] Finished benchmark on cnf_cbpmas_prop_5_13961_2.cnf_7.57000000.sat.pbo
[292] Starting benchmark on mc2024_track1_086.pbo
Timeout for mc2024_track1_086.pbo
[292] Finished benchmark on mc2024_track1_086.pbo
[236] Finished benchmark on mc2024_track1_031.pbo
[237] Starting benchmark on mc2024_track1_198.pbo
[237] Finished benchmark on mc2024_track1_198.pbo
[238] Starting benchmark on mc2024_track1_073.pbo
[238] Finished benchmark on mc2024_track1_073.pbo
[239] Starting benchmark on sw100-9.pbo
Timeout for sw100-9.pbo
[239] Finished benchmark on sw100-9.pbo
[255] Starting benchmark on sw100-17.pbo
Timeout for sw100-17.pbo
[255] Finished benchmark on sw100-17.pbo
[272] Starting benchmark on mc2024_track1_156.pbo
Timeout for mc2024_track1_156.pbo
[272] Finished benchmark on mc2024_track1_156.pbo
[293] Starting benchmark on mc2024_track1_143.pbo
Timeout for mc2024_track1_143.pbo
[293] Finished benchmark on mc2024_track1_143.pbo
[274] Finished benchmark on mc2024_track1_030.pbo
[275] Starting benchmark on mc2024_track1_004.pbo
[275] Finished benchmark on mc2024_track1_004.pbo
[276] Starting benchmark on mc2024_track1_100.pbo
Timeout for mc2024_track1_100.pbo
[276] Finished benchmark on mc2024_track1_100.pbo
[295] Starting benchmark on ais12.pbo
Timeout for ais12.pbo
[295] Finished benchmark on ais12.pbo
[10] Starting benchmark on mc2024_track1_173.pbo
[10] Finished benchmark on mc2024_track1_173.pbo
[14] Starting benchmark on ais10.pbo
Timeout for ais10.pbo
[14] Finished benchmark on ais10.pbo
[28] Starting benchmark on flat30-9.pbo
[28] Finished benchmark on flat30-9.pbo
[29] Starting benchmark on mc2024_track1_176.pbo
[29] Finished benchmark on mc2024_track1_176.pbo
[33] Starting benchmark on sw100-12.pbo
Timeout for sw100-12.pbo
[33] Finished benchmark on sw100-12.pbo
[44] Starting benchmark on mc2024_track1_046.pbo
Timeout for mc2024_track1_046.pbo
[44] Finished benchmark on mc2024_track1_046.pbo
[61] Starting benchmark on mc2024_track1_108.pbo
Timeout for mc2024_track1_108.pbo
[61] Finished benchmark on mc2024_track1_108.pbo
[72] Starting benchmark on mc2024_track1_088.pbo
Timeout for mc2024_track1_088.pbo
[72] Finished benchmark on mc2024_track1_088.pbo
[90] Starting benchmark on logistics.a.pbo
Timeout for logistics.a.pbo
[90] Finished benchmark on logistics.a.pbo
[107] Starting benchmark on mc2024_track1_061.pbo
Timeout for mc2024_track1_061.pbo
[107] Finished benchmark on mc2024_track1_061.pbo
[127] Starting benchmark on ais8.pbo
[127] Finished benchmark on ais8.pbo
[129] Starting benchmark on mc2024_track1_136.pbo
[129] Finished benchmark on mc2024_track1_136.pbo
[139] Starting benchmark on flat75-3.pbo
[139] Finished benchmark on flat75-3.pbo
[140] Starting benchmark on mc2024_track1_018.pbo
Timeout for mc2024_track1_018.pbo
[140] Finished benchmark on mc2024_track1_018.pbo
[153] Starting benchmark on mc2024_track1_158.pbo
Timeout for mc2024_track1_158.pbo
[153] Finished benchmark on mc2024_track1_158.pbo
[170] Starting benchmark on cnf_cbpmas_prop_20_19379_2.cnf_9.60000000.sat.pbo
[170] Finished benchmark on cnf_cbpmas_prop_20_19379_2.cnf_9.60000000.sat.pbo
[173] Starting benchmark on cnf_cbpmas_prop_27_21735_2.cnf_6.82000000.sat.pbo
[173] Finished benchmark on cnf_cbpmas_prop_27_21735_2.cnf_6.82000000.sat.pbo
[181] Starting benchmark on mc2024_track1_192.pbo
[181] Finished benchmark on mc2024_track1_192.pbo
[184] Starting benchmark on sw100-19.pbo
Timeout for sw100-19.pbo
[184] Finished benchmark on sw100-19.pbo
[198] Starting benchmark on mc2024_track1_144.pbo
[198] Finished benchmark on mc2024_track1_144.pbo
[200] Starting benchmark on mc2024_track1_166.pbo
Timeout for mc2024_track1_166.pbo
[200] Finished benchmark on mc2024_track1_166.pbo
[215] Starting benchmark on flat30-6.pbo
[215] Finished benchmark on flat30-6.pbo
[216] Starting benchmark on mc2024_track1_085.pbo
Timeout for mc2024_track1_085.pbo
[216] Finished benchmark on mc2024_track1_085.pbo
[230] Starting benchmark on mc2024_track1_150.pbo
Timeout for mc2024_track1_150.pbo
[230] Finished benchmark on mc2024_track1_150.pbo
[252] Starting benchmark on cnf_cbpmas_prop_22_19855_2.cnf_9.97000000.sat.pbo
[252] Finished benchmark on cnf_cbpmas_prop_22_19855_2.cnf_9.97000000.sat.pbo
[253] Starting benchmark on mc2024_track1_187.pbo
Timeout for mc2024_track1_187.pbo
[253] Finished benchmark on mc2024_track1_187.pbo
[269] Starting benchmark on mc2024_track1_195.pbo
[269] Finished benchmark on mc2024_track1_195.pbo
[273] Starting benchmark on mc2024_track1_060.pbo
Timeout for mc2024_track1_060.pbo
[273] Finished benchmark on mc2024_track1_060.pbo
[294] Starting benchmark on mc2024_track1_041.pbo
Timeout for mc2024_track1_041.pbo
[294] Finished benchmark on mc2024_track1_041.pbo
All benchmarks are completed.
